1619277711301940970 5386
1619277711341113089 5367
1619277711636468525 5469
1619277711681228222 3881
1619277711987031162 5464
1619277712046439031 4215
1619277712052671942 4160
1619277712348890442 6530
1619277712471140052 5497
1619277712558852212 6182
1619277713463749720 3620
1619277713663942737 7932
1619277713766248439 10413
1619277713772779768 4386
1619277714034902282 2711
1619277714861748139 7666
1619277715649108333 5913
1619277716042867403 8627
1619277716326265505 11096
1619277716588983570 8624
1619277716703375716 12404
1619277716953491848 8667
1619277717854369883 10888
1619277718641345806 4722
1619277718704794248 8983
1619277718727091766 9756
1619277719219993123 9468
1619277719335185303 5542
1619277719373499107 8105
1619277719419291403 8971
1619277719547412903 12325
1619277719909765249 7883
1619277719922348837 10385
1619277720014187843 11417
1619277720447413965 6425
1619277720854245698 6933
1619277721103670862 9571
1619277721415995919 10628
1619277721477108009 8787
1619277721995578001 10317
1619277722039481416 2921
1619277722425930208 18872
1619277722737001780 11080
1619277722970060215 6655
1619277723131850065 10984
1619277723201607552 8634
1619277723326647478 8865
1619277723450007136 11076
1619277723599567320 8933
1619277723672096715 8609
1619277724765108363 10405
1619277724877278223 7724
1619277724904921228 12616
1619277724933372129 8635
1619277725128268752 5519
1619277725575212939 2816
1619277725895332803 7371
1619277726160539689 8182
1619277726286787356 7275
1619277726430093118 8526
1619277726578214860 11667
1619277726713446842 8248
1619277726834461883 7610
1619277727095482441 3686
1619277727267055475 9946
1619277727489653923 77
1619277727571298252 8821
1619277727606295829 11494
1619277727694470607 8743
1619277727935956284 6163
1619277728032426621 5731
1619277728259688984 8536
1619277728330734708 7148
1619277728387256004 5841
1619277728583606040 1320
1619277728883877143 86
1619277729612530626 9063
1619277729679093201 5676
1619277729720212537 11630
1619277729923265773 8550
1619277730039203862 7128
1619277730182337001 7548
1619277730310001107 9116
1619277730657393791 3705
1619277730850094006 7877
1619277730940025930 7600
1619277731033800805 84
1619277731085618419 2805
1619277731289569329 5959
1619277731606460908 3515
1619277731882651498 8807
1619277731933705223 8375
1619277731947334115 11494
1619277732041009992 6789
1619277732140114425 6738
1619277732181954581 6288
1619277732276157317 4644
1619277732283222819 4995
1619277732292517398 7254
1619277732426962001 25863
1619277732632376084 3901
1619277733103750876 87
1619277733175926585 5586
1619277733330197573 3732
1619277733445073578 4075
1619277733484741452 3166
1619277733919125346 9805
1619277733970513493 7253
1619277734439160052 85
1619277734547702163 63
1619277734846961546 6337
1619277734968658031 9286
1619277734979645522 8874
1619277735044769308 2907
1619277735103611721 7977
1619277735157347917 6387
1619277735174121737 5925
1619277735264299081 4641
1619277735388775639 8584
1619277735478912890 5614
1619277735496996353 5623
1619277735578159010 7623
1619277735626193963 2264
1619277736122733505 18389
1619277736168746970 4448
1619277736206441381 8205
1619277736337603557 4069
1619277736482231699 87
1619277736552188143 11366
1619277736806903847 3872
1619277736876103510 10142
1619277737145453257 10679
1619277737285770068 4981
1619277737299538407 5291
1619277737507606498 10464
1619277737823822561 9010
1619277737843065512 7176
1619277738692205741 5694
1619277738727776457 3031
1619277739014375796 4677
1619277739159945202 228
1619277739176198678 7377
1619277739675397371 9271
1619277739690530857 5926
1619277739825762321 2336
1619277739838186038 3909
1619277739844298647 3999
1619277739870215448 5996
1619277739954547288 2725
1619277740005423422 7987
1619277740084030542 8770
1619277740936413295 7099
1619277741019798566 11427
1619277741255610841 7228
1619277741524338884 30449
1619277741623527367 9289
1619277741797870464 8482
1619277742029328051 3842
1619277742821362592 16936
1619277742860379458 5733
1619277742890905839 9504
1619277742973342685 8995
1619277743026154920 3296
1619277743150649997 3888
1619277743436585380 4501
1619277743619736815 13473
1619277743745752060 10407
1619277743892598968 8716
1619277744431455811 3619
1619277744463894717 9744
1619277744508308225 7520
1619277744695286695 8870
1619277744843490550 43
1619277745160671311 6919
1619277745224843058 5698
1619277745233048367 6182
1619277745276672076 8414
1619277745326759929 7291
1619277745423115337 89
1619277745932587004 6043
1619277746058707060 5724
1619277746086927078 6368
1619277746629620154 7123
1619277746733877160 4581
1619277746771897672 4383
1619277746893471983 10677
1619277747226695940 8310
1619277747254330579 11754
1619277747353795168 6017
1619277747656584260 9829
1619277747758810758 8580
1619277748524602833 11385
1619277748539010050 4509
1619277748785129992 10774
1619277748862773970 8287
1619277748883223988 7896
1619277750033236830 3195
1619277750199053911 7961
1619277750228876252 7054
1619277750867641417 6715
1619277751713494538 8153
1619277751824158213 29034
1619277751836766092 3853
1619277752266673984 7223
1619277752467542555 4519
1619277752597042655 2225
1619277752685763584 5960
1619277752712636202 7539
1619277752905103231 9010
1619277752949632839 4545
1619277753065038327 6432
1619277753126772676 5760
1619277753141319464 6915
1619277753443967016 3646
1619277753940167751 10394
1619277753996966168 7645
1619277754050138326 9872
1619277754197087212 10914
1619277754421256983 14484
1619277754446114295 4559
1619277754846908978 5136
1619277754984556736 3832
1619277755021731725 8052
1619277755044004852 7896
1619277755166433029 2806
1619277756115441982 9740
1619277756129449524 11841
1619277756594070339 5718
1619277756776588582 7067
1619277757247990144 4384
1619277757250131333 70
1619277757672041367 7997
1619277757811621467 8998
1619277758189167213 9387
1619277758393753063 13505
1619277758495747787 5857
1619277759578045969 6654
1619277759747742670 44
1619277760073672569 9140
1619277760628409611 50
1619277760652310761 3842
1619277760755672657 6009
1619277760862929585 87
1619277761059669088 3418
1619277761116056846 8988
1619277761275303750 7111
1619277761345262413 7342
1619277761358936437 268
1619277761738453767 6420
1619277761777085688 4907
1619277761883442095 8504
1619277762036234900 2095
1619277762094891698 8591
1619277762226622318 13553
1619277762632371115 9220
1619277762778221476 6970
1619277763035646614 7351
1619277763182705193 4053
1619277763290824981 51
1619277763321299702 9072
1619277763373588394 7992
1619277763488659325 7545
1619277763746134380 2921
1619277763806519504 10044
1619277764042185926 9290
1619277764262187938 8248
1619277764280295698 7847
1619277764289452516 7112
1619277764419676792 21019
1619277764847028133 5321
1619277765033694534 10477
1619277765150156534 47
1619277766220536374 5555
1619277766430514685 13435
1619277766470639130 10618
1619277766483790477 11123
1619277766808873414 10170
1619277767348009117 11685
1619277767440657599 6800
1619277767620989288 9787
1619277767788409764 11849
1619277767836465461 5050
1619277768079308339 7549
1619277768199599078 8772
1619277768212997393 87
1619277768490471653 6049
1619277768626503163 3053
1619277768946366676 2539
1619277769081825300 1490
1619277769478387370 7036
1619277769647164262 6153
1619277769688783954 5921
1619277769703064384 4960
1619277769777778606 4424
1619277769956812513 45
1619277769966991103 86
1619277770131721323 5222
1619277770465502582 6185
1619277770780937325 7098
1619277771039832023 4704
