1619272701705140321 1806
1619272701772808833 3102
1619272701815216808 492
1619272701860300786 89
1619272701911705392 513
1619272701953137715 1245
1619272701970979474 1321
1619272702266267757 1595
1619272702305536948 732
1619272702372924356 225
1619272702425783875 596
1619272702528916338 1319
1619272702581685629 1064
1619272702661378063 1089
1619272702902166031 1297
1619272702990700511 1231
1619272703001802839 914
1619272703098391070 1237
1619272703101303250 728
1619272703300237131 1820
1619272703303295006 980
1619272703381058330 3512
1619272703403514739 3343
1619272703436721567 3489
1619272703534538766 937
1619272703552975105 350
1619272703611230245 2264
1619272703650007872 3294
1619272703788505463 793
1619272703985618458 1547
1619272704117663390 1714
1619272704169105687 1258
1619272704213132140 971
1619272704259036282 53
1619272704286720172 1046
1619272704355545914 1291
1619272704403095414 758
1619272704439320210 1702
1619272704575922907 1168
1619272704751695384 1088
1619272704846782023 85
1619272704855911118 729
1619272705032129119 1033
1619272705042935475 2585
1619272705053252127 1455
1619272705087455185 2358
1619272705266940352 3502
1619272705331114555 67
1619272705358771050 2910
1619272705429586701 2329
1619272705601293545 51
1619272705666843051 1037
1619272705684786418 883
1619272705811323340 598
1619272705900517019 1174
1619272705952922121 1247
1619272705980225599 481
1619272705986763241 964
1619272706095501117 1883
1619272706165897796 547
1619272706173013247 1393
1619272706206615322 1480
1619272706222176908 1100
1619272706273309345 1474
1619272706304576419 1069
1619272706650265082 103
1619272706783486176 1461
1619272706805235333 414
1619272706821693123 1904
1619272706848615244 1300
1619272706879842636 458
1619272706912905725 1135
1619272706915588026 543
1619272707064225936 1390
1619272707084772876 342
1619272707101985673 1898
1619272707414163386 1506
1619272707426741303 1217
1619272707441996922 925
1619272707445062159 968
1619272707452598259 692
1619272707465973956 1603
1619272707501918223 1061
1619272707660599594 150
1619272707885164830 87
1619272707888983442 1730
1619272707966672790 1169
1619272707977725978 99
1619272708033192577 1380
1619272708042791701 1040
1619272708160574420 1309
1619272708207325464 720
1619272708265385812 880
1619272708307644062 729
1619272708373504338 1401
1619272708445201835 874
1619272708495629570 983
1619272708523672869 1427
1619272708551319039 2928
1619272708634626396 600
1619272708675621934 961
1619272708699501452 103
1619272708950619860 459
1619272709024337057 1001
1619272709163834448 2157
1619272709198679063 1467
1619272709303066176 991
1619272709311099757 3894
1619272709530134927 1320
1619272709639933723 228
1619272709760908683 381
1619272709831209048 58
1619272709900932708 3588
1619272710071209692 2734
1619272710104866000 2189
1619272710163090784 3466
1619272710193240033 3030
1619272710275408751 2956
1619272710461235508 3600
1619272710639891622 454
1619272710680347962 1834
1619272710742858251 504
1619272710849599964 388
1619272710915124997 387
1619272710921290884 522
1619272710945517944 814
1619272711001090072 3132
1619272711106061954 165
1619272711166196372 1574
1619272711187768182 1276
1619272711252393084 1268
1619272711283231418 439
1619272711296727968 860
1619272711311444179 2165
1619272711330682030 642
1619272711352321214 1608
1619272711367508499 1048
1619272711386212757 1527
1619272711469222976 498
1619272711488155308 1729
1619272711499559919 849
1619272711547918131 1279
1619272711625973711 97
1619272711647369217 1183
1619272711669356059 85
1619272711767982381 1390
1619272711976245740 901
1619272712058532205 521
1619272712308196452 1255
1619272712313053159 442
1619272712382971852 1093
1619272712394033417 1158
1619272712562492640 338
1619272712594349533 557
1619272712624276742 1218
1619272712640179061 1619
1619272712868201064 2868
1619272712887207735 3337
1619272713018999900 2918
1619272713190840509 3010
1619272713286606312 1683
1619272713398655774 699
1619272713401706744 919
1619272713472470519 1129
1619272713491477621 1243
1619272713546191807 1477
1619272713629528183 1671
1619272713703031683 46
1619272713709127199 70
1619272713895916557 2797
1619272713901526569 3497
1619272714059012934 2824
1619272714088860543 2520
1619272714103025224 749
1619272714126885862 439
1619272714413816903 2320
1619272714472998724 55
1619272714510527213 1126
1619272714531341373 662
1619272714539127810 811
1619272714696723245 374
1619272714740784268 1224
1619272714764004263 502
1619272714891079061 81
1619272715173341975 3308
1619272715270344009 3406
1619272715276056749 3616
1619272715404628135 3351
1619272715552147914 841
1619272715662500410 357
1619272715819623832 2613
1619272715893284271 95
1619272715913432039 97
1619272715975437294 1638
1619272715978812304 1273
1619272715981933742 1090
1619272715993785181 605
1619272716003179953 1075
1619272716130499692 893
1619272716196521251 1807
1619272716248070631 1107
1619272716264994001 990
1619272716313224939 1714
1619272716338391771 1565
1619272716369600206 2072
1619272716402249830 1655
1619272716475968960 569
1619272716581053416 1307
1619272716694832416 714
1619272716718578653 75
1619272716735877303 111
1619272716792446384 397
1619272716797863824 240
1619272716886391088 835
1619272716937737947 1434
1619272716939947139 87
1619272716967067544 1804
1619272717196920267 467
1619272717254953000 1040
1619272717258621001 1577
1619272717315254797 533
1619272717342398546 1222
1619272717366084099 1308
1619272717372302476 1304
1619272717409334457 647
1619272717450302476 1299
1619272717459490860 1679
1619272717855362813 210
1619272717907799123 83
1619272718000016107 54
1619272718278246900 3727
1619272718521347242 1261
1619272718625804443 2432
1619272718721641822 677
1619272718794507945 855
1619272718859821318 769
1619272719075754738 1903
1619272719186958462 1275
1619272719210095576 1417
1619272719240280611 2276
1619272719285202328 555
1619272719398460667 3162
1619272719444977885 4234
1619272719563994426 1305
1619272719705723786 770
1619272719910650905 2815
1619272719936499267 3481
1619272719952261265 2155
1619272720047637336 691
1619272720193968646 354
1619272720196931962 802
1619272720351367348 1186
1619272720457792244 3289
1619272720577076806 1333
1619272720598448456 3307
1619272720640803042 47
1619272720779469949 52
1619272720794408534 1406
1619272720835782752 1084
1619272720840264299 2376
1619272721228471437 1680
1619272721245685463 358
1619272721264099054 396
1619272721267569205 1373
1619272721368620678 556
1619272721441551588 964
1619272721608696389 2941
1619272721679616482 1082
1619272721683080682 1386
1619272721711327908 1606
1619272721811133531 4001
1619272721843925895 1017
1619272721928007483 3390
1619272721943020134 2703
1619272722027205044 2561
1619272722032681536 3425
1619272722141800047 85
1619272722153849366 1526
1619272722167861108 936
1619272722250021480 1159
1619272722259321540 101
1619272722605140413 86
1619272722777265567 1207
1619272722791346720 893
1619272722932127638 1027
1619272722980055421 757
1619272723041900598 945
1619272723085368843 1599
1619272723241352830 87
1619272723444290819 1522
1619272723447234052 863
1619272723517150711 2490
1619272723640478701 1299
1619272723687394296 499
1619272723690137421 607
1619272723721243590 1790
1619272723900766201 4383
1619272723933281048 1070
1619272723951780201 87
1619272723978141222 766
1619272723986230542 909
1619272724094761887 1376
1619272724201969816 1214
1619272724255673570 1290
1619272724296381734 1231
1619272724346564453 1439
1619272724427712831 493
1619272724450735751 443
1619272724634511366 98
1619272724755809074 1024
1619272725036849280 1266
1619272725039307146 324
1619272725048938945 1094
1619272725182872363 4253
1619272725240829969 1040
1619272725293660753 906
1619272725382227622 977
1619272725408843053 281
1619272725418116412 1374
1619272725539506137 2476
1619272725904242860 1247
1619272725909794506 93
1619272725956902654 4503
1619272725965123856 1517
1619272726042840776 1514
1619272726142221639 1848
1619272726227618160 83
1619272726250721633 1076
1619272726319002266 1827
1619272726327556753 2305
1619272726413010123 899
1619272726453504184 1071
1619272726512465148 1512
1619272726629950356 1444
1619272726665862921 132
1619272726713125531 886
1619272726716426059 1208
1619272726797486748 474
1619272726869785461 2239
1619272726908699415 913
1619272727009761347 3502
1619272727113844883 1561
1619272727150462929 4064
1619272727189404265 3056
1619272727194462084 784
1619272727206114124 2411
1619272727221353757 214
1619272727228640832 998
1619272727255977352 786
1619272727420655624 3168
1619272727467766219 2999
1619272727641261724 543
1619272727691124338 955
1619272727697443919 1362
1619272727840010266 716
1619272727857609415 302
1619272727876229171 534
1619272727927948297 48
1619272727934656697 93
1619272728343708724 328
1619272728366759052 674
1619272728434499276 986
1619272728478670020 452
1619272728493805303 699
1619272728502625943 729
1619272728535684309 1161
1619272728648865055 349
1619272728683194994 741
1619272728692922471 1912
1619272728719701868 2199
1619272728741860104 150
1619272728775079809 1386
1619272728796481349 1941
1619272728812655096 700
1619272728837507150 2400
1619272728892175055 406
1619272728949217764 1385
1619272729013948549 450
1619272729029044029 987
1619272729159181824 1423
1619272729263304764 1706
1619272729402546656 2733
1619272729434194228 2659
1619272729449167451 2368
1619272729511165914 1109
1619272729595071433 1268
1619272729602669877 43
1619272729827332023 564
1619272729833216679 916
1619272729904855509 1591
1619272729962254999 1017
1619272729976886831 339
1619272730135160630 87
1619272730240791554 1383
1619272730297304044 2408
1619272730548270585 1872
1619272730743675837 1517
1619272730811923644 744
1619272730845340787 1603
1619272730933351968 452
1619272730989223796 587
1619272731004803465 1056
1619272731007823346 973
1619272731031343227 1564
1619272731348914258 1060
1619272731413929243 1391
1619272731460728744 1685
1619272731643052663 1087
1619272731676157676 3179
1619272731753429072 448
1619272731839821442 2672
1619272731965518966 921
1619272731996210177 355
1619272732109080305 2142
1619272732143211789 1682
1619272732149594214 1526
1619272732284091435 4603
1619272732410959182 1292
1619272732428907084 225
1619272732797212012 1046
1619272732800489477 1209
1619272732877991199 1257
1619272732964269147 993
1619272733007632400 478
1619272733019062782 351
1619272733031234543 633
1619272733070207661 1409
1619272733111978413 153
1619272733182739953 927
1619272733250099930 2995
1619272733306538841 1133
1619272733341842969 1760
1619272733389289029 339
1619272733603634334 1541
1619272733643795120 462
1619272733830261474 1067
1619272733848435804 1336
1619272733857610897 593
1619272733951652347 502
1619272734014305257 1404
1619272734071555644 1504
1619272734275058334 1462
1619272734385753213 1135
1619272734396506547 1554
1619272734510234162 878
1619272734519344804 118
1619272734535028350 44
1619272734634401416 1902
1619272734873209809 3742
1619272734967561187 4557
1619272735041759936 3991
1619272735084967156 1185
1619272735114084470 87
1619272735130675800 81
1619272735184742003 202
1619272735253129834 1062
1619272735295354411 969
1619272735324546057 141
1619272735360190564 453
1619272735427747090 87
1619272735481031621 1183
1619272735520478026 1138
1619272735629510354 454
1619272735830543412 657
1619272735854663512 1486
1619272735917517979 959
1619272735924398268 1148
1619272735928267873 1687
1619272736026606489 1203
1619272736029697522 979
1619272736047347037 740
1619272736065699636 88
1619272736276986093 1511
1619272736404280249 1161
1619272736432633004 904
1619272736443823259 115
1619272736487895818 86
1619272736490031306 60
1619272736504533065 1764
1619272736551030135 1559
1619272736583745653 64
1619272736593998677 64
1619272736647612098 3464
1619272736652963403 3212
1619272736731084515 988
1619272736949070519 1229
1619272736979815824 5319
1619272737015957903 1169
1619272737082249016 1665
1619272737092664363 1630
1619272737138524946 717
1619272737173585600 969
1619272737184525146 1126
1619272737194451410 57
1619272737328833255 91
1619272737397370677 379
1619272737491668268 365
1619272737604485465 1748
1619272737700683506 511
1619272737706617276 545
1619272737765505520 1491
1619272737814890256 991
1619272737962138287 1253
1619272737965650089 1439
1619272738176824479 96
1619272738192634438 1174
1619272738241817448 821
1619272738281586592 1108
1619272738293073346 1160
1619272738351667816 1688
1619272738476171578 87
1619272738550595031 817
1619272738640291477 1630
1619272738647009732 1632
1619272738680017212 2482
1619272738699476862 820
1619272738812465797 89
1619272738823619831 835
1619272739061023156 1743
1619272739077018486 137
1619272739110913816 2864
1619272739132294253 976
1619272739243355101 1280
1619272739298553492 468
1619272739534551383 851
1619272739544520389 874
1619272739598090615 73
1619272739649335057 2505
1619272739983882224 210
1619272740102740009 257
1619272740197508909 1100
1619272740232642716 1364
1619272740234779531 80
1619272740246781426 408
1619272740284972968 1283
1619272740456487282 996
1619272740465262367 563
1619272740468062832 666
1619272740492550684 2921
1619272740645519202 238
1619272740765722577 506
1619272740810882305 820
1619272740842362899 865
1619272741062850526 1499
1619272741270076144 1154
1619272741282503823 1076
1619272741310448892 2133
1619272741565202051 1124
1619272741574703220 989
1619272741577797948 904
1619272741603650145 582
1619272741617458745 3121
1619272741671317137 813
1619272741763237231 6909
1619272741804559608 2350
1619272741834883481 1466
1619272741901339550 507
1619272742071337469 225
1619272742181071885 1218
1619272742230514926 594
1619272742257258248 87
1619272742296892688 87
1619272742410682130 87
1619272742500657461 734
1619272742744272179 1148
1619272742790288843 677
1619272742838912742 871
1619272743051337341 688
1619272743178326708 252
1619272743198363585 1258
1619272743250005588 1207
1619272743362271552 1831
1619272743489081102 1274
1619272743680018809 3144
1619272743764202190 3215
1619272743844104845 1132
1619272743950671804 1117
1619272743964185434 901
1619272744108164045 708
1619272744120154110 795
1619272744131190639 67
1619272744191290394 66
1619272744249666701 1200
1619272744251818504 87
1619272744302115678 470
1619272744322872265 1584
1619272744600068626 1147
1619272744662742681 1018
1619272744757240458 3155
1619272744822919464 87
1619272744852776606 88
1619272744860921991 1011
1619272744944652884 2435
1619272745089009633 963
1619272745123793613 1585
1619272745201737836 699
1619272745307516083 1771
1619272745359777090 1687
1619272745375237583 1368
1619272745386888397 50
1619272745474704144 1463
1619272745527703490 592
1619272745648020787 576
1619272745682319817 87
1619272745691124718 1347
1619272745705819420 785
1619272745785419357 1084
1619272745826198162 1163
1619272745939907557 2443
1619272746000594120 2907
1619272746121864206 3230
1619272746144266543 3385
1619272746225123588 2750
1619272746292939294 4572
1619272746320859684 4137
1619272746437707215 1244
1619272746465242131 1630
1619272746524660574 1162
1619272746568873945 1550
1619272746583753064 100
1619272746673592236 425
1619272746762821445 1528
1619272746837555771 89
1619272746968426887 418
1619272747049697605 2797
1619272747127517686 415
1619272747251655469 87
1619272747254487911 717
1619272747313379003 4305
1619272747432309047 3151
1619272747587352473 2322
1619272747597539181 2990
1619272747797251554 1115
1619272747997905817 7361
1619272748161064421 702
1619272748285348084 1175
1619272748398828828 258
1619272748467676706 982
1619272748521171377 1257
1619272748559674887 1670
1619272748602132606 539
1619272748646381316 709
1619272748788347232 1226
1619272748849999307 44
1619272749040622526 3296
1619272749153765211 3524
1619272749182611977 4092
1619272749214174511 1030
1619272749406373701 2246
1619272749415290513 92
1619272749427224257 661
1619272749470034383 2223
1619272749561438366 1390
1619272749574607623 882
1619272749611159504 1322
1619272749710497162 705
1619272750104869173 931
1619272750279743692 1295
1619272750314954479 3304
1619272750790918283 1279
1619272750827139340 3607
1619272750844160611 3541
1619272750939800242 855
1619272750982018176 717
1619272751070062890 1008
1619272751077552102 1263
1619272751084376386 543
1619272751121918224 82
1619272751216271464 1149
1619272751258791383 115
1619272751267431627 1936
1619272751279791682 94
1619272751284571602 285
1619272751329757603 3658
1619272751393103810 1204
1619272751501121639 99
1619272751513839678 90
1619272751545247073 1661
1619272752010470550 4072
1619272752122072843 392
1619272752163104033 5339
1619272752283372713 100
1619272752443575150 92
1619272752514622191 1621
1619272752593235215 1590
1619272752764150495 87
1619272752827910600 1564
1619272752833872032 1397
1619272752857674489 528
1619272752953324770 583
1619272753061487247 976
1619272753112886826 1659
1619272753231663524 2433
1619272753390529981 1621
1619272753411614618 468
1619272753436560354 375
1619272753483271493 1575
1619272753544007469 88
1619272753553886639 1145
1619272753723641053 1670
1619272753914263748 1280
1619272753922622894 794
1619272753935193409 1850
1619272754025957102 3706
1619272754050201499 67
1619272754092482720 88
1619272754211725423 1192
1619272754315054213 3231
1619272754361709241 833
1619272754421280980 3504
1619272754470529301 103
1619272754532231969 1273
1619272754650205812 936
1619272754694968132 1843
1619272754723461402 74
1619272754814186167 86
1619272754877325033 87
1619272754956579836 1356
1619272755040382380 1240
1619272755097708695 745
1619272755170177185 2423
1619272755311363671 1061
1619272755385695106 2377
1619272755455411473 75
1619272755518715847 1783
1619272755530682556 774
1619272755601075369 1716
1619272755630900072 1296
1619272755706251802 1336
1619272755798103431 101
1619272755801360433 1114
1619272755841984689 760
1619272755847826820 402
1619272755859421320 798
1619272755939342409 623
1619272755988195720 1092
1619272756001322291 635
1619272756035450730 1180
1619272756041080997 381
1619272756071413724 90
1619272756241183679 890
1619272756623708669 1606
1619272756656443013 1092
1619272756688569209 2386
1619272756971926139 398
1619272756982851363 1726
1619272757047904342 87
1619272757156474632 710
1619272757175696550 68
1619272757202982411 1318
1619272757393047657 88
1619272757408907091 1226
1619272757472200811 781
1619272757519311308 1924
1619272757632038608 1509
1619272757700001516 2522
1619272757761703628 737
1619272757813338947 2868
1619272757844699460 5142
1619272757938189267 1192
1619272758008256379 1549
1619272758146962963 2995
1619272758394420940 980
1619272758548943463 88
1619272758610102338 1013
1619272758715054697 1595
1619272758753487265 3666
1619272758850634553 949
1619272758921845436 608
1619272758960207501 1014
1619272758971393359 1774
1619272759015149079 197
1619272759023467605 871
1619272759064179629 3311
1619272759157974050 2927
1619272759319457689 1212
1619272759322117038 490
1619272759332031906 452
1619272759434204241 1406
1619272759436613131 335
1619272759452635948 314
1619272759543622127 1037
1619272759573697590 1854
1619272759644728349 2341
1619272759742426694 1123
1619272759754702771 3890
1619272759766293243 3914
1619272759841014236 2540
1619272760169281091 363
1619272760203401035 1326
1619272760220434761 3499
1619272760308778796 1085
1619272760366664148 982
1619272760417485809 60
1619272760638646759 441
1619272760693017770 444
1619272760820433142 1354
1619272760911337448 1099
1619272760924565036 87
1619272761073206473 2976
1619272761078084189 2787
1619272761248275282 1256
1619272761324553787 1380
1619272761351591068 760
1619272761391064917 1259
1619272761415390959 86
1619272761435408739 460
1619272761448247218 1480
1619272761519370421 356
1619272761570986305 3138
