1655952950812767311 293143
1655952951111069598 89020
1655952951337133681 18873
1655952951711922681 98218
1655952952215818843 291633
1655952952633088371 211844
1655952953114161344 200965
1655952953613790696 293586
1655952954112297978 288071
1655952954516196747 194223
1655952954913255406 180121
1655952955325633925 205406
1655952955715921545 182362
1655952956032969641 21730
1655952956438782039 127925
1655952957037041334 308803
1655952957611891788 276651
1655952958038157537 205845
1655952958611776733 287496
1655952959013520892 178263
1655952959419769799 105528
1655952959921694642 210718
1655952960323300181 184291
1655952960810983273 190783
1655952961432220777 407269
1655952962223039926 409512
1655952962715850847 281065
1655952963134189137 199015
1655952963813203734 385024
1655952964236165132 218161
1655952964637165731 126231
1655952965019482312 101313
1655952965616083616 381989
1655952966033095874 196460
1655952966433953612 105733
1655952966832759362 108531
1655952967230092552 104443
1655952967727139764 289131
1655952968212032296 191744
1655952968613778306 198573
1655952969213214310 396987
1655952969715228980 281213
1655952970211849561 281733
1655952970618909942 185706
1655952970930295538 99079
1655952971411425571 272391
1655952971729809137 112588
1655952972128181076 104937
1655952972523989294 106389
1655952972913234165 181025
1655952973327217313 209976
1655952973917795808 297359
1655952974636540133 222649
1655952975040619172 122528
1655952975815638433 489354
1655952976229893411 202899
1655952976737557682 226306
1655952977213057286 202171
1655952977514778292 99583
1655952978025714993 308446
1655952978533178634 210946
1655952978937481263 124199
1655952979424289954 195016
1655952979911908379 193626
1655952980329007326 209698
1655952980740091933 124872
1655952981133089194 117930
1655952981537221161 199085
1655952982025136865 203140
1655952982448420833 213614
1655952982914034867 203114
1655952983423363788 294153
1655952983836948885 211738
1655952984415693052 190425
1655952985118665297 496480
1655952985619966999 292058
1655952986038094317 127143
1655952986434047315 115753
1655952986920206930 193935
1655952987411964221 279811
1655952987732137927 106914
1655952988217176890 277713
1655952988640344757 212292
1655952989211783683 276593
1655952989634181102 194682
1655952990114596914 268584
1655952990522266423 201070
1655952991131375536 395153
1655952991535072666 198783
1655952992110891481 284649
1655952992532509517 205310
1655952992935027217 120889
1655952993424215000 203036
1655952993819481269 183276
1655952994226311038 198025
1655952994721159709 191675
1655952995113181811 96563
1655952995524193197 196565
1655952996124844631 286614
1655952996414686030 86430
1655952996834312838 115259
1655952997342825188 209628
1655952997839882090 223662
1655952998421944865 288975
1655952999113187002 399963
1655952999511411350 183172
1655953000034440511 308184
1655953000625162746 297985
1655953001115298998 282232
1655953001615161810 190885
1655953002125214212 301826
1655953002617290864 284083
1655953003018400481 193135
1655953003614135507 377461
1655953004612781551 184352
1655953005138954850 313773
1655953005534265120 121913
1655953006011817403 178585
1655953006415129663 193890
1655953006833139811 203904
1655953007312016931 198918
1655953007724182973 205048
1655953008117243613 89117
1655953008619950225 197739
1655953009021132504 187895
1655953009620209708 304610
1655953009841300371 13673
1655953010312289594 73640
1655953010910876909 291686
1655953011241169163 110954
1655953011713381077 180179
1655953012127197165 188539
1655953012611818848 271265
1655953013027165006 113929
1655953013539235717 226972
1655953014311131046 476951
1655953014816261478 274325
1655953015111052316 74872
1655953015412631891 87405
1655953015913407384 286933
1655953016431677894 198596
1655953017238161802 413011
1655953018110863355 472484
1655953018620960716 210749
1655953019029983135 117821
1655953019337983962 103432
1655953019945801245 316549
1655953020437922707 221674
1655953020910953901 192711
1655953021334813428 209527
1655953021911605460 200739
1655953022511881925 277388
1655953022932660165 218151
1655953023412892437 188368
1655953023716587845 84785
1655953024230150506 296996
1655953025235261279 700255
1655953025525214476 87778
1655953025827812591 98594
1655953026239706461 202496
1655953026639788291 124333
1655953027117020504 276388
1655953027539407561 219235
1655953027911950923 99479
1655953028311342093 198142
1655953028629748628 115188
1655953029031260918 104054
1655953029635355831 317226
1655953029939150228 98901
1655953030430190490 116968
1655953030915102163 201865
1655953031224580377 102514
1655953031716098471 196989
1655953032130176847 205018
1655953032537186968 197145
1655953032910877749 172631
1655953033321227997 184053
1655953033813309889 190081
1655953034329434070 286750
1655953034613303938 77727
1655953035027062766 12501
1655953035418459445 186202
1655953035911728097 274078
1655953036422796808 289568
1655953036830098757 192250
1655953037221268477 189003
1655953037438491601 15335
1655953037911024854 200179
1655953038427115575 313639
1655953038942270785 204848
1655953039523150299 301962
1655953039934847839 208556
1655953040327959799 111715
1655953040818168589 205222
1655953041115206309 88019
1655953041533633277 206446
1655953041935746632 197524
1655953042323221477 185395
1655953042835858428 297322
1655953043230048578 188047
1655953043630206547 191246
1655953044134188668 203985
1655953044618192722 206260
1655953044938150227 106961
1655953045616566051 394381
1655953046015310144 182576
1655953046431226151 213019
1655953046816703552 105825
1655953047413777506 391756
1655953047913171717 296209
1655953048339186994 211211
1655953048847294006 226069
1655953049330206969 208980
1655953049829849540 203644
1655953050315035173 279568
1655953050831231242 216096
1655953051322023926 99852
