234041233833424 4
234042234968788 6
234043236107383 8
234044237260722 7
234045238379510 9
234046239187234 6
234047239721718 8
234048240197166 7
234049241355262 9
234050242599205 7
234051243590109 10
234052244437693 7
234053245582728 8
234054246753990 8
234055247238070 7
234056248208582 8
234057249269629 8
234058250393499 8
234059251540665 8
234060252689065 6
234061253228563 8
234062254386259 7
234063255273350 9
234064256213632 7
234065257204540 8
234066258210220 8
234067259457615 6
234068260577269 8
234069261682796 9
234070262818336 7
234071263214651 8
234072264198830 8
234073265189106 7
234074266339001 6
234075267496913 7
234076268643973 8
234077269113152 6
234078270216681 7
234079271214090 8
234080272695650 8
234081273835659 9
234082274186077 8
234083275294775 9
234084276187061 8
234085277427596 8
234086278899313 8
234087280044107 9
234088280294750 9
234089281429808 7
234090282255857 6
234091283501760 9
234092284239280 8
234093285193763 9
234094286255824 6
234095287395817 8
234096288547016 8
234097289706816 7
234098290852464 8
234099292103634 6
234100293195245 10
234101294333471 6
234102295599711 8
234103296898807 8
234104298094666 7
234105299292273 7
234106300080206 6
234107301287097 7
234108302409753 8
234109303209270 9
234110304401161 8
234111305550211 7
234112306678898 9
234113307800559 9
234114308912410 6
234115310059747 8
234116311356270 8
234117312218957 8
234118313369038 7
234119314476901 10
234120315605418 8
234121316755890 9
234122317232283 8
234123318218426 9
234124319341050 8
234125320466298 7
234126321693985 8
234127322690439 8
234128323809326 8
234129325003392 9
234130326165601 7
