234851208200261 16
234852209344736 17
234853210477417 19
234854211683409 22
234855212502458 18
234856213189861 20
234857214190767 20
234858215411469 19
234859216859368 16
234860218185450 21
234861219492579 24
234862220747177 22
234863221899503 15
234864223056369 26
234865223919179 20
234866224509676 24
234867225673756 19
234868226825680 19
234869227987933 19
234870228927377 20
234871229197928 24
234872230387967 21
234873231244907 24
234874232404942 21
234875233628332 19
234876234191103 32
234877235413502 17
234878236556702 19
234879237705215 21
234880238835598 24
234881240161202 19
234882241321093 24
234883242209573 18
234884243282823 23
234885244208700 15
234886245186890 31
234887246190787 19
234888247332042 18
234889248213649 24
234890249190811 19
234891250224517 20
234892251236483 18
234893252445465 18
234894253651232 16
234895254773501 20
234896256064138 25
234897257195668 22
234898258274067 24
234899259450066 26
234900260248336 14
234901261212439 24
234902262191149 21
234903263317642 27
234904264505861 21
234905265208875 26
234906266258992 12
234907267296718 20
234908268198531 23
234909269214992 17
234910270345386 24
234911271240215 20
234912272530817 24
234913273685448 20
234914274221826 18
234915275207069 27
234916276374771 23
234917277503704 24
234918278652312 16
234919279785360 20
234920280935126 20
234921282195983 24
234922283315855 23
234923284906343 21
234924286055002 17
234925287360884 24
234926288502970 23
234927289269645 21
234928290447435 25
234929291583032 16
234930292786347 22
234931293923177 25
234932294216515 19
234933295415185 27
234934296547054 27
234935297745174 22
234936298230791 23
234937299188883 27
234938300421130 20
234939301277103 28
234940302430402 17
