1654863996813295384 0
1654864001818447762 0
1654864006823344049 0
1654864011828550430 0
1654864016833324878 0
1654864021838447362 0
1654864026841152742 11
1654864031846310731 84
1654864036851439491 88
1654864041856789546 93
1654864046861962815 96
1654864051866834204 95
1654864056871330826 92
1654864061876362835 102
1654864066881327753 82
1654864071886324310 91
1654864076891317642 93
1654864081896548260 88
1654864086901817615 86
1654864091907064003 92
1654864096912330232 95
1654864101917477686 88
1654864106922592282 92
1654864111927323329 89
