1654865438425358293 0
1654865443430554896 0
1654865448435729832 0
1654865453440899527 0
1654865458446124570 0
1654865463451291884 0
1654865468456486540 4
1654865473461377634 148
1654865478466378020 215
1654865483471525391 184
1654865488474405296 207
1654865493479376963 196
1654865498484697310 193
1654865503489382987 208
1654865508494415488 178
1654865513499392638 202
1654865518504369993 185
1654865523509384256 207
1654865528514394568 200
1654865533519392343 205
1654865538524378401 188
1654865543529513025 185
1654865548534660850 202
1654865553539814379 180
