1655953702623114310 0
1655953703624271902 0
1655953704625388410 0
1655953705626510073 0
1655953706627325544 0
1655953707628325520 0
1655953708629429585 0
1655953709630576385 0
1655953710631698522 0
1655953711632318031 0
1655953712633432344 0
1655953713634551424 0
1655953714635313897 0
1655953715636418997 0
1655953716637553327 0
1655953717638323588 0
1655953718639427651 0
1655953719640555847 0
1655953720641796268 0
1655953721643034509 0
1655953722644312984 0
1655953723645561407 0
1655953724646788885 0
1655953725648013777 0
1655953726649437291 0
1655953727650986704 0
1655953728652190620 0
1655953729653429590 0
1655953730654492946 0
1655953731655318825 0
1655953732656441282 0
1655953733657556892 0
1655953734658824547 0
1655953735659930446 1
1655953736661015631 56
1655953737661298918 74
1655953738662306315 80
1655953739663484947 70
1655953740664681860 80
1655953741665302607 76
1655953742666386811 78
1655953743667296406 71
1655953744668502145 79
1655953745669309138 74
1655953746670509934 77
1655953747671309121 74
1655953748672490313 80
1655953749673693158 75
1655953750674319087 74
1655953751675948167 76
1655953752677314738 75
1655953753678304080 78
1655953754679325108 78
1655953755680302003 73
1655953756681499876 76
1655953757682297834 79
1655953758683685243 75
1655953759684778541 76
1655953760686400617 74
1655953761687530299 79
1655953762688445226 75
1655953763689304016 76
1655953764691331562 74
1655953765693299675 80
1655953766694307823 75
1655953767696037536 75
1655953768697592861 74
1655953769698944247 76
1655953770699349627 74
1655953771700702922 80
1655953772701294769 75
1655953773702327236 75
1655953774703424651 74
1655953775704321399 77
1655953776705312835 78
1655953777706316975 74
1655953778707311750 75
1655953779708308910 76
1655953780709951627 78
1655953781710342530 74
1655953782711314203 78
1655953783712306763 74
1655953784713299830 78
1655953785714300034 75
1655953786715308261 77
1655953787716321103 74
1655953788717321526 78
1655953789718536965 75
1655953790719309877 71
1655953791720309765 80
1655953792721306163 76
1655953793722326537 77
1655953794723427521 71
1655953795724514062 80
1655953796725293143 75
1655953797726345099 79
1655953798727469831 70
1655953799728617794 80
1655953800729327450 73
1655953801730307283 75
1655953802731442288 76
1655953803732318430 80
1655953804733453587 74
1655953805734311175 76
1655953806735288083 76
1655953807736474419 74
1655953808737042659 78
1655953809737342136 77
1655953810738314376 76
1655953811739309360 74
1655953812740292495 79
1655953813741299372 75
1655953814742323025 74
1655953815743318646 76
1655953816744303627 80
1655953817745318220 77
1655953818746414199 73
1655953819747296611 77
1655953820747633788 77
1655953821748459828 78
1655953822749301327 74
1655953823750860976 75
1655953824752074269 77
1655953825753166574 77
1655953826754325983 71
1655953827755307933 79
1655953828756307352 77
1655953829757305281 78
1655953830758313356 70
1655953831759524026 79
1655953832760484649 77
1655953833761291143 72
1655953834762544881 76
