1656105891655274667 0
1656105892656594928 0
1656105893656795963 0
1656105894657924953 0
1656105895659053794 0
1656105896660472683 0
1656105897661582869 0
1656105898662753614 0
1656105899663921086 0
1656105900665054748 0
1656105901666184251 0
1656105902667457312 0
1656105903668407004 0
1656105904669396253 0
1656105905670539045 0
1656105906671661906 0
1656105907672788643 0
1656105908674094888 0
1656105909675219304 0
1656105910676348752 0
1656105911677575815 0
1656105912678385984 0
1656105913679635438 0
1656105914680752819 0
1656105915681876554 0
1656105916683054386 0
1656105917684285979 0
1656105918685434870 0
1656105919686387107 0
1656105920687539651 0
1656105921688661074 0
1656105922689382751 0
1656105923690791568 0
1656105924692041668 0
1656105925693267415 4
1656105926694518383 107
1656105927695781779 181
1656105928696926700 189
1656105929697381539 190
1656105930698379792 194
1656105931699379212 186
1656105932700543806 196
1656105933702294832 181
1656105934703479563 195
1656105935704646882 188
1656105936705771636 183
1656105937706948736 190
1656105938708375941 181
1656105939709575332 190
1656105940710743905 192
1656105941711488029 185
1656105942712378199 190
1656105943713400917 190
1656105944714899833 188
1656105945715390432 186
1656105946716391306 191
1656105947717375164 192
1656105948718411742 185
1656105949719375349 187
1656105950720377851 191
1656105951721595417 194
1656105952722383661 192
1656105953723668449 194
1656105954724534255 187
1656105955725372821 192
1656105956726383921 191
1656105957727743698 189
1656105958728425717 190
1656105959729370512 185
1656105960730444276 193
1656105961731390834 184
1656105962732488018 189
1656105963733387997 191
1656105964734386642 190
1656105965735558684 190
1656105966736372493 182
1656105967737405478 199
1656105968738417367 186
1656105969739390003 195
1656105970740373278 189
1656105971741392580 198
1656105972742394981 187
1656105973743391371 192
1656105974744400317 188
1656105975745430127 189
1656105976746760495 188
1656105977747558967 192
1656105978748416518 191
1656105979749378713 195
1656105980750580395 195
1656105981751387105 189
1656105982752408775 189
1656105983753401238 192
1656105984754390396 192
1656105985755400512 182
1656105986756397228 64
1656105987757257616 1
1656105988758518961 0
1656105989759518666 0
1656105990760689951 0
