1619299547484186190 4319
1619299547757608018 4153
1619299547833702833 3795
1619299547853073424 3808
1619299547979341834 3814
1619299548058082631 3918
1619299548114011035 5249
1619299548342517098 3666
1619299548390025189 4579
1619299548471320923 4385
1619299548724992966 3892
1619299548770340794 2957
1619299548862286314 3748
1619299548977593627 2532
1619299549015737795 5360
1619299549114477106 4184
1619299549520390198 2322
1619299549754832365 5724
1619299549813292137 3147
1619299549820081132 4692
1619299549897062931 2922
1619299550125432651 3831
1619299550144143903 4362
1619299550280381279 3445
1619299550323423060 3310
1619299550388969650 4984
1619299550514558304 4096
1619299550568494506 4359
1619299550702963076 5239
1619299550800988024 4234
1619299550965663790 4152
1619299551035006488 3957
1619299551058674234 3864
1619299551075532311 3580
1619299551163379837 4431
1619299551252624094 4236
1619299551454953787 4047
1619299551780294862 3510
1619299551805137958 3944
1619299552079357694 3510
1619299552407412402 5063
1619299552418866453 2843
1619299552521185776 3549
1619299552568697952 3907
1619299552661911130 3479
1619299552765038373 3842
1619299552957809910 3749
1619299553009409774 4276
1619299553085510311 3626
1619299553833334878 3622
1619299553889951965 3227
1619299553955709170 3549
1619299554034646647 3396
1619299554149326548 6476
1619299554306277880 4184
1619299554658251617 3929
1619299554767634699 3875
1619299554808441122 3354
1619299554964655069 2305
1619299555029339560 3500
1619299555136108587 4614
1619299555238240322 3624
1619299555270523486 4560
1619299555419801912 4003
1619299555438510849 4536
1619299555548748117 4334
1619299555554525249 3747
1619299555642935339 3533
1619299555698419339 3297
1619299555721556691 5826
1619299555763766522 3880
1619299555871665213 3262
1619299555901203045 7783
1619299555970962175 4309
1619299556095439200 4406
1619299556182295262 2733
1619299556282817765 3664
1619299556551898417 2508
1619299556583689548 3608
1619299556651168401 5075
1619299557406474624 4252
1619299557835945059 4387
1619299557925788178 4117
1619299557948915042 3421
1619299558236213395 3863
1619299558396135430 3190
1619299558453048171 3307
1619299558512531420 3980
1619299558577512452 4232
1619299558694474432 3862
1619299559084584262 3433
1619299559200260293 5883
1619299559260655965 6299
1619299559456091441 3667
1619299559475454026 6391
1619299559602258356 3390
1619299559718626477 4353
1619299559724920807 4235
1619299559803280925 6942
1619299559889211579 4498
1619299559915231148 5468
1619299559955677363 2559
1619299560029336478 6116
1619299560270879377 3881
1619299560367295274 3980
1619299560382247591 7143
1619299560424911544 2068
1619299560453968799 3878
1619299560553318685 3805
1619299560767721876 3496
1619299560992859369 3393
1619299561137640016 3704
1619299561160768899 2473
1619299561252788176 3982
1619299561416255440 2835
1619299561464872812 3987
1619299561482434127 3016
1619299561526936169 4417
1619299561579621468 4500
1619299561744727552 2507
1619299561804883715 3709
1619299561998655907 4021
1619299562140473931 3261
1619299562220561411 4242
1619299562377095280 3354
1619299562565235461 3297
1619299562645349468 3717
1619299562651247298 3823
1619299562707237600 3114
1619299562731362343 3893
1619299562983159275 5148
1619299563093701781 4027
1619299563190866887 4179
1619299563316905549 3471
1619299563338554039 5747
1619299563349650091 3742
1619299563466109460 3537
1619299563488916769 3284
1619299563828519033 3879
1619299564074918113 3652
1619299564170933506 3946
1619299564192660141 3295
1619299564518313950 3237
1619299564662601730 3554
1619299564691123739 3443
1619299564750572832 3775
1619299564980816715 3819
1619299565026122185 2722
1619299565232793093 5578
1619299565257240981 4723
1619299565280092745 3579
1619299565634870435 3977
1619299565797788774 4170
1619299565805784549 5957
1619299565846546013 3317
1619299565867840095 7237
1619299566111063077 3062
1619299566315665095 3846
1619299566345659953 3980
1619299566446216110 3423
1619299566505451651 2896
1619299566558088894 4054
1619299566735929519 3340
1619299566741581110 3533
1619299566756098439 3469
1619299566767562528 3741
1619299566873035144 6085
1619299566960663101 3064
1619299566997025800 5378
1619299567047511217 3344
1619299567214248104 3224
1619299567260726855 2797
1619299567293050118 3317
1619299567349518547 3768
1619299567557767188 3732
1619299567673847217 3573
1619299567867459649 3314
1619299568058822265 3238
1619299568126186493 3943
1619299568262786215 4004
1619299568500383140 3617
1619299568728635855 3262
1619299568739858086 3617
1619299568866512340 3135
1619299569118775806 3272
1619299569137415426 5140
1619299569171448397 3305
1619299569505216413 8038
1619299569538646010 3953
1619299569653436361 3631
1619299569820916003 2663
1619299569831386799 2955
1619299570219066643 5904
1619299570366205570 2858
1619299570407884200 4866
1619299570443450479 3529
1619299570520428577 3135
1619299570648916918 3576
1619299570673039821 4150
1619299570737803410 3131
1619299570751815725 6222
1619299570931187539 4010
1619299570950578187 3745
1619299571032773405 3780
1619299571169999405 3433
1619299571334953240 3374
1619299571551378584 2671
1619299571659591744 4303
1619299571743173625 4096
1619299571831496528 3382
1619299572091538362 3512
1619299572439246964 3253
1619299572464197406 5108
1619299572699079970 3693
1619299572877658908 3847
1619299572940524389 3836
1619299573020023642 3747
1619299573085511918 3884
1619299573404710811 2707
1619299573470178991 3340
1619299573650673063 2030
1619299573710191655 6367
1619299573785421715 3901
1619299573889616427 8116
1619299573931255063 3790
1619299574042389421 3846
1619299574194407343 5596
1619299574269486082 4097
1619299574375148763 3311
1619299574459253429 3422
1619299574544693572 3689
1619299574652707665 3507
1619299574682608421 4287
1619299574977221869 7134
1619299575132517086 3890
1619299575200739735 3980
1619299575226374515 6966
1619299575311485028 4283
1619299575487071869 3903
1619299575522508342 3675
1619299575590132192 3370
1619299575666715703 4711
1619299575696571671 4831
1619299575999311724 3099
1619299576113120412 4515
1619299576351370011 3790
1619299576527995611 3062
1619299576599392487 2730
1619299576616665207 3997
1619299576648531909 6823
1619299576773610533 2185
1619299576906981680 4660
1619299576960692216 3274
1619299577205796770 4477
1619299577626826298 3435
1619299577686936141 3208
1619299577972139290 4751
1619299578130985604 4050
1619299578147347539 5947
1619299578302885519 3829
1619299578341537669 4992
1619299578484471200 6861
1619299578506789807 3538
1619299578512564116 3676
1619299578578881896 3062
1619299578614931217 3741
1619299578667668657 3505
1619299578738641590 2969
1619299578942405915 6021
1619299578995300141 3597
1619299579706889178 3839
1619299579718087622 3724
1619299579992426725 3797
1619299580009502966 3421
1619299580061854588 3842
1619299580081757979 3546
1619299580144836305 2936
1619299580240950601 3458
1619299580376632211 2585
1619299580402606672 3311
1619299580557264825 3784
1619299580669203325 3768
1619299580682178233 4598
1619299580731183654 3870
1619299580750332296 5674
1619299580933165854 3146
1619299580986794652 3006
1619299581357967710 4214
1619299581417102571 3340
1619299581429590205 4329
1619299581448617107 4932
1619299581454439594 3702
1619299581524606494 3401
1619299581542929153 6152
1619299581928946940 3294
1619299581957357504 3268
1619299582104242256 3854
1619299582339604749 3375
1619299582411063159 4094
1619299582453344629 3645
1619299582490759849 4227
1619299582519469567 4269
1619299582555539486 3170
1619299582811281471 3737
1619299583255531678 3024
1619299583300935761 3230
1619299583325446571 4338
1619299583382959439 3466
1619299583405958589 4314
1619299583437462246 3307
1619299583592946351 3215
1619299583705775395 2819
1619299583821477552 5989
1619299583893839832 4509
1619299583996488184 5137
1619299584198297335 3566
1619299584264269331 3692
1619299584299439661 4020
1619299584632760319 3208
1619299584713605264 3977
1619299584735606772 3075
1619299584889820121 3676
1619299585099268713 2013
1619299585240592335 3451
1619299585606778961 3874
1619299585614488166 5664
1619299585637124419 4030
1619299585688654238 3704
1619299585804555205 3624
1619299585810301524 3714
1619299586006105541 3453
1619299586108178735 4360
1619299586248208841 3809
1619299586267466616 3099
1619299586433338895 4451
1619299586581519801 3201
1619299586597090350 2660
1619299586728074126 4947
1619299586750133058 2574
1619299586842294609 3207
1619299587136049188 3627
1619299587187964308 2957
1619299587359662518 2508
1619299587456240611 3867
1619299587619240578 3754
1619299587656678414 4379
1619299587802097355 8137
1619299587967926131 3703
1619299588009354038 3061
1619299588097766298 3877
1619299588326450379 3777
1619299588331844096 3293
1619299588394754268 3179
1619299588428663734 3298
1619299588433027532 2314
1619299588470723071 6634
1619299588799517051 3624
1619299589099579142 3979
1619299589117770613 4585
1619299589262145280 3798
1619299589402502950 3485
1619299589531604637 5567
1619299589554849527 3472
1619299589732954527 2423
1619299589793996696 3925
1619299589829133834 3350
1619299590013923996 4747
1619299590136007948 3809
1619299590240151898 3090
1619299590311455860 3412
1619299590623371255 4351
1619299590742118834 3891
1619299590823580752 3941
1619299591026861102 3387
1619299591044608693 3553
1619299591187273388 6518
1619299591238529893 2710
1619299591808583161 2849
1619299591974070190 2371
1619299592179350662 3629
1619299592693519259 3756
1619299592762091591 7839
1619299592797312913 4412
1619299592846525962 3794
1619299592860607370 5946
1619299592878282033 4600
1619299593032683165 3780
1619299593172793584 3112
1619299593545895862 4486
1619299593598500732 3228
1619299593861288999 4883
1619299594043502063 4469
1619299594136247726 3774
1619299594163913860 3533
1619299594338328489 3772
1619299594442917485 3844
1619299594561286935 3455
1619299594732541691 3849
1619299594841810459 2917
1619299595063565800 4213
1619299595245009682 5718
1619299595310447983 3788
1619299595377995729 6204
1619299595389397436 3483
1619299595515457811 6315
1619299595648468600 4104
1619299595719010872 4210
1619299596057511107 4474
1619299596168326487 4425
1619299596322212506 3223
1619299596432478378 3646
1619299596586828524 7165
1619299596845814713 3807
1619299596943389717 3925
1619299597404012932 3196
1619299597644865800 5840
1619299597688579375 3810
1619299597755971862 4504
1619299597942992194 3451
1619299598110160364 6657
1619299598149437536 3503
1619299598683466322 4422
1619299598689280623 3742
1619299598796921030 3746
1619299599001133787 2845
1619299599043525200 3707
1619299599050248570 4631
1619299599099392277 3650
1619299599151089736 3573
1619299599210870377 4004
1619299599283764188 3654
1619299599383712727 4234
1619299599397983579 3516
1619299599502763338 4861
1619299600160975507 3374
1619299600233990381 4369
1619299600241971672 5940
1619299600259546160 4876
1619299600276896496 3655
1619299600346151464 8065
1619299600352012665 3803
1619299600448148950 4277
1619299600460242343 4442
1619299600526264244 4178
1619299600568131927 4229
1619299600912647818 3584
1619299600950027751 3642
1619299601248870836 5298
1619299601563452126 4463
1619299601892801368 3837
1619299601997057921 3913
1619299602240725461 7445
1619299602299716036 3268
1619299602378871763 4074
1619299602546200885 4011
1619299602627813737 5457
1619299602673865239 3878
1619299602703114465 3414
1619299602737422823 3209
1619299602997402275 3154
1619299603045738622 3699
1619299603295704832 2966
1619299603542810482 3582
1619299603643028778 3530
1619299603739503779 4601
1619299603839015472 6043
1619299603860763589 3695
1619299604009416852 3502
1619299604021354714 9743
1619299604065784065 2779
1619299604100131698 3839
1619299604105847015 3585
1619299604232449998 3842
1619299604416075827 3160
1619299604528768418 4068
1619299604575036101 3496
1619299604805007587 4011
1619299604837992112 4238
1619299605240069961 3416
1619299605246495486 4361
1619299605304093298 3324
1619299605326195910 3208
1619299605432581279 2959
1619299605479503860 2669
1619299605736169298 3465
1619299605893103238 2551
1619299605988156863 2266
1619299606020723957 3652
1619299606091518302 3759
1619299606119495231 3443
1619299606207349856 3959
1619299606243073249 3532
1619299606334206656 2186
1619299606588054062 3707
1619299606654997082 4215
1619299606918145621 3846
1619299606977659738 2990
1619299607025244141 2341
1619299607250165736 3911
