1619300540008718533 5523
1619300540551126249 2035
1619300540605712612 3604
1619300540625505468 4662
1619300540672147581 3446
1619300540802963060 4846
1619300540878053952 3870
1619300541023368993 4040
1619300541065418088 3508
1619300541122141607 3844
1619300541246400644 4058
1619300541264688675 3439
1619300541326897403 5607
1619300541564828944 3398
1619300541619205807 3601
1619300541625165415 3821
1619300541704096963 3897
1619300541776647403 4173
1619300541842692679 3621
1619300542036571993 3349
1619300542049279907 4047
1619300542361272696 3323
1619300542467995674 4797
1619300542478643507 2751
1619300542495837271 4174
1619300542655346434 3439
1619300543383768378 4043
1619300543528423146 3766
1619300543625302599 3023
1619300543809537307 3489
1619300543834932923 4885
1619300544011511555 2967
1619300544277910990 3655
1619300544372451352 3858
1619300544550290478 4131
1619300544670454614 4086
1619300544689465501 3626
1619300544799956778 5520
1619300544872344401 4081
1619300545066324404 3789
1619300545188670334 3250
1619300545310829301 3093
1619300545384850787 3546
1619300545456699839 4886
1619300545505227249 3266
1619300545598378322 3198
1619300545660334056 3392
1619300545723762799 3432
1619300545742781044 2429
1619300545905346210 3194
1619300546086496219 5372
1619300546330545950 5204
1619300546592989958 4118
1619300546615605654 3744
1619300546639393086 4042
1619300546734073164 3608
1619300546746350562 4091
1619300546761521701 4324
1619300546807681971 4026
1619300546984745531 3200
1619300547221825947 4504
1619300547228882883 5013
1619300547257099169 3113
1619300547265838198 6565
1619300547294169266 3723
1619300547474434082 3960
1619300547520058555 3780
1619300547539573206 3892
1619300547834801423 4085
1619300547872606222 3321
1619300547947452440 4386
1619300548146527327 3760
1619300548194927241 3239
1619300548232004655 3723
1619300548335485526 3260
1619300548388533839 6878
1619300548478822997 3818
1619300548665722683 3202
1619300548795370608 6808
1619300548871456187 3840
1619300548918477838 3286
1619300549727132108 3315
1619300549845898722 3535
1619300549964239978 2813
1619300550123076981 3397
1619300550519135777 3913
1619300550812325331 3565
1619300551084815052 3601
1619300551152379710 3186
1619300551223870344 3649
1619300551360623174 2653
1619300551481733528 3989
1619300551590401178 3887
1619300551653053224 3838
1619300551707587981 3634
1619300551807731622 3146
1619300551957332674 6605
1619300552105080858 3167
1619300552169778496 4105
1619300552230976802 3036
1619300552236222001 3142
1619300552241529583 3259
1619300552420700712 2845
1619300552488426454 4029
1619300552514535805 3810
1619300552582679390 6041
1619300552622208778 3067
1619300552662447894 3318
1619300552754132005 3740
1619300553181700593 3780
1619300553334878739 3477
1619300553412872021 2548
1619300553492403674 5901
1619300553543163831 4314
1619300553656556935 4172
1619300554079064832 3130
1619300554109666109 6178
1619300554132685314 3739
1619300554138349884 3542
1619300554161179649 3938
1619300554422506109 3227
1619300554543337340 3869
1619300554660458568 3620
1619300554685517294 3519
1619300555015154804 3049
1619300555077031001 3683
1619300555184461823 3804
1619300555212712505 3126
1619300555319818275 4137
1619300555611747654 3854
1619300555671525034 3610
1619300555731055168 3157
1619300555957690756 3951
1619300556430715504 3348
1619300556619568794 3411
1619300556631543284 3851
1619300556781572009 3694
1619300556835214664 3352
1619300556924581361 3516
1619300556984381151 4056
1619300557092914844 3709
1619300557464785088 3404
1619300557578364349 3129
1619300557629503019 4006
1619300557652163870 2476
1619300557885621105 2887
1619300557952856215 3869
1619300557972359840 3677
1619300558011144018 3097
1619300558229197137 4540
1619300558726415964 4066
1619300558732017399 3502
1619300558750364492 5416
1619300558772917903 3790
1619300558890850441 4410
1619300558995272541 6129
1619300559361404897 3993
1619300559488564583 3184
1619300559545903551 4710
1619300559567347043 6902
1619300559741530041 3943
1619300559798894399 3283
1619300559999236482 3612
1619300560038527074 3750
1619300560158683574 2814
1619300560430523867 3379
1619300560466707387 4328
1619300560724395099 5307
1619300560837929728 3604
1619300561101009231 3945
1619300561134899959 3899
1619300561387817567 3951
1619300561399274314 3599
1619300561452653850 4112
1619300561544281626 5663
1619300561708446606 3439
1619300561952848605 4256
1619300561981149145 3856
1619300562145868094 3258
1619300562295361562 3530
1619300562354392547 3542
1619300562487766810 4502
1619300562550483687 3970
1619300562619305642 4049
1619300562693083442 3305
1619300562794855060 3949
1619300562866536807 4602
1619300562957492770 3553
1619300562975808483 4107
1619300563083296117 3594
1619300563194393272 3666
1619300563377227231 3196
1619300563491794408 4773
1619300563544912060 3311
1619300563614666034 3720
1619300563619432945 2673
1619300563694615145 3498
1619300563729638355 3808
1619300564144495315 3598
1619300564220606773 4073
1619300564391746028 3211
1619300564533958373 2956
1619300564661035120 3364
1619300564708928974 5145
1619300564725480379 4033
1619300564795397299 3127
1619300565035177279 3846
1619300565099415897 4918
1619300565477491392 3923
1619300565934113587 3421
1619300565988867966 3037
1619300566024720052 4459
1619300566296213377 3571
1619300566664408435 3777
1619300566748598641 2917
1619300566825012674 4146
1619300566922308314 5167
1619300567186310879 3730
1619300567312280734 4200
1619300567434042825 2772
1619300567513450125 3534
1619300567535717765 3047
1619300567556446314 4819
1619300567627418969 4341
1619300567863665151 4588
1619300568384995987 4007
1619300568450263975 3856
1619300568477129960 7910
1619300568488561098 3288
1619300568540337406 3859
1619300568760733772 3876
1619300568773853766 3902
1619300568792638701 3967
1619300569106201149 3584
1619300569112317468 3968
1619300569201198559 5539
1619300569273989925 4455
1619300569366062638 4504
1619300569431727794 3517
1619300569765279725 3402
1619300569792365135 4003
1619300569894761653 3739
1619300570118804245 8957
1619300570174927847 6666
1619300570266851036 2420
1619300570467121009 3729
1619300570641231074 4194
1619300570978138462 3702
1619300570999674644 2987
1619300571030941704 6256
1619300571118400861 3320
1619300571230071003 3945
1619300571309686919 4627
1619300571350488646 3899
1619300571462046826 3241
1619300571545972233 3142
1619300571623252751 5740
1619300571676537342 3736
1619300571837018196 3518
1619300572042376996 3305
1619300572922110890 3663
1619300573015800333 3272
1619300573093473559 3797
1619300573138663660 3726
1619300573277735090 3805
1619300573309387382 3369
1619300573533099319 4065
1619300573856929315 3326
1619300573942020655 2145
1619300573970676602 3708
1619300574000792442 3826
1619300574056857841 3424
1619300574155771929 3463
1619300574385451704 3429
1619300574411671632 2940
1619300574732945237 2790
1619300574822221932 3919
1619300575134569007 3167
1619300575157661740 3607
1619300575348097770 8183
1619300575454063240 2756
1619300575522297518 7464
1619300575538859304 2914
1619300575735515768 3613
1619300575811926190 3189
1619300576139987406 3968
1619300576211098162 3441
1619300576233260822 4247
1619300576244735477 3553
1619300576546749503 3767
1619300576587031645 3430
1619300576619336181 3108
1619300576743381550 3514
1619300576797885405 3282
1619300576991848155 3375
1619300577089898326 2802
1619300577193664544 3857
1619300577217038102 3104
1619300577289549971 3820
1619300577557829242 4825
1619300577576839201 4734
1619300577735586919 4314
1619300577790694646 2803
1619300577795646386 2909
1619300577944201972 3125
1619300577949756179 3490
1619300578054206795 4899
1619300578307159803 4915
1619300578342326481 7216
1619300578360233325 4212
1619300578500337326 2253
1619300578599532227 3356
1619300578630261280 4846
1619300578816340747 3803
1619300579020869323 3694
1619300579203550103 5307
1619300579590989362 3495
1619300579608918826 3848
1619300580103721540 2976
1619300580173045955 3340
1619300580663477698 3044
1619300580767683213 3362
1619300580793137303 4706
1619300580828694805 3749
1619300580849987594 3563
1619300580892229075 3885
1619300580969393034 3848
1619300581011321636 3836
1619300581028075576 4235
1619300581118720712 3144
1619300581225516119 3623
1619300581450877203 3985
1619300581582073669 3724
1619300581627863959 3171
1619300581641616224 3070
1619300581765911503 3272
1619300581984153626 2373
1619300582018073267 3413
1619300582043946687 6051
1619300582084506601 3317
1619300582091932817 5368
1619300582256228231 5868
1619300582309254402 6280
1619300582368181531 7705
1619300582535402218 2779
1619300582726225242 3273
1619300582903823155 3494
1619300582920465139 3657
1619300583042394358 4891
1619300583112761612 3321
1619300583245246903 4435
1619300583364238498 4672
1619300583575148335 4323
1619300583602074566 7047
1619300583756045634 4590
1619300583782692818 6189
1619300583805296127 3479
1619300583888221003 3498
1619300583987196933 6347
1619300584270025516 3403
1619300584421252105 3140
1619300584445256373 3288
1619300584518373435 2684
1619300584821694430 3344
1619300584956634549 2938
1619300584962124939 3359
1619300585154860606 3990
1619300585621639191 2435
1619300585627323120 3584
1619300585693182055 2369
1619300585698656808 3335
1619300585884403683 4122
1619300585890177952 3734
1619300586046166857 3366
1619300586141320588 4992
1619300586146538427 3142
1619300586171975284 3221
1619300586195218402 2796
1619300586327564363 6564
1619300586444939395 3354
1619300586612685057 4248
1619300586868014893 4387
1619300586873796044 3655
1619300586939173704 4502
1619300586952523011 3334
1619300587022063273 2650
1619300587069775356 3717
1619300587166738772 3595
1619300587214216355 3372
1619300587586190883 3253
1619300587829248851 3898
1619300587983466822 5124
1619300588001512619 4231
1619300588056012126 3962
1619300588230246042 3805
1619300588373357605 3333
1619300588493987128 3962
1619300588573039294 2776
1619300588727641429 3644
1619300588821196862 3602
1619300588841006537 6021
1619300588870282278 3342
1619300588894789586 3054
1619300588906713765 3994
1619300589048687427 5686
1619300589132943596 3963
1619300589285583020 3703
1619300589305037452 4039
1619300589311289309 4209
1619300589386879594 3800
1619300589573959350 3734
1619300589669056960 3241
1619300589742955993 3633
1619300589749111286 4054
1619300589792492540 3480
1619300589802894231 3002
1619300589852754386 2774
1619300590112279648 3777
1619300590167967547 2979
1619300590321418065 6736
1619300590452656503 3224
1619300590496943699 3208
1619300590856349024 5325
1619300590991395451 4630
1619300591132136015 3764
1619300591215262496 3693
1619300591270259469 3991
1619300591345931027 2934
1619300591503636363 3623
1619300591712428960 3065
1619300591727638646 7095
1619300591959258858 3887
1619300591989639235 3967
1619300592044723563 4014
1619300592081383852 3605
1619300592129653661 3434
1619300592182346209 4122
1619300592229732104 3576
1619300592258660520 3407
1619300592308135634 3807
1619300592460999406 2663
1619300592638829869 2042
1619300592732892176 4289
1619300593250529377 3969
1619300593299342115 4116
1619300593376446205 3765
1619300593713414776 3072
1619300593750386369 6057
1619300593937648127 4034
1619300593955545087 3615
1619300594266598693 4238
1619300594433052017 2308
1619300594553637359 3650
1619300594788785397 7856
1619300595068787663 3859
1619300595106328108 3836
1619300595465176292 3292
1619300595623840690 4870
1619300595907189026 6499
1619300595949572459 3487
1619300596121498851 4130
1619300596260541906 3725
1619300596551617660 3414
1619300596668642327 3593
1619300596703939815 3757
1619300596834053610 3875
1619300597074124414 3836
1619300597213291968 6037
1619300597237459366 4753
1619300597421726672 3988
1619300597511272538 3454
1619300597797471541 3105
1619300597844540620 3140
1619300597866228820 5273
1619300598047060203 2742
1619300598051901583 2696
1619300598090358672 4990
1619300598197064100 3388
1619300598214671024 4240
1619300598300868642 3818
1619300598495917697 3472
1619300598902143973 3177
1619300598977205545 3748
1619300599131202312 4040
1619300599155082811 3500
1619300599355202496 3593
1619300599422965862 3847
1619300599450654403 4186
1619300599652397619 4475
1619300599822684688 3061
1619300599944621216 5179
