1619301349720778724 5345
1619301349903562273 4182
1619301350389783778 4239
1619301350709714201 5445
1619301350738764465 5461
1619301351097519625 6192
1619301351199841414 5019
1619301351500163092 5450
1619301351515791170 6620
1619301351594155363 5339
1619301352093367698 6087
1619301352212057437 5297
1619301352613427514 3490
1619301352678965412 5442
1619301353036335287 6908
1619301353227361666 4944
1619301353472332211 35240
1619301353590706791 5045
1619301353884506225 4533
1619301353893417527 6778
1619301354070577718 21079
1619301354102037800 6654
1619301354117559089 7700
1619301354229975041 6478
1619301354368598734 31094
1619301354375849511 5091
1619301354440362520 5235
1619301354575097575 22477
1619301354584529359 7287
1619301354728177404 5117
1619301354970678033 11053
1619301354977923941 5212
1619301355045448539 4174
1619301355170825541 23344
1619301355283957561 4467
1619301355315076540 4541
1619301355504832206 7415
1619301355775325723 5748
1619301355942176841 5364
1619301356237063536 4435
1619301356271041592 12113
1619301356321094603 3963
1619301356338232946 4772
1619301356509300295 4950
1619301356567576707 15628
1619301356724790046 3686
1619301356737166893 3904
1619301357291812481 6833
1619301357346114019 8080
1619301357412757933 5898
1619301357650299295 3786
1619301357715425229 3750
1619301357844059085 6619
1619301357915181420 4391
1619301358036115443 6509
1619301358148741267 5353
1619301358749623311 3640
1619301358872672558 9347
1619301358943403049 3107
1619301359018313813 4618
1619301359035896247 4016
1619301359157368596 5380
1619301359184408360 4501
1619301359279463724 4177
1619301359352121880 4019
1619301359379639504 4607
1619301359393927480 5439
1619301359409805439 6397
1619301359617106086 3458
1619301359951756492 8196
1619301359996223822 4457
1619301360523804504 5813
1619301360576597573 5554
1619301360673339274 4310
1619301360719722042 7360
1619301360847652936 5819
1619301360886510260 3551
1619301360995144788 4226
1619301361132718409 5198
1619301361456341414 5463
1619301361868193535 14369
1619301361915221888 3576
1619301361946459507 5198
1619301362095743475 6300
1619301362167891974 20717
1619301362219755172 3929
1619301362373936459 6922
1619301362731429171 4179
1619301362824970163 4239
1619301363001793933 4561
1619301363030769199 3871
1619301363394612650 3195
1619301364073871444 4364
1619301364320264349 5419
1619301364401241745 9268
1619301364470121199 6528
1619301364506106201 7027
1619301364741716220 4053
1619301365056972470 4984
1619301365120021848 5599
1619301365315801330 3599
1619301365322026761 4156
1619301365579947793 3422
1619301365783203425 5264
1619301365870603332 9861
1619301366033923877 5264
1619301366098103762 7834
1619301366104327464 4189
1619301366242793379 5635
1619301366272171404 4918
1619301366368239536 19402
1619301366402675152 5526
1619301366410833141 6095
1619301366450194044 4752
1619301366531855644 4672
1619301366625279958 3435
1619301366666182506 4785
1619301366814259924 3941
1619301367011742924 5942
1619301367041696277 5643
1619301367131503138 4200
1619301367203842117 4858
1619301367332789771 3376
1619301367616284787 5214
1619301367665182796 4728
1619301367778052995 6491
1619301368048081669 4568
1619301368268277457 18491
1619301368623994202 3423
1619301368915812750 4132
1619301369152790166 5359
1619301369278532822 5143
1619301369423598552 4863
1619301369491192246 5242
1619301370320517325 4921
1619301370889372496 4067
1619301371010693073 3968
1619301371219020431 6925
1619301371563119000 4461
1619301371577985295 2820
1619301372201668513 4546
1619301372292841730 4792
1619301372328501671 3917
1619301372458482043 9433
1619301372471668979 4639
1619301372525355715 9438
1619301372762298134 4677
1619301372946734980 3750
1619301373050962606 3883
1619301373246666427 4608
1619301373267393911 5064
1619301373630948756 4543
1619301373755103204 4565
1619301374129332184 5443
1619301374230679339 3738
1619301374653972663 7300
1619301374929782217 5171
1619301375410316191 4278
1619301375501319041 4524
1619301375905975321 4538
1619301375912478298 4458
1619301375986377234 4416
1619301375994346966 5829
1619301376005535792 9044
1619301376043712006 5818
1619301376234964335 7023
1619301376302098527 3948
1619301376318046750 6204
1619301376393392348 4325
1619301376815735909 5436
1619301377499046894 5521
1619301377998949820 4019
1619301378103591950 4767
1619301378206922050 4623
1619301378521768649 4218
1619301378572615027 7930
1619301378743830463 5193
1619301378838795964 3634
1619301378983792464 5108
1619301378998354412 2894
1619301379005029070 4563
1619301379027402651 4575
1619301379070490400 4882
1619301379089072167 5319
1619301379140026323 7827
1619301379222276294 8236
1619301379229434298 5013
1619301379236152112 4574
1619301380007413387 3603
1619301380315077607 5496
1619301380585533173 3526
1619301380705610383 4084
1619301380899271490 4767
1619301380940604977 4254
1619301381147731801 9039
1619301381429239746 5302
1619301381444639712 4895
1619301381510893438 5463
1619301381810058673 4299
1619301381873743215 4571
1619301382053221971 3212
1619301382099251643 4884
1619301382235449263 5847
1619301382398936369 5052
1619301382566083014 10997
1619301382747024930 4086
1619301382826123033 6690
1619301382941043201 5261
1619301383397721975 4345
1619301383417885209 3993
1619301383508240678 5705
1619301383625707786 3774
1619301383807660536 4081
1619301383960089700 3522
1619301384073258563 30138
1619301384167555447 5375
1619301384195795560 5046
1619301384276603007 5312
1619301384283699327 5009
1619301384433248423 4813
1619301384446525139 4181
1619301384503405584 5823
1619301384532829809 5263
1619301384621283706 5127
1619301384694898770 4912
1619301384833131653 4704
1619301384963575649 3861
1619301385004349436 4191
1619301385045623667 6866
1619301385250404598 5097
1619301385276858645 4514
1619301385422911674 5524
1619301385450462797 3569
1619301385524214428 6175
1619301385606757259 4054
1619301385914865983 7443
1619301385966545196 9060
1619301385973432032 4746
1619301385999913630 3718
1619301386270336783 13251
1619301386445605424 3815
1619301386609649417 4660
1619301386895413621 4227
1619301386902653079 5156
1619301386931561627 4206
1619301386982485621 3159
1619301387057763985 5010
1619301387205218407 4685
1619301387220456096 6132
1619301387232032839 9508
1619301387298178530 4060
1619301387509387014 4827
1619301388057959694 4625
1619301388636530446 3504
1619301388642483433 3824
1619301388873597128 3214
1619301388924965180 6899
1619301389293263181 5010
1619301389350105135 3216
1619301389399722809 4573
1619301389826257487 8718
1619301389890559646 2784
1619301389974023244 5070
1619301390028534909 3944
1619301390187267714 3885
1619301390691858513 3254
1619301390753614342 4511
1619301390898270370 5148
1619301390927881069 6663
1619301391005102971 3456
1619301391013055786 5755
1619301391051860226 4972
1619301391480356073 4969
1619301391766651902 19405
1619301392400676758 4022
1619301392441762967 5516
1619301392532298680 4169
1619301392616583940 6562
1619301392644794938 3726
1619301392852062087 5794
1619301393035312133 7195
1619301393212029097 4148
1619301393312278158 4815
1619301393378978110 3850
1619301393493647807 4690
1619301393610009193 7288
1619301393952676581 5095
1619301394209656393 4208
1619301394631446864 10015
1619301394742652464 4638
1619301394807155211 5635
1619301394897947188 5061
1619301394946475255 14572
1619301395297449230 5026
1619301395391276260 8254
1619301395418310845 5025
1619301395617948100 4843
1619301395633071184 4833
1619301395734523506 6091
1619301395813750114 4870
1619301396032939763 6137
1619301396299795790 5697
1619301396446154932 4409
1619301397109676680 5366
1619301397193172971 4873
1619301397446859159 4017
1619301397831482070 2739
1619301398202155829 4842
1619301398386703685 5039
1619301399137839991 4898
1619301399241773712 11733
1619301399454517256 6972
1619301399535656939 4356
1619301399587789878 4536
1619301400077655490 5361
1619301400304580391 6150
1619301400378829951 11028
1619301400514193899 3971
1619301400566273333 4854
1619301400670640373 18561
1619301400798519624 4830
1619301400902297202 3783
1619301401184428092 5384
1619301401599490206 4876
1619301401607332561 5727
1619301401656516936 4040
1619301402523555523 6290
1619301402653194416 16354
1619301403089527163 5609
1619301403332777701 5294
1619301403377274319 4843
1619301403384639901 5335
1619301403730112622 4859
1619301403837976879 6132
1619301403946317763 10698
1619301404175970916 5419
1619301404194447486 10220
1619301404338747905 3619
1619301404509538489 4033
1619301404682665886 5214
1619301404729320033 5176
1619301404771147084 12182
1619301404821356075 4749
1619301404880050511 5064
1619301405095708202 4538
1619301405482294667 5060
1619301405593704685 5069
1619301405779667924 6202
1619301405817616903 5245
1619301405848188094 6005
1619301406223964908 5336
1619301406275110347 3748
1619301406407705289 5263
1619301406467255303 14554
1619301406687819748 4760
1619301407222135900 6296
1619301407317075018 3541
1619301407478744876 6650
1619301408178685111 4809
1619301408334073938 7390
1619301408367705688 10467
1619301408489230454 3933
1619301408548116243 7589
1619301408709223687 4847
1619301408746254092 4375
1619301408830647570 8731
1619301409109315673 5791
1619301409206357337 4356
1619301409286683957 5014
1619301409553841829 4616
