1619299892993783049 6409
1619299893048288150 8075
1619299893117393531 7511
1619299893203911743 5820
1619299893592376609 4498
1619299893695536227 4762
1619299893834599219 6114
1619299893918867296 8392
1619299893994449212 6155
1619299894026311241 4272
1619299894330984099 6457
1619299895404522533 5403
1619299895798091819 6482
1619299895822825882 4466
1619299895920326837 4880
1619299896276784599 5265
1619299896424353122 5913
1619299896486614471 7732
1619299896624438611 8778
1619299896840550656 8828
1619299897173354739 4566
1619299897216232460 7982
1619299897728169449 4840
1619299897800413343 7998
1619299898141523623 6684
1619299898213201394 4780
1619299898229789833 4728
1619299898429274569 4923
1619299898507916240 7111
1619299898584067512 5849
1619299898621175275 3654
1619299898628964814 5693
1619299898782765032 5158
1619299898934944712 6696
1619299899018846169 3167
1619299899101132254 5393
1619299899132885461 5159
1619299899151714343 9464
1619299899271241590 32485
1619299899284817541 4585
1619299899332682877 7434
1619299899380642301 5495
1619299899508195893 9534
1619299899927940906 4761
1619299899986130754 4889
1619299900013655032 5511
1619299900044595864 4310
1619299900411596722 6159
1619299900662981792 6114
1619299900679239809 4367
1619299900689069891 7796
1619299900714894053 8108
1619299900921473826 4593
1619299901190294138 6079
1619299901904591422 5754
1619299902333584456 4220
1619299902472892695 5203
1619299902572387909 4531
1619299902705423616 6214
1619299902928810801 4210
1619299902936785268 5859
1619299902974408138 3954
1619299903089895729 4466
1619299903172883618 14738
1619299903912736730 8402
1619299903979591049 5504
1619299904080904619 4371
1619299904430522585 6035
1619299904761412655 6389
1619299905098276136 6637
1619299905219448840 4139
1619299905232490644 3934
1619299905487988915 6748
1619299905570354172 8720
1619299905623058548 5341
1619299905702146945 4685
1619299905733024567 7676
1619299905884607475 4543
1619299905945302640 3858
1619299905951975467 4576
1619299906022712265 9016
1619299906065604392 5754
1619299906315453625 5909
1619299906384416655 11581
1619299906557104335 7603
1619299906590171452 6235
1619299906602629122 4379
1619299906704495370 6354
1619299907093823579 6187
1619299907273061031 4665
1619299907514628903 4517
1619299907901562274 5510
1619299908342879323 5317
1619299908376133726 9389
1619299908752296979 6221
1619299909126802909 3945
1619299909230297847 8276
1619299909500557755 5655
1619299909543462022 8321
1619299909666693885 5101
1619299909675404311 6546
1619299909681832279 4337
1619299909881122002 8194
1619299910021044418 9467
1619299910211432447 10051
1619299910387596438 5999
1619299910485129854 7820
1619299910513262006 7092
1619299910635097673 10243
1619299910769947568 19756
1619299910791609047 5225
1619299910930828958 4868
1619299910939401913 6503
1619299911087246370 5742
1619299911157009247 17088
1619299911167261277 8175
1619299911252899967 4945
1619299911370590374 14830
1619299911513706880 6699
1619299911932763749 6512
1619299911980522251 5586
1619299912112952774 4172
1619299912520605118 5738
1619299913054446019 5208
1619299913077968375 6227
1619299913446942856 6665
1619299913592532505 6377
1619299913696997894 10051
1619299913849661679 5690
1619299913995732450 6971
1619299914032245505 5934
1619299914608983629 5905
1619299915376472431 7393
1619299915445614307 5706
1619299915590639073 6170
1619299915636151265 5966
1619299916034300993 7912
1619299916070149337 5432
1619299916232344885 10912
1619299916292873113 10832
1619299916435576322 13171
1619299916449243014 4994
1619299916620882534 6364
1619299916698599665 5647
1619299916832231107 8398
1619299917206249477 4254
1619299917894110336 5237
1619299918217667324 5062
1619299918286343816 5777
1619299918514132689 10984
1619299918972964937 12828
1619299919050371322 10189
1619299919418389331 5048
1619299919426668229 6173
1619299919498426576 5377
1619299919513403624 5338
1619299919602576010 4356
1619299919691736339 5158
1619299919778223692 9097
1619299920016342542 7358
1619299920032732060 6489
1619299920324794369 7422
1619299920550407060 5414
1619299920601042143 5184
1619299920800251271 5452
1619299920901785976 5979
1619299920940148724 5339
1619299920948189774 5942
1619299921053475776 5946
1619299921215029396 5937
1619299921249096918 6127
1619299921255281044 4056
1619299921341911986 7728
1619299921500103911 6523
1619299921508142271 5986
1619299921571030578 17006
1619299921669061708 9102
1619299921938058337 4154
1619299922317033230 5663
1619299922367454846 7221
1619299922778478143 5702
1619299922889467591 9448
1619299923331521684 7538
1619299923504787851 5193
1619299923531133625 6440
1619299923939774952 7938
1619299924746207469 7193
1619299924839480746 7219
1619299925090624914 5043
1619299925137023943 6098
1619299925145437584 6306
1619299925302382936 4603
1619299925346468074 12571
1619299925432836899 7568
1619299925592585781 13871
1619299925798894842 5108
1619299926450115878 7504
1619299926484940765 8945
1619299926811273408 5281
1619299927025561781 5654
1619299927324961898 5133
1619299927731015661 7129
1619299927915029641 6145
1619299928114208467 5157
1619299928204838836 5472
1619299928309324985 4876
1619299928497346809 6515
1619299928585406774 3630
1619299928592619318 5165
1619299928609876576 7413
1619299928743299286 8244
1619299929152996095 6360
1619299929255237523 6036
1619299929268050362 3770
1619299929329884101 4537
1619299929412987090 5490
1619299929425818151 10775
1619299929929895779 6973
1619299930057510487 9243
1619299930135122376 8169
1619299930728248020 9823
1619299930983468341 9849
1619299931543463775 5520
1619299932004443915 8084
1619299932082850945 7401
1619299932198231716 4110
1619299932295272433 4471
1619299932681505879 6517
1619299932855613746 10998
1619299933161702853 3797
1619299933302756687 4532
1619299933311557895 6731
1619299933496337476 5172
1619299933935158707 4364
1619299933986812716 4655
1619299934718007772 5344
1619299934804108311 8172
1619299934959492327 5070
1619299935203347947 4817
1619299935243440425 5813
1619299936106725063 5223
1619299936176443054 7265
1619299936417292123 5765
1619299936470716122 9313
1619299936651752872 5699
1619299936737996556 6849
1619299936795697825 6347
1619299937030530874 9798
1619299937082707073 3721
1619299937179743788 6570
1619299937231590500 9546
1619299937288144527 9073
1619299937312646562 7148
1619299937421184159 5316
1619299937431256315 7971
1619299937520104009 4411
1619299937604272532 5824
1619299937933393009 5424
1619299938052659847 5733
1619299938290600364 10451
1619299938670017747 8176
1619299938943096996 15109
1619299938966709878 15161
1619299938972804178 4039
1619299939049976800 7295
1619299939552612900 6004
1619299939682417774 5627
1619299939876637584 3889
1619299940055881244 8987
1619299940348386404 6478
1619299940750888623 6077
1619299940891812057 5478
1619299940983747226 5608
1619299941287193569 6565
1619299941343690883 3849
1619299941701187649 6566
1619299942139521006 3806
1619299943298447872 5464
1619299943799619616 4473
1619299943827851273 7295
1619299943913204106 5335
1619299943987479697 4826
1619299943993563838 4026
1619299944193053218 12906
1619299945087351602 5985
1619299945606723384 6098
1619299945621127694 12309
1619299945728394775 6142
1619299945978271339 6950
1619299946135135353 4720
1619299946207736491 7125
1619299946249364024 6786
1619299946386137757 5793
1619299946401168611 6028
1619299946407125478 3890
1619299946508303392 6342
1619299946636493288 5714
1619299946812378607 5736
1619299946847896894 6630
1619299947036089345 4488
1619299947042436854 4257
1619299947075718679 5962
1619299947115587231 6127
1619299947238687161 4435
1619299947310961958 5413
1619299947431733610 6672
1619299947648507072 6283
1619299947719584727 5388
1619299948480127696 6939
1619299948575840877 4168
1619299948847805570 7758
1619299948888689388 10341
1619299949748759695 10311
1619299949788392092 5488
1619299949829398135 8788
1619299949856855699 4413
1619299949975951242 4659
1619299950113300974 5879
1619299950198733255 5043
1619299950224173670 9065
1619299950716366850 7484
1619299951047408669 5621
1619299951087361830 4518
1619299951506425390 5371
1619299951643156307 5012
1619299952396951712 4599
1619299952596950391 4625
