1619300286487744006 2754
1619300286636160360 2966
1619300286652073727 3495
1619300286704538076 3446
1619300286819319243 2602
1619300286878521120 2069
1619300286932764787 2911
1619300287009022678 2724
1619300287036029768 4009
1619300287051548687 3601
1619300287119872224 2679
1619300287275093109 2596
1619300287758219235 3327
1619300288363593478 2784
1619300288395635472 2836
1619300288439417564 4038
1619300288482473332 2853
1619300288675351253 3400
1619300288738010916 2241
1619300289270728582 2640
1619300289275743089 2964
1619300289423825043 2379
1619300289527013131 3378
1619300289582752326 5632
1619300289677255060 3607
1619300289725814296 2937
1619300289763264090 2310
1619300290120914011 3141
1619300290132452162 2492
1619300290203289592 3489
1619300290293088453 3552
1619300290683862877 3377
1619300290802108932 2645
1619300290955403620 2952
1619300291186418362 3196
1619300291274068210 3236
1619300291370379692 4029
1619300291376206952 3789
1619300291501938521 3353
1619300291549375825 3269
1619300291912574892 2676
1619300291930331943 3342
1619300291969595615 2592
1619300292172700225 2727
1619300292402207363 2859
1619300292510753701 2247
1619300292583775635 4430
1619300292696768034 4292
1619300292899915980 4232
1619300292949199202 3293
1619300292990696938 4057
1619300293033425907 2906
1619300293093584425 2850
1619300293141181703 4722
1619300293146988732 3541
1619300293526124096 3258
1619300293597956611 3263
1619300293678409286 2680
1619300293800815047 4009
1619300294001195215 5009
1619300294010969604 2958
1619300294266937756 3095
1619300294300382948 2509
1619300294420768926 3057
1619300294628241849 2243
1619300294651948948 3232
1619300294910863951 3965
1619300294968728623 2589
1619300294996725735 3377
1619300295090358922 3110
1619300295131143417 3077
1619300295276630877 3349
1619300295513693316 3147
1619300295613795380 2295
1619300295625073302 3605
1619300295641763650 2425
1619300295646626576 2717
1619300295810276742 2921
1619300295863653908 2790
1619300296052143249 3008
1619300296166515629 4116
1619300296282670277 2696
1619300296298733566 3658
1619300296341381652 2354
1619300296477406199 5439
1619300296607747409 3438
1619300296846275922 2494
1619300297002871593 2157
1619300297253697340 3228
1619300297956097621 3346
1619300297966024625 2663
1619300298363322530 4654
1619300298708080445 3150
1619300298751370020 3941
1619300298983960856 3482
1619300299010831148 2644
1619300299151365492 3667
1619300299348882712 2904
1619300299592334123 5245
1619300299677136792 2843
1619300299700547098 5984
1619300299726962651 3028
1619300299798095832 2973
1619300299803520781 3225
1619300299829689006 3628
1619300300146254386 3079
1619300300327894482 3313
1619300300601216104 3617
1619300300607313031 3848
1619300300769356067 3961
1619300300953751660 3173
1619300301119414235 2474
1619300301259708516 2766
1619300301458320750 2488
1619300301483346046 3114
1619300301678723827 3324
1619300301742177192 2736
1619300301763769728 4210
1619300301910903794 3757
1619300302017278473 3781
1619300302031536211 2739
1619300302130515754 3183
1619300302189483384 2833
1619300302328476627 3310
1619300302386410969 3084
1619300302397883938 3862
1619300302445317348 2729
1619300302460791773 2610
1619300302488299589 2424
1619300302504637831 3133
1619300302671319803 6385
1619300302721200345 3527
1619300302841576071 3248
1619300302861972623 2958
1619300302935540228 2158
1619300303020121421 2515
1619300303025650484 3384
1619300303048217067 4253
1619300303239650396 3368
1619300303406152363 4978
1619300303480788508 2622
1619300303556993214 3307
1619300303645288435 3682
1619300303655496382 3321
1619300303751473630 4006
1619300303873352472 3157
1619300303906678450 3608
1619300304032013956 2600
1619300304332785812 3621
1619300304353434018 3291
1619300304485802804 3474
1619300304508344796 3259
1619300304594124778 4500
1619300304599287633 3082
1619300304605026724 3665
1619300304686242211 3409
1619300304745048355 2457
1619300304789024256 2630
1619300304800015084 2365
1619300304818768175 2301
1619300304868693099 3345
1619300305004839236 3335
1619300305164844020 2277
1619300305272237589 3329
1619300305385429861 3450
1619300305402962247 3196
1619300305423611821 3186
1619300305492606400 3277
1619300305666290696 2892
1619300305755301814 5933
1619300305765764872 2732
1619300305967529169 3246
1619300305979665412 4053
1619300306272027006 3330
1619300306313203615 3764
1619300306354838989 3577
1619300306570995733 2178
1619300306690872575 2665
1619300306963669597 2695
1619300307162192181 2102
1619300307185740507 3326
1619300307231444913 2805
1619300307247495471 3442
1619300307375741908 3069
1619300307472204554 2292
1619300307642897865 2981
1619300307686743312 2926
1619300307770422610 3288
1619300307858958318 2264
1619300308092748834 3335
1619300308097745641 2908
1619300308113849481 3611
1619300308151805874 3317
1619300308163460460 3330
1619300308185018005 3123
1619300308192395441 5126
1619300308380119181 2510
1619300308467649488 4262
1619300308515620720 5605
1619300308591782510 4004
1619300308717880024 3387
1619300308906127092 3526
1619300308911202076 2928
1619300309000902821 3931
1619300309262144104 4742
1619300309360983152 2807
1619300309400692797 3825
1619300309714511140 3028
1619300309804599671 3360
1619300309822314570 3733
1619300309831976840 2960
1619300309928414227 3765
1619300310069381923 9954
1619300310134219415 2570
1619300310290683614 3017
1619300310384166504 3108
1619300310507974713 2980
1619300310528937965 2661
1619300310551174001 2586
1619300310875004255 2962
1619300310948662821 4130
1619300310969127058 2864
1619300311017005831 3145
1619300311107113504 4302
1619300311306031973 3674
1619300311351405362 3436
1619300311460982220 3076
1619300311619279612 2877
1619300311647943856 3101
1619300311769085970 3707
1619300311818400638 3295
1619300311877404002 3385
1619300311980696525 3572
1619300312112514692 2766
1619300312181452966 2744
1619300312200805828 2089
1619300312284275655 3060
1619300312487133217 2830
1619300312492740610 3456
1619300312514499297 3188
1619300312627099728 3214
1619300312754667994 3465
1619300312893009104 2393
1619300312935556287 2596
1619300313081910919 2642
1619300313170266326 4107
1619300313195897195 2522
1619300313268579685 4693
1619300313295974571 3642
1619300313327756666 2331
1619300313430734526 3244
1619300313590265265 2737
1619300313683448573 2985
1619300313709883111 2216
1619300313731523108 3017
1619300313848429851 2375
1619300313907647509 2614
1619300313956038107 3502
1619300314141226145 2762
1619300314190781717 3140
1619300314196741182 3704
1619300314278099262 2839
1619300314304211589 2885
1619300314384888489 3530
1619300314407405945 2588
1619300314441511861 2869
1619300314467173743 4108
1619300314510813744 3010
1619300314550676271 3462
1619300314678292322 4641
1619300314787541981 3571
1619300314950528059 2671
1619300315252844208 3568
1619300315287136575 2624
1619300315487412236 3402
1619300315635009085 2380
1619300315661779445 2433
1619300315944497248 3396
1619300315959997726 2315
1619300316188106184 4986
1619300316199307984 3675
1619300316214821685 3094
1619300316584867601 2840
1619300316695697561 6518
1619300316705976366 3478
1619300316735898424 2211
1619300316764328221 3439
1619300316875052180 3182
1619300316895904987 2953
1619300316901275000 3198
1619300316917877243 3058
1619300317047495458 3370
1619300317150087965 2853
1619300317167164687 3785
1619300317218405708 3670
1619300317324987189 2712
1619300317404420218 3262
1619300317420308279 3036
1619300317653399364 4921
1619300317970780744 3135
1619300317992241624 2176
1619300318012685274 2743
1619300318363007009 2881
1619300318369622605 4455
1619300318515537114 2300
1619300318649251370 4182
1619300318736541493 3137
1619300318834067977 3258
1619300319176058251 2587
1619300319252226706 2633
1619300319280990994 2870
1619300319336820213 2929
1619300319366758662 3311
1619300319682744029 3412
1619300319715738256 3012
1619300319780284296 3399
1619300320117955065 3580
1619300320166723838 3126
1619300320414084404 3533
1619300320505599327 3728
1619300320629782651 2495
1619300320634444566 2524
1619300320999279258 2727
1619300321169163378 3858
1619300321275671829 3948
1619300321292780407 2535
1619300321403789487 2961
1619300321511099026 2987
1619300321609910388 3592
1619300321642310855 2527
1619300321805023915 2877
1619300321864736826 3276
1619300321880584194 3174
1619300321893725113 3619
1619300321957782994 2584
1619300321967993691 3269
1619300322035109855 2335
1619300322101226526 2554
1619300322272398388 3030
1619300322337512397 5701
1619300322491558881 3334
1619300322556821593 2973
1619300322565661415 1912
1619300322749055412 3247
1619300322755020103 3774
1619300323102826690 4516
1619300323200246929 5287
1619300323254448984 3858
1619300323329556502 3318
1619300323639040263 3147
1619300323755589709 4886
1619300323813667384 2655
1619300323898808135 2368
1619300324117877250 2324
1619300324138977219 4036
1619300324196203318 3245
1619300324252037232 2906
1619300324264598410 3205
1619300324328121259 3911
1619300324364670203 3548
1619300324403739107 3061
1619300324481001317 3323
1619300324619222286 2899
1619300324710505145 3478
1619300324748034467 2113
1619300324901206404 3175
1619300324951395475 3569
1619300324978753112 3485
1619300325020165773 2469
1619300325030022877 2820
1619300325068441435 3281
1619300325124298075 3966
1619300325406049452 3132
1619300325589657863 2478
1619300325616550347 2496
1619300325623623827 4887
1619300325752996133 2441
1619300325794161202 2283
1619300325817323054 3719
1619300325870467960 2421
1619300325979872944 2967
1619300326103448454 2280
1619300326217669027 2426
1619300326398741936 2564
1619300326409881372 3791
1619300326579825490 2555
1619300326679733785 3781
1619300326761328601 4171
1619300326783120546 3356
1619300326827631763 3705
1619300327058305794 2595
1619300327172117131 4060
1619300327349624367 6591
1619300327517846331 3509
1619300327595890304 2394
1619300327612739254 2547
1619300327633660687 3284
1619300327840293044 3346
1619300327846270569 3766
1619300327870101607 3968
1619300327885298843 2896
1619300327930326878 2996
1619300327947121172 3698
1619300327952119781 2926
1619300328040101230 4042
1619300328103896139 3782
1619300328228490125 2398
1619300328311859927 3636
1619300328438458090 4608
1619300328578252149 2727
1619300328583163237 2719
1619300328822877441 3501
1619300329121456477 3426
1619300329195387550 3378
1619300329200757436 3272
1619300329269524801 3781
1619300329337351255 2778
1619300329352606642 2933
1619300329401730580 2927
1619300329417328103 3149
1619300329561616775 2882
1619300329658765587 4814
1619300329703692499 5176
1619300329714177225 3304
1619300329776996931 3552
1619300329948438864 3036
1619300330462582885 2841
1619300330989721969 5274
1619300331060283725 3314
1619300331089078492 3243
1619300331138614958 3573
1619300331211799065 3283
1619300331238854975 3946
1619300331317399270 4119
1619300331596716353 3083
1619300331618042989 3101
1619300331663071054 3653
1619300331900567589 3335
1619300331910928723 3554
1619300332005489223 3975
1619300332043376754 3793
1619300332212704120 2204
1619300332588193748 3370
1619300332814777318 3098
1619300332878552370 3683
1619300333191946942 2194
1619300333254352722 3959
1619300333271585280 3986
1619300333373875843 2515
1619300333453330924 2751
1619300333535990896 2861
1619300333681533359 3364
1619300333886827169 4151
1619300334169036740 3216
1619300334217352992 2751
1619300334254325207 3027
1619300334433487784 3529
1619300334575945928 3636
1619300334882947397 2915
1619300335173199957 2502
1619300335215333007 3472
1619300335231277413 3457
1619300335294569409 3363
1619300336278257427 2437
1619300336294569479 2508
1619300336378764387 2752
1619300336388934662 2599
1619300336429540728 3681
1619300336541912592 4147
1619300336884327224 3585
1619300336968595533 3696
1619300336983681241 3362
1619300337010980240 3323
1619300337075705372 3035
1619300337096847233 3433
1619300337108216874 3587
1619300337140368741 2644
1619300338260521669 4013
1619300338342973769 3316
1619300338503768832 2350
1619300338508785018 2860
1619300338656453702 2142
1619300338668993620 5007
1619300339137641211 4153
1619300339707092660 5449
1619300339841861336 3586
1619300339899862370 3370
1619300340235300951 3057
1619300340273541805 3408
1619300340278686970 3107
1619300340406728313 2741
1619300340539155177 2659
1619300340564209943 2887
1619300340814898747 3161
1619300341016722890 2896
1619300341171903295 3064
1619300341378335728 3265
1619300341481316963 2892
1619300341486694638 3272
1619300341629393336 3791
1619300341685972220 2679
1619300342037738951 3740
1619300342070096549 3034
1619300342219599050 3492
1619300342252004372 3386
1619300342265100633 3422
1619300342678625789 3423
1619300342934939182 2404
1619300343035220533 2974
1619300343071751866 3940
1619300343114042285 3327
1619300343185560047 3434
1619300343206391060 3014
1619300343352246263 2918
1619300343505204054 2443
1619300343599348093 3597
1619300343658491244 3192
1619300343698162705 3569
1619300343731655586 3674
1619300343779191423 3835
1619300343839374482 2630
1619300343976008718 3165
1619300344028649604 3284
1619300344190426066 3809
1619300344280762549 3307
1619300344381878414 3008
1619300344454464573 3585
1619300344489049129 3185
1619300344500320277 3042
1619300344527305748 3495
1619300344590453025 2677
1619300344752336034 2226
1619300344756881104 2401
1619300344797553430 3383
1619300345293623609 5276
1619300345593228145 2581
1619300345716543280 6502
1619300345791758237 3639
1619300346225630625 2968
1619300346379780308 3254
1619300346429989505 3023
