1655951315873857914 0
1655951316875739768 0
1655951317877628416 0
1655951318879495612 0
1655951319881434256 0
1655951320882914739 0
1655951321883731450 0
1655951322884886269 0
1655951323886076614 15
1655951324887247169 54
1655951325888425961 55
1655951326889603350 66
1655951327890835811 47
1655951328891767941 61
1655951329892923150 68
1655951330894200147 59
1655951331896538728 55
1655951332898810580 62
1655951333899768474 59
1655951334900921983 68
1655951335902071106 57
1655951336903236450 68
1655951337903749628 58
1655951338904896908 64
1655951339906039885 52
1655951340907241791 55
1655951341907707691 62
1655951342908885393 63
1655951343910065018 58
1655951344911928825 71
1655951345913409080 55
1655951346914566770 59
1655951347915735808 65
1655951348916918856 58
1655951349918071888 60
1655951350919230271 61
1655951351919741352 63
1655951352920920903 65
1655951353922073965 60
1655951354923011598 58
1655951355923723290 66
1655951356924917000 60
1655951357926856226 61
1655951358927718774 57
1655951359928879884 65
1655951360930036764 54
1655951361931194510 59
1655951362931748519 58
1655951363933010517 54
1655951364934127658 65
1655951365935283691 62
1655951366936436645 58
1655951367936958822 63
1655951368938100734 57
1655951369939247565 63
1655951370939719102 58
1655951371940869786 59
1655951372942030229 64
1655951373943186847 59
1655951374943755237 57
1655951375944919548 58
1655951376946098268 57
1655951377947784935 60
1655951378948624964 61
1655951379949796619 65
1655951380950976474 60
1655951381952147321 65
1655951382953341068 53
1655951383955047343 59
1655951384955756671 57
1655951385957543497 58
1655951386958257114 53
1655951387959646228 48
1655951388960834753 62
1655951389962305901 52
1655951390963472643 52
1655951391964642357 65
1655951392965804423 60
1655951393966951876 65
1655951394967732819 56
1655951395968892678 61
1655951396970059225 62
1655951397971225995 61
1655951398971752219 54
1655951399972902595 53
1655951400975263410 60
1655951401976477880 62
1655951402976739093 60
1655951403978710287 60
1655951404979729358 58
1655951405980725548 59
1655951406982258430 61
1655951407984184774 62
1655951408985586444 61
