1656102108501059235 23
1656102109502161363 111
1656102110503429916 122
1656102111503799648 94
1656102112504941204 73
1656102113505705370 68
1656102114506814488 124
1656102115508035633 125
1656102116509234229 132
1656102117510839512 119
1656102118511936454 131
1656102119513533880 139
1656102120514643100 140
1656102121515130316 137
1656102122516715916 133
1656102123516817716 138
1656102124517818796 135
1656102125518806234 123
1656102126519811157 114
1656102127520920421 117
1656102128522034447 115
1656102129523318460 133
1656102130524794225 129
1656102131526551601 113
1656102132527742919 122
1656102133528807806 130
1656102134529969268 108
1656102135530803025 90
1656102136531801209 102
1656102137533028964 98
1656102138534230007 79
1656102139535813563 73
1656102140536804102 114
1656102141537804088 101
1656102142539063403 123
1656102143539798911 146
1656102144541032188 110
1656102145542122393 133
1656102146542804649 133
1656102147543920792 99
1656102148545030524 132
1656102149546135984 127
1656102150546809626 125
1656102151547987621 116
1656102152548807057 136
1656102153549822918 131
1656102154550926858 63
1656102155552124502 67
1656102156552808299 111
1656102157553984812 126
1656102158554809668 124
1656102159555908639 125
1656102160557010750 136
1656102161557843173 124
1656102162558939093 109
1656102163559829045 116
1656102164560822710 109
1656102165562021301 119
1656102166563570066 124
1656102167564833426 136
1656102168566079982 127
1656102169566933358 129
1656102170567813580 140
1656102171568837328 131
1656102172569845554 84
1656102173570815625 131
1656102174571831404 140
1656102175572814749 143
1656102176573804231 124
1656102177574900453 128
1656102178575167971 123
1656102179575824097 116
1656102180577037065 117
1656102181578240025 113
1656102182579442447 122
1656102183580854923 132
1656102184582050830 147
1656102185583148608 96
1656102186584416604 134
1656102187585536821 133
1656102188585803113 135
1656102189586927009 99
1656102190588168847 89
1656102191588829664 98
1656102192590035099 124
1656102193591607493 95
1656102194592708639 113
1656102195593981988 123
1656102196595173321 120
1656102197596390357 117