1655952019974734459 0
1655952020975712685 0
1655952021976868718 0
1655952022978732519 0
1655952023980473808 0
1655952024982206337 0
1655952025983386596 0
1655952026983750873 0
1655952027984928472 9
1655952028986093602 33
1655952029987277871 36
1655952030988530723 40
1655952031989717867 44
1655952032991269612 38
1655952033991739654 52
1655952034992984045 57
1655952035994131369 47
1655952036995335865 64
1655952037995748888 49
1655952038996953249 58
1655952039998112554 63
1655952040999290447 60
1655952041999727453 58
1655952043000907008 51
1655952044002077251 64
1655952045003228971 53
1655952046003771632 51
1655952047005296885 66
1655952048006474153 57
1655952049007866416 50
1655952050009035213 53
1655952051010194419 67
1655952052011362252 58
1655952053011739900 56
1655952054012903116 57
1655952055014070051 67
1655952056015242385 53
1655952057015710155 67
1655952058016855868 61
1655952059018020538 57
1655952060019278375 64
1655952061020824297 59
1655952062022303722 64
1655952063023474157 58
1655952064024231145 59
1655952065025765273 68
1655952066026941328 53
1655952067028106653 62
1655952068029333371 59
1655952069030553329 65
1655952070032012326 60
1655952071034512026 64
1655952072035692068 58
1655952073036839645 66
1655952074037994287 50
1655952075039151137 52
1655952076039720691 50
1655952077040019443 57
1655952078041886857 53
1655952079043087653 63
1655952080043727384 60
1655952081044907594 55
1655952082046066190 66
1655952083047219061 65
1655952084048387528 51
1655952085049036547 61
1655952086050443666 57
1655952087051593748 49
1655952088052778416 62
1655952089053928156 59
1655952090055079981 59
1655952091056274393 61
1655952092057433333 66
1655952093058590259 57
1655952094059761767 59
1655952095060933125 60
1655952096062667613 54
1655952097063818990 64
1655952098064986222 56
1655952099066146191 57
1655952100067344742 54
1655952101067843538 52
1655952102069030817 57
1655952103070198891 63
1655952104071359519 62
1655952105072523595 70
1655952106073678394 52
1655952107074851742 59
1655952108075746349 67
1655952109076906447 57
1655952110078057103 60
1655952111079219860 60
1655952112080394238 63
1655952113081580575 59
1655952114082749078 59
1655952115087730223 61
