1655950730532878775 0
1655950731535045414 0
1655950732536241958 0
1655950733537416019 0
1655950734539239147 0
1655950735541169424 0
1655950736542350877 0
1655950737543503522 1
1655950738544681191 20
1655950739545603263 31
1655950740546771390 29
1655950741547915173 32
1655950742548714887 39
1655950743549855724 37
1655950744551021048 36
1655950745552166982 36
1655950746552748149 38
1655950747553914856 36
1655950748555065789 27
1655950749556218931 30
1655950750557366410 35
1655950751558516917 35
1655950752559691050 34
1655950753560845263 37
1655950754561988126 36
1655950755563142839 38
1655950756564288517 38
1655950757565504561 37
1655950758566876619 38
1655950759568309598 38
1655950760568793553 37
1655950761569940005 38
1655950762571101262 35
1655950763572278862 38
1655950764572689856 37
1655950765573924805 37
1655950766575982718 38
1655950767576745634 38
1655950768577906146 37
1655950769579106179 38
1655950770580281688 38
1655950771580671624 37
1655950772581815362 38
1655950773583067745 38
1655950774584211408 36
1655950775585375516 39
1655950776586529116 37
1655950777587673762 37
1655950778588819679 38
1655950779589964105 38
1655950780591109269 37
1655950781592252243 38
1655950782592764657 38
1655950783593914403 36
1655950784595061799 38
1655950785596229152 38
1655950786597384502 35
1655950787598547165 37
1655950788598977546 39
1655950789600123292 36
1655950790601317104 32
1655950791603186298 34
1655950792604333852 33
1655950793605489691 38
1655950794606650383 38
1655950795607797677 37
1655950796608961911 37
1655950797610118422 38
1655950798611260914 38
1655950799612408192 36
1655950800612671155 38
1655950801613851644 36
1655950802615994924 39
1655950803617154383 34
1655950804618306282 37
1655950805619529672 38
1655950806620682325 37
1655950807621840839 37
1655950808622985327 38
1655950809624160235 38
1655950810624702819 37
1655950811625845482 38
1655950812626990590 37
1655950813628134529 37
1655950814628675756 39
1655950815629905377 36
1655950816631380641 37
1655950817632528479 39
1655950818632715384 38
1655950819633859074 35
1655950820635011714 37
1655950821636944832 36
1655950822638924313 35
1655950823640431799 38
