1655537248010781419 6
1655537249011912948 29
1655537250013049304 61
1655537251014190278 68
1655537252015335697 66
1655537253016487216 65
1655537254017625921 65
1655537255018751137 63
1655537256019875278 66
1655537257021002523 63
1655537258022138245 68
1655537259023278431 68
1655537260024420703 68
1655537261025559158 65
1655537262026659859 66
1655537263027786810 67
1655537264028766104 66
1655537265029899459 69
1655537266031046207 68
1655537267032168897 66
1655537268033297096 68
1655537269034431343 68
1655537270035560790 65
1655537271036695237 67
1655537272037853074 68
1655537273038650385 67
1655537274039797997 66
1655537275040938969 66
1655537276042041095 65
1655537277043186617 66
1655537278044332808 68
1655537279045449134 69
1655537280046033209 66
1655537281047201221 66
1655537282048350438 69
1655537283049491927 69
1655537284050636879 66
1655537285051740720 67
1655537286052876943 67
1655537287054015802 70
1655537288055155104 70
1655537289055611703 65
1655537290056746460 69
1655537291057885706 68
1655537292058615466 68
1655537293059726126 65
1655537294059881100 68
1655537295060989583 67
1655537296062123166 68
1655537297062609663 66
1655537298063747577 67
1655537299064866807 68
1655537300065978488 70
1655537301067138001 63
1655537302068261458 70
1655537303069391477 66
1655537304070523845 65
1655537305071673667 68
1655537306072778603 65
1655537307073886717 68
1655537308075030425 69
1655537309076126621 66
1655537310077259207 68
1655537311078398670 67
1655537312079553725 66
1655537313080669891 69
1655537314081796993 68
1655537315082891387 64
1655537316084017131 63
1655537317085151809 67
1655537318086284417 66
1655537319086655925 65
1655537320087783832 66
1655537321088921783 69
1655537322090017866 67
1655537323091151736 66
1655537324092277144 64
1655537325093423508 69
1655537326094567953 64
1655537327095701100 62
1655537328096825122 68
1655537329097954026 67
1655537330098597367 65
1655537331099741123 70
1655537332100879955 67
1655537333102005916 64
1655537334102615945 68
1655537335103737325 64
1655537336104861504 68
1655537337105999112 69
1655537338107132709 41