1619376539665122447 3244
1619376540665083426 2317
1619376541665139137 2244
1619376542665143316 2551
1619376543665092309 2813
1619376544665150398 2906
1619376545665130993 3110
1619376546665133252 3214
1619376547665183872 3309
1619376548665118376 3438
1619376549665155934 3323
1619376550665167995 3267
1619376551665071963 3366
1619376552665167920 3425
1619376553665155435 3409
1619376554665229877 3420
1619376555665169814 3280
1619376556665158074 3339
1619376557665096964 3406
1619376558665066132 3396
1619376559665189920 3288
1619376560665141001 3379
1619376561665139366 3295
1619376562665062905 3264
1619376563665153856 3257
1619376564665129607 3276
1619376565665181127 3214
1619376566665135552 3355
1619376567665294293 3316
1619376568665122399 3291
1619376569665088991 3232
1619376570665234962 3215
1619376571665109757 3249
1619376572665126320 3272
1619376573665173152 3324
1619376574665122064 3262
1619376575665193117 3279
1619376576665188636 3230
1619376577665165961 3261
1619376578665101952 3260
1619376579665178170 3221
1619376580665203425 3144
1619376581665086960 3249
1619376582665134493 3302
1619376583665147125 3316
1619376584665153758 3351
1619376585665115237 3319
1619376586665157291 3279
1619376587665107328 3267
1619376588665323849 3317
1619376589665126696 3326
1619376590665091886 3300
1619376591665186969 3314
1619376592665183906 3283
1619376593665128313 3242
1619376594665143281 3237
1619376595665140359 3316
1619376596665133853 3358
1619376597665065018 3246
