1619380016583906821 3059
1619380017583987304 2099
1619380018583884908 2465
1619380019583933838 2764
1619380020583879403 3045
1619380021583951287 3136
1619380022583990767 3393
1619380023583891571 3636
1619380024583855055 3792
1619380025583946572 3803
1619380026583905677 3696
1619380027583890936 3667
1619380028583967231 3749
1619380029583964785 3925
1619380030583883881 3914
1619380031583927785 3751
1619380032583968633 3884
1619380033583930277 3962
1619380034583928059 3776
1619380035583926841 3708
1619380036583978614 3855
1619380037583948537 3753
1619380038583906104 3742
1619380039583934108 3747
1619380040583969670 3869
1619380041583912316 3869
1619380042583949707 3756
1619380043583975903 3910
1619380044583888599 3853
1619380045583887034 3742
1619380046583950902 3690
1619380047583912508 3807
1619380048583927402 3565
1619380049583978712 3716
1619380050583974651 3769
1619380051583882315 3851
1619380052583932350 3739
1619380053583865310 3623
1619380054583916592 3678
1619380055583935822 3683
1619380056583964808 3696
1619380057583862592 3793
1619380058583954046 3561
1619380059583923655 3887
1619380060583976300 3730
1619380061583861993 3616
1619380062583953543 3880
1619380063583981021 3682
1619380064583931665 3719
1619380065583966216 3731
1619380066583927550 3790
1619380067583988310 3802
1619380068583942087 3737
1619380069583963304 3746
1619380070583967585 3628
1619380071583950769 3623
1619380072583941618 3733
1619380073583965877 3690
1619380074583906373 3621
