1655686391605975659 110
1655686392606401596 133
1655686393607339306 119
1655686394608302341 131
1655686395609326745 125
1655686396610298074 126
1655686397611407616 116
1655686398612366450 122
1655686399613317625 120
1655686400614286407 117
1655686401615303159 117
1655686402616525999 119
1655686403617285521 119
1655686404618408974 131
1655686405619361140 132
1655686406620619766 135
1655686407622294324 132
1655686408623604984 122
1655686409624307446 126
1655686410625304244 128
1655686411626298593 130
1655686412627347697 124
1655686413628316128 117
1655686414629457796 118
1655686415630584667 124
1655686416631833939 121
1655686417632562746 126
1655686418633388143 131
1655686419634314350 129
1655686420635337900 127
1655686421636301294 138
1655686422637932214 131
1655686423639214407 136
1655686424640311598 136
1655686425642064384 139
1655686426642328134 144
1655686427643914003 141
1655686428644586652 139
1655686429645692339 126
1655686430646882113 122
1655686431648296171 121
1655686432649314274 129
1655686433650585730 127
1655686434651774148 127
1655686435652308126 133
1655686436653311380 123
1655686437654391572 114
1655686438655312300 118
1655686439656309682 142
1655686440657363390 134
1655686441658486834 114
1655686442659315479 116
1655686443660419268 115
1655686444661363794 116
1655686445662376079 118
1655686446663515178 124
1655686447664225832 131
1655686448665551431 126
1655686449666730938 124
1655686450667310918 128
1655686451668312916 135
1655686452669309740 133
1655686453670298028 122
1655686454671337837 122
1655686455672365611 123
1655686456673318629 121
1655686457674311216 122
1655686458675324969 118
1655686459676337756 117
1655686460677319642 126
1655686461678409294 129
1655686462679400429 120
1655686463680295756 117
1655686464681499920 118
1655686465682374805 126
1655686466683317097 127
1655686467684317481 127
1655686468685369483 127
1655686469686413068 124
1655686470687304894 120
1655686471688380212 110
1655686472689314796 110
1655686473690487420 114
1655686474694305754 111
1655686475695294465 117
1655686476697206216 113
1655686477698425087 112