1655686944199724566 134
1655686945200297457 148
1655686946202107101 152
1655686947202322629 151
1655686948203302370 151
1655686949204341164 151
1655686950205309152 152
1655686951206453859 147
1655686952207330613 153
1655686953208312191 150
1655686954209329069 148
1655686955210302860 155
1655686956211327867 147
1655686957212460759 148
1655686958213293334 157
1655686959214305009 150
1655686960215302408 144
1655686961217664984 156
1655686962218315052 145
1655686963219367418 149
1655686964220333156 158
1655686965221448215 149
1655686966222583172 148
1655686967223302055 153
1655686968224292311 147
1655686969225345621 148
1655686970226304446 157
1655686971227407426 145
1655686972228334497 149
1655686973229323017 155
1655686974230305911 146
1655686975231309446 148
1655686976232312804 157
1655686977233455848 143
1655686978235290525 154
1655686979236359068 148
1655686980237348298 153
1655686981238324816 155
1655686982239416678 147
1655686983240311501 149
1655686984241336992 151
1655686985242292351 148
1655686986243305720 150
1655686987244936463 149
1655686988245320347 150
1655686989246522458 148
1655686990247309011 152
1655686991248325265 152
1655686992249807926 149
1655686993250301142 151
1655686994252023235 146
1655686995252314673 155
1655686996253332180 148
1655686997254343313 148
1655686998255343690 152
1655686999257322022 147
1655687000258597405 150
1655687001260838319 153
1655687002262342559 146
1655687003263403739 150
1655687004264333863 148
1655687005265321379 146
1655687006267403867 156
1655687007268320426 145
1655687008269368966 152
1655687009270375929 150
1655687010272471088 146
1655687011274331018 153
1655687012275722661 148
1655687013276995866 151
1655687014277430306 150
1655687015278298761 149
1655687016279469303 147
1655687017280718706 150
1655687018282659789 153
1655687019283685863 151
1655687020284823601 149
1655687021285620740 149
1655687022287403178 146
1655687023289317664 154
1655687024290646269 148
1655687025291310250 152
1655687026292752178 152
1655687027294675392 146
1655687028296314796 151
1655687029298505718 146
1655687030300397294 154
1655687031301317106 147
1655687032302365075 143