1655684326081781836 0
1655684327083001634 0
1655684328084161362 0
1655684329085333663 0
1655684330086567118 0
1655684331087329768 0
1655684332088490191 0
1655684333090309110 0
1655684334092307299 0
1655684335093632095 0
1655684336094900866 0
1655684337096119102 0
1655684338097302420 0
1655684339098473876 0
1655684340098900532 0
1655684341100151080 0
1655684342101304006 0
1655684343102468145 0
1655684344103551388 0
1655684345104802647 0
1655684346106115358 0
1655684347107360005 0
1655684348108952062 0
1655684349110267272 0
1655684350111305763 0
1655684351112323250 0
1655684352113481623 0
1655684353114746597 0
1655684354115401206 0
1655684355116639032 0
1655684356117903013 0
1655684357118844323 0
1655684358119993242 0
1655684359120329784 0
1655684360121584078 12
1655684361122005791 20
1655684362122637072 17
1655684363123806967 19
1655684364124737489 20
1655684365125955214 20
1655684366127347805 17
1655684367128333460 19
1655684368128542060 20
1655684369129690308 20
1655684370130314014 17
1655684371131465302 20
1655684372132316100 19
1655684373133297828 20
1655684374134310005 17
1655684375135330868 20
1655684376136629753 19
1655684377137351392 17
1655684378138531379 20
1655684379139695247 20
1655684380140746029 19
1655684381141617820 17
1655684382142780551 20
1655684383143942342 20
1655684384145080339 19
1655684385145365179 17
1655684386146508861 20
1655684387147711425 20
1655684388148857991 19
1655684389149918154 17
1655684390150424581 20
1655684391151330173 20
1655684392152308867 19
1655684393153409259 18
1655684394154628016 19
1655684395156096750 20
1655684396157308512 20
1655684397158328491 17
1655684398159311987 19
1655684399160554357 20
1655684400161755446 17
1655684401162873403 20
1655684402163308141 19
1655684403164465292 20
1655684404165684126 17
1655684405166313924 20
1655684406167346426 20
1655684407168315347 19
1655684408169630310 17
1655684409171126899 20
1655684410172574048 20
1655684411173318338 19
1655684412174700433 17
1655684413175383140 20
1655684414176469894 20
1655684415177295341 16
1655684416178346545 20
1655684417179325664 20
1655684418180472059 20
1655684419181470027 16
1655684420182783547 20
1655684421184157210 20
1655684422185480138 20
1655684423186803832 17
1655684424188158232 19
1655684425188995537 20
1655684426190382396 17
1655684427191418070 20
1655684428192485157 19
1655684429193367504 20
1655684430194550627 17
1655684431195722477 20
1655684432197102358 19
1655684433197332942 20
1655684434198689859 17
1655684435199344398 20
1655684436200328827 19
1655684437201316843 19
1655684438202462481 18
1655684439203663582 20
1655684440204338227 20
1655684441205507127 17
1655684442206475984 19
1655684443207657593 20
1655684444208566041 20
1655684445209873012 17
1655684446210882933 20
1655684447211715238 19
1655684448212319874 19
1655684449213327396 18
1655684450214486866 6
1655684451215837356 0
1655684452217206119 0
1655684453218466030 0
1655684454219372623 0