1655684510130961195 0
1655684511132169275 0
1655684512133341771 0
1655684513134506915 0
1655684514135669160 0
1655684515136812892 0
1655684516137982223 0
1655684517139161748 0
1655684518140310371 0
1655684519141307981 0
1655684520142464255 0
1655684521143381729 0
1655684522144547132 0
1655684523145827494 0
1655684524147199100 0
1655684525148449159 0
1655684526149607582 0
1655684527151057524 0
1655684528152393249 0
1655684529153527018 0
1655684530154712231 0
1655684531155314308 0
1655684532156474014 0
1655684533158047553 0
1655684534159315335 0
1655684535160798527 0
1655684536162277709 0
1655684537163610751 0
1655684538165483765 0
1655684539166826329 0
1655684540168165095 0
1655684541169544330 0
1655684542170927255 0
1655684543172302896 0
1655684544173099450 25
1655684545173681985 40
1655684546174310786 40
1655684547175370317 33
1655684548176365399 39
1655684549177420672 40
1655684550178349832 36
1655684551179349324 37
1655684552180578583 39
1655684553181811978 36
1655684554182327123 40
1655684555183463223 37
1655684556184392807 39
1655684557185338579 37
1655684558186499072 36
1655684559187155559 40
1655684560188354254 36
1655684561189428128 40
1655684562190618551 36
1655684563191645973 40
1655684564192396198 37
1655684565193558324 35
1655684566194330788 40
1655684567195329591 40
1655684568196422015 33
1655684569197391975 39
1655684570198590056 40
1655684571199327750 37
1655684572200321738 37
1655684573202116622 38
1655684574203323140 40
1655684575204306997 36
1655684576205366533 38
1655684577206650588 38
1655684578207324675 40
1655684579208313289 34
1655684580210097099 40
1655684581211293514 38
1655684582212555313 40
1655684583213331698 36
1655684584214496998 38
1655684585215072056 39
1655684586215314854 39
1655684587216452699 37
1655684588217600921 37
1655684589218312284 39
1655684590219319046 36
1655684591220470448 37
1655684592221630258 40
1655684593222344296 35
1655684594223543375 40
1655684595224387631 37
1655684596225324195 36
1655684597226479827 40
1655684598227336031 39
1655684599228498719 37
1655684600229694251 37
1655684601230335569 39
1655684602231309814 36
1655684603232297468 39
1655684604233431390 38
1655684605234695677 39
1655684606236151073 36
1655684607237437889 37
1655684608238583328 40
1655684609239313325 40
1655684610240307699 35
1655684611241332750 37
1655684612242589423 40
1655684613243289534 37
1655684614243798966 39
1655684615244315155 37
1655684616245349390 39
1655684617246321064 37
1655684618247577838 39
1655684619248743105 39
1655684620249870677 37
1655684621251100919 37
1655684622252425577 40
1655684623253546979 36
1655684624254450075 37
1655684625255317210 39
1655684626256447276 40
1655684627257335650 36
1655684628258489257 36
1655684629259628177 40
1655684630260881533 40
1655684631262012576 37
1655684632262301201 35
1655684633263462457 39
1655684634264709664 0
1655684635265966855 0
1655684636267432943 0
1655684637268308121 0
