1619133888854417426 3405
1619133888993448682 1242
1619133889023949145 1835
1619133889321190971 3617
1619133889502435466 2094
1619133889535828646 2523
1619133889605410813 1232
1619133889656635341 2489
1619133889660830828 2137
1619133889725859087 1962
1619133889979060011 1029
1619133890257174644 3534
1619133890311354176 2369
1619133890400479806 2870
1619133890568808912 1749
1619133890642822866 1357
1619133890660283111 1349
1619133890676303264 2116
1619133890814906820 2564
1619133890822032355 1344
1619133890851667851 1540
1619133890864759304 2642
1619133890882690641 1747
1619133890940829597 2887
1619133891185342412 1930
1619133891198689902 3799
1619133891273143418 2229
1619133891775041563 2565
1619133891928549655 2895
1619133892000098012 1893
1619133892119476733 1825
1619133892400707460 3583
1619133892409100214 2036
1619133892412239280 1103
1619133892454173870 1713
1619133892459040063 2704
1619133892523886335 4213
1619133892558484392 1547
1619133892583171746 313
1619133892685563816 1774
1619133892836472183 1446
1619133892919734771 1479
1619133892963939129 1957
1619133893002928997 1357
1619133893052863557 1402
1619133893064515786 2564
1619133893283249759 5993
1619133893308691196 2165
1619133893343780905 1030
1619133893363318725 4000
1619133893416141654 1261
1619133893447163506 1558
1619133893563379711 480
1619133893611160130 2490
1619133893763932472 2524
1619133893902680929 2653
1619133893947379381 3753
1619133894003567158 2313
1619133894124618245 1558
1619133894685533597 3974
1619133894781148087 9253
1619133894841861430 61
1619133894871936494 1731
1619133894996298881 2443
1619133895014333083 2567
1619133895043318503 2496
1619133895086545468 1355
1619133895118679853 3173
1619133895577452917 2708
1619133896056117858 1558
1619133896115913583 2033
1619133896264415611 1802
1619133896398845809 1701
1619133896560871500 2859
1619133896602543333 2038
1619133896664598364 1851
1619133896699519688 1596
1619133896905549052 3797
1619133896927264477 878
1619133897014275176 2440
1619133897247001933 1633
1619133897249879556 696
1619133897278908131 2058
1619133897358394990 3420
1619133897363405487 2955
1619133897399591570 2723
1619133897417250298 3738
1619133897464009340 1654
1619133897506867728 1313
1619133897647125884 1383
1619133897693183715 2219
1619133898123940186 2226
1619133898177785371 1853
1619133898355096163 2473
1619133898493076259 3024
1619133898518788406 1790
1619133898562756294 1889
1619133898652219068 4370
1619133898829007165 3871
1619133898943097148 2408
1619133899048670821 1805
1619133899128046593 3102
1619133899197313312 1238
1619133899380226182 2140
1619133899408500177 1454
1619133899468795703 3267
1619133899542294443 3157
1619133899559457648 1492
1619133899585574075 6296
1619133899595230447 1509
1619133899698542068 1506
1619133900258242568 882
1619133900319550935 1807
1619133900332294940 3574
1619133900383156736 3468
1619133900475970379 3540
1619133900513226593 889
1619133900616178321 1568
1619133900827015561 2304
1619133900949065038 1664
1619133901124023901 2034
1619133901174479480 2161
1619133901271268269 1420
1619133901318770547 2172
1619133901332744775 3301
1619133901552886450 2646
1619133901649628942 2376
1619133901937584224 903
1619133902082284280 1369
1619133902195334118 2511
1619133902351700393 4100
1619133902542231749 3805
1619133902558702553 1341
1619133902627886113 1767
1619133902664199788 1557
1619133902758298183 6362
1619133902891037756 1989
1619133902915234394 3770
1619133903016327740 1923
1619133903132994647 1515
1619133903137329526 2310
1619133903156133418 1291
1619133903238536556 2426
1619133903281204645 11847
1619133903308440747 1494
1619133903609905990 772
1619133903793006447 1799
1619133903809234371 1635
1619133903863753726 350
1619133903941511667 2846
1619133903990214179 1317
1619133904012689183 2857
1619133904050930002 1947
1619133904092111388 1844
1619133904134877507 2418
1619133904138327886 1369
1619133904180383987 3779
1619133904189964161 2817
1619133904194924056 2868
1619133904208271268 3196
1619133904359611540 892
1619133904373648440 1695
1619133904426754034 1707
1619133904470423547 1519
1619133904593456074 541
1619133904690298765 1928
1619133904759531095 3598
1619133904772240307 1314
1619133904826816240 1792
1619133904972988540 3776
1619133905015926717 1864
1619133905106649529 1954
1619133905129156673 1717
1619133905133049891 1803
1619133905210360702 2795
1619133905218212424 2166
1619133905222763112 2399
1619133905226367930 1391
1619133905238175483 2020
1619133905271825324 1231
1619133905376454592 1736
1619133905608488172 1648
1619133905654183818 2637
1619133905814464354 2236
1619133905829778387 1442
1619133906141287201 1988
1619133906177003698 2999
1619133906273318243 1519
1619133906276643341 1094
1619133906521298688 123
1619133906662532084 2316
1619133906758682679 4926
1619133906875404061 3369
1619133907019335630 1877
1619133907057694132 1469
1619133907068872274 1877
1619133907099620810 1750
1619133907157786168 2560
1619133907177621983 1996
1619133907352615977 4765
1619133907401615477 5943
1619133907527654978 2228
1619133907561262773 755
1619133907583209006 2102
1619133907651715714 3764
1619133907721706925 2278
1619133907844715378 3017
1619133907885946245 1428
1619133907957595029 2038
1619133908109692306 1267
1619133908181416314 6890
1619133908564006434 2728
1619133908842940537 4535
1619133908863953967 3319
1619133908970360681 2140
1619133908997184029 2555
1619133909111148655 1209
1619133909136784226 2327
1619133909184955608 1558
1619133909612909768 1411
1619133909794407986 1732
1619133909806442848 2556
1619133909949362611 1752
1619133909976341278 2353
1619133909995175399 2412
1619133910023204201 734
1619133910154218407 2255
1619133910217461066 1521
1619133910245499512 3122
1619133910305615872 1918
1619133910429560277 2625
1619133910463713975 4484
1619133910638778465 3349
1619133910689603869 1413
1619133910874898317 2555
1619133910943850905 1447
1619133910950590411 1027
1619133911237012830 1113
1619133911409883997 1746
1619133911447965686 1826
1619133911597420849 2656
1619133911671030924 2680
1619133911807927429 5663
1619133911883436334 368
1619133911915345613 2576
1619133912153247717 3578
1619133912189464509 1949
1619133912361760095 530
1619133912440705520 1932
1619133912528418412 1554
1619133912697672164 4549
1619133912725993194 2535
1619133912799834427 2944
1619133912886290663 2164
1619133912927486446 3256
1619133912973132972 3130
1619133913015751777 1780
1619133913118695334 2737
1619133913209955018 2025
1619133913241190184 2796
1619133913349373599 2925
1619133913475360052 2845
1619133913667209507 2362
1619133913675913104 996
1619133913968007386 2469
1619133913971911957 1751
1619133914140777507 2607
1619133914369660546 3050
1619133914423931474 2864
1619133914474914884 1834
1619133914493310261 1108
1619133914522061271 2328
1619133914556565861 1041
1619133914585914346 1668
1619133914673380046 807
1619133914695693710 3081
1619133914700878768 3138
1619133914737896264 1708
1619133914958696728 4041
1619133914977808175 1769
1619133915041882813 1161
1619133915156945305 1978
1619133915178755153 1638
1619133915189675714 1070
1619133915211667202 3066
1619133915330800328 1842
1619133915367577883 3469
1619133915385390158 90
1619133915409286869 1868
1619133915523063331 1831
1619133915551285340 1166
1619133915595017980 3444
1619133915599782846 2554
1619133915665637579 2925
1619133915670412860 2584
1619133915713146742 2172
1619133915820726019 1475
1619133915933215850 3098
1619133916062532041 1756
1619133916149802932 1831
1619133916180136703 1788
1619133916224488372 3377
1619133916229221318 2661
1619133916288349215 1976
1619133916426183068 3825
1619133916442472616 2071
1619133916457916270 1261
1619133916482247984 5525
1619133916518744767 200
1619133916610444360 3411
1619133916657844170 2908
1619133916719618577 1631
1619133917040648130 1562
1619133917068796180 3479
1619133917220227204 2982
1619133917227908513 796
1619133917243607966 1790
1619133917293078083 1929
1619133917445473282 1441
1619133917478449198 1744
1619133917482243646 1690
1619133917592105605 560
1619133917661685375 2761
1619133917743158149 3640
1619133917864933557 1739
1619133918021155737 1459
1619133918087266114 2362
1619133918136824406 1252
1619133918147672061 1332
1619133918354772134 3605
1619133918428605730 3416
1619133918573038797 2974
1619133918578536153 3363
1619133918643977559 866
1619133919023755065 1651
1619133919031206053 1908
1619133919096904009 1760
1619133919179670968 4255
1619133919187117911 696
1619133919336768791 1614
1619133919366201811 4258
1619133919408928178 3437
1619133919494178128 1813
1619133919506248387 1666
1619133919738207301 1217
1619133919937707900 3358
1619133919957188167 1242
1619133919996527217 3575
1619133920050628035 1659
1619133920065965158 3191
1619133920146463557 2545
1619133920180569407 4463
1619133920192710948 2198
1619133920307184800 4644
1619133920318810805 3843
1619133920345344787 5456
1619133920473300013 5273
1619133920564063590 1656
1619133920666411242 2402
1619133920975410193 227
1619133921023766656 1591
1619133921060742638 2394
1619133921090348789 1267
1619133921134874353 1237
1619133921360507654 2058
1619133921367458127 1633
1619133921683112981 2045
1619133921759858902 1639
1619133921845703168 5120
1619133921892476131 3521
1619133921897551369 2999
1619133922142930784 2637
1619133922228846380 3630
1619133922277535678 2974
1619133922384756511 2198
1619133922459224187 1538
1619133922495479596 2412
1619133922535499821 1627
1619133922595996864 971
1619133922599487937 1394
1619133922667614602 1776
1619133922746025752 2321
1619133922810695940 2721
1619133922818531994 1633
1619133922855221621 3531
1619133922942026271 1836
1619133923006201985 2374
1619133923081893019 2544
1619133923139172463 2132
1619133923220425271 1619
1619133923460587571 2426
1619133923575759964 1755
1619133923655767783 899
1619133923780433639 14000
1619133923791029820 2113
1619133924164368163 1613
1619133924278301607 1616
1619133924313965158 1691
1619133924343715949 2664
1619133924554992702 2210
1619133924926647044 1781
1619133924973828422 1499
1619133925068132030 881
1619133925089682080 2352
1619133925180380136 34487
1619133925275379632 1695
1619133925300128253 1788
1619133925366118815 1553
1619133925816198277 2876
1619133925891716358 3190
1619133925927278442 1468
1619133926104189038 2004
1619133926188949018 1900
1619133926223174763 1677
1619133926246822635 1767
1619133926341021409 1968
1619133926518710077 1825
1619133926588558329 2293
1619133926828370299 1469
1619133926859533183 1728
1619133926995877566 1092
1619133927027247532 1083
1619133927115344631 2170
1619133927221978152 1946
1619133927229182805 1690
1619133927316696029 2561
1619133927451070708 2783
1619133927628078062 2750
1619133927851517111 1186
1619133927939406339 2730
1619133927979309269 2479
1619133927987770068 2121
1619133928110236468 3401
1619133928151510283 3295
1619133928484610517 2374
1619133928754218194 3866
1619133929011377037 2743
1619133929260286880 2559
1619133929336983087 3871
1619133929467510621 3549
1619133929486896532 1204
1619133929571869542 2858
1619133929738922011 1747
1619133929956994539 1416
1619133930067331508 2510
1619133930087540771 2341
1619133930317046436 2426
1619133930393227934 2118
1619133930509555954 1685
1619133930537268032 1661
1619133930562386024 1899
1619133930675528143 2058
1619133930724943398 4143
1619133930870994574 2778
1619133931001526514 4081
1619133931333870879 2358
1619133931367468849 2275
1619133931382863294 1375
1619133931461642967 2347
1619133931717156999 2024
1619133931746900977 4809
1619133931970899607 2205
1619133932150857410 5757
1619133932212958840 7096
1619133932542742477 1296
1619133932718392430 2133
1619133932899017004 2459
1619133932928814557 1645
1619133932943528493 4088
1619133933116069187 1435
1619133933125221326 2432
1619133933139657033 2387
1619133933224266704 3348
1619133933267015507 2520
1619133933276536005 3037
1619133933323272909 1301
1619133933392316993 2377
1619133933567505141 1663
1619133933583457850 2103
1619133933680907419 2775
1619133933943525593 1584
1619133933956525009 2617
1619133934200231988 1629
1619133934659164788 2923
1619133934948636533 1749
1619133935066424265 664
1619133935102719968 1933
1619133935111619227 1797
1619133935155021756 2431
1619133935462552813 3633
1619133935498859925 871
1619133935505239161 1516
1619133935598059445 2788
1619133935669335165 5450
1619133935738791703 2198
1619133935834576327 914
1619133935964862059 2117
1619133936077266724 10745
1619133936134437286 2196
1619133936256500050 2051
1619133936259471543 800
1619133936305071142 1733
1619133936340214790 2315
1619133936425204140 3154
1619133936480546714 1583
1619133936491939727 4094
1619133936538268971 2637
1619133936633388870 2162
1619133936678975372 1617
1619133936742944748 3448
1619133936751195420 2115
1619133936856470302 1705
1619133937137279609 2717
1619133937142929512 3412
1619133937151218686 2157
1619133937158218780 1457
1619133937253424088 1754
1619133937349422330 6843
1619133937396147094 2543
1619133937456614755 3565
1619133937488488778 2496
1619133937548944915 4837
1619133937568751469 2071
1619133937620896684 1441
1619133937660460829 2352
1619133937683249084 2421
1619133937723530395 3394
1619133937746355098 1838
1619133937840228861 1653
1619133937894342905 2386
1619133937907576857 1718
1619133937911024590 1346
1619133938026371316 2496
1619133938291290071 1681
1619133938352047807 1741
1619133938467353229 3751
1619133938558386087 2591
1619133938602588184 4331
1619133938685221790 1990
1619133938914993271 3017
1619133939035410056 1705
1619133939101026807 2115
1619133939208552534 2218
1619133939391406454 2744
1619133939419195231 3351
1619133939488695656 495
1619133939549861857 4996
1619133939565515086 1803
1619133939580330850 999
1619133939646136306 1910
1619133939718442197 2695
1619133939750208142 196
1619133939988028836 1022
1619133940066233235 2877
1619133940160703023 2606
1619133940340559955 2713
1619133940346675139 4088
1619133940493047975 2877
1619133940506673813 5837
1619133940600146289 2257
1619133940645509685 6008
1619133940802887533 3210
1619133940851290551 2976
1619133940904698272 2371
1619133940908511515 1759
1619133941039588109 2291
1619133941107920306 1789
1619133941130698076 1916
1619133941348023727 6503
1619133941502914966 1717
1619133941527626335 1668
1619133941602474923 1603
1619133941800696569 2665
1619133941835267894 2617
1619133941870297707 2834
1619133941894626820 1321
1619133941950851014 1978
1619133942040434860 639
1619133942156865724 1395
1619133942355022369 1525
1619133942358485689 1361
1619133942397326982 2449
1619133942431016582 1327
1619133942484129776 1426
1619133942521327048 1404
1619133942742232117 2896
1619133942760933547 2263
1619133942774490539 1956
1619133942809059829 1788
1619133942966088369 3237
1619133943121202697 85
1619133943191271149 1520
1619133943194952125 1486
1619133943214546731 1124
1619133943217798310 1189
1619133943317142702 859
1619133943359685534 1541
1619133943423156501 3266
1619133943769449638 1559
1619133943844619739 7344
1619133944162762211 2163
1619133944175084962 4028
1619133944208799554 7148
1619133944244104818 2616
1619133944294675122 1311
1619133944503407962 2095
1619133944653169184 2263
1619133944693741111 4493
1619133944714255874 1653
1619133944822370966 2699
1619133945178779814 4554
1619133945279216529 2477
1619133945305372421 3642
1619133945357826436 981
1619133945362079030 2141
1619133945486486510 2630
1619133945565232859 1572
1619133945611554724 1964
1619133945767348188 2821
1619133945874495228 3920
1619133945980577296 2611
1619133945984165278 1492
1619133946023339306 614
1619133946486498028 5114
1619133946573385093 125
1619133946584047297 2544
1619133946635841230 1420
1619133946725208806 3103
1619133946733290764 1836
1619133946777381820 2101
1619133946781750204 2333
1619133946826811656 2043
1619133946915709769 3033
1619133947206789892 2403
1619133947433148685 2179
1619133947472497515 1322
1619133947483658460 1204
1619133947532780807 3095
1619133947536570972 1743
1619133947631710873 3373
1619133947722687860 1599
1619133947781087507 4431
1619133947821523417 9371
1619133947833533881 2758
1619133948278560672 2289
1619133948323872293 4967
1619133948351440885 3381
1619133948380529425 8171
1619133948504495589 1830
1619133948599468874 2500
1619133948603372457 1880
1619133948728266093 1205
