1654835024572578973 276806407
1654835025984130616 198185224
1654835028463446489 176797716
1654835028681328988 112070121
1654835028774397716 180987552
1654835029264559972 203903128
1654835029490075666 29137665
1654835029587325905 95585860
1654835029786302560 104807970
1654835030173244671 284691484
1654835030686670500 302971614
1654835031394895152 105779930
1654835031975137913 206177245
1654835033367969958 94365475
1654835033563085119 94355927
1654835034561617687 274901393
1654835034585138656 95608809
1654835035175287995 111829445
1654835035782265118 115012275
1654835035882708918 99605902
1654835036977264063 199652059
1654835037366286494 105633565
1654835038069518681 193578656
1654835038575216305 282944191
1654835038788544690 98999066
1654835038861290367 189761046
1654835038961240115 89599436
1654835039161985086 99420317
1654835039276210086 110886215
1654835042979943026 297063893
1654835043772206443 188690657
1654835043862192261 281270685
1654835044077206874 96636737
1654835044573807656 198672114
1654835045269973403 109248479
1654835045685561526 306945539
1654835046272360555 89518444
1654835047079226622 213326615
1654835047762233380 201543145
1654835048161248417 193078230
1654835048261315862 95459086
1654835049168251529 381472790
1654835049385158906 106580360
1654835049588008385 105122745
1654835049674229556 105145929
1654835049678659283 187066017
1654835049704985281 15615308
1654835049971016126 84430333
1654835050161273744 96835404
1654835050466485081 198955878
1654835050564134605 203126940
1654835050961382021 177751616
1654835051363310749 278572532
1654835052782801056 390313123
1654835052987481390 102904133
1654835053174942531 201560074
1654835054590654816 109443392
1654835055463784432 402885343
1654835055867161285 197559702
1654835056061311821 180444673
1654835056062285247 187694881
1654835056161303811 176536163
1654835056474269475 309037473
1654835056769262883 292401974
1654835057977709620 94112781
1654835058069142762 107967635
1654835058470984695 110242163
1654835059989152746 607042209
1654835060478435821 190816527
1654835060477851301 100359470
1654835060961240689 185543114
1654835062079277081 218450677
1654835062678412587 211440570
1654835063271367098 495458821
1654835063663694218 177688233
1654835063886072129 203946172
1654835064064133293 103430901
1654835064080294024 100076142
1654835064287700480 122029395
1654835064875209502 185099576
1654835065763172754 95594559
1654835066488132981 102328855
1654835067466215173 393384560
1654835067866253565 186139015
1654835068061691379 176390953
1654835068261191989 198925234
1654835070870229516 186152920
1654835070967062036 201333595
1654835071090464197 114815952
1654835071389235127 120348920
1654835071463533928 197069281
1654835072161413107 100727705
1654835072869276900 188550901
1654835073075219490 205566487
1654835073076497021 102504069
1654835073361684079 94452564
1654835073369872795 92974815
1654835074685250640 95688301
1654835074871195424 92669257
1654835074963476868 174327893
1654835075189403774 106585926
1654835075567414193 198768339
1654835075961274108 200612449
1654835076176234352 109613461
1654835077186649478 21622308
1654835077361203323 90753374
1654835078186213581 105301918
1654835078781475232 118549357
1654835079273006204 289319772
1654835079461330067 95597354
1654835080461611010 380095319
1654835081966868004 181856539
1654835082361597907 184493949
1654835082870919852 100155585
1654835082870280034 207696102
1654835082882114401 204275318
1654835083176145728 115461164
1654835083280266336 95620279
1654835083861560140 392777421
1654835084491251115 115577936
1654835085161714555 93829596
1654835086088398618 106176240
1654835086360509535 185028555
1654835086975945678 306947022
1654835088161684553 93306828
1654835088188522362 17848638
1654835088683150654 95570822
1654835088779778432 116618436
1654835090561293185 96078814
1654835090575253234 98308229
1654835090871889785 206211993
1654835091062819462 81819815
1654835092078199398 188584082
1654835092261285098 195346291
1654835092770968511 93008339
1654835092976850804 108142941
1654835094266302290 181459859
1654835094371297024 96487165
1654835094476595005 98000826
1654835095280319753 195016345
1654835095779022469 216362668
1654835096276442309 186785253
1654835096984503529 699742631
1654835099189126889 111485761
1654835099481661089 120672095
1654835099685526508 17864320
1654835099686732981 100957703
1654835100061230581 194430831
1654835102184422942 122019581
1654835102483368424 94934757
1654835102685462076 21054779
1654835102972152393 111499338
1654835103161368235 200691765
1654835103469179726 182378068
1654835104486540128 19741693
1654835104792111452 23542304
1654835105087207489 116366171
1654835105674403474 187646279
1654835105675235395 500617983
1654835106569224174 200615114
1654835107780576142 11109632
1654835107797727345 12054432
1654835107909398528 17950993
1654835107910157424 28231559
1654835107962306331 73139413
1654835109567598556 102767804
1654835109880630776 291970594
1654835110469224988 95553835
1654835110472139472 482389059
1654835110681320896 100672262
1654835111070818297 196194827
1654835111361412507 99714371
1654835111482286762 120458137
1654835111563805930 192139856
1654835111876184679 205129990
