1654835417004137604 10090845
1654835417228031999 14906473
1654835420807925554 7332866
1654835421083801127 9008844
1654835422493594088 9151109
1654835423591164679 10329690
1654835424314059698 9191891
1654835425481790656 12241635
1654835426479533976 7963728
1654835426791412352 11991879
1654835427296865775 10348230
1654835427711893521 13264085
1654835429100147353 9198026
1654835430089688810 8942636
1654835431492067569 13273653
1654835431898977329 7765834
1654835432341102135 8844273
1654835432612531277 13209926
1654835432725809605 12021524
1654835432836084233 9567460
1654835433496088001 14087839
1654835433786083265 9468901
1654835435288327725 8782083
1654835436012215797 8690641
1654835437111020833 12082430
1654835437221968330 10078281
1654835437500900392 13178088
1654835437806051203 11775054
1654835438246120685 8859100
1654835438474047827 13551419
1654835438894646623 10051074
1654835439004131263 8551085
1654835440009158118 13227725
1654835443827582922 8996904
1654835444395142337 10309967
1654835444782714388 8432358
1654835445615106559 10475566
1654835446288302740 9290438
1654835446603918687 10156793
1654835446893298756 13471329
1654835447116930516 10332450
1654835447884843287 8247168
1654835448107174614 12659406
1654835449988766009 8697840
1654835450098920426 9525699
1654835450427746743 8670273
1654835451101885097 10766619
1654835451217944380 15321243
1654835453103714401 9137221
1654835453908971109 13121329
1654835454020234573 10668620
1654835454130041759 9200220
1654835454239617342 8923649
1654835455389305837 11530747
1654835455503913572 13329357
1654835457109288499 9346876
1654835457386859609 8953428
1654835457498980351 11409987
1654835457615954754 16415048
1654835457728796038 9741855
1654835458185693968 8594632
1654835458604450988 9286078
1654835459588114212 9636242
1654835460698597318 9516983
1654835461903819154 13397873
1654835462296776686 13216742
1654835463287372937 12059715
1654835463398914372 10828113
1654835463511165023 11537366
1654835463788656449 9233413
1654835464599592771 9109755
1654835465129456301 9477012
1654835465350633591 9385194
1654835465787503552 9728502
1654835465897982638 9833309
1654835466010209982 11650965
1654835467016864359 13539720
1654835468189495252 11054936
1654835468787443826 10809697
1654835468897125675 9093619
1654835469288917922 10358909
1654835470300327319 10025360
1654835471092085319 8046637
1654835471389134516 9064734
1654835472111284719 13957324
1654835472596241082 9513037
1654835474202948398 9883337
1654835474314472205 10912163
1654835474425400983 9708750
1654835474538414911 12418186
1654835474908627421 10097465
1654835475136466717 12866560
1654835475708140309 11054644
1654835476304014692 11764383
1654835476414037728 9412855
1654835477313149805 12155053
1654835477791305966 14317185
1654835479789007971 10025170
1654835481887085215 8786287
1654835482294584611 13111647
1654835482699576110 11983712
1654835482811770648 11159377
1654835484112802633 11391229
1654835484332538562 10470042
1654835484441022225 7984485
1654835484813228912 8799446
1654835485095451230 9477149
1654835487587466694 11440308
1654835487899982557 11357634
1654835488009217181 8666514
1654835488291941533 9866094
1654835488892991804 9941629
1654835489597958577 9100087
1654835489817729871 8954727
1654835490812627183 10014443
1654835490924976851 11600890
1654835491287219158 8779641
1654835491509164873 9194133
1654835491993216317 9076772
1654835492288013179 10175683
1654835492398190064 9597924
1654835492508785488 9769467
1654835493097098970 9624883
1654835493918313667 14676796
1654835494393477859 10405523
1654835496197170219 14496492
1654835496527053521 9012473
1654835497698064816 11423026
1654835497812673135 14041852
1654835498604130528 9047686
1654835499492074521 11890744
1654835499895892091 9293169
1654835500208281976 13149235
1654835500703504554 10342371
1654835501990284421 8200071
1654835502527105081 10472064
1654835503822658260 13103695
1654835504087549631 8862493
1654835504384429368 8200267
1654835504493422761 8381933
1654835505098441053 13239216
1654835506590449398 15196770
1654835506812517939 7613634
