1654834106780707610 95240068
1654834106787023452 312945272
1654834106891057193 9752119
1654834106897406891 9856299
1654834106899092837 10036855
1654834107236568222 9034852
1654834107327384234 19857454
1654834108478744655 77085192
1654834108991931974 11954664
1654834109182275423 85391030
1654834109280074567 8517328
1654834109297159270 14353611
1654834109390424633 9720390
1654834109983224473 11623486
1654834110084622450 12796912
1654834110461372789 178482990
1654834110561272814 179888320
1654834110761794055 90850622
1654834110888216384 19945677
1654834110994491730 13319116
1654834111184236990 20957608
1654834111298585917 10462122
1654834111596212179 12622891
1654834111782662697 21753934
1654834111792296705 31638129
1654834111972323982 74308889
1654834112099429076 26468104
1654834112183913577 92287235
1654834112273000539 12401010
1654834112873228162 84333052
1654834113062830479 78749629
1654834114060700191 86276025
1654834114113681591 9260806
1654834114391907808 31076776
1654834114691973066 31298626
1654834114696038972 12392444
1654834115072210177 10253563
1654834115175319926 14304235
1654834115186744756 11068298
1654834115366275926 76125701
1654834115770906109 105494236
1654834116085498421 12883551
1654834116092131763 8560877
1654834116294661267 28772524
1654834117300490870 9707127
1654834117470147084 94586508
1654834117493224476 32624774
1654834117494019965 14595992
1654834118383788732 9549536
1654834118582215002 95333230
1654834118782839713 10208005
1654834118804019363 13902800
1654834118806286775 8868755
1654834119311064524 9482432
1654834119423935723 12182451
1654834119487165703 15617510
1654834119583016287 22107723
1654834120081248473 110121593
1654834120290026169 25363980
1654834120405906066 9077341
1654834120500058957 19234785
1654834120688120325 27485205
1654834120689453104 7927225
1654834121387697439 85985279
1654834121785723502 18898791
1654834121802967543 19831871
1654834122387250560 26540665
1654834122696474483 13123250
1654834122806477664 16658641
1654834123184063297 14061091
1654834124391443573 15881183
1654834124500232314 12290067
1654834124695596675 24786465
1654834124889094137 14539501
1654834125170815345 176733565
1654834125190713841 16325011
1654834125478665236 182236071
1654834126173414183 87675337
1654834126870078547 85903511
1654834126891706119 12560857
1654834127574612256 12650377
1654834128484499120 10562193
1654834128485264989 9577514
1654834128675178189 77525399
1654834128984828717 11842156
1654834129461079564 100367034
1654834129472232104 99745329
1654834130361030829 88317858
1654834130374961120 83996391
1654834131566295024 66329703
1654834131588985975 9658569
1654834131775717949 82388246
1654834131979445650 93799591
1654834131988053366 10687330
1654834132176403046 77580845
1654834132386896939 104625309
1654834132861125263 193832301
1654834133361141380 100482076
1654834133366888124 180027583
1654834133486319820 19742611
1654834133661078915 74172295
1654834133788973349 12828083
1654834133901452639 13090927
1654834134066119082 58464789
1654834134206544823 20395142
1654834134279554720 86225773
1654834134283315788 11690639
1654834134377835447 11593737
1654834134389146637 9084137
1654834134391606041 7799941
1654834134894709940 13986283
1654834135378229740 82180053
1654834135382867450 13442221
1654834135489150313 9601940
1654834135869145534 106682697
1654834135985394742 12096230
1654834135997474471 11515521
1654834136184978550 13211182
1654834136187271802 80641668
1654834136680873648 83073901
1654834137182409055 10318305
1654834137966899330 101065947
1654834138166115861 93389616
1654834138674076691 11296144
1654834138874236051 96097266
1654834139370973244 102523139
1654834140097462706 9564177
1654834140192792946 10943628
1654834140305489563 12069556
1654834140306972306 9889489
1654834140415817183 9797111
1654834140491369799 10050280
1654834140561178730 44488261
1654834141061098219 274537461
1654834141482155210 114846847
1654834142392224612 9627573
1654834142563875275 72458263
1654834142590987924 10552163
1654834142694450434 10406339
1654834143500845685 7587290
1654834143671601276 60558502
1654834144782111666 94316622
1654834145572451702 9824906
1654834145761300641 82647056
1654834145788643903 21935967
1654834145961150594 66639512
1654834146176293303 15709104
1654834146385000505 102772706
1654834146385833586 96506503
1654834146386853342 10552453
1654834146581900702 89237864
1654834146879692377 76092046
1654834147161173274 154713169
1654834147192126948 25228933
1654834147804440920 17993627
1654834147861282778 70759171
1654834148272173896 11290080
1654834148376810147 73643443
1654834148519299108 26249443
1654834148570590223 75842299
1654834149009574930 20004348
1654834149161071535 80709862
1654834149776312795 92615318
1654834150290565312 17956873
1654834150392441943 9015234
1654834150578617554 80520359
1654834150580362094 19725740
1654834150776845881 90924742
1654834151085011700 203111103
1654834151375772928 91725663
1654834151770376511 84501674
1654834151771080013 83465471
1654834151988004750 108507323
1654834152191309699 12010450
1654834152282817195 8990614
1654834152574665312 95543417
1654834152761313247 81836312
1654834152894588851 8361359
1654834153579814672 107699163
1654834153886785314 8808085
1654834154194886496 12621849
1654834154291223241 8757654
1654834154483428495 17788422
1654834154582465415 12321901
1654834154777564260 98394239
1654834154976999098 13447287
1654834155012524303 20496009
1654834155170217668 8634366
1654834155266730049 67565834
1654834156372029102 83054559
1654834156573904782 95317244
1654834156576636581 90880286
1654834157161195475 82410215
1654834157377574554 9816324
1654834157476610811 13766899
1654834158330085710 9944763
1654834158399687884 9155429
1654834158581969322 21239913
1654834158967601814 185460441
1654834159270808341 90205365
1654834159279839760 81350085
1654834159387199025 13620979
1654834159477410627 74555722
1654834160281039876 20402153
1654834160384615516 9062948
1654834160390005113 8450772
1654834160777671126 117003978
1654834161261297668 273474190
1654834161375207595 12586517
1654834161473499891 77930911
1654834162187269914 26651560
1654834162582249021 10256988
1654834162617113031 25071040
1654834164472716101 112030417
1654834164671865632 72174969
1654834164783483876 10490122
1654834164799572627 13848916
1654834164883481261 10078627
1654834164892662558 8536464
1654834164922438176 11975648
1654834164993120021 9069240
1654834165102086569 8467811
1654834165211567356 8861181
1654834165682369153 79911694
1654834165795934476 14971759
1654834165798285048 13745484
1654834165966399659 69896357
1654834166094459592 26458110
1654834166096031811 11024002
1654834166200243432 10964604
1654834166208197357 11722906
1654834166683213711 11000620
1654834166785046458 24309727
1654834166998513047 11978402
1654834167182270103 88377811
1654834167360574956 71369519
1654834167370596206 9612815
1654834167985272020 12809956
1654834167987062658 12964693
1654834167987945806 11769229
1654834168277998211 185259698
1654834168484149561 16089314
1654834168961186053 178353407
1654834168989581303 12614349
1654834169087778337 12904683
1654834169199531206 8954852
1654834169211772881 10218685
1654834169461140353 145397582
1654834169577170975 10169902
1654834169676646784 74811483
1654834169874057959 91640211
1654834169879999646 11476856
1654834169999828521 19283977
1654834170099952406 10440788
1654834170174176679 8017945
1654834170894452674 19996181
1654834170909180986 27688849
1654834171073067781 12176683
1654834171286068630 9489418
1654834171295663504 11615438
1654834171572368589 111682210
1654834171767993728 79350929
1654834172477863133 13412401
1654834172861095468 78991338
1654834173067131407 89707490
1654834173361144802 100142603
1654834173485453860 9840779
1654834173881428335 92944799
1654834173977690555 8940678
1654834173991650170 9558935
1654834174473949036 12388204
1654834174797946900 17217895
1654834175374386989 12240948
1654834175790886285 14038996
1654834176200255192 13265526
1654834176286580641 10360130
1654834177386568813 25968727
1654834177571368860 76632106
1654834177578861774 86458526
1654834177761516678 82071313
1654834177771670783 79820074
1654834177786725849 9560090
1654834178287268613 14742865
1654834178375654292 13004063
1654834178402397544 12827725
1654834178986080006 14299505
1654834178990626854 14171111
1654834179361938363 266296835
1654834179386411096 12286823
1654834179561045632 75866783
1654834179985462333 19471905
1654834179991328416 15499913
1654834180188237474 27556451
1654834180302391623 12003026
1654834180411514884 8513829
1654834180522269023 9954263
1654834180978950393 191975566
1654834181104608967 14691590
1654834181281114699 74825788
1654834181484009984 11456995
1654834182687895131 98992884
1654834182861390091 75675243
1654834182878915076 89044883
1654834183084295999 8989850
1654834183371031761 9437165
1654834183584691026 24014075
1654834183681726939 104691206
1654834183874295578 73224872
1654834183961172658 86575321
1654834184670804551 191568898
1654834185377775675 12296706
1654834185561534743 77693972
1654834185584893240 101286138
1654834186671416382 78112581
1654834187097800073 11098676
1654834187176287031 9310604
1654834187206125102 17607437
1654834187292289693 11439230
1654834187592580367 13903057
1654834187704306771 17041761
1654834187791211568 9039454
1654834187961070673 88397951
1654834187984954895 23361008
1654834188661982870 66681291
1654834189271314979 81503313
1654834189388648929 16648095
1654834189587697545 21848632
1654834189591269316 14858510
1654834190884061981 15930672
1654834191161004813 170273557
1654834191309756294 9610922
1654834191586419426 25796787
1654834191974055792 199054885
1654834192092550739 12773575
1654834192392649335 11721433
1654834192771066106 91142091
1654834192980585850 103888246
1654834193177119548 12662946
1654834193190245605 12696393
1654834193289299685 11292042
1654834193681103327 13174542
1654834193966279380 87590456
1654834194673477217 9379481
1654834195465889568 169069887
1654834195694237355 13430181
1654834196190906994 21603616
