1655357942699781915 4
1655357943700968569 8
1655357944702201808 7
1655357945703408332 7
1655357946704573682 8
1655357947705358389 6
1655357948706523556 8
1655357949706930309 7
1655357950707612111 7
1655357951709374170 8
1655357952710565099 8
1655357953711852332 6
1655357954713238816 8
1655357955714405406 8
1655357956715589693 6
1655357957716758627 8
1655357958717925614 8
1655357959719092590 8
1655357960720252203 8
1655357961721427018 8
1655357962722373391 8
1655357963723545026 7
1655357964724719827 7
1655357965725125472 8
1655357966726290307 8
1655357967727456325 8
1655357968728643050 8
1655357969729819386 8
1655357970731012722 6
1655357971732210364 8
1655357972733378687 8
1655357973734536408 8
1655357974735696880 6
1655357975736854113 8
1655357976737147722 8
1655357977738603494 6
1655357978739803029 8
1655357979741189003 8
1655357980742370788 8
1655357981743336721 8
1655357982744823241 7
1655357983746657350 7
1655357984747428645 8
1655357985748590672 8
1655357986749757428 8
1655357987750940545 8
1655357988752100814 8
1655357989753149620 6
1655357990754336296 8
1655357991755052462 8
1655357992756216815 8
1655357993757197906 8
1655357994758596756 6
1655357995759980909 8
1655357996761155556 8
1655357997762325144 8
1655357998763508996 8
1655357999764463088 8
1655358000765126429 8
1655358001765495237 6
1655358002766663789 8
1655358003767833868 8
1655358004769002889 8
1655358005770188968 7
1655358006771369390 7
1655358007772530111 8
1655358008773153044 8
1655358009774653628 8
1655358010775839725 6
1655358011777011954 8
1655358012778210389 8
1655358013779377594 8
1655358014780270326 8
1655358015781149157 8
1655358016782322614 6
1655358017783501363 8
1655358018784681322 8
1655358019785850379 8
1655358020787002404 8
1655358021788170209 7
1655358022789353190 7
1655358023790528196 8
1655358024791693861 8
1655358025792862053 8
1655358026793675018 8
1655358027795162463 6
1655358028796329272 8
1655358029797524393 8
1655358030798696544 8
1655358031799855320 7