1655434629545655975 45
1655434630546451598 70
1655434631546616789 82
1655434632547805464 85
1655434633548461965 75
1655434634549691516 90
1655434635550510715 74
1655434636551287626 93
1655434637551853928 73
1655434638552733363 75
1655434639553151894 96
1655434640554299035 68
1655434641555517419 85
1655434642556701353 77
1655434643557936213 96
1655434644558776316 81
1655434645559624257 81
1655434646560745837 90
1655434647561882015 64
1655434648562418041 96
1655434649562918182 86
1655434650564064843 75
1655434651565203162 94
1655434652566513818 85
1655434653567577832 76
1655434654568752586 65
1655434655569974635 98
1655434656570512666 68
1655434657571687277 96
1655434658572808988 83
1655434659573071707 67
1655434660574222131 89
1655434661574440820 52
1655434662575605608 66
1655434663576751862 76
1655434664577060794 72
1655434665577469443 69
1655434666578310591 85
1655434667578432015 69
1655434668579318497 89
1655434669580522697 77
1655434670581700832 87
1655434671582496532 88
1655434672582672827 73
1655434673583876486 77
1655434674585087921 85
1655434675586249810 97
1655434676586482289 77
1655434677587681225 77
1655434678588909597 85
1655434679590081876 75
1655434680590456358 87
1655434681591632776 87
1655434682592293684 82
1655434683593465315 90
1655434684594401073 81
1655434685594669978 67
1655434686595840777 72
1655434687596642873 97
1655434688597835342 75
1655434689598450294 64
1655434690599682805 76
1655434691599868840 96
1655434692601134614 61
1655434693601443412 37
1655434694602307231 85
1655434695602483123 77
1655434696603694446 77
1655434697604799552 87
1655434698605888369 69
1655434699606370319 89
1655434700606480719 91
1655434701607530224 87
1655434702608736137 78
1655434703609913182 82
1655434704610421693 80
1655434705611599612 91
1655434706612790536 83
1655434707613988899 67
1655434708614310182 98
1655434709615526905 75
1655434710615763630 68
1655434711615915349 77
1655434712616164563 88
1655434713617349339 80
1655434714618362892 84
1655434715619524607 67
1655434716619697433 96
1655434717620881848 79
1655434718621056790 66
