1655358249722840731 21
1655358250724254491 20
1655358251725122175 23
1655358252726309081 21
1655358253727137560 20
1655358254728925913 24
1655358255730529482 24
1655358256731811123 20
1655358257733211857 18
1655358258734392086 19
1655358259735064142 23
1655358260736239247 24
1655358261737223450 25
1655358262738394009 22
1655358263739492327 21
1655358264740683088 26
1655358265741424112 25
1655358266742639807 23
1655358267743245423 23
1655358268743524432 20
1655358269743947495 22
1655358270744561732 23
1655358271745642689 24
1655358272746820007 23
1655358273748012629 19
1655358274749199354 20
1655358275749693542 22
1655358276750865072 21
1655358277751191379 20
1655358278751650919 24
1655358279752830628 23
1655358280753698074 23
1655358281754375142 24
1655358282755577173 21
1655358283756771837 17
1655358284757815151 24
1655358285759025042 21
1655358286760779461 24
1655358287761215131 20
1655358288761870351 20
1655358289762948744 20
1655358290763394108 24
1655358291763696955 22
1655358292764859785 21
1655358293765187759 21
1655358294766060837 21
1655358295767842646 24
1655358296768286327 23
1655358297769156667 24
1655358298769414349 21
1655358299770586051 20
1655358300771617338 21
1655358301772544550 22
1655358302773120019 23
1655358303773666206 25
1655358304775170822 21
1655358305776459434 25
1655358306777655993 18
1655358307778814453 24
1655358308779216484 20
1655358309780455281 24
1655358310781511591 23
1655358311782671273 15
1655358312783848996 22
1655358313785109877 22
1655358314786265985 20
1655358315788071879 22
1655358316789409322 23
1655358317790685925 22
1655358318791849766 22
1655358319792719941 23
1655358320794430644 21
1655358321794738419 20
1655358322795846830 25
1655358323797090169 24
1655358324798710378 24
1655358325799897867 22
1655358326801084927 25
1655358327802261634 20
1655358328803438220 21
1655358329804632796 20
1655358330809143605 24
1655358331809365381 21
1655358332809578396 25
1655358333810738772 24
1655358334814089753 20
1655358335815299146 26
1655358336816483198 21
1655358337817193693 21