1654901001397445715 11934955
1654901001772423214 302114471
1654901002887389296 221559454
1654901003384133441 117138808
1654901003388967953 28263478
1654901003767168870 188495406
1654901003890059121 110102746
1654901004068987312 202954355
1654901004161734039 180226819
1654901004368413751 96263654
1654901004374542965 88433017
1654901004685624478 118817145
1654901005061311442 172422196
1654901005189725777 19803790
1654901006083904184 107855536
1654901006361774158 95677913
1654901008262159836 101498946
1654901008579619241 195861302
1654901009266384649 105349844
1654901009380211314 211556776
1654901009974007346 313341364
1654901010189266422 23054958
1654901010578090196 217363224
1654901011588391221 19607490
1654901011761162934 161301238
1654901011766115952 100145897
1654901012362035459 198478444
1654901012362969099 201847191
1654901012987790771 215357459
1654901013988153022 299939134
1654901014678292402 116603274
1654901014781996005 119285534
1654901014904044917 19413062
1654901014905121136 18003604
1654901015180146294 197755219
1654901015264923463 204270696
1654901015373421847 94356435
1654901015472194968 110742264
1654901016275060580 192133420
1654901016561381295 100622529
1654901016776668365 116022384
1654901016966384669 180246323
1654901017478807426 104335656
1654901017480149471 114077573
1654901017761372006 172650897
1654901017776673528 106124829
1654901018166725767 105998690
1654901018167550090 184098615
1654901019084688260 212259917
1654901019762144895 259704156
1654901020066547689 561619468
1654901020495949965 19495168
1654901021177119673 388456758
1654901022161372340 92767159
1654901022283054658 121472314
1654901022577739211 104631885
1654901023163491850 102806782
1654901023167848902 91720188
1654901023672568478 384566677
1654901024399448594 30936448
1654901024462528968 93698936
1654901024969487837 397213802
1654901025861134130 185500609
1654901026174830937 108102456
1654901026466540794 180095342
1654901026668825664 181910395
1654901026780402165 111229408
1654901026961780550 95771258
1654901027088973275 18109048
1654901027108662311 27152162
1654901027109585310 29832890
1654901027183591700 83544359
1654901027462663730 194148009
1654901027487654005 17394669
1654901027670177335 109124055
1654901027877796155 217036161
1654901027884018564 308204910
1654901028781979265 96304454
1654901028961938121 289506517
1654901029703045696 19242699
1654901029979690849 190871262
1654901030383637355 212181485
1654901030663462509 89776025
1654901030871627672 92850981
1654901031661528351 81228436
1654901031686076086 22309127
1654901031966513675 280302801
1654901032062657700 196570230
1654901032069418530 281431724
1654901032461231561 200560978
1654901032680189896 116746236
1654901033482965811 300994439
1654901033577835740 205883675
1654901034084025889 107042897
1654901034684388848 112668202
1654901034875233858 103010213
1654901034990029164 108879415
1654901035782950876 97228475
1654901035789133946 17330532
1654901036388694936 422011766
1654901036561962006 88418148
1654901036861735002 95855882
1654901037087042562 121030557
1654901038361421502 500675354
1654901038362278392 572851017
1654901038561623151 98547846
1654901038574976794 90877032
1654901038967399881 278181025
1654901039596226732 110989671
1654901039661566378 184076906
1654901040361538968 90957086
1654901040493001107 19504205
1654901040762239155 164849465
1654901040985356117 395696718
1654901041278019412 116707932
1654901041406568969 20356558
1654901041414319747 25771094
1654901041417156700 33731292
1654901041418410421 18832752
1654901041474387426 13012196
1654901041533780399 26351569
1654901041579194937 62503799
1654901041587588056 68414223
1654901041680426368 101001613
1654901041688503371 16056378
1654901041879764338 118155314
1654901042978282854 111991078
1654901043466700442 193941054
1654901044862168096 199520333
1654901044872852140 197718670
1654901044978292284 11581170
1654901046884118767 119345209
1654901047366857959 279080828
1654901047388530251 121235133
1654901048266557388 405718841
1654901048386853820 25661455
1654901048394435284 12831951
1654901048676962097 178935125
1654901049586165130 121744693
1654901050083165420 211920658
1654901050361596690 100191969
1654901050382893744 99218488
1654901050661478092 99780460
1654901050761881262 278592494
1654901050968115077 191529505
1654901050982013154 98411001
1654901050984811505 222439679
1654901051480384727 379411719
1654901051861408938 176698547
1654901052089185829 27439223
1654901052676445198 196694403
1654901052680529638 219771067
1654901053086101138 218127621
1654901053784179530 203304734
1654901053866608503 183961886
1654901054161438437 182719569
1654901054181498946 193259999
1654901054272094819 108373914
1654901054366416345 193691409
1654901054576620556 297768385
1654901054681717567 108653836
1654901054861242644 94478026
1654901054870356635 182446748
1654901055187744079 226869483
1654901055461664123 81012900
1654901055479616215 13381568
1654901055876961212 215799559
1654901056361378838 186246960
1654901056480813456 107332761
1654901056487168612 105169624
1654901056876327446 310383518
1654901057076956402 206715834
1654901057487204230 116047368
1654901057686872895 113192505
1654901058961148997 187708691
1654901059389146858 222830525
1654901059570040604 180396993
1654901059784870888 107808080
1654901059882794573 109023052
1654901059890061965 28689479
1654901059965412717 190620072
1654901060081362229 120136528
1654901060285696032 210956458
1654901060369078283 96546170
1654901060381984178 15444774
1654901060661465464 100723031
1654901061061372766 189247946
1654901061180014715 92572308
1654901061182667745 203751526
1654901061686890067 297574517
1654901062378652453 103291788
1654901063262037596 401342320
1654901063782858617 219936631
1654901063962895138 96578310
1654901063982035808 104494310
1654901064261776099 193578505
1654901064661165869 187413501
1654901065289894768 22117680
1654901065293802576 22259247
1654901065297655165 23153667
1654901065681909406 221083794
1654901066570294044 209396548
1654901066673962090 298465720
1654901066775879189 95425934
1654901067063952233 174729502
1654901067673057329 212101761
1654901068772583740 108902988
1654901068861519455 100232398
1654901069077794265 117097713
1654901069761697375 91965636
1654901070079653723 191647065
1654901071082747258 299299009
1654901071474649824 212742318
1654901072061219990 200456422
1654901072184917805 120509980
1654901072360921095 74598400
1654901072405329393 20858670
1654901072571698203 169080103
1654901072661409601 93578902
1654901072972445850 195595112
1654901073077818682 198270512
1654901073665228282 204453982
1654901074083768280 288296951
1654901074472211865 200338126
1654901074561161555 189570108
1654901074675855145 94505620
1654901075261286078 199314257
1654901076167607975 100135382
1654901076361366626 92960127
1654901076671656822 309857974
1654901076784489530 218614903
1654901077161681028 93488619
1654901077569680350 183900697
1654901077572271558 184781476
1654901077675827958 94377100
1654901077868729223 107294577
1654901078171740617 305269833
1654901079082666891 294850781
1654901079478071912 111244145
1654901079484744171 217007130
1654901079585063640 20211666
1654901079586196339 16087875
1654901080972701593 188495451
1654901080986530436 25319876
1654901081061746529 97086160
1654901081181068985 18122340
1654901081276892623 13740954
1654901081584736278 203073291
1654901081683891762 112992018
1654901081770315747 104326509
1654901081867892067 106976602
1654901082061691929 187819832
1654901082486283080 11280218
1654901082679610300 113542827
1654901083179774694 293246958
1654901083461372691 89368014
1654901084986243604 112086346
1654901085573564641 294160673
1654901085790236904 205098457
1654901086361958809 284404700
1654901086761459034 174620934
1654901086969393424 103168233
1654901087271972028 198472137
1654901087561245482 288678932
1654901087578329406 190708032
1654901087779710878 113144006
1654901088466103315 585507447
1654901088761603978 94467429
1654901089661138788 173712803
1654901089969960804 104017804
1654901090078313016 202839865
1654901090377909704 217150697
