1654901394363751505 1569867075
1654901394372262962 1578971085
1654901394377779381 1583393793
1654901394462714796 1601460024
1654901394473010888 1496563383
1654901394564215229 401164161
1654901394984042853 122180502
1654901395077958964 498828943
1654901395084479285 318645700
1654901395666437516 493958082
1654901395871158103 594453791
1654901396861471805 388829767
1654901396963602019 692227303
1654901396970432000 208671925
1654901397961328223 487921646
1654901398083055232 311325020
1654901398461490702 481051889
1654901399171501315 910775577
1654901399367063412 594532301
1654901400371853206 705045262
1654901400961934287 476702240
1654901401164643509 687220452
1654901401472593824 206645319
1654901401562610182 599931243
1654901401570906173 398166139
1654901401571725564 191036803
1654901401979449359 518711209
1654901402272718515 1109188317
1654901403461996220 377606750
1654901404577396403 316371174
1654901404785740796 517342902
1654901405373030145 505120301
1654901405969607293 1183308121
1654901406362459843 396136561
1654901409177612635 197094105
1654901409782919075 406110571
1654901410368858817 505169138
1654901410380601648 397484624
1654901410667981131 197052310
1654901410861608409 776658905
1654901410962450430 384443080
1654901412084224917 710318769
1654901412270437016 209402012
1654901413172450176 806548281
1654901414270109770 484010779
1654901414477761230 804159835
1654901415887023179 205053453
1654901416078233774 207317485
1654901416384526130 617135686
1654901417172202847 590939621
1654901417270378408 709679375
1654901417361546641 1100557148
1654901417473248129 212411510
1654901418082265372 411762951
1654901418363500485 695078752
1654901418364826647 490531966
1654901418472390065 594948997
1654901418977749775 496866837
1654901419282527301 521807379
1654901419567007108 1095993175
1654901419676803273 695553408
1654901419778712744 897412100
1654901419779905042 314411855
1654901420376722339 403694955
1654901420761724862 478218133
1654901420967694641 589771286
1654901421866623297 378700793
1654901422586644570 325724796
1654901422981960251 315986775
1654901423475409219 301644234
1654901423772169269 701168549
1654901426769850315 307147315
1654901427779295376 506384652
1654901427882834474 216052045
1654901427969303179 203086448
1654901428062006050 594446398
1654901428081043117 217512015
1654901428265684855 203148021
1654901429380447421 719233112
1654901429678780242 712174400
1654901430868948165 689751323
1654901430874967238 398870186
1654901431061866467 280193126
1654901431283623644 109968066
1654901431673438674 495459163
1654901432182390524 898591625
1654901432461216365 489416187
1654901432786785281 710528771
1654901433078716734 593572193
1654901433168506314 596141689
1654901433580496227 214490460
1654901433764527849 403800774
1654901433861492983 185540175
1654901434473445137 512552785
1654901434578635260 114945453
1654901435361407259 782195390
1654901436074399913 491296284
1654901436184604477 223284580
1654901437076438614 511620752
1654901437283827188 206892742
1654901437969535583 688138166
1654901438275259779 714349705
1654901438277005082 794863478
1654901438363823232 197630454
1654901438364718799 697047361
1654901438463002582 577342635
1654901438861658422 395108732
1654901440166671926 205586275
1654901440484861914 605033704
1654901440675360159 491451382
1654901441185155103 113507035
1654901442061693997 1095447080
1654901442483138476 296314785
1654901442561490475 499194648
1654901444179935546 1111904564
1654901444285029409 408635519
1654901444461647600 387761968
1654901444763305999 102612199
1654901444961738556 394304662
1654901444975718092 305851163
1654901445269065295 582927479
1654901445871446505 1110603608
1654901446076405781 796918185
1654901446170771688 602889005
1654901447080983351 215186153
1654901447961468040 186403972
1654901448981131934 608742139
1654901449768278758 302092829
1654901449863277837 602595074
1654901450469251867 493233231
1654901451474913428 303473184
1654901451475951570 594998340
1654901452261466542 283607014
1654901452786878719 701323657
1654901452965250267 781655662
1654901453165519901 589119939
1654901453577917608 501011867
1654901453987233689 1021636321
1654901454461754744 298862908
1654901455272594363 495849207
1654901455461659514 895038228
1654901456573384523 412738007
1654901456961378737 473557178
1654901457863447525 477227617
1654901457885869811 203663635
1654901458061268269 598578599
1654901458366606918 483197020
1654901458473612594 202119056
1654901459162030997 478548013
1654901459585592214 124220800
1654901459880991711 314522597
1654901460486743385 402422126
1654901460661362692 395469989
1654901460775731529 414898191
1654901460967790167 305830998
1654901460986199536 617043030
1654901461178724467 302526167
1654901461185874997 312000984
1654901461362966933 380560389
1654901461561901180 581848857
1654901462669146042 802316035
1654901462863187171 1502511781
1654901463582660827 419968604
1654901464272713374 600041172
1654901464375181381 504203283
1654901464579852264 413123509
1654901464680105647 703857840
1654901465572607074 402051232
1654901465664781818 386983207
1654901465961418067 479851980
1654901466478898586 306599951
1654901466580543337 317459918
1654901466866576709 202594722
1654901467077654201 311842247
1654901467262717846 397459171
1654901467263825016 280797981
1654901467283714516 422827886
1654901467882286949 414921985
1654901467967052110 280431181
1654901468172132175 605476781
1654901468281420904 495308451
1654901468482225793 309410723
1654901469068377999 994236938
1654901469081313532 412351927
1654901469282730525 496640700
1654901469678827144 302914701
1654901472476942924 405837429
1654901473576949031 511044652
1654901473877233675 211278200
1654901474369892551 209094589
1654901475861537566 379469408
1654901475877822148 298926756
1654901475879209862 300630402
1654901476277753119 116139296
1654901476373801266 389254012
1654901476461178651 179930440
1654901476769469552 403640816
1654901477077041569 210842525
1654901477278126097 712080180
1654901478077204932 890806278
1654901478283643061 405085657
1654901479374930501 97475268
1654901479687311018 418515626
1654901480684445727 1117827180
1654901480766675970 384718116
1654901480881846956 920772796
1654901481268185182 607465376
1654901481461223738 479402625
1654901481680320721 508127222
1654901481865437588 294749861
