1654901923578196399 779442998
1654901923665931908 878403891
1654901923668303528 879136378
1654901924277636095 411223617
1654901924861631757 99059221
1654901926263920806 194323032
1654901926472082529 207676829
1654901926562757733 186474007
1654901926672743180 206324132
1654901926976731339 96301392
1654901927876301464 301509965
1654901927978004649 110579620
1654901928188551174 119410946
1654901928361513084 387000916
1654901928661236126 600535316
1654901929380428057 303402763
1654901930566124390 905080119
1654901930980541867 490918578
1654901933479824444 119103097
1654901934084847474 218943229
1654901934862095691 94274566
1654901935961271037 678768632
1654901936285656641 307477268
1654901936286855294 504824192
1654901937162436339 300078593
1654901937261544919 195165715
1654901937483036194 122296616
1654901937983507910 104502173
1654901938266808793 203592996
1654901938289864657 218785182
1654901938467499086 279746327
1654901938561746024 395473709
1654901939161951167 574084818
1654901940961165911 185365269
1654901941061479832 185783657
1654901941162286293 199726248
1654901941172560874 97847769
1654901942065145253 292159405
1654901942173459888 694707257
1654901942481474894 415627186
1654901943761885432 295679447
1654901944562623284 384079130
1654901944661427396 200779785
1654901944779836420 112209951
1654901944868560168 107327563
1654901945866659360 105948876
1654901945961483467 198059887
1654901946361393356 187174148
1654901946785752952 325051935
1654901947161227889 296873784
1654901947162614012 182757615
1654901949478971211 301798182
1654901949480224595 397165844
1654901949877471150 205957988
1654901950180999886 197329485
1654901950471781328 110829107
1654901950861381647 271647561
1654901951284287806 297801059
1654901951285281885 324489067
1654901951385610358 123806650
1654901953272110282 511064217
1654901953664329863 291128261
1654901954684941387 213072907
1654901955082399754 211431929
1654901955763469110 778334219
1654901955978566620 295182969
1654901956267808661 186485671
1654901956272961787 98359282
1654901956688479294 122200716
1654901956769126699 102610262
1654901958077920158 397297270
1654901958580848728 314815643
1654901959679527451 603581823
1654901960085195008 124212972
1654901960185566556 323330986
1654901960467862443 292075745
1654901962861761615 282364927
1654901963471557683 387759252
1654901963773508391 503537807
1654901964072059400 111209103
1654901964082517248 112025707
1654901964385581384 113480448
1654901964482571145 108658231
1654901964584211171 115329788
1654901964585311591 99076109
1654901967167727831 106733493
1654901967362018791 390277841
1654901969081405853 206615510
1654901969461677733 374507731
1654901970061663623 200753635
1654901971785781408 318335183
1654901972987733738 102188395
1654901973374462100 213136386
1654901973784439347 322311713
1654901974561997204 201004208
1654901974769781365 308890338
1654901974868959432 185630308
1654901974961618135 173642661
1654901974984497584 103446400
1654901975261606438 179654914
1654901975361406461 191700392
1654901975477677424 215891656
1654901975871369809 200386810
1654901976461857480 186865451
1654901977862329081 287416180
1654901979087077388 323121854
1654901979977437808 311304913
1654901980166900709 390211574
1654901980483299189 122322733
1654901980487653515 210657293
1654901980771618506 197148755
1654901980782051548 113116044
1654901980862885284 279290428
1654901981366803018 405154301
1654901981480166465 193751965
1654901981861844132 275111553
1654901981961591903 195031154
1654901982769818482 491879031
1654901983169691167 293808318
1654901983862183859 175721330
1654901983972078054 109322258
1654901984067652237 185258187
1654901984083920151 402279562
1654901984261547936 187717321
1654901984461904875 479328740
1654901984562095729 192944626
1654901984577820968 398852735
1654901984774507521 102735806
1654901985468927779 302607797
1654901985489896373 24060869
1654901986188216698 499963387
1654901987388934125 218312627
1654901988561695911 185233913
1654901988583235000 122302673
1654901988661638117 180679407
1654901989062724954 180018318
1654901989066459447 305133986
1654901989081745367 120944240
1654901989562550407 100933770
1654901989979256207 297068425
1654901990073997430 289252928
1654901990270711826 187801547
1654901990275501478 113022557
1654901990362629249 191361501
1654901990363761174 96931017
1654901991171717640 710643669
1654901991365677552 390466382
1654901991889921731 304975843
1654901992079000027 317232456
1654901992581070850 104027225
1654901992781305671 214483977
1654901993088443549 304254197
1654901993267143945 387071566
1654901995088551231 126555553
1654901995379658737 111591050
1654901995861550596 189872102
1654901996166276933 189865967
1654901996666657287 198831192
1654901997061800754 380754353
1654901997466017056 378008957
1654901998062296412 389840264
1654901998165643638 277054047
1654901998176988955 412672376
1654901999088786203 202225243
1654901999871786315 484298488
1654902000779082440 409670112
1654902000985159587 23514820
1654902001073402162 101667016
1654902001162257876 289497328
1654902001369448639 107000587
1654902002173846728 310270615
1654902002463431832 277463843
1654902002464685155 91881337
1654902002762956394 184551023
1654902002961440928 295252420
1654902003471686300 393885053
1654902003867678450 291946366
1654902004175682669 293837417
1654902005974060493 295781668
1654902006362806978 396655762
1654902007068518541 96236087
1654902007485372981 213716195
1654902007561631195 99067527
1654902007680429592 194578647
1654902007879085852 198225312
1654902007971824160 310814426
1654902008076015481 201161797
1654902008779165254 316512665
1654902009061668157 90264608
1654902009770276328 304205465
1654902009863484086 374740077
1654902011962027228 101158176
1654902012675646775 385935709
1654902012962052289 285880705
