1654902187462426975 1481529871
1654902187666535481 279070128
1654902187683544379 599969925
1654902187784787005 20708167
1654902187970407592 194820870
1654902187984405994 223141121
1654902188481032634 220054846
1654902188870197705 703706691
1654902189672120920 1491539030
1654902189761533193 187307553
1654902189882704817 198679124
1654902190061074404 190381869
1654902190366634552 288244904
1654902190562798185 290822960
1654902190583181405 314481757
1654902190761385075 499886226
1654902192265739569 377067096
1654902193266969769 694237629
1654902193571505463 194571727
1654902193675185724 900119322
1654902194062593649 1381825201
1654902194661381918 299474053
1654902195172771868 607004430
1654902195563113080 378426818
1654902195785039868 102849701
1654902197087268303 719847758
1654902197380288654 112529026
1654902197961328925 295222677
1654902198585963917 417563719
1654902198783072428 396775967
1654902199169321212 197794726
1654902199179627869 318520268
1654902199361771689 474163485
1654902199875727036 401473484
1654902200168972102 403149522
1654902200271909828 491668800
1654902201267765997 297140188
1654902201461277635 93324383
1654902201476255590 106463315
1654902201561272443 189840769
1654902201761318885 380655625
1654902202076083717 198421297
1654902202961225678 595332819
1654902202967246418 385668942
1654902203573466088 387009161
1654902204370257964 196301659
1654902204663823669 587746256
1654902205565074857 885307084
1654902205981666004 505216936
1654902206182130903 1494283837
1654902206361305703 800467004
1654902208887023276 211612084
1654902209484957324 220124144
1654902209761155857 176104988
1654902209762220593 196292747
1654902209763159892 288315733
1654902209974499730 613742932
1654902210078538175 190459714
1654902210274040118 299208552
1654902210486242969 299690342
1654902211575175631 295436167
1654902211667267213 297614324
1654902211880532827 194884623
1654902211972440151 197208529
1654902211981443817 120651854
1654902212861172780 295076759
1654902212982051516 120434434
1654902213083311691 206254767
1654902213161181502 291527038
1654902214081572444 508977356
1654902214372015471 311364905
1654902214482015452 109554887
1654902214780402699 214096729
1654902215361384096 485331525
1654902215461217981 582257008
1654902216563758814 500956983
1654902217461653322 295185711
1654902218186072242 219450101
1654902218761304173 388109725
1654902218769509105 790495735
1654902219067972548 306162512
1654902219080315394 497638714
1654902219477006120 304827783
1654902219566494432 405606430
1654902219770817235 293491016
1654902220281626047 114716175
1654902221281942196 100714494
1654902221861622510 582440200
1654902221980588040 219823512
1654902222471488720 499889459
1654902222580434894 119740547
1654902222668406110 606830639
1654902223161988608 384253336
1654902223787079130 206048490
1654902223961367205 393238645
1654902223962855355 582423357
1654902224466104780 105340456
1654902224961047122 591081535
1654902225671478435 202971657
1654902225779005085 314992578
1654902226066698296 193492179
1654902226282423627 398723473
1654902226565194871 498125411
1654902226566017809 577731504
1654902226686558604 204709956
1654902226861411611 100727820
1654902227187416733 504826273
1654902227266683816 294441326
1654902227473123161 705962726
1654902227683267300 512307980
1654902227966400882 188838433
1654902228883448828 522607789
1654902228961666788 700909160
1654902229179571710 190879081
1654902230485842510 699594853
1654902231084011782 312322208
1654902231281516382 202208375
1654902231373663136 100394776
1654902231561410099 296391024
1654902231763481182 378885852
1654902232874808997 297528821
1654902234085697081 522256253
1654902234174675665 487148379
1654902234386980426 515760424
1654902234564721760 179870309
1654902234581964212 307466441
1654902234763525965 297408156
1654902234882398051 321586424
1654902234972046680 691841194
1654902235176602679 314195781
1654902235362507715 185405669
1654902235488868730 407719505
1654902235564214593 297352862
1654902235673459056 388696916
1654902237586736964 604579673
1654902237681753781 519102821
1654902238271731715 485833251
1654902238772166777 287093270
1654902238783700017 315562455
1654902239268910324 202468723
1654902239561967228 401288008
1654902239984782641 322618458
1654902240261201128 478708465
1654902240963155772 397213367
1654902241482287900 307830284
1654902242084671172 210815948
1654902242184872918 205078841
1654902242265297040 180162388
1654902243366378180 401299331
1654902243866735392 279674901
1654902243985683758 305917560
1654902244090031348 222903212
1654902244684626278 503053303
1654902244784115418 723296045
1654902245279268880 315017719
1654902245877307319 306055266
1654902245974753728 308404542
1654902245987020083 125969261
1654902246066303302 191280046
1654902246461368248 277233818
1654902246671595132 485350369
1654902246864217704 298392248
1654902246881903631 116090334
1654902247081867810 207624111
1654902247473501100 409335903
1654902247780417920 515761829
1654902247781019786 413255363
1654902248261426818 577292847
1654902248380028371 400724223
1654902248666484541 605743758
1654902248768354529 387780478
1654902249775202688 696072986
1654902249861501188 298617301
1654902249960856843 298226289
1654902250172966959 102075139
1654902251084927855 311623877
1654902251087154250 221734523
1654902251469098762 302361261
1654902252285679327 200570139
1654902252468133005 589578473
1654902252587169522 499439733
1654902253766678423 695495512
1654902254563821095 200103208
1654902255078950685 399371837
1654902255181088277 112682799
1654902255272676516 412001005
1654902255380185567 309108648
1654902255467107891 288577400
1654902255785547071 306749731
1654902255975238830 396403846
1654902255976283832 412530090
1654902256161144177 193581903
1654902256779694423 292602196
1654902257971613336 600032883
1654902258182013622 300125895
1654902258269442401 387916693
1654902258888527541 323966795
1654902258978544780 702363624
1654902259275309400 389673578
1654902259867843090 686363331
1654902260267575630 306868812
1654902260678750325 616835977
1654902260779758755 510065315
1654902260965258627 379517189
1654902260985802655 225178043
1654902261461405534 274703372
1654902261866290035 292289044
1654902262061201131 289049867
1654902263075397443 501515557
1654902263783505962 114358466
1654902263885740398 307526449
1654902264272427826 695711836
1654902264873033663 406381491
1654902265185872438 213992208
1654902265768786472 301869643
1654902267061211969 399296769
1654902267666986697 588327895
1654902267761954380 699924988
1654902267765545858 199425207
1654902268162446975 292848372
1654902268573183774 512450729
1654902268574041141 808267749
1654902270171522205 685361960
1654902270764698455 393730187
1654902271173149062 387831810
1654902271260919976 789594699
1654902272482383236 302606838
1654902272675116221 504150889
1654902274081170204 405925270
1654902274775051762 308236819
1654902275863319097 102568895
1654902276068238907 203879231
1654902276077513088 115617477
