1654903636669700892 692018343
1654903637169833646 279097945
1654903638261736546 692648619
1654903638689004013 325416897
1654903639177311278 1105361614
1654903639665586740 493773636
1654903640586503487 208078811
1654903640961625971 676036945
1654903641376837200 204765068
1654903641781308799 407676966
1654903642379221875 613381943
1654903642380209068 215904084
1654903642775322001 290376778
1654903643078366026 510738587
1654903643186169188 507433025
1654903643774432366 605852925
1654903643976744814 200709438
1654903644277256269 414953928
1654903644861301088 1082503616
1654903644977298014 512690773
1654903645471963470 311277903
1654903646490324130 712606633
1654903646869999002 693902670
1654903647381804519 294737535
1654903649864322499 388792602
1654903649867145827 405980868
1654903650664433576 689454127
1654903651483207901 606491108
1654903651786309453 323091181
1654903651984613445 112772140
1654903652972521123 286880837
1654903652975168515 814361989
1654903653089204419 311551205
1654903653761442588 380454533
1654903653969212316 293210158
1654903655381224284 494870968
1654903656984115453 220082593
1654903657176735432 799502365
1654903657467270725 706337922
1654903658887693005 1302030748
1654903659089662134 420910962
1654903659767379300 103736475
1654903661476608440 708469100
1654903661776313506 1295205320
1654903662573453450 390036270
1654903663487928063 420296390
1654903663761818268 373095449
1654903664088799405 114201172
1654903664170398150 103518319
1654903664268246231 198717737
1654903665681002381 611327609
1654903666270264796 303670154
1654903667567707568 1206903328
1654903668375508287 494705547
1654903670170290329 200664295
1654903670863717387 399012690
1654903671277117381 278133378
1654903671889086683 423143161
1654903672161475513 600828159
1654903672461638552 299605132
1654903672562107572 288201441
1654903672770453498 398754015
1654903673770249448 991557179
1654903674477836766 511922797
1654903674479094557 504689109
1654903675071950666 205802688
1654903675267402726 687818734
1654903675473560449 296874075
1654903675986512548 307459254
1654903676561705181 188755259
1654903677077250473 310475899
1654903677483604501 704950895
1654903677972927578 1098500932
1654903677974913278 114091402
1654903678076989024 711213130
1654903678561457321 299480189
1654903678861299732 684457863
1654903678982648079 497200223
1654903679779828806 495885394
1654903679782540103 301815564
1654903680284451585 1123687689
1654903680369509389 285908901
1654903682463627912 795827960
1654903682480198043 219436187
1654903682561452858 100314968
1654903683088460600 509804801
1654903683584973537 218936741
1654903683782805887 314102582
1654903684377218570 492513959
1654903684463896812 886977127
1654903686178041367 517250715
1654903686364044748 473299143
1654903686485115969 1924396544
1654903686864984564 98359516
1654903689573833575 313122812
1654903689582323247 495237367
1654903689890221783 421122223
1654903690871210144 898497910
1654903690991033823 627539681
1654903691475439724 99736763
1654903691681611728 718681374
1654903692480312748 502830954
1654903692761353583 793580093
1654903692870756273 890790234
1654903692961622521 178999291
1654903693077665209 916583160
1654903694761500405 583758314
1654903695572514908 397749922
1654903695961431792 598308306
1654903696082721689 393610979
1654903696261363987 273466487
1654903696763394484 184414946
1654903697764493113 675724121
1654903698183540267 995904703
1654903700275691280 192626749
1654903701275415806 906982446
1654903702280775115 398829426
1654903702589925552 509187067
1654903703070902485 905159890
1654903703172220814 307142970
1654903703461614013 681668823
1654903703890241809 612508616
1654903704482396339 413688093
1654903705579322818 590342098
1654903705872811377 409007701
1654903706863475574 573574776
1654903707088437028 607767893
1654903707579976068 389247209
1654903708167398888 486629773
1654903708566787657 591672970
1654903708567853088 580652255
1654903709079791715 410166063
1654903709461457387 577321268
1654903710189259154 513591241
1654903712371272980 990521967
1654903713191004518 215582718
1654903714188647133 215527883
1654903715365894239 1064266160
1654903715462077452 184013305
1654903715568168724 205025467
1654903715780430286 308637137
1654903715789488115 326072313
1654903715866953481 200328485
1654903715877234824 202553106
1654903716163965987 296332907
1654903716662508174 783597321
1654903717275472315 497757786
1654903717676492363 902651880
1654903718089436936 298346948
1654903719161887843 301094669
1654903719683421596 402423248
1654903720365104912 598456800
1654903721189175903 405519567
1654903721666414047 204486284
1654903722089068758 128062654
1654903722267155177 479285719
1654903722885754654 106583346
1654903723170202920 209507002
1654903724561533381 570799452
1654903724563773052 494276209
