1655359327729988677 926359193
1655359328700817086 507879629
1655359329889447062 787032612
1655359330795969242 507295904
1655359331991480244 989357158
1655359333200737967 808810817
1655359335395879373 1598932712
1655359336901307362 1109115853
1655359338203032785 1098746552
1655359339100776783 605417327
1655359340895701909 1303007185
1655359343600682950 1711781241
1655359345195114784 1289039545
1655359346700651850 1107821007
1655359347591079046 390678784
1655359349000718309 807736530
1655359350807515882 1405478083
1655359351700640006 603944573
1655359353090705523 1090467408
1655359354592761393 1092829669
1655359355501321566 610860290
1655359357389723521 1292689757
1655359358890980880 1081058130
1655359360500664514 1010050551
1655359362389100194 1198146206
1655359364399379900 1601958620
1655359365702920861 1010309142
1655359367603273175 1312630152
1655359369404283104 1214443991
1655359371295413895 1106278317
1655359372891373645 1195707410
1655359374400443438 1203492141
1655359375996773827 607939556
1655359377100721597 899455516
1655359378595260878 1097086141
1655359379499942541 602740430
1655359381101764409 810493189
1655359382897730696 700941543
1655359384489692766 1387561697
1655359386693041497 1891776791
1655359387393759092 490713650
1655359388900622993 1002697639
1655359390295208895 1191134455
1655359391900611940 1200480897
1655359393596569971 1106422113
1655359395494807451 1299751682
1655359397291240517 1498493590
1655359399091295078 1192912172
1655359400192824462 897052287
1655359401695969866 1005182511
1655359403595249192 1301925727
1655359405391136284 1387088420
1655359406897787742 1100515889
1655359408801926519 1307271483
1655359410800572033 811204068
1655359412300811400 1196308631
1655359414291423227 1490010957
1655359415891321314 1297106103
1655359417791349732 1398027323
