1655359482739842652 1183298632
1655359483837672057 795034127
1655359485138735298 1091561446
1655359486641840791 1098682667
1655359487247305942 307048756
1655359487650766702 200708098
1655359489535673778 1488384120
1655359490947874661 910024944
1655359492337881149 1186847873
1655359493759511670 1211486140
1655359495547021358 1295861058
1655359497947580379 1410214763
1655359499648942954 1305015294
1655359501849768579 1803056758
1655359503243665355 1103511537
1655359505043692270 1503455522
1655359506639939555 793843366
1655359508939535401 1603056569
1655359510538584513 1291368309
1655359513547557652 1412112398
1655359515139676736 1190694054
1655359516543579675 1199552688
1655359518343261182 1594206499
1655359519839729869 893634595
1655359521842597473 1398229927
1655359523849515626 1313945146
1655359526040221548 1302606433
1655359527548721997 1104162519
1655359529539696036 1194266829
1655359531541185435 1794727093
1655359533343204734 1404004056
1655359535247908466 1399247132
1655359537144507046 1108976192
1655359539136019428 1787175711
1655359540944330756 1206734523
1655359542743052043 1101621708
1655359544642391121 1300167703
1655359546247611259 1308714939
1655359548145103688 998827295
1655359550448923571 1609000322
1655359552442769348 997448891
1655359554143820205 1402808741
1655359556142610278 894239507
1655359558139486452 1391548924
1655359560138223372 1396348848
1655359561850233912 1212409011
1655359563548523597 1395369936
1655359565343568259 796102108
1655359566643494499 992614256
1655359568038927069 1189872366
1655359569443689386 805593435
1655359571339591706 1004151761
