1654667299423779793 17
1654667300424167349 42
1654667301425427188 43
1654667302426502528 28
1654667303427742515 35
1654667304428236415 24
1654667305429472605 39
1654667306430700516 23
1654667307431941337 38
1654667308432163117 32
1654667309433408311 29
1654667310434657737 36
1654667311435895825 40
1654667312436363925 8
1654667313437544259 31
1654667314438824943 26
1654667315440175884 48
1654667316441413142 50
1654667317442642309 42
1654667318443869221 27
1654667319445082054 31
1654667320446292534 34
1654667321447522854 45
1654667322448186231 30
1654667323449426550 32
1654667324450671916 34
1654667325451903748 28
1654667326452360548 33
1654667327453661082 23
1654667328454897944 23
1654667329455761331 30
1654667330456880162 40
1654667331458047318 38
1654667332459192801 32
1654667333460348422 29
1654667334461517460 43
1654667335461705013 28
1654667336462929957 42
1654667337464210632 37
1654667338465429926 31
1654667339466676954 43
1654667340467922781 39
1654667341469151519 30
1654667342470387623 30
1654667343471559278 32
1654667344472813364 31
1654667345474072042 37
1654667346475312448 32
1654667347476552027 27
1654667348477840840 24
1654667349479069083 28
1654667350480381301 39
1654667351481674012 38
1654667352482902486 28
1654667353484143111 39
1654667354485386987 43
1654667355486615285 31
1654667356487858251 33
1654667357489103464 46
1654667358490330625 32
1654667359491582245 27
1654667360492794459 39
1654667361494033295 12
1654667362495276329 37
1654667363496492825 51
1654667364497711833 29
1654667365498954152 51
1654667366500229457 58
1654667367501441235 27
1654667368502531655 23
1654667369503785671 33
1654667370505031759 9
1654667371506241408 24
1654667372507483416 47
1654667373508223159 27
1654667374509436356 29
1654667375510686351 44
1654667376511930381 13
1654667377513165011 38
1654667378514240417 46
1654667379515469651 33
1654667380516376423 38
1654667381517608048 36
1654667382518847526 45
1654667383520073136 24
1654667384521304356 38
1654667385522539679 40
1654667386523779923 29
1654667387525015293 27
1654667388526214208 46
1654667389527463844 18
1654667390528712407 4
1654667391529958646 2
1654667392531190342 3
1654667395534886750 3
