1654404272950336023 777455930
1654404274252376378 379844657
1654404275249869641 388068757
1654404277205227815 256199787
1654404278562453702 307731873
1654404278758698677 192631920
1654404280149628505 185883404
1654404280245596806 95505366
1654404281170028254 214460784
1654404282660026376 494195108
1654404282964915416 299179279
1654404284349570486 273778233
1654404285560749433 110818512
1654404287349234592 584108762
1654404287756774460 376673548
1654404288154757070 199722757
1654404288749656552 584216919
1654404290154779731 189948607
1654404290749787780 380212776
1654404290849668795 94142503
1654404291160734372 301749498
1654404291569671851 395369062
1654404292949534401 374517710
1654404293271799864 311376939
1654404293550899289 187408415
1654404293870114293 308618983
1654404294049664524 100772972
1654404295263612810 298729607
1654404295450507997 173227322
1654404297349522285 178100494
1654404299349457690 389099071
1654404300450986000 188983141
1654404300650422750 180098103
1654404300750881316 99880547
1654404302068802934 514270842
1654404302358456638 286923434
1654404302415498916 56462358
1654404302650352724 234330042
1654404305067915615 589831197
1654404306263316766 105046909
1654404306554691302 285869875
1654404306849656355 289256516
1654404308865221680 116192788
1654404309253441879 288989884
1654404309649588231 195268150
1654404311173753265 601447616
1654404312960369360 210953174
1654404315049427819 186306103
1654404315249416135 193628853
1654404316059198368 492821825
1654404316764923026 209783609
1654404318249462649 391966623
1654404318658382026 403360700
1654404320549423575 278981773
1654404321911070774 160759463
1654404323049699087 378950707
1654404324152953277 203805397
1654404325850571725 189159545
1654404326049717926 190472264
1654404326550122110 293359408
1654404326749498667 193687771
1654404327057687080 193213188
1654404328665200424 395304154
1654404330270562725 299284061
1654404330561112153 200872408
1654404330756614974 194811871
1654404331149844806 300935816
1654404331349529731 188841828
1654404331951040263 290614831
1654404333612681951 233700514
1654404334649418177 381484304
1654404334966789127 201039328
1654404335160899411 184170164
1654404335449690527 192410086
1654404337080452390 226082594
1654404338249433048 295545236
1654404338649875274 292218667
1654404340164806584 295507870
1654404340549685031 190250833
1654404340750762737 195404137
1654404341051038650 276087982
1654404341231037529 158501595
1654404342574245432 212827082
1654404344157309015 86963449
1654404345449758038 284323818
1654404345650029013 194614493
1654404347153482963 276415177
1654404348554592582 302522490
1654404348849551096 199432902
1654404349749605026 295112494
1654404349956101825 195697878
1654404351349438811 379480701
1654404353475337719 212709886
1654404353854782811 300677617
1654404354275480311 415174779
1654404354749609301 390328356
1654404355955778460 197410603
1654404356549570519 576499050
1654404357749452906 379718229
1654404359156937652 285467120
1654404359350372256 190307152
1654404361155364418 198536960
1654404361473362017 312467797
1654404362560025549 200479958
1654404362756515768 107366903
1654404363450449313 179101071
1654404364849608164 279973363
1654404366554690330 494840918
1654404368249559133 481354319
1654404368552465253 297237828
1654404369660252535 290307595
1654404370165100957 390373754
1654404370449473044 278840716
1654404370750389858 300451859
1654404372649509921 200560353
1654404374054781044 405391951
1654404374377207788 311554291
1654404375855085208 293761704
1654404380152287241 92959385
1654404381450713034 183401535
1654404382451805145 202887008
1654404384355338534 588438780
1654404386171879825 222837610
1654404387659892113 205413502
1654404388975204989 312777650
1654404389359919748 294873082
1654404390849499937 192320948
1654404391070426367 205094409
1654404391370353115 299242390
1654404391591531620 141484158
1654404391963603991 114251567
1654404392254613454 184727362
1654404393549610711 380132766
1654404395269262991 204935963
1654404397454739848 479401049
1654404398051100499 579356432
1654404399350405732 385113900
1654404400549448596 266514046
1654404400749573323 192793560
1654404402349593938 178910748
1654404404479128945 316193684
