1618877539208620354 76
1618877539967358016 97
1618877540038631162 97
1618877540451245462 89
1618877541681510681 102
1618877541814967462 49
1618877542292071883 56
1618877542760752211 108
1618877543241821582 155
1618877543272355221 165
1618877543435771471 76
1618877543568612580 76
1618877543752344528 97
1618877544042371771 118
1618877544725501839 74
1618877544827436538 77
1618877545287722342 46
1618877545541563771 84
1618877546238536487 103
1618877548011344873 94
1618877548857511732 57
1618877549734277923 91
1618877549992557249 74
1618877550320170974 219
1618877550466989955 3810
1618877550497303072 68
1618877550693726325 98
1618877551704193512 102
1618877552315821761 44
1618877552437926820 82
1618877552796137298 57
1618877554186494045 47
1618877554299216027 94
1618877554360568939 92
1618877557004080993 55
1618877558898964586 54
1618877559866404502 43
1618877559927667940 91
1618877560205956092 109
1618877561023456510 49
1618877561787223367 98
1618877562356281841 91
1618877562632279284 84
1618877562734253446 70
1618877563103986929 58
1618877563824764114 52
1618877564716838430 91
1618877564768039934 78
1618877565188907414 112
1618877566452498016 93
1618877566472983140 73
1618877567303480066 42
1618877567354316718 94
1618877567558834753 46
1618877567929013351 190
1618877568788649623 70
1618877569276653040 47
1618877569337958737 99
1618877569358361599 121
1618877569543964354 78
1618877569885094188 8790
1618877570310046656 91
1618877571368587546 89
1618877571785009121 609
1618877571795203819 60
1618877574843123235 90
1618877575485561263 95
1618877575597387404 65
1618877575780600436 76
1618877576502366129 1562
1618877576909663776 76
1618877577186761534 8939
1618877578357169533 90
1618877578377462415 106
1618877578479971158 93
1618877579136362892 72
1618877579452924850 342
1618877580102368566 199
1618877582917525437 51
1618877583126100222 69
1618877583156455956 45
1618877583790856691 87
1618877583801080269 124
1618877584958223892 96
1618877585124390159 83
1618877585575252332 115
1618877585636534673 89
1618877585704473839 75
1618877586408151805 53
1618877586634232622 42
1618877586786823566 57
1618877586807186725 90
1618877587559508264 43
1618877588241511857 51
1618877589155007176 80
1618877589540121983 66
1618877589796583880 95
1618877590052967029 67
1618877591370738030 48
1618877591745264947 65
1618877592702949245 84
1618877593123674147 89
1618877593330457359 78
1618877593483890316 10778
1618877594794130292 118
1618877595285903811 724
