1618877432714187108 81
1618877432969305403 92
1618877433709305039 7980
1618877434965060024 89
1618877435489692349 9954
1618877435987236309 10229
1618877436327788266 107
1618877436348391585 50
1618877437897342151 88
1618877438976091045 90
1618877439736624020 104
1618877440205643318 44
1618877440790302617 7029
1618877441900253650 149
1618877442588962709 3557
1618877442640694854 89
1618877444005941929 87
1618877444230806015 88
1618877444271744713 135
1618877444536853663 60
1618877445017137106 60
1618877445252341129 101
1618877445262506044 88
1618877445569558275 40
1618877446287202629 84
1618877446623458978 90
1618877447331883826 88
1618877448126994913 83
1618877448147334166 92
1618877448695388353 6829
1618877448800352513 70
1618877450886815009 112
1618877451462814234 128
1618877451575373033 97
1618877452309845952 54
1618877452361021304 69
1618877452892806302 101
1618877453435924332 99
1618877453804166295 43
1618877454996803643 95
1618877455058110919 88
1618877455764523258 54
1618877456292372121 97
1618877456630784170 112
1618877458099208918 46
1618877458739357118 47
1618877458802892374 90
1618877459100644861 87
1618877459192486397 91
1618877459479424836 111
1618877459953650233 44
1618877460649262068 138
1618877461029831323 2051
1618877461254615175 117
1618877461336118099 51
1618877461496973421 80
1618877461847779616 45
1618877461950256975 99
1618877462979365968 92
1618877463001369734 1658
1618877464289809620 164
1618877464412627241 46
1618877464590268783 103
1618877465134950165 96
1618877465471962659 95
1618877466921199752 85
1618877467119436718 60
1618877467129594625 58
1618877467901202523 64
1618877468157255614 94
1618877468279769257 73
1618877468534039689 46
1618877469070461247 88
1618877469172756289 98
1618877469182957262 116
1618877469301985883 62
1618877469609519583 99
1618877471091195064 129
1618877471369032314 89
1618877471740660926 47
1618877471863734179 96
1618877472851482283 86
1618877474907242349 74
1618877475369420764 57
1618877476469771507 89
1618877476594004609 61
1618877476604207982 71
1618877476645115655 89
1618877476737594180 98
1618877479362927292 55
1618877480954976806 71
1618877481434308903 119
1618877483095823181 43
1618877484230082938 86
1618877484551649722 82
1618877484787885830 745
1618877484910003559 89
1618877486549861711 51
1618877486764364218 91
1618877488443545541 109
1618877488883007812 43
1618877489110270759 91
1618877489456173058 44
1618877489466285095 51
1618877489568473001 42
1618877490210027658 40
1618877490986926253 14058
1618877491548182117 49
1618877491968059612 84
1618877492131952606 582
