1618877695809705083 51
1618877696103427788 93
1618877696822883246 62
1618877697125037821 76
1618877697897340276 67
1618877698885788985 87
1618877699151182960 308
1618877699265340474 83
1618877699285713887 40
1618877700145434508 50
1618877700713743167 43
1618877700804961264 71
1618877701095722395 42
1618877701147002781 48
1618877702383218312 72
1618877702983512633 23057
1618877704881115081 109
1618877705351848405 89
1618877705790881881 41
1618877706175314188 180
1618877706226078776 95
1618877706924432081 1099
1618877708111019971 44
1618877708562075550 87
1618877709092553945 90
1618877709449496648 90
1618877709545533014 63
1618877710288186836 46
1618877710393075646 107
1618877710722470014 8692
1618877711442467088 44
1618877713367669957 89
1618877715262096733 119
1618877715751552692 39
1618877716412007129 74
1618877716536483070 49
1618877716964782363 41
1618877720173038625 107
1618877720608334418 137
1618877720901954255 48
1618877721716338419 62
1618877721904588408 86
1618877722925634951 103
1618877724506166400 69
1618877727470686158 66
1618877728709030237 118
1618877728749810658 86
1618877728891309486 44
1618877729143736692 78
1618877729286125431 87
1618877730234472177 69
1618877730336698513 39
1618877730824124893 183
1618877730936215353 44
1618877731284283927 91
1618877731452729055 86
1618877731869681780 90
1618877732815549818 88
1618877732845863606 95
1618877733049343744 108
1618877733270477661 5585
1618877733584548857 87
1618877733770536132 87
1618877733963877900 88
1618877734510913412 87
1618877734729361481 4831
1618877734830883272 64
1618877734891664661 69
1618877735295345758 79
1618877735705741027 61
1618877736439844666 43
1618877737726726714 95
1618877738181452539 8782
1618877738334199905 128
1618877738375246509 142
1618877738493512939 40
1618877738666836515 50
1618877738717897073 94
1618877738768893047 91
1618877738789383309 54
1618877739005206402 88
1618877739528647854 99
1618877739734054822 42
1618877739852236372 87
1618877740476604554 72
1618877740537401965 89
1618877741797738766 42
1618877742021632195 88
1618877742042217099 75
1618877742249655863 45
1618877742331152587 114
1618877743578595484 113
1618877743609123338 80
1618877743854197466 81
1618877744326230609 200
1618877744716578835 104
1618877745908427989 48
1618877746363984799 45
1618877746963231217 59
1618877748025411397 38
1618877748978286357 5883
1618877749162972922 103
1618877750948460714 66
1618877751676979551 37
1618877752007035490 40
1618877752335105121 39
1618877752416252453 52
1618877752590243206 77
1618877753986433528 5037
1618877754440303438 118
1618877754725217056 67
1618877754898113628 42
1618877754969911935 162
1618877755086999443 15196
