1655532439912963039 103
1655532440914057919 138
1655532441915196456 137
1655532442916340644 142
1655532443917485946 141
1655532444918600215 138
1655532445919743284 143
1655532446920883997 140
1655532447922019668 146
1655532448922283069 143
1655532449923400589 141
1655532450924504033 142
1655532451925644096 145
1655532452926794927 139
1655532453927926570 138
1655532454929063009 143
1655532455930180272 140
1655532456931331931 138
1655532457932470879 143
1655532458933603587 142
1655532459934262054 140
1655532460935395182 140
1655532461936489505 143
1655532462937593159 143
1655532463938445647 144
1655532464939570836 145
1655532465940713648 140
1655532466941848545 140
1655532467942983949 144
1655532468943347202 144
1655532469944478879 144
1655532470945608296 144
1655532471946747291 144
1655532472947883640 143
1655532473948418952 143
1655532474949552400 144
1655532475950269158 144
1655532476951404048 143
1655532477952507219 139
1655532478953646207 138
1655532479954308469 141
1655532480955445074 143
1655532481956569226 142
1655532482956852223 145
1655532483957990327 145
1655532484959127807 141
1655532485960220532 140
1655532486961352997 143
1655532487962486162 141
1655532488963612756 134
1655532489964732072 125
1655532490965855229 130
1655532491966269624 140
1655532492967393546 144
1655532493968491764 146
1655532494969617864 139
1655532495970311676 147
1655532496971447070 141
1655532497972532641 145
1655532498973657776 145
1655532499974306416 142
1655532500975442037 142
1655532501976569042 145
1655532502977695063 141
1655532503978829289 144
1655532504979932139 146
1655532505981063079 142
1655532506982228631 145
1655532507983358356 144
1655532508984478533 144
1655532509985597586 143
1655532510986726623 143
1655532511987848172 144
1655532512988936702 143
1655532513990064021 145
1655532514990442686 142
1655532515991589413 143
1655532516992682726 141
1655532517993811070 145
1655532518994256014 143
1655532519995351500 145
1655532520996474684 145
1655532521997605133 143
1655532522998269661 143
1655532523999398004 144
1655532525000532331 145
1655532526001674500 144
1655532527002814137 143
1655532528003951090 132