1655953579711412920 194487
1655953579921150843 9328
1655953580210929151 88445
1655953580424868113 13323
1655953580639565208 14208
1655953580852302272 9912
1655953581065152185 12245
1655953581277522169 11757
1655953581490139552 10681
1655953581703163376 12767
1655953581915197900 11173
1655953582123996174 8341
1655953582334500228 10114
1655953582549033932 14140
1655953582758351125 7948
1655953582967514670 8544
1655953583176481093 8542
1655953583388211637 11102
1655953583597126961 8473
1655953583812559623 15167
1655953584023742607 10645
1655953584235107991 9007
1655953584446954646 11499
1655953584660471329 12937
1655953584873406012 12243
1655953585083579056 9872
1655953585294132499 9360
1655953585505434734 9900
1655953585714692408 8726
1655953585926206831 11080
1655953586136120676 9506
1655953586347350230 9402
1655953586555780274 7896
1655953586765548227 9167
1655953586979381311 12998
1655953587191075565 9976
1655953587400335006 8213
1655953587611847203 10824
1655953587821403516 8833
1655953588033503820 11423
1655953588243628394 9424
1655953588451908018 7597
1655953588664482952 11117
1655953588872640816 7235
1655953589083649800 10622
1655953589290806384 6774
1655953589499468777 8271
1655953589711609611 11603
1655953589920617374 8581
1655953590129198356 8127
1655953590341393793 11721
1655953590548757947 7059
1655953590760161971 11003
1655953590970560215 10041
1655953591179763108 8915
1655953591389510921 9427
1655953591599730817 9905
1655953591812472177 11930
1655953592020924154 8028
1655953592229991348 8774
1655953592438532601 8162
1655953592648654036 9752
1655953592860825659 11831
1655953593070433913 8738
1655953593281169797 10034
1655953593494268021 12635
1655953593703023865 7965
1655953593913840568 10467
1655953594123963422 9719
1655953594338453842 14098
1655953594548590299 9529
1655953594765010672 16063
1655953594977923875 12533
1655953595189027109 10787
1655953595399871864 10523
1655953595610341967 9936
1655953595818877911 7852
1655953596027191175 7781
1655953596238948319 10858
1655953596450783493 11506
1655953596662532256 10752
1655953596872717120 9471
1655953597080861373 7473
1655953597289861418 8315
1655953597497748342 7493
1655953597711943706 13740
1655953597924869309 11261
1655953598137630223 12433
1655953598348078386 10134
1655953598560352311 11976
1655953598769647613 8750
1655953598979051758 8823
1655953599190049182 10106
1655953599399984114 9565
1655953599611021070 10630
1655953599823593503 12248
1655953600033362897 9462
1655953600242455571 8766
1655953600452930975 10169
1655953600668695658 14329
1655953600883134351 14133
1655953601092927315 9475
1655953601305453079 11845
1655953601519140003 13370
1655953601728773075 9313
1655953601936768979 7687
1655953602145078664 7993
1655953602354549828 8927
1655953602562466731 7520
1655953602772872636 9991
1655953602982390209 8768
1655953603192221623 8705
1655953603400080517 7335
1655953603617257070 16879
1655953603825565534 8068
1655953604033280168 7404
1655953604241424052 7752
1655953604451175165 9243
1655953604659763970 8179
1655953604868981194 8497
1655953605078759628 9110
1655953605287909542 8434
1655953605517546114 28908
1655953605725841268 7592
1655953605935889232 9593
1655953606143643576 7446
1655953606352921639 8571
1655953606563889283 10244
1655953606772224857 7808
1655953606982118501 8712
1655953607193007555 10579
1655953607402307149 8838
1655953607611801353 9032
1655953607821141367 8865
1655953608030618451 9211
1655953608241428124 10277
1655953608449978028 8156
1655953608659071442 8765
1655953608868242215 8828
1655953609076458000 7774
1655953609287178803 10386
1655953609495893057 8471
1655953609703556681 7355
1655953609911994875 8128
1655953610120261010 7975
1655953610330984603 10407
1655953610539827577 8527
1655953610749281971 8877
1655953610965105434 13651
1655953611174553059 9158
1655953611385676291 9834
1655953611595783797 9802
1655953611804877451 8756
1655953612017141404 11951
1655953612225565478 7465
1655953612435401792 9113
1655953612644597865 8878
1655953612852857589 7948
1655953613064041234 10642
1655953613310430353 45765
1655953613520023999 9053
1655953613729813193 9356
1655953613939426366 9271
1655953614149028391 9274
1655953614358198865 8818
1655953614566899188 8388
1655953614775386872 8273
1655953614986688196 10991
1655953615198052010 11058
1655953615405615723 7383
1655953615617485657 11564
1655953615841382560 23390
1655953616051840133 10178
1655953616263783665 11125
1655953616474150831 9623
1655953616686934735 11907
1655953616902107368 14723
1655953617112737152 10241
1655953617323515567 10441
1655953617533367080 9518
1655953617752481684 18796
1655953617960667468 7878
1655953618171050181 10080
1655953618380600695 9170
1655953618589293339 8264
1655953618798628683 8811
1655953619006635487 7631
1655953619216609791 9200
1655953619428718394 11302
1655953619637776128 8026
1655953619847774471 9401
1655953620056606786 8226
1655953620265762500 8682
1655953620476885994 10464
1655953620686964094 9535
1655953620896993552 9573
1655953621104973573 7607
1655953621312644020 7256
1655953621525826854 12161
1655953621736681117 10485
1655953621948363062 11310
1655953622159564615 10381
1655953622370497427 10273
1655953622581889832 11067
1655953622796117455 13809
1655953623008046488 10958
1655953623221366673 12961
1655953623435731296 13768
1655953623652186540 13534
1655953623865599064 12671
1655953624080014307 13634
1655953624295452261 12875
1655953624504866204 9119
1655953624719190468 12207
1655953624934373631 14987
1655953625145639665 10719
1655953625357423258 9718
1655953625569515592 10627
1655953625782979466 11839
1655953625995274969 10682
1655953626206120083 10296
1655953626423587326 16186
1655953626633745400 9681
1655953626843998404 9599
1655953627053807459 9408
1655953627268982994 14874
1655953627478054110 8758
1655953627692517245 13210
1655953627911303670 18434
1655953628123680016 12037
1655953628339744861 13114
1655953628555525776 15307
1655953628767239581 11555
1655953628983475346 13845
1655953629196681722 12825
1655953629408491076 11384
1655953629625126712 16547
1655953629834275278 8625
1655953630044161573 9326
1655953630256840189 10056
1655953630467641705 10622
1655953630678520720 10586
1655953630891627346 12806
1655953631099572251 7637
1655953631307049198 7165
1655953631519786933 11844
1655953631728303389 8131
1655953631941231834 12602
1655953632151459869 9673
1655953632361331886 9271
1655953632570963961 9254
1655953632783078626 11174
1655953632998180741 14797
1655953633207284356 8786
1655953633416455952 8841
1655953633625018417 7893
1655953633836003603 10349
1655953634047905709 11011
1655953634258391284 9755
1655953634468395940 9228
1655953634677654005 8859
1655953634891211048 12827
1655953635102609685 10931
1655953635312349191 9209
1655953635522399367 9555
1655953635731563673 8485
1655953635941654158 9695
1655953636152571694 10183
1655953636362302169 8849
1655953636572408785 9648
1655953636781097600 8379
1655953636991424206 9998
1655953637201686971 9936
1655953637409795367 7793
1655953637620045772 10133
1655953637829901088 9545
1655953638043941862 13732
1655953638254305879 9768
1655953638463967144 9334
1655953638674172310 9889
1655953638883455946 8902
1655953639093038451 9070
1655953639302480517 8737
1655953639511691192 8830
1655953639721554008 9447
1655953639932309024 10333
1655953640142542799 9843
1655953640357009024 12351
1655953640569153369 11350
1655953640780946025 9862
1655953640989911940 8291
1655953641199826916 8425
1655953641410378712 10115
1655953641619272547 8213
1655953641829822483 10024
1655953642039647599 9487
1655953642250376134 9961
1655953642459832180 8978
1655953642669113275 8911
1655953642878945949 9566
1655953643095139576 15753
1655953643304268422 8628
1655953643515965427 11286
1655953643727053603 10696
1655953643936981567 9585
1655953644147666733 10356
1655953644359804729 11722
1655953644574907725 11301
1655953644787191850 11455
1655953645004338754 16916
1655953645218514220 12016
1655953645430124016 10466
1655953645641069100 10693
1655953645853287066 8617
1655953646062211692 8469
1655953646270434627 8053
1655953646482729262 11886
1655953646693118517 9967
1655953646901484434 7078
1655953647112889749 11078
1655953647321280234 8082
1655953647533711180 10651
1655953647745268135 11341
1655953647955133221 9041
1655953648166441376 11060
1655953648374593252 7176
1655953648588852948 12639
1655953648798467173 9285
1655953649006914158 8132
1655953649216714312 9373
1655953649425195840 8180
1655953649635168275 8756
1655953649845912431 10170
1655953650055195587 8847
1655953650266540782 10592
1655953650475238918 8179
1655953650683687894 8033
1655953650892956258 8874
1655953651103283824 8905
1655953651313651537 9968
1655953651525985366 11593
1655953651739095901 12700
1655953651949354976 9930
1655953652161459632 11437
1655953652374303987 11839
1655953652582278523 7572
1655953652792784259 8730
1655953653001915904 8531
1655953653211565230 8473
1655953653422740414 10864
1655953653631909141 8725
1655953653841843926 9478
1655953654049527502 7359
1655953654258535568 8302
1655953654469610613 10211
1655953654681848306 11465
1655953654897637994 15477
1655953655110480648 10822
1655953655320130724 9272
1655953655533336230 12912
1655953655746059035 12320
1655953655960845930 10673
1655953656174979475 11594
1655953656384656461 8797
1655953656596906126 11842
1655953656805630792 8316
1655953657017059957 10973
1655953657226530403 9156
1655953657439876238 12879
1655953657651902564 11726
1655953657864788018 12595
1655953658078293354 12900
1655953658296162089 17228
1655953658508257775 11880
1655953658718742060 9709
1655953658930659395 11249
1655953659139760811 8359
1655953659352205516 11818
1655953659560403941 7774
1655953659770097537 9171
1655953659980137313 9653
1655953660191475143 10669
1655953660404475593 11783
1655953660612994399 7520
1655953660825621734 11661
1655953661037676870 11607
1655953661249001186 10605
1655953661464908341 15049
1655953661675938796 9972
1655953661887932681 10924
1655953662098358087 8854
1655953662312515582 13624
1655953662523916227 10116
1655953662736554593 12218
1655953662949846548 11838
1655953663159623593 9474
1655953663371411189 10350
1655953663583094544 10653
1655953663797339980 12849
1655953664007989715 10261
1655953664219454851 11043
1655953664430212316 9546
1655953664641535322 10122
1655953664850139817 8218
1655953665061066492 10066
1655953665269583628 8134
1655953665478795273 8801
1655953665689836859 10387
1655953665898366064 8139
1655953666107880799 8770
1655953666317224045 8628
1655953666525536551 7858
1655953666734034617 8122
1655953666941976222 7288
1655953667153227398 10052
1655953667361383234 7708
1655953667569026659 7351
1655953667779013235 9558
1655953667989537481 10045
1655953668201643836 11797
1655953668409977801 8027
1655953668619048437 8653
1655953668828615413 9239
1655953669038605308 9206
1655953669250073192 10681
1655953669460580607 9978
1655953669669963755 9124
1655953669878866108 8521
1655953670089914406 10644
1655953670303380501 13005
1655953670513180117 9234
1655953670724438302 10171
1655953670932919668 8175
1655953671146393224 13154
1655953671357645299 10947
1655953671566902784 8765
1655953671777697460 10212
1655953671986089564 7975
1655953672195774879 9305
1655953672406523275 10281
1655953672615598020 8493
1655953672823482095 7310
1655953673035425512 9919
1655953673245180129 9204
1655953673456978794 10870
1655953673668046619 10773
1655953673878802246 10367
1655953674096915880 17716
1655953674309087165 11814
1655953674526353301 15423
1655953674739913776 12220
1655953674949564892 7469
1655953675162966958 12867
1655953675373626583 10270
1655953675583808499 9439
1655953675794079373 9696
1655953676007658288 13236
1655953676220546194 12459
1655953676431398776 10459
1655953676641761655 9954
1655953676853337061 11259
1655953677064836176 10661
1655953677277805151 12096
1655953677492164026 12988
1655953677712315151 18569
1655953677925065647 12140
1655953678135512092 9346
1655953678412974793 75507
1655953678622312669 8926
1655953678832135054 9550
1655953679044771979 11492
1655953679256821714 11419
1655953679467602350 10406
1655953679679111805 11046
1655953679891070450 11594
