1655953735711494929 178200
1655953735920894125 9069
1655953736210950646 89639
1655953736419583532 8205
1655953736628199469 8206
1655953736837706804 9014
1655953737046956360 8675
1655953737256440435 9052
1655953737465873719 8964
1655953737675502693 9210
1655953737884432792 8391
1655953738097344786 12128
1655953738309471842 11602
1655953738518961927 9037
1655953738728204394 8781
1655953738937202540 8547
1655953739146976335 9426
1655953739357240341 9873
1655953739565742664 8350
1655953739774103573 8013
1655953739982621048 8164
1655953740192750623 9800
1655953740402403949 9334
1655953740611778374 9031
1655953740820665718 8552
1655953741029984086 8973
1655953741239942812 9598
1655953741451585487 11296
1655953741661003854 9083
1655953741869878739 8468
1655953742078787655 8550
1655953742288574921 9460
1655953742498503656 9599
1655953742707200622 8381
1655953742915676538 8102
1655953743123862564 7854
1655953743332008529 7793
1655953743542729233 10269
1655953743750972260 7842
1655953743959676027 8277
1655953744169834262 9819
1655953744410024076 39735
1655953744622080590 11661
1655953744831709058 9422
1655953745041132124 9079
1655953745251023649 9553
1655953745461301806 9613
1655953745672655930 10533
1655953745882416906 9438
1655953746091487590 8554
1655953746300364757 8440
1655953746509894814 9040
1655953746725495138 15093
1655953746935543975 9630
1655953747144939359 8996
1655953747355616275 10180
1655953747564549372 8492
1655953747775041908 10098
1655953747984031573 8618
1655953748193457099 8948
1655953748402935785 9128
1655953748612064668 8766
1655953748825915266 13533
1655953749037380081 11099
1655953749248042798 10345
1655953749457422983 8233
1655953749667177759 9372
1655953749910286472 42625
1655953750119525918 8853
1655953750328456684 8345
1655953750536916790 8045
1655953750747030075 9688
1655953750956567290 9120
1655953751166675717 9549
1655953751376268752 9055
1655953751585403868 8649
1655953751798492082 12440
1655953752007371348 8411
1655953752215904794 8122
1655953752424180010 7810
1655953752632920485 8251
1655953752844200022 10964
1655953753053084168 8286
1655953753262236952 8839
1655953753471514548 8939
1655953753680022065 8185
1655953753892104290 11746
1655953754100196946 7741
1655953754308901180 8353
1655953754517919376 8655
1655953754726106182 7823
1655953754937947609 11492
1655953755146620314 8323
1655953755355007619 8055
1655953755563732314 8341
1655953755771910992 7854
1655953755985114307 12866
1655953756194006473 8356
1655953756402956290 8611
1655953756610946995 7668
1655953756819724112 8460
1655953757031500738 11446
1655953757240155114 8347
1655953757447604270 7124
1655953757657098276 8694
1655953757864626371 7223
1655953758075749258 10727
1655953758284033743 7812
1655953758491891949 7528
1655953758699969545 7774
1655953758910022200 9742
1655953759123665366 13079
1655953759333816052 9760
1655953759544066057 9765
1655953759753911213 9550
1655953759965035128 10699
1655953760179676824 12874
1655953760394952989 15125
1655953760605514115 10056
1655953760822653730 9504
1655953761033944855 10561
1655953761244759961 10101
1655953761459588177 11228
1655953761669825233 9424
1655953761882169158 10638
1655953762090757753 8287
1655953762301077609 8663
1655953762511380015 9739
1655953762721032840 8626
1655953762943623116 22253
1655953763152903771 8945
1655953763363873227 10591
1655953763574392423 10000
1655953763786989909 11500
1655953763999812614 12509
1655953764212278000 10634
1655953764424088026 10709
1655953764635028361 10645
1655953764844772817 9406
1655953765054049532 8834
1655953765264814598 10433
1655953765475593104 10462
1655953765685103658 9167
1655953765901078084 15694
1655953766122475899 20846
1655953766336227125 13632
1655953766548976121 11399
1655953766759692416 9952
1655953766971913311 11785
1655953767184115237 11512
1655953767395854772 11170
1655953767605425727 9258
1655953767817702953 11939
1655953768027722829 9692
1655953768240730235 11332
1655953768452580067 11543
1655953768664462795 11043
1655953768875193061 10421
1655953769111112906 35492
1655953769321667029 10275
1655953769530789106 8785
1655953769739582762 8456
1655953769947985526 8075
1655953770157067803 8685
1655953770367448989 10052
1655953770576628184 8857
1655953770785271560 8312
1655953771010766723 25134
1655953771219587910 8488
1655953771429741276 9838
1655953771638854832 8786
1655953771847493138 8295
1655953772056560433 8728
1655953772265857199 8960
1655953772477045985 10857
1655953772685479169 8069
1655953772894226956 8396
1655953773102550330 7987
1655953773311301848 8494
1655953773523726704 12076
1655953773732426758 8373
1655953773941374603 8595
1655953774150420770 8732
1655953774358615507 7867
1655953774568632102 9706
1655953774777108708 8167
1655953774985776444 8389
1655953775193945968 7865
1655953775401553975 7285
1655953775613068061 11213
1655953775822164067 8924
1655953776033373093 11002
1655953776244406328 10730
1655953776457303354 11913
1655953776667785899 10220
1655953776879622682 9882
1655953777091202690 11040
1655953777319548555 9098
1655953777528079490 7981
1655953777738715866 10103
1655953777947751722 8412
1655953778156526097 8166
1655953778365124793 8015
1655953778573491289 8105
1655953778782473855 8595
1655953778993923251 10729
1655953779203212347 8883
1655953779411469732 7802
1655953779620476079 8616
1655953779829836914 8956
1655953780038234229 7421
1655953780310417411 71657
1655953780520095646 8897
1655953780733965572 11285
1655953780944465788 9720
1655953781154153714 9313
1655953781365212075 10595
1655953781575827724 10147
1655953781788181869 11912
1655953781996999396 8340
1655953782206621052 9147
1655953782415798868 8795
1655953782625635244 9499
1655953782837658869 11647
1655953783048749343 10700
1655953783260616481 11516
1655953783469816056 8381
1655953783680410402 9988
1655953783891164105 10316
1655953784099497310 8115
1655953784307189129 7389
1655953784516110184 8019
1655953784728637149 11220
1655953784938782966 9839
1655953785147848802 8435
1655953785356592417 8179
1655953785565123603 7706
1655953785776384668 10504
1655953785984535104 7843
1655953786193770287 8362
1655953786402282825 7867
1655953786610618631 7412
1655953786821918184 10538
1655953787031077431 8842
1655953787240410318 8140
1655953787448123943 7086
1655953787661121889 12686
1655953787874672343 11662
1655953788086873200 11197
1655953788297357136 9929
1655953788508878721 10573
1655953788719979807 10723
1655953788929285583 8910
1655953789140930958 11439
1655953789355005854 13573
1655953789568729298 12818
1655953789779572184 10262
1655953789990855990 10169
1655953790202265006 10847
1655953790414071621 11118
1655953790625056707 10668
1655953790834873422 9493
1655953791045067918 9874
1655953791254536704 9153
1655953791467608229 12194
1655953791677551164 9198
1655953791893425560 15501
1655953792111204665 17388
1655953792320130392 8714
1655953792529592167 9188
1655953792741191992 11248
1655953792951157758 9578
1655953793160201844 8553
1655953793370180399 9632
1655953793579076635 8376
1655953793789521270 10121
1655953793998706997 8771
1655953794206972883 7872
1655953794416740508 9196
1655953794625281524 7987
1655953794835450569 9758
1655953795043796675 7761
1655953795252031291 7655
1655953795461389333 8755
1655953795669822371 7867
1655953795881374318 11123
1655953796089200103 7452
1655953796296634389 7008
1655953796521092164 9100
1655953796732088969 10320
1655953796943714486 11299
1655953797152239959 8021
1655953797360358947 7667
1655953797569060283 8382
1655953797777934579 8557
1655953797989628244 10993
1655953798220450359 30113
1655953798434087363 12639
1655953798643033740 8390
1655953798854379295 9660
1655953799064708759 9819
1655953799275581437 9554
1655953799487716732 11105
1655953799698280268 8729
1655953799924029582 12833
1655953800134738278 10382
1655953800347564604 12405
1655953800558312239 10420
1655953800766574615 7920
1655953800975221780 7619
1655953801185283856 9692
1655953801396990592 10366
1655953801611438697 14141
1655953801822960342 11216
1655953802036786988 13488
1655953802247123923 10026
1655953802458900399 11240
1655953802668644985 9423
1655953802879001800 10037
1655953803088376986 8977
1655953803296841962 8021
1655953803507641177 10484
1655953803715770762 7807
1655953803924854729 8749
1655953804131961524 6777
1655953804341938080 9834
1655953804552053746 9649
1655953804762211112 9850
1655953804971185717 7763
1655953805180186664 7770
1655953805389202687 7783
1655953805600932085 10500
1655953805810743880 9333
1655953806021034186 9856
1655953806229574632 8200
1655953806439615287 9619
1655953806651158901 11174
1655953806859539598 8160
1655953807068179484 7757
1655953807277776748 9170
1655953807486944475 8741
1655953807697472591 10071
1655953807908748707 10932
1655953808117192371 7773
1655953808326002238 7256
1655953808536275563 8650
1655953808747572579 10890
1655953808957679645 9711
1655953809167081080 9014
1655953809375764996 8378
1655953809584262242 8020
1655953809794952416 10299
1655953810003744543 8455
1655953810212130969 7685
1655953810420745375 7329
1655953810629959180 8146
1655953810840607484 10325
1655953811049567232 8649
1655953811258045007 7632
1655953811467342593 8939
1655953811675163649 7310
1655953811886105005 9699
1655953812095822779 9209
1655953812304779766 8373
1655953812513510121 8101
1655953812721814127 7406
1655953812931663602 9247
1655953813140176529 8178
1655953813348871335 7459
1655953813557374420 7945
1655953813766732787 8322
1655953813976671122 9635
1655953814185310198 8336
1655953814418080602 8149
1655953814627016038 7828
1655953814836145954 8738
1655953815046416689 8989
1655953815255086884 8359
1655953815464103000 7847
1655953815672824726 7821
1655953815881000412 7857
1655953816089907408 8574
1655953816310586212 20371
1655953816519426868 8520
1655953816727928004 8204
1655953816936645079 8385
1655953817147365105 10422
1655953817356538101 8863
1655953817564543187 7688
1655953817772177833 7324
1655953817980204539 7823
1655953818189935884 9551
1655953818417509908 27249
1655953818625706125 7870
1655953818836008850 10180
1655953819044392326 8084
1655953819255585562 10879
1655953819464516587 8546
1655953819672777603 7818
1655953819882403159 9307
1655953820097208775 14367
1655953820306985840 9296
1655953820516574144 8897
1655953820725674919 8438
1655953820937626857 11236
1655953821148846922 10433
1655953821358476888 9172
1655953821567684513 8263
1655953821777405259 9394
1655953821989359294 10944
1655953822199383589 9707
1655953822407263165 7573
1655953822621023170 11035
1655953822830694136 9346
1655953823039468672 8058
1655953823247969917 7782
1655953823457911773 9179
1655953823667419409 8755
1655953823875701484 7871
1655953824085245400 9024
1655953824294819605 9134
1655953824520766010 10735
1655953824730711775 9549
1655953824941783861 10515
1655953825149895427 7538
1655953825361066131 10634
1655953825568710929 7334
1655953825777308694 7891
1655953825985979380 7560
1655953826216533494 30116
1655953826427692589 10789
1655953826636417495 8323
1655953826844764101 7937
1655953827053817636 8734
1655953827264091052 9932
1655953827475199508 10617
1655953827683990873 8429
1655953827893024409 8714
1655953828119192594 8771
1655953828327709419 7591
1655953828538596185 10181
1655953828748279461 9372
1655953828963386247 13961
1655953829171904152 8180
1655953829379499758 7280
1655953829589757462 9929
1655953829797933069 7844
1655953830019082654 9089
1655953830228730570 9316
1655953830438037676 8972
1655953830648170391 9725
1655953830858124657 9576
1655953831068585423 10145
1655953831278251289 9355
1655953831486950645 8555
1655953831697850470 10441
1655953831916278784 18019
1655953832124547071 7837
1655953832332875427 7856
1655953832542707472 9396
1655953832754189938 11073
1655953832963206524 8397
1655953833171553109 7850
1655953833420005023 47578
1655953833630192828 9806
1655953833844493113 13866
1655953834053741986 8821
1655953834262401005 8281
1655953834470793940 7994
1655953834680205706 8855
1655953834911855600 31319
1655953835126444135 13712
1655953835339422011 12074
1655953835549928827 9491
1655953835763834262 11732
1655953835973981938 8379
1655953836185790433 10385
