1656105802341313629 96647161
1656105802638266795 25886558
1656105802922987261 98600391
1656105803140296593 16913519
1656105803341667965 23286408
1656105803524399120 31144247
1656105803724434283 49601096
1656105803925109116 50134236
1656105804124248359 14281469
1656105804342446551 28062148
1656105804544990323 29572857
1656105804751611596 34229117
1656105805034621652 114239570
1656105805229119805 43839617
1656105805441396358 59482685
1656105805738076943 146339368
1656105805947394945 30968977
1656105806155449997 23004278
1656105806422527914 86011672
1656105806622082417 49174645
1656105806820547571 48190327
1656105807037917592 23536818
1656105807247229094 26820117
1656105807446899367 23877318
1656105807646927020 18872968
1656105807848906463 22514718
1656105808050116276 22871448
1656105808248211990 20830199
1656105808450749972 25369108
1656105808651403825 22429868
1656105808933384601 102204251
1656105809152542812 68823244
1656105809349631335 31252277
1656105809538739390 18767529
1656105809755002311 29619528
1656105809953832054 33454597
1656105810147603867 26221347
1656105810432684463 111302000
1656105810628495387 45222486
1656105810850912907 31426647
1656105811044291621 26719138
1656105811248088704 19364669
1656105811444713407 15251459
1656105811644282310 16461079
1656105811850367742 23756828
1656105812054392175 22856468
1656105812246050638 16913208
1656105812440413772 21036748
1656105812646058575 23676518
1656105812837910138 19251238
1656105813051186120 34786867
1656105813244382464 18644829
1656105813525899880 94087982
1656105813726447163 45071506
1656105813934347856 57625486
1656105814139701038 20015578
1656105814329085433 13933820
1656105814546470464 31037288
1656105814740560808 22688719
1656105814946801970 28958717
1656105815140375134 19817898
1656105815424253640 102980612
1656105815631165803 56628135
1656105815826801136 11780059
1656105816043756347 28372287
1656105816244487100 28008127
1656105816441378323 15227958
1656105816735059508 142768397
1656105816945007510 33028167
1656105817214193097 84789543
1656105817431634809 21678318
1656105817634165562 15782019
1656105817828206375 13825019
1656105818054131636 32763608
1656105818254160319 18772678
1656105818437388723 21157158
1656105818653623905 20238138
1656105818842101179 25340248
1656105819044450522 18489829
1656105819331522998 103460992
1656105819529908591 13075799
1656105819754569122 30182768
1656105819948386145 23008458
1656105820241104120 114682150
1656105820432087024 22121748
1656105820641270007 26529818
1656105820842838149 17917018
1656105821123219086 99880752
1656105821322183059 48688566
1656105821535487000 63079484
1656105821732389544 42459886
1656105821928843037 46201096
1656105822125076961 15122849
1656105822329854513 18365238
1656105822526292627 15300339
1656105822726109440 48796616
1656105822923059503 13121029
1656105823135295845 20915768
1656105823338087218 23691638
1656105823538930371 21546408
1656105823735990884 21610238
1656105823935536537 13347159
1656105824228252982 108872391
1656105824435241715 56739836
1656105824647074867 22921608
1656105824884883127 10158040
1656105825051011052 15790058
1656105825242979116 23594748
1656105825442403649 20512808
1656105825646493872 24727308
1656105825849663904 29283928
1656105826042110288 25727638
1656105826240750221 19741778
1656105826438598375 17020609
1656105826629479898 19525368
1656105826845264480 64740545
1656105827033348764 22680978
1656105827232774117 15736458
1656105827437705369 17836048
1656105827719170296 97387692
1656105827932749708 62401834
1656105828134206721 15350389
1656105828346195783 20456778
1656105828541463356 19729368
1656105828743862499 22764199
1656105829025780605 92838812
1656105829226866538 50347496
1656105829422081021 43997916
1656105829635345333 61268645
1656105829844604335 22826768
1656105830040457938 18578588
1656105830245219841 23835577
1656105830437548475 17678239
1656105830649210427 31825928
1656105830838067690 16819188
1656105831118210747 129628169
1656105831328240289 13854859
1656105831537180641 24774108
1656105831734107364 19690689
1656105831958454765 26704048
1656105832153893568 30512917
1656105832349135991 25706067
1656105832557150904 31766478
1656105832748690448 20262079
1656105832950539370 22152518
1656105833229037016 106887781
1656105833532469990 111595490
1656105833727187954 17239628
1656105833926285147 44909636
1656105834129805219 19848198
1656105834338115962 28165028
1656105834546271604 36223807
1656105834835257679 109357891
1656105835032564962 46948486
1656105835243969204 31721047
1656105835448145157 24760139
1656105835635813641 21309839
1656105835852017332 21732328
1656105836154687726 73148694
1656105836424210853 97475751
1656105836642242814 67173283
1656105836925857890 110467830
1656105837121079544 44689926
1656105837330827777 20887429
1656105837535578469 16379869
1656105837727006533 12624179
1656105837920066786 42790967
1656105838120269499 49878586
1656105838323139782 10795929
1656105838521104365 45463826
1656105838723083338 47385546
1656105838928012491 50537586
1656105839144834682 32440137
1656105839341818445 29630457
1656105839552825867 31405657
1656105839737991272 23608388
1656105839942168694 32223246
1656105840139878328 20490069
1656105840345773380 20537818
1656105840540733704 28328078
1656105840748898856 25055067
1656105840947952909 21075998
1656105841145096923 21957379
1656105841353201575 21485158
1656105841630305702 95356263
1656105841825294105 43726276
1656105841989931230 8723698
1656105842153548827 13354879
1656105842347643921 24745048
1656105842546714573 24328738
1656105842752230226 25836618
1656105842950085129 26876908
1656105843139235513 18195599
1656105843340357016 19335279
1656105843560545167 29418088
1656105843738892012 16815709
1656105843950727644 24667168
1656105844155888916 26516838
1656105844429612793 102234182
1656105844729078028 112694831
1656105844938818860 57913355
1656105845128181034 13666099
1656105845349987945 14097869
1656105845529825830 12740039
1656105845748574411 23056598
1656105845942964465 18310119
1656105846160272237 28000018
1656105846345389551 15323759
1656105846520124886 24359227
1656105846728172749 56594185
1656105846929696731 50785806
1656105847156941531 25560937
1656105847343180866 14899189
1656105847542556759 23170799
1656105847742569541 23262788
1656105847942991154 21609668
1656105848254596968 126208189
1656105848428382663 18429879
1656105848644077424 26536997
1656105848850218407 16852809
1656105849055642849 24266657
1656105849322063637 96907012
1656105849539958629 24143498
1656105849753534980 37129476
1656105849944434464 29050217
1656105850137832828 19401468
1656105850344762921 26378288
1656105850541998584 23307028
1656105850734691347 18105698
1656105850932992561 17014719
1656105851141782813 17137318
1656105851348416065 19885298
1656105851635091501 99035211
1656105851830388064 43999576
1656105852047836976 67100274
1656105852247342889 22486938
1656105852447733012 23505658
1656105852620600027 10653079
1656105852832578469 61709675
1656105853043046961 21763378
1656105853250123974 21746718
1656105853439205678 13382209
1656105853819157145 195003543
1656105854024107278 54216495
1656105854219094471 38970337
1656105854426338124 46957766
1656105854584884840 8193490
1656105854746829817 11227640
1656105854945064860 23244849
1656105855145518572 30589957
1656105855338553496 18173129
1656105855550141048 27683757
1656105855819270485 89924502
1656105856026303748 15786449
1656105856242001089 23573768
1656105856436893053 17513298
1656105856731372608 108994810
1656105856936928120 55296004
1656105857152647352 35000527
1656105857333549167 22076618
1656105857537685120 16686709
1656105857741609732 21344718
1656105857945552955 23471798
1656105858228600561 102539682
1656105858534813245 152714207
1656105858743655407 28273068
1656105858935577750 23272398
1656105859139981573 17283408
1656105859343440946 18059259
1656105859562196767 34927577
1656105859840946594 53568496
1656105860046078616 23658878
1656105860260194357 31813546
1656105860546489164 34032258
1656105860753878236 37494567
1656105860950615660 16972149
1656105861236959015 109569641
1656105861453643437 41142027
1656105861653617630 35236737
1656105861844108174 29725738
1656105862030246858 11858219
1656105862234595841 20206469
