1655358709088618803 989041023
1655358709388205762 94973825
1655358709704171801 109543239
1655358710254342455 267688985
1655358710596918114 138216457
1655358711128377793 327296101
1655358711433885651 102782639
1655358711884440685 196453282
1655358712419391835 316678032
1655358712886766897 262238858
1655358713296940612 205476516
1655358713787036183 285493788
1655358714068768735 76974361
1655358714453704275 160323414
1655358714873078037 188973306
1655358715294687082 217198031
1655358715740483916 241472476
1655358716101692768 156987173
1655358716435461159 131011402
1655358716830896697 142939151
1655358717379202796 292542387
1655358717785457976 202031126
1655358718432510279 444411601
1655358718789435225 152818304
1655358719186659837 187748901
1655358719590466490 195819666
1655358719882230392 88287414
1655358720257905954 170136060
1655358720625085694 164506573
1655358721068076781 238593170
1655358721399986409 129124120
1655358721740692384 137338057
1655358722150816006 207393328
1655358722577313218 223822858
1655358723086450579 295138222
1655358723400190561 111028594
1655358724003586125 316702639
1655358724389239313 183006527
1655358725046017769 446315933
1655358725501479968 251191589
1655358725886638102 182309552
1655358726148972833 59611420
1655358726564129684 176012531
1655358727016020538 221985167
1655358727491606069 272702512
1655358728066202086 365133234
1655358728501261429 232243131
1655358728880520213 175919443
1655358729187736899 104562375
1655358729495915852 105230793
1655358729850454110 151793305
1655358730405177563 316999968
1655358730837400569 229141169
1655358731372112906 272141385
1655358731885462080 297444168
1655358732274406642 186210118
1655358732611106392 126960570
1655358732929434025 115598192
1655358733278300794 146102519
1655358733720466008 223189767
1655358734071353961 84531435
1655358734481460292 207395577
1655358734868706765 184505586
1655358735196332283 124946893
1655358735589048837 186181520
1655358735972185689 178805137
1655358736329682699 154739730
1655358736709932618 177553839
1655358737095970517 183279605
1655358737486860872 188285898
1655358737907438248 209327938
1655358738257492114 145778464
1655358738607812070 145795836
1655358738944415527 133828589
1655358739301345464 154159666
1655358739646319681 142174699
1655358740059230169 210152915
1655358740462298698 198572598
1655358740847385135 180797818
1655358741197112374 145250005
1655358741504422153 102833485
1655358741815063193 107891713
1655358742319323105 231007436
1655358742715254053 191417157
1655358743186572972 196577041
1655358743799831452 409906551
1655358744432190320 429534019
1655358744791149429 154714184
1655358745186553649 190584309
1655358745457679513 68411101
1655358745782459873 122133421
1655358746112334426 126058740
1655358746585475789 269973118
1655358746896801473 108447555
1655358747290204773 188485030
1655358747630782379 137682907
1655358747988536515 154888641
1655358748364322028 172825831
1655358748682833528 114033070
1655358749224572966 337257755
1655358749618637972 131257668
1655358750015988633 128609420
1655358750395093804 176402287
1655358750821190260 223321904
1655358751202405564 178373114
1655358751621083088 215737946
1655358752055916301 231352805
1655358752596340296 208902296
1655358752960958951 161859155
1655358753363352978 199466208
1655358753900344648 303717685
1655358754270199979 83773965
1655358754632967707 158661248
1655358755044072321 206970012
1655358755385181614 135796061
1655358755774229673 184657952
1655358756176650399 199678912
1655358756620829291 232881198
1655358757085481280 261683372
1655358757524738599 236554229
1655358757995019329 267556651
1655358758326293631 127907720
1655358758662252225 133282463
1655358758994671310 129615297
1655358759399606180 202279873
1655358759760301452 157980209
1655358760186599756 198546090
1655358760577311131 187904641
1655358760986766791 206664046
1655358761297293368 105616545
1655358761864426912 362496597
1655358762395547841 307464042
1655358762788201699 189886569
1655358763377295227 377750295
1655358763747285308 167249427
1655358763997847173 47937399
1655358764486862771 198973618
1655358764885510988 193680973
1655358765379192507 289610735
1655358765782419166 196502588
1655358766323566819 335297281
1655358766678589785 150164789
1655358767076409332 195062589
1655358767480759908 201672415
1655358767814980758 131465371
1655358768261542584 243868786
1655358768734769231 270313136
1655358769101668758 164155379
1655358769399977905 95597331
1655358769804112024 201130687
1655358770179604647 172628077
1655358770500021968 117596449
1655358770904772993 202020109
1655358771267127605 158832681
1655358771747666249 277786242
1655358772041312337 90988171
1655358772419726220 175731681
1655358772760161974 137723046
1655358773140482490 151255713
1655358773504062934 117696272
1655358773985629211 278405216
1655358774385474672 197129915
1655358774846700484 258451670
1655358775374459959 325051730
1655358775794603639 217360951
1655358776089083315 91846433
1655358776504058814 207146953
1655358776856588488 149797040
1655358777350813605 260507004
1655358777885214117 296848837
1655358778508476877 417741754
1655358778888468221 177020715
1655358779288198717 192117558
1655358779615144152 124207501
1655358779983731669 165128494
1655358780424709435 236645674
1655358780942580561 313351711
1655358781346429316 154284685
1655358781970562507 382547783
1655358782386744085 192655360
1655358782786611810 195283772
1655358783076471682 86659509
1655358783385449495 99075589
1655358783783686707 194728556
1655358784132609239 143442257
1655358784489120994 153792986
1655358784879876505 185561000
1655358785189154767 106546677
1655358785588975289 195581628
1655358786057675984 263990570
1655358786615068857 230940570
1655358787086546619 195419716
1655358787589468414 298170213
1655358787986684259 192991443
1655358788310875466 121445445
1655358788662412494 148103428
1655358788994499682 129394482
1655358789392451334 195197961
1655358789794729890 198034304
1655358790205379625 206163462
1655358790584585214 176510079
1655358790996443687 208798861
1655358791392397535 193296455
1655358791992557342 396047252
1655358792300025573 102905302
1655358792651904789 149129670
1655358793001362897 116489774
1655358793436678760 232597734
1655358793905006604 214996910
1655358794384370295 275692751
1655358794690762770 103628984
1655358795004305247 108689920
1655358795387594882 180509155
1655358795786653328 194648364
1655358796072877246 81757887
1655358796486494994 198332167
1655358796776422026 84783548
1655358797145502750 157456035
1655358797500722923 152141715
1655358797894995911 191532875
