1655357942310633339 366286309
1655357942549810433 35986769
1655357942788129170 35628388
1655357943056717397 65815832
1655357943311251705 51635147
1655357943633291063 119275408
1655357943890970782 54904011
1655357944163359775 69683292
1655357944420349636 54306779
1655357944707828726 84753738
1655357944994687258 84057511
1655357945283761111 86407677
1655357945552445209 65821186
1655357945837579049 82327501
1655357946107248250 66883118
1655357946408878439 98878875
1655357946673049821 61398779
1655357946963014150 86847273
1655357947226828218 61028806
1655357947506878994 77317483
1655357947765877509 56199355
1655357948057551830 88903713
1655357948313911612 53651614
1655357948595885697 79243163
1655357948879266965 80631214
1655357949169043272 87000944
1655357949438717593 66955642
1655357949719888893 78405779
1655357949976578559 53870080
1655357950239933601 60575744
1655357950500073123 57323349
1655357950777570935 74697093
1655357951060321465 79927098
1655357951340259230 77142399
1655357951616012775 73085632
1655357951920810825 101969590
1655357952171535696 47882417
1655357952440752838 66500733
1655357952699897807 56369279
1655357952979159961 73690746
1655357953230704344 48754977
1655357953493766094 60127602
1655357953750274685 53738695
1655357954061366364 108391487
1655357954319305319 55093921
1655357954587521891 65399329
1655357954846726042 56372579
1655357955138465055 88879539
1655357955388773726 47595627
1655357955670158889 78637101
1655357955921491786 48621360
1655357956191207467 66902499
1655357956460853471 66875780
1655357956740805250 77025212
1655357956991613981 47088779
1655357957260942826 66462721
1655357957513547505 49748937
1655357957775097608 58835451
1655357958021307716 43355204
1655357958295598812 71530780
1655357958553602943 55166190
1655357958815639867 59250213
1655357959061777725 43395743
1655357959332297994 67735854
1655357959582817834 47769260
1655357959838497907 52958009
1655357960110623573 69312895
1655357960388865865 75382652
1655357960634733058 43150322
1655357960899703704 62102686
1655357961142353176 39785104
1655357961405432647 59672658
1655357961658494178 50366396
1655357961920251224 58890823
1655357962166488752 43482675
1655357962431517184 62331514
1655357962685900046 51622153
1655357962949678801 59642466
1655357963205702877 53305658
1655357963469140254 60702538
1655357963734030988 62197993
1655357963995508451 58778975
1655357964240364961 42158029
1655357964504567500 61284446
1655357964748683135 41244255
1655357965011986681 60510978
1655357965280964682 66161523
1655357965538184452 54474832
1655357965783345794 42343699
1655357966045911650 59811683
1655357966294014925 45390347
1655357966569377321 72623138
1655357966829957384 57879483
1655357967092973116 60347672
1655357967344117490 48348887
1655357967607241105 60395630
1655357967852579315 42599065
1655357968139686392 84243666
1655357968385421617 42910686
1655357968653915913 65643974
1655357968907174252 50496719
1655357969174156292 64212280
1655357969427395509 50421090
1655357969688324942 58183357
1655357969943992039 52876443
1655357970196615801 49757616
1655357970480559178 81231179
1655357970767156095 83349690
1655357971019591255 49060424
1655357971285655617 63272965
1655357971561904757 73616646
1655357971823786332 59107388
1655357972081672364 55133141
1655357972350191150 65780376
1655357972648895233 95909950
1655357972924673028 72916633
1655357973190221517 62735985
1655357973467935769 74842492
1655357973732459079 61724466
1655357974006642505 71356490
1655357974263275374 53787879
1655357974538992448 72813199
1655357974806359005 64492711
1655357975083163225 74063269
1655357975334281061 48218214
1655357975621687443 84627889
1655357975885847753 61303720
1655357976159652852 71159095
1655357976418076132 55605972
1655357976686062853 65226608
1655357976950095498 60085515
1655357977236033998 83218084
1655357977487413034 47370492
1655357977756275949 66120334
1655357978025192863 66193973
1655357978292020135 64092033
1655357978533915736 39143850
1655357978798457274 61782463
1655357979057076220 55776297
1655357979325460879 65737860
1655357979576483873 48299768
1655357979858606008 79299917
1655357980109309262 47948056
1655357980370352194 58378264
1655357980615126522 41934891
1655357980903233021 85012880
1655357981147695284 41800736
1655357981440456384 89866513
1655357981697592583 54429576
1655357981961361342 61007830
1655357982218996287 54844536
1655357982496201503 74418923
1655357982753032367 53988930
1655357983019448985 63802953
1655357983264175996 41935129
1655357983521976143 55086111
1655357983766811165 42114886
1655357984036381731 66402741
1655357984281367619 42209718
1655357984556679262 72525226
1655357984809055410 49510597
1655357985082350915 70510366
1655357985334001709 48865828
1655357985596977820 60185235
1655357985842165446 42437284
1655357986099206988 54282965
1655357986358330063 56185395
1655357986628704491 67634587
1655357986876988893 45378349
1655357987143399719 63656672
1655357987388255359 42062351
1655357987666281216 75292275
1655357987911304032 42323086
1655357988191198926 77130562
1655357988462544129 68652900
1655357988732518145 66355793
1655357988981906087 46599194
1655357989244864412 60189456
1655357989503266620 55620168
1655357989777425402 71494606
1655357990036154118 55951956
1655357990303811637 64958272
1655357990562003455 55520842
1655357990842157935 77341087
1655357991095775598 50836753
1655357991374301974 75846374
1655357991628904553 51899830
1655357991912640554 80999065
1655357992168144277 52712084
1655357992428000551 56929100
1655357992665913878 35002750
1655357992923345083 54708647
1655357993193843981 67726873
1655357993461613990 65079160
1655357993721998750 57589601
1655357993993598076 68612139
1655357994270420853 74141485
1655357994538094901 64956393
1655357994783400350 42410028
1655357995045979114 59830702
1655357995300967743 52303738
1655357995563102729 59320320
1655357995808542184 42689016
1655357996069320282 58077831
1655357996334743248 62599094
1655357996596285192 58781724
1655357996836131559 37046223
1655357997103672390 64824281
1655357997343174674 36690829
1655357997600814903 54930187
1655357997848139486 44512822
1655357998138349424 87472667
1655357998380056237 39097139
1655357998672998758 90165581
1655357998915844118 40050381
1655357999194310001 75714338
1655357999448672905 51655177
1655357999711280782 59737426
1655357999964274872 50211127
1655358000233690049 66529343
1655358000479541077 43106303
1655358000733670455 51347060
1655358000978925691 42555855
1655358001284179991 102408896
1655358001524725475 37873047
1655358001816414451 88986456
1655358002061562569 42350353
1655358002337003634 72453971
1655358002589918883 50226495
1655358002868812379 75994142
1655358003114101203 42555280
1655358003401604688 84698974
1655358003643640376 39356645
1655358003964478220 118006755
1655358004214677271 47396097
1655358004473692176 56253841
1655358004718844016 42219198
1655358005010921887 89286717
1655358005260957989 47285752
1655358005530539722 66838079
1655358005782634698 49265009
1655358006074522881 89172112
1655358006326094113 48818499
1655358006606589365 77803285
1655358006852184454 42772694
1655358007128872049 73776075
1655358007397924448 66167872
1655358007671545139 70942310
1655358007925720066 51460510
1655358008185618007 57121936
1655358008437033144 48714298
1655358008706150378 66445667
1655358008963298965 54508830
1655358009247033814 80152664
1655358009501364331 51482001
1655358009765509516 61422928
1655358010031001214 62803342
1655358010297077249 63301138
1655358010553585956 53762486
1655358010823216641 66946696
1655358011069020298 43020000
1655358011344262871 72619482
1655358011596503953 49446119
1655358011867264318 68040023
1655358012127689758 57642801
1655358012390441252 59896355
1655358012653082338 59897173
1655358012907200586 50427615
1655358013161247992 51250972
1655358013425018463 60586949
1655358013679314868 51493402
1655358013953146254 70930826
1655358014210823027 54702375
1655358014477498038 63817096
1655358014743571196 63362550
1655358015003702544 57221876
1655358015267118581 60651256
1655358015529988404 60054963
1655358015782264819 49561106
1655358016058268924 73294110
1655358016311430148 50414724
1655358016578069220 63826220
1655358016821827371 41125530
1655358017104363635 79872007
1655358017357502299 50378412
1655358017611819624 51537021
1655358017874644402 60043163
1655358018148131719 70625642
1655358018402829423 51798329
1655358018675862709 70031476
1655358018920773380 42037390
1655358019177940337 54315557
1655358019423042797 42341259
1655358019680879831 55073607
1655358019956878596 73249371
1655358020225410867 65737317
1655358020477705580 49517683
1655358020738955695 58533351
1655358021011155416 69483195
1655358021279168504 65157866
1655358021530363178 48436845
1655358021791796446 58739969
1655358022049169942 54572230
1655358022306178539 54274462
1655358022562560538 53588786
1655358022832274824 66977754
1655358023085525908 50491177
1655358023358981948 70754210
1655358023613120595 51396586
1655358023896924813 80876114
1655358024153929513 54247984
1655358024435187326 78528351
1655358024692818909 54911191
1655358024985135518 88323148
1655358025239186850 51255245
1655358025513626532 71521840
1655358025765806421 49515254
1655358026026069315 57523649
1655358026278607672 49837407
1655358026535223347 53820989
1655358026791361455 51900464
1655358027060887165 66106884
1655358027314581315 50935171
1655358027592953896 75504957
1655358027847332969 51571486
1655358028119422524 69355860
1655358028364345198 42180799
1655358028639658046 72548544
1655358028891188568 48783421
1655358029171820150 77837881
1655358029424651378 50007061
1655358029715781519 88301132
1655358029971555626 53114960
1655358030242116606 67742998
1655358030490304323 45511808
1655358030746982849 53950383
1655358030997584273 47774134
1655358031252972242 52752559
1655358031510095560 54370770
1655358031815472798 102657921
