1655359017842892274 901969924
1655359018246311681 193896530
1655359019241691461 602482390
1655359019850134213 297261678
1655359020948380014 796763272
1655359021552321536 399170915
1655359022150124913 307517170
1655359022647212767 291482482
1655359023350221687 407721903
1655359024143306188 404213991
1655359024893478744 452183397
1655359025943731973 695613114
1655359026686477553 447289706
1655359027241098214 299083366
1655359027943317084 304467608
1655359028651983541 409152339
1655359029555175520 612826441
1655359030942280242 1094546772
1655359031641031960 494462614
1655359032850656516 809948393
1655359033255993594 202377230
1655359034640877728 1098183004
1655359035541047818 502396272
1655359036140909111 288818356
1655359036943638323 504827325
1655359037641024633 394303375
1655359038640946676 791517336
1655359039644836262 604774376
1655359040449022230 495981318
1655359041148323341 395974586
1655359042344023255 805006886
1655359043153242668 603268393
1655359043754642874 311989163
1655359044450824004 401339557
1655359045248585709 590937411
1655359045854482142 205168502
1655359046554080696 411489256
1655359047245130098 204884110
1655359048145650913 493276524
1655359048842318098 487200942
1655359049441043302 393969502
1655359049941008417 295233474
1655359050753626529 402455580
1655359051342649092 290215841
1655359051954132590 215476969
1655359052548096862 306591030
1655359053541086257 497347095
1655359054354866411 313994366
1655359055357756511 715278366
1655359056145511771 583499829
1655359056940836467 589224442
1655359057843746197 695197817
1655359058269509645 223037200
1655359058646427724 103758599
1655359059351717086 210143974
1655359060252361298 511143353
1655359061082336930 625981314
1655359061845749537 502761807
1655359062248200095 196824720
1655359062844561987 392100685
1655359063363000035 214277759
1655359064235945732 487610843
1655359065241068875 594617580
1655359066157633587 513555211
1655359067052015255 609195782
1655359067742893208 486549818
1655359068341085672 285050562
1655359069245973551 397294117
1655359069840951398 297699705
1655359070450156698 403359155
1655359071239956199 586161174
1655359072046496301 596770630
1655359072438840598 180119735
1655359073252982985 602873944
1655359073846136221 388823275
1655359074346498707 203529867
1655359075241113104 674715131
1655359076140918340 691304161
1655359076941069709 399675137
1655359077541043971 386873989
1655359078145712346 393870765
1655359078841288229 393773768
1655359079748439699 596836696
1655359080752446071 613103197
1655359081441208016 399435130
1655359082145396011 484630728
1655359082952338418 598430075
1655359083621660258 466560145
1655359084443722406 589594699
1655359085641538094 800512755
1655359086243277841 298472374
1655359087243694155 705022840
1655359087737819030 282518254
1655359088544134216 601754668
1655359089166542686 324807416
1655359090349700234 708208836
1655359091347113143 604025097
1655359092423416414 580691949
1655359092846160579 219945335
1655359093644738716 594231630
1655359094741505917 600164963
1655359095942301430 996236747
1655359096558590011 411969800
1655359097040922076 194760580
1655359097750396479 407570456
1655359098945444862 802549857
1655359099842093478 588272983
1655359100446152360 393688789
1655359101349911155 508407957
1655359102032417059 391361620
1655359102956041410 408104195
1655359103946778878 785842543
1655359104856715793 603784389
1655359105345502653 286172440
1655359105894047507 344453300
1655359106642112093 399638485
