1619552150861002361 4729
1619552151861000515 4666
1619552152861008177 4745
1619552153861055575 4799
1619552154861574781 4734
1619552155861011582 4782
1619552156860999473 4805
1619552157861126369 4645
1619552158860992820 4718
1619552159861069432 4727
1619552160861270526 4710
1619552161861044092 4701
1619552162861180816 4712
1619552163861113856 4778
1619552164861017026 4686
1619552165861004573 4667
1619552166860997487 4778
1619552167861081963 4708
1619552168860981727 4719
1619552169861009155 4735
1619552170861032906 4722
1619552171861283202 4751
1619552172861159995 4726
1619552173861307638 4680
1619552174861126774 4832
1619552175861020239 4721
1619552176861000474 4751
1619552177860988754 4720
1619552178861002071 4793
1619552179860987011 4786
1619552180861067109 4774
1619552181861028715 4749
1619552182861116926 4771
1619552183861003486 4769
1619552184861008353 4750
1619552185861766712 4809
1619552186861009462 4786
1619552187861024638 4745
1619552188861117977 4727
1619552189861079203 4752
1619552190861109216 4777
1619552191861238017 4835
1619552192861020344 4778
1619552193861133205 4744
1619552194861064096 4834
1619552195861183032 4764
1619552196860990259 4799
1619552197861122458 4857
1619552198861077445 4734
1619552199861015692 4857
1619552200861005452 4809
1619552201861061860 4729
1619552202861020490 4776
1619552203861066592 4713
1619552204861015128 4814
1619552205861029011 4721
1619552206860992546 4794
1619552207861074966 4710
1619552208861043021 4759
