1619547529561071465 1492
1619547530561077747 1476
1619547531561068786 1475
1619547532561302830 1488
1619547533561139425 1466
1619547534561071798 1478
1619547535561086558 1477
1619547536561089299 1452
1619547537561070845 1471
1619547538561568455 1465
1619547539561183271 1466
1619547540561073949 1452
1619547541561084844 1453
1619547542561211346 1465
1619547543561109113 1458
1619547544561080329 1438
1619547545561130828 1453
1619547546561080857 1449
1619547547561103600 1456
1619547548561551457 1472
1619547549561074097 1460
1619547550561085164 1443
1619547551561068785 1465
1619547552561129776 1462
1619547553561156578 1443
1619547554561098361 1461
1619547555561082441 1476
1619547556561102246 1465
1619547557561098956 1457
1619547558561093180 1454
1619547559561251179 1472
1619547560561174646 1466
1619547561561055892 1456
1619547562561119663 1453
1619547563561073837 1457
1619547564561104669 1444
1619547565561701598 1451
1619547566561090888 1458
1619547567561143653 1445
1619547568561102315 1438
1619547569561061589 1458
1619547570561068777 1445
1619547571561142996 1442
1619547572561111316 1435
1619547573561190396 1420
1619547574561108298 1440
1619547575561168501 1446
1619547576561082896 1435
1619547577561414966 1435
1619547578561177392 1430
1619547579561373113 1440
1619547580561067595 1444
1619547581561064400 1444
1619547582561095287 1432
1619547583561233463 1439
1619547584561110403 1439
1619547585561075819 1463
1619547586561058205 1453
1619547587561062271 1437
