1655350056342991203 796189981
1655350056745960988 202424471
1655350057841320376 890663645
1655350058551093790 502274313
1655350059352864929 507188715
1655350060050202122 407168976
1655350060841149565 502625341
1655350061543040978 491486661
1655350061947601312 203767175
1655350062549132309 396753302
1655350062948858237 104989830
1655350063541001239 297137878
1655350064053554147 312066522
1655350064946516816 604179056
1655350065875472992 536934694
1655350066642294977 563196549
1655350067251464562 405118074
1655350067939593283 400985519
1655350068251588139 103684991
1655350068840954940 296728126
1655350069648013607 509514204
1655350070348969687 500563083
1655350071042232429 488398716
1655350071541196314 297334641
1655350072140978653 389020473
1655350072756574099 415173550
1655350073253330477 293898689
1655350073703143271 164624451
1655350074440862007 502347482
1655350074947473635 305301556
1655350075746149619 499558755
1655350076349842503 394205717
1655350076854699328 110755392
1655350077844320095 785460118
1655350078450420816 402559030
1655350079241105888 485489116
1655350079948795389 497586935
1655350080540985859 293330787
1655350081250562575 505262728
1655350082148832308 605527049
1655350082551590511 202334449
1655350083723673439 875473137
1655350084140930986 216836341
1655350084650461022 301834553
1655350085540378909 580654176
1655350086042675558 293916750
1655350086644747751 400406705
1655350087240867028 288604203
1655350087946289845 207637747
1655350088550158497 399381603
1655350089540858734 593104882
1655350090346843442 598427183
1655350090943874317 396399368
1655350091840954387 590376421
1655350092544943920 305284888
1655350093649112257 805843549
1655350094350225033 495909787
1655350094746610935 108082822
1655350095246319279 206648539
1655350095600550518 149805850
1655350096306680905 368170220
1655350097046216892 398928917
1655350097940949481 690647562
1655350098749162830 602973389
1655350099746247645 792563085
1655350100346257126 394922850
1655350100945350937 306801501
1655350101341023856 195260310
1655350101846287765 300626784
1655350102440848380 287077861
1655350102722621529 80124038
1655350103466927342 520725320
1655350104151372544 410402782
1655350105007482668 560062869
1655350105649399340 439106091
1655350106341053314 297105007
1655350106743477656 198872554
1655350107440319167 401797189
1655350107947317040 208810603
1655350108649135003 497889295
1655350109053377998 114215416
1655350110440961349 1001241324
1655350111143523738 500816353
1655350112043353659 493848436
1655350112643608870 394083354
1655350113250193045 205722636
1655350114441028238 889446572
1655350115646497335 901038986
1655350116244799699 394190439
1655350117342420245 703620765
1655350118248788987 702135522
1655350119141042614 399217638
1655350119852995978 413935953
1655350120640948498 498323714
1655350121547017754 608498717
1655350122240905540 486670807
1655350122750028809 308701523
1655350123551061173 510007285
1655350124053447892 301579777
1655350124540596160 283853723
1655350125044657327 292929051
1655350125751176327 408638980
1655350126440888484 399176634
1655350126841025543 189918613
1655350127341133588 294923408
1655350127941107474 399546980
1655350129050140457 894379312
1655350129941009850 598605536
1655350130650438083 505258769
1655350131441234530 586383592
1655350131946284943 304641588
1655350132443643442 192493058
1655350133041091381 393211852
1655350133551310080 299386125
1655350134343929620 392213770
1655350135143734764 498446125
1655350135654593149 305622440
1655350136146256895 207737381
1655350136846698205 402220340
1655350137643913821 501185199
1655350138152076696 212784270
1655350139141098074 598424661
1655350139742174145 400309160
1655350140341084407 302573935
1655350141050412041 496182159
1655350141651384228 303057680
1655350142148006950 296172105
1655350142651425166 206828635
1655350143151834674 201343557
1655350143742626013 388922239
1655350144441186680 497243875
1655350145140982395 495065039
1655350145841116344 488977639
