1654401336156299553 1.0
1654401337157640084 0.0
1654401338158905725 0.0
1654401339160169633 0.0
1654401340161397875 0.0
1654401341162658982 0.0
1654401342163898586 0.0
1654401343165147189 0.0
1654401344166401812 0.0
1654401345167662425 0.0
1654401346168931777 0.0
1654401347170193028 0.0
1654401348171423884 0.0
1654401349172679988 0.0
1654401350173922706 0.0
1654401351175166884 0.0
1654401352176409383 0.0
1654401353177612747 0.0
1654401354178843233 0.0
1654401355180088739 0.0
1654401356181328902 0.0
1654401357182574478 0.0
1654401358183829049 0.0
1654401359185096495 0.0
1654401360186350491 0.0
1654401361187601777 0.0
1654401362188072729 0.0
1654401363189303949 0.0
1654401364190547043 0.0
1654401365191786483 0.0
1654401366193013588 0.0
1654401367194192394 0.0
1654401368195457737 0.0
1654401369196237950 0.0
1654401370197446875 0.0
1654401371198693001 0.0
1654401372199942112 5.0
1654401373200207117 14.0
1654401374201471399 17.0
1654401375202711162 16.0
1654401376203961499 11.0
1654401377204157773 17.0
1654401378204272503 13.0
1654401379205534214 16.0
1654401380206719345 17.0
1654401381207978944 11.0
1654401382208137173 18.0
1654401383209360248 11.0
1654401384210616680 12.0
1654401385211836605 17.0
1654401386213091515 8.0
1654401387214340812 17.0
1654401388215538269 11.0
1654401389216314557 14.0
1654401390217565584 17.0
1654401391218419764 11.0
1654401392219329555 14.0
1654401393220253090 17.0
1654401394221477845 14.0
1654401395222737046 9.0
1654401396223978462 16.0
1654401397224237501 17.0
1654401398225435263 17.0
1654401399226546602 14.0
1654401400227799059 9.0
1654401401228378569 13.0
1654401402229593699 14.0
1654401403230306648 8.0
1654401404231558795 18.0
1654401405232811323 14.0
1654401406233903695 14.0
1654401407235159172 17.0
1654401408236310277 12.0
1654401409236928991 20.0
1654401410238175593 11.0
1654401411239408487 17.0
1654401412240661184 16.0
1654401413241905120 12.0
1654401414243164257 14.0
1654401415244345906 12.0
1654401416245418261 19.0
1654401417246561591 10.0
1654401418247697275 14.0
1654401419248883297 15.0
1654401420249992913 15.0
1654401421251104847 15.0
1654401422252297345 16.0
1654401423253433251 17.0
1654401424254568143 13.0
1654401425255717664 21.0
1654401426256248486 13.0
1654401427256471138 12.0
1654401428257702120 17.0
1654401429258933871 17.0
1654401430260221533 9.0
1654401431261039044 16.0
1654401432262235575 8.0
1654401433263377967 17.0
1654401434264264652 18.0
1654401435265511103 14.0
1654401436266736246 15.0
1654401437267964286 15.0
1654401438269146385 11.0
1654401439270447554 20.0
1654401440271628322 8.0
1654401441272220142 17.0
1654401442273433301 9.0
1654401443274681220 16.0
1654401444275861661 17.0
1654401445276244423 15.0
1654401446277345357 14.0
1654401447278590901 9.0
1654401448279285658 16.0
1654401449280288005 12.0
1654401450280573686 13.0
1654401451280875040 11.0
1654401452282136251 18.0
1654401453283399432 8.0
1654401454284654170 22.0
1654401455285805221 12.0
1654401456287032926 11.0
1654401457288246759 14.0
1654401458289487488 15.0
1654401459290711101 17.0
1654401460291908609 12.0
1654401461292340204 14.0
1654401462293529810 15.0
1654401463294745762 14.0
1654401464296001890 10.0
1654401465296308676 17.0
1654401466297521686 14.0
1654401467298758866 15.0
1654401468299992114 12.0
1654401469301264255 12.0
