1619540145668911259 4796
1619540145799092814 4689
1619540145819317588 5791
1619540145923683709 3929
1619540146003929553 4838
1619540146033966143 3484
1619540146202660652 6245
1619540146457502049 4574
1619540146469585049 3890
1619540146495731165 3523
1619540146717306094 4936
1619540146782736000 4986
1619540146796511667 4735
1619540146837005253 4509
1619540147063102382 4044
1619540147243510071 3344
1619540147299929960 4655
1619540147365936211 9292
1619540147896493701 4478
1619540147903821048 5137
1619540148034176297 3043
1619540148137618539 4913
1619540148225005152 5742
1619540148373732127 4420
1619540148487504749 5376
1619540148564649867 4403
1619540148818043850 4812
1619540149076029393 4843
1619540149082340438 4084
1619540149190988779 5177
1619540149299464931 5056
1619540149314191145 5530
1619540149328764323 4966
1619540149524928532 4222
1619540149621149535 5766
1619540149970134732 3624
1619540150045141765 3780
1619540150084484233 4621
1619540150472252409 4715
1619540150533389830 10020
1619540150602512798 4434
1619540150970451719 5803
1619540151004641523 5290
1619540151137592182 5223
1619540151433246899 4078
1619540151548664146 3736
1619540151700319804 7255
1619540151834487508 3869
1619540151955279549 6164
1619540151962670357 5292
1619540152126005644 5239
1619540152244175842 6072
1619540152471410024 3676
1619540152683043236 4285
1619540152688604228 3447
1619540153247579476 4041
1619540153272869381 6799
1619540153278828469 3842
1619540153312866297 4043
1619540153320118916 5084
1619540153334570733 5184
1619540153724699611 4312
1619540153784520816 4646
1619540153867348267 7400
1619540154344023407 6795
1619540154609580528 4552
1619540155265807234 4568
1619540155278490667 4263
1619540155285783425 5179
1619540155362811838 7919
1619540155491339886 4815
1619540155538620176 3902
1619540155739541467 5616
1619540155951989086 3808
1619540156365598553 4680
1619540156420978435 6602
1619540156462370222 6962
1619540156716890023 4219
1619540156722728455 3667
1619540156729144804 4191
1619540156835022444 4850
1619540156875686398 4447
1619540157013899150 5377
1619540157060817473 4666
1619540157367262769 3668
1619540157481551498 4247
1619540157631127616 7231
1619540157712792849 4414
1619540157928724863 4536
1619540158020166547 5288
1619540158211738306 4231
1619540158226024436 5164
1619540158300547101 4579
1619540158642096397 3951
1619540158670615401 4518
1619540158725676409 4825
1619540158765108070 4278
1619540158817405304 5061
1619540158902786239 4754
1619540159065063235 2786
1619540159127924617 3156
1619540159141602498 4800
1619540159185583256 4198
1619540159348371475 5501
1619540159525639622 5285
1619540159567645804 5209
1619540159688935224 5373
1619540160127419196 4373
1619540160161590472 4087
1619540160258694666 4308
1619540160571642959 4664
1619540160672242006 4354
1619540160756810800 3980
1619540160840454546 3879
1619540160883778640 4414
1619540161511628767 6457
1619540161735039064 4577
1619540161851673540 4738
1619540162091695611 5182
1619540162098176916 4383
1619540162104536673 4223
1619540162192913012 12904
1619540162332341252 5477
1619540162379544043 4444
1619540162398648454 4181
1619540162447839290 7226
1619540162467578897 4139
1619540162833629031 5784
1619540162848591938 4503
1619540162869746923 5432
1619540162972729966 5416
1619540163025864430 5070
1619540163162872166 3124
1619540163271260864 4081
1619540163985999354 6567
1619540164104724434 3056
1619540164110837884 4058
1619540164138545175 3735
1619540164303488893 3324
1619540164338063808 4208
1619540164437113754 3693
1619540164515987351 4161
1619540164537103125 4412
1619540164697253567 4810
1619540164912886637 4492
1619540165130087776 4707
1619540165258805123 3203
1619540165347839982 5908
1619540165369159758 3833
1619540165475179595 4709
1619540165481904768 4621
1619540165530906419 4282
1619540165666450248 4270
1619540165672423626 3919
1619540165854719994 3957
1619540165902994198 4579
1619540166004146724 4797
1619540166037543530 6894
1619540166303840666 3790
1619540166545555131 5122
1619540166551765776 4155
1619540166619068678 3859
1619540166662136790 4461
1619540167522627841 4537
1619540167587466419 6440
1619540167921071756 4954
1619540167965454429 4572
1619540168128570564 4248
1619540168150111248 5310
1619540168238344191 9028
1619540168245311821 4847
1619540168258935029 4567
1619540168447965005 11641
1619540168710661670 4319
1619540168774453909 4073
1619540169094885601 4182
1619540169373103391 3640
1619540169440881158 4982
1619540169571860906 7676
1619540169659847226 4441
1619540169874245788 3267
1619540169899673571 4667
1619540170125914596 4314
1619540170138585121 10554
1619540170185200518 3838
1619540170191023960 3638
1619540170219965800 5669
1619540170448012962 5316
1619540170598539767 2987
1619540170657901706 4398
1619540170779669822 5009
1619540170785408399 3522
1619540171017192122 5185
1619540171224428694 4990
1619540171507855213 4828
1619540171584087098 6804
1619540171739165446 7484
1619540171876476603 4234
1619540171889369247 4129
1619540172064779861 5086
1619540172218299180 3702
1619540172299292040 4717
1619540172427747344 4617
1619540172632158889 4300
1619540172957759519 5536
1619540173295347141 3890
1619540173455503674 4612
1619540173558119306 4756
1619540173674271666 5056
1619540173800304335 5230
1619540173904273249 3742
1619540174143310892 4478
1619540174239912366 4216
1619540174279958230 5242
1619540174341761143 5229
1619540174573072461 5069
1619540174687551490 5055
1619540174969943509 3895
1619540175102515869 5823
1619540175285677466 4389
1619540175576507225 4644
1619540175666323503 3912
1619540175912544778 5644
1619540175946619963 5078
1619540175976681682 3716
1619540176139966984 5723
1619540176258052516 6405
1619540176372530617 4322
1619540176379648293 4914
1619540176386306091 4492
1619540176423082528 3802
1619540176612528142 5266
1619540176618153421 3521
1619540176660571904 4034
1619540176747969668 4223
1619540176954403163 4840
1619540177127745957 4775
1619540177162281217 5865
1619540177665707759 4064
1619540177678525761 4192
1619540177754457273 4747
1619540177939718754 4918
1619540177952678516 5101
1619540178085591647 5038
1619540178257076951 4465
1619540178489583716 4021
1619540178548412430 5156
1619540179359325204 4712
1619540179569256771 4673
1619540179669876363 5090
1619540179676967752 4969
1619540179765135558 5255
1619540179877061914 4490
1619540179934605738 3990
1619540180371825467 5178
1619540180390621964 4847
1619540180608848195 6900
1619540180651559032 4138
1619540181082489855 4697
1619540181186345155 4963
1619540181408697383 4351
1619540181690527131 4021
1619540181737565145 4534
1619540181965116461 5013
1619540182381497820 5142
1619540182612314008 4042
1619540182698067070 7137
1619540182744869069 3608
1619540183059164627 4438
1619540183065615166 4402
1619540183078618122 4675
1619540183771547026 4208
1619540183862553035 3596
1619540184170734470 5418
1619540184212104081 4618
1619540184525523569 4782
1619540184579444035 2966
1619540184709865724 7402
1619540185119765309 6271
1619540185207601238 4306
1619540185462662639 3877
1619540185606068562 3617
1619540185654239430 4554
1619540185660765049 4399
1619540186165458993 4915
1619540186533889502 3734
1619540186567211128 4810
1619540186869527380 4737
1619540186908725612 4682
1619540186974568846 8297
1619540187035297324 4038
1619540187089292115 4233
1619540187107511932 3873
1619540187116951668 7234
1619540187482497261 7100
1619540187490405866 5666
1619540187571132153 5172
1619540187807717220 4029
1619540187930293994 4549
1619540188104505385 5033
1619540188245777284 4079
1619540188390394939 4551
1619540188408952850 4081
1619540188435960121 4649
1619540188532373959 5755
1619540188655006030 3414
1619540188765434344 5836
1619540189012589916 4896
1619540189111563976 3637
1619540189124849745 5060
1619540189193772630 4921
1619540189294890665 4307
1619540189329241275 4649
1619540189461412223 5520
1619540189665963057 4480
1619540189744558531 4770
1619540189936713628 5120
1619540190033748152 4668
1619540190277444748 4401
1619540190291533738 5020
1619540190352210835 5130
1619540190458282411 4744
1619540190464178200 3799
1619540190980935086 4001
1619540191017105980 5824
1619540191032833237 4726
1619540191374729897 4980
1619540191402853539 5034
1619540191422202199 4536
1619540191966159859 4486
1619540192165220637 4889
1619540192312465925 4430
1619540192353049937 3998
1619540192366453025 4210
1619540192680376869 4673
1619540192699287988 4663
1619540192726187430 4748
1619540192807929831 3052
1619540192853445945 4008
1619540192996085604 6730
1619540193219560506 4540
1619540193605050538 5041
1619540193619277186 4837
1619540193626153620 4800
1619540193931904287 5662
1619540193946651360 6082
1619540193996713405 4511
1619540194039056424 5172
1619540194158658705 4783
1619540194541208152 5035
1619540194623843974 5728
1619540194650865017 4707
1619540194780115961 4859
1619540194882821366 4021
1619540195067419569 2532
1619540195292270750 3584
1619540195451032916 3227
1619540195668762850 2547
1619540195732087063 4113
1619540195762364539 5018
1619540195859820793 3343
1619540196032841217 4359
1619540196049507738 2714
1619540196224761480 3431
1619540196259240618 3598
1619540196294593886 3183
1619540196300192668 3446
1619540196346203708 3250
1619540196550029115 4337
1619540196713068765 3862
1619540196787756012 3908
1619540196867342110 3710
1619540196966561787 4201
1619540196986015592 4353
1619540197094966982 3359
1619540197165229268 3786
1619540197339380617 4026
1619540197458328943 3562
1619540197522435016 3819
1619540197534478938 4088
1619540197674193401 3322
1619540197775575330 4589
1619540197803308772 3716
1619540197858026285 4090
1619540198043997107 3373
1619540198071057442 3471
1619540198565737331 3053
1619540198661635237 3506
1619540198742003264 3268
1619540198781924384 2921
1619540198867495767 4601
1619540198924961352 3275
1619540199340674231 4233
1619540199366757939 2230
1619540199413709010 3654
1619540199448988189 3506
1619540199460970777 3260
1619540199465735013 2572
1619540199587969422 4597
1619540199644041969 3759
1619540199775355852 3457
1619540199847169592 4473
1619540199902912231 3773
1619540199954926810 3757
1619540200069756382 4222
1619540200148464891 3725
1619540200201277011 4295
1619540200226838930 4172
1619540200299592598 4387
1619540200612089780 4184
1619540200646334358 4352
1619540200725546878 4333
1619540200761604255 4036
1619540200830383746 3914
1619540201143868742 3527
1619540201275400711 3813
1619540201329281511 2765
1619540201407966732 3342
1619540201431732658 3133
1619540201491623936 3574
1619540201801830481 3897
1619540201850240760 3938
1619540201861860025 3353
1619540201879562706 3687
1619540202092968790 4499
1619540202130053043 3641
1619540202411826625 4124
1619540202450634574 3671
1619540202456574006 3735
1619540202557391455 3580
1619540202992722877 15680
1619540203079849635 2955
1619540203097293240 3804
1619540203180255862 5776
1619540203319690923 3081
1619540203471900242 3236
1619540203520197711 4425
1619540203601630057 4051
1619540203706012947 2380
1619540203770491701 3602
1619540203775868481 3191
1619540203824829752 4394
1619540204000107976 3791
1619540204271320926 3897
1619540204438713184 4056
1619540204986741493 2843
1619540205129418710 3916
1619540205141569048 3809
1619540205244951761 3787
1619540205335244257 2523
1619540205612234138 3106
1619540205648789153 3986
