1619540364716509904 4568
1619540364833455602 5091
1619540364856824508 3513
1619540365008445043 5128
1619540365037933607 4504
1619540365071774468 4492
1619540365203308353 4178
1619540365210155074 4812
1619540365329067933 4112
1619540365496841885 4612
1619540365511166718 4635
1619540365641711434 3998
1619540365883472598 4667
1619540365896987646 4957
1619540366122784211 5734
1619540366271606783 4279
1619540366278098764 4459
1619540366291291817 4588
1619540366436274413 4152
1619540366566390274 5107
1619540366656856218 4992
1619540366861901643 6292
1619540367013948470 4920
1619540367473889644 4358
1619540367486629203 4395
1619540367820953062 5065
1619540367940736453 4000
1619540368362196345 6237
1619540368380752683 6748
1619540368387294511 4497
1619540368660922338 5775
1619540368703031527 5207
1619540368932030927 3440
1619540368979347123 6660
1619540368999723248 3829
1619540369168867576 3719
1619540369237642935 3932
1619540369357377222 4729
1619540369571753505 4251
1619540369739764901 4831
1619540369874353936 5032
1619540370102243575 6498
1619540370140595454 3882
1619540370336538671 4466
1619540370391864411 4020
1619540370547118738 5944
1619540370578945177 3380
1619540370905089975 4934
1619540370975952232 4743
1619540371178958750 4274
1619540371198321088 4696
1619540371434199064 3635
1619540372046956693 4441
1619540372357621060 5346
1619540372491620018 5460
1619540372542320228 5960
1619540372613676853 6058
1619540372686296713 5034
1619540373065780280 5334
1619540373147065079 3886
1619540373482090406 5770
1619540373523359228 4430
1619540373576666989 5014
1619540373928483648 5322
1619540374056877805 5439
1619540374063228586 4188
1619540374134260654 4651
1619540374140938145 4659
1619540374168075826 4889
1619540374239555243 4580
1619540374258976005 4098
1619540374348970381 5200
1619540374389275261 4953
1619540374429414850 3489
1619540374474727535 5012
1619540374481319782 4391
1619540374514519366 3793
1619540374616422206 3871
1619540374751383665 5271
1619540374813771981 7316
1619540374820570859 4764
1619540374846859156 4822
1619540375134371301 4345
1619540375212902071 5616
1619540375300023151 5029
1619540375630072210 4462
1619540375746377269 5523
1619540376170515805 5020
1619540376368576660 4714
1619540376847035556 5288
1619540376852525500 3338
1619540376866984227 6004
1619540376939662028 4752
1619540377183774925 4144
1619540377211165266 4517
1619540377225895264 6769
1619540377394045224 4676
1619540377429787114 5181
1619540377451129017 3196
1619540377691772055 5302
1619540377853078102 4590
1619540377958136405 4299
1619540377970973530 4695
1619540378105940345 4883
1619540378290504464 4746
1619540378562505968 4750
1619540378668870392 4728
1619540378831796883 5484
1619540378923018300 5088
1619540379004729021 4865
1619540379362881512 4423
1619540379877176780 4528
1619540380131833409 4625
1619540380219441721 5197
1619540380242384148 5894
1619540380287955465 4775
1619540380316379457 4443
1619540380459694246 5968
1619540380512830998 5328
1619540380740748974 3987
1619540380747321771 4521
1619540381016373203 5714
1619540381262443384 5686
1619540381607274284 4278
1619540381613669573 4302
1619540382057988994 6140
1619540382191682382 4618
1619540382394551255 4736
1619540382403269863 6603
1619540382444287963 4601
1619540382526976003 5127
1619540382666637471 4730
1619540382879299465 5135
1619540382885401630 4050
1619540382921100376 4874
1619540382929724091 6593
1619540383007094485 4264
1619540383040753227 5023
1619540383067034071 4268
1619540383169424021 11046
1619540383434027752 4593
1619540383826589569 4328
1619540384014947554 4816
1619540384021719328 4741
1619540384227639017 4554
1619540384333299408 4783
1619540384346714227 4940
1619540384439320476 5152
1619540384466456087 4511
1619540384687119142 4867
1619540384975695907 4759
1619540385331942426 4448
1619540385426732569 6054
1619540385536728519 4985
1619540385610484748 5172
1619540385754403828 5019
1619540385773818720 10548
1619540385807040363 4308
1619540385852890165 4698
1619540386061556240 4885
1619540386287621755 4250
1619540386791413249 7697
1619540386811780707 4384
1619540386943342606 4925
1619540387089890661 6083
1619540387151921280 4318
1619540387236896380 3845
1619540387291263490 7372
1619540387297842545 4360
1619540387339613865 3835
1619540387530272880 4825
1619540387658763233 5337
1619540387935401014 8591
1619540387949277496 4482
1619540387983745111 5408
1619540388030870361 5429
1619540388101773259 6169
1619540388142010782 7776
1619540388211679126 4106
1619540388249014942 7837
1619540388330551392 4069
1619540388520089451 5836
1619540388533778450 3948
1619540388547313060 4877
1619540388554021034 4642
1619540388580554350 4614
1619540388603110522 6685
1619540388943913530 4332
1619540388957596178 5124
1619540389386486659 3334
1619540389504423472 5860
1619540389610599626 4491
1619540389892440090 5425
1619540389933458724 4377
1619540390436271409 3606
1619540390458293788 5604
1619540390498679101 4038
1619540390632931653 7377
1619540390745844283 3824
1619540390814589134 4585
1619540391339552379 4522
1619540391408813169 4052
1619540391674383428 6333
1619540391687923354 5568
1619540391736199170 4329
1619540392132072330 3514
1619540392332454700 3764
1619540392373599049 5486
1619540392460857035 6925
1619540392669331663 4443
1619540393181722232 4831
1619540393252264545 4215
1619540393358722768 3230
1619540393577381369 4433
1619540393750353518 4408
1619540393935016245 4278
1619540394016715454 4483
1619540394068134934 4318
1619540394366328617 5939
1619540394399057962 4663
1619540394666680800 4400
1619540394672720462 3988
1619540394679928730 4971
1619540394702174903 4532
1619540394862213105 3883
1619540395228769900 4479
1619540395463731061 3554
1619540395670314751 5376
1619540395723930036 4513
1619540396105276762 4522
1619540396193340734 3512
1619540396234790049 5342
1619540396367689916 5869
1619540396604928352 4240
1619540396822624543 4137
1619540397103585059 4372
1619540397116944110 4698
1619540397212191575 5314
1619540397582465285 5022
1619540397755347740 4099
1619540398155608897 4492
1619540398552288717 6032
1619540398647746301 6398
1619540398668116840 5021
1619540399422810210 4517
1619540399567823284 4668
1619540399602872420 8139
1619540399614992521 3781
1619540399821411110 4912
1619540399828194337 4640
1619540399869594950 5120
1619540399891099798 5052
1619540400105044792 5151
1619540400151966671 6660
1619540400172840464 4227
1619540400302199170 4385
1619540400328953358 5017
1619540400396945370 4987
1619540400920104184 3582
1619540400961791221 4257
1619540401016794118 4875
1619540401289750080 3691
1619540401373234914 4549
1619540401422967781 4331
1619540401480159813 6394
1619540401585943697 4499
1619540401599296495 4511
1619540401630999733 5582
1619540401678362298 4951
1619540401825080162 4336
1619540401852819901 4771
1619540402299078978 3700
1619540402362302412 6246
1619540402572673551 5452
1619540402592009786 4071
1619540402683357192 4626
1619540402689749488 4274
1619540402776191572 5279
1619540402824255967 4629
1619540402965824274 4204
1619540403147220892 5103
1619540403648249751 4934
1619540403675606031 5034
1619540403682733498 5070
1619540403907720930 4683
1619540403922754321 5220
1619540403956397628 3892
1619540403997751690 6056
1619540404204667717 4707
1619540404295218317 5763
1619540404582281114 4890
1619540404860816057 4365
1619540404876311051 5494
1619540404958999512 4223
1619540404979599862 5192
1619540405101758244 4301
1619540405155538326 4540
1619540405559435172 6436
1619540405667394865 5560
1619540405742511929 4014
1619540405777057601 5708
1619540405882582848 4270
1619540405949269059 6262
1619540406009716245 4733
1619540406122130595 4185
1619540406135652348 4739
1619540406201150518 3978
1619540406264354496 7123
1619540406277499637 4368
1619540406493400273 4426
1619540406792845104 5586
1619540407258536631 3088
1619540407278838974 4474
1619540407394554321 4191
1619540408247282998 3313
1619540408372181165 4751
1619540408440290877 5057
1619540408531574623 4344
1619540408537862589 4200
1619540408594776990 5137
1619540408630967975 6532
1619540408713543011 5840
1619540408780899854 4427
1619540408840797553 5104
1619540409006444957 3934
1619540409271248035 4169
1619540409720691953 8993
1619540410143845386 4001
1619540410577162944 4444
1619540410640034449 3924
1619540410887520063 4628
1619540410953678362 4883
1619540410966607237 3904
1619540411037041028 7437
1619540411099392930 3743
1619540411360959058 3969
1619540411619831423 4917
1619540411857080707 5216
1619540412217076655 5911
1619540412224412661 5279
1619540412230370441 3914
1619540412327359327 5581
1619540412519970772 3790
1619540412574847087 4278
1619540412647144500 4518
1619540412737076300 4300
1619540412783116758 5248
1619540412966623339 5615
1619540413098687062 4596
1619540413310438645 4073
1619540413331483479 4856
1619540413768174690 4670
1619540413974834088 4534
1619540414154651183 3763
1619540414160569505 3867
1619540414281508309 4426
1619540414570111359 4232
1619540414887995174 4970
1619540414925445679 4649
1619540415075328959 4483
1619540415247276276 5412
1619540415473787912 5438
1619540415909201275 3932
1619540416028485822 4907
1619540416360187879 5162
1619540416609775683 6318
1619540416833839430 4309
1619540416903743293 6053
1619540417663239885 4221
1619540417751617917 3924
1619540417771203687 4224
1619540417881837154 5024
1619540418174570005 5495
1619540418325266054 7521
1619540418365961382 5335
1619540418395231461 4921
1619540418463201859 4754
1619540418505180902 4264
1619540418511810045 4577
1619540418629653079 5069
1619540418894927622 3826
1619540418915038124 4288
1619540418930053247 4778
1619540418989357391 4211
1619540419200737970 4819
1619540419214154691 4277
1619540419250403243 5025
1619540419403235634 7215
1619540419468848627 6662
1619540419626288621 4729
1619540419797808919 5886
1619540419964884763 4844
1619540419973985666 6977
1619540420029547976 5523
1619540420087531959 4526
1619540420144523153 5466
1619540420169919226 4446
1619540420531957723 3569
1619540420622026181 9896
1619540420630370991 6084
1619540420685371403 6738
1619540420933973924 4155
1619540421028507923 7808
1619540421036066222 5455
1619540421179932650 4840
1619540421236611136 5081
1619540421257407529 4766
1619540421485213603 5075
1619540421610065204 5856
1619540421721604731 3550
1619540421805664265 4039
1619540421865074782 3891
1619540421948332714 4253
1619540421979950053 4948
1619540422071328112 4888
1619540422085032986 4773
1619540422188612537 5310
1619540422418934609 5327
1619540422460099693 5239
1619540422578064611 6690
1619540422715140654 5062
1619540422886924483 4826
1619540422966519270 4073
1619540423007760452 4683
1619540423083020698 6592
1619540423157195792 5069
1619540423232522518 4278
1619540423239035390 4369
1619540423411927816 3776
1619540423456836491 4853
1619540423695906812 4650
1619540423863048626 4885
1619540424037921151 7190
1619540424191216747 4214
1619540424249096900 4890
1619540424294833976 4864
1619540424408504122 3898
1619540424414965341 4413
1619540424421937089 4719
1619540424503868143 4486
1619540424536173990 3735
1619540424605847768 5819
1619540424626020098 4553
