1619540923799839815 6996
1619540923822293079 5317
1619540923838867086 4584
1619540924103080902 7034
1619540924674238568 7687
1619540924727036382 5145
1619540924996963876 7306
1619540925088463901 6379
1619540925174168056 5565
1619540925247132325 4552
1619540925394938756 6033
1619540925411334173 5710
1619540925500020686 6462
1619540925618977723 5967
1619540925649350195 5547
1619540925837107619 6124
1619540925901718578 5529
1619540926364459186 6047
1619540926378777004 4498
1619540926392556387 4895
1619540926533445739 5999
1619540926731594881 4660
1619540926767729591 8069
1619540927127665692 6586
1619540927237431805 5984
1619540927261015920 5698
1619540927443872098 3821
1619540927602480830 3520
1619540927669064611 6535
1619540927888045036 6889
1619540927909541668 6323
1619540928067341172 5552
1619540928163290102 5479
1619540928554328607 5196
1619540928838086394 4944
1619540929013208093 4804
1619540929041014094 4590
1619540929601800053 3549
1619540929791633962 5207
1619540930043411202 6422
1619540930158490855 4715
1619540930180284964 5150
1619540930801761680 5021
1619540930852387328 9658
1619540931421090406 5886
1619540931599595228 6365
1619540932037464697 7799
1619540932457273195 5021
1619540932899021639 7255
1619540933211997985 12388
1619540933595213303 5755
1619540933649255628 4551
1619540933691170950 6187
1619540933845561247 5413
1619540933852094232 4488
1619540934101909676 4128
1619540934229260487 4978
1619540934687116274 5518
1619540934712334911 7032
1619540934723561155 8973
1619540935052645954 4468
1619540935094189293 4545
1619540935262813038 5932
1619540935317890007 4776
1619540935488946234 6902
1619540935504783393 6469
1619540935599075566 7826
1619540935918189677 5113
1619540936090350807 6156
1619540936159816493 7001
1619540936301850854 8231
1619540936583109902 5604
1619540936611100139 19426
1619540936642781760 5516
1619540936676525135 4499
1619540936745859042 7425
1619540936787334493 8441
1619540937491122566 5497
1619540937560031916 6115
1619540937567214100 5132
1619540937706559410 4846
1619540937713123090 4533
1619540938727983804 5502
1619540938827280433 4915
1619540938884072182 4697
1619540938929411943 4959
1619540939269960861 4347
1619540939368805922 8946
1619540939430188973 9550
1619540939774507428 4316
1619540939874559019 6094
1619540939903938111 5767
1619540940479269096 5870
1619540940487954056 6647
1619540940718018769 4031
1619540940996298476 9831
1619540941518768184 5562
1619540941705697793 6989
1619540941837233519 6030
1619540941843936591 4676
1619540941952068343 3386
1619540941958819426 4563
1619540942159665526 5090
1619540942425642018 5160
1619540942498378631 5719
1619540942513592971 4031
1619540942527641425 5436
1619540942700345959 5437
1619540942788208636 4236
1619540943012173405 5521
1619540943049871317 4515
1619540943235065698 8921
1619540943350235565 5022
1619540943433028735 15192
1619540943555760231 5014
1619540943797847224 4935
1619540943951793161 5888
1619540943979148930 5286
1619540944013496616 3854
1619540944048963127 5693
1619540944172591713 4882
1619540944229491123 7580
1619540944540230903 5607
1619540944567165749 5217
1619540944762069105 4762
1619540944953631891 8296
1619540945232917209 5844
1619540945356606201 5118
1619540945463678266 5157
1619540945477471509 5184
1619540945606526577 9954
1619540946105245254 5439
1619540946230325799 4969
1619540946251530261 3954
1619540946375066303 5148
1619540946427666765 5994
1619540946625666848 5430
1619540947085499991 5979
1619540947441900893 7358
1619540947508450454 5039
1619540947868860549 5731
1619540947982748002 4413
1619540948120541636 15791
1619540948153594706 5896
1619540948512189148 6001
1619540949127099902 3648
1619540949134384665 5215
1619540949410153145 4847
1619540949449195083 5464
1619540949478858947 5498
1619540949555901162 5437
1619540949791753529 4497
1619540949950736823 4343
1619540950091985220 4037
1619540950436489460 5016
1619540950655343349 5197
1619540950764297010 4381
1619540950923420497 3221
1619540951316085275 6085
1619540951322547811 4338
1619540951388450976 7324
1619540951433017740 6552
1619540951460972460 6464
1619540951483083478 4837
1619540951525869700 4773
1619540951642297787 5533
1619540951691506081 4611
1619540951857270480 4172
1619540951884931044 4482
1619540952316249117 4905
1619540952410852265 5059
1619540952583466195 4237
1619540952680714025 4281
1619540952834525787 4707
1619540952995830769 7079
1619540953010184629 5506
1619540953384827424 3982
1619540953561501382 5933
1619540953568225004 4680
1619540953597218607 5276
1619540953869477744 5166
1619540953953598721 5620
1619540953981686275 4827
1619540954078098302 5469
1619540954137718445 5998
1619540954173934305 5518
1619540954226761682 4817
1619540954341912197 4795
1619540954382775351 5416
1619540954408157116 14721
1619540954522893543 5101
1619540954531878342 6901
1619540954700391605 5168
1619540954728723618 4571
1619540954737042221 5407
1619540954868763556 7098
1619540954901921799 6109
1619540955045302168 5469
1619540955104300759 6454
1619540955140394618 5455
1619540955437485576 6806
1619540955597650936 4785
1619540955612312461 5619
1619540955740616940 5705
1619540956108892974 4963
1619540956144188519 4714
1619540956284127728 4642
1619540956589190585 6682
1619540956646929335 5959
1619540956662685354 4235
1619540957027689281 4878
1619540957459653897 11125
1619540957488252377 4632
1619540957640230419 4050
1619540957786960966 4725
1619540958111541010 4879
1619540958268476643 7278
1619540958818847007 4096
1619540958979782566 4552
1619540959353381549 4753
1619540959465601002 6739
1619540959743625948 4769
1619540959814922214 4048
1619540959939265952 3557
1619540959979891826 7429
1619540960033257171 5930
1619540960050444266 8030
1619540960057433845 4851
1619540960228941172 5070
1619540960287851719 4907
1619540960415662941 5568
1619540960430785218 5456
1619540960486162033 4968
1619540961063187529 4931
1619540961108960267 4933
1619540961190634938 4187
1619540961199957975 7131
1619540961251844532 5835
1619540961272482102 4907
1619540961394205394 4467
1619540961407189092 4602
1619540961491345202 6157
1619540961550097853 4616
1619540961557802824 5596
1619540961635409665 5272
1619540961808908930 4602
1619540961965858800 5166
1619540961982547496 5764
1619540962166743761 4562
1619540962327364764 5776
1619540962746981350 5416
1619540962757935454 8863
1619540963022946925 4627
1619540963294659504 8309
1619540963381251655 6110
1619540963409427974 4394
1619540963517783952 4456
1619540963661400891 5950
1619540963926058373 4625
1619540963970757153 4744
1619540964142393454 4834
1619540964169074627 4488
1619540964414126801 8516
1619540964500945864 5709
1619540964566415948 6300
1619540964650461571 5437
1619540964725512347 5546
1619540964781440118 4558
1619540964854968592 4312
1619540965073817823 4785
1619540965094725845 4332
1619540965181133710 4093
1619540965393604521 4604
1619540965489662797 5587
1619540965529472788 4227
1619540966047536606 7276
1619540966109843027 5104
1619540966127888466 6522
1619540966149822644 4705
1619540966183909505 5356
1619540966194192818 8234
1619540966298642938 7025
1619540966670130930 7377
1619540966984910852 5075
1619540967112492503 23293
1619540967128516996 5492
1619540967488679932 5141
1619540967579754770 3936
1619540967909587613 4743
1619540968227443851 4314
1619540968306646611 5983
1619540968365966076 3954
1619540968536140251 14668
1619540968700191369 6139
1619540968802961586 6907
1619540968809910404 4751
1619540968910867994 12667
1619540969431415033 6634
1619540969591648869 5053
1619540969604747956 4178
1619540969691858366 4313
1619540969730204483 13583
1619540969887443847 5030
1619540970040968952 13261
1619540970253276094 4283
1619540970277189450 6603
1619540970752965328 5505
1619540970787331796 5442
1619540970816595158 4511
1619540970856235086 4578
1619540970878232159 5782
1619540971054928907 4361
1619540971204662062 5207
1619540971485125838 5653
1619540971507028489 4586
1619540971550097931 4547
1619540971759917377 6545
1619540971996069203 4758
1619540972076700843 8082
1619540972704993656 7423
1619540972856126998 6197
1619540973219257335 4727
1619540973226478614 5160
1619540973320056379 5010
1619540973427474117 6675
1619540973464046178 3814
1619540973653163330 5468
1619540973673598550 4925
1619540973981808945 7206
1619540974193631518 7135
1619540974206495631 3983
1619540974359571824 7494
1619540974561250602 4417
1619540974588562526 4601
1619540974795436490 4890
1619540974823841594 4695
1619540974859003651 5274
1619540975038759154 5084
1619540975217082017 3613
1619540975777115600 4837
1619540976012336427 5035
1619540976081962872 4201
1619540976224463765 8222
1619540976386320802 5951
1619540976558548699 5677
1619540976606321316 6115
1619540976766594043 5564
1619540976967451352 7849
1619540977015407715 6241
1619540977591210475 4733
1619540977657277963 6813
1619540977930278921 5033
1619540977986040427 5269
1619540978147273957 6324
1619540978168729291 4152
1619540978312821316 5692
1619540978405247947 5397
1619540978441168554 4553
1619540978494441990 8043
1619540978757522821 8221
1619540978971287627 4188
1619540979077505112 10356
1619540979244195423 4397
1619540979425095829 13631
1619540979570391003 7985
1619540979577752775 5311
1619540979679570532 4403
1619540979720624456 6566
1619540979994031289 5502
1619540980518212542 5122
1619540980612693977 5649
1619540980651205332 5640
1619540980685364781 4306
1619540980694341400 6695
1619540980957278850 5079
1619540981173412451 5126
1619540981196134291 6203
1619540981241168409 5358
1619540981336953292 4953
1619540981776633653 4399
1619540981793041164 7001
1619540981997286223 4543
1619540982061386565 11800
1619540982133491800 6347
1619540982156247479 5001
1619540982260764981 5312
1619540982367862372 5476
1619540982581527439 4191
1619540982588337834 4717
1619540982690797502 3938
1619540982922518087 5078
1619540983007610339 5282
1619540983133087900 4820
1619540983154733404 6804
