1655419657123037083 0
1655419658124336789 0
1655419659125583893 0
1655419660126828602 0
1655419661128067772 0
1655419662129310964 0
1655419663130550390 0
1655419664131781652 0
1655419665133026160 0
1655419666134274746 38
1655419667135452623 137
1655419668136353620 157
1655419669137539995 153
1655419670138782549 152
1655419671140016811 158
1655419672141231261 150
1655419673142471351 154
1655419674143698126 159
1655419675144287524 152
1655419676144430671 153
1655419677145537394 157
1655419678146664938 153
1655419679147838538 153
1655419680148286781 153
1655419681149429034 155
1655419682150550629 157
1655419683151693786 153
1655419684152265457 152
1655419685153357892 156
1655419686154488425 155
1655419687155636307 153
1655419688156411890 158
1655419689157611283 150
1655419690158778642 156
1655419691159897121 156
1655419692160318360 151
1655419693160511754 156
1655419694161677143 154
1655419695162847945 155
1655419696163974084 153
1655419697164332275 154
1655419698165573074 154
1655419699166735759 157
1655419700167972387 154
1655419701168202080 154
1655419702169438554 155
1655419703170687326 152
1655419704171935352 156
1655419705172492854 158
1655419706173694613 150
1655419707174928301 155
1655419708176109922 156
1655419709177303959 151
1655419710178535589 154
1655419711179769195 154
1655419712181007908 155
1655419713182218954 155
1655419714183470114 152
1655419715184300485 154
1655419716185423398 155
1655419717186551102 154
1655419718187738914 152
1655419719188300373 152
1655419720189387249 155
1655419721190510113 157
1655419722191644117 153
1655419723192323422 155
1655419724193561977 154
1655419725194804929 154
1655419726196044517 154
1655419727197281030 156
1655419728198514906 152
1655419729199756909 156
1655419730200474170 155
1655419731201664277 154
1655419732202888725 155
1655419733204125739 151
1655419734204451565 157
1655419735205662666 156
1655419736206875614 155
1655419737208108843 150
1655419738209390459 159
1655419739210593850 151
1655419740211763239 155
1655419741213004856 157
1655419742214195509 152
1655419743215418355 153
1655419744216313580 158
1655419745216407214 150
1655419746217531501 157
1655419747218666560 155
1655419748219841140 153
1655419749220336433 155
1655419750221429170 157
1655419751222551472 151
1655419752223724498 156
1655419753224413142 155
1655419754225497632 154
1655419755226621137 155