1655420196715323201 0
1655420197716612466 0
1655420198717814275 0
1655420199719065788 0
1655420200720308000 0
1655420201721537326 0
1655420202722779891 0
1655420203724020536 0
1655420204725251495 0
1655420205726397879 30
1655420206727657790 137
1655420207728915834 134
1655420208730155579 97
1655420209731406820 131
1655420210732313211 181
1655420211733559702 198
1655420212734815760 191
1655420213736048209 186
1655420214737270111 141
1655420215738504314 67
1655420216739733086 73
1655420217740978834 209
1655420218742170556 191
1655420219743315667 215
1655420220744359513 226
1655420221745600691 126
1655420222746785950 187
1655420223747980342 167
1655420224748453238 250
1655420225749688483 213
1655420226750919504 202
1655420227752105146 186
1655420228752405505 184
1655420229753576911 192
1655420230754788780 232
1655420231756018134 184
1655420232757261339 168
1655420233758503410 151
1655420234759728571 204
1655420235760962026 227
1655420236762052065 240
1655420237763287204 243
1655420238764240346 185
1655420239764423875 246
1655420240765585774 208
1655420241766803052 202
1655420242768037845 247
1655420243769285127 183
1655420244770531130 90
1655420245771762233 143
1655420246772288306 210
1655420247772395174 226
1655420248773650796 200
1655420249774882590 133
1655420250776055359 205
1655420251776347969 206
1655420252777545815 95
1655420253778759937 222
1655420254780007764 193
1655420255781254785 230
1655420256782497902 212
1655420257783751615 70
1655420258784354981 240
1655420259785611423 178
1655420260786864042 233
1655420261787994018 240
1655420262788285564 153
1655420263789454412 111
1655420264790582534 217
1655420265791752853 65
1655420266792268633 233
1655420267793454506 236
1655420268794633786 243
1655420269795799584 239
1655420270796352859 253
1655420271797494893 256
1655420272798621453 244
1655420273799757261 232
1655420274800445015 221
1655420275801643759 223
1655420276802818674 243
1655420277804011973 250
1655420278805249552 247
1655420279806500262 254
1655420280807686466 249
1655420281808428648 251
1655420282809676307 250
1655420283810939039 252
1655420284812135424 252
1655420285813421624 252
1655420286814607026 249
1655420287815862309 251
1655420288816359708 251
1655420289817599348 250
1655420290818791781 251
1655420291820006235 252
1655420292821218596 252
1655420293822425739 251
1655420294823564186 248
