1655419121611624338 0
1655419122612285980 0
1655419123613537475 0
1655419124614794725 0
1655419125616040326 0
1655419126617276594 0
1655419127618513701 0
1655419128619756535 0
1655419129620975237 0
1655419130622208453 33
1655419131623458638 40
1655419132624699863 39
1655419133625789833 40
1655419134627039094 40
1655419135628324504 34
1655419136629578750 39
1655419137630805076 40
1655419138631034930 39
1655419139631356406 40
1655419140632360826 40
1655419141633602937 33
1655419142634832916 40
1655419143635905290 40
1655419144636207252 39
1655419145637328753 40
1655419146638473375 39
1655419147639632418 34
1655419148640277367 40
1655419149641399299 40
1655419150642471961 39
1655419151643706472 40
1655419152644851525 39
1655419153645999133 34
1655419154647155199 40
1655419155648309995 40
1655419156649429927 39
1655419157650567672 40
1655419158651647965 39
1655419159652205572 34
1655419160653418282 40
1655419161654647751 40
1655419162655896281 39
1655419163657100521 40
1655419164658346729 36
1655419165659578780 37
1655419166660405675 40
1655419167661637036 40
1655419168662868014 39
1655419169664100915 40
1655419170665328079 36
1655419171666570376 37
1655419172667795297 40
1655419173669002036 40
1655419174670207577 39
1655419175671027884 40
1655419176672249876 35
1655419177673410115 38
1655419178674574571 40
1655419179675749061 39
1655419180676326949 38
1655419181677406619 40
1655419182678584859 38
1655419183679747082 37
1655419184680887013 38
1655419185682050801 39
1655419186683220836 40
1655419187684492447 40
1655419188685648481 35
1655419189686773815 38
1655419190687931421 40
1655419191688290404 39
1655419192689463523 40
1655419193690612116 40
1655419194691746471 35
1655419195692274098 38
1655419196693388951 40
1655419197694549938 39
1655419198695708507 40
1655419199696830771 40
1655419200697989956 33
1655419201699161239 40
1655419202700405914 40
1655419203701516215 39
1655419204702677241 40
1655419205703839165 39
1655419206705009379 34
1655419207706187846 40
1655419208707354619 40
1655419209708518597 39
1655419210709637319 40
1655419211710770613 39
1655419212711942091 34
1655419213713113567 40
1655419214714281989 40
1655419215715452339 39
1655419216716569899 40
1655419217717697739 37
1655419218718852312 36