103467577870814 21769085
103468230956830 27803353
103468927924198 23563637
103469182940422 36268226
103469392996546 9833584
103469871302611 30534021
103470284818057 19965555
103471095129449 80262055
103471914163105 78394754
103472143887471 22009284
103472618858585 12688711
103472840149841 19089564
103473060355215 16202218
103473525614996 53322955
103474071175030 46735253
103474286835887 12807091
103474549918357 42739602
103475321278309 31856401
103476138911977 56009571
103476370783351 29625135
103476979185483 46122840
103477827235988 97838225
103478545559789 46260530
103479351024667 31822689
103479570909618 16711785
103479853941259 32766857
103480108926164 36726720
103480324464254 15295246
103481579632017 38459895
103482962599693 67377475
103484008934993 186038136
103484267040214 38865632
103484489865847 21705384
103484699837715 9687161
103484921889638 20727546
103486051915271 117871682
103487249949373 81386601
103488429860838 29125780
103489556955890 21704403
103490335946779 31950193
103491063897850 42334035
103491329033721 57854068
103491580567195 32473719
103491796873147 15865129
103492885940191 91182483
103493625197806 26427860
103494821881977 31271740
103495038892272 14741591
103496222939904 41801185
103497092896389 95878237
103497380004979 52772345
103498696879763 49137301
103498977878539 13446038
103499237669225 35429754
103499498375474 40198830
103500810932509 41235188
103501491945127 41953706
103501786918838 62737903
103503088937671 43763475
103504084934954 78427917
103505245876771 23506715
103506261922172 20555065
103507390719336 41305102
103507621914251 19761212
103508788265701 34242376
103509017876855 17726789
103510205919399 59192122
103510862480510 41901795
103512310917077 49546138
103513477893811 25118778
103513697896830 10746880
103514017919823 82749260
103514906883694 20957063
103515962417928 44046000
103516192317708 21233587
103517488924637 21618592
103518632170546 36127826
103518854320586 18825615
103520037916370 37063026
103520885902387 39091063
103521170961068 42787467
103521442984726 42636206
103522379898856 45668621
103523003937887 21230358
103523978182579 15820779
103524201789699 18618752
103524415898740 13755864
103525375889812 22839993
103526507955422 92982683
103526727429311 17283141
103526952511238 17360588
103528019457464 25746621
103529327043520 183275454
103529546849888 17840773
103530281215405 34778041
103530499852120 15200877
103530752931210 19079330
103531037381266 47204974
103531260905297 17749759
103532386904784 37904485
103532629911761 21724042
103533456878188 12964383
103534589893706 42285229
103534881703692 57529506
103535756886401 39843653
103536928915049 33222717
103537217857086 23679142
103538237207831 17203721
103538530034874 65884332
103538769692712 20546108
103538993853565 22689797
103539804906779 39001602
103540064909352 38739966
103540308877739 27181521
103541484242104 38613944
103542752923224 71736696
103543894879956 36888629
103544168895241 14747273
103545240887942 20233358
103546484906432 48507203
103547635892684 34065286
103548719526341 25112225
103549039511747 89356477
103549973882006 36926775
103550754888454 23846297
103551592913182 105781700
103552495947128 29574832
103553159867838 14417509
103553430907670 62661361
103554269894375 25703054
103555479341149 33739530
103555744629864 55577919
103555998772146 31535811
103556230271830 21734921
103556513862586 79882990
