104003744506021 113399502
104004035102528 64241099
104005154102602 115230138
104005373052635 15093203
104006285148379 51669425
104007212315271 139573467
104008101021173 20851412
104008375171145 47823532
104009432058881 19560075
104010177009849 26432821
104011032202420 69863629
104011259032300 21619535
104012250051986 23379958
104012549020345 37663780
104013388045417 21387737
104014465794362 109690123
104014740762395 33424894
104015958021434 92149295
104017098784850 136675306
104017328968630 11857582
104018437927822 64166730
104018664983726 19675190
104019963995568 37623702
104020188990835 22678079
104021178076731 79692293
104022212037412 85040019
104022502948832 27546956
104022743995276 30711804
104023007055906 40710921
104023272209128 38848842
104023499027929 15712559
104024655957785 31737170
104025966992734 32361553
104026186409627 13098612
104026823024992 33880110
104027143035892 60913425
104027421008250 48674346
104027649032886 20852502
104028357962713 17683405
104029604019525 17093479
104029861002824 27676702
104030151008098 16700091
104031179026101 91630729
104032004014389 80695618
104033015930105 43419518
104033307047731 51691922
104033531131636 15812044
104033782021705 38676982
104034441058858 16305949
104034728078456 44724897
104035592032954 61603987
104036619012678 63518193
104037592007338 90016879
104037908004575 25621206
104038635043003 37295962
104038913085522 47742022
104039180029888 36700673
104040209101961 33748538
104040427994676 16667841
104040717041568 54696385
104041622992729 17247417
104042606046588 47883739
104043374258556 120412044
104044208847012 30399816
104044527052599 103731997
104045374071343 57000438
104046407022789 61667729
104047189041923 37539130
104048314003280 29554595
104049636027184 19302393
104050831992338 27892593
104051976896282 29055898
104052233026583 33687044
104053032992288 34542833
104054092987132 11542059
104054350766926 33413996
104055132067405 28379233
104055354075873 18305830
104056621970177 40108671
104056835025272 12710066
104057105052580 39714904
104057995064598 45639878
104058816384091 11025185
104059556036140 20546924
104060616113681 59061945
104061447072923 81092394
104062346057958 61915815
104063277172975 34654687
104064266380124 75692336
104065283998825 92912805
104065534019122 21679242
104066594023142 47174092
104067297740742 60152214
104067571021862 61706536
104067793148199 20827118
104068405043991 31356948
104069730989075 30265428
104069954942166 23630128
104071001012116 18583663
104072084745902 47572047
104072310633711 14325953
104072539017098 28187169
104073238042290 40829780
104074287502702 21000244
104075060109961 39571113
104075344029631 60682988
104076379050074 112040513
104077477441567 24986491
104078188039623 40062711
104078481053656 63712186
104078706019538 24453132
104078932012861 16698708
104080134922063 74391126
104080384886842 34511412
104080655385602 48015191
104080885482966 22400593
104081149024293 46682179
104081931560914 36775107
104082155873405 13187497
