104658198287853 83936402
104658411039194 12410164
104658926785187 22102710
104659341115621 14347816
104659877015152 18716465
104660124302987 21969785
104660337044416 12109216
104660605294916 60277397
104661220806802 38046740
104661783476334 18085077
104662615039528 80669166
104662824000964 8664725
104663306957960 13500622
104663521294180 13961464
104664146025411 26111244
104664360019791 12696919
104665064022882 72928361
104665465035525 18025644
104665903020251 16994894
104666542208747 17828105
104667295488547 19978243
104667880650564 16621755
104668944109837 15732460
104669161277062 15942862
104670138189500 52249091
104670414143378 56877310
104671346071169 24376605
104671580013643 32831655
104671857036606 65704175
104672132179886 49031688
104673668130519 227193857
104674446031429 38940414
104674663012942 14695882
104674975315354 71954350
104676178011200 66925738
104677352063874 65517476
104677609164482 43485658
104677823036386 12718710
104678074467927 27142620
104678958000264 36797639
104680214119635 34291633
104680505057918 75733132
104680788047676 45714277
104681942052006 92907141
104683238998594 43916186
104683452988573 10453152
104684778940232 30953682
104685057978251 62647797
104686217036953 61727917
104686488146565 52839364
104686714023669 21710677
104687850113845 37420066
104688072970189 11658322
104688286989070 11676881
104689322045133 62342348
104690473998557 61767460
104691188867102 16511669
104692172558418 21355897
104692416022310 19671415
104692675028589 37697382
104693721146760 44560229
104693936017525 12704570
104694184004543 24688974
104694486048100 40715226
104694700754849 8113827
104695012049453 46887425
104696295992064 28489212
104697274004822 21055384
104698082971086 12713353
104698389025116 67698677
104698752069255 106737584
104698966002443 11643320
104699183285371 15937601
104700370912122 36755464
104700593883153 22296938
104700821269903 19948889
104701045979274 20665574
104701336994004 71679263
104702222538929 25333351
104703431073205 30454670
104704522924600 62767550
104705758015788 68097771
104705986041133 12725304
104706262027723 58714314
104707630039612 24577152
104707938970358 81644879
104708167024503 25712129
104709446036173 83125055
104710658006741 43797818
104710873003262 9684379
104711967039341 49177629
104712279142319 110152327
104712505915266 22888380
104712728967852 17655334
104713920582519 86622721
104714900054089 68954125
104715666992248 23307982
104715888971831 13647976
104716159060487 46736248
104716460625855 15702168
104717484006443 54806663
104717759676917 47343576
104718794059259 112430593
104719712580537 30139698
104719981040520 43707355
104721012567599 39100062
104722117071638 54432396
104722424039518 49424083
104723626067484 55488630
104723850010408 14693377
104724072982817 13659620
104724862053301 24424472
104726046037443 20888481
104726902043702 133569040
104727734000199 12784417
104729064966536 16130797
104729307031515 22695545
104730349028103 36913096
104731117869618 19778631
104732513053886 51305149
104733583032728 28291547
104734846056529 65008415
104735925323750 81091739
104736729937071 23858354
104736961977299 31157715
104738132058403 44915937
104738448061581 82727462
104739406065733 19062487
104740320120083 135038744
104740579162463 47669179
104741591053585 56895388
104741806012783 14692911
104742917036550 29569245
104743198694827 19378892
104744196986410 29382418
104744417850288 15515365
104744635031809 12717397
104744856981915 14664941
104745083013396 18695035
104746249988810 35487058
