105205611876327 61955911
105205842774620 26610295
105207211885488 27877086
105207435899851 12712104
105207696230234 53054137
105207979943568 46765055
105209210976519 68486946
105209479908194 49746121
105209729921705 47759060
105211049919429 49076077
105211268453481 14254351
105212874922813 39561260
105213125894742 38703341
105214595921175 132255875
105215458863398 16745300
105215672777818 9737661
105217045926643 33731452
105218292141704 38487670
105218504705471 11550195
105218718860155 10168201
105220228917423 80752794
105221626932157 92767984
105221877901572 27732811
105222103904054 15755231
105222325886575 12733356
105222619880269 54710877
105222888888928 53031658
105223112866602 17703675
105224514937633 43157903
105225400867025 35207383
105226395916809 70695337
105226683885638 47717325
105227513852940 32381345
105227824826540 52648949
105228961863376 32465637
105229254913809 51739899
105229520984501 44823915
105230888879521 32588397
105232247928850 93720464
105232482862799 27558563
105232738939835 36753511
105233013885569 29715366
105233321823742 35969968
105233538865936 14721421
105235004882148 68782860
105236485933850 72201237
105237926875925 98280635
105238150891363 23677780
105239447881894 22679086
105239670963768 20816890
105239940615595 26177065
105240239914935 35744753
105241061940986 33930508
105241368925640 72779705
105242498886138 62620623
105243783901714 22012110
105244919918343 59543378
105246181908763 82008535
105247230934059 60244597
105248585909008 151369079
105249849822438 56576617
105251071060158 63679751
105252318091976 61680666
105252613913666 73549782
105252825888352 10824177
105253049868754 17722226
105253339097036 52909203
105253723947570 153614581
105255268587801 124539300
105255508086503 16920786
105255733994463 18459757
105256023368244 57197221
105256262890040 27652155
105256505894324 22665857
105256776894047 45721727
105257061952102 49779051
105257300857861 30713715
105257533152505 23230655
105257807931831 47753094
105259064599108 37676633
105260271729332 19389883
105261505872099 23595975
105262996878493 33901178
105263319434105 45278902
105263636881375 31708290
105264856975687 19986141
105265860242646 204632179
105266155194798 48936740
105267558945945 44738844
105267778864664 10663027
105269017891108 52258746
105270531892882 31511302
105270756906890 17750735
105272159333183 14058889
105273483877262 20338068
105273713908193 21756304
105274792900179 47047026
105275131800442 25623495
105276008924409 35637098
105276363921345 55744121
105276637928278 47757811
