105727492683504 47541632
105727726104158 10001420
105728863899442 59804205
105730181738770 38869909
105731018909476 28118834
105731739892427 35852427
105733028012469 87626607
105734809383268 83938337
105735022832660 13087099
105735261684175 30669894
105735495810655 28008379
105735708900607 10745912
105736601920222 43112201
105737771849885 76483465
105738070905447 27687579
105738321769558 50601368
105738535876851 11728367
105740067216609 64501143
105741602039752 139376501
105743100682361 56126693
105743350024134 32660980
105743565918641 13768224
105745035885392 50696603
105745306018771 64928770
105745518837387 9686439
105747145882194 16306944
105747405333805 27129239
105747725886430 61710320
105748014913252 48172924
105749106286472 80027840
105750276902157 20484096
105751968919436 44456221
105753432881503 27233370
105753699973931 35783738
105754868886479 56427705
105755082890937 13732797
105756669037322 37003327
105756894863060 24715358
105757116904548 20750516
105757445903977 52727823
105757778001010 40771243
105758032980834 29808011
105759429870330 76380434
105759646860154 14714503
105759871891871 17742712
105760145970933 38631099
105760439905216 61715350
105761406884615 36039506
105762798935483 44379706
105763014887978 13738283
105764356858512 32455625
105764585869987 15717790
105766206008533 47820191
105767537902490 79131846
105768918929495 24730701
105770267904548 35687352
105770648255591 155097859
105770904886749 26701047
105771209918972 39935873
105771441884532 17700572
105771766918916 66748976
105772089204834 57771639
105773431906415 66722394
105773693038971 33045095
105773922714382 15261840
105775319892977 50889569
105776878782592 48878601
105777150966789 38187155
105778602874228 53437808
105778868953252 31786230
105780372019026 99636227
105781874394813 23172208
105783526609266 40678693
105783749880581 17747647
105784059029426 87826547
105784332909587 56732754
105785438774248 55308152
105785656496502 15353059
105787061903977 13601879
105787367915070 51738136
105787692919271 35371982
105788793008536 87390334
105789143371488 65204333
105790239847934 22267224
105790525867195 51714962
105791695893198 29960482
105793344862558 12672746
105793653447862 59237478
105795133970566 83027129
105796594925578 289522038
105796850987235 28809708
105798191915936 58637635
105798464891107 56145939
105800133428725 145913813
105800361875883 17613458
105800595874078 20728197
105800812870923 16718750
105801036900480 14751099
105801314914381 58738128
105801602914228 43731045
105802641923769 49978765
