105980555132925 26643475
105980932960177 11992351
105981337178217 15011220
105981814644297 28591957
105982027907199 11744900
105982723801083 23219377
105983149604978 18751544
105983877937116 22196438
105984576421293 11454469
105985245759972 29350166
105985457668827 10473629
105986148908462 25625965
105987104780559 32325571
105987319912871 13885109
105988456180371 56373324
105989438918610 37768257
105990028884551 15591726
105991111932562 51823167
105991326880644 13857876
105991553923455 14757280
105991847940361 73137760
105992656508232 26444074
105992906645405 31470051
105993162883263 33660220
105993376929008 11775528
105994093259222 35955613
105994386934122 83741372
105995291860892 17370174
105995516456690 10289596
105996855856576 98761575
105997886304310 37305622
105998117847595 28554798
105998354878101 36683315
106000011654003 81256652
106000250059975 32702811
106001977949353 95432081
106002223852047 44685196
106002440189836 13630564
106002670256240 28074825
106004287918147 86210027
106005652906954 19532246
106006752913386 32073765
106007026029086 41876346
106008471943979 37932791
106008695012755 12437497
106008905705155 10550227
106009234930085 79719837
106010647234525 81392270
106011912912055 39889394
106012217893813 72717483
106012565915313 85792387
106013624102469 132822387
106015077853053 64399490
106015302930198 14677033
106015616953761 82784795
106015900857309 50082706
106016190988740 52808264
106017592949403 35563602
106019036896233 109365319
106020258989309 55990274
106022226946132 50430098
106023220803031 71313100
106023604945639 154747992
106023901945875 59744226
106024144898847 22699450
106024357549076 12396034
106026056000662 36003354
106027748016697 32792779
106028044879928 82698043
106029724170310 234240367
106031069340412 47838073
106032604046345 26563847
106032821903858 15679066
106034127964617 55149887
106035707931431 64276288
106036854112986 33488629
106038619003941 189235019
106038920043023 46875498
106039998871411 38103418
106040234849894 25309731
106041896933969 27784810
106042201908419 57713792
106042538050520 40860619
106043740861460 62529956
106044078904108 77714273
106044364881641 59223295
106045772915632 61138196
106046056924726 25721161
106047884953962 49458957
106048865896495 43297682
106049107898913 35737138
106050679888717 34547880
106050936887376 32680101
106051181961418 28765469
106051463924332 37723860
106052551892850 30908332
106052865142801 53955931
106054095037002 54443327
106055634892846 48844107
106055861907110 22757933
106056073863832 11708230
106056348906513 30726643
106056711756232 37566912
106058240896989 98053208
106059617915123 159154948
106059898918826 50720946
106060220859855 60676942
106061269933043 172761689
106061550924066 54764521
106061841572542 53997022
106063217932688 90479310
106064610265656 102074531
106064877204170 56819648
106065113900988 14748308
106065423899956 70719334
106066606690530 40905330
106066821861142 13709325
106067059952087 27791214
106067285223938 24490081
106067608902608 59733251
106067925928669 69774066
106068142897597 10748340
106069928948272 169639866
106070161952147 23726897
