106520960923412 101744636
106522082960961 49743237
106522331956337 29739950
106523607882355 131153241
106523822856641 12704638
106524035808534 12656339
106525153868092 27128654
106525370979507 16828806
106525659225298 76048086
106526877911598 14586332
106527221209698 50002863
106528457827479 19518610
106528674999217 15806995
106530524011145 71991398
106531513697973 37797371
106533049699918 59953037
106533317918819 44753050
106534747897582 38038088
106536427923226 142970914
106536658887411 28736347
106536924915000 35744702
106538296912602 19539198
106538521854333 24693806
106540350946199 32267772
106541971859258 35313559
106543679918608 34031462
106545474942271 33226743
106545704893179 20738286
106545925722928 16565873
106546288267106 127111455
106547556959683 31575167
106549182014573 44413224
106549517026579 50848495
106551009975334 126946697
106551326931522 91412282
106551602759763 29542782
106551845922355 21406014
106552076935991 18782816
106553748909005 135999632
106554039880019 15729656
106555770000638 188760684
106557165501023 36931411
106557590801111 57616340
106559144631437 132008648
106559441245265 41434258
106560986296214 64095688
106562542947412 141542191
106562849560232 32442181
106563138952279 41758398
106564603839997 53159683
106566222050887 170857478
106566440854045 10700354
106566699911276 32738570
106567026909949 82723337
106568336912319 50525110
106569948918184 49956816
106570280952032 125794942
106571404790338 46560754
106571617866332 12715228
106571840911611 21761387
106572077001125 30844776
106573660935082 46762019
106573884891528 19475912
106575372897659 35955797
106577032896292 51119957
106578246922008 91607904
106578553909464 36713228
106579735766064 84393593
106581105960109 88713171
106581436904504 72708135
106581668869835 21722806
106583065924590 94426335
106584750918061 43555586
106585856902788 37543831
106587529907408 44032437
106587748875246 18723772
106588708830341 19609883
106590324003172 42612070
106591359871902 58238693
106591649875557 16677631
106593233842226 87144351
106594811022455 206283977
106595071890987 19023709
