107056877767209 134654092
107058346910726 193932168
107059732925174 124199846
107061141899736 58053826
107061486897471 60681165
107061714864004 14712040
107061944875791 27694534
107062181910968 36724101
107062510943144 81755904
107063997897025 49988119
107064353913884 104702955
107065770002635 51140034
107066144203370 26020005
107066378872415 26723389
107066603899810 13739062
107067949840955 68940960
107068214880500 38657114
107069491926366 78485242
107071214917415 73530564
107071531111365 56927724
107072946901020 88365416
107074315104234 24781656
107075739912528 46122790
107076085688565 22514804
107076313863585 10710534
107078022942267 105779244
107079044868601 43952966
107080592872156 40555714
107081957916356 80851608
107083235923456 113422880
107084676849634 37551719
107086328900354 49497064
107087930904703 45932466
107088144854355 9711042
107089918181172 58432423
107091570365280 58087734
107091850971119 48798729
107093182868611 52131285
107093470256851 54086025
107094745895591 31583934
107096584983482 34733645
107098359922498 27176349
107098602959045 26392933
107098969129407 56495432
107099303856648 97687449
107100745873389 106324678
107101824859869 39353514
107102047882886 14730235
107103674886476 45177874
107103900938486 21792769
107104128904801 17759816
107105006889296 49292311
107105337905428 67731952
107105687222945 118003717
107107282706859 112390102
107107538887182 23731149
107107822942555 67793606
107108152769512 54588377
107108454961635 62784322
107109340306826 47822569
107111140010693 56408078
107112777878699 38534712
107114407887255 38903604
107114745899113 80733004
107116281899498 54895503
107116601885680 70682369
107117744833718 12038258
107119289921862 167301577
107119556868957 56530712
107121141890612 36514867
