107166484982648 62815799
107166700338422 14146304
107167219306217 15402305
107167493273298 67032671
107168142889757 56598329
107168354919725 11760564
107168829872911 18551416
107169318594094 17718904
107169903250979 54109058
107170114867361 11269961
107170340688131 16419679
107170553958626 10806336
107171173885405 20679690
107171387344545 10866434
107171671910557 69314226
107171884923104 12751552
107172664965487 49279032
107173230984596 31809739
107173447888721 16733623
107173664891705 14734656
107174578905853 58746689
107175360644151 27102079
107175576937292 13765998
107176569964941 43472177
107176819330467 21152388
107177031885852 11725224
107177303900998 47694806
107178275797336 54220613
107178516904598 35131054
107178841919286 55731403
107179072739087 18531009
107179890995225 29990667
107180185119235 57408046
107180448618290 39454349
107182087774836 83511690
107183516799009 63175588
107184761938345 83641053
107186112694062 21324495
107187287931018 63244479
107188352095924 14702421
107188696923554 58727364
107189926863426 22472330
107190772893307 42242553
107191052887906 69694507
107191390040265 44302854
107193016879976 24343502
107193237225670 17029793
107194673789016 43263618
107196246928324 70677431
107196563128353 57294771
107197609904756 49405900
107197821861542 9712613
107198056897810 21746577
107199684908238 55691969
107201447049449 118203707
107201666931803 12167416
107203337905280 41981120
107203605924662 32741332
107203933912978 32728034
107204242608063 70362179
107205833220632 122721617
107207162974244 51563085
107208752978772 188344464
107210435873253 67082316
107210777898480 30458565
107211974875065 33371474
107213352905142 43424624
107213707905776 57728938
107214838889652 30183587
107215131160588 56977034
107215394918972 25745761
107216931014236 57002013
107218457333117 187847605
107218705001769 37807760
107220681908174 138286733
107220903868499 20722811
107221130935480 26771127
107222817853323 33013938
107223123937738 55756549
107224445953152 31166362
107225793908618 26486950
107226026906656 22739672
107227653898758 32567053
107229224898725 12359219
107230920923034 46129650
107232533914025 40471819
107233958913415 51592478
107235830821933 126347288
107236064891295 24762849
107237055902255 27023612
107237373890079 68600796
107238626880115 30755509
107240016902061 26036549
107241758927511 56333948
107242769899562 39644278
107243087059317 68875402
107244491892955 46510440
107244849923992 32745283
107246064949460 48955055
107246280860645 13708846
107247998891617 44436108
107249431916863 75698576
107250586801055 45490247
107250820907196 30525942
107251126926963 83723041
107252721049973 75786208
