107978026225269 56050415
107978312440030 65263888
107980028889228 119436437
107980276249541 41891561
107982122873297 45418082
107982353911731 27748077
107983743933558 66934186
107984035117906 52197481
107984268861185 19880354
107984491859533 21713316
107984778905659 45504571
107985094930213 71742191
107986446876633 77757094
107987628880733 33707394
107989387924593 60138917
107990993879856 19402696
107992650908659 58586404
107992884232376 23084112
107994389287523 135251685
107996006920258 68529681
107996227896118 19748659
107996466863352 28695875
107997877927305 169411261
107999119971280 29351868
108000615892422 40437082
108002131912279 39994295
108003855902379 39336514
108004939941385 43023349
108006136311752 29115364
108006360886434 9737107
108006582796098 17119145
108008377618575 162340443
108009470938423 57041791
108010917935185 256454568
108011189920161 43407838
108011412869341 19718543
108012933659728 42352240
108013179896746 12748034
108014636915445 24378765
108014949903171 70682784
108016501010991 143384070
108016777666571 27477868
108018346007569 124266433
108019830294429 100780750
108020134631946 82477536
108021662941712 64917218
108021884895479 17747907
108022109874917 23722773
108023566902894 24409031
108024614902564 33109449
108025699091292 136336844
108027310249500 145495032
108027545966004 13618114
108027810982843 49808768
108028032898964 12747045
108028258001206 17813355
108030062911310 72979996
108030376223051 23045960
108031754879069 31580616
108033340946564 58786503
108033617901685 26754872
108033887959571 27135465
108035067873128 25982807
108035354925963 44208720
108036666866199 51405067
108037845973818 157015306
108038155201531 75944161
108039789901930 77125527
108040946864092 43817446
108042408899146 13201169
108043472944756 133904582
108043766926818 58599648
108044016931286 49601162
108045671413449 90069486
108045909912230 18758271
