95258353004316 150664812
95258564276450 10745010
95258773513631 8910269
95258983130579 9242594
95259335958155 17628754
95259723310402 9861235
95260113680983 88958382
95260324836516 9111867
95260534434834 9214164
95260812353762 9292498
95261021385148 8559002
95261235643487 13778775
95261519370576 8733909
95261733720694 14016508
95261943929819 9669775
95262154475172 10007737
95262417399007 10569931
95262627442999 9529757
95262918448460 13308082
95263213544303 9293290
95263426883912 12945852
95263715710184 11656616
95263924842561 8744407
95264229645925 19500296
95264512647452 9112945
95264812483342 9129614
95265021762053 8909642
95265232735527 10589499
95265624041931 9587906
95265906818556 77285034
95266117268034 8504629
95266418399123 13115570
95266627314837 8579433
95266900727831 67789562
95267117058821 9570443
95267326520641 8848364
95267544821745 17602254
95267768948021 8765052
95268012462599 9111269
95268329395112 24245196
95268814051155 13839152
95269116610402 9031521
95269418925629 8876943
95269628563395 9264379
95269917164065 9065244
95270212147993 8901217
95270421004557 8496196
95270634384501 12983816
95270844979018 10196251
95271057808073 12437937
95271311638853 9031672
95271612990330 9377455
95271915228078 9573361
95272125408309 9738059
95272416000544 9404531
95272625003621 8613637
95272918826767 8859377
95273131260548 12003015
95273343735235 12098055
95273620444471 9381971
95273912944310 9028083
95274213552153 9752202
95274423594790 9472352
95274633410175 9444647
95274911615398 8664488
95275123739279 11697155
95275332731876 8529880
95275617677711 12300588
95276020391074 8864411
95276324394776 12522816
95276534118207 9192189
95276823285923 13059324
95277122236637 9465547
95277415916920 12826632
95277625709054 9402743
95277839346751 13208536
95278121746549 8923978
95278331256296 9111818
95278723926789 8639758
95279001181319 71748276
95279420682246 20514715
95279630913573 9861942
95279915884244 13199389
95280126333323 10058189
95280417842091 14574723
95280728047986 19782827
95281018696872 12845299
95281315179955 9089231
95281528436683 12874564
95281921844657 9349080
95282134325018 12087844
95282406294682 66410085
95282618406942 10098913
95282837876762 18749461
95283047526301 9285818
95283316244365 9706653
95283525882977 9199560
95283811525633 8050684
95284116983690 13529235
95284326437071 9048106
95284536338199 9511430
95284812305080 8887256
95285022449340 9777379
95285236877850 13972616
95285447165782 9660618
95285805997695 87306722
95286123316102 9615897
95286419300102 14402402
95286714740959 9970943
95286928712718 13573536
95287211976057 9020171
95287421584397 9218826
95287712629754 8756279
95287923100658 9911654
95288132652710 9176711
95288342436967 9373450
95288555478340 12688394
95288765198530 9399111
95289014991729 9217752
95289224524583 9134845
95289433960749 9076636
95289643571025 9271782
95289912301672 9075864
95290212777785 9601836
95290512312783 8770375
95290721762078 8866407
95290935992246 13633527
95291146740721 10228932
95291415456517 9453074
95291700747269 79785868
95291911002726 9886111
95292121251309 9704632
95292421736649 8856497
95292631393600 9252793
95292912513632 9112735
95293216691503 13345780
95293426274486 9192070
95293639940903 13289058
95293849573221 9246852
95294060550021 10636938
95294315527205 9353976
95294613172080 9961747
95294822729151 9174986
95295032722241 9578656
95295246943680 13805869
95295457038954 9524918
95295820279448 8673142
95296112368104 8667361
95296413526062 9341990
95296712024605 8776377
95297018615767 13320573
95297314377802 9249124
95297617728133 13509515
95297912459504 9056656
95298216874874 12964792
95298513376219 9712208
95298826817822 19236290
95299110271425 9796759
95299419678831 14455785
95299629253076 9203493
95299914503258 8595979
95300213418452 9312084
95300422821531 8996329
95300718040151 15553198
95300933881120 15396775
95301142937944 8656853
95301415746491 10113025
95301728795068 19994766
95302018677730 14979512
95302227594801 8445084
95302441157454 12915120
95302711626729 11440281
95303115038213 90899397
95303529421450 9363012
95304000423587 74474812
95304210386808 9588307
95304519525435 13331364
95304813963921 9564047
95305116701829 12831926
95305413341033 9182500
95305712302011 8258097
95305922785922 10068619
95306132506203 9351568
95306342526877 9286968
95306615891654 9328762
95306922892672 12951965
95307211744710 8526139
95307516518224 12568887
95307726182082 9189222
95308020448137 12723241
95308230942854 9912181
95308500837329 64630316
95308710407983 8318132
95309014447137 10147915
95309228496515 13663563
95309437443375 8562818
95309646293345 8485602
95309856628088 9950694
95310065975148 8967963
95310323568094 12700375
95310618591675 8578460
95310828765906 9680527
95311038021865 8838579
95311426329414 13087824
95311819425820 8626588
95312226384637 12925806
95312623160729 9041936
95312843894269 15254971
95313117847987 14285986
95313327480570 9192302
95313542841804 14988020
95313757704420 9384759
95313967481306 9377999
95314176787782 8917607
95314420582379 9123031
95314723461012 13033070
95314932792984 8943603
95315326112571 12695915
95315536516701 9923017
95315816385209 74254216
95316031476330 14703039
95316240448537 8586306
95316517988401 14218732
95316727908520 9520625
95316941656549 13272576
95317151004857 8845202
95317420923567 9108681
95317629905892 8586857
95317839018927 8665829
95318119254496 14485292
95318423902054 19804728
95318639489850 10018949
95318849274796 9145918
95319111977408 11774952
95319520265430 20009504
95319734676349 14034875
95320022781616 17983088
95320231911467 8698374
95320442424510 10255598
95320655770075 12993516
95320912958863 9124477
95321127180782 13710818
95321415139280 9475879
95321624528161 8742890
95321838870862 13427629
95322059476112 15146253
95322323908678 18547217
95322612499724 8904837
95322822407258 9414593
95323031906930 9151845
95323241998372 9707582
95323520424664 12725597
95323815558331 10266423
95324029120468 13144926
95324311788021 9108346
95324521437182 9274037
95324815502638 8996186
95325119499648 14256161
95325420515954 9161299
95325630331906 9453293
95325918357221 9315341
95326127918129 9188496
95326341542228 13243389
95326613213624 9749658
95326919536542 9053222
95327322477539 8702013
95327726203439 13824898
95327935344352 8776880
95328224554705 15835392
95328433664989 8766026
95328642811251 8766996
95328907567750 59369674
95329117780131 9850560
95329336022505 17853859
95329613564478 8610326
95329827943876 13970410
95330200773963 85810551
95330520404436 14484295
95330730467243 9698040
95331001251271 65382872
95331406056637 86080302
95331628719834 15017369
95331917058232 14111638
95332212631021 8369796
95332511741980 8401853
95332822978954 18723459
95333038344682 9847417
95333313242232 9326527
95333626185782 19233009
95333835162305 8571803
95334045058758 9505149
95334320143256 12944498
95334528759355 8260518
95334819417501 9725925
95335119149221 9159042
95335329516028 9987641
95335724624872 9967329
95336005706785 75670709
95336223928472 17812465
95336514989089 8527730
95336818823001 12895705
95337112746234 8622556
95337323061734 10043687
95337621131107 8978838
95337916711267 13337857
95338126212015 9101694
95338336798599 10083737
95338546951317 9741070
95338818366666 8572090
95339113285798 9266951
95339414026422 8656263
95339722626692 8614978
95340025960834 13028384
95340313731028 9353463
95340523923264 9787802
95340733876367 9573093
95340943655752 9400865
95341221465647 13812165
95341519114719 8797578
95341732567232 13010601
95341943130479 10179442
95342217165904 9923857
95342426793795 8955691
95342646943503 14644108
95342921237652 14463898
95343314984708 88606557
95343530229967 14767046
95343750127290 9287075
95344024646245 12928142
95344313166838 9210721
95344526302671 12773087
95344735247425 8538469
95345013460058 9254900
95345222977069 9154069
95345432583459 9194168
95345721336372 8753728
95345930534037 8859957
95346219868963 13088844
95346519369141 8500702
95346733952474 14212079
95347020310525 8948062
95347325249745 12712557
95347611897327 8684997
95347822389979 9911701
95348112923384 8770017
95348326519114 13202819
95348612288738 8756580
95348923899231 19464280
