96715550013861 12599224
96715759832226 8584278
96716019469361 10608192
96716407256109 79108590
96716615988709 8255882
96716900972379 77480350
96717327246315 20455731
96717535695883 7553278
96717903993022 75831042
96718119855285 10406978
96718527822261 15678230
96718931869472 6519781
96719140747229 8588627
96719431178359 13382149
96719923910939 15220162
96720171054877 42887922
96720457047261 31652213
96720667812189 10356095
96720918188019 10918630
96721332927037 18929968
96721737629382 11013678
96722012905289 12714278
96722328026617 14091096
96722541283562 12874047
96722821212484 14378871
96723034153542 12015949
96723401763423 58386996
96723616918531 14168205
96723834903928 15310672
96724309153347 80446132
96724605829508 90633690
96724831482584 12325373
96725051716485 18550723
96725267931317 15833846
96725516796756 13010753
96725835029680 12805189
96726205975806 82815003
96726420876041 14706271
96726631144284 9923824
96726843406538 11915024
96727113679340 9312687
96727323901486 9743303
96727701041007 84774493
96727915983845 13776296
96728127139644 10575101
96728340261726 12959229
96728552988424 12396898
96728800920384 42320554
96729014717408 13145322
96729351127046 12833862
96729817478291 17193807
96730155959411 17118269
96730364827210 8320623
96730623916947 17471926
96730922416471 9596597
96731238764360 10917218
96731511920881 72759715
96731724640789 11493517
96731943844688 13811683
96732233910813 15314458
96732448491563 14043785
96732700919552 44771003
96732912135607 9830201
96733127348662 13128132
96733344908226 17214269
96733554635839 9364897
96733764424508 9327064
96733974037032 9001227
96734183981687 9316349
96734629505373 15013488
96734939683223 21131059
96735237613938 12781468
96735524701298 16172804
96735837900673 14233458
96736132929291 11564633
96736342784328 9641964
96736555764121 12628342
96737119754325 12449671
96737419863484 9804786
96737633238999 11074469
96737842747113 9180879
96738101190262 53001861
96738322978107 10812369
96738818919501 12874445
96739240176270 12284272
96739818712718 14657851
96740029826405 10689055
96740256816743 20703181
96740515626048 11478984
96740902002118 84105883
96741321108100 91626214
96741531677978 10018451
96741917341808 11119560
96742227821053 13215299
96742703726482 85829985
96742914890478 10734711
96743315963233 9631703
96743526518803 10327110
96743738734417 11584049
96743947829855 8646999
96744213890842 9183046
96744700758243 87031905
96745117623811 12734646
96745330891083 12750874
96745900936753 71418823
96746110024184 8745366
96746519888776 8690706
96746736484593 13094495
96747127874820 18052413
96747601012208 84451901
96747918574808 11118678
96748317962845 10816933
96748628731348 16585324
96748844654085 15440275
96749067656705 15362527
96749281753714 8517423
96749494691627 12466231
96749929403825 10302293
96750141667142 9729344
96750434730687 10764162
96750838894267 18299738
96751122607630 8091477
96751527925686 12115399
96751739116481 10952695
96751948676381 9140408
96752217725518 63477971
96752549780749 11236182
96752816800448 14311799
96753029946056 12763704
96753243573285 13419570
96753459250221 15336321
96753913390150 11021846
96754335373042 7954887
96754921639180 12329653
96755133745998 11728322
96755421276580 16470731
96755646953447 19808319
96755921153225 13998450
96756225449965 15199443
96756533795805 12093577
96756814401108 10850694
96757222692537 14186498
96757535647519 15758635
96757743867913 7878770
96758023297915 10332019
96758233240260 9604256
96758443785802 9559808
96758717760920 9779041
96759121850770 12135634
96759343647506 16423435
96759552687114 8660968
96759919357121 10381853
96760128155272 8442500
96760340842932 11694936
96760826255937 15368456
96761037637826 10492593
96761600973200 79559491
96762015260796 94656432
96762339059132 15366504
96762828293600 9679834
96763128831213 12166518
96763600224137 72773753
96763809928864 9349605
96764023797679 13649675
96764238288123 14145052
96764449724038 11000130
96764659706801 9524700
96765100765337 81299743
96765522876249 9398701
96765820537732 12538771
96766038643789 17779463
96766247860861 8490248
96766502171555 43874838
96766919700622 88953476
96767145879516 15690295
96767355024718 8840746
96767617910232 9876786
96767919853228 9159548
96768218313218 8617796
96768718437585 14101017
96768935665948 16654507
96769251791360 9918762
96769530151627 15463705
96769744253209 13740550
96770128909230 21707920
96770351834827 16684001
96770624469618 24251598
96771129982909 11075005
96771600219355 82901245
96771809860445 9214167
96772228886466 100009327
96772801019022 90104221
96773010902241 9112837
96773321908836 9404862
96773536975658 13864411
96773910696976 9057553
96774126856294 14718660
96774512216781 84965831
96775015218289 14796223
96775227224028 11188847
96775509856460 9664476
96775721834424 11673213
96776024715603 10402579
96776428751286 23045010
96776815353590 10574446
96777032566960 14419442
96777337108380 11330909
96777701848658 69474975
96778114895487 12545594
96778324899978 9035882
96778638735359 12168665
96778847776329 8605564
96779119910446 11456794
96779436844751 13847605
96779710914680 70774939
96780128222882 15160628
96780414524782 14366725
96780631497232 16465983
96780920942561 9277683
96781243683415 9425195
96781451832212 7606162
96781659918370 7711745
96782123883615 9769010
96782331241210 6991541
96782725921045 17597168
96783000769825 69431079
96783210563216 9190651
96783420683969 9523105
96783633541896 12512876
96783900948222 62008204
96784112604385 11438406
96784323055615 9935490
96784536673839 13239433
96784746885515 9495470
96784954672362 7326570
96785163137202 7963241
96785428638946 9393189
96785643537488 14386160
96785936635862 12853647
96786223618235 12723809
96786440281560 16152021
96787020636462 11102800
96787238474808 16788870
96787521635043 7385072
96787800997252 72683505
96788142629423 13852389
96788420840621 20686848
96788640486360 19331934
96788936403376 7724799
96789222769543 12244904
96789545108567 15139936
96789757201810 11049049
96789966231298 8678115
96790331894358 10661545
96790624816579 87090289
96790836933711 11124038
96791113567366 10405209
96791324891326 10853322
96791536276476 11089236
96791836210378 12317687
96792215895109 11586074
96792424936601 8774460
96792638685893 13272288
96792940026360 14206066
96793550506302 10859283
96793764412937 13476349
96793973625278 8828275
96794309649413 61465207
96794720771294 17596259
96794932872286 11149846
96795226794285 11266087
96795618903795 74457929
96795828296610 8724430
96796037422291 8686916
96796309822592 9651695
96796519264928 8122621
96796733919006 13616883
96796951689754 17531556
96797164465021 12278733
96797376695095 11856801
96797628346624 18177532
96797912002053 7329506
96798124858728 11709870
96798334927289 9583221
96798636625333 20640144
96798846629915 9642303
96799058482463 11430137
96799531937956 15307526
96800033213147 14158097
96800304125208 61959045
96800647435998 20449874
96800861536011 13922999
96801069379383 7472314
96801278124603 8366956
96801487100233 8626822
96801919769532 11067004
96802308769960 78538888
96802520169968 10021380
96803043872908 10316980
96803258368092 13209832
96803735897715 30047792
96803949139487 12892549
96804500947380 83001445
96805037419940 14994752
96805259276355 13064501
96805513897270 10744396
96805726900421 12118733
96805941559993 13373014
96806400974351 65851233
