97248433700466 13668848
97248641404950 6468756
97248848814718 6485988
97249136846921 13398653
97249347470201 10305057
97249828126257 10362312
97250039972842 10822553
97250248091928 7760745
97250455625000 5490108
97250663724420 7735801
97250924755248 8628515
97251306690528 95495160
97251711324656 71384280
97252035294478 14342846
97252246478659 10820083
97252512819380 12638115
97252729945879 14016405
97252954139546 17905110
97253162703124 7871492
97253370990204 7875120
97253825882228 9558727
97254226836988 11337598
97254442909237 15169223
97254711705827 11061749
97254920950158 8801279
97255341906170 14313948
97255818340607 74922447
97256038710672 12562059
97256524364227 14468663
97256916647558 10277470
97257237024010 10004383
97257520864962 10209350
97257730629602 8489359
97257946962653 14813284
97258156680701 9200720
97258700951624 82924346
97259107962547 75288019
97259321014118 12658871
97259534281604 12746813
97259744876751 10140942
97259953670476 8219189
97260161997467 7658450
97260403051884 35435961
97260615910953 11748896
97261025370368 12573500
97261239748338 13558411
97261734339625 9043554
97262022918143 83115013
97262427865825 110119623
97262746720123 10047208
97262958969017 11852973
97263168251020 8750977
97263378226020 9087938
97263616650055 11320068
97263837835382 20706741
97264114929796 11487702
97264520825776 61014969
97265002713288 174075931
97265218858462 11707334
97265650024192 20319606
97266041656125 15906765
97266253538675 11351696
97266463465133 9184128
97266672047031 8111837
97266946918079 15308257
97267213687752 65966712
97267634947943 16572735
97267860948553 8803622
97268132869116 14143084
97268525976786 10615437
97268928119032 12300710
97269141914444 11747170
97269372942087 11551830
97269636472573 12580756
97269927120937 8997029
97270139336086 9149934
97270400929012 54228860
97270737831523 18463308
97270950648540 12289499
97271428832487 10191600
97272037147584 15419869
97272335135798 11244156
97272630985810 12762289
97273037918396 7724902
97273322920267 8143584
97273535342948 11883392
97273748828172 7954105
97273961850253 11868187
97274320899847 14039691
97274542328034 13860831
97274771413525 21213620
97275200938574 70101421
97275653190535 12711848
97275938435556 15928895
97276238236445 16522459
97276700927572 83843224
97277119892475 11213249
97277333447615 13311906
97277609931147 68688206
97277819674505 9032337
97278134638402 11643376
97278348359663 10788142
97278629892883 11869510
97278923695307 11097578
97279135743177 9207650
97279345874112 9713411
97279700955039 59915532
97279915874910 12719047
97280134146647 15314267
97280348974712 14396456
97280623887547 16837682
97280837408133 12261149
97281200916452 83014532
97281414928096 13767145
97281629924726 12748159
97281927914819 13301816
97282213816752 10665482
97282423876175 9680286
97282644840577 20503790
97282924148796 15914822
97283134817879 10311407
97283534868166 11570658
97283833608118 10213394
97284325893273 12899028
97284716393710 9531849
97285129880650 21487791
97285543874162 26318036
97286011926570 76987338
97286418823026 18219538
97286718890617 8922181
97287037874399 8371497
97287330004503 13557237
97287730891691 9332598
97288105899661 76296132
97288316097177 8940039
97288528802276 12387535
97288933919344 23606125
97289146691213 12547706
97289421488487 8750083
97289949030837 12266417
97290159877290 10353489
97290369111981 8234895
97290739238412 7351684
97290949041120 9122727
97291157195700 7743584
97291369773479 12037495
97291714855032 11460856
97292018488326 9961698
97292232888943 13735769
97292444882422 11715187
97292657290461 12127057
97293000934072 84790959
97293500962048 78445940
97293924876441 14657624
97294139183347 13911217
97294610879910 74132289
97294948218365 22179414
97295218805305 18607352
97295439144673 19981486
97295660861360 15705484
97295924262770 10454035
97296328039820 13354506
97296616903465 10748437
97296826922530 9772975
97297039866319 11727221
97297258395656 10231058
97297524655073 11680237
97297741689861 16348912
97298000955741 58790274
97298424267396 14236885
97298921999319 7936867
97299143806566 16247006
97299414858229 11707654
97299631289174 15136700
97299917934885 10053914
97300235381128 11935864
97300450888881 14754552
97300709862958 9218029
97301119855115 10491734
97301600957071 81924612
97301919883880 8698968
97302147041230 16869303
97302435420440 10547567
97302719961475 10624267
97302934892858 14729875
97303227976032 19984310
97303514902261 13685560
97303726907803 11657647
97303940577071 12933020
97304153592049 12680366
97304401948356 42714300
97304819660255 14352639
97305045945787 13771583
97305504854679 82831079
97305719644336 13492955
97306038956112 13830174
97306250938237 10804070
97306462456596 11022442
97307019499448 8562993
97307510032041 85415794
97307724884364 11728727
97308200783353 71928580
97308421861050 9716448
97308720949073 8441974
97309203680069 94504736
97309414881061 10846254
97309628509009 13288082
97310110310230 9485673
97310403932670 86792306
97310620908230 14743507
97311009834413 77245104
97311419933517 17965486
97311633171464 12023864
97311925702130 12172056
97312333658684 18130664
97312629118158 7426365
97312839757467 10310504
97313319185209 11015529
97313534603104 14445265
97313834664417 12965567
97314117184981 9582816
97314738387681 11167240
97315038800847 10810969
97315255012341 15851384
97315464926380 9557223
97315830853989 19223763
97316053770499 16548547
97316602227350 80820502
97317005062800 86576674
97317217865832 11711178
97317537728442 18682952
97317921496156 12150670
97318255416839 12153088
97318520705508 12137363
97318735468295 13288229
97319231828982 11062501
97319447423144 8279128
97319720866582 10314329
97319936201145 14366562
97320234402015 11835037
97320448255487 13106817
97320668282536 19127954
97320881879124 7938469
97321235943241 23359042
97321638313410 16332249
97321851486325 12349269
97322313567539 11279165
97322530933153 16780886
97322741064712 8771025
97323128773410 100955771
97323349028150 19847773
97323559831331 9730282
97323821977680 21792333
97324247972769 20824659
97324456190625 7841754
97324728879739 12340930
97325212875866 65596349
97325732259422 11178600
97325943881510 10620029
97326225846996 11611427
97326524163624 8374033
97326732854585 7722059
97327005169786 65015641
97327350277839 19536850
97327563880872 12356049
97327840875878 13527599
97328055846444 12692295
97328270763092 13614056
97328521568751 9198907
97328734365289 12220371
97329018905238 9662735
97329234250645 14966199
97329513697198 8721425
97329722062968 8006182
97329937821552 15259268
97330152665619 13209558
97330415300962 15116419
97330814147080 8434464
97331038774589 16583652
97331433927390 9685749
97331745118246 8192617
97331954671097 9108852
97332164287410 9257298
97332374934622 10271880
97332585990066 10551814
97332794387588 7989289
97333145871310 11613732
97333535225401 9640459
97333751164520 15520052
97333965267880 13755888
97334236708335 15191775
97334446653274 9558577
97334726380533 21143929
97334940603516 13436933
97335158239876 16762443
97335370689599 12007798
97335831855162 24452642
97336135858226 10645123
97336348015050 11780742
97336638660999 9565808
97337147882323 20140987
