97509802320472 84984149
97510014584199 11265904
97510420160661 6077272
97510629963235 8636768
97510836876463 6540161
97511217996005 7694155
97511631768390 6342941
97511838686216 6553619
97512121987587 12314881
97512417958107 9511203
97512623793526 5483801
97512837994514 11675585
97513048724392 8413627
97513300872370 50506359
97513528629119 21493238
97513910832257 77544795
97514121280976 9861676
97514330999106 8681990
97514638834141 8120245
97515024269423 10569679
97515519021327 81230065
97515905998530 90076053
97516264354888 22814133
97516514868324 12154227
97516725016095 9549507
97517245006771 13834009
97517511714869 11200695
97517831582140 8665408
97518120332442 12173309
97518421402774 9569843
97518901195949 81126974
97519237890878 11448525
97519719311130 14800194
97520025521319 11409836
97520236778406 10459158
97520747035038 11226703
97521140907545 12004142
97521351585719 10290172
97521636356592 18589438
97521852342502 15239879
97522213294328 12800878
97522423156243 9522604
97522635000193 11112527
97523126022447 13564582
97523339788195 9471986
97523617152671 46977466
97523831618658 13406489
97524043345467 11035489
97524254411094 10381118
97524511231382 11006087
97524915842289 11400217
97525317804487 17590754
97525526859292 8668453
97525737150168 9820058
97526149012062 19314635
97526417885425 17624084
97526630809214 12582838
97526945799432 12081297
97527219978392 13341360
97527621079035 10716242
97528023805148 21629107
97528335917697 11425801
97528720807033 10733398
97529109798000 68860277
97529326024648 15017786
97529538609339 12271218
97529747049503 7861771
97530029442752 11611392
97530340018732 14678495
97530611918698 9778557
97530834883256 22547611
97531130578076 12440493
97531527616474 9344757
97531902768206 64393995
97532117331465 12294081
97532724217124 15284507
97533038026104 15037106
97533248887494 10414867
97533459008805 9580539
97533736826772 9207730
97534137555642 14918503
97534620990249 14799995
97535037350985 9124857
97535321641916 13364299
97535530914203 8612851
97535832181642 13121529
97536100830651 53493968
97536320875644 18323710
97536739018020 17147810
97536949370594 9743504
97537215005051 9506736
97537613919536 66792425
97537843022820 19574127
97538212131203 84083498
97538422492716 9807756
97538631745207 8607475
97539201903860 79309653
97539533011677 8804458
97539843540199 8768571
97540135979319 10506304
97540349356823 12041460
97540622018110 14939537
97540842751488 12439169
97541056736222 12405803
97541518036791 93869880
97541732508922 13144813
97542218978982 18116717
97542618586333 83542983
97542833456227 14467766
97543104027107 60705689
97543320051880 11732150
97543536954999 15632756
97543922036820 14926051
97544230601027 12083698
97544535013658 10630827
97544744585918 9231428
97545029020584 13932121
97545242384302 11044587
97545452289366 9492382
97545908575616 79103305
97546116755222 7840325
97546330476459 12108232
97546617087800 12268133
97546825995593 8554781
97547035069183 8729534
97547246341115 10950801
97547456886035 8566444
97547667026402 9641597
97547923028012 14436608
97548230902349 10363278
97548623955055 16955804
97549161803850 11832572
97549371277811 9051794
97549585739288 14120882
97550000957565 78948756
97550209277742 7941731
97550423869404 13338738
97550822129309 92305952
97551323489228 13147407
97551536829620 12511201
97552002611605 82475519
97552215866667 12549505
97552602208416 80831443
97552941044573 15158307
97553427903107 10125838
97553834725302 13145344
97554047180091 11464432
97554260784352 11127826
97554481353836 13046772
97554712168126 11819044
97554920954284 8443209
97555148517405 17169387
97555359152383 9892528
97555807070929 52860364
97556021996949 14565361
97556325693095 21232099
97556742991256 17116693
97556959146326 10896625
97557350033205 17340296
97557621055357 17733782
97557848985103 15670637
97558060810733 8508088
97558409450290 63825711
97558831976274 23402725
97559044050695 11739344
97559300930498 51535872
97559805987125 82811150
97560020369589 13768873
97560234840974 13529640
97560516013620 80418852
97560932004803 12012574
97561425964688 12550027
97561706039314 74404148
97562211778208 94661548
97562423476185 11354672
97562728092149 18962116
97563018050869 13736044
97563230850216 12262605
97563444181997 10864675
97563719702313 9729317
97563933803117 13760736
97564424080105 13888904
97564811893557 86809258
97565114990077 14582035
97565327890536 12557868
97565800810182 62031623
97566015988893 12674120
97566412991615 12458369
97566625212553 11886093
97566833948437 8354743
97567366569385 11448907
97567623709209 16366842
97568028188962 12388248
97568247094133 17718897
97568456982107 9462895
97568724313125 12267495
97569113997498 68857481
97569325922410 9649950
97569535919388 9627851
97569757343748 13986972
97570307029142 51599611
97570700898100 74872188
97570916790229 15509664
97571327786713 7366182
97571538774208 10561837
97571761503696 17285697
97572015072198 11753346
97572313016449 66689166
97572634025266 19758886
97573009026631 77391645
97573223020876 9643501
97573504094382 73762549
97573718988573 13668994
97574039925547 18865299
97574319214533 15896429
97574735741067 105810655
97574949901898 13579487
97575210271767 10013892
97575732912972 10557365
97576232875671 11722308
97576628358111 8266415
97576924002754 15800647
97577132832959 8465433
97577360966241 19637560
97577700779283 78176137
97578111010118 9226779
97578518210229 15234867
97578746962571 13790291
97578965510440 12189909
97579424352989 15401061
97579640988901 16259104
97580138610644 11426945
97580347954316 8810231
97580624711245 17955461
97580841884321 16830575
97581219857097 11816259
97581537021461 12667535
97581919969507 11337786
97582417793640 14441592
97582840706089 13732921
97583049451161 8378947
97583259035404 9176141
97583511376547 11109552
97583728801206 16617957
97583939992561 9665763
97584221472919 12264501
97584436005904 13999441
97584652066003 15745233
97584917167114 12140009
97585324962211 19818916
97585834028013 12247630
97586045279436 10892736
97586256492541 9132451
97586500898261 35457169
97586736012168 13353791
97586954995563 13680629
97587215398992 12031091
97587623885664 21310335
97588215290507 14483898
97588451884835 25566503
97588665996864 12670634
97589224038015 12801744
97589437273770 12935869
97589713001955 10151340
97589928407062 15014186
97590316840246 13705233
97590546029615 18723593
97590755815532 8502967
97590964904253 8688193
97591216183589 14485382
97591660964790 9089121
97591919010420 27645011
97592328977590 17788927
97592716503370 85786576
97593118758955 13685578
97593333462989 14351919
97593553539857 14225126
97593761714179 7845880
97594023009875 12836498
97594419784231 12600564
97594726972804 13753784
97595317036461 11996625
97595637890209 8962851
97595846795357 8568585
97596056324306 8023935
97596264590898 7868149
97596473864623 8881588
97596724408691 15043272
97597035214570 12153807
97597419932668 9134040
97597635461234 9123470
97597844590963 8783044
97598057706930 12356651
97598335610171 14659246
97598724293769 8738301
97598940343464 15557580
97599231860760 16132417
97599635874350 26179453
97599851554061 15285858
97600226076121 13583863
97600438981063 10679628
97600726036695 15106051
97601034018004 9554934
97601243697499 8680148
97601469442173 17179128
97601722055709 22175692
97601935120894 12090843
97602200882818 56567872
97602516618169 8112324
97602725389489 8327937
97602933862251 8063853
