97647701343511 74162105
97647911171402 7575991
97648407099563 77206891
97648818196674 8778223
97649028840776 7595981
97649261843870 31679534
97649482741797 10180962
97649752407680 9080798
97650049927846 43758543
97650289803493 29302018
97650639693671 15678994
97651137321435 18667563
97651511889886 65689733
97651922159023 16758543
97652144952987 21618599
97652417853698 12705931
97652641084691 21928752
97653030897775 16800833
97653252944935 18612225
97653467721663 9465947
97653676471907 8263162
97654034657489 11594677
97654414719082 86142540
97654632898443 15743483
97654953928268 13207357
97655422270907 12300118
97655634999748 11840676
97655955891725 11787087
97656207893892 45691510
97656620868364 13548579
97657235811439 22514194
97657542898238 15999832
97657855560271 17810690
97658068450689 12523933
97658503480402 87595579
97658713891996 9738070
97658932477153 12325972
97659322114942 12720397
97659817870889 92650415
97660220878573 18682270
97660440887321 18728742
97660747878834 11583251
97661034981381 21016683
97661435403722 23142230
97661826023652 16071997
97662329944258 27441946
97662543905795 13700981
97662804100526 57944600
97663219901955 9405567
97663625933692 85417417
97663857803993 13087273
97664066545333 8164237
97664619946867 14472256
97664900924056 72749654
97665113928882 10772161
97665522890264 12013078
97665737726931 14567641
97666312103654 78938008
97666532919930 19763505
97666747914768 11218024
97667027867442 12069001
97667518983386 16764532
97667735714406 15563283
97668011579714 74752293
97668226159294 14177351
97668446862093 16483802
97668659569137 11030337
97668914319087 14104169
97669136850565 19698498
97669349551313 11730728
97669567855128 17694452
97670025897354 15626961
97670521484786 57803967
97670907195961 75563046
97671122992371 12839158
97671422620117 9680262
97671737229224 11313879
97672100998365 84858057
97672312860537 9685544
97672824332352 20365953
97673036323970 11270176
97673333875774 13334033
97673752106609 30579347
97673976172431 16841375
97674184749248 8118363
97674394631384 9454647
97674607088063 12115276
97675105914616 73738871
97675449400891 20454632
97675780751982 46719111
97675991251803 10088894
97676415892221 11011757
97676635966991 16512651
97677130806511 10246155
97677339883095 8722382
97677660629173 13572266
97678043908172 26368363
97678470315325 17477376
97678732869826 20648600
97679124756597 19146090
97679619875533 15113529
97680144911650 15507054
97680405292379 55088341
97680815991188 14793851
97681323725694 15616711
97681719684354 14518617
97682210943980 69739120
97682549573164 22867611
97683025905852 18567492
97683241554063 11379512
97683504906913 57841076
97683723893160 14744195
97683941445247 12293384
97684153559850 11359432
97684366439580 12251787
97684605878918 33961938
97684823656291 7927298
97685217488514 15341680
97685428892097 10752809
97685727878140 12266597
97685938868627 10714612
97686306194242 83660204
97686700925529 66510233
97687129894599 11107574
97687527904967 25708725
97687811151721 10691841
97688025891166 13739233
97688312990298 82588421
97688522901768 9645046
97688735969681 12562706
97689132136573 18602699
97689412013923 11872278
97689625723982 13559462
97690128958729 19813036
97690423882824 13746008
97690909235900 88711281
97691123872206 12718765
97691605389178 76238863
97692102025797 81995110
97692322896318 10739580
97692736636551 10714520
97693016862503 16655184
97693232275083 14131534
97693442741043 9563937
97693654649542 11458092
97693928232314 15602712
97694145888759 16737564
97694356551455 10346104
97694837824729 15096280
97695052662253 12509111
97695320041771 10598237
97695647037210 15951292
97696035763870 15618297
97696255083035 18932553
97696470957767 15276407
97696814913122 13281159
97697028895553 11744852
97697335832165 12709744
97697546737285 10523840
97697762805709 14664992
97698042893097 16466040
97698258900674 14750433
97698467625789 8204544
97698676354126 8208243
97698885790148 8991732
97699106491213 15218055
97699324883584 16719583
97699827879582 25029243
97700239808774 26236741
97700457019352 16847351
97700745616433 9590497
97701202623598 86929025
97701808960099 70734870
97702027515165 17353795
97702238905960 9754988
97702529382742 12588103
97703029760287 13752986
97703420894579 15742136
97703766607831 13388118
97704134023888 9769240
97704633035649 12251943
97705221846172 9850456
97705738474537 14559449
97706004239857 58101209
97706428114550 12537785
97706935404495 7378052
97707312361459 82222634
97707712908677 82597257
97708238003771 14455774
97708456937059 17794478
97708671685968 12531060
97708879885517 7778276
97709089672531 9401630
97709624453593 16485760
97709900940125 69784203
97710118914649 15758252
97710335875119 15726281
97710626811612 10551704
97711013133415 10249550
97711227877892 13715519
97711438882889 10723745
97711735486937 14676458
97712327436122 11218245
97712601029697 67998747
97712925842883 10791240
97713139754387 10767774
97713540883580 17868431
97713754914302 13478225
97713966668820 9157159
97714237902723 15427786
97714639699399 25022064
97715304378913 101264560
97715515894628 10725978
97715943839961 17377207
97716235783075 13058529
97716741902956 14601143
97717238868404 10916032
97717514828202 13638524
97717733712143 18520558
97718033763132 11420109
97718532838175 11438679
97719154938950 17075584
97719642917159 16674340
97720106923359 71444543
97720319903749 11748068
97720536142249 15982412
97720854260896 11449219
97721062773220 8040624
97721522873965 17649336
97721801014512 71872611
97722017478175 12323161
97722446678034 22003315
97722667464967 19312597
97723155976550 13050239
97723370998821 14658389
97723590633737 8399775
97723799646477 8490104
97724014742466 11591304
97724230841375 14727575
97724447194990 14048454
97724944912391 13335970
97725428865605 11614300
97725649633893 19458411
97726114935992 77186459
97726541062505 18844363
97726752812277 11226630
97727051677695 13859617
97727264685597 12529937
97727848923232 26375641
97728070972026 21801539
97728288982095 17634379
97728505196649 15839103
97729005876389 67219005
97729217805821 10466495
97729614790778 85739333
97729837022755 16805752
97730053892129 11320401
97730267536746 13119864
97730747908159 18128832
97731006012763 48949504
97731630227929 28108607
97732126901409 13436058
97732338832522 11640688
97732714836386 13903507
97733317929820 13109837
97733613934260 87713223
97733825901367 10680405
97734348895564 13203446
97734836815092 10299419
97735056755358 18600418
97735335912951 15600330
