99370128969416 13955154
99370629040926 17033963
99370854837524 24497974
99371240088711 16354306
99371834437597 23010678
99372049963332 14887996
99372336993301 14570124
99372557993012 18651910
99373061916634 30497667
99373282077809 16222329
99373823136567 15421552
99374246972544 43152384
99374460979376 12927924
99374669517026 8207108
99374926777176 21575076
99375145007002 15690423
99375600403820 84225384
99376101843399 68637937
99376631004215 30655827
99376845991583 13678320
99377110977763 60641398
99377724943032 22917656
99378221995269 24529244
99378823019264 19455932
99379300845011 40558770
99379515956057 14628555
99379952976401 20525329
99380272764575 14209683
99380484228620 11082155
99380740414109 11838813
99380958868639 16245234
99381519457139 11636939
99381735329178 15068568
99381953003621 16689811
99382563502207 19268453
99382779495296 15195557
99382988267303 8447340
99383354008923 24228569
99383629040459 14745724
99384092634240 13512117
99384307800611 14692812
99384902853509 57927435
99385113979398 10813278
99385334013282 15592999
99385567656182 23343835
99385944981878 29167920
99386262043130 14702253
99386519743857 8227745
99386740984150 14511008
99386969124213 24809995
99387264988101 15866433
99387604028121 40148079
99388032981861 10035881
99388530015892 15322031
99389016997832 60294320
99389504032355 71053808
99389733970188 12238853
99390207026950 41497758
99390639999910 10400412
99391018966472 11216890
99391227963898 8653065
99391441984530 12679431
99391652964782 9670931
99391948032712 17986884
99392165959219 13624903
99392381941066 14611160
99392594892038 12548674
99392806348785 11045472
99393050983793 25642842
99393356969012 13636780
99393816500034 15355038
99394065006069 32904200
99394278571734 12253782
99394487175655 8194535
99395004057937 54754769
99395433867609 21727435
99395900889426 83758304
99396114043620 10725137
99396338656009 19268871
99396551421044 12078846
99396766996151 10667051
99397100412415 50735562
99397733996982 31992915
99398056773364 10325344
99398316992090 14619974
99398531989490 9841530
99399133053632 18983032
99399516063628 11805852
99399731974511 12662900
99400048566120 16206165
99400265784543 15776655
99400834176028 28273218
99401053952292 13686347
99401425148229 20662292
99401637392592 11310434
99401845101969 7275115
99402453016392 18621469
99402673499601 10308940
99402882687320 8775671
99403253288545 13287996
99403725479903 13188204
99403943983407 17674214
99404431079010 24742372
99404805808751 31147460
99405018014431 11485967
99405249274601 19927864
99405553294404 14239807
99405830974198 21652497
99406109994428 8960696
99406532983580 10431128
99406749424150 15111319
99406973065937 21694106
99407182782239 9349244
99407618039819 45389536
99407900861186 72543733
99408507884476 55426774
99408943003213 29410025
99409163168429 14495581
99409415302341 15118859
99409629998169 13685158
99409843983057 9667658
99410346174544 10856272
99410943925078 10424173
99411264036334 12118333
99411475060737 9752341
99411911974091 11326786
99412443932787 19056728
99412804029478 65474281
99413200872338 61034561
99413422952698 19641044
99413635920166 12077675
99414211732273 22028340
99414434008033 13687357
99414848980528 19048552
99415061930870 12605886
99415367952182 14047641
99415626745809 19416744
99416239973147 18679028
99416470510489 23162079
99416824709813 13446374
99417243105611 10589496
99417637740957 21164384
99418048051516 19002826
99418273430105 23140081
99418486117073 12356961
99419018974007 15457850
99419245829836 8096035
99419700925127 80311522
99419921855451 20074861
99420146386368 14065706
99420358000734 11257087
99420884206469 12524362
99421093987955 8683478
99421303445632 9142392
99421722030913 12540492
99422028033046 20390262
99422241073149 11760000
99422460439121 15658262
99423025956993 14862378
99423425004129 12550909
99423641008216 13686872
99423849031021 7705807
99424236966357 14691350
99424609030802 39574971
99424826954815 15652952
99425434596572 16070164
99426018458540 14297517
99426241870111 22518564
99426527055347 23703608
99426941042233 27254523
99427151119559 9714789
99427366973625 14660946
99427629001797 12507872
99427850109707 18053249
99428186775381 22179186
99428403923009 14597355
99429041977388 12631427
99429581094372 13934686
99429935762149 11476095
99430149558398 13348086
99430572023123 18816976
99430792015629 13327619
99431337019196 21045141
99431758999271 28830689
99431973299463 12988703
99432182337789 8026431
99432531236943 15227418
99432936959793 9792881
99433348006539 11009088
99433557978545 8660015
99433816023079 27105587
99434032357798 15917861
99434256738133 17396578
99434648922895 20410013
99434877128634 12968790
99435142043353 11114182
99435359929417 17597992
99435700934035 71575589
99436133237651 18660895
99436343988818 9668881
99436573757855 25777402
99436782826221 8183065
99437329950119 16480869
99437539695336 8818250
99437911537565 54259055
99438331012987 17470451
99438544004720 9682526
99438758917634 13598546
99439010021024 40600656
99439445989339 13621490
99439759968670 12836716
99440304046014 55950429
99440518953179 8640730
99440855995736 13735604
99441218031706 11894436
99441444209418 19877135
99441661084295 16325982
99441928984462 15534348
99442324788662 13947933
99442747072910 18531256
99442958314336 8989324
99443306684484 43044453
99443525748347 18442666
99443900903722 42693082
99444120055871 13741428
99444708003108 70435203
99445322391323 15534701
99445534326324 11019245
99446123952189 13504645
99446773008377 13824245
99447226078902 12421462
99447767896098 39679706
99448056008851 12521526
99448274885193 17568033
99448761025394 11226656
99448975380135 12789349
99449256215578 17199105
99449630062150 18502422
99449840584867 10172666
99450201008506 28971800
99450418827817 15508261
99450939939755 20991344
99451233988646 16127398
99451446011355 10700673
99451657995875 10050380
99451872404656 13093570
99452081852739 9113439
99452291650168 9331909
99452507034730 15047351
99452725115753 15805455
99452946029832 12358714
99453164578166 14807930
99453390025646 13705415
