100167964768324 20947097
100168428978309 13725511
100168644005543 11311023
100169042991471 10159782
100169610025024 49051292
100169842007613 22304735
100170341959922 25429286
100170986013699 39617290
100171349975343 10183700
100171981014081 22809475
100172195994232 14672244
100172407999197 11653596
100172965024305 13562666
100173587033975 16378657
100174115990855 41556888
100174368030014 31715330
100174583802862 12486646
100174792969884 8660426
100175372807130 10520552
100175651020830 11104564
100175866996746 13690884
100176408581978 14006030
100176668048897 40729545
100177159006714 20435586
100177375090617 14761560
100177616066424 29738561
100178263993320 54882313
100178593011038 12534616
100179233613913 36138773
100179752074791 13917514
100179967049948 9710812
100180602087593 27157881
100180812929378 9611707
100181033002931 15697370
100181251709134 14092511
100181725042425 50485570
100182223929764 12847741
100182466007501 23092997
100182693973505 11657772
100182913974414 15664393
100183146976209 22955113
100183358359599 9029771
100184061040123 33045104
100184712855277 22279795
100184930939829 13624982
100185147082284 12452989
100185358981008 10908944
100185572090226 11776698
100185800030817 14038660
100186022949266 14621771
100186493999094 24679123
100186961982344 15323906
100187200923897 30240189
100187625980992 15817761
100187846000440 14688544
100188485046658 10471951
100188714191011 27875016
100189188851585 24065069
100189407897620 15589808
100189645088727 25753060
100189867986592 16672174
100190430001221 19164227
100191005037977 20638263
100191224016164 14702122
100191442974426 14657646
100191652989511 8677292
100192070004369 15636190
100192294015564 18691691
100192518328619 17464698
100192736928340 15606093
100192949984909 11670217
100193163236972 10927912
100193671845212 9709802
100194077851338 24254363
100194329054050 42710232
100194545016154 13714163
100194761986750 16669515
100195213857787 17033223
100195423981699 9668015
100195978983953 19512110
100196581729755 19571203
100196797023981 13374502
100197025995383 18670935
100197566978349 22367886
100197814970114 9669574
100198476747577 11679801
100198783136596 9833134
100199148932602 15293847
100199380952693 13650814
100199595316424 10591063
100199811015976 14712981
100200253961276 20390057
100200706028834 30492628
100201269866303 83965407
100201754003074 32681153
100202161686778 14347885
100202575395168 23359346
100203003910376 31851052
100203225028564 18715895
100203440978549 12597594
100203881343250 33939859
100204421504420 24459855
100205145512978 87132986
100205666033008 13411036
100205880032259 11706956
100206098844392 10534452
100206340028556 22700400
100206720046165 16544595
100207291090871 20333132
100207712988559 44188425
100207931011095 15698872
100208335987403 21123905
100208559977095 23661642
100209175652129 11673419
100209468055054 11192457
100209707033905 25321784
100209954012043 33697487
100210170999559 16558466
100210395061836 21745312
100210630834351 14514815
100210842992919 10638836
100211060007923 12692410
100211546057101 39285360
100211764116123 12738690
100211976673321 10357195
100212191044159 13731788
100212448261206 42121092
100213010010585 34377887
100213647981481 10965470
100213890033278 28933684
100214108007734 12678713
100214585000140 48830165
100214995083126 16978925
100215470000933 13803780
100215688015652 16001048
100216058645550 16579441
100216450999476 23216035
100216833007363 11905073
100217181016486 18965570
100217393342136 12029424
100217905497085 135273383
100218119998578 11336045
100218373026526 28708592
100218944998491 72642143
100219166041911 19714889
100219377770430 9453272
100219609017627 18623361
100219833001964 19677595
100220341004539 11862844
100220771007367 15112171
100221363011161 23602515
100221578587546 11914002
100221919048800 24913317
100222138000266 14672164
100222350988041 12665813
100222722916352 14695077
100223305005643 58724131
100224017014319 48454778
100224636913329 12450217
100224854925753 14606611
100225509030139 54990154
100226138998759 17189899
100226521989681 16183359
100227068983123 16781671
100227587977440 9646628
100228203043662 72837709
100228818037098 88098298
100229031037832 12714206
100229252224228 13899288
100229661998855 15089548
100229876021234 11712039
100230089006819 11691851
100230629996838 22212150
100231051009908 18869694
100231261976811 10314914
100231553701142 13183373
100231927042898 16033320
100232344935668 13507289
100232568014284 17699738
100232780780698 12433955
100233011201123 22857855
100233226908892 11606152
100233455970220 22619477
100233672986006 14684847
100234268930610 32999839
100234518897925 15805284
100234749989004 30650841
100234969029621 16714374
100235195162416 10616620
100235721032319 15515673
100236035372426 105595021
100236381977577 13154683
100236826048364 13380131
100237329000145 11489243
100237540006408 9689400
100237775997084 24678626
100238178004376 15268297
100238729003362 15660206
100238965097428 24465545
100239459294264 18967791
100240113509294 17831423
100240364048786 27814359
100240593022483 28700453
100241113980683 20437288
100241524979421 13132918
100241976019385 23860245
100242191848987 13538674
100242445023739 42697732
100242931600277 18416783
100243402972244 17908826
100243628794884 19483411
100244017066548 14373422
100244237988193 15676207
100244538405980 14802836
100244750832501 11530352
100245144050896 20233898
100245385986524 16999780
100245620023929 23671728
100246113047615 12906708
100246357826917 33513154
100247040893949 49834413
100247420196663 18149582
100247859060392 22433793
100248438994106 19508095
100248653986611 13673899
100249130051021 27457469
100249705034214 60752710
100250314978936 14566572
100250526532782 11216172
100251163315399 26948716
100251372026984 8360264
100251583190992 9876407
100252005874548 69745468
100252435060715 11675382
100252652910103 13709020
100253150981790 15203367
100253359874512 8576559
100253585966106 14570863
100254129995426 66879229
100254342986764 12602247
