1654901101927873134 0
1654901106933036426 0
1654901111938437790 0
1654901116943568143 0
1654901121948776895 0
1654901126953931188 0
1654901131959193537 24
1654901136961529876 48
1654901141967007806 58
1654901146971668071 52
1654901151976333578 45
1654901156982300570 54
1654901161987332665 61
1654901166990636832 54
1654901171995796417 47
1654901177001100244 54
1654901182006667339 47
1654901187011322465 53
1654901192015403329 59
1654901197019491766 56
1654901202022651635 44
1654901207027770916 49
1654901212033188375 55
1654901217038317372 63
