1654900449321125577 0
1654900454326189710 0
1654900459331372636 0
1654900464336541923 0
1654900469341709864 0
1654900474346405254 0
1654900479351418220 20
1654900484356434340 60
1654900489361594449 60
1654900494366666375 61
1654900499371400025 63
1654900504376568278 61
1654900509381731629 62
1654900514386901992 73
1654900519391440973 46
1654900524396362129 63
1654900529401530918 56
1654900534405939633 71
1654900539411119034 60
1654900544415403919 61
1654900549417254471 66
1654900554422481329 59
1654900559426464057 52
1654900564427604389 58
