1654900710341545080 0
1654900715343558192 0
1654900720346439188 0
1654900725351611488 0
1654900730354423881 0
1654900735359605046 0
1654900740364740520 34
1654900745369382049 101
1654900750374415440 123
1654900755379460039 98
1654900760380449955 118
1654900765384177485 96
1654900770388373508 114
1654900775393431389 89
1654900780398404438 90
1654900785403410257 101
1654900790408722710 92
1654900795413462290 115
1654900800417420782 89
1654900805422383924 97
1654900810427410582 108
1654900815432401260 90
1654900820437581129 89
1654900825438036349 103
