1619370394488615542 4324
1619370394633548176 4269
1619370394701150529 2762
1619370394745377947 3469
1619370394946202532 3514
1619370394951013619 2618
1619370395150096900 3067
1619370395396305285 4881
1619370395437377075 4526
1619370395442886267 3435
1619370395502221963 2539
1619370395638162897 3802
1619370395768782335 4600
1619370395798114155 3683
1619370395809284250 3995
1619370395851698929 4581
1619370395914773041 3479
1619370396131030070 4319
1619370396248315866 4330
1619370396335321150 2130
1619370396432397640 3040
1619370396527971723 2827
1619370396702456759 2861
1619370396838460179 4468
1619370396933408635 3462
1619370397117882128 4184
1619370397145996172 4333
1619370397218285825 3480
1619370397281264226 3274
1619370397347036116 3154
1619370397371269580 4403
1619370397532256113 4449
1619370397668177104 3627
1619370397775580709 4713
1619370397853946500 3495
1619370397946442629 3819
1619370397992431579 3268
1619370398045486037 3271
1619370398189478432 2708
1619370398219356704 3054
1619370398262408101 3350
1619370398647435847 4131
1619370398917777838 4285
1619370398956603741 3502
1619370399053353097 4421
1619370399389123654 3552
1619370399414618795 3873
1619370399697932354 7297
1619370400070799986 3700
1619370400082143117 3526
1619370400322754868 5266
1619370400593907011 6253
1619370400830126909 2264
1619370400860499264 3834
1619370400959298168 3597
1619370401167546553 5176
1619370401328005775 2465
1619370401404392034 3896
1619370401815155875 2802
1619370402179502193 2036
1619370402381584754 3100
1619370402406743597 2771
1619370402819098760 2107
1619370403051022051 3863
1619370403063207278 3916
1619370403127616327 3425
1619370403182585079 3331
1619370403212778280 3794
1619370403234737860 3513
1619370403254397471 3961
1619370403277071222 3255
1619370403295399767 3687
1619370403747988084 2425
1619370403811042673 5099
1619370403816876378 3771
1619370404030144531 3343
1619370404074421611 2043
1619370404111858824 5266
1619370404352297125 3328
1619370404380065918 3060
1619370404393824871 4160
1619370404465368676 3631
1619370404486035624 6935
1619370404491745004 3563
1619370404575484115 5008
1619370404583702592 6043
1619370404944697415 5432
1619370404967185281 3219
1619370404972391551 3004
1619370405015627889 4193
1619370405065527970 1957
1619370405487929516 3724
1619370405527223483 3449
1619370405586745677 3588
1619370405600832035 2907
1619370405670302134 3568
1619370405847987685 3108
1619370406149215213 3617
1619370406289974179 3628
1619370406314923080 3713
1619370406368544653 4036
1619370406374031507 3438
1619370406422714106 3735
1619370406739064412 6466
1619370406812466930 3913
1619370406865671989 4835
1619370406871665124 3876
1619370407021243995 4998
1619370407026139580 2685
1619370407154788667 3611
1619370407208280023 5760
1619370407226880609 4771
1619370407261005392 3429
1619370407446899732 3724
1619370407487840497 3513
1619370407753773917 3184
1619370407769805573 2287
1619370408023816927 3653
1619370408057911508 2753
1619370408063786563 3697
1619370408163927081 3132
1619370408238244034 3257
1619370408287068360 3756
1619370408358621536 3391
1619370408391228381 2931
1619370408407988932 4143
1619370408442420513 5219
1619370408448287349 3831
1619370408464468018 2531
1619370408556350352 3719
1619370408589573848 3464
1619370408676948555 3771
1619370408682377629 3321
1619370408724844546 3329
1619370408794557706 3647
1619370409045911657 3362
1619370409190655520 3438
1619370409328179035 3363
1619370409375082907 3381
1619370409530747950 2546
1619370409847369317 3566
1619370409890631478 3338
1619370410214724026 2860
1619370410242099454 3047
1619370410315811637 3339
1619370410369494707 4399
1619370410429747993 3588
1619370410541566114 4024
1619370410976494396 3956
1619370411106499018 4747
1619370411251466977 2792
1619370411397520959 3453
1619370411622807938 3001
1619370411888472467 3295
1619370411901908341 3694
1619370412034753955 4188
1619370412204519714 5064
1619370412250581283 3348
1619370412361627743 3461
1619370412388447440 4054
1619370412595459238 3529
1619370412600996180 3495
1619370412725390522 4100
1619370412790818938 2836
1619370412907432308 3346
1619370413043235141 3622
1619370413112530845 3067
1619370413172796151 3986
1619370413192529063 3367
1619370413198160358 3586
1619370413242912025 2867
1619370413297892383 2940
1619370413327882413 2875
1619370413349917224 3450
1619370413362123905 3585
1619370413433648475 3940
1619370413652832140 3065
1619370413794482993 3206
1619370413840583598 2268
1619370413863364689 4348
1619370413914937795 2898
1619370413960971282 3706
1619370414019682384 6821
1619370414117333941 3488
1619370414140771494 3843
1619370414242494505 3923
1619370414462961882 3166
1619370414485143438 4010
1619370414574565923 5178
1619370414622352514 5337
1619370414652665073 3871
1619370415066833559 3765
1619370415151727360 3001
1619370415163657261 3109
1619370415189786788 3445
1619370415526822450 5122
1619370415681866197 3662
1619370416018879927 4022
1619370416023367988 2315
1619370416091722255 3065
1619370416158204725 3779
1619370416455718524 4016
1619370416524377887 5372
1619370416540690251 3573
1619370416637538230 3540
1619370416666188718 3238
1619370416671945537 3603
1619370416724318215 3830
1619370416931372512 2838
1619370416965496167 5527
1619370417031668359 3705
1619370417203194242 4032
1619370417207985814 2645
1619370417329110702 3819
1619370417484586110 3498
1619370417771741641 2701
1619370417929823543 3793
1619370417975379241 2766
1619370418051691041 3295
1619370418174405475 3710
1619370418216858248 3480
1619370418260309831 6621
1619370418373241411 3573
1619370418497291943 3427
1619370418570205223 5977
1619370418613506476 5877
1619370418647330138 3725
1619370418730189560 3682
1619370418742410942 3480
1619370418790126404 3192
1619370418840781836 3459
1619370418969759523 5181
1619370419107903151 3005
1619370419216436580 3536
1619370419338322707 3256
1619370419379741117 4555
1619370419747640852 3170
1619370419762147655 6860
1619370419791386525 3283
1619370419826703784 3187
1619370419832453241 3566
1619370419891020991 3570
1619370419943719639 3523
1619370419996380254 3825
1619370420050144528 3239
1619370420069674701 6269
1619370420214736084 3592
1619370420348771666 3305
1619370420468333704 3697
1619370420540724095 2908
1619370420556751493 3307
1619370420577643003 4393
1619370420611145838 3066
1619370420665789962 3414
1619370420701422646 3265
1619370420831001557 3645
1619370421034811509 6526
1619370421063395513 3804
1619370421194438724 3128
1619370421205110380 3402
1619370421266790473 3326
1619370421938125797 3799
1619370421988403814 2994
1619370422029716708 3253
1619370422493132206 3760
1619370422637474316 3820
1619370422703532723 2713
1619370422748936403 3742
1619370422842623771 3407
1619370422970369869 3400
1619370423039780760 3456
1619370423081941874 3342
1619370423087674287 3663
1619370423103829350 2789
1619370423298100117 3486
1619370423343952208 3389
1619370423355654454 4064
1619370423369206261 6398
1619370423622677258 2900
1619370423703069201 4870
1619370423901113882 3072
1619370424282100719 2345
1619370424716869257 3187
1619370424727771075 3237
1619370424758354130 3619
1619370425133569727 3307
1619370425447535910 2288
1619370425609225927 3513
1619370426097297454 3488
1619370426193310927 5992
1619370426308085305 3437
1619370426317438552 7275
1619370426350295605 2671
1619370426367789026 3933
1619370426749192093 4698
1619370426858181566 2550
1619370426869503236 3425
1619370426911310341 3160
1619370427192325642 5981
1619370427236450652 3326
1619370427282136271 3456
1619370427394257993 3562
1619370427479499919 3019
1619370427534708014 3210
1619370427552323099 4149
1619370427626863104 7275
1619370427633541463 4651
1619370427802207990 3363
1619370427843610090 3495
1619370427892647886 4251
1619370427914570687 3005
1619370427990887803 2722
1619370428141806919 3280
1619370428156934699 6777
1619370428492685729 3195
1619370428504526829 3579
1619370428528148647 3967
1619370428634501734 2168
1619370428734798151 2974
1619370428740367090 3398
1619370428762968531 3683
1619370428806525402 3546
1619370428962937460 3938
1619370429017282238 4186
1619370429040512051 3199
1619370429091134913 2104
1619370429186993994 7079
1619370429215131292 2942
1619370429244507551 3478
1619370430081505689 4012
1619370430111344658 3662
1619370430257936328 3694
1619370430333878381 2498
1619370430439472148 3632
1619370430642881117 3343
1619370430652828383 3150
1619370430689610491 2861
1619370430846319674 6036
1619370430897688250 4016
1619370430924985382 4139
1619370431154310272 4377
1619370431174942299 2410
1619370431274589170 5092
1619370431760387884 4018
1619370431839161376 3405
1619370431878818515 3279
1619370431919753891 3849
1619370431958949337 3527
1619370432040249002 2638
1619370432108739670 3143
1619370432170186154 3655
1619370432193906092 4191
1619370432380608062 2447
1619370432432321326 3388
1619370432693287059 3829
1619370432849302838 3589
1619370433152849969 3429
1619370433208229059 2984
1619370433491288883 3792
1619370433502388169 2906
1619370433599610552 4443
1619370433633493292 3733
1619370433697281359 3179
1619370433799620818 3500
1619370433856389344 3464
1619370433926537015 2421
1619370434170495115 3362
1619370434268856636 3344
1619370434494596851 4975
1619370434604593620 3856
1619370435268630828 3952
1619370435320608735 3578
1619370435389860598 4417
1619370435498890868 3672
1619370435582455391 4865
1619370435606396879 4286
1619370435700386723 3564
1619370435755591227 6463
1619370435777774432 3655
1619370435808293823 4044
1619370435848101630 3032
1619370435953874447 3747
1619370435959116815 3135
1619370436121406558 3120
1619370436293446008 3782
1619370436605407043 3496
1619370436635012343 5487
1619370436678743639 3303
1619370436702067327 3373
1619370436721868619 3385
1619370436821570123 2323
1619370437076977226 3228
1619370437096019288 3815
1619370437244542238 3614
1619370437314549915 3388
1619370437336817613 3144
1619370437453695953 3378
1619370437481430770 4263
1619370437537640004 2452
1619370437671327652 3186
1619370437710876327 3144
1619370437974309785 4640
1619370438028334968 3473
1619370438064377869 4107
1619370438110169657 3267
1619370438147000808 3609
1619370438189702766 3739
1619370438477452852 3340
1619370438487099208 2682
1619370438524390136 2957
1619370438671217425 5429
1619370438729534640 3461
1619370438798475695 2198
1619370438838640103 3688
1619370439125270910 3408
1619370439197336009 3178
1619370439369529811 3382
1619370439433315037 3580
1619370439510315412 4204
1619370439636404922 3809
1619370439893495709 3671
1619370440059193646 3507
1619370440077274061 3191
1619370440179307574 4869
1619370440264152625 8029
1619370440269634073 3417
1619370440377736636 2352
1619370440636878630 3005
1619370440683042058 3219
1619370440884893073 3500
1619370440889861188 2724
1619370440942402932 5133
1619370440965318719 3886
1619370441053024566 3139
1619370441079486550 3189
1619370441247687303 3275
1619370441313268489 3152
1619370441524435936 3344
1619370441733185531 5813
1619370441997816152 4564
1619370442075209097 5927
1619370442146162939 3564
1619370442204413499 3155
1619370442689971049 3946
1619370442786601546 3213
1619370443270240772 2427
1619370443590293575 3521
1619370443619177839 3455
1619370443684215067 3117
1619370443789374376 3620
1619370443794441462 3034
1619370443946544999 4024
1619370444046383238 3833
1619370444329512313 3872
1619370444386488329 3762
1619370444683416784 6108
1619370444769916182 3184
1619370444832565754 3526
1619370445017759737 3807
1619370445068217138 5091
1619370445195842030 6157
1619370445222873722 2352
1619370445227657368 2638
1619370445255568181 2547
1619370445405135511 4394
1619370445446127692 2850
1619370445533366179 3017
1619370445731622084 3418
1619370445899694886 4579
1619370445972681028 4184
1619370445980260617 5501
1619370446151628897 4299
1619370446298641881 3572
1619370446370199450 4444
1619370446499161266 3772
1619370446547409843 2434
1619370446974186758 3695
1619370446990040189 3916
1619370447008789987 3147
1619370447062592460 3413
1619370447080073957 2653
1619370447096848178 3967
1619370447178509177 3320
1619370447307657818 3821
1619370447460288654 3644
1619370447500237247 2838
1619370447587564517 5934
1619370447763328978 3926
1619370447812947695 2756
1619370447853826177 3156
1619370447875564579 3943
1619370447892204368 3471
1619370448215624899 6148
1619370448364310404 3268
1619370448375269284 3468
1619370448386101960 3292
1619370448514246479 3004
1619370448595005567 3675
1619370448660809493 3578
1619370448679655406 3437
1619370448761348288 3498
1619370448923698451 2486
1619370449364723818 3582
1619370449441063291 5411
1619370449484228677 3966
1619370449706215007 4524
1619370449803984571 4278
1619370449909594743 3370
1619370449970523730 4204
1619370449975639569 2982
1619370450157361791 8687
1619370450361309637 3702
1619370450436874405 3809
1619370450581549390 2606
1619370450615003079 3577
1619370450836126042 4909
1619370450842752875 4532
1619370451042370836 6258
1619370451177395438 3803
1619370451261507059 3160
1619370451537446311 3918
1619370451600573652 3653
1619370451759214185 2859
1619370451962999951 3096
1619370452089736782 4105
1619370452196451369 3506
1619370452285022405 4311
1619370452412628600 3363
1619370452428566942 2861
1619370452822401779 5017
1619370452905677238 3911
1619370452934736971 3698
1619370453011965270 2703
1619370453038160860 8045
1619370453119027055 6058
1619370453175435142 5665
1619370453279492365 3335
1619370453360427896 2720
1619370453470251656 4524
1619370453590296866 3962
1619370453776946626 3800
1619370453799078228 3721
1619370453862587417 6181
1619370453947760787 6203
1619370454253332043 3490
1619370454276114890 3355
1619370454312402433 2858
