1619369245559823539 4499
1619369245589350076 4432
1619369245614368474 7391
1619369245634389045 4105
1619369245838475661 6131
1619369246062203033 4191
1619369246090590114 5651
1619369246234369439 5865
1619369246508479654 16686
1619369246637778609 6952
1619369246657113991 9055
1619369246967247061 5707
1619369247440694424 8894
1619369247623435390 9784
1619369247756234604 5143
1619369248032137194 7872
1619369248121222162 7872
1619369248609801038 42911
1619369249335442630 6603
1619369249418410141 6982
1619369249641734147 6357
1619369249861237318 6727
1619369250031257086 5817
1619369250408501263 28918
1619369250442232491 6467
1619369250873600244 4705
1619369251175177945 5034
1619369251248072069 6166
1619369251672593368 8195
1619369251712207439 22607
1619369252054432995 8580
1619369252062333665 5813
1619369252083094490 11548
1619369252247901318 2788
1619369252272318182 5491
1619369252361082399 4865
1619369252375222830 3500
1619369252420972796 5037
1619369252568118184 7874
1619369252575882400 5662
1619369253129638394 3589
1619369253308337066 15684
1619369253318029791 7633
1619369253654956096 4875
1619369253728449744 5286
1619369253926017187 6598
1619369254444967221 6615
1619369254469605367 4905
1619369254525203438 5505
1619369254532981149 5711
1619369254579776192 5117
1619369254613048197 23994
1619369254948797418 8327
1619369254962658186 5717
1619369255086337977 5952
1619369255250049377 8169
1619369255407333121 10577
1619369255438191216 7203
1619369255533791063 7048
1619369255678363113 4931
1619369256017586636 8639
1619369256128990041 6522
1619369256684117192 6061
1619369256785549464 10159
1619369256845226341 5340
1619369257309521604 23729
1619369257551990070 4372
1619369257796651084 7505
1619369257931683286 6234
1619369257952617638 8820
1619369258198754236 3991
1619369258255487047 5364
1619369258591872737 4782
1619369258669958063 5363
1619369258953490991 3998
1619369259052869962 8355
1619369259362122732 10679
1619369259602225046 6111
1619369259864818989 6006
1619369260546582188 5405
1619369260748046654 4263
1619369260755131612 4990
1619369260786861062 4711
1619369261139921789 5288
1619369261398883072 8800
1619369261654760208 5006
1619369262356166514 4617
1619369262734056432 5193
1619369262785677758 4558
1619369263316364853 6384
1619369263340582166 7638
1619369263434380222 8365
1619369263516054513 5226
1619369263569437529 3940
1619369263975190496 4120
1619369264318987206 5183
1619369264356910309 5996
1619369264389199849 6484
1619369264467336198 6652
1619369264518931233 4813
1619369264573904820 4931
1619369264610741825 15250
1619369264770005746 4346
1619369265104963024 4969
1619369265434324369 4951
1619369265609718740 5136
1619369265626591769 7874
1619369265662434756 5739
1619369265749914738 5048
1619369265959689626 7792
1619369266321983488 5147
1619369266430106996 4313
1619369266570793924 7475
1619369266899419600 4856
1619369266928692411 4693
1619369267224787738 5528
1619369267285387561 5233
1619369267435249139 4400
1619369267532063185 5825
1619369267634765603 4753
1619369267795113173 7479
1619369267828124270 5332
1619369267941783630 3360
1619369268160770732 12037
1619369268460294639 7802
1619369268505517310 6241
1619369268958179685 6592
1619369268966343742 6104
1619369269070737440 4381
1619369269145149008 6009
1619369269239577842 5764
1619369269355937918 3581
1619369269641900432 4227
1619369269656317299 5783
1619369269664312657 5913
1619369269912608649 6252
1619369270007271894 28231
1619369270035273914 4523
1619369270455763033 4346
1619369270593406287 4334
1619369270649347027 5325
1619369271028966441 4681
1619369271090652182 5351
1619369271552369246 5654
1619369271689637720 6485
1619369272486394785 5447
1619369272998614616 6031
1619369273209839036 36717
1619369273578172879 4978
1619369273738117798 6912
1619369274041027421 5862
1619369274055416979 5399
1619369274244354999 6727
1619369274270010252 6322
1619369274350439285 5459
1619369274454889652 5492
1619369274479325010 6082
1619369274489107979 7676
1619369275063442197 3919
1619369275458960796 7070
1619369275473605723 7635
1619369275574681994 4037
1619369275964366540 7301
1619369276018437902 4370
1619369276087929803 4425
1619369276363388289 8632
1619369276496020533 7792
1619369276542708730 6501
1619369276697036332 9784
1619369276717206385 5134
1619369276944595343 6359
1619369277020729433 4140
1619369277080612325 5144
1619369277121106903 6535
1619369277182630553 4912
1619369277217749217 6022
1619369277269362210 7799
1619369277410390890 13890
1619369277442879490 3714
1619369277841672274 5230
1619369277976153610 5556
1619369278483543906 4575
1619369278621637967 5933
1619369278754728343 9235
1619369278782672360 4735
1619369278938010262 6648
1619369279037271156 10708
1619369279869284821 8263
1619369280026253173 5804
1619369280221314309 6546
1619369280326925612 4594
1619369280379034341 6477
1619369280478840615 5843
1619369280528735921 5608
1619369280681620831 10367
1619369280687776018 4130
1619369280711194769 4442
1619369281076635353 6991
1619369281106969452 21007
1619369281476767701 6039
1619369281660550741 10126
1619369281750328052 4717
1619369282161853328 5315
1619369282244762735 4615
1619369282334092673 6699
1619369282529853874 7595
1619369282617450036 4920
1619369282631862488 5879
1619369282879019808 3718
1619369282910895201 21761
1619369283087212514 6750
1619369283228973186 4610
1619369283321910418 5949
1619369283508293578 16008
1619369283636044940 5650
1619369283721172615 4396
1619369283866856967 6402
1619369283929838718 4831
1619369283992701444 5137
1619369284184144139 4297
1619369284229207042 4677
1619369284378750437 6789
1619369284408499711 10751
1619369284553211543 4679
1619369284631138274 7874
1619369284760454813 4506
1619369284925276529 5619
1619369285095060822 4693
1619369285346780561 3862
1619369285510840034 8994
1619369285645027774 5445
1619369285725305907 6223
1619369285877611070 4716
1619369286516576981 5212
1619369286552939198 4414
1619369287050856964 5099
1619369287113387479 4064
1619369287355649264 6455
1619369287836974801 5261
1619369287957430148 9862
1619369288042091342 5255
1619369288142900631 5667
1619369288274776652 5069
1619369288539624830 4734
1619369288634962471 5643
1619369288659977045 6878
1619369288927573073 7346
1619369289131937268 5177
1619369289274105911 6420
1619369289569840019 10178
1619369289760659174 5530
1619369289915391047 7586
1619369289983133364 3166
1619369290535466155 7950
1619369290806823229 21297
1619369291027652406 5624
1619369291097901408 5097
1619369291131559402 5546
1619369291238076409 5442
1619369291372520232 6208
1619369291419293657 4401
1619369291518077193 8223
1619369291587252138 4548
1619369291735433254 4630
1619369291766925854 8371
1619369291936747263 8831
1619369292083305969 4666
1619369292450817908 7183
1619369292518580545 4632
1619369292548882588 4481
1619369292580076350 5042
1619369292848598641 6586
1619369292986101923 6135
1619369292992742794 4598
1619369293131157853 7257
1619369293224251416 5220
1619369293244924030 4933
1619369293252826214 5847
1619369293291702454 6920
1619369293312322740 6133
1619369293366200242 8607
1619369293954156660 5717
1619369293999313865 4292
1619369294037651416 4681
1619369294069092658 9258
1619369294268546720 3776
1619369294353200465 5665
1619369294421976930 8625
1619369294538960458 9099
1619369294612618913 18308
1619369294618707590 3975
1619369294924986301 5605
1619369295109488055 7925
1619369295209343299 33791
1619369295339462536 6443
1619369295394478078 5307
1619369296226884605 5615
1619369296554389545 5223
1619369296581076627 4858
1619369296586164431 2991
1619369296638670680 4225
1619369296768523948 6065
1619369296775496082 4931
1619369296920561840 5410
1619369296927731909 5074
1619369297034907126 5445
1619369297466001049 7854
1619369297614335942 5008
1619369297816650230 4776
1619369298309634856 21698
1619369298608679904 11078
1619369298648248053 6154
1619369298864687912 9336
1619369298918181507 7611
1619369299057492450 5221
1619369299346729671 5683
1619369299411947753 16848
1619369299447074434 6517
1619369299475757136 6295
1619369299645339920 7761
1619369299693551573 7448
1619369299892411249 6314
1619369299975620542 6479
1619369300057638057 5201
1619369300346908338 4229
1619369300377393613 7631
1619369300519379364 5433
1619369300566584485 4517
1619369300632006496 5142
1619369300757817017 6804
1619369301344113757 6139
1619369301478423946 6554
1619369301519870710 7155
1619369301855272449 6580
1619369301872812653 3841
1619369301890290721 6302
1619369302127597528 4855
1619369302979656078 5650
1619369303383154116 4397
1619369303420787738 5695
1619369303470143755 5156
1619369303556906585 7069
1619369303663735502 3998
1619369303838410903 6560
1619369304247082392 6179
1619369304258039264 8839
1619369304310957721 15821
1619369304331894023 4467
1619369304355243003 7243
1619369304381331431 8309
1619369304750786157 5454
1619369304757545865 4641
1619369304941778069 4398
1619369304948810372 4938
1619369305212180327 3766
