1619557492587850409 3385
1619557492637785036 3041
1619557493101213519 2840
1619557493144562535 2649
1619557493221397672 3007
1619557493386803401 3442
1619557493518917278 3504
1619557493751998416 3439
1619557493930985977 3117
1619557494126107610 3382
1619557494131741443 3504
1619557494243934231 3150
1619557494349759625 4244
1619557494464353896 3386
1619557494510672348 3127
1619557494601918966 3659
1619557494761678474 3424
1619557494795222690 3879
1619557495244595082 3302
1619557495261860318 3451
1619557495338072924 3523
1619557495386715349 3016
1619557495402353245 3311
1619557495407701312 3242
1619557495468444866 3511
1619557495624208983 4708
1619557495735250068 2936
1619557495872323569 2934
1619557495883017339 3365
1619557495973530934 3654
1619557496002803570 3624
1619557496024752001 3490
1619557496096703599 2978
1619557496106960598 3005
1619557496151907132 3223
1619557496252643983 2990
1619557496264393458 3379
1619557496275462605 3653
1619557496391049430 2595
1619557496500010575 3140
1619557496560007164 3078
1619557496704836733 3644
1619557496949462643 2183
1619557496972155487 4137
1619557496984230632 3873
1619557496989606584 3224
1619557497005131574 2917
1619557497123122351 3599
1619557497238664797 3879
1619557497315265508 2655
1619557497441613600 3984
1619557497664479574 3202
1619557497974567374 3258
1619557498057613078 3556
1619557498062886268 3185
1619557498184058399 3262
1619557498350409386 3205
1619557498378445758 3165
1619557498383855815 3222
1619557498560402817 3335
1619557498566129314 3580
1619557498571510689 3277
1619557498626554861 2576
1619557498642885294 2585
1619557498756830589 3220
1619557498762070834 3087
1619557498784867131 2441
1619557498825464772 3456
1619557498847375533 3150
1619557498929538164 3469
1619557499092251453 3484
1619557499126775307 3637
1619557499203027488 3548
1619557499253637145 3940
1619557499445952364 5123
1619557499479002406 3120
1619557499517360838 3492
1619557499588026571 3327
1619557499645967752 3102
1619557499728907346 4829
1619557499879743786 3598
1619557499903520942 3652
1619557499977063564 3803
1619557499994205981 3776
1619557500032135785 4171
1619557500051908587 3320
1619557500185630101 2425
1619557500339825864 3404
1619557500356339404 2696
1619557500732830061 2842
1619557500792049426 3492
1619557500831441748 3740
1619557501001665875 3756
1619557501029220300 3185
1619557501131288218 3712
1619557501169390802 2346
1619557501340062472 3585
1619557501345481774 3221
1619557501364719988 3494
1619557501387801104 3509
1619557501484055288 3326
1619557501532473501 2851
1619557501608213177 4434
1619557501995735742 4043
1619557502051947819 3087
1619557502365961277 4233
1619557502392598909 3271
1619557502437565650 3018
1619557503039049845 3962
1619557503087543429 2473
1619557503093238416 3521
1619557503219407859 3700
1619557503309821030 3463
1619557503592904845 2790
1619557503604010277 3174
1619557503922614226 3461
1619557504060801057 3759
1619557504072329000 3219
1619557504145602972 4214
1619557504369365525 3478
1619557504511726790 3419
1619557504534120278 3426
1619557504562303676 3316
1619557504573263861 2974
1619557504618366218 3906
1619557504702227637 2992
1619557504833925864 3409
1619557504879252167 3702
1619557504890081430 3614
1619557504951025863 3337
1619557504995160719 5687
1619557505101281672 3593
1619557505128726937 3294
1619557505145128822 3392
1619557505180110248 2904
1619557505621000285 3576
1619557505717556421 3728
1619557505772594677 2679
1619557505845412895 2921
1619557505937114512 3320
1619557506135916185 3516
1619557506418672661 3780
1619557506489147511 5352
1619557506528447170 4157
1619557506566787308 3637
1619557506728259040 2894
1619557506779845465 3873
1619557506889640611 4382
1619557507059006740 4308
1619557507076731916 3385
1619557507151316813 3201
1619557507233341337 3331
1619557507278578423 4124
1619557507318978529 4647
1619557507439872583 3620
1619557507481619629 2706
1619557507559934078 2783
1619557507564602213 2535
1619557507706326069 4187
1619557507935130347 3431
1619557507997125173 3250
1619557508037488464 3497
1619557508056527318 3742
1619557508135655758 3350
1619557508233758100 3646
1619557508276739180 3189
1619557508288265038 3317
1619557508353332732 3017
1619557508459867713 3627
1619557508482666726 3679
1619557508561795413 3223
1619557508634267088 3694
1619557508726487293 3191
1619557508801292177 3618
1619557508885292039 3517
1619557508890435038 2957
1619557508971761206 4918
1619557509018372376 3804
1619557509045921021 3199
1619557509068190376 3849
1619557509255574210 3425
1619557509302933860 3450
1619557509415608354 3182
1619557509493452608 3125
1619557509562307606 3380
1619557509589535290 2853
1619557509731038358 4512
1619557509765250922 3034
1619557509845457818 2806
1619557509977097277 3523
1619557510123845919 3847
1619557510203319304 3503
1619557510259927819 3452
1619557510321228660 3110
1619557510539753798 3103
1619557510782044338 3345
1619557511017428096 3375
1619557511095962552 3107
1619557511147090325 3419
1619557511153568757 4245
1619557511273494619 2859
1619557511377489512 3281
1619557511455261615 3272
1619557511515465873 3665
1619557511553635104 2766
1619557511714434780 3438
1619557511951498481 3383
1619557512185824189 3578
1619557512242590366 2705
1619557512333503463 4138
1619557512339131776 3488
1619557512377514690 3691
1619557512383148806 3492
1619557512388720788 3419
1619557512543518219 2889
1619557512911956947 3509
1619557512924685714 5287
1619557513072885715 3340
1619557513126281127 5151
1619557513345870533 3407
1619557513522089666 2731
1619557513584061436 3623
1619557513655157799 3559
1619557513744664822 3703
1619557513846209239 3525
1619557513857041769 3252
1619557513890922997 3142
1619557514138390406 3225
1619557514218193621 3546
1619557514366715779 4651
1619557514493969556 3285
1619557514650253858 3387
1619557514702508935 3223
1619557514804515459 2825
1619557515048210421 3452
1619557515076376553 3159
1619557515411563537 2928
1619557515745804178 2841
1619557516014484481 3329
1619557516083906664 3017
1619557516096300715 4344
1619557516136090570 4709
1619557516350066424 2998
1619557516406981577 5360
1619557516665689133 3966
1619557516756065046 3740
1619557516778311945 3377
1619557517144925672 3571
1619557517337198976 3627
1619557517439733423 3972
1619557517659946546 3347
1619557517683706420 4626
1619557517688832576 2897
1619557517814774519 4241
1619557517871140581 3203
1619557517915363626 3122
1619557517956760448 4833
1619557518319848780 4411
1619557518352695350 3158
1619557518385783259 2642
1619557518505967770 3235
1619557518565112744 3696
1619557518575325305 3060
1619557518626299644 3619
1619557518683334695 3307
1619557519453890990 3563
1619557519660026576 3320
1619557519728401193 5027
1619557519785602279 3237
1619557519905332859 3817
1619557519945209080 5395
1619557520004866851 3125
1619557520032964687 3756
1619557520089723469 2972
1619557520107314571 3963
1619557520142844824 3712
1619557520198975290 3429
1619557520433592849 3699
1619557520487751823 3790
1619557520597928289 3937
1619557520662441810 2405
1619557520897324882 3244
1619557520960104230 5089
1619557521019827887 3345
1619557521291003202 3535
1619557521376134544 3699
1619557521407162620 2809
1619557521546105344 3273
1619557521882397825 3305
1619557521922683175 3305
1619557522108535591 3524
1619557522313913916 2894
1619557522642679436 3711
1619557522675050407 3305
1619557522693298812 3233
1619557522751133390 3672
1619557522785054464 2621
1619557523117012222 3692
1619557523189211486 4372
1619557523200330096 3173
1619557523280624185 4092
1619557523341930102 3668
1619557523540736461 3761
1619557523713934865 3139
1619557523730740971 2544
1619557523855322826 3909
1619557524054479239 3553
1619557524093874676 3275
1619557524129918936 3461
1619557524194414640 3518
1619557524226977045 3315
1619557524402813740 3196
1619557524461344712 3225
1619557524466944442 3455
1619557524942320219 2666
1619557525095565153 3841
1619557525256524036 3469
1619557525425856620 4808
1619557525496154792 3826
1619557525502823843 4458
1619557525636395117 3380
1619557525796315884 3664
1619557525840550817 4300
1619557525892247550 3464
1619557525916935745 5046
1619557526001734042 3267
1619557526008868064 4941
1619557526059768875 3505
1619557526216291247 3375
1619557526352881371 4773
1619557526454588836 3313
1619557526501019104 2905
1619557526619326914 3788
1619557526652939078 3635
1619557526676233100 2864
1619557527256629327 3860
1619557527362974205 3818
1619557527481239543 3383
1619557527505612907 4344
1619557527556902076 3563
1619557527688321268 10057
1619557527792367965 4540
1619557527847832950 3676
1619557528012794339 2440
1619557528069991671 3564
1619557528285501676 3179
1619557528367614255 3643
1619557528512221194 3289
1619557528633242608 3840
1619557528646536417 3607
1619557528670128333 4574
1619557528687220776 3212
1619557528704118967 3038
1619557528726357624 3834
1619557528829787058 3411
1619557528883815764 5606
1619557528987202789 3156
1619557528998061129 3373
1619557529298918109 2627
1619557529326812450 3216
1619557529406560391 2948
1619557529458505408 3151
1619557529469832846 3597
1619557529542464793 3321
1619557529570649853 2738
1619557529827594534 3200
1619557529861518218 3466
1619557530066092401 3522
1619557530325080078 3808
1619557530336737196 3834
1619557530387930699 3729
1619557530678317000 2609
1619557530796025511 5284
1619557530871548407 2706
1619557531188372607 2874
1619557531245876703 3149
1619557531285774156 2481
1619557531595041719 3428
1619557531643107542 4183
1619557531871352872 4130
1619557531961421056 3369
1619557531979233597 3517
1619557532005318705 2737
1619557532042272145 3925
1619557532383169366 3603
1619557532596787938 3253
1619557532740849701 3392
1619557532792940558 2357
1619557532798380988 3278
1619557532848218694 2944
1619557533021137339 3111
1619557533087927059 3228
1619557533122010218 3471
1619557533243450415 3313
1619557533294898187 2199
1619557533513696941 2897
1619557533701031354 3673
1619557533960239639 3114
1619557533983113491 3306
1619557534288679200 3477
1619557534879386138 3181
1619557535009765116 2888
1619557535094401029 3451
1619557535134154369 3093
1619557535175070215 3557
1619557535230675721 3421
1619557535275259443 2660
1619557535547289893 3139
1619557535564531922 3544
1619557535704189387 3369
1619557535799750575 2842
1619557535810917621 3717
1619557535882240890 4012
1619557535952212812 5044
1619557535968212460 3180
1619557535992820668 3497
1619557535997878883 2923
1619557536069639952 3435
1619557536164237142 3786
1619557536243312307 2714
1619557536270104108 3832
1619557536378045509 3472
1619557536466211196 3730
1619557536529809033 3079
1619557536758203952 3215
1619557536764892607 4569
1619557536788457531 4162
1619557536883093313 2570
1619557537094711127 2957
1619557537122396727 3510
1619557537137009613 5803
1619557537324451474 2835
1619557537472082374 3522
1619557537529095430 2851
1619557537534755774 3483
1619557537762912087 3122
1619557537797235193 3508
1619557537809222717 3761
1619557538321167953 3382
1619557538387244005 3688
1619557538415168551 4159
1619557538460423057 3691
1619557538548501887 2746
1619557538566337251 3409
1619557538692549513 3271
1619557538836315117 4424
1619557538940863733 2846
1619557538966459173 3151
1619557539006695797 3331
1619557539013584082 4680
1619557539139046829 4807
1619557539155340005 3228
1619557539160819237 3329
1619557539321103577 3663
1619557539344327741 3341
1619557539507999784 4716
1619557539761314956 5193
1619557539807536476 3445
1619557539918133694 3208
1619557540183982568 3347
1619557540381278646 2849
1619557540397453873 3156
1619557540431329184 3426
1619557540503508816 4560
1619557540632349764 3608
1619557540643957065 3662
1619557540697480461 3510
1619557540897654162 3335
1619557540992810214 3707
1619557541061949044 5238
1619557541409542065 3695
1619557541549555148 2555
1619557541554592052 2865
1619557541625183176 3866
1619557541851501760 3595
1619557541922443785 2908
1619557542106482566 4059
1619557542111914146 3228
1619557542381954560 3660
1619557542393988331 4234
1619557542543675226 2974
1619557542622796924 3558
1619557542721504602 3618
1619557542908500831 3167
1619557542926711809 3500
1619557542931787695 2815
1619557543075858264 5030
1619557543260356499 2972
1619557543611378840 3241
1619557543933499190 3431
1619557544115088331 3088
1619557544537745114 2900
1619557544669489098 3037
1619557544737808891 3372
1619557544791826261 3539
1619557545250991403 3557
1619557545368353407 3193
1619557545481280897 2396
1619557545533373170 3197
1619557545556887977 3475
1619557545824601013 3282
1619557545965747519 3289
1619557545976257763 2977
1619557546004897782 3472
1619557546153378111 3631
1619557546323795884 3470
1619557546342077687 5008
1619557546370058221 3456
1619557546425656537 3335
1619557546436269656 3127
1619557546494935698 3252
1619557546505803282 3403
1619557546533786182 3919
1619557546667973000 4585
1619557547319545266 4598
1619557547405663983 2591
1619557547450647953 3708
1619557547491558062 2241
1619557547569513998 3280
1619557547682444297 3123
1619557547705259793 3821
1619557547716369834 3674
1619557548034393833 5687
1619557548244262380 3266
1619557548386179909 3972
1619557548402636554 2971
1619557548542816260 4138
1619557548581635305 3195
1619557548873189031 3569
1619557549254564125 3639
1619557549379318921 4455
1619557549602054935 3299
1619557549614147643 4597
1619557549829432125 3936
1619557550113478271 4069
1619557550181325332 3416
1619557550286284149 2621
1619557550517484178 2438
1619557550603066855 2828
1619557550709568544 2831
1619557550794484463 5127
1619557550873707756 3525
1619557551156292151 3399
1619557551291755606 3918
1619557551411256003 3246
1619557551416982290 3625
1619557551574748556 3323
1619557551622998802 3457
1619557551741988439 3352
1619557551775688351 3273
1619557551838098497 3707
1619557552086906511 3142
