1619564556462151100 7681
1619564556598219849 10390
1619564557216410580 9713
1619564557577969025 8001
1619564557794302968 10318
1619564558005233945 10662
1619564558162937499 56232
1619564558483876160 10097
1619564558963108203 44179
1619564559371990622 8860
1619564559394114139 8456
1619564559693271708 8870
1619564560789349970 5865
1619564560887079824 8311
1619564561177761496 7921
1619564561293864531 9993
1619564561726152000 5758
1619564562062343676 33268
1619564562117217531 8213
1619564562386052308 5375
1619564562760861826 27989
1619564562808196389 13414
1619564563784550540 10750
1619564563887548447 12207
1619564564575785960 8458
1619564564675134059 11120
1619564564779593002 9816
1619564564968671640 8222
1619564565068610828 6529
1619564565640847278 6595
1619564565810362573 6235
1619564566366002998 6360
1619564567706584475 8739
1619564568822817373 7060
1619564568855821870 16104
1619564568926402585 9379
1619564569236856920 8317
1619564569476245498 7145
1619564569881813754 6533
1619564570284802328 9529
1619564570867037052 7503
1619564570908958662 7753
1619564571058703066 17610
1619564571204952327 14791
1619564571290506586 12787
1619564571777096521 7869
1619564571986926170 9286
1619564572089544271 8627
1619564572432183356 9493
1619564572540393149 9675
1619564573631663842 12857
1619564573822790984 7428
1619564573937699395 8023
1619564574312451207 10711
1619564574661419458 34021
1619564574691626092 8840
1619564574982600278 8728
1619564575717626819 7533
1619564575878343191 8717
1619564576257221553 10003
1619564576340390455 12248
1619564577763698731 7265
1619564578399121579 9528
1619564578412360876 11002
1619564578671690269 7968
1619564578722332404 12799
1619564578766335921 9064
1619564578864913177 6284
1619564579140809137 9335
1619564579234808531 8532
1619564579440372778 14552
1619564580333175366 11735
1619564580379321708 7934
1619564580502359559 8194
1619564580655195797 18799
1619564580666310717 8972
1619564580785474085 8342
1619564581116675719 5733
1619564581233038843 10156
1619564581387018857 7055
1619564581817193888 7229
1619564581976203584 9583
1619564581983744317 5512
1619564582162263778 23657
1619564582211887264 10641
1619564582334440947 18947
1619564583104240269 6078
1619564583758274881 18946
1619564583936503153 6117
1619564584017887254 10470
1619564584772932347 12247
1619564585130249595 7898
1619564585284381858 8867
1619564585294983139 8507
1619564586476100554 8060
1619564586489746326 11607
1619564587391187174 8368
1619564587415226244 6341
1619564587633494740 7120
1619564587644632947 9085
1619564587956856286 42162
1619564588279638966 5882
1619564588379760731 6028
1619564588433683398 8066
1619564588466674840 18904
1619564588697358621 9549
1619564588961290154 25647
1619564589118944844 8948
1619564589306993531 6578
1619564589437993500 11638
1619564589585452734 10095
1619564590220998256 7160
1619564590332614180 11377
1619564590385070233 12559
1619564590560253879 22546
1619564590934085011 9756
1619564590975396476 8418
1619564591461352469 29563
1619564591469754913 6299
1619564591740424029 8533
1619564591811299867 11805
1619564591829217335 8216
1619564591856384716 25063
1619564592062334132 25620
1619564592407831232 12593
1619564592959812522 9969
1619564593175319887 10892
1619564593810770803 10701
1619564593976747689 9556
1619564594001473047 10623
1619564594161643883 29949
1619564594270728917 5437
1619564594366267511 6153
1619564594617567800 13769
1619564595608243284 15102
1619564595704747964 11414
1619564595755924533 28181
1619564596067764258 6756
1619564596230646495 9917
1619564596753014499 11202
1619564596774718108 9512
1619564597137364843 10257
1619564597676070916 7708
1619564597725817838 8334
1619564597858391586 26681
1619564598080263206 11625
1619564598092795142 10327
1619564598130858471 8901
1619564598244314596 8666
1619564598278461322 10887
1619564598358080622 15454
1619564598433262381 4407
1619564598467847977 11123
1619564598577010618 11636
1619564598909491597 13428
1619564599384725723 9954
1619564599486760508 7768
1619564599573815412 7254
1619564599583625366 7744
1619564600017372117 12721
1619564600264828698 6383
1619564600312624060 11615
1619564600412515996 8828
1619564600866839288 9817
1619564600960075761 17983
1619564600969119179 6946
1619564601671589940 7229
1619564601712135834 5146
1619564601935454075 8468
1619564602009251849 12322
1619564602599255718 12151
1619564602637325228 10471
1619564603066105712 6917
1619564603142869301 7421
1619564603290121788 9537
1619564603333118299 6939
1619564603598572164 13618
1619564603643842440 13584
1619564604178117310 6491
1619564605710659277 5475
1619564606065585750 6714
1619564606869310581 6511
1619564607285054996 7691
1619564607394020065 6977
1619564607520964211 7356
1619564607779201585 8198
1619564607818200211 13143
1619564607829898041 9609
1619564608084124842 5967
1619564608294246985 10462
1619564608607647682 13824
1619564608614615387 4910
1619564608767202524 6287
1619564608803083178 7435
1619564608855244585 23236
1619564608939701163 5716
1619564609282149075 6228
1619564609291696279 7503
1619564610078070957 8018
1619564610277133551 6646
1619564610374658272 9122
1619564610776862800 7789
1619564610866289154 6513
1619564611200055763 8555
1619564611423477292 5848
1619564611782911948 9438
1619564612240217704 8039
1619564612513054269 13217
1619564612579959208 13457
1619564612596864774 7325
1619564612963533882 21524
1619564613118703660 9116
1619564613221099298 8128
1619564613515809492 8304
1619564613700939136 13138
1619564613875660281 8448
1619564613963724415 5469
1619564614204534058 13251
1619564614441537146 9482
1619564614528733407 11681
1619564614657287595 25152
1619564614847140571 11373
1619564615125086482 10566
1619564615167350695 5956
1619564615364485303 9498
1619564615513551624 14813
1619564615867020044 13500
