1619564952135778571 11729
1619564952194545227 7046
1619564952500329215 7244
1619564952631344603 9043
1619564953321967734 9179
1619564953435998781 10480
1619564954631159482 11712
1619564954717867325 52093
1619564954741674391 8669
1619564954827512063 10942
1619564955215047253 52306
1619564955334504544 8092
1619564955477921891 7227
1619564955610203288 53065
1619564956111847828 39872
1619564956131760280 7908
1619564956440864373 8669
1619564956946732947 10359
1619564957342428222 6088
1619564957422700633 7435
1619564957467950005 7673
1619564957543713501 9020
1619564957618493766 28706
1619564957875459635 5859
1619564957945587250 7980
1619564958147919672 9633
1619564958334608387 10999
1619564958473994069 5604
1619564958513337023 37121
1619564958851404642 5891
1619564958870716772 5012
1619564958942020054 10075
1619564958950181414 6092
1619564959539823928 11184
1619564960326200418 10982
1619564960345457322 9178
1619564960357422773 9899
1619564960732245136 9633
1619564960754940555 8306
1619564960937098111 11658
1619564960951370561 12171
1619564960991331473 12078
1619564961019205179 7551
1619564961138412955 6445
1619564961734361226 8192
1619564961836922750 7632
1619564962086127990 9556
1619564962246980134 10337
1619564962580798716 12710
1619564962981288217 7467
1619564963474576404 7682
1619564963814942969 29540
1619564964555963120 12380
1619564964585366540 10206
1619564965123093287 5063
1619564965171356584 11731
1619564965352162191 7217
1619564965562188618 9093
1619564965629130473 7587
1619564965943209721 8540
1619564965963734601 6054
1619564966139122704 9393
1619564966375505320 10019
1619564966515177756 22475
1619564966666970375 6893
1619564966822643952 5401
1619564967013916902 19559
1619564967147006325 8095
1619564967264248804 7705
1619564967522221185 6759
1619564967581578905 6951
1619564967974429677 6560
1619564968331417566 7145
1619564968342833070 9318
1619564968419963502 7555
1619564968461124945 12754
1619564968522919850 6754
1619564968642962762 8372
1619564968799439644 13389
1619564968928003499 7000
1619564968986904465 8345
1619564969179553893 13912
1619564969205811293 8737
1619564969276298953 8315
1619564969486783031 12355
1619564970054767313 10393
1619564970410800221 14284
1619564970518982820 10094
1619564971576022780 13004
1619564971721725747 7768
1619564971782557720 14127
1619564972100468724 11505
1619564972361635811 11864
1619564973142781631 12277
1619564973738651285 12332
1619564974098803436 10752
1619564974292603794 8762
1619564974527468703 7775
1619564974539511146 9905
1619564974583471668 12152
1619564974869347989 9228
1619564975004236411 13406
1619564975242136960 12975
1619564975352911934 11358
1619564975638981060 6043
1619564976347558663 6845
1619564976468198731 11484
1619564977412904402 18018
1619564978156191059 11820
1619564978272178074 11410
1619564978510660124 24108
1619564978824624810 5956
1619564978834131122 7427
1619564978882264971 9666
1619564978912543400 16869
1619564979638750190 6662
1619564979894982779 9602
1619564980216022696 18496
1619564980527694886 7928
1619564980540938920 11075
1619564980864788981 12549
1619564981211167945 16384
1619564981469259726 12871
1619564981521956660 7960
1619564981922339723 7284
1619564982281754819 6898
1619564982632463150 9976
1619564982745618202 4913
1619564983181332745 8870
1619564983211540866 28000
1619564984049281796 11909
1619564985747925238 11280
1619564985890428577 8929
1619564985974675064 10665
1619564986571257936 8131
1619564987327988468 6386
1619564987649764393 11485
1619564987999925976 8041
1619564988118481023 6175
1619564988367641348 14095
1619564988624416270 7203
1619564988647431575 10390
1619564988899850816 10510
1619564989033246774 8629
1619564989123320218 9171
1619564989438790904 7144
1619564989759987648 9776
1619564989852110441 7699
1619564989915197974 28320
1619564989997033841 8234
1619564990240546612 7766
1619564990512985961 18380
1619564990685439823 11375
1619564991244133634 12396
1619564991427113603 7237
1619564991950088341 9884
1619564992410350899 19339
1619564992827411276 12035
1619564993045731775 12185
1619564993136389412 10528
1619564993249819660 8675
1619564993369657657 9108
1619564994247713649 6909
1619564994418421830 31101
1619564994460071529 7404
1619564994944236363 8613
1619564995163835551 8491
1619564995211956028 33239
1619564995265598093 10478
1619564995293085809 11568
1619564995469437764 14118
1619564995729575997 7568
1619564996249758330 9312
1619564996381919565 6094
1619564996966783452 10641
1619564997531936385 8182
1619564997675350968 13394
1619564998044513402 9375
1619564998233961157 7143
1619564998243967785 7892
1619564998520350631 6033
1619564998668313720 6753
1619564998830592925 7538
1619564999034163423 7145
1619564999336191378 10532
1619564999348482873 10261
1619564999651490217 6825
1619564999926614998 10224
1619564999935318994 6618
1619565000094443288 12872
1619565000217796024 18625
1619565000225448858 5543
1619565000677815140 7591
1619565000716454742 14383
1619565000843388851 11626
1619565000904669159 12536
1619565001041594416 5194
1619565001270562949 6165
1619565001427965321 10323
1619565001728300121 7860
1619565001837204648 7726
1619565001886406585 8437
1619565002062729032 9675
1619565002437610235 7317
1619565003192606075 9653
1619565003292424104 10077
1619565003584043970 13163
1619565003651634528 11131
1619565004015645784 25445
1619565004583832023 17699
1619565004647294804 13942
1619565004684341759 13800
1619565004863917469 13848
1619565005980539356 8313
1619565006166554155 14885
1619565006672937538 6819
1619565006746059982 9061
1619565006991250316 9424
1619565007001704254 8313
1619565007015900256 12038
1619565007082902163 13345
1619565007111292698 12096
1619565007178327876 6293
1619565007276800032 11967
1619565007376605160 5784
1619565007428247976 7794
1619565007494052677 7732
1619565007528288300 7547
1619565007757493060 6892
1619565007783087776 10700
1619565007823984698 7436
1619565007859001597 13616
1619565008021727072 19126
1619565008430402212 5385
1619565008518778040 5569
1619565008658300177 11054
1619565008763406809 10627
1619565008818122194 15501
1619565008909177554 42446
1619565008952183084 12914
1619565009033343270 9085
1619565009373079224 10745
1619565009437845675 8452
1619565009515238678 12482
1619565009808910657 28142
1619565010018608727 7626
1619565010069638443 10235
1619565010080297780 8627
1619565010662622946 8706
1619565010717758656 25357
1619565010855695105 13364
1619565010989636665 15103
1619565011256773326 6265
1619565011290937176 12270
1619565011476765244 6147
1619565011489303405 10505
1619565011529485978 9771
1619565011583315464 7808
1619565011817734873 19253
