1655433833191701117 0
1655433834193005849 0
1655433835194252254 0
1655433836195495689 0
1655433837196717599 0
1655433838197963751 0
1655433839199199554 0
1655433840200435577 0
1655433841201682396 0
1655433842202932501 0
1655433843204127607 0
1655433844205396191 0
1655433845206645653 0
1655433846207745850 0
1655433847208328774 0
1655433848209591114 0
1655433849210849165 0
1655433850212098021 0
1655433851212344976 0
1655433852213523912 0
1655433853214764185 0
1655433854216004046 0
1655433855217245302 0
1655433856218477646 0
1655433857219708459 0
1655433858220953679 0
1655433859222201198 0
1655433860223446747 0
1655433861224687130 0
1655433862225931476 0
1655433863227177039 0
1655433864228346178 0
1655433865229577001 0
1655433866230810971 0
1655433867232045879 0
1655433868232289556 0
1655433869233453719 0
1655433870234685535 0
1655433871235764875 9
1655433872237007878 17
1655433873238233991 24
1655433874239456482 27
1655433875240397222 22
1655433876241570591 27
1655433877242733407 25
1655433878243971674 19
1655433879245012096 27
1655433880246167566 19
1655433881247294059 22
1655433882248219082 24
1655433883249308970 26
1655433884250448359 30
1655433885251273201 28
1655433886252192569 24
1655433887253318306 20
1655433888253658609 24
1655433889254788710 25
1655433890255983854 31
1655433891257100861 20
1655433892258281548 24
1655433893258497841 24
1655433894259751052 26
1655433895260412417 26
1655433896261661969 21
1655433897262753411 27
1655433898263996623 24
1655433899264295508 24
1655433900265499460 26
1655433901266757201 22
1655433902267994301 20
1655433903269249009 24
1655433904270434294 24
1655433905271581103 24
1655433906272833172 23
1655433907274040136 21
1655433908275270003 24
1655433909276450941 24
1655433910277698165 24
1655433911278930731 25
1655433912280027627 26
1655433913280310881 17
1655433914281495628 24
1655433915282592365 26
1655433916283801866 23
1655433917284445063 31
1655433918285627496 27
1655433919286710028 18
1655433920287852131 24
1655433921288398004 24
1655433922289509507 31
1655433923290748462 24
1655433924291975304 24
1655433925292394504 24
1655433926293401174 25
1655433927294553625 26
1655433928295775788 25
1655433929296427250 21
1655433930297644414 23
1655433931298842869 31
1655433932300079000 25
1655433933300547230 24
1655433934301354314 28
1655433935302495936 24
1655433936303613076 24
1655433937304288061 24
1655433938305468610 24
1655433939306631648 24
1655433940307720826 28
1655433941308416999 23
1655433942309553461 21
1655433943310739019 26
1655433944311876146 28
1655433945312336524 23
1655433946312489940 27
1655433947313692574 24
1655433948313962678 28
1655433949315147301 24
1655433950316267325 24
1655433951317445509 25
1655433952318585339 26
1655433953319437203 25
1655433954320288079 21
1655433955321472320 23
1655433956322800954 25
1655433957324078584 26
1655433958324205444 25
1655433959324414314 23
1655433960325622009 18
1655433961326859326 11
1655433962328099979 0
1655433963329347762 0
1655433964330430897 0
1655433965331686592 0