1655350179170101953 0
1655350180171328051 0
1655350181172493276 0
1655350182173654613 0
1655350183174809968 0
1655350184175969528 0
1655350185177383938 0
1655350186178584555 0
1655350187179749199 0
1655350188180603350 0
1655350189181784700 0
1655350190182951674 0
1655350191184106084 0
1655350192185124440 0
1655350193186292684 0
1655350194187149642 0
1655350195187930518 0
1655350196189112289 0
1655350197190274642 0
1655350198191439530 0
1655350199192596894 0
1655350200192890231 0
1655350201194065439 0
1655350202194763298 0
1655350203195888328 0
1655350204197087990 0
1655350205198262175 0
1655350206199420216 0
1655350207200579445 0
1655350208201733490 0
1655350209202917038 0
1655350210204100941 0
1655350211205297108 0
1655350212206701810 0
1655350213207862400 0
1655350214209143517 7
1655350215209576900 36
1655350216210746686 39
1655350217212188808 41
1655350218212575456 42
1655350219213163065 46
1655350220213398688 39
1655350221214744348 35
1655350222215875886 49
1655350223216531569 43
1655350224217329780 48
1655350225218913487 33
1655350226220120409 38
1655350227221367240 46
1655350228222185289 34
1655350229222840457 39
1655350230224056727 47
1655350231225179955 38
1655350232226353820 46
1655350233227409721 36
1655350234228582978 42
1655350235229167854 34
1655350236230574840 49
1655350237231758352 34
1655350238232960420 48
1655350239234206988 40
1655350240236171233 33
1655350241237161154 47
1655350242238325057 37
1655350243239488907 46
1655350244240445905 38
1655350245241035272 41
1655350246242263334 40
1655350247242555277 36
1655350248243955889 39
1655350249245170934 47
1655350250246375703 38
1655350251247571931 31
1655350252248797022 40
1655350253249556408 48
1655350254250417963 42
1655350255251578134 41
1655350256252461179 42
1655350257253982007 40
1655350258255156823 40
1655350259256997068 41
1655350260257568404 44
1655350261259609247 44
1655350262259802785 35
1655350263262347115 49
1655350264262767604 34
1655350265264287174 49
1655350266265182236 37
1655350267266091728 48
1655350268266679971 39
1655350269267211461 41
1655350270268408445 43
1655350271269925183 40
1655350272271042968 45
1655350273272612573 38
1655350274273125755 41
1655350275274049198 41
1655350276275781281 35
1655350277277187828 43
1655350278277845800 38
1655350279279051461 46
1655350280279561462 36
1655350281280766203 42
1655350282282043584 41
1655350283283225312 35
1655350284284385848 47
1655350285284714209 35
1655350286293191483 43
1655350287293437500 39
1655350288294643722 40
1655350289295839194 47
1655350290296164966 43
1655350291297145541 43
1655350292297851395 41
1655350293298691024 43
1655350294299095370 42
1655350295300265579 43
1655350296301427402 33
1655350297301615522 43
1655350298302104895 43
1655350299303175018 35
1655350300304011129 44
1655350301305230766 42
1655350302306202403 39
1655350303307171129 50
1655350304308341078 13
1655350305309594863 0
1655350306310794165 0
1655350307311983029 0
1655350308313124617 0
1655350309314299501 0