1655351106281375195 0
1655351107282638669 0
1655351108283807626 0
1655351109284964485 0
1655351110286199965 0
1655351111287363615 0
1655351112288541680 0
1655351113289711849 0
1655351114290873179 0
1655351115292068566 0
1655351116293226460 0
1655351117294425395 0
1655351118296521619 0
1655351119297136906 0
1655351120297488058 0
1655351121298686950 0
1655351122299910682 0
1655351123300812954 0
1655351124301971255 0
1655351125303114161 0
1655351126304300998 0
1655351127306220534 0
1655351128307365625 0
1655351129308521763 0
1655351130309131162 0
1655351131310273194 0
1655351132311416202 0
1655351133312607652 0
1655351134313146819 0
1655351135314307061 0
1655351136315455436 0
1655351137316610690 0
1655351138317130412 0
1655351139318283928 0
1655351140319441382 0
1655351141320584781 0
1655351142323050170 0
1655351143324773065 0
1655351144325939172 0
1655351145327097791 0
1655351146328269835 0
1655351147329485956 0
1655351148330678013 0
1655351149331864273 0
1655351150333247704 0
1655351151334146579 0
1655351152335335960 0
1655351153336546653 0
1655351154338246415 0
1655351155339465951 8
1655351156340721510 27
1655351157342666938 45
1655351158349329153 39
1655351159349697692 44
1655351160350105961 52
1655351161350771717 48
1655351162351565660 81
1655351163352305476 66
1655351164353163621 44
1655351165354452491 89
1655351166355668674 70
1655351167356705183 72
1655351168357729497 74
1655351169358456592 76
1655351170359919373 78
1655351171361238265 59
1655351172362921766 85
1655351173364664214 62
1655351174365134029 72
1655351175366297314 61
1655351176368034180 79
1655351177369178811 77
1655351178370374174 70
1655351179371564865 71
1655351180372038401 61
1655351181374111735 81
1655351182375525842 81
1655351183376710619 73
1655351184377145521 67
1655351185378344312 74
1655351186378733362 71
1655351187379928775 72
1655351188381842539 74
1655351189382425837 67
1655351190383246335 73
1655351191383467928 69
1655351192384695834 60
1655351193385430016 78
1655351194385713690 68
1655351195386549217 54
1655351196388430895 84
1655351197389196882 74
1655351198389702543 78
1655351199392549092 71
1655351200393123250 61
1655351201394117709 71
1655351202394932397 78
1655351203396976431 67
1655351204399161259 72
1655351205400637753 70
1655351206401582322 76
1655351207401900722 59
1655351208402438384 79
1655351209402891122 76
1655351210404258325 69
1655351211405171476 73
1655351212406642561 75
1655351213406946369 73
1655351214407926623 67
1655351215408177649 82
1655351216409149842 68
1655351217410917820 68
1655351218412097640 63
1655351219413130815 92
1655351220413765946 53
1655351221414932474 81
1655351222415151302 68
1655351223418578569 73
1655351224419412471 74
1655351225420598747 71
1655351226421162650 51
1655351227422028275 89
1655351228423569552 77
1655351229423961813 73
1655351230425133586 67
1655351231426117536 74
1655351232428048814 66
1655351233430684251 77
1655351234431665307 64
1655351235432449893 70
1655351236435525574 78
1655351237436746714 66
1655351238438230604 68
1655351239441507492 70
1655351240442245805 77
1655351241445466874 65
1655351242446687212 72
1655351243448733443 78
1655351244451024692 71
1655351245451244771 69
1655351246452209801 77
1655351247453549966 63
1655351248455043221 55
1655351249456443903 33
1655351250457158403 12
1655351251458307325 0