1619031820163615643 4247
1619031821163629782 4211
1619031822163793517 4013
1619031823163646651 4433
1619031824163635788 4223
1619031825163651273 4029
1619031826163859420 4138
1619031827163626036 4288
1619031828163647618 4490
1619031829163829219 4352
1619031830163673302 4203
1619031831164162834 4012
1619031832163636195 3891
1619031833163721266 4315
1619031834163825221 4249
1619031835163642573 3944
1619031836163616407 3979
1619031837163617495 4108
1619031838163688269 4322
1619031839163623094 4132
1619031840163924508 4216
1619031841163854308 4048
1619031842163690414 3972
1619031843163615853 3993
1619031844163746348 3997
1619031845163865482 4097
1619031846163621422 4238
1619031847163626755 4101
1619031848163627995 4038
1619031849163841411 4111
1619031850163645015 4102
1619031851163730917 4199
1619031852163663119 4152
1619031853163785778 4117
1619031854163612332 4251
1619031855163655535 4183
1619031856163660381 4158
1619031857163699414 4154
1619031858163639580 4110
1619031859163764053 4350
1619031860163640740 4300
1619031861163621105 4396
1619031862163819437 4294
1619031863163642048 4323
1619031864163931989 4108
1619031865163783778 4092
1619031866163778911 4100
1619031867163685993 4083
1619031868163906967 4069
1619031869163682739 4287
1619031870163654117 4220
1619031871163632255 4098
1619031872163760922 4102
1619031873163624521 4184
1619031874163684978 4272
1619031875163686807 4115
1619031876163767107 4180
1619031877163651687 4175
1619031878163622823 4440
