1619032151481186457 1791
1619032152480847259 2143
1619032153480817295 1971
1619032154481170775 1825
1619032155480861939 2016
1619032156480810680 2107
1619032157480837037 1922
1619032158480955151 2020
1619032159481205461 1864
1619032160481027248 1876
1619032161480956206 2048
1619032162480811264 1648
1619032163480880511 2121
1619032164480850031 1835
1619032165480834723 1668
1619032166480943511 1923
1619032167480825014 1891
1619032168481074192 2194
1619032169480939598 2105
1619032170481050605 1763
1619032171480871108 1587
1619032172480802325 1905
1619032173481061158 1783
1619032174481241926 2027
1619032175481022208 1829
1619032176481174196 1618
1619032177480816088 1923
1619032178481096344 1918
1619032179480798389 1918
1619032180480844173 1762
1619032181480868084 2007
1619032182481206024 1939
1619032183480869345 1800
1619032184480839907 1963
1619032185481130391 1985
1619032186480805171 2110
1619032187480866653 1852
1619032188480860548 1858
1619032189480823249 1930
1619032190480819216 1951
1619032191480877050 2045
1619032192481188849 2119
1619032193480803478 1963
1619032194480799924 1934
1619032195480817430 1882
1619032196480834421 1918
1619032197480824694 2069
1619032198480804265 2003
1619032199481136050 2112
1619032200481167916 2066
1619032201480869786 1887
1619032202480843096 1982
1619032203481371803 1924
1619032204480852926 2013
1619032205481335596 2079
1619032206480864155 1852
1619032207481034607 1914
1619032208480810895 2065
1619032209480941566 2050
