1654901790264200886 1179386012
1654901790962810943 378730039
1654901791375131810 489629462
1654901791561693502 376603748
1654901791668206168 199082830
1654901791770043400 188261386
1654901793864160175 203485284
1654901793865249337 195457618
1654901794082546991 114905885
1654901794381988149 219045171
1654901794468157146 202231512
1654901794484275465 297136504
1654901794881739858 205504956
1654901795362212090 201381494
1654901796683062488 222129905
1654901796861733487 285229024
1654901797066461908 392860445
1654901797284688763 322640837
1654901797365240755 298256930
1654901797464685953 98962806
1654901797485461965 117254295
1654901797788893338 317791670
1654901798066789162 479159859
1654901798383757270 303569770
1654901798487644559 526045917
1654901799187066196 201752592
1654901799575014477 205952519
1654901800061513081 194406960
1654901800576035569 404760697
1654901801185511856 209053971
1654901801565643686 504633637
1654901801671903225 311174912
1654901801677157924 190347941
1654901801769761383 387735340
1654901801883579358 113370555
1654901802162743393 196317127
1654901802467151762 186500180
1654901802576828189 293937789
1654901802686096293 610845256
1654901802761813704 383910756
1654901803369291920 208481698
1654901803876823884 214587118
1654901804380427793 404395830
1654901805282016601 398838411
1654901805561833175 491836776
1654901806081594808 315582908
1654901806274125134 389683218
1654901806769227366 208317646
1654901807363372623 185433351
1654901807371324340 184594773
1654901807372744838 287090337
1654901807679835068 309787129
1654901808061482843 594336327
1654901808078570927 295357379
1654901808080097277 214086986
1654901808273245482 612482620
1654901808673264705 505691094
1654901808882534249 198468154
1654901809264859320 292143098
1654901809874475074 486504407
1654901810567177555 481525642
1654901810566970929 192309794
1654901811576630320 295453514
1654901811981272606 212596726
1654901812871501749 283894407
1654901813076939024 408185615
1654901813267866593 392152315
1654901813461228447 289407050
1654901813463543455 278555901
1654901814071406358 310365248
1654901815372584533 195980565
1654901815966168383 191694201
1654901816674384874 93818943
1654901816786226973 199722367
1654901816884087572 299783047
1654901817082429434 315915856
1654901817372750823 406034905
1654901817870482816 209614074
1654901818575308907 203780573
1654901818961446340 195576649
1654901819061365428 291409533
1654901819370734433 290937425
1654901819484404326 396696732
1654901820361406498 393416149
1654901820372609296 106294078
1654901820387821352 123410352
1654901820568706753 195428648
1654901820761705660 283629330
1654901821065390354 204264056
1654901821081552074 304256940
1654901821162524563 393839247
1654901821275847255 215046858
1654901822961374428 191059196
1654901823061398762 176658376
1654901823485172006 223667269
1654901824273380634 312549558
1654901824374605956 198259148
1654901825473066983 295944125
1654901825862370895 383155291
1654901826775076547 214257177
1654901828976422318 393698857
1654901830066029425 196973925
1654901830883448728 302881376
1654901830977268659 411221606
1654901831077118927 295119953
1654901831669391044 301524919
1654901831688535009 620102247
1654901832674621829 391788583
1654901833061676178 291383604
1654901833267401396 300477065
1654901833468401546 382621750
1654901834774074237 196216691
1654901834961745032 274110436
1654901835673378354 210478833
1654901836066660379 204221717
1654901836073314401 402098964
1654901836976665084 603175674
1654901837563500702 277932113
1654901837887266358 26360326
1654901838581246292 110079437
1654901838787408053 225857841
1654901839274881453 202644361
1654901839279316202 118596142
1654901839471313569 284811184
1654901839567398857 292210662
1654901839678122066 291164623
1654901839762711261 287012648
1654901840368419671 380613328
1654901840967682021 485055825
1654901841271108712 195480321
1654901841568575751 307017532
1654901842083634420 222746932
1654901842261580536 188255784
1654901842461551840 99797686
1654901842482568472 416137306
1654901842762255103 295582679
1654901842886875792 313965150
1654901843061576501 92549726
1654901843173980680 206892345
1654901843185949571 415449062
1654901843790101494 217624251
1654901844073961865 286346785
1654901844780187495 709742431
1654901845272994054 208109745
1654901845370784589 307892931
1654901845384939960 118353040
1654901845880443812 506654781
1654901848074395088 808273417
1654901848478191342 202795887
1654901848484651244 413791214
1654901848567837985 182435231
1654901849367357148 298158091
1654901849586757507 325673002
1654901850479273243 218426292
1654901850682424917 321643743
1654901851163966286 403175390
1654901851184349156 111105858
1654901851686136142 297581164
1654901851880439288 313894131
1654901853187502073 209912293
1654901854083731627 112011430
1654901855063234179 777230515
1654901855766678525 481818782
1654901856069168354 502756385
1654901856387518996 300560649
1654901856785534952 704225812
1654901857170308915 193780707
1654901857376619367 115789101
1654901857977651618 395850266
1654901858587747293 321801464
1654901858861724443 200990477
1654901858961637314 176523240
1654901860177173875 215475284
1654901861775297370 393986979
1654901862263217564 191387308
1654901862482203802 113483077
1654901862567813454 284409641
1654901862782694803 314030146
1654901862962476897 99595528
1654901863561210238 388222962
1654901863572852775 592258525
1654901863662287796 286289183
1654901864266946624 205011456
1654901864776466923 295558446
1654901865565090541 303894221
1654901867461573353 94691363
1654901867662163546 285597747
1654901868077588484 110265309
1654901868466493299 205445065
1654901870361594300 176569290
1654901870777429248 303066209
1654901871166391277 694662402
1654901871187069520 500920080
1654901871667114332 206181746
1654901872666241713 477755319
1654901872873830124 399417862
1654901873061492153 294341629
1654901873274818702 193251709
1654901874661953645 282508287
1654901874669761044 284106179
1654901875072269015 193420633
1654901875270980581 504897836
1654901875869543134 398482881
1654901876562562907 487403061
1654901877180655588 211435145
1654901877262317680 288230903
1654901877574756027 313589528
1654901878373459971 1101391883
1654901878883963552 100536558
