1654900738793179431 109923208
1654900739490169014 124459243
1654900739601642945 10575527
1654900739789904831 100115341
1654900739979855301 17371087
1654900739988218332 20597220
1654900740101327517 20717900
1654900740198139797 16071771
1654900740561526124 100855912
1654900740680209799 15584285
1654900741061145073 267101166
1654900741261679528 94650799
1654900741381375705 18963236
1654900741961368687 97827961
1654900742075798696 11776411
1654900742284793613 23971028
1654900742561313131 95183086
1654900742688051513 14423068
1654900743161210243 161241142
1654900743278193902 16780011
1654900743681659414 113825922
1654900744061481069 176431137
1654900744263631136 87382248
1654900744961162216 199148942
1654900745272319714 167135621
1654900746273230205 175965667
1654900746487468200 90721111
1654900747025216061 21374173
1654900747061294201 65198144
1654900747181493582 13966592
1654900747273585595 69386813
1654900747583079294 15705346
1654900747778607071 112329226
1654900748477047228 87594248
1654900748861235772 195111915
1654900748873904091 88362885
1654900749077103722 85812529
1654900749161115118 177107009
1654900749277379911 15554105
1654900749294848389 13829617
1654900749295876993 12643042
1654900749414076487 36051416
1654900749566458622 165757734
1654900749661654190 94888291
1654900750081511918 102760457
1654900750780672330 115985725
1654900750792568036 25738537
1654900750988064186 87094143
1654900751061580876 161079146
1654900751081934158 93440305
1654900751192158852 19344818
1654900751198500206 23669961
1654900753091560928 125131471
1654900753587422187 111271691
1654900754079131423 197416832
1654900754194525114 14597154
1654900754683678375 84630053
1654900754979023733 118371423
1654900755266684823 182259723
1654900755387244271 15113646
1654900755689557779 128919317
1654900755993709748 10916219
1654900756061612234 55446016
1654900756261085287 100433386
1654900756277878584 92087051
1654900756481780463 97987790
1654900756492283483 100199814
1654900756493969554 10864867
1654900756689016884 84062145
1654900757273417912 188332271
1654900757386626631 209558325
1654900757574721718 82283498
1654900757684767706 109488083
1654900757773862466 96964703
1654900758581042101 87669339
1654900759161185931 100016813
1654900759278191641 95042642
1654900759462814895 94049376
1654900759483944421 12264798
1654900759897305889 16783680
1654900760267640296 199490781
1654900760690202925 123921073
1654900760880183632 10325543
1654900760984006218 14556080
1654900760983612238 22196672
1654900761079998436 95483594
1654900761781684181 192157929
1654900762105402848 23582028
1654900762161471924 76989002
1654900762176105049 78513210
1654900762961670559 100449304
1654900763175091085 106717804
1654900763585212698 24517817
1654900763677299373 108077946
1654900763883275382 100019283
1654900764879646659 110368660
1654900765486257853 109120027
1654900765871825762 175426406
1654900765973443701 186358382
1654900765997259861 11137692
1654900766385528087 124805582
1654900766776198582 86961791
1654900766781302959 14346515
1654900766798059130 13412466
1654900766874793504 11302120
1654900767077274104 116532952
1654900767773161677 178334764
1654900767882749801 288110906
1654900768066259058 77862315
1654900768361155461 175748213
1654900768386355421 102660454
1654900768485870074 13206861
1654900768781303211 120669845
1654900769161122308 82242201
1654900769793647134 110159356
1654900770288881134 16563843
1654900770976120621 13413387
1654900771387079589 120154928
1654900772773496136 89613469
1654900774070865309 183425806
1654900774193150433 21495887
1654900775077438225 103366260
1654900775275489862 96437618
1654900775380240001 103564788
1654900775387925008 11232513
1654900776077356168 192679863
1654900776561141134 273182677
1654900776773505347 88603402
1654900776980564414 101249823
1654900777190067053 29354719
1654900777470935419 174373077
1654900777674123683 88605821
1654900777972756116 212055583
1654900777995060042 115014564
1654900778361233665 192485074
1654900778370819261 93126500
1654900778499375398 9805135
1654900778661286694 89573326
1654900779485494247 99536548
1654900779582545136 202138559
1654900780272731546 103615993
1654900780961531942 190232718
1654900781092991566 16768173
1654900781361455810 90207615
1654900781495297337 25614953
1654900781588393836 12228657
1654900781761959933 72800024
1654900781764111137 81970552
1654900782077611866 201463352
1654900782786116217 125160824
1654900782961567193 183537237
1654900783560708383 87978992
1654900783589694401 16753862
1654900783684267635 18189230
1654900783882650855 21894997
1654900783987721676 13348862
1654900784378490316 287006784
1654900784396066292 16901621
1654900785861527680 85314814
1654900785985408760 190497284
1654900786377570741 16734187
1654900786767681435 287628398
1654900786990192724 19142327
1654900787283798673 173208744
1654900787761215110 100023810
1654900788387236032 103113618
1654900789078307785 104876778
1654900789266830281 88625568
1654900789583189673 111082933
1654900789661290508 100460393
1654900789880198125 93354035
1654900790596196696 14601211
1654900790679279329 14900127
1654900791089894161 18456945
1654900791300283571 15509275
1654900791394803694 12938209
1654900791462574295 55735175
1654900791561519393 154987681
1654900791571544394 75764152
1654900791789174393 112732533
1654900791961406460 96077007
1654900792061258190 88435433
1654900792982735603 195642624
1654900794165888463 189837005
1654900794187218021 26362275
1654900794374653302 13605266
1654900794474632860 94505275
1654900794762587558 101681341
1654900795382596079 20041432
1654900795383513578 21255024
1654900796780279010 97450364
1654900796785684776 24504895
1654900796794537070 33701337
1654900796978773595 80772770
1654900797366645473 204375798
1654900799062303871 101499757
1654900799480811026 220062719
1654900799797725497 33461493
1654900799961167446 100322231
1654900799986251517 10972371
1654900801369465973 105970090
1654900801461789371 82688179
1654900801489769600 10584155
1654900801761438036 185908944
1654900801861250141 91632403
1654900801980243496 112803611
1654900802662826617 276603059
1654900802678412622 101631392
1654900803165183282 91196997
1654900803978785094 307161200
1654900804485596016 205698173
1654900804891471088 22493655
1654900804893467151 13728288
1654900804983435807 19965194
1654900804985324978 11708698
1654900805187360008 79868823
1654900805361707245 89816855
1654900805480947434 18283599
1654900805985290994 105245935
1654900806285163176 103722492
1654900806490081646 102200274
1654900806773167400 173283646
1654900807463298383 196912604
1654900807473710768 100676431
1654900807681274874 108799726
1654900807879418461 88938563
1654900807880700422 18456275
1654900808080814876 95556796
1654900808374550502 10625606
1654900808661297301 98775495
1654900809066383648 294554209
1654900809378907552 102625434
1654900809488319871 21276278
1654900810261253275 93971206
1654900811085053525 17488901
1654900811661329048 89587462
1654900812278658507 89440054
1654900812561320446 100553933
1654900813279952808 13212852
1654900813395173686 13246127
1654900813400044522 16193106
1654900813666736867 106037007
1654900813970659304 101811229
1654900814090436302 19036180
1654900814961808921 93658092
1654900815191996610 92738676
1654900815197172968 103552368
1654900815387368622 85691251
1654900815482706167 173738284
1654900815879161031 117270805
1654900816779280182 118613599
1654900816891879557 11407677
1654900817281430543 104992146
1654900818762535505 183964190
1654900819081507351 120635112
1654900819561710121 74177179
1654900819580761422 18108398
1654900820889181679 21179059
1654900821166395236 90634190
1654900821179762380 189508222
1654900821463593912 102807002
1654900821599207832 32026003
1654900821878234195 110131449
1654900821979109261 91665477
1654900821998999633 11420853
1654900822472658455 11543054
1654900822791254365 22739056
1654900822794114404 12013209
1654900823576507732 15366476
1654900823672871483 78011453
1654900824071196201 105086589
1654900824161327382 97776919
1654900824272816788 95904365
1654900825882672302 82006157
1654900826185387461 113590170
1654900826372774833 11706868
1654900826398430852 20461928
1654900827086256415 200624288
1654900827990131588 27280683
1654900828084677325 102707241
