1619545659891426502 2339
1619545660021825043 2475
1619545660251332273 2279
1619545660295679853 2180
1619545660308745753 2249
1619545660340744489 2219
1619545660464531303 2578
1619545660585807799 2343
1619545660666036973 2222
1619545660730830123 2078
1619545660796841959 2140
1619545661021368650 2248
1619545661165389998 2541
1619545661327442169 2348
1619545661372239237 2383
1619545661408233836 2175
1619545661505498844 2294
1619545661620624679 2157
1619545661784465692 2241
1619545661887983299 2336
1619545661905931960 2153
1619545661914994759 2478
1619545662008114155 2262
1619545662183228156 2305
1619545662263281290 2251
1619545662267784052 2307
1619545662308124377 2315
1619545662396898296 2105
1619545662642974512 2334
1619545662853225959 2295
1619545663198167978 2696
1619545663269403074 2365
1619545663300507411 2142
1619545663332152625 2730
1619545663354538966 2513
1619545663476886042 2448
1619545663593931837 2263
1619545663644025166 2351
1619545663716520144 2900
1619545663734681198 2477
1619545663887986761 2413
1619545663933205926 2448
1619545664174971766 2234
1619545664207381099 2978
1619545664312381751 2287
1619545664431513958 2253
1619545664495743761 2611
1619545664522174142 2216
1619545664540099550 2393
1619545664693377364 2347
1619545664846496318 2093
1619545665065458572 2190
1619545665069937426 2282
1619545665332311928 2249
1619545665359532280 2229
1619545665594547286 2192
1619545665604337082 2957
1619545665745345578 2049
1619545665759129879 2151
1619545665772267840 2192
1619545665781195493 2469
1619545666016524532 2251
1619545666280955509 2787
1619545666514747302 2252
1619545666751347248 2268
1619545666760964831 2371
1619545666828476079 2141
1619545666900569464 2274
1619545667041302879 2275
1619545667086711556 2580
1619545667154651572 2916
1619545667163622763 2325
1619545667306488590 2574
1619545667382506992 2198
1619545667510372162 2184
1619545667546840164 2336
1619545667733034183 2810
1619545667843599960 2506
1619545667875441104 2189
1619545667941251508 2352
1619545667973014949 2309
1619545668032235912 2288
1619545668204236395 2458
1619545668222697418 2131
1619545668564779833 2951
1619545668586934170 2250
1619545668670521137 2257
1619545668747485678 2148
1619545668775162200 2315
1619545668834449324 2438
1619545668921230835 2503
1619545669198332827 2409
1619545669288755035 2234
1619545669342548670 2222
1619545669392740152 2506
1619545669556730898 2278
1619545669588486566 2196
1619545669679049466 2331
1619545669887066460 2173
1619545670000259100 2273
1619545670009158658 2296
1619545670154338754 2310
1619545670182113743 2508
1619545670190867843 2160
1619545670322969750 2293
1619545670354517719 2378
1619545670386148700 2418
1619545670583628418 2391
1619545670682009138 2306
1619545670708912377 2155
1619545670745359121 2433
1619545670807372999 2044
1619545670825666699 2766
1619545670911542271 2684
1619545670942466727 2356
1619545671145385031 2384
1619545671314073513 2283
1619545671359658241 2923
1619545671411674586 2696
1619545671461713629 3159
1619545671520632628 2273
1619545671675912937 2443
1619545671707794955 2259
1619545671768168926 2331
1619545671922210018 3015
1619545671991616724 2361
1619545672000599919 2341
1619545672073665996 2330
1619545672119111806 2433
1619545672155839955 2354
1619545672174466179 2302
1619545672346179137 2339
1619545672401318855 2353
1619545672502398094 2248
1619545672516008760 2347
1619545672553078410 2315
1619545672691127363 2282
1619545672723569150 2732
1619545672851283569 2291
1619545672869247104 2370
1619545672905539530 2237
1619545673165320812 2799
1619545673231074410 2858
1619545673244705634 2254
1619545673350326966 4509
1619545673389062282 3120
1619545673633639221 2315
1619545673662520918 2372
1619545673699090297 2315
1619545673735173855 2361
1619545673772192119 2485
1619545673827401959 2615
1619545673881709076 2467
1619545674059656061 2418
1619545674086633132 2257
1619545674132402976 2432
1619545674151101336 2254
1619545674155485021 2202
1619545674212100373 2557
1619545674303816171 2405
1619545674321665148 2382
1619545674455801310 2207
1619545674591487696 2306
1619545674622811312 2161
1619545674627988329 3005
1619545674651184662 2862
1619545674746977144 2367
1619545674774406464 2338
1619545674838025612 2513
1619545674851729913 2650
1619545674874180359 2279
1619545674987735951 2545
1619545675038652360 2145
1619545675074675154 2315
1619545675106455445 2283
1619545675146751647 2279
1619545675382574088 3032
1619545675435720118 2434
1619545675499253730 2477
1619545675548466112 2261
1619545675766114585 2278
1619545675797371735 2152
1619545675806914198 2283
1619545675969644215 2290
1619545676009887142 2123
1619545676014181530 2123
1619545676209747279 2262
1619545676287788000 2498
1619545676371172399 2549
1619545676481335779 2755
1619545676490366808 2323
1619545676544699168 2382
1619545676641800647 2324
1619545676646207134 2242
1619545676696176704 2458
1619545676751528327 2441
1619545677145835257 2133
1619545677270345210 2282
1619545677446406821 2180
1619545677464191814 2265
1619545677560305439 2264
1619545677650910486 2422
1619545677828289078 2256
1619545677837369931 2244
1619545677854878201 2155
1619545678058113354 2334
1619545678259685995 2348
1619545678272990415 2342
1619545678318580882 2069
1619545678401438396 2310
1619545678523546386 2267
1619545678581914962 2365
1619545678792264959 2272
1619545678832747336 2368
1619545678855036979 2314
1619545678878124243 2446
1619545678902393124 3232
1619545678947822732 2274
1619545679001370249 2311
1619545679118486348 2390
1619545679200757203 2420
1619545679398027440 2445
1619545679457323837 2243
1619545679531720280 2337
1619545679545241897 2280
1619545679622302690 2263
1619545679672038246 2344
1619545679689888030 2275
1619545679726404895 2321
1619545679771757187 2341
1619545680008695381 2364
1619545680040920264 2418
1619545680045505237 2402
1619545680050101991 2403
1619545680295945178 2258
1619545680326523360 2254
1619545680362577204 2306
1619545680506642936 2278
1619545680538005851 2169
1619545680593598215 2321
1619545680702650979 2307
1619545680772647088 2438
1619545680818138972 2309
1619545681017890676 2881
1619545681269301608 2801
1619545681533240556 2304
1619545681546366640 2311
1619545681762602096 2361
1619545681772163357 2838
1619545681799738519 2369
1619545681891043300 2480
1619545682021895701 2495
1619545682105063377 2523
1619545682141784235 2328
1619545682237092357 2322
1619545682269085593 2404
1619545682385818650 3092
1619545682468032101 2296
1619545682481638146 2771
1619545682495391277 2463
1619545682669610745 2358
1619545682796348786 2611
1619545682839598171 2533
1619545682853716016 2388
1619545682881423504 2517
1619545682904835477 2310
1619545682909405867 2408
1619545682951484619 2371
1619545683006206465 2464
1619545683227561334 2234
1619545683259758469 2408
1619545683282467600 2096
1619545683355531261 2220
1619545683485865651 2444
1619545683637794081 2317
1619545683651245333 2326
1619545683689762421 2244
1619545683694243455 2292
1619545683703182514 2512
1619545683757618330 2181
1619545683865273550 2221
1619545684053897762 2446
1619545684274406417 2329
1619545684302026027 2213
1619545684419792461 2292
1619545684544514118 2132
1619545684549062348 2430
1619545684712665196 2437
1619545684911051775 2143
1619545684947590432 2371
1619545685118058290 2575
1619545685245068371 2091
1619545685355847458 2489
1619545685392946719 2258
1619545685483827927 2241
1619545685529209046 2214
1619545685671591736 2410
1619545685685413536 2490
1619545685690493671 2919
1619545686019015376 2303
1619545686055447367 2616
1619545686142327880 2805
1619545686397816512 2348
1619545686462467074 2375
1619545686499498770 2260
1619545686567332887 2312
1619545686665688645 2567
1619545686712273334 2437
1619545686805755882 2484
1619545686814766571 2416
1619545686967833385 2444
1619545686999811337 2337
1619545687142013181 2371
1619545687244134039 2129
1619545687686562339 2146
1619545687881731497 2330
1619545687900458177 2221
1619545687945954094 2201
1619545687968719130 2330
1619545688000584672 2368
1619545688345869046 2606
1619545688447312482 2545
1619545688625740455 2318
1619545688766959832 2201
1619545689162027384 2620
1619545689198975914 2265
1619545689236120791 2283
1619545689377720294 2713
1619545689432932332 2938
1619545689500303455 2299
1619545689537044312 2199
1619545689554913095 2641
1619545689622329299 2381
1619545689713574958 2589
1619545689861039468 2490
1619545690223409772 2598
1619545690232504986 2513
1619545690241525510 2361
1619545690351754752 2303
1619545690388434074 2355
1619545690410866129 2336
1619545690670335066 2698
1619545690702109910 2484
1619545691073711809 2565
1619545691089103474 4344
1619545691161263559 2353
1619545691264645356 2321
1619545691278585580 2592
1619545691342296594 2338
1619545691361642752 2339
1619545691443030353 2245
1619545691456226488 2299
1619545691563740893 2607
1619545691641997406 2451
1619545691837830521 2998
1619545691842412857 2383
1619545691910010465 2271
1619545692042221715 2359
1619545692146246861 2156
1619545692177746981 2165
1619545692386088143 2653
1619545692421718444 2287
1619545692498574924 2351
1619545692956953452 2269
1619545693446455184 2375
1619545693500531846 2577
1619545693572323118 2063
1619545693636892506 2333
1619545693664075809 2687
1619545693704559547 2404
1619545693758883714 2251
1619545693816844446 2347
1619545693857811799 2515
1619545693909560843 2694
1619545693927312056 2087
1619545694149561919 2328
1619545694441712781 2338
1619545694537910153 2261
1619545694605376843 2383
1619545694798108052 2140
1619545694878574981 2208
1619545695005359906 2215
1619545695214181075 2493
1619545695457634494 2228
1619545695498493479 2107
1619545695516746788 2546
1619545695530206291 2212
1619545695562250616 2166
1619545695755688658 2264
1619545695783083485 2667
1619545695827686109 2108
1619545695945446602 2339
1619545695981445750 2316
1619545696009029301 2910
1619545696112583324 2437
1619545696214824617 2407
1619545696273643934 2368
1619545696397377092 2282
1619545696429625246 2211
1619545696592666452 2188
1619545696614491486 2368
1619545696717158107 2893
1619545696794036049 2279
1619545697028754719 2306
1619545697069770368 2399
1619545697083405072 2486
1619545697119625111 2356
1619545697124284137 2493
1619545697201620878 2288
1619545697304739882 2345
1619545697477566812 2287
1619545697626440463 2344
1619545697658769102 2238
1619545697779981211 2622
1619545697847445721 2822
1619545697865090435 2162
1619545697874064385 2329
1619545697915151988 2312
1619545697960529409 2251
1619545698048556658 2325
1619545698114752134 2287
1619545698229006963 2505
1619545698526163539 2287
1619545698566618881 2043
1619545698768985314 2313
1619545699134511795 2252
1619545699157358792 2390
1619545699211911189 2847
1619545699244841146 2361
1619545699290671954 2759
1619545699308885905 2380
1619545699354245409 2351
1619545699440554612 2849
1619545699471754706 2427
1619545699554967755 2302
1619545699581700187 2292
1619545699778925909 2401
1619545699815513343 2266
1619545699820180891 2478
1619545699934117230 2336
1619545700102984009 2276
1619545700157193393 2352
1619545700184125739 2390
1619545700323010501 2991
1619545700345849558 2789
1619545700382160169 2410
1619545700549953621 2314
1619545700650889334 2357
1619545700664528453 2350
1619545700682602653 2358
1619545700719203652 2623
1619545700746521133 2807
1619545700873618209 2289
1619545700920635964 2437
1619545700975406907 2290
1619545701007502611 2281
1619545701012082284 2397
1619545701183452203 2415
1619545701273009213 2273
1619545701295508802 2711
1619545701569641035 2204
1619545701703530316 2372
1619545701826276379 2534
1619545701964546861 2238
1619545701991686169 2233
1619545702191385855 2294
1619545702320396576 2229
1619545702347630888 2287
1619545702357314758 2385
1619545702393137866 2261
1619545702558771455 2161
1619545702627159729 2338
1619545702667713338 2081
1619545702754706885 2755
1619545702783057772 2705
1619545702884553839 2781
1619545702907114548 2714
1619545703011232571 2172
1619545703033589519 2466
1619545703043013536 2657
1619545703057683868 3606
1619545703107981374 2864
1619545703120807125 2167
1619545703170575655 2248
1619545703310518641 2353
1619545703325599175 2405
1619545703393564257 2512
1619545703434584441 2828
1619545703493494055 2313
1619545703579759858 2399
1619545703713655350 2292
1619545703759752198 2971
1619545703865913881 2220
1619545703874910598 2524
1619545704016756157 2272
1619545704025608147 2243
1619545704098050785 2345
1619545704120574548 2132
1619545704139644251 3110
1619545704211924131 2900
1619545704423082535 2213
1619545704514530347 2343
1619545704836601902 2546
1619545705032121645 2459
1619545705219136352 2633
1619545705314998490 2054
1619545705365284842 2363
1619545705575140315 2229
1619545705702344141 2209
1619545705844423887 2439
1619545706033330665 2252
1619545706102868209 2567
1619545706376205668 2339
1619545706417626038 2947
1619545706462920186 2265
1619545706472682083 2421
1619545706481842525 2464
1619545706505047088 2811
1619545706729203108 1995
1619545706742560849 2244
1619545707007685507 2482
1619545707038996652 2319
1619545707089233570 2297
1619545707157545155 2495
1619545707325239857 2224
1619545707334009402 2396
1619545707433654788 2120
1619545707451440499 2263
1619545707762061532 2327
1619545707831570519 2342
1619545708025530064 3676
1619545708138748784 2297
1619545708147591760 2193
1619545708420280570 2550
1619545708484293306 2151
1619545708621261031 2509
1619545708735287360 2268
1619545708938005013 2159
1619545708956330553 2571
1619545708961125638 2621
1619545708979038205 2307
1619545709055748914 2518
1619545709242317235 2164
1619545709290503319 2146
1619545709349245863 2279
1619545709353764440 2327
1619545709472689371 2407
1619545709518500880 2389
1619545709572982606 2258
1619545709631389920 2777
1619545709766740254 2367
1619545709793842380 2269
1619545709884158112 2598
1619545709939369977 2242
1619545709975222652 2135
1619545709993644163 2331
1619545710056770538 2324
1619545710211620759 2374
1619545710216189153 2456
1619545710345377136 2335
1619545710437041458 2256
1619545710501134543 2450
1619545710564654560 2467
1619545710629074158 2223
1619545710665307226 2310
1619545710767372516 2321
1619545710899187022 2349
1619545710958337444 2266
1619545710971582709 2323
1619545710985350744 2718
1619545710989950895 2411
1619545710994464479 2324
1619545711281976272 2434
1619545711447115968 2473
1619545711560338573 2349
1619545711697331119 2252
1619545711732815796 2126
1619545711772823838 2338
1619545711800984099 2494
1619545711942490127 3195
1619545712170871435 2308
1619545712234393290 2414
1619545712262139547 2498
1619545712311688794 2326
1619545712466474113 2418
1619545712511301563 2268
1619545712537830800 2313
1619545712645798462 2321
1619545712663721764 2395
1619545712728386225 2268
1619545712741895685 2720
1619545712778742271 2312
1619545712787704611 2301
1619545712836997066 2374
1619545712850463136 2235
1619545713127016754 2460
1619545713140579259 2677
1619545713810393961 3021
1619545714079505084 2224
1619545714107849808 2545
1619545714167508867 2155
1619545714213109463 2404
1619545714396182563 2225
1619545714492630498 2467
1619545714579242307 2160
1619545715012271436 2300
1619545715066616204 2152
1619545715202010839 2228
1619545715222497033 2358
1619545715249163520 2370
1619545715336194109 2331
1619545715409458476 2447
1619545715441071319 2317
1619545715455014299 2743
1619545715482345810 2455
1619545715592605688 2430
1619545715762157928 2423
1619545715822175888 2272
1619545715844753220 2428
1619545715853807570 2327
1619545716008462277 2854
1619545716072968593 2375
1619545716392198194 2374
1619545716560600657 2862
1619545716606499823 2376
1619545716698054109 2412
1619545716743620492 2308
1619545716913247785 2793
1619545717150188818 2236
1619545717219560661 3210
1619545717265558392 2546
1619545717306562881 2544
1619545717343143443 2409
1619545717365900716 2668
1619545717633664090 2470
1619545717835351030 2433
1619545717908367310 2338
1619545717954534319 2434
1619545718033167908 2428
1619545718096718096 2410
1619545718114467654 2245
1619545718137616680 2506
1619545718178182937 2294
1619545718182567216 2141
1619545718311635574 2318
1619545718412945939 2281
1619545718466967534 2291
1619545718503433877 2354
1619545719016100681 2354
1619545719072191070 2370
1619545719136840080 2296
1619545719274265333 2317
1619545719297346890 2362
1619545719353136159 2381
1619545719673211907 2512
1619545719677705922 2301
1619545719746574444 2214
