1619544174171682136 3519
1619544174236132455 3788
1619544174283226528 2683
1619544174536663268 4213
1619544174654382106 4602
1619544174760923669 3816
1619544175015874060 4659
1619544175055967494 3185
1619544175129524769 3696
1619544175431285438 2948
1619544175444846465 5418
1619544175463164162 3504
1619544175521692535 3868
1619544175620777914 3549
1619544175743948804 3234
1619544175919396933 3513
1619544175937121321 3273
1619544176145245605 3942
1619544176197833644 3795
1619544176281271706 3688
1619544176613002879 2414
1619544176691032119 3587
1619544176854518554 4130
1619544176893931923 4095
1619544177230783093 2767
1619544177301000178 3764
1619544177378361626 3832
1619544177561169489 4555
1619544177572802914 3503
1619544177668224548 3661
1619544178026671930 3712
1619544178070775483 4663
1619544178082475167 3852
1619544178366634116 4664
1619544178453762483 3343
1619544178609222757 3438
1619544178646942909 5614
1619544178747116215 3959
1619544178983342686 4248
1619544179031703751 3309
1619544179054952296 2710
1619544179546044828 3114
1619544179735907152 4783
1619544179748520607 4134
1619544179772602987 3519
1619544180015403735 3105
1619544180021358749 3903
1619544180067099585 3792
1619544180090723153 3551
1619544180370956207 5609
1619544180499258877 3468
1619544180609925418 4791
1619544180771152240 3763
1619544180905646219 3098
1619544180946210917 3878
1619544181097891201 3689
1619544181122318263 3640
1619544181132944249 2905
1619544181338333019 3750
1619544181448851433 5147
1619544181507103197 4271
1619544181810743530 3653
1619544181846484801 4165
1619544181887329577 3887
1619544182056442887 3581
1619544182222373494 3450
1619544182237544672 3160
1619544182352136414 4269
1619544182448650103 2182
1619544182497571455 3660
1619544182660409424 3449
1619544182671796593 3600
1619544182763074152 4603
1619544182825021259 3850
1619544182844836350 3348
1619544183356122721 3522
1619544183664322960 4134
1619544183833224167 3578
1619544184128673582 3505
1619544184216824441 4064
1619544184270370432 4054
1619544184295041964 4599
1619544184392578745 3774
1619544184413178869 5584
1619544184587499290 3898
1619544184681974623 5076
1619544184817624587 4804
1619544184943842769 4109
1619544185017678714 3190
1619544185201244253 3778
1619544185272398421 4254
1619544185307707310 3936
1619544185508654304 3329
1619544185672928322 3670
1619544185699874488 5656
1619544185770629165 3767
1619544185833429267 3591
1619544185943555202 3718
1619544186026314519 2910
1619544186108913890 3516
1619544186114506262 3510
1619544186188618270 3578
1619544186247074428 4004
1619544186400238298 3854
1619544186414299655 4371
1619544186450415545 3794
1619544186708306587 4181
1619544186760771042 3272
1619544186871013663 8558
1619544187078429791 3556
1619544187116044605 3479
1619544187308308215 3164
1619544187358321450 3349
1619544187637629892 3362
1619544187996113334 3715
1619544188142471856 4550
1619544188198929523 3768
1619544188609325411 6062
1619544188853473688 4267
1619544188904072361 3789
1619544189178827692 3486
1619544189212291450 6120
1619544189279002544 2827
1619544189376864815 3901
1619544189383155294 4238
1619544189510917456 2980
1619544189585636293 4340
1619544189694770782 3846
1619544189756229103 3790
1619544189913309685 3498
1619544190139963271 4772
1619544190295216196 3754
1619544190307668565 4314
1619544190399689136 5723
1619544190814641125 4818
1619544190903722885 3056
1619544190965469540 5401
1619544191386711994 3669
1619544191690115602 4586
1619544191912231434 1942
1619544192015952867 3492
1619544192045380015 3844
1619544192084552578 3635
1619544192152477196 3808
1619544192305258472 5418
1619544192311241198 3889
1619544192419865262 4352
1619544192730903088 3499
1619544192758884590 2029
1619544192868021158 4738
1619544193009463060 4837
1619544193028579089 4423
1619544193040228515 3786
1619544193215149118 3607
1619544193257573852 4240
1619544193318241844 3602
1619544193336150646 4220
1619544193713123210 5607
1619544193781266726 3467
1619544193791408551 3260
1619544193944866623 3590
1619544194072484212 3886
1619544194138514770 3442
1619544194175499232 3939
1619544194229124868 3975
1619544194267447033 4681
1619544194361835517 2368
1619544194408911357 3541
1619544194647637598 4005
1619544195348752873 3395
1619544195423399628 3398
1619544195452879143 4565
1619544195657493774 3898
1619544195686410458 4363
1619544195743039796 6608
1619544195761378130 2877
1619544195808899033 3689
1619544196204426047 4589
1619544196259196037 3579
1619544196337870571 3609
1619544196527641729 3909
1619544196612629414 4064
1619544196704669597 3813
1619544197026171035 3124
1619544197032059670 3794
1619544197318696361 3912
1619544197816062387 3412
1619544197993483285 3948
1619544198225903821 4205
1619544198455237886 3965
1619544198472561509 4418
1619544198490981554 3791
1619544198706874279 3003
1619544198763792805 3049
1619544198956081635 4610
1619544199431694457 4113
1619544199488437905 4294
1619544199538934131 9006
1619544199567919237 4080
1619544199682793477 3677
1619544199747051877 4093
1619544199926755869 3251
1619544200033284376 4663
1619544200048688268 3056
1619544200118262309 4862
1619544200327672353 4573
1619544200723203796 3907
1619544200748280166 3846
1619544200754800521 4408
1619544200803659791 4066
1619544200821730730 4330
1619544201140771795 4495
1619544201316764921 4611
1619544201516366168 3635
1619544201560969765 2932
1619544201616283342 3307
1619544201644855981 3506
1619544201742673836 2210
1619544201811462444 3170
1619544201851015270 4122
1619544201947690278 3352
1619544202068822006 3679
1619544202476295451 2807
1619544202534704822 3858
1619544202540383543 3635
1619544202687887749 4152
1619544202693877946 3815
1619544202933707513 3362
1619544203039563142 2833
1619544203072223966 6066
1619544203101157045 3988
1619544203269337389 4350
1619544203301197846 6085
1619544203376465759 3923
1619544203499577093 3539
1619544203681606827 7416
1619544203753759694 3143
1619544203901533983 2555
1619544204037013863 2994
1619544204077343002 3846
1619544204088791094 3547
1619544204208879119 3879
1619544204377120058 3127
1619544204539761348 3778
1619544204656440423 3416
1619544204751447854 4014
1619544204897199799 3236
1619544204974756158 4285
1619544205186184058 3500
1619544205212656007 6869
1619544205337451557 3845
1619544205463361157 8061
1619544205625243290 2175
1619544205869079872 4096
1619544205933665237 2893
1619544205981240726 3630
1619544206062423571 4020
1619544206180027337 3271
1619544206200342543 6941
1619544206286394815 3978
1619544206384721900 4067
1619544206474299899 3729
1619544206524446765 4455
1619544206535577751 4081
1619544206775881779 3355
1619544206841903927 3677
1619544206953360755 4127
1619544207045776832 7224
1619544207250584266 3030
1619544207352607884 3967
1619544207763070275 3832
1619544208145609978 2453
1619544208270930880 5610
1619544208377330893 5126
1619544208498412474 3964
1619544208909589915 3115
1619544208996987615 3829
1619544209411946514 3463
1619544209563356539 4779
1619544209816605234 3822
1619544209875242563 3479
1619544210014229890 3570
1619544210031087866 3493
1619544210059998793 4484
1619544210189228441 3844
1619544210793923855 3825
1619544211016648472 4392
1619544211028904333 3618
1619544211053720114 4941
1619544211236966466 3371
1619544211300001569 3919
1619544211323079021 3970
1619544211512973392 3705
1619544211638726379 7853
1619544211742676575 6793
1619544211830442097 3771
1619544212265219857 3762
1619544212299878765 9254
1619544212366053238 3727
1619544212510124000 3795
1619544212516477875 4317
1619544212639035040 9489
1619544212753249612 3433
1619544212940043393 3033
1619544213052724484 2904
1619544213062287163 2622
1619544213168857982 4212
1619544213228202374 5230
1619544213363003051 4209
1619544213417218853 4748
1619544213572168916 3875
1619544213611299628 3788
1619544214076149913 3659
1619544214092215060 3347
1619544214226693320 3537
1619544214253252940 3708
1619544214289574362 5693
1619544214376307248 4100
1619544214425872554 3918
1619544214606940234 4699
1619544214631633107 3936
1619544214725629333 3863
1619544214823063198 3447
1619544215021491856 3346
1619544215050372155 7291
1619544215136270992 3806
1619544215225641991 3371
1619544215468584402 3727
1619544215645578126 7096
1619544215736513401 3711
1619544215743170854 4462
1619544215749635308 4412
1619544215844593196 6275
1619544215951721565 4225
1619544216024998213 5031
1619544216083033136 4020
1619544216271928849 2457
1619544216396180670 4709
1619544216854764519 3874
1619544216884146316 3611
1619544217159034620 4021
1619544217250867400 4578
1619544217269196371 3784
1619544217360238024 3702
1619544217492433849 4542
1619544217767374263 9472
1619544217917914873 4624
1619544217922700520 2735
1619544217943836064 2946
1619544218079569052 4782
1619544218117657931 8906
1619544218161434393 4819
1619544218205278964 3874
1619544218281463368 5456
1619544218395740782 4286
1619544218408059639 3519
1619544218462081219 4466
1619544218557769214 3192
1619544218966899428 3950
1619544219092174628 3252
1619544219122239995 4146
1619544219372658475 3728
1619544219389297002 3473
1619544219412607986 3673
1619544219786869922 5220
1619544219833255284 3408
1619544219938711339 3320
1619544220400686028 3977
1619544220406121063 3397
1619544220776356892 4042
1619544221228091483 3807
1619544221253121910 4247
1619544221577797617 4778
1619544221738801230 4450
1619544221747177106 6272
1619544221856985399 5868
1619544221927219481 3381
1619544221992958842 3648
1619544222029676966 2891
1619544222071195522 3615
1619544222127112518 3715
1619544222171989208 3659
1619544222300157277 3792
1619544222311678550 3848
1619544222317545730 3828
1619544222373711711 3875
1619544222489464019 3865
1619544222534150231 4352
1619544222570905037 3602
1619544222603633820 4660
1619544222766197638 3847
1619544222967342813 4269
1619544223327185363 3174
1619544223526983708 3568
1619544223750560338 3580
1619544223872463391 4590
1619544224012142566 3939
1619544224291962592 4725
1619544224445558885 5014
1619544224572232988 4530
1619544224985098164 3889
1619544224997166804 3569
1619544225010230805 4988
1619544225162587113 4200
1619544225242721788 3247
1619544225287135584 6613
1619544225349669102 3811
1619544225452402575 4211
1619544225458154619 3613
1619544225493099088 3546
1619544225888686957 6436
1619544225945821982 4006
1619544226149574018 4448
1619544226194716737 3526
1619544226200901311 4066
1619544226469033508 3337
1619544226578165552 3777
1619544226788394888 2653
1619544226874265816 3955
1619544226880987072 4638
1619544226917331688 3912
1619544226923611925 4201
1619544227238595389 3823
1619544227379905365 4425
1619544227834099829 4334
1619544228293533225 3759
1619544228380011379 2299
1619544228639876509 3331
1619544228739012015 3269
1619544228871769110 4122
1619544229150795114 3923
1619544229199113749 3459
1619544229251261439 3768
1619544229262617179 4009
1619544229486430348 3575
1619544229499470074 4573
1619544229585630074 3018
1619544229660873437 3901
1619544229984375520 2718
1619544230166014692 3978
1619544230188886576 3820
1619544230195129860 4072
1619544230259945256 3675
1619544230423208417 3283
1619544230452273245 4439
1619544230484095662 4555
1619544230489791376 3573
1619544230538138167 3730
1619544230549913264 4308
1619544230744912119 3935
1619544230878519939 3606
1619544230941719394 3406
1619544231056727036 4692
1619544231238615634 2844
1619544231341992621 4029
1619544231524204329 4434
1619544231554975245 3535
1619544231583817274 4477
1619544231660632125 4322
1619544231732096517 4202
1619544231744901297 4905
1619544231801501003 3356
1619544231868279138 4205
1619544231931535752 4617
1619544232215246007 3938
1619544232332530846 3651
1619544232372931186 7425
1619544232379016540 3902
1619544232519388519 3028
1619544232637570758 2903
1619544232643816589 4142
1619544232679682874 3642
1619544232691526216 3855
1619544232715932775 3510
1619544232815653001 3494
1619544232902733012 3562
1619544232922479698 3986
1619544233092237278 9505
1619544233109218925 3102
1619544233120177310 3384
1619544233151300436 3879
1619544233186881815 3596
1619544233501814821 4408
1619544233573533105 4419
1619544233791343602 3747
1619544233897239669 6300
1619544234023981291 2776
