1619545428755205343 2681
1619545428883874909 3033
1619545428953268992 3418
1619545429018394079 2671
1619545429037109211 2596
1619545429111088159 2697
1619545429115499630 2220
1619545429248430819 2572
1619545429291867845 2503
1619545429322241588 2638
1619545429426122097 3858
1619545429521288243 2290
1619545429662899061 2283
1619545429682797254 2820
1619545429715299853 2460
1619545429724899579 2707
1619545429734562768 2886
1619545429829561894 2868
1619545429904969101 2284
1619545429968560362 2353
1619545430002131963 2702
1619545430011543945 2551
1619545430067834465 2840
1619545430303459122 2814
1619545430327154964 2530
1619545430361779109 2666
1619545430716319511 2311
1619545430740795998 2095
1619545430915325392 2810
1619545430929956249 2982
1619545431305105661 2577
1619545431328245066 2593
1619545431367402668 3320
1619545431443957650 2929
1619545431940177723 2955
1619545432025268213 2298
1619545432149951423 2966
1619545432186935157 2279
1619545432191703960 2579
1619545432205092799 2226
1619545432251466230 2622
1619545432357052085 2677
1619545432421431694 2760
1619545432543387607 2810
1619545432695512411 3227
1619545432724820410 2289
1619545432978273653 2968
1619545432982944547 2567
1619545433271167092 2759
1619545433325588768 2893
1619545433353692116 2309
1619545433406641985 2921
1619545433411200890 2366
1619545433573683408 3181
1619545433746580988 3225
1619545433804272790 2976
1619545433927920047 3627
1619545434400119330 2551
1619545434643411034 3953
1619545434882714936 2618
1619545434926488785 2566
1619545435103260345 2646
1619545435163281837 3104
1619545435199382128 3308
1619545435322664269 2433
1619545435327639965 2878
1619545435357816982 3411
1619545435367029157 2924
1619545435456791228 3448
1619545435494902237 2641
1619545435615283692 2278
1619545435868728578 2802
1619545436178562982 3238
1619545436192487453 2682
1619545436346219216 2751
1619545436545348686 2709
1619545436614887082 2790
1619545436782266749 3170
1619545436859071981 2393
1619545437018377300 2258
1619545437081894817 3364
1619545437203400701 2491
1619545437522772879 3126
1619545437566785750 3306
1619545437617642835 2911
1619545437711562728 3139
1619545437793139083 3364
1619545437832553103 3157
1619545438109913835 2267
1619545438664389195 2793
1619545438719225065 3342
1619545438748638379 2688
1619545438873053016 2815
1619545438936300256 2900
1619545439049884929 2174
1619545439064141626 2789
1619545439186061495 2269
1619545439237069184 2893
1619545439445975328 2585
1619545439544925580 3127
1619545439744762264 3392
1619545439759700903 2945
1619545439773761767 2284
1619545439793340805 2488
1619545439877950710 2359
1619545440131300622 2143
1619545440156060787 2968
1619545440209868045 2889
1619545440215004434 2865
1619545440249731075 3193
1619545440286139991 2699
1619545440340307723 2734
1619545440487649030 2447
1619545440548317375 3230
1619545440598083988 2270
1619545440608029630 3112
1619545440617416621 2858
1619545440662559617 2460
1619545440688382806 2749
1619545440786178818 2606
1619545440803069488 5565
1619545440817353730 2257
1619545440827162601 2825
1619545440956207338 2416
1619545440961717518 3321
1619545440987995255 2846
1619545441089989846 2250
1619545441442805844 2613
1619545441457710546 3102
1619545441526926200 2967
1619545441566676315 2419
1619545441595878489 3062
1619545441829336794 3126
1619545441872816500 2633
1619545441887069449 2476
1619545442085800600 2237
1619545442279471713 2787
1619545442473911364 3380
1619545442676385250 2340
1619545442945036003 2723
1619545443023106586 2321
1619545443078071321 2348
1619545443137267864 2776
1619545443396996056 3018
1619545443426288167 2977
1619545443581260847 2409
1619545444045524879 2625
1619545444242638635 3794
1619545444403259254 2762
1619545444435059511 2238
1619545444517242770 2498
1619545444625209482 2532
1619545444663723703 2545
1619545444692999602 2437
1619545444707706469 3134
1619545444776128333 2587
1619545444839487913 2867
1619545444947234631 2077
1619545444956143496 2183
1619545444960706381 2390
1619545444975453078 2332
1619545445025027216 2376
1619545445143785406 2203
1619545445226292515 2162
1619545445514659294 2384
1619545445524508065 2541
1619545445774191467 3284
1619545445936250266 2471
1619545446283922333 2571
1619545446520015524 3028
1619545446525068119 2888
1619545446612909012 3067
1619545447053796995 4096
1619545447121164047 3138
1619545447213491905 2442
1619545447249221300 3794
1619545447283454407 2378
1619545447332607942 2278
1619545447342263119 2419
1619545447410246262 2214
1619545447419516451 2581
1619545447549384238 2480
1619545447595291390 3390
1619545447683322523 2648
1619545447923584908 2781
1619545448060998713 2638
1619545448070941930 2253
1619545448366091138 2768
1619545448444240528 2516
1619545448512582232 2356
1619545448537138698 2623
1619545448690099717 2155
1619545448724044728 2927
1619545448754087360 3092
1619545448763237797 2526
1619545448941876264 3177
1619545449037501309 4057
1619545449085358023 2593
1619545449314393440 2931
1619545449508513888 3090
1619545449645676056 2198
1619545449685892503 2652
1619545450073256201 2890
1619545450168852914 2226
1619545450281737431 3683
1619545450387507623 2463
1619545450442683652 3071
1619545450825704452 2787
1619545450861273392 2588
1619545450910362432 2893
1619545450973341880 2404
1619545451195541643 2983
1619545451268827246 2365
1619545451335788967 3207
1619545451537043728 2821
1619545451638870442 2851
1619545451678963580 4334
1619545451772847528 2128
1619545451794366135 3231
1619545451831698896 2141
1619545451893831913 3027
1619545451934359786 3200
1619545452001011202 2551
1619545452060572426 2813
1619545452141351676 2442
1619545452326188381 2818
1619545452330457378 2164
1619545452516914780 2652
1619545452668627808 2228
1619545452978756298 2507
1619545453013543252 3538
1619545453243694618 2817
1619545453260003368 3987
1619545453312234677 2736
1619545453436066410 2477
1619545453554066779 3478
1619545453617158847 2116
1619545453760601808 2620
1619545454083428179 2978
1619545454203072663 2388
1619545454227656040 2346
1619545454525363142 2369
1619545454570728565 2758
1619545454634279831 2764
1619545454697215752 2105
1619545454730302678 2949
1619545454843139835 2137
1619545454946774710 2240
1619545455051892635 2475
1619545455095699222 2857
1619545455134118449 2368
1619545455295505360 2575
1619545455420303068 2300
1619545455599784438 2748
1619545455635356168 3150
1619545455738397925 2831
1619545455865057410 2520
1619545456070828053 3080
1619545456309039507 2167
1619545456736401297 2307
1619545456750888264 2833
1619545456930810700 2501
1619545457069725618 2580
1619545457107727381 2713
1619545457193805057 2891
1619545457375316334 2781
1619545457434357237 2217
1619545457523956123 2561
1619545457594872077 2216
1619545457638371179 2892
1619545457674433505 2787
1619545457794914328 2439
1619545457838826717 3563
1619545458029088436 2628
1619545458061822932 2295
1619545458095278065 2114
1619545458152059832 2715
1619545458195515063 2374
1619545458200296414 2719
1619545458695291013 3879
1619545458772819790 2362
1619545458821643674 2853
1619545459117817849 3103
1619545459342268204 2312
1619545459406522578 2809
1619545459444390022 2355
1619545459485532399 2358
1619545459685179627 2267
1619545459753019969 2123
1619545459766289543 2401
1619545459838635772 2781
1619545459867001940 2617
1619545459908619966 1965
1619545459948440866 2160
1619545460005052968 3034
1619545460152837089 2305
1619545460184372057 2370
1619545460290267726 2505
1619545460400559443 3859
1619545460419553822 2649
1619545460602044366 2812
1619545460644316655 2241
1619545460930059213 4504
1619545460993274853 3083
1619545461325215313 2478
1619545461349501960 3082
1619545461359335216 2975
1619545461430590868 2263
1619545461769897438 2584
1619545461822108918 2369
1619545461880204830 2754
1619545461928144549 2361
1619545461937670130 2477
1619545461991778009 2348
1619545462030811223 2674
1619545462045315216 2693
1619545462107163952 2332
1619545462131341533 2663
1619545462369539388 3140
1619545462488045758 4869
1619545462554848915 2572
1619545462694124190 2415
1619545462719556730 2930
1619545462802314990 2390
1619545462853629333 4815
1619545463176594788 2353
1619545463502992207 2612
1619545463526815148 2852
1619545463595398635 2719
1619545463778070169 2777
1619545463831620895 2409
1619545463929414341 3344
1619545463948595015 2344
1619545464025959532 2434
1619545464139304264 2625
1619545464230534388 2555
1619545464308734143 2301
1619545464362558869 2362
1619545464382660630 2822
1619545464432785260 2460
1619545464584766938 3558
1619545464589676037 2670
1619545464614128539 2535
1619545465172516317 3163
1619545465283608989 2964
1619545465299698543 2830
1619545465337827123 2498
1619545465730658989 2750
1619545465745302116 2224
1619545465829317287 3250
1619545465833864739 2356
1619545466121114938 3032
1619545466276235849 2865
1619545466357493632 2558
1619545466381620568 2396
1619545466472707503 2787
1619545466577224718 3747
1619545466681347576 3011
1619545466855064950 2542
1619545466869864351 2604
1619545467006622281 3204
1619545467053725562 2606
1619545467071716001 2394
1619545467321903025 2629
1619545467469728997 2373
1619545467474577660 2661
1619545467514135874 2313
1619545467559814312 3058
1619545467638943571 3155
1619545467690695039 2971
1619545467917286016 2647
1619545468048039970 2913
1619545468095115949 2709
1619545468137727435 2316
1619545468254862321 3183
1619545468276287597 2347
1619545468419009535 3188
1619545468739642890 2282
1619545468880496801 2830
1619545469007314005 2728
1619545469149444907 2636
1619545469283083873 3071
1619545469292806161 2931
1619545469393112602 2641
1619545469621517351 2815
1619545469669414391 2232
1619545469738829595 2521
1619545469871063698 2347
1619545469906502401 2988
1619545470055679064 3240
1619545470334425696 2210
1619545470373484970 2688
1619545470670845161 3397
1619545470947910765 3506
1619545470991444277 2460
1619545471046200482 3195
1619545471084719481 2454
1619545471094574092 2679
1619545471123200932 2668
1619545471261573858 2559
1619545471575132763 3238
1619545471608464976 2751
1619545471643499639 2691
1619545471847206716 2733
1619545471905130405 2651
1619545472012063393 2797
1619545472040360965 2373
1619545472199790959 2453
1619545472243170225 2398
1619545472277632427 3388
1619545472386139756 2313
1619545472391365682 3119
1619545472448637905 2645
1619545472474356212 4920
1619545472478682138 2198
1619545472502854937 2244
1619545472611533364 2344
1619545472621850155 3038
1619545472725038334 2689
1619545472828077402 3010
1619545472965030525 2670
1619545473037189234 2081
1619545473046401022 2196
1619545473060410594 2281
1619545473132689205 2380
1619545473244963377 3092
1619545473347960700 2376
1619545473683783360 2459
1619545473884652655 2415
1619545474051242241 3318
1619545474085512227 2822
1619545474209723098 2905
1619545474265888190 2199
1619545474363034776 2671
1619545474523215336 2592
1619545474727618873 3200
1619545474732128307 2319
1619545474805641764 2060
1619545474883220836 2695
1619545474960695881 2316
1619545475092462388 4125
1619545475174624612 3260
1619545475207943577 2307
1619545475291089027 2612
1619545475314924323 2415
1619545475447554370 3325
1619545475462135125 2469
1619545475634009047 2843
1619545475748994273 2337
1619545475798513747 3360
1619545475862819560 2843
1619545475906497949 3001
1619545475932380055 2491
1619545476240233695 2240
1619545476277584599 2262
1619545476379605574 2937
1619545476433231948 2239
1619545476526908727 2306
1619545476582358436 2833
1619545476674248020 3338
1619545476925055511 2626
1619545476974952738 2796
1619545476999362981 2624
1619545477004351469 2800
1619545477008981379 2440
1619545477039989322 2600
1619545477432766935 2468
1619545477787800240 3317
1619545478323573658 2466
1619545478327941296 2185
1619545478419658865 2967
1619545478501335296 2784
1619545478583505990 2227
1619545478623236736 3177
1619545478651813928 2889
1619545478724412074 3063
1619545478729155883 2561
1619545478878734786 2816
1619545479039934851 2772
1619545479086351481 2329
1619545479565666042 2659
1619545479700052821 2166
1619545479744254651 2241
1619545479797965551 2212
1619545479859985418 2732
1619545479951770869 2166
1619545479986173062 2748
1619545480091948619 2506
1619545480179859210 3063
1619545480261631734 3145
1619545480318188965 2454
1619545480332406104 2505
1619545480511270978 2265
1619545480571665084 2239
1619545480629019162 2220
1619545480759092230 2254
1619545480769882818 3281
1619545480831767716 2305
1619545481079968298 2988
1619545481147819760 2659
1619545481385427927 2219
1619545481486691384 2222
1619545481496972243 3154
1619545481633947455 2870
1619545481808698255 2677
1619545481836485161 2685
1619545482079719746 2876
1619545482084359354 2562
1619545482187964752 2834
1619545482215774001 2447
1619545482382550058 2993
1619545482566616239 3128
1619545482620883069 2998
1619545482700536710 2433
1619545482788276268 2904
1619545482821460514 2408
1619545482826373922 2729
1619545482915103694 2338
1619545482940022294 2490
1619545483058257828 3398
1619545483073168518 3276
1619545483082743826 2876
1619545483097596995 3090
1619545483127081542 2797
1619545483151177950 2698
1619545483156057038 2699
1619545483175067602 2528
1619545483254457438 2423
1619545483330040602 2601
1619545483387516688 2625
1619545483534694028 3014
1619545483790558405 2732
1619545483795017204 2287
1619545483888336940 2609
1619545484522128671 3109
1619545484815780116 3264
1619545484820414842 2435
1619545485159265025 2846
1619545485164245787 2806
1619545485464145301 2933
1619545485469007152 2741
1619545485741101121 3193
1619545485813920937 2702
1619545485897680416 2112
1619545485912191064 2452
1619545486025511468 2729
1619545486210430057 2586
1619545486374432718 3479
1619545486414183130 2836
1619545486579660030 2815
1619545486833556257 2850
1619545486893216956 3224
1619545486902713497 2421
1619545486932348767 2372
1619545487070240898 3043
1619545487104738124 2566
1619545487119238279 2321
1619545487191395406 3105
1619545487232065767 3686
1619545487349053036 2977
1619545487360105901 2550
1619545487383362601 2367
1619545487527386263 3350
1619545487600273070 3670
1619545487798099548 2583
1619545487981079011 2889
1619545488010761967 2521
1619545488015762285 2829
1619545488218296307 3220
1619545488295941759 2293
1619545488597606425 2884
1619545488660776706 2212
