1654835943504403654 120763460
1654835943697566108 123947545
1654835944210026539 31204072
1654835944417898581 209801135
1654835944511236481 101503722
1654835945678241696 164137704
1654835946992754870 31457380
1654835947567423197 74828831
1654835947571093925 70245184
1654835948161358705 155092288
1654835948507242023 37060506
1654835949474194363 112329574
1654835949961330001 57017889
1654835950102547931 33836116
1654835950211181028 139958416
1654835950217577356 46957045
1654835951561743417 92684893
1654835951570155218 90359002
1654835951795301169 89726164
1654835951809232105 48194797
1654835953096163584 35288627
1654835953216858951 49173557
1654835953269270109 61324803
1654835953381261966 111457902
1654835954406659719 21017885
1654835954505090613 16548682
1654835954506933464 11246677
1654835955677417342 16766076
1654835955810711743 46076025
1654835955879034368 103428262
1654835956087186171 104916840
1654835956293484233 95872861
1654835956596501381 101211540
1654835956607143620 114495524
1654835956961269743 278701059
1654835957596213890 30003396
1654835958861316345 79864816
1654835959167226716 171592038
1654835959461514354 85897090
1654835959687226660 82145012
1654835959972205834 111331463
1654835960109244465 48196445
1654835960761469381 94857142
1654835960964187166 93213624
1654835961304487546 140871770
1654835961497196475 36519355
1654835961680240913 104486273
1654835962477375338 97354171
1654835963172320802 471204596
1654835964099245793 127298190
1654835964761275070 85174636
1654835965181227922 118600675
1654835965284195920 184626425
1654835967161284446 66522465
1654835968688297260 104027683
1654835969478153382 287201273
1654835972167328612 196559968
1654835972565227155 266439380
1654835973009132566 42374742
1654835973019465067 19635757
1654835973204997814 41378821
1654835973589206574 216538901
1654835974009710873 97671360
1654835974367466166 95306065
1654835974605233244 197558803
1654835975461423724 73293963
1654835976385461125 100965605
1654835978489194669 114600535
1654835978673205528 170619662
1654835979791284806 206633333
1654835980005439396 89603367
1654835980004870225 110221647
1654835980195360597 27702378
1654835980276172827 106066658
1654835980697316359 113705199
1654835981009451880 135879292
1654835981105233143 33491906
1654835981579377238 118695029
1654835981587315568 26562838
1654835981780013101 99042337
1654835982003265868 201287140
1654835982382596294 13930885
1654835982589964521 100906212
1654835982767106186 70069327
1654835983094265627 209773392
1654835984489282066 123066591
1654835984705239124 198560533
1654835984768494165 107787802
1654835985581256998 84465989
1654835985800308498 109483283
1654835985801320038 291189998
1654835986113728554 24112854
1654835986120466013 14612220
1654835986208169789 15575609
1654835986261306812 40133792
1654835986501326255 215712951
1654835986586669428 182935885
1654835987491386844 81487724
1654835987492509177 87907687
1654835987496048278 83127585
1654835988764221756 140503141
1654835989492617353 326950878
1654835989807729631 44030139
1654835989886279898 95120930
1654835989961280055 42485772
1654835990190731592 93086706
1654835990461269884 100560228
1654835990463050382 179233151
1654835991090372051 92696934
1654835991101266205 28628664
1654835991302118060 39039205
1654835992105169279 29586817
1654835993985607802 83018866
1654835994101259760 113990691
1654835994176475485 74594142
1654835994391942851 30252745
1654835994478852560 83026990
1654835994596155454 94517560
1654835994689008614 101405499
1654835994769831315 57405971
1654835994802969346 9368783
1654835994825459667 13090017
1654835994832879166 9579643
1654835995061262092 92068546
1654835995792219801 106637141
1654835996007262120 113639928
1654835996183319400 68210391
1654835996288196506 27560565
1654835996680217144 106590046
1654835996898191662 111088370
1654835997261236756 171635003
1654835997403713707 24822801
1654835997585898975 121050335
1654835997602918024 39288647
1654835998284703587 301962223
1654835998984099915 80488758
1654835999070149296 157574293
1654835999269264774 171972512
1654835999490248713 108625074
1654836001294182358 27575529
1654836001473506673 95863737
1654836001672270324 82628565
1654836003162275915 176594814
1654836003461275182 179649989
1654836003598865288 24661371
1654836004899178034 218575228
1654836004982175731 113123493
1654836007177281582 98569404
1654836008318947923 20420399
1654836008401261898 108313431
1654836008572178124 100398243
1654836009461250613 100574209
1654836010195474061 213866535
1654836010381312267 84667997
1654836010474159891 107450508
1654836011688210511 216123669
1654836011689250591 25626285
1654836013487059873 192413555
1654836014185132184 185484933
1654836015077262484 101231839
1654836015709482787 140685516
1654836015763630942 82846619
1654836015895406763 27364287
1654836016580205300 181540054
1654836016782172956 100694117
1654836016993285144 123619656
1654836017161065659 269408595
1654836017798251381 124601988
1654836018697244406 94207287
1654836020172395440 168846682
1654836020302278160 41374540
1654836020380158088 101518548
1654836021561621312 98504504
1654836021864205893 84601449
1654836022301992870 28202235
1654836022500748200 27746538
1654836022799466447 138770659
1654836023200083829 208695432
1654836023281293804 71114441
1654836023371109095 67473360
1654836023510415153 37804977
1654836024561315812 81643921
1654836024789039176 119083463
1654836027394118333 29477519
1654836027591210074 109579587
1654836028287235223 206322520
1654836028514188032 120554720
1654836029009141687 123306540
1654836030361353371 181349180
1654836031077654281 111941133
1654836031361255653 287173656
1654836031362261228 173634261
1654836031496248718 29163861
1654836031561313075 91456892
1654836031865988409 171374074
