1654834368278319114 394562850
1654834368407503982 28655833
1654834368466522900 73033408
1654834368577821770 11696869
1654834368593129250 16297007
1654834368975725041 13869312
1654834369074715963 67817264
1654834369076036747 81803057
1654834369371000127 110341765
1654834369475906318 11198802
1654834369661126049 85820986
1654834369685073257 10780055
1654834369701800496 12765195
1654834369782936938 13705957
1654834369861118123 70487358
1654834369877147405 73965326
1654834370087769388 93972431
1654834370377887446 93385789
1654834370661439029 191193834
1654834371208228572 20552181
1654834371287717585 90050483
1654834371761655700 99681425
1654834372392967010 12879197
1654834372405509890 9499532
1654834372583398224 22657185
1654834372894585604 13087516
1654834372961060738 85857417
1654834373014595398 9102892
1654834373494037203 33265667
1654834373861246860 186842433
1654834373894969928 10345296
1654834373972689367 10707674
1654834374076967680 76222051
1654834374372246712 106093885
1654834374561322050 81318228
1654834374873556657 105009879
1654834374885105521 124349876
1654834375687917067 13185588
1654834375689544553 11026055
1654834375881945919 91334686
1654834376186672192 126012888
1654834376394462392 22970227
1654834376506225097 16599426
1654834377173273325 87596375
1654834377378108791 14722998
1654834377761506228 200715519
1654834378175474369 11767527
1654834378178814599 13073568
1654834378284297135 15152114
1654834378561400808 165276564
1654834378971390767 183020485
1654834379187658216 26996594
1654834379489712550 200989071
1654834379695483183 19229674
1654834379888936643 87824974
1654834380482386015 12135209
1654834380878529397 16783325
1654834380996639818 15224285
1654834380997482053 14327656
1654834381261119056 162591758
1654834381393014739 9192500
1654834382080657117 106651580
1654834382177622781 91548734
1654834382278660918 14584622
1654834382875646400 114916508
1654834383067079760 78942750
1654834383082123962 7993141
1654834383287746916 88229802
1654834383470520433 93654057
1654834383494379749 10372042
1654834383683393285 83582589
1654834383799557448 30918507
1654834383981244274 189692893
1654834383993721127 21403107
1654834384099871589 15838452
1654834384581740974 19983656
1654834384777543520 82611912
1654834385061076049 95383174
1654834385178187163 10894515
1654834385588247265 94236548
1654834385888733802 102040264
1654834386294385052 8947341
1654834386391009030 8922211
1654834386489870622 13460774
1654834386761454352 100818420
1654834387182870722 288245751
1654834388573918077 97424258
1654834388761204939 87331976
1654834389413710745 18497683
1654834389794006354 14299680
1654834390061254810 94841580
1654834390062640532 162068531
1654834390083941108 14875913
1654834390361019661 166338038
1654834390595904910 28899598
1654834391261108167 186558228
1654834391391100801 25915818
1654834391861059940 289552989
1654834392269215953 198215360
1654834392361088830 77851702
1654834392568004599 100915487
1654834392574250428 97644985
1654834392970409804 109764413
1654834393676093745 15277824
1654834393961024004 93392574
1654834394066303455 104757766
1654834394179127386 92250084
1654834394374558075 13872146
1654834395060643554 73856000
1654834395372896213 112281824
1654834395586838014 106116016
1654834395676934657 190098043
1654834396461362777 260392374
1654834396580523324 15763121
1654834397093621340 17098158
1654834397268774812 102893167
1654834397883934167 15706671
1654834398002261232 22520439
1654834398272147321 86767200
1654834398783825833 23122684
1654834399084053444 190371277
1654834399661101185 183275814
1654834400084409484 94053460
1654834400083897474 95199909
1654834400261226511 76373054
1654834400483455699 22784939
1654834400668589938 105567930
1654834400797822663 10616658
1654834400799814262 10967687
1654834400894702527 11822611
1654834400922797283 24407628
1654834401268182402 186414801
1654834401471671443 97613541
1654834401480440080 99003147
1654834402361021175 172080761
1654834402381006716 115128300
1654834402587395347 108395915
1654834402668418128 107745122
1654834403678942987 18035756
1654834403689800975 8327994
1654834403866097714 81294182
1654834403973292720 176314243
1654834404171921728 94632292
1654834404376473332 92528171
1654834404386885170 18478079
1654834404507579197 27353710
1654834404670399910 9278203
1654834405583414980 117549437
1654834406461556276 184003833
1654834407061213935 100592947
1654834407880160439 95359279
1654834408381190114 192212402
1654834408679669174 94585021
1654834408766487950 89445347
1654834408778220844 98357238
1654834408880383000 13283232
1654834409083972914 103450689
1654834409183921925 8982129
1654834409290285112 13761761
1654834409293626864 8956502
1654834409874553620 102544910
1654834410173451265 102414243
1654834410461314172 186430177
1654834410888643623 9561034
1654834410889492236 12106921
1654834411083920314 23306448
1654834411277877136 80969669
1654834411461163283 80037872
1654834411573576996 11756839
1654834411661870830 63773767
1654834411673314098 72753845
1654834411886976346 26265660
1654834412072687813 76424293
1654834412278996886 86106379
1654834412287966923 88292049
1654834412773878503 288412028
1654834413561423061 95538695
1654834413862799451 187129933
1654834414071753549 100575375
1654834414564232831 174939262
1654834414782672597 106748033
1654834415195877514 13302432
1654834415393382781 12097618
1654834416085844988 11388137
1654834416368629054 176857563
1654834416491113504 15718297
1654834416774544844 108785753
1654834416966417190 79467680
1654834417682855284 91274198
1654834417788797570 118854073
1654834417973090267 104361205
1654834418566260276 382431734
1654834418595901144 23951055
1654834418785025666 24338837
1654834418789666315 91406497
1654834418791364526 16159346
1654834419283973693 18756977
1654834419392972459 11403191
1654834419503452924 8621411
1654834420172857755 73730912
1654834420173782469 80193920
1654834420275588558 8168680
1654834420289634614 10108426
1654834420983859039 23211430
1654834420986787551 16248374
1654834421386661443 24819147
1654834421580301468 13034062
1654834421888500536 115837743
1654834422161847274 92920573
1654834422681200751 99779543
1654834422961104179 86378335
1654834422982092916 100092671
1654834423171137715 10263319
1654834423202844533 10369381
1654834423371405086 69390727
1654834423561009932 100404161
1654834423579074971 17225595
1654834424363034970 265874626
1654834424561859040 192990056
1654834424694026696 21212614
1654834424991017652 119205007
1654834425461034533 72212703
1654834425969608814 108715705
1654834426001555757 12583768
1654834426186254988 96690500
1654834426589154114 14280891
1654834426788100988 27397261
1654834426788848110 93224035
1654834427396172699 12874685
1654834427561215499 66379730
1654834427675953421 173887517
1654834428661176754 171942486
1654834428982920634 11010967
1654834428987421999 13852145
1654834428990321272 10215983
1654834429182680574 84428277
1654834429587197797 16844021
1654834429593243451 25181978
1654834429685127406 91551620
1654834429768786285 80342875
1654834429797119274 11207506
1654834429804010957 8826025
1654834430678138022 185941987
1654834430901088483 12613774
1654834431372138753 104405485
1654834431498493967 17969122
1654834431961072402 172427981
1654834433166285901 92194355
1654834433370811300 110065279
1654834433381080777 97528977
1654834433484499286 11131808
1654834433491501401 9685549
1654834433493399176 8100172
1654834433599794392 13285979
1654834434061300389 173379017
1654834434280199753 93679688
1654834434990168393 13529041
1654834435462945422 87865660
1654834435889031630 16479510
1654834435899370685 9546523
1654834437061282188 374356089
1654834437183582606 9571681
1654834437281682033 81174594
1654834437388446098 27674243
1654834437483140198 9635339
1654834437861118167 171942622
1654834437864683700 90871716
1654834437875084379 13636929
1654834438561186666 95213063
1654834438573603497 89642497
1654834438987929464 113600440
1654834439588423492 18616491
1654834439765964652 71824406
1654834439961235634 91435481
1654834439973112841 95114046
1654834440590029365 29395207
1654834441170570018 9708851
1654834441485600740 14984796
1654834441492164442 13216131
1654834442079156907 18261926
1654834442261142944 171377141
1654834442496214627 107201353
1654834442577440003 10916113
1654834442661080769 64240713
1654834443662610522 257141026
1654834443674382356 7529822
1654834444081370707 95799561
1654834444083538561 11021092
1654834444461098480 254083649
1654834444577014937 191279137
1654834444887240263 99629261
1654834445861033438 263091745
1654834446092050492 10017014
1654834446217435528 24626278
1654834447261267360 178454696
1654834447480628325 101906586
1654834448177315899 11709409
1654834449388680657 14160086
1654834449485523237 18010459
1654834449504010234 14974426
1654834450472892471 112238811
1654834450678961245 10285582
1654834450800743140 26298439
1654834450861232203 79009073
1654834451281852037 11975527
1654834451373268212 11611310
1654834451502841209 9345616
1654834451970913064 92340640
1654834452185545505 108217561
1654834452261274344 176484813
1654834452461212826 173409127
1654834452661314250 99607927
1654834452795241794 13302134
1654834452882466262 86870031
1654834453061107096 100435340
1654834453781640553 120889160
1654834453990173247 15615504
1654834453992487274 13928981
1654834454280916258 177630995
1654834454563412673 175203501
1654834455494026509 18965766
1654834455573826032 12868675
1654834455588952859 8482853
1654834455608272510 13771867
1654834455697879402 8422660
1654834455719600755 10753866
1654834456078905078 14499733
1654834456080847776 13348770
1654834456477235472 291862958
1654834457062697410 195600694
1654834457383154910 117338796
1654834457575742428 13732239
1654834457766791435 84586474
