1619562198273136553 0
1619562199273222930 0
1619562200273198426 0
1619562201273188352 0
1619562202273213835 0
1619562203273214639 0
1619562204273202532 0
1619562205273192690 0
1619562206273129926 0
1619562207273220208 0
1619562208273210710 0
1619562209273183073 0
1619562210273202514 0
1619562211273207533 0
1619562212273193454 0
1619562213273207364 0
1619562214273192980 0
1619562215273206252 0
1619562216273183880 0
1619562217273105446 0
1619562218273210581 0
1619562219273205707 0
1619562220273194507 0
1619562221273204132 0
1619562222273199537 0
1619562223273137400 0
1619562224273164776 0
1619562225273190799 0
1619562226273207068 0
1619562227273208380 0
1619562228273222836 0
1619562229273206616 0
1619562230273157084 0
1619562231273110976 1357
1619562232273159165 1650
1619562233273142537 2123
1619562234273134499 2683
1619562235273142648 2619
1619562236273137093 2546
1619562237273166795 2637
1619562238273223648 2549
1619562239273067056 2703
1619562240273186923 2698
1619562241273089272 2703
1619562242273057279 2723
1619562243273120313 2768
1619562244273023419 2710
1619562245273123476 2723
1619562246273097848 2633
1619562247273149256 2701
1619562248273115672 2657
1619562249273102509 2760
1619562250273301443 2657
1619562251273087600 2699
1619562252273144478 2649
1619562253273035003 2698
1619562254273177903 2815
1619562255273145271 2713
1619562256273144935 2667
1619562257273163358 2688
1619562258273101158 2695
1619562259273064946 2630
1619562260273106938 2700
1619562261273154705 2691
1619562262273051507 2726
1619562263273142611 2744
1619562264273070943 2680
1619562265273165158 2766
1619562266273129558 2704
1619562267273187985 2717
1619562268273093929 2654
1619562269273135979 2700
1619562270273094431 2711
1619562271273117530 2735
1619562272273170277 2690
1619562273273117254 2730
1619562274273122114 2761
1619562275273149529 2699
1619562276273063412 2706
1619562277273152152 2674
1619562278273150145 2738
1619562279273177493 2723
1619562280273176523 2694
1619562281273135020 2751
1619562282273156481 2596
1619562283273114304 2677
1619562284273039379 2681
1619562285273115973 2703
1619562286273094881 2725
1619562287273167738 2674
1619562288273115419 2707
1619562289273100207 2666
1619562290273156358 2722
1619562291273180337 1783
1619562292273179573 1603
1619562293273032878 944
1619562294273167880 0
1619562295273194834 0
1619562296273225095 0
