1619563094990209090 0
1619563095990222331 0
1619563096990189624 0
1619563097990196242 0
1619563098990207932 0
1619563099990206307 0
1619563100990214474 0
1619563101990130254 0
1619563102990190372 0
1619563103990203615 0
1619563104990209680 0
1619563105990191276 0
1619563106990198664 0
1619563107990195107 0
1619563108990195754 0
1619563109990202041 0
1619563110990197676 0
1619563111990208181 0
1619563112990183407 0
1619563113990203438 0
1619563114990132322 0
1619563115990207654 0
1619563116990199923 0
1619563117990193498 0
1619563118990203197 0
1619563119990204105 0
1619563120990211077 0
1619563121990191600 0
1619563122990197286 0
1619563123990180929 0
1619563124990205379 0
1619563125990179537 0
1619563126990195906 0
1619563127990200604 0
1619563128990148091 0
1619563129990082346 2845
1619563130990148501 3366
1619563131990199582 2188
1619563132990186895 2602
1619563133990192973 2673
1619563134990131525 2849
1619563135990039802 3196
1619563136990039846 3057
1619563137990215081 3280
1619563138990192616 3389
1619563139990070983 3326
1619563140990078515 3287
1619563141990167009 3322
1619563142990116904 3217
1619563143990105913 3376
1619563144990120930 3342
1619563145990065949 3447
1619563146990149973 3496
1619563147990194084 3430
1619563148990100491 3337
1619563149990088421 3593
1619563150990066764 3391
1619563151990089960 3337
1619563152990087375 3467
1619563153990106989 3371
1619563154990225141 3439
1619563155990147474 3464
1619563156990120099 3462
1619563157990201626 3424
1619563158990060530 3367
1619563159990056307 3441
1619563160990162542 3464
1619563161990050273 3423
1619563162990131743 3450
1619563163990111301 3480
1619563164990156004 3187
1619563165990134501 3556
1619563166990036449 3314
1619563167990160155 3454
1619563168990092154 3460
1619563169990107751 3305
1619563170990116613 3461
1619563171990136785 3290
1619563172990092190 3354
1619563173990148178 3258
1619563174990128457 3339
1619563175990024962 3438
1619563176990091498 3327
1619563177990133357 3443
1619563178990122962 3440
1619563179990110009 3307
1619563180990112167 3402
1619563181990131664 3308
1619563182990096450 3355
1619563183990149576 3426
1619563184990113609 3414
1619563185990077423 3459
1619563186990087450 3422
1619563187990151423 3326
1619563188990109134 3437
1619563189990166728 875
1619563190990200042 0
1619563191990122704 0
1619563192990198181 0
