1619564004236044731 0
1619564005236066528 0
1619564006236036932 0
1619564007236075188 0
1619564008236061948 0
1619564009236047920 0
1619564010236031110 0
1619564011236047809 0
1619564012236034072 0
1619564013235990705 0
1619564014236033913 0
1619564015236026876 0
1619564016236053245 0
1619564017236044974 0
1619564018236052273 0
1619564019235979454 0
1619564020236068458 0
1619564021236042849 0
1619564022236046228 0
1619564023236039732 0
1619564024236046486 0
1619564025236027205 0
1619564026236048834 0
1619564027236043693 0
1619564028236050422 0
1619564029236019158 0
1619564030236057647 0
1619564031236035776 0
1619564032236047544 0
1619564033236037117 0
1619564034236069928 0
1619564035236031101 0
1619564036235998764 0
1619564037236045132 0
1619564038235875097 2446
1619564039235925219 3446
1619564040236013346 2265
1619564041235957408 2479
1619564042235975988 2757
1619564043235990183 3165
1619564044235886818 3175
1619564045235878475 3133
1619564046235952065 3463
1619564047235927020 3531
1619564048235958510 3547
1619564049235937090 3624
1619564050235994948 3619
1619564051235917312 3544
1619564052235963369 3598
1619564053235893984 3851
1619564054236041433 3613
1619564055235922175 3835
1619564056235867207 3870
1619564057236038738 3801
1619564058235993380 3580
1619564059235993607 3854
1619564060235953609 3647
1619564061235967072 3771
1619564062235907908 3771
1619564063235963766 3654
1619564064235986278 3769
1619564065235957974 3792
1619564066235904126 3725
1619564067235967438 3696
1619564068236037876 3676
1619564069235918162 3686
1619564070235994241 3598
1619564071235991347 3665
1619564072235965042 3765
1619564073236004103 3609
1619564074235981601 3608
1619564075235911871 3574
1619564076235943201 3496
1619564077236005843 3835
1619564078235975661 3499
1619564079235997139 3655
1619564080235992573 3487
1619564081235921749 3642
1619564082235913266 3848
1619564083236018723 3606
1619564084235909130 3645
1619564085235884233 3651
1619564086235881351 3635
1619564087236003391 3624
1619564088235930701 3762
1619564089236008597 3557
1619564090236059998 3641
1619564091235965729 3645
1619564092235905959 3486
1619564093235959665 3632
1619564094235943906 3747
1619564095235996862 3452
1619564096235952453 3572
1619564097235907323 3545
1619564098235965494 1553
1619564099236019059 0
1619564100236019533 0
1619564101236009669 0
