1619564119757993081 0
1619564120758003744 0
1619564121757994014 0
1619564122757987168 0
1619564123757990194 0
1619564124757989786 0
1619564125757993125 0
1619564126757948468 0
1619564127757986396 0
1619564128757995024 0
1619564129757976371 0
1619564130757984131 0
1619564131757993415 0
1619564132757994585 0
1619564133757977779 0
1619564134757983885 0
1619564135757968788 0
1619564136757978689 0
1619564137757980080 0
1619564138757978828 0
1619564139757954283 0
1619564140757969834 0
1619564141757979009 0
1619564142757974170 0
1619564143757972576 0
1619564144757978551 0
1619564145757992824 0
1619564146757977485 0
1619564147757985318 0
1619564148758003130 0
1619564149757970617 0
1619564150757981917 0
1619564151757975933 0
1619564152757981655 0
1619564153757928333 0
1619564154757936455 1621
1619564155757931836 3882
1619564156757870504 2463
1619564157757899967 2661
1619564158757933030 2721
1619564159757924824 2998
1619564160757987279 3396
1619564161757934824 3388
1619564162757938541 3723
1619564163757927088 3695
1619564164757838996 3814
1619564165757928526 3814
1619564166757894300 3723
1619564167757844638 3544
1619564168757929791 3799
1619564169757876926 3914
1619564170757823777 3841
1619564171757849389 3636
1619564172757859012 3585
1619564173757951925 3620
1619564174757941944 3935
1619564175757942171 3851
1619564176757838407 3767
1619564177757930717 3705
1619564178757846484 3898
1619564179757850504 3820
1619564180757918182 3771
1619564181757911712 3845
1619564182757893347 3706
1619564183757939204 3822
1619564184758011292 3916
1619564185757853101 3775
1619564186757934459 3842
1619564187757892811 3678
1619564188757873095 3754
1619564189757930261 3774
1619564190757851948 3874
1619564191757887129 3866
1619564192757837355 3667
1619564193757893966 3831
1619564194757918392 3827
1619564195757946064 3833
1619564196757945714 3693
1619564197757887586 3821
1619564198757841855 4029
1619564199757903028 3799
1619564200757945408 3661
1619564201757856534 3684
1619564202757891801 3734
1619564203757867900 3820
1619564204757885325 3680
1619564205757889782 3904
1619564206757849761 3626
1619564207757880338 3721
1619564208757880373 3592
1619564209757913424 3664
1619564210757839894 3706
1619564211757884364 3694
1619564212757860943 3586
1619564213757974804 3853
1619564214757986422 2349
1619564215757976426 0
1619564216757976827 0
1619564217758009186 0
