1619565636377322637 0
1619565637377468472 0
1619565638377491625 0
1619565639377495186 0
1619565640377481443 0
1619565641377484528 0
1619565642377478920 0
1619565643377491096 0
1619565644377473780 0
1619565645377501566 0
1619565646377479713 0
1619565647377482047 0
1619565648377473990 0
1619565649377433368 0
1619565650377484997 0
1619565651377476117 0
1619565652377483655 0
1619565653377483356 0
1619565654377478281 0
1619565655377507789 0
1619565656377494154 0
1619565657377472065 0
1619565658377481616 0
1619565659377471973 0
1619565660377479057 0
1619565661377407918 0
1619565662377477110 0
1619565663377488468 0
1619565664377471537 0
1619565665377496019 0
1619565666377428718 0
1619565667377491946 0
1619565668377468111 0
1619565669377495011 0
1619565670377410497 4159
1619565671377341564 2596
1619565672377317990 2445
1619565673377390865 2636
1619565674377370081 3137
1619565675377435325 3102
1619565676377379278 3218
1619565677377368421 3535
1619565678377396043 3661
1619565679377364309 3810
1619565680377370249 3905
1619565681377399456 3749
1619565682377433999 3932
1619565683377399511 4100
1619565684377338112 3846
1619565685377448425 4030
1619565686377388156 3838
1619565687377429636 3977
1619565688377407281 3976
1619565689377366754 3920
1619565690377430557 3754
1619565691377414603 3991
1619565692377345960 3906
1619565693377423102 3871
1619565694377419484 3899
1619565695377328445 4001
1619565696377448301 4096
1619565697377355934 4059
1619565698377437383 4122
1619565699377374482 3925
1619565700377384847 4074
1619565701377417695 4076
1619565702377375747 3828
1619565703377408929 3885
1619565704377357820 3827
1619565705377409432 3921
1619565706377326220 3720
1619565707377426695 3881
1619565708377370347 3938
1619565709377421323 3850
1619565710377429542 3816
1619565711377426754 3744
1619565712377393430 3804
1619565713377365775 3727
1619565714377429352 3745
1619565715377433079 3841
1619565716377383837 3779
1619565717377381718 3697
1619565718377322383 3845
1619565719377361877 3809
1619565720377377946 3864
1619565721377372960 3819
1619565722377457730 3814
1619565723377325720 3990
1619565724377377547 3907
1619565725377451891 3910
1619565726377380300 3941
1619565727377347930 3755
1619565728377362176 3786
1619565729377333641 3802
1619565730377494522 167
1619565731377484624 0
1619565732377477579 0
1619565733377482711 0
