1619646528459200033 4610
1619646528581980691 3437
1619646528661333467 6296
1619646528687546418 4948
1619646528708626915 5398
1619646528765363202 4662
1619646529314864289 3064
1619646529367480624 3487
1619646529407708725 6918
1619646529713502640 2828
1619646529991010569 3606
1619646530091199925 5756
1619646530206072978 3804
1619646530266001678 4561
1619646530320286533 3652
1619646530494944504 2381
1619646530564178107 6320
1619646530670950522 3859
1619646530693312289 4148
1619646530890621347 5571
1619646530993459909 3920
1619646531257879880 4241
1619646531475909087 4443
1619646531682041418 5843
1619646531721113761 4128
1619646531850752270 2758
1619646531856005433 3182
1619646531886144628 4547
1619646532051461386 3929
1619646532063801618 4223
1619646532270566148 4291
1619646532712358492 4035
1619646532771722943 3807
1619646532785870538 4502
1619646532966812754 5586
1619646533225471767 4140
1619646533239664665 3592
1619646533245985789 4273
1619646533322524069 4083
1619646533412098723 4978
1619646533714851562 4517
1619646533732455656 3310
1619646533786577433 13479
1619646533831143475 3808
1619646533837839471 4628
1619646533850542805 3946
1619646534335266855 3144
1619646534429281446 4417
1619646534692574589 5831
1619646534914375132 5559
1619646535325378735 4392
1619646535398629300 5578
1619646535467902318 4653
1619646535486676511 4372
1619646536006067050 4206
1619646536023485504 5223
1619646536054682027 4090
1619646536079331434 3846
1619646536091780973 4277
1619646536342934294 3801
1619646536380707166 4287
1619646536511130553 4162
1619646536897430931 4323
1619646537462200963 3797
1619646537706999375 3603
1619646537795315376 4353
1619646537919727186 2922
1619646538025139751 5120
1619646538048758303 3456
1619646538054228516 3318
1619646538100357586 4562
1619646538320387751 3744
1619646538346601724 5122
1619646538624461842 3965
1619646538707397050 8842
1619646538806265531 3211
1619646539023058833 3459
1619646539118863891 3416
1619646539182120576 5625
1619646539247663771 4777
1619646539281215151 3912
1619646539402106608 4501
1619646539536921375 5664
1619646539624899100 4037
1619646539712886483 3842
1619646540012967165 9705
1619646540208574523 3849
1619646540293423095 4234
1619646540497451459 4190
1619646540577029551 3849
1619646540694676867 5213
1619646540720807824 4472
1619646540791585015 3863
1619646540810153315 3456
1619646541478195871 3900
1619646541682882948 3609
1619646542035649189 3756
1619646542162261715 3662
1619646542184944552 3608
1619646542210357091 2263
1619646542680841542 5196
1619646542852200983 4332
1619646542858550883 4207
1619646542988821845 3860
1619646543119491052 4427
1619646543206482897 4060
1619646543252805948 3640
1619646543278634476 4566
1619646543444881282 5881
1619646543457398305 3875
1619646543468829473 3548
1619646543535514803 9080
1619646543600048494 4309
1619646543652838189 5049
1619646543854528382 4037
1619646543878251421 8070
1619646543896390512 4020
1619646543922863066 4078
1619646543928682618 3705
1619646544078202437 7316
1619646544180555719 4749
1619646544274394745 5313
1619646544330053162 4328
1619646544406676683 4458
1619646544439672440 3349
1619646544485259960 4197
1619646544796143577 5250
1619646544889345929 3757
1619646544895477344 4065
1619646545109244607 3547
1619646545155318336 4015
1619646545414204034 3468
1619646545421102283 4812
1619646545463864593 3648
1619646545646506624 5890
1619646545792993575 3514
1619646545842575531 4560
1619646546245908392 4510
1619646546251862079 3863
1619646546387849153 4106
1619646546477756278 4506
1619646546524317816 4537
1619646546726846602 3827
1619646546751235302 4166
1619646546757190504 3850
1619646546951421045 3875
1619646547012161014 3830
1619646547091643603 5470
1619646547319940151 4042
1619646547403695904 3792
1619646547429341401 3918
1619646547611370533 3939
1619646547800811101 5486
1619646547888347404 4403
1619646548120795238 4299
1619646548152498089 4874
1619646548581469717 4709
1619646548738154277 3837
1619646548983687746 4368
1619646549019750364 4636
1619646549106974797 3968
1619646549258670736 3998
1619646549485336952 3838
1619646549531965518 3609
1619646549667308947 3934
1619646549810009588 5031
1619646549996618330 5348
1619646550100487006 4265
1619646550105774475 3221
1619646550190258637 4434
1619646550391331873 3696
1619646550469376873 4325
1619646550556965833 3826
1619646550645639159 3851
1619646550915352731 3768
1619646550993296714 3694
1619646551011835623 4302
1619646551018060819 4025
1619646551209325062 9947
1619646551415463204 2926
1619646551527054154 4646
1619646551717097176 4770
1619646551849416335 3651
1619646551877324776 5867
1619646551985461650 6462
1619646552105854383 2978
1619646552453312574 4003
1619646552756466372 4108
1619646552782592690 5188
1619646552848023147 3889
1619646553412936881 4579
1619646553626561483 3715
1619646553653743210 5338
1619646553660056922 4109
1619646553691246387 4792
1619646553754331376 3985
1619646553876667214 4094
1619646554243451301 4236
1619646554298371812 3273
1619646554342557099 4675
1619646554490340366 4935
1619646554554640378 4349
1619646554560955000 4057
1619646554682289311 4651
1619646554856910917 3198
1619646554881057711 3827
1619646554949293851 4435
1619646554972274408 4285
1619646555235628245 4414
1619646555508475323 3929
1619646555514086189 3558
1619646555815846080 3751
1619646555954944777 3362
1619646556004344346 3753
1619646556313566652 3610
1619646556419481212 5824
1619646556847765428 5692
1619646556889937805 4430
1619646556952366180 6944
1619646557531696029 4113
1619646557662884224 3192
1619646557753101760 3976
1619646558138964248 4320
1619646558229807140 4335
1619646558341104269 4394
1619646558478466352 3941
1619646558685033718 4442
1619646558694880144 7770
1619646558931786836 5495
1619646558980868943 3890
1619646559105813967 5319
1619646559230579408 3867
1619646559308334574 4179
1619646559321626063 4857
1619646559341460300 4814
1619646559467634445 4386
1619646559480218418 3913
1619646559570053450 5276
1619646559687065220 11096
1619646559810812595 3664
1619646559887878196 4080
1619646559987318993 7778
1619646560037200951 5050
1619646560333767117 3717
1619646560352520216 4928
1619646560365236702 4752
1619646560484935442 4105
1619646560588484212 3735
1619646560661432061 3977
1619646560751916638 5030
1619646560855394591 3756
1619646560920847080 5138
1619646561062079002 3629
1619646561392482004 4469
1619646561441633554 4405
1619646561911715489 4089
1619646562240735211 9823
1619646562286422666 3955
1619646562336821256 4177
1619646562481273355 5519
1619646562686420334 4094
1619646562758537250 4084
1619646562983069103 3715
1619646563201841430 3364
1619646563226634338 3557
1619646563251798220 3861
1619646563263722096 3242
1619646563401800805 4859
1619646563446730336 4407
1619646563884680994 4261
1619646564076036062 5022
1619646564316403942 4351
1619646564363206155 3672
1619646564716713089 4945
1619646564749384299 5694
1619646564835294725 4406
1619646564922771553 4161
1619646564979493539 5929
1619646565021783426 3581
1619646565156553432 4146
1619646565360200146 4220
1619646565380339492 4283
1619646565446984162 3786
1619646565459314122 4118
1619646565751602317 4330
1619646565907155481 4872
1619646565996319723 5284
1619646566097864407 4477
1619646566131916528 3478
1619646566561975298 3811
1619646566738167775 4813
1619646567014720714 3465
1619646567131748529 3387
1619646567169439393 5558
1619646567347801773 3568
1619646567501168427 9436
1619646567599085134 4813
1619646567693269164 4111
1619646567886778073 4043
1619646567937182783 3597
1619646568039828149 4547
1619646568239363413 3534
1619646568662786511 5184
1619646568782281135 3228
1619646568788397156 4028
1619646568872474493 5086
1619646568952922705 4335
1619646569021938321 4222
1619646569035996863 5176
1619646569042020414 3978
1619646569126931862 3793
1619646569288843696 3892
1619646569314095920 3805
1619646569476945789 4184
1619646569489418524 4512
1619646569653006013 4397
1619646569717413922 4185
1619646569801542374 7490
1619646570032524404 4223
1619646570289324729 3546
1619646570334169703 3945
1619646570351966763 4150
1619646570545667064 4081
1619646570657218385 4257
1619646570683308718 5525
1619646570888804336 3147
1619646571016175036 3196
1619646571113024554 3571
1619646571265691332 4547
1619646571382729095 4613
1619646571517732049 9454
1619646571555850136 4422
1619646571676891526 4332
1619646571698419265 6533
1619646571767429394 4295
1619646571843956377 5203
1619646571869364491 3303
1619646571909837731 2866
1619646572013977209 3571
1619646572070269710 4268
1619646572115744930 3953
1619646572172185726 2841
1619646572183745189 3529
1619646572239563343 4502
1619646572498407797 4821
1619646572608786265 4160
1619646572831183278 4073
1619646572895817915 5099
1619646572966697895 4638
1619646572980325962 4506
1619646572986354959 3959
1619646573005250939 3811
1619646573171156361 3737
1619646573178223765 5029
1619646573385092422 4099
1619646573493752445 5066
1619646573605963524 4934
1619646573753992965 3627
1619646573784769712 4353
1619646573897713845 4163
1619646574368964507 6626
1619646574436607080 4265
1619646574509749270 3661
1619646574560032617 4131
1619646574613596257 4168
1619646574696287587 5289
1619646574718434941 3844
1619646574839092515 2928
1619646575007868408 3542
1619646575070913855 5828
1619646575099230440 5502
1619646575157041341 4822
1619646575239121794 4695
1619646575314313399 3843
1619646575406674948 4561
1619646575653794599 3571
1619646575744498812 3702
1619646575757815130 4278
1619646575842755578 5436
1619646576046247961 3757
1619646576140056862 3596
1619646576240711477 4571
1619646576350543465 3454
1619646576399235765 5129
1619646576461093299 3842
1619646576478446872 2938
1619646576583488802 4086
1619646577018906101 8640
1619646577051077445 4377
1619646577095430729 4437
1619646577202047651 4970
1619646577215223427 4341
1619646577229019530 4635
1619646577380700185 5904
1619646577400681029 5361
1619646577446895631 2768
1619646577610173779 4092
1619646577615961141 3753
1619646577900435041 4153
1619646577931713480 5070
1619646577999385416 4242
1619646578090304140 4513
1619646578265561225 5307
1619646578367201900 3585
1619646578484937822 4041
1619646578626959450 4522
1619646578689088480 4399
1619646578907466976 5074
1619646578938706253 3840
1619646579105405620 4235
1619646579208064675 4066
1619646579214081579 3959
1619646579220896568 4743
1619646579262085395 4542
1619646579411419266 4037
1619646579515327541 5375
1619646579539524035 4042
1619646579649298493 4798
1619646579754953998 3837
1619646579920731606 4780
1619646580126945045 4611
1619646580530689254 4339
1619646580537673085 4877
1619646580676652975 4416
1619646580805119514 3462
1619646581094523922 3999
1619646581183156742 4447
1619646581294371803 2955
1619646581330322862 3889
1619646581531311844 5672
1619646581550142078 9326
1619646581621772423 3152
1619646581649477140 5645
1619646581670216093 4191
1619646581990770164 4699
1619646582063566663 4099
1619646582091671250 3983
1619646582143823928 4161
1619646582157492235 4797
1619646582386448463 4680
1619646582724728840 3651
1619646582757636552 5285
1619646582801613615 4157
1619646583090799849 4238
1619646583144744782 8288
1619646583320057975 3847
1619646583520973055 2861
1619646583592104728 6452
1619646583625022159 4495
1619646583670278086 4581
1619646584117632306 3570
1619646584164599289 4081
1619646584171038488 4339
1619646584391172541 4623
1619646584634713635 4350
1619646584912485218 5829
1619646585370813360 3048
1619646585773448198 4649
1619646586004162312 4452
1619646586037646031 4266
1619646586096081502 4337
1619646586134958272 8649
1619646586343395920 3548
1619646586368791316 3749
1619646586501495265 5183
1619646586528388016 5014
1619646586571739666 3846
1619646586786462006 4279
1619646586811676416 3541
1619646586920432234 4102
1619646587113692280 9518
1619646587183423954 4670
1619646587220322054 9137
1619646587231929249 3993
1619646587397956739 3524
1619646587477784446 4634
1619646588034762296 9585
1619646588061066212 4426
