1619642912037351016 2891
1619642912337528958 3180
1619642912536360232 2362
1619642912741615018 2230
1619642912786398154 2423
1619642912828557727 2311
1619642912846965639 2881
1619642912942803512 2619
1619642913066702791 2796
1619642913080387381 2506
1619642913128430974 2263
1619642913137061897 2201
1619642913197494560 2531
1619642913301008755 3861
1619642913466680861 2310
1619642913490887656 2262
1619642913544115947 2439
1619642913562427439 2682
1619642913662431749 2148
1619642913879701848 3289
1619642913980755818 2675
1619642914032394144 3111
1619642914076207175 2419
1619642914174725757 2619
1619642914290100013 2539
1619642914310181493 3016
1619642914406436089 2670
1619642914420467826 2472
1619642914473211832 2138
1619642914549636330 2680
1619642914574296034 2877
1619642914584112603 2554
1619642914609036761 2436
1619642914655011073 3099
1619642914762500399 2756
1619642914800242584 3350
1619642914814671285 2373
1619642914828357780 2046
1619642914866764624 3042
1619642914896390758 2268
1619642914910623322 2264
1619642915091957447 2587
1619642915116907214 3193
1619642915165706592 3044
1619642915270392194 2981
1619642915297735949 2520
1619642915381178199 2543
1619642915418274230 2290
1619642915595289411 4257
1619642915650061681 2718
1619642915668728802 2259
1619642915702085501 2665
1619642915726110915 2557
1619642915750758503 2503
1619642915955139970 2831
1619642916004663158 3352
1619642916170042664 2524
1619642916199913966 2307
1619642916232877355 2359
1619642916308774342 2503
1619642916374818094 2907
1619642916475849095 3020
1619642916589705578 2670
1619642916764505149 3013
1619642916824732422 3150
1619642916838644504 2706
1619642917558809100 2893
1619642917603484051 2457
1619642917712618676 2303
1619642917779866553 2958
1619642918120194075 2410
1619642918218059110 2785
1619642918449383548 3024
1619642918550892482 2792
1619642918628789083 2813
1619642918633579841 2648
1619642918738336464 2558
1619642918782286607 2875
1619642918821526902 2510
1619642918856162565 2267
1619642918860504001 2194
1619642918946847767 2533
1619642919155203337 2668
1619642919204842989 2144
1619642919229915942 3027
1619642919516022932 3120
1619642919574805898 2740
1619642919589595083 2705
1619642919631725656 2619
1619642919645721881 2342
1619642919710675334 3643
1619642919866638626 2714
1619642919914162948 3252
1619642920222909997 2558
1619642920227186272 2127
1619642920231760960 2371
1619642920278608115 2851
1619642920308963712 2690
1619642920426948919 2581
1619642920476727108 3160
1619642920612768613 2221
1619642920918007767 2783
1619642920927502665 2485
1619642920951861635 2886
1619642920971882180 3153
1619642921061691392 3364
1619642921123769618 2700
1619642921143279133 2754
1619642921175847237 2778
1619642921277225340 2307
1619642921282356740 2958
1619642921325895499 2890
1619642921372415810 4842
1619642921376881303 2250
1619642921555405566 3430
1619642921673081451 2295
1619642921712795746 2402
1619642921736421704 2963
1619642921776168357 2324
1619642922182199142 2656
1619642922554997719 2623
1619642922618504768 3114
1619642922934691641 2963
1619642922958691301 2652
1619642923015582536 2928
1619642923223423166 2167
1619642923348787393 2320
1619642923357773849 2154
1619642923386709900 3793
1619642923609276870 2596
1619642923779481059 2366
1619642923873094505 2401
1619642923878578321 3343
1619642923998180876 2545
1619642924118736315 2031
1619642924133554387 2531
1619642924157895607 3371
1619642924332143947 2218
1619642924391088425 3300
1619642924454420119 2352
1619642924504179813 2269
1619642924608317473 2800
1619642924613578673 3020
1619642924669359823 2558
1619642924843618574 2767
1619642924868479243 2933
1619642924925115157 2319
1619642925031804962 2946
1619642925076062395 2763
1619642925207441538 2787
1619642925213015401 3422
1619642925241766542 2183
1619642925386963517 3055
1619642925440633167 2583
1619642925474903289 3240
1619642925665491675 3833
1619642925695262301 2643
1619642925700520974 3165
1619642925762945633 2231
1619642925909077632 2670
1619642926040488354 2677
1619642926080643634 2496
1619642926149927704 2304
1619642926296035479 2260
1619642926552347138 3326
1619642926642988993 2490
1619642926838067012 3413
1619642926999173948 3054
1619642927017713556 2703
1619642927044299118 2167
1619642927226882493 2914
1619642927349735083 2668
1619642927457811288 2642
1619642927478021264 2842
1619642927511318851 2502
1619642927714718103 2442
1619642927766047503 2600
1619642927862025113 2755
1619642927886586687 2371
1619642928076810616 3284
1619642928206586514 3390
1619642928284341159 2807
1619642928327801908 2423
1619642928382465793 3104
1619642928426707482 2202
1619642928469781008 2210
1619642928519054902 2771
1619642928523667244 2503
1619642928998920809 2610
1619642929084784057 2909
1619642929289930452 2151
1619642929358208603 2520
1619642929552142918 2774
1619642929680790833 2769
1619642929822394574 2979
1619642929907560412 2504
1619642929958403038 2640
1619642930062277565 2231
1619642930110224467 2566
1619642930235317011 2196
1619642930263628243 2439
1619642930438858257 2492
1619642930548171401 2673
1619642930639077484 2623
1619642930668479199 2318
1619642930683314067 2429
1619642930789504673 3148
1619642931272751562 3334
1619642931277334801 2443
1619642931361185066 3394
1619642931542223697 2854
1619642931729017613 2086
1619642931738010920 2459
1619642931819971041 2726
1619642931882467579 2142
1619642931934661462 2253
1619642931973112851 2885
1619642932202098097 2955
1619642932226448631 2570
1619642932855333027 2651
1619642932930911961 2035
1619642932936031203 3043
1619642933029729334 2857
1619642933039975644 2859
1619642933069259543 2704
1619642933195874536 2564
1619642933233978308 2764
1619642933374276872 2534
1619642933451775952 2841
1619642933494474816 2834
1619642933549150930 2976
1619642933621479811 2538
1619642933658007865 2295
1619642933708849559 2623
1619642933787522916 3324
1619642933824835863 2434
1619642933861012241 4885
1619642933920115079 2467
1619642933965283079 3380
1619642934284435086 3136
1619642934365365116 2748
1619642934415110907 4116
1619642934474326088 2237
1619642934654302181 2623
1619642934673284506 2250
1619642934742702487 3029
1619642934831913386 2960
1619642934836797441 2685
1619642934870260279 2456
1619642934880219916 3131
1619642935041966919 2563
1619642935182100777 2603
1619642935192806677 3311
1619642935217804133 3279
1619642935353528232 2773
1619642935432879317 2766
1619642935452142214 3016
1619642935612095551 2694
1619642935657369907 2237
1619642935889111602 2090
1619642935929065263 2315
1619642936116776310 2472
1619642936127026492 2672
1619642936257650241 2690
1619642936510571139 3275
1619642936573890038 2616
1619642936597909320 2250
1619642936694588199 3769
1619642936751623290 3203
1619642936973039838 2520
1619642937061053464 2733
1619642937246281186 2860
1619642937327162150 2399
1619642937391165835 2881
1619642937423626685 2807
1619642937472155317 2557
1619642937492107840 2569
1619642937517854766 3779
1619642937745863827 2843
1619642937760715081 3007
1619642937800470834 2909
1619642937844158017 2235
1619642937882158875 2201
1619642938072023870 2671
1619642938077261863 2986
1619642938185326128 2448
1619642938355321213 2253
1619642938364045380 2108
1619642938406641356 3263
1619642938618191847 3303
1619642938684483659 2609
1619642938776590743 2684
1619642938791638199 2822
1619642938796385980 2554
1619642938800922859 2361
1619642938810095652 2487
1619642938885518500 3101
1619642938909285778 2565
1619642939126538541 2374
1619642939280036712 2903
1619642939299428475 2238
1619642939323676117 2388
1619642939369320836 2524
1619642939373799968 2431
1619642939491444159 2886
1619642939619487935 2137
1619642939857198048 2326
1619642939940305264 2372
1619642940214695997 2597
1619642940284917661 2581
1619642940400725232 2693
1619642940499098320 2526
1619642940508606347 2500
1619642940599613616 2671
1619642940667420113 2908
1619642940785024856 2471
1619642940837818176 2531
1619642940951070016 2453
1619642940988543656 2830
1619642941153837227 2290
1619642941294591472 2212
1619642941310472116 2673
1619642941345187781 2863
1619642941379878080 2926
1619642941531566412 2464
1619642941603585053 2985
1619642941642307105 2274
1619642941680255181 2324
1619642941855763016 2616
1619642942002610844 2291
1619642942175553505 2276
1619642942223710770 3000
1619642942494704275 3352
1619642942613549884 2974
1619642942622919928 2589
1619642942655811328 2496
1619642942770922887 2494
1619642942795116674 2424
1619642942861545240 2360
1619642942930840069 1992
1619642943000113223 3405
1619642943074193246 2273
1619642943106643157 2312
1619642943115896600 2413
1619642943198252631 2838
1619642943219052386 3033
1619642943353077094 2715
1619642943433377829 2318
1619642943443157392 2755
1619642943458746863 2673
1619642943472938477 3032
1619642943566020327 2283
1619642943726916250 2080
1619642943796756034 2615
1619642943855260672 2917
1619642943902540852 2191
1619642943965367535 2647
1619642943979789874 2809
1619642944108367859 2155
1619642944146641847 2637
1619642944205894337 2996
1619642944319139730 2344
1619642944689078418 2159
1619642944850735602 2890
1619642944898813498 3369
1619642944951585908 3406
1619642944971491386 3250
1619642945137434932 3125
1619642945229143670 2810
1619642945352954438 3109
1619642945367637818 3271
1619642945706228990 2613
1619642945861100927 3039
1619642946016056652 2681
1619642946095909391 2293
1619642946239911743 3085
1619642946474291246 3201
1619642946715503054 3913
1619642946881926043 2509
1619642946901578884 2461
1619642946911277604 2444
1619642946966602588 2688
1619642947020163095 2269
1619642947234114043 2713
1619642947272909416 2563
1619642947421212908 2186
1619642947488207677 2323
1619642947600498843 2132
1619642947687867793 2013
1619642947718996294 2277
1619642947778433657 3084
1619642947839974117 2883
1619642947896055053 2306
1619642947958899312 3027
1619642948181844922 2946
1619642948215418514 2561
1619642948285461335 2157
1619642948372219361 2847
1619642948458996796 2344
1619642948721671238 2185
1619642948780609570 3484
1619642949056983812 2376
1619642949061153744 2061
1619642949187015057 2473
1619642949290764404 2365
1619642949535686966 2269
1619642949819617886 2563
1619642950042575293 2212
1619642950084678067 2436
1619642950405285935 3044
1619642950457919912 2194
1619642950484776050 2755
1619642950512557454 3030
1619642950562095333 2243
1619642950580732379 2298
1619642950653674642 3131
1619642950703425415 2599
1619642950757627686 2699
1619642950791225863 2175
1619642951108191878 3197
1619642951122540099 2999
1619642951131890117 2816
1619642951220169333 2677
1619642951469471982 2716
1619642951537874200 2192
1619642951587993204 3354
1619642951631383593 2991
1619642952130907206 2440
1619642952140557246 2696
1619642952145611734 2846
1619642952165391815 2570
1619642952556181765 2426
1619642952621020268 3023
1619642952636193684 3090
1619642952781161105 2895
1619642952799619669 2535
1619642952960105833 2468
1619642953046604774 3280
1619642953131503545 2829
1619642953203881387 2159
1619642953326448872 2956
1619642953523578352 3297
1619642953624197789 3349
1619642954034860787 2456
1619642954040166400 3166
1619642954098186016 2933
1619642954121477820 2720
1619642954131644740 2964
1619642954151084645 2857
1619642954257386312 2691
1619642954443007448 2069
1619642954522920790 2923
1619642954532695911 2799
1619642954630627463 2871
1619642954722587948 2480
1619642954805620525 2502
1619642954838660068 2537
1619642954898381422 2762
1619642954994996183 2051
1619642955043427924 2657
1619642955210256914 2268
1619642955290763016 2193
1619642955344504155 2893
1619642955378686289 2682
1619642955497203483 2355
1619642955536226168 2628
1619642955570784408 3293
1619642955600968067 4194
1619642955629033632 2294
1619642955726759113 2336
1619642955908143193 2852
1619642956137076126 3261
1619642956141912145 2665
1619642956240260334 2682
1619642956294059744 3633
1619642956303850693 2289
1619642956329053449 2052
1619642956479409920 2815
1619642956551919744 2339
1619642956556718988 2682
1619642956577000156 3113
1619642956625643197 2375
1619642956708550963 2889
1619642956732748754 2781
1619642956762141178 2695
1619642956875801042 2470
1619642956991914389 2643
1619642957013541892 3001
1619642957044542319 3600
1619642957200042831 2888
1619642957223182780 2251
1619642957366073708 2238
1619642957703896288 2203
1619642957779063925 2801
1619642957806628709 2550
1619642957903381213 3272
1619642957975759338 2540
1619642957984966295 2521
1619642958026088462 2235
1619642958074979098 2396
1619642958306602502 2670
1619642958335281080 2672
1619642958377066298 2928
1619642958508959723 3387
1619642958737459814 3422
1619642958768551059 2960
1619642958829383316 2545
1619642958895444909 2923
1619642959065964689 2953
1619642959095020329 2651
1619642959128452618 2979
1619642959138716853 3059
1619642959497667333 2238
1619642959610621864 2456
1619642959726409679 2357
1619642959746843914 2557
1619642960030860639 2783
1619642960123214067 2829
1619642960141588725 2499
1619642960229583112 2944
1619642960234479858 2761
1619642960289365800 3293
1619642960308548582 2755
1619642960362595854 2972
1619642960411733298 2764
1619642960425859764 2429
1619642960587290707 2437
1619642960700221463 2693
1619642960759239003 2057
1619642960786628325 2267
1619642960825210869 2505
1619642960940883990 2396
1619642961023580476 2890
1619642961110581993 2866
1619642961217781682 2367
1619642961327919694 3452
1619642961352913769 2716
1619642961358227950 3217
1619642961448924581 2637
1619642961473371890 2830
1619642961658729535 2426
1619642961782334596 2754
1619642961854017304 2727
1619642961863129671 2213
1619642961901299430 2328
1619642961921681023 2212
1619642961935351984 2230
1619642962070953492 2299
1619642962085885449 2665
1619642962178606814 2564
1619642962253222769 3550
1619642962320964278 2833
1619642962347160405 3466
1619642962411969485 3084
1619642962435868202 2510
1619642962586293929 2465
1619642962595896939 2835
1619642962748774745 2491
1619642962810810830 3195
1619642962970720797 2696
1619642962975479961 2657
1619642963029311541 2373
1619642963064046355 2567
1619642963079042476 3149
1619642963088364021 2392
1619642963194368943 2942
1619642963198802803 2252
1619642963353826316 2335
1619642963447545043 2397
1619642963461608089 2650
1619642963492503235 3536
1619642963520246295 2059
1619642963606712358 2158
1619642963776814704 2315
1619642963835461676 2466
1619642963926066922 3069
1619642963940648573 2735
1619642963959055718 2301
1619642963983215962 2361
1619642964058093348 3185
1619642964118874379 2227
1619642964157721492 2024
1619642964216334588 2903
1619642964265413799 2303
1619642964313628709 2241
1619642964362182908 2975
1619642964573426894 3144
1619642964578573304 2996
1619642964817116739 2174
1619642964826898795 3045
1619642964898681704 2574
1619642965079576363 3005
1619642965438124960 2670
1619642965481043851 2504
1619642965500634030 2627
1619642965521372127 3052
1619642965568663681 3723
1619642965704857245 2525
1619642965714588415 3020
1619642965739415668 2702
1619642966038162339 3003
1619642966282892516 2883
1619642966395952635 3011
1619642966490313366 3532
1619642966621894625 2342
1619642966626808568 2743
1619642966899161182 2440
1619642966932247139 2159
1619642967229729456 2624
1619642967458585530 2503
1619642967569164517 2181
1619642967573538060 2238
1619642967591931149 2151
1619642967656239913 2443
1619642967894713503 2130
1619642967955823838 3126
1619642968014859204 2312
1619642968019856697 2834
1619642968115662092 2311
1619642968119918370 2237
1619642968215535225 2440
1619642968382968512 2354
1619642968543262485 3150
1619642968610623179 2858
1619642968650667538 2712
1619642968742221878 2123
1619642968770653798 2779
1619642968837824450 3566
1619642968982237425 2483
1619642969102843537 2860
1619642969221466193 3075
1619642969308250273 8163
1619642969461161785 2283
1619642969475189120 2219
1619642969533207535 2992
1619642969565208401 2257
1619642969805478088 3113
1619642969906542631 2717
1619642969965360163 2629
1619642970018097806 3138
1619642970121557819 2436
1619642970180188954 3487
1619642970352619322 2631
1619642970405413677 2754
1619642970604166495 2797
1619642970664000582 2672
1619642970815991233 3535
1619642970920511004 3064
1619642970944725214 2832
1619642971019744971 2892
1619642971092222541 2791
1619642971116283728 2266
1619642971252732560 2999
1619642971443777826 2450
1619642971650726649 2502
