1619643012723658632 2410
1619643012750798039 2399
1619643012898473453 2761
1619643012945889582 2368
1619643012998307363 2413
1619643013121671251 3627
1619643013256427602 2475
1619643013340758580 1954
1619643013426938110 4235
1619643013578322914 2487
1619643013813542635 2675
1619643014080448106 2944
1619643014104386339 2500
1619643014368179789 2799
1619643014415137493 3002
1619643014684253445 2597
1619643014916958177 2596
1619643015180926670 2695
1619643015334114574 2549
1619643015496769775 2508
1619643015652926037 2138
1619643015826980732 3113
1619643015865765688 2583
1619643015904207279 3110
1619643016068031370 2811
1619643016151168255 2416
1619643016206403817 3184
1619643016275453671 2668
1619643016308058947 2734
1619643016313060338 2813
1619643016366555869 2382
1619643016424220058 2565
1619643016472070981 2884
1619643016542374654 2958
1619643016552002177 2600
1619643016616236175 2899
1619643016626148147 2686
1619643016674330463 3390
1619643016679495966 2919
1619643016879218139 2595
1619643016907916217 2492
1619643016937252108 2761
1619643017028998023 2575
1619643017251903586 2569
1619643017257307041 3200
1619643017400841829 2170
1619643017446101744 3339
1619643017548358850 2451
1619643017553601948 3030
1619643017843983430 3107
1619643017915316497 2856
1619643018192717048 3037
1619643018202937486 3035
1619643018308898069 2207
1619643018363175954 2872
1619643018396386961 2711
1619643018471911583 3193
1619643018530361758 2124
1619643018588397839 2741
1619643019001949357 2487
1619643019223365596 3271
1619643019237656019 3138
1619643019281703035 2193
1619643019370096844 2654
1619643019418972970 2358
1619643019749523190 2307
1619643019861469670 2677
1619643019957924015 2678
1619643019992732519 3352
1619643020002442577 2798
1619643020249515609 3079
1619643020259238734 2638
1619643020284593235 3522
1619643020303887292 2154
1619643020422278161 2649
1619643020466444301 3899
1619643020527020426 2281
1619643020614893665 2792
1619643020761997429 2990
1619643020899963848 2142
1619643020928138329 2231
1619643021050069354 2595
1619643021064644156 2884
1619643021174496556 4093
1619643021198746803 2349
1619643021399442491 2521
1619643021599715879 2020
1619643021689789667 2965
1619643021718744686 2640
1619643021776905229 2681
1619643021791626502 2316
1619643022104660065 2585
1619643022168909719 2503
1619643022267186864 2523
1619643022348969071 2809
1619643022367524800 2645
1619643022372007270 2350
1619643022416675534 3172
1619643022446223077 2755
1619643022712943134 2292
1619643022899161064 2793
1619643022999777352 2496
1619643023038098334 2733
1619643023234022545 2314
1619643023468461032 2453
1619643023473807438 3148
1619643023584967585 3356
1619643023868918337 2998
1619643023950926203 2368
1619643023980759203 2503
1619643024122542491 3191
1619643024132027080 2338
1619643024450374163 2498
1619643024623229469 2778
1619643024830023391 2337
1619643024852122489 2105
1619643024856984908 2670
1619643024866377815 2716
1619643024926591479 2669
1619643025009171767 2785
1619643025032944227 2540
1619643025057531002 2136
1619643025096305890 2512
1619643025189100559 2754
1619643025320165358 2726
1619643025329456449 2365
1619643025485426308 2357
1619643025499980110 3092
1619643025711447164 2803
1619643026152815716 2480
1619643026183001200 2413
1619643026319265637 2456
1619643026373597051 2636
1619643026378014985 2276
1619643026504206397 3062
1619643026542796763 2358
1619643026627003103 2580
1619643026651795850 2830
1619643026683156872 2729
1619643026732156721 2461
1619643026904987635 2318
1619643026959800701 2804
1619643026983792317 2096
1619643027048609090 3060
1619643027074234354 3300
1619643027183455391 2982
1619643027292924733 2165
1619643027359363619 2497
1619643027507742873 2733
1619643027591584261 2646
1619643027695878349 2221
1619643027761887446 2487
1619643027766910902 2822
1619643027886175439 2821
1619643028028546199 2888
1619643028045180152 3292
1619643028165691258 2274
1619643028331201654 2328
1619643028475293041 2604
1619643028541894629 2457
1619643028799337974 2424
1619643028832803816 2474
1619643028857469268 2282
1619643028890714257 2498
1619643029089738893 2811
1619643029130473831 2502
1619643029135856128 3182
1619643029198319070 2381
1619643029227416999 2687
1619643029247263258 3276
1619643029261188637 2542
1619643029300035304 3332
1619643029314215995 2246
1619643029357869898 2842
1619643029410622885 2261
1619643029479615344 2916
1619643029581608919 2506
1619643029630028029 2889
1619643029751184155 2692
1619643029770162157 2870
1619643029789625411 2669
1619643029881167497 2964
1619643029958990359 2332
1619643030062387774 2962
1619643030193174192 2207
1619643030283252129 3167
1619643030355872266 2719
1619643030381680152 2625
1619643030410386125 2948
1619643030443416496 2795
1619643030506386734 2304
1619643030585564097 3171
1619643030605239454 3265
1619643030642423385 2335
1619643030675394190 2933
1619643031131832859 2614
1619643031317114311 2658
1619643031321530840 2246
1619643031437971444 3192
1619643031593261472 2704
1619643031665245952 2550
1619643031708082877 2611
1619643031713164373 2906
1619643031777123250 2397
1619643031835822183 2179
1619643031992792541 3083
1619643032249738915 2497
1619643032328236423 3134
1619643032550979600 2413
1619643032781998097 2374
1619643032805569209 2379
1619643032940090502 2667
1619643033057684400 2094
1619643033212208861 2260
1619643033660121280 2538
1619643033688921342 2958
1619643033773374023 2490
1619643033816305926 2668
1619643033825494256 2386
1619643033883850384 2514
1619643034012500219 2626
1619643034096601992 3085
1619643034172766246 2051
1619643034197708849 2983
1619643034202407340 2508
1619643034231007582 2949
1619643034377253398 2817
1619643034414386331 2261
1619643034605760644 4104
1619643034843325053 2625
1619643034905944410 2193
1619643035086573848 2589
1619643035758195956 2786
1619643035800987278 3101
1619643035957299536 2477
1619643036077827993 2552
1619643036237618472 2427
1619643036306819673 2347
1619643036635936276 3375
1619643036669394242 2352
1619643036768228531 2837
1619643036778084702 2400
1619643036845246606 2638
1619643036878007921 2594
1619643037150248333 2270
1619643037160062990 2717
1619643037298476455 2759
1619643037409873199 3235
1619643037447600055 2375
1619643037485680428 3278
1619643037495663445 2918
1619643037523643461 2146
1619643037528664628 2857
1619643037532916131 2050
1619643037596679321 2920
1619643037664180189 3055
1619643037668838411 2469
1619643037677964917 2141
1619643037801080348 2243
1619643037915237275 2374
1619643037985673513 3801
1619643038000004179 2376
1619643038572895703 2377
1619643038600951015 3284
1619643038873785074 2715
1619643038892529382 2347
1619643038975443025 2595
1619643039423418451 2582
1619643039522796822 2207
1619643039596208713 3845
1619643039733284353 2550
1619643039742255144 2286
1619643040376744777 3326
1619643040395787156 2580
1619643040410230134 2934
1619643040453794328 2467
1619643040582454536 2844
1619643040664143723 2261
1619643040701969382 2518
1619643040792604108 2844
1619643040834365556 2385
1619643040980501536 2389
1619643041059230773 2156
1619643041093935559 2492
1619643041344552996 2430
1619643041423112642 2724
1619643041680565542 2883
1619643041719152980 2364
1619643041754416319 2738
1619643041787591542 2191
1619643042038305541 2808
1619643042048135896 2842
1619643042142043543 2628
1619643042151689988 2985
1619643042228680237 2580
1619643042271725126 2076
1619643042282217810 3167
1619643042413154867 2468
1619643042537889107 2501
1619643042618911272 2476
1619643042623544902 2433
1619643042716081479 2166
1619643042754360651 2740
1619643042773674991 2339
1619643042901777911 3209
1619643042944759268 2281
1619643042988767476 2341
1619643043088323618 2676
1619643043107310835 2570
1619643043274361237 3314
1619643043378722589 3166
1619643043383083828 2181
1619643043492639389 2495
1619643043818320100 2615
1619643044057945375 4035
1619643044116910206 3141
1619643044136922579 3029
1619643044197334500 2911
1619643044339917338 2331
1619643044458089481 2965
1619643044558408032 2365
1619643044572490911 2838
1619643044844113487 2788
1619643044887324623 2709
1619643045022683996 2368
1619643045145185274 2876
1619643045367916745 3170
1619643045424617562 2725
1619643045562262494 2537
1619643045719446477 2286
1619643045743500529 2431
1619643045791737214 2406
1619643045906039234 2597
1619643045957228682 2237
1619643045985888369 2473
1619643046100247915 3257
1619643046133201855 2509
1619643046174256626 2600
1619643046519983808 2454
1619643046698114130 2374
1619643046830361723 2473
1619643046854097845 2256
1619643046868954464 2669
1619643046919387218 2302
1619643047030198350 2640
1619643047237672728 2898
1619643047365733390 2539
1619643047385204984 2076
1619643047389803948 2457
1619643047414453235 3137
1619643047419119953 2459
1619643047432644490 2261
1619643047447859155 2474
1619643047453192984 3072
1619643047608366769 2882
1619643047632142886 2629
1619643047771553940 2857
1619643047849175252 2588
1619643047897137072 2462
1619643047932891106 2639
1619643047950565726 2371
1619643047973994606 2536
1619643048200407272 3185
1619643048413204322 2655
1619643048481891665 2272
1619643048542255281 2688
1619643048685430226 2098
1619643048747544421 3030
1619643048784237324 2418
1619643048894364232 2717
1619643048927851898 2409
1619643049100615658 2803
1619643049246309425 3174
1619643049252062433 3571
1619643049339703524 2722
1619643049487274659 2331
1619643049544168537 2622
1619643049628240307 2000
1619643049697865560 2384
1619643049814121604 2959
1619643049950823830 2718
1619643049965062641 2210
1619643049974863917 2680
1619643050004321223 2866
1619643050112681607 2906
1619643050118011527 3076
1619643050167647610 2268
1619643050283404285 2390
1619643050288763049 3161
1619643050369637525 2526
1619643050411324159 3335
1619643050492742721 2374
1619643050625555188 3115
1619643050668340851 2412
1619643050677512212 2352
1619643051248875534 3013
1619643051402409011 2978
1619643051521038151 2237
1619643051588611713 2288
1619643051663231806 2497
1619643051668137481 2712
1619643051712285713 2154
1619643051961968280 2136
1619643052041012642 2830
1619643052102022864 2668
1619643052130081200 2158
1619643052318047016 2586
1619643052341613917 2650
1619643052403938474 2411
1619643052487473416 2491
1619643052520156715 2329
1619643052649940763 2131
1619643052683533533 2486
1619643052813010576 2268
1619643052853428044 2604
1619643052890357207 2318
1619643052976061868 3280
1619643053079042847 2812
1619643053286454991 2097
1619643053363657984 3307
1619643053396345025 2847
1619643053426194841 2955
1619643053467906912 2648
1619643053477135775 2331
1619643053540491425 2115
1619643053699634674 3725
1619643053766684162 2150
1619643053859998330 2591
1619643053903864996 2217
1619643053967693013 2452
1619643054068198059 2708
1619643054242160364 2216
1619643054362808441 3157
1619643054497306756 2940
1619643054672004933 3482
1619643054807479656 2609
1619643054884149106 2276
1619643055183496485 2730
1619643055227317683 2607
1619643055286070042 3011
1619643055311057315 2423
1619643055385215931 2295
1619643055531209723 2506
1619643055888042747 2265
1619643055949767031 2940
1619643056006365947 3048
1619643056030938400 2932
1619643056187112686 2600
1619643056247912768 2281
1619643056272000112 2125
1619643056530763136 2680
1619643056626443729 3028
1619643056841842252 2342
1619643057073828513 2630
1619643057141957951 2975
1619643057272619634 2420
1619643057306259091 2822
1619643057320777465 2699
1619643057330293647 2674
1619643057345990227 2963
1619643057483778910 2619
1619643057650828446 2625
1619643057739206360 2791
1619643057885971314 3018
1619643058080518990 2372
1619643058091972196 3107
1619643058338004566 2490
1619643058406743385 2038
1619643058453644926 2763
1619643058638529806 2885
1619643058667113156 2612
1619643058686104623 2514
1619643058900479852 2745
1619643058915079769 2639
1619643059421947219 2528
1619643059467369526 2769
1619643059678963651 2230
1619643059726895003 2870
1619643059817495325 1923
1619643059840124563 2254
1619643060117142642 2764
1619643060330588771 2557
1619643060387911819 2439
1619643060613437517 2073
1619643060755411875 2516
1619643060759805313 2200
1619643060848640131 2603
1619643060930972926 2281
1619643061428001836 2262
1619643061485311023 2428
1619643061496962856 2934
1619643061633341927 2663
1619643061667518601 2410
1619643061775122171 2089
1619643061821354205 2714
1619643061835584921 3014
1619643061923458027 2593
1619643061946848637 2345
1619643061965140644 2114
1619643061996266156 4039
1619643062120161768 2742
1619643062549429653 2735
1619643062588528239 2415
1619643062660942161 3533
1619643062665612073 2471
1619643062826796656 2841
1619643062974077962 3141
1619643063026885566 2438
1619643063042665775 2097
1619643063283191282 2718
1619643063339316156 2855
1619643063348374908 2618
1619643063407315615 2774
1619643063482693393 2130
1619643063530800694 3199
1619643063586181332 2614
1619643063744675509 2937
1619643063841657572 2985
1619643063910003363 2589
1619643063998233883 2697
1619643064051535315 2474
1619643064291527041 2194
1619643064450117644 2301
1619643064458825164 2175
1619643064571831872 2473
1619643064627151555 2525
1619643064637500400 2984
1619643064877949617 2531
1619643064995281715 2967
1619643065245785149 2584
1619643065275326403 2263
1619643065387080203 2436
1619643065402269505 2971
1619643065423294073 3559
1619643065447279667 2381
1619643065456245797 2019
1619643065476421934 2535
1619643065535174338 2644
1619643065666188662 2658
1619643065765577259 4209
1619643065978265873 2298
1619643066078534537 2784
1619643066270851782 3655
1619643066324101562 2978
1619643066419007922 2902
1619643066444142007 4115
1619643066487429287 2540
1619643066496970061 2727
1619643066549681749 2704
1619643066598506056 2506
1619643066629428861 3178
1619643066677389310 2259
1619643066751117443 3095
1619643066846036732 2783
1619643066988373287 2052
1619643066996902029 1942
1619643067166335343 2823
1619643067289431967 2427
1619643067351224999 2259
1619643067706859711 2805
1619643068006774286 4916
1619643068203322249 2150
1619643068315874720 2700
1619643068409198806 2330
1619643068493216938 2437
1619643068547401096 2881
1619643068729123600 2404
1619643068744673736 2960
1619643068830256133 3084
1619643068886786331 2470
1619643069058857770 2338
1619643069224488201 2116
1619643069319459469 2343
1619643069329253830 2207
1619643069334285138 2834
1619643069434427950 2910
1619643069462806508 2534
1619643069490855296 2235
1619643069552234371 2517
1619643069839446278 4100
1619643069901055272 2428
1619643069920095710 2584
1619643069964344731 2460
1619643070032252295 2255
1619643070248446018 2315
1619643070289394274 2277
1619643070384874595 2339
1619643070502427226 2554
1619643070512661034 2429
1619643070517800396 2936
1619643070776671441 2358
1619643070818213541 2483
1619643070858049924 2618
1619643070947244667 2854
1619643071204211920 4150
1619643071227701819 2100
1619643071232613828 2808
1619643071276190616 2412
1619643071280979838 2602
1619643071344518848 2965
1619643071404752385 2457
1619643071419056995 2395
1619643071642651910 2486
1619643071857280875 2592
1619643071890918607 2607
1619643072055970876 2689
1619643072089237133 2234
1619643072217844525 2811
1619643072353494865 2755
1619643072448459325 2229
1619643072471103527 2508
1619643072558727552 2966
1619643072563123477 2195
