1619646838463405228 4483
1619646838491248486 4731
1619646838602745041 3560
1619646838616260989 4494
1619646838736596507 5847
1619646838797379689 6413
1619646838913564875 3315
1619646839181736330 6647
1619646839300019028 2873
1619646839439298349 5578
1619646839560887292 7258
1619646839762650288 4654
1619646839987764286 6058
1619646840409346981 4311
1619646840519521796 4043
1619646840544465585 3946
1619646840554923772 8411
1619646840597065067 3925
1619646840656190267 8961
1619646840674666648 4838
1619646841015114895 6914
1619646841078428000 5076
1619646841104626675 4708
1619646841158826256 4899
1619646841547741697 6118
1619646841624178201 3725
1619646841700979739 8231
1619646841930206909 3560
1619646841936860845 4558
1619646842148197825 4281
1619646842191065986 4692
1619646842233085952 6696
1619646842383954595 5252
1619646842514293246 5200
1619646842773610023 15559
1619646842859460078 4401
1619646842934478582 4755
1619646842966729974 4754
1619646843028246916 3967
1619646843061421488 3863
1619646843284338354 4995
1619646843290884709 4517
1619646843719860683 7319
1619646843878868304 10161
1619646844046163221 4503
1619646844184150098 4911
1619646844468157554 2863
1619646844739731729 4841
1619646845188232647 3605
1619646845521964053 4263
1619646846105713287 5597
1619646846244482547 5671
1619646846276644363 3906
1619646846374103940 4023
1619646846571267911 5160
1619646846593681042 4357
1619646846771115034 5631
1619646847061114520 5218
1619646847085945636 5586
1619646847176895310 4196
1619646847299970145 4708
1619646847321352055 3997
1619646847672871297 4280
1619646847793500845 2537
1619646847996603235 7472
1619646848009432870 3752
1619646848276787143 4439
1619646848412022207 4085
1619646848710804452 7990
1619646848716939110 4056
1619646848782519104 4282
1619646848833910246 6052
1619646849075584587 11866
1619646849146665933 3486
1619646849213198865 5986
1619646849367038486 5781
1619646849425798241 5488
1619646849516701262 4220
1619646849713086531 4839
1619646850178530354 3528
1619646850290933567 4553
1619646850353523127 4398
1619646850577412467 15123
1619646850706819434 5691
1619646851112196796 4570
1619646851388122449 5855
1619646851484679260 4615
1619646851551308318 10421
1619646851625590969 3946
1619646851844174530 6842
1619646852032880217 4487
1619646852211495611 4312
1619646852225744812 3550
1619646852231555598 3781
1619646852392541080 3633
1619646852480244153 9438
1619646852617155980 3911
1619646853216473355 3851
1619646853308755945 4087
1619646853587937452 5100
1619646853618853996 6548
1619646853931078746 4943
1619646854025597793 4358
1619646854100641138 3436
1619646854225443431 3694
1619646854239149189 4952
1619646854284642572 7858
1619646854367584444 5007
1619646854621070346 4068
1619646854728173182 4015
1619646854758469344 7851
1619646855297986072 5009
1619646855344124954 5490
1619646855431501397 4547
1619646855483578681 5789
1619646855683282417 4793
1619646855775767765 7191
1619646855870267503 5483
1619646855890894339 5349
1619646856077243538 4684
1619646856181121380 4308
1619646856299237330 4264
1619646856586912582 3988
1619646856668092367 4189
1619646856735113137 3913
1619646856825097546 4305
1619646856910198390 4552
1619646856948921305 5737
1619646856982858753 5026
1619646857001806954 3997
1619646857113949055 5279
1619646857235225000 4231
1619646857363152113 4939
1619646857461474371 3581
1619646857520374581 9621
1619646857565480180 4760
1619646857704362876 4712
1619646857746983927 6495
1619646857807265819 3825
1619646857866955966 13846
1619646857921294222 5533
1619646857928153059 4719
1619646857967893762 3509
1619646858014111044 6240
1619646858215370630 4744
1619646858321935489 4602
1619646858989297910 5074
1619646859034959002 4589
1619646859182904765 11307
1619646859222831628 5376
1619646859311396441 5348
1619646859774053975 34089
1619646859831753410 4029
1619646859879050959 5406
1619646859943149253 4148
1619646859956629089 3873
1619646860001827482 5147
1619646860013554855 9705
1619646860363254251 8327
1619646860496633506 3983
1619646860504251101 5571
1619646860789216838 4398
1619646861060682765 4330
1619646861268647475 6017
1619646861335708605 5233
1619646861754029290 3393
1619646861859156953 4784
1619646862537285164 4211
1619646862579676876 8660
1619646862620097704 11106
1619646862700628406 4105
1619646862877456827 6349
1619646862903528641 4914
1619646863058227175 4034
1619646863536838508 4229
1619646863661079204 4071
1619646863675273065 4418
1619646864099806726 5499
1619646864541469156 5496
1619646864731907389 4313
1619646864905005791 9491
1619646865217984830 4089
1619646865337993368 5177
1619646865516804356 4572
1619646865617285332 5138
1619646865636766890 4656
1619646865795646027 4452
1619646865889892152 5467
1619646866035936745 3487
1619646866150686225 4719
1619646866186645502 4864
1619646866515188275 2708
1619646866624537354 3371
1619646866923774157 6202
1619646867266308733 4137
1619646867441415957 3229
1619646867463594620 4635
1619646867484482992 12455
1619646867545143690 4886
1619646867780760714 4917
1619646867846040628 4583
1619646867916340799 5733
1619646868053827551 3997
1619646868115049192 5255
1619646868121691256 4520
1619646868162491856 6067
1619646868173770827 4181
1619646868191631456 9379
1619646868204550133 3718
1619646868331664927 5464
1619646868749249702 4174
1619646869230929605 4127
1619646869237696653 4732
1619646869414442894 8156
1619646869937377954 8253
1619646869963038960 3575
1619646870085156769 4303
1619646870274245648 12255
1619646870381839862 3776
1619646870524173963 4270
1619646870591904069 4250
1619646870821535586 5563
1619646871024781938 3281
1619646871043405544 4123
1619646871328726874 2764
1619646871335727156 4880
1619646871574566942 9670
1619646871708112978 4287
1619646872094891637 4764
1619646872122391896 6970
1619646872326722972 5104
1619646872594284013 6601
1619646872640860920 3631
1619646872860341415 4484
1619646873019504888 4823
1619646873116447387 5006
1619646873261192829 6788
1619646873418515138 5753
1619646873510071449 6622
1619646873653238411 7100
1619646873987765465 4694
1619646874156109506 4383
1619646874499233680 4113
1619646874504352855 3044
1619646874538405559 4807
1619646875279129404 13371
1619646875728904355 3748
1619646875954225718 4698
1619646876203287925 6706
1619646876372105608 6079
1619646876683543601 4313
1619646876717940172 3867
1619646877332306164 4880
1619646877393781642 5268
1619646877496874702 6970
1619646877736110282 7006
1619646877798759637 5947
1619646878004068353 6085
1619646878012266596 6065
1619646878091716951 4909
1619646878113698435 2889
1619646878224972949 5488
1619646878293247174 5004
1619646878404889066 4500
1619646878516007451 5345
1619646878609858503 3684
1619646878616176827 4287
1619646878706530399 7579
1619646878724331783 4984
1619646878783440314 5459
1619646878825511242 3769
1619646878980856180 6395
1619646879320541971 9345
1619646879479186854 12779
1619646879498394722 4600
1619646879512127829 4775
1619646879705890205 5975
1619646879831080612 4455
1619646879906701692 6283
1619646879926208086 4716
1619646880107845957 5018
1619646880128157042 4191
1619646880503570385 3750
1619646880531318087 6317
1619646880578011651 12823
1619646880695576821 6572
1619646880934948713 5172
1619646881112543863 5329
1619646881356169178 11344
1619646881709088317 5435
1619646881715640923 4435
1619646881830818335 4566
1619646882178127487 10463
1619646882263153819 4909
1619646882602095472 6078
1619646882623094427 4748
1619646882680924261 4770
1619646882781528108 4417
1619646882923089135 4215
1619646883061030614 3670
1619646883385299357 4844
1619646883581285757 5152
1619646883707886445 5288
1619646883808526046 9952
1619646883959199158 6121
1619646884509414122 4199
1619646884517468207 6004
1619646884633439512 3963
1619646885254628683 9900
1619646885384713370 4094
1619646885438145542 5868
1619646885496938646 4220
1619646885502460258 3486
1619646885614379674 3959
1619646885705563980 4428
1619646885875662569 6588
1619646885942458429 5447
1619646886127177291 5576
1619646886160172738 4655
1619646886218633315 7362
1619646886474721322 15364
1619646886481229751 4327
1619646886487471137 4180
1619646886519949535 3620
1619646886526375803 4331
1619646886760565339 5420
1619646886899494752 5838
1619646886956650611 3931
1619646887164767182 11816
1619646887195581723 4255
1619646887978366795 19869
1619646887985558923 5148
1619646888013346541 6551
1619646888095843009 5052
1619646888226883792 5940
1619646888352594424 4632
1619646888411342873 5429
1619646888539749028 4828
1619646888768087548 4505
1619646888778472074 8351
1619646888786202455 5699
1619646888960976415 3882
1619646889533792078 6487
1619646889749620896 12003
1619646890015708716 4581
1619646890151419058 4730
1619646890205201871 8751
1619646890403797705 3940
1619646891004630837 4814
1619646891332923424 4866
1619646891460246973 3475
1619646891689357337 4334
1619646891695582461 4166
1619646891765372889 8085
1619646891845131006 4072
1619646892446199280 5170
1619646892773832672 5589
1619646892865518142 6410
1619646893188753341 5109
1619646893386339609 4491
1619646893441755566 4462
1619646893775000136 11927
1619646893802165155 5060
1619646893808283102 4034
1619646893981773569 10337
1619646894045677307 3706
1619646894247746304 4442
1619646894558282341 4179
1619646894615615233 5478
1619646894964671093 3873
1619646895021440950 4723
1619646895211194413 4796
1619646895236473579 5844
1619646895384641760 5377
1619646895450420739 5650
1619646895643429048 4818
1619646896119745752 5234
1619646896227746732 5243
1619646896292166461 3932
1619646896376222261 16709
1619646896493268961 4776
1619646896587567299 5188
1619646896602697678 5195
1619646896660062417 4293
1619646896674703546 12609
1619646896793812310 4077
1619646897128920567 4775
1619646897685783509 6708
1619646897729360575 4455
1619646897811483460 4657
1619646897950238144 4483
1619646897980641003 4688
1619646898108951318 4144
1619646898327074846 4940
1619646898367397152 4216
