1619647857776707697 4175
1619647857850531671 6460
1619647857868428926 5167
1619647857975448913 4315
1619647858077800927 4534
1619647858117170061 6261
1619647858225128737 5132
1619647858347974226 3842
1619647858855593915 4984
1619647858965299141 4520
1619647859069375700 8182
1619647859141608081 6411
1619647859152287059 8524
1619647859193515122 6003
1619647859362127358 3727
1619647859857020771 7803
1619647859863485239 4242
1619647859891970329 8131
1619647860113107006 8332
1619647860224828593 9770
1619647860277258650 3987
1619647860654679582 3877
1619647860857760204 4508
1619647861095178062 6566
1619647861167524992 5895
1619647861366424007 11046
1619647861693634123 6441
1619647862317066983 4840
1619647863191313603 4001
1619647863269792056 6844
1619647863285343145 4814
1619647863340447729 4201
1619647863435647668 7474
1619647863520203080 8293
1619647863561481591 4826
1619647863695854815 7516
1619647864229740021 4174
1619647864839024702 4758
1619647864950549349 3672
1619647865093443805 4862
1619647865110317206 14791
1619647865131876135 6355
1619647865145208031 4630
1619647865278086738 4951
1619647865285914179 5702
1619647865344137974 8524
1619647865428391939 7123
1619647865543740790 4800
1619647865569200124 4024
1619647865718715064 3374
1619647865846746902 7258
1619647865958262872 10053
1619647865978402607 4865
1619647866009873102 3842
1619647866301467962 4712
1619647866421788392 3888
1619647866752161199 4127
1619647866956612701 3538
1619647866972362645 6352
1619647867636844085 4352
1619647867761532274 5054
1619647867905149934 3691
1619647867986084058 5107
1619647868047599582 5813
1619647868262154418 4879
1619647868420480069 7199
1619647868549482889 10347
1619647868655471015 4849
1619647868833039632 5966
1619647869147777467 3590
1619647869315290952 4020
1619647869542221816 3982
1619647869757299347 7336
1619647870047535078 5691
1619647870383964838 6041
1619647870685668193 4821
1619647870770959100 4609
1619647870777096118 4072
1619647870808684815 6128
1619647870815401269 4668
1619647870869743704 6352
1619647870897569231 5421
1619647871434498001 4810
1619647871455586756 5956
1619647871770808538 5385
1619647872366834787 4139
1619647872461172069 5132
1619647872567432594 4677
1619647872874014267 5920
1619647873024571684 4908
1619647873163220065 3460
1619647873182997166 4493
1619647873216627105 4960
1619647873749959740 4161
1619647873836575139 4032
1619647873853707428 4819
1619647874118292005 9363
1619647874153121489 4068
1619647874356249656 3692
1619647874404315837 5000
1619647874546923977 4997
1619647874563574068 6174
1619647874575781108 4382
1619647874687667204 3871
1619647874818362132 4763
1619647874911105415 16008
1619647875121817180 7521
1619647875239186943 4038
1619647875360257592 4689
1619647875438356719 3882
1619647875741864657 4764
1619647875798345326 3823
1619647876141252740 5409
1619647876189866016 5498
1619647876285548997 4272
1619647876491506094 4074
1619647876528063611 7200
1619647876544128754 4620
1619647876645544929 4486
1619647876667357806 6004
1619647876927651199 5307
1619647877139803992 4553
1619647877178766589 4935
1619647877405155187 7079
1619647877641874519 7209
1619647877729540068 4740
1619647877936745617 4570
1619647878260014635 13111
1619647878277670546 4053
1619647878346417507 3729
1619647878455231232 3633
1619647878680803305 4190
1619647878773724162 4505
1619647878863840717 7345
1619647878974052472 6146
1619647878989233229 6639
1619647879180216704 3024
1619647879268112094 4566
1619647879365985806 4333
1619647879744285578 3976
1619647879799794680 6207
1619647879860995036 4285
1619647879867341248 4265
1619647880062616839 4102
1619647880211959477 12913
1619647880258503552 8107
1619647880483088167 5222
1619647880797946400 4522
1619647880853629433 4415
1619647880860713729 4909
1619647881272797274 4654
1619647881820294968 4811
1619647881830267623 7931
1619647881994982328 4599
1619647882516059341 4230
1619647882567058211 9712
1619647882631940690 4193
1619647882667436557 6214
1619647882780640801 5293
1619647882872794881 4053
1619647882955724631 4014
1619647882962470312 4699
1619647882975596318 5314
1619647883054467878 5112
1619647883153560971 4587
1619647883433855961 10956
1619647883629050782 4899
1619647884044653837 4414
1619647884238572976 4027
1619647884271122811 5842
1619647884417708341 7380
1619647884584222084 6881
1619647884782627852 5835
1619647884798882062 7276
1619647884882321498 4652
1619647885037647255 5254
1619647885110090329 22283
1619647886066910034 3703
1619647886114538098 3908
1619647886190928174 6609
1619647886289399403 4513
1619647886373230135 4628
1619647886587161189 3719
1619647886610716018 21410
1619647886632253563 4636
1619647886751374124 4124
1619647886854307353 4731
1619647886901624005 10711
1619647887071814476 4380
1619647887174219440 5374
1619647887352359873 4586
1619647887371878474 5066
1619647887377548042 3632
1619647887644320950 4760
1619647887657887195 5292
1619647888771433091 4554
1619647888822136775 4264
1619647888983388224 5388
1619647889396312774 5384
1619647889619911204 4457
1619647889978843668 4005
1619647890018095431 4942
1619647890308920693 24731
1619647890315665153 4713
1619647890934184040 5374
1619647890981450224 5301
1619647891081138607 4592
1619647891273141278 5496
1619647891413148863 25503
1619647891503385333 7859
1619647891569048503 4485
1619647892005859197 6019
1619647892216534740 5234
1619647892268992703 3754
1619647892617328775 6125
1619647892650275659 3699
1619647892865093982 8841
1619647892981720990 5305
1619647893038867584 6731
1619647893309314040 21013
1619647893380150881 5386
1619647893410735471 20813
1619647893483902894 3945
1619647893704663696 7117
1619647893873613758 3602
1619647894315314113 4995
1619647894559515699 4865
1619647894668749301 3978
1619647894950137319 5342
1619647894959171397 6874
1619647895089490042 5254
1619647895246297522 9083
1619647895527710593 3625
1619647895534107267 4337
1619647895593717085 5305
1619647895758714528 5126
1619647896029129048 4234
1619647896060099474 7297
1619647896507268022 3188
1619647896574804498 5442
1619647896596540951 5335
1619647897196147124 4246
1619647897454238594 4462
1619647897488129002 6019
1619647897494985170 4741
1619647897625841508 4436
1619647897778248241 3859
1619647897891772813 11019
1619647898152062081 4817
1619647898231116595 3614
1619647898355525601 4277
1619647899181828036 6774
1619647899289710962 4401
1619647899523955190 6404
1619647899547531377 5814
1619647899600279981 4309
1619647899717369760 4705
1619647899744017870 8720
1619647899808818189 29491
1619647899952110909 4223
1619647900158726540 4786
1619647900371079191 5825
1619647900418844873 4214
1619647900485688315 5332
1619647900520851833 4937
1619647900665926869 4696
1619647900701593348 7132
1619647900780032435 4190
1619647900913023068 28274
1619647901023256668 5109
1619647901086199409 5880
1619647901130573971 5622
1619647901650044211 4069
1619647901700586483 5634
1619647901790370549 3989
1619647902393266580 4962
1619647902446415808 5489
1619647902566333148 5833
1619647902587655476 6610
1619647902813125599 22681
1619647902819460071 4239
1619647902867651579 4585
1619647902954434803 4623
1619647903145263048 5224
1619647903282854818 13564
1619647903445521820 3741
1619647903468533799 4319
1619647903676687144 5505
1619647903713012757 34225
1619647903793944933 4482
1619647903820158857 4731
1619647903956337336 4615
1619647903983091311 5580
1619647903990168229 5040
1619647904174655284 4798
1619647904187780029 4586
1619647904260646569 4359
1619647904479049692 5340
1619647904535407060 5951
1619647904665431071 3716
1619647904696319206 5181
1619647904841262480 4563
1619647905781756140 4566
1619647905797206347 5435
1619647905822925616 3722
1619647905970356788 5585
1619647906410741077 22939
1619647906474698918 4055
1619647906547143374 5130
1619647906561625037 5689
1619647906672583110 8302
1619647906678637287 3996
1619647906799792497 4714
1619647906864440527 3979
1619647907351500983 4411
1619647907460569031 4360
1619647907509664701 4485
1619647907648986376 5114
1619647907830677855 5124
1619647908082287180 5753
1619647908308461846 23375
1619647908966634889 5403
1619647909136034558 3925
1619647909156076807 5484
1619647910071109373 4960
1619647910145731163 5343
1619647910167098382 7200
1619647910201240693 5132
1619647910681944682 4401
1619647910687064980 3102
1619647910959467557 3988
1619647911348132207 6490
1619647911541332573 4043
1619647911641160380 4051
1619647911759106169 5582
1619647911867911539 3967
1619647911982711326 7740
1619647912226941469 5219
1619647912576756047 4289
1619647912647080363 6010
1619647912667577782 4458
1619647912779539829 3855
1619647912868974237 4340
1619647912979155678 5957
1619647913016437846 4735
1619647913036694002 4343
1619647913060943596 4290
1619647913120839883 5150
1619647913157442611 6310
1619647913212272166 20268
1619647913478375750 5152
1619647913551648638 4712
1619647913649542860 3968
1619647913726747491 5294
1619647914110302765 19594
1619647914149653989 5489
1619647914629979663 5724
1619647914676182349 4371
1619647914720535964 4913
1619647914759447568 3753
1619647914789870736 5431
1619647914838234612 5983
1619647914871918890 7209
1619647914906682272 3831
1619647914943876243 3868
1619647915041058577 9926
1619647915136950395 5603
1619647915168700414 5169
1619647915248994236 4259
1619647915439485150 3837
1619647915807609613 26045
1619647915929679548 4636
1619647916144456487 4695
1619647916177159191 4225
1619647916341180947 4924
1619647916388034841 4717
1619647916427086029 4361
1619647916448291005 5835
1619647916649816992 4180
1619647916831896257 3967
