1619648851051628422 11252
1619648851352819660 5953
1619648851672145820 6987
1619648851690181365 15977
1619648852019893592 3941
1619648852187804724 22444
1619648852315261119 5050
1619648852565801853 8125
1619648852626486222 6439
1619648852636204134 7617
1619648853243449601 4718
1619648853542518162 4887
1619648853557700841 13080
1619648853637046427 4857
1619648853868496044 4075
1619648854264714926 8442
1619648854299047241 5531
1619648854525291749 9703
1619648854909859946 4939
1619648854949187159 5039
1619648855063624557 7957
1619648855103084333 5650
1619648855641141036 4746
1619648855698018399 5628
1619648855715751160 8881
1619648855722927052 5143
1619648855797132978 5193
1619648855923026665 7702
1619648855992998860 4153
1619648856033594199 4931
1619648856274371025 3705
1619648856493285177 5385
1619648856788980056 29830
1619648856824393279 5559
1619648856893454698 6181
1619648856923359185 4068
1619648856947793238 7022
1619648857006485779 4774
1619648857148816755 5235
1619648857633994952 4978
1619648857884778293 10693
1619648858143733547 5358
1619648858179022278 9587
1619648858207146593 4804
1619648858711578803 5610
1619648858793054755 6374
1619648858985655079 12212
1619648859142201435 6578
1619648859373205459 4644
1619648859495758919 5589
1619648859719989241 4527
1619648859861977000 4685
1619648859999131759 4199
1619648860030946009 6534
1619648860039014717 6020
1619648860081523206 6123
1619648860126950150 6596
1619648860215322734 6474
1619648860359243647 5680
1619648860509592018 4806
1619648860669745888 6552
1619648860790800812 4763
1619648860802979345 3783
1619648861117030416 4090
1619648861155330677 5438
1619648861999548301 6937
1619648862218782560 4154
1619648862306495022 4363
1619648862342754276 8459
1619648862450334244 8506
1619648862536658196 4252
1619648862554429121 6741
1619648862691619792 6055
1619648862944714176 5124
1619648863094319713 6838
1619648863116336135 6249
1619648863261972252 6197
1619648863425877493 8685
1619648863431969968 4006
1619648863645944993 5661
1619648863896612635 4641
1619648864061824726 6623
1619648864150584294 7150
1619648864166625806 4583
1619648864750763177 5119
1619648864841149804 5280
1619648865199461590 5176
1619648865312292956 5857
1619648865423676665 5997
1619648865543898308 3651
1619648865605892059 4054
1619648865630326540 5271
1619648865808590600 7200
1619648865821350368 3146
1619648865915078501 6131
1619648865931244215 5876
1619648865939683480 6399
1619648866524130215 7415
1619648866552915377 8357
1619648866619906122 4095
1619648867140299503 4417
1619648867330827106 4426
1619648867873456994 6543
1619648867916367524 4819
1619648868068128396 7124
1619648868457367233 6536
1619648868829155608 6845
1619648869239241165 8945
1619648869481513376 5040
1619648870005181182 5670
1619648870110586672 3632
1619648870541524796 6364
1619648870604881857 4793
1619648870646028288 7956
1619648871090175301 4512
1619648871381971766 4694
1619648871424351031 5166
1619648871431707950 5297
1619648871697479388 3975
1619648871812096869 7057
1619648872037510382 4722
1619648872052752519 4861
1619648872142029415 6757
1619648872440300613 3985
1619648872490189152 10980
1619648873134171061 7095
1619648873184388236 10419
1619648873316663349 4523
1619648873390303306 4569
1619648873449779832 11958
1619648873496201111 4504
1619648873551239919 4390
1619648873714369216 10172
1619648874604696285 12022
1619648874740046689 4337
1619648875030906005 6285
1619648875349526761 10424
1619648875561681879 4465
1619648875703391046 6372
1619648875885143567 20264
1619648876050448911 6380
1619648876544954461 4353
1619648876583320805 3528
1619648876602337533 5126
1619648876994762568 7352
1619648877003089191 6206
1619648877009990068 4877
1619648877131618502 5428
1619648877196766300 5481
1619648877311997954 5443
1619648877392083520 4995
1619648877533444296 5441
1619648878017155009 5551
1619648878109924981 9272
1619648878142308837 5742
1619648878400975543 4907
1619648878694718681 5129
1619648878701946716 5197
1619648878824340587 4094
1619648879152453069 4199
1619648879354053721 11737
1619648879490629714 17246
1619648879936790749 5785
1619648879953574737 5069
1619648879964055630 8444
1619648880056248515 4967
1619648880150405094 3967
1619648880191974599 5546
1619648880207596901 6518
1619648880217733763 8037
1619648880533338773 6153
1619648880562882683 4303
1619648881016468799 6086
1619648881498853491 5144
1619648881664824588 4848
1619648881995931115 5394
1619648882320836279 11258
1619648882700946682 6330
1619648882723340193 4869
1619648882732451047 7080
1619648883207089895 3832
1619648883414384118 4076
1619648883635404738 7247
1619648883650196062 4729
1619648883720899755 5531
1619648884151330821 6751
1619648884847332485 6079
1619648884948721602 6816
1619648885121921461 8419
1619648885145333434 4997
1619648885151496023 4100
1619648885405896319 7909
1619648885446271857 10748
1619648885733824751 4987
1619648886024809104 5169
1619648886138304514 4846
1619648886408639339 4177
1619648886544447757 5661
1619648886552989513 6374
1619648886818687029 11589
1619648887180451813 7218
1619648887327397698 6637
1619648887485674536 30318
1619648887648892681 7207
1619648887958687125 11805
1619648888448297544 4118
1619648888578442305 4424
1619648889153947755 5057
1619648889193444490 5836
1619648889316752086 4634
1619648889399255651 6183
1619648889732757420 7258
1619648889901023902 6131
1619648890319793948 4541
1619648890788153090 20337
1619648891051566725 4969
1619648891205426663 4792
1619648891353549583 4930
1619648891576059352 4732
1619648891646683593 6547
1619648891810879298 5741
1619648892310617668 6572
1619648892405154299 4487
1619648892483892944 25753
1619648892509068336 5643
1619648892589537866 12855
1619648893152822121 5523
1619648893792170281 5123
1619648894435793362 10138
1619648894644017450 5552
1619648895007520820 4471
1619648895034236019 3304
1619648895348404007 4565
1619648895425981272 6632
1619648895605775378 3813
1619648895738244673 5669
1619648896326286786 9404
1619648896443641897 7398
1619648896549106493 4997
1619648896640073998 3894
1619648896933355157 5868
1619648897318975842 5909
1619648897377056887 5400
1619648897421376023 4882
1619648897473049281 5475
1619648897520260278 4612
1619648897621161185 8203
1619648897731835288 7748
1619648897799840415 4719
1619648898311649297 4834
1619648898386058692 34463
1619648898401192068 4157
1619648898488788620 28662
1619648898795802678 7018
1619648899011290936 5819
1619648899041503778 5710
1619648899101994989 6932
1619648899216038136 5825
1619648899548352509 6884
1619648899723500869 4435
1619648900003283675 5518
1619648900560381270 5043
1619648900631299888 4712
1619648900995156233 5671
1619648901001639502 4379
1619648901008517346 4825
1619648901078431578 5843
1619648901542226555 4625
1619648901776582703 4327
1619648901813775647 10202
1619648902216350816 6185
1619648902415118357 4220
1619648902703060464 4238
1619648902747153508 4484
1619648902888880425 35659
1619648903085770824 22584
1619648903320112739 5159
1619648903419515738 6785
1619648903736004470 5085
1619648904236707959 4303
1619648904615650605 6676
1619648904984230971 29700
1619648905547930632 5342
1619648905783359435 5714
1619648906420666388 5810
1619648906517936002 6135
1619648906944847319 4480
1619648906952122311 5185
1619648907111193391 4072
1619648907337532818 4933
1619648907439143211 4704
1619648907492991783 5845
1619648907897409566 4363
1619648908248953545 6194
1619648908440059491 4834
1619648908645398942 7240
1619648908829496114 4643
1619648909056101406 7274
1619648909124602584 8062
1619648909248772201 5228
1619648909308007971 4092
1619648909439461693 6138
1619648909788036296 17113
1619648909796441882 6295
1619648909909754523 4296
1619648909934164082 6504
1619648910053315374 5368
1619648910103496914 4342
1619648910199591442 5917
1619648910431419603 3529
1619648910463922217 8102
1619648910614849869 6311
1619648910634162796 5417
1619648910961595714 6615
