1619478286538209766 223
1619478286549991462 248
1619478286600694134 1038
1619478286684214838 1005
1619478286702895892 271
1619478286713748681 1169
1619478286735529136 181
1619478286758126202 1002
1619478286772854310 961
1619478286796867103 626
1619478286888798582 1667
1619478286904707693 757
1619478286932766331 1164
1619478287023625767 763
1619478287058659676 561
1619478287097053153 1023
1619478287123183523 543
1619478287150852930 804
1619478287323376240 177
1619478287392253813 815
1619478287427699635 570
1619478287500509471 558
1619478287571578255 681
1619478287736346565 385
1619478287748058661 1253
1619478287785535516 455
1619478287881555238 243
1619478287974923335 1134
1619478288002231302 922
1619478288105815408 821
1619478288111641567 571
1619478288116880213 985
1619478288139448768 850
1619478288199925183 755
1619478288331143022 925
1619478288344712698 820
1619478288381328584 184
1619478288405982413 881
1619478288429001435 219
1619478288452416807 1151
1619478288518000542 1066
1619478288671197955 232
1619478288723164282 906
1619478288754018915 230
1619478288780112607 756
1619478288804597437 719
1619478288809717205 211
1619478289033050280 855
1619478289066093958 1317
1619478289087740292 1106
1619478289229895467 195
1619478289297685201 1059
1619478289319000253 167
1619478289337849628 1014
1619478289340663970 781
1619478289343564238 829
1619478289384699735 775
1619478289401605374 610
1619478289451220987 829
1619478289514349176 209
1619478289564246507 594
1619478289651926029 830
1619478289660359002 724
1619478289723435789 242
1619478289870318848 533
1619478289882435780 1115
1619478289915669465 769
1619478289947338681 968
1619478290009496643 567
1619478290093086095 849
1619478290101037188 189
1619478290104213057 1134
1619478290127856895 478
1619478290244205991 211
1619478290435702002 1364
1619478290543880899 275
1619478290633038665 641
1619478290732758036 879
1619478290785787852 223
1619478290834431306 1104
1619478291083491412 191
1619478291138532999 210
1619478291216297954 1048
1619478291238872861 978
1619478291264784616 1005
1619478291293454864 1148
1619478291337688233 808
1619478291359743125 919
1619478291504761952 589
1619478291539621041 992
1619478291582301204 1150
1619478291715109845 635
1619478291749410477 252
1619478291791289290 926
1619478291810783942 993
1619478291947857783 681
1619478292156133819 1125
1619478292379256766 193
1619478292398763689 628
1619478292561050123 754
1619478292814220606 560
1619478292855082714 709
1619478292909742654 753
1619478292940269762 618
1619478293015938526 908
1619478293051395622 613
1619478293087195754 807
1619478293173370838 568
1619478293245527555 260
1619478293263429456 652
1619478293283865692 182
1619478293336880888 1029
1619478293364497129 510
1619478293405263217 284
1619478293433810081 166
1619478293488486827 851
1619478293513325169 804
1619478293558607980 716
1619478293572296756 721
1619478293631012633 199
1619478293655052318 996
1619478293661339191 1126
1619478293741624459 748
1619478293899360641 1060
1619478293915564558 1061
1619478293947059752 505
1619478294067292468 768
1619478294128977415 923
1619478294203382880 844
1619478294220805101 454
1619478294320779038 860
1619478294399717376 639
1619478294406836323 195
1619478294425208312 857
1619478294452767444 864
1619478294479127308 1756
1619478294500689552 661
1619478294505676288 214
1619478294621813662 830
1619478294627124631 233
1619478294756417301 1068
1619478294834501270 703
1619478294839051977 263
1619478294846484883 229
1619478294857396824 1692
1619478294873582287 721
1619478294974679081 685
1619478295231485259 717
1619478295257227985 678
1619478295355668640 856
1619478295403986354 714
1619478295423421337 868
1619478295504587477 864
1619478295568582365 171
1619478295624442160 1754
1619478295668725067 1603
1619478295920155265 1002
1619478295991557606 473
1619478295994436159 803
1619478296033817702 720
1619478296127462235 703
1619478296184652887 1047
1619478296193060092 1385
1619478296203610063 1153
1619478296231224436 438
1619478296250607542 843
1619478296261349050 303
1619478296406798878 1061
1619478296497846715 1765
1619478296523132996 649
1619478296578591443 205
1619478296653083224 657
1619478296707322233 692
1619478296773534566 342
1619478296785352514 1852
1619478296854451558 231
1619478296909910773 644
1619478297099629166 580
1619478297132264660 964
1619478297168349085 531
1619478297173855037 649
1619478297251706305 197
1619478297335318567 1013
1619478297348174991 789
1619478297355355761 296
1619478297398967172 541
1619478297529632674 903
1619478297649057140 228
1619478297654942911 613
1619478297688191300 231
1619478297817728766 872
1619478297993504076 612
1619478298128082503 742
1619478298148628730 228
1619478298163815779 250
1619478298171089272 219
1619478298366616283 626
1619478298507065207 441
1619478298553644054 200
1619478298572819265 743
1619478298639835703 217
1619478298666835081 688
1619478298734284499 1102
1619478298769017196 235
1619478298791150998 743
1619478298817515201 1023
1619478298833473108 210
1619478298911600464 198
1619478298989756817 821
1619478299036287325 1123
1619478299070893333 636
1619478299104764894 614
1619478299128280241 810
1619478299170736446 534
1619478299261293555 704
1619478299315974683 765
1619478299454117950 898
1619478299577906512 945
1619478299694372750 215
1619478299755164938 246
1619478299799395323 839
1619478299895237587 904
1619478299898134004 781
1619478299924939872 857
1619478299962629512 240
1619478300042891968 583
1619478300066923386 264
1619478300133284207 152
1619478300181145178 179
1619478300204100623 870
1619478300318097963 818
1619478300417366511 698
1619478300472758485 281
1619478300484068047 221
1619478300602058690 1743
1619478300616357000 787
1619478300682639152 739
1619478300717589851 781
1619478300772923277 212
1619478300801904269 953
1619478300843057148 884
1619478300866080728 833
1619478300874102459 903
1619478301046434146 583
1619478301193755526 610
1619478301279107488 1095
1619478301369000348 273
1619478301443993497 749
1619478301546817755 667
1619478301588029309 214
1619478301734607228 186
1619478301901317586 199
1619478301948151214 236
1619478301992162894 868
1619478302061455889 962
1619478302097902424 852
1619478302119937886 729
1619478302199266679 206
1619478302237904314 223
1619478302249508289 768
1619478302373722736 219
1619478302405107903 989
1619478302432497377 1240
1619478302487268385 759
1619478302522585384 620
1619478302530008504 909
1619478302704991084 716
1619478302852486972 994
1619478302910599380 975
1619478302937813368 236
1619478302956504548 248
1619478303104168069 837
1619478303156101698 668
1619478303187772151 667
1619478303218054394 180
1619478303252504525 253
1619478303283028734 737
1619478303308982704 1122
1619478303342693573 657
1619478303361841823 776
1619478303379627576 1500
1619478303527161395 1212
1619478303595972988 889
1619478303599109521 1096
1619478303692001994 777
1619478303699080903 569
1619478303703725207 313
1619478303715177069 232
1619478303927144141 577
1619478304008072487 856
1619478304024050277 823
1619478304031149813 211
1619478304049366539 200
1619478304055017980 762
1619478304074044072 883
1619478304122988174 249
1619478304137230552 280
1619478304190157193 877
1619478304195207961 197
1619478304240889864 592
1619478304304182831 674
1619478304307112670 805
1619478304418119438 209
1619478304441047251 1061
1619478304569395918 198
1619478304599238574 406
1619478304814939191 198
1619478304888060158 201
1619478304929633549 904
1619478304938040362 507
1619478305008147490 777
1619478305081061610 245
1619478305105933809 194
1619478305146354714 661
1619478305348495769 836
1619478305444476205 243
1619478305460527671 863
1619478305515045721 241
1619478305568629448 172
1619478305577337824 956
1619478305585117543 225
1619478305610439509 1003
1619478305792053632 945
1619478305827174730 240
1619478305830176962 833
1619478305873341622 260
1619478305914450208 628
1619478305958558753 240
1619478305974580858 1009
1619478305998646229 844
1619478306012613816 167
1619478306052225868 153
1619478306069855852 169
1619478306123695353 191
1619478306233436313 1129
1619478306249072487 597
1619478306285520382 1073
1619478306467640429 929
1619478306577422956 203
1619478306746252788 981
1619478306770121429 1128
1619478306775229497 695
1619478306797141137 560
1619478306806032103 919
1619478306835441327 610
1619478306927462800 699
1619478307014207270 1010
1619478307028053754 180
1619478307109211872 825
1619478307172839196 764
1619478307330501386 446
1619478307349195327 585
1619478307359018857 540
1619478307459510800 767
1619478307586119663 161
1619478307617550922 912
1619478307966405577 780
1619478307992327160 1101
1619478308034366865 215
1619478308154372533 906
1619478308221894357 257
1619478308235866434 775
1619478308252192355 987
1619478308255047635 754
1619478308266236718 877
1619478308274175417 998
1619478308286052917 196
1619478308296018449 791
1619478308303371666 353
1619478308363106129 903
1619478308391840666 720
1619478308430051346 917
1619478308483375628 606
1619478308522020438 776
1619478308682336809 574
1619478308905429965 945
1619478308919708034 454
1619478308939838211 199
1619478309032653882 1018
1619478309114561277 745
1619478309184684070 672
1619478309226028250 1146
1619478309565214971 978
1619478309629256899 200
1619478309703395460 916
1619478309735722352 876
1619478309855856421 976
1619478309870290927 514
1619478309989262611 159
1619478310112900767 803
1619478310115413318 438
1619478310266816118 831
1619478310289319518 489
1619478310297878699 885
1619478310325838780 277
1619478310365238068 170
1619478310398529596 146
1619478310401344008 764
1619478310417743451 188
1619478310436163899 237
1619478310584117474 617
1619478310586395369 187
1619478310622565818 1135
1619478310660046754 262
1619478310713751973 215
1619478310771555682 945
1619478310940638091 767
1619478310962539448 971
1619478311024661836 939
1619478311050189031 160
1619478311062302677 909
1619478311148350387 703
1619478311262809275 262
1619478311268708194 956
1619478311364390474 989
1619478311469845406 241
1619478311541999593 809
1619478311555941195 750
1619478311637557947 195
1619478311868902532 229
1619478311881792001 218
1619478311935501949 190
1619478311962722053 219
1619478311982296844 583
1619478312003352808 990
1619478312075049752 1872
1619478312122284759 195
1619478312190026807 492
1619478312192574993 528
1619478312219432544 778
1619478312283226720 854
1619478312312308854 171
1619478312331330519 792
1619478312338726031 162
1619478312375974959 915
1619478312381543903 323
1619478312537441196 1086
1619478312569407536 163
1619478312579976108 187
1619478312594692212 1195
1619478312648790094 1147
1619478312681427524 949
1619478312758880630 619
1619478312783638395 205
1619478312921161437 1127
1619478312934295334 1073
1619478313067905130 522
1619478313195453022 850
1619478313244536802 1018
1619478313353347323 178
1619478313355916533 529
1619478313369624405 971
1619478313409733382 196
1619478313453793051 923
1619478313467035990 871
1619478313493666874 493
1619478313575890729 730
1619478313616965909 719
1619478313628810691 889
1619478313654948647 815
1619478313673915200 553
1619478313689641641 213
1619478313725120674 562
1619478313890010614 825
1619478313959424398 594
1619478313970306979 1000
1619478314137715587 679
1619478314143390974 789
1619478314161305043 746
1619478314341736746 151
1619478314364477446 699
1619478314374291735 1036
1619478314418966329 223
1619478314512671348 930
1619478314756923880 223
1619478314781088399 589
1619478314797481865 914
1619478314843793704 846
1619478314846124229 290
1619478315131459367 259
1619478315152634675 826
1619478315217912084 862
1619478315242682877 806
1619478315528749718 770
1619478315537148621 669
1619478315543392504 1291
1619478315558481938 551
1619478315584000543 219
1619478315596448143 769
1619478315613271994 1113
1619478315615828149 466
1619478315657142849 732
1619478315689377475 834
1619478315759615713 689
1619478315762215046 562
1619478315914841228 164
1619478315972257043 665
1619478316042183161 573
1619478316054086384 761
1619478316085750779 765
1619478316104171534 325
1619478316161730852 249
1619478316228435725 501
1619478316238647840 954
1619478316341563634 687
1619478316399009890 720
1619478316411999318 519
1619478316461932423 198
1619478316532343446 260
1619478316570969711 974
1619478316605883803 872
1619478316702153474 651
1619478316704382024 187
1619478316712948937 765
1619478316786926252 1085
1619478316796149758 1287
1619478316815614262 146
1619478316826438702 864
1619478316847261341 811
1619478316857975657 684
1619478316864097950 742
1619478316886677263 932
1619478316907732392 575
1619478316965846763 241
1619478316968190025 279
1619478316977920025 729
1619478317038130112 195
1619478317145908344 1092
1619478317160440045 1009
1619478317201841785 669
1619478317225706538 812
1619478317329356080 735
1619478317375326907 223
1619478317457126864 904
1619478317521125413 190
1619478317523899075 748
1619478317543683928 911
1619478317591619882 225
1619478317773848513 276
1619478317990169717 298
1619478318026985778 878
1619478318036120394 822
1619478318038956775 751
1619478318130324398 1053
1619478318191035022 695
1619478318246886696 870
1619478318386836454 766
1619478318476219522 741
1619478318493677852 508
1619478318557453705 1095
1619478318669213200 892
1619478318727779040 623
1619478318736190307 189
1619478318800488317 870
1619478318862486398 600
1619478318904042499 769
1619478318977746726 551
1619478319004573458 899
1619478319025112120 879
1619478319119485305 197
1619478319128529719 884
1619478319230936852 1140
1619478319269296590 688
1619478319275848068 1543
1619478319278955358 1079
1619478319407221999 187
1619478319477067097 889
1619478319561474474 1474
1619478319567111268 751
1619478319575452431 867
1619478319680244996 816
1619478319700223082 664
1619478319737896052 175
1619478319847786808 843
1619478319900544010 311
1619478319962919862 779
1619478320013020774 992
1619478320103129800 672
1619478320113477544 885
1619478320152656824 841
1619478320194608374 685
1619478320207369155 526
1619478320263129626 1089
1619478320321786421 574
1619478320336902210 794
1619478320400989046 1091
1619478320459002323 1083
1619478320478111094 958
1619478320497486241 875
1619478320547635596 197
1619478320585750105 806
1619478320646162115 261
1619478320666190652 194
1619478320803444194 183
1619478320869398232 207
1619478320901032740 231
1619478320974948544 704
1619478320981031171 1308
1619478321013389306 225
1619478321053239668 1004
1619478321216021066 634
1619478321218884101 831
1619478321294289521 697
1619478321301908191 699
1619478321326652091 676
1619478321371524312 185
1619478321382467699 410
1619478321404661612 1013
1619478321492583687 963
1619478321514799991 807
1619478321644631796 279
1619478321676419550 149
1619478321690717779 202
1619478321757796226 622
1619478321799605666 888
1619478321842929457 200
1619478321859495488 470
1619478321974106158 249
1619478322062320524 983
1619478322110445334 858
1619478322257047290 1050
1619478322271328702 627
1619478322510074374 704
1619478322568595677 779
1619478322617589230 941
1619478322684377803 697
1619478322720405955 1364
1619478322840635501 909
1619478322867543832 711
1619478322884058168 975
1619478322902944945 823
1619478322940284210 889
1619478322949670307 638
1619478322977899211 738
1619478323075392941 221
1619478323165174006 719
1619478323261112204 196
1619478323448609739 218
1619478323481013386 1576
1619478323530910703 1005
1619478323649411955 1032
1619478323841330492 180
1619478323911004002 858
1619478323921675129 523
1619478323924516993 791
1619478324006166611 1530
1619478324027663476 647
1619478324038752837 1042
1619478324146127961 744
1619478324219138640 645
1619478324300606755 1055
1619478324354983502 668
1619478324447473017 876
1619478324456133781 601
1619478324470378385 1024
1619478324505691675 686
1619478324514393880 1055
1619478324536084421 1047
1619478324547213011 819
1619478324567091966 1600
1619478324631494970 498
1619478324794360799 781
1619478324869752937 1000
1619478324875092632 961
1619478324974862671 1065
1619478324992097386 837
1619478325048843627 683
1619478325065352065 819
1619478325129153437 760
1619478325136637475 382
1619478325270866786 728
1619478325478110129 1021
1619478325489674004 158
1619478325499797113 209
1619478325588770952 198
1619478325599105097 880
1619478325666385127 710
1619478325781592990 802
1619478325940310577 784
1619478325974915149 839
1619478326144302664 813
1619478326146658778 265
1619478326193533947 547
1619478326244203630 278
1619478326247140960 907
1619478326260727513 200
1619478326286054454 1455
1619478326366783868 707
1619478326436221993 235
1619478326505788610 220
1619478326566853409 276
1619478326598031150 839
1619478326616759283 625
1619478326667531674 569
1619478326710286397 930
1619478326729156339 590
1619478326804163250 674
1619478326840493710 236
1619478326846259179 627
1619478326860340248 757
1619478326871100623 741
1619478327010136282 696
1619478327118617677 575
1619478327127021932 869
1619478327264075725 471
1619478327266350217 184
1619478327323496573 1161
1619478327366451498 442
1619478327510579486 186
1619478327725613852 197
1619478327827574141 733
1619478327883222890 213
1619478327946062007 1208
1619478328030902036 848
1619478328079929050 1029
1619478328105433302 219
1619478328115639280 472
1619478328141792756 828
1619478328308752304 1317
1619478328380691220 1058
1619478328393521909 669
1619478328454704797 870
1619478328486170490 987
1619478328505835128 184
1619478328549401235 770
1619478328657664198 1271
1619478328777105396 210
1619478328804858435 692
1619478328994097747 258
1619478329052421847 870
1619478329058169905 979
1619478329063552841 783
1619478329108049704 756
1619478329190697202 222
1619478329465695396 761
1619478329471157984 803
1619478329639526459 724
1619478329645153009 945
1619478329807350720 246
1619478329854208005 796
1619478329898511121 285
1619478329953638783 164
1619478330026890055 145
1619478330053845609 1309
1619478330058494929 279
1619478330067219713 1605
1619478330092013801 704
1619478330197499948 976
1619478330233495834 255
1619478330249553189 504
1619478330518094022 780
1619478330524095263 907
1619478330532079390 177
1619478330545641274 714
1619478330564951671 506
1619478330623578211 694
1619478330626202634 571
1619478330634125115 142
1619478330672756406 195
1619478330731015527 150
1619478330788527065 343
1619478330860661287 1031
1619478330894476674 233
1619478330908150523 487
1619478330970811048 160
1619478331026999576 666
1619478331208528868 793
1619478331238350173 679
1619478331314083284 678
1619478331353445635 852
1619478331360221631 212
1619478331400678200 209
1619478331639622549 195
1619478331753007618 1004
1619478331764191795 788
1619478331870141323 1221
1619478331883884772 1097
1619478331911640007 795
1619478331925215116 711
1619478332056418014 895
1619478332113315219 169
1619478332181052805 813
1619478332196674055 685
1619478332203843174 239
1619478332265806054 945
1619478332274635506 1022
1619478332318020286 231
1619478332380863385 748
1619478332391420520 205
1619478332412746653 643
1619478332418427771 835
1619478332420882973 405
1619478332712559356 999
1619478332732032516 765
1619478332766477709 493
1619478332782959029 813
1619478332822090764 958
1619478332878927819 156
1619478332899324931 236
1619478332932026190 874
1619478332980933143 1717
1619478333155151823 166
1619478333194562162 682
1619478333309852892 226
1619478333416929298 939
1619478333487954673 205
1619478333576312911 181
1619478333597257928 678
1619478333741554260 222
1619478333743786748 184
1619478333829713930 157
1619478333894795186 588
1619478333905184538 915
1619478333953357075 758
1619478333996506545 204
1619478333999384574 842
1619478334128819925 929
1619478334193070925 841
1619478334283614936 187
1619478334364551573 779
1619478334370604474 614
1619478334447709752 809
1619478334469200578 703
1619478334650594278 862
1619478334701996581 381
1619478334716750590 1019
1619478334771465266 257
1619478334858680668 1014
1619478334918848350 746
1619478334945540631 591
1619478334971564762 691
1619478335085460945 204
1619478335120159285 769
1619478335173824239 683
1619478335286232625 1049
1619478335299269841 164
1619478335405737246 793
1619478335435873995 218
1619478335583311763 834
1619478335586304400 925
1619478335655075431 217
1619478335890422924 827
1619478335907847598 940
1619478335924941928 756
1619478335935657659 913
1619478335970751189 1148
1619478336081910505 535
1619478336102556057 229
1619478336153643059 961
1619478336242030994 1034
1619478336410821688 206
1619478336528003119 795
1619478336661664959 1040
1619478336669767450 1150
1619478336674991716 184
1619478336677467511 393
1619478336712852426 436
1619478336749930859 166
1619478336752811057 852
1619478336766506024 1155
1619478336830075635 190
1619478336918500818 904
1619478337026209119 1217
1619478337048882650 285
1619478337082332472 1399
1619478337156486027 226
1619478337171246778 903
1619478337286308334 1272
1619478337292144484 747
1619478337309261790 830
1619478337348447961 922
1619478337354198353 867
1619478337360026674 964
1619478337421057854 1481
1619478337499767461 466
1619478337526872681 1542
1619478337532536288 657
1619478337541046763 955
1619478337578443446 416
1619478337586277130 774
1619478337596326087 905
1619478337692994509 600
1619478337728036353 736
1619478337753903843 668
1619478337814717366 773
1619478337838465204 998
1619478337879064616 292
1619478337904250855 225
1619478337945207469 713
1619478337951078243 186
1619478337993511704 462
1619478338034321872 536
1619478338082374368 706
1619478338099441036 699
1619478338120382909 804
1619478338236980604 1119
1619478338291559920 120
1619478338308371375 1018
1619478338364208879 985
1619478338371992042 182
1619478338401701749 1205
1619478338436443623 550
1619478338465272529 590
1619478338497918900 1002
1619478338544111211 1679
1619478338577073187 722
1619478338596063509 565
1619478338664064528 700
1619478338685891784 789
1619478338688178309 206
1619478338705229579 232
1619478338736621621 192
1619478338766518670 893
1619478338794471139 1027
1619478339155264617 569
1619478339231403519 214
1619478339260316431 586
1619478339320508953 1738
1619478339325914977 475
1619478339328591474 637
1619478339350994253 930
1619478339370027580 161
1619478339381001669 834
1619478339411316493 538
1619478339529967664 795
1619478339543736673 775
1619478339575286326 312
1619478339730691376 963
1619478339752613134 212
1619478339900744818 893
1619478339925794029 197
1619478340030819359 676
1619478340052746927 559
1619478340058354177 903
1619478340102132318 646
1619478340107760795 781
1619478340144923862 904
1619478340192193965 808
1619478340224726698 182
1619478340318311084 275
1619478340474088523 1001
1619478340540796069 684
1619478340637838383 838
1619478340648792115 888
1619478340667185512 857
1619478340723542184 720
1619478340738826715 852
1619478340749104573 495
1619478340869710502 211
1619478340968140224 658
1619478340996263220 203
1619478341080958181 762
1619478341159566256 665
1619478341204060034 181
1619478341277690395 824
1619478341282848388 218
1619478341314784262 645
1619478341349543296 288
1619478341355191873 668
1619478341417915060 805
1619478341420904093 903
1619478341428713477 263
1619478341495265898 1537
1619478341543210882 919
1619478341583113370 626
1619478341611161944 180
1619478341668202017 290
1619478341678427908 237
1619478341705563933 1023
1619478341719493057 1241
1619478341814496556 281
1619478341864337724 993
1619478341870124490 821
1619478341900772785 913
1619478341905886950 209
1619478341970558414 176
1619478341976446647 1100
1619478342112867884 1031
1619478342176418190 1577
1619478342194747372 1018
1619478342208734439 613
1619478342243113208 594
1619478342349167444 820
1619478342451833986 1007
1619478342532664663 1100
1619478342538094632 948
1619478342639447358 174
1619478342648125509 791
1619478342829009732 623
1619478342837054767 888
1619478342846072545 707
1619478342979710969 993
1619478343030006368 961
1619478343061213647 168
1619478343167816971 555
1619478343179224994 776
1619478343268891603 873
1619478343277001767 1596
1619478343301326800 853
1619478343324911521 226
1619478343514826183 807
1619478343543819578 817
1619478343552136073 696
1619478343554890519 699
1619478343587611175 205
1619478343603205063 246
1619478343615957492 277
1619478343763541881 187
1619478343811564798 457
1619478343834877315 785
1619478343862825238 189
1619478343878591639 691
1619478343887064415 680
1619478343917329450 701
1619478343948260834 1176
1619478343967096724 770
1619478343985141432 768
1619478343987545481 372
1619478344207059177 622
1619478344219420208 1719
1619478344237761181 946
1619478344304176454 869
1619478344368188705 896
1619478344391462357 201
1619478344424902639 300
1619478344447193152 765
1619478344458564035 1742
1619478344466891364 860
1619478344495105091 210
1619478344610014672 259
1619478344726283488 768
1619478344736205781 493
1619478344800327119 1724
1619478344846295337 199
1619478344851987394 799
1619478344855193334 1174
1619478344925037911 161
1619478344935725711 953
1619478344954039649 651
1619478345061875946 839
1619478345155280513 785
1619478345157504579 175
1619478345185750600 671
1619478345240959733 801
1619478345294237561 1700
1619478345310306053 210
1619478345358911415 892
1619478345420204917 213
1619478345466247253 171
1619478345558846824 712
1619478345656236802 769
1619478345782231480 732
1619478345821007325 729
1619478345868996792 657
1619478346014805573 506
1619478346082373506 910
1619478346118193716 462
1619478346147151590 571
1619478346257216475 1151
1619478346381228676 459
1619478346478585732 206
