1655673608693797467 89100503
1655673608979748889 8331694
1655673609190591488 6884408
1655673609568672424 175372061
1655673610872556278 1091895512
1655673611091955334 15655343
1655673611487575577 17581105
1655673611970754367 273020652
1655673612372706531 187631644
1655673612779758089 108455047
1655673613186320913 192496471
1655673613688490888 298810648
1655673615287775966 1311573166
1655673615587723942 13780887
1655673616378476000 493346280
1655673616990444756 321510296
1655673617577862138 283120099
1655673618568047142 685724918
1655673618992078526 182369644
1655673620668448048 1290590489
1655673621390525235 512443299
1655673623096264064 1414903060
1655673623372807978 68881882
1655673624168743219 389003186
1655673624690134367 299783251
1655673625190409425 108297755
1655673625689635669 96675477
1655673626179624580 195295098
1655673626587663682 196531842
1655673627289185816 295578617
1655673627591305841 98458548
1655673628181547462 6354368
1655673628685557579 102598769
1655673630173431247 1185825178
1655673630584752094 197530423
1655673630979579954 181485328
1655673631472496493 278218598
1655673632002526644 216095843
1655673632570845554 296894721
1655673632984933631 195329249
1655673633475134510 178580655
1655673633983203049 285068849
1655673634389858834 100655001
1655673634870145737 199430900
1655673635381908830 293371238
1655673635680447339 85026909
1655673635995906882 92631819
1655673636286936057 79174017
1655673637769182063 1175647231
1655673637991999167 11855787
1655673638589624187 297553338
1655673639089683640 214496044
1655673639575709678 197775161
1655673641171982564 1294753636
1655673642545240967 1166859231
1655673643879933974 1094743879
1655673644184727697 95251657
1655673644484788315 14473004
1655673644785347957 11460908
1655673645286755216 183638253
1655673645774647935 205671688
1655673646275666121 192499462
1655673646697964141 125720635
1655673647095714713 105360102
1655673647383106131 7449522
1655673647786434141 190783206
1655673648196218345 126770327
1655673648583774152 107498244
1655673649094978646 223206895
1655673650482313693 1170364927
1655673650699064346 12384334
1655673650918824835 17541930
1655673651135390115 14331816
1655673651341605422 3329140
1655673651772617041 185987519
1655673651987828248 3081111
1655673652197371745 5792413
1655673652482662096 80881155
1655673652704862841 10571070
1655673653202264585 31456206
1655673653568895398 92652389
1655673653871763845 92934009
1655673654180674877 91319485
1655673654669435899 179287659
1655673655074368536 88178691
1655673655387770251 104699733
1655673655685716560 16600818
1655673655894644548 4927992
1655673656269535715 90436646
1655673656569709679 84799658
1655673656879971377 102761567
1655673657279624671 191789671
1655673657503964909 17134497
1655673657888041530 15508981
1655673658180724536 8501262
1655673658484138151 12370819
1655673658872832027 95577690
1655673659278736196 187359729
1655673659501293088 7287521
1655673659868580669 84401701
1655673660272254896 180222717
1655673660478326942 3837567
1655673660768428373 80218021
1655673660985006452 10445934
1655673661273679927 83838720
1655673661484803856 7203823
1655673661693389508 4406289
1655673661984525840 10273601
1655673662195269182 3587942
1655673662475110240 61592258
1655673662684187418 4431552
1655673662993301935 102589592
1655673663286977337 14471449
1655673664626622432 1057766451
1655673664890706893 19997583
1655673665192075949 11164984
1655673665492550207 21334576
1655673665783090254 11500380
1655673667185929564 1111521525
1655673668593504247 1115997406
1655673668889648908 89923846
1655673669175196418 3422108
1655673669380498821 2938087
1655673669672599506 83678870
1655673669973677016 86056689
1655673670291171286 102587434
1655673670586548881 91998345
1655673670973546628 179326594
1655673671194921669 13241546
1655673671485550500 86974170
1655673671781185551 5126134
1655673672077042164 83114707
1655673673329934630 1046347530
1655673673686235485 108256425
1655673673973678416 67413117
1655673674381530031 100616865
1655673674586759607 3113937
1655673674885427693 94697914
1655673676174023297 1081754836
1655673676470001926 90633608
1655673676685656649 7399412
1655673676904761445 12969282
1655673677109992642 3198012
1655673677315332437 2766243
1655673677701537291 108175892
1655673677918325652 7139583
1655673678191628391 19191843
1655673678576685777 105418729
1655673678876746808 85995904
1655673679192711161 111542372
1655673679398489935 3053214
1655673679769175919 80031934
1655673680085541814 6283605
1655673680380465413 5317298
1655673681650565224 1062341806
1655673681972866216 89264677
1655673682178339528 3280225
1655673682387574171 5731743
1655673682786440729 98741458
1655673683168436631 89235899
1655673683469219830 92677242
1655673683691020343 10592177
1655673683992240389 18767919
1655673684285599366 82776417
1655673684592703474 15920105
1655673684968857276 94042474
1655673685273675473 96826531
1655673685497529068 9709309
1655673685785570419 5206878
1655673686177757186 99641627
1655673686484687136 96788539
1655673686782095500 10791038
1655673687082987228 95677170
1655673687489902057 191128047
1655673687712574160 9756456
1655673687982912231 10577386
1655673688198863975 12204058
1655673688404844948 3073968
1655673688610701342 3474177
1655673688982170157 94874322
1655673689392501232 115550591
1655673689778325824 98018086
1655673690195243393 115915842
1655673690419522829 15083373
1655673690633423242 5040680
1655673690846029801 4167125
1655673691058128665 4729308
1655673691283048952 9069178
1655673691586036929 91090774
1655673691870283052 75632045
1655673692093563400 13696524
1655673692489563310 15140661
1655673692794345340 5196390
1655673693099181269 5273727
1655673693396048740 5350873
1655673694869435899 1092900885
1655673695079190932 6062394
1655673695368990429 85949489
1655673695671639383 78241989
1655673695968615834 80382210
1655673696183356024 10738072
1655673696389856684 3219991
1655673696686501361 12341878
1655673696988196863 17854884
1655673697281508772 86027799
1655673697574827181 76706618
1655673697868644089 89207886
1655673698079372503 5727687
1655673698293443063 10261703
1655673698686680887 105337615