1655421324529648384 159293548
1655421324735587681 5523797
1655421324941351658 5381956
1655421325147183813 5501417
1655421325352923108 5415157
1655421325558450493 5200293
1655421325763904103 5089136
1655421325969371079 5145158
1655421326174876554 5179258
1655421326380041678 4838461
1655421326585757744 5343740
1655421326791345351 5216363
1655421326997233470 5516685
1655421327202988173 5421120
1655421327408895910 5566928
1655421327614534074 5312511
1655421327820592131 5694601
1655421328026098217 5254380
1655421328231792150 5363367
1655421328438162994 6030639
1655421328644516192 6010652
1655421328850477692 5558393
1655421329056445715 5632908
1655421329262542939 5686385
1655421329468342341 5452357
1655421329674533164 5850551
1655421329880411831 5509406
1655421330086424810 5550808
1655421330293049080 6328709
1655421330498835987 5451837
1655421330704718658 5584284
1655421330910253992 5123727
1655421331115821808 5198943
1655421331322140167 5969752
1655421331528051070 5566529
1655421331733965664 5584628
1655421331939617993 5325619
1655421332145698533 5755163
1655421332351416592 5390840
1655421332558174169 6428298
1655421332763789629 5282316
1655421332969564163 5410309
1655421333175171506 5277270
1655421333381098214 5542448
1655421333586576353 5145661
1655421333792449951 5500239
1655421333998067256 5121252
1655421334203693442 5301577
1655421334409918729 5853210
1655421334615342266 5095039
1655421334821235310 5534693
1655421335026971872 5416863
1655421335232907317 5591058
1655421335438262387 5035895
1655421335644106065 5494141
1655421335850016401 5498610
1655421336055734420 5425363
1655421336261666174 5557902
1655421336467341565 5339658
1655421336673397227 5679061
1655421336879093281 5375648
1655421337085020251 5558335
1655421337290959503 5599666
1655421337496959133 5664153
1655421337702593360 5307161
1655421337908445926 5485158
1655421338114176854 5276722
1655421338319882121 5335294
1655421338526048212 5795411
1655421338731887918 5462575
1655421338937730621 5468631
1655421339143460111 5401400
1655421339349222105 5434098
1655421339554696201 5144340
1655421339760914733 5889262
1655421339966671086 5424013
1655421340172295501 5264189
1655421340377889111 5258142
1655421340583408604 5142990
1655421340789355105 5571292
1655421340995413975 5725502
1655421341201164988 5418305
1655421341406878044 5377840
1655421341612684735 5426519
1655421341818578681 5493656
1655421342024357187 5450347
1655421342230844814 6045777
1655421342436269395 5095740
1655421342642478934 5871752
1655421342848077623 5226015
1655421343053735221 5324634
1655421343259799765 5729733
1655421343465650469 5515129
1655421343671369195 5376635
1655421343877393825 5689093
1655421344082664611 4939350
1655421344288493312 5460238
1655421344494449272 5588693
1655421344700376784 5550997
1655421344906061655 5264742
1655421345111963554 5580006
1655421345317596135 5268382
1655421345523630674 5699501
1655421345729270711 5309385
1655421345935186824 5592222
1655421346141011265 5454932
1655421346346449817 5116487
1655421346552320925 5490738
1655421346757695781 4923469
1655421346963594988 5564326
1655421347169335125 5447734
1655421347375005413 5301991
1655421347581003658 5656513
1655421347786371709 5047289
1655421347992087621 5387744
1655421348198055645 5630372
1655421348403818523 5417764
1655421348609715874 5518539
1655421348815472981 5431309
1655421349021517988 5671895
1655421349227357535 5551169
1655421349433196147 5468549
1655421349638885352 5356199
1655421349844825475 5606328
1655421350050752914 5593350
1655421350256294605 5173491
1655421350462194625 5569834
1655421350668366963 5832881
1655421350874354411 5570331
1655421351080146484 5416744
1655421351285727273 5275240
1655421351491628674 5556348
1655421351697458208 5481582
1655421351903000335 5167305
1655421352109004957 5665840
1655421352314693187 5354414
1655421352520897681 5868694
1655421352726462465 5233579
1655421352932177613 5340515
1655421353137987706 5428929
1655421353343956448 5628058
1655421353549924702 5586615
1655421353754975530 4719626
1655421353960926812 5608884
1655421354166595724 5339325
1655421354372687168 5761489
1655421354578223692 5098676
1655421354784188423 5635293
1655421354989985479 5418844
1655421355195675489 5320992
1655421355401367110 5352342
1655421355607180706 5438331
1655421355813109830 5546538
1655421356019025487 5585851
1655421356225010410 5611491
1655421356430519825 5208013
1655421356636573662 5665005
1655421356842334251 5368368
1655421357048003331 5290066
1655421357253898206 5511405
1655421357459598024 5320549
1655421357665527914 5559227
1655421357871268780 5407173
1655421358077239387 5599212
1655421358283070207 5496532
1655421358488826987 5388663
1655421358694408354 5255016
1655421358900383636 5601305
1655421359106106391 5283324
1655421359311961340 5510145
1655421359517960605 5653372
1655421359723741394 5450465
1655421359929622255 5516328
1655421360135409396 5457302
1655421360343953568 8178314
1655421360550106583 5776071
1655421360756062761 5586492
1655421360961634170 5205528
1655421361167459355 5499477
1655421361373126603 5297602
1655421361578877529 5427809
1655421361784843266 5594607
1655421361990565124 5386908
1655421362196363526 5434341
1655421362402221875 5478522
1655421362608015079 5420040
1655421362813772769 5391618
1655421363019638427 5535948
1655421363225584382 5563193
1655421363431335948 5416339
1655421363637117086 5406921
1655421363843082625 5633156
1655421364048679428 5219645
1655421364254633847 5812402
1655421364460588112 5567443
1655421364666419242 5464697
1655421364872344380 5597718
1655421365077959806 5170007
1655421365283917951 5584673
1655421365489636794 5352115
1655421365695153249 5173311
1655421365900448914 4919351
1655421366105784388 4944951
1655421366311143316 5036309
1655421366517045894 5521344
1655421366723244843 5817329
1655421366929197134 5572662
1655421367134945616 5412879
1655421367340384226 5059542
1655421367546450820 5558959
1655421367752227037 5448619
1655421367958002355 5401422
1655421368163938204 5558523
1655421368370104465 5795821
1655421368576110746 5641103
1655421368782534408 6045331
1655421368988400064 5483808
1655421369194614957 5777096
1655421369400795333 5804927
1655421369606302748 5292805
1655421369812200364 5459273
1655421370018154499 5499106
1655421370223877308 5277569
1655421370429814506 5487733
1655421370635519843 5261665
1655421370841170364 5198976
1655421371046805595 5180143
1655421371252830356 5570675
1655421371458607090 5363629
1655421371664475153 5412861
1655421371870249688 5313848
1655421372076154182 5444149
1655421372281905638 5300041
1655421372488146647 5796394
1655421372694151525 5519744
1655421372900232966 5642057
1655421373106444407 5772516
1655421373312120332 5309138
1655421373518130640 5578913
1655421373724116149 5520093
1655421373930050411 5439040
1655421374135910735 5407916
1655421374341820492 5482793
1655421374547589780 5318107
1655421374753321688 5316348
1655421374959124592 5368203
1655421375164367986 4928583
1655421375370148822 5236674
1655421375575960125 5352836
1655421375781775015 5402270
1655421375987364291 5207555
1655421376192906364 5156749
1655421376398076490 4737356
1655421376603833157 5256276
1655421376810585594 6211146
1655421377017044653 6050609
1655421377223460865 6017023
1655421377430373629 6471348
1655421377637290476 6547008
1655421377844614137 6957523
1655421378051997557 7032620
1655421378259448831 7065371
1655421378466093415 6261035
1655421378673459119 6987994
1655421378881008591 7183411
1655421379088042375 6663349
1655421379295371769 6962258
1655421379502462585 6709022
1655421379709509248 6675940
1655421379916640481 6752684
1655421380123427705 6463421
1655421380330125036 6320029
1655421380536944332 6501515
1655421380743701675 6376147
1655421380950428502 6351221
1655421381157007535 6203318
1655421381363930648 6556431
1655421381570686601 6372273
1655421381777380193 6291942
1655421381983778277 5966011
1655421382190175250 5973682
1655421382396668181 6117924
1655421382602993847 6070862
1655421382809442213 5986685
1655421383015743630 5859421
1655421383222090996 5946701
1655421383427706267 5241095
1655421383633579198 5451412
1655421383839152767 5229987
1655421384044999830 5422165
1655421384250621762 5293800
1655421384456406262 5389374
1655421384662225180 5310944
1655421384868080699 5393031
1655421385073742068 5198828
1655421385279423811 5206021
1655421385485157869 5337431
1655421385691008225 5566186
1655421385896754350 5368509
1655421386102097121 5187443
1655421386307852556 5353260
1655421386513723249 5580989
1655421386719571331 5482251
1655421386925475338 5483557
1655421387131243742 5439314
1655421387336988358 5365759
1655421387542652411 5334905
1655421387748576676 5549373
1655421387954147709 5198608
1655421388160143373 5652784
1655421388366536935 6022808
1655421388572413918 5498565
1655421388778175859 5387261
1655421388983833074 5284533
1655421389189578835 5378183
1655421389395550373 5593104
1655421389601258139 5327305
1655421389807219343 5590141
1655421390013157586 5566853
1655421390219176655 5695250
1655421390425211784 5651463
1655421390631098525 5508806
1655421390836996154 5524244
1655421391043147473 5821680
1655421391249262809 5739009
1655421391455044738 5401177
1655421391661205423 5783269
1655421391867010524 5473898
1655421392072947024 5564657
1655421392279171910 5858604
1655421392485134174 5587452
1655421392690521883 4940097
1655421392896417748 5452170
1655421393102422525 5512719
1655421393308299980 5435203
1655421393514579847 5824294
1655421393720458309 5422987
1655421393926244215 5337231
1655421394131936086 5255366
1655421394337811655 5427431
1655421394543653760 5382745
1655421394749791452 5679485
1655421394955404559 5165874
1655421395161401466 5544657
1655421395368959024 7171375
1655421395576289578 6942593
1655421395783250623 6593131
1655421395990482657 6857090
1655421396197482016 6623481
1655421396404438983 6359131
1655421396610113543 5199425
1655421396815674574 5101240
1655421397021460962 5324837
1655421397227428552 5439464
1655421397433209616 5330927
1655421397639043560 5449362
1655421397844899142 5382416
1655421398050831730 5439176
1655421398256790410 5452570
1655421398462477720 5270724
1655421398668060437 5161234
1655421398873772791 5260731
1655421399079585664 5402883
1655421399285402517 5393976
1655421399491245742 5433516
1655421399697099282 5349829
1655421399902830915 5235882
1655421400108820553 5471255
1655421400314503028 5325972
1655421400520877065 6037407
1655421400726586878 5262207
1655421400932684810 5652302
1655421401138273614 5287410
1655421401344185326 5624061
1655421401549871947 5267363
1655421401755719323 5428948
1655421401961468776 5230501
1655421402167291711 5386217
1655421402373049161 5469934
1655421402578974358 5414188
1655421402784767818 5373601
1655421402990477758 5292326
1655421403196399614 5452443
1655421403402378934 5472469
1655421403609671555 6799686
1655421403816462734 6443551
1655421404022919797 6105796
1655421404229420648 5993571
1655421404435406441 5694311
1655421404641672768 5774327
1655421404847977397 5942273
1655421405054015401 5664155
1655421405260034150 5645194
1655421405465964044 5545237
1655421405672129291 5869454
1655421405878335869 5797721
1655421406084463447 5749528
1655421406290180950 5255586
1655421406495952989 5580002
1655421406701904795 5496766
1655421406907731540 5393599
1655421407113628629 5443540
1655421407319442569 5383589
1655421407525372674 5503711
1655421407731379723 5573472
1655421407937340922 5560559
1655421408143522576 5732760
1655421408349168886 5220272
1655421408554982958 5358052
1655421408761167695 5648258
1655421408967242864 5650771
1655421409173233455 5540322
1655421409378960619 5315704
1655421409584796854 5387848
1655421409790849370 5595513
1655421409996822379 5523313
1655421410202787681 5526017
1655421410408599494 5359513
1655421410614411803 5451134
1655421410820227696 5414114
1655421411026064574 5456325
1655421411232026718 5516301
1655421411437982886 5504892
1655421411643965499 5537159
1655421411850097070 5693064
1655421412055871247 5330096
1655421412261587455 5363248
1655421412467516583 5489332
1655421412673419778 5451024
1655421412879445374 5583891
1655421413084777754 4883486
1655421413290647416 5422236
1655421413496680798 5585978
1655421413702613176 5477913
1655421413908685630 5628305
1655421414114631604 5506866
1655421414320380697 5465367
