1654478378340010917 1
1654478407377959108 21
1654478408379501332 14
1654478409380462028 13
1654478410381646542 11
1654478411382973980 10
1654478412384136175 8
1654478413384849349 12
1654478414386360551 14
1654478415387605161 9
1654478416388859041 14
1654478417389135328 10
1654478418390242172 13
1654478419392040885 14
1654478420393484878 10
1654478421394715663 16
1654478422395933342 7
1654478423396801972 10
1654478424397906602 15
1654478425399279424 9
1654478426399755880 12
1654478427400465866 5
1654478428401749319 10
1654478429402173148 15
1654478430402783038 15
1654478431403734281 9
1654478432404729662 17
1654478433405748471 7
1654478434406723990 12
1654478435407898101 7
1654478436409090632 12
1654478437410261449 9
1654478438412057892 18
1654478439412727965 12
1654478440414424152 18
1654478441416046677 11
1654478442417222687 8
1654478443418400827 15
1654478444419736077 15
1654478445420750474 17
1654478446421930287 14
1654478447422750247 8
1654478448424082935 13
1654478449424748916 14
1654478450425982268 6
1654478451427306333 11
1654478452428711301 14
1654478453429968006 7
1654478454430764332 10
1654478455432047760 16
1654478456433220867 15
1654478457434390192 9
1654478458435591141 13
1654478459436791883 11
1654478460437730361 14
1654478461439573609 10
1654478462440746124 8
1654478463441742465 10
1654478464442965498 11
1654478465444133316 18
1654478466444987974 12
1654478467446029891 12
1654478468448098779 16
1654478469449283090 10
1654478470449800061 11
1654478471451319809 6
1654478472452834483 13
1654478473454282587 9
1654478474455746399 21
1654478475456986439 16
1654478476458660611 10
1654478477459945360 15
1654478478460631039 8
1654478479461845384 17
1654478480463011704 10
1654478481463360290 15
1654478482464716310 12
1654478483465493677 8
1654478484466761308 13
1654478485468470535 10
1654478486469653325 13
1654478487470754217 11
1654478488472091644 13
1654478489473264516 13
1654478490474435597 15
1654478491475261115 9
1654478492476505652 9
1654478493477585556 11
1654478494478781381 14
1654478495480177560 15
1654478496481364995 15
1654478497482554983 12
1654478498483761346 11
1654478499485084347 11
1654478500486265171 8
1654478501487619464 13
1654478502488903438 9
1654478503490044460 12
1654478504491222776 10
1654478505492032896 7
1654478506493182238 10
1654478507493749014 13
1654478508494777200 13
1654478509495747525 7
1654478510496918319 21
1654478511497765221 7
1654478512498751295 16
1654478513499762507 12
1654478514499890780 13
1654478515501749828 12
1654478516502773086 17
1654478517503752745 12
1654478518504736035 13
1654478519508076966 13
1654478520509736242 13
1654478521511362031 10
1654478522512524294 8
1654478523513781233 14
1654478524514737732 6
1654478525515756337 13
1654478526517156278 5
1654478527518416100 15
1654478528519111217 11
1654478529519773720 16
1654478530521512710 18
1654478531522950143 10
1654478532524121429 6
1654478533525255353 14
1654478534526048497 16
1654478535526963402 13
1654478536527736004 14
1654478537528740575 9
1654478538529867673 10
1654478539531315498 12
1654478540531909654 13
1654478541533058918 16
1654478542533742497 9
1654478543534898787 11
1654478544536080518 13
1654478545536929276 14
1654478546538250635 11
1654478547538799148 10
1654478548539960129 6
1654478549541207065 18
1654478550542086006 8
1654478551543239710 9
1654478552544660682 9
1654478553545758904 14
1654478554546988268 13
1654478555548338644 14
1654478556549718405 8
1654478557551101755 10
1654478558552510285 14
1654478559553756654 24
1654478560554159562 9
1654478561554761568 10
1654478562555964092 7
1654478563557119613 11
1654478564557762706 11
1654478565559503690 20
1654478566560140560 16
1654478567561599607 14
1654478568563155127 18
1654478569565015786 8
1654478570566160715 13
1654478571566749171 12
1654478572567939262 10
1654478573569358906 10
1654478574570530777 15
1654478575571695528 13
1654478576572754355 6
1654478577573978963 12
1654478578574405808 14
1654478579576165083 15
1654478580577217860 19
1654478581578386783 14
1654478582578656666 16
1654478583579850297 8
1654478584581033825 9
1654478585582199702 13
1654478586584741553 10
1654478587585952291 10
1654478588587115885 5
1654478589588039886 11
1654478590589203190 14
1654478591590345033 9
1654478592591647960 9
1654478593592038859 13
1654478594593387333 12
1654478595594569002 7
1654478596595765879 23
1654478597597743197 12
1654478598598758098 7
1654478599599757604 16
1654478600600956357 12
1654478601601757426 16
1654478602602736828 10
1654478603603884402 11
1654478604604053837 14
1654478605604746296 13
1654478606605788280 13
1654478607606740648 15
1654478608607738451 12
1654478609608759873 7
1654478610609167658 16
1654478611610335891 7
1654478612610811567 13
1654478613611786664 12
1654478614612796647 13
1654478615614117216 11
1654478616614783242 13
1654478617615805554 15
1654478618616754090 12
1654478619617797626 10
1654478620619581724 21
1654478621619815865 15
1654478622620762246 6
1654478623621694703 10
1654478624622737018 6
1654478625627009895 10
1654478626628786370 22
1654478627629952214 10
1654478628630741738 14
1654478629631762490 12
1654478630634940154 14
1654478631635744235 8
1654478632636767740 11
1654478633637899399 9
1654478634639043699 11
1654478635640280064 16
1654478636641328145 14
1654478637642500922 9
1654478638644255703 16
1654478639645206222 12
1654478640646355529 12
1654478641647825469 15
1654478642648963435 16
1654478643649753804 12
1654478644650797016 15
1654478645652028351 10
1654478646653226638 15
1654478647654565077 6
1654478648655743218 15
1654478649656961460 7
1654478650657657785 17
1654478651658837293 13
1654478652660028968 10
1654478653662530306 9
1654478654663816004 16
1654478655664737035 7
1654478656665914038 9
1654478657667179345 19
1654478658667960691 7
1654478659668744784 22
1654478660669957756 16
1654478661671360809 18
1654478662671771587 15
1654478663672896962 15
1654478664674058062 22
1654478665675222046 20
1654478666676364007 10
1654478667677830747 9
1654478668679125183 10
1654478669680284136 8
1654478670680745652 20
1654478671682133644 11
1654478672683307744 7
1654478673683745429 11
1654478674684886303 12
1654478675686184358 14
1654478676686798651 12
1654478677688742533 8
1654478678689751313 11
1654478679691060467 16
1654478680692026734 11
1654478681693109081 4
1654478682693741320 19
1654478683694776756 11
1654478684695556492 13
1654478685696724284 6
1654478686697869408 14
1654478687698750095 7
1654478688699896106 21
1654478689701071414 4
1654478690702262098 13
1654478691703772003 11
1654478692704912057 14
1654478693706080826 13
1654478694706732567 9
1654478695708411759 15
1654478696709732029 15
1654478697710879541 17
1654478698711736448 13
1654478699712739010 4
1654478700714008776 13
1654478701715633601 10
1654478702717074372 17
