1654664122710721182 0
1654664123711991232 0
1654664124713241501 0
1654664125714446891 0
1654664126715689325 0
1654664127716930715 0
1654664128718170353 0
1654664129719416756 0
1654664130720657672 0
1654664131721874802 0
1654664132723158087 0
1654664133724459928 0
1654664134725556632 0
1654664135726799576 0
1654664136727997240 0
1654664137729292699 0
1654664138730525983 0
1654664139731780870 0
1654664140732968163 0
1654664141734237821 0
1654664142734612100 0
1654664143735778750 0
1654664144736191134 0
1654664145737435439 0
1654664146738462056 0
1654664147738584216 0
1654664148739809844 0
1654664149740895212 0
1654664150742072704 0
1654664151742623357 0
1654664152743513117 0
1654664153744756256 0
1654664154745830785 0
1654664155746646441 0
1654664156747777168 2
1654664157748965972 24
1654664158750057286 31
1654664159750485752 34
1654664160750685421 27
1654664161751927137 35
1654664162753102027 25
1654664163754195671 38
1654664164754626677 37
1654664165755762102 27
1654664166756893757 34
1654664167757990355 40
1654664168758661113 28
1654664169759806070 35
1654664170760185735 30
1654664171761360436 28
1654664172762608870 32
1654664173763822282 34
1654664174764991327 36
1654664175766240947 28
1654664176766629167 38
1654664177767883403 32
1654664178768330660 33
1654664179768469682 35
1654664180769715405 35
1654664181770699609 28
1654664182771830345 37
1654664183773017933 34
1654664184774200566 30
1654664185774644492 33
1654664186775781444 37
1654664187776945429 38
1654664188778086719 32
1654664189778647973 24
1654664190779850272 29
1654664191781060355 31
1654664192781188448 33
1654664193782545272 34
1654664194782741972 31
1654664195783829362 37
1654664196785068826 35
1654664197786218215 28
1654664198786692144 35
1654664199787902249 38
1654664200789123581 32
1654664201789438226 39
1654664202790691442 29
1654664203791822205 36
1654664204792957364 28
1654664205794084332 34
1654664206794502432 33
1654664207795753620 28
1654664208796971112 27
1654664209798151570 34
1654664210798561956 34
1654664211799852426 29
1654664212800961280 37
1654664213802207393 35
1654664214802619370 31
1654664215803825733 35
1654664216805004049 34
1654664217806252722 29
1654664218806753762 38
1654664219808007096 39
1654664220809251002 35
1654664221810341943 33
1654664222811482450 34
1654664223812637884 37
1654664224812825904 35
1654664225814113783 28
1654664226814663476 33
1654664227815841184 26
1654664228816953443 36
1654664229818211055 32
1654664230818712808 34
1654664231819907555 35
1654664232821115140 31
1654664233822338046 36
1654664234823581841 31
1654664235824852270 32
1654664236825959479 35
1654664237826624929 38
1654664238827221030 30
1654664239828434065 39
1654664240829663308 32
1654664241830578731 30
1654664242830754570 37
1654664243831959561 38
1654664244833198515 37
