1654659666591377243 0
1654659667592703755 0
1654659668593026016 0
1654659669594270573 0
1654659670595426675 0
1654659671596602461 0
1654659672597255319 0
1654659673598524678 0
1654659674599796405 0
1654659675600995467 0
1654659676602149484 0
1654659677603409500 0
1654659678604372506 0
1654659679605542085 0
1654659680606793097 0
1654659681608033185 0
1654659682609277184 0
1654659683610357509 0
1654659684611588739 0
1654659685612821737 0
1654659686614055852 0
1654659687615292462 0
1654659688616267646 0
1654659689617490040 0
1654659690618740162 0
1654659691619902680 0
1654659692621150188 0
1654659693622378085 0
1654659694623595422 0
1654659695624841255 0
1654659696626042944 0
1654659697627261489 0
1654659698628513387 0
1654659699629751987 0
1654659700630970406 0
1654659701632250191 0
1654659702633485597 0
1654659703634725329 0
1654659704635939222 16
1654659705637146326 5
1654659706638371818 5
1654659707639588244 5
1654659708640236508 8
1654659709640361178 6
1654659710641600557 7
1654659711642823253 6
1654659712643911172 12
1654659713645143487 4
1654659714646377028 2
1654659715647610233 4
1654659716648842385 1
1654659717650069426 5
1654659718651317991 7
1654659719652543638 5
1654659720653726596 4
1654659721654972849 5
1654659722656256881 5
1654659723657510806 3
1654659724658622296 4
1654659725659785958 5
1654659726660144803 11
1654659727661387462 5
1654659728662560168 6
1654659729663793503 2
1654659730664333437 5
1654659731665545562 5
1654659732666780307 9
1654659733667170888 10
1654659734668336024 5
1654659735669539841 7
1654659736670756070 3
1654659737671935827 9
1654659738672349012 6
1654659739673559717 6
1654659740674786207 5
1654659741676022944 7
1654659742677257203 9
1654659743678496289 6
1654659744679650380 2
1654659745680890629 4
1654659746682108413 4
1654659747683329392 2
1654659748684154323 9
1654659749684363688 4
1654659750684572118 8
1654659751685756963 3
1654659752686842544 3
1654659753688022724 3
1654659754689230919 5
1654659755690460240 3
1654659756691692985 5
1654659757692361953 4
1654659758693595609 4
1654659759694827929 4
1654659760696079345 4
1654659761697347610 6
1654659762698585022 7
1654659763699722563 5
1654659764700162248 5
1654659765700346404 6
1654659766701181681 3
1654659767702377656 2
1654659768703597076 0
1654659769704821760 5
1654659770706078232 6
1654659771707299851 7
1654659772708424372 2
1654659773708716447 4
1654659774709155191 7
1654659775710307218 4
1654659776711458547 2
1654659777712285490 6
1654659778713403237 6
1654659779714586765 4
1654659780715743812 4
1654659781716298200 2
1654659782717432022 5
1654659783718589099 4
1654659784719741206 5
1654659785720248247 4
1654659786721345995 3
1654659787722501562 6
1654659788723616558 4
1654659789724329235 11
