1654479388098244120 1
1654479418133977713 7
1654479419135300522 9
1654479420136985259 17
1654479421137832001 16
1654479422139647945 17
1654479423140822829 15
1654479424141389205 20
1654479425142089232 11
1654479426143110435 14
1654479427144421578 11
1654479428145610444 18
1654479429146804308 16
1654479430148065176 12
1654479431149419632 10
1654479432150627717 28
1654479433151913530 10
1654479434152417994 18
1654479435153674287 9
1654479436154868211 14
1654479437156582248 17
1654479438158136607 12
1654479439159918333 27
1654479440161355568 24
1654479441162844557 15
1654479442163316956 14
1654479443164469226 18
1654479444165649875 15
1654479445166154718 12
1654479446167227468 18
1654479447168242818 14
1654479448169123842 14
1654479449170544817 26
1654479450171634644 15
1654479451171977868 25
1654479452173161720 8
1654479453174153286 24
1654479454175494852 6
1654479455176299343 18
1654479456177484595 18
1654479457178236559 14
1654479458179673769 14
1654479459180942524 18
1654479460182374942 26
1654479461183527924 16
1654479462184158750 18
1654479463185449215 16
1654479464186659207 14
1654479465187819838 15
1654479466189058490 18
1654479467190071855 17
1654479468191088353 15
1654479469192280003 17
1654479470193474160 13
1654479471194195083 25
1654479472195327301 13
1654479473196329617 21
1654479474196804608 14
1654479475198134605 21
1654479476199101175 15
1654479477200082319 19
1654479478201610622 15
1654479479202335700 16
1654479480203067527 14
1654479481204764564 10
1654479482205749313 17
1654479483206901357 16
1654479484208095134 14
1654479485208784543 14
1654479486209090854 17
1654479487210250096 22
1654479488211094314 25
1654479489212116678 17
1654479490213316740 12
1654479491214101891 12
1654479492215071863 28
1654479493216117694 19
1654479494217076802 14
1654479495218089606 25
1654479496219336095 17
1654479497221302913 10
1654479498222153638 25
1654479499223084354 17
1654479500224283362 16
1654479501225638454 19
1654479502226197852 25
1654479503227576804 13
1654479504228072267 18
1654479505228719817 15
1654479506229143155 18
1654479507230233166 15
1654479508232233892 9
1654479509233366750 17
1654479510234530039 13
1654479511236044975 19
1654479512237234747 16
1654479513238506491 11
1654479514240045420 13
1654479515241139086 15
1654479516242254719 19
1654479517243102810 14
1654479518246171630 18
1654479519247105619 11
1654479520248197942 18
1654479521249376967 13
1654479522250568273 16
1654479523252055598 18
1654479524253736558 20
1654479525254689415 10
1654479526255848720 18
1654479527256704292 9
1654479528257902882 22
1654479529259187503 16
1654479530260100581 22
1654479531261363925 25
1654479532262532672 17
1654479533264234151 12
1654479534265405338 12
1654479535266272592 7
1654479536267462773 26
1654479537268674789 11
1654479538269863981 17
1654479539271164540 11
1654479540272370050 19
1654479541273699886 13
1654479542274866059 12
1654479543279086383 16
1654479544280258062 19
1654479545281173607 20
1654479546282651019 12
1654479547283842858 23
1654479548284100299 27
1654479549285399088 12
1654479550286609226 10
1654479551287104936 33
1654479552288238439 19
1654479553289416280 7
1654479554290585478 18
1654479555291730124 12
1654479556292899848 16
1654479557294057575 14
1654479558295081507 15
1654479559296219847 12
1654479560296666301 11
1654479561297320510 20
1654479562298574426 21
1654479563299760192 9
1654479564301482571 21
1654479565302165745 15
1654479566303087206 12
1654479567304271512 15
1654479568305170682 17
1654479569306079583 19
1654479570307314144 11
1654479571308471640 11
1654479572309102548 11
1654479573310079440 16
1654479574311243765 9
1654479575312027473 29
1654479576313077250 17
1654479577314121719 16
1654479578315070314 12
1654479579316129654 20
1654479580317087857 15
1654479581318060970 14
1654479582319153086 14
1654479583320334921 20
1654479584321724829 14
1654479585322106653 13
1654479586323549615 26
1654479587324086581 17
1654479588325348230 13
1654479589326142688 19
1654479590327078506 24
1654479591328061259 13
1654479592329119156 10
1654479593330299142 18
1654479594331552895 18
1654479595332525951 20
1654479596333675568 16
1654479597334081908 26
1654479598335082298 19
1654479599336089378 13
1654479600337332016 13
1654479601337647603 20
1654479602338821611 10
1654479603340122115 14
1654479604341482055 17
1654479605342799176 16
1654479606343565691 19
1654479607344823458 7
1654479608345984655 18
1654479609347422755 12
1654479610349889108 18
1654479611350423659 13
1654479612351915999 15
1654479613353149029 18
1654479614354316275 10
1654479615355669747 16
1654479616356885984 21
1654479617358217222 13
1654479618359706286 15
1654479619360879982 12
1654479620362092068 27
1654479621363249243 8
1654479622364658434 17
1654479623365922255 21
1654479624367328480 7
1654479625368783065 21
1654479626369946581 20
1654479627371352042 11
1654479628372510119 9
1654479629373681147 14
1654479630374880714 16
1654479631376224152 18
1654479632377123031 15
1654479633378456831 17
1654479634379647513 18
1654479635380132136 7
1654479636381111665 22
1654479637382113312 9
1654479638383253437 14
1654479639384516049 18
1654479640385680365 10
1654479641386677338 19
1654479642388245795 29
1654479643389441737 13
1654479644390622212 12
1654479645391927561 8
1654479646392403321 23
1654479647393515102 20
1654479648394229887 13
1654479649395381669 15
1654479650396625615 13
1654479651397780706 10
1654479652398102820 18
1654479653399143908 16
1654479654400142721 15
1654479655401095079 14
1654479656402251856 16
1654479657403688626 15
1654479658404059783 22
1654479659405114212 16
1654479660406076155 10
1654479661408084615 25
1654479662409170717 21
1654479663410399804 19
1654479664411565012 17
1654479665412241535 15
1654479666413099452 17
1654479667414106164 15
1654479668414896069 16
1654479669416289966 15
1654479670417085698 13
1654479671418234813 12
1654479672419395588 7
1654479673420794129 24
1654479674421666203 6
1654479675423825302 19
1654479676425088051 12
1654479677426079866 16
1654479678427114895 13
1654479679428276822 15
1654479680429062500 12
1654479681430121701 18
1654479682431264401 7
1654479683432939443 21
1654479684441301244 21
1654479685442141711 12
1654479686443290466 15
1654479687444478684 11
1654479688445745047 15
1654479689446920269 13
1654479690448222775 13
1654479691449393149 9
1654479692450615650 20
1654479693451101237 13
1654479694452263807 24
1654479695453564409 6
1654479696454440656 26
1654479697455618381 13
1654479698456795270 17
1654479699457986136 15
1654479700459487142 14
1654479701460367265 22
1654479702461540955 14
1654479703463086572 11
1654479704464357682 22
1654479705465667030 13
1654479706466831276 25
1654479707467416182 10
1654479708468713947 18
1654479709469597286 21
1654479710470200057 21
1654479711470555187 18
1654479712471825841 16
