1654660391388543593 0
1654660392389493055 0
1654660393390670759 0
1654660394391861799 0
1654660395393049371 0
1654660396394228958 0
1654660397395391653 0
1654660398396622185 0
1654660399397514610 0
1654660400398696014 0
1654660401399898730 0
1654660402401092694 0
1654660403402234421 0
1654660404403433214 0
1654660405404616337 0
1654660406405796316 0
1654660407406925023 0
1654660408408113678 0
1654660409409315758 0
1654660410409668064 0
1654660411410860718 0
1654660412412048628 0
1654660413413220060 0
1654660414414379731 0
1654660415415536585 0
1654660416416699779 0
1654660417417882401 0
1654660418419008186 0
1654660419420181372 0
1654660420421446053 0
1654660421422629617 0
1654660422423810345 0
1654660423424978792 0
1654660424426139021 0
1654660425427294169 0
1654660426428420856 29
1654660427429633979 19
1654660428430612407 9
1654660429431866514 10
1654660430433119552 7
1654660431433728397 11
1654660432434988440 12
1654660433436178474 9
1654660434437488585 9
1654660435437655984 12
1654660436438867159 9
1654660437440117482 14
1654660438441362012 8
1654660439442572924 3
1654660440443810133 18
1654660441445032141 13
1654660442445716896 12
1654660443446975024 7
1654660444448219962 12
1654660445449526376 9
1654660446450773890 13
1654660447451970798 10
1654660448453112769 14
1654660449453565188 8
1654660450454761731 11
1654660451456019226 10
1654660452457215789 10
1654660453458429146 7
1654660454459544748 8
1654660455460714625 18
1654660456461414303 7
1654660457462593441 10
1654660458463714782 10
1654660459464814357 12
1654660460466007917 14
1654660461466165565 8
1654660462467372331 15
1654660463468012806 15
1654660464469197416 5
1654660465469549229 8
1654660466470714695 7
1654660467471872802 16
1654660468473067186 8
1654660469473552472 16
1654660470474739234 17
1654660471474906035 8
1654660472476044966 6
1654660473477203695 6
1654660474477644519 8
1654660475478775459 16
1654660476479956219 16
1654660477481092990 5
1654660478481624381 15
1654660479482807072 14
1654660480483005632 16
1654660481484190098 12
1654660482485359975 14
1654660483485541898 16
1654660484486014490 8
1654660485487191745 10
1654660486488445179 10
1654660487489643840 7
1654660488490844349 8
1654660489492072164 19
1654660490493328630 4
1654660491493575373 7
1654660492494821590 13
1654660493495893334 8
1654660494497076868 12
1654660495498297235 12
1654660496499459599 15
1654660497500688427 13
1654660498501576683 10
1654660499502831985 9
1654660500504096884 10
1654660501505354734 18
1654660502505571273 13
1654660503506843467 12
1654660504507985168 9
1654660505509234840 19
1654660506509669539 18
1654660507510911033 2
1654660508512162634 5
1654660509513343945 8
1654660510514307289 15
1654660511515457840 18
1654660512516593116 9
1654660513517497197 3
