1654660679581693212 0
1654660680582977698 0
1654660681584233824 0
1654660682585334012 0
1654660683586273267 0
1654660684587401943 0
1654660685588504639 0
1654660686589514679 0
1654660687590676534 0
1654660688591851434 0
1654660689594148809 0
1654660690595342065 0
1654660691596510166 0
1654660692597558810 0
1654660693598715719 0
1654660694599881950 0
1654660695601036595 0
1654660696601518594 0
1654660697602635855 0
1654660698603798823 0
1654660699604878107 0
1654660700605622140 0
1654660701606165256 0
1654660702607415471 0
1654660703608656911 0
1654660704609556117 0
1654660705610814097 0
1654660706612053404 0
1654660707613331043 0
1654660708614619156 0
1654660709615890184 0
1654660710617152240 0
1654660711617727011 0
1654660712618948709 0
1654660713620191825 0
1654660714621437263 0
1654660715622665556 0
1654660716623906359 0
1654660717625118567 0
1654660718626354528 0
1654660719627529412 1
1654660720628716058 17
1654660721629738137 4
1654660722630173229 9
1654660723631430383 7
1654660724632515570 7
1654660725633586350 4
1654660726634732711 5
1654660727635912126 3
1654660728637082690 4
1654660729638279897 1
1654660730639428309 4
1654660731640615272 3
1654660732641538533 4
1654660733642756008 3
1654660734643896398 6
1654660735645075646 4
1654660736646268116 2
1654660737646947717 5
1654660738648210820 7
1654660739649470182 2
1654660740649615109 6
1654660741650815143 13
1654660742652063479 2
1654660743653307496 3
1654660744654601428 4
1654660745655852189 4
1654660746657099383 4
1654660747658343709 4
1654660748659584142 1
1654660749660829725 5
1654660750661650628 3
1654660751662798051 5
1654660752664043311 4
1654660753665173875 5
1654660754665645504 7
1654660755666895804 13
1654660756668134614 6
1654660757669406377 2
1654660758670341547 6
1654660759671600259 3
1654660760672844585 0
1654660761673703991 4
1654660762674938093 2
1654660763676200630 0
1654660764676858543 4
1654660765677612288 4
1654660766678753015 10
1654660767679997660 2
1654660768681168429 4
1654660769681507579 5
1654660770682711876 5
1654660771683850640 4
1654660772685014240 10
1654660773685493707 2
1654660774686664846 4
1654660775687767586 3
1654660776688937736 5
1654660777690083327 5
1654660778691180718 9
1654660779692220259 7
1654660780693364018 1
1654660781693756595 7
1654660782694893608 5
1654660783695114145 3
1654660784696380327 3
1654660785697638308 9
1654660786698842472 4
1654660787700100230 4
1654660788701358182 2
1654660789702658352 1
1654660790703847745 2
1654660791705028852 5
1654660792706278399 4
1654660793707489766 5
1654660794708737764 10
1654660795709629454 5
1654660796710874290 1
1654660797712080958 12
1654660798713324703 3
1654660799714572214 3
1654660800715826384 4
1654660801716993687 3
1654660802718242242 2
