1654482049005625117;1





























1654482079040179134;6
1654482080042084302;31
1654482081043222664;8
1654482082044364077;9
1654482083045550385;10
1654482084046730777;12
1654482085047111795;11
1654482086048284774;8
1654482087049473666;14
1654482088050653618;14
1654482089051799568;11
1654482090052939475;8
1654482091054242529;13
1654482092055762596;12
1654482093056454200;7
1654482094058782993;16
1654482095059884755;12
1654482096061061781;15
1654482097062214368;11
1654482098063266624;7
1654482099064590511;12
1654482100065214908;14
1654482101066885133;14
1654482102067092957;13
1654482103068129800;24
1654482104069359516;15
1654482105070621322;9
1654482106071794151;12
1654482107072103558;14
1654482108073102368;12
1654482109074082800;10
1654482110075524032;8
1654482111076693422;19
1654482112077876379;8
1654482113078110438;7
1654482114079166515;12
1654482115080446571;13
1654482116081912540;12
1654482117083088778;6
1654482118084606716;15
1654482119085731442;15
1654482120086143169;12
1654482121087421333;19
1654482122088623323;7
1654482123090403539;12
1654482124091138435;21
1654482125092112320;8
1654482126093298844;13
1654482127094173809;3
1654482128095339348;13
1654482129096739673;11
1654482130097091026;6
1654482131098320618;20
1654482132099158308;13
1654482133100083478;15
1654482134101245970;8
1654482135101693650;6
1654482136102117750;13
1654482137103073743;18
1654482138105198227;17
1654482139106466107;12
1654482140107098404;13
1654482141107695641;11
1654482142109097621;8
1654482143110093420;7
1654482144111137618;12
1654482145112066389;14
1654482146113084399;20
1654482147114100320;12
1654482148115098375;10
1654482149115789187;12
1654482150116079701;10
1654482151117068689;17
1654482152118468980;12
1654482153119189507;10
1654482154120379747;8
1654482155121065671;11
1654482156122079537;15
1654482157123294020;5
1654482158124465603;19
1654482159125534331;13
1654482160126128221;7
1654482161127307989;13
1654482162129075963;12
1654482163130373382;13
1654482164131856362;16
1654482165132474232;9
1654482166133659696;13
1654482167134274259;9
1654482168135762438;3
1654482169137056331;15
1654482170138369179;14
1654482171139658956;14
1654482172140224901;12
1654482173141144902;9
1654482174142331728;11
1654482175143148899;14
1654482176144498182;12
1654482177145137286;12
1654482178146461682;15
1654482179147740124;5
1654482180149204201;5
1654482181150517574;9
1654482182151813407;12
1654482183152101307;14
1654482184152657172;19
1654482185154096025;16
1654482186155186376;7
1654482187156536662;18
1654482188157108520;13
1654482189158610117;19
1654482190159784118;6
1654482191160965519;9
1654482192162157159;11
1654482193163137049;11
1654482194164303971;5
1654482195165482563;13
1654482196166731512;7
1654482197168263469;8
1654482198169445677;10
1654482199170938349;13
1654482200172271101;12
1654482201173440270;6
1654482202173797805;14
1654482203174788604;21
1654482204175965329;17
1654482205176650930;12
1654482206177925198;12
1654482207179375155;12
1654482208180682568;11
1654482209181262112;10
1654482210182093967;9
1654482211183265742;18
1654482212184087679;10
1654482213184263539;11
1654482214185524045;8
1654482215186698368;13
1654482216187906844;14
1654482217189196572;5
1654482218190421983;12
1654482219191777785;7
1654482220193483709;18
1654482221194179653;9
1654482222195352817;11
1654482223196598463;4
1654482224197792529;7
1654482225198968115;10
1654482226200092287;22
1654482227201564267;12
1654482228204115760;13
1654482229205079812;9
1654482230206523909;8
1654482231207061730;14
1654482232208114243;14
1654482233209065552;13
1654482234210213522;17
1654482235211743157;9
1654482236213132300;12
1654482237214291006;11
1654482238216129107;19
1654482239217613892;11
1654482240219107003;10
1654482241220101862;12
1654482242221065918;17
1654482243222148544;21
1654482244223108886;9
1654482245224289679;9
1654482246225106898;19
1654482247226774728;10
1654482248227080902;11
1654482249228100593;7
1654482250229062238;9
1654482251230092331;15
1654482252231350294;10
1654482253232155022;11
1654482254233440184;15
1654482255234605320;5
1654482256235072561;9
1654482257236098236;6
1654482258237260600;14
1654482259238439919;7
1654482260240180167;10
1654482261241615805;10
1654482262242529519;9
1654482263243690335;16
1654482264244860523;10
1654482265246223178;9
1654482266247400580;8
1654482267248186492;3
1654482268250817286;23
1654482269251948696;12
1654482270253122039;11
1654482271254345131;11
1654482272255084121;11
1654482273256483706;12
1654482274257868153;9
1654482275259247179;13
1654482276260711984;8
1654482277261915072;15
1654482278263228343;16
1654482279264669361;12
1654482280265837164;12
1654482281266859162;14
1654482282268213232;4
1654482283269378180;8
1654482284270040061;15
1654482285271203048;12
1654482286272364201;10
1654482287273821859;12
1654482288275126186;15
1654482289276789183;12
1654482290277557415;10
1654482291278733980;7
1654482292279502991;15
1654482293281246498;14
1654482294282393139;5
1654482295283708516;12
1654482296284974274;12
1654482297286477499;7
1654482298287661241;12
1654482299288861244;17
1654482300290280560;10
1654482301292058991;8
1654482302293186829;3
1654482303294147156;8
1654482304295087604;13
1654482305296112907;15
1654482306297264989;9
1654482307298416379;12
1654482308299709404;17
1654482309300041870;10
1654482310301217008;13
1654482311302089652;14
1654482312302498902;16
1654482313303750165;17
1654482314304710608;9
1654482315305098191;11
1654482316306104712;13
1654482317307077804;8
1654482318308183104;17
1654482319309240235;15
1654482320310075903;18
1654482321311071917;11
1654482322312351711;8
1654482323313559664;10
1654482324314442573;15
1654482325315076046;10
1654482326316117231;10
1654482327317073157;16
1654482328318537587;11
1654482329319624664;16
1654482330320088529;7
1654482331321432751;10
1654482332322674570;3
1654482333323065345;8
1654482334324073018;25
1654482335328156057;11
1654482336329593085;3
1654482337330790280;6
1654482338332266535;12
1654482339333463679;12
1654482340334609364;8
1654482341335125609;7
1654482342336064629;12
1654482343337674942;15
1654482344338858796;14
1654482345340019212;7
1654482346340992099;6
1654482347342522141;12
1654482348343817684;24
1654482349345137829;16
1654482350346316173;2
1654482351347717068;13
1654482352348869208;13
1654482353349235745;10
1654482354350414775;8
1654482355351142859;15
1654482356352524189;5
1654482357353994156;9
1654482358355285353;6
1654482359356462515;13
1654482360357640958;12
1654482361359096410;12
1654482362360377189;8
1654482363361528142;12
1654482364362802841;11
1654482365364564032;22
1654482366365721743;11
1654482367367111113;13
1654482368368104346;10
1654482369369270464;9
1654482370370475835;7
1654482371371831659;11
1654482372373146455;11
1654482373374404632;19
