1654661410996097903 0
1654661411997494835 0
1654661412998760468 0
1654661413999939556 0
1654661415001189224 0
1654661416002398379 0
1654661417003634655 0
1654661418004313984 0
1654661419005469197 0
1654661420006624085 0
1654661421007787418 0
1654661422008951346 0
1654661423010146900 0
1654661424011333471 0
1654661425012462995 0
1654661426013641355 0
1654661427014815771 0
1654661428015979877 0
1654661429017159463 0
1654661430018331861 0
1654661431019502183 0
1654661432020701349 0
1654661433021897750 0
1654661434023070727 0
1654661435024214687 0
1654661436025376974 0
1654661437026534431 0
1654661438027706334 0
1654661439028869986 0
1654661440030023440 0
1654661441031197488 0
1654661442032391544 0
1654661443033529928 0
1654661444034679998 0
1654661445035841562 0
1654661446036993661 0
1654661447038147866 0
1654661448039308992 0
1654661449040469016 0
1654661450041617740 0
1654661451042768399 0
1654661452043955668 0
1654661453045113311 0
1654661454046224140 22
1654661455047399426 13
1654661456048208074 6
1654661457048358683 4
1654661458049489924 13
1654661459050664523 2
1654661460051802386 3
1654661461052230040 8
1654661462053367720 0
1654661463054551208 6
1654661464055687427 6
1654661465056823301 8
1654661466057944890 4
1654661467059076819 4
1654661468060298624 2
1654661469061474278 6
1654661470062604122 2
1654661471063780338 7
1654661472064935733 3
1654661473066116304 8
1654661474067242417 7
1654661475068339093 6
1654661476069465569 3
1654661477070633038 3
1654661478071810387 3
1654661479072205602 1
1654661480073443021 2
1654661481074688853 3
1654661482075939990 2
1654661483076172601 2
1654661484076406178 8
1654661485077649214 5
1654661486078898736 5
1654661487080195893 7
1654661488081330238 3
1654661489082579274 5
1654661490083800329 4
1654661491084949066 1
1654661492086114297 7
1654661493087361861 6
1654661494088602949 2
1654661495089837046 1
1654661496091071842 3
1654661497092311470 4
1654661498093483221 4
1654661499094720455 4
1654661500095968660 8
1654661501096255498 2
1654661502097620436 3
1654661503098882898 5
1654661504100150552 2
1654661505101404572 2
1654661506102616826 7
1654661507103698741 5
1654661508104310634 5
1654661509105563711 6
1654661510106809562 6
1654661511107236317 6
1654661512108287485 0
1654661513109490896 4
1654661514110676299 2
1654661515111868190 2
1654661516113035687 5
1654661517114160520 6
1654661518115318044 4
1654661519116220288 2
1654661520117345654 4
1654661521118583864 4
1654661522119852411 2
1654661523120440020 4
1654661524121637722 2
1654661525122841418 3
1654661526124080084 3
1654661527125319871 4
1654661528126500567 6
1654661529127740234 3
1654661530128344042 4
1654661531129560629 4
1654661532130748669 2
1654661533131998602 6
1654661534132315036 6
