1654402041449989757 187934782
1654402043250346696 296193386
1654402045255059008 305665736
1654402047050086318 389673231
1654402049462550676 309294467
1654402051354674435 400529690
1654402053355291800 293615907
1654402055055174814 386466204
1654402055449662070 378536167
1654402056951255224 281658359
1654402057355662334 385415037
1654402060665532552 114730825
1654402062969908760 200851460
1654402065055700916 297340882
1654402067575007908 410685251
1654402069671361367 411390390
1654402070054853057 305850907
1654402070249477118 173669932
1654402072154969170 196329403
1654402075949492962 366456028
1654402078165251521 600991615
1654402080149885274 400698453
1654402081559841017 390524599
1654402083059053183 184515073
1654402084865662679 198999494
1654402086665202782 195468983
1654402088549622874 400512362
1654402090149601760 400345752
1654402091900893592 234057107
1654402093455290719 205954149
1654402095160089912 405927966
1654402097050368362 573803338
1654402099370999208 295728703
1654402101968142310 519392483
1654402104061505746 192722193
1654402105850330326 283756741
1654402106166736774 292662810
1654402106450078309 277740267
1654402107776177674 227002172
1654402111772328844 323482330
1654402112256322842 381207572
1654402114069813832 399860534
1654402116365822250 511691105
1654402116663294502 289210848
1654402118456247347 96931994
1654402120071372312 211983625
1654402120257930494 108636705
1654402121941913391 267903399
1654402123550168586 466956806
1654402125060233553 297893743
1654402126866541949 217130297
1654402128666503088 296315307
1654402128950371542 195923360
1654402133167199907 307750181
1654402134772588273 393939120
1654402136650445062 273784269
1654402136749952371 93761095
1654402138549606304 589808443
1654402140150360709 189577860
1654402141954692424 383600763
1654402143664835232 685364819
1654402143956593782 180696053
1654402144655055190 405194065
1654402146649589542 278856947
1654402146951115183 297604104
1654402148560659443 201625170
1654402153264859608 1003134311
1654402153549504196 200439001
1654402155656280112 107289310
1654402157860025218 385933617
1654402159674620821 423816913
1654402160170843072 421925683
1654402162249763741 777642308
1654402162559712811 210494648
1654402164349638072 387198798
1654402165965638000 314305755
1654402167570256607 595054893
1654402169449697577 293312228
1654402171749645311 577857542
1654402173749726967 291582988
1654402175655035881 291226031
