1654402038454672980 192853116
1654402040461954580 212282012
1654402041269862146 421007650
1654402042950048717 480029869
1654402044560035739 586716319
1654402046650196862 290493252
1654402048564717853 303374352
1654402050149800669 287063613
1654402052372760279 313542743
1654402054050164619 200866987
1654402055355508482 298663004
1654402057050261567 386810947
1654402057260394384 199295225
1654402057655255858 306116423
1654402058849972982 382576000
1654402060655045943 386289633
1654402062250926101 185890935
1654402063869912769 407081804
1654402066164948312 394287663
1654402068149647177 300140259
1654402070267761889 693288701
1654402072149574921 277636763
1654402073772085862 202427377
1654402075455157663 375734813
1654402077155241770 401237111
1654402079667657808 796705359
1654402081150272481 280622312
1654402081451018346 295094429
1654402083155556927 190127119
1654402085249678177 277682433
1654402086669961766 404958160
1654402088149481260 100532868
1654402090975249351 306769474
1654402092873705509 318774509
1654402093349749601 288936781
1654402095150126165 380343422
1654402096955040037 105612554
1654402097475021297 507884150
1654402098868350385 112352381
1654402102269819975 320811425
1654402102649888168 190636505
1654402104349562031 495329442
1654402107650012233 275021166
1654402108354659535 474708695
1654402109865220497 185221008
1654402110381014637 419448356
1654402111465077318 187797145
1654402113059860716 285673706
1654402114674975798 299150712
1654402115449876477 600683601
1654402118675320495 300513000
1654402120570097054 410736724
1654402122550227478 300738668
1654402124471182097 220971524
1654402125861253791 207354998
1654402126050004805 183141662
1654402127354755627 205586405
1654402128949871058 377217298
1654402130865104952 216014017
1654402132672750061 203976927
1654402134550761105 375404935
1654402134759842144 200909137
1654402137050017836 374581285
1654402137170926249 117690670
1654402141055065909 579595659
1654402142350145790 278168840
1654402143950499550 282340670
1654402144165982046 117051271
1654402146050008123 380655662
1654402148375283518 410087446
1654402149257141482 785901768
1654402150849512038 284588836
1654402152875295432 318419824
1654402154652131206 472075980
1654402156550036413 400141017
1654402156850040792 283814405
1654402160749529999 495223517
1654402162460305937 584725303
1654402164355900681 590288807
1654402166049574127 475198596
1654402167650177195 471997254
1654402168049790661 392096056
1654402168659986280 595306048
1654402170249626765 279157237
1654402171849805372 200420519
1654402173860946449 484979013
1654402176549867210 188171490
1654402177850085880 480569136
1654402179349550972 190374379
