1619033004258975583 5256
1619033005258991113 5427
1619033006258949846 5366
1619033007258898277 5045
1619033008259032456 4333
1619033009258932293 4797
1619033010259032840 4202
1619033011258899364 4828
1619033012258952109 4942
1619033013258980515 4658
1619033014259139746 4683
1619033015258958369 4669
1619033016258970418 5007
1619033017258913619 4854
1619033018258923348 4583
1619033019258932055 4634
1619033020258896342 5140
1619033021258902902 4870
1619033022259226169 4997
1619033023258919166 5194
1619033024258898276 4795
1619033025259047147 4882
1619033026259282634 5262
1619033027259073397 5024
1619033028258902858 4924
1619033029258909256 5130
1619033030258905046 5201
1619033031258933524 4950
1619033032259579707 5087
1619033033258976560 4872
1619033034259601316 5249
1619033035258943341 5545
1619033036258900132 4709
1619033037259115025 5066
1619033038258952905 4512
1619033039258946060 5087
1619033040258909323 4803
1619033041258900650 4884
1619033042258915928 5374
1619033043258964813 4750
1619033044258982219 4763
1619033045258898188 4845
1619033046259312046 5052
1619033047258927898 5195
1619033048258902512 4691
1619033049258969256 5326
1619033050258975404 4639
1619033051259047299 5037
1619033052258917376 5076
1619033053258944114 4996
1619033054258904630 4635
1619033055258913364 4770
1619033056258907162 4751
1619033057258889773 5283
1619033058258944196 5117
1619033059259060952 5328
1619033060258908924 4785
1619033061258910190 5190
1619033062259319132 5260
