1619033650874307648 6205
1619033651874310806 4534
1619033652874316212 4725
1619033653874246859 5301
1619033654874305155 5798
1619033655874248263 5012
1619033656874281660 5220
1619033657874448685 5486
1619033658874238757 5382
1619033659874272961 6023
1619033660874234711 4376
1619033661874261792 5504
1619033662874240092 5736
1619033663874256478 5906
1619033664874316145 4968
1619033665874351252 5614
1619033666874589286 5019
1619033667874565885 5977
1619033668874300931 5326
1619033669874539401 5088
1619033670874394748 5197
1619033671874263678 5572
1619033672874780857 5499
1619033673874381205 5305
1619033674874259669 6119
1619033675874234845 4817
1619033676874297042 5775
1619033677874309929 5195
1619033678874460246 5316
1619033679874303683 4633
1619033680874416609 4891
1619033681874245960 4909
1619033682874279544 4783
1619033683874254167 5408
1619033684874241251 5167
1619033685874494269 5879
1619033686874268138 6013
1619033687874254985 5557
1619033688874390320 5341
1619033689874270431 5518
1619033690874696032 5317
1619033691874459170 5225
1619033692874266473 5758
1619033693874338412 6052
1619033694874326149 5873
1619033695874257921 5026
1619033696874266244 5693
1619033697874280363 5987
1619033698874285166 5772
1619033699874318345 5169
1619033700874267037 5216
1619033701874242342 6273
1619033702874349657 5751
1619033703874474803 5369
1619033704874259002 5172
1619033705874277438 5274
1619033706874305586 4957
1619033707874288985 5474
1619033708874251716 5481
