1619473587679997523 33998
1619473588680002729 33744
1619473589679990695 33878
1619473590680008612 33736
1619473591680021415 33880
1619473592679999774 33819
1619473593680026685 34216
1619473594680065356 34369
1619473595679999582 34467
1619473596680007624 34536
1619473597680004296 34231
1619473598679991854 34423
1619473599680003556 34453
1619473600679983103 34267
1619473601679995691 35151
1619473602679997008 34947
1619473603679991053 35990
1619473604680009913 36326
1619473605680005613 35672
1619473606679980711 36006
1619473607679999384 36278
1619473608680062051 35734
1619473609680009714 35222
1619473610679984165 35290
1619473611679995272 35659
1619473612679989857 36150
1619473613679993900 35190
1619473614679981632 35635
1619473615679994394 35528
1619473616680060659 34907
1619473617679996810 34998
1619473618680025426 36107
1619473619680018306 34822
1619473620679988430 35478
1619473621679987896 35531
1619473622679990560 35966
1619473623680025566 34769
1619473624679993134 35275
1619473625679982585 36231
1619473626680005242 35696
1619473627680034939 35929
1619473628680014174 35275
1619473629679987596 35802
1619473630680090218 35095
1619473631679987887 35702
1619473632679984102 35606
1619473633679989986 35589
1619473634680003343 34620
1619473635679990690 35369
1619473636680014480 34747
1619473637680010788 35958
1619473638680036429 35395
1619473639680041319 35870
1619473640679988299 36076
1619473641680000248 35525
1619473642679983720 35087
1619473643679997977 35754
1619473644680011462 35446
1619473645680042680 36213
