1619466870268106092 26576
1619466871268106562 29753
1619466872268113214 29681
1619466873268118360 29701
1619466874268116151 29784
1619466875268148425 29747
1619466876268143643 29768
1619466877268126993 30008
1619466878268111656 29813
1619466879268119856 29844
1619466880268127896 29927
1619466881268106384 30109
1619466882268131303 29865
1619466883268125083 29973
1619466884268132848 29864
1619466885268126912 29991
1619466886268108731 29778
1619466887268112835 29982
1619466888268109645 29866
1619466889268123201 30022
1619466890268169637 29974
1619466891268147796 29979
1619466892268171598 29971
1619466893268108471 30086
1619466894268117064 29871
1619466895268133370 30151
1619466896268100428 30037
1619466897268124689 29953
1619466898268170873 29947
1619466899268119201 30005
1619466900268111928 30023
1619466901268123089 29949
1619466902268117901 29777
1619466903268138682 29933
1619466904268108170 29968
1619466905268124914 30048
1619466906268113846 29951
1619466907268114674 30000
1619466908268207294 29901
1619466909268108406 29951
1619466910268117113 29944
1619466911268098457 30040
1619466912268105782 29852
1619466913268103733 29972
1619466914268101611 30047
1619466915268102946 30043
1619466916268108265 29945
1619466917268111041 29923
1619466918268128204 29891
1619466919268100312 29891
1619466920268114311 29918
1619466921268141402 29775
1619466922268106721 29902
1619466923268101914 29844
1619466924268134913 29876
1619466925268124598 30056
1619466926268104488 29994
1619466927268116766 29941
1619466928268115510 29911
1619466929268110197 28651
