1619275821490222062 4504
1619275822490198582 4336
1619275823490202923 4484
1619275824490185210 4432
1619275825490171937 4365
1619275826490200001 4339
1619275827490240801 4361
1619275828490750034 4447
1619275829490201241 4505
1619275830490473012 4175
1619275831490423387 4057
1619275832490515600 4367
1619275833490213898 4070
1619275834490232761 4445
1619275835490372293 4391
1619275836490292133 4217
1619275837490307729 4169
1619275838490430626 4314
1619275839490218301 4074
1619275840490310720 4273
1619275841490186056 4301
1619275842490302535 4234
1619275843490179310 4121
1619275844490259440 4153
1619275845490223542 4348
1619275846490238047 4419
1619275847490178766 4269
1619275848490292269 4444
1619275849490324139 4244
1619275850490317977 4202
1619275851490226409 4244
1619275852490329563 4272
1619275853490211898 4252
1619275854490401621 4346
1619275855490190967 4338
1619275856490283070 4249
1619275857490226774 4221
1619275858490173764 4273
1619275859490322310 4338
1619275860490329269 4206
1619275861490331717 4321
1619275862490185380 4339
1619275863490226711 4348
1619275864490207368 4324
1619275865490204183 4394
1619275866490213304 4308
1619275867490224082 4289
1619275868490369338 4122
1619275869491135348 4172
1619275870490207081 4333
1619275871490167318 4231
1619275872490177659 4453
1619275873490300779 4298
1619275874490207844 4506
1619275875490182247 4190
1619275876490334729 4196
1619275877490203460 4119
1619275878490237060 4318
1619275879490187968 4532
