1619275586339005688 4579
1619275587338992719 4203
1619275588339048009 4537
1619275589339031874 4379
1619275590339174387 4431
1619275591339034681 4043
1619275592338987280 4160
1619275593339002985 3732
1619275594339022727 4152
1619275595339018905 3986
1619275596339001017 3913
1619275597339089699 3955
1619275598339232391 4082
1619275599339021020 4266
1619275600339070678 4140
1619275601338985226 3921
1619275602339212648 4190
1619275603339237107 4187
1619275604338990493 4186
1619275605339013379 3909
1619275606338992813 4248
1619275607339054382 4321
1619275608339147840 4137
1619275609339285501 4135
1619275610339170089 4084
1619275611339016445 4169
1619275612339007257 3958
1619275613339001982 4128
1619275614338991604 4045
1619275615339050584 4314
1619275616339528618 4184
1619275617339199512 4253
1619275618339026198 4058
1619275619339036469 4154
1619275620339026335 4319
1619275621338992830 4340
1619275622338985082 4405
1619275623339110266 4022
1619275624338994268 4285
1619275625338999906 4131
1619275626339235086 4082
1619275627339227762 4174
1619275628338991533 4594
1619275629339040241 4526
1619275630338991930 4174
1619275631339029162 4318
1619275632338986555 4022
1619275633339047692 4112
1619275634339005163 3864
1619275635339009405 4028
1619275636339168036 4298
1619275637339117614 4115
1619275638339124416 4022
1619275639338987130 4425
1619275640339004412 4083
1619275641339111471 4285
1619275642338991210 4414
1619275643339242891 4340
1619275644339026440 4105
