1619276794882873443 5690
1619276795882789300 5716
1619276796882722599 5883
1619276797882736354 5737
1619276798882725181 5339
1619276799882750360 5474
1619276800882919484 4893
1619276801882943248 4947
1619276802882743209 5178
1619276803882923056 4697
1619276804882754937 4803
1619276805882752264 5010
1619276806882746490 4826
1619276807882780064 5045
1619276808882766916 5174
1619276809882734847 5230
1619276810882745963 5316
1619276811882880911 5224
1619276812883270682 5748
1619276813882740270 5191
1619276814882736659 5323
1619276815882743840 5447
1619276816882758208 5612
1619276817882760180 5427
1619276818882957887 5432
1619276819883051900 4992
1619276820882741193 5237
1619276821882933300 5321
1619276822882755367 5349
1619276823882792022 5236
1619276824882774000 5903
1619276825882748957 5343
1619276826882738996 5483
1619276827883057022 5646
1619276828882744383 5372
1619276829882808831 5158
1619276830882774865 5297
1619276831882876153 5037
1619276832882735626 5354
1619276833882790085 5512
1619276834882783805 5461
1619276835882860916 5378
1619276836882750328 5627
1619276837882915118 5534
1619276838882797778 5860
1619276839882736348 5288
1619276840882874411 5615
1619276841882739141 5634
1619276842882864513 5317
1619276843882836129 5399
1619276844882838900 5531
1619276845883026970 5610
1619276846882741133 5281
1619276847882955401 5257
1619276848882748201 4887
1619276849882736851 5980
1619276850882832688 4923
1619276851882754379 5581
1619276852882844086 5363
