1619278259623047274 6040
1619278260623147961 6585
1619278261623048136 6150
1619278262623137569 5989
1619278263623027769 6125
1619278264623011545 5535
1619278265623031683 5782
1619278266623063899 6308
1619278267623025571 5630
1619278268623039520 5468
1619278269623085550 6195
1619278270623014743 5621
1619278271623042473 6146
1619278272623028445 6264
1619278273623063975 6044
1619278274623118463 5808
1619278275623012145 6130
1619278276623123080 5770
1619278277623059891 6200
1619278278623156342 6090
1619278279623419363 6301
1619278280623542676 5913
1619278281623019293 6024
1619278282623061588 5941
1619278283623049380 5715
1619278284623086679 6209
1619278285623044639 6188
1619278286623264252 6028
1619278287623513464 6227
1619278288623017206 5756
1619278289623050704 6390
1619278290623042121 5695
1619278291623032752 6196
1619278292623372236 6251
1619278293623084424 5767
1619278294623055397 5262
1619278295623022385 5825
1619278296623079643 5500
1619278297623046012 6743
1619278298623102159 6308
1619278299623037572 5423
1619278300623144532 5808
1619278301623169732 5952
1619278302623410633 6020
1619278303623337451 6166
1619278304623110908 5826
1619278305623018473 6474
1619278306623660115 6253
1619278307623035192 5871
1619278308623033842 5344
1619278309623030149 5236
1619278310623070853 5528
1619278311623030063 6465
1619278312623020617 5832
1619278313623084479 5964
1619278314623102454 6015
1619278315623063076 6594
1619278316623157381 5999
1619278317623063536 5715
