1654500493739589629 1
1654500494740759437 8
1654500495742020228 3
1654500496743209907 2
1654500497744395172 5
1654500499746363007 7
1654500501748733108 20
1654500502749896386 10
1654500503751118395 11
1654500504752995095 9
1654500505754489772 12
1654500506755894983 15
1654500507757132353 23
1654500508758401462 1
1654500509759601863 9
1654500510760867437 15
1654500511762022237 12
1654500512763194148 11
1654500513763794795 5
1654500514765058620 17
1654500515766244526 14
1654500516767408001 18
1654500517768593336 9
1654500518770109897 8
1654500519771431202 13
1654500520772731533 15
1654500521774356618 27
1654500522775567111 10
1654500523776731374 19
1654500524778058926 2
1654500525779345444 14
1654500526781083655 8
1654500527782264955 7
1654500528783404675 22
1654500529784578621 11
1654500530786051859 16
1654500531787238734 15
1654500532787729481 19
1654500533788908105 16
1654500534790099507 14
1654500535791272408 10
1654500536791979031 6
1654500537793167365 12
1654500538794067065 8
1654500539795248012 16
1654500540796445303 7
1654500541797728812 14
1654500542798892591 13
1654500543800161186 10
1654500544801348372 12
1654500545802151438 10
1654500546803304960 13
1654500547804470378 10
1654500548804756110 24
1654500549805945524 13
1654500550807119704 14
1654500551808296605 20
1654500552809473948 5
1654500553810661381 13
1654500554811134448 13
1654500555811752145 10
1654500556812900855 5
1654500557814089264 8
1654500558815229451 19
1654500560817389361 9
1654500561818579912 20
1654500562819755376 20
1654500563821010300 13
1654500564822164118 11
1654500565822766071 9
1654500566823967334 13
1654500567825138610 21
1654500568826315305 5
1654500569827640292 12
1654500570828900449 7
1654500571830076105 26
1654500572831268768 12
1654500573832473023 12
1654500574833664440 15
1654500575834718088 12
1654500576835754769 16
1654500577836960397 13
1654500578837598854 10
1654500579838137087 9
1654500580839396053 9
1654500581840689714 14
1654500582841988128 3
1654500583843182239 15
1654500584844561076 10
1654500585845832212 14
1654500586847121213 16
1654500587848395867 3
1654500588849654991 9
1654500589850838334 9
1654500590852034463 5
1654500591852500945 7
1654500592853695192 1
1654500593854085620 4
1654500594855234051 7
1654500595856365052 9
1654500597859060268 8
1654500598860228432 12
1654500599860763891 16
1654500600861958509 8
1654500602864352375 10
1654500603865549812 9
1654500604866729296 4
1654500605867602137 1
1654500606868862593 10
1654500607870057206 3
1654500608871229983 11
1654500610873070297 9
1654500611873573186 7
1654500612874017593 3
1654500613875222311 8
1654500614876964399 11
1654500615878214861 7
1654500616879500707 7
1654500617880770423 7
1654500618881931318 8
1654500619883254505 4
1654500620884407777 5
1654500621886245231 1
1654500622887440938 9
1654500623888721326 3
1654500624889941347 7
1654500625891121205 4
1654500626891777057 4
1654500627893754320 11
1654500628894796635 8
1654500629896270660 7
1654500630898135739 1
1654500631899315420 10
1654500632900486405 16
1654500633901792192 1
1654500634902996894 3
1654500635903739430 5
1654500636904962655 8
1654500637906208183 6
1654500638907472531 7
1654500640909875733 19
1654500641911068997 6
1654500642912213744 6
1654500643912732688 12
1654500644914037195 9
1654500646916214505 10
1654500647917388299 8
1654500648918574173 9
1654500649920009443 8
1654500650921291861 6
1654500651922590209 7
1654500652923967072 9
1654500653924697732 5
1654500654925969473 3
1654500655927628448 2
1654500656928941489 11
1654500657930262873 5
1654500658931650709 3
1654500659933172975 5
1654500660934354737 8
1654500661935550301 8
1654500662936768841 7
1654500663938216314 8
1654500664938737864 2
1654500665939752619 7
1654500666940941938 9
1654500667942205924 9
1654500668942926656 11
1654500669944608544 6
1654500670945754207 16
1654500671946591122 10
1654500672947778643 5
1654500673949273084 3
1654500674950438466 9
1654500675951601021 3
1654500676952797716 8
1654500683959046129 5
1654500684960218694 17
1654500685961427347 12
1654500686962612601 15
1654500687963729882 17
1654500688964865450 16
1654500689966183271 13
1654500690967360432 6
1654500695973096694 2
1654500696974287152 4
1654500709989043481 12
1654500710990413023 12
1654500711991708589 10
1654500712992046044 16
1654500713993533465 12
1654500714993796765 17
1654500715994743466 17
1654500716995769697 13
1654500717996776523 22
1654500718997969251 14
1654500719998729306 11
1654500721000236911 11
1654500722000791985 20
1654500723002227889 10
1654500724002933244 7
1654500725003524208 10
1654500726004857110 8
1654500727005996007 14
1654500728006371531 10
1654500729007093643 25
1654500730007775435 12
1654500731008637788 14
1654500732009840177 11
1654500733010743050 9
1654500734011893544 7
1654500735013063575 13
1654500736014203306 19
1654500737014741526 9
1654500738015924773 11
1654500739017127450 5
1654500741019583320 16
1654500742021102891 14
1654500743022261473 14
1654500744023630137 13
1654500745024796930 16
1654500746025745329 7
1654500747026374638 7
1654500748027556258 10
1654500749028751737 9
1654500750029238763 18
1654500751030445278 19
1654500752030791942 14
1654500753031927566 12
1654500754033220545 13
1654500755034402366 10
1654500756034985048 9
1654500757036164678 18
1654500758036769711 18
1654500759037735731 10
1654500760038988601 12
1654500761040447903 4
1654500762042232370 10
1654500763042843544 16
1654500764044017709 16
1654500765045281570 10
1654500766046452201 14
1654500767047274250 1
1654500768048469876 9
1654500769049658029 18
1654500770050814486 18
1654500771051999742 7
1654500772053888574 9
1654500773055023407 14
1654500774055745754 7
1654500775056922587 10
1654500776058150250 9
1654500777059884877 11
1654500778061194243 8
1654500779062573285 12
1654500780063731122 10
1654500781064913364 1
1654500782066102033 11
1654500783067274063 13
1654500784068450685 8
1654500785069613385 13
1654500786070821653 5
1654500787072054333 12
1654500788073211709 8
1654500789074407885 2
