1655434324144639889 583397451
1655434324643273043 296653506
1655434325030276654 184994412
1655434325369619535 136135991
1655434325739583756 166736300
1655434326166555667 223679501
1655434326549815679 180993230
1655434326873777056 121449334
1655434327238574714 161676360
1655434327671921321 230332236
1655434328006504890 132046976
1655434328383782141 174170728
1655434328730913375 144162001
1655434329121490470 187719972
1655434329501165450 176574454
1655434329956608243 252249996
1655434330239855116 80059438
1655434330541476478 98507916
1655434330974268488 229547897
1655434331299706779 122286872
1655434331622256395 119399494
1655434331921176808 95819988
1655434332261890630 137533584
1655434332654202868 189063538
1655434332995553609 138186838
1655434333310929782 113148540
1655434333631523881 118624029
1655434333977120491 143654701
1655434334286629564 107597125
1655434334616100781 126873072
1655434335013923709 195531714
1655434335319783735 103927455
1655434335805705554 283931905
1655434336160182098 152400148
1655434336530090975 168076625
1655434336879529180 147462158
1655434337206644922 125135467
1655434337556818988 148177506
1655434337919410582 160616379
1655434338236570283 115150358
1655434338585951597 147392560
1655434338944209065 156174478
1655434339319678614 173418094
1655434339616989947 95369112
1655434339908893571 89946771
1655434340194024419 83123880
1655434340491834615 95769964
1655434340785048933 91253913
1655434341081874338 94868839
1655434341430236020 146295902
1655434341731934730 99744488
1655434342086403626 152478952
1655434342460694074 172290879
1655434342784502720 121755008
1655434343066745020 80189631
1655434343310711167 41905234
1655434343594979879 82292364
1655434343940566466 143595726
1655434344318144462 175578087
1655434344660490123 140342699
1655434345060864945 198367444
1655434345400767485 137909049
1655434345781033600 178254686
1655434346111964308 128935823
1655434346489112176 175213410
1655434346803717088 112658065
1655434347147585868 141964294
1655434347562039108 212514717
1655434347907706018 143683031
1655434348216411532 106705269
1655434348584636310 166208455
1655434348914569013 128018161
1655434349247129816 130555121
1655434349629009672 180006926
1655434350003884124 172848228
1655434350337810593 132115517
1655434350663073125 123198673
1655434350970552859 105388470
1655434351370604964 197979576
1655434351717750677 145258603
1655434352073156347 153519402
1655434352384745192 109622953
1655434352699745096 113001261
1655434353044258198 142499263
1655434353324994779 78783964
1655434353589774983 62773524
1655434353872996421 81123673
1655434354179940799 104923336
1655434354568377189 186460356
1655434354900975600 130565197
1655434355579385789 476383720
1655434355936713442 155394700
1655434356270047128 131420475
1655434356601978845 129900810
1655434356997349083 193462994
1655434357355635963 156168925
1655434357778232323 220268086
1655434358119141923 138905026
1655434358406815367 85631124
1655434358799984411 191025758
1655434359105117986 103247800
1655434359403501829 96461016
1655434359754409518 149031073
1655434360134891649 178520478
1655434360431824345 94962857
1655434360809501148 175651254
1655434361115047520 103363749
1655434361460125733 143242571
1655434361854388527 192443444
1655434362202887593 146717583
1655434362552939956 148008807
1655434362899184166 144275461
1655434363247438698 146516178
1655434363536950698 87563641
1655434363870957122 132033893
1655434364224091688 151216110
1655434364591081471 165009811
1655434364894419927 101350425
1655434365261655311 165111923
1655434365589544370 125907124
1655434365906151279 114042493
1655434366209897802 101721068
1655434366583072120 171084506
1655434366939365733 154281632
1655434367289008162 147614789
1655434367608935334 117951092
1655434367979379945 168417841
1655434368354691772 173375068
1655434368744734304 188061450
1655434369045641722 98945905
1655434369403223152 155627073
1655434369682243747 77069874
1655434370088962279 204708984
1655434370377148405 86129438
1655434370638948620 59758595
1655434370905846611 64773210
1655434371193336811 85417259
1655434371515927306 120510706
1655434371845195037 127304173
1655434372185834830 137479732
1655434372526730665 137546008
1655434372871275089 141337535
1655434373221246411 146803009
1655434373561826512 137352010
1655434373853395434 88408453
1655434374183841168 127175383
1655434374498192722 111207282
1655434374805888102 104493575
1655434375114020608 106124694
1655434375498034981 182100957
1655434375782542975 82380297
1655434376170336778 185900591
1655434376540989842 167514269
1655434376856544984 113759209
1655434377158734506 100246328
1655434377493621702 133040257
1655434377835945163 140257439
1655434378157967470 120137005
1655434378522735156 162514649
1655434378841221748 116715951
1655434379146706775 103529480
1655434379471954913 123148254
1655434379871305038 197235318
1655434380289018020 215105132
1655434380672004902 180347074
1655434381028078432 153434843
1655434381386301097 156138332
1655434381705718742 116176573
1655434382089452612 180607451
1655434382420487815 128357530
1655434382804930088 181336276
1655434383213370064 205554548
1655434383592943934 176932027
1655434383954734759 158861783
1655434384314943065 157091195
1655434384653349912 135293877
1655434385002569346 145976310
1655434385357589084 151797688
1655434385711090681 150432941
1655434386036162149 122012831
1655434386647899320 409686185
1655434387016128083 166236419
1655434387307086466 89034738
1655434387661519879 152404562
1655434388012362806 149087956
1655434388321122575 106681771
1655434388761923453 238637984
1655434389125816911 161814214
1655434389480972911 153091542
1655434389817990383 135103336
1655434390152011369 131987087
1655434390490139578 136197905
1655434390850103070 157873451
1655434391185182420 133121087
1655434391551677766 164535892
1655434391908821535 155229599
1655434392178900084 68147324
1655434392417701284 36805953
1655434392688888073 69241660
1655434393014313958 123573046
1655434393327976189 111798802
1655434393686653952 141143111
1655434394002811236 114258818
1655434394332373191 127616968
1655434394655130291 120824438
1655434394988538719 131480796
1655434395384122000 193591168
1655434395740283867 154316388
1655434396094123007 152063627
1655434396432122563 135149661
1655434396765986720 130626534
1655434397137795507 168583193
1655434397562835814 221987812
1655434397861135565 95141624
1655434398204109674 139945251
1655434398527423944 121177300
1655434398856059064 125970502
1655434399147083763 89147871
1655434399480459791 131450325
1655434399789292599 106844686
1655434400119952974 127769060
1655434400447122962 124714213
1655434400798113609 147883385
1655434401130512956 129786548
1655434401425339384 92209619
1655434401766415337 137964466
1655434402059979562 90497845
1655434402450423902 187164513
1655434402757818347 104328835
1655434403057287931 96300868
1655434403503512896 243061024
1655434403833950483 128465837
1655434404159349198 123417713
1655434404513382186 151958186
1655434404873925783 158553849
1655434405239224109 163156294
1655434405607076935 164738474
1655434405962107569 152129464
1655434406354260563 189403932
1655434406718478655 160996808
1655434407078195668 156583553
1655434407456546742 175126340
1655434407818857879 159151914
1655434408172725125 150688024
1655434408514091213 139438783
1655434408860569516 144462445
1655434409235567179 172747266
1655434409555985994 118484721
1655434409915356885 157479572
1655434410286494763 169172243
1655434410676922551 188463664
1655434411072132190 193268496
1655434411401814963 127649078
1655434411763294018 159402191
1655434412120113464 154919691
1655434412493346837 170992097
1655434412851545811 156152275
1655434413142512572 88999073
1655434413485429172 140887321