1655434628932480045 799663683
1655434629396006064 261443127
1655434629825893619 228061630
1655434630242083436 214441231
1655434630728336150 284478556
1655434631093043753 162815800
1655434631558702203 264066764
1655434632120498440 290371291
1655434632476157183 153855027
1655434632937292635 259441596
1655434633317976436 178718911
1655434633677511759 156780594
1655434634189250888 309515815
1655434634524435365 132463354
1655434634949174695 221998340
1655434635311288764 160067027
1655434635683445168 170037619
1655434636069205827 183670045
1655434636512199064 239869976
1655434636904907347 191093697
1655434637376998741 270105860
1655434637785269146 206429747
1655434638254226463 266763059
1655434638644136819 188044571
1655434639141445127 210379635
1655434639534280495 190428240
1655434640045878699 309169367
1655434640463470074 215156237
1655434640804308787 138891347
1655434641196274381 189478891
1655434641646436830 247815713
1655434641930710624 82324476
1655434642308062326 175514250
1655434642660254771 150014458
1655434643103798279 241534475
1655434643424539540 118755126
1655434643781352546 154718778
1655434644191895526 208486474
1655434644530847166 136934598
1655434644866771334 134225259
1655434645297460679 229009367
1655434645731057184 231584484
1655434646031164410 97695889
1655434646331287940 98006059
1655434646768371129 235061962
1655434647138971831 168716192
1655434647605961496 265219502
1655434647943415317 135403860
1655434648444450319 214152630
1655434648816487574 170035933
1655434649132356107 113831340
1655434649502132923 167168145
1655434649964014311 260158601
1655434650394350151 227931803
1655434650764721393 168332378
1655434651222828549 256279639
1655434651612848126 181533494
1655434652053161681 238412374
1655434652474770433 219606429
1655434652921159423 244143292
1655434653414687718 291486401
1655434653792847723 176174798
1655434654255386393 260601750
1655434654667675990 210204688
1655434654978357155 108584443
1655434655459763478 279468490
1655434655830930998 169075607
1655434656318923625 286040486
1655434656647580905 126570042
1655434657029286233 179650972
1655434657289854037 58492292
1655434657678859207 187002040
1655434658015689487 134788764
1655434658416651164 185045264
1655434658801374265 182887062
1655434659289774812 286842735
1655434659747438483 256206682
1655434660033037330 83546608
1655434660395303769 160521436
1655434661458565224 861387067
1655434661831109377 169968178
1655434662286980917 253091739
1655434662726701643 237236153
1655434663232542653 303254948
1655434663531083400 96306384
1655434663921937298 187729206
1655434664297379146 166132929
1655434664792747815 261134439
1655434665173941499 178565663
1655434665592319084 160097027
1655434665984349651 190152237
1655434666431543775 244098467
1655434666997159090 362505871
1655434667477687608 277446170
1655434667902663716 222172069
1655434668403945169 298182647
1655434668760599368 154157782
1655434669252756270 289609134
1655434669609528194 155333840
1655434670074720713 242205357
1655434670510176310 179763859
1655434670853678710 140444343
1655434671234073819 177464629
1655434671595539542 158649643
1655434672052018291 253553478
1655434672469620836 214534415
1655434672866588592 194877602
1655434673319157436 251092642
1655434673762184288 231492925
1655434674193136387 228145667
1655434674546405125 150405895
1655434674871637948 123424934
1655434675222253150 148823703
1655434675571854543 147849787
1655434675928061874 154297831
1655434676372229607 240084068
1655434676726338088 152091481
1655434677189029947 260664410
1655434677538706011 147616317
1655434677876061862 135294854
1655434678391044429 313142503
1655434678767583145 174453249
1655434679137996753 168293000
1655434679465165373 125101092
1655434679847847311 180695340
1655434680289636871 239904406
1655434680689062738 197332214
1655434680997384061 106259210
1655434681339467366 140036687
1655434681695122736 153606663
1655434682018557126 121370864
1655434682435224995 214472480
1655434682800943480 163305926
1655434683219985104 217049154
1655434683574579350 152052989
1655434683937714771 161113256
1655434684360798365 220046831
1655434684842705872 278817504
1655434685199160451 153103414
1655434685642346808 241175415
1655434685959230602 114862256
1655434686297432742 136152319
1655434686647316371 147919836
1655434687144036407 213021729
1655434687562793731 215861317
1655434687903550206 138829751
1655434688370538064 237316452
1655434688868284772 233947496
1655434689289893616 218971218
1655434689789076956 156374319
1655434690155919528 164765805
1655434690649780588 291898266
1655434691031539549 179676836
1655434691507093192 273526600
1655434691922125982 212147931
1655434692436918587 312817025
1655434693253505926 614582433
1655434693632001065 176559768
1655434694092799890 259013454
1655434694555419171 260864605
1655434694932224785 174605956
1655434695365706218 231383566
1655434695738621787 171328967
1655434696196743129 256054759
1655434696547946308 148937224
1655434696933901325 183204739
1655434697364736738 228747223
1655434697797707638 231005286
1655434698222521589 222770190
1655434698604986568 180492787
1655434699023221992 216201579
1655434699370678285 145337230
1655434699633638048 60940274
1655434699960325164 124677115
1655434700343742020 181418689
1655434700730755783 184931150
1655434701217927032 283944348
1655434701500908117 80359469
1655434701922626130 218582580
1655434702339430623 213758850
1655434702689093490 146394042
1655434702982881879 91904387
1655434703376963048 190993720
1655434703678974994 99540638
1655434704028951843 147433968
1655434704431007590 197761574
1655434704781393360 148493401
1655434705188382958 205095023
1655434705540079294 149635655
1655434705914702473 172672228
1655434706477520764 360925149
1655434706798750016 119589551
1655434707210642151 210179330
1655434707656750865 244008228
1655434708162390351 303777473
1655434708482337455 118076995
1655434708989194172 305192173
1655434709469201953 278067876
1655434709930878546 259937137
1655434710405157879 174624799
1655434710819393634 212269831
1655434711284643715 253926069
1655434711636308690 149594162
1655434712028476048 190193870
1655434712462402060 230131151
1655434713149132069 418724240
1655434713531239528 179158477
1655434713879175600 144740048
1655434714190915445 109090559
1655434714593087622 162440795
1655434714934145501 138915105
1655434715364170997 228357508
1655434715707657490 141489970
1655434716142467413 232863155
1655434716523025006 178538562
1655434716830911968 105807069
1655434717233148152 200364161
1655434717598962216 164058191
1655434717933740744 132745018