1655434783946408144 181345294
1655434784745698128 499168622
1655434785545680961 399034216
1655434786945500203 1098577474
1655434787947028897 500678548
1655434789145689038 798728704
1655434791346785351 1699775627
1655434792745420282 798616532
1655434793945331875 398595742
1655434795045474294 598675952
1655434796945604863 999249793
1655434801145100128 3598474534
1655434802745828100 999434408
1655434803645506246 696915208
1655434806546463037 1699602324
1655434807945668764 1098888743
1655434808445467407 297392026
1655434810146038445 1399543040
1655434812145539859 1599025316
1655434814648485779 2201927694
1655434815245546862 198001663
1655434816446789781 499654156
1655434818249249490 804183560
1655434820145478468 1298999822
1655434822948052640 2202466768
1655434824645486705 1000477487
1655434825145310984 98477982
1655434826849690229 1402979939
1655434827445413665 296955859
1655434829144949845 1297389387
1655434829445252442 97688490
1655434830617176059 270618616
1655434831549672857 602885469
1655434833648677341 1602085446
1655434835044275192 893143835
1655434837248090174 1303493705
1655434837846852684 300657655
1655434839250233192 903537315
1655434842045484099 2098971919
1655434842945419685 598762833
1655434845149663100 603059800
1655434848745591539 1199084840
1655434850750009478 1702043901
1655434851745412703 599243523
1655434852445421871 398600960
1655434853345340577 201170632
1655434854345420556 698640132
1655434857245572878 1198928358
1655434859345526345 1198967161
1655434859945317612 199026032
1655434860945398179 699028006
1655434864445917924 2199635229
1655434865445563103 699380722
1655434870246580586 301384732
1655434871747403514 600882353
1655434873345591283 1098813991