1656104012636911360 0
1656104013638061172 0
1656104014639195323 0
1656104015639821371 0
1656104016640927309 0
1656104017641822370 0
1656104018642929551 0
1656104019643840544 0
1656104020644963489 0
1656104021645830605 0
1656104022647491209 0
1656104023647854947 0
1656104024648817976 0
1656104025649818159 0
1656104026650936342 0
1656104027652148363 0
1656104028653256228 0
1656104029654556102 0
1656104030654878443 0
1656104031656009236 0
1656104032657128917 0
1656104033658259940 0
1656104034658822182 0
1656104035659935786 0
1656104036661046112 0
1656104037662156024 0
1656104038662816554 0
1656104039664078686 0
1656104040665193431 0
1656104041666310717 0
1656104042666816241 0
1656104043667925009 0
1656104044669169273 0
1656104045670350433 0
1656104046671510562 2
1656104047671820924 114
1656104048672812502 173
1656104049673890240 177
1656104050674984174 189
1656104051675804127 177
1656104052676822015 195
1656104053677912667 189
1656104054678898863 185
1656104055680012289 186
1656104056680814940 180
1656104057681911610 183
1656104058683019915 183
1656104059683817813 175
1656104060684834790 189
1656104061685792474 184
1656104062687808409 179
1656104063688945977 187
1656104064689073186 182
1656104065689823760 183
1656104066690809854 179
1656104067691827623 182
1656104068692929698 180
1656104069693868039 180
1656104070694819895 187
1656104071695832970 183
1656104072696818281 184
1656104073697852520 181
1656104074698817551 183
1656104075699801219 185
1656104076701022309 180
1656104077702188522 183
1656104078702809593 181
1656104079703820841 186
1656104080704817863 186
1656104081705818420 184
1656104082706835081 185
1656104083707811695 182
1656104084708816878 180
1656104085709816112 180
1656104086711108773 188
1656104087711825549 177
1656104088712885843 177
1656104089713872251 175
1656104090714842699 182
1656104091715816338 184
1656104092716846687 188
1656104093717828249 188
1656104094718951047 185
1656104095719814144 186
1656104096720804459 180
1656104097721831177 186
1656104098722913685 186
1656104099723889716 179
1656104100724821799 182
1656104101725918491 190
1656104102726890922 180
1656104103727820333 187
1656104104729215853 177
1656104105729901765 180
1656104106730812756 165
1656104107731818982 25
1656104108732836437 0
1656104109733821043 0
1656104110734848186 0
1656104111736421810 0
