1619573051920899878 758
1619573052920905997 761
1619573053920825525 756
1619573054920937476 756
1619573055920887266 760
1619573056920948041 754
1619573057920921863 746
1619573058920890391 742
1619573059920917371 753
1619573060920910178 735
1619573061920901866 749
1619573062920945635 744
1619573063920947306 746
1619573064920926864 751
1619573065920956447 743
1619573066920930742 739
1619573067920948094 748
1619573068920916552 748
1619573069920926623 740
1619573070920888711 737
1619573071920917126 753
1619573072920957965 740
1619573073920922159 748
1619573074920969105 737
1619573075920930192 738
1619573076921032172 747
1619573077920918813 745
1619573078920929785 735
1619573079920924748 740
1619573080921123462 736
1619573081920925743 740
1619573082920960669 754
1619573083920921529 740
1619573084920931099 756
1619573085920978269 754
1619573086920879998 739
1619573087920839027 740
1619573088920925138 740
1619573089920917992 742
1619573090920881219 731
1619573091920953675 750
1619573092920947309 747
1619573093920884453 739
1619573094920912768 741
1619573095920945014 738
1619573096920942707 751
1619573097920967421 742
1619573098920889938 736
1619573099920882168 737
1619573100920857032 734
1619573101920958285 737
1619573102920964411 744
1619573103920926893 743
1619573104920896871 741
1619573105920919931 750
1619573106920909524 742
1619573107920933144 729
1619573108920933828 738
1619573109920953717 736
