1619578811474119480 2989
1619578812474153193 2233
1619578813474154567 2572
1619578814474139436 2854
1619578815474194708 3154
1619578816474138463 3315
1619578817474149326 3294
1619578818474126227 3624
1619578819474088499 3691
1619578820474146837 3644
1619578821474098884 3694
1619578822474102704 3701
1619578823474084787 3859
1619578824474195185 3723
1619578825474191397 3730
1619578826474153968 3809
1619578827474143641 3951
1619578828474176689 3738
1619578829474161506 3797
1619578830474201387 3690
1619578831474183239 3739
1619578832474098008 3803
1619578833474117752 3734
1619578834474172162 3728
1619578835474192319 3914
1619578836474155497 3620
1619578837474153048 3592
1619578838474149008 3736
1619578839474127750 3753
1619578840474201869 3608
1619578841474123904 3736
1619578842474136155 3677
1619578843474087589 3612
1619578844474135709 3557
1619578845474119691 3716
1619578846474138230 3635
1619578847474087625 3516
1619578848474195484 3720
1619578849474148736 3784
1619578850474179299 3731
1619578851474153623 3669
1619578852474157064 3383
1619578853474104788 3638
1619578854474201141 3590
1619578855474188695 3649
1619578856474155400 3769
1619578857474116591 3721
1619578858474118212 3759
1619578859474124369 3695
1619578860474211416 3533
1619578861474162577 3878
1619578862474195759 3777
1619578863474180822 3690
1619578864474190190 3616
1619578865474186072 3696
1619578866474113630 3665
1619578867474156305 3549
1619578868474246803 3761
1619578869474123498 3678
