1619578952103217755 3838
1619578953103166570 2311
1619578954103223130 2377
1619578955103224490 2645
1619578956103205951 3066
1619578957103227350 3190
1619578958103204775 3374
1619578959103047884 3669
1619578960103214514 3666
1619578961103170020 3876
1619578962103250624 3719
1619578963103154837 3737
1619578964103146592 3882
1619578965103159227 3786
1619578966103144149 3989
1619578967103260329 3875
1619578968103076393 3843
1619578969103286261 3699
1619578970103041100 3792
1619578971103148978 3709
1619578972103160040 3989
1619578973103090516 3885
1619578974103153163 3877
1619578975103160407 3973
1619578976103090769 3808
1619578977103140022 3899
1619578978103161539 3857
1619578979103200101 3936
1619578980103160643 3891
1619578981103226991 3681
1619578982103099833 3856
1619578983103183027 3807
1619578984103126976 3879
1619578985103212182 3794
1619578986103239885 3778
1619578987103225937 3727
1619578988103149967 3907
1619578989103200205 3711
1619578990103086141 3976
1619578991103129814 3784
1619578992103170859 3714
1619578993103205290 3727
1619578994103167293 3724
1619578995103145135 3903
1619578996103205324 3774
1619578997103214903 3748
1619578998103131885 3932
1619578999103181633 3690
1619579000103179348 3902
1619579001103163156 3663
1619579002103177941 3653
1619579003103202797 3874
1619579004103055977 3726
1619579005103136074 3821
1619579006103189077 3742
1619579007103199912 3743
1619579008103093666 3863
1619579009103109096 3690
1619579010103233890 3609
