1619275207251124952 3797
1619275208251328179 3801
1619275209251275433 3743
1619275210251130484 3641
1619275211251152869 3911
1619275212251382332 3668
1619275213251178923 3770
1619275214251260409 3797
1619275215251105376 3886
1619275216251167904 3690
1619275217251222750 3714
1619275218251151020 3806
1619275219251208803 3856
1619275220251342320 3732
1619275221251099527 3631
1619275222251219445 3984
1619275223251128430 3613
1619275224251105918 3749
1619275225251162095 3852
1619275226251116075 3719
1619275227251105884 3817
1619275228251191531 3803
1619275229251160174 3939
1619275230251124287 3767
1619275231251300546 3722
1619275232251293822 3614
1619275233251124611 3819
1619275234251382589 3758
1619275235251296914 3612
1619275236251204208 3640
1619275237251150141 3658
1619275238251106811 3892
1619275239251153585 3682
1619275240251149865 3311
1619275241251120790 3735
1619275242251097368 3816
1619275243251241214 3564
1619275244251093953 3595
1619275245251231439 3646
1619275246251419736 3772
1619275247251286073 3774
1619275248251148510 3775
1619275249251101677 3628
1619275250251121639 3728
1619275251251292061 3776
1619275252251131108 3662
1619275253251105701 3850
1619275254251189201 3611
1619275255251379906 3497
1619275256251195396 3755
1619275257251161737 3787
1619275258251179947 3423
1619275259251130947 3467
1619275260251211931 3762
1619275261251132826 3708
1619275262251281682 3743
1619275263251510959 3734
1619275264251412210 3741
1619275265251419836 3711
