1619379258831888898 3861
1619379258968633431 3993
1619379259048250969 3106
1619379259210315823 4164
1619379259215977887 3543
1619379259532173330 3961
1619379259542913891 3495
1619379259653248013 3171
1619379259706643429 3772
1619379259742858964 3771
1619379259752697069 2594
1619379259817691033 3542
1619379259987931011 3561
1619379260086717720 2973
1619379260344402706 3404
1619379260505187470 3870
1619379260644663156 2798
1619379260691736529 3389
1619379260831468305 3566
1619379260866544450 3340
1619379261106285286 4400
1619379261153617842 2544
1619379261189339660 4237
1619379261360975070 3826
1619379261403412083 3700
1619379261483344360 4476
1619379261524704174 4263
1619379261952115658 3388
1619379262078759142 3237
1619379262134307332 3512
1619379262290769543 3289
1619379262332290832 3669
1619379262661068158 3983
1619379262915514030 4042
1619379262955588271 3973
1619379262977030972 2937
1619379263130134293 4933
1619379263189020199 3063
1619379263248484427 3717
1619379263320865237 3267
1619379263376676878 5261
1619379263721726523 3688
1619379263732938286 3096
1619379263792798156 4956
1619379263860231993 4322
1619379264073003822 2711
1619379264150640078 3250
1619379264233591268 4305
1619379264274669443 5662
1619379264413015571 3699
1619379264662036493 3505
1619379265009924697 3528
1619379265205345914 4907
1619379265334534675 4971
1619379265397833527 3506
1619379265402635918 2599
1619379265409078625 4299
1619379265648746190 5085
1619379266000409713 2953
1619379266189120792 3622
1619379266270873681 3188
1619379266586607747 3851
1619379266650980554 4657
1619379266739310743 3739
1619379266955792254 2259
1619379267020419508 3501
1619379267569422940 3362
1619379267697758107 4190
1619379267774499798 3797
1619379268059418592 4048
1619379268140622421 3069
1619379268624954281 3167
1619379268630639454 3468
1619379269032272577 3870
1619379269315196661 3461
1619379269451356195 3692
1619379269723081532 2965
1619379269788412037 3276
1619379269799516684 3075
1619379270192898239 4160
1619379270261910840 3534
1619379270339420021 6275
1619379270403205767 3544
1619379270456254025 2587
1619379270489207781 2605
1619379270498454393 2318
1619379270548037079 3686
1619379270596870078 3925
1619379270676999498 4609
1619379270759699160 4513
1619379271109169086 3340
1619379271246704049 6630
1619379271367713341 3217
1619379271373355028 3596
1619379271465826286 3382
1619379271495975903 3533
1619379271827366280 3783
1619379271851216053 3338
1619379272125982450 3181
1619379272144406219 4877
1619379272154741649 3089
1619379272205280502 4058
1619379272419342173 2897
1619379272609162065 3291
1619379272614314544 3090
1619379272897738920 4125
1619379273075180042 2893
1619379273372037278 2741
1619379273423352655 3240
1619379273592152096 3934
1619379273634377677 3231
1619379273696964635 3373
1619379273708742569 4309
1619379273767820051 3030
1619379273808632950 3182
1619379273854351170 4846
1619379273978453191 2673
1619379274052054187 3720
1619379274154242505 2821
1619379274213118500 3411
1619379274247959508 3986
1619379274261805629 5504
1619379274402566949 3594
1619379274666613719 4137
1619379274816197896 3746
1619379274822053234 3796
1619379275217263723 6108
1619379275300331710 3859
1619379275518730867 4967
1619379275552610551 2669
1619379275790614634 3402
1619379275882202419 3139
1619379275893535313 3328
1619379275906032383 3873
1619379275938602106 4102
1619379275956077794 3848
1619379276282641349 3275
1619379276336511221 3227
1619379276704749530 3776
1619379276728576016 3482
1619379276794305234 3483
1619379276959803434 4307
1619379276973484274 3886
1619379277013452229 3417
1619379277262634270 3378
1619379277652887902 4152
1619379277805711033 3467
1619379277962850278 6270
1619379278005360084 3694
1619379278041436870 4157
1619379278167238285 2723
1619379278255521524 2810
1619379278404936946 3310
1619379278492680548 3853
1619379278502499104 2408
1619379278719415376 4036
1619379278766580605 3402
1619379278813104393 3426
1619379278850301698 4453
1619379279116696463 3085
1619379279339979654 7013
1619379279665883578 3240
1619379279675899477 3295
1619379279681744110 3797
1619379279692542670 3376
1619379279765403953 3568
1619379279861350251 4113
1619379279925736073 3832
1619379280225146848 3905
1619379280463945884 3487
1619379280499727193 2994
1619379280639398953 4551
1619379280654299604 2722
1619379280753665222 2097
1619379280997345635 4498
1619379281257804884 5516
1619379281679947180 4017
1619379281721180803 3091
1619379281918029629 3595
1619379282173429937 3136
1619379282178713958 3190
1619379282284742875 4041
1619379282322860218 4750
1619379282413045322 3424
1619379282465425123 3581
1619379282672530991 4143
1619379282839835777 3817
1619379282845927615 3909
1619379282864868689 3314
1619379283045541583 4155
1619379283076476605 3703
1619379283100649901 2751
1619379283119282102 2957
1619379283409888473 3422
1619379283446395816 3849
1619379283563402534 3269
1619379283712299750 6151
1619379283735977843 3719
1619379283829936505 4378
1619379284109389337 3688
1619379284608301813 6355
1619379284729410185 3636
1619379284747129619 5194
1619379284844424291 3913
1619379284861580171 3346
1619379284873205413 3925
1619379285060715782 3561
1619379285099950670 3231
1619379285200882051 3319
1619379285507825660 3597
1619379285538663990 3898
1619379285646510889 4132
1619379285733341661 4349
1619379285770329729 3498
1619379286278018987 4142
1619379286298501941 3112
1619379286334543447 2987
1619379286431898502 3645
1619379286570607822 3438
1619379286688519539 5862
1619379286744714726 3077
1619379286851830198 4059
1619379286965071434 3719
1619379287102188984 4722
1619379287239136153 4088
1619379287255782957 3533
1619379287260893260 3063
1619379287282596292 3543
1619379287824433627 2608
1619379287997416052 3179
1619379288046478039 4135
1619379288065365985 3141
1619379288193578800 3451
1619379288224773158 3321
1619379288248340381 4076
1619379288284781385 3646
1619379288384027252 3639
1619379288477408287 3730
1619379288527196969 3114
1619379288984570398 3732
1619379289031940184 5866
1619379289050161946 4549
1619379289085026560 3312
1619379289090432571 3271
1619379289115566506 4010
1619379289146373714 5131
1619379289263065716 3853
1619379289483884103 3951
1619379289586043008 3747
1619379289711136379 3426
1619379290023859143 2685
1619379290033926937 3116
1619379290150346622 4105
1619379290217054562 2275
1619379290341922740 2318
1619379290372995728 3371
1619379290425849855 3321
1619379290563891251 2271
1619379290679805517 5486
1619379290894705477 3756
1619379290948777446 3212
1619379291012215894 2353
1619379291047418545 5011
1619379291052977231 3458
1619379291669934088 3011
1619379292027644070 4010
1619379292163683817 3910
1619379292169504984 3777
1619379292433104589 5680
1619379292524041730 4806
1619379292605387624 2595
1619379292617713638 3867
1619379292862624278 3656
1619379292999348158 3989
1619379293041495372 2349
1619379293203402991 3392
1619379293209100128 3562
1619379293246032289 2712
1619379293445145155 3175
1619379293732158803 5188
1619379293758809885 6148
1619379294350101427 3957
1619379294426940098 3203
1619379294474074408 3181
1619379294663982255 3376
1619379294783745432 3396
1619379294793817041 3847
1619379294844445950 3484
1619379295088290635 3842
1619379295197511785 3303
1619379295232459704 3106
1619379295280711876 3054
1619379295508591079 6277
1619379295569791262 3208
1619379295706762365 3294
1619379295924999770 3726
1619379295978988664 3268
1619379296008293985 3136
1619379296014128303 3696
1619379296255378155 3790
1619379296267936998 4552
1619379296310610660 4704
1619379296360962646 3961
1619379296453796262 3243
1619379296484751073 4203
1619379296669674220 4614
1619379296683136926 4216
1619379296753281233 4293
1619379296847446948 5593
1619379296954962468 3370
1619379297232488691 4663
1619379297305215627 4651
1619379297480691453 2857
1619379297513512070 3708
1619379297547557244 4304
1619379298046058850 3682
1619379298070075240 3121
1619379298187313280 7129
1619379298352710405 3212
1619379298460178557 4669
1619379298778005804 3905
1619379299046135706 3655
1619379299057205597 2938
1619379299141509273 3166
1619379299154848582 4235
1619379299197626120 2693
1619379299289881278 2310
1619379299453135079 3752
1619379299849614677 3714
1619379299873707277 5210
1619379300196062358 2689
1619379300290944212 3949
1619379300382435594 5615
1619379300495571042 3752
1619379300501219274 3543
1619379300526082890 3045
1619379300612600874 2952
1619379301461515566 3110
1619379301652481870 3360
1619379301689385759 6175
1619379301832055004 5051
1619379301979856256 4047
1619379302196565131 4234
1619379302319776130 4493
1619379302366405529 4974
1619379302515422432 3997
1619379302627412962 5497
1619379302716118311 4711
1619379302775630614 3600
1619379302849719751 5832
1619379302990379464 3762
1619379303008886515 2712
1619379303170679012 3754
1619379303313483107 4183
1619379303331405763 3362
1619379303412392533 4149
1619379303436737042 4877
1619379303488766786 3772
1619379303615283846 3458
1619379303626951066 3942
1619379303659199182 3459
1619379303838225757 3828
1619379304153444672 4004
1619379304186615819 3856
1619379304760130289 4245
1619379304939609148 3883
1619379305217611610 3523
1619379305339338008 3350
1619379305565303827 2798
1619379305899777548 3279
1619379306045277596 2657
1619379306084692823 3852
1619379306108866576 4734
1619379306374451593 3638
1619379306797635424 3522
1619379306831890906 3374
1619379307076977070 3296
1619379307156812667 4046
1619379307490176185 3088
1619379307544420175 3674
1619379307573453354 3893
1619379307622168662 3232
1619379307793118136 3636
1619379307824138768 3510
1619379307985572681 3931
1619379308091903690 3688
1619379308199858672 3621
1619379308490830697 3144
1619379308578585552 3942
1619379308642744161 3921
1619379308717706136 3001
1619379308810847467 3976
1619379308984460312 2337
1619379309060878449 2988
1619379309230544248 3264
1619379309283367940 3875
1619379309297205923 5859
1619379309320382349 2997
1619379309338453258 4925
1619379309439597737 3591
1619379309499913031 3765
1619379309691464979 4068
1619379309748610425 4003
1619379310047059779 3943
1619379310316109483 4091
1619379310369541988 4228
1619379310381014366 3806
1619379310633976539 3813
1619379310639817077 3631
1619379310648347421 6397
1619379310756969336 2394
1619379310772535581 3676
1619379310829993412 2993
1619379310852860812 3573
1619379310989587618 4149
1619379311146911442 4013
1619379311174711589 4602
1619379311340925338 3449
1619379311375454776 3403
1619379311493778584 5539
1619379311767651169 3690
1619379311866207569 3882
1619379312255104614 3970
1619379312520324143 4280
1619379312544990526 3406
1619379312598128678 3881
1619379312729551336 3669
1619379312747302616 3740
1619379312879535618 6826
1619379312992195480 3470
1619379313152937476 6321
1619379313945443044 2548
1619379314213419715 5378
1619379314224991940 3654
1619379314297823772 6606
1619379314332022238 3842
1619379314803682241 4082
1619379314844871894 3226
1619379315231070991 3723
1619379315398413664 3880
1619379315601035839 2883
1619379315624059120 3622
1619379315690893992 4236
1619379315721401735 3657
1619379315794840194 3648
1619379315825177893 3673
1619379315848618728 3291
1619379315884682030 2901
1619379315925451970 3632
1619379316253370879 3460
1619379316327919187 3309
1619379316344314767 3540
1619379316368384435 3511
1619379316612862839 2495
1619379316665602725 3229
1619379316728034452 2809
1619379316813688396 3801
1619379316818552121 2742
1619379316861133648 4182
1619379316938361631 4024
1619379316993410250 3871
1619379317447334454 6388
1619379317506404588 3503
1619379317571942471 2768
1619379317717342241 3910
1619379317750943180 3040
1619379317772448603 3107
1619379317935905977 3385
1619379318079407583 3429
1619379318104351771 3932
1619379318110520214 3971
1619379318552602945 3807
1619379318557913724 3215
1619379318563686654 3670
