1619376538089100583 3825
1619376538115647429 4253
1619376538184124324 5394
1619376538233438410 5614
1619376538279060540 4138
1619376538395379226 4781
1619376538902085916 4925
1619376538953456627 4866
1619376539179031956 4807
1619376539244539705 6429
1619376539251918040 5282
1619376539268442140 6103
1619376539371711873 4580
1619376539402710447 3895
1619376539461120639 13208
1619376539564736337 4783
1619376539570837468 3963
1619376539586369586 5783
1619376539745923317 6072
1619376539952958186 36821
1619376539998919547 3122
1619376540075320678 6976
1619376540701836487 6209
1619376540766080167 5104
1619376540782918359 6084
1619376540878911255 5963
1619376540976202546 6505
1619376541458922904 27288
1619376541466751039 5719
1619376541697397591 4784
1619376541970500338 6661
1619376541998924879 4044
1619376542009217032 8159
1619376542015948287 4649
1619376542092164379 6425
1619376542322086799 3895
1619376542359828089 4298
1619376542396676157 4742
1619376542677673150 4267
1619376542982700188 4918
1619376543102366064 3165
1619376543203860148 7543
1619376543290779541 6222
1619376543302059437 4457
1619376543339136826 4269
1619376543365016270 3991
1619376543373928450 6877
1619376543696089687 4411
1619376544007253808 5971
1619376544019329680 4065
1619376544075923234 7901
1619376544257603551 11197
1619376544282780697 8294
1619376544509234243 4331
1619376544757754228 4843
1619376544885241248 6731
1619376544973968359 3317
1619376545520540565 5326
1619376545729236217 4577
1619376545799569596 4289
1619376545927904626 2861
1619376545959011151 15845
1619376546115858863 7527
1619376546221664152 4732
1619376546346618186 5403
1619376546537566261 10932
1619376546947295348 8878
1619376547008029088 4578
1619376547224178468 3934
1619376547294795864 6983
1619376547342646523 4949
1619376547703083282 4222
1619376547737416378 4386
1619376547886390772 4203
1619376548134484149 5014
1619376548160734022 3898
1619376548191202923 6106
1619376548212891306 5255
1619376548268641151 5204
1619376548355830872 6866
1619376548404185111 4234
1619376548436982189 3400
1619376548459838693 4414
1619376548850240025 4745
1619376549104096470 4908
1619376549474668907 4691
1619376549495875375 5792
1619376549700997984 3486
1619376549804394630 4926
1619376549881371210 3909
1619376550002681857 7652
1619376550158008548 7458
1619376550201963381 8467
1619376550220055620 3836
1619376550321454416 4427
1619376550579318354 4449
1619376550731912990 6867
1619376550825544848 5044
1619376551270657621 4866
1619376551318263741 4183
1619376551324605512 4177
1619376551400236787 6909
1619376551624790860 3338
1619376551631315034 4424
1619376551765640184 4719
1619376551859911364 7953
1619376552153558141 4457
1619376552430845981 4476
1619376552444771433 5423
1619376552736921556 3686
1619376552972129635 3879
1619376553230279833 4413
1619376553484028767 4277
1619376553527120196 5679
1619376553571261838 4442
1619376553616372532 5934
1619376553777357801 7123
1619376553809870711 4218
1619376554084144905 4335
1619376554777972634 7418
1619376554860069852 5451
1619376555181831500 6181
1619376555227301494 4458
1619376555269144793 5621
1619376555359546593 3980
1619376555393386431 5189
1619376555537106470 3217
1619376555666442035 9058
1619376555792266705 3861
1619376556008155749 3374
1619376556054519412 9521
1619376556074892928 3917
1619376556093176607 3845
1619376556198892891 5310
1619376556256977457 5171
1619376556337242483 3368
1619376556465615147 5133
1619376556505339109 4900
1619376556524154500 3941
1619376556881295412 4625
1619376556893085649 3534
1619376556899519306 4386
1619376556907561858 5978
1619376557145025150 3824
1619376557394147074 4116
1619376557687252787 4114
1619376557829143784 3721
1619376557862005179 5466
1619376557902031327 3969
1619376558005736752 6157
1619376558193582741 4995
1619376558246677700 4640
1619376558261536573 5668
1619376558374088413 4122
1619376558798257014 3656
1619376558900943977 3529
1619376559100428175 3708
1619376559220572639 3716
1619376559228371624 5706
1619376559236393880 5963
1619376559286292977 2102
1619376559463797470 4574
1619376559524570338 3477
1619376559626228597 3612
1619376559795686930 4331
1619376560334716714 3950
1619376560357885560 8908
1619376560371539840 5507
1619376560406181721 5916
1619376560585370374 3776
1619376560617818300 4769
1619376560898406870 6277
1619376561065532715 2780
1619376561372941038 4534
1619376561498016302 4581
1619376561639695728 9380
1619376562093699948 2972
1619376562279065065 5112
1619376562287650319 6489
1619376562317695579 5597
1619376562482756282 4559
1619376562744081229 4885
1619376562769201846 7551
1619376562878241075 4134
1619376562935737108 4596
1619376563090653263 4478
1619376563186407477 4159
1619376563427635456 5960
1619376563617352350 4845
1619376563879302555 4524
1619376564158175868 5874
1619376564164701687 4491
1619376564178547597 3641
1619376564330739757 3870
1619376564456618155 5137
1619376564466966426 8143
1619376564554798350 12707
1619376564630776841 4623
1619376564813588704 4187
1619376564830725920 8708
1619376564857965507 12251
1619376565343703113 4265
1619376565468901072 5207
1619376565919859582 5860
1619376565943117351 5343
1619376566571130843 4472
1619376566605993266 7736
1619376566905302168 4287
1619376566948440345 4507
1619376566962163830 4854
1619376567112287225 4694
1619376567150186920 5143
1619376567205841700 5151
1619376567283250184 4606
1619376567332746140 2800
1619376567764310159 5967
1619376567828448475 4681
1619376567986256987 4095
1619376568108944405 5211
1619376568309683872 3688
1619376568465183792 3747
1619376568563096639 4958
1619376568614229082 4741
1619376568988311972 5361
1619376569219883424 4346
1619376569311046076 4724
1619376569475477916 5220
1619376569495791329 4548
1619376569731624030 4821
1619376569827722461 4114
1619376569905264635 3700
1619376569936838348 4804
1619376570351889002 4638
1619376570484644949 3564
1619376570937797538 5048
1619376570966335486 4581
1619376571063429964 5167
1619376571210222403 7207
1619376571372152219 5811
1619376571697542939 3444
1619376571802457459 4081
1619376571918588329 7656
1619376572148163566 3533
1619376572663975343 5241
1619376572732139561 9636
1619376572840828710 7294
1619376573058198700 8156
1619376573096865418 5599
1619376573120088107 4065
1619376573284830478 4207
1619376573497075470 4496
1619376573631738459 4657
1619376573640124197 6235
1619376573840427905 4138
1619376573856494475 14006
1619376573863645407 5092
1619376573880047147 4697
1619376574108994038 6439
1619376574289710339 4222
1619376574355367607 8383
1619376574379335804 5783
1619376574621186027 4780
1619376574698229183 7396
1619376574779396518 3757
1619376574786957780 5515
1619376574889394627 3045
1619376575186493125 4551
1619376575314978001 8323
1619376575781377274 4910
1619376575910195133 3856
1619376575916764707 4421
1619376576203397522 4534
1619376576410015433 5850
1619376576732366439 6702
1619376576911685195 3857
1619376576988301420 6679
1619376577122901073 4348
1619376577194282451 4188
1619376577229484441 3677
1619376577317920063 5171
1619376577441197051 4762
1619376577477230634 5392
1619376577666151385 3806
1619376577863339303 4519
1619376578020976580 7042
1619376578156660725 5363
1619376578276365232 4382
1619376578779436648 4936
1619376578801362617 5343
1619376578824754284 6470
1619376579012766285 3633
1619376579181099263 3811
1619376579594288718 5140
1619376579618239498 3445
1619376579688948185 5818
1619376580338485779 4137
1619376580358035666 17412
1619376580404520108 3958
1619376580595333404 3263
1619376580811803814 4199
1619376581294036969 3875
1619376581373438064 4330
1619376581592901413 3841
1619376581677162638 9096
1619376581747738931 4867
1619376581768260053 4395
1619376581784165818 7053
1619376582755087074 6951
1619376582776868189 4841
1619376582836857189 3160
1619376582865862512 4885
1619376583005379416 9089
1619376583051599437 10255
1619376583063793745 4415
1619376583368826671 9523
1619376583401719623 3368
1619376583465265440 5339
1619376583677749551 4666
1619376583761712505 6372
1619376583860306916 7789
1619376584012979131 4249
1619376584199965190 3648
1619376584481768162 3550
1619376584488955530 5104
1619376584673693979 4168
1619376584743431962 4782
1619376584792196910 5596
1619376585137979158 4988
1619376585169720571 7636
1619376585176534462 4701
1619376585320080077 7273
1619376585474247143 8453
1619376585554132469 7345
1619376585743880942 5028
1619376585979984468 5129
1619376585986919829 4851
1619376586015982288 5978
1619376586441958971 4505
1619376586683758859 5128
1619376586690118006 4296
1619376586794427798 4291
1619376586965817675 8171
1619376587380098463 3055
1619376587833460631 3806
1619376587956878247 11502
1619376588584309964 6632
1619376588895338275 4110
1619376589044690998 4676
1619376589274246307 3702
1619376589579062713 6026
1619376589685382888 2946
1619376589763648579 4043
1619376589863039287 5009
1619376589956794026 5176
1619376590094917132 5837
1619376590135263431 3720
1619376590185992700 3932
1619376590564172490 5270
1619376590629028780 7299
1619376590830750554 5910
1619376591019768433 3263
1619376591165082160 9192
1619376591235693542 5436
1619376591260639338 4036
1619376591622881259 4205
1619376591675397242 4202
1619376591739232266 6756
1619376591766722441 4708
1619376591951311611 4782
1619376592167723661 5990
1619376592219163298 4014
1619376592353824231 5263
1619376592966962286 3385
1619376593014023199 3900
1619376593131512316 6721
1619376593254562562 4856
1619376593458258422 7741
1619376593727157298 4332
1619376593882551804 5522
1619376593896659059 4238
1619376593995180926 4757
1619376594489601396 4194
1619376594563512967 3884
1619376594667464960 4812
1619376594866422282 3843
1619376595338473081 3883
1619376595358542473 12380
1619376595418367394 5530
1619376595768734828 5947
1619376595891692724 5086
1619376596255644678 8867
1619376596478906327 4957
1619376596640132527 4974
1619376596653301071 3179
1619376596678536210 10179
1619376596785702796 4812
1619376596792374340 4560
1619376596903158027 5410
1619376596935941196 4441
1619376596997562195 4454
1619376597033556113 4799
1619376597386113368 4349
1619376597639838836 5088
1619376597714324728 8332
1619376597752780604 4470
1619376597764723697 9829
1619376597770490480 3673
1619376597897032442 3602
