1619377394744702201 10978
1619377395039503235 6607
1619377395054868772 4487
1619377395079896399 7124
1619377395527390015 5718
1619377395816947224 6220
1619377396561665017 7042
1619377396670565473 13847
1619377397157346950 6481
1619377397311264349 58496
1619377397330962284 8382
1619377397649895084 5755
1619377397738091768 7059
1619377397834110295 8916
1619377398453513422 6659
1619377398512585358 48410
1619377399030712035 5972
1619377399475584037 8166
1619377400034521329 4724
1619377400433312056 4404
1619377400725877939 10317
1619377400816251713 4363
1619377400942981030 5050
1619377401432938891 3879
1619377402022454445 6030
1619377402183078243 3651
1619377402652497546 3035
1619377403090487893 7104
1619377403113430720 20844
1619377403345343906 9186
1619377403485492876 9380
1619377403677586197 5522
1619377403822546041 5643
1619377403861176046 9217
1619377404060054429 5209
1619377404163250804 7994
1619377404218130376 4997
1619377404845251443 5666
1619377404967997809 6487
1619377405389385885 10913
1619377405560601064 5315
1619377405732294352 6009
1619377405824358691 8024
1619377405866829821 6408
1619377406406994109 25070
1619377406582594245 7597
1619377406674874469 5460
1619377406685824815 8796
1619377406833806555 7328
1619377406862331440 10197
1619377406879084572 7075
1619377406963400886 6149
1619377407038675678 5155
1619377407174119051 6846
1619377407479963502 7099
1619377407736715751 5176
1619377407849317514 5429
1619377408421681928 6447
1619377408467627112 6768
1619377409049052212 5139
1619377409323713871 5727
1619377409382455199 7518
1619377409601259804 7374
1619377409809019435 21617
1619377410441009723 3809
1619377410567222644 5363
1619377410650021870 7720
1619377411453659507 9272
1619377411561628451 4102
1619377411933884327 8067
1619377412109065970 29308
1619377412154356475 5942
1619377412312238444 22432
1619377412341689152 5194
1619377412572698204 5820
1619377412635960644 5316
1619377413118387380 6650
1619377413276048288 4891
1619377413325088599 3826
1619377414010733255 24932
1619377414198579826 5521
1619377414362943245 5767
1619377414425888336 5411
1619377414655356903 9291
1619377415272373581 5795
1619377415329625642 6366
1619377415766835031 9496
1619377416410809947 15345
1619377416469013103 5437
1619377416518406437 7461
1619377416725224094 4933
1619377416813746380 17910
1619377416943090643 9015
1619377417036735140 5353
1619377417300525889 5519
1619377417569197232 6437
1619377417616824468 5678
1619377417951033432 5844
1619377418253833952 8852
1619377418674381615 8471
1619377418815367161 4384
1619377418961084226 8671
1619377419041242573 5284
1619377419490869011 5283
1619377419504288811 5856
1619377419704246380 16667
1619377419800540903 5195
1619377420156542984 5202
1619377420395086612 8227
1619377420515935747 30986
1619377420654540160 6505
1619377420994466035 4713
1619377421441606326 6752
1619377421469038793 5243
1619377421573476294 3397
1619377421946857203 6000
1619377422188407431 7794
1619377422534516130 7646
1619377422616187381 6205
1619377422678578319 7328
1619377423249656210 4566
1619377423265586462 6508
1619377423433798484 6040
1619377424112478207 16189
1619377424312045282 7314
1619377424675177435 9841
1619377424760552044 5764
1619377425148918487 9521
1619377425520839814 6636
1619377425935938823 7755
1619377426244752568 3879
1619377426251905927 5103
1619377426549901379 6152
1619377426876726079 13895
1619377426935326677 11155
1619377426948069812 5141
1619377427046091162 7773
1619377427135027700 7875
1619377427170423642 9441
1619377427335066317 6177
1619377427761204387 9822
1619377427769005938 5755
1619377427785269157 6748
1619377428125618981 6794
1619377428188997752 5846
1619377428484883886 6274
1619377428695356626 7422
1619377428986404009 5948
1619377429264895744 5527
1619377429495667960 5473
1619377429548377787 5570
1619377429919404077 7023
1619377429927210353 5710
1619377430010842771 6398
1619377430100165241 8613
1619377430279272943 6443
1619377430840530834 6212
1619377430974492791 7983
1619377431047666221 5991
1619377431100916892 6894
1619377431306936754 23882
1619377431397701396 6447
1619377431685862758 7195
1619377431722850417 9073
1619377431832151083 5865
1619377432000372249 7282
1619377432179965204 7427
1619377432447459439 8600
1619377432581433400 5420
1619377432865973114 5044
1619377432881443094 5706
1619377432926942200 5810
1619377433002386535 5605
1619377433229456019 5166
1619377433544003010 4398
1619377433620250045 7791
1619377433660109416 8467
1619377433831167641 5914
1619377434048049346 6393
1619377434191341032 5814
1619377434433230178 6215
1619377434631822472 5133
1619377434665931544 12692
1619377434724305755 8696
1619377434731078537 4678
1619377434826296154 4700
1619377434842979441 4263
1619377434879661982 6423
1619377434943350477 6431
1619377435218793796 7192
1619377435468883998 6706
1619377435539062730 7936
1619377436271573194 9469
1619377436378870841 9376
1619377436556827964 9016
1619377436662731074 8641
1619377437263964310 5947
1619377437280980172 6677
1619377437367429792 9753
1619377437555158074 5944
1619377437955915292 6167
1619377438017836934 7804
1619377438211938183 18398
1619377438753010356 6716
1619377438876488196 7279
1619377438924367286 5221
1619377438987446402 5366
1619377440139883589 8187
1619377440219056358 5908
1619377440243351811 5243
1619377440496454347 5981
1619377440708200060 22955
1619377440773974100 5404
1619377441142536893 6882
1619377441877157236 7190
1619377442104035006 6536
1619377442130769454 5749
1619377442283156123 8641
1619377442357394832 9230
1619377442646481719 6996
1619377442930197415 5820
1619377443193605132 8365
1619377443274778137 5376
1619377443542350422 6009
1619377443767468924 4572
1619377444334086320 5330
1619377444408768238 17850
1619377444691603674 8173
1619377444710422114 16754
1619377444864775987 9878
1619377444954854927 9820
1619377445109524638 33676
1619377445124573696 4298
1619377445237331029 9466
1619377445254869467 7114
1619377445412903346 3817
1619377445463195846 5781
1619377445771725950 6429
1619377446041094479 7629
1619377446179853104 3175
1619377446324489665 5683
1619377446620408483 3914
1619377446930027852 4094
1619377447056450702 4859
1619377447284764733 9195
1619377447564684947 8625
1619377447607716398 21299
1619377447616284082 6468
1619377447934977561 6481
1619377448030427446 5855
1619377448047987772 6685
1619377448737511402 4271
1619377448825763883 7755
1619377449156052785 6626
1619377449229496240 6603
1619377449248447623 7225
1619377449256452935 5855
1619377449364049967 10473
1619377449377391019 5047
1619377449509336305 22480
1619377449654925269 5188
1619377450072849290 7539
1619377450169146266 4781
1619377450568944921 5304
1619377450682679589 8584
1619377450711912506 27166
1619377451447387159 5763
1619377451474710014 4854
1619377451642733058 6764
1619377451657817637 3917
1619377451712279217 27273
1619377451843232040 8047
1619377451970945790 5984
1619377452143914771 7151
1619377452342413674 6808
1619377452494361640 6202
1619377452555373071 5235
1619377452585908378 7750
1619377452767986075 5000
1619377453055103038 6499
1619377453319178182 4296
1619377453953599652 9181
1619377454281131030 6824
1619377454349325872 7386
1619377454602331957 6325
1619377454678837667 3895
1619377454706716350 25776
