1619464367487621398 230
1619464367532573552 1066
1619464367561579321 963
1619464367615865556 173
1619464367653022174 961
1619464367706659552 805
1619464367764482066 921
1619464367772155421 990
1619464367795061766 223
1619464367891598876 831
1619464367965439504 636
1619464367976614065 757
1619464368101677052 776
1619464368160611554 739
1619464368177857946 695
1619464368191791651 1080
1619464368221044676 201
1619464368239014130 826
1619464368250105516 652
1619464368252380269 189
1619464368331166584 190
1619464368551732467 716
1619464368594284102 259
1619464368640366037 187
1619464368690591281 960
1619464368786663893 448
1619464368818816363 886
1619464368891190062 506
1619464369025564941 739
1619464369045310585 876
1619464369072032764 207
1619464369088511444 686
1619464369106754511 658
1619464369263024910 1264
1619464369329492072 519
1619464369337496448 759
1619464369382642839 1337
1619464369440844724 825
1619464369459933757 1219
1619464369481353479 213
1619464369504767665 790
1619464369551919065 1025
1619464369584234390 1069
1619464369597404232 255
1619464369600181501 745
1619464369619425617 715
1619464369693707570 210
1619464369744329708 605
1619464369802922517 873
1619464369822839207 736
1619464369872814747 1167
1619464369875049981 194
1619464369905843073 845
1619464369908724475 829
1619464369966775313 1309
1619464370100469849 851
1619464370103205450 688
1619464370202533444 1010
1619464370208584121 1230
1619464370219945053 760
1619464370256508671 198
1619464370270941949 1075
1619464370298707296 773
1619464370438450316 985
1619464370595717817 176
1619464370912648359 1079
1619464370996105072 230
1619464371083786452 280
1619464371325175296 195
1619464371432512707 905
1619464371442392871 1754
1619464371461659432 733
1619464371493547458 1176
1619464371506673921 628
1619464371632723317 760
1619464371758356368 192
1619464371879570575 210
1619464371996010350 757
1619464372055153576 198
1619464372182540169 888
1619464372214146625 1064
1619464372219745270 756
1619464372240763299 903
1619464372355224747 922
1619464372361528232 1695
1619464372396394899 1136
1619464372532879332 222
1619464372556798990 210
1619464372642763909 802
1619464372659933195 890
1619464372664498918 181
1619464372678496157 1070
1619464372877134907 1210
1619464372917716142 208
1619464372931976975 221
1619464372962232858 741
1619464373015766656 1048
1619464373030715992 1650
1619464373114461829 845
1619464373164822429 1189
1619464373179255803 938
1619464373218955687 220
1619464373241850601 749
1619464373371429814 731
1619464373393553233 918
1619464373468350893 248
1619464373510891326 203
1619464373550354937 886
1619464373619352851 1218
1619464373670467032 223
1619464373675006407 279
1619464373683770048 848
1619464373694874922 876
1619464373715024577 967
1619464373737032380 1016
1619464373819189724 523
1619464373838303687 233
1619464373873044906 1281
1619464373883300035 874
1619464373944355860 923
1619464374026317879 1041
1619464374036931735 1083
1619464374057248489 896
1619464374115406744 841
1619464374247505825 214
1619464374376208448 464
1619464374381979222 723
1619464374606960837 641
1619464374637180799 708
1619464374671641685 212
1619464374714522163 304
1619464374720154079 891
1619464374725794052 736
1619464374736155266 163
1619464374749634209 211
1619464374752743109 1060
1619464374791547699 259
1619464374824305897 216
1619464374877421450 1222
1619464374880181593 606
1619464374966150214 700
1619464375090443661 250
1619464375175978709 186
1619464375185486360 211
1619464375233979192 494
1619464375259646373 1843
1619464375360579997 685
1619464375397778496 166
1619464375433320357 875
1619464375480317256 837
1619464375570113376 801
1619464375608011504 232
1619464375922072851 1322
1619464375978076831 210
1619464376003236187 549
1619464376029039804 1046
1619464376139358252 812
1619464376258021481 774
1619464376345452603 230
1619464376408086349 1111
1619464376476157599 885
1619464376540445467 1057
1619464376594855567 932
1619464376644207913 655
1619464376666883724 977
1619464376707227230 621
1619464376858946547 580
1619464376880129830 238
1619464376934487153 228
1619464377045896307 619
1619464377116075254 926
1619464377299847023 816
1619464377331536294 1130
1619464377348913646 698
1619464377356730196 813
1619464377500197678 1511
1619464377531205677 1105
1619464377546771280 843
1619464377593556548 215
1619464377728355799 280
1619464377758060731 255
1619464377790110724 295
1619464377817470254 694
1619464377840124137 198
1619464377853626129 230
1619464377865481300 874
1619464377887144129 252
1619464378074367070 1085
1619464378080254161 944
1619464378111754737 1066
1619464378151821130 256
1619464378165233349 1149
1619464378190421328 632
1619464378203378335 975
1619464378287453675 970
1619464378358889029 888
1619464378394309784 194
1619464378428993407 928
1619464378464120547 617
1619464378525504604 610
1619464378554164586 264
1619464378727753242 242
1619464378852969859 806
1619464378874839396 783
1619464378906669745 732
1619464378932512899 1043
1619464379018129891 164
1619464379057732827 799
1619464379105650573 655
1619464379188672503 221
1619464379419038390 786
1619464379458953112 204
1619464379515339224 1272
1619464379545127112 556
1619464379575787187 1241
1619464379581231241 259
1619464379658527977 658
1619464379667711942 811
1619464379673077602 1101
1619464379798300270 230
1619464379801108968 761
1619464379854281824 868
1619464379879518879 856
1619464379893029818 837
1619464379923018099 193
1619464379969688943 650
1619464379982457750 189
1619464379993993587 889
1619464380039375252 1011
1619464380055912851 783
1619464380068381839 975
1619464380077219936 790
1619464380083407146 802
1619464380217124975 713
1619464380240465343 688
1619464380282983929 841
1619464380307194092 953
1619464380333531038 660
1619464380373511671 1308
1619464380441753044 873
1619464380464678316 970
1619464380600238805 668
1619464380775757811 832
1619464380836299231 844
1619464380931369235 588
1619464380938709503 854
1619464381076729190 1106
1619464381101321994 949
1619464381106680245 211
1619464381156892891 806
1619464381253279278 173
1619464381301545856 1414
1619464381304346402 765
1619464381441816677 246
1619464381461952256 1106
1619464381574713043 396
1619464381597315047 867
1619464381619608665 1142
1619464381658879965 225
1619464381680553012 1114
1619464381683106990 505
1619464381687986598 391
1619464381698662294 714
1619464381715445655 868
1619464381760728584 735
1619464381910936707 916
1619464381947070557 733
1619464382007489699 682
1619464382045889335 383
1619464382107124354 629
1619464382145110860 951
1619464382167822020 230
1619464382213609923 296
1619464382216532663 897
1619464382228224576 938
1619464382337046844 508
1619464382367586046 727
1619464382411706378 1162
1619464382452504527 783
1619464382478658608 774
1619464382523888569 215
1619464382532338041 711
1619464382631221771 986
1619464382689822569 488
1619464382734795560 599
1619464382752656829 723
1619464382816439993 244
1619464382851375326 288
1619464382857422871 1012
1619464382867712149 183
1619464382976111316 741
1619464383084222191 228
1619464383092332415 778
1619464383106098381 845
1619464383144542305 171
1619464383155255902 451
1619464383158087975 741
1619464383180411711 930
1619464383242030345 522
1619464383317424956 1164
1619464383319690709 243
1619464383346635244 935
1619464383421140985 681
1619464383432648359 860
1619464383474323281 1021
1619464383503550362 1124
1619464383547335946 735
1619464383609998335 460
1619464383643199948 609
1619464383701246120 189
1619464383882908639 251
1619464383888714240 903
1619464383898299965 230
1619464383928706157 208
1619464383931219345 478
1619464383940680165 639
1619464383964573984 1076
1619464383966836423 232
1619464384030909230 267
1619464384057618795 186
1619464384074675842 226
1619464384194342616 219
1619464384238906933 236
1619464384462993274 1156
1619464384465375645 244
1619464384502946143 745
1619464384531374104 799
1619464384587092244 953
1619464384601571596 1122
1619464384629068754 1161
1619464384637350547 1246
1619464384645540586 782
1619464384694020226 890
1619464384751104154 977
1619464384828520127 834
1619464384898034471 201
1619464385006046752 213
1619464385074526966 518
1619464385141742360 615
1619464385160645376 289
1619464385207602966 1016
1619464385218778395 973
1619464385314073752 282
1619464385437699747 776
1619464385450952676 267
1619464385624168970 377
1619464385637170552 271
1619464385730726475 798
1619464385740626789 980
1619464385801271769 531
1619464385803519400 199
1619464385817120863 706
1619464385982728407 728
1619464386027542685 233
1619464386064650674 1161
1619464386117652392 757
1619464386125541422 777
1619464386158003630 855
1619464386185092301 239
1619464386285741685 1025
1619464386289017334 1224
1619464386291349244 241
1619464386363474419 888
1619464386398453525 1058
1619464386414641471 922
1619464386422634474 1458
1619464386465340347 146
1619464386479231064 693
1619464386512393498 787
1619464386548870710 629
1619464386626510396 1143
1619464386659030474 803
1619464386672571995 781
1619464386699344011 212
1619464386712831246 884
1619464386740351638 292
1619464386869873201 705
1619464387026677575 937
1619464387103219368 820
1619464387131318603 1024
1619464387205954640 836
1619464387222777801 1116
1619464387225263731 286
1619464387337376118 840
1619464387400753951 957
1619464387406540613 687
1619464387411675201 205
1619464387414050807 242
1619464387451773010 720
1619464387479635022 226
1619464387484732921 170
1619464387490543907 646
1619464387719171435 186
1619464387810853697 1259
1619464387825068046 747
1619464387848458945 1440
1619464387852274627 1772
1619464387894046117 309
1619464388023596593 221
1619464388150345769 170
1619464388384077002 988
1619464388414645038 248
1619464388477840818 956
1619464388483551990 815
1619464388496257641 214
1619464388557974959 625
1619464388671407193 1106
1619464388687830783 815
1619464388899888689 819
1619464388912880507 854
1619464389018763749 238
1619464389153918013 751
1619464389156266344 267
1619464389289848574 267
1619464389310350822 236
1619464389315650944 1008
1619464389393161105 759
1619464389402646664 235
1619464389426033205 1006
1619464389470944875 821
1619464389520570258 664
1619464389610578131 893
1619464389613282225 665
1619464389731905065 224
1619464389837319440 683
1619464389905732266 1555
1619464389994451992 941
1619464390069095729 646
1619464390089771100 365
1619464390118188688 766
1619464390152568781 679
1619464390226703892 852
1619464390245549489 982
1619464390409883599 1119
1619464390467333211 663
1619464390543221865 968
1619464390601386320 776
1619464390614863487 951
1619464390654637159 231
1619464390729513690 162
1619464390738208775 703
1619464390776687893 924
1619464390793582279 216
1619464390798779855 726
1619464390916084760 1076
1619464390960111765 1167
1619464390968152129 978
1619464390992586173 752
1619464391129420722 988
1619464391299946624 614
1619464391311179539 830
1619464391348050125 751
1619464391403705953 160
1619464391591037670 1016
1619464391608521618 587
1619464391656913370 917
1619464391706678434 194
1619464391718038145 902
1619464391765759311 294
1619464391776327060 756
1619464391836438892 981
1619464391889624178 1013
1619464391920554174 839
1619464391948720901 790
1619464392011127189 616
1619464392025609346 844
1619464392153025146 246
1619464392161168563 706
1619464392408501129 808
1619464392609508414 1549
1619464392640499871 646
1619464392665699379 734
1619464392684838007 1101
1619464392757243028 847
1619464392776545385 876
1619464392778847560 251
1619464392939844750 235
1619464392958055569 723
1619464392999441441 191
1619464393123607799 195
1619464393131552647 550
1619464393199262306 752
1619464393269967452 995
1619464393489399456 255
1619464393548282602 864
1619464393632926370 221
1619464393675824358 256
1619464393687569383 989
1619464393695999179 648
1619464393703808477 176
1619464393706010467 153
1619464393762358263 1020
1619464393783906997 309
1619464393791684979 201
1619464393794732719 998
1619464393836108597 783
1619464393877171674 826
1619464393961752940 274
1619464394016384720 674
1619464394054273227 841
1619464394112484012 634
1619464394124603549 1506
1619464394170044245 1297
1619464394184770467 1109
1619464394210570013 210
1619464394416655951 217
1619464394478671035 854
1619464394492169666 2667
1619464394586116423 798
1619464394593830922 203
1619464394620194048 1017
1619464394622873621 644
1619464394646266886 729
1619464394660594582 785
1619464394678166672 782
1619464394801146960 357
1619464394887470613 224
1619464394909109848 789
1619464395109003046 1164
1619464395123631201 936
1619464395140186110 835
1619464395200656842 891
1619464395222347575 782
1619464395317612033 1030
1619464395323250090 584
1619464395446171965 1117
1619464395461654034 265
1619464395506241160 812
1619464395587536038 163
1619464395598860308 926
1619464395628908615 598
1619464395637089204 644
1619464395806768695 238
1619464395813336717 1578
1619464395821253362 817
1619464395826990460 537
1619464395911643782 948
1619464395951574759 922
1619464396026055844 739
1619464396060724831 642
1619464396103889475 897
1619464396106226537 250
1619464396142904390 1102
1619464396157895013 214
1619464396170036541 714
1619464396180280971 863
1619464396254685379 254
1619464396262726477 271
1619464396292814350 1081
1619464396402448352 172
1619464396432954924 737
1619464396451953884 639
1619464396459914723 845
1619464396467257191 205
1619464396484918033 1087
1619464396490119257 224
1619464396508207538 893
1619464396725497150 734
1619464396740922735 734
1619464396819969376 956
1619464396867133220 1183
1619464396891452331 751
1619464397054195586 1136
1619464397071537805 660
1619464397084028655 846
1619464397118735244 196
1619464397196819080 184
1619464397202811319 966
1619464397474694079 735
1619464397490575625 221
1619464397644115503 939
1619464397695838518 1163
1619464397710474016 1231
1619464397721571815 584
1619464397727277524 684
1619464397732963884 990
1619464397778847630 515
1619464397896481620 818
1619464397906503579 945
1619464397914867244 1186
1619464398059553093 524
1619464398108006313 221
1619464398173768185 909
1619464398257370413 1049
1619464398269002335 988
1619464398273529983 219
1619464398301626051 2022
1619464398320818855 1056
1619464398382519650 1180
1619464398414423477 1787
1619464398447273832 910
1619464398532149210 783
1619464398574766504 845
1619464398580514862 241
1619464398661326032 704
1619464398780260827 198
1619464398803665595 838
1619464398811877177 800
1619464398847491939 822
1619464398915682970 990
1619464399011096602 191
1619464399026798335 717
1619464399043788905 841
1619464399049078597 665
1619464399130458890 947
1619464399215738363 267
1619464399223847477 1073
1619464399238550299 565
1619464399314385637 228
1619464399324462818 783
1619464399363538526 653
1619464399516323557 951
1619464399535095960 570
1619464399608193616 2035
1619464399659422639 226
1619464399802163821 1149
1619464399995727012 585
1619464400035882220 981
1619464400101143616 185
1619464400181317803 245
1619464400203776351 257
1619464400238961225 790
1619464400241307440 278
1619464400272431036 636
1619464400359848575 207
1619464400418634129 953
1619464400428927969 241
1619464400461135240 191
1619464400488550741 942
1619464400651531903 420
1619464400739426362 175
1619464400754827888 184
1619464400757898925 986
1619464400802400941 1041
1619464400873313292 610
1619464400925146154 1232
1619464400930787362 762
1619464400960054683 889
1619464400964600562 253
1619464401024741621 195
1619464401043027363 867
1619464401046028893 951
1619464401077353077 238
1619464401247449834 948
1619464401292057221 872
1619464401317063133 955
1619464401423740510 639
1619464401429895123 475
1619464401449792104 1155
1619464401485570931 934
1619464401509561144 195
1619464401536378115 1007
1619464401653349446 273
1619464401798133978 868
1619464401819027971 222
1619464401946868437 1048
1619464401983454481 958
1619464402197323828 554
1619464402267381215 1180
1619464402274638590 219
1619464402370483984 267
1619464402403266560 211
1619464402453361080 265
1619464402495466602 236
1619464402641582478 191
1619464402753202231 325
1619464402787922783 1666
1619464402818573987 789
1619464402870171619 613
1619464402884204572 209
1619464402910700751 803
1619464402975982915 800
1619464403001641335 541
1619464403018253546 1047
1619464403034573367 651
1619464403097014051 1144
1619464403182567540 597
1619464403380562518 1007
1619464403391577022 544
1619464403435263301 813
1619464403459140660 838
1619464403522668206 813
1619464403660240628 194
1619464403671631498 1991
1619464403674314084 591
1619464403822341049 238
1619464403851012640 1175
1619464403891283341 942
1619464403904496995 744
1619464403915806261 1007
1619464403977369968 219
1619464404004358594 251
1619464404041353476 245
1619464404059685077 294
1619464404115666758 714
1619464404175757048 620
1619464404301941373 257
1619464404307468096 814
1619464404375557459 226
1619464404407920332 791
1619464404458732078 979
1619464404465984399 196
1619464404482879862 679
1619464404571759713 967
1619464404574518868 724
1619464404653673590 278
1619464404717090882 169
1619464404719880498 732
1619464404756777107 474
1619464404779851654 207
1619464404814846275 865
1619464404819895148 258
1619464404835061697 944
1619464404870291402 214
1619464404905375806 708
1619464404919310430 1044
1619464405007711235 215
1619464405041471835 916
1619464405102873842 210
1619464405172871704 228
1619464405175170442 263
1619464405186024427 1010
1619464405197634346 951
1619464405208810399 759
1619464405221301213 282
1619464405328753809 321
1619464405364890161 290
1619464405406510951 828
1619464405420020512 1147
1619464405435541891 696
1619464405451422748 184
1619464405462231061 1133
1619464405512914256 1104
1619464405527404196 1578
1619464405542594068 298
1619464405547690115 707
1619464405558838612 880
1619464405693977866 765
1619464405734892632 680
1619464405843026857 1103
1619464405930937027 174
1619464405957498335 977
1619464405990987111 934
1619464406043913850 763
1619464406049209907 583
1619464406189340332 1088
1619464406213742542 1050
1619464406292552868 797
1619464406342230104 256
1619464406472332982 200
1619464406625059660 865
1619464406790739480 780
1619464406849482215 747
1619464406870099852 636
1619464406894883229 811
1619464407008791467 204
1619464407064554483 804
1619464407102329510 332
1619464407104870907 509
1619464407176342083 1079
1619464407194492298 776
1619464407224185606 850
1619464407233858295 940
1619464407242890471 939
1619464407395760861 845
1619464407450571166 183
1619464407453423809 749
1619464407578581321 713
1619464407611151342 213
1619464407641143425 686
1619464407712676395 169
1619464407769300902 769
1619464407866289172 201
1619464407898275902 1141
1619464407991672752 661
1619464408063629994 884
1619464408139718791 892
1619464408162322717 236
1619464408187365462 205
1619464408248183430 972
1619464408263900777 880
1619464408432915803 203
1619464408455554091 1065
1619464408514005370 1040
1619464408620632098 883
1619464408858580226 762
1619464408861548498 902
1619464408985211709 755
1619464409023204730 237
1619464409039194631 725
1619464409069803294 204
1619464409092047271 1052
1619464409117708499 168
1619464409142396028 818
1619464409227438772 752
1619464409235072224 598
1619464409351275326 184
1619464409395346999 914
1619464409521613535 237
1619464409533475795 715
1619464409557131162 1099
1619464409730953418 216
1619464409794167559 253
1619464409813186766 195
1619464409868235082 931
1619464409896190175 751
1619464410063434820 723
1619464410066292692 806
1619464410155478492 812
1619464410259946968 1071
1619464410397043605 1169
1619464410521340303 214
1619464410524283583 813
1619464410587762173 269
1619464410659176112 995
1619464410712463870 744
1619464410737067759 245
1619464410781142242 193
1619464410985373156 943
1619464411042017804 312
1619464411044770221 703
1619464411108043768 235
1619464411196599121 1065
1619464411207527315 1111
1619464411221017674 873
1619464411285741054 857
1619464411421549881 890
1619464411456680686 213
1619464411467317661 218
1619464411469638394 212
1619464411474971306 1051
1619464411489294828 860
1619464411570610045 664
1619464411594066663 688
1619464411604699530 724
1619464411653109900 778
1619464411702078193 646
1619464411839983018 1018
1619464411886404496 795
1619464411977183646 1061
1619464412014831022 557
1619464412025837096 746
1619464412169322853 696
1619464412234528662 726
1619464412247673889 236
1619464412311167473 1064
1619464412355431253 190
1619464412548649496 724
1619464412698863997 601
1619464412709920789 1577
1619464412712204689 242
1619464412764270797 693
1619464412908739509 937
1619464412993197520 793
1619464413135362432 773
1619464413147373333 878
1619464413149617074 206
1619464413232277194 747
1619464413237724849 229
1619464413338798557 223
1619464413391567284 219
1619464413407781253 229
1619464413484404677 176
1619464413489546145 236
1619464413552372053 531
1619464413598931130 787
1619464413611982500 838
1619464413630333343 1065
1619464413635635601 973
1619464413641302655 614
1619464413645223341 1887
1619464413685385150 515
1619464413842783552 432
1619464413873500900 201
1619464413962031568 641
1619464413967272481 239
1619464414089204956 537
1619464414150685794 458
1619464414160761436 167
1619464414169095973 878
1619464414209789411 210
1619464414212392239 572
1619464414223111252 145
1619464414299057375 537
1619464414513170612 1216
1619464414663731742 1126
1619464414691812165 290
1619464414718547126 226
1619464414726169832 190
1619464414759437805 708
1619464414776785186 665
1619464414896141066 558
1619464414924823209 678
1619464414949836567 960
1619464414954785257 217
1619464414961964012 654
1619464415344691343 217
1619464415415144249 864
1619464415420603210 609
1619464415425887372 943
1619464415471367818 662
1619464415532165296 771
1619464415584417564 959
1619464415702550279 222
1619464415710739545 808
1619464415742224510 502
1619464415745011383 728
1619464415766441244 527
1619464415777551540 768
1619464415940010471 1030
1619464416087343386 613
1619464416090327005 872
1619464416128507366 616
1619464416165542611 228
1619464416184808008 793
1619464416187697392 772
1619464416255673749 853
1619464416389839197 874
1619464416615888636 747
1619464416623372372 780
1619464416655297494 779
1619464416750134073 1062
1619464416766468848 938
1619464416771955470 679
1619464416815822254 649
1619464416823043155 329
1619464416840802386 290
1619464416909767322 242
1619464416949929501 793
1619464416973774994 707
1619464416985730374 842
1619464417011468070 933
1619464417074473737 243
1619464417209847871 912
1619464417319117133 300
1619464417382373483 224
1619464417402458007 208
1619464417432338785 987
1619464417498655703 857
1619464417507263551 607
1619464417544327375 891
1619464417550443083 817
1619464417575183743 1074
1619464417676912123 1144
1619464417689331714 778
1619464417734914635 887
1619464417743087892 848
1619464417799547534 160
1619464417831259657 751
1619464417903248799 257
1619464417927438098 211
1619464417945703960 884
1619464417967391176 664
1619464417982075944 847
1619464417999113648 195
1619464418077234453 813
1619464418085033239 204
1619464418223571350 754
1619464418236633542 680
1619464418242687679 1035
1619464418250716133 235
1619464418255815480 215
1619464418315658308 1029
1619464418356229758 756
1619464418452931613 1027
1619464418474038664 960
1619464418550941040 1750
1619464418575454848 699
1619464418625560554 809
1619464418675728411 574
1619464418678077721 294
1619464418716325302 660
1619464418718891017 488
1619464418808486929 282
1619464419069720557 718
1619464419083300939 355
1619464419244905702 978
1619464419254497647 772
1619464419383795582 1414
1619464419393548509 641
1619464419455474991 1006
1619464419458205589 658
1619464419478401468 739
1619464419585777907 652
1619464419660197655 183
1619464419704397068 951
1619464419707420143 953
1619464419733097633 922
1619464420009044925 502
1619464420101238769 190
1619464420135886136 247
1619464420171735599 619
1619464420271053749 231
1619464420291966427 1092
1619464420330476180 173
1619464420544220742 750
1619464420567922132 213
1619464420600349506 218
1619464420628775617 1755
1619464420643193534 857
1619464420662011646 722
1619464420799881774 414
1619464420875549657 740
1619464421022007304 829
1619464421068790547 1025
1619464421111542372 824
1619464421147047451 760
1619464421320578078 265
1619464421353116509 731
1619464421394670178 208
1619464421409957166 595
1619464421439183246 1216
1619464421510694722 226
1619464421530345966 249
1619464421539847280 224
1619464421576915606 891
1619464421596041229 1068
1619464421688194266 1096
1619464421819275325 718
1619464421825297381 896
1619464421922816833 254
1619464421927596308 291
1619464422107546311 214
1619464422242730383 654
1619464422250719889 253
1619464422299413021 1383
1619464422380732250 816
1619464422419951133 659
1619464422469006229 262
1619464422479960339 604
1619464422539385584 987
1619464422544893881 921
1619464422554554923 241
1619464422607747911 761
1619464422709313607 791
1619464422739644059 895
1619464422752246381 232
1619464422780096289 591
1619464422825656243 1121
1619464422870436669 844
1619464422996258226 931
1619464423029209730 775
1619464423114507782 803
1619464423129862291 200
1619464423132684014 795
1619464423201085851 218
1619464423218079645 246
1619464423268458442 807
1619464423281695025 854
1619464423304657317 1171
1619464423329359069 744
1619464423332147027 685
1619464423518160892 436
1619464423560597704 260
1619464423568706982 1072
1619464423633115659 790
1619464423653480182 845
1619464423677337048 1077
1619464423694804444 1028
1619464423730944467 560
1619464423742480401 818
1619464423789179136 1499
1619464423834531985 868
1619464423881075678 977
1619464423962587422 608
1619464424112259598 751
1619464424172216213 845
1619464424243215365 1060
1619464424280954461 239
1619464424316892845 945
1619464424388484353 846
1619464424478274291 273
1619464424489811003 762
1619464424566298370 822
1619464424654351554 914
1619464424656757759 252
1619464424676654577 922
1619464424696882415 542
1619464424729551975 848
1619464424737467309 512
1619464424816822311 567
1619464424857446884 490
1619464424983727160 752
1619464425032564628 210
1619464425054645999 732
1619464425058383367 1682
1619464425075738200 474
1619464425098021112 182
1619464425204094000 768
1619464425209129036 190
1619464425217639682 927
1619464425231972467 789
1619464425337384697 592
1619464425364473749 959
1619464425407681049 259
1619464425499677933 985
1619464425610265343 220
1619464425634101992 226
1619464425747699253 871
1619464425790120938 216
1619464425795861340 658
1619464425814537992 559
1619464425827161559 148
1619464425840569519 309
1619464425852100728 244
1619464425904693816 891
1619464425917707652 800
1619464425928410109 950
1619464425962710581 837
1619464425999103449 998
1619464426018076419 167
1619464426065261141 305
1619464426110096153 545
1619464426143564936 815
1619464426165744023 904
1619464426204186141 202
1619464426290970421 779
1619464426449277126 545
1619464426467847112 665
1619464426512394635 272
1619464426637346965 467
1619464426660836901 247
1619464426682565435 373
1619464426868968779 352
1619464426918469428 372
1619464426979671161 309
1619464427052234098 238
1619464427073690432 511
1619464427169532728 576
1619464427178904480 267
1619464427218803386 220
1619464427299216825 361
1619464427329695777 306
