1655354523683636342 25
1655354524684858769 27
1655354525685468062 24
1655354526685967861 25
1655354527687142840 27
1655354528688315257 25
1655354529689136768 24
1655354530690304962 25
1655354531691637813 24
1655354532692823339 25
1655354533694400279 25
1655354534702223708 26
1655354535703310165 25
1655354536703993143 27
1655354537705271217 26
1655354538706458815 27
1655354539707628149 25
1655354540708912109 26
1655354541709892249 25
1655354542710350120 26
1655354543710527805 26
1655354544711450965 25
1655354545712772049 24
1655354546713184024 30
1655354547714334748 27
1655354548716772715 25
1655354549719129292 24
1655354550720292189 25
1655354551721132898 26
1655354552721404931 25
1655354553721603781 24
1655354554722783685 27
1655354555723951370 27
1655354556724663240 24
1655354557725173108 26
1655354558726350983 25
1655354559727226579 24
1655354560727750004 24
1655354561729149069 26
1655354562730328795 25
1655354563731037340 26
1655354564733597917 24
1655354565734632115 24
1655354566736038990 26
1655354567737099734 24
1655354568738535261 25
1655354569739710554 25
1655354570740865602 25
1655354571741635226 26
1655354572743077155 23
1655354573744246584 22
1655354574745594708 25
1655354575747070615 26
1655354576747378282 25
1655354577747732467 25
1655354578748408707 26
1655354579749136365 25
1655354580749596413 26
1655354581751072673 26
1655354582752244823 27
1655354583753407104 24
1655354584753630695 26
1655354585754798171 24
1655354586755252474 24
1655354587755710758 26
1655354588756977766 26
1655354589758632621 20
1655354590758844535 25
1655354591759341465 24
1655354592760520284 25
1655354593761691246 26
1655354594762859567 29
1655354595763774049 27
1655354596765004365 25
1655354597766466393 26
1655354598767164643 23
1655354599768545476 25
1655354600769185088 23
1655354601770891770 24
1655354602772337446 27
1655354603773113872 21
1655354604774438501 24
1655354605774778626 26
1655354606775943178 24
1655354607777134903 26
1655354608777349072 26
1655354609778513197 26
1655354610779698258 25
1655354611780495566 29
1655354612781677405 17