1655952607839492188 0
1655952608840707291 0
1655952609842546556 0
1655952610843722974 0
1655952611844708321 0
1655952612846539217 0
1655952613847709846 0
1655952614848819436 0
1655952615849796933 6
1655952616850967720 23
1655952617852112088 40
1655952618852703535 42
1655952619853847564 36
1655952620854991854 37
1655952621856157456 41
1655952622857311476 40
1655952623858466404 42
1655952624859619550 40
1655952625860773933 43
1655952626861925266 40
1655952627863083046 37
1655952628864246628 43
1655952629865404570 41
1655952630866560232 38
1655952631867722838 41
1655952632868895073 38
1655952633870047424 42
1655952634871201066 41
1655952635872379616 40
1655952636872680046 38
1655952637873851179 41
1655952638874994675 45
1655952639876143931 37
1655952640877394570 39
1655952641878556470 41
1655952642879711337 42
1655952643880880239 41
1655952644881204081 41
1655952645882684091 39
1655952646883838669 41
1655952647885004754 38
1655952648885200145 42
1655952649886790031 37
1655952650887946504 43
1655952651889106854 42
1655952652890261868 35
1655952653891000735 36
1655952654892181208 45
1655952655893345110 41
1655952656894523353 39
1655952657895677536 45
1655952658896550215 40
1655952659898003886 41
1655952660899016138 39
1655952661900161077 39
1655952662900992071 42
1655952663902223429 40
1655952664903398785 42
1655952665904562582 40
1655952666905733818 38
1655952667906889267 40
1655952668908042303 42
1655952669909195825 38
1655952670910348760 38
1655952671911505212 42
1655952672912659391 40
1655952673913815758 41
1655952674915019969 39
1655952675916173239 40
1655952676917325582 38
1655952677918490445 43
1655952678919636544 36
1655952679920703634 43
1655952680921892385 42
1655952681923048409 42
1655952682924292360 40
1655952683926348445 39
1655952684927501640 43
1655952685928702386 40
1655952686929857190 39
1655952687931094327 39
1655952688932803059 41
1655952689934228941 40
1655952690935376137 39
1655952691936530838 38
1655952692937697910 41
1655952693938861909 42
1655952694940012599 38
1655952695941185649 41
1655952696942266506 42
1655952697943473699 40
1655952698944715138 43
1655952699945854748 40
1655952700947000985 39
