1655952139315043228 0
1655952140316298735 0
1655952141318257593 0
1655952142320113900 0
1655952143322075210 0
1655952144323929238 0
1655952145325099976 0
1655952146326229351 0
1655952147326836403 0
1655952148328037499 6
1655952149328723243 10
1655952150330067965 10
1655952151331253030 10
1655952152332636765 8
1655952153333830581 10
1655952154335323043 10
1655952155336554647 10
1655952156338209808 8
1655952157339389878 10
1655952158340214963 10
1655952159340449089 8
1655952160340696637 10
1655952161341866384 10
1655952162343038503 8
1655952163344203944 10
1655952164345366736 10
1655952165346536256 8
1655952166347704119 10
1655952167348814306 10
1655952168349979046 10
1655952169351153061 8
1655952170352331437 10
1655952171352701607 10
1655952172353886829 9
1655952173355048469 9
1655952174356208820 10
1655952175357383709 10
1655952176358543812 9
1655952177358891540 9
1655952178360057437 10
1655952179360722298 10
1655952180361895807 8
1655952181363069610 10
1655952182364233608 10
1655952183364721053 10
1655952184368437979 8
1655952185369623760 10
1655952186370788983 10
1655952187371947657 10
1655952188373126358 8
1655952189374296786 10
1655952190375460792 10
1655952191376672764 10
1655952192377849063 8
1655952193379202795 10
1655952194380385435 10
1655952195380674377 10
1655952196381838631 8
1655952197383012833 10
1655952198384180561 10
1655952199384770465 9
1655952200385952109 9
1655952201387137406 10
1655952202388301757 10
1655952203389461118 8
1655952204390637737 10
1655952205391822262 10
1655952206392707029 9
1655952207394240672 9
1655952208395414737 10
1655952209396582660 10
1655952210397768118 10
1655952211398959058 8
1655952212400129416 10
1655952213401297836 10
1655952214402440120 10
1655952215403164051 8
1655952216404343606 10
1655952217405524595 10
1655952218406686954 10
1655952219407872885 8
1655952220408718934 10
1655952221409889900 10
1655952222411048127 10
1655952223412242931 8
1655952224413432339 10
1655952225414612308 10
1655952226415789734 10
1655952227416993229 8
1655952228418175697 10
1655952229419934131 10
1655952230421119941 10
1655952231422277283 9
1655952232423443181 9
