1656102757081811957 2
1656102758082937347 38
1656102759083304747 40
1656102760084672117 40
1656102761085920645 40
1656102762086803734 37
1656102763087922082 35
1656102764089205383 40
1656102765090308254 40
1656102766091421323 40
1656102767092542285 40
1656102768093638930 40
1656102769093808098 34
1656102770095038975 38
1656102771096146167 40
1656102772096825991 40
1656102773097944710 40
1656102774099054911 40
1656102775099818047 33
1656102776100946195 39
1656102777102066916 40
1656102778103185221 40
1656102779104296536 40
1656102780105413911 40
1656102781106448362 40
1656102782106817349 37
1656102783107813028 37
1656102784108594256 38
1656102785109709384 40
1656102786110915758 40
1656102787112032498 40
1656102788113156477 40
1656102789113831748 40
1656102790114944877 37
1656102791116031101 40
1656102792116839794 35
1656102793117953252 40
1656102794119093812 40
1656102795120212924 40
1656102796121423181 40
1656102797122680299 37
1656102798123817026 35
1656102799125017732 40
1656102800126213268 40
1656102801127320293 40
1656102802128589955 40
1656102803129059105 35
1656102804129821388 40
1656102805130816669 37
1656102806131946251 40
1656102807133053996 40
1656102808133824243 40
1656102809134951698 35
1656102810136362249 40
1656102811137573688 40
1656102812138706951 37
1656102813139819225 40
1656102814140816386 40
1656102815141929816 39
1656102816142836284 36
1656102817143952361 40
1656102818145068118 40
1656102819145813366 39
1656102820146938295 38
1656102821147816777 40
1656102822148932003 35
1656102823149120336 40
1656102824150224827 40
1656102825151462976 40
1656102826152665991 40
1656102827153782072 32
1656102828155063655 40
1656102829156181525 40
1656102830157297378 40
1656102831158050998 40
1656102832158812182 40
1656102833159904280 34
1656102834161031430 39
1656102835162136643 39
1656102836163737207 40
1656102837164970266 40
1656102838166075883 40
1656102839167166480 37
1656102840167839878 40
1656102841168808708 38
1656102842169907211 39
1656102843171147359 39
1656102844172264871 39
1656102845173383252 40
1656102846173822032 40
1656102847174919506 31