1655059323398216399 16530
1655059323789110155 14446
1655059323998232672 8796
1655059324360911877 72706
1655059324572038951 10750
1655059325161510005 80965
1655059325883204713 12979
1655059326173687247 87432
1655059326466414159 88878
1655059327180329613 13646
1655059327584083009 15119
1655059327797107551 12635
1655059328078406738 75784
1655059328371368132 10507
1655059328880027106 11902
1655059329184247057 9188
1655059329496143011 9589
1655059330289553563 11106
1655059330585175886 24695
1655059330873007046 12524
1655059331378985269 10115
1655059331597316248 16307
1655059332198259166 12230
1655059332689238984 15794
1655059332987181672 21253
1655059333203553779 16121
1655059333874057598 10447
1655059334167281161 90822
1655059334480766613 14145
1655059335061272651 90950
1655059335461235986 80033
1655059335683183932 20023
1655059336162135578 85102
1655059336377191917 10845
1655059336588092692 9648
1655059336806717954 18255
1655059337027030390 9386
1655059337236735148 9207
1655059337574183203 10098
1655059338279760075 13895
1655059338572656462 85394
1655059338786466785 13407
1655059339071554957 11007
1655059339976221786 93827
1655059340688808297 19004
1655059341273276330 84857
1655059341979226786 12196
1655059342684860598 24148
1655059343076723732 87018
1655059343670950643 89436
1655059344266413713 178597
1655059344597746934 19272
1655059344885298452 13189
1655059345185042475 98606
1655059345477181701 16686
1655059345790265525 8218
1655059346466516129 82550
1655059346979431066 11718
1655059347261141242 75180
1655059347477427822 10856
1655059347992011224 9949
1655059348376981544 9380
1655059348661480839 78875
1655059349373794657 99004
1655059349661362662 79881
1655059350161378481 87581
1655059350379645974 11844
1655059350594594733 8481
1655059350804012661 8549
1655059351475433122 13178
1655059351787267308 11900
1655059352361217939 82326
1655059352873618716 9210
1655059353187848486 9136
1655059353477053806 16539
1655059353789043592 8056
1655059354375204716 14672
1655059354597724951 7430
1655059354877597676 12131
1655059355184597229 24118
1655059355775083889 92061
1655059356061121463 76677
1655059356479978550 96120
1655059357175598352 86682
1655059357461125444 78686
1655059358175296652 87667
1655059358887195851 14255
1655059359179299404 12011
1655059360082914942 22446
1655059360308113191 17208
1655059360587031664 9863
1655059360976552966 116062
1655059361198991555 16553
1655059361489024397 28351
1655059361699723523 10271
1655059361982431870 12588
1655059362197023609 14168
1655059362482308851 15002
1655059362882888162 22255
1655059363767001406 89327
1655059364384522406 21852
1655059364674589105 9159
1655059364884205359 8764
1655059365161160682 71654
1655059365391151201 19513
1655059365978038817 17483
1655059366796760827 113112
1655059367575787345 92536
1655059368461196796 85755
1655059368961084114 92158
1655059369371678695 83444
1655059369579990833 7707
1655059370270269827 84671
1655059370861093886 89730
1655059371070916052 9401
1655059371866325109 177048
1655059372180513824 10295
1655059372866641218 284368
1655059373094031383 15353
1655059373574288126 8834
1655059373876230626 85653
1655059374475259760 87823
1655059375182638250 9094
1655059375468286185 83681
1655059375991681858 12398
1655059376381058726 8984
1655059377261244336 92425
1655059377479813259 13106
1655059377770327349 9513
1655059378187072528 20693
1655059378495765393 10091
1655059378705083962 8907
1655059378981270958 20800
1655059379197787076 14560
1655059379473314635 8894
1655059379686422893 12138
1655059380169707220 91271
1655059380472287955 97196
1655059380784407207 8504
1655059381094803861 12179
1655059381468664936 106721
1655059381982617021 93710
1655059382287492624 11143
1655059382497998054 9682
1655059382761934928 58023
1655059382989267637 10476
1655059383198952389 9295
1655059383695211215 8934
1655059383905391998 9920
1655059384113417979 7699
1655059384362406787 43541
1655059384579349934 11839
1655059384788686299 8918
1655059384997900093 8846
1655059385867652774 194365
1655059386096686632 9953
1655059386401675051 12199
1655059386698594298 13798
1655059387075385725 87014
1655059387480172118 106499
1655059387788897021 19959
1655059388488630660 19410
1655059388699690202 10278
1655059389161102041 73964
1655059389371885827 10443
1655059389785752797 95198
1655059390161145856 91698
1655059390482511318 8411
1655059390779639928 12518
1655059391073095278 84352
1655059391779113716 118193
1655059392089007687 12943
1655059392308593521 18489
1655059393084100992 13341
1655059393299318742 14823
1655059393873822193 84923
1655059394583929064 9443
1655059394877101476 91564
1655059395165526365 82089
1655059395376028177 8659
1655059395596971613 16516
1655059396086125159 9555
1655059396478012418 9325
1655059396761649315 79877
1655059397190871575 8974
1655059397400914637 9656
1655059397761455748 89756
1655059397979253168 12251
1655059398280533457 13546
1655059398500450533 12955
1655059398770226605 9771
1655059399379442646 13010
1655059400286936335 109808
1655059400496550956 9092
1655059400705836680 8870
1655059400995556717 11075
1655059401277953834 17463
1655059401861193934 84232
1655059402180402300 19910
1655059402489790205 11505
1655059402776998206 10338
1655059402987157089 9765
1655059403202249451 14742
1655059403885774351 18042
1655059404094755588 8454
1655059404373620632 13188
1655059404584001586 8789
1655059404792727178 8253
1655059405574582008 87959
1655059405978314503 90264
1655059406190456668 11712
1655059406762161339 75930
1655059407470234843 191409
1655059407686138569 13131
1655059408161216284 86521
1655059408787938201 21244
1655059409186543007 8706
1655059409783540519 8553
1655059410261383291 172922
1655059410492959948 13427
1655059411261479130 75525
1655059411472387926 9879
1655059412098612301 11929
1655059412488137498 12338
1655059412698186855 9714
