1655058502890835604 12225
1655058503281064672 12624
1655058503578524089 9410
1655058503800236214 16102
1655058504183837833 9008
1655058504393098941 8633
1655058504676084376 9593
1655058504885091836 8487
1655058505178267614 9662
1655058505391028299 12309
1655058505606225163 9609
1655058505815588242 8963
1655058506092198376 8951
1655058506385445177 9294
1655058506598623069 12727
1655058506808935347 9617
1655058507078414949 9293
1655058507375309799 8365
1655058507677960063 10252
1655058507889563034 11215
1655058508099194147 9201
1655058508308711052 8911
1655058508518519038 9397
1655058508791805475 10136
1655058509090381288 16283
1655058509388186640 13070
1655058509690611442 18535
1655058509981542479 14523
1655058510191600788 9642
1655058510401295848 9289
1655058510614095002 12323
1655058510823871704 9347
1655058511089555892 10328
1655058511381282868 9363
1655058511591508664 9774
1655058511801545307 9618
1655058512188149230 8663
1655058512397563134 8986
1655058512676919969 75898
1655058513083665016 23153
1655058513301973951 17878
1655058513514701977 12255
1655058513724375238 9306
1655058513975617503 8768
1655058514282102809 9289
1655058514492541548 9996
1655058514775234808 8984
1655058515077434614 9406
1655058515300179396 15546
1655058515513010203 12416
1655058515779325896 13473
1655058515989058281 9285
1655058516199226849 9794
1655058516408559408 8916
1655058516674568883 9034
1655058516886199513 11271
1655058517174483693 10329
1655058517483790749 9283
1655058517899613302 14655
1655058518180475382 7986
1655058518476356986 8138
1655058518689229025 12467
1655058518982081423 14208
1655058519192708267 10184
1655058519403100640 10018
1655058519612635742 9145
1655058519827506025 14461
1655058520160972165 77389
1655058520376466642 10001
1655058520761944442 79032
1655058521079366236 10946
1655058521288920181 8910
1655058521681527849 19955
1655058522166395492 82918
1655058522488782498 19465
1655058522698875929 9654
1655058522912997970 13680
1655058523293024690 13546
1655058523577711043 79347
1655058523884982608 9780
1655058524293919620 9217
1655058524575353682 11646
1655058524785008245 9234
1655058524998536027 13083
1655058525472496792 9367
1655058525786327333 8472
1655058526074018451 8483
1655058526377576915 8813
1655058526797111591 14908
1655058527276578509 9854
1655058527580624100 9401
1655058527797748391 16642
1655058528278776483 9371
1655058528776970697 11431
1655058529266885514 98899
1655058529598925092 11750
1655058529882141229 11838
1655058530176538608 10788
1655058530561092595 87088
1655058530769762021 8310
1655058531080132421 10732
1655058531489118609 12747
1655058531777081581 8672
1655058531986170941 8607
1655058532196527205 10077
1655058532481147360 13727
1655058532694570054 13058
1655058532961128473 61165
1655058533174703625 13237
1655058533479068859 10474
1655058533781406902 12864
1655058533995162605 13321
1655058534204092310 8557
1655058534413734011 9284
1655058534670075937 8778
1655058534977833823 9014
1655058535280729188 8336
1655058535573718373 8576
1655058535878401885 12901
1655058536087835162 8679
1655058536386051889 12401
1655058536595959397 9080
1655058536805481279 8871
1655058537074646349 8585
1655058537374450896 8635
1655058537584634883 9698
1655058537877028505 9516
1655058538267368889 90229
1655058538576447229 8325
1655058538785821076 8893
1655058539077883060 9228
1655058539384445087 8734
1655058539673039718 9103
1655058539981756860 8709
1655058540193183396 9332
1655058540408222566 14610
1655058540623598123 9597
1655058540882678247 9138
1655058541173658669 8836
1655058541474145763 8996
1655058541684502430 9807
1655058541983387552 18653
1655058542207587578 13100
1655058542416769283 8622
1655058542680227494 9185
1655058542890549189 10071
1655058543099993556 8879
1655058543309549939 9023
1655058543589546433 9097
1655058543878445428 8931
1655058544187252548 19841
1655058544661093504 87924
1655058544870199639 8713
1655058545079398077 8780
1655058545288282973 8485
1655058545502733531 13903
1655058545712019667 8882
1655058545973326821 9462
1655058546182061908 8434
1655058546482261348 8483
1655058546696135136 13443
1655058546981245628 12841
1655058547192564579 10910
1655058547402386383 9261
1655058547677803450 9202
1655058547892846079 14649
1655058548180078446 13787
1655058548390710575 10183
1655058548600593912 9455
1655058548874259688 9765
1655058549082525461 7821
1655058549295602154 12516
1655058549508077796 12135
1655058549769948814 9407
1655058550178984276 18487
1655058550388694943 9243
1655058550598121807 9030
1655058550873555745 9072
1655058551083014262 8831
1655058551292437113 8709
1655058551576169782 9383
1655058551785626769 8979
1655058552085962620 9048
1655058552299125501 12646
1655058552512553813 12791
1655058552722181803 9209
1655058552932397647 9774
1655058553182017545 13278
1655058553561326993 97592
1655058553977922408 95530
1655058554375976007 89537
1655058554596159659 19722
1655058554816448483 9234
1655058555078930022 12193
1655058555471145079 84435
1655058555783194665 15952
1655058555996212784 12762
1655058556206031600 9212
1655058556490574862 12379
1655058556700764736 9581
1655058556910158747 8858
1655058557294251279 8934
1655058557503079404 8256
1655058557763225775 54378
1655058557973654277 10016
1655058558183209688 9161
1655058558392522490 8828
1655058558601163791 8161
1655058558861411225 54834
1655058559071797854 9952
1655058559279443768 7320
1655058559580041492 10491
1655058559792680104 12227
1655058560002998264 9483
1655058560212890771 9469
1655058560587574344 9413
1655058560797253955 9135
1655058561061201993 57675
1655058561279232329 12390
1655058561575163669 9398
1655058561784636899 8939
1655058561994557858 9422
1655058562278987507 8775
1655058562685513977 8621
1655058562962989049 71825
1655058563282820057 13571
1655058563583014350 14461
1655058563792290798 8546
1655058564061302032 63439
1655058564276088978 8284
1655058564666328512 89384
1655058565061378032 90495
1655058565375752219 9478
1655058565798479973 15520
1655058566188971682 9672
1655058566587583118 14028
1655058566799747969 9261
1655058567028427863 23033
1655058567238224854 9423
1655058567447539699 8908
1655058567656959767 8944
1655058567978730357 10216
1655058568278644753 13033
1655058568487987023 8932
1655058568866406023 92328
1655058569261114206 94182
1655058569476902879 9471
1655058569874697229 91448
1655058570084889950 9757
1655058570374745108 9645
1655058570584580609 9394
1655058570794244752 9261
1655058571008007753 13347
1655058571232449308 13198
1655058571489296681 12585
1655058571698986978 9277
1655058571976644613 72120
1655058572277318349 9054
1655058572588464299 12863
1655058572802220824 13335
1655058573077093970 8631
1655058573285630387 8175
1655058573496912625 10949
1655058573766377057 63945
1655058574077592407 8867
1655058574286714080 8682
1655058574500632503 13512
1655058574710866595 9797
1655058574996655694 13423
1655058575373294025 84228
1655058575582616945 8867
1655058575873384230 8280
1655058576180657211 12102
1655058576399416066 12777
1655058576677118785 12741
1655058576891605099 14058
1655058577189815151 9251
1655058577478324552 11835
1655058577789516992 8364
1655058578269095407 79075
1655058578693003779 11005
1655058578908403981 14496
1655058579175750439 8362
1655058579475319986 9344
1655058579685047469 9330
1655058579976483543 9437
1655058580275879394 9151
1655058580485832764 9652
1655058580776925707 8240
1655058580985951576 8690
1655058581195847414 9551
1655058581588468179 9990
1655058581985497149 8182
1655058582194749458 8980
1655058582597967012 14215
1655058582807054402 8648
1655058583025087025 17642
1655058583234607799 9163
1655058583480792071 9555
1655058583690119891 8929
1655058583900227932 9556
1655058584109689474 8952
1655058584369236215 8777
1655058584582448257 12851
1655058584803292046 20449
1655058585018133208 9175
1655058585227471479 8946
1655058585480457239 12806
1655058585690738465 9910
1655058585899508698 8401
1655058586108876096 8959
1655058586322735363 13501
1655058586535598130 12484
1655058586769942361 9451
1655058586985058114 14626
1655058587278651927 9030
1655058587574540870 9230
1655058587783863149 8764
1655058588261125429 90500
1655058588470019775 8471
1655058588683889248 13461
1655058588975858711 8669
1655058589186208972 9771
1655058589398238486 11507
1655058589608273596 9660
1655058589861133802 47434
1655058590081430067 8782
1655058590290447066 8612
1655058590575405880 9792
1655058590873535735 9002
1655058591082451009 8441
1655058591293047544 10064
1655058591502475919 8975
1655058591712784256 9895
1655058592087263196 9238
1655058592298575857 10771
1655058592580933075 8932
