1655058635199364285 117299
1655058635574407966 170137
1655058635966440656 85922
1655058636203481167 21582
1655058636782920122 95268
1655058636998059328 9231
1655058637212190975 13633
1655058637422520642 9913
1655058637632989227 10053
1655058637998183359 9693
1655058638480222114 10391
1655058638980187753 10201
1655058639392530083 9387
1655058639666540241 68387
1655058639877126949 10185
1655058640089683879 12236
1655058640594576346 14631
1655058640822240946 15794
1655058641078238548 11796
1655058641288639500 9715
1655058641498793408 9739
1655058641711731068 12488
1655058641923874898 11743
1655058642190217513 9765
1655058642479947566 10891
1655058642695405810 14996
1655058642909495655 13670
1655058643184752895 13676
1655058643396233794 11078
1655058643677326298 16706
1655058643984774704 8743
1655058644200267218 15106
1655058644482542116 17016
1655058644701712591 18682
1655058645088167776 10865
1655058645385239638 10352
1655058645691881542 10053
1655058646077740880 14519
1655058646287245116 9095
1655058646779851482 8053
1655058647086725465 14802
1655058647312216457 19997
1655058647595239975 28204
1655058647873254199 12603
1655058648278289460 88755
1655058648497081711 9272
1655058648865871016 96789
1655058649087652896 16047
1655058649303396748 15379
1655058649513706880 9900
1655058649728514116 14400
1655058649941000163 11727
1655058650193695465 8114
1655058650572074492 11442
1655058651068662598 92404
1655058651388274680 19957
1655058651791814849 12744
1655058652001640358 9445
1655058652299085524 13999
1655058652661529435 65552
1655058652880113871 18044
1655058653188313133 14918
1655058653480169219 15245
1655058653961123054 89686
1655058654186369290 15415
1655058654407009748 20245
1655058654680537677 13581
1655058654979120132 9405
1655058655366381574 86054
1655058655780068759 15211
1655058656076281809 15785
1655058656379165391 9972
1655058656687751945 9779
1655058656992137591 10296
1655058657278394801 80872
1655058657589798367 9538
1655058658183507926 97028
1655058658685010672 13533
1655058658961112933 70674
1655058659180145608 8988
1655058659489968168 12186
1655058659772188739 11672
1655058660188071913 9578
1655058660480822488 20364
1655058660983087816 14462
1655058661283826101 14405
1655058661589899285 100423
1655058661882652896 11295
1655058662101852090 13783
1655058662312371551 10080
1655058662523086993 10215
1655058662733181002 9711
1655058662992422751 9377
1655058663203535669 10481
1655058663476879781 16393
1655058663688011824 10537
1655058663901502356 12702
1655058664174962145 67839
1655058664590942345 13389
1655058664870506543 10023
1655058665080594772 9688
1655058665493480731 17884
1655058665985492225 15016
1655058666390549652 9701
1655058666600485686 9533
1655058666882073853 10461
1655058667183983985 9575
1655058667488145795 20741
1655058667781524992 10004
1655058668166614728 86769
1655058668476581641 8444
1655058668791041551 11221
1655058669275128595 9234
1655058669889642003 14348
1655058670191027147 16164
1655058670569285799 81757
1655058670790121732 15147
1655058671189492111 17841
1655058671578474916 12111
1655058671971976830 84730
1655058672461257609 91356
1655058672671503651 9829
1655058672961537801 84231
1655058673465551805 85944
1655058673788439776 19483
1655058674070675904 10210
1655058674378318918 10092
1655058674589104155 10392
1655058674798806566 9323
1655058675076436387 9919
1655058675286459648 9611
1655058675497437757 10469
1655058675789085357 9838
1655058676283329764 14222
1655058676494179825 10378
1655058676703873216 9298
1655058677088478408 9632
1655058677494561256 9517
1655058677704581374 9614
1655058678095626887 11305
1655058678477490236 9387
1655058678781555702 11327
1655058678993053411 11105
1655058679388372392 11075
1655058679861304553 84058
1655058680079264070 9357
1655058680484990985 96580
1655058680879388891 91673
1655058681176571715 9563
1655058681386412659 9389
1655058681596053044 9199
1655058681806467194 9950
1655058682081188026 16647
1655058682291199989 9799
1655058682501163373 9624
1655058682763584757 57096
1655058683161191403 89898
1655058683371502650 9882
1655058683661137388 84204
1655058683982966031 12712
1655058684571004968 80815
1655058684861596927 83864
1655058685071087074 9058
1655058685291090987 19623
1655058685681241568 92558
1655058685898328478 9573
1655058686109221754 9452
1655058686461118293 88797
1655058686871591673 99312
1655058687181841688 9246
1655058687497263701 14725
1655058687776622864 10957
1655058688087984114 20746
1655058688474081096 90804
1655058688689155651 13093
1655058688966156985 71655
1655058689381061315 94682
1655058689686957893 11600
1655058690191708954 11174
1655058690761395521 86208
1655058691080198180 13717
1655058691388527120 21744
1655058691873063227 12539
1655058692184782396 11074
1655058692591004774 9679
1655058692876405771 15190
1655058693482000692 11139
1655058693699579209 12926
1655058694177297258 11053
1655058694492305502 15370
1655058694881509500 14987
1655058695181945010 15085
1655058695597818014 13003
1655058696061929606 79920
1655058696587438330 11389
1655058697085371042 11634
1655058697295698013 9916
1655058697680634582 10427
1655058697890086185 9013
1655058698111422702 15537
1655058698785876343 101984
1655058698996428701 10042
1655058699287709766 27163
1655058699581929637 13390
1655058699806774297 19319
1655058700016383925 9187
1655058700479958423 14710
1655058700972524467 10475
1655058701291136500 18027
1655058701777372424 12600
1655058701988792443 10916
1655058702274238776 9428
1655058702686362304 15316
1655058703075746344 10211
1655058703586939138 19924
1655058703875401912 14130
1655058704161660351 85881
1655058704566926250 93467
1655058704870689949 9884
1655058705198106509 9348
1655058705408560284 9991
1655058705872131424 81913
1655058706488600864 9493
1655058706778556915 74554
1655058706988168934 9167
1655058707581902181 16299
1655058707798265018 15940
1655058708102841625 16900
1655058708361077601 52668
1655058708576596075 15010
1655058709069541230 81928
1655058709661430745 78433
1655058709872643137 10705
1655058710087664278 14643
1655058710581151691 103477
1655058711182500369 14988
1655058711403171389 20293
1655058711797074626 9274
1655058712087696292 15509
1655058712301996357 13927
1655058712866455195 84945
1655058713085987294 11363
1655058713383378971 11472
1655058713594095569 10301
1655058713808548956 14060
1655058714072451754 58509
1655058714574268740 91277
1655058714861158731 76038
1655058715082645997 10234
1655058715387913607 18063
1655058715674704645 9560
1655058716161214004 75101
1655058716578380488 10640
1655058716862161496 82841
1655058717261270824 89666
1655058717482576351 10700
1655058717861126351 89534
1655058718193974395 10187
1655058718773979660 88141
1655058719180094385 16309
1655058719493864637 8929
1655058719882201161 11004
1655058720380730973 10324
1655058720661325906 75086
1655058720877037232 9712
1655058721186055614 15043
1655058721476603828 15375
1655058721693083918 15940
1655058721914841656 10978
1655058722185641048 10473
1655058722396023027 10000
1655058722661125454 59481
1655058723086612057 19938
1655058723484752591 10283
1655058724072082613 98240
1655058724370473330 9656
1655058724661090012 78978
