1655059049976226115 12747
1655059050281697963 12629
1655059050583002511 8782
1655059050884435095 10944
1655059051178594058 9816
1655059051474210480 9207
1655059051685008127 10373
1655059051972305262 8766
1655059052184997466 12203
1655059052474042797 9136
1655059052778640971 9344
1655059052988093200 9047
1655059053361254507 73607
1655059053571194000 9509
1655059053961139715 90293
1655059054175918844 9159
1655059054386016352 9581
1655059054688227366 16710
1655059055081772179 15576
1655059055380163611 10447
1655059055675752258 9437
1655059055888103061 11810
1655059056181482418 14173
1655059056483525038 13920
1655059056693027482 9038
1655059056974221055 9496
1655059057184329692 9486
1655059057484061227 8819
1655059057788150091 8970
1655059058073585068 9169
1655059058283638930 9449
1655059058492520347 8480
1655059058784084731 10260
1655059059080627200 12798
1655059059289457067 8410
1655059059577317086 8819
1655059059785991318 8216
1655059060000571559 14097
1655059060278908563 9171
1655059060585658642 19408
1655059060794712190 8620
1655059061005933796 10481
1655059061275229254 9029
1655059061682251887 21797
1655059061991053114 13884
1655059062372459209 9625
1655059062673615656 8624
1655059062978932575 8257
1655059063190312920 11027
1655059063401889694 11174
1655059063611858980 9599
1655059063821004486 8747
1655059064061164268 34714
1655059064386439883 11110
1655059064596100993 9182
1655059064861131324 59642
1655059065086598782 14810
1655059065373676358 8236
1655059065766797678 88548
1655059065990924780 12967
1655059066277186895 8553
1655059066561159863 78678
1655059066961213433 84680
1655059067277370538 9735
1655059067595363899 15242
1655059067889459135 12971
1655059068186217331 11704
1655059068579963556 13245
1655059068888961522 9154
1655059069100712859 11308
1655059069379930371 14417
1655059069589683746 9329
1655059069799174007 9070
1655059070008141941 8564
1655059070282275974 9679
1655059070587225651 12632
1655059070800615070 12911
1655059071075172741 8867
1655059071381061572 12484
1655059071596253276 13801
1655059071874120570 9385
1655059072083774933 9307
1655059072382425403 12611
1655059072669359176 81421
1655059072879235857 9410
1655059073361147236 93981
1655059073570055111 8598
1655059073779302609 8853
1655059073988425032 8687
1655059074202443389 13134
1655059074417954590 14669
1655059074661214383 37843
1655059074872251838 10613
1655059075179177396 10556
1655059075393125997 13475
1655059075787969184 13481
1655059076001270307 12856
1655059076212227255 10545
1655059076575949649 7440
1655059076887106361 9254
1655059077194617648 9361
1655059077482154379 9152
1655059077792583834 10057
1655059078004840809 11846
1655059078213879432 8637
1655059078570039707 8938
1655059078887812918 13742
1655059079177858776 8990
1655059079387677699 9424
1655059079685653974 12873
1655059079975849838 9316
1655059080185415406 9113
1655059080395442142 9595
1655059080610108655 14256
1655059080886542106 8270
1655059081097990922 11030
1655059081308676385 10285
1655059081522585653 13507
1655059081732192199 9230
1655059081990836127 13096
1655059082288249813 8567
1655059082583326806 9157
1655059082794096505 10286
1655059083274026766 11309
1655059083761418089 71518
1655059083970954968 9110
1655059084278802960 13095
1655059084492941361 13706
1655059084702728317 9250
1655059085061108386 84984
1655059085271187132 9651
1655059085480542447 8937
1655059085789695794 8646
1655059086002252305 12110
1655059086210562669 7927
1655059086419964641 8865
1655059086669559208 9072
1655059086881149854 11037
1655059087089999953 8538
1655059087379279448 11548
1655059087593534589 13812
1655059087874920969 7790
1655059088185026355 12569
1655059088482085166 9163
1655059088774167788 8572
1655059088987074527 12478
1655059089286149672 12107
1655059089494789770 7885
1655059089704387305 9181
1655059089992668788 12663
1655059090202655189 9432
1655059090475547800 8094
1655059090775447414 8451
1655059091077201216 9299
1655059091290952514 13147
1655059091596277357 8487
1655059091985386534 19307
1655059092276815261 11710
1655059092485593083 8333
1655059092698647625 12660
1655059092911498234 12464
1655059093121186039 9326
1655059093330420826 8712
1655059093687042767 12663
1655059093986736853 8498
1655059094194985709 7806
1655059094403633905 8195
1655059094797136922 12074
1655059095187853493 12318
1655059095586221998 8362
1655059095796242275 9562
1655059096005631626 8951
1655059096280590260 12988
1655059096493311376 11800
1655059096787256344 9376
1655059096996056875 8307
1655059097385378457 8163
1655059097593802552 7968
1655059097803482104 9253
1655059098081820440 9246
1655059098376734788 11342
1655059098587065959 9643
1655059098872925694 8361
1655059099085367538 11989
1655059099295779707 9336
1655059099586467777 8010
1655059099796156940 9271
1655059100061428290 59733
1655059100474305243 86500
1655059100866467964 87934
1655059101273405789 88785
1655059101578196904 9016
1655059101786557379 8118
1655059102061105486 67811
1655059102271506330 8984
1655059102480794692 8852
1655059102690032841 8820
1655059102899821632 9273
1655059103113805620 13580
1655059103326617594 12364
1655059103573192271 12688
1655059103881830695 13756
1655059104176460803 8489
1655059104392105929 14895
1655059104682260194 12802
1655059104973027850 8993
1655059105182696707 9226
1655059105484272900 12426
1655059105782572439 10048
1655059105992858206 9857
1655059106202636554 9194
1655059106485069774 10358
1655059106695132014 9626
1655059107088457761 9004
1655059107369507235 9013
1655059107579822980 9902
1655059107791544204 11291
1655059108007077023 15112
1655059108274416126 9712
1655059108484588376 9409
1655059108779197868 9438
1655059109089537604 12073
1655059109382276067 9691
1655059109606616686 23876
1655059109819591054 12448
1655059110182784847 8513
1655059110391889548 8646
1655059110605555197 13226
1655059110899205398 10485
1655059111274409830 8825
1655059111487544423 12610
1655059111697498954 9425
1655059112092988595 17785
1655059112494001579 8211
1655059112888514484 9687
1655059113098249286 9236
1655059113396105605 14943
1655059113608099274 10654
1655059113881816073 9317
1655059114091089267 8871
1655059114377986070 9341
1655059114591031514 12591
1655059114800189520 8751
1655059115083482325 8751
1655059115383307059 8261
1655059115673843956 9209
1655059115983539302 9325
1655059116196362004 12581
1655059116416070953 14155
1655059116688125369 20264
1655059116902745059 8949
1655059117194454541 11533
1655059117572010797 9531
1655059117876557605 9915
1655059118177051921 11076
1655059118473148805 8027
1655059118777911038 8864
1655059118997813000 14343
1655059119208469163 10204
1655059119473213620 8916
1655059119797026785 13534
1655059120006490574 9051
1655059120284880483 17828
1655059120495255470 9928
1655059120888207232 11132
1655059121098433192 8996
1655059121308134399 9319
1655059121598150829 9226
1655059121807905732 9333
1655059122017152395 8871
1655059122278980457 10092
1655059122488124735 8700
1655059122698801440 10354
1655059122977639811 9550
1655059123186292717 8284
1655059123396233925 9566
1655059123794536915 13575
1655059124004551613 9432
1655059124214204908 9267
1655059124588010149 8567
1655059124861120243 67634
1655059125072774403 11245
1655059125383674541 10920
1655059125599810970 15730
1655059125809836991 9598
1655059126075482572 8617
1655059126382503131 10393
1655059126592852085 9970
1655059126802713851 9653
1655059127011616176 8474
1655059127361148413 86784
1655059127676839053 8717
1655059127898210996 15622
1655059128176373824 11256
1655059128389060294 11875
1655059128597434868 7978
1655059128976066295 9581
1655059129291531259 10104
1655059129770781975 8305
1655059129979998912 8587
1655059130278925156 9358
1655059130579056215 13207
1655059130793284403 13826
1655059131080841440 7984
1655059131289464492 8219
1655059131580900676 12650
1655059131895832605 12524
1655059132116052328 14683
1655059132330121273 8459
1655059132542799179 12249
1655059132788672239 10732
1655059133075100098 8577
1655059133284705334 9162
1655059133572952519 8723
1655059133781876247 8457
1655059134178026213 94121
1655059134478900455 8626
1655059134783703673 8185
1655059135092091410 18987
1655059135300659093 8131
1655059135586089930 14850
1655059135796756858 10200
1655059136006323910 9130
1655059136220259248 13488
1655059136429901681 9230
1655059136673276650 8181
1655059137061218544 90484
1655059137385996650 19540
1655059137674105968 9028
1655059137882806450 8325
1655059138091105185 7964
1655059138377880444 9117
1655059138590183498 11877
1655059138799543193 8916
1655059139010548348 10109
1655059139472695227 10326
1655059139687744488 14628
