1655058771970163986 83087
1655058772289285360 13161
1655058772500263223 9821
1655058772776900479 16357
1655058773061101121 78486
1655058773876012095 213120
1655058774089020090 12600
1655058774581406021 15135
1655058775161374469 77691
1655058775574224232 90583
1655058775863646063 85881
1655058776272527178 99093
1655058776566445164 93555
1655058776875438800 10307
1655058777382463018 9684
1655058777682165293 98567
1655058778284021057 9177
1655058778870839504 87532
1655058779086956194 15672
1655058779361224879 73705
1655058779679961648 16609
1655058779894748231 9563
1655058780575177492 11097
1655058780794619987 13791
1655058781382199672 113935
1655058781693520816 11638
1655058782077963720 14914
1655058782562806228 173372
1655058783173739757 96615
1655058783486118576 13660
1655058784083826379 13510
1655058784674582522 86042
1655058784884883381 9397
1655058785177898237 9100
1655058785461679616 82060
1655058785682983237 15487
1655058785968014989 81564
1655058786463536410 93264
1655058786672678956 8679
1655058787282884949 14593
1655058787561165458 72677
1655058787787979725 14187
1655058788061288119 72838
1655058788782358400 16689
1655058789184121451 11239
1655058789395045841 10508
1655058789686683491 10072
1655058789896219262 9124
1655058790174564248 14094
1655058790874813049 88927
1655058791483918550 94941
1655058791761602308 72071
1655058792062069639 86666
1655058792280071892 14929
1655058792500506338 14021
1655058792777628618 8668
1655058793384004242 12884
1655058794061225157 100212
1655058794473642546 88469
1655058794783477376 8738
1655058795074377226 84999
1655058795686606092 104437
1655058796361096755 83584
1655058796579970140 11763
1655058796887490421 9725
1655058797161161121 70306
1655058797384316029 15218
1655058798161118841 179089
1655058798677394847 110752
1655058799161389338 77690
1655058799587839208 17794
1655058800079032909 8423
1655058800673512459 11854
1655058800961191709 75900
1655058801476156865 88520
1655058801687981690 9286
1655058801977749676 16518
1655058802784450863 96298
1655058802994144299 9264
1655058803761385927 74483
1655058803984185448 15663
1655058804261840137 71375
1655058804791694556 27897
1655058805170102006 102811
1655058805561162348 74632
1655058806169962277 93012
1655058806385064700 12796
1655058806670019422 82285
1655058806884537705 12927
1655058807179413960 10093
1655058807661459276 85474
1655058807878848983 16661
1655058808584911221 96071
1655058808961386977 89309
1655058809580140329 95619
1655058809791107344 10266
1655058810468002234 81537
1655058810682703676 14285
1655058810976163128 14913
1655058811593256748 14210
1655058811875357515 78110
1655058812286907070 15075
1655058812778183965 12420
1655058813061258243 74893
1655058813271029485 9368
1655058813483143451 11224
1655058813693754741 10222
1655058814271755961 84480
1655058814485650649 8089
1655058815162150514 87177
1655058815686449447 14241
1655058816089579779 13090
1655058816384529540 15503
1655058816764897000 97852
1655058817001286891 23700
1655058817273263638 12374
1655058817594405152 12910
1655058818300320373 16805
1655058818575451154 14625
1655058819161092876 84371
1655058819380090395 9556
1655058819975007153 14485
1655058820194670770 10372
1655058820488966421 7672
1655058821189201669 12201
1655058821661521226 87757
1655058821992768132 13221
1655058822495952233 9646
1655058822861227525 95682
1655058823075434584 12999
1655058823666539762 77970
1655058823984593894 10813
1655058824283663847 8628
1655058824497602159 13478
1655058824981816320 11534
1655058825297125477 12229
1655058825688109292 16399
1655058826360738771 81072
1655058826678968029 8792
1655058827473202324 100799
1655058828180198343 14478
1655058828398822745 13322
1655058828690793233 16367
1655058829080988842 98482
1655058829584126624 10485
1655058830361237405 85021
1655058830577569870 13847
1655058830870924712 10352
1655058831088834130 14943
1655058831467227059 87047
1655058831690836329 16399
1655058832380584992 93084
1655058832678803605 9056
1655058833266746714 190053
1655058833583232654 13227
1655058833872181881 85933
1655058834361208657 80287
1655058834570135163 8503
1655058834882266324 104577
1655058835772571082 93440
1655058836002555968 27718
1655058836286689840 20241
1655058836561156916 68499
1655058836770212229 8632
1655058836981550264 10111
1655058837361438315 86940
1655058837990162368 14656
1655058838261457840 65754
1655058838481523269 13544
1655058839361229844 200673
1655058839571830601 9300
1655058839783965333 9483
1655058840361508457 85028
1655058840789976102 105002
1655058841093513184 16445
1655058841388555151 18295
1655058841678368664 17885
1655058842161223535 86810
1655058842371300614 9650
1655058842695240010 9577
1655058842979252991 17935
1655058843379020436 9653
1655058843683623852 102830
1655058843973643306 84506
1655058844273207803 12647
1655058844685329721 100218
1655058845283429490 14342
1655058845583118164 12586
1655058845876799345 16229
1655058846286924356 99667
1655058846672097488 8770
1655058847187283954 12423
1655058847401384159 13314
1655058847684857237 9797
1655058848388563062 20005
1655058848608682325 14601
1655058848979680002 15291
1655058849484550188 8583
1655058850186386384 95579
1655058850480554467 91800
1655058850692749556 10956
1655058850963134482 56577
1655058851298886717 13405
1655058851874643938 8757
1655058852084502607 9446
1655058852300439655 15577
1655058852515539526 12747
1655058853061705122 74537
1655058853479272855 9956
1655058853869635399 9069
1655058854461181490 95603
1655058854674819560 12634
1655058854961140240 77467
1655058855178268018 10783
1655058855393809313 12767
1655058855873537977 85134
1655058856083330684 9356
1655058856780930535 92390
1655058857011647329 30246
1655058857561105621 83679
1655058857772167701 8771
1655058858085989748 8153
1655058858379763443 19279
1655058858590960600 10535
1655058858804422810 13032
1655058859014092338 9278
1655058859780460379 14275
1655058860061206645 74028
1655058860376618078 8220
1655058860667955787 85797
1655058861171602910 196770
1655058861574204547 13289
