1619572538742737273 3334
1619572539742683614 2496
1619572540742658715 2966
1619572541742743670 3281
1619572542742771530 3619
1619572543742752674 3711
1619572544742764772 4079
1619572545742684819 4349
1619572546742723297 4441
1619572547742682966 4645
1619572548742720500 4420
1619572549742713603 4242
1619572550742654486 4790
1619572551742751495 4654
1619572552742757953 4543
1619572553742736035 4526
1619572554742753282 4592
1619572555742725481 4617
1619572556742734875 4660
1619572557742657309 4675
1619572558742651508 4505
1619572559742765556 4540
1619572560742747925 4472
1619572561742688491 4432
1619572562742693501 4271
1619572563742669533 4408
1619572564742715825 4514
1619572565742703519 4478
1619572566742735753 4477
1619572567742657601 4423
1619572568742688050 4376
1619572569742684243 4628
1619572570742679073 4509
1619572571742680778 4423
1619572572742743022 4554
1619572573742723845 4334
1619572574742751761 4592
1619572575742786910 4610
1619572576742665083 4503
1619572577742738120 4413
1619572578742710710 4729
1619572579742656993 4528
1619572580742744661 4488
1619572581742723801 4412
1619572582742683113 4516
1619572583742712413 4298
1619572584742665469 4324
1619572585742761528 4541
1619572586742653026 4512
1619572587742733304 4271
1619572588742766900 4300
1619572589742754341 4506
1619572590742744233 4269
1619572591742676313 4353
1619572592742751514 4491
1619572593742712282 4468
1619572594742707406 4421
1619572595742699113 4377
1619572596742740481 4499
