1619579216326655990 9305
1619579216409043220 9930
1619579216544228822 25654
1619579216710691605 9948
1619579218969799276 12669
1619579219262918127 10802
1619579219494785304 9675
1619579219996033668 12226
1619579220144632871 51883
1619579220171804908 11349
1619579220743259635 50045
1619579220756367406 11070
1619579221046611568 44747
1619579222005781131 12627
1619579222167994223 9192
1619579222197097023 13782
1619579222951829228 12111
1619579223003666197 12951
1619579223491042227 12813
1619579223760329986 10477
1619579223901197984 13512
1619579224251529562 7981
1619579224840280376 38456
1619579225287989245 9696
1619579225766361053 10794
1619579225985828607 15304
1619579226564815489 9250
1619579226611266410 9967
1619579226936085118 30805
1619579227640934671 38413
1619579227672422536 9042
1619579227878326788 10951
1619579228053083156 10107
1619579228191925254 11451
1619579228249296380 8487
1619579228451839488 9453
1619579228477431133 7898
1619579228970123786 11818
1619579230365662620 7382
1619579230378871935 11074
1619579230442777935 32263
1619579230479926353 9494
1619579230638462259 27134
1619579232821329245 9909
1619579233186851903 12976
1619579233999910210 13224
1619579234217920717 14954
1619579235494186256 14971
1619579235705186892 8011
1619579236043004070 15267
1619579236286092382 14653
1619579236550477677 7751
1619579237109728208 12769
1619579237505909807 9857
1619579237870089417 12831
1619579238596231006 13888
1619579238678992342 15604
1619579239795102344 10250
1619579240396999157 16283
1619579240430021007 10391
1619579240536744068 48645
1619579240862407654 9863
1619579240879171213 14665
1619579240971917927 7358
1619579241171876457 7254
1619579241946985067 25694
1619579242403878118 13123
1619579242940433287 19352
1619579243236611357 13161
1619579243421233702 13112
1619579243564560593 7084
1619579243656087481 8742
1619579243820381843 9503
1619579244167693766 8013
1619579244250946823 9201
1619579244344651814 16958
1619579244443760839 20549
1619579244494831612 16345
1619579244690647874 17231
1619579245798313704 12949
1619579246061056958 9997
1619579246093936827 16446
1619579246330681724 14077
1619579246446464157 13661
1619579246652799247 8139
1619579246715389785 15697
1619579247750929272 10132
1619579248678305027 13674
1619579249662977809 12387
1619579249888913252 17348
1619579250542237036 17335
1619579250759058390 8483
1619579251186513384 10189
1619579251941156836 17396
1619579252000311488 16519
1619579252705381199 12338
1619579253184150798 12978
1619579253696971690 14848
1619579253881763744 13501
1619579253980905276 11483
1619579254521865218 13610
1619579254836133397 13761
1619579255044622938 20062
1619579255058107114 11436
1619579255113714997 13197
1619579255279119434 9991
1619579255439521151 15234
1619579255951389469 8369
1619579256647023161 53879
1619579256719389762 12503
1619579257296688604 17329
1619579257364154272 11586
1619579257444760688 37945
1619579257491396069 19537
1619579257795861961 12624
1619579258448645067 9665
1619579258670976847 11231
1619579258758112160 8171
1619579258940089878 36980
1619579259392975322 12142
1619579259551564309 9133
1619579260257275154 7441
1619579261584722553 11240
1619579261752244259 8309
1619579261866602081 7595
1619579262003501552 11389
1619579263241981491 50913
1619579263265439675 8817
1619579264854490481 8200
1619579264877570245 10647
1619579265161402501 7531
1619579265174444683 10986
1619579265375946671 14757
1619579265481943183 12200
1619579265508252788 8222
1619579265759742715 9526
1619579266285015110 12453
1619579266367497015 10245
1619579266523027273 9220
1619579266651879821 9134
1619579266661997402 8027
1619579266871783327 10338
1619579267056456233 7499
1619579267283072001 9050
1619579267613435334 11809
1619579267679302709 12941
1619579268158867324 10658
1619579268275431189 12224
1619579268461867576 9935
1619579268737924402 42215
1619579269436224334 35416
1619579269654872173 10836
1619579270089881245 10642
1619579270742080119 34300
1619579270860234879 7185
1619579271391444402 15936
1619579271763133538 11499
1619579272053312760 7612
1619579272884669154 14384
1619579272983470653 7396
1619579273317565753 10236
1619579273378813873 14749
1619579273587676939 10382
1619579273755278687 8307
1619579273918131414 12418
1619579274813243343 9593
