1619637713683804173 3069
1619637714683627709 3070
1619637715684393786 3044
1619637716683623193 3042
1619637717683673856 3121
1619637718683598786 3022
1619637719683836314 3028
1619637720683906555 3079
1619637721683692611 3040
1619637722683906513 2940
1619637723683648128 3003
1619637724683640608 3040
1619637725683686270 3014
1619637726684091082 3094
1619637727683617331 3016
1619637728683608877 3091
1619637729683598484 3063
1619637730683656524 3004
1619637731684194129 3083
1619637732683685902 3003
1619637733683662366 3049
1619637734683628244 3059
1619637735683631399 3024
1619637736683629701 3087
1619637737683966485 3121
1619637738684244893 3104
1619637739683614763 3080
1619637740684041252 3084
1619637741683657627 3122
1619637742683680669 3047
1619637743683958955 3062
1619637744683735751 3045
1619637745684183784 3110
1619637746683624014 3073
1619637747683787958 3098
1619637748683710421 3070
1619637749683953333 3111
1619637750683616005 3072
1619637751683653219 3056
1619637752683614939 3034
1619637753683622213 3045
1619637754683616276 3104
1619637755683964889 3070
1619637756683685526 3058
1619637757683724029 3127
1619637758683947201 3083
1619637759683608869 3130
1619637760683629099 3114
1619637761683664314 3098
1619637762683757192 3038
1619637763683640673 3126
1619637764683613244 3136
1619637765683813671 3145
1619637766683661563 3066
1619637767683636277 3024
1619637768683649885 3145
1619637769683608326 3088
1619637770683643056 3041
1619637771683703107 3125