1619633398360110827 374
1619633399360188521 375
1619633400360217747 375
1619633401360223861 375
1619633402360213664 374
1619633403360183884 378
1619633404360204036 372
1619633405360173602 384
1619633406360211305 376
1619633407360172505 380
1619633408360117873 638
1619633409360173470 756
1619633410360118960 750
1619633411360130327 746
1619633412360110408 746
1619633413360126652 744
1619633414360116838 748
1619633415360140867 742
1619633416360116070 750
1619633417360154653 752
1619633418360154921 745
1619633419360138474 752
1619633420360137111 745
1619633421360637270 748
1619633422360163679 744
1619633423360172255 750
1619633424360116957 747
1619633425360126476 744
1619633426360125760 750
1619633427360133389 752
1619633428360111723 756
1619633429360181368 753
1619633430360204578 741
1619633431360167333 728
1619633432360174785 744
1619633433360256305 752
1619633434360112899 752
1619633435360174332 756
1619633436360169684 747
1619633437360175971 756
1619633438360169244 760
1619633439360149184 745
1619633440360138203 748
1619633441360125285 747
1619633442360180254 747
1619633443360114668 752
1619633444360156265 760
1619633445360185230 736
1619633446360142346 748
1619633447360114015 741
1619633448360115740 740
1619633449360172038 748
1619633450360133347 753
1619633451360133185 740
1619633452360154214 748
1619633453360142687 744
1619633454360315849 745
1619633455360115337 749
1619633456360176680 748
1619633457360178710 463
1619633458360216286 374
1619633459360222234 377
1619633460360132847 380
1619633461360193712 390
1619633462360194383 378
1619633463360227991 376
1619633464360137257 382
1619633465360248482 378
1619633466360196366 396
1619633467360200134 386
