1655419389012900100 0
1655419390014195988 0
1655419391015458701 0
1655419392016724163 0
1655419393017974362 0
1655419394019184710 0
1655419395020434156 0
1655419396021692283 0
1655419397022938632 0
1655419398024315338 70
1655419399025564210 79
1655419400026786544 80
1655419401028020855 75
1655419402029262092 80
1655419403030453315 77
1655419404031716467 72
1655419405032963784 80
1655419406034174485 79
1655419407035420334 76
1655419408036661557 80
1655419409037850671 77
1655419410039087649 72
1655419411040326437 78
1655419412041568293 77
1655419413042718084 80
1655419414043983081 80
1655419415045240792 75
1655419416046483037 72
1655419417047728481 80
1655419418048979374 77
1655419419050215174 80
1655419420051456356 79
1655419421052621417 73
1655419422053864343 75
1655419423055093527 80
1655419424056332301 77
1655419425057577632 79
1655419426058783544 78
1655419427060026917 72
1655419428060367301 78
1655419429061557381 78
1655419430062789399 79
1655419431063990056 79
1655419432065231167 76
1655419433066438022 74
1655419434067665727 78
1655419435068358553 78
1655419436069603651 78
1655419437070843467 77
1655419438072042573 78
1655419439073287553 73
1655419440074530945 80
1655419441075758786 78
1655419442076477014 76
1655419443077679006 79
1655419444078882027 76
1655419445080137670 75
1655419446081390076 78
1655419447082595449 80
1655419448083834377 76
1655419449084414971 78
1655419450085607818 76
1655419451086850138 76
1655419452088091499 78
1655419453088195199 80
1655419454088359382 76
1655419455089498546 76
1655419456090667287 77
1655419457091901267 77
1655419458093136103 76
1655419459094348071 78
1655419460095572291 80
1655419461096427295 76
1655419462097625429 74
1655419463098827353 78
1655419464100072860 78
1655419465101315046 78
1655419466102547649 80
1655419467103763613 76
1655419468104339168 74
1655419469105575909 76
1655419470106807094 80
1655419471108035028 78
1655419472108392833 80
1655419473109482176 74
1655419474110683175 76
1655419475111933609 76
1655419476112403061 80
1655419477113597011 78
1655419478114685769 74
1655419479115845269 78
1655419480116356597 76
1655419481117584369 78
1655419482118782698 80
1655419483120009604 76
1655419484120407538 76
1655419485121609939 77
1655419486122840938 75
