1655681736424408969 0
1655681737425586005 0
1655681738426736871 0
1655681739427870499 0
1655681740428987333 0
1655681741430104346 0
1655681742431217088 0
1655681743432362278 0
1655681744433339100 0
1655681745434475146 0
1655681746435340565 0
1655681747436492906 0
1655681748437774754 0
1655681749439004131 0
1655681750440129946 0
1655681751441052116 0
1655681752441906406 0
1655681753442438599 0
1655681754443572438 0
1655681755444709158 0
1655681756445343825 0
1655681757446325009 0
1655681758447483483 0
1655681759448598514 0
1655681760449733583 0
1655681761450854890 0
1655681762451977861 0
1655681763453126713 0
1655681764454369060 0
1655681765455501687 0
1655681766456644650 0
1655681767457770119 0
1655681768458314748 0
1655681769459902907 0
1655681770460768885 18
1655681771461300842 70
1655681772462312693 61
1655681773463289880 66
1655681774464293593 69
1655681775465320979 62
1655681776466590774 65
1655681777467297759 70
1655681778468308358 63
1655681779469322407 64
1655681780470443722 67
1655681781471592764 65
1655681782472311465 68
1655681783473425051 66
1655681784474311855 63
1655681785475314933 69
1655681786476312752 65
1655681787477291496 65
1655681788478304356 66
1655681789479307558 62
1655681790480419358 69
1655681791481528499 67
1655681792482388758 64
1655681793483513416 65
1655681794484328748 69
1655681795486309939 63
1655681796487320472 67
1655681797488302276 66
1655681798489520038 66
1655681799490309988 66
1655681800492046730 68
1655681801493321554 62
1655681802494298652 68
1655681803495297190 68
1655681804496291486 66
1655681805497302982 64
1655681806498338189 66
1655681807499304776 70
1655681808500307592 60
1655681809501299263 70
1655681810502302012 66
1655681811503321858 63
1655681812504320008 67
1655681813505319234 69
1655681814506319489 64
1655681815507292785 66
1655681816508413324 67
1655681817509606134 63
1655681818510292556 70
1655681819511304827 65
1655681820512353076 63
1655681821513317982 68
1655681822514373728 70
1655681823515303263 61
1655681824516673904 66
1655681825517756830 68
1655681826518224517 63
1655681827519291602 67
1655681828520918985 68
1655681829522136112 66
1655681830523296818 63
1655681831524543510 69
1655681832525376949 64
1655681833526295209 66
1655681834527309058 67
1655681835528312644 64
1655681836529287873 69
1655681837530314511 64
1655681838531298086 66
1655681839532296102 68
1655681840533333054 61
1655681841535334103 67
1655681842536314053 68
1655681843536964864 65
1655681844537708065 64
1655681845538291445 69
1655681846539302474 66
1655681847540702818 65
1655681848541332851 66
1655681849542535047 69
1655681850543357463 63
1655681851544609779 68
1655681852545991564 66
1655681853546311661 62
1655681854547312107 70
1655681855548401838 64
1655681856549491198 65
1655681857550522428 68
1655681858551305423 69
1655681859552303947 60
1655681860553328751 31
1655681861554321321 0
1655681862555303939 0
1655681863556314668 0
1655681864557433521 0