1655683210952391587 0
1655683211953300989 0
1655683212954443745 0
1655683213955565919 0
1655683214956712547 0
1655683215957881370 0
1655683216959035726 0
1655683217959318551 0
1655683218960672165 0
1655683219961807410 0
1655683220962332434 0
1655683221963309548 0
1655683222964622896 0
1655683223965807573 0
1655683224966985919 0
1655683225968295438 0
1655683226970024780 0
1655683227971427768 0
1655683228972634314 0
1655683229973805985 0
1655683230974841018 0
1655683231976029891 0
1655683232977271358 0
1655683233978480650 0
1655683234979632968 0
1655683235980807828 0
1655683236981855575 0
1655683237983302541 0
1655683238984163008 0
1655683239985169466 0
1655683240986311670 0
1655683241987321837 0
1655683242988481295 0
1655683243989405162 0
1655683244990319374 18
1655683245991293373 42
1655683246992347705 50
1655683247994031252 57
1655683248995291933 56
1655683249996789531 63
1655683250997299154 63
1655683251999053046 69
1655683253000312713 75
1655683254001610507 64
1655683255003305193 63
1655683256004461615 69
1655683257005311092 71
1655683258006563768 66
1655683259007338956 69
1655683260008366268 69
1655683261009331752 70
1655683262010528197 67
1655683263011802836 71
1655683264012320358 65
1655683265013308876 70
1655683266014314096 73
1655683267015516424 69
1655683268016806868 67
1655683269017360979 62
1655683270018317985 66
1655683271019334291 64
1655683272020565718 64
1655683273021826060 72
1655683274023004221 64
1655683275024382611 65
1655683276025522691 63
1655683277026780857 71
1655683278027725428 57
1655683279028314868 71
1655683280029525305 63
1655683281030869671 73
1655683282032115977 67
1655683283032601803 67
1655683284033311339 69
1655683285034989027 64
1655683286036106557 73
1655683287037393309 65
1655683288038627291 71
1655683289039570285 68
1655683290040991956 63
1655683291042355145 61
1655683292043565670 68
1655683293044319130 67
1655683294045336640 70
1655683295046569615 71
1655683296047314083 65
1655683297048305679 73
1655683298049319113 65
1655683299050474421 61
1655683300051700350 74
1655683301052989706 68
1655683302053315945 71
1655683303054313019 69
1655683304055446759 68
1655683305056301804 65
1655683306057413905 67
1655683307058292966 71
1655683308059318029 61
1655683309060431129 67
1655683310061664188 68
1655683311062897873 64
1655683312064216318 68
1655683313065344189 75
1655683314066738586 67
1655683315067986155 66
1655683316068306901 71
1655683317069347349 67
1655683318070407290 64
1655683319071653348 59
1655683320072302955 66
1655683321073483384 66
1655683322074329324 63
1655683323075296165 74
1655683324076745846 64
1655683325077305084 68
1655683326078319874 58
1655683327079466315 63
1655683328080556454 61
1655683329081335591 70
1655683330082300892 69
1655683331083308859 70
1655683332084377921 71
1655683333085320217 69
1655683334086338201 68
1655683335088451746 50
1655683336089326585 45
1655683337090330491 29
1655683338091739163 18
1655683339092994209 5
1655683340094124686 0
1655683341095467880 0
1655683342096622478 0
