1654834499476095074 282594790
1654834499970006335 92249647
1654834500066152705 95910269
1654834500162053287 84398714
1654834500193742547 10821395
1654834500275009138 12325673
1654834500378096120 79870105
1654834500666246798 199927537
1654834502279111634 106012563
1654834502488193573 123921197
1654834502770122809 93695767
1654834502970267973 92201277
1654834503183289397 110692684
1654834503461273444 171607467
1654834504175120083 13523885
1654834504661288922 271044577
1654834504679669716 91618686
1654834504791109978 17012736
1654834504988018114 91821951
1654834505270313118 109660764
1654834505562961402 101202146
1654834505988620661 199733890
1654834506261175558 93540508
1654834506278943685 99893667
1654834506388517291 199702891
1654834506561200370 174900970
1654834507261074461 99514622
1654834507461425149 91876583
1654834507493725897 107124594
1654834507494671902 16514427
1654834508180533626 14550489
1654834508289717373 16187107
1654834508366863662 80298536
1654834509066484717 289347259
1654834509264717244 197243629
1654834509474020978 102618991
1654834509884267767 207556190
1654834509982247983 113589541
1654834510576393770 102248906
1654834511183694745 92678879
1654834511495005635 12190586
1654834511594167642 16902704
1654834511595168676 15599694
1654834511861220135 93675327
1654834512071797240 192931112
1654834512277228152 104213989
1654834512772273630 188555119
1654834513179130531 16990978
1654834513180854171 16270897
1654834513295127891 24458822
1654834513461138944 174383270
1654834514289857501 25790342
1654834514461203805 83285804
1654834514472743512 86076290
1654834514578605072 16703123
1654834514588674288 16129361
1654834514672700173 10838606
1654834516082633955 314898429
1654834516386515775 15017423
1654834516686151462 107963557
1654834516878298608 206470103
1654834517262595854 101809738
1654834517981855822 97821995
1654834518782565927 96737103
1654834518920142798 22350456
1654834518966098097 59718454
1654834519361192926 89475075
1654834519385034324 98998677
1654834519582756330 96059775
1654834519676889804 116338376
1654834519772743135 95262899
1654834520061306925 173604586
1654834520693209163 106992381
1654834521673682192 197926743
1654834522588000997 109984629
1654834522697618968 24318321
1654834522778924767 17004266
1654834523477184886 16257535
1654834523485950994 16952736
1654834523784486253 185124695
1654834523961099727 369293351
1654834524695858586 9474019
1654834524761316992 64644398
1654834524885790567 24358198
1654834524961316204 98132567
1654834525261553142 94933124
1654834525477964642 193351162
1654834525591054030 107348179
1654834525987025476 21923170
1654834527084154372 17176260
1654834527570039335 370221753
1654834527761440377 89938186
1654834528561246527 86331878
1654834528761280808 154045314
1654834528882487139 195952871
1654834529081985271 93666863
1654834529263639230 181223079
1654834529392072421 28664473
1654834529561291463 100651579
1654834530376091998 293596973
1654834530589730405 11984378
1654834530595188896 12582460
1654834530768667965 67638426
1654834531079622333 213889535
1654834532461830911 292304657
1654834532598071101 10558015
1654834532790507946 116916022
1654834532867466808 165753025
1654834533862175862 82984761
1654834534166196871 188250113
1654834534477715481 205292246
1654834534661210700 87989767
1654834535068386339 195579091
1654834535090179019 24527867
1654834537067739320 207082463
1654834537275802044 95221358
1654834538489203519 26118306
1654834538579756189 10870892
1654834538662232831 59690163
1654834539683247573 12435032
1654834539685003071 12456532
1654834539713374866 14369319
1654834539809531844 25030027
1654834540463599112 191746878
1654834540687319892 120667094
1654834540985293588 96395991
1654834541761322635 94620743
1654834542379962846 200667887
1654834542685074306 14063822
1654834542795361004 16505855
1654834542801595516 22984324
1654834542869453954 77458766
1654834544162751747 98028650
1654834544487840222 19676623
1654834544662869830 97096779
1654834544674256225 13516702
1654834544685815684 18811488
1654834545561372393 73942270
1654834545576386377 9923080
1654834545978717420 295479405
1654834546280993948 196358997
1654834546380025648 14736881
1654834546568152676 90503794
1654834546589459050 106774878
1654834546961329635 183865800
1654834547371362225 9339822
1654834548061259028 175615274
1654834548078143548 208474386
1654834548361104226 97836710
1654834548882584151 115029301
1654834549371514639 204936751
1654834549688037355 24096039
1654834550381477014 100443568
1654834550461353988 82459278
1654834550662584741 181944723
1654834550872249607 105551797
1654834550961441162 191741590
1654834551685796516 198186674
1654834551988950360 102435984
1654834552262815464 169764572
1654834552263767188 85021353
1654834552261448093 76702107
1654834553179946619 119038075
1654834554474282033 105369538
1654834555380457815 15398139
1654834556182827735 205192548
1654834556369064089 85468467
1654834556461519081 156727516
1654834556475279577 94559056
1654834556773970629 11323871
1654834557080756245 220097261
1654834557164702398 98594456
1654834557283841483 11412551
1654834557388989836 94737956
1654834557861106718 100270939
1654834557887041114 93600002
1654834558162177389 98928414
1654834558361433182 91495848
1654834558461276927 98814377
1654834559580057086 113653877
1654834559972506416 205807387
1654834560161278777 186539456
1654834560291979205 14374935
1654834560361071008 94680998
1654834560461538893 91965444
1654834560674547734 191828763
1654834560783979964 123322921
1654834560978651740 91536931
1654834561261543756 87921245
1654834561661316718 191838100
1654834563172271149 97601081
1654834563189023089 106102539
1654834563373160370 93935856
1654834563462377457 101053307
1654834563761227210 194230303
1654834564590098698 118165491
1654834565179902033 100249755
1654834565272228500 194538631
1654834565384950668 112334671
1654834565764034185 273780911
1654834566375013354 199910733
1654834566673783560 193977587
1654834566869065583 87194699
1654834566883150093 195835316
1654834566967995122 101059226
1654834567184135965 196444725
1654834567289930040 121204444
1654834568866300006 398338148
1654834569361214520 92862243
1654834570571870096 183145150
1654834570779064328 89878102
1654834570961113272 176448703
1654834570969329182 97095249
1654834571261456021 179136160
1654834571283320975 96861920
1654834571481544719 94598343
1654834571687366500 116482322
1654834572182412951 121232695
1654834572379754580 15524939
1654834573004990597 16996204
1654834573472797489 90007046
1654834573986735669 99763161
1654834574187799994 27112311
1654834575484147248 111578312
1654834575786729777 190630006
1654834575787602558 115849657
1654834575861408552 94887944
1654834576896720704 16100829
1654834576903705295 16128571
1654834576961358367 77683973
1654834577282787956 200547369
1654834577584254840 102473304
1654834577779074845 97875681
1654834577789520201 115758783
1654834577861371589 171540338
1654834577862633680 76897092
1654834578175281619 189662452
1654834578293513041 132728594
1654834578479228194 108446011
1654834578570016909 109227137
1654834578780206938 112900330
1654834579279819229 119159025
1654834579988364415 327606596
1654834580761432246 93617823
1654834580870272486 103996438
1654834580985293817 24318566
1654834581279952417 103255673
1654834582261474325 192816061
1654834582961464976 187718675
1654834583274528682 95700237
1654834583561586082 183769235
1654834583589533533 213808575
1654834584470652293 97756916
1654834584497614316 9809038
1654834584678062095 110826713
1654834586489103526 12278736
1654834586583673859 11203843
1654834587472374095 100995988
1654834587661051204 82751257
1654834587786040439 19241204
1654834587877624628 108573538
1654834587878508426 95689051
1654834589092015679 18296901
1654834589274439658 92406779
