1619566480867473049 808
1619566481867506958 794
1619566482867487060 785
1619566483867483500 780
1619566484867505389 783
1619566485867426416 774
1619566486867455679 767
1619566487867454125 775
1619566488867464263 775
1619566489867411200 767
1619566490867482368 778
1619566491867461710 775
1619566492867457521 765
1619566493867480361 777
1619566494867455783 772
1619566495867478546 775
1619566496867456208 768
1619566497867381519 784
1619566498867468943 774
1619566499867471283 780
1619566500867445927 776
1619566501867449595 778
1619566502867421816 771
1619566503867490015 776
1619566504867416734 775
1619566505867489885 782
1619566506867472856 776
1619566507867501957 782
1619566508867391236 772
1619566509867471161 775
1619566510867455009 777
1619566511867459935 774
1619566512867468242 770
1619566513867532302 774
1619566514867483032 764
1619566515867476862 777
1619566516867420046 772
1619566517867502832 771
1619566518867473925 781
1619566519867453725 770
1619566520867495473 776
1619566521867450801 773
1619566522867488478 775
1619566523867445150 766
1619566524867476431 777
1619566525867426156 769
1619566526867468048 774
1619566527867419244 777
1619566528867392721 770
1619566529867476971 770
1619566530867476226 779
1619566531867438981 776
1619566532867505743 771
1619566533867472765 772
1619566534867456233 773
1619566535867470822 779
1619566536867471929 770
1619566537867463836 774
1619566538867449262 768
