1619458523394598333 263
1619458523401729708 320
1619458523415660902 344
1619458523424772310 1993
1619458523478377678 1593
1619458523519234001 2354
1619458523530654573 2040
1619458523593760360 3111
1619458523780636429 207
1619458523846576792 2137
1619458523881626993 1844
1619458524208725236 1779
1619458524269403805 2068
1619458524324778117 1862
1619458524340671277 1897
1619458524349005411 2175
1619458524402947456 200
1619458524495578908 2359
1619458524599778538 2026
1619458524657815915 2199
1619458524835058440 2391
1619458524883224629 2093
1619458524899683448 1965
1619458525167627758 2359
1619458525198771002 1946
1619458525204221827 3405
1619458525238103258 2401
1619458525249927752 2281
1619458525331618018 2281
1619458525452438127 2224
1619458525489510884 1482
1619458525571402411 2579
1619458525599265617 1880
1619458525653666194 2772
1619458525766295678 1924
1619458525852539879 2426
1619458525907498922 1613
1619458525943979718 1424
1619458525948558656 2490
1619458526069116966 2255
1619458526080773987 2197
1619458526088893433 1843
1619458526092818111 1887
1619458526132211801 1815
1619458526181322618 1711
1619458526203639192 1978
1619458526231760468 1646
1619458526270513294 1987
1619458526310348452 1912
1619458526374650245 1550
1619458526397395488 244
1619458526409964923 2333
1619458526413466811 1475
1619458526497757682 3985
1619458526656774476 2073
1619458526712349482 3122
1619458526742602294 1319
1619458526820470596 1542
1619458526848604347 1822
1619458526880803347 2229
1619458526998029639 1918
1619458527075734964 1987
1619458527178490188 1214
1619458527206121796 1687
1619458527305783262 1840
1619458527390212569 2175
1619458527524997104 2097
1619458527533489753 2388
1619458527572526272 1772
1619458527672563094 1620
1619458527702842683 2149
1619458527752679587 2045
1619458527809347602 2359
1619458527894912023 2584
1619458527927948167 2293
1619458528057141024 2375
1619458528117382719 2276
1619458528145796092 2486
1619458528153841586 2041
1619458528293490484 2693
1619458528297823301 2301
1619458528343218073 255
1619458528468342782 2322
1619458528544562178 1917
1619458528600643068 1728
1619458528625895276 2012
1619458528681800653 1771
1619458528708766718 2063
1619458528779937189 2660
1619458528783737143 1736
1619458528887055798 1852
1619458528958058916 2389
1619458529031305112 1988
1619458529141311718 2480
1619458529249437497 1310
1619458529544360607 2089
1619458529680278537 2002
1619458529987092050 1987
1619458530121410354 2134
1619458530180929841 2329
1619458530557286247 1811
1619458530572985407 234
1619458530634637994 1686
1619458530649215336 2188
1619458530726569787 1866
1619458530760978595 1849
1619458530849211330 1751
1619458530952089281 2083
1619458530982029666 310
1619458530991878337 1416
1619458531031403553 1630
1619458531090131468 1756
1619458531178442836 1567
1619458531382902449 1810
1619458531420580890 1866
1619458531496642685 1535
1619458531536291587 2453
1619458531597790544 2013
1619458531650803009 2502
1619458531764835578 1725
1619458531974738528 2223
1619458532106962265 2147
1619458532211429467 2145
1619458532248083839 1426
1619458532356481144 1276
1619458532376006729 1417
1619458532427700860 1696
1619458532435563798 1903
1619458532502855385 2002
1619458532583939272 2086
1619458532685334095 1418
1619458532748640677 2363
1619458532768849278 1619
1619458532790116289 1326
1619458532947391864 1612
1619458532972755533 1648
1619458533018020130 1168
1619458533124205227 2026
1619458533255178584 2542
1619458533394088928 2359
1619458533410308197 2228
1619458533459800667 1453
1619458533495011089 1769
1619458533548411884 2483
1619458533697489606 1775
1619458533756020751 2122
1619458533812162183 1716
1619458533935372311 316
1619458533964202641 1972
1619458534126858546 3249
1619458534194698367 1660
1619458534365669845 1866
1619458534378002571 1693
1619458534382426380 2180
1619458534454713954 2313
1619458534546803448 2582
1619458534550835786 1859
1619458534593512608 2248
1619458534618656575 1680
1619458534659912341 1819
1619458534861591740 190
1619458534958783408 1757
1619458534975500331 2181
1619458535091001359 2278
1619458535126855326 2035
1619458535149777593 218
1619458535158226298 2001
1619458535165784094 1814
1619458535169972338 2148
1619458535295392472 2241
1619458535311941768 2176
1619458535424654227 1315
1619458535729311951 1686
1619458535774943123 2102
1619458535792834906 2145
1619458535854331289 2314
1619458535879587058 1759
1619458535892253044 2155
1619458535894497336 201
1619458535986797109 1883
1619458536002508747 1698
1619458536021191351 2124
1619458536085460318 2452
1619458536138604755 2479
1619458536150906088 2207
1619458536304092919 2139
1619458536332270894 2019
1619458536503010434 1763
1619458536535111361 2854
1619458536610390524 1558
1619458536745151208 2081
1619458536786994737 2238
1619458536851980974 1557
1619458536890162872 2225
1619458536894074615 1846
1619458537041489187 2162
1619458537058429190 1535
1619458537077074104 1855
1619458537096815681 2234
1619458537120792700 1953
1619458537146794110 1160
1619458537187977526 1550
1619458537191949835 1845
1619458537235217768 1947
1619458537308350933 1821
1619458537454062890 1590
1619458537556893100 1760
1619458537621750619 2357
1619458537678172484 2082
1619458537713468868 2215
1619458537748741989 1546
1619458538003617868 2955
1619458538085601628 2476
1619458538101321833 2015
1619458538198039094 1842
1619458538264093111 3261
1619458538288914643 2125
1619458538300753420 1803
1619458538326693433 236
1619458538471980178 198
1619458538524625940 2185
1619458538675326477 1550
1619458538728722747 1860
1619458538760188750 1285
1619458538834596636 2155
1619458538949133447 1276
1619458538994838680 2157
1619458539039392031 1996
1619458539043259536 1842
1619458539504140071 1392
1619458539508010749 1752
1619458539547207353 3019
1619458539738985797 2088
1619458539833346341 1786
1619458539916359683 1863
1619458540029812842 2270
1619458540130363992 1320
1619458540151833029 2622
1619458540166095398 2105
1619458540426600498 1980
1619458540477124977 1729
1619458540480620476 1341
1619458540555571071 2286
1619458540599147987 2074
1619458540626923808 2345
1619458540641318853 4445
1619458540739676053 2299
1619458541083557801 2378
1619458541172503797 2029
1619458541180653124 2121
1619458541283932764 1972
1619458541538883683 2419
1619458541673536291 1871
1619458541823406029 2370
1619458541935871453 2042
1619458542041495717 1605
1619458542065606100 2540
1619458542273433451 1909
1619458542431739165 1813
1619458542539736356 2230
1619458542616573444 1894
1619458542827990784 2380
1619458542899311333 1495
1619458543128941696 1877
1619458543241907460 2138
1619458543352012198 3178
1619458543423936511 1526
1619458543445634518 2198
1619458543500517941 1630
1619458543799554081 1447
1619458543808442069 2315
1619458543835306257 1998
1619458543863198582 2271
1619458543892711074 3100
1619458544123285280 2185
1619458544249796908 1618
1619458544257022921 1696
1619458544271668351 2239
1619458544323328087 1899
1619458544361508320 207
1619458544372600364 1786
1619458544414839766 1935
1619458544481949322 1975
1619458544633832137 1747
1619458544992732367 2959
1619458545016611997 174
1619458545111806121 1495
1619458545119264004 1487
1619458545305432500 1884
1619458545323294359 2283
1619458545422040733 1827
1619458545442639798 2069
1619458545450659559 2147
1619458545481149820 217
1619458545544438864 1877
1619458545660472911 1875
1619458545904013417 2343
1619458545921846878 2881
1619458546127398588 1316
1619458546158407086 1433
1619458546199162735 2145
1619458546365546561 2257
1619458546425424604 2968
1619458546451734239 4152
1619458546494544723 4100
1619458546663457431 1349
1619458546704167461 192
1619458546748514854 2379
1619458546752321753 1731
1619458546776756636 1725
1619458546806124248 1976
1619458546941423631 153
1619458546957175736 1307
1619458547042148732 2409
1619458547045994632 1786
1619458547114368053 2156
1619458547200476641 1579
1619458547232652855 2211
1619458547253505875 1223
1619458547288322085 2302
1619458547349153544 258
1619458547544378915 1552
1619458547811505245 1766
1619458547923621801 1784
1619458548002350314 3784
1619458548173071302 1713
1619458548252357234 2263
1619458548267940421 1295
1619458548336489265 1744
1619458548389900926 1939
1619458548467236851 1539
1619458548494653276 2068
1619458548610371063 2325
1619458548756540627 194
1619458548780598042 1997
1619458548812178523 1817
1619458548927970989 2064
1619458548997503419 1839
1619458549097706225 1488
1619458549196623023 3832
1619458549209766770 1370
1619458549224632096 1904
1619458549280138336 1575
1619458549371715754 1945
1619458549403582888 2509
1619458549536724559 2048
1619458549631607139 1938
1619458549768477759 2203
1619458549850314019 1746
1619458549878489457 1652
1619458549883483029 2934
1619458549941302237 186
1619458550094999909 2358
1619458550134166525 2482
1619458550196039282 1705
1619458550200219641 2131
1619458550301141621 2298
1619458550342492722 1579
1619458550479948577 188
1619458550530727656 1394
1619458550767614857 1581
1619458550938891068 2985
1619458551071066959 1796
1619458551269732563 1831
1619458551311254518 1756
1619458551324368975 1317
1619458551418253292 1833
1619458551450732832 2385
1619458551468279784 1573
1619458551556119285 2364
1619458551585591330 2378
1619458551719061990 171
1619458551722929185 1776
1619458551874732585 1982
1619458551894367880 234
1619458551971072855 2248
1619458552033579296 1402
1619458552045189890 1678
1619458552056759830 1796
1619458552153750760 1795
1619458552157987903 2200
1619458552198974139 184
1619458552343090174 2718
1619458552475998783 1744
1619458552555268503 2084
1619458552923415113 3762
1619458552968218672 1913
1619458553283993245 1351
1619458553315400870 1724
1619458553319113299 1672
1619458553325616166 191
1619458553459214227 1804
1619458553751561178 2304
1619458553772218960 1859
1619458553826858458 153
1619458554029664094 1355
1619458554196538534 2177
1619458554206062518 261
1619458554216125903 3443
1619458554261940724 179
1619458554287381852 2538
1619458554299010210 1795
1619458554543503723 2250
1619458554562985350 3258
1619458554675284259 2040
1619458554687536192 1599
1619458554725746476 1215
1619458554758476941 1765
1619458554766662269 2099
1619458554797251671 1633
1619458554816211070 1721
1619458554867598006 2020
1619458554905766038 2396
1619458554913795307 1896
1619458555139120439 1706
1619458555239580184 2442
1619458555291962566 2656
1619458555335977145 1593
1619458555340808140 2759
1619458555498196654 1985
1619458555699011280 1487
1619458555710000748 1640
1619458555754147357 2003
1619458555829470000 4248
1619458555842656569 2221
1619458555855778137 222
1619458555901906906 1587
1619458555960067337 2257
1619458555991618223 2677
1619458556049380038 1757
1619458556084454019 2155
1619458556215154621 2481
1619458556227247421 1967
1619458556231226411 1939
1619458556604731733 1951
1619458556651052467 228
1619458556686583444 1847
1619458556739115218 1832
1619458557093950474 1820
1619458557128451809 212
1619458557173437077 1995
1619458557269587101 1283
1619458557338561168 207
1619458557486338905 2273
1619458557494959288 2267
1619458557509988016 205
1619458557545666573 3252
1619458557708817822 2483
1619458557739921006 2192
1619458557776888919 1329
1619458557781618503 2666
1619458557819422996 1785
1619458557835128454 1745
1619458558047308297 3167
1619458558051982118 2563
1619458558076602788 1450
1619458558103990212 1942
1619458558152512274 1695
1619458558156510960 1947
1619458558206762520 1710
1619458558250265795 1991
1619458558382923071 1589
1619458558405555380 1586
1619458558412225217 175
1619458558597600862 1499
1619458558694331614 2452
1619458558706603693 2147
1619458558850557639 1990
1619458558888980027 1834
1619458558918459981 245
1619458558926036095 1743
1619458558966635331 2244
1619458559033267483 2289
1619458559075628153 1732
1619458559160450583 2379
1619458559247360254 1564
1619458559330857212 1875
1619458559393935527 2368
1619458559548419272 1711
1619458559596032097 2319
1619458559762793190 1734
1619458559801357812 2450
1619458559941959943 1850
1619458560020197106 2374
1619458560051533192 2072
1619458560082461521 2616
1619458560141175503 1603
1619458560235222661 1638
1619458560265536783 2155
1619458560295654728 225
1619458560420200121 2319
1619458560460223930 1999
1619458560575490798 3469
1619458560606077567 1353
1619458560654341685 2541
1619458560666136648 1536
1619458560699050358 1803
1619458560768557358 1968
1619458560774692622 1738
1619458560786544327 2081
1619458560865619419 2480
1619458561057335648 1587
1619458561185850118 2132
1619458561189790283 1906
1619458561197128116 1733
1619458561218082183 1745
1619458561290106673 1984
1619458561517030937 1320
1619458561586519146 1487
1619458561666557458 2005
1619458561803172706 1541
1619458561905933148 1838
1619458561994711464 1731
1619458562060858137 2326
1619458562092293667 1141
1619458562130536308 1558
1619458562303919188 1948
1619458562429565419 1819
1619458562440726842 1522
1619458562451621241 1437
1619458562503669304 2219
1619458562600410983 1910
1619458562736212314 2147
1619458562792541131 1674
1619458562844220517 1654
1619458563009409502 2278
1619458563067412958 1538
1619458563123562840 1846
1619458563207074522 2369
1619458563444909010 1622
1619458563518234329 1407
1619458563609617663 2100
1619458563625426439 2275
1619458563788468989 1748
1619458563856049530 1576
1619458563929390777 2313
1619458563933041933 1617
1619458563958237589 2525
1619458563964319905 166
1619458563987494059 1929
1619458564197936227 1601
1619458564219105068 1925
1619458564273554481 1764
1619458564318077563 1873
1619458564343024172 2250
1619458564346659249 1572
1619458564358164949 1388
1619458564403149790 2168
1619458564671881431 1878
1619458564688434114 1757
1619458564702046841 2657
1619458564981916789 1384
1619458565068491096 1952
1619458565072271497 1748
1619458565395363211 1724
1619458565492052513 2134
1619458565504759286 2015
1619458565584608269 2436
1619458565811142003 2090
1619458565950942891 1810
1619458565969836244 1891
1619458566061127641 2032
1619458566335859163 3444
1619458566361265325 2530
1619458566376733502 1853
1619458566414996701 1860
1619458566449554724 1609
1619458566454026605 2357
1619458566487636867 1941
1619458566682643154 1361
1619458566690589445 1855
1619458566721205370 1662
1619458566754652107 216
1619458566799270940 207
1619458566828019091 1619
1619458566899552786 2181
1619458566962897385 2048
1619458567159150629 2446
1619458567363092539 1459
1619458567446186591 1664
1619458567514887379 2098
1619458567580026512 2418
1619458567619505704 2385
1619458567731996347 2021
1619458567760431741 236
1619458567772753908 2096
1619458567850168394 2194
1619458567856487463 296
1619458568132177012 1854
1619458568216196853 1777
1619458568273100950 2320
1619458568285961701 1607
1619458568301962802 1916
1619458568350652550 4479
1619458568376074693 2142
1619458568392972631 2483
1619458568396691632 1663
1619458568526200414 270
1619458568549004218 2108
1619458568553629756 2588
1619458568567149967 3304
1619458568663688855 2009
1619458568694515183 2016
1619458568792975878 2472
1619458568840621827 242
1619458569067107022 2135
1619458569172294155 1362
1619458569192911357 2084
1619458569272135674 1567
1619458569658399615 4352
1619458569674483108 1523
1619458569772022485 1983
1619458569774410165 285
1619458569998876811 1436
1619458570101838384 2114
1619458570188311688 1965
1619458570309246795 1961
1619458570382590658 2358
1619458570429259365 2036
1619458570510425972 1772
1619458570520462250 1675
1619458570709287051 1961
1619458570767458457 1440
1619458570827546548 2655
1619458570905176269 1905
1619458570990165877 1536
1619458571005472398 1290
1619458571009624831 2055
1619458571036433238 280
1619458571063503630 2819
1619458571083324514 1754
1619458571112889507 1866
1619458571611767702 1530
1619458571694873250 2723
1619458571699196313 2102
1619458571739863981 2173
1619458571780562747 1621
1619458571862217204 2099
1619458571912900174 1846
1619458572101509670 2396
1619458572239115827 2057
1619458572285326449 2559
1619458572337091550 1720
1619458572353424310 2313
1619458572373631122 2344
1619458572478558146 2453
1619458572536987449 2149
1619458572549713078 1847
1619458572579433178 2809
1619458572720221947 2251
1619458572748097456 1642
1619458572826218740 1980
1619458572846217106 2136
1619458572895765813 1622
1619458572907282546 1601
1619458572911441927 2114
1619458572937266544 1547
1619458573024835066 1354
1619458573204437159 1876
1619458573239713277 2399
1619458573260075669 2077
1619458573282888069 1604
1619458573415049306 3211
1619458573434086695 1692
1619458573457298045 2275
1619458573580597699 1664
1619458573591876734 1576
1619458573634701122 1766
1619458573791912925 3291
1619458573795875169 1926
1619458573806452850 1915
1619458573835693382 1906
1619458573894836435 2036
1619458573899179400 2206
1619458573907268818 1555
1619458573984559862 2389
1619458574089832143 1983
1619458574093310029 1437
1619458574186591902 1508
1619458574190951351 2305
1619458574530049818 328
1619458574751585895 2531
1619458574777999377 198
1619458574791572398 1743
1619458574926635408 2219
1619458575134680748 1510
1619458575172208489 3792
1619458575187299802 2264
1619458575277669230 1885
1619458575478995404 1928
1619458575509079728 1457
1619458575557866624 1426
1619458575612044882 202
1619458575686989058 200
1619458575867649057 2241
1619458575908734132 1753
1619458576012888202 2002
1619458576342821112 2326
1619458576403337336 2023
1619458576437923315 1771
1619458576542722318 1890
1619458576583666093 1763
1619458576595321839 2042
1619458576620457469 4117
1619458576627647855 1474
1619458576699474267 2276
1619458576711304921 1691
1619458576742137270 2146
1619458576782700721 1505
1619458576858579821 217
1619458576911103666 1696
1619458576988120170 1795
1619458577037004455 2282
1619458577074421786 1560
1619458577082816512 2772
1619458577337584217 1745
1619458577365366723 1218
1619458577439831267 1732
1619458577458419736 2143
1619458577592782145 1815
1619458577600781386 1709
1619458577744621579 2196
1619458578045226560 1806
1619458578186047649 2421
1619458578244461124 1499
1619458578270724774 3920
1619458578418907819 2040
1619458578575897339 2102
1619458578657765255 2133
1619458578779066743 2332
1619458578814143701 1767
1619458578946854121 1899
1619458579040268132 2024
1619458579164923681 2198
1619458579185293888 221
1619458579189239049 1901
1619458579213335001 2589
1619458579252742020 2206
1619458579277635691 2012
1619458579294430383 2499
1619458579301662798 1859
1619458579516871576 2636
1619458579575034222 3484
1619458579591712120 1754
1619458579659000341 1601
1619458579670603326 1884
1619458579681869587 2074
1619458579853066802 1637
1619458580038359941 1827
1619458580046697889 1914
1619458580156488851 1745
1619458580160635785 2099
1619458580278011324 1775
1619458580360770940 2000
1619458580421308976 2015
1619458580453455311 2040
1619458580487985586 1969
1619458580557230588 1500
1619458580578946422 2074
1619458580607720609 2886
1619458580640488347 1827
1619458580817930112 1437
1619458581200978621 1951
1619458581323990960 250
1619458581602404492 1748
1619458581722686930 1720
1619458581727103056 2270
1619458581754307773 1628
1619458581876087739 2092
1619458581899052232 1747
1619458581959333261 1839
1619458581982502252 2036
1619458582114196638 1695
1619458582130271398 2223
1619458582165738535 1561
1619458582210729332 1758
1619458582232101130 2336
1619458582283880210 1930
1619458582387047340 1687
1619458582448233121 1583
1619458582664157564 1607
1619458582683796102 1968
1619458582696382980 2056
1619458582715534424 1883
1619458582826237547 2880
1619458582861682919 2071
1619458583125324285 2299
1619458583181324167 1540
1619458583213707302 1733
1619458583221414600 1943
1619458583234308645 1482
1619458583339436537 2470
