1619457359997212673 1072
1619457360030260850 618
1619457360033333108 1012
1619457360292494720 1176
1619457360322752820 249
1619457360441292287 763
1619457360456795234 1161
1619457360534098435 919
1619457360540072077 1702
1619457360664154001 2355
1619457360673079011 750
1619457360695941238 180
1619457360873313931 1066
1619457360891240350 1436
1619457360896279400 189
1619457361102032718 953
1619457361247994036 228
1619457361303317656 955
1619457361312505222 1126
1619457361341839236 1048
1619457361362524250 613
1619457361400134496 1129
1619457361431800236 315
1619457361500008807 213
1619457361530998472 622
1619457361649625286 1651
1619457361652479742 815
1619457361661703306 823
1619457361685138822 795
1619457361687478936 178
1619457361702165969 1093
1619457362214047089 206
1619457362230259068 608
1619457362323329934 1006
1619457362326545537 1117
1619457362350737795 204
1619457362355295377 270
1619457362398246782 1149
1619457362462290452 1117
1619457362468257811 1199
1619457362519426507 163
1619457362778133854 204
1619457362796051309 968
1619457362807988057 815
1619457362816689319 1029
1619457362877984248 1188
1619457362928621965 224
1619457363033746850 908
1619457363178111807 179
1619457363191090925 916
1619457363210936654 192
1619457363284598547 1078
1619457363471894041 999
1619457363485994940 1020
1619457363565295411 987
1619457363630361647 632
1619457363736977918 657
1619457363751391726 1061
1619457363785771962 1174
1619457363799554413 734
1619457363908732801 198
1619457363919466717 215
1619457363986820699 246
1619457364016935022 707
1619457364031860796 985
1619457364079754654 218
1619457364240184520 929
1619457364243111968 878
1619457364263677280 168
1619457364345404856 188
1619457364445140877 203
1619457364474690111 224
1619457364543040312 868
1619457364600316096 1060
1619457364636451250 2035
1619457364748890953 903
1619457364786632550 1113
1619457364841579598 1174
1619457364900982054 1282
1619457364920389920 1193
1619457365020567967 977
1619457365153517043 725
1619457365216852672 217
1619457365267843905 915
1619457365299343652 173
1619457365433039354 686
1619457365551196116 890
1619457365578362822 272
1619457365595197969 1003
1619457365613482275 729
1619457365742259613 1112
1619457365777789827 166
1619457365790306089 1138
1619457365850010164 1072
1619457365858886351 915
1619457365861824009 891
1619457365881388328 204
1619457366112976187 231
1619457366133131945 855
1619457366228391005 878
1619457366516709431 920
1619457366551482416 170
1619457366581159136 1082
1619457366911024805 899
1619457366925299938 890
1619457366945965756 276
1619457366958091167 982
1619457367094712380 908
1619457367102961944 183
1619457367147282916 798
1619457367190513856 1744
1619457367198465235 697
1619457367211858633 604
1619457367236032865 236
1619457367274510010 988
1619457367401621875 960
1619457367409871604 912
1619457367491860641 553
1619457367611262533 926
1619457367763859593 1901
1619457367855944144 969
1619457367890046327 217
1619457367902713264 184
1619457368151305727 609
1619457368210519139 902
1619457368213635779 1036
1619457368280448394 196
1619457368286255598 767
1619457368334702026 686
1619457368347925770 178
1619457368427076162 201
1619457368669553031 1246
1619457368675705202 724
1619457368699845395 212
1619457368726039041 215
1619457368736781007 883
1619457368765223558 753
1619457368777809330 1095
1619457368815448639 202
1619457368846459535 714
1619457368877997999 172
1619457368945728079 862
1619457368974139735 251
1619457369051251804 873
1619457369098803590 1017
1619457369184150641 715
1619457369241698433 1074
1619457369411278783 696
1619457369452965319 1355
1619457369471872692 1045
1619457369573131491 871
1619457369628628896 865
1619457369672690217 957
1619457369709318667 921
1619457369741028334 1095
1619457369858454819 215
1619457369914907506 1403
1619457369932879350 984
1619457369967545370 190
1619457370260575370 194
1619457370393615969 220
1619457370448819057 1169
1619457370498272850 211
1619457370563759551 780
1619457370579744487 916
1619457370633126137 1001
1619457370701913736 969
1619457370711631557 230
1619457370740840087 1053
1619457370805827399 798
1619457370886500033 756
1619457370913102819 845
1619457370942495049 989
1619457370995831501 191
1619457371001308907 1136
1619457371018944101 1019
1619457371035879137 1034
1619457371069163329 670
1619457371097198163 932
1619457371123427801 213
1619457371184125255 732
1619457371226916643 224
1619457371232566824 838
1619457371243952901 178
1619457371371616563 330
1619457371581541844 1238
1619457371639241133 1088
1619457371780573635 794
1619457371788101882 1038
1619457371794022230 943
1619457371865798558 1071
1619457371903621537 1115
1619457371993041974 1105
1619457372082052962 1016
1619457372199810686 705
1619457372228655359 923
1619457372239231750 164
1619457372276432683 543
1619457372306468361 1037
1619457372326973656 828
1619457372551546253 1057
1619457372565038101 236
1619457372629847215 201
1619457372705325558 891
1619457372745072346 1083
1619457372763388498 171
1619457372828756836 832
1619457372982361648 1147
1619457373017943801 966
1619457373034273122 235
1619457373053512700 285
1619457373086160449 983
1619457373110507165 204
1619457373146055440 825
1619457373234644607 791
1619457373400238629 849
1619457373403182799 889
1619457373462776557 920
1619457373530180003 212
1619457373576570254 659
1619457373602398428 210
1619457373637593461 1006
1619457373650803863 927
1619457373676535947 907
1619457373795797175 947
1619457374005078828 211
1619457374063873116 949
1619457374179920782 995
1619457374192487559 158
1619457374337023629 852
1619457374414977710 1050
1619457374471154431 772
1619457374483988454 276
1619457374533315319 904
1619457374754637372 184
1619457374819464354 224
1619457374887187355 172
1619457374942871648 578
1619457374952355845 615
1619457374966627293 1118
1619457374993099833 1214
1619457375011631973 1005
1619457375063598050 1084
1619457375361205768 743
1619457375376129658 205
1619457375384283269 882
1619457375431602495 527
1619457375510649936 208
1619457375641417306 247
1619457375717399563 1129
1619457375865765131 599
1619457375925029642 616
1619457375982927309 860
1619457376012978441 999
1619457376032641134 223
1619457376080095161 1119
1619457376088673653 873
1619457376130568944 894
1619457376175998491 902
1619457376297553011 826
1619457376324163547 697
1619457376349126475 254
1619457376408785498 1271
1619457376444432469 1600
1619457376554843851 991
1619457376630446059 954
1619457376665731429 877
1619457376787585847 803
1619457376840519994 920
1619457376943025672 199
1619457377009038019 883
1619457377037141535 724
1619457377071316416 284
1619457377101933751 1071
1619457377143046648 1277
1619457377246617114 772
1619457377311870618 186
1619457377392365862 253
1619457377477983820 183
1619457377513638650 1008
1619457377564742889 1069
1619457377613264827 706
1619457377657647667 656
1619457377677837057 818
1619457377721926624 689
1619457377724175005 164
1619457377792925197 1120
1619457377797577571 279
1619457377864138353 918
1619457377931604517 197
1619457377992598855 686
1619457378148591854 190
1619457378423146230 570
1619457378598882504 214
1619457378628548148 1882
1619457378775146650 811
1619457378781642267 1244
1619457378857421638 198
1619457378881106592 241
1619457379006923640 168
1619457379024720663 190
1619457379175807255 258
1619457379335591477 883
1619457379382173034 878
1619457379732089134 857
1619457379794185957 248
1619457379862092548 1080
1619457379880985322 193
1619457379909804601 700
1619457379949455464 564
1619457379952333390 777
1619457380072308076 669
1619457380206162628 964
1619457380232702575 736
1619457380248577884 786
1619457380334567919 1191
1619457380436612749 237
1619457380439416021 739
1619457380470447927 746
1619457380523882357 185
1619457380704733956 931
1619457380782326329 164
1619457380842723315 951
1619457380928055078 970
1619457380989494990 785
1619457381000999363 993
1619457381010169352 757
1619457381058548398 228
1619457381198233158 166
1619457381262639435 1238
1619457381318152021 917
1619457381403946558 782
1619457381415318175 212
1619457381476774793 709
1619457381523379836 820
1619457381539985532 1533
1619457381560519095 768
1619457381618987474 1101
1619457381671670436 598
1619457381687363204 621
1619457381705282798 1237
1619457381949763842 1790
1619457381990578851 155
1619457382017237277 1097
1619457382025205466 200
1619457382028017010 768
1619457382045566322 861
1619457382087112760 736
1619457382120948611 880
1619457382134690149 1093
1619457382230257457 1695
1619457382304891905 655
1619457382313602859 763
1619457382467455200 218
1619457382470522640 978
1619457382500729208 303
1619457382572239985 1222
1619457382620393248 869
1619457382650551967 992
1619457382662604388 1075
1619457382719471277 213
1619457382765564351 257
1619457382819952861 1250
1619457382838807811 921
1619457383032172226 703
1619457383100025363 630
1619457383172271294 1034
1619457383233642453 201
1619457383298666721 1101
1619457383328597034 939
1619457383348458058 1046
1619457383402143621 1300
1619457383431113504 907
1619457383526102361 671
1619457383610599559 1255
1619457383685032343 1004
1619457383696292636 194
1619457383698589873 231
1619457383735008715 205
1619457383759613994 1046
1619457383788241906 761
1619457383791091415 777
1619457383925175304 276
1619457383930455808 940
1619457383982854841 994
1619457384105298835 648
1619457384124603653 876
1619457384149642079 263
1619457384254191374 255
1619457384313462189 1106
1619457384349140245 209
1619457384352172952 1003
1619457384379797209 838
1619457384600323137 1177
1619457384660466335 670
1619457384696709285 805
1619457384743390291 890
1619457384915971471 794
1619457385000416534 841
1619457385149181216 981
1619457385228774437 1101
1619457385291830238 1016
1619457385327902837 1096
1619457385393722387 930
1619457385421341581 196
1619457385503199975 860
1619457385522252288 1274
1619457385542772263 657
1619457385593010035 899
1619457385655472142 1015
1619457385831645481 171
1619457385848807006 230
1619457385874526459 1213
1619457386279825204 935
1619457386283758433 1904
1619457386339856247 809
1619457386354560282 213
1619457386372501434 732
1619457386457807450 718
1619457386468966643 775
1619457386473464858 211
1619457386518797983 1186
1619457386555170810 837
1619457386601166779 867
1619457386609386329 285
1619457386649769059 199
1619457386729776752 246
1619457386745819034 216
1619457386823103397 207
1619457386830204358 1071
1619457386936820596 262
1619457386990881811 932
1619457387111429164 711
1619457387205563699 1182
1619457387220665719 769
1619457387276078531 164
1619457387298932405 1050
1619457387342756545 614
1619457387363067297 961
1619457387448023092 228
1619457387453917520 1091
1619457387461340510 220
1619457387597619331 854
1619457387642791383 907
1619457387846021387 1084
1619457387854805755 859
1619457387988633850 182
1619457388040583829 1035
1619457388089687866 898
1619457388105426605 205
1619457388177237460 181
1619457388328336522 1109
1619457388342149508 200
1619457388366252955 1114
1619457388437865211 1007
1619457388441052600 1049
1619457388526959974 1035
1619457388565892821 1093
1619457388585223169 1185
1619457388598499330 907
1619457388622396511 991
1619457388671635174 931
1619457388730480668 984
1619457388928174309 854
1619457388987054596 1161
1619457389086866153 662
1619457389103880219 193
1619457389120036345 1118
1619457389125411991 202
1619457389170624064 1584
1619457389246001488 1051
1619457389317280630 1209
1619457389353358179 664
1619457389413849565 866
1619457389491220389 177
1619457389504875434 889
1619457389653323833 630
1619457389675655916 222
1619457389836372349 872
1619457389886088285 990
1619457389923782560 227
1619457389935118973 1062
1619457389944089107 1791
1619457389947025083 841
1619457389950185653 1045
1619457389977465268 1085
1619457389979686942 192
1619457390078918327 899
1619457390190669081 885
1619457390257427130 849
1619457390264866569 807
1619457390274861037 547
1619457390423361440 856
1619457390531428488 1042
1619457390592392384 815
1619457390662077716 843
1619457390739328974 888
1619457390745103314 912
1619457390799417096 714
1619457390802098100 652
1619457390881719163 165
1619457390884526839 760
1619457390887446219 885
1619457390904474263 225
1619457390907188755 634
1619457390912367363 871
1619457390952347869 1177
1619457390957724880 155
1619457391014622651 958
1619457391042494618 433
1619457391069508238 767
1619457391075181192 813
1619457391147822085 196
1619457391161467603 648
1619457391192990999 878
1619457391195623111 597
1619457391215271337 978
1619457391229000520 640
1619457391268587234 1215
1619457391280855476 1049
1619457391297921205 1147
1619457391475913035 1050
1619457391523346359 699
1619457391532140591 822
1619457391603651118 855
1619457391642793400 173
1619457391661124132 1105
1619457391756553618 180
1619457391770586379 962
1619457391822334236 224
1619457391827810339 224
1619457391881343889 1159
1619457391933343470 296
1619457392022707136 873
1619457392040544619 1854
1619457392119573073 1103
1619457392191135058 215
1619457392202151338 1020
1619457392222193866 231
1619457392282368270 200
1619457392319233224 616
1619457392330148221 741
1619457392416436213 1101
1619457392432193362 617
1619457392496005303 601
1619457392498509738 474
1619457392662160226 781
1619457392677139786 890
1619457392755500420 254
1619457392770374186 823
1619457392840773619 1240
1619457392883491137 1158
1619457392973645615 1440
1619457392999315304 830
1619457393013319790 1291
1619457393120044799 180
1619457393196392862 181
1619457393241102367 768
1619457393315144273 206
1619457393330492783 1186
1619457393377061652 1038
1619457393429070975 746
1619457393453724242 192
1619457393501674396 203
1619457393624846734 910
1619457393635294962 1030
1619457393713298581 1061
1619457393755409536 783
1619457393778607067 1235
1619457393892799838 230
1619457393910444604 1546
1619457393964875474 294
1619457393994098236 1264
1619457394089341292 892
1619457394115940904 958
1619457394181159271 956
1619457394397812134 158
1619457394410700808 197
1619457394436156071 761
1619457394507744548 213
1619457394523978069 938
1619457394602496033 813
1619457394670782851 934
1619457394686988003 724
1619457394810295737 816
1619457394820607296 170
1619457394823465943 819
1619457394942071056 1074
1619457394980269939 857
1619457395006339223 1098
1619457395121187095 878
1619457395179992697 1098
1619457395198607507 208
1619457395288567119 941
1619457395371117053 1076
1619457395411219131 747
1619457395438598558 919
1619457395466208325 1312
1619457395518884105 849
1619457395538804046 2042
1619457395588234089 199
1619457395643986717 811
1619457395742161534 181
1619457395766595810 203
1619457395856854725 1446
1619457395983351217 622
1619457396035439689 900
1619457396076505883 925
1619457396156660424 1121
1619457396180669082 247
1619457396196934757 158
1619457396217384228 136
1619457396268426242 1174
1619457396273628109 218
1619457396295966539 205
1619457396431246896 209
1619457396513454904 174
1619457396600051644 1040
1619457396686678958 799
1619457396760872966 1088
1619457396777050045 759
1619457396787533764 739
1619457396793426571 762
1619457396902570429 561
1619457396952095388 970
1619457397006767614 187
1619457397037337511 920
1619457397213160295 644
1619457397429774054 193
1619457397449291473 781
1619457397452307915 972
1619457397476468881 248
1619457397765061719 1085
1619457397844603760 968
1619457397846843554 180
1619457397996731845 1003
1619457398004311525 172
1619457398050843956 995
1619457398081614817 817
1619457398131628999 852
1619457398171938175 712
1619457398219182796 786
1619457398396970302 169
1619457398476863460 1042
1619457398589626685 199
1619457398595663813 843
1619457398682013480 893
1619457398716430534 209
1619457398818667822 171
1619457398826567926 230
1619457398861184168 771
1619457398911936304 824
1619457398931686740 820
1619457398962752686 683
1619457399028180476 168
1619457399064883471 898
1619457399073591982 1015
1619457399106388652 685
1619457399250606603 1176
1619457399344234099 939
1619457399382831680 1075
1619457399433705848 193
1619457399478807886 223
1619457399512350318 723
1619457399567179652 752
1619457399601029925 813
1619457399612415388 809
1619457399633890008 1309
1619457399695239416 887
1619457399728975580 878
1619457399852099934 197
1619457399868492778 1180
1619457399871163666 602
1619457399879631988 735
1619457399925271694 971
1619457399966780654 1554
1619457400004107381 1235
1619457400082584065 1016
1619457400103730316 1039
1619457400119710861 1877
1619457400133167132 281
1619457400181754096 677
1619457400186945591 950
1619457400212122111 668
1619457400214940703 776
1619457400451075232 194
1619457400483895482 832
1619457400493023941 1081
1619457400531367223 760
1619457400554730742 970
1619457400558026444 1253
1619457400597068968 818
1619457400824839159 195
1619457400863470496 710
1619457400882619907 217
1619457400901777343 819
1619457400904706105 849
1619457401014819319 184
1619457401099140319 800
1619457401125113913 740
1619457401178064376 175
1619457401234699249 159
1619457401284588722 221
1619457401293277697 844
1619457401376262615 1074
1619457401522875715 1100
1619457401547423595 208
1619457401569354868 1070
1619457401634156490 248
1619457401674838171 830
1619457401714384502 851
1619457401756898730 1202
1619457401768465310 669
1619457401832723359 1066
1619457401851273193 531
1619457401856534775 288
1619457401868494310 952
1619457401964996442 1188
1619457401993337511 956
1619457402100763207 1101
1619457402173139418 669
1619457402330163595 159
1619457402419576173 779
1619457402454556483 784
1619457402488117320 914
1619457402528895116 879
1619457402561618956 160
1619457402616403531 1021
1619457402651062086 996
1619457402845186379 1013
1619457402851918543 1695
1619457402868450463 207
1619457402874471065 1020
1619457402905099249 603
1619457403019923775 690
1619457403064854779 1040
1619457403153148832 918
1619457403162717932 1243
1619457403174082331 199
1619457403195755335 190
1619457403284962355 1187
1619457403302402655 177
1619457403315969079 1241
1619457403358980129 593
1619457403400222065 848
1619457403509206331 667
1619457403542263556 492
1619457403658936457 986
1619457403701287515 185
1619457403823653085 696
1619457403840197556 764
1619457403943873146 186
1619457403959849553 1068
1619457404003096560 995
1619457404008153677 777
1619457404057204838 175
1619457404115298405 194
1619457404200297883 714
1619457404315300586 805
1619457404326007778 1024
1619457404354393454 1258
1619457404541397210 324
1619457404586832440 1176
1619457404713475100 818
1619457404803362196 670
1619457404892983757 1013
1619457404959566628 195
1619457405082215520 1166
1619457405204085569 953
1619457405235217090 769
1619457405262847942 1203
1619457405363066768 733
1619457405581567214 796
1619457405635067290 949
1619457405781785546 195
1619457405815016328 873
1619457405846870216 995
1619457405876066649 1020
1619457405885774869 633
1619457406000474888 964
1619457406052369704 1100
1619457406090739400 901
1619457406167340677 922
1619457406180817308 1163
1619457406425339239 171
1619457406489895759 1109
1619457406593189462 865
1619457406616647676 216
1619457406724646662 1142
1619457406745279601 203
1619457406815260641 881
1619457406821024099 743
1619457406902207185 180
1619457406907331754 178
1619457406918147844 213
1619457407078742680 874
1619457407106457607 911
1619457407122770015 1191
1619457407215648467 888
1619457407230550825 825
1619457407232814717 219
1619457407254035543 1023
1619457407308175008 823
1619457407337128403 1102
1619457407357394179 1226
1619457407365998674 964
1619457407378854663 1115
1619457407463142305 869
1619457407471975653 956
1619457407547780784 958
1619457407713093828 979
1619457407737097814 976
1619457407753380537 981
1619457407756497120 1077
1619457407759203545 638
1619457407852428794 1181
1619457407903363118 225
1619457407936357692 1117
1619457407968805969 532
1619457408003319701 173
1619457408029574090 246
1619457408062492013 977
1619457408087800164 763
1619457408116180672 192
1619457408149880607 1035
1619457408179064799 1032
1619457408193539514 923
1619457408304740285 1011
1619457408345830136 1149
1619457408380645376 1534
1619457408389485181 1063
1619457408394372628 172
1619457408469012519 930
1619457408477368856 192
1619457408497024077 1527
1619457408509668026 962
1619457408584679637 918
1619457408660091684 761
1619457408702229497 206
1619457408739220712 230
1619457408775883522 863
1619457408787849453 196
1619457408810478547 181
1619457408818516101 995
1619457408851174310 996
1619457408868064363 256
1619457408888286681 1080
1619457408994917529 698
1619457409011551349 1180
1619457409020342337 952
1619457409091512471 754
1619457409117678686 783
1619457409304234595 843
1619457409354639009 179
1619457409491377834 996
1619457409514786612 174
1619457409538068006 808
1619457409546635375 178
1619457409562498982 869
1619457409772621169 1109
1619457409805613977 1004
1619457409808235102 544
1619457409833749253 204
1619457409895413195 837
1619457409908875599 1044
1619457409961577236 758
1619457409973335173 980
1619457410046770056 262
1619457410096155635 814
1619457410110049818 1011
1619457410138119009 215
1619457410319366294 203
1619457410331921505 1500
1619457410405633883 1131
1619457410444161440 1040
1619457410474426815 704
1619457410479480005 780
1619457410490776265 1211
1619457410607449643 859
1619457410685516878 558
1619457410902229026 935
1619457410905381190 1105
1619457410955567483 172
1619457410963569104 947
1619457411087934260 788
1619457411120748737 849
1619457411148870171 133
1619457411258812522 739
1619457411376925641 174
1619457411491992811 914
1619457411549225012 755
1619457411551971607 714
1619457411593784917 217
1619457411733008323 2072
1619457411753362474 1779
1619457411785196574 797
1619457411860298545 1020
1619457411876907964 1177
1619457411925950247 982
1619457412065587548 143
1619457412113077660 918
1619457412224364847 176
1619457412232442547 888
1619457412322783847 154
1619457412398494636 974
1619457412410983511 702
1619457412549953722 762
1619457412567425229 483
1619457412570413838 954
1619457412584828294 161
1619457412677471426 222
1619457412751476813 919
1619457412833971664 1078
1619457412949921576 811
1619457412965086758 1103
1619457413015784899 750
1619457413020693042 691
1619457413096277437 1075
1619457413154745732 927
1619457413209954461 174
1619457413391220091 1021
1619457413423879614 1288
1619457413518591153 720
1619457413557131752 1056
1619457413653060720 898
1619457413762576219 540
1619457413768237212 709
1619457413840081960 942
1619457413850060093 217
1619457413905026559 935
1619457413928053089 764
1619457413938348982 962
1619457413952217979 950
1619457413958148515 1118
1619457413973883922 878
1619457413992745766 181
1619457414097774477 201
1619457414162043620 222
1619457414193661458 1020
1619457414207100762 177
1619457414209381534 204
1619457414279710877 1036
1619457414295701216 659
1619457414362443719 1168
1619457414370190756 537
1619457414433256558 828
1619457414436313242 855
1619457414451126031 748
1619457414563835161 947
1619457414569058276 770
1619457414650922934 152
1619457414765574856 198
1619457414792327349 388
1619457414840893294 831
1619457414939625647 885
1619457414970705956 1013
1619457415062433842 1167
1619457415130041508 933
1619457415155062507 724
1619457415320763336 1054
1619457415356455773 1091
1619457415405690175 152
1619457415445285974 952
1619457415448398632 1050
1619457415506300751 147
1619457415531606860 171
1619457415546908980 1019
1619457415765784800 937
1619457415828840240 956
1619457415831066936 198
1619457415840589874 725
1619457415899198163 228
1619457415904633631 658
1619457416012781538 995
1619457416070479717 201
1619457416083246127 258
1619457416115245142 970
1619457416134119521 594
1619457416162397144 717
1619457416181009499 862
1619457416309513791 884
1619457416358666489 278
1619457416386395766 223
1619457416414711309 559
1619457416429067013 1097
1619457416549059073 801
1619457416656663801 775
1619457416757243181 776
1619457416846989716 769
1619457416956545561 685
1619457417001658878 233
1619457417036583424 285
1619457417064893914 946
1619457417083296993 1006
1619457417149456215 191
1619457417214357438 759
1619457417219606660 253
1619457417275867311 730
1619457417370325006 226
1619457417391008816 1079
1619457417412248713 256
1619457417438956156 922
1619457417452650476 1092
1619457417474901672 217
1619457417494180478 264
1619457417553931363 676
1619457417753365914 1326
1619457417842506380 958
1619457417924448864 1086
1619457417949424778 882
1619457418045995940 995
1619457418100895223 941
1619457418126468699 1009
1619457418244408662 896
1619457418247244767 751
1619457418268720602 763
1619457418305098585 633
1619457418419928502 1011
1619457418542340543 261
1619457418631863348 907
1619457418731373495 699
1619457418752984261 740
1619457418755946587 898
1619457418770437370 797
1619457418801161630 947
1619457418803439113 195
1619457418899550367 516
1619457419102102281 787
1619457419135861662 236
1619457419176248894 1090
1619457419238088568 1108
1619457419287478094 229
1619457419290562317 1034
1619457419366653746 691
1619457419393630177 1083
1619457419398701634 192
1619457419416981068 1078
1619457419420105880 1077
1619457419435258959 1110
1619457419440867836 909
1619457419466095556 1066
1619457419721173823 993
1619457419821677463 239
1619457419830427295 876
1619457419837334807 232
1619457419853255359 234
