1619450550474328654 300
1619450550504035607 523
1619450550506341827 214
1619450550518663800 515
1619450550633305723 321
1619450550700398820 321
1619450550729344907 257
1619450550732102022 451
1619450550788308290 246
1619450550790934538 392
1619450550795972422 522
1619450550858396167 403
1619450550904447370 202
1619450550923729551 278
1619450551002003214 312
1619450551063334845 382
1619450551095106433 251
1619450551114955133 436
1619450551154228445 384
1619450551186403621 360
1619450551198582577 284
1619450551363072029 477
1619450551513908510 315
1619450551562594545 260
1619450551606668072 413
1619450551832089422 289
1619450551946145619 355
1619450551958350331 444
1619450551975273955 253
1619450552076512669 363
1619450552091366466 400
1619450552150888005 325
1619450552185423329 532
1619450552224989683 321
1619450552247237703 418
1619450552391557999 463
1619450552451971656 437
1619450552456894560 417
1619450552474305759 435
1619450552535883364 496
1619450552538383190 477
1619450552632156377 387
1619450552671249679 334
1619450552698122136 570
1619450552717726725 341
1619450552725105065 332
1619450552739798573 250
1619450552742550907 500
1619450552797015218 432
1619450552807215037 470
1619450552839164466 457
1619450552956117564 371
1619450553029017103 308
1619450553068231762 409
1619450553070657139 378
1619450553085027626 208
1619450553089776919 228
1619450553107167612 352
1619450553198899084 525
1619450553203831692 336
1619450553262284187 314
1619450553369978830 491
1619450553442767792 267
1619450553489192242 304
1619450553506526670 365
1619450553551260839 452
1619450553622318991 260
1619450553649314958 325
1619450553717765666 329
1619450553722564040 245
1619450553746726032 253
1619450553749069378 238
1619450553773802294 286
1619450553805372346 451
1619450553883993133 533
1619450553981961790 462
1619450554017974029 222
1619450554089298468 296
1619450554104059371 287
1619450554131449168 486
1619450554160782667 336
1619450554199170956 213
1619450554201675588 353
1619450554258413805 366
1619450554300306458 380
1619450554361152343 334
1619450554363611325 406
1619450554400740034 406
1619450554546830032 387
1619450554563754754 252
1619450554576028946 341
1619450554598169496 389
1619450554619880976 302
1619450554722882700 456
1619450554863734898 389
1619450554876031505 349
1619450554935433708 274
1619450555029417658 326
1619450555059099902 254
1619450555128359112 476
1619450555140731921 246
1619450555171166538 484
1619450555210490469 287
1619450555249412820 426
1619450555254557316 480
1619450555293621024 392
1619450555337750911 538
1619450555520324831 272
1619450555593069986 309
1619450555639249096 313
1619450555735127809 338
1619450555811776070 475
1619450555831490139 328
1619450555851139420 329
1619450555873455793 530
1619450555905341121 548
1619450555968660466 339
1619450555988496989 356
1619450556012937155 232
1619450556129946555 337
1619450556203488678 438
1619450556328861492 410
1619450556355434194 462
1619450556377030882 420
1619450556440791037 286
1619450556448114183 314
1619450556526989322 523
1619450556531645289 244
1619450556625144684 437
1619450556645082724 476
1619450556664984713 289
1619450556677124483 271
1619450556733373764 195
1619450556762786638 312
1619450557019315003 244
1619450557021878620 344
1619450557066454797 530
1619450557081169533 466
1619450557165731955 341
1619450557185635899 390
1619450557209851029 295
1619450557224251674 340
1619450557356649099 404
1619450557462495614 320
1619450557608001937 304
1619450557647147896 444
1619450557718030843 312
1619450557737936248 447
1619450557764796936 345
1619450557793989476 316
1619450557867118901 285
1619450558038245445 230
1619450558099387075 627
1619450558103968278 253
1619450558188349006 458
1619450558334771338 259
1619450558375887420 278
1619450558393215119 470
1619450558398053873 313
1619450558400424087 299
1619450558437489199 302
1619450558526087195 414
1619450558589601298 516
1619450558655859170 304
1619450558748880525 288
1619450558780772212 312
1619450558790525666 338
1619450558812759958 447
1619450558822538853 416
1619450558839514600 349
1619450558891506947 481
1619450558898889732 247
1619450558908645066 340
1619450558940021081 336
1619450558966726289 461
1619450559021008761 483
1619450559030913220 261
1619450559058189466 551
1619450559149738726 518
1619450559183922816 262
1619450559208895005 460
1619450559308857732 398
1619450559311172302 259
1619450559405938957 295
1619450559413345315 381
1619450559423267041 338
1619450559430438936 323
1619450559435472941 251
1619450559528774352 341
1619450559541132120 276
1619450559577842200 353
1619450559724588507 438
1619450559736573837 317
1619450559785715166 292
1619450559861873330 432
1619450559908696990 265
1619450559958230648 478
1619450560063613996 419
1619450560083074409 390
1619450560112848633 451
1619450560132436490 530
1619450560144862220 341
1619450560191193646 273
1619450560215791143 464
1619450560324768792 435
1619450560351352864 279
1619450560406230995 343
1619450560408722078 296
1619450560500905314 279
1619450560520433479 271
1619450560537273427 294
1619450560564104641 272
1619450560586050270 317
1619450560668143430 351
1619450560765633356 368
1619450560875093410 288
1619450560884710682 336
1619450560987840778 372
1619450561128896044 510
1619450561166278325 519
1619450561193518119 519
1619450561200780855 321
1619450561284687514 383
1619450561353206959 552
1619450561367948900 376
1619450561392841154 316
1619450561402762122 347
1619450561427702845 499
1619450561513390419 313
1619450561540934714 340
1619450561612017645 386
1619450561642180226 451
1619450561681437480 427
1619450561685981698 244
1619450561735509989 581
1619450561766649913 160
1619450561813320830 405
1619450561815872192 517
1619450561820954247 550
1619450561843282216 538
1619450561850420819 391
1619450561921241094 326
1619450561940919295 495
1619450561952956367 393
1619450561999811033 239
1619450562012310878 208
1619450562032459361 381
1619450562059456666 488
1619450562103295628 413
1619450562117851238 367
1619450562122976341 488
1619450562158402769 402
1619450562185616550 529
1619450562300783352 343
1619450562368128083 498
1619450562496706974 234
1619450562578071265 461
1619450562580435569 322
1619450562627496455 348
1619450562645059849 328
1619450562658478673 464
1619450562675651909 285
1619450562690640958 372
1619450562710067833 341
1619450562768834857 328
1619450562786063246 400
1619450562796113797 479
1619450562870127073 537
1619450562973953268 464
1619450563048224605 293
1619450563120162454 485
1619450563151632738 291
1619450563237882330 330
1619450563365354483 274
1619450563411505898 292
1619450563501462653 248
1619450563533100104 286
1619450563555572823 551
1619450563582103438 272
1619450563621141980 413
1619450563633219709 516
1619450563661026710 342
1619450563678530783 340
1619450563727751474 335
1619450563797621024 502
1619450563824304357 437
1619450563880564604 241
1619450563902895424 401
1619450563966680845 351
1619450564142480320 354
1619450564220395031 293
1619450564309497132 270
1619450564326641577 262
1619450564441933917 306
1619450564518212910 256
1619450564565191425 439
1619450564647564255 483
1619450564753992540 421
1619450564820530516 509
1619450564847494252 450
1619450565115648622 335
1619450565130530024 366
1619450565165667773 340
1619450565190275195 303
1619450565195280948 448
1619450565207768669 594
1619450565217561790 383
1619450565229992155 384
1619450565251959489 434
1619450565295496904 302
1619450565325193128 339
1619450565439663321 335
1619450565471494284 287
1619450565542665157 430
1619450565574666523 395
1619450565584063938 355
1619450565625989268 456
1619450565702593706 380
1619450565723400431 518
1619450565863219109 460
1619450565865823089 558
1619450565870846004 388
1619450565918163470 387
1619450565957533317 371
1619450565999126872 283
1619450566008876263 282
1619450566060708506 571
1619450566070565510 576
1619450566077665919 261
1619450566262968658 459
1619450566267792475 358
1619450566277485086 373
1619450566360882286 459
1619450566370660166 255
1619450566385559178 340
1619450566427922423 471
1619450566497135674 492
1619450566519210272 513
1619450566528754776 360
1619450566706043054 328
1619450566716063222 513
1619450566728536114 252
1619450566735875074 376
1619450566760468407 384
1619450566782353356 508
1619450566868650319 273
1619450566918334388 444
1619450566935358137 330
1619450567011075804 467
1619450567016064103 511
1619450567038282958 349
1619450567065652976 434
1619450567101894840 494
1619450567144647457 254
1619450567166703911 452
1619450567169125497 349
1619450567292334783 352
1619450567503061324 368
1619450567510725760 452
1619450567527861012 441
1619450567538009162 364
1619450567572291301 331
1619450567603950850 313
1619450567660989263 355
1619450567745234747 546
1619450567802385523 357
1619450567829523784 508
1619450567858970133 490
1619450567878689024 468
1619450567910675196 391
1619450567961743376 275
1619450567986230706 343
1619450567996082395 431
1619450568003177635 335
1619450568112221283 366
1619450568135033217 316
1619450568142325104 259
1619450568209055041 513
1619450568228344640 266
1619450568306460767 534
1619450568372433555 534
1619450568391892223 298
1619450568409099478 426
1619450568454865976 349
1619450568565625639 439
1619450568713907874 440
1619450568716302572 311
1619450568735747658 506
1619450568841948178 353
1619450568861827484 359
1619450568886300475 543
1619450568905594603 230
1619450568969315668 350
1619450569010570697 324
1619450569160809982 347
1619450569252115025 525
1619450569313381845 295
1619450569452725484 214
1619450569468226073 601
1619450569477725985 287
1619450569510210765 459
1619450569587379917 372
1619450569677059187 452
1619450569799283575 391
1619450569809075765 275
1619450569845838646 292
1619450569855669220 422
1619450569934517580 369
1619450570064065595 241
1619450570140095788 359
1619450570157077593 478
1619450570363298309 272
1619450570397521507 384
1619450570422100257 420
1619450570541779106 350
1619450570675922034 475
1619450570702390450 279
1619450570712109028 347
1619450570733753818 323
1619450570753528223 343
1619450570929745177 302
1619450571030452123 285
1619450571120879484 464
1619450571156112897 281
1619450571173474713 419
1619450571212710739 272
1619450571215366985 429
1619450571316089653 311
1619450571323770043 589
1619450571397569527 542
1619450571404770092 397
1619450571409710376 387
1619450571421744034 259
1619450571510567398 550
1619450571517876227 219
1619450571572210712 267
1619450571623285663 282
1619450571648352134 493
1619450571650808030 416
1619450571656133267 364
1619450571673312963 363
1619450571876766905 304
1619450571891393694 278
1619450572024235617 397
1619450572086544975 599
1619450572103587153 367
1619450572200091912 363
1619450572214976210 323
1619450572241915459 489
1619450572246548916 274
1619450572307600720 370
1619450572334419553 279
1619450572393067470 389
1619450572395477359 380
1619450572538222456 610
1619450572589038929 338
1619450572632911604 232
1619450572637908400 326
1619450572727501800 505
1619450572759523507 421
1619450572950400317 505
1619450573031920225 347
1619450573056858028 277
1619450573073775662 432
1619450573149605112 389
1619450573418302358 393
1619450573525066972 377
1619450573561459657 289
1619450573610545096 288
1619450573647642182 532
1619450573716118040 387
1619450573733185471 357
1619450573745309013 325
1619450573774857230 459
1619450573879008600 346
1619450574048085072 342
1619450574053045596 523
1619450574140130611 203
1619450574213537333 287
1619450574230765512 317
1619450574250863326 410
1619450574255497655 252
1619450574287768311 435
1619450574290171119 315
1619450574331531886 260
1619450574338777990 263
1619450574356020856 362
1619450574418710526 308
1619450574475807770 330
1619450574537124369 361
1619450574639589353 306
1619450574656817572 309
1619450574663896009 313
1619450574692987961 415
1619450574710222387 236
1619450574742090366 368
1619450574752121885 451
1619450574811485226 510
1619450574947320327 311
1619450574954969739 548
1619450575028294490 382
1619450575189219629 255
1619450575243933138 485
1619450575275841684 511
1619450575297880724 289
1619450575329612610 266
1619450575385574567 343
1619450575424939135 184
1619450575552978499 405
1619450575572360462 540
1619450575603847746 230
1619450575703161808 246
1619450575747299388 397
1619450575764266246 289
1619450575818309656 477
1619450575842680099 524
1619450575847484336 407
1619450575874665820 305
1619450575928778894 419
1619450575995140247 489
1619450576009936304 399
1619450576076322155 448
1619450576078675526 294
1619450576096037653 514
1619450576210357363 285
1619450576469759787 395
1619450576476954632 409
1619450576510060397 200
1619450576532018688 230
1619450576539601219 424
1619450576549381535 427
1619450576612496091 192
1619450576644855293 386
1619450576647532430 431
1619450576891160410 448
1619450577026952418 286
1619450577115756901 318
1619450577158239103 329
1619450577313232620 492
1619450577506877120 341
1619450577521616008 330
1619450577534012698 228
1619450577556356783 516
1619450577625669069 354
1619450577656186255 244
1619450577661299122 491
1619450577688762367 375
1619450577753082792 349
1619450577877627785 413
1619450577909671907 344
1619450577921962028 343
1619450578037922662 252
1619450578040307095 289
1619450578064745326 310
1619450578318735613 345
1619450578355065385 344
1619450578364618810 398
1619450578455340628 375
1619450578520577412 285
1619450578530236278 317
1619450578635082399 311
1619450578676492010 313
1619450578810216287 329
1619450578827120596 304
1619450578836668878 202
1619450579134881906 407
1619450579245171074 402
1619450579306103199 311
1619450579318046380 231
1619450579347267491 324
1619450579364149668 346
1619450579374233951 478
1619450579418768404 436
1619450579423499063 342
1619450579428227530 264
1619450579526972730 317
1619450579555898657 310
1619450579582783340 214
1619450579594963958 243
1619450579634408855 424
1619450579752592083 430
1619450579759930987 472
1619450579782048668 447
1619450579784432781 350
1619450579878218788 474
1619450579907908362 450
1619450580001171787 526
1619450580042709983 432
1619450580064634268 264
1619450580114283100 528
1619450580118964238 243
1619450580133758807 332
1619450580138656296 402
1619450580185789149 339
1619450580202895504 332
1619450580261914726 451
1619450580281121434 249
1619450580365981907 422
1619450580414953208 285
1619450580432272235 228
1619450580437137289 331
1619450580439856498 470
1619450580520544428 401
1619450580587072917 356
1619450580606757192 251
1619450580636589536 542
1619450580660984441 350
1619450580828196402 414
1619450580847839240 355
1619450580865047055 448
1619450580906668376 359
1619450580936093752 283
1619450581119131257 525
1619450581136335575 265
1619450581138700449 311
1619450581178649491 465
1619450581456971129 206
1619450581464316394 392
1619450581545552525 452
1619450581557427264 287
1619450581586566934 283
1619450581683312033 235
1619450581700168334 194
1619450581724619950 417
1619450581763909970 454
1619450581788622493 449
1619450581895324052 420
1619450581927341403 384
1619450581939751275 369
1619450581952322737 648
1619450581988843049 473
1619450581991233108 334
1619450581998848060 345
1619450582011094597 321
1619450582127482507 280
1619450582196286504 350
1619450582203946641 525
1619450582236337934 249
1619450582251435255 504
1619450582348532370 453
1619450582353320148 284
1619450582367664712 224
1619450582436197196 228
1619450582443368968 262
1619450582562558549 443
1619450582565010657 354
1619450582593822809 272
1619450582601182260 305
1619450582674676577 352
1619450582765725582 559
1619450582800297155 350
1619450582898473574 373
1619450582928381836 545
1619450582940654787 299
1619450582947924648 378
1619450583044885476 490
1619450583159380943 369
1619450583198175828 318
1619450583247453136 367
1619450583307014806 491
1619450583368644075 276
1619450583388447164 414
1619450583457487960 219
1619450583467391838 384
1619450583501811354 323
1619450583705387328 270
1619450583774289855 306
1619450583932228532 279
1619450583934726456 287
1619450583978707533 442
1619450584023135970 452
1619450584045571164 587
1619450584070525319 433
1619450584147171397 365
1619450584159531308 404
1619450584175894460 308
1619450584222951109 264
1619450584228057448 341
1619450584264843309 382
1619450584269638670 240
1619450584296443550 259
1619450584313552208 265
1619450584416887183 218
1619450584481629067 463
1619450584491420593 380
1619450584653788162 248
1619450584661127586 354
1619450584707103717 255
1619450584726553922 278
1619450584807176150 504
1619450584897537613 342
1619450584988223714 408
1619450585029505554 386
1619450585034390588 287
1619450585053496837 386
1619450585092374905 338
1619450585159368730 385
1619450585342608545 446
1619450585421706260 162
1619450585438726376 251
1619450585480428270 201
1619450585569077588 651
1619450585580943680 341
1619450585590812929 511
1619450585625072683 245
1619450585686377088 297
1619450585748695284 325
1619450585810054295 338
1619450585896384171 465
1619450585962698871 316
1619450585989841981 393
1619450586330827655 355
1619450586357835837 360
1619450586415765971 461
1619450586505889467 272
1619450586518049324 341
1619450586552434247 371
1619450586586252323 272
1619450586603901129 418
1619450586625933262 295
1619450586628555726 452
1619450586673532443 411
1619450586703037507 292
1619450586707969031 457
1619450586715352346 299
1619450586788414172 269
1619450586793374349 373
1619450586876685631 251
1619450586987987770 350
1619450587007452645 313
1619450587014480086 278
1619450587051386140 354
1619450587056280614 525
1619450587117826154 847
1619450587189374402 321
1619450587255555438 456
1619450587262995011 576
1619450587265341758 327
1619450587346935655 513
1619450587364279544 488
1619450587369190868 445
1619450587393886509 395
1619450587417623846 346
1619450587459569998 483
1619450587481460107 429
1619450587515721961 470
1619450587549617600 394
1619450587608224744 440
1619450587720714868 378
1619450587810923269 404
1619450587840200801 337
1619450587847738270 418
1619450587855325701 518
1619450587957368703 319
1619450587977371385 446
1619450588018914386 353
1619450588023508942 244
1619450588133448378 353
1619450588188532585 271
1619450588252318631 417
1619450588272136927 405
1619450588355173797 294
1619450588372689210 453
1619450588407204149 296
1619450588438819688 240
1619450588485252228 235
1619450588527199795 338
1619450588531864081 225
1619450588548966779 421
1619450588622655974 260
1619450588625027276 225
1619450588658992458 223
1619450588730685126 460
1619450588771897453 414
1619450588817963127 474
1619450588842284050 361
1619450588866328487 241
1619450588895895593 427
1619450588908069623 176
1619450588991765151 267
1619450589008882129 261
1619450589045763864 487
1619450589077479595 324
1619450589092519617 389
1619450589204136675 390
1619450589277410879 285
1619450589338925763 266
1619450589536458450 242
1619450589553828873 291
1619450589716167155 473
1619450589745768217 423
1619450589886919193 460
1619450590050525613 365
1619450590192912890 373
1619450590202817993 248
1619450590232116807 432
1619450590283658152 400
1619450590303395929 295
1619450590401659475 243
1619450590409015238 354
1619450590474884725 582
1619450590479587216 294
1619450590560322737 287
1619450590673862560 435
1619450590693374954 414
1619450590815505403 452
1619450591005170060 500
1619450591014824528 335
1619450591064168563 358
1619450591151742972 440
1619450591161645039 361
1619450591206262018 564
1619450591303580102 405
1619450591383528263 276
1619450591551867749 242
1619450591583336065 322
1619450591620474122 320
1619450591676955508 341
1619450591718264176 360
1619450591723052221 406
1619450591752424473 301
1619450591764670550 248
1619450591823318829 305
1619450591833424513 470
1619450591890411071 482
1619450591939029399 375
1619450591980787972 409
1619450591993109796 277
1619450591998119310 420
1619450592012571325 254
1619450592108029376 343
1619450592218595467 551
1619450592230998511 454
1619450592243284797 421
1619450592295383084 234
1619450592307694790 321
1619450592322857670 355
1619450592325251011 309
1619450592367127539 211
1619450592391849234 356
1619450592470410134 384
1619450592494798851 419
1619450592509638455 320
1619450592598514144 258
1619450592773335263 514
1619450592798147529 364
1619450592844270816 454
1619450592869071188 491
1619450593042191921 432
1619450593136568423 618
1619450593287021736 310
1619450593426694052 262
1619450593475506427 316
1619450593507192324 297
1619450593522330472 349
1619450593531927844 270
1619450593625229909 390
1619450593702890999 463
1619450593717380453 237
1619450593771429474 615
1619450593788490851 469
1619450593827825145 391
1619450593830225583 290
1619450593871543983 333
1619450594087334599 461
1619450594148981349 473
1619450594198364275 485
1619450594203338492 331
1619450594320882901 141
1619450594440104033 297
1619450594499243017 278
1619450594553479607 309
1619450594602187032 474
1619450594617992762 1246
1619450594623053976 591
1619450594635363983 526
1619450594681840057 292
1619450594693945375 427
1619450594792974626 586
1619450594834014685 227
1619450594985073712 275
1619450595007067407 230
1619450595055624125 319
1619450595058046696 311
1619450595065526252 330
1619450595232829290 464
1619450595286927758 357
1619450595337451241 488
1619450595342161494 210
1619450595357179347 396
1619450595359721128 502
1619450595376737293 500
1619450595420625666 535
1619450595450226264 353
1619450595477413799 227
1619450595517360295 308
1619450595579396803 412
1619450595665920947 322
1619450595763645863 389
1619450595866214195 258
1619450595902658890 287
1619450595921821641 445
1619450595998930736 328
1619450596006278617 355
1619450596021284433 425
1619450596094583568 322
1619450596126960281 577
1619450596136572040 265
1619450596241859441 305
1619450596311329215 303
1619450596333561856 267
1619450596379660642 365
1619450596475547494 357
1619450596602738450 352
1619450596642524347 354
1619450596701870334 402
1619450596750786425 349
1619450596753079533 247
1619450596762679668 380
1619450596764974886 247
1619450596905785981 384
1619450596990060640 249
1619450597021893850 304
1619450597031798850 297
1619450597064130641 300
1619450597071706655 571
1619450597093814581 444
1619450597142810979 480
1619450597179252467 299
1619450597221093399 429
1619450597238354449 518
1619450597345083330 336
1619450597418783515 527
1619450597497302554 477
1619450597560807194 585
1619450597675037740 307
1619450597704691253 311
1619450597751659837 276
1619450597793839155 437
1619450597818242753 309
1619450597862069569 242
1619450597882228798 536
1619450597911579969 236
1619450597950379953 353
1619450597957853776 338
1619450597992376871 368
1619450597999607747 287
1619450598004668998 373
1619450598026647739 305
1619450598033981727 279
1619450598060998946 282
1619450598123215199 662
1619450598130519399 458
1619450598240607888 318
1619450598370161684 339
1619450598424536402 321
1619450598482386909 294
1619450598590224851 321
1619450598691578584 350
1619450598698960254 273
1619450598704288312 525
1619450598765888345 307
1619450598768530742 610
1619450598917135635 363
1619450598932080113 475
1619450598956901373 391
1619450599001434699 302
1619450599048712794 499
1619450599150693146 343
1619450599217173153 289
1619450599239282946 284
1619450599323413732 385
1619450599444234313 364
1619450599580338434 369
1619450599753186824 377
1619450599875510990 495
1619450599895013279 254
1619450599919666979 229
1619450599953924448 312
1619450600044855081 378
1619450600110957744 383
1619450600163512437 253
1619450600207127086 230
1619450600246904540 599
1619450600268839998 355
1619450600322975536 304
1619450600364592459 345
1619450600408497936 241
1619450600435368178 284
1619450600501230805 221
1619450600587109272 338
1619450600621069802 360
1619450600645931434 472
1619450600668740719 270
1619450600710671544 262
1619450600730531969 296
1619450600737710254 279
1619450600774746254 282
1619450600801396050 279
1619450600805972649 268
1619450600843724977 287
1619450600912319400 455
1619450600953728881 266
1619450600956540360 427
1619450600973949054 456
1619450601008103214 245
1619450601052737844 489
1619450601145029027 377
1619450601239392225 380
1619450601266633712 257
1619450601338248798 539
1619450601628472885 309
1619450601645740690 453
1619450601658735730 296
1619450601678332664 346
1619450601704974828 287
1619450601743340429 491
1619450601779692081 288
1619450601884130097 316
1619450601934680091 412
1619450601991636187 243
1619450602030529073 498
1619450602035356741 371
1619450602080270155 466
1619450602085038218 368
1619450602104804491 373
1619450602184456712 313
1619450602224315854 313
1619450602300409496 359
1619450602346851901 381
1619450602663574824 357
1619450602725077582 452
1619450602734799551 413
1619450602841888270 372
1619450602851752827 288
1619450602959056564 293
1619450602978606598 213
1619450603108561672 453
1619450603137894088 410
1619450603211343774 517
1619450603276770148 303
1619450603352130402 440
1619450603435113234 332
1619450603483815492 357
1619450603567805147 563
1619450603613937656 472
1619450603745786668 300
1619450603755629526 351
1619450603758404900 561
1619450603810230533 398
1619450603824764089 227
1619450603932686262 276
1619450604023683992 267
1619450604048707485 467
1619450604083430704 323
1619450604162266418 496
1619450604225612302 431
1619450604237881445 389
1619450604400454123 445
1619450604503750845 411
1619450604521061826 387
1619450604548124774 449
1619450604654183294 315
1619450604721283560 515
1619450604802874965 338
1619450604815130306 374
1619450604837313983 243
1619450604839917946 409
1619450604908013875 360
1619450604929977473 376
1619450604999967050 421
1619450605029340757 281
1619450605044319161 509
1619450605081421478 451
1619450605113319402 366
1619450605166226999 483
1619450605175919157 374
1619450605238683321 294
1619450605316611567 451
1619450605340784883 406
1619450605380073364 435
1619450605402324282 274
1619450605434708577 391
1619450605452047354 425
1619450605591139066 430
1619450605698844126 332
1619450605708925650 398
1619450605765407273 321
1619450605814361729 485
1619450605819611186 710
1619450605824413258 325
1619450605910217420 285
1619450605922399549 355
1619450605988445954 429
1619450606002987989 349
1619450606037986512 518
1619450606224925849 344
1619450606327653338 199
1619450606357112107 279
1619450606418433883 411
1619450606491831806 473
1619450606506336241 313
1619450606543081283 397
1619450606570506281 514
1619450606602477240 309
1619450606626663064 285
1619450606676598901 462
1619450606691329640 395
1619450606950756902 367
1619450606977924000 314
1619450607014709742 327
1619450607019585732 343
1619450607051782905 420
1619450607061686289 440
1619450607120824470 429
1619450607128094204 270
1619450607157347693 401
1619450607186283922 469
1619450607188608230 202
1619450607210726589 297
1619450607334353360 261
1619450607349311738 600
1619450607449881292 564
1619450607688670236 358
1619450607725029564 241
1619450607852337025 324
1619450607899303151 231
1619450607967907713 299
1619450607987859689 366
1619450608046751516 240
1619450608083639319 443
1619450608154754967 377
1619450608196172020 380
1619450608299357317 298
1619450608304482761 451
1619450608392452895 570
1619450608402203684 313
1619450608416620351 332
1619450608497726321 512
1619450608760276497 297
1619450608880478727 351
1619450608892819950 297
1619450608975924916 246
1619450608980853824 278
1619450609044406163 258
1619450609051815791 443
1619450609223168851 411
1619450609252610496 302
1619450609257659615 354
1619450609270033156 337
1619450609326363382 418
1619450609353234436 307
1619450609392826113 394
1619450609446667426 402
1619450609478732246 326
1619450609535372586 441
1619450609678592954 198
1619450609683801337 548
1619450609940375584 308
1619450609971403062 342
1619450610022074433 286
1619450610096095678 495
1619450610270087097 506
1619450610289871838 437
1619450610353801605 303
1619450610370955433 394
1619450610422740849 468
1619450610442175330 257
