1655532622976073677 282284490
1655532623974767380 598568489
1655532624476052311 300935692
1655532624875915072 101392257
1655532625185968509 9881480
1655532625876053306 399950004
1655532626576084429 199843569
1655532627376237669 299957658
1655532627975850795 299685573
1655532628874551913 599171823
1655532629975739552 900854153
1655532630576022654 200978292
1655532631377153618 302637676
1655532631785229826 8850032
1655532632175875627 98895921
1655532632975836574 401315014
1655532633777561131 503058236
1655532634475422538 400893698
1655532635174800735 498052727
1655532636175694130 799290538
1655532636775886893 301384682
1655532637085530063 11012994
1655532637675951263 301440565
1655532638276258717 201298890
1655532639275229400 600728444
1655532639875407435 200857949
1655532640475380781 200341826
1655532640983867361 307131402
1655532641475826191 201318213
1655532642075662836 299694501
1655532642575869031 201337842
1655532643586252652 409988051
1655532644075562957 201055892
1655532644383062624 107166571
1655532645474839567 699533386
1655532645875894637 200739730
1655532646375893756 201382447
1655532647275375018 598773289
1655532648475911632 901443785
1655532649075921746 301453525
1655532649675858640 299762968
1655532650376419465 400226429
1655532650975932169 299820286
1655532651675925958 301414055
1655532652674542431 599077175
1655532653275961720 401070365
1655532654277191711 602680654
1655532654875918270 301391716
1655532655175805931 98269639
1655532655975922236 400186958
1655532656575860174 300357423
1655532657075633808 299442802
1655532657475775702 199793479
1655532657975554165 200737991
1655532658575806903 200720103
1655532659275393703 100888939
1655532659875834090 400119698
1655532660675868833 301087620
1655532661275851787 299798270
1655532661975866671 200226687
1655532662575686798 299521791
1655532663274588644 398859840
1655532663775869866 299220336
1655532664575879034 401098417
1655532665175402897 300888146
1655532665675864904 200510840
1655532666075388692 98219929
1655532666587181105 112614361
1655532667475769526 400232992
1655532667787018175 10536380
1655532668375882723 301360208
1655532668975850298 299629659
1655532669285754735 9100490
1655532670175901100 301383100
1655532670486463681 11985738
1655532670784799318 10304528
1655532671075333555 89314166
1655532671775992086 201511066
1655532672375334642 300852614
1655532673075880071 500237545
1655532673976133796 300878959
1655532674775539605 499157421
1655532675775356578 500339889
1655532676675841292 500205692
1655532677374660235 399893071
1655532677775854214 200839521
1655532678375775533 301266702
1655532678689831366 15326227
1655532678975811947 85644677
1655532679575904919 201014540
1655532680175887092 301374448
1655532681175913450 300657874
1655532682075916506 499568963
1655532682775946370 401439852
1655532683575872809 400852889
1655532683975815782 99343002
1655532684375920696 98488007
1655532685176013981 299688684
1655532685875933912 400694869
1655532686675891700 501400989
1655532687475499212 499994412
1655532688075856569 300011464
1655532688387068844 12556155
1655532689075902908 399506111
1655532689775936607 300794432
1655532690275374601 199128838
1655532690675860762 200153557
1655532691375873870 400026163
1655532691875858220 201074617
1655532692675885283 501384945
1655532693475929550 501421701
1655532694374670194 599878189
1655532695175921368 501105118
1655532695875879049 399434780
1655532696375878471 299648291
1655532696975858132 300387829
1655532697583352598 307082588
1655532698075873854 291236624
1655532698675895393 201373674
1655532699175990135 299796054
1655532699875847083 399572559
1655532700875833717 499800727
1655532701675455936 499887961
1655532702275882797 300318385
1655532702775992626 200489619
1655532703475923841 301421175
1655532704075414633 399153030
1655532704775906729 400682709
1655532706075898619 701240622
1655532706675208800 300426581
1655532707176160150 300601560
1655532707775895925 301362580
1655532708275109466 297884367
1655532709076015151 599611566
1655532709776753824 402238455
1655532710674898608 498596725
1655532711175852178 201389877
1655532712074525483 598020871
1655532712674618739 399748799
