1655952497489805244 309438
1655952497885283132 107655
1655952498281687223 195930
1655952498588808217 11442
1655952498804692003 15454
1655952499189800436 183091
1655952499491184259 100518
1655952499880437471 188264
1655952500177278296 94603
1655952500402254043 23849
1655952500696320905 92892
1655952500992114153 95353
1655952501288058242 90282
1655952501584987713 95987
1655952501882819620 96428
1655952502178300896 95061
1655952502399620313 20912
1655952502687164384 87118
1655952502998077323 110475
1655952503299854466 101356
1655952503600337872 100067
1655952503893552144 86898
1655952504281520074 103549
1655952504505414470 15660
1655952504796617214 18868
1655952505101468224 98789
1655952505388786029 11756
1655952505603626805 14410
1655952505897865847 20763
1655952506189748850 91455
1655952506589046073 196819
1655952506892403584 101658
1655952507197841330 104771
1655952507488151335 89210
1655952507778458022 83707
1655952507996000841 16730
1655952508299052872 21714
1655952508603681122 100977
1655952508891079751 85865
1655952509188162418 95916
1655952509487968566 98702
1655952509785950708 94113
1655952510005703291 19331
1655952510298430144 21376
1655952510597994742 91293
1655952510888229969 89471
1655952511184784494 96135
1655952511477209630 89705
1655952511687279341 9656
1655952511981784100 94072
1655952512196664218 14451
1655952512490053770 92673
1655952512780317366 89848
1655952512999536353 18765
1655952513299190143 97750
1655952513591539410 91941
1655952513901948489 109972
1655952514187362497 85001
1655952514485874396 98085
1655952514704175531 17523
1655952515082010056 104957
1655952515303578662 20674
1655952515597880278 93712
1655952515891552225 92828
1655952516186153089 94180
1655952516481028593 94473
1655952516892613519 201068
1655952517194193925 99472
1655952517582679843 183933
1655952517989264023 206174
1655952518289184430 99510
1655952518600337525 101676
1655952518816997150 15406
1655952519101810742 24623
1655952519395303543 93084
1655952519785131896 189400
1655952520081618504 95999
1655952520389228524 95646
1655952520601750739 12080
1655952520895536341 18493
1655952521193015003 97048
1655952521489083719 95658
1655952521796804957 107323
1655952522090040731 92791
1655952522388169002 97653
1655952522679772278 91170
1655952522902334308 21208
1655952523193733393 16682
1655952523497089064 102930
1655952523786151977 88144
1655952524095603703 106697
1655952524388593897 92575
1655952524687881060 93279
1655952524909666261 21363
1655952525203644951 93568
1655952525501231269 97195
1655952525790723147 89071
1655952526093639170 102336
1655952526389088028 95042
1655952526683871282 93026
1655952526981092492 93788
1655952527278820240 95223
1655952527489584102 10341
1655952527793599265 103575
1655952528098494544 99824
1655952528496940801 106019
1655952528780791457 83229
1655952529006835381 25613
1655952529297442994 20401
1655952529598461816 100617
1655952529893571003 90844
1655952530186789435 92770
1655952530410275931 21234
1655952530697495297 19708
1655952531001998525 102357
1655952531291656518 88769
1655952531586360331 94013
1655952531878051263 91425
1655952532093364581 11886
1655952532305803014 12040
1655952532599448326 22405
1655952532889684185 88818
1655952533190204990 98919
1655952533490282661 95626
1655952533779702602 87834
1655952534000884265 20577
1655952534213539879 10371
1655952534501199239 23200
1655952534782414028 80811
1655952535004900295 21533
1655952535296199743 90612
1655952535594983512 97969
1655952535884199888 88177
1655952536182304134 96365
1655952536402795343 18979
1655952536701057850 96471
1655952536998027853 96555
1655952537295678000 93037
1655952537596661136 100233
1655952537894313255 97205
1655952538190709426 95979
1655952538481397640 89935
1655952538712244984 30126
1655952538981339360 68721
1655952539202573446 20804
1655952539486230971 83276
1655952539707872641 18978
1655952539918988463 9351
1655952540195929255 18827
1655952540489451173 93126
1655952540791468688 98442
1655952541089322440 94666
1655952541386936376 96022
1655952541605230182 17884
1655952541899301606 22264
1655952542202405334 102072
1655952542497519313 20469
1655952542798497668 100563
1655952543092711912 92972
1655952543395055938 101902
1655952543694314127 98853
1655952543995651159 100959
1655952544290502236 93971
1655952544584781032 83693
1655952544805394491 20333
1655952545099842643 22775
1655952545402699516 102181
1655952545689514012 86423
1655952545979543730 88212
1655952546199994423 19731
1655952546493704411 90984
1655952546887305095 192881
1655952547192914602 104204
1655952547489072972 93489
1655952547783975388 90310
1655952548001475128 17089
1655952548290152266 88141
1655952548591905961 88944
1655952548890227564 97911
1655952549187398620 89089
1655952549481643230 93850
1655952549708213644 26126
1655952549992466527 83846
1655952550283363540 89347
1655952550499103720 15310
1655952550793535156 90752
1655952551079871099 83303
1655952551302759321 19385
1655952551601269866 24187
1655952551896868307 94108
1655952552193161673 95875
1655952552413240963 18998
1655952552684191622 70536
1655952552985468521 100860
1655952553279791056 93160
1655952553500727415 20188
1655952553800227591 99069
1655952554087830326 87185
1655952554393695795 105461
1655952554692686406 98237
1655952554986502009 92802
1655952555287631275 100677
1655952555589595367 97045
1655952555889353944 95916
1655952556186206861 96436
1655952556411048133 24368
1655952556705554215 28500
1655952557001103296 95132
1655952557329013314 127458
1655952557541046589 11549
1655952557794678141 17604
1655952558085402379 90318
1655952558304693002 18010
1655952558599551437 22043
1655952558883731880 83150
1655952559105274483 20451
1655952559391848204 86164
1655952559681693932 85238
1655952559900494259 17239
1655952560179795132 78870
1655952560489948944 109693
1655952560790202011 12259
1655952561080344070 85976
1655952561303127419 21663
1655952561595801059 18724
1655952561893226503 94542
1655952562185688501 90333
1655952562495265671 100633
1655952562793581581 96488
1655952563082171836 88075
1655952563301407782 16966
1655952563595256988 93424
1655952563892175055 96492
1655952564288985906 196372
1655952564594757169 105320
1655952564897818389 98270
1655952565280050568 94024
1655952565495770900 15271
1655952565706484022 10279
1655952565995861381 88832
1655952566292632891 96099
1655952566588339785 94736
1655952566881411745 92015
1655952567184529201 102258
1655952567482821737 97578
1655952567704846385 21638
1655952567991337508 86102
1655952568299418527 107447
1655952568689906510 187245
1655952568994975786 104378
1655952569390407117 194996
1655952569696468066 105562
1655952569981345195 76786
1655952570215561738 33774
1655952570499083572 22028
1655952570793238667 93713
1655952571097310429 103054
1655952571392596969 90819
1655952571693062424 100049
1655952571910234275 16747
1655952572197610365 86918
1655952572584153588 184603
1655952572878902186 94344
1655952573097405787 18107
1655952573398109387 99591
1655952573693699373 94541
1655952573988036682 93918
1655952574287351972 98864
1655952574598112571 109314
1655952574894171146 95528
1655952575189415819 94765
1655952575411350733 21452
1655952575688347399 76549
1655952575993582772 104029
1655952576295858805 101814
1655952576588147066 91850
1655952576891925182 99688
1655952577181796477 89424
1655952577420891564 33839
1655952577693819834 72511
1655952577991905882 97639
1655952578292301698 99966
1655952578588768247 96008
1655952578886966573 91318
1655952579107019400 19433
1655952579403206516 95753
1655952579778711946 175059
1655952580078752748 99580
1655952580304475451 24945
1655952580590131988 85216
1655952580889824613 99221
1655952581185622665 92749
1655952581412589535 26511
1655952581788059455 109451
1655952582082749639 94267
1655952582308982641 25599
1655952582587703078 78293
1655952582886794884 94823
1655952583205171232 117286
1655952583498231179 92627
1655952583793290611 94024
1655952584097125913 103433
1655952584398481000 97518
1655952584699188745 100261
