1655952615542761307 515996
1655952615926288538 106959
1655952616333828049 192007
1655952616827726557 198503
1655952617244011862 209530
1655952617456223139 11784
1655952617920630573 191709
1655952618329557853 208616
1655952618744126039 214141
1655952619021265146 76515
1655952619342529850 119536
1655952619828479101 285538
1655952620224165124 194268
1655952620639618245 202665
1655952621136090462 206955
1655952621535345535 198833
1655952621837757279 13623
1655952622138461125 99760
1655952622633125603 212350
1655952623039750739 205748
1655952623538302606 201181
1655952624138658174 213197
1655952624638057034 298199
1655952624936376941 95238
1655952625241098414 102510
1655952625735134029 206064
1655952626330250973 309725
1655952626742677325 211201
1655952627227372684 196207
1655952627438204179 10420
1655952627830217736 189279
1655952628129088488 97777
1655952628421181187 90483
1655952628737658480 112647
1655952629241124819 302493
1655952629724646763 279731
1655952630229257870 207200
1655952630547008515 117011
1655952630930411413 110970
1655952631241763441 110225
1655952631923351683 401162
1655952632439630943 307926
1655952633023460122 378424
1655952633422098215 197169
1655952633739337129 116482
1655952634029213335 83330
1655952634424437757 193923
1655952634843598740 202604
1655952635331617211 287576
1655952635925834073 388856
1655952636421930746 294479
1655952636742786440 115396
1655952637034993241 91664
1655952638423992018 1187062
1655952638836324715 211395
1655952639330076162 282997
1655952639737958356 207456
1655952639956950414 18559
1655952640338529088 119098
1655952640642476406 103530
1655952640954191347 12459
1655952641331137007 111813
1655952641745855408 214289
1655952642143547992 124211
1655952642355745278 11756
1655952642736016412 116680
1655952643338660909 317650
1655952643726326916 186039
1655952643940754382 13977
1655952644419934330 200597
1655952644832278836 211471
1655952645325489337 288630
1655952645727295112 196144
1655952646230074243 290113
1655952646727561684 287496
1655952647026157296 96925
1655952647461189207 27811
1655952647746485785 27032
1655952648234468756 215139
1655952648720515068 282881
1655952648937957790 16746
1655952649324733652 186132
1655952649723194154 194258
1655952650043508682 119907
1655952650257760937 13807
1655952650643585943 124262
1655952650856460712 11526
1655952651326313630 203104
1655952651734117332 206923
1655952652225062415 288829
1655952652630500243 204346
1655952653124434149 286799
1655952653422364410 96318
1655952654724660310 1101867
1655952655147520439 222570
1655952655635354018 211091
1655952656022219845 100329
1655952656424864858 193057
1655952656740626598 115350
1655952656958155521 17106
1655952657341198752 121658
1655952657827373680 282414
1655952658323762251 295936
1655952658924037416 387231
1655952659233377902 108985
1655952659526019427 91695
1655952659924547539 198061
1655952660322087016 197024
1655952660638748383 116219
1655952660955793720 12941
1655952661428073687 208611
1655952661950142838 321644
1655952662336008089 116530
1655952662646867859 110399
1655952662941030208 93696
1655952663425066130 204114
1655952663841865120 215728
1655952664324771220 204699
1655952664837298446 299840
1655952665243825489 202630
1655952665461713487 13674
1655952665844633962 125301
1655952666327109618 282136
1655952666644083883 116536
1655952666929275403 84638
1655952667347944056 199025
1655952667827032197 207700
1655952668334379798 306904
1655952668841383394 302389
1655952669338561857 293546
1655952669824381890 284376
1655952670146017378 115021
1655952670436602503 17278
1655952670838798795 201347
1655952671238708615 195547
1655952671452741650 13612
1655952671741128177 21804
1655952672132444051 187438
1655952672724668630 297663
1655952673227730521 301301
1655952673638432675 209773
1655952674233426371 305801
1655952674733653611 292145
1655952675230364943 296266
1655952675623698647 178397
1655952675938514661 109718
1655952676332672317 113335
1655952676645940163 111457
1655952677023425926 104102
1655952678523058158 1298389
1655952678934587522 100649
1655952679234655619 93614
1655952679631229114 195440
1655952680133093365 298466
1655952680524141482 186247
1655952680820697488 95503
1655952681235797414 214282
1655952681636602857 200269
1655952681855094985 18125
1655952682221960185 102607
1655952682438043167 14658
1655952682938090945 299031
1655952683423898610 281336
1655952683831996158 207654
1655952684245682152 213258
1655952684521348711 68318
1655952684843313128 118206
1655952685242630010 198887
1655952685458354457 13806
1655952685839192616 119872
1655952686334164086 294146
1655952686823608684 278245
1655952687238338854 197781
1655952687540572869 96760
1655952687831887324 90430
1655952688246733109 214405
1655952688539042022 19714
1655952688941477036 202017
1655952689425385450 280408
1655952689747495010 121330
1655952690322643977 278899
1655952690542472870 19418
1655952690926586215 107256
1655952691332415432 205376
1655952691839250058 306199
1655952692420873527 379936
1655952692739607406 114673
1655952693144119828 120462
1655952693457254477 28144
1655952693742331073 23031
1655952694240024427 220694
1655952694743493440 303031
1655952695237683201 208620
1655952695831405883 393283
1655952696332759525 297227
1655952696742916378 204711
1655952697024411940 77377
1655952697429942955 205040
1655952697837344933 204406
1655952698339923755 302157
1655952698631706744 91205
1655952698939108374 106955
1655952699342258383 201921
1655952699835985928 291037
1655952700340500317 300905
1655952700823254732 278276
1655952701242996721 198070
1655952701458714237 15292
1655952701838770214 119295
