1656102881540760507 1092386666
1656102881746887059 5485770
1656102881951392541 4183409
1656102882155926034 3968880
1656102882360122936 4083120
1656102882564303428 3906090
1656102882767951831 3328110
1656102882972087093 3715640
1656102883176037166 3635440
1656102883379992288 3607180
1656102883584123690 3721660
1656102883788010763 3618870
1656102883992353535 4008690
1656102884196818257 3670009
1656102884401658509 4457339
1656102884607893712 4785770
1656102884813271034 4832250
1656102885018337335 4417090
1656102885223888228 5188860
1656102885432091560 7619129
1656102885637812422 5405880
1656102885843211724 4925389
1656102886049115467 4683800
1656102886254118199 4732160
1656102886458829871 4296510
1656102886664555513 5344359
1656102886870092936 5195360
1656102887076367447 5632730
1656102887281167620 4439729
1656102887486995443 4864980
1656102887691970225 4578940
1656102887897929937 5650060
1656102888105285029 3890889
1656102888313818651 6420599
1656102888523031753 7634109
1656102888731947205 8549249
1656102888939720187 6333279
1656102889148858869 8825659
1656102889355792101 6349890
1656102889565545404 7135280
1656102889774816865 6064189
1656102889987408347 11809039
1656102890197678708 8104949
1656102890416061700 6102560
1656102890629160931 11614319
1656102890843535823 10142090
1656102891056272644 10579829
1656102891272252286 9319859
1656102891486210717 11970139
1656102891697756089 9514279
1656102891908677291 5513499
1656102892117177493 5304999
1656102892326640485 5981820
1656102892537029977 6019070
1656102892745649809 5711530
1656102892953693061 6293010
1656102893162752763 6336560
1656102893371670625 6277600
1656102893580175387 7695380
1656102893788846679 8068189
1656102893996114761 6666139
1656102894203988963 7520209
1656102894428990644 23597708
1656102894649756855 19768968
1656102894862721916 9576729
1656102895078128918 12136889
1656102895290826029 11415819
1656102895501309772 10074069
1656102895705989164 4175460
1656102895909831926 3442140
1656102896115463908 4257179
1656102896329086010 8843570
1656102896539763771 10315068
1656102896750406463 10153979
1656102896960857435 7822020
1656102897168287747 4272870
1656102897374089490 5470710
1656102897580239531 5467459
1656102897784985254 4585430
1656102897990207596 4909129
1656102898195690628 4150629
1656102898401107360 4589739
1656102898605979612 4550359
1656102898814953464 8570979
1656102899019579206 4118359
1656102899224138039 3908080
1656102899429379861 4363950
1656102899634177413 4351070
1656102899838217086 3826560
1656102900045562238 6641509
1656102900251745750 5754940
1656102900458694572 5285799
1656102900664757894 4595829
1656102900869653116 3848289
1656102901074041799 4015730
1656102901279257391 3866850
1656102901485412563 5193349
1656102901693012805 5406089
1656102901901544927 7698819
1656102902109175879 7231719
1656102902316600521 5205109
1656102902523908743 6695729
1656102902730712545 5277899
1656102902939223287 7175509
1656102903147393260 7969080
1656102903355249751 7378910
1656102903564579363 6182689
1656102903771695145 6172169
1656102903980501597 6966349
1656102904186379370 5001030
1656102904400936511 7043179
1656102904607124793 5652419
1656102904815285125 6493899
1656102905027502427 9116289
1656102905234971919 5559520
1656102905443725151 7673780
1656102905657695402 4481780
1656102905863116794 5099719
1656102906068999676 5580389
1656102906275910518 5920009
1656102906486597240 9476089
1656102906694794092 6490749
1656102906902479175 6922200
1656102907110947576 7448939
1656102907319639628 7163959
1656102907528094471 8114170
1656102907738465862 9046239
1656102907950664884 10664739
1656102908164622445 9174689
1656102908377068467 7488329
1656102908580848190 3450060
1656102908785749682 4327630
1656102908990487074 4077230
1656102909194540216 3630790
1656102909400528268 5449409
1656102909606146321 4766590
1656102909811791823 5386870
1656102910020745815 8209849
1656102910226637737 5236950
1656102910433875669 5329910
1656102910638632531 4235939
1656102910845999334 4609830
1656102911052495926 5418930
1656102911259882208 6947260
1656102911467178650 6782480
1656102911674091592 6702699
1656102911880215204 5310059
1656102912087429827 6171330
1656102912293810809 4631000
1656102912499363271 4954280
1656102912706313993 6174899
1656102912914536335 7878909
1656102913120899267 5300759
1656102913326553979 5164269
1656102913533428722 5117459
1656102913746841803 12415879
1656102913954368446 4987700
1656102914162679548 5810820
1656102914371098300 6448550
1656102914580278422 5180880
1656102914789274233 5305719
1656102914994587546 4653900
1656102915202437078 7466789
1656102915407924240 4527790
1656102915621199971 9267089
1656102915826798133 5391669
1656102916033299215 4836819
1656102916239300048 5436260
1656102916444556660 4802459
1656102916650903622 4507289
1656102916857950785 5272080
1656102917063144447 4441590
1656102917268071639 4661679
1656102917480804350 8399299
1656102917686792113 5713620
1656102917893795295 6667979
1656102918104106966 5260339
1656102918324674517 17675048
1656102918544029388 17636838
1656102918760608090 15224529
1656102918970155402 8813360
1656102919180496913 7099759
1656102919385503716 4638040
1656102919591913778 5088999
1656102919797845170 5485819
1656102920003929863 5503070
1656102920212103315 7760699
1656102920420665206 8254629
1656102920627368319 6274850
1656102920833746720 4739249
1656102921043437523 9246240
1656102921248873105 4472100
1656102921453061367 3676429
1656102921660121519 6719169
1656102921868967001 6228369
1656102922079556773 6150870
1656102922291093525 9321269
1656102922501021497 8638330
1656102922712764329 9259530
1656102922922927590 7529709
1656102923136162042 10101079
1656102923342741194 6257870
1656102923549276206 3586929
1656102923754900918 3260789
1656102923958951281 3739360
1656102924163221703 3848750
1656102924367283596 3670250
1656102924571823298 4115320
1656102924776487781 4259140
1656102924980628203 3775420
1656102925184538556 3533230
1656102925388366248 3464390
1656102925592694430 3806860
1656102925799313852 5931349
1656102926015196434 14661839
1656102926230244795 13644960
1656102926442690026 11305530
1656102926653995588 10916349
1656102926862119170 7588879
1656102927071385383 8976380
1656102927281944934 6559729
1656102927491735456 5813949
1656102927698954608 5065329
1656102927907790670 6324489
1656102928114784872 5842879
1656102928324119084 5731119
1656102928531926216 7471349
1656102928745401168 10004659
1656102928954909489 8501010
1656102929165505792 8852010
1656102929375175174 8784279
1656102929585036175 6096359
1656102929795028837 9014269
1656102930002265876 6669719
1656102930211198381 8163099
1656102930425619072 9232779
1656102930633881405 5365830
1656102930844934396 5512559
1656102931053235288 6839459
1656102931262048880 7275699
1656102931469373973 6879530
1656102931676713095 6317639
1656102931886106397 4703990
1656102932093098559 6409770
1656102932300783911 7382540
1656102932507344013 5485419
1656102932714233485 5975709
1656102932921209657 6652670
1656102933129308899 7445669
1656102933337724881 8069968
1656102933546104503 6615710
1656102933754074106 7674650
1656102933962444627 8042679
1656102934172299519 8657820
1656102934379931821 6725959
1656102934587176673 6922140
1656102934794675246 5818150
1656102935002293548 6642049
1656102935211035490 8273100
1656102935422525772 11125949
1656102935630814214 6225679
1656102935841403046 10273279
1656102936055868117 9463759
1656102936265181199 8947719
1656102936470356952 4362020
1656102936675888464 4914590
1656102936881996486 5175130
1656102937090102138 5436369
1656102937297306390 6911229
1656102937504159751 6665089
1656102937715402504 9418719
1656102937923415446 6872220
1656102938130611418 6751099
1656102938337124390 5892649
1656102938547621942 7630479
1656102938754520525 6303210
1656102938962195916 7012909
1656102939169781998 4536989
1656102939375904361 4316630
1656102939583552223 7068040
1656102939792131144 5827359
1656102940000132916 6055530
1656102940208566039 7913800
1656102940415143711 5980860
1656102940624157663 7137760
1656102940832905855 8514000
1656102941042761816 9356329
1656102941254096098 9741029
1656102941465406300 10615699
1656102941673765842 7338769
1656102941894937513 16293848
1656102942105535005 8138179
1656102942314461627 8195140
1656102942526159168 10675189
1656102942737456700 10065899
1656102942948126342 9740939
1656102943153566744 5182089
1656102943368261565 13598659
1656102943581280037 12174039
1656102943791941629 8474160
1656102944001647621 7245170
1656102944215939022 9598369
1656102944431348124 12323219
1656102944640636015 8839759
1656102944850157537 7759419
1656102945057526479 6704029
1656102945265023432 5812490
1656102945473034513 5497679
1656102945679588706 4332320
1656102945886467918 6434350
1656102946091935630 5092009
1656102946298903352 6014329
1656102946507009204 7643839
1656102946722689125 13559699
1656102946937549387 8846479
1656102947146963249 7528359
1656102947358937000 8211009
1656102947568925062 6528139
1656102947779054744 7511469
1656102947986167756 5405639
1656102948198686468 11266139
1656102948407153780 4491060
1656102948615078442 7673860
1656102948828689244 12474519
1656102949038019415 8608869
1656102949246823437 3805979
1656102949455159809 7503509
1656102949660283152 4277630
1656102949864757314 3852349
1656102950069198446 4058909
1656102950273602468 4197899
1656102950477765211 3825780
1656102950681767823 3555649
1656102950886089796 3682100
1656102951092279858 4883770
1656102951302868380 9970690
1656102951514172162 10774200
1656102951724618863 10218749
1656102951943229824 16840968
1656102952154211666 9819299
1656102952370639107 13252620
1656102952583073539 5141590
1656102952787530771 4133669
1656102952992253563 4419160
1656102953198351375 5956860
1656102953405184048 6409970
1656102953612130619 6033709
1656102953819360732 4962370
1656102954026003004 4879460
1656102954231975536 5116129
1656102954438288608 4686129
1656102954644695450 5167230
1656102954851679443 5266429
1656102955057102516 5111700
1656102955263025457 4329199
1656102955467874299 4385960
1656102955673786852 5685640
1656102955882391184 7271539
1656102956087016915 4296720
1656102956291346758 3912130
1656102956496851960 5086359
1656102956701134063 3857650
1656102956905195306 3800170
1656102957110000207 4417439
1656102957315248391 4826060
1656102957520120573 4399850
1656102957725810415 4354940
1656102957930299377 3878239
1656102958135877480 4866370
1656102958340998101 4588769
1656102958545812464 4389489
1656102958750923277 4788990
1656102958955375189 4098830
1656102959160005070 3909359
1656102959364656903 4311450
1656102959569413106 4390980
1656102959773675108 3850300
1656102959979028160 4905769
1656102960184174492 4766690
1656102960388650155 4240670
1656102960593009697 3958340
1656102960797180229 3796709
1656102961002415002 4964810
1656102961220770493 17042088
1656102961430208775 8760779
1656102961645025117 11633910
1656102961854241748 8863930
1656102962074412769 17952138
1656102962287227359 8641699
1656102962499005403 6620090
1656102962710030994 10632429
1656102962920127317 9739840
1656102963132933118 7107889
1656102963340975980 7596419
1656102963547838532 6435379
1656102963755179844 7125829
1656102963961603966 5838389
1656102964165930419 3895350
1656102964370391801 4124190
1656102964574264913 3552599
1656102964778096056 3408750
1656102964982810318 3783150
1656102965190679000 7037829
1656102965397214912 5795970
1656102965604406804 6646440
1656102965820034346 14773609
1656102966028865137 8383699
1656102966239084639 8697859
1656102966444540941 3548259
1656102966649223214 4182980
1656102966853254186 3576150
1656102967058410378 4668460
1656102967266925810 6516709
1656102967475722802 7334499
1656102967686437204 9817819
1656102967898755336 11752600
1656102968108838347 8230879
1656102968327660088 15176318
1656102968539933540 11953219
1656102968749074732 8589619
1656102968959309483 8975439
1656102969168737635 7356859
1656102969377165357 7498219
1656102969582072040 4632030
1656102969786357272 3908760
1656102969990585194 3500579
1656102970194843557 3925650
1656102970399386049 4187780