1619468347471091622 2220
1619468347475431531 1326
1619468347571585972 3587
1619468347628427234 1966
1619468347713587514 2063
1619468347754607284 198
1619468347784719523 1585
1619468347894236100 1651
1619468348069194960 2511
1619468348088882164 2400
1619468348121866253 178
1619468348129174026 1864
1619468348213897106 1855
1619468348239915346 2343
1619468348294002322 1269
1619468348296288333 230
1619468348310720398 1267
1619468348591358107 1921
1619468348698546315 1873
1619468348876525859 1574
1619468348941835693 2904
1619468348972762273 2248
1619468349062305715 2312
1619468349204855323 1535
1619468349215890685 1631
1619468349338286421 2473
1619468349350294392 1758
1619468349680885533 1754
1619468349684453933 1467
1619468349805987498 2133
1619468349821224300 1902
1619468349906136937 1493
1619468349909804984 1600
1619468349925599718 2007
1619468349974239198 1409
1619468350040527005 1994
1619468350071704328 2595
1619468350183684711 2086
1619468350278573356 1431
1619468350319775498 1549
1619468350478442332 1282
1619468350602924334 2125
1619468350668327446 2348
1619468350683659301 1915
1619468350726893991 2078
1619468350754019294 2252
1619468350761591372 1624
1619468350772248425 1488
1619468350821483863 1240
1619468350983856254 2388
1619468351043644189 241
1619468351092422224 2121
1619468351161392918 1529
1619468351271299227 1598
1619468351376780483 1596
1619468351404880531 1799
1619468351961291946 1745
1619468352089659320 1919
1619468352129692296 2016
1619468352162191471 1901
1619468352219438804 2325
1619468352234545918 1431
1619468352252301808 225
1619468352328410361 1216
1619468352371010221 2147
1619468352409356445 1848
1619468352431586801 1710
1619468352453221195 168
1619468352522362842 262
1619468352534031945 1685
1619468352566940681 1264
1619468352648763191 1656
1619468352690810507 1938
1619468352838448163 3423
1619468353017619282 1553
1619468353090311082 1566
1619468353216823416 1589
1619468353300415569 1807
1619468353316282492 2251
1619468353364351687 1511
1619468353386026397 1850
1619468353467071084 1803
1619468353481860763 1922
1619468353519901991 1662
1619468353558830430 1225
1619468353691823254 1474
1619468353717640975 1239
1619468353726056788 1511
1619468353876642041 1442
1619468353903419677 1675
1619468353992416577 1627
1619468354078825909 1558
1619468354115114273 1362
1619468354246689185 1800
1619468354257537643 1608
1619468354269371942 2413
1619468354304548731 1659
1619468354437657684 1983
1619468354504415278 1561
1619468354533138939 1753
1619468354536634643 1419
1619468354546959202 246
1619468354665097006 1797
1619468354744770136 1198
1619468354830371767 2975
1619468354842739989 2473
1619468354883945108 1898
1619468354895155971 1884
1619468354981657441 2496
1619468355036802766 1827
1619468355040562516 1666
1619468355056532203 2338
1619468355147215471 2027
1619468355191720317 1386
1619468355240484827 203
1619468355248120408 1548
1619468355251816614 1618
1619468355258153850 209
1619468355361187864 2116
1619468355453872922 2227
1619468355560811450 1458
1619468355614867615 1891
1619468355630526182 2223
1619468355689496956 1512
1619468355693475182 1876
1619468355840063024 1669
1619468355851281418 1181
1619468355888527097 1777
1619468355924125008 1753
1619468356106304257 1977
1619468356109805604 1463
1619468356352859491 2059
1619468356400275866 1556
1619468356417203551 185
1619468356521627792 1377
1619468356696322924 3446
1619468356921794786 1547
1619468356967608502 1818
1619468356971129221 1467
1619468357034566228 1961
1619468357317791365 1684
1619468357328625757 1099
1619468357365857313 2272
1619468357391828215 1260
1619468357427148466 1469
1619468357544681028 1837
1619468357559505923 1642
1619468357774104265 2296
1619468357793175352 1485
1619468357880568074 1254
1619468357927976217 1624
1619468358089367666 1738
1619468358112697376 1649
1619468358221013053 1843
1619468358480468680 255
1619468358530624711 1602
1619468358570629805 203
1619468358631640521 1878
1619468358703185409 1335
1619468358740007944 2485
1619468358756403018 1947
1619468358842372864 1785
1619468358951934344 1510
1619468359063442138 1461
1619468359196629934 2195
1619468359225807781 1672
1619468359365745383 1387
1619468359384810880 1801
1619468359415646138 2730
1619468359430658050 1449
1619468359455129399 1415
1619468359516740869 1402
1619468359580998193 1308
1619468359599091465 1709
1619468359605688819 2245
1619468359742463564 1587
1619468359765853329 1972
1619468359842248143 1932
1619468359931300146 1728
1619468359972464736 1375
1619468359987846791 1602
1619468360010900568 2153
1619468360064749895 2123
1619468360199438298 1949
1619468360211407317 1772
1619468360242266553 1779
1619468360354368196 1712
1619468360399406558 1310
1619468360423663996 1520
1619468360457121042 1757
1619468360460700679 1513
1619468360508301311 256
1619468360574365322 1398
1619468360643872463 1858
1619468360901506320 2019
1619468360928440388 1899
1619468360950828902 3529
1619468361007561709 1702
1619468361179929377 2783
1619468361195846333 1477
1619468361259745869 2397
1619468361320269752 2181
1619468361402967239 190
1619468361433850943 1572
1619468361441130080 1840
1619468361479244288 2690
1619468361595592817 1442
1619468361662881487 1374
1619468361723223983 1647
1619468361960714271 1750
1619468362006571306 1526
1619468362155630661 4366
1619468362208349246 2356
1619468362268106501 2123
1619468362303798266 1902
1619468362341733493 2019
1619468362359996567 1359
1619468362395729515 3953
1619468362614873122 1296
1619468362735980335 2082
1619468362839386077 3353
1619468362914994258 1841
1619468362937534769 1238
1619468362948117947 1704
1619468363017987415 1449
1619468363269607010 1351
1619468363394394778 2117
1619468363441839916 3009
1619468363487298475 182
1619468363609202113 1898
1619468363616525497 1712
1619468363641698324 2163
1619468363658973941 1325
1619468363756311798 1984
1619468363824743577 1514
1619468364102100571 2185
1619468364248561764 2201
1619468364294372467 2077
1619468364318118426 207
1619468364399397514 1590
1619468364446517397 1559
1619468364452477061 235
1619468364618955788 1272
1619468364703665259 1902
1619468364728845792 1377
1619468364765606776 1211
1619468364788614778 1736
1619468364902476183 1971
1619468364994536585 1525
1619468365021822923 1431
1619468365341100447 1801
1619468365386422060 1951
1619468365480229794 1828
1619468365505863018 1973
1619468365517338937 1578
1619468365560091993 1660
1619468365744263877 1286
1619468365755675295 1732
1619468366054932204 2007
1619468366068329917 1925
1619468366121615973 1683
1619468366282969066 1482
1619468366299318640 2855
1619468366329459145 1746
1619468366349804114 1860
1619468366396805502 1947
1619468366423319606 1252
1619468366688266400 1912
1619468366757346085 1427
1619468366760975985 1583
1619468366963918947 1317
1619468367016937074 1473
1619468367087115733 2251
1619468367097632181 1556
1619468367132000583 2291
1619468367234541193 1626
1619468367244508477 4001
1619468367518907211 1290
1619468367621483388 3207
1619468367750927097 1488
1619468367921658142 1380
1619468367965163435 1595
1619468367969132007 1923
1619468367972655466 1427
1619468367995652228 1732
1619468368003123891 1818
1619468368049702368 1754
1619468368123409759 1959
1619468368127135169 1679
1619468368137435833 1186
1619468368236077022 1359
1619468368284227769 1720
1619468368334387919 1996
1619468368383625121 1302
1619468368456237380 2145
1619468368462274807 212
1619468368496442683 222
1619468368521135862 1824
1619468368621139751 1400
1619468368628533315 1794
1619468368676799161 2281
1619468368727308683 1791
1619468368738389737 1811
1619468368806083881 1863
1619468368891375498 1792
1619468368895783155 2363
1619468368911632614 218
1619468369014503696 1698
1619468369016771706 189
1619468369141123342 1867
1619468369159921614 2264
1619468369265434509 1933
1619468369289436154 1942
1619468369303961519 1058
1619468369322586623 1847
1619468369380641666 1754
1619468369453000231 1962
1619468369481240879 2545
1619468369531533112 1851
1619468369545371940 1899
1619468369619506255 1573
1619468369638409564 1415
1619468369676539570 2028
1619468369688723378 1602
1619468369911843431 1334
1619468369915589795 1633
1619468370021268240 1537
1619468370078449123 254
1619468370089651279 1621
1619468370120279263 2241
1619468370257974785 2097
1619468370409111595 1942
1619468370485649589 1849
1619468370537967679 1786
1619468370541512228 1512
1619468370577499097 288
1619468370600266037 1814
1619468370618407564 1435
1619468370791290911 1499
1619468370897151931 1358
1619468370908048611 1185
1619468370928382334 1917
1619468371074476626 1670
1619468371103566055 1599
1619468371117807759 1533
1619468371177026206 1779
1619468371198165034 2416
1619468371213593209 1934
1619468371229652772 1606
1619468371249597591 205
1619468371450965478 1755
1619468371473835669 1659
1619468371601165101 2049
1619468371605192900 1986
1619468371633019284 1618
1619468371663225500 2012
1619468371825347021 2090
1619468371873982043 2803
1619468371999783837 1781
1619468372020364180 1371
1619468372262036537 1753
1619468372315331523 2004
1619468372356108920 1340
1619468372437307490 1637
1619468372525561310 1752
1619468372556786678 2051
1619468372601392463 2185
1619468372668864023 1694
1619468372710192880 1696
1619468372758461319 172
1619468372942815662 2104
1619468372993004081 2040
1619468373145725169 1320
1619468373229633304 1757
1619468373467270176 1553
1619468373480847781 1908
1619468373577438418 1704
1619468373581230117 1718
1619468373714392301 2452
1619468373733637751 1739
1619468374023407551 1330
1619468374223505195 1383
1619468374253217874 1859
1619468374345454521 1466
1619468374443270733 1959
1619468374446986812 1555
1619468374476417962 1891
1619468374523346625 1365
1619468374601616590 1967
1619468374656461011 1743
1619468374678229513 1403
1619468374846191205 1500
1619468374853603293 1572
1619468374882572535 1402
1619468375009663216 1547
1619468375072575914 1454
1619468375206280108 185
1619468375498421296 1473
1619468375547746671 171
1619468375567484417 1441
1619468375571293118 1727
1619468375636943830 210
1619468375696845624 1609
1619468375787518738 2000
1619468375855667643 1506
1619468375904896603 1861
1619468375971195112 2025
1619468376046707420 2072
1619468376050456767 1717
1619468376082974730 1643
1619468376129586745 1351
1619468376287536863 1468
1619468376307630919 1694
1619468376414529088 1871
1619468376466750478 1548
1619468376474412799 1780
1619468376491768414 173
1619468376520113499 1629
1619468376562815937 1746
1619468376588660079 1537
1619468376717955611 1207
1619468376757282062 1703
1619468376946163922 1652
1619468376953185915 1661
1619468376991079431 1939
1619468377048939661 1314
1619468377080505712 2221
1619468377087702958 1635
1619468377233007083 1644
1619468377255652851 1518
1619468377282984826 2188
1619468377440358722 1605
1619468377448155848 1576
1619468377488257295 2550
1619468377605217793 1704
1619468377617084179 2005
1619468377711555788 1418
1619468377760202964 1702
1619468378109383254 1505
1619468378223814997 1944
1619468378243362709 1625
1619468378376903079 1478
1619468378383893048 1335
1619468378469616091 1578
1619468379098189322 220
1619468379192477113 1675
1619468379269573352 2004
1619468379279230377 1617
1619468379307189374 1895
1619468379391872207 1909
1619468379425870055 2365
1619468379507415355 1681
1619468379523498952 1829
1619468379565190648 1615
1619468379647549885 1516
1619468379745632471 1394
1619468379790765444 2450
1619468379829512443 1354
1619468379916482983 1064
1619468379983988932 1415
1619468380007635191 2034
1619468380199939497 189
1619468380284873715 1603
1619468380437999323 1707
1619468380449465324 2016
1619468380503043795 1966
1619468380583189427 1566
1619468380607681166 1597
1619468380831612583 1364
1619468380936231259 1616
1619468380947171151 1438
1619468381158850987 1830
1619468381329869274 1302
1619468381405550962 2013
1619468381532823111 2838
1619468381563500893 1990
1619468381615915850 2335
1619468381669333860 1463
1619468381718727647 1482
1619468381725717249 2489
1619468381811961061 1616
1619468381876756027 1895
1619468381958546938 1971
1619468381962402670 1802
1619468382212675931 1517
1619468382512959767 1748
1619468382577616955 290
1619468382604607865 1597
1619468382733627288 1499
1619468382953643012 1638
1619468382993731768 1762
1619468383044360649 1502
1619468383062333717 2019
1619468383180057542 2190
1619468383311246934 240
1619468383357177429 1868
1619468383428770723 1440
1619468383667015886 1744
1619468383686546439 1942
1619468383759066599 1985
1619468383796968231 1709
1619468383889389616 2282
1619468383916316222 1601
1619468384086359251 1471
1619468384144368675 1287
1619468384230793074 315
1619468384376907979 1419
1619468384423834039 2191
1619468384464456392 1586
1619468384593976569 1306
1619468384925902088 1464
1619468384933633272 1640
1619468384940935195 1539
1619468384968981320 1724
1619468385144653856 1845
1619468385197869742 1597
1619468385240174038 2167
1619468385286476406 224
1619468385356132277 1373
1619468385451626527 2326
1619468385578596587 1701
1619468385686795577 1967
1619468385728260310 1867
1619468385932812718 1276
1619468385976897958 1589
1619468385998898210 1293
1619468386051673506 2786
1619468386130681411 1725
1619468386188072859 1657
1619468386218049749 1627
1619468386482781102 1645
1619468386551639829 1722
1619468386799475332 2212
1619468386842906614 2337
1619468386907072014 1691
1619468386928825417 1144
1619468386932943559 2066
1619468386977632713 1855
1619468387026986373 207
1619468387064646202 1718
1619468387103206333 1710
1619468387131142286 2076
1619468387145159481 1418
1619468387309173372 1435
1619468387414285205 1541
1619468387522584350 1913
1619468387563214649 1294
1619468387704389622 1935
1619468387816789044 1636
1619468387845718223 1262
1619468388038929280 2084
1619468388260906440 1790
1619468388268490979 1606
1619468388272773182 2232
1619468388290014006 1335
1619468388362724397 1886
1619468388381730142 2206
1619468388690338406 1461
1619468388745161913 1664
1619468388783760316 1437
1619468388847609594 1295
1619468388883035476 246
1619468388902461157 2416
1619468389100867011 1521
1619468389193706048 1287
1619468389218421949 1323
1619468389249499408 1678
1619468389266689063 2089
1619468389413780995 1898
1619468389465081355 1589
1619468389472754558 1236
1619468389576281042 1929
1619468389795819129 1408
1619468389896871321 2141
1619468389926389180 1611
1619468389943124649 1631
1619468390027075319 182
1619468390062915590 1740
1619468390075966130 1566
1619468390087193344 1339
1619468390090845634 1547
1619468390207593713 1338
1619468390242426952 1621
1619468390425482921 3706
1619468390437139256 1877
1619468390498378166 1784
1619468390502172351 1745
1619468390622496409 1536
1619468390634374290 2319
1619468390642399644 2138
1619468390656092909 2008
1619468390742616750 1677
1619468390842612286 2156
1619468390935009565 1322
1619468391061871104 1378
1619468391150790139 1399
1619468391165225194 1636
1619468391181343361 1307
1619468391293540963 1945
1619468391326849940 2036
1619468391416023035 204
1619468391421249962 3137
1619468391538983661 1814
1619468391643559305 2423
1619468391709456124 1316
1619468392122459536 1912
1619468392141029963 1560
1619468392241455518 1553
1619468392329334716 1784
1619468392389029184 2313
1619468392439729694 2025
1619468392527779701 1320
1619468392566948118 1519
1619468392738452795 1713
1619468392756624373 2011
1619468392879401149 2190
1619468392894382299 1756
1619468392927137336 1618
1619468393071259779 1620
1619468393082713917 1649
1619468393086393090 1636
1619468393090707003 2271
1619468393180696918 1401
1619468393216476183 1355
1619468393239240193 1754
1619468393250271744 1623
1619468393277732026 1937
1619468393295573440 1469
1619468393329778989 1396
1619468393342358804 1825
1619468393407778177 262
1619468393475147931 1572
1619468393586372120 1424
1619468393686474962 2845
1619468393696375133 1460
1619468393745334963 1835
1619468393845626194 1601
1619468393921362644 1717
1619468393993961281 210
1619468394030737886 1686
1619468394041514058 1642
1619468394267834060 1328
1619468394300074562 1968
1619468394344323875 1858
1619468394471760366 2086
1619468394543130674 1263
1619468394567652864 1583
1619468394671498025 1703
1619468394735942284 1822
1619468394822860914 1925
1619468394829954852 1624
1619468394932596434 1736
1619468395007368282 1534
1619468395041522312 2257
1619468395075687718 1788
1619468395175573543 1563
1619468395213571281 1504
1619468395289506196 1838
1619468395304380026 1454
1619468395744983967 1702
1619468396037950800 2300
1619468396193972476 1668
1619468396213328638 2313
1619468396280798760 1442
1619468396321124300 211
1619468396449750311 1689
1619468396489712118 1533
1619468396524344656 2211
1619468396784922272 236
1619468396841715432 5218
1619468396915734873 1664
1619468397036219828 1813
1619468397095351025 1440
1619468397129719116 1730
1619468397160272202 1288
1619468397253627252 1427
1619468397363156587 2290
1619468397413735601 3470
1619468397592227821 1586
1619468397640717039 1389
1619468397664608234 1417
1619468397706386899 1466
1619468397787802664 1935
1619468397853003738 1671
1619468397901902815 1450
1619468398021005866 2403
1619468398086741362 197
1619468398113589007 1968
1619468398275803247 1902
1619468398414183134 1762
1619468398417931050 1696
1619468398711917945 1480
1619468398778284935 1923
1619468398802926594 2190
1619468398812826418 1879
1619468398911704811 1617
1619468398922939220 1804
1619468398973795522 1500
1619468398980296051 2087
1619468399020673428 2043
1619468399094759331 1409
1619468399115991385 1884
1619468399148607316 1867
1619468399169388696 1333
1619468399195502071 1840
1619468399371027282 1749
1619468399466534396 1450
1619468399585495382 1807
1619468399635931590 1417
1619468399716461995 187
1619468399753430767 1631
1619468399782720075 1805
1619468399823261418 1284
1619468399837444586 2542
1619468399870911921 1461
1619468400027069749 1937
1619468400038594100 1714
1619468400073945486 1525
1619468400133564574 1783
1619468400170495038 1711
1619468400194532110 3503
1619468400312806484 1379
1619468400367758843 1806
1619468400500800689 1804
1619468400546164250 2038
1619468400575805837 1647
1619468400603108603 1952
1619468400672063849 2671
1619468400697087466 185
1619468400715391863 3418
1619468400719045591 1592
1619468400765430439 1584
1619468400797094355 2299
1619468400808346825 1387
1619468400872598407 2241
1619468400950721964 1860
1619468400994587388 2204
1619468401013421657 1434
1619468401174634029 2104
1619468401199991144 1847
1619468401203405398 1372
1619468401266947815 1896
1619468401288463514 1649
1619468401344790991 1681
1619468401371569888 1801
1619468401454376166 1371
1619468401457966064 1520
1619468401548698382 1694
1619468401710678167 1906
1619468401769285886 2312
1619468401827623495 1748
1619468401960515553 1580
1619468401963823843 1267
1619468402111559892 2161
1619468402261440115 1508
1619468402307853033 2121
1619468402412325398 1405
1619468402471881263 1444
1619468402479501010 1690
1619468402603439894 1666
1619468402673273264 1599
1619468402782370335 1463
1619468402838174684 2711
1619468402875344459 1474
1619468402878964612 1509
1619468402883112985 2077
1619468402915165072 1830
1619468402949575158 3085
1619468402953258490 1650
1619468403011700825 1375
1619468403042029164 1533
1619468403115972121 1414
1619468403141757348 2067
1619468403203316765 1550
1619468403249678978 1457
1619468403305318532 1563
1619468403338016093 2932
1619468403447454290 2525
1619468403454608130 2809
1619468403560280865 1195
1619468403856282534 1612
1619468403938200807 1371
1619468403981737932 1843
1619468404036448331 1768
1619468404082673073 1770
1619468404224256803 1448
1619468404415282651 1579
1619468404458799484 1575
1619468404493598178 1987
1619468404583908930 2275
1619468404623253799 1335
1619468404807415805 2401
1619468404811764420 2144
1619468404816391762 2522
1619468404836935753 2782
1619468404927886317 1588
1619468404971033947 1444
1619468405071629256 1501
1619468405148381818 1393
1619468405152248941 1821
1619468405216064226 1695
1619468405360280971 1626
1619468405377649501 1911
1619468405412021580 1346
1619468405533276659 1638
1619468405586720399 2019
1619468405682005012 1653
1619468405780305263 1763
1619468405823953233 1497
1619468405871707050 2421
1619468405883719348 1832
1619468405887960338 2097
1619468406015204892 2162
1619468406018937400 1668
1619468406079026762 2535
1619468406123482335 1685
1619468406269057622 1645
1619468406312954454 3003
1619468406316948223 1962
1619468406326445390 3495
1619468406373727727 1595
1619468406597659535 1928
1619468406623281095 1606
1619468406632963323 1517
1619468406678417554 1883
1619468406700921276 1234
1619468406742541430 1559
1619468406751462144 1722
1619468406780620831 2268
1619468406897752926 1605
1619468407108003133 1768
1619468407203261145 1726
1619468407340521272 2809
1619468407458834907 1630
1619468407461126097 193
