1619468623284815700 1684
1619468623437814169 194
1619468623453558301 1846
1619468623546859736 250
1619468623611383257 1708
1619468623670798280 2025
1619468623720646318 1671
1619468623748624350 1985
1619468623756085289 2058
1619468623770985598 1586
1619468623867684344 188
1619468623942317305 2398
1619468623952337142 214
1619468623991925410 1676
1619468624041931410 2626
1619468624201106878 2008
1619468624228436888 1878
1619468624400440395 2518
1619468624509325374 1831
1619468624514098686 2739
1619468624654259706 1546
1619468624664582428 2338
1619468624668155581 1497
1619468624774809980 1523
1619468624974817623 199
1619468625017054138 2585
1619468625078284813 1534
1619468625208700256 1646
1619468625259166360 1960
1619468625587869313 2230
1619468625684262016 1469
1619468625849040833 1737
1619468625907179616 2195
1619468625933382680 1950
1619468626085544632 2171
1619468626105382109 1707
1619468626155396576 1650
1619468626310288516 1579
1619468626364540471 2155
1619468626394888857 2067
1619468626500415336 2082
1619468626584704983 1593
1619468626704675589 1957
1619468626797576740 1663
1619468626804806922 1945
1619468626843299892 1578
1619468626881589864 1651
1619468626952133932 1254
1619468626984884712 2192
1619468627067681792 223
1619468627096049293 1809
1619468627190996094 1593
1619468627237820725 1771
1619468627292928733 1542
1619468627458744955 1479
1619468627464975337 185
1619468627473131429 1706
1619468627684593489 4239
1619468627764267257 1874
1619468627874063217 2037
1619468627932585660 1496
1619468628066352353 1454
1619468628112520748 2375
1619468628170874115 1570
1619468628186303183 1720
1619468628233580142 2156
1619468628438370352 1395
1619468628445937653 1761
1619468628646192200 2132
1619468628669052944 1508
1619468628932584781 1678
1619468628974070458 1645
1619468628985304954 1725
1619468629167746280 1561
1619468629179016450 1712
1619468629291180209 1411
1619468629321294980 1699
1619468629345710384 2041
1619468629428666982 1786
1619468629439877130 1505
1619468629459928029 2349
1619468629588863343 1990
1619468629603490908 1200
1619468629611335449 2322
1619468629691511223 1645
1619468629698415331 1476
1619468629745401100 1542
1619468629749141743 1714
1619468629756331808 1216
1619468629837695682 1913
1619468629862586484 1859
1619468630144287343 2162
1619468630159157317 1860
1619468630182917387 241
1619468630270404884 1808
1619468630357699442 1679
1619468630379330639 3451
1619468630424377322 1527
1619468630442144457 199
1619468630487958648 1929
1619468630495394621 1531
1619468630593705344 1268
1619468630731110452 1685
1619468630778655273 1595
1619468630881215545 2155
1619468630951899547 1431
1619468631169284149 1954
1619468631192505165 1823
1619468631251858706 1985
1619468631273434059 1633
1619468631544851440 1427
1619468631557820859 3275
1619468631579226609 1861
1619468631645632589 1600
1619468631656852562 1776
1619468631680974461 1590
1619468631688709136 1597
1619468631744125569 2199
1619468631847632478 2120
1619468631867360489 1758
1619468631906480927 1607
1619468631950298114 2094
1619468632329118933 2688
1619468632355858709 1974
1619468632397443153 1962
1619468632477490880 1750
1619468632481584329 2043
1619468632551278927 3139
1619468633020350480 2318
1619468633177392041 1852
1619468633232023943 1815
1619468633249238826 1476
1619468633306796913 1729
1619468633353345232 1559
1619468633356914100 1498
1619468633424091686 1510
1619468633529616590 1815
1619468633533464303 1807
1619468633727997482 1587
1619468633766146352 2434
1619468633788353339 1696
1619468633845925839 2074
1619468633875566456 1639
1619468633890339589 1736
1619468633905109836 1358
1619468633989977978 1441
1619468633993754463 1686
1619468634149259860 1898
1619468634189251686 1674
1619468634201005764 1730
1619468634280507231 242
1619468634383482114 189
1619468634407519279 204
1619468634445257559 1662
1619468634449057760 1689
1619468634465044021 1337
1619468634549476469 1829
1619468634630296728 1305
1619468634700227539 2152
1619468634836649828 1910
1619468634846423431 2384
1619468634925079981 1820
1619468634972148800 216
1619468634983857009 2082
1619468635000197334 2737
1619468635010065102 1662
1619468635048161398 1530
1619468635081906070 1762
1619468635111292308 2078
1619468635155117327 1601
1619468635217941550 1564
1619468635220170065 183
1619468635293918187 1849
1619468635531355244 1555
1619468635929072533 1336
1619468635936813925 1807
1619468636429990658 1678
1619468636504719607 258
1619468636539386602 1929
1619468636573014640 2337
1619468636687994246 1732
1619468636732278718 227
1619468636753044845 1663
1619468636773554870 1239
1619468636889658511 1911
1619468637454237634 166
1619468637495353545 1782
1619468637582528269 205
1619468637708143414 4056
1619468637741383799 1934
1619468637792224283 1643
1619468637934802388 188
1619468637966707711 2305
1619468638021810593 1326
1619468638103323537 1489
1619468638126363831 2425
1619468638149717255 1612
1619468638241436010 219
1619468638243672607 208
1619468638255901168 2325
1619468638318637067 1965
1619468638329490551 1633
1619468638502492085 1585
1619468638513050942 2141
1619468638542418058 1663
1619468638707944487 1917
1619468638788899699 1793
1619468638953380390 2172
1619468639234392341 1901
1619468639341169484 3192
1619468639391349154 1976
1619468639410804778 2079
1619468639532663092 2186
1619468639657467647 2367
1619468639769216685 1957
1619468639818802807 213
1619468639825935975 1276
1619468639855243549 170
1619468639916897752 188
1619468639935183525 2163
1619468639958934634 2022
1619468640102864492 1878
1619468640148174752 1368
1619468640333318198 2313
1619468640384664889 2181
1619468640442854233 1717
1619468640656094754 1987
1619468640673008984 2144
1619468640746856160 1510
1619468640770166311 1725
1619468641068178955 2535
1619468641085656673 1945
1619468641220353418 2245
1619468641309871865 1979
1619468641372128388 1538
1619468641394816412 1653
1619468641422211229 1942
1619468641455352337 1574
1619468641480875617 2084
1619468641550606348 2386
1619468641610241998 1551
1619468641623954132 2190
1619468641631723980 2234
1619468641654396697 269
1619468641683071181 254
1619468641790942008 1471
1619468642359568270 1642
1619468642373570288 1308
1619468642457691350 1799
1619468642540560526 1825
1619468642637650703 2024
1619468642811190083 1637
1619468642822407556 1348
1619468642906520272 2150
1619468642974345691 1848
1619468643029855094 194
1619468643033950379 1931
1619468643157130175 2148
1619468643208952548 2077
1619468643254574503 156
1619468643280463729 1621
1619468643333175643 1971
1619468643359097350 1519
1619468643514847923 1716
1619468643544242560 162
1619468643567726986 1374
1619468643579770277 1540
1619468643617841774 1507
1619468643705361225 220
1619468643712971482 1697
1619468643744121909 1403
1619468643807496677 1640
1619468643831375287 1878
1619468643851403056 2165
1619468643934249507 1689
1619468644155010092 1563
1619468644231866775 1548
1619468644379819361 245
1619468644390635332 1744
1619468644397659173 1574
1619468644413361560 1946
1619468644474352335 1553
1619468644655661703 1829
1619468644665452122 1582
1619468644824997061 1825
1619468644833800546 1531
1619468644976998478 1661
1619468645111390321 1702
1619468645181677389 2057
1619468645403136794 1709
1619468645441499595 1815
1619468645582689951 3763
1619468645617513677 1715
1619468645648628673 2224
1619468645697424448 1149
1619468645776251488 1436
1619468645800406960 2091
1619468645812324072 2174
1619468645857670344 2235
1619468646146880780 1903
1619468646372077966 2233
1619468646389715419 1951
1619468646407197373 1660
1619468646417799927 184
1619468646508899763 1646
1619468646615769479 309
1619468646726027883 1555
1619468646814769642 1394
1619468646882952369 1896
1619468646903254074 2449
1619468646977131972 2389
1619468646992225808 1942
1619468647144628558 1768
1619468647427555388 286
1619468647522626646 1820
1619468647538279205 2461
1619468647600715288 1399
1619468647618851582 362
1619468647804236729 2115
1619468648001393585 249
1619468648077450790 2263
1619468648097082187 2468
1619468648354146973 173
1619468648375531736 1231
1619468648384892086 1446
1619468648398994270 1717
1619468648408975992 1740
1619468648466825288 252
1619468648557902974 2007
1619468648577290276 2288
1619468648641704678 1856
1619468648671859152 1522
1619468648810289194 1629
1619468648880228184 1439
1619468648929061022 1628
1619468649013553092 2009
1619468649089132000 1900
1619468649151314281 1404
1619468649256575400 1246
1619468649391272912 1850
1619468649441188281 1246
1619468649455482718 1650
1619468649459133001 1624
1619468649485522964 1377
1619468649589814584 2176
1619468649648188203 1585
1619468649775134042 4595
1619468649883987173 2076
1619468649912885215 1634
1619468650146859584 2248
1619468650270325139 197
1619468650353549322 1713
1619468650366151023 1319
1619468650475888309 1551
1619468650519298233 1349
1619468650691366913 210
1619468650694805270 1392
1619468650731592768 1484
1619468650739134847 1582
1619468650762857704 2012
1619468650840153960 218
1619468650853567443 1567
1619468650929271455 2006
1619468650977746745 1757
1619468650988826713 1676
1619468651126294770 1727
1619468651265023814 1963
1619468651372241041 1580
1619468651448257342 1572
1619468651544009611 1678
1619468651674750372 1606
1619468651712507420 219
1619468651758410005 3135
1619468651789887115 1563
1619468651854604587 2231
1619468651916897912 1797
1619468651924896637 1797
1619468652020394526 1640
1619468652310864533 1504
1619468652398561051 1986
1619468652415123962 2855
1619468652505854933 2062
1619468652529211491 1486
1619468652604661153 2216
1619468652697621479 1448
1619468652731673719 1918
1619468652988399294 1702
1619468653025403982 1602
1619468653115419408 1560
1619468653281566265 1576
1619468653479302572 1784
1619468653493924971 1957
1619468653589342567 1566
1619468653672514182 2021
1619468653821426217 1401
1619468653831537379 2119
1619468653956485276 1717
1619468653964265940 1947
1619468653991843784 1600
1619468654105473435 2173
1619468654154010483 2125
1619468654230127627 1287
1619468654234493443 2332
1619468654238152369 1605
1619468654516485363 1584
1619468654635987737 1282
1619468654668648417 1340
1619468654779638103 1505
1619468654802162256 1400
1619468654892096368 2044
1619468654966344586 1556
1619468654979688536 249
1619468655016888132 186
1619468655024374343 1711
1619468655109101340 2117
1619468655261924160 1928
1619468655312706177 2355
1619468655417965244 1920
1619468655425888790 2212
1619468655445063677 1687
1619468655536978288 1474
1619468655584084473 1488
1619468655699671569 1480
1619468655701921224 214
1619468655738934819 1591
1619468655775453357 2363
1619468655910964894 1771
1619468655934891236 1696
1619468656110897244 1834
1619468656166537455 2010
1619468656170683654 2102
1619468656203115011 1655
1619468656286003226 1881
1619468656348982041 2139
1619468656408680193 2240
1619468656514895722 1308
1619468656518593186 1654
1619468656552585400 1978
1619468656561156451 2087
1619468656591942691 1482
1619468656841495747 2880
1619468656872548407 1998
1619468656905085666 1387
1619468656936629013 1415
1619468656950286517 183
1619468656966516041 1880
1619468657249005241 3802
1619468657373774169 1684
1619468657383747618 171
1619468657545327013 2088
1619468657558386869 1804
1619468657572436181 1800
1619468657576790924 2208
1619468657580245461 1342
1619468657598589866 1372
1619468657605955087 1803
1619468657667761594 2088
1619468657925374118 1903
1619468657951154582 2479
1619468657975736331 1717
1619468657983099972 1435
1619468658038324039 1840
1619468658179900022 1544
1619468658224764829 1759
1619468658265054739 1810
1619468658449065055 2911
1619468658533104383 1950
1619468658579970109 181
1619468658608470843 235
1619468658758640971 1900
1619468658781183371 1546
1619468658867292737 1420
1619468658932276298 1533
1619468659009365439 1986
1619468659135470607 2003
1619468659182615211 1508
1619468659244268694 1357
1619468659262368122 1459
1619468659308631560 2102
1619468659438367844 1458
1619468659520782189 1965
1619468659612450670 2017
1619468659720446550 1704
1619468659741754782 1376
1619468659752535786 1642
1619468659775995256 1700
1619468659880730506 2336
1619468659884265736 1484
1619468659906143917 1559
1619468660181157421 1603
1619468660252334291 2191
1619468660340039596 198
1619468660439244028 1836
1619468660555645913 1502
1619468660600931147 2260
1619468660608719206 1689
1619468660691175767 1772
1619468660703200674 2807
1619468660787964884 1676
1619468660817812219 2263
1619468660950980737 210
1619468660998730190 2115
1619468661084830119 1248
1619468661108545791 2009
1619468661161755564 1997
1619468661198999077 1732
1619468661317814743 1370
1619468661404064534 1553
1619468661487643138 2076
1619468661655349659 1861
1619468661672504656 2049
1619468661687586978 1170
1619468661749995038 1445
1619468661777339438 1890
1619468661821563476 4002
1619468661913739254 2007
1619468661944548532 1878
1619468661952354214 1607
1619468661967126129 1760
1619468662275293812 3796
1619468662491381256 1293
1619468662495294001 1789
1619468662554433653 313
1619468662564347451 187
1619468662896871263 1859
1619468663070027619 2163
1619468663098568883 1528
1619468663128337645 1491
1619468663188502110 3584
1619468663213572193 1495
1619468663310780216 2661
1619468663319096550 2100
1619468663400106608 2505
1619468663570427654 3824
1619468663620087321 1880
1619468663779067265 1965
1619468663886222440 1600
1619468664372014249 2270
1619468664491893954 193
1619468664609887779 2431
1619468664714334060 1325
1619468664733163359 195
1619468664740944607 1791
1619468664777427921 1827
1619468664807613860 2970
1619468664917998219 1442
1619468664922695524 2585
1619468664955108970 1675
1619468665045521403 170
1619468665053571133 1426
1619468665092157540 1813
1619468665160534031 1549
1619468665395945060 1621
1619468665427473266 2095
1619468665501809839 1816
1619468665533536400 2131
1619468665553996771 1921
1619468665787417051 1634
1619468665792089837 2626
1619468665884796147 1944
1619468665978636706 1568
1619468666128210023 361
1619468666202621716 1586
1619468666220459370 1802
1619468666250398311 2128
1619468666287242397 1448
1619468666575859884 1400
1619468666656348728 1501
1619468666775639454 2220
1619468666783233419 1595
1619468666948138463 220
1619468666952063798 1841
1619468666967903450 1509
1619468667133567674 2907
1619468667217718046 1783
1619468667301363557 2015
1619468667394893672 2032
1619468667463842345 2105
1619468667504509930 3501
1619468667655257199 1705
1619468667680907379 1731
1619468667825439411 1211
1619468667883752678 1807
1619468667906011645 209
1619468668077955290 1673
1619468668180010447 1606
1619468668310730360 1476
1619468668323270784 2272
1619468668474893692 1841
1619468668496617012 1635
1619468668623901761 2529
1619468668627312864 1363
1619468668644645826 1685
1619468668714776954 3630
1619468668949420042 2295
1619468668973622682 2021
1619468669219279489 2882
1619468669309500915 1809
1619468669343077100 2608
1619468669436940149 1387
1619468669444364359 1733
1619468669500371482 1793
1619468669527392028 2027
1619468669580259647 206
1619468669631917430 2170
1619468669647922505 2000
1619468669779052811 2211
1619468669835330693 1663
1619468669971643987 1419
1619468669979134073 1665
1619468669982659905 1488
1619468670032460167 2021
1619468670054446333 1646
1619468670086650374 1630
1619468670189628180 1900
1619468670194446725 2662
1619468670231950611 1540
1619468670254815443 1769
1619468670348078527 1893
1619468670379561060 1794
1619468670405725523 1748
1619468670427539567 199
1619468670461639112 1685
1619468670670350736 2182
1619468670798863753 2056
1619468670822482503 1627
1619468670868178864 1814
1619468670992771829 1316
1619468671208738615 1527
1619468671382007203 1765
1619468671475788564 1662
1619468671502877222 2237
1619468671626374614 2341
1619468671801798479 4039
1619468671878034193 1955
1619468671885365152 1752
1619468671914059139 1412
1619468671940729218 1639
1619468671991700310 1950
1619468671996113280 2388
1619468672034072364 199
1619468672145326499 1785
1619468672342353905 3280
1619468672507630983 1682
1619468672544358031 2075
1619468672894504062 1625
1619468672991531740 2388
1619468673030181153 2148
1619468673084248542 2159
1619468673165060411 221
1619468673183910294 2676
1619468673287974111 1741
1619468673361416087 1643
1619468673432656467 1825
1619468673506610066 2292
1619468673751649160 3023
1619468673838694231 1793
1619468673844870877 1820
1619468674034050896 1438
1619468674046101098 2025
1619468674098938110 2652
1619468674232017384 1278
1619468674249587506 237
1619468674315226252 2381
1619468674365180779 2155
1619468674389943771 2242
1619468674473091548 1911
1619468674588055343 5700
1619468674691594402 1786
1619468674716206707 1589
1619468674971235491 2471
1619468674980794877 1416
1619468675016141125 171
1619468675075728376 1344
1619468675158152720 1954
1619468675161903060 1724
1619468675206216956 1812
1619468675212269719 200
1619468675275067208 2301
1619468675403194394 1937
1619468675474029044 1804
1619468675657509309 1815
1619468675746061199 1876
1619468675830632073 1541
1619468675850637867 1545
1619468675887993466 1884
1619468675999705795 1418
1619468676007308253 1789
1619468676038344582 1365
1619468676130305243 1610
1619468676154457531 1899
1619468676267382740 1878
1619468676292070502 2149
1619468676481061420 2000
1619468676635868523 2110
1619468676659339159 2085
1619468676786381300 1494
1619468676877731325 2054
1619468676934313798 1294
1619468676954311500 2210
1619468677227623771 172
1619468677281840791 1838
1619468677310732333 1808
1619468677349133930 1609
1619468677419910038 1975
1619468677479521724 1887
1619468677518745802 253
1619468677537739898 1430
1619468677641607629 1886
1619468677772076847 1471
1619468677822323401 1811
1619468677921336933 1952
1619468677932558084 1619
1619468678278042714 2122
1619468678322947594 1913
1619468678409441857 221
1619468678447395078 1836
1619468678457276585 1919
1619468678526159352 1668
1619468678561006093 1640
1619468678582667897 1727
1619468678586530216 1812
1619468678611542937 1486
1619468678720593020 209
1619468678925564231 1505
1619468678957210990 2288
1619468679062059190 1862
1619468679127223287 2362
1619468679192814902 1866
1619468679284962992 1940
1619468679292651496 2038
1619468679307871150 1693
1619468679365104025 1879
1619468679440085014 1601
1619468679454479435 1828
1619468679540313102 1619
1619468679567951460 2023
1619468679829089952 1564
1619468679836642717 2005
1619468679965340624 1675
1619468680353000936 1702
1619468680417227643 1990
1619468680468904243 2197
1619468680553566760 228
1619468680730579785 2171
1619468681039816968 1783
1619468681165231160 1251
1619468681190921156 1585
1619468681222468888 1750
1619468681233345602 1407
1619468681486815293 1569
1619468681640819204 2533
1619468681674839624 1597
1619468681797370059 2356
1619468681827919410 182
1619468682040709512 2276
1619468682087499036 1959
1619468682109950882 1153
1619468682155339973 229
1619468682177767421 1619
1619468682298814564 1277
1619468682313545538 1597
1619468682521976992 1257
1619468682598165596 1377
1619468682726634759 2152
1619468682905472073 1645
1619468682916682575 1629
1619468683061211060 203
1619468683158416102 1243
