1619463763596888723 531
1619463763604397222 629
1619463763624208543 494
1619463763646267522 364
1619463763705445754 265
1619463763707929552 376
1619463763743957026 366
1619463763766128554 501
1619463763825711406 255
1619463763873304565 572
1619463763899751485 242
1619463763916532979 440
1619463763923282714 185
1619463763935580848 365
1619463764064864287 716
1619463764185177380 170
1619463764211471915 273
1619463764220825445 372
1619463764223049012 188
1619463764282317781 503
1619463764287146791 235
1619463764292175531 363
1619463764320260999 469
1619463764386645610 538
1619463764398441231 337
1619463764401014915 529
1619463764415349741 278
1619463764484904163 175
1619463764503846654 299
1619463764508691297 315
1619463764536694731 243
1619463764615757214 207
1619463764727952530 464
1619463764730198885 149
1619463764749573693 683
1619463764757374254 627
1619463764799509842 306
1619463764878521050 235
1619463764893673193 525
1619463764895955907 248
1619463764947298074 240
1619463764981337836 443
1619463765076875279 512
1619463765144610662 221
1619463765154690039 541
1619463765169257848 510
1619463765188713094 831
1619463765202867218 177
1619463765271514385 340
1619463765304023427 348
1619463765313591486 214
1619463765379965138 173
1619463765466320280 193
1619463765468964299 606
1619463765471473071 453
1619463765478553348 444
1619463765518279674 297
1619463765864933068 442
1619463765872618270 387
1619463765901167922 475
1619463766013501938 311
1619463766205538000 825
1619463766229639721 165
1619463766232244788 555
1619463766282657749 181
1619463766289704960 467
1619463766330576732 329
1619463766335343767 347
1619463766492981889 454
1619463766549994805 470
1619463766630162823 373
1619463766745727125 199
1619463766755997918 769
1619463766767733573 230
1619463766780135613 473
1619463766818826377 424
1619463766833000209 219
1619463766840822865 723
1619463766858340930 253
1619463766863266595 381
1619463766895110456 599
1619463766911513099 326
1619463766930590216 330
1619463766942838360 359
1619463766981127476 655
1619463767033835032 237
1619463767057857535 247
1619463767082177991 209
1619463767096827844 552
1619463767121352253 208
1619463767145524592 211
1619463767148086980 518
1619463767219268504 267
1619463767248630622 550
1619463767264725043 214
1619463767333650023 397
1619463767362119391 228
1619463767369562415 467
1619463767391569401 187
1619463767409018581 444
1619463767564082208 286
1619463767652707030 478
1619463767729748612 260
1619463767746829146 287
1619463767806220936 221
1619463767808560972 255
1619463767840029246 225
1619463767957551941 421
1619463767978247549 824
1619463767987644109 203
1619463768016690903 475
1619463768084550969 567
1619463768163190774 342
1619463768247116167 182
1619463768304846809 278
1619463768366508464 230
1619463768428404446 204
1619463768450235815 414
1619463768484176118 256
1619463768566427571 401
1619463768603333937 863
1619463768642314514 593
1619463768732323138 318
1619463768780832168 221
1619463768814173564 177
1619463768892066174 379
1619463768930934615 232
1619463769260493726 310
1619463769413979047 557
1619463769517672204 368
1619463769529772165 340
1619463769702364115 218
1619463769764580400 447
1619463769801967851 483
1619463769807415610 711
1619463769990666920 201
1619463770036617985 422
1619463770061123129 1167
1619463770065976888 250
1619463770118877592 368
1619463770161941247 644
1619463770236977638 340
1619463770264691903 211
1619463770291250455 174
1619463770298752396 187
1619463770356964080 320
1619463770488558583 388
1619463770599675337 238
1619463770629145339 429
1619463770636322312 267
1619463770655968203 645
1619463770698087784 443
1619463770755933218 288
1619463770770766654 200
1619463770821945254 466
1619463770826648336 209
1619463770831360656 307
1619463770848832715 552
1619463770905373636 269
1619463771051762567 285
1619463771081543453 179
1619463771130316961 237
1619463771243506634 506
1619463771245974427 426
1619463771272772069 410
1619463771350093877 350
1619463771375754858 293
1619463771430633444 207
1619463771433333630 657
1619463771497391687 209
1619463771533169187 674
1619463771541042478 924
1619463771596622654 149
1619463771744532172 200
1619463771761761160 625
1619463771816633928 561
1619463771824040266 253
1619463771868493762 190
1619463771870964789 453
1619463771894653289 970
1619463772021043850 225
1619463772299832626 460
1619463772470342860 285
1619463772489718002 438
1619463772610010408 243
1619463772622010002 192
1619463772713058109 449
1619463772724990733 466
1619463772803985587 830
1619463772862171124 385
1619463772959982694 174
1619463772978784867 292
1619463772993949589 846
1619463773024319831 360
1619463773026834924 343
1619463773029290737 413
1619463773136176528 183
1619463773138564913 301
1619463773167965129 600
1619463773237837692 207
1619463773249746040 260
1619463773262179175 627
1619463773355895687 577
1619463773387206510 343
1619463773419503581 477
1619463773446824807 437
1619463773485276881 207
1619463773502562309 170
1619463773505078141 430
1619463773572113628 265
1619463773620751565 163
1619463773723176239 386
1619463773742320908 388
1619463773898329329 198
1619463773949062948 418
1619463774078940668 469
1619463774126818727 224
1619463774136667809 219
1619463774150508054 202
1619463774152802028 226
1619463774177791123 245
1619463774221303587 424
1619463774231222939 558
1619463774324566414 581
1619463774329083105 264
1619463774400464128 545
1619463774422870175 367
1619463774437122087 266
1619463774446372485 221
1619463774470184107 200
1619463774503490288 222
1619463774515803295 191
1619463774522784286 366
1619463774584720634 243
1619463774660479756 342
1619463774689985723 174
1619463774751866947 625
1619463774763447840 340
1619463774834470011 319
1619463774861517218 719
1619463774938863257 358
1619463774961077092 313
1619463775024614163 220
1619463775027191679 539
1619463775036513169 208
1619463775063803880 237
1619463775066152933 260
1619463775296738812 209
1619463775313568304 237
1619463775370405192 383
1619463775438764607 302
1619463775549857089 486
1619463775564686090 231
1619463775628785082 553
1619463775633700310 414
1619463775676019007 479
1619463775776865471 538
1619463775784267872 241
1619463775851519737 404
1619463775962664495 704
1619463775974570115 163
1619463775997644772 413
1619463776026717716 205
1619463776048286029 472
1619463776130082484 442
1619463776178799024 180
1619463776247808634 176
1619463776266842608 265
1619463776298991368 259
1619463776361147992 523
1619463776387337351 169
1619463776451457037 397
1619463776463049615 260
1619463776482491290 221
1619463776521264058 375
1619463776563432243 285
1619463776589366068 211
1619463776591765212 367
1619463776616028121 367
1619463776675211385 590
1619463776704536272 560
1619463776807591084 265
1619463776863487619 385
1619463776870913941 151
1619463776900133429 429
1619463776946294089 165
1619463776971791754 602
1619463776974088928 200
1619463777100723426 261
1619463777217551506 443
1619463777222315565 424
1619463777224547618 206
1619463777238652140 177
1619463777248062546 234
1619463777304437754 318
1619463777316123512 343
1619463777351112089 230
1619463777530151943 266
1619463777535144735 310
1619463777610422381 367
1619463777646854480 204
1619463777677305651 446
1619463777741465200 426
1619463777821538627 177
1619463777879965971 269
1619463777894256396 197
1619463777956134055 334
1619463778010963901 391
1619463778042686760 183
1619463778057206852 514
1619463778215030965 297
1619463778217637837 584
1619463778252526522 919
1619463778351922469 187
1619463778386633938 547
1619463778394019803 209
1619463778543679025 456
1619463778563983681 1042
1619463778650493878 189
1619463778665062838 407
1619463778687448558 379
1619463778747065186 335
1619463778763552832 378
1619463778792975001 433
1619463778852134933 206
1619463778908601047 371
1619463778939280841 208
1619463779007557279 210
1619463779017971133 481
1619463779044275620 698
1619463779054379455 304
1619463779089380979 628
1619463779103566701 312
1619463779195279008 171
1619463779202155315 232
1619463779357564992 245
1619463779463548049 209
1619463779470762314 253
1619463779486941317 179
1619463779525100910 269
1619463779541393801 191
1619463779581382080 227
1619463779675211973 175
1619463779784433238 361
1619463779917539049 567
1619463779971846663 314
1619463780014935520 629
1619463780054709307 184
1619463780135667861 292
1619463780140477712 567
1619463780164495157 620
1619463780236309846 462
1619463780259512433 389
1619463780264202704 431
1619463780291461395 1462
1619463780308572694 656
1619463780332900381 662
1619463780399344283 310
1619463780418801211 216
1619463780475606986 396
1619463780504855241 227
1619463780678272635 619
1619463780680806644 433
1619463780719148899 177
1619463780784893940 213
1619463780842214055 298
1619463780870970927 430
1619463780897012288 219
1619463781041748471 1139
1619463781048551845 208
1619463781050764094 189
1619463781194043787 278
1619463781208571077 546
1619463781285660034 793
1619463781345921237 434
1619463781363036194 214
1619463781436011872 357
1619463781483572508 373
1619463781486442648 807
1619463781673898962 1497
1619463781685636573 552
1619463781805851348 596
1619463781817847067 562
1619463781825549745 583
1619463781946638652 431
1619463782010125787 556
1619463782069624988 194
1619463782077135999 530
1619463782111302656 564
1619463782118528021 285
1619463782168927717 694
1619463782171226349 215
1619463782188970451 658
1619463782193985608 707
1619463782232725793 586
1619463782304298545 430
1619463782355158943 283
1619463782381624414 158
1619463782449974529 284
1619463782504928577 382
1619463782519271108 338
1619463782617543708 356
1619463782634229696 270
1619463782825003670 441
1619463782849376239 239
1619463783020591611 512
1619463783030074971 462
1619463783051367039 393
1619463783066386998 246
1619463783085553060 551
1619463783173124894 1297
1619463783237051326 335
1619463783251497213 162
1619463783270488484 388
1619463783318515060 525
1619463783394274189 381
1619463783406403382 643
1619463783424766454 200
1619463783446603622 358
1619463783461060987 510
1619463783510756303 185
1619463783601719121 239
1619463783646041156 602
1619463783648818557 704
1619463783766248391 415
1619463783807470448 177
1619463783914240831 297
1619463784023554336 418
1619463784244769290 398
1619463784323057312 255
1619463784392849025 208
1619463784395120710 153
1619463784437607150 989
1619463784574413301 848
1619463784579180857 394
1619463784607941533 158
1619463784705607370 271
1619463784759535075 236
1619463784793535769 361
1619463784820108479 563
1619463784824883104 457
1619463784861110434 163
1619463784878656011 448
1619463784905461402 468
1619463784956981440 199
1619463785003062968 762
1619463785007825696 209
1619463785055689048 520
1619463785192628801 380
1619463785197216401 198
1619463785260248101 190
1619463785284663785 367
1619463785318082953 185
1619463785359847448 322
1619463785418094335 455
1619463785432509797 645
1619463785493787109 326
1619463785545934756 593
1619463785556426422 541
1619463785648239832 379
1619463785662480313 390
1619463785708807558 165
1619463785722271084 172
1619463785738609334 499
1619463785757246578 180
1619463785806841235 223
1619463785809163171 271
1619463785981167665 416
1619463786001006044 470
1619463786005886951 550
1619463786008773460 857
1619463786117756139 505
1619463786156150597 231
1619463786196316277 297
1619463786201086513 389
1619463786295826655 287
1619463786319347227 187
1619463786331534740 260
1619463786336076257 265
1619463786406466030 497
1619463786435383873 405
1619463786438243242 772
1619463786452455373 447
1619463786565705962 230
1619463786589685850 456
1619463786653923740 429
1619463786730406619 660
1619463786742425553 390
1619463786756866320 263
1619463786841324417 373
1619463786985488099 517
1619463787093209395 369
1619463787252360369 495
1619463787358403575 170
1619463787481776723 235
1619463787503563177 452
1619463787515639168 466
1619463787569181475 236
1619463787578640777 202
1619463787601092568 220
1619463787627389477 322
1619463787717990588 332
1619463787746595478 200
1619463787763664802 396
1619463787828139520 543
1619463787928864187 380
1619463787938212970 264
1619463787942743588 279
1619463787976281237 274
1619463787990699579 223
1619463788005412655 597
1619463788091456046 371
1619463788118011494 199
1619463788129816400 233
1619463788132130225 187
1619463788196412012 601
1619463788280713459 275
1619463788355246149 166
1619463788357717188 417
1619463788364737608 506
1619463788467967170 175
1619463788486566493 296
1619463788572232918 324
1619463788576945137 425
1619463788591644393 543
1619463788608761757 191
1619463788652146547 634
1619463788683464350 280
1619463788735959170 328
1619463788788078840 330
1619463788832732591 482
1619463788851249128 337
1619463788901515578 122
1619463788913435098 270
1619463788994107437 395
1619463789009796843 195
1619463789113686159 178
1619463789140720161 435
1619463789175354754 346
1619463789180394081 577
1619463789267635328 298
1619463789311151108 178
1619463789386377530 381
1619463789393617124 378
1619463789455712284 317
1619463789491031189 390
1619463789686510982 776
1619463789713538932 217
1619463789738312923 771
1619463789768728160 187
1619463789815953554 541
1619463789818235778 183
1619463789884984872 308
1619463789909036188 502
1619463790066459982 206
1619463790121559038 381
1619463790151194605 431
1619463790153475210 223
1619463790156458043 943
1619463790188975521 233
1619463790282089612 616
1619463790284430072 211
1619463790317268463 326
1619463790357851322 312
1619463790380004807 600
1619463790384609140 263
1619463790398600656 134
1619463790602085641 399
1619463790616563201 496
1619463790631369567 447
1619463790759484953 270
1619463790860895149 193
1619463790895256439 365
1619463790930663613 407
1619463790996189697 434
1619463791054699388 591
1619463791153540463 418
1619463791160469601 346
1619463791198222470 451
1619463791226676721 201
1619463791330964381 268
1619463791345491504 298
1619463791358025328 657
1619463791368154325 494
1619463791404990923 449
1619463791411860053 157
1619463791572269776 684
1619463791611301728 402
1619463791618465609 549
1619463791656764675 227
1619463791666484920 360
1619463791673287569 262
1619463791707069846 267
1619463791762057045 277
1619463791787119291 458
1619463791806009702 172
1619463791820820976 410
1619463791823326494 412
1619463792001258239 580
1619463792124475542 279
1619463792433020372 547
1619463792476964280 340
1619463792603861595 422
1619463792669195505 355
1619463792723238292 337
1619463792738168370 218
1619463792850164314 488
1619463792916309881 747
1619463793003385212 274
1619463793104981355 616
1619463793161451975 324
1619463793210402701 381
1619463793244351849 453
1619463793293488544 750
1619463793295869174 353
1619463793363700857 467
1619463793410152807 447
1619463793515029692 314
1619463793536156161 224
1619463793611948048 278
1619463793635827124 251
1619463793805855782 164
1619463793839129753 701
1619463794092103083 172
1619463794140058501 435
1619463794287144675 183
1619463794304884017 439
1619463794314539898 311
1619463794364792534 196
1619463794416219357 246
1619463794422939662 171
1619463794459688921 415
1619463794467951374 912
1619463794499603095 224
1619463794508886298 193
1619463794567503070 181
1619463794701761266 272
1619463794724567307 244
1619463794769352477 310
1619463794785694424 583
1619463794807817339 276
1619463794950428159 435
1619463795074769665 348
1619463795084266326 210
1619463795149653873 479
1619463795345701425 200
1619463795408151913 370
1619463795449084265 494
1619463795465517385 460
1619463795518700616 461
1619463795526520849 750
1619463795553624862 198
1619463795657916429 487
1619463795747965867 233
1619463795769555971 397
1619463795877661304 526
1619463795899128244 236
1619463795919378355 568
1619463795988590441 488
1619463796035969017 239
1619463796057768893 523
1619463796134349063 196
1619463796143362001 256
1619463796145783056 333
1619463796201653712 228
1619463796216422015 631
1619463796218679949 233
1619463796237564573 337
1619463796296608866 207
1619463796427129414 173
1619463796570810437 354
1619463796582821816 199
1619463796595878964 595
1619463796617605372 213
1619463796624792605 247
1619463796627266729 433
1619463796667865436 158
1619463796683012681 271
1619463796927233793 270
1619463796976268192 317
1619463797000716673 268
1619463797003220537 464
1619463797025378592 580
1619463797086997399 203
1619463797154116282 503
1619463797254534794 189
1619463797259367593 414
1619463797322101704 633
1619463797395148147 433
1619463797400268815 517
1619463797419019874 252
1619463797467958001 333
1619463797553115777 221
1619463797563455278 370
1619463797575979472 198
1619463797581279622 722
1619463797614488695 226
1619463797720377727 257
1619463797798709109 185
1619463797808133418 164
1619463797970335573 597
1619463797984667732 258
1619463797998601445 274
1619463798005880577 261
1619463798008453285 518
1619463798043816560 196
1619463798072123276 271
1619463798076802978 185
1619463798098092404 180
1619463798110822507 506
1619463798136474792 490
1619463798210098073 415
1619463798238723574 540
1619463798306903867 397
1619463798442691019 631
1619463798513229389 382
1619463798529998950 273
1619463798591109781 424
1619463798616627515 565
1619463798645111387 633
1619463798664793807 627
1619463798702008173 340
1619463798777079460 284
1619463798900341888 238
1619463798972850264 511
1619463799076171932 496
1619463799085824679 242
1619463799122790186 300
1619463799246931252 369
1619463799249647208 680
1619463799298840306 210
1619463799406596065 594
1619463799409400680 742
1619463799419281993 692
1619463799461123321 713
1619463799495745009 451
1619463799503155426 667
1619463799565270662 745
1619463799643523233 574
1619463799669844833 237
1619463799774499054 307
1619463799834661599 378
1619463799903482430 335
1619463799965697934 1231
1619463800023488655 311
1619463800030779686 240
1619463800042849266 524
1619463800105189003 453
1619463800214826499 332
1619463800229960041 442
1619463800251541766 386
1619463800268146894 238
1619463800341307057 164
1619463800348495593 332
1619463800383071730 192
1619463800385781276 649
1619463800416610181 376
1619463800642847653 301
1619463800662814413 562
1619463800737202538 521
1619463800871850429 447
1619463800943372247 607
1619463801045053591 359
1619463801047376044 246
1619463801049787189 278
1619463801069434950 215
1619463801115972912 400
1619463801135953991 426
1619463801157619132 470
1619463801164844683 593
1619463801223972443 477
1619463801301598176 196
1619463801355141090 344
1619463801377556199 400
1619463801412934587 455
1619463801415324958 305
1619463801432193582 487
1619463801484539801 664
1619463801605792148 376
1619463801654066521 668
1619463801705592425 260
1619463801800963055 533
1619463801832483354 214
1619463801851906543 434
1619463801912096495 614
1619463801940392181 216
1619463802030208258 454
1619463802051062719 300
1619463802058344975 161
1619463802146127290 442
1619463802148576004 394
1619463802174975222 199
1619463802179647510 363
1619463802290915228 803
1619463802346192234 251
1619463802355624765 505
1619463802367773017 551
1619463802404841983 1004
1619463802409394716 202
1619463802458255435 374
1619463802563675532 193
1619463802659430772 621
1619463802725493624 240
1619463802764478175 428
1619463802776157043 375
1619463802783289294 179
1619463802804823848 361
1619463802848113769 502
1619463802867411418 300
1619463802893308194 365
1619463802902540930 194
1619463802941069853 207
1619463802967296872 417
1619463802988521640 654
1619463803057792790 542
1619463803098441262 243
1619463803206601522 285
1619463803229636122 1189
1619463803257546570 209
1619463803285770758 491
1619463803297495067 216
1619463803312347249 399
1619463803356277305 371
1619463803362996716 191
1619463803510166552 304
1619463803538753539 201
1619463803605583150 267
1619463803615279901 236
1619463803642652545 342
1619463803661058750 182
1619463803702816928 466
1619463803728315381 246
1619463803752864494 375
1619463803760039894 281
1619463803819042121 196
1619463803867620506 396
1619463803877809368 660
1619463803880435018 572
1619463803905649378 327
1619463803978331253 567
1619463803982713190 143
1619463804041906545 174
1619463804053770313 242
1619463804061676090 788
1619463804116997609 261
1619463804235806188 522
1619463804245762037 342
1619463804260247882 256
1619463804303751802 418
1619463804318173016 184
1619463804491860254 337
1619463804494171457 250
1619463804498813034 195
1619463804506047434 298
1619463804518473653 505
1619463804539320750 176
1619463804565593237 584
1619463804602346296 233
1619463804703137863 441
1619463804734173699 155
1619463804934782459 710
1619463804937453404 583
1619463804994644113 251
1619463805031367981 189
1619463805038607721 409
1619463805102024960 509
1619463805123371638 244
1619463805174827976 1097
1619463805460937933 551
1619463805527724932 353
1619463805562506608 351
1619463805623660152 428
1619463805638166303 386
1619463805693814808 209
1619463805701033471 319
1619463805883510186 208
1619463805945042817 707
1619463805987748295 176
1619463805999896794 308
1619463806039529433 232
1619463806049503868 385
1619463806065145860 486
1619463806205102252 499
1619463806234063194 404
1619463806327751495 221
1619463806598498740 230
1619463806639570700 524
1619463806701872211 422
1619463806730677782 238
1619463806754992247 277
1619463806794668161 433
1619463806875013539 211
1619463806877792258 741
1619463806904419181 329
1619463807011028442 488
1619463807074092939 344
1619463807081932521 651
1619463807108748948 409
1619463807132597715 317
1619463807181569244 472
1619463807198305126 232
1619463807207634597 162
1619463807231900459 407
1619463807253746020 465
1619463807256401796 589
1619463807278112988 169
1619463807292323318 413
1619463807359959553 500
1619463807369714658 252
1619463807401344895 512
1619463807427423517 197
1619463807451900774 346
1619463807480730142 438
1619463807525654697 191
1619463807600074991 321
1619463807607121491 216
1619463807651688136 308
1619463807687795686 477
1619463807704298217 214
1619463807757205198 236
1619463807759677560 395
1619463807783776677 291
1619463807793771914 240
1619463807805713002 622
1619463807881837390 201
1619463808138476687 294
1619463808179859845 395
1619463808186775541 210
1619463808189074494 262
1619463808304770787 189
1619463808396216816 540
1619463808451102564 243
1619463808496113227 336
1619463808519811938 594
1619463808524521352 431
1619463808531800772 217
1619463808545806283 316
1619463808635325470 266
1619463808668943071 420
1619463808741998187 237
1619463808817345978 411
1619463808870217618 450
1619463808879567628 211
1619463808889105407 319
1619463808896710360 635
1619463808903943807 197
1619463809015065012 151
1619463809061166921 282
1619463809106207307 496
1619463809248156856 214
1619463809344355368 778
1619463809346710168 303
1619463809349394095 536
1619463809356764359 581
1619463809438083666 220
1619463809447423726 353
1619463809449638869 187
1619463809474539476 280
1619463809476883847 310
1619463809487039314 575
1619463809499155199 304
1619463809847090529 353
1619463809901691125 400
1619463809918527307 561
1619463809933152465 744
1619463810064984599 253
1619463810067479656 378
1619463810084805958 459
1619463810105826343 252
1619463810203464268 256
1619463810286106736 581
1619463810291113979 477
1619463810328950700 255
1619463810381115593 524
1619463810386138946 771
1619463810393162499 209
1619463810412243143 251
1619463810455433614 264
1619463810489864555 601
1619463810626695350 292
1619463810663431746 179
1619463810733994765 199
1619463810819796443 547
1619463810829582198 427
1619463810906169254 606
1619463810959687477 654
1619463810962014051 264
1619463810992876470 429
1619463811015945457 313
1619463811020594063 159
1619463811050240164 300
1619463811070144253 494
1619463811080451043 394
1619463811176882194 185
1619463811184297760 200
1619463811251027617 362
1619463811292595961 386
1619463811326587124 254
1619463811333701297 220
1619463811343646177 319
1619463811385104648 442
1619463811390013913 298
1619463811394728866 390
1619463811425979591 470
1619463811432872634 181
1619463811461183607 359
1619463811492747588 482
1619463811737184003 278
1619463811739609604 287
1619463811877687693 532
1619463811940884148 261
1619463812233671791 448
1619463812370392869 446
1619463812398765799 372
1619463812468282923 393
1619463812487313959 208
1619463812538658091 467
1619463812565674885 174
1619463812603223919 379
1619463812668117208 271
1619463812690709805 210
1619463812748502131 364
1619463812757892010 159
1619463812766925895 180
1619463812826616190 230
1619463812857773331 665
1619463812904267112 482
1619463812923529261 517
1619463812925876425 303
1619463812954151047 225
1619463813189032898 153
1619463813203781074 450
1619463813283142023 164
1619463813300085520 460
1619463813345665821 218
1619463813371474562 213
1619463813400071764 385
1619463813426735162 584
1619463813466800750 182
1619463813523537198 240
1619463813590880268 217
1619463813600222473 187
1619463813626595482 407
1619463813732531401 706
1619463813812673061 418
1619463813868349390 679
1619463813907903202 237
1619463813966429366 206
1619463814045298018 340
1619463814088730245 266
1619463814112100684 365
1619463814117345491 734
1619463814153727339 1147
1619463814244891915 389
1619463814252417073 341
1619463814266765331 368
1619463814368946779 250
1619463814375801661 234
1619463814691289645 490
1619463814730978748 343
1619463814930713353 485
1619463814979451481 612
1619463814993649727 591
1619463815158714268 473
1619463815166297964 681
1619463815176744894 189
1619463815210452619 434
1619463815289808943 294
1619463815379951276 217
1619463815396430842 223
1619463815463778030 380
1619463815487714454 343
1619463815560998139 851
1619463815644932418 261
1619463815660941099 168
1619463815728456680 383
1619463815764593030 291
1619463815774127164 371
1619463815788793638 266
1619463815890392861 243
1619463816077302077 212
1619463816243864382 324
1619463816258787042 408
1619463816310932720 149
1619463816366029282 180
1619463816452551472 196
1619463816607491691 210
1619463816624301543 408
1619463816642941820 302
1619463816652187357 369
1619463816713570797 178
1619463816715857249 224
1619463816861597229 427
1619463816907561450 178
1619463816910212293 554
1619463816917826720 502
1619463816961278884 490
1619463817140237314 291
1619463817149688821 332
1619463817161520801 296
1619463817188871827 292
1619463817231774481 190
1619463817251578621 455
1619463817258814077 399
1619463817325718390 160
1619463817411419232 170
1619463817447477669 326
1619463817449875141 370
1619463817471704346 204
1619463817539730526 403
1619463817603357517 237
1619463817639668408 191
1619463817744133761 310
1619463817749062809 573
1619463817758378977 221
1619463817775211006 355
1619463817779755317 231
1619463817821470372 597
1619463817847565146 475
1619463817881872507 440
1619463817891550819 434
1619463817925161908 207
1619463817965725613 221
1619463818000365210 341
1619463818028804470 175
1619463818038476056 339
1619463818099388713 360
1619463818174611778 1494
1619463818300224191 444
1619463818370172538 642
1619463818382242307 332
1619463818409293990 324
1619463818506965776 286
1619463818561337618 1091
1619463818686413061 367
1619463818742383214 284
1619463818764319566 431
1619463818766515274 164
1619463818773942015 461
1619463818803846302 405
1619463818868518346 232
1619463818890078140 817
1619463818907060565 366
1619463819026210034 258
1619463819165972340 339
1619463819253161598 313
1619463819269627660 347
1619463819320789922 185
1619463819367345457 575
1619463819464631095 567
1619463819478894042 366
1619463819481364734 425
1619463819500759011 496
1619463819510181879 330
1619463819697443172 383
1619463819726000065 178
1619463819761877497 662
1619463819764100122 184
1619463819804563223 222
1619463819841189460 745
1619463819877391718 837
1619463819882333674 561
1619463819889322734 288
1619463819899562992 425
1619463819977479198 471
1619463819998805617 491
1619463820024806919 362
1619463820043512824 167
1619463820050578217 141
1619463820082115270 461
1619463820120309896 214
1619463820140582847 449
1619463820170155908 495
1619463820176136098 205
1619463820195836616 205
1619463820229797204 231
1619463820268542812 362
1619463820322686004 231
1619463820349094963 526
1619463820435912952 397
1619463820621377659 246
1619463820626135942 452
1619463820819582761 492
1619463820831149810 282
1619463820838842233 645
1619463820841256885 361
1619463820853081446 263
1619463820879474931 233
1619463820932549058 339
1619463820965737203 196
1619463820968180771 415
1619463821206306872 425
1619463821242011252 369
1619463821280100394 252
1619463821350319108 925
1619463821367203560 177
1619463821374342929 280
1619463821388475907 220
1619463821392938210 177
1619463821414575338 413
1619463821442727216 249
1619463821469556207 286
1619463821514134299 278
1619463821608474293 232
1619463821632378140 373
1619463821658436027 242
1619463821734710053 328
1619463821791264293 181
1619463821802786454 182
1619463821819369903 378
1619463821863284179 321
1619463821922501645 504
1619463822058681314 274
1619463822255728833 302
1619463822262927045 238
1619463822306530105 389
1619463822397693570 242
1619463822480561149 152
1619463822558147287 236
1619463822607227003 482
1619463822741523226 232
1619463822876133305 247
1619463822940615863 265
1619463822979320032 305
1619463823227548165 350
1619463823300654846 347
1619463823310604761 385
1619463823341578528 246
1619463823344092434 464
1619463823412539249 507
1619463823485325216 306
1619463823499525811 243
