1619135927124805401 6103
1619135928124808875 6047
1619135929124743381 6574
1619135930124800638 6436
1619135931124743735 6758
1619135932124739812 6504
1619135933124802891 6408
1619135934124731858 6787
1619135935124872524 6542
1619135936124836152 6873
1619135937124956320 6479
1619135938124780886 6253
1619135939124776509 6569
1619135940124763797 6371
1619135941124729063 6667
1619135942124920430 6456
1619135943124917985 6405
1619135944124778842 6516
1619135945124745723 6273
1619135946124769115 6651
1619135947124774800 6346
1619135948124729856 6218
1619135949124737986 6398
1619135950124751519 6382
1619135951124753676 6339
1619135952124752800 6412
1619135953124777217 6452
1619135954124728465 6426
1619135955124728069 6506
1619135956124737604 6606
1619135957124737196 6282
1619135958124741569 6334
1619135959124737975 6487
1619135960124833097 6447
1619135961124899874 6395
1619135962124972355 6428
1619135963124752692 6150
1619135964124728115 6420
1619135965124746172 6113
1619135966124877288 6355
1619135967124762051 6336
1619135968124820614 6190
1619135969124769049 6244
1619135970124729077 6295
1619135971124720342 6236
1619135972124844096 6091
1619135973124747392 6220
1619135974124795692 6240
1619135975124954459 6311
1619135976124883891 6163
1619135977124760061 6340
1619135978124763231 6374
1619135979124738443 6403
1619135980124890308 6176
1619135981124732249 6314
1619135982124763136 6423
1619135983124729496 5976
1619135984124779903 6300
1619135985124738156 6435
