1619136023636514533 6766
1619136024636342547 5680
1619136025636360504 5939
1619136026636444598 6550
1619136027636390091 6510
1619136028636395402 6798
1619136029636402522 6489
1619136030636347300 6663
1619136031636513722 6841
1619136032636421655 6680
1619136033636368380 6574
1619136034636350770 6403
1619136035636348847 6470
1619136036636380277 5694
1619136037636665176 6512
1619136038636363812 6218
1619136039636398937 6256
1619136040636394587 6342
1619136041636350339 6425
1619136042636497768 6427
1619136043636445155 6294
1619136044636420343 5895
1619136045636381802 6097
1619136046636458496 6388
1619136047636385049 6471
1619136048636345906 6381
1619136049636590950 6300
1619136050636512453 6264
1619136051636357262 6198
1619136052636360799 6302
1619136053636389033 6194
1619136054636352713 6305
1619136055636348501 6394
1619136056636457721 6326
1619136057636363688 5852
1619136058636365127 6239
1619136059636349740 6357
1619136060636346631 6249
1619136061636421620 6375
1619136062636362208 6361
1619136063636571729 6399
1619136064636349208 6555
1619136065636342256 6493
1619136066636354395 6400
1619136067636600743 6386
1619136068636361597 6186
1619136069636387006 6218
1619136070636372292 6541
1619136071636349454 6186
1619136072636346074 6170
1619136073637110259 6073
1619136074636403453 6506
1619136075636384091 6205
1619136076636354287 6506
1619136077636379089 6560
1619136078636507528 6417
1619136079636418878 6124
1619136080636354335 6380
1619136081636397567 5992
