1619136326159593280 4953
1619136327159618239 6159
1619136328159645831 6508
1619136329146470977 6544
1619136330145810712 6710
1619136331161572897 6546
1619136332159579371 6976
1619136333145769224 6831
1619136334146071324 6741
1619136335147448012 6662
1619136336145690731 6838
1619136337145919060 6754
1619136338145736942 6732
1619136339159683471 6614
1619136340159742698 6602
1619136341150551542 6376
1619136342145713983 6498
1619136343145745864 6741
1619136344159747573 6317
1619136345148791644 6941
1619136346147808174 6479
1619136347159622426 6751
1619136348150766637 6353
1619136349151034903 6541
1619136350145698809 6377
1619136351159687868 6838
1619136352145986062 6462
1619136353145953220 6684
1619136354150664172 6465
1619136355150606931 6066
1619136356149328859 6659
1619136357146141584 6619
1619136358146017420 6315
1619136359146033563 6716
1619136360146025816 6299
1619136361146244297 6682
1619136362145881448 6420
1619136363146052896 6418
1619136364159747753 6963
1619136365145887668 6984
1619136366159872733 6718
1619136367159695304 6254
1619136368150495568 6224
1619136369145778792 6573
1619136370148564411 6290
1619136371145845904 6595
1619136372146307324 6549
1619136373145680976 6252
1619136374151676882 6623
1619136375145712211 6262
1619136376159553902 6285
1619136377159680649 6269
1619136378147276082 6754
1619136379150604324 6462
1619136380145842388 6717
1619136381145788997 6235
1619136382145916123 6922
1619136383159759792 6282
1619136384145682708 6392
