1619133072099230560 2031
1619133073099092834 2048
1619133074099302987 1932
1619133075099138034 1986
1619133076099115302 1834
1619133077099443691 1733
1619133078099098622 2136
1619133079099144736 1804
1619133080099215267 1781
1619133081099340231 1905
1619133082099526315 1884
1619133083099110841 1924
1619133084099204489 1897
1619133085099266104 1710
1619133086099118105 1680
1619133087099129847 1878
1619133088099093407 1933
1619133089099268760 1728
1619133090099166898 1751
1619133091099128637 1774
1619133092099092382 1937
1619133093099322515 1953
1619133094099325020 1933
1619133095099165260 1805
1619133096099277620 1914
1619133097099115768 1673
1619133098099084261 2051
1619133099099071751 2015
1619133100099088971 1971
1619133101099093478 1860
1619133102099112487 1760
1619133103099457010 1799
1619133104099075091 1876
1619133105099261647 1780
1619133106099098248 1883
1619133107099313934 1922
1619133108099098476 1945
1619133109099098797 1777
1619133110099092048 1876
1619133111099270547 1864
1619133112099116080 1769
1619133113099223032 1636
1619133114099085832 1759
1619133115099162980 2011
1619133116099085847 1985
1619133117099129358 1809
1619133118099080884 2084
1619133119099111498 1975
1619133120099301918 1916
1619133121099096353 1838
1619133122099092844 1719
1619133123099243502 1793
1619133124099091567 1838
1619133125099341098 1848
1619133126099101239 1737
1619133127099110461 1889
1619133128099116855 1679
1619133129099135682 1814
1619133130099105769 1793
