1619544292059401962 3470
1619544293059632985 3413
1619544294059360210 3404
1619544295059744338 3398
1619544296059376942 3425
1619544297059457386 3422
1619544298059384221 3401
1619544299059495907 3407
1619544300059447225 3416
1619544301059366133 3270
1619544302059418903 3404
1619544303059337568 3407
1619544304059380197 3363
1619544305059437818 3399
1619544306059511599 3386
1619544307059369596 3416
1619544308059375674 3410
1619544309059495787 3379
1619544310059580018 3414
1619544311059880631 3417
1619544312059377641 3410
1619544313059356678 3397
1619544314059344479 3402
1619544315059350995 3371
1619544316059474822 3435
1619544317059396172 3399
1619544318059552032 3373
1619544319059448538 3379
1619544320059377528 3382
1619544321059368915 3407
1619544322059491634 3339
1619544323059341181 3409
1619544324059408306 3326
1619544325059341583 3388
1619544326059654837 3338
1619544327059371916 3373
1619544328059500474 3395
1619544329059435179 3359
1619544330059365512 3367
1619544331059389559 3388
1619544332059375211 3339
1619544333059733200 3347
1619544334059362345 3294
1619544335059362955 3320
1619544336059452663 3389
1619544337059507470 3325
1619544338059398501 3322
1619544339059383675 3308
1619544340059371420 3365
1619544341059444720 3301
1619544342059344256 3335
1619544343059351707 3310
1619544344059448075 3294
1619544345059476431 3352
1619544346059358907 3329
1619544347059345190 3361
1619544348059437809 3328
1619544349059349398 3294
1619544350059376178 3339
