1619543939020767950 4786
1619543940020787301 4786
1619543941020917080 4733
1619543942020757828 4734
1619543943020826036 4795
1619543944021185960 4865
1619543945020755830 4789
1619543946020815751 4722
1619543947020821353 4676
1619543948020797919 4746
1619543949020776913 4651
1619543950020779854 4721
1619543951020771222 4694
1619543952020746173 4704
1619543953020797826 4770
1619543954020818297 4687
1619543955020832073 4765
1619543956020742360 4774
1619543957020761116 4748
1619543958020823499 4760
1619543959020792348 4596
1619543960020749094 4776
1619543961020770346 4759
1619543962020756319 4749
1619543963020815798 4669
1619543964020772002 4759
1619543965021032336 4732
1619543966021227134 4710
1619543967020887297 4669
1619543968020764571 4686
1619543969020745940 4746
1619543970020988738 4688
1619543971020765686 4703
1619543972021903679 4711
1619543973020963905 4731
1619543974020778647 4737
1619543975020779993 4706
1619543976020779955 4701
1619543977021223881 4763
1619543978020919918 4566
1619543979020786539 4628
1619543980020757177 4604
1619543981020754035 4726
1619543982020739325 4659
1619543983020749998 4614
1619543984020827041 4604
1619543985020844193 4753
1619543986020991093 4637
1619543987020809787 4685
1619543988021019367 4686
1619543989021052017 4650
1619543990020834745 4728
1619543991020986807 4679
1619543992020888952 4589
1619543993021348383 4685
1619543994020748838 4695
1619543995020753901 4641
1619543996020770163 4662
1619543997021147127 4579
