1619545311956988890 1212
1619545312956980384 1209
1619545313957005997 1196
1619545314956997952 1188
1619545315956936471 1183
1619545316956990007 1188
1619545317956943874 1188
1619545318957071902 1177
1619545319956991395 1185
1619545320957011030 1186
1619545321956956698 1189
1619545322956994165 1150
1619545323956925350 1187
1619545324956993733 1190
1619545325957105176 1193
1619545326957000159 1188
1619545327956933393 1184
1619545328956990871 1179
1619545329957110222 1183
1619545330956956269 1187
1619545331956916298 1178
1619545332956983716 1180
1619545333957629766 1184
1619545334957010103 1179
1619545335956928514 1182
1619545336957273282 1205
1619545337957174684 1187
1619545338956952489 1193
1619545339956958304 1180
1619545340956917492 1182
1619545341956949203 1192
1619545342956992455 1186
1619545343957025034 1190
1619545344956917512 1191
1619545345956990468 1180
1619545346956998495 1183
1619545347957039631 1195
1619545348956935920 1197
1619545349956960241 1183
1619545350956961027 1186
1619545351956945127 1175
1619545352956964895 1181
1619545353956934206 1187
1619545354956964655 1184
1619545355956932782 1177
1619545356956962262 1179
1619545357957209809 1180
1619545358956960461 1193
1619545359956932745 1187
1619545360956928175 1190
1619545361957185616 1181
1619545362956983484 1174
1619545363956980693 1190
1619545364956934450 1184
1619545365956967377 1182
1619545366956987856 1177
1619545367956976142 1188
1619545368956964899 1170
1619545369956953563 1182
