1619647753072276850 4133
1619647753101285565 2725
1619647753141662320 3341
1619647753584232725 4680
1619647753724930088 5792
1619647754096073321 4635
1619647754319952417 6166
1619647754406424277 5119
1619647754473510191 4134
1619647754719245234 4995
1619647754742147573 6179
1619647754765847145 3843
1619647754804433589 3821
1619647755124428600 3400
1619647755180407632 5440
1619647755385764278 2668
1619647755495306283 4588
1619647755583378689 5109
1619647756086328182 3891
1619647756108277840 4484
1619647756366315396 3576
1619647756549160452 4751
1619647756866194630 4734
1619647757023224258 3874
1619647757129710955 5135
1619647757512754525 10779
1619647757603211283 5083
1619647757982506836 3994
1619647757988354462 3643
1619647758361253782 3149
1619647758417363017 4479
1619647758442382713 4149
1619647758737330964 3766
1619647758829386079 5069
1619647758851744209 2944
1619647759040994479 5333
1619647759305071705 5122
1619647759345885038 4037
1619647759400503310 3788
1619647760116484555 5244
1619647760212464033 4019
1619647760389439438 4407
1619647760535643874 5628
1619647760813458417 4163
1619647760922009293 6559
1619647761009785886 4039
1619647761030369607 6083
1619647761084818634 4864
1619647761353582632 3639
1619647761425427408 4071
1619647761589100035 3858
1619647761679843272 3993
1619647761713869844 5496
1619647761752552835 4038
1619647761855244973 4406
1619647762085291543 8375
1619647762170429083 5167
1619647762215061007 6048
1619647762963189270 4591
1619647762977802538 4379
1619647763300434379 4061
1619647763720070395 4627
1619647763774926554 7971
1619647763963215649 4481
1619647763990546457 4627
1619647764088109744 6711
1619647764201997433 3959
1619647764884978757 2643
1619647764981270607 4938
1619647765012594926 3683
1619647765177979367 3816
1619647765281140523 3878
1619647765748311085 5981
1619647765908837863 4348
1619647766030065422 7839
1619647766271274421 3926
1619647766429158861 6598
1619647766759634421 3165
1619647766894630674 4506
1619647767267901454 3818
1619647767353800162 3617
1619647767718732769 4440
1619647767925430006 6059
1619647768048317735 4329
1619647768110209171 4359
1619647768190216279 4162
1619647768214285332 8509
1619647768294148091 4414
1619647768475574274 3832
1619647768681407319 5500
1619647769130441324 3538
1619647769150697816 4195
1619647769216111109 4144
1619647769222424112 4249
1619647769253169550 4061
1619647769287019425 4682
1619647769341738113 5345
1619647769432203428 4351
1619647769613802553 3268
1619647769759363789 4782
1619647770127076062 3871
1619647770249929052 5272
1619647770377219644 4140
1619647770527752403 3329
1619647770713152031 4254
1619647771357829430 8466
1619647771433321690 3778
1619647771602238315 3426
1619647771662758192 5555
1619647771782114601 4099
1619647771862475359 4732
1619647771889638003 5249
1619647771980731060 3877
1619647771986088412 3285
1619647772019808425 5152
1619647772027808176 5943
1619647772126873450 3762
1619647772319327832 4275
1619647772678757034 3694
1619647772777578668 3555
1619647772955450373 3108
1619647773082882922 6036
1619647773130866640 4234
1619647773680824983 3727
1619647773705459305 15521
1619647773750151385 3540
1619647773808377423 3606
1619647773915837930 4706
1619647774100737767 4400
1619647774108855044 6081
1619647774204145140 3561
1619647774356758326 3801
1619647774403999725 3920
1619647774448290777 4546
1619647774909654123 5915
1619647775107971758 6973
1619647775130019999 4797
1619647775256670440 3781
1619647775444580940 4188
1619647775710057036 4390
1619647775816351580 4274
1619647776033354219 4411
1619647776089044899 3778
1619647776276036067 4973
1619647776485237965 3039
1619647776657389405 5257
1619647776834013049 4197
1619647776920228932 7215
1619647777064692550 5202
1619647777180016776 4890
1619647777641851994 4390
1619647778348090489 4105
1619647778390029338 5164
1619647778758469084 4989
1619647778873188572 4763
1619647779048006171 4413
1619647779112068558 5002
1619647779349806897 4451
1619647779599986497 5393
1619647779606726672 4627
1619647779845831690 4324
1619647780042160820 5524
1619647780118987174 4217
1619647780289196745 3048
1619647780411564868 4037
1619647780553941799 5244
1619647781144454413 3694
1619647781618291335 4651
1619647781709529261 3610
1619647781931651723 3537
1619647781973034139 4933
1619647782024077948 4309
1619647782435313918 5966
1619647782456156254 4617
1619647782467085282 2624
1619647782480538574 4832
1619647782655721463 3976
1619647782717041659 4218
1619647782728508051 3449
1619647782935633000 5615
1619647782986531768 5254
1619647783363601721 5631
1619647783546936340 4603
1619647783578442412 10204
1619647783619816619 3997
1619647783716792826 4307
1619647783846174698 4195
1619647783867849179 4867
1619647783953761006 4178
1619647784360198977 5972
1619647784491135078 3389
1619647784525616856 4702
1619647784640268589 4057
1619647784647730313 5236
1619647784791994722 8862
1619647784990543904 4513
1619647785100023934 4748
1619647785123037341 7151
1619647785695799676 7150
1619647785772308755 3688
1619647785793284230 5279
1619647786422870378 5477
1619647786686695261 5165
1619647786767138280 3847
1619647786800082297 3998
1619647786839284806 7413
1619647787120605939 3578
1619647787160781376 3635
1619647787193856624 5545
1619647787272758092 5507
1619647787616226796 4379
1619647787953247053 3864
1619647788045673155 3201
1619647788129235421 3624
1619647788196671068 3792
1619647788219827649 7703
1619647788233550100 4134
1619647788247133522 4381
1619647788272750363 4261
1619647788480382331 5024
1619647788742346669 4112
1619647788755194999 3956
1619647788951984749 12382
1619647789210473544 4448
1619647789288199361 3956
1619647789519029992 4147
1619647789682068743 4384
1619647789782191422 6729
1619647789851751066 3714
1619647789877022197 3681
1619647790014286132 7742
1619647790165348983 4253
1619647790230529805 3646
1619647790251509883 3899
1619647790455754051 4439
1619647790749293030 4116
1619647790793196537 4920
1619647790815966110 7285
1619647790851259898 4552
1619647791304332785 3985
1619647791466778578 6827
1619647791474080278 5153
1619647791519314915 6368
1619647791551573878 5132
1619647791619167377 4702
1619647791633693150 6118
1619647791656798029 7116
1619647791960922654 3347
1619647792060792513 5905
1619647792316052758 5089
1619647792653050827 4487
1619647792756079184 3933
1619647792772708702 7364
1619647792853532659 6747
1619647792965423456 3690
1619647793047363305 4443
1619647793090473080 3938
1619647793253796683 5005
1619647793342504011 4177
1619647793585149979 6471
1619647793641396655 4154
1619647793738702060 4847
1619647793759824401 5490
1619647793803584686 4921
1619647793866183065 4520
1619647793894740852 6155
1619647793967820894 4605
1619647794000465488 3512
1619647794068473458 4013
1619647794145458534 4419
1619647794256931748 4090
1619647794678158963 3759
1619647794800926365 3791
1619647794813317860 4167
1619647794878362876 6327
1619647794904317039 4899
1619647795117600227 4553
1619647795225896544 5261
1619647795485160547 5720
1619647795514033406 4289
1619647795578753766 4557
1619647795658400790 5634
1619647795863276708 4379
1619647795934878579 5066
1619647796194983637 4953
1619647796291059803 3580
1619647796553659482 3865
1619647797177894154 4185
1619647797565331393 3646
1619647797780920828 4402
1619647797974190874 4077
1619647798052023851 4536
1619647798109448357 13911
1619647798342117114 4793
1619647798388882059 7167
1619647798419113236 6502
1619647798637397514 4288
1619647798756295870 4655
1619647798788308784 3829
1619647798829774854 4858
1619647798863290348 3433
1619647798975492283 3286
1619647799162429946 3443
1619647799291023529 5039
1619647799339929818 3578
1619647799426772767 5667
1619647799777383381 4503
1619647799913303993 3905
1619647799940460667 5137
1619647800035787538 4033
1619647800129621051 3864
1619647800539636450 4217
1619647800715930653 6690
1619647800822372719 5846
1619647801049365310 3805
1619647801554627582 3593
1619647801598524064 3603
1619647801665224115 4914
1619647802338445336 4220
1619647802345418312 4881
1619647802383427266 11079
1619647802426621905 3704
1619647802484406155 5318
1619647802520261381 3942
1619647802663635844 3832
1619647802878278251 3185
1619647803000028314 4036
1619647803079229316 4613
1619647803182922027 8091
1619647803189239843 4111
1619647803225357917 4477
1619647803664663576 3827
1619647803789788550 4347
1619647803855462432 5099
1619647804006973215 3952
1619647804199960355 4508
1619647804367902571 5048
1619647804398057481 4029
1619647804534619480 5720
1619647804662321595 4965
1619647804750050857 3538
1619647804875562325 2864
1619647804910587173 4768
1619647805307346047 4721
1619647805337322077 3848
1619647805344199720 4679
1619647805394940333 4133
1619647805553534391 2549
1619647805632903857 4046
1619647805709892647 4085
1619647805753754486 3602
1619647805789697943 5044
1619647805802829579 5521
1619647806021014206 4540
1619647806100177408 4362
1619647806120436744 3989
1619647806284758830 5251
1619647806577248323 5355
1619647806915634547 3650
1619647807081158398 6378
1619647807182348907 4766
1619647807291429726 3793
1619647807353964231 4737
1619647807384680452 4124
1619647807772975220 3766
1619647808026149304 4576
1619647808091855500 4575
1619647808100452125 6375
1619647808273801958 3648
1619647808576302384 4196
1619647808601621424 3382
1619647808662972082 3673
1619647808697168538 5702
1619647808742554519 4011
1619647808987999980 3134
1619647809181157533 6930
1619647809276660046 4682
1619647809426819399 11701
1619647809454866156 5488
1619647809540405271 12271
1619647809666190200 3865
1619647810070574956 6577
1619647810272072429 8076
1619647810410999580 4613
1619647810602814129 2375
1619647810608588982 3574
1619647811024109336 4415
1619647811410350314 22453
1619647811557083434 4878
1619647811817247934 4681
1619647811858858793 4068
1619647812040775624 4009
1619647812053724072 4038
1619647812316383102 5162
1619647812347990721 4577
1619647812546937189 4819
1619647812739640914 5459
1619647812996711590 5454
1619647813001336527 2518
