1619132814310818984 1186
1619132814346471848 1473
1619132814443034497 1796
1619132814458961850 773
1619132814495770592 1158
1619132814560002999 1093
1619132814565917776 425
1619132814705064412 1521
1619132814795190049 117
1619132814896948146 1283
1619132815040731314 1645
1619132815092823560 1690
1619132815112260827 396
1619132815118353010 820
1619132815164401583 651
1619132815198293064 1529
1619132815593333844 2294
1619132815621102750 2398
1619132815766585287 869
1619132815852274770 88
1619132815883966429 1347
1619132816086969034 2599
1619132816121262348 629
1619132816131098725 1095
1619132816176937332 1658
1619132816221115306 1177
1619132816269450237 1101
1619132816437706899 1065
1619132816474395227 1361
1619132816553122319 1866
1619132816698556149 1738
1619132816702143534 1563
1619132816721230896 1569
1619132816837990807 1324
1619132816921194012 1322
1619132816928133144 1008
1619132817005421601 867
1619132817145637257 463
1619132817220366681 1731
1619132817244754420 1391
1619132817417929390 849
1619132817492481609 1206
1619132817663105106 3141
1619132817694214058 1530
1619132817794089425 1303
1619132817797693890 1521
1619132817854101237 2419
1619132817860806148 506
1619132817913830483 2070
1619132817930766000 656
1619132817965100065 545
1619132817998760772 775
1619132818062313884 763
1619132818175603147 416
1619132818346422173 1721
1619132818406090359 1394
1619132818479953825 1169
1619132818679481944 1537
1619132819188388045 545
1619132819261323094 1693
1619132819316317597 2048
1619132819346459054 1584
1619132819602590397 1455
1619132819638436678 3912
1619132819673832728 1944
1619132819681273330 1384
1619132819845130224 2785
1619132820050057545 1288
1619132820085655722 1287
1619132820090482574 2789
1619132820136387252 1802
1619132820141422131 2963
1619132820156059103 1463
1619132820186384899 93
1619132820192062546 370
1619132820207729085 4401
1619132820261021403 1083
1619132820332048512 1473
1619132820366371378 2650
1619132820732062631 1031
1619132820795065774 1535
1619132820819310968 1368
1619132820824116529 2703
1619132820838013855 2737
1619132821009167572 280
1619132821029000059 2197
1619132821223891095 1306
1619132821237493373 96
1619132821382019544 1066
1619132821419203339 1925
1619132821433549610 451
1619132821443819762 1440
1619132821518003652 1278
1619132821685089977 810
1619132821778632030 1563
1619132821937314833 458
1619132821952935612 1608
1619132822124263076 243
1619132822159694534 2821
1619132822185599898 608
1619132822290532180 522
1619132822317951568 1076
1619132822324861377 1906
1619132822361581462 872
1619132822405920936 2006
1619132822518590729 1582
1619132822545683974 1412
1619132822628073888 1560
1619132822676559594 664
1619132822686793950 358
1619132822738060125 1524
1619132822890618162 471
1619132823012421175 2847
1619132823140238281 1004
1619132823185622376 644
1619132823245581185 1182
1619132823257225138 2542
1619132823269651536 1400
1619132823399637994 2971
1619132823504189633 1763
1619132823521211102 1030
1619132823530073418 630
1619132823551351861 1899
1619132823625860857 1967
1619132823717277618 1242
1619132823878139695 3282
1619132823936727207 1828
1619132823956201821 1556
1619132824087688190 832
1619132824164700555 315
1619132824288382675 2118
1619132824670137110 1629
1619132824827636855 594
1619132824860060238 3531
1619132824874339352 3593
1619132824903011749 3457
1619132824921690549 1312
1619132824928478092 1236
1619132824963736240 1259
1619132824972383531 257
1619132825018541545 1112
1619132825093618328 4240
1619132825170669701 1291
1619132825226933796 1885
1619132825335731218 3172
1619132825451340692 1977
1619132825516998415 912
1619132825918116231 1541
1619132825954734622 103
1619132826078567577 1966
1619132826242669581 3262
1619132826288364552 45
1619132826559895213 1819
1619132826563659443 1722
1619132826824305878 3125
1619132826873953568 1044
1619132826944555462 3128
1619132827004758563 1818
1619132827022486536 2182
1619132827198565312 396
1619132827215365262 4052
1619132827257793201 474
1619132827445673206 1106
1619132827549024206 557
1619132827586995645 5307
1619132827631814186 6699
1619132827670755170 1457
1619132827709656030 1769
1619132827736497894 1371
1619132827749642206 1883
1619132827775338622 1663
1619132827831772797 1058
1619132827836573766 2696
1619132827849455731 1033
1619132828032292480 413
1619132828144738956 1203
1619132828165603490 242
1619132828327966259 1677
1619132828330942231 858
1619132828431606707 1368
1619132828503704311 1614
1619132828511949470 1024
1619132828571774377 2409
1619132828598151580 1488
1619132828732830492 2471
1619132828759457901 1026
1619132828797590510 3073
1619132828876823249 978
1619132828881304519 2422
1619132828904808799 1527
1619132828968848841 972
1619132829017770865 919
1619132829076866885 1021
1619132829086909030 1993
1619132829236584369 1857
1619132829276636077 2028
1619132829331539232 1835
1619132829334935513 1338
1619132829337379059 365
1619132829511386509 99
1619132829595292377 3333
1619132829792823640 875
1619132829799697019 1441
1619132829866564628 1225
1619132829958630786 2789
1619132830138273592 472
1619132830158235401 1411
1619132830182548654 2067
1619132830253338399 781
1619132830402847646 107
1619132830441868936 839
1619132830617750801 1374
1619132830625386866 1866
1619132830736540216 1880
1619132830755627208 1458
1619132830800179384 602
1619132830831600581 1437
1619132830997267085 1401
1619132831009885075 2260
1619132831030317008 1514
1619132831140752946 1578
1619132831188078937 971
1619132831206910290 1596
1619132831219700902 880
1619132831229151960 1219
1619132831247132722 2243
1619132831293683951 1697
1619132831357806745 1255
1619132831418283112 1687
1619132831430871360 4686
1619132831442328017 3879
1619132831482342029 2509
1619132831502018886 442
1619132831553462322 696
1619132831592300691 1096
1619132831649709893 1875
1619132831699533867 2016
1619132831769578910 1238
1619132831848010330 1187
1619132832028434972 1088
1619132832116085754 930
1619132832124065059 2134
1619132832413530809 1309
1619132832473420207 2110
1619132832527119266 1046
1619132832594988182 4267
1619132832721035095 698
1619132832823709679 951
1619132832928316701 1262
1619132832983385464 1240
1619132833047669435 2301
1619132833193869462 2386
1619132833200996618 1745
1619132833217268020 1234
1619132833231456483 705
1619132833347051183 339
1619132833393947651 1231
1619132833430117650 774
1619132833447027357 1589
1619132833501207619 1324
1619132833561343562 842
1619132833570374757 843
1619132833600517641 1064
1619132833690985959 1107
1619132834181872227 1421
1619132834466992485 168
1619132834552498266 3949
1619132834560343920 2626
1619132834583879337 416
1619132834892678019 1370
1619132835021419477 747
1619132835088038659 591
1619132835186214724 1615
1619132835240997749 1073
1619132835258742629 1192
1619132835318625543 1550
1619132835524456880 2871
1619132835612780059 1311
1619132835651271760 1441
1619132835782003660 795
1619132835834558192 872
1619132835865754188 1867
1619132836047244980 2451
1619132836068902872 506
1619132836098067879 1301
1619132836116635137 1017
1619132836207591986 2027
1619132836380672498 3418
1619132836416803151 2029
1619132836440756735 856
1619132836509468613 1597
1619132836545858556 1377
1619132836596064291 2633
1619132836622154586 1421
1619132836661141516 94
1619132836740337516 2538
1619132836760622066 2747
1619132836944796295 1744
1619132837151532749 977
1619132837166757470 1622
1619132837227231995 1651
1619132837245007253 470
1619132837332716269 1317
1619132837337761634 787
1619132837343766499 1830
1619132837529259059 2621
1619132837609879200 1364
1619132837634021408 808
1619132837663826119 2944
1619132837803058124 2200
1619132837806184934 1003
1619132837849467955 2046
1619132837915293666 1161
1619132838086832915 1081
1619132838261532633 1512
1619132838284373440 2088
1619132838287235196 785
1619132838345708413 1163
1619132838372312939 1315
1619132838389414335 997
1619132838398543179 925
1619132838407780626 2369
1619132838419455075 2556
1619132838432607242 959
1619132838439449519 1604
1619132838446822576 1249
1619132838467540995 1419
1619132838767896403 327
1619132838771859460 1841
1619132838837756813 1561
1619132838957649154 1392
1619132839103288703 2031
1619132839115708276 2111
1619132839138665420 1906
1619132839238265249 912
1619132839279727325 2725
1619132839336070422 4065
1619132839391416228 2919
1619132839420568835 4065
1619132839628296571 329
1619132839649641537 109
1619132839713290824 2034
1619132839804929108 1103
1619132839819250231 831
1619132839823475871 2109
1619132839867937907 2516
1619132839900890478 1464
1619132840032929777 1381
1619132840187012775 3651
1619132840273226221 1357
1619132840288865676 1666
1619132840331868781 1347
1619132840391511944 1570
1619132840395866424 2302
1619132840400979574 3025
1619132840508705434 1719
1619132840653532390 739
1619132840854991600 1257
1619132840892610074 1588
1619132840922327594 830
1619132840934544406 1452
1619132840938266053 1692
1619132840971549641 1222
1619132841023552574 1767
1619132841047534354 852
1619132841066684612 839
1619132841197612293 649
1619132841231332725 1404
1619132841234445242 924
1619132841329559359 856
1619132841457126292 1278
1619132841463920594 1309
1619132841467550262 1585
1619132841578009413 2625
1619132841620979233 2363
1619132841675633590 1643
1619132841936047633 3815
1619132841992864027 1024
1619132841996407612 1411
1619132842051380301 1521
1619132842069207149 702
1619132842075714535 1319
1619132842247833278 2057
1619132842274253664 1828
1619132842292497788 1483
1619132842353570011 1124
1619132842553184501 141
1619132842565167550 4070
1619132842611683904 4630
1619132842692272172 67
1619132842695497552 1128
1619132842836161003 3156
1619132842853998636 1205
1619132842891791498 3076
1619132842899949751 2612
1619132842915213060 1823
1619132842943896904 3656
1619132842974559664 1963
1619132843090598251 1649
1619132843108125365 5129
1619132843209506971 2688
1619132843228030147 1218
1619132843339543511 1424
1619132843365394018 1659
1619132843477776123 744
1619132843552840939 945
1619132843818506383 713
1619132843974861599 1231
1619132844153151613 1409
1619132844264372405 822
1619132844376855657 1454
1619132844386670769 4138
1619132844468448618 2003
1619132844662554855 1455
1619132844739664195 452
1619132845092986745 877
1619132845146479236 1062
1619132845163732019 1417
1619132845170376854 1223
1619132845360390871 1608
1619132845363573769 1088
1619132845385152485 811
1619132845456526216 1005
1619132845742610649 4388
1619132845777891854 2331
1619132845787568511 1144
1619132845813033664 1470
1619132845993998918 2059
1619132846135741633 641
1619132846180618816 636
1619132846251550275 2975
1619132846512474603 687
1619132846607379158 2023
1619132846737668413 898
1619132846776564578 1830
1619132846787125105 1848
1619132846790883622 1727
1619132846829883711 2934
1619132846837933912 1609
1619132846955074791 111
1619132846981672739 2307
1619132847001461035 290
1619132847226986025 1716
1619132847282553956 920
1619132847295058731 1322
1619132847379194238 1183
1619132847455052798 1435
1619132847474688124 1541
1619132847605070975 815
1619132847655392798 652
1619132847708848962 405
1619132847711947282 907
1619132847733337601 912
1619132847797495203 88
1619132847800657273 1110
1619132847838381713 1034
1619132848068403811 1031
1619132848121955182 1187
1619132848241531998 733
1619132848313225796 1286
1619132848354772547 2143
1619132848409870116 1218
1619132848425064646 1618
1619132848540365413 1637
1619132848599481757 861
1619132848776952725 1240
1619132848827867219 1556
1619132848927256398 1686
1619132848956641232 4390
1619132848985671514 3232
1619132849078084657 1341
1619132849082911093 464
1619132849125489784 958
1619132849202668341 2053
1619132849253150272 1369
1619132849402614752 1344
1619132849490550914 2419
1619132849596242805 2415
1619132849783855345 1208
1619132849825680734 1684
1619132849841912484 1003
1619132849881467548 1976
1619132849896126865 1047
1619132849918002118 3469
1619132849952026099 351
1619132849976047060 3577
1619132850002449953 2528
1619132850091538121 4159
1619132850104814135 1536
1619132850146686329 623
1619132850149768757 991
1619132850240112007 1413
1619132850434173448 1804
1619132850562224232 315
1619132850569112114 981
1619132850676505500 998
1619132850717167217 5115
1619132850884218116 5675
1619132850890069000 3659
1619132850914354547 3828
1619132850942831492 2185
1619132851216886486 1470
1619132851260445384 541
1619132851264699808 2222
1619132851273287510 2172
1619132851461222516 2203
1619132851471323962 1516
1619132851499600115 1314
1619132851578361666 2506
1619132851713823604 1159
1619132851906880344 1771
1619132851952586348 4932
1619132851965852828 556
1619132852053190532 99
1619132852059531102 1318
1619132852062568885 1003
1619132852116476471 1199
1619132852139009112 1708
1619132852157834107 2113
1619132852207309231 995
1619132852322672951 1044
1619132852385757845 1665
1619132852579768528 3787
1619132852632352857 1348
1619132852771116744 1408
1619132852858006233 1542
1619132852907988079 1010
1619132853132701808 1202
1619132853160562394 129
1619132853177847925 107
1619132853288777067 913
1619132853486461151 1231
1619132853558376344 1592
1619132853695424667 592
1619132853723345923 124
1619132853775040874 584
1619132853793062350 2151
1619132853855201807 284
1619132853882498667 1438
1619132853919022743 1534
1619132853974727217 2058
1619132853995624930 2631
1619132854043031578 2285
1619132854079000031 1470
1619132854225322029 2399
1619132854270756309 2091
1619132854319948646 1007
1619132854337507314 2313
1619132854341483822 1925
1619132854421612195 2117
1619132854585799365 621
1619132854642536040 892
1619132854649565290 1689
1619132854891252096 92
1619132855110073213 2609
1619132855223329659 1043
1619132855311894823 1684
1619132855389120058 90
1619132855437390394 848
1619132855457154359 1408
1619132855638161105 1277
1619132855748445955 999
1619132855756286273 2222
1619132855844732926 2610
1619132855881906772 1127
1619132855889919136 2515
1619132855906615156 2152
1619132855975942206 1957
1619132856040475708 1409
1619132856172305082 1607
1619132856235773122 2147
1619132856348761195 2783
1619132856398613158 915
1619132856490591195 2131
1619132856504779939 3700
1619132856675719712 1333
1619132856792758236 1510
1619132856841002506 2098
1619132856876082435 2078
1619132856922398601 65
1619132856984030205 883
1619132857013244383 1811
1619132857047172249 3144
1619132857139205696 1407
1619132857430594912 1207
1619132857433675435 1037
1619132857467014303 1012
1619132857474106068 1544
1619132857533933131 1517
1619132857841360366 2133
1619132857851377647 1717
1619132857879218240 2250
1619132857915070592 588
1619132858035982789 2056
1619132858089768512 981
1619132858113064047 2089
1619132858161350877 2945
1619132858257395811 1779
1619132858311025820 1958
1619132858445722640 2489
1619132858557768987 1247
1619132858569601332 1737
1619132858672927814 95
1619132858691154991 569
1619132858871937421 1322
1619132858913696948 1359
1619132859040202585 1253
1619132859176146507 4393
1619132859191574087 3082
1619132859194604151 927
1619132859412772924 1092
1619132859435326872 4208
1619132859504196039 365
1619132859587063426 1748
1619132859615774889 997
1619132859673166655 1214
1619132859812926285 1590
1619132860004912189 1894
1619132860062119909 1168
1619132860072651126 1568
1619132860084453155 1659
1619132860252796279 1929
1619132860317302851 1260
1619132860359701293 2023
1619132860430925027 1148
1619132860437490430 1066
1619132860476573919 2027
1619132860531433203 3045
1619132860647145193 2172
1619132860801247900 1752
1619132860847996758 3611
1619132860976291780 2693
1619132861030368773 1061
1619132861194704452 794
1619132861366027062 1431
1619132861436424720 1770
1619132861474013774 1503
1619132861544496540 818
1619132861548762638 2122
1619132861583630511 2110
1619132861590278466 985
1619132861698994645 1394
1619132861790828182 4943
1619132861891869728 872
1619132861928449234 90
1619132861996650596 901
1619132862072133919 569
1619132862079604866 2191
1619132862137003494 3180
1619132862201581659 3332
1619132862230866545 52
1619132862474419136 958
1619132862636861872 1863
1619132862740522871 887
1619132862752644380 544
1619132862809182129 2195
1619132862931263782 1527
1619132863023702125 2738
1619132863148046245 1401
1619132863217598696 105
1619132863278791399 3184
1619132863498117146 1559
1619132863510330452 917
1619132863607888569 606
1619132863742869825 1963
1619132863746503934 1550
1619132863815409301 1417
1619132864058169037 3554
1619132864081764677 840
1619132864162269855 1831
1619132864170460815 2134
1619132864190115447 498
1619132864262750926 1281
1619132864397904315 1969
1619132864470759462 1286
1619132864713948179 3898
1619132864806853118 2591
1619132864819706030 1473
1619132864823101263 1366
1619132865007772398 2386
1619132865113797598 1124
1619132865116914312 1013
1619132865123240929 1114
1619132865274242417 2072
1619132865362850350 758
1619132865442915940 1320
1619132865512222406 1317
1619132865568749943 1268
1619132865589937631 1097
1619132865619060920 949
1619132865701854788 3876
1619132865735139458 956
1619132865865124371 1114
1619132865921102169 1432
1619132866116533595 937
1619132866122425129 959
1619132866339878732 454
1619132866431671762 1262
1619132866566559924 983
1619132866619029841 1333
1619132866660162760 881
1619132866810548102 1611
1619132866878723089 1555
1619132866967837154 431
1619132867006334408 932
1619132867070730686 4529
1619132867163876854 1132
1619132867466950854 1551
1619132867640011154 337
1619132867781924604 2577
1619132867893860734 1472
1619132867907758080 1330
1619132867973459727 1029
1619132868043846717 932
1619132868214224491 1645
1619132868218501711 2089
1619132868249916774 2539
1619132868320585132 765
1619132868333961175 1840
1619132868354681519 1422
1619132868603471230 940
1619132868703401725 1807
1619132868777325305 870
1619132869011403445 135
1619132869077229696 1822
1619132869196268614 396
1619132869206228447 760
1619132869294146401 1650
1619132869547319933 2360
1619132869631617390 6100
1619132869641442620 3107
1619132869720629290 1095
1619132869886692614 927
1619132869977970499 1742
1619132870043308211 1726
1619132870079851049 2303
1619132870097879032 695
1619132870249613481 1519
1619132870330440839 2161
1619132870364936438 3041
1619132870431265728 3404
1619132870484084168 3159
1619132870531305999 1641
1619132870611202253 1375
1619132870808654250 1052
1619132870813642339 2848
1619132870829412925 2198
1619132870831891872 243
1619132870887208782 1528
1619132871003987900 2060
1619132871018831347 1048
1619132871057395352 1222
1619132871060634738 1034
1619132871299132013 122
1619132871329719605 2150
1619132871425832518 2315
1619132871489993704 1676
1619132871691879805 699
1619132871881996208 1476
1619132871936210139 1315
1619132871967680693 4182
1619132871975083115 2099
1619132871991164423 144
1619132872329641689 1134
1619132872344064590 1560
1619132872458166592 2282
1619132872468541771 1188
1619132872471816425 1113
1619132872480532723 996
1619132872750784323 1846
1619132872950594170 611
1619132873031445695 1702
1619132873080836909 2003
1619132873085674611 2758
1619132873182145875 3555
1619132873305074862 336
1619132873435318986 452
1619132873448192484 1331
1619132873486862348 1232
1619132873628885405 1727
1619132873644363763 1199
1619132873666750328 73
1619132873685968194 1394
1619132873713542268 1912
1619132873823178422 1372
1619132873873997924 153
1619132873885843396 1719
1619132873985907803 610
1619132874093289896 3319
