1619136324290915172 3892
1619136324326048657 4713
1619136324397441910 4440
1619136324618444531 6285
1619136324641865479 4279
1619136324822218296 5049
1619136324980711184 4062
1619136325001013494 4649
1619136325394544556 5088
1619136325497434465 5259
1619136325567107175 44462
1619136325583800240 7008
1619136325727953869 9421
1619136326110279321 7693
1619136326501285969 4792
1619136326660395567 35328
1619136326869098563 4186
1619136326898865851 6567
1619136326967705706 5499
1619136327120541385 3616
1619136327272107482 3343
1619136327766122759 4492
1619136327988673828 3720
1619136328188482235 3357
1619136328262946709 43953
1619136328287275910 8978
1619136328502033786 3029
1619136328589619363 6816
1619136328980290220 3576
1619136328994175805 5181
1619136329111675720 4640
1619136329374790305 5647
1619136329432768296 7675
1619136329678764875 4209
1619136329697738961 5223
1619136330241190271 8010
1619136330627001529 5271
1619136330725342585 4780
1619136330789777653 6757
1619136330809734080 8722
1619136331002896389 5674
1619136331023193780 3770
1619136331185121113 3266
1619136331384945719 3262
1619136331463388234 18866
1619136331595760825 7051
1619136331905362574 2629
1619136331917387841 4071
1619136331981434341 5534
1619136332220937645 8342
1619136332705019371 5752
1619136332805368942 8089
1619136332891768286 6424
1619136333396005829 5569
1619136333690942900 7149
1619136333837239321 5168
1619136333908677043 9195
1619136334292685753 6664
1619136334303806172 9052
1619136334514158317 5341
1619136334589113488 4543
1619136334799119146 7989
1619136334816658792 3230
1619136335115484336 8114
1619136335171469356 3937
1619136335272403589 4224
1619136335615129283 5195
1619136335828088115 8834
1619136335944965591 4877
1619136335989502556 4684
1619136335994532291 2910
1619136336194375333 5964
1619136336476795317 3388
1619136336673562684 4161
1619136336994453294 7549
1619136337064577886 18769
1619136337162828754 17567
1619136337503048114 4630
1619136337518609838 6300
1619136337548398313 8104
1619136337624641146 8482
1619136337680703771 3545
1619136338148374839 6364
1619136338318432081 7092
1619136338526487911 6831
1619136338802593424 8039
1619136339032629685 7371
1619136339308193882 7638
1619136339321058686 10764
1619136339474131821 4998
1619136339698302225 5512
1619136339862699030 6530
1619136339913799221 7861
1619136339931836265 7393
1619136339995234599 5579
1619136340204403361 8153
1619136340464101979 18342
1619136341106231567 7152
1619136341267944149 3063
1619136341396166888 5765
1619136341467202082 13357
1619136341521679243 9533
1619136341685037042 5634
1619136341795472763 5204
1619136341873104755 3971
1619136341939658360 11298
1619136342267334955 9099
1619136342389677002 6442
1619136342468486214 3191
1619136342583281222 3762
1619136342987820268 3641
1619136343431056053 7970
1619136343459727762 26514
1619136343777840572 5047
1619136343899152263 4946
1619136344261911514 13726
1619136344872379400 3746
1619136345146415327 10536
1619136345598957841 4329
1619136345681158066 3805
1619136345882290487 2889
1619136345886889622 2546
1619136346108046716 6156
1619136346393589949 2833
1619136346402416609 6734
1619136346618124197 7548
1619136346775966206 4267
1619136346919355137 3796
1619136347009543982 5108
1619136347109976730 6674
1619136347523516971 7836
1619136347562670546 15706
1619136347588241857 5965
1619136347644579388 6432
1619136347715905505 4983
1619136347903600878 4424
1619136348110869195 5387
1619136348197061107 6851
1619136348475920194 4058
1619136348503008481 4356
1619136349089934861 5528
1619136349211329134 7746
1619136349875598819 2252
1619136349888691710 4951
1619136350203984968 5741
1619136350317065426 5575
1619136350610475908 6327
1619136350681736336 4498
1619136350794147031 4523
1619136350822273497 3386
1619136351046119321 9758
1619136351218845730 7943
1619136351362822133 14230
1619136351479952385 4166
1619136352309522792 7286
1619136352412088287 8757
1619136352772259764 4196
1619136352794005091 4902
1619136352821299212 6734
1619136352894866554 3910
1619136353777775578 3262
1619136354016293840 3264
1619136354098830540 4372
1619136354105167158 4161
1619136354188222244 4951
1619136354568153098 4017
1619136355271684953 5681
1619136355518409182 4792
1619136355769427897 3391
1619136355918575385 3029
1619136356305573312 7439
1619136356436664527 4385
1619136356496368145 6665
1619136356740632236 9238
1619136356965689075 24735
1619136357063329936 30747
1619136357222493155 9816
1619136357442392969 9199
1619136357852129739 7832
1619136358316443714 6997
1619136358512634479 3201
1619136358668249604 2461
1619136358787776688 4076
1619136358821611570 6321
1619136359092114381 6621
1619136359364324931 26143
1619136359401962374 8301
1619136359476460558 4098
1619136359518316787 6698
1619136359565391744 32168
1619136359754471530 5334
1619136360006348163 4115
1619136360770633065 3148
1619136360883899078 5330
1619136361138475079 9966
1619136361312312953 11614
1619136361421169133 5808
1619136361619076688 7392
1619136361870718731 3158
1619136361928270132 10419
1619136361988971149 6997
1619136362277127268 5723
1619136362640918564 2753
1619136362997796893 5322
1619136363061792868 31429
1619136363218876179 7146
1619136363587483193 3547
1619136363594360515 4827
1619136363611155268 3805
1619136363686182533 4167
1619136363702966944 7006
1619136363780796035 4016
1619136363823292621 5698
1619136363837957120 12634
1619136363844297045 4241
1619136363868490316 4347
1619136364388538125 7100
1619136364443382117 8680
1619136364770784344 4647
1619136364836748065 7495
1619136365003143010 6553
1619136365018769400 6567
1619136365082128984 4431
1619136365222505490 7276
1619136365301475486 4677
1619136365597004877 5596
1619136365813319560 5484
1619136366098092786 7858
1619136366365984972 23323
1619136366371789753 3705
1619136366508694800 8903
1619136366694819088 7685
1619136366779232489 2537
1619136366793070327 6278
1619136366999095287 7807
1619136367222258153 5979
1619136367272280780 4643
1619136367277090342 2662
1619136367283317056 4157
1619136367673783273 4129
1619136367740306964 8515
1619136367796624284 4936
1619136368002930376 6296
1619136368242270271 5473
1619136368436684956 11219
1619136368804856198 5057
1619136369083959232 5615
1619136369142389326 5034
1619136369522969886 5030
1619136369663845663 24928
1619136369670013289 4118
1619136370174414366 5929
1619136370276433076 4175
1619136370404177525 8409
1619136370423893508 6933
1619136370596000333 5165
1619136370663211938 18847
1619136370770466356 7704
1619136370993702594 6393
1619136371096141560 3591
1619136371339291199 11226
1619136371467424950 4048
1619136371494804621 5672
1619136371536691082 13866
1619136371681114963 4549
1619136371710604573 3383
1619136371745100343 5906
1619136372195635186 6349
1619136372797855360 5439
1619136372985594927 5963
1619136373003323735 6876
1619136373098367160 6824
1619136373328558004 7822
1619136373495340643 5798
1619136373608871326 7182
1619136374088597490 4913
1619136374096779025 6083
1619136374400512579 6618
1619136375043962477 9559
1619136375083397830 5091
1619136375487380198 6349
1619136375724202590 5757
1619136375769401934 4815
1619136376317073571 4561
1619136376505257638 7040
1619136376592552881 5067
1619136376665000858 2657
1619136376853310746 9214
1619136377663602003 38838
1619136377921182445 5779
1619136378111066208 5221
1619136378390496308 4640
1619136378711011940 5427
1619136378817248963 7953
1619136379118177451 4545
1619136379439606983 10094
1619136379607386501 5356
1619136379969441474 5910
1619136380023923161 6174
1619136381210191180 5171
1619136381265393637 26825
1619136381590183860 4852
1619136381772015063 3430
1619136381907841542 11029
1619136382162709856 26731
1619136382269231508 4922
1619136382428100903 7624
1619136382618271564 3395
1619136382799619663 6905
1619136382973317723 3796
1619136383077801181 3035
1619136383221004586 6628
1619136383830529697 9881
1619136383904415070 7603
