1654902813137513284 0
1654902818142149323 0
1654902823147360427 0
1654902828152520712 0
1654902833155075826 0
1654902838158100513 0
1654902843162449699 0
1654902848167436611 71
1654902853170452780 57
1654902858175464227 44
1654902863180638703 53
1654902868185372781 50
1654902873190531102 54
1654902878195764433 57
1654902883200895894 42
1654902888205918222 53
1654902893210393046 40
1654902898215561953 48
1654902903220715078 42
1654902908226174330 53
1654902913231469448 68
1654902918234430534 48
1654902923239612633 69
1654902928244869382 36
