1656104424434838644 24694757
1656104424594026120 8684260
1656104424752937187 8395220
1656104424912068593 8574759
1656104425083381878 20795488
1656104425242960794 9115569
1656104425404173350 10706819
1656104425563377626 8696559
1656104425722663282 8780730
1656104425886695657 13494159
1656104426047788485 10580960
1656104426210061410 11770920
1656104426370942647 10373689
1656104426530480041 9039389
1656104426691706049 10897649
1656104426851967096 9751518
1656104427011595871 9083679
1656104427172044418 9801359
1656104427336963744 14405650
1656104427498008148 10529079
1656104427662217695 13618509
1656104427823704792 10953259
1656104427981872669 7728620
1656104428142022214 9357150
1656104428304864980 12223078
1656104428464978107 9318419
1656104428627063363 11421189
1656104428786043269 8524338
1656104428943925275 7400500
1656104429106973101 11541689
1656104429266649738 8786719
1656104429428924024 11278589
1656104429586867521 7444390
1656104429746086306 8440009
1656104429911020103 14357099
1656104430070039256 8330019
1656104430232470295 10888319
1656104430391587731 8678170
1656104430550938388 8234239
1656104430713758484 12071239
1656104430874009100 9294930
1656104431035548296 10968379
1656104431193301022 7317569
1656104431352608428 7958719
1656104431515886904 12224799
1656104431676159980 9519139
1656104431838468216 10918020
1656104431996238552 7342669
1656104432155271959 7651949
1656104432318414825 11777979
1656104432476908531 7302649
1656104432640972368 13495770
1656104432799285223 7854140
1656104432958961261 8573580
1656104433121408176 11747239
1656104433280889301 7962019
1656104433446112288 14029009
1656104433604366534 7797999
1656104433763632291 8213489
1656104433927940217 11473139
1656104434087737853 9048560
1656104434250403469 10925039
1656104434409292375 8475189
1656104434568148991 7764269
1656104434731266648 11660059
1656104434891906274 8711439
1656104435053250670 10675210
1656104435211644946 7875149
1656104435370295713 7506420
1656104435534300548 12498328
1656104435694046665 7978589
1656104435856996071 12340079
1656104436016210707 8766300
1656104436175354563 8510349
1656104436338127579 11475019
1656104436498926875 9283600
1656104436659861712 9580310
1656104436819026408 8650949
1656104436979331154 9695060
1656104437138744560 8878960
1656104437298837877 9163349
1656104437459763983 10122340
1656104437617464759 7376730
1656104437776086656 7467670
1656104437937645022 10986829
1656104438096565248 7871109
1656104438259706234 12051999
1656104438418393750 7976450
1656104438578206566 9195240
1656104438740398553 11001879
1656104438901256009 10300449
1656104439063947985 12172449
1656104439222013731 7600569
1656104439381577494 8874509
1656104439544415973 12196129
1656104439703462269 7838449
1656104439865446766 10788639
1656104440023136702 7260470
1656104440181448717 7154320
1656104440343273293 10634949
1656104440503444401 8804679
1656104440665392967 10704740
1656104440823666860 7813889
1656104440982936419 8747830
1656104441145093795 10381080
1656104441304573171 8928079
1656104441466877817 11161668
1656104441624825793 7472579
1656104441783932748 8309770
1656104441945697996 11051899
1656104442105118312 8044029
1656104442271018248 14385429
1656104442429369244 7879809
1656104442587369421 7547199
1656104442746580847 8774669
1656104442911301593 14125879
1656104443072496269 10498219
1656104443232185175 9189009
1656104443392522740 9826489
1656104443554833176 11829499
1656104443714047994 8674279
1656104443874365670 9785649
1656104444033828106 8968279
1656104444192826452 8484779
1656104444355401569 12013108
1656104444514356325 8460719
1656104444674769281 9928269
1656104444834519028 9179940
1656104444994607584 9484189
1656104445157629570 12423839
1656104445317926704 9706219
1656104445478255672 9849989
1656104445637587017 8845820
1656104445800517264 12447179
1656104445962129460 11026590
1656104446121401506 8547959
1656104446280369172 8412169
1656104446441074169 10069090
1656104446601895704 10315919
1656104446763750401 11087570
1656104446925221787 10541599
1656104447085628171 9699870
1656104447244499879 8210369
1656104447404683485 9707649
1656104447567464522 12263169
1656104447728178088 10244639
1656104447888937184 10254459
1656104448048277560 8813670
1656104448207723643 8939339
1656104448369727942 11475748
1656104448529549418 8923129
1656104448690950185 10953890
1656104448850409341 8943810
1656104449012234027 11248079
1656104449174875493 12135029
1656104449334398859 8966680
1656104449494634195 9476879
1656104449653892561 8781719
1656104449813036417 8615409
1656104449975594593 12042329
1656104450135982039 9879049
1656104450296791483 10192329
1656104450456431872 8950140
1656104450615657108 8719150
1656104450779137623 12943929
1656104450938871200 9173099
1656104451099416906 9974709
1656104451259008003 9003950
1656104451417914068 8410709
1656104451580022825 11596789
1656104451739647081 9119909
1656104451900368515 10176519
1656104452060290424 9437950
1656104452220473160 9607250
1656104452382907526 11956470
1656104452543236472 9774719
1656104452703047708 9331230
1656104452862970744 9381760
1656104453022466751 8989930
1656104453183573687 10607350
1656104453343017881 8919250
1656104453503156379 9618519
1656104453663066665 9470789
1656104453822973011 9463199
1656104453984551987 11001519
1656104454144347913 9280969
1656104454303989470 9152139
1656104454464468166 9971719
1656104454623782433 8826810
1656104454787311308 13032139
1656104454948011284 10186909
1656104455107528551 9003700
1656104455266659057 8642699
1656104455425525363 8347089
1656104455586102990 10245990
1656104455746216636 9623410
1656104455905448372 8740169
1656104456064653387 8690060
1656104456224665274 9516210
1656104456386231550 10991447
1656104456545536187 8810519
1656104456706065403 10055819
1656104456864914069 8352179
1656104457024543816 9048610
1656104457187759281 12610909
1656104457349382096 10984920
1656104457510525744 10471580
1656104457670030300 8936489
1656104457830580744 9774799
1656104457994447782 12630779
1656104458154500008 9132969
1656104458314975364 9839868
1656104458474567261 9006690
1656104458636721497 11518360
1656104458800238050 12606089
1656104458961754578 10148009
1656104459123530324 10836619
1656104459281586461 7586530
1656104459440665257 7655739
1656104459602428752 10048759
1656104459762679278 9539309
1656104459927757324 11187149
1656104460086062780 7790570
1656104460245756097 9177649
1656104460408483983 12207099
1656104460568081549 8902579
1656104460731122995 11509849
1656104460888866299 7287510
1656104461047847018 8214939
1656104461210419913 10932199
1656104461369781667 7272449
1656104461531788026 10188009
1656104461689698622 7321519
1656104461849527478 9163760
1656104462013452684 12762599
1656104462172596651 8264560
1656104462334268766 11088129
1656104462492718954 7923850
1656104462653757759 10085989
1656104462816252065 10539909
1656104462976031151 8345789
1656104463139020357 12386429
1656104463297399603 7841709
1656104463456591470 7940559
1656104463618583226 11297419
1656104463779531082 9824729
1656104463942577397 12196869
1656104464100891664 7665580
1656104464260086050 7734459
1656104464423054737 12394989
1656104464582998833 9424479
1656104464744494629 10970150
1656104464902171256 7241579
1656104465061822201 8338649
1656104465223547507 10946069
1656104465383483993 9386308
1656104465546604169 12614549
1656104465704810805 7769849
1656104465863431771 7771990
1656104466026515328 11854140
1656104466187292034 9628029
1656104466348161588 9470600
1656104466507028406 8450699
1656104466666053832 8413299
1656104466826371206 8787710
1656104466987548595 9912810
1656104467148140560 9796960
1656104467306274858 7424939
1656104467464798794 7912789
1656104467626113161 10708310
1656104467786070736 9421779
1656104467947176833 10491129
1656104468105765819 7718789
1656104468264427805 7731450
1656104468425651881 9986129
1656104468585515228 7875789
1656104468747668674 11030709
1656104468905567281 7481179
1656104469064147027 7501469
1656104469226118353 10478749
1656104469386227617 9522999
1656104469547552694 9914739
1656104469705767843 7620990
1656104469865729988 9072720
1656104470026404435 8841009
1656104470186343070 8677679
1656104470347561767 9954660
1656104470505102993 7097080
1656104470663951859 8248479
1656104470824920895 10262670
1656104470983725512 8260928
1656104471144334618 9655930
1656104471302761515 7943340
1656104471462129841 8493530
1656104471623262297 9647580
1656104471782559643 7898458
1656104471948796769 15108519
1656104472106895225 7639969
1656104472265185222 7736500
1656104472425930857 10352849
1656104472585863264 8191459
1656104472748372040 11708359
1656104472906442945 7601200
1656104473066154693 8451939
1656104473232063469 14056990
1656104473391532334 8946169
1656104473551681421 9654709
1656104473711107747 8961079
1656104473870198713 8617299
1656104474032517930 11841600
1656104474191594705 8543619
1656104474352239121 10124420
1656104474512115448 9359729
1656104474672592314 9973599
1656104474834736200 11633449
1656104474993674977 8417599
1656104475154884313 10736259
1656104475315176139 9770620
1656104475474545005 8883309
1656104475636626721 11722849
1656104475796211128 9102370
1656104475956379464 9650359
1656104476117007840 10139739
1656104476275998506 8467089
1656104476438396721 11907309
1656104476598646808 9767659
1656104476760028305 10883379
1656104476919087411 8539330
1656104477078761688 9156149
1656104477240808873 11555939
1656104477400121230 8831240
1656104477560067415 9423119
1656104477719812762 9004039
1656104477879577428 9168718
1656104478041952234 11883119
1656104478201055018 8581279
1656104478361653726 10073330
1656104478521020543 8879249
1656104478680760689 9226890
1656104478843849383 12151529
1656104479003731671 9354799
1656104479164844257 10600599
1656104479323945363 8587729
1656104479483187560 8718699
1656104479644836326 11231969
1656104479803868162 8503570
1656104479964785739 10217469
1656104480124802325 9520389
1656104480283794471 8500539
1656104480446675187 12328639
1656104480605842012 8689959
1656104480765880559 9534228
1656104480925782566 9418240
1656104481085987572 9313769
1656104481251554588 14606849
1656104481414510941 10962169
1656104481575677009 10645929
1656104481733727186 7588039
1656104481894123342 9438249
1656104482054432507 9316769
1656104482213787205 8162850
1656104482373976509 8987250
1656104482533388067 8598100
1656104482692089413 7716839
1656104482852574579 8951448
1656104483012481935 8832888
1656104483173379511 10181029
1656104483331313888 7371680
1656104483493139624 10511469
1656104483655440829 10826599
1656104483815200156 8534179
1656104483977907932 11196659
1656104484136013209 7629850
1656104484295733015 9038769
