1655952480117869269 386348
1655952480412663351 91538
1655952480631176391 15987
1655952480912808420 80473
1655952481126688753 12463
1655952481349500214 20280
1655952481610941371 60511
1655952481829839453 16646
1655952482119279469 86176
1655952482338027950 16618
1655952482616842687 76903
1655952482835259708 14452
1655952483123048591 83388
1655952483337641645 13470
1655952483640483670 29572
1655952483921190936 78954
1655952484140300978 16533
1655952484350594390 9127
1655952484624141517 11290
1655952484837278640 11911
1655952485115287016 76523
1655952485330844698 12821
1655952485548283350 14330
1655952485812886717 63675
1655952486035830748 21539
1655952486314292294 74794
1655952486536576555 19305
1655952486752796687 15077
1655952487027617513 73799
1655952487242346846 13486
1655952487513230562 67762
1655952487733065134 17140
1655952487948551196 13245
1655952488223593542 12856
1655952488443039054 17828
1655952488718004740 72753
1655952488931248862 12044
1655952489146464054 13201
1655952489431585429 83412
1655952489645066522 12380
1655952489925246129 79110
1655952490143471098 17178
1655952490357008599 11218
1655952490626630366 13400
1655952490848254830 19999
1655952491122428286 73059
1655952491338439040 14744
1655952491621665515 81530
1655952491840782337 17880
1655952492111762674 69501
1655952492327222166 11947
1655952492538444018 10001
1655952492810846026 69635
1655952493026121198 14022
1655952493243853999 14552
1655952493514291356 69438
1655952493730897368 15451
1655952493947664540 12312
1655952494157902032 9167
1655952494424990109 12137
1655952494643296680 14136
1655952494911380767 66800
1655952495131854339 17791
1655952495345469761 12208
1655952495613227306 66595
1655952495833217090 17009
1655952496052052521 16291
1655952496311620229 58577
1655952496529579001 16203
1655952496750258152 18104
1655952496963828074 12594
1655952497232580761 16336
1655952497527143917 89459
1655952497812069412 83044
1655952498031081344 15799
1655952498242863386 10868
1655952498452649029 8837
1655952498727881685 16871
1655952498945385137 16504
1655952499213106083 66685
1655952499435210216 19929
1655952499649971317 13676
1655952499923001844 71476
1655952500132747366 8641
1655952500348482668 14593
1655952500625056745 74265
1655952500841048977 14860
1655952501051973119 9621
1655952501325267506 13061
1655952501544569627 16588
1655952501827906353 81975
1655952502045442946 14517
1655952502314062391 65592
1655952502547421473 29325
1655952502814470480 65232
1655952503032874902 14974
1655952503253711173 17683
1655952503539172189 72993
1655952503813356095 69203
1655952504048180266 32607
1655952504264225238 12873
1655952504476961370 10149
1655952504713151269 35007
1655952504926712482 12178
1655952505145142944 17021
1655952505359556235 13546
1655952505628025901 14787
1655952505851445012 22149
1655952506112438812 58238
1655952506328861133 14942
1655952506611965147 81931
1655952506825001009 11999
1655952507035985763 9770
1655952507253862666 16593
1655952507528195643 72958
1655952507755982253 26748
1655952508023928068 66921
1655952508238147413 13199
1655952508456791024 16904
1655952508715713432 57909
1655952508937393272 18158
1655952509150048145 11548
1655952509421251732 69823
1655952509634732014 10191
1655952509848364766 12477
1655952510122743783 73099
1655952510336591215 12818
1655952510626143400 87544
1655952510915538256 87270
1655952511134343198 16560
1655952511346515789 11131
1655952511623136916 75428
1655952511838704018 14342
1655952512112380765 69958
1655952512331153126 15060
1655952512549113438 14931
1655952512829793653 79045
1655952513045067786 12838
1655952513325676172 77924
1655952513535682575 8767
1655952513824107921 87272
1655952514111840097 86851
1655952514336112427 16438
1655952514610921295 73697
1655952514831051437 17818
1655952515051544898 19329
1655952515269624330 15762
1655952515530756398 18780
1655952515748963069 15953
1655952515960687371 10689
1655952516228803398 15589
1655952516446806960 16583
1655952516721694867 73333
1655952516944022129 16788
1655952517211892456 63740
1655952517429868358 16635
1655952517719870863 88632
1655952517930584715 9511
1655952518145004747 13259
1655952518440656892 93469
1655952518724934228 83207
1655952518940687710 14487
1655952519224744527 81873
1655952519443134328 17201
1655952519720456805 75018
1655952519939762166 16754
1655952520218816482 76876
1655952520439182994 19095
1655952520714084401 74059
1655952520929156523 13495
1655952521216634389 83781
1655952521441109520 20059
1655952521712841577 69941
1655952521936558827 17001
1655952522213639376 75444
1655952522425891768 10632
1655952522652641468 25369
1655952522917503224 63795
1655952523138530466 19501
1655952523352932387 13435
1655952523567739100 10721
1655952523825052329 11838
1655952524041957751 15509
1655952524267615382 22026
1655952524529438440 60713
1655952524748158522 16898
1655952524965472453 16242
1655952525220192532 53530
1655952525436197984 14180
1655952525714401259 75655
1655952525930933302 15412
1655952526143769554 11834
1655952526355012766 9390
1655952526628573903 15407
1655952526843532375 13395
1655952527112516852 65441
1655952527332436061 17208
1655952527615415879 78963
1655952527912344464 93228
1655952528219781819 97389
1655952528617434966 93807
1655952528847823076 28917
1655952529064641537 12835
1655952529324389975 13012
1655952529537482088 11940
1655952529821378643 81154
1655952530034669456 12279
1655952530254658297 15985
1655952530510113145 54330
1655952530726223907 12864
1655952530943529249 15488
1655952531213592985 68732
1655952531441784576 20543
1655952531713235893 68120
1655952531935163384 17952
1655952532154632475 17407
1655952532425271072 69363
1655952532649062253 21814
1655952532861512615 11152
1655952533128145633 15238
1655952533342612845 13211
1655952533622029091 76805
1655952533844617522 9857
1655952534135272258 88782
1655952534350097009 12610
1655952534559633960 8463
1655952534771569235 10672
1655952535025603962 14718
1655952535236976386 9762
1655952535448997298 10987
1655952535736461574 20185
1655952536014186970 72810
1655952536238880921 20375
1655952536454075333 13119
1655952536711766811 56724
1655952536931279133 18052
1655952537213259559 77299
1655952537433533200 17375
1655952537649798722 15128
1655952537862898981 10508
1655952538133183608 19965
1655952538343243083 8854
1655952538622118190 77850
1655952538930278505 106948
1655952539144873546 12192
1655952539356703088 10486
1655952539621118986 63317
1655952539832766648 9747
1655952540045924111 11685
1655952540257667092 10597
1655952540531136289 71868
1655952540744522411 10908
1655952541020011578 74448
1655952541242585159 20699
1655952541533566655 84762
1655952541749994456 11966
1655952542046430121 92304
1655952542258855603 10604
1655952542527426430 15534
1655952542755420031 21183
1655952543027306358 69213
1655952543317307173 88111
1655952543535218226 14847
1655952543812818559 76542
1655952544033111383 14917
1655952544255404414 20653
1655952544538106010 25461
1655952544746733533 7700
1655952545118113241 103027
1655952545335221653 14919
1655952545613259330 74376
1655952545837094771 21343
1655952546050055522 11842
1655952546311304499 60283
1655952546540113321 24956
1655952546757922353 15890
1655952547019254851 60307
1655952547235630042 14766
1655952547512461979 75648
1655952547741798229 28193
1655952547961754601 10583
1655952548224699509 12455
1655952548440486960 14730
1655952548654514163 11680
1655952548918603150 62883
1655952549133826272 12593
1655952549419955328 83531
1655952549635447050 14401
1655952549926130405 80852
1655952550138506576 11498
1655952550356168609 11141
1655952550565716441 8474
1655952550826275419 15404
1655952551038009411 10522
1655952551252259943 11610
1655952551539305218 84329
1655952551750960792 9478
1655952551961026683 8878
1655952552232181610 16486
1655952552451823922 18322
1655952552661896894 9133
1655952552872134816 8964
1655952553126066515 52777
1655952553344796395 16679
1655952553557054657 10809
1655952553832988840 14150
1655952554118110129 82830
1655952554344243591 23897
1655952554562423362 16926
1655952554772272554 8921
1655952555027349633 11763
1655952555242426865 12272
1655952555513265331 69014
1655952555726980003 12733
1655952555947178484 18000
1655952556226648190 77435
1655952556445421912 14064
1655952556725893179 14145
1655952556939808140 12498
1655952557228176895 87206
1655952557520264251 88855
1655952557814000667 92017
1655952558122603209 100433
1655952558335097371 10445
1655952558629155387 17895
1655952558848120359 16919
1655952559060541301 10379
1655952559310871348 49336
1655952559525368661 13313
1655952559742119223 13698
1655952559957308495 13849
1655952560220757543 62446
1655952560432789906 10630
1655952560647137607 12900
1655952560913723255 65747
1655952561131441457 16461
1655952561350951169 16600
1655952561624788775 72656
1655952561840126317 14167
1655952562117770174 76131
1655952562340610936 20370
1655952562563988496 21740
1655952562827875084 62859
1655952563046000246 15228
1655952563325294561 77719
1655952563572076112 29705
1655952563824370801 13577
1655952564041221293 15836
1655952564324955519 79916
1655952564540461478 14358
1655952564755046672 12783
1655952565027092430 68900
1655952565310790647 77701
1655952565525751409 13743
1655952565743519851 14351
1655952566031550134 84935
1655952566333928991 100295
1655952566550611283 14743
1655952566831391066 20490
1655952567049637191 16674
1655952567333398208 16832
1655952567547545310 12622
1655952567814280497 65677
1655952568050292428 31377
1655952568323268215 71050
1655952568539792787 15378
1655952568811361954 70339
1655952569034502062 20703
1655952569324667531 87627
1655952569611193137 85153
1655952569832430528 17163
1655952570046754760 12630
1655952570337918346 24271
1655952570559171008 14273
1655952570811972457 51598
1655952571030722228 16499
1655952571245600410 13753
1655952571515153837 68147
1655952571736040549 17902
1655952571949779401 11583
1655952572230746697 18083
1655952572447982589 13943
1655952572723799386 11854
1655952572946710516 21461
1655952573159975269 11934
1655952573431795975 19164
1655952573712972492 72620
1655952573928643014 14571
1655952574141540996 11635
1655952574443892200 33217
1655952574658811302 13626
1655952574921215330 59393
1655952575137254792 14607
1655952575419855719 79153
1655952575632743521 11916
1655952575846782973 11856
1655952576137829869 18709
1655952576413449965 72953
1655952576642264646 27410
1655952576867986597 18855
1655952577131846565 62602
1655952577350273887 16290
1655952577613276884 61908
1655952577825535457 10881
1655952578042156899 15027
1655952578254980311 10772
1655952578530082316 74136
1655952578747551800 15061
1655952579029115026 80634
1655952579248100238 18072
1655952579510968616 61708
