1619549492159199202 4500
1619549492164845953 3500
1619549492399572779 3755
1619549492499827353 3528
1619549492534252569 3927
1619549492608868327 5224
1619549492749892288 3069
1619549492796225067 2300
1619549492920101067 3487
1619549492926208170 4001
1619549492985968045 3787
1619549493043781929 4231
1619549493112746841 2502
1619549493614387877 3197
1619549493845190007 5158
1619549493919308607 7105
1619549494048285559 4050
1619549494061588081 4042
1619549494294227463 4680
1619549494395926215 3675
1619549494414068657 3656
1619549494464040615 4056
1619549494667010415 4283
1619549494702162958 2747
1619549494771094622 7237
1619549494955129178 4085
1619549495024072121 2329
1619549495104081588 3609
1619549495274788141 3804
1619549495331762089 3778
1619549495408703610 4633
1619549495617400828 3763
1619549495631300417 4069
1619549495655330455 4081
1619549495883053535 2443
1619549495937648855 3978
1619549495972426139 4443
1619549496054271366 4479
1619549496072063463 3813
1619549496289100439 3223
1619549496324214568 3506
1619549496503436179 2712
1619549496586350751 3737
1619549496631186287 4958
1619549496647657078 2946
1619549496810031847 3646
1619549496903690457 4226
1619549497058765278 3631
1619549497180539194 5103
1619549497220987099 3386
1619549497255046180 3208
1619549497326056260 4279
1619549497355769839 3805
1619549497386467775 3346
1619549497540942086 4329
1619549497900897113 3813
1619549497920934587 4401
1619549498028238542 4160
1619549498208923923 4047
1619549498232785394 5342
1619549498238407179 3463
1619549498408249028 2863
1619549498652932011 3553
1619549498705699791 3044
1619549498711342297 3541
1619549498796029096 2492
1619549498848074478 3084
1619549498911872533 5548
1619549499157870742 4298
1619549499493905829 4515
1619549499753749724 3720
1619549500129746184 4539
1619549500134469843 2524
1619549500176837902 3654
1619549500280261704 3157
1619549500573815382 4315
1619549500605226865 4234
1619549500728893037 4124
1619549500800842539 4602
1619549500824220468 3603
1619549500987288536 3653
1619549500993072363 3542
1619549501106610731 3517
1619549501124463555 3269
1619549501199452455 2458
1619549501387524410 3191
1619549501433449350 3697
1619549501451964917 4809
1619549501702330953 3961
1619549501768894579 3184
1619549501775903720 4903
1619549501786985191 3420
1619549501817805011 3676
1619549501847310893 3341
1619549502051467317 3493
1619549502121682031 4402
1619549502438460262 3465
1619549502533607896 4044
1619549502539698870 4006
1619549503073597813 6950
1619549503567868755 3662
1619549503679587792 4063
1619549503698744635 4420
1619549503877070722 4090
1619549504399551552 3397
1619549504492221908 6739
1619549504816194036 3810
1619549504845137532 3705
1619549504952324973 3939
1619549505059895413 3767
1619549505109507284 3678
1619549505249540678 4358
1619549505282784857 2941
1619549505871489207 3844
1619549505895203150 4417
1619549505935624645 5957
1619549505964989297 3422
1619549505971838146 4798
1619549505989579262 4424
1619549506137783722 4306
1619549506173049459 3541
1619549506384933527 3095
1619549506414897258 3943
1619549506433443333 3703
1619549506450251090 3725
1619549506463433555 3398
1619549506519537804 3648
1619549506556077133 3465
1619549506802036266 3912
1619549506957005565 4005
1619549506998997855 4685
1619549507017656436 3902
1619549507040980025 3670
1619549507172114318 3824
1619549507206753392 3861
1619549507268638377 3859
1619549507345183507 3028
1619549507396724263 3986
1619549507452578357 3988
1619549507490877250 3909
1619549507556085805 4188
1619549507981742769 3916
1619549508134340276 3336
1619549508182710620 4753
1619549508222735758 3580
1619549508496342541 3829
1619549508532854504 3994
1619549508581296271 4442
1619549508593645456 3953
1619549508844050468 3698
1619549508855541759 2722
1619549509035379397 3944
1619549509153611774 4214
1619549509239590898 3733
1619549509387807519 3874
1619549509678373104 4318
1619549509877006840 3781
1619549509942275750 3717
1619549509974023588 3715
1619549509989227720 4430
1619549510043357089 4171
1619549510101731441 3402
1619549510125823290 3611
1619549510163081769 3542
1619549510257865395 3174
1619549510268872243 3198
1619549510367260589 2539
1619549510512128125 6996
1619549510615067820 3576
1619549510776901133 4125
1619549510835674415 3210
1619549510946913455 3619
1619549511026437004 3549
1619549511233666010 3632
1619549511250935070 3622
1619549511460657599 4295
1619549511542670516 4308
1619549511565133244 3148
1619549511698063632 3678
1619549511727591448 3769
1619549512341856294 3407
1619549512359331706 4231
1619549512488074821 3926
1619549512646842089 4418
1619549513045526464 3589
1619549513255046699 4054
1619549513503869303 3610
1619549513724366879 3603
1619549513784259230 3969
1619549514230441008 4352
1619549514385579335 4149
1619549514692988893 4407
1619549514708730850 2183
1619549514758322825 5519
1619549514886962257 3775
1619549515304648739 2649
1619549515317405499 4849
1619549515405633397 3657
1619549515422290234 2512
1619549515569128152 4207
1619549515699521416 3929
1619549515868635307 1898
1619549516045372799 4224
1619549516267330237 3462
1619549516279886828 3992
1619549516345955552 4476
1619549516351833594 3847
1619549516552506929 3479
1619549516663776814 3243
1619549516731225111 4095
1619549516743931158 4445
1619549516850230096 4140
1619549516906569240 3640
1619549516948664578 4406
1619549517060570936 3725
1619549517310063270 4311
1619549517409997314 4554
1619549517416547652 4422
1619549517469616159 3676
1619549517653088465 3964
1619549517924361410 5206
1619549518127312108 4458
1619549518256845739 4438
1619549518280230946 4015
1619549518448940743 3745
1619549518697258775 6833
1619549518719317960 3512
1619549518765596893 2067
1619549519169608960 4456
1619549519288796256 3107
1619549519305520927 4264
1619549519862215406 5576
1619549519992584519 3294
1619549519999699729 5043
1619549520027840044 3307
1619549520132808866 4115
1619549520188828385 3736
1619549520346324622 3045
1619549520386454601 3966
1619549520511574998 4203
1619549520644356897 4424
1619549520957588562 3717
1619549521223281222 4172
1619549521270635720 3642
1619549521283042105 3495
1619549521525693148 3716
1619549521685883684 4019
1619549521752117832 3033
1619549521774961784 3916
1619549522383167601 4564
1619549522783392145 4171
1619549522802705656 4387
1619549522814812711 3851
1619549522845369730 4380
1619549522850924933 3453
1619549523176434000 3205
1619549523268377499 4295
1619549523525206860 4533
1619549523542443466 4105
1619549523583968232 3984
1619549523737192992 4824
1619549523900778546 2620
1619549523952334833 3198
1619549524338895997 3760
1619549524522863465 3691
1619549524582687821 3795
1619549524763282975 3582
1619549524926067006 3848
1619549524939261273 4844
1619549525014157582 3796
1619549525618679218 4061
1619549525672727851 4369
1619549525684069843 3795
1619549525801791108 3769
1619549525926485240 3815
1619549526215992800 3645
1619549526239140897 3034
1619549526269713594 4368
1619549526353674791 3757
1619549526359704849 3941
1619549526408601475 3356
1619549526433997187 4896
1619549526501037393 3542
1619549526711835720 2812
1619549526772402203 4250
1619549526839045207 4050
1619549527114257324 4710
1619549527294213280 3550
1619549527301262617 4883
1619549527382360628 3795
1619549527491152271 3734
1619549527533595992 3746
1619549527540848384 5213
1619549527656236065 3941
1619549527681142903 3346
1619549528135594841 5028
1619549528239810660 3442
1619549528348582521 4120
1619549528696287437 4258
1619549528702186564 3802
1619549528744659928 3958
1619549528837446978 5887
1619549529068706873 3974
1619549529194605076 2554
1619549529334675355 4607
1619549529340258953 3515
1619549529928096925 3516
1619549530042558436 3209
1619549530215505841 3431
1619549530273525727 3335
1619549530327996824 4112
1619549530364761562 4579
1619549530422591715 3736
1619549530440418296 3684
1619549530526311104 3820
1619549530570625455 6142
1619549530998174938 4254
1619549531008729954 2649
1619549531058289693 3974
1619549531199102096 4689
1619549531349963177 3832
1619549531378216079 5976
1619549531532556519 3369
1619549531662024009 3544
1619549531759163793 4683
1619549531765203648 3956
1619549532034060443 3829
1619549532194542969 3552
1619549532211886839 4544
1619549532316818594 3576
1619549532489365727 4374
1619549532560809361 2633
1619549532687863012 3629
1619549532735519899 3478
1619549532740533086 2852
1619549532757132065 3587
1619549532786668443 4074
1619549532798557192 4003
1619549532841144478 3669
1619549533007338891 5432
1619549533215811846 3468
1619549533317121890 3922
1619549533328946229 3367
1619549533341005275 3577
1619549533539460101 4631
1619549533706004481 6701
1619549533809036052 3935
1619549533833284196 4001
1619549533885621235 4249
1619549533898196217 4805
1619549533977560356 3816
1619549534009996375 4180
1619549534266373834 3420
1619549534277925395 3532
1619549534358311984 2000
1619549534524440554 3615
1619549534547956422 3730
1619549534631403849 3038
1619549534714983002 3458
1619549534863127002 4625
1619549534899890285 2957
1619549534935251707 4157
1619549534958374207 3178
1619549535026421963 3563
1619549535092350696 2634
1619549535248093171 3392
1619549535267123312 4247
1619549535486579631 3653
1619549535608300219 3832
1619549535825221348 3924
1619549536089655357 3513
1619549536354272175 3909
1619549536359116436 2824
1619549536545110375 3972
1619549536588190720 3591
1619549537078349015 2973
1619549537096970881 3928
1619549537190755119 3417
1619549537195050787 2167
1619549537503168869 3657
1619549537560023749 4073
1619549537631287590 3663
1619549537736974611 3409
1619549537783681942 7633
1619549537795354452 4282
1619549537832097486 3418
1619549537929828035 4102
1619549538009146697 5119
1619549538124563388 4240
1619549538390585509 4408
1619549538508921962 3992
1619549538516231250 5195
1619549538661255414 3389
1619549538802028592 3508
1619549538819866251 4256
1619549539219560599 3564
1619549539258053053 2620
1619549539515516312 4024
1619549539633567433 4168
1619549539705563989 4000
1619549539906624174 3398
1619549540081222595 4471
1619549540192903209 4267
1619549540486252999 3557
1619549540569869441 4454
1619549540700735621 3653
1619549540704945726 2158
1619549540759170189 3701
1619549541032978244 3529
1619549541247378789 3815
1619549541285311943 5119
1619549541388485872 3248
1619549541552263177 3300
1619549541557735753 3325
1619549541913325780 2164
1619549542239746653 4139
1619549542252015846 3748
1619549542406265937 5492
1619549542413474306 5054
1619549542455822155 3296
1619549542649309624 4049
1619549542711344957 3774
1619549542733997134 3006
1619549542746685253 4668
1619549542890715296 3259
1619549543503150438 5301
1619549543525973836 4026
1619549543746102549 3495
1619549544007603795 4439
1619549544106942762 3542
1619549544309259831 3919
1619549544356106579 4067
1619549544386154261 4310
1619549544416174877 3265
1619549544491960076 3691
1619549544532981750 3318
1619549544655277072 4437
1619549544920108635 4141
1619549545532074284 3647
1619549545678665371 4168
1619549545864301303 4595
1619549545949112281 3255
1619549545967598210 3934
1619549545980634866 3757
1619549546128649049 4611
1619549546392561050 3601
1619549546448560078 4025
1619549546564194193 3423
1619549546587375041 4130
1619549546801469308 3997
1619549546916382014 3738
1619549547120320763 3735
1619549547405566461 3920
1619549547423716685 3951
1619549547460464547 2732
1619549547487749618 4140
1619549547546920222 4419
1619549547808630954 3307
1619549547873140991 3823
1619549547999899517 4538
1619549548268448382 3952
1619549548316240769 6588
1619549548325824394 2590
1619549548427002621 3292
1619549548475982243 3965
1619549548604689757 3544
1619549548706150220 3857
1619549548739466906 5663
1619549548785147758 3265
1619549548895306054 4918
1619549548949140732 4292
1619549548961261697 3453
1619549548977702517 3642
1619549549187046776 3969
1619549549305795481 3382
1619549549453836653 3926
1619549549482957603 3383
1619549549547986413 3955
1619549549578390192 3940
1619549549615628548 2654
1619549549737039398 2991
1619549549759796382 4140
1619549549924304434 2353
1619549549982221157 4205
1619549550189937512 3712
1619549550245385808 3948
1619549550532823971 5535
1619549551265744073 4171
1619549551502788282 3820
1619549551548480387 4159
1619549551637027073 3687
