1619547217438603228 2476
1619547217491182216 2582
1619547217747635153 2504
1619547218262656663 3301
1619547218372977748 2926
1619547218521377110 2402
1619547218578583563 2835
1619547218852038731 3008
1619547219034862670 2433
1619547219073461081 2469
1619547219142966028 2736
1619547219177187195 3343
1619547219288080111 3108
1619547219383996439 2425
1619547219570796546 2837
1619547219812704360 2912
1619547219902366051 3236
1619547219919558426 2973
1619547220004432028 3448
1619547220030788800 3116
1619547220041595798 2505
1619547220065313894 2089
1619547220224714919 2989
1619547220305070322 2510
1619547220418905071 3542
1619547220703006036 3395
1619547220738381302 2593
1619547221078177855 2183
1619547221164960619 2685
1619547221204611810 2355
1619547221368918225 2246
1619547221528029958 3237
1619547221629887663 2917
1619547221703742044 2420
1619547222108236223 2113
1619547222245692207 3617
1619547222336377345 2596
1619547222369847711 2374
1619547222376889530 4931
1619547222497903939 2650
1619547222583090621 3087
1619547222588354331 3222
1619547222608664958 2407
1619547222666901675 2511
1619547222844137388 3556
1619547223106585017 2805
1619547223132854418 3209
1619547223137494034 2489
1619547223206904626 2244
1619547223225092089 2299
1619547223561876459 2777
1619547223577133742 3856
1619547223623361096 3092
1619547223682942067 3527
1619547223692933748 2589
1619547223796017285 2859
1619547223820395375 2327
1619547223835263682 3592
1619547224029258440 2883
1619547224132721069 2569
1619547224189513036 2139
1619547224331140452 2745
1619547224396383027 2969
1619547224416034668 3054
1619547224445358134 2139
1619547224470778351 3646
1619547224521795318 3203
1619547224542828914 3276
1619547224578897388 2866
1619547224804966725 2740
1619547225022685366 2617
1619547225144188318 3322
1619547225229402017 2526
1619547225327304809 3192
1619547225424553164 2853
1619547225429576907 2988
1619547225494573519 2384
1619547225512623751 2184
1619547225574814311 2882
1619547225683826275 2114
1619547225774352434 2220
1619547225823560230 2904
1619547226039138084 2879
1619547226093956922 2964
1619547226144323454 3636
1619547226163338856 2232
1619547226259008227 2399
1619547226297233444 3187
1619547226315449666 2977
1619547226637546332 2959
1619547226728098170 3257
1619547226765103599 2571
1619547226900583831 2538
1619547226946403944 2960
1619547226951375566 2794
1619547226991010723 2504
1619547226995568037 2408
1619547227230144500 2745
1619547227235392049 3099
1619547227250971698 2707
1619547227429901290 6402
1619547227691927446 2478
1619547227697032678 2935
1619547227778980757 3263
1619547227825881299 2257
1619547227904952627 4322
1619547227963534763 3176
1619547227973836956 3324
1619547228114915897 2767
1619547228324548498 2574
1619547228394742332 2762
1619547228604613277 2567
1619547228675425567 2976
1619547228749448804 2442
1619547228780633870 3339
1619547228855972642 3325
1619547228860789384 2667
1619547228920207415 6124
1619547228968042365 2760
1619547229040548846 2402
1619547229204930290 3756
1619547229437403181 2847
1619547229497778306 2376
1619547229542776791 2847
1619547229612340045 2635
1619547229642804178 3096
1619547229668697735 2599
1619547229761530238 2597
1619547229874942813 2751
1619547229977303488 2855
1619547230056862475 3169
1619547230085306722 2326
1619547230358583199 2892
1619547230772880116 2357
1619547230805985520 3001
1619547230845415508 3776
1619547230849521876 1936
1619547230854022655 2388
1619547230966884712 2901
1619547231001100252 2791
1619547231143506351 1985
1619547231337974632 2339
1619547231433301268 3114
1619547231506923098 2461
1619547231562733777 3118
1619547231673229872 4339
1619547231754924270 2540
1619547232034371748 3070
1619547232165861953 2995
1619547232215350041 2307
1619547232513693260 2771
1619547232661965774 2999
1619547232790812088 3349
1619547232812337958 2655
1619547232950140239 2356
1619547232955136654 2801
1619547232975426793 3018
1619547232989877265 2755
1619547233020965884 2137
1619547233070706448 2273
1619547233106814601 3572
1619547233170564748 2744
1619547233175293449 2664
1619547233231054782 2951
1619547233340442409 2223
1619547233385654736 3173
1619547233420441534 2316
1619547233470525865 2603
1619547233502674873 4161
1619547233564937252 2689
1619547233613804662 2975
1619547234020119034 2486
1619547234083935651 2458
1619547234357679774 3396
1619547234407708515 3159
1619547234468998449 2627
1619547235111089918 2607
1619547235193700940 2793
1619547235332922278 2647
1619547235502107428 2928
1619547235516968508 2107
1619547235655393533 2132
1619547235659941273 2348
1619547235991426094 3536
1619547236034346100 2579
1619547236039131215 2646
1619547236044822593 3521
1619547236060446290 3414
1619547236154026723 2793
1619547236194401541 3423
1619547236312378896 2987
1619547236413062936 2690
1619547236525590777 3512
1619547236562779722 2920
1619547236592822369 3066
1619547236704883825 2795
1619547236788289605 3036
1619547236973623574 2881
1619547237242069360 2519
1619547237601947958 3237
1619547237677951462 3226
1619547237683220629 3116
1619547237696941848 2206
1619547237800279584 3207
1619547238245916375 2355
1619547238250554785 2498
1619547238323424868 2585
1619547238362667641 2597
1619547238600949808 2366
1619547238611297844 2944
1619547238626689772 2263
1619547238646265052 2959
1619547238779594152 3726
1619547238885732088 2880
1619547239287387631 3087
1619547239478538448 3219
1619547239483758025 3069
1619547239616451590 3174
1619547239804565657 3137
1619547239814923718 2997
1619547239886545769 3121
1619547240004937122 3398
1619547240009732803 2618
1619547240093015852 2820
1619547240259490532 2654
1619547240408043137 3548
1619547240662692974 3158
1619547241019995409 2613
1619547241029347837 2357
1619547241099148590 3053
1619547241204530026 2742
1619547241214455737 3222
1619547241224477689 3200
1619547241253848983 2457
1619547241284410881 3399
1619547241311996354 3242
1619547241355175346 2562
1619547241422908833 2397
1619547241477458450 2476
1619547241510726728 2785
1619547241562707577 2406
1619547241612861384 2152
1619547241650242413 3414
1619547241685428299 3430
1619547241970306245 2581
1619547241986543119 3135
1619547242223554897 2791
1619547242391517025 3248
1619547242423055843 2361
1619547242464287573 2883
1619547242573319059 2258
1619547242671220930 2727
1619547243178674345 2052
1619547243187856184 2661
1619547243252993091 3114
1619547243301102169 2617
1619547243400215338 3481
1619547243616488876 3911
1619547243790749789 3411
1619547243903531544 2558
1619547243942335200 2601
1619547243993672508 2910
1619547243999159735 3335
1619547244003601223 2270
1619547244059147743 2199
1619547244168069774 2683
1619547244397536255 2515
1619547244449778314 3019
1619547244575230140 3164
1619547244612166319 2535
1619547244651253494 2209
1619547244691223737 3067
1619547244705450807 2678
1619547244824507859 3320
1619547244955659556 2550
1619547244976005754 3247
1619547245068207230 3138
1619547245201559697 3023
1619547245216570995 2968
1619547245342917928 2576
1619547245606778825 2915
1619547245630499214 4694
1619547245636462263 3769
1619547245789349477 2970
1619547245810900676 3440
1619547245991129533 2249
1619547246207645459 3307
1619547246361450235 3192
1619547246430072971 2237
1619547246539286423 2224
1619547246641184969 2667
1619547246739674289 3394
1619547246787431273 3526
1619547246801607364 2683
1619547246871348025 3120
1619547247135129908 2473
1619547247487060331 2468
1619547247551758329 2620
1619547247633916922 3131
1619547247688534504 3468
1619547247749913556 2844
1619547247816269271 2163
1619547247864330960 3693
1619547247873575978 2362
1619547248307092458 2553
1619547248351552719 2867
1619547248356741691 3112
1619547248410713112 2292
1619547248751075987 2763
1619547248815265405 2797
1619547248983044264 2808
1619547249029349820 2203
1619547249095718576 2699
1619547249180698597 2720
1619547249243080493 3223
1619547249265721060 2675
1619547249361858542 2531
1619547249778207452 2329
1619547249903065271 3043
1619547249908451986 3245
1619547250075191994 3358
1619547250114561873 2947
1619547250134347094 2975
1619547250160099752 3246
1619547250358345330 2573
1619547250377529205 3040
1619547250564368851 2813
1619547250618973317 3192
1619547250634183287 2623
1619547250706735812 2461
1619547250720405746 2145
1619547250724920742 2371
1619547250749485852 2751
1619547250967623327 2951
1619547250982556329 3498
1619547250995881030 2100
1619547251004978212 2143
1619547251160994150 5991
1619547251240665355 3291
1619547251323422264 2913
1619547251588099991 2845
1619547251857420590 2724
1619547252211468140 2579
1619547252363522560 3034
1619547252373380280 2843
1619547252383099659 2957
1619547252545841143 3086
1619547252671085044 3213
1619547252779089767 2687
1619547252811039416 3565
1619547252938251671 3559
1619547252968915833 2977
1619547253080721046 2780
1619547253527151774 2971
1619547253665800128 2261
1619547253690027532 2679
1619547253700033876 3404
1619547253708908406 2428
1619547253713937865 2885
1619547254051646632 3301
1619547254108690564 2575
1619547254545644779 3054
1619547254634524901 3517
1619547254673781407 2710
1619547254677917258 2064
1619547254884568315 3203
1619547254998751928 3082
1619547255177073038 3436
1619547255309138283 2806
1619547255314572102 3293
1619547255319904638 3231
1619547255505546398 3412
1619547255602128272 2911
1619547255642817570 2852
1619547255796074982 2098
1619547255810808288 2961
1619547255884870470 3108
1619547255916001988 2673
1619547256022619170 2116
1619547256041687813 2073
1619547256056902749 3285
1619547256141675192 2182
1619547256164649095 3109
1619547256174455800 2874
1619547256317771612 2584
1619547256404163529 3757
1619547256509215036 3226
1619547256608712836 3293
1619547256671302637 2283
1619547256690595126 3306
1619547256887278593 3770
1619547256920845887 2392
1619547256940229314 2439
1619547256956268151 3095
1619547256974160829 4899
1619547256989705005 2407
1619547257006900106 2198
1619547257059064246 3328
1619547257132453990 3017
1619547257207446002 3167
1619547257242432526 3265
1619547257261572650 2626
1619547257430401883 2664
1619547257560261623 2614
1619547257590066023 2742
1619547257636414766 2605
1619547257800462757 2964
1619547257886231442 3378
1619547257900750293 2726
1619547258082329646 2937
1619547258154504174 3442
1619547258251826864 3186
1619547258307742684 3102
1619547258313182106 3348
1619547258429640820 2443
1619547258465376473 4231
1619547258479469612 2370
1619547258488914119 2497
1619547258499032391 3178
1619547258666437111 2684
1619547258863468641 2237
1619547258890478137 2107
1619547259070862566 2609
1619547259096166196 2825
1619547259134996260 2466
1619547259202226123 2736
1619547259332050022 2692
1619547259374655109 2463
1619547259409705623 2578
1619547259429051087 2564
1619547259482954550 2169
1619547259488780411 3670
1619547259510445437 3883
1619547259521333319 3364
1619547259525922510 2443
1619547259575886253 2344
1619547259591032723 3537
1619547259612075045 3109
1619547260074635607 2651
1619547260156989285 2935
1619547260227394544 3250
1619547260298287480 2996
1619547260303121031 2689
1619547260542564557 3541
1619547260548366638 3568
1619547260726551976 2701
1619547260860844635 2516
1619547260891724274 3200
1619547260955221555 3338
1619547260991542465 2881
1619547261078173149 2924
1619547261278395623 2420
1619547261298261480 3053
1619547261386748935 2821
1619547261570030322 2510
1619547261652997576 2228
1619547261708761822 3702
1619547261857026127 3055
1619547261886952026 2832
1619547261965343775 2509
1619547261970824674 3382
1619547261980398286 2626
1619547262027619816 2683
1619547262051704345 2263
1619547262108577319 3621
1619547262138330894 3132
1619547262191412038 3034
1619547262249360261 3201
1619547262432831268 4168
1619547262506380483 2982
1619547262619263955 2752
1619547262967721340 2590
1619547263099096898 2527
1619547263183426750 2013
1619547263284508363 3300
1619547263430313138 3238
1619547263603357596 2792
1619547263691466041 2593
1619547263735351803 2798
1619547263802358941 3139
1619547263826795007 2366
1619547264083275123 3011
1619547264122377695 2688
1619547264218616550 2178
1619547264248849074 3646
1619547264336527569 2985
1619547264382472573 3342
1619547264395999475 2537
1619547264711243172 3834
1619547265112001250 3128
1619547265116552000 2427
1619547265130238927 2179
1619547265369827242 3152
1619547265405827738 2837
1619547265501067147 2739
1619547265533316844 3807
1619547265562598388 2104
1619547265622919818 2555
1619547265761458927 3284
1619547265843634150 3061
1619547265892067539 3410
1619547265933193464 2627
1619547266165020252 2682
1619547266241411067 3321
1619547266254689726 2257
1619547266296081713 2409
1619547266444586119 2018
1619547266637827367 2934
1619547266691926798 2882
1619547266813858463 3844
1619547266874100646 2588
1619547266994606713 2877
1619547267209006880 2838
1619547267254827760 2852
1619547267577243396 3274
1619547267632830783 2754
1619547267792406214 3390
1619547267821293940 2676
1619547267872189358 2470
1619547267972453140 4260
1619547267977579256 2930
1619547268108368548 2840
1619547268421820528 3410
1619547268805620523 2420
1619547268867665279 2785
1619547268873192998 3383
1619547268902874484 1989
1619547269099055499 2746
1619547269147516609 2943
1619547269161918256 2515
1619547269217884116 2304
1619547269341761004 2869
1619547269453297519 2879
1619547269529441111 3059
1619547269539708965 2793
1619547269680838127 2930
1619547269838016643 3305
1619547269886485737 2368
1619547269955912632 2186
1619547270090432574 2246
1619547270095538911 2949
1619547270101098588 3438
1619547270109776916 2317
1619547270138669938 3227
1619547270144462061 3657
1619547270314735259 2408
1619547270851982584 2213
1619547270948544325 2265
1619547271067169486 2519
1619547271328531358 2199
1619547271333094246 2498
1619547271718698892 3279
1619547271809726102 2890
1619547272119691972 2652
1619547272161538487 2644
1619547272412278313 3083
1619547272447768197 3069
1619547272497500715 2783
1619547272588732831 3349
1619547272914433789 2592
1619547272957139195 3927
1619547273009994670 2929
1619547273024948172 2818
1619547273062955168 2560
1619547273271933854 2347
1619547273473824498 2963
1619547273484977109 3266
1619547273543159868 2689
1619547273642213586 4516
1619547273656962490 2820
1619547273666310637 2683
1619547273758265751 3293
1619547273768466177 2966
1619547274166699431 2626
1619547274177095936 2625
1619547274294526971 2585
1619547274430784512 2525
1619547274684333118 3775
1619547274995058932 2915
1619547275036794286 3638
1619547275072177215 3062
1619547275374206463 2497
1619547275435836631 2892
1619547275463417118 2619
1619547275726318649 2978
1619547275874476858 3018
1619547275920825587 3045
1619547276092346523 2306
1619547276305176487 3573
1619547276589357919 2823
1619547276652583518 2909
1619547276802017287 3768
1619547276890474521 3154
1619547276899520555 2147
1619547276910284584 2891
1619547277011214533 3060
1619547277050892285 2368
1619547277091229393 2833
1619547277233428715 2969
1619547277356817113 3479
