1619572265393404013 8447
1619572265870949203 8943
1619572266082928119 8795
1619572267278657861 9334
1619572267389653810 8115
1619572268357216193 56162
1619572268467768058 8671
1619572269303013602 8453
1619572269394715294 8790
1619572269608438025 7842
1619572269712491419 9349
1619572269866996901 8622
1619572269888904760 8625
1619572270280280187 8795
1619572270499748303 8574
1619572270563666130 42545
1619572270858039072 34013
1619572271494006084 8160
1619572271670925388 9060
1619572271686492012 6310
1619572271867672501 6627
1619572272762399623 22107
1619572272784075826 11371
1619572272802968692 8619
1619572272869464051 5673
1619572273010430667 6357
1619572273268487303 6614
1619572273660473627 27189
1619572274030173434 6103
1619572274333510925 15527
1619572274370860871 5892
1619572274618746089 7979
1619572274690504297 10183
1619572274705140441 12519
1619572274840675698 7715
1619572274933642430 4767
1619572274961750579 26055
1619572275089655399 4906
1619572275216054728 8166
1619572275301214494 9302
1619572275427263224 5477
1619572275476514726 9365
1619572275611020249 6948
1619572275678997076 5186
1619572275737906509 6929
1619572275850959679 9275
1619572275898330429 7798
1619572276090954325 9587
1619572276578353294 5839
1619572276765676144 7802
1619572276789821931 6714
1619572277065681121 11749
1619572277423190982 12498
1619572277898522141 13138
1619572277905803701 5201
1619572278090134745 6496
1619572278614894666 11049
1619572278664721939 6260
1619572278829354166 5515
1619572278888751738 6793
1619572279334749250 6120
1619572279565713445 7519
1619572279831218943 8384
1619572279871763311 6674
1619572279954709066 7493
1619572280535605572 7860
1619572280663674120 20973
1619572280983978307 11558
1619572281183028509 8686
1619572281201208231 6302
1619572281263388784 18681
1619572281323137012 10931
1619572281347815210 5370
1619572281404594567 7301
1619572281576123854 6642
1619572281621467066 6059
1619572282110926143 8654
1619572282397190951 7833
1619572282506312995 6714
1619572282965878776 20194
1619572283363535746 5598
1619572283441486152 6269
1619572283470139096 6084
1619572283536082609 5626
1619572283608580968 9204
1619572283849170953 8436
1619572284067300319 6505
1619572284077838075 8474
1619572284193867657 8717
1619572284270609076 7435
1619572284308209774 5583
1619572284593902052 4387
1619572285280858024 12724
1619572285369165092 6421
1619572285433883223 7346
1619572285496452811 5097
1619572285749809301 9305
1619572286067855305 9250
1619572286204638513 5554
1619572286251749705 6645
1619572286494023003 8682
1619572286778413882 7214
1619572286910860406 6697
1619572287117819164 8678
1619572287165162468 7248
1619572287223423119 9961
1619572287335904677 5708
1619572287931488582 6732
1619572287940510443 6948
1619572288486417034 5416
1619572288523884329 7202
1619572288594135286 9010
1619572288659646322 8158
1619572289190011673 7349
1619572289480662785 7560
1619572289698013919 7635
1619572289836673771 9415
1619572290216875049 9463
1619572290314348627 6049
1619572290523890072 8909
1619572290676687850 6419
1619572291372907214 5115
1619572291476771117 6278
1619572291591184729 10818
1619572291735652046 7583
1619572291791000704 11719
1619572291956303155 15877
1619572292197938022 4100
1619572292509744604 9105
1619572292590316188 6601
1619572292685532645 10509
1619572292692048391 4461
1619572292771217711 7222
1619572293111571155 5891
1619572293133271389 9182
1619572293421988715 5696
1619572293569052401 6612
1619572293635221835 9844
1619572293923036072 5378
1619572294012545521 8237
1619572294083238371 10141
1619572294331490706 6885
1619572294505329520 7189
1619572294529043699 6619
1619572295025326956 13121
1619572295641899677 6531
1619572295913747845 6328
1619572296007512716 8924
1619572296064925773 7999
1619572296174446831 7260
1619572296503397191 8229
1619572296514329967 8860
1619572296738925128 6637
1619572297013155764 6684
1619572297041462415 8088
1619572297135107254 6664
1619572297233636115 8867
1619572297774545879 6422
1619572297825704658 5536
1619572298309885858 5505
1619572298495332894 13955
1619572298658709753 35235
1619572299143596365 7897
1619572299329027546 5689
1619572300035150443 8222
1619572300700991158 4844
1619572300971563702 8575
1619572301094998188 6849
1619572301188743756 6387
1619572301565190680 7349
1619572301627924237 7426
1619572301957335089 35260
1619572302050048454 8702
1619572302074909989 12556
1619572302780678759 8679
1619572302831709855 4541
1619572303132752652 8770
1619572303608305322 7664
1619572304391082122 7304
1619572304475421021 7502
1619572304800818495 7937
1619572304858312639 38036
1619572304903476222 9083
1619572305394986724 6817
1619572305932652443 5817
1619572306548442677 8123
1619572306622741791 7625
1619572306668507147 6570
1619572306770220101 6295
1619572306975850707 8416
1619572307577572188 5187
1619572307877901908 6342
1619572308103606654 4989
1619572308275979710 7274
1619572308476185678 5199
1619572308571418995 5561
1619572308909837425 7129
1619572309515637898 10504
1619572309619367938 8785
1619572310289264549 6927
1619572310627835620 5464
1619572310729275312 9755
1619572310945316500 8810
1619572311139127578 6573
1619572311168442047 5714
1619572311294716195 6750
1619572311370572844 8100
1619572311774286954 6708
1619572311893405917 6277
1619572311965628427 5913
1619572312187167719 4816
1619572312301276876 4880
1619572312964630303 7164
1619572313036310004 6396
1619572313167132166 5836
1619572313591653230 7420
1619572313985577298 6392
1619572314003990678 8250
1619572314273975181 6640
1619572314945318654 5664
1619572314960491186 13135
1619572315225869855 6827
1619572315253607410 5709
1619572315315634123 5549
1619572315439700474 7701
1619572315630213110 6822
1619572315860910315 16432
1619572316016181118 10148
1619572316220791861 7710
1619572316325275148 4797
1619572316361589244 7717
1619572316373668523 10042
1619572316482485784 8507
1619572316615031534 6897
1619572316926171642 9129
1619572317325693004 8654
1619572318219716773 9063
1619572318309754413 8757
1619572318441591235 6552
1619572318706127355 9121
1619572318794639678 13319
1619572319369875633 5434
1619572319692966714 5421
1619572319704740236 9705
1619572319818811590 13054
1619572320107855753 4565
1619572320437037779 10453
1619572321077818242 5780
1619572321699875737 6001
1619572321963200746 8416
1619572322146203748 5915
1619572322519347122 8272
1619572322526226458 4802
1619572322582874095 7822
1619572323155621744 12218
1619572323270931971 8190
1619572323405884877 6004
1619572323715544019 8674
1619572323906261967 4828
1619572324113705214 6254
1619572324288122277 5304
1619572324319958483 11310
1619572324377079533 10713
1619572324410136538 6067
1619572324560663060 10997
1619572324686206260 6586
1619572324814848146 4773
1619572324898102922 5176
1619572325313068786 8005
