1619572136753163235 6291
1619572137124736738 10112
1619572137209115613 5034
1619572137874161766 7919
1619572137902946355 7275
1619572138097823250 10922
1619572138348233199 10239
1619572138469747435 7831
1619572138646170330 57577
1619572139487616069 8295
1619572139652214075 9080
1619572140750871305 6078
1619572140944627029 44054
1619572141306022228 8890
1619572141399139202 4799
1619572141937370902 43940
1619572142040490235 27227
1619572142319090159 8166
1619572142899445400 4709
1619572142957806574 7067
1619572143580084674 11191
1619572143752163713 6922
1619572143884003097 4647
1619572144062340206 10056
1619572144467253864 7900
1619572144566318946 5992
1619572144769533298 7044
1619572145055583105 7162
1619572145155875685 6276
1619572145272787390 9600
1619572145492644169 6317
1619572145499967036 5184
1619572145767997675 6189
1619572146339220038 9335
1619572146757605515 7961
1619572146890630838 7377
1619572146913010555 5143
1619572146937823577 13662
1619572146975552418 7553
1619572147007664227 9988
1619572147208569662 4548
1619572147344669636 6702
1619572147451304809 4542
1619572147458281496 4862
1619572147477501254 8432
1619572147711035568 9203
1619572147919420840 8377
1619572148192062211 9901
1619572148274891249 5814
1619572148348543285 6439
1619572148638616187 11949
1619572149169847983 8901
1619572149505481710 9971
1619572149880586301 7995
1619572149977129903 8028
1619572150029194353 6648
1619572150488317533 5638
1619572150514927048 4179
1619572150727666051 6508
1619572150806384204 8712
1619572151044319645 6287
1619572151095147068 11650
1619572151317579676 7604
1619572151325213997 5556
1619572151484611603 10445
1619572151553008581 11520
1619572151600185756 7649
1619572151795150939 6793
1619572152737004262 32437
1619572153182034337 6669
1619572153221598952 8209
1619572153674933426 12927
1619572154008236516 6464
1619572154305295793 7315
1619572154387538225 6324
1619572154550913824 6229
1619572155414609460 5642
1619572155503337173 6654
1619572156072701453 6981
1619572156254663927 6315
1619572156491299810 6368
1619572156562572741 13495
1619572156755752454 5876
1619572156863431100 5148
1619572156998486934 6111
1619572158448177179 5405
1619572158506470743 10312
1619572158617918051 7221
1619572158815013230 7937
1619572158961249272 5069
1619572159750494208 8047
1619572159770193572 6367
1619572159992188489 10020
1619572160099623882 8386
1619572160127528112 7540
1619572160337500674 9487
1619572160537446512 8943
1619572160882172342 6662
1619572160894838358 10602
1619572160962728458 5795
1619572161232787452 8410
1619572161500102381 10520
1619572161578712586 9820
1619572161714215873 5862
1619572161764980610 5948
1619572161962004643 6659
1619572162057155141 5926
1619572163338416554 6894
1619572163438265558 28542
1619572163705937853 9180
1619572163714507270 6427
1619572163778268874 10332
1619572164189092857 6972
1619572164225264516 5117
1619572165040422028 34790
1619572165112025148 7515
1619572165751109275 5871
1619572165962632818 8750
1619572166293326647 5713
1619572166301668088 6243
1619572166493793720 7010
1619572166548762799 5935
1619572166636906259 22660
1619572166851246084 6382
1619572166902364776 8918
1619572167056023931 6387
1619572167066424734 8370
1619572167372493642 9009
1619572167598750477 9019
1619572167806304897 7328
1619572168539883831 8571
1619572168578222831 5363
1619572168992872533 7033
1619572169130391627 7317
1619572169308114589 10993
1619572169362486761 6112
1619572169375096929 10492
1619572169987972905 10356
1619572170095222431 8800
1619572170319537154 8289
1619572170384370457 8078
1619572170564818403 5479
1619572170707200434 6126
1619572170967628142 4888
1619572171396001575 5306
1619572171404945487 6912
1619572171644821887 15722
1619572171799673239 4502
1619572172014401953 6413
1619572172236871827 29455
1619572172255014534 7045
1619572172467499352 7143
1619572172508263545 9045
1619572172838845095 34983
1619572173417741387 10130
1619572173742014681 43792
1619572173757761135 5917
1619572173959063273 4281
1619572174190625199 7971
1619572174275312394 5693
1619572174431848383 5815
1619572174778507134 9297
1619572174849414620 6185
1619572174890406295 6616
1619572175056511797 7737
1619572175638917138 28365
1619572175720324286 6637
1619572175983658192 5100
1619572176078534342 6049
1619572176602389149 11220
1619572176906247790 6184
1619572177355302248 6831
1619572178160581614 8331
1619572178652019945 6099
1619572178899017635 11408
1619572178968944394 7908
1619572179025150304 10373
1619572179040996168 13676
1619572179111959518 17189
1619572179157488386 8284
1619572179414675923 6799
1619572179847607703 6679
1619572180047621367 6359
1619572180608539038 7844
1619572180913593549 6112
1619572181007630795 4882
1619572181441073648 23018
1619572181618341816 15782
1619572182079109858 6749
1619572182937890367 8299
1619572183446128076 5316
1619572183652540731 12271
1619572184050660945 5816
1619572184060082938 7367
1619572184193574766 5651
1619572184263341284 8351
1619572184469939185 5256
1619572184582830439 6600
1619572184592642950 7594
1619572185022629692 6768
1619572185199521725 5631
1619572185230249013 7938
1619572185292336970 4916
1619572185465522651 10267
1619572185820373563 7644
1619572185899650005 6349
1619572186280423735 11316
1619572186523115302 5371
1619572186529730218 4568
1619572186582617621 10952
1619572186641711616 31929
1619572186867183091 6404
1619572188155841147 4993
1619572188190449193 7676
1619572188411557144 7728
1619572188497962441 11443
1619572188570063335 10349
1619572189471489781 4696
1619572189990414120 4860
1619572190341829247 23227
1619572190763742100 6907
1619572190802801860 4412
1619572190859115044 5686
1619572191252789865 7650
1619572191446675618 8020
1619572191989857829 8812
1619572192010620038 7445
1619572192384702141 11587
1619572192391961782 5161
1619572192617356422 8777
1619572192763146711 7142
1619572193010202464 6286
1619572193141384651 11921
1619572193237605717 35402
1619572193395165820 6678
1619572193449806727 5641
1619572193574357256 8277
1619572193685232806 10271
1619572193874311731 7051
1619572194103355572 6542
1619572194144378915 26439
1619572194257085501 6579
1619572194276293562 6369
1619572194523360421 12322
1619572194877526041 8089
1619572194887172379 7607
1619572194982780161 5265
1619572195384734964 8878
1619572195537332959 40081
1619572195554640258 5898
1619572195665910227 6871
1619572196360782887 7938
