1619651064678259728 10390
1619651064956907366 6762
1619651065110009122 9586
1619651065222885396 5835
1619651065244135662 6603
1619651065720505893 10287
1619651065929426064 7648
1619651066263374166 9414
1619651066463512090 7056
1619651066803185030 7070
1619651067055635745 5212
1619651067103027959 4650
1619651067246401435 6411
1619651067807157559 6537
1619651067923304606 7183
1619651069431061361 10641
1619651069496743883 6476
1619651069687597207 19649
1619651069736793945 6665
1619651069994382525 6546
1619651070403943305 8578
1619651070651033143 7334
1619651070732965524 8251
1619651070917899210 5261
1619651071073941518 11269
1619651071174468985 6143
1619651071359856611 6926
1619651071539407534 5660
1619651071556655881 5767
1619651072031247759 7738
1619651072081307361 6769
1619651072116993946 8712
1619651072292924417 35705
1619651072460921932 5494
1619651072556848390 6091
1619651072704354409 5134
1619651073632006774 9060
1619651073660964257 6329
1619651073946948369 13176
1619651074362383920 6620
1619651074503472943 7512
1619651074592364731 6672
1619651074754693581 6644
1619651074830014096 6163
1619651074850098841 9403
1619651074996143892 7831
1619651075222333962 5961
1619651075231197793 6810
1619651075831762915 6661
1619651076291613393 6415
1619651076583980678 30659
1619651077025363343 4606
1619651077088486112 5367
1619651077096511637 5958
1619651077292191180 13945
1619651077321162369 10790
1619651077416657971 7681
1619651077854439389 7402
1619651077934061765 6321
1619651077998339705 8336
1619651078116661969 6343
1619651078395334425 6731
1619651078704934145 6209
1619651078794806286 8624
1619651078941096453 5715
1619651079148768956 5731
1619651079257939383 7619
1619651079290789182 30820
1619651079753802131 6408
1619651079975052875 6317
1619651080110313114 6238
1619651080566413350 6563
1619651080717617119 9460
1619651080850962716 7405
1619651081266993709 8741
1619651081397077907 9802
1619651081454246991 7747
1619651081662287136 7942
1619651081702219620 5915
1619651081937552666 8114
1619651081993736615 6871
1619651082562037646 7193
1619651082821831213 9509
1619651083041117033 6972
1619651083260237418 7743
1619651083911687296 5514
1619651083982289501 5075
1619651084091898630 6209
1619651084245262719 14319
1619651084285430628 38114
1619651084323803615 7847
1619651085108436566 9265
1619651085190925108 9279
1619651085270205507 7690
1619651085385674612 31075
1619651085453840099 7237
1619651085462401432 6525
1619651085510968543 9653
1619651085520688461 7622
1619651085808703851 5653
1619651086350130616 8097
1619651086358786451 6491
1619651086412063884 8293
1619651086508032231 7783
1619651086760014944 7434
1619651087212024071 5182
1619651087296300507 4878
1619651087322532436 6782
1619651087532407215 9396
1619651087540066417 5577
1619651088004245086 6888
1619651088099658679 5823
1619651088248383876 6627
1619651088316287511 7054
1619651088421496799 7693
1619651088503124770 6853
1619651088523553368 9029
1619651088636276727 4960
1619651088844752793 7800
1619651088885440410 38580
1619651089029503311 8150
1619651089386944744 37237
1619651089527823761 7289
1619651089662587879 5117
1619651089926669871 3634
1619651089933828120 5087
1619651090228799339 6159
1619651090383844456 42114
1619651090419241682 5599
1619651090523991846 8999
1619651091469568319 6389
1619651092017556302 4723
1619651092135422647 5419
1619651092201965317 7941
1619651092318450474 6341
1619651092342342657 5645
1619651092388586494 35209
1619651092523497101 8074
1619651092564915264 6117
1619651092731310984 7038
1619651092833540586 6499
1619651092951996563 6974
1619651092973764725 3457
1619651093485739520 6679
1619651094267613361 6843
1619651094303490342 6307
1619651094390159636 12097
1619651094425575569 6106
1619651095207795148 6579
1619651095283746526 15054
1619651095435434804 5205
1619651095652148309 5917
1619651095673022023 6488
1619651095791205983 48221
1619651095914015201 7789
1619651096038787050 7642
1619651096064170395 7941
1619651096085801779 9997
1619651096189617686 6094
1619651096675056288 8915
1619651096716742510 6994
1619651097024865024 16026
1619651097268136882 7860
1619651097548745032 8790
1619651097565903936 6755
1619651097780484694 5561
1619651097789534019 6854
1619651097931575156 6223
1619651097947985063 5854
1619651097957564022 7470
1619651097974201024 6519
1619651098378805963 7145
1619651098429009351 6909
1619651098624085471 9181
1619651098741623961 6604
1619651098775936163 6234
1619651098811040814 8040
1619651098932552562 13686
1619651100094915466 6205
1619651100112380229 5978
1619651100232992598 6537
1619651101567873339 6695
1619651101802843280 5341
1619651102004101561 6584
1619651102024161975 9339
1619651102146679730 5191
1619651102218178147 5947
1619651102235877577 6218
1619651102548752184 4496
1619651102812415534 6829
1619651102840502908 8336
1619651102856278621 6352
1619651103002609965 6721
1619651103356631573 6079
1619651103523742787 7472
1619651103960338817 7866
1619651104391076338 14648
1619651104818996445 9115
1619651104843891678 6555
1619651104883280456 10300
1619651105039043940 6686
1619651105415837046 9239
1619651106413389880 10927
1619651106669033354 5745
1619651106696160218 9112
1619651107034528687 6325
1619651107182139216 5807
1619651107242286913 7373
1619651107286476046 5474
1619651107642253153 9333
1619651108045432934 6866
1619651108096706885 5581
1619651108233341895 5855
1619651108291730151 56270
1619651108361820235 5332
1619651108715136063 9593
1619651108786894791 7972
1619651108896129862 7441
1619651109064202387 7273
1619651109240044229 8393
1619651109411369459 5400
1619651109806663228 5728
1619651109996843985 7145
1619651110104282673 5726
1619651110246958487 6434
1619651110404806137 6938
1619651110422027539 6496
1619651110545316116 6148
1619651110601338265 6443
1619651110725471655 4785
1619651111335691677 5965
1619651111817803385 8447
1619651112013352470 6186
1619651113220684895 5886
1619651113300118824 6000
1619651113528678307 6369
1619651113864060652 6165
1619651113936865195 6270
1619651114907774101 6885
1619651114926207373 8445
1619651115129491919 6847
1619651115265475262 7394
1619651115330783769 7486
1619651115603743399 7556
1619651115822917887 5653
1619651116315154713 5468
1619651116528858706 6767
1619651116596790086 7316
1619651116974489080 5637
1619651117031093350 18045
1619651117109360334 7187
1619651117129773755 9197
1619651117254051912 9890
1619651117411136001 4594
1619651117519291859 17914
1619651117972829444 7560
1619651117982493414 7543
1619651118245128092 9121
1619651118484250568 6937
1619651118595531807 7051
1619651118835484407 6457
1619651119095289460 6678
1619651119248696688 5629
1619651119309970169 7671
1619651119337731501 8511
1619651119459745743 6018
1619651119613094360 7895
1619651119635580563 8961
1619651119697720626 5888
1619651119792672237 6075
1619651119908794078 5822
1619651119994563755 5929
1619651120033624158 7573
1619651120231618261 12429
1619651120299536075 5989
1619651120344137697 6624
1619651120707360662 7031
1619651120810050804 6242
1619651120861532411 5641
1619651120868813989 5113
1619651121661523847 6352
1619651121703171648 5580
1619651121765343388 6054
1619651121837971319 8626
1619651121994579196 5594
1619651122080255676 7230
1619651122116709982 8755
1619651122276951006 5627
1619651122305898304 9628
1619651122338276453 6595
1619651122491941892 19182
1619651122499678018 5673
1619651122767861946 5879
1619651123538524557 8354
1619651123619582101 6184
1619651123721309804 8864
1619651123798490486 6060
1619651124130336509 10846
1619651124382941078 4133
1619651124396329857 4544
