1655433564218876982 5
1655433565220133443 7
1655433566220309356 6
1655433567220493836 8
1655433568221653931 6
1655433569222796957 6
1655433570224036096 8
1655433571225283879 6
1655433572226521515 8
1655433573227745150 6
1655433574228992125 8
1655433575230243942 8
1655433576231388351 6
1655433577232199365 7
1655433578232363775 7
1655433579233611466 8
1655433580234849292 6
1655433581236102714 8
1655433582236300508 8
1655433583237063958 6
1655433584238309940 8
1655433585239545072 8
1655433586240480537 8
1655433587240710402 6
1655433588241842381 8
1655433589243021376 8
1655433590244148908 6
1655433591245339200 8
1655433592246515868 8
1655433593247607449 6
1655433594248139527 8
1655433595249103918 7
1655433596250350705 7
1655433597251523533 8
1655433598252764577 6
1655433599253965319 8
1655433600255057927 7
1655433601255230770 7
1655433602256432845 8
1655433603257674288 6
1655433604258921744 8
1655433605259373173 7
1655433606260575235 7
1655433607261718529 8
1655433608261980246 8
1655433609263143259 6
1655433610264473466 8
1655433611265649828 6
1655433612266859143 8
1655433613268108356 8
1655433614268421395 8
1655433615269632472 6
1655433616270882946 8
1655433617272121751 8
1655433618272272317 7
1655433619273437558 7
1655433620274685587 8
1655433621275890924 8
1655433622276825751 6
1655433623278088107 8
1655433624279325738 6
1655433625280197520 8
1655433626281440890 8
1655433627282675328 7
1655433628283912730 7
1655433629284356376 7
1655433630285057365 7
1655433631286226792 8
1655433632287397307 6
1655433633288342444 6
1655433634289467109 8
1655433635290641586 8
1655433636291811737 8
1655433637292246555 6
1655433638292900755 8
1655433639294112020 8
1655433640295367118 6
1655433641296370677 8
1655433642296518631 8
1655433643297734835 6
1655433644298965786 8
1655433645300138430 6
1655433646301434660 8
1655433647302664774 8
1655433648303914328 6
1655433649304215964 8
1655433650304375177 6
1655433651305624926 8
1655433652306868379 8
1655433653308120364 6