1655688044089337060 68
1655688045090313867 64
1655688046091648387 64
1655688047093302346 67
1655688048094322237 61
1655688049095325536 66
1655688050096882747 62
1655688051097719985 68
1655688052098326361 60
1655688053099465036 68
1655688054100362249 64
1655688055101317076 64
1655688056102304412 68
1655688057103336388 58
1655688058104465331 68
1655688059105588564 66
1655688060106647529 62
1655688061107342699 64
1655688062108316579 68
1655688063109344329 60
1655688064110347227 68
1655688065111304811 64
1655688066112574786 64
1655688067114373313 64
1655688068115325832 64
1655688069116474055 68
1655688070117329677 60
1655688071118319073 68
1655688072119296336 62
1655688073120321105 66
1655688074121299939 67
1655688075123509399 62
1655688076124339437 65
1655688077125300124 64
1655688078126418326 64
1655688079127360063 66
1655688080128333943 62
1655688081129338535 68
1655688082130302481 64
1655688083131321938 62
1655688084132349119 66
1655688085133311806 64
1655688086134307981 66
1655688087135523436 62
1655688088136483658 66
1655688089137330867 64
1655688090138331584 64
1655688091140206920 62
1655688092141300413 68
1655688093142319415 62
1655688094142469880 66
1655688095143427843 63
1655688096145903846 65
1655688097147024347 68
1655688098147312943 62
1655688099148344518 66
1655688100149336193 64
1655688101150345078 63
1655688102151343275 65
1655688103152303395 64
1655688104153319255 66
1655688105154319012 64
1655688106155307230 65
1655688107156291830 65
1655688108157423211 62
1655688109158311206 66
1655688110159318211 64
1655688111160309383 64
1655688112161386072 62
1655688113162894022 68
1655688114163333127 64
1655688115164474806 64
1655688116165555637 68
1655688117166319817 62
1655688118167328397 66
1655688119168320864 66
1655688120169332333 62
1655688121170318542 68
1655688122171314424 60
1655688123172529041 61
1655688124173738299 65
1655688125174322180 64
1655688126175376276 64
1655688127176327976 68
1655688128177373672 64
1655688129178336175 62
1655688130179448780 64
1655688131180314757 70