1655689143347394878 85
1655689144348315737 88
1655689145349330438 101
1655689146350455108 106
1655689147351320790 108
1655689148352306427 111
1655689149353295040 107
1655689150354363385 112
1655689151356161599 110
1655689152357329928 111
1655689153358319822 108
1655689154359403178 109
1655689155360307288 109
1655689156361961668 113
1655689157362356975 109
1655689158363341323 107
1655689159364324617 102
1655689160365340591 101
1655689161366325219 107
1655689162367742184 107
1655689163368441945 106
1655689164369354547 110
1655689165370496542 109
1655689166371637652 107
1655689167373397338 104
1655689168374358561 108
1655689169376651642 110
1655689170377318542 110
1655689171378323314 112
1655689172379516594 109
1655689173380564845 108
1655689174381444716 102
1655689175382341324 104
1655689176383365613 103
1655689177384321692 107
1655689178385452155 106
1655689179386312596 110
1655689180387610925 98
1655689181388704708 100
1655689182389854457 105
1655689183390382401 105
1655689184391366437 108
1655689185392307995 109
1655689186393314303 108
1655689187394559359 107
1655689188395318953 108
1655689189396340613 100
1655689190397301893 88
1655689191398367048 92
1655689192399665845 103
1655689193400510880 100
1655689194401345099 98
1655689195402311232 109
1655689196402707160 106
1655689197403317465 109
1655689198404331729 106
1655689199405390633 109
1655689200406297735 108
1655689201407323977 108
1655689202408811842 110
1655689203409322204 108
1655689204410325787 107
1655689205411317975 111
1655689206412306658 110
1655689207413317565 110
1655689208414299449 110
1655689209415317122 106
1655689210416296871 107
1655689211417345425 111
1655689212418319097 110
1655689213419312027 102
1655689214420560384 99
1655689215421325520 106
1655689216422412565 103
1655689217423294088 106
1655689218424855244 107
1655689219425300174 110
1655689220426299090 109
1655689221427342413 104
1655689222428309056 110
1655689223430315737 107
1655689224431330747 109
1655689225432555103 108
1655689226433317195 110
1655689227434296391 112
1655689228435329992 110
1655689229436311078 112
1655689230437316576 104
1655689231438306953 111