1655689510579496747 35
1655689511580424500 38
1655689512581300522 36
1655689513582301996 47
1655689514583314235 33
1655689515584304929 47
1655689516585322224 57
1655689517586355264 49
1655689518587348792 43
1655689519588510585 51
1655689520589349558 47
1655689521590344243 49
1655689522591298744 51
1655689523592298712 45
1655689524593392662 53
1655689525594311770 44
1655689526595343208 46
1655689527596299006 51
1655689528597300020 48
1655689529598754476 51
1655689530600013102 53
1655689531601314722 48
1655689532602351847 47
1655689533603619995 45
1655689534604951327 54
1655689535606201990 37
1655689536607312577 49
1655689537608631253 47
1655689538609174326 58
1655689539610159720 44
1655689540611305834 42
1655689541612484339 54
1655689542613358754 49
1655689543614622186 46
1655689544615934859 52
1655689545617181157 42
1655689546618372108 44
1655689547619346933 58
1655689548620526476 54
1655689549621321958 47
1655689550622474618 44
1655689551623311333 47
1655689552624481128 46
1655689553625393310 47
1655689554626600879 55
1655689555628233815 40
1655689556629480027 55
1655689557630174294 50
1655689558631375909 45
1655689559632603849 45
1655689560633851844 49
1655689561635158557 49
1655689562635318190 56
1655689563636306112 40
1655689564637436208 50
1655689565638712356 47
1655689566639215941 48
1655689567640309789 53
1655689568641420861 41
1655689569642562187 47
1655689570643541420 58
1655689571644326952 40
1655689572645640555 54
1655689573646879817 38
1655689574648211300 49
1655689575649392934 55
1655689576650311817 53
1655689577651301206 42
1655689578652739622 51
1655689579653548934 44
1655689580654317166 53
1655689581655375912 45
1655689582656627779 47
1655689583656941138 45
1655689584657807154 54
1655689585659173976 43
1655689586659977800 52
1655689587660354996 46
1655689588661831085 54
1655689589663320091 36
1655689590664331779 55
1655689591665617847 45
1655689592666334503 52
1655689593667429359 49
1655689594668910360 49
1655689595669668629 56
1655689596670909177 34
1655689597671920514 60
1655689598672322850 47
1655689599673449266 42