1655689662649284897 0
1655689663650517140 0
1655689664651706637 0
1655689665652887011 0
1655689666654047580 0
1655689667655216204 0
1655689668656436155 0
1655689669657312699 0
1655689670658470777 0
1655689671659728083 0
1655689672660877926 0
1655689673662059601 0
1655689674663340275 0
1655689675664305434 0
1655689676665455403 0
1655689677666326727 0
1655689678667466965 0
1655689679668764232 0
1655689680669927372 0
1655689681671417075 0
1655689682672684341 0
1655689683674157957 0
1655689684675328127 0
1655689685676303990 0
1655689686677483731 0
1655689687678775748 0
1655689688679960975 0
1655689689680342049 0
1655689690681504932 0
1655689691682763584 0
1655689692683916822 0
1655689693685172967 0
1655689694686309380 0
1655689695687333183 0
1655689696688288153 13
1655689697689303325 73
1655689698693340304 100
1655689699694426532 93
1655689700696146514 79
1655689701697321978 99
1655689702699320327 98
1655689703700681245 99
1655689704701553669 101
1655689705702302262 100
1655689706703297232 89
1655689707704873433 99
1655689708709410761 96
1655689709710331944 87
1655689710712334063 97
1655689711713346972 90
1655689712714317012 98
1655689713715318216 88
1655689714716345531 105
1655689715717449813 96
1655689716718331469 96
1655689717719304004 101
1655689718720285156 90
1655689719721315490 89
1655689720722594606 87
1655689721723736294 103
1655689722724957799 98
1655689723726200768 98
1655689724727430437 94
1655689725728700284 100
1655689726729950716 98
1655689727731162700 96
1655689728731339301 96
1655689729732306543 85
1655689730733303946 93
1655689731734306089 99
1655689732735315698 95
1655689733736699798 94
1655689734737575841 100
1655689735738309156 91
1655689736739287383 85
1655689737740549287 88
1655689738741707338 94
1655689739742854632 88
1655689740743624134 91
1655689741744777164 92
1655689742745729098 86
1655689743746536218 96
1655689744747323142 97
1655689745748141592 82
1655689746749193744 95
1655689747751997029 97
1655689748753282209 93
1655689749754311365 87
1655689750755308834 102
1655689751756298833 100
1655689752757335388 99
1655689753758336332 99
1655689754759555893 94
1655689755760395560 98
1655689756761687456 101
1655689757762324719 87
1655689758763402650 95
1655689759764580385 96
1655689760765339486 97
1655689761766317795 99
1655689762767438264 96
1655689763768325339 100
1655689764769510848 90
1655689765770556763 107
1655689766771329545 98
1655689767772427018 96
1655689768773472395 93
1655689769775316184 94
1655689770777325053 99
1655689771778478382 94
1655689772779378426 96
1655689773780367347 92
1655689774781717527 99
1655689775782583060 95
1655689776783589629 92
1655689777785316972 100
1655689778786316032 104
1655689779787299922 85
1655689780788449725 98
1655689781789378547 98
1655689782790343460 99
1655689783791333663 94
1655689784792998027 98
1655689785794270454 93
1655689786795427083 65
1655689787796304400 3
1655689788797445563 0
1655689789798341325 0
1655689790799320326 0