1655689846157263578 0
1655689847158470937 0
1655689848159642420 0
1655689849160772047 0
1655689850161938735 0
1655689851163116997 0
1655689852164329706 0
1655689853165487585 0
1655689854167535492 0
1655689855168316185 0
1655689856169472382 0
1655689857170325589 0
1655689858171617360 0
1655689859172873884 0
1655689860174215176 0
1655689861175402351 0
1655689862176597724 0
1655689863177751253 0
1655689864179059489 0
1655689865179627171 0
1655689866180074296 0
1655689867181207292 0
1655689868182531899 0
1655689869183706642 0
1655689870184874027 0
1655689871186023316 0
1655689872186623641 0
1655689873187785048 0
1655689874188939675 0
1655689875190264655 0
1655689876191340526 0
1655689877192306058 0
1655689878193433937 0
1655689879194682955 0
1655689880195889049 3
1655689881197122988 18
1655689882198316116 32
1655689883199327228 41
1655689884200303590 42
1655689885201949208 41
1655689886203185832 54
1655689887204312909 45
1655689888205438129 47
1655689889206647953 55
1655689890207321392 49
1655689891208695884 38
1655689892209509997 62
1655689893210667948 41
1655689894211917058 47
1655689895212440355 57
1655689896213573606 45
1655689897214726554 49
1655689898215305169 51
1655689899216740128 47
1655689900217296881 44
1655689901218530842 52
1655689902219366113 51
1655689903220636105 48
1655689904221787041 56
1655689905222952261 43
1655689906223319054 57
1655689907224576937 44
1655689908225695646 45
1655689909226710937 51
1655689910227865507 51
1655689911228787972 44
1655689912229321539 55
1655689913230307435 42
1655689914231405986 48
1655689915232760599 50
1655689916233651211 52
1655689917234623341 42
1655689918235774137 54
1655689919237037410 46
1655689920237304676 57
1655689921238316161 51
1655689922239323065 44
1655689923240327075 47
1655689924241623703 46
1655689925242441746 51
1655689926243308105 47
1655689927244372971 54
1655689928245340970 44
1655689929246472021 48
1655689930247630766 55
1655689931248792144 40
1655689932249353822 55
1655689933250520017 41
1655689934251683230 57
1655689935252822997 49
1655689936254060395 47
1655689937254468681 52
1655689938255303972 54
1655689939256420909 40
1655689940258185762 50
1655689941259406564 55
1655689942260395050 50
1655689943261527053 47
1655689944262677721 46
1655689945263729529 53
1655689946264487951 46
1655689947265873174 45
1655689948267154018 57
1655689949268313010 44
1655689950269299918 54
1655689951270556567 44
1655689952271342318 59
1655689953272322306 33
1655689954273313499 58
1655689955274307447 41
1655689956275375889 54
1655689957276518824 44
1655689958277319718 56
1655689959278378220 40
1655689960279311299 52
1655689961280957401 53
1655689962281317049 44
1655689963282316893 53
1655689964283484390 51
1655689965284349307 44
1655689966285615732 50
1655689967286316210 52
1655689968287327458 47
1655689969288325641 55
1655689970289303888 44
1655689971290399962 49
1655689972291307124 32
1655689973292433672 18
1655689974293578145 5
1655689975293837883 0
1655689976295112387 0
1655689977296400330 0