1655690070253180347 83
1655690071254324882 98
1655690072255477386 91
1655690073256734459 94
1655690074257879757 100
1655690075259044618 100
1655690076259624179 93
1655690077261002853 98
1655690078261314543 89
1655690079262321600 90
1655690080263372567 91
1655690081264347742 91
1655690082265504814 86
1655690083266674717 98
1655690084267310310 96
1655690085268340915 93
1655690086269311142 96
1655690087270321502 98
1655690088271318156 89
1655690089272314182 101
1655690090273342891 90
1655690091274592303 100
1655690092275363379 97
1655690093276330342 95
1655690094277379989 96
1655690095278318419 98
1655690096279325181 94
1655690097280304007 95
1655690098281689864 97
1655690099282312197 92
1655690100283309817 84
1655690101284312585 88
1655690102285317636 97
1655690103286371228 95
1655690104287313099 90
1655690105288453163 98
1655690106289317058 93
1655690107290331164 89
1655690108291327476 96
1655690109294022057 96
1655690110294308963 96
1655690111295567490 96
1655690112296316349 94
1655690113297403387 86
1655690114298386022 95
1655690115299311689 88
1655690116300419451 97
1655690117301306465 100
1655690118302308958 100
1655690119303592603 84
1655690120305375053 99
1655690121306629557 92
1655690122307319384 78
1655690123308906988 98
1655690124309515926 95
1655690125310309501 88
1655690126311306465 102
1655690127312309007 97
1655690128313419826 92
1655690129314319646 89
1655690130315325968 96
1655690131316331066 97
1655690132317313175 99
1655690133318310203 96
1655690134319303737 101
1655690135320297335 91
1655690136321396952 96
1655690137322867539 94
1655690138323766635 97
1655690139325054322 94
1655690140325319360 90
1655690141326570162 82
1655690142327311647 94
1655690143328319262 90
1655690144329305501 94
1655690145330328347 89
1655690146331304499 94
1655690147332353258 94
1655690148333312269 92
1655690149334453568 90
1655690150335624020 83
1655690151336878436 100
1655690152338072970 100
1655690153339332160 96
1655690154340314079 96
1655690155341527320 92
1655690156342348613 95
1655690157343985993 91
1655690158345364070 98
1655690159346328688 43