1619653901022720370 7305
1619653902022788138 7255
1619653903022793398 7119
1619653904022874161 7707
1619653905022788915 7584
1619653906022755108 7905
1619653907022802131 7006
1619653908022752546 7896
1619653909022758344 7978
1619653910022977167 7567
1619653911022711069 7905
1619653912022863423 8070
1619653913022724254 7631
1619653914022734576 7878
1619653915022815060 7870
1619653916022852992 7982
1619653917022748095 8294
1619653918022775378 8621
1619653919022750895 8163
1619653920022728168 8159
1619653921022732239 7712
1619653922022734526 8317
1619653923022782701 8338
1619653924022791980 8513
1619653925022825534 8162
1619653926022718343 8464
1619653927022762470 8764
1619653928022938435 8742
1619653929022733397 8669
1619653930022724237 8898
1619653931022713293 8676
1619653932022878894 8276
1619653933022780188 8415
1619653934022774231 8540
1619653935022743585 8909
1619653936022778941 8677
1619653937022758694 8695
1619653938022732560 8684
1619653939022777167 8835
1619653940022756623 8684
1619653941023214857 8555
1619653942022738842 8222
1619653943022751008 8913
1619653944022758248 8673
1619653945022752402 8511
1619653946022712815 8895
1619653947022728259 8583
1619653948022775018 8813
1619653949022748956 8844
1619653950022764560 8810
1619653951022797252 8660
1619653952022760266 8895
1619653953022777277 8435
1619653954022901263 8388
1619653955022721886 8985
1619653956023924534 8614
1619653957022777153 8665
1619653958022727289 8587
1619653959022721686 8079
