1619548818807921138 2673
1619548819808080876 2645
1619548820807833707 2651
1619548821807859934 2648
1619548822808008812 2671
1619548823807788382 2686
1619548824807914326 2657
1619548825807835854 2660
1619548826807856264 2628
1619548827807848522 2607
1619548828808435715 2677
1619548829807807031 2668
1619548830807826673 2632
1619548831807800460 2625
1619548832807901666 2621
1619548833808126227 2638
1619548834807793292 2621
1619548835808018195 2658
1619548836807943848 2661
1619548837807860740 2623
1619548838807846462 2626
1619548839807834095 2669
1619548840807789838 2640
1619548841807820063 2616
1619548842807824236 2616
1619548843807875790 2627
1619548844808098290 2633
1619548845807872397 2604
1619548846808227250 2637
1619548847807797118 2607
1619548848807849167 2610
1619548849807790248 2638
1619548850808073931 2636
1619548851807843988 2602
1619548852807804001 2644
1619548853808048841 2632
1619548854808061705 2607
1619548855807802966 2628
1619548856807836211 2598
1619548857807802602 2632
1619548858807804283 2622
1619548859807821584 2616
1619548860807792813 2614
1619548861807891053 2675
1619548862807838990 2634
1619548863807966469 2650
1619548864808224535 2645
1619548865808052384 2658
1619548866807822573 2630
1619548867807812898 2637
1619548868807920719 2607
1619548869808109346 2628
1619548870807880439 2633
1619548871807826301 2642
1619548872807865158 2656
1619548873808214097 2663
1619548874807895444 2661
1619548875807907362 2652
1619548876807805519 2657