1619555554099827234 6159
1619555555099808344 6231
1619555556099803486 6265
1619555557099946999 6303
1619555558100054452 6287
1619555559099839671 6309
1619555560106001106 6058
1619555561099790733 6156
1619555562099823646 6422
1619555563100040351 5911
1619555564099813749 6482
1619555565099842167 6115
1619555566099953849 6306
1619555567099796496 6176
1619555568099797196 6224
1619555569102661448 6067
1619555570099815842 6350
1619555571099841695 6467
1619555572099825636 6314
1619555573099864047 6262
1619555574099883839 6276
1619555575099824325 6256
1619555576099866415 6406
1619555577099818429 6073
1619555578105767419 6079
1619555579099828229 6240
1619555580099790378 6097
1619555581099810987 6414
1619555582099778267 6233
1619555583100153823 6209
1619555584099804775 6307
1619555585099819500 6364
1619555586100129776 6278
1619555587099841146 6414
1619555588099839729 6246
1619555589108714768 6240
1619555590099784970 6409
1619555591099794112 6303
1619555592099878963 6216
1619555593108796003 6367
1619555594099877151 6316
1619555595099804794 6413
1619555596099796511 6372
1619555597099865874 6355
1619555598100263525 6485
1619555599100278704 6178
1619555600099949028 6291
1619555601107556299 6179
1619555602100635797 6266
1619555603100071804 6405
1619555604099785593 6450
1619555605099896895 6522
1619555606099794746 6200
1619555607100261317 6501
1619555608106713891 6233
1619555609099842054 6296
1619555610099819091 6330
1619555611100016636 6262
1619555612099949895 6492
