1655867515468046453 854186286
1655867515823515937 154935237
1655867516357849009 330349676
1655867516686846240 126263069
1655867517034578676 147338890
1655867517404447691 167170702
1655867517804922000 197668967
1655867518265538925 257872461
1655867518605078866 136738699
1655867518941907442 133918858
1655867519314141559 169484163
1655867519650662789 131703738
1655867520017374927 162234004
1655867520418377424 200570707
1655867520814042103 191163351
1655867521155243889 136548127
1655867521453045918 97401548
1655867521769221519 115748908
1655867522061780249 89510364
1655867522418148904 155965164
1655867522775017710 154029713
1655867523189534336 211868036
1655867523531586327 139169217
1655867523971610266 235981341
1655867524346532515 174526990
1655867524729776853 178885701
1655867525075912414 143284643
1655867525412980385 136665391
1655867525852343993 236487782
1655867526181957030 129192742
1655867526500095453 117734298
1655867526810441458 109919809
1655867527114199726 100290446
1655867527379069150 61759995
1655867527674686415 92790502
1655867527993019030 114971630
1655867528300357519 106908675
1655867528630949014 126504261
1655867528948829714 117457038
1655867529297583994 148337766
1655867529637242603 135271732
1655867530006918703 166393798
1655867530389507675 179792620
1655867530768430210 178505594
1655867531180877601 209191281
1655867531522379185 141058194
1655867531878261508 153163133
1655867532270287605 189267710
1655867532599694922 128977147
1655867532911113761 110998488
1655867533304210060 190302736
1655867533675377575 167067259
1655867533962526571 82829350
1655867534277845338 110438219
1655867534599216333 114762595
1655867534915717353 113118650
1655867535212561977 96411478
1655867535539339767 122604824
1655867535968765627 229019436
1655867536311832036 140299709
1655867536651621636 136527726
1655867537045289465 193277528
1655867537398831315 150770227
1655867537732449646 130826073
1655867538057616375 124744233
1655867538385852654 125444677
1655867538711692590 125448033
1655867539053254952 138790493
1655867539369640776 113744692
1655867539693962126 121588158
1655867540075092473 180400217
1655867540504810182 225773602
1655867540837957274 130370874
1655867541226410634 185666905
1655867541541493247 112141075
1655867541900828209 158936732
1655867542215226099 114002738
1655867542496012192 77034275
1655867542779128431 82700295
1655867543115210582 135647267
1655867543454773560 136871974
1655867543867430116 212219851
1655867544189426709 119331056
1655867544509874078 120041969
1655867544932009776 219048204
1655867545298644961 163917642
1655867545663608503 161297277
1655867545997642681 131253097
1655867546364812616 164469183
1655867546716491160 148902957
1655867547162545851 234972517
1655867547552129486 185241073
1655867547960014427 205042073
1655867548290384201 127339629
1655867548624640124 131526344
1655867549010859788 183301659
1655867549392761959 177441471
1655867549769885040 172893106
1655867550136779333 162036365
1655867550521295566 184119385
1655867550868210656 142244478
1655867551221228036 149640485
1655867551592280699 170617484
1655867551931635175 136649653
1655867552250895681 116440156
1655867552537407226 86112473
1655867552889059027 151234599
1655867553142936159 53486965
1655867553429905528 84158836
1655867553762041015 129362330
1655867554053771276 91338004
1655867554471591322 155968975
1655867554842940158 167609958
1655867555166428826 123135577
1655867555524600521 157751490
1655867555896323972 170900503
1655867556255366254 155212532
1655867556649061548 190371465
1655867556951381133 99478690
1655867557266716257 112659926
1655867557655484864 185983321
1655867558051718993 140128503
1655867558440649641 188504842
1655867558796102266 155053553
1655867559143678272 143477140
1655867559499871197 155606383
1655867559925860229 206299839
1655867560283573031 153378659
1655867560623325708 135019422
1655867560952755016 128680260
1655867561290253581 137090164
1655867561631641835 136940732
1655867562000094017 165752514
1655867562339501460 136634909
1655867562739225125 199314934
1655867563091488057 149578674
1655867563461914640 170027054
1655867563777656803 111879465
1655867564110334852 132243534
1655867564493486533 178651923
1655867564840389874 144187412
1655867565126360859 85575669
1655867565451500031 122453336
1655867565753668509 99469496
1655867566068566843 110071390
1655867566407624322 134647525
1655867566730261114 118545083
1655867567038922834 105773572
1655867567373104681 131377360
1655867567743800242 167890392
1655867568011936630 67043336
1655867568368241207 155904957
1655867568710002692 138949422
1655867569083066139 172671710
1655867569485941094 199974958
1655867569785551202 96928477
1655867570074261523 88285958
1655867570350705471 72590505
1655867570698562851 144455284
1655867571024670017 123382453
1655867571336939831 111867120
1655867571741728823 204402523
1655867572056405424 114289600
1655867572398752374 139459514
1655867572753782327 142198203
1655867573183844491 227303555
1655867573654857322 270609650
1655867573985763931 128210607
1655867574258450177 72300015
1655867574533804448 72552441
1655867574827010273 92816564
1655867575200830863 173419011
1655867575551139997 149876512
1655867575927434414 175836760
1655867576328614009 196682126
1655867576788515767 255242823
1655867577146238372 157342678
1655867577503461244 152828077
1655867577831967548 126975597
1655867578176057334 143681954
1655867578556148180 177312123
1655867578879662152 120770971
1655867579190563683 106292774
1655867579535531703 140291472
1655867579861773141 123552800
1655867580191758229 126685847
1655867580498918174 104213978
1655867580889275369 187650994
1655867581289647488 199925762
1655867581682509213 190113004
1655867582056981714 170009604
1655867582440430759 183034586
1655867582854293697 209623093
1655867583221189723 166487371
1655867583687253454 263268801
1655867584105355497 215381469
1655867584480035848 158985302
1655867584903217700 218726993
1655867585404540283 296767031
1655867586026400586 419125868
1655867586894432610 667637307
1655867587248299822 147476553
1655867587655741457 207014205
1655867588021148052 162637478
1655867588442436721 218462507
1655867588759398804 114342293
1655867589038106570 77849001
1655867589489557170 250463698
1655867589790950452 100974407
1655867590085274694 91526482
1655867590425411217 135135313
1655867590670024458 41871935
1655867590947818531 77415328
1655867591273884457 123315408
1655867591697795849 178669954
1655867592048858039 132598969
1655867592407286193 153715541
1655867592722782856 111822104
1655867593032478340 109263618
1655867593414814064 181923607
1655867593722836041 103640614
1655867594205587937 278511698
1655867594552378713 146344965
1655867594895310187 140135332
1655867595289135177 193425771
1655867595636685916 139285432
1655867595964764467 123501072
1655867596359055548 189253868
1655867596747343592 185569932
1655867597207320475 259597470
1655867597622957664 215237857
1655867597931249207 105501899
1655867598229342018 97673283
1655867598610745758 180996184
1655867598914997813 99666936
1655867599212980195 94001289
1655867599462122990 48752674
1655867599775381384 112850174
1655867600098802775 120321607
1655867600427083420 127832055
1655867600764405728 136866320
1655867601120918413 153715503
1655867601438606069 117243138
1655867601766996140 127998874
1655867602190837226 216192873
1655867602541680493 150421550
1655867602917656513 171028286
1655867603255415806 137337405
1655867603573566790 114686781
1655867603859662343 85710865
1655867604153616508 89786951
1655867604522103587 165619234
1655867604861338484 136478074
1655867605206219801 144486474
1655867605562614814 148666831
1655867605881582229 118565984
1655867606216381077 134364852
1655867606536758743 115921822
1655867606847306870 106329709
1655867607199471276 144227930
1655867607579061957 175468907
1655867607931119005 151606479
1655867608313694897 179783408
1655867608601923897 87953734
1655867608944615461 142295915
1655867609287602514 140216210
1655867609570109371 82126068
1655867609910406064 137506695
1655867610212539823 101720323
1655867610559806119 144593215
1655867610894474106 134285214
1655867611285314721 188075755
1655867611605157645 119438389
1655867611938450297 132867672
1655867612303704152 164834573
1655867612644822733 138459900
1655867613030365401 185114000
1655867613412358481 181581140
1655867613736065867 120922192
1655867614146968971 208086092
1655867614477535806 130248366
1655867614863223643 181696233
1655867615195929191 128640710
1655867615586360374 189963334
1655867615955535958 168750030
1655867616250490919 92091266
