1655532066862292614 404599704
1655532067165391392 9351038
1655532067559427417 192676411
1655532067768170181 7436665
1655532067975451377 6960164
1655532068185272120 9493488
1655532068393563586 7962420
1655532068604334584 10441988
1655532068813974182 8353999
1655532069023510195 9209722
1655532069232698625 7640876
1655532069440095108 7068165
1655532069648776604 8386590
1655532069858354725 9271734
1655532070067598390 7940750
1655532070275690414 6534248
1655532070483449592 6436602
1655532070695297151 9880686
1655532070904386573 7771152
1655532071113922029 8198003
1655532071323102824 7907159
1655532071532460282 9024360
1655532071741796536 8090406
1655532071948677844 6548821
1655532072158017108 8004364
1655532072364863801 6504234
1655532072573661375 8470323
1655532072781464570 6521367
1655532072988668727 5994864
1655532073196999487 7004652
1655532073405049266 6708678
1655532073613046177 7656460
1655532073820942540 7551510
1655532074028079196 6793259
1655532074236064690 7682908
1655532074445092893 7747515
1655532074654575086 9146436
1655532074863047777 7141066
1655532075071407251 6986798
1655532075280256257 7510456
1655532075487771345 7172028
1655532075695170265 7045218
1655532075902676153 7164049
1655532076109785364 6768740
1655532076317805095 6768230
1655532076525685189 6520265
1655532076734168986 7133139
1655532076942411852 6969638
1655532077154829960 11093974
1655532077362459607 7294875
1655532077571352079 8557919
1655532077779518873 6823671
1655532077987493065 7637353
1655532078196808961 8984206
1655532078405636056 7493607
1655532078614362001 7418708
1655532078822905360 8201127
1655532079031115556 7868374
1655532079240747452 8297584
1655532079447716957 6637437
1655532079655829345 7761339
1655532079863705556 6573062
1655532080073156144 8128186
1655532080280142718 6645279
1655532080487901766 6497787
1655532080696564232 7383819
1655532080905683175 7839658
1655532081113895110 6850704
1655532081322826454 7645402
1655532081530369571 7204996
1655532081737938574 7230278
1655532081946214562 6976333
1655532082155361520 7865277
1655532082365259886 9557188
1655532082572463035 6860419
1655532082780456316 6681056
1655532082987359901 6557898
1655532083195315208 6658094
1655532083403305989 6683384
1655532083611167483 6542961
1655532083818203000 6696454
1655532084027046753 7553232
1655532084234089768 6702768
1655532084442361115 6923115
1655532084649460650 6761959
1655532084857557373 6737245
1655532085064459567 6558743
1655532085272489420 6721560
1655532085480915220 7131164
1655532085688967655 6751094
1655532085896590610 7324626
1655532086108299767 11375764
1655532086315162888 6528648
1655532086522759173 6280373
1655532086730692664 6544260
1655532086939423852 7405676
1655532087147316876 6598428
1655532087356560139 7912782
1655532087564609283 7713376
1655532087771994686 7047031
1655532087980081517 6745938
1655532088188582790 7266607
1655532088397985794 8075589
1655532088605320361 6999740
1655532088813411091 6761700
1655532089020611927 6865495
1655532089228544183 6624655
1655532089435706045 6806444
1655532089643312080 7227854
1655532089852423816 7717074
1655532090059481411 6722791
1655532090267097982 7267037
1655532090474919712 6476275
1655532090681809914 6549375
1655532090889417510 7276721
1655532091097189125 6413609
1655532091305083513 6586562
1655532091512943626 6536547
1655532091720882466 6659258
1655532091928806618 6625397
1655532092136702850 6589779
1655532092345298005 7323275
1655532092554828535 9193393
1655532092762736025 6548161
1655532092971319624 7256251
1655532093179607558 6975369
1655532093388077353 7141052
1655532093595418310 7012480
1655532093804511338 7699110
1655532094011586189 6734178
1655532094218531742 6619713
1655532094426180296 6332619
1655532094633026288 6511445
1655532094840148321 6782323
1655532095046955833 6496321
1655532095255540883 7203907
1655532095464442363 7551527
1655532095673188642 7480775
1655532095880248617 6723910
1655532096089053195 7494268
1655532096296454719 7060096
1655532096504623438 6813169
1655532096713583890 7618664
1655532096923099151 8206459
1655532097130064089 6632647
1655532097336835670 6437263
1655532097543652183 6480359
1655532097751262747 7274059
1655532097960330874 6951033
1655532098168498203 6903403
1655532098377090250 7231065
1655532098585213827 6847104
1655532098794141268 7670101
1655532099003064316 7665378
1655532099211263135 6902084
1655532099419148054 6547484
1655532099627573490 7105534
1655532099835392977 7476514
1655532100043466133 6743439
1655532100251605901 6795568
1655532100459884928 7946704
1655532100668375025 7231626
1655532100875295677 6587633
1655532101084423284 7802935
1655532101291601901 6832124
1655532101498727694 6786454
1655532101707248863 7154476
1655532101915138253 6519816
1655532102122989888 6490528
1655532102329839357 6516017
1655532102538406036 7245789
1655532102746475754 6766886
1655532102955054044 8243275
1655532103163469078 7043604
1655532103371289740 6506926
1655532103579843818 7235370
1655532103787811109 6545925
1655532103995727732 6605620
1655532104204158294 7088288
1655532104411900776 6443547
1655532104620038061 7795173
1655532104828001911 7647881
1655532105036812226 7693209
1655532105245275807 7135649
1655532105454135299 8522333
1655532105663046841 8571456
1655532105871900854 7518209
1655532106078802758 6560848
1655532106287411892 7225986
1655532106494423461 6674773
1655532106703035580 7314711
1655532106911187739 6814577
1655532107120343211 8822206
1655532107329313783 8630313
1655532107538758309 8124348
1655532107747475147 7409147
1655532107956340742 8525790
1655532108164865545 7205510
1655532108373058447 6931615
1655532108580929977 7516063
1655532108789257134 6996112
1655532108996023766 6417504
1655532109204525673 7186243
1655532109412527724 7659257
1655532109620594792 7731644
1655532109828820263 7884033
1655532110038871155 9715153
1655532110246758332 7554210
1655532110456560771 9459429
1655532110665909046 8029550
1655532110874168302 7906668
1655532111082316280 7793335
1655532111290886448 8217950
1655532111499632742 8400470
1655532111708182220 7303246
1655532111916335012 6826341
1655532112125881446 8213080
1655532112335201753 8015223
1655532112542349958 6813208
1655532112750208294 6590486
1655532112960325438 8783533
1655532113168409293 6845445
1655532113376710838 7012307
1655532113585361360 7297799
1655532113793073910 7360470
1655532114002581231 8214305
1655532114213230786 9269899
1655532114422150504 7597636
1655532114629419286 6918818
1655532114837957245 7213702
1655532115045615000 7303161
1655532115253437146 6533433
1655532115461996170 7255647
1655532115669383043 7037796
1655532115876578481 6859358
1655532116084308709 7395337
1655532116292553111 7905263
1655532116500995935 7107957
1655532116709304627 6973653
1655532116916478263 6829017
1655532117124467074 6696314
1655532117334820449 9020564
1655532117544662143 8477431
1655532117753046561 7074215
1655532117960361008 7015401
1655532118169000889 7398989
1655532118379443100 9113906
1655532118588174691 8392977
1655532118795703388 7201852
1655532119003776703 6763408
1655532119214580900 9500699
1655532119424090179 9180225
1655532119634837018 9464408
1655532119843180512 7002229
1655532120053064251 8543399
1655532120260593925 7194970
1655532120468779258 6885805
1655532120678227976 8115017
1655532120887158153 8592684
1655532121094963681 7464560
1655532121305839691 9520867
1655532121514089396 7912421
1655532121724419275 9003476
1655532121933759503 9013787
1655532122142127033 7100194
1655532122350960038 7522250
1655532122558578551 7276311
1655532122765807274 6882765
1655532122974432933 7363421
1655532123182537005 7769647
1655532123390948827 7116741
1655532123601493558 9253829
1655532123809657945 7825939
1655532124017502759 6553660
1655532124226386185 7573309
1655532124434867773 7181566
1655532124644146416 7974629
1655532124853380710 7935188
1655532125060819846 7104079
1655532125268985114 6857851
1655532125476914320 6657246
1655532125684072951 6819325
1655532125894174077 8751192
1655532126101874387 7349401
1655532126310892181 7658219
1655532126519349338 7138286
1655532126727409161 6773947
1655532126934660102 6915900
1655532127144233287 8256276
1655532127354101159 9522138
1655532127562393729 7061177
1655532127770876137 7226330
1655532127978777506 7570903
1655532128186842618 6769105
1655532128395872560 7717013
1655532128604041643 6966909
1655532128812584562 7252797
1655532129021009565 8096360
1655532129231576026 9267653
1655532129441830736 8940199
1655532129649963174 7768283
1655532129856899543 6608106
1655532130066619231 9391935
1655532130274871235 6990665
1655532130483565648 7408032
1655532130691012420 7117478
1655532130899895093 7557109
1655532131107105171 6881143
1655532131315174311 7726020
1655532131523880622 8369674
1655532131731917255 6720589
1655532131940085910 6909840
1655532132148433297 7082728
1655532132356532382 6790292
1655532132565602603 7795540
1655532132775540561 8614412
1655532132983709386 7833097
1655532133190826352 6766254
1655532133398096892 6920972
1655532133605305918 6881988
1655532133813056681 7395784
1655532134020976039 6617173
1655532134228971822 6716488
1655532134436160919 6854406
1655532134643354905 6857799
1655532134851312503 6595118
1655532135059081457 6457643
1655532135266239978 6817446
1655532135474182106 6650675
1655532135682834760 7398400
1655532135891020011 6899984
1655532136099639779 7296607
1655532136307414690 6475314
1655532136514526928 6772145
1655532136721688479 6834413
1655532136929535292 6490765
1655532137136666062 6803594
1655532137344193456 7201237
1655532137552987698 7529558
1655532137761496454 8180726
1655532137969008762 7185079
1655532138179095961 8758824
1655532138387307162 7883125
1655532138595489072 7852139
1655532138803881704 7054762
1655532139012760758 7594496
1655532139221936559 7841260
1655532139431705022 8477949
1655532139640083906 7112192
1655532139850432632 9079358
1655532140059104389 7435474
1655532140267490591 7045509
1655532140476931559 8159042
1655532140686126684 7890937
1655532140894132656 7667377
1655532141101310887 6842786
1655532141310392258 8742145
1655532141519453258 7765249
1655532141727413490 7621750
1655532141935657172 6926586
1655532142144571791 7626229
1655532142358894387 12994130
1655532142567714157 8492411
1655532142775059276 6993573
1655532142983705740 8316212
1655532143191475655 6468903
1655532143399275249 7460409
1655532143607772933 7172308
1655532143816918144 8816106
1655532144024857309 6615414
1655532144234999255 8778554
1655532144443175535 6864935
1655532144651862843 7353549
1655532144860100458 6972248
1655532145068326072 7889085
1655532145277173778 7514768
1655532145485962042 7474752
1655532145694713818 7433084
1655532145903931098 7900852
1655532146112640037 8382145
1655532146321254251 8274848
1655532146529638731 8037810
1655532146738593680 8614042
1655532146947153331 7229167
1655532147157071563 9579427
1655532147365464503 7083526
1655532147573349957 7548290
1655532147782074170 7457365
1655532147990129903 6762033
1655532148198444345 7057686
1655532148407109571 7328714
1655532148615099699 7635189
1655532148823467342 7010325
1655532149032093250 8273574
1655532149240532092 8088361
1655532149448140860 7251692
1655532149655995019 7498503
1655532149864166559 6865896
1655532150072335337 7825622
1655532150279491123 6814880
1655532150487570638 6779676
1655532150694487026 6578853
1655532150901797405 6975511
1655532151109822727 7689912
1655532151317083679 6931825
1655532151525020898 6643126
1655532151733179973 6841384
1655532151941641828 7165901
1655532152149011385 7021308
1655532152357431469 7053291
1655532152565988445 7234293
1655532152774690093 7386123
1655532152982559768 7516962
1655532153191772081 7900451
1655532153400340662 7276757
1655532153608809764 7113284
1655532153815973375 6826441
1655532154024900752 7704770
1655532154232947227 6701530
1655532154442714924 8504339
1655532154649941023 6885118
1655532154859465878 8202761
1655532155066698542 6897288
1655532155274955645 7916797
1655532155482500733 7210124
1655532155690990102 7184925
1655532155899226367 7883302
1655532156108244514 7724926
1655532156319017439 9416903
