1655532439322002191 9550749
1655532439608049241 84729192
1655532439818183337 9775830
1655532440026435145 6927773
1655532440234124567 7371293
1655532440441110735 6651643
1655532440649702668 7249669
1655532440856998944 6963853
1655532441108181784 49882041
1655532441317751479 8322935
1655532441524821415 6736947
1655532441733554432 8406801
1655532441942976037 9094161
1655532442201076743 56776908
1655532442409742529 7393181
1655532442616958892 6858915
1655532442825597629 7319714
1655532443034287242 7360347
1655532443242844446 7241294
1655532443450046265 6850085
1655532443658533724 7175145
1655532443865783793 6910885
1655532444073011266 6887755
1655532444301701477 28349078
1655532444509939404 7905209
1655532444719003002 7754001
1655532444928007614 8672554
1655532445135941609 6609467
1655532445344808337 8534716
1655532445554444331 8359887
1655532445761499158 6724207
1655532445968696032 6862593
1655532446176595540 7557945
1655532446401787198 23887559
1655532446609109834 6983252
1655532446816175103 6726500
1655532447023139185 6682789
1655532447231272726 6796640
1655532447439400457 6830058
1655532447646507764 6770317
1655532447853600871 6755055
1655532448061584704 6722929
1655532448268770779 6842640
1655532448476895156 6832508
1655532448684856802 7610335
1655532448906278475 20149200
1655532449114799377 8205622
1655532449324528804 8475830
1655532449532013043 7152087
1655532449741287674 7986897
1655532449948963457 7337731
1655532450156915863 6756524
1655532450366006391 7777695
1655532450573212566 6866724
1655532450780323368 6767253
1655532450987104970 6643417
1655532451195102013 7653604
1655532451407528415 12084972
1655532451619463056 11627148
1655532451829344417 9569885
1655532452039005804 7530543
1655532452249476728 10139943
1655532452457771199 7970949
1655532452706228128 48120973
1655532452914873429 7387115
1655532453123527081 7307039
1655532453331553766 6674579
1655532453540662685 7776043
1655532453748519020 6563902
1655532453957257417 8423210
1655532454205839240 47288733
1655532454414013991 7106157
1655532454621291176 6948512
1655532454829344578 7711583
1655532455036250293 6606641
1655532455244253994 6707240
1655532455452919449 7366637
1655532455701716083 48450626
1655532455910546842 7526329
1655532456119166178 7340705
1655532456326512938 7016373
1655532456534846380 7088437
1655532456741855712 6678958
1655532456950478052 8303994
1655532457160041508 9234510
1655532457371773092 10404144
1655532457580978273 7908326
1655532457789348827 7201043
1655532457997418704 6751511
1655532458204477866 6722898
1655532458413363165 7603365
1655532458621016245 7320818
1655532458828781045 6113174
1655532459035616698 6502187
1655532459243279897 7329017
1655532459451107472 7495857
1655532459657723404 6301551
1655532459907080455 49015228
1655532460116778715 8372311
1655532460324846731 7744110
1655532460532434282 7253771
1655532460740627649 6910605
1655532460948636263 6725551
1655532461156482817 7501998
1655532461364628465 7813420
1655532461572930751 7026916
1655532461781086003 7812021
1655532461990369398 8001507
1655532462201707409 10057405
1655532462409170170 7125800
1655532462616661987 7134984
1655532462825945248 8938628
1655532463033928189 6656605
1655532463243207158 7993978
1655532463451100806 7554654
1655532463659609146 7172828
1655532463866997475 7045912
1655532464075583901 8252065
1655532464282767270 6842103
1655532464491163317 7114964
1655532464699206904 7706003
1655532464909832417 10289840
1655532465118177999 8015870
1655532465325008047 6494589
1655532465533792688 8500797
1655532465742555562 7488283
1655532465951963262 8238013
1655532466159536834 7248655
1655532466367290496 7423853
1655532466575762799 7190712
1655532466783637865 6588006
1655532466992318668 8363572
1655532467201420304 8774100
1655532467411610488 8895424
1655532467620553117 7640627
1655532467829126090 8279909
1655532468037210566 6775792
1655532468245430237 6919422
1655532468454256541 8498574
1655532468665119737 9599123
1655532468873386996 7934523
1655532469081579683 7859650
1655532469289901251 7006125
1655532469497522524 7287950
1655532469707413607 9559271
1655532469915356492 7612850
1655532470124438951 7901719
1655532470331359763 6590009
1655532470540155164 7488461
1655532470748721698 7260475
1655532470956103641 6173492
1655532471163502917 7068381
1655532471372858975 9026523
1655532471581550860 7443740
1655532471801647435 18804309
1655532472010716481 7753143
1655532472219450612 7428563
1655532472428125628 7374830
1655532472636512778 7077978
1655532472844104478 7262010
1655532473053520993 8106261
1655532473261616814 6799820
1655532473468543159 6584103
1655532473677555902 7645787
1655532473884692397 6797241
1655532474092850133 6834294
1655532474300120912 6932090
1655532474508407748 7060350
1655532474715690231 6957300
1655532474923747731 6694272
1655532475130908840 6822767
1655532475339039425 6834561
1655532475547119081 6721514
1655532475754384998 6915250
1655532475962947040 7234589
1655532476170973832 6728178
1655532476401661347 30350521
1655532476610305437 7365096
1655532476819499908 7881775
1655532477027469554 7635875
1655532477235795020 6929647
1655532477444517973 7417660
1655532477652655735 6861272
1655532477905106541 51155150
1655532478113188005 6815499
1655532478321819566 7382116
1655532478531819380 9666514
1655532478740092843 7943123
1655532478948678459 8261912
1655532479155780507 6745351
1655532479364054714 7932557
1655532479573304887 7915894
1655532479802150194 27572166
1655532480011018737 8546966
1655532480221320886 8983222
1655532480429653457 7989496
1655532480639178279 9157856
1655532480847699756 8178638
1655532481055149037 7109965
1655532481264676185 8191122
1655532481472000231 6977866
1655532481681257271 7958524
1655532481888317340 6720665
1655532482095972463 7291895
1655532482305407642 8127969
1655532482513928428 7177440
1655532482721357768 7068636
1655532482928706046 6991512
1655532483136188539 7124649
1655532483343133339 6679215
1655532483550277639 6804349
1655532483758192457 6648072
1655532483966129489 6623974
1655532484176402792 9005492
1655532484401663119 24910518
1655532484610141516 8156112
1655532484820018468 9560875
1655532485030480779 10148350
1655532485241011769 10217242
1655532485449918870 6771688
1655532485657649096 7392855
1655532485864779874 6792266
1655532486071848912 6734942
1655532486280669154 8483840
1655532486488454507 7445585
1655532486696439874 6661571
1655532486903530632 6750963
1655532487111616430 6768829
1655532487319610858 6684124
1655532487526529017 6578465
1655532487733655001 6785439
1655532487940807606 6819523
1655532488149633652 7538576
1655532488358094257 7139169
1655532488567115205 7718196
1655532488775346620 6919302
1655532488984701684 7984223
1655532489202451865 17395870
1655532489412835399 9088772
1655532489620951654 7797201
1655532489828922507 7632541
1655532490036219087 6947598
1655532490246126066 8715387
1655532490508598354 61065415
1655532490718334858 9400791
1655532490926307431 7670853
1655532491134123487 6606368
1655532491342755943 7348500
1655532491551184598 8095185
1655532491759733395 8218717
1655532491969616408 8574565
1655532492179124415 9177006
1655532492388157818 8699866
1655532492601694883 12272177
1655532492810319560 7325797
1655532493017940240 6437776
1655532493225467304 6352585
1655532493432691514 6895864
1655532493641065102 8032930
1655532493849918584 7507344
1655532494057319537 7052028
1655532494266310684 7676445
1655532494474502473 6857093
1655532494701720208 25947845
1655532494910490861 7463459
1655532495118322445 6511615
1655532495326379447 6715223
1655532495534990483 7299624
1655532495742235223 6903821
1655532495950065789 6506680
1655532496157233795 6831554
1655532496365268232 7693812
1655532496573182393 7566198
1655532496781323077 6806168
1655532497001684704 20018672
1655532497210145499 7106601
1655532497419503076 7998059
1655532497626818110 6962431
1655532497835011020 7835702
1655532498043423426 7041459
1655532498252536995 7817407
1655532498461680601 7808668
1655532498670616701 7665369
1655532498907366893 35481386
1655532499114663412 6960816
1655532499321831210 6833487
1655532499530748782 7608246
1655532499738104406 7010600
1655532499946084317 6690928
1655532500153381341 6958751
1655532500361445819 6776290
1655532500569444999 7649707
1655532500776756302 6961627
1655532500984943759 6901244
1655532501206267500 20046295
1655532501414253721 6770760
1655532501621551688 6953704
1655532501829818957 6933288
1655532502037872757 6735199
1655532502245017435 6813343
1655532502451995193 6614834
1655532502659894091 6592315
1655532502867719183 7502374
1655532503076707074 8659583
1655532503284094685 7049302
1655532503493261437 8832503
1655532503708144266 12722120
1655532503916884977 7473211
1655532504124823306 7589989
1655532504332156669 6993074
1655532504540041450 6513828
1655532504748113626 6786675
1655532504955125753 6685891
1655532505163648114 7223480
1655532505371821064 6819007
1655532505579867692 7705529
1655532505789633533 8455418
1655532505997374812 7388447
1655532506205720531 7044690
1655532506414600570 7604686
1655532506622801168 6878844
1655532506830019395 6879546
1655532507038058761 6688252
1655532507246110215 6730458
1655532507455136884 7733061
1655532507665465958 9078329
1655532507872877346 7063578
1655532508081290503 7097551
1655532508306838574 24236568
1655532508514243511 7062997
1655532508721590886 7004974
1655532508929736374 6883086
1655532509138999708 7929717
1655532509347024861 6720018
1655532509555251945 6923871
1655532509763344405 7726643
1655532509972504125 7867326
1655532510179616205 6800282
1655532510387852885 6888072
1655532510595883795 6666634
1655532510803902851 6696458
1655532511011046991 6806191
1655532511218996741 6652070
1655532511426219228 6891229
1655532511633438565 6887621
1655532511842947760 8248742
1655532512051715366 7407188
1655532512260736869 7726213
1655532512468189815 7117961
1655532512677133477 8676248
1655532512884323394 6849575
1655532513101679634 17038835
1655532513309498996 7479317
1655532513516972716 7134323
1655532513725392775 7090960
1655532513934105532 8371988
1655532514143165602 7753671
1655532514350369428 6852101
1655532514558569093 7849686
1655532514766748981 7833196
1655532514975880751 7796120
1655532515184016372 6806926
1655532515391326126 6942755
1655532515599148061 6500062
1655532515807137175 6674229
1655532516015084285 6635824
1655532516223040433 6656205
1655532516430951561 6655491
1655532516638789832 6542027
1655532516847459081 7334488
1655532517055908153 7124936
1655532517263962630 6649167
1655532517501703175 37392488
1655532517710708745 7685455
1655532517918555589 6650145
1655532518126571481 6733050
1655532518334089656 7171032
1655532518542292464 7832508
1655532518751721987 8085112
1655532518960048909 6975387
1655532519168507783 7031044
1655532519375985948 7138334
1655532519584140393 6855294
1655532519801681620 16112136
1655532520009006225 6979067
1655532520216952046 7592731
1655532520425258641 6945535
1655532520633363089 6796106
1655532520841351460 6690424
1655532521048626698 6920153
1655532521256027891 7048574
1655532521463707506 7312115
1655532521671832839 7772903
1655532521879114294 6946258
1655532522087918565 8459334
1655532522295161509 6896985
1655532522507808724 6788167
1655532522715758252 7607362
1655532522923185316 7092225
1655532523130307672 6788818
1655532523337590799 6949160
1655532523544807096 6884452
1655532523754220060 8087957
1655532523961942812 6648920
1655532524170557227 7327937
1655532524377887382 7012444
1655532524606320710 27140588
1655532524813609027 6948168
1655532525020679269 6732196
1655532525231494283 9488288
1655532525439510086 7667401
1655532525647443212 6634386
1655532525855689547 6908926
1655532526064719169 7758763
1655532526272142748 7079713
1655532526481123641 7696202
1655532526689849335 7330559
1655532526897376594 7181901
1655532527104893755 7190657
1655532527313317094 8123044
1655532527522248706 8505031