1655530407279944916 308274908
1655530407489145415 7819432
1655530407698840570 8425768
1655530407907208038 8023377
1655530408114133098 6590813
1655530408321524432 6217595
1655530408528250547 6385937
1655530408737055629 7452239
1655530408944971065 6593827
1655530409152869553 6651513
1655530409360364912 7166406
1655530409568358025 6659108
1655530409775214820 6524857
1655530409982984045 6492710
1655530410190694661 7380096
1655530410397525932 6492623
1655530410604557526 5929120
1655530410812335969 7446943
1655530411020164677 6525441
1655530411226933070 6438952
1655530411434048123 6783692
1655530411641895276 7512139
1655530411848741650 6516094
1655530412056673266 6782968
1655530412264151501 7156148
1655530412472348320 7866324
1655530412681058314 7295392
1655530412889851848 7528461
1655530413096680038 6495434
1655530413304336493 6524604
1655530413511088156 6427134
1655530413718834980 6492136
1655530413926608161 7450033
1655530414134607890 6714336
1655530414342514901 6616513
1655530414551356114 7548343
1655530414759142304 6581302
1655530414967175524 6734699
1655530415176130166 7676625
1655530415383745459 7284185
1655530415590681559 6604309
1655530415799732082 7723615
1655530416008487933 7429944
1655530416216111778 7281248
1655530416424059901 6665662
1655530416632189568 6832301
1655530416840173587 6699001
1655530417047475937 6979558
1655530417256691269 8891065
1655530417464547332 6706734
1655530417672521572 6669481
1655530417880501344 6703306
1655530418089201906 7431832
1655530418297031288 6558492
1655530418505044758 6719378
1655530418712935269 6616451
1655530418920876740 6665089
1655530419128885519 7673337
1655530419335938564 6762050
1655530419543830911 6600490
1655530419750735737 6588298
1655530419957772011 6698944
1655530420166643901 7629250
1655530420373800959 6828056
1655530420581716400 6630862
1655530420789411285 6435444
1655530420997235205 7497963
1655530421205845043 7388316
1655530421412749823 6567924
1655530421619516551 6630255
1655530421826435634 6588470
1655530422033456732 6690644
1655530422241388329 6638071
1655530422449201994 6549769
1655530422656265548 6730922
1655530422864346285 6709166
1655530423071382025 6704017
1655530423278455559 6751024
1655530423485339750 6566088
1655530423692446718 6763612
1655530423901207991 7465661
1655530424108972010 6468789
1655530424316129365 6822190
1655530424523937557 6503422
1655530424731891032 6669254
1655530424939701358 6506395
1655530425150516222 10488875
1655530425359265038 7518198
1655530425567792202 7358648
1655530425776267662 7192563
1655530425984678671 8087895
1655530426191595772 6593726
1655530426398430971 6512950
1655530426606353144 7600010
1655530426814147997 6515406
1655530427023421731 8012041
1655530427231080119 7335174
1655530427439801150 7434582
1655530427647589692 7457622
1655530427855480915 6561816
1655530428064265033 7549862
1655530428271245700 6657356
1655530428479022706 6507300
1655530428685914198 6567663
1655530428893748916 7509582
1655530429101758382 7686012
1655530429310647239 8561869
1655530429520254874 9284043
1655530429728604681 7059797
1655530429937601862 7732726
1655530430146595904 8669279
1655530430354736185 7816866
1655530430564083083 9022369
1655530430772229311 6826595
1655530430980013354 6507514
1655530431187807356 6525852
1655530431394978670 6845309
1655530431603121107 7817149
1655530431811878930 8434885
1655530432019894684 7692543
1655530432227014090 6794144
1655530432435110057 7769552
1655530432642742099 7308180
1655530432851234428 8169166
1655530433059006359 6458454
1655530433266844593 6578048
1655530433473908198 6740095
1655530433682326172 7124495
1655530433890776821 8126653
1655530434099372319 8270438
1655530434307486777 7790856
1655530434516604564 7773910
1655530434725114972 7272486
1655530434932105420 6670618
1655530435139040312 6611507
1655530435346908657 6628393
1655530435555596299 7356963
1655530435764484915 7463191
1655530435972512977 6756795
1655530436180352598 6542468
1655530436387333704 6651632
1655530436595262298 6660086
1655530436803181916 6658357
1655530437010931322 6466730
1655530437217204128 5944877
1655530437424914666 7400394
1655530437633666898 7624570
1655530437840243843 6265287
1655530438048590491 7003710
1655530438256648690 7763646
1655530438465299977 7509643
1655530438672681719 6323815
1655530438880625264 6774509
1655530439087145113 6266700
1655530439294335991 5932179
1655530439501912312 6291183
1655530439708504276 6277445
1655530439916609937 6853973
1655530440124579895 6694029
1655530440332524880 7615260
1655530440540921821 7152237
1655530440748237598 6965581
1655530440956050882 7489175
1655530441162827471 6456038
1655530441370690835 6538142
1655530441577576896 6556544
1655530441785635404 6779504
1655530441992579131 6621124
1655530442201669662 8792694
1655530442410916349 7970397
1655530442619536299 7503204
1655530442829425376 8573332
1655530443037780173 8031877
1655530443245741025 6680383
1655530443453543188 6472366
1655530443660319666 6447124
1655530443868082824 6473658
1655530444077482843 8061053
1655530444285023453 7217352
1655530444493731724 7432493
1655530444703998690 8986855
1655530444912725712 7393411
1655530445121411196 7415083
1655530445331255017 8578053
1655530445539913165 7356292
1655530445748144581 6905883
1655530445955459026 6983088
1655530446162674391 6882379
1655530446370307193 7298152
1655530446578249866 6642029
1655530446786337647 6818335
1655530446995139383 7510476
1655530447202970218 7502457
1655530447411592807 8291489
1655530447619979689 7077810
1655530447827838893 7530058
1655530448035796518 7632761
1655530448243578589 6527487
1655530448450610836 6710968
1655530448658606343 6740415
1655530448867694614 7855821
1655530449075638322 7609581
1655530449283578862 6649140
1655530449490660212 6745658
1655530449699314375 8323387
1655530449907570376 6966827
1655530450116126763 8225334
1655530450325172428 7726806
1655530450534279296 7830973
1655530450741635141 7026915
1655530450948825662 6855171
1655530451158792657 8700998
1655530451367681756 7613035
1655530451574978761 6967391
1655530451782634503 7320437
1655530451990190197 7215533
1655530452198536135 8013699
1655530452407482644 7624210
1655530452617267201 8461920
1655530452824633220 7030947
1655530453032866243 6932861
1655530453240014285 6825107
1655530453447120284 6771285
1655530453655093822 6665005
1655530453862959133 6594444
1655530454069995132 6701037
1655530454277136527 6809198
1655530454485865013 7434809
1655530454693611663 7413471
1655530454900615471 6675053
1655530455108611032 6764087
1655530455316380128 7432133
1655530455524362278 6717429
1655530455732490821 6601906
1655530455939701787 6865409
1655530456147000228 6963904
1655530456354773588 6490938
1655530456562715722 6650048
1655530456769830588 6780985
1655530456976845385 6687701
1655530457183996879 6860567
1655530457392068265 6768748
1655530457599061898 6650689
1655530457807786524 7399389
1655530458015828276 7712446
1655530458223898688 6739915
1655530458431938113 6704104
1655530458639218459 6944544
1655530458847148777 6666299
1655530459054391855 6905542
1655530459262363381 7632837
1655530459470506551 6845686
1655530459678572453 6727107
1655530459885875627 6964430
1655530460095502399 8316705
1655530460310977691 13172609
1655530460518515975 6203721
1655530460725873555 7027061
1655530460934113729 6953467
1655530461142086831 7629995
1655530461350403646 7045451
1655530461557566570 6817200
1655530461765767484 6908212
1655530461972944041 6836927
1655530462180245957 6990107
1655530462388639251 8058087
1655530462595537274 6641028
1655530462803652463 7778839
1655530463011566108 6610753
1655530463221344056 8421026
1655530463428639081 6958333
1655530463635781797 6802634
1655530463843680179 6607759
1655530464052580203 7628813
1655530464260639760 6733861
1655530464468555252 6642526
1655530464677338270 7490297
1655530464885402382 6764192
1655530465093556161 6921230
1655530465301635038 6781620
1655530465509755200 6831738
1655530465718614068 7594516
1655530465927840077 7887790
1655530466135020186 6841459
1655530466342082600 6725505
1655530466549119478 6700229
1655530466757972381 7533663
1655530466966019441 6747083
1655530467174028200 6724346
1655530467383034979 7665361
1655530467590419674 7040718
1655530467797628621 6867996
1655530468004837649 6874026
1655530468213755757 7652563
1655530468421976164 6932574
1655530468629922884 6655167
1655530468838057245 7800477
1655530469045225149 6839797
1655530469252413301 6858547
1655530469460524463 6815325
1655530469667683285 6827620
1655530469875689329 6685586
1655530470082927064 6903420
1655530470291038891 7779787
1655530470498550948 7176191
1655530470706071598 7189677
1655530470913315055 6910792
1655530471121741766 7119956
1655530471328858243 6781549
1655530471536271243 7094404
1655530471743722321 7113378
1655530471950944501 6885723
1655530472158143854 6866694
1655530472366809421 7372944
1655530472574565244 7418370
1655530472782570150 7669206
1655530472990604018 7696981
1655530473197768448 6834801
1655530473404977746 6879736
1655530473613024318 7732993
1655530473820987899 7631867
1655530474029793141 7506445
1655530474237087475 6963459
1655530474445041831 6650852
1655530474652733188 7360393
1655530474859894364 6825617
1655530475067021420 6793661
1655530475274189057 6813516
1655530475481440604 6918557
1655530475689393494 6664631
1655530475896581788 6856636
1655530476104772938 6905806
1655530476312077309 6961934
1655530476519332077 6920954
1655530476726591347 6928412
1655530476934655261 6772336
1655530477141966443 6980589
1655530477349264430 6964927
1655530477557374832 7779103
1655530477764542622 6829491
1655530477971795101 6901365
1655530478179859465 6795276
1655530478387961088 6825771
1655530478595079971 6790369
1655530478802968905 6609128
1655530479010219756 6928219
1655530479218297949 6800128
1655530479426369293 6811127
1655530479633528370 6827826
1655530479840832051 6968852
1655530480048742920 6672513
1655530480257476895 8397612
1655530480464626557 6806108
1655530480672636860 6752630
1655530480879758263 6787120
1655530481088804291 8715462
1655530481296637785 6610149
1655530481504499008 6593843
1655530481711584302 6755432
1655530481919014371 7100056
1655530482127130515 6792215
1655530482336293287 7655427
1655530482544299191 6728028
1655530482753078081 7502354
1655530482961225542 7815838
1655530483168622011 7072379
1655530483376519552 7584371
1655530483583648783 6793900
1655530483790879440 6900349
1655530483998997121 6857160
1655530484207327199 8005867
1655530484415348646 6735006
1655530484623171068 6552609
1655530484830369286 6862894
1655530485038314159 6669250
1655530485245690214 7040682
1655530485453572272 6562908
1655530485661567372 6688449
1655530485868734266 6831280
1655530486075976143 6905592
1655530486283006932 6700426
1655530486490306490 6965284
1655530486698330524 6775362
1655530486905407180 6743539
1655530487113464635 6785100
1655530487320536982 6744383
1655530487528334723 6521243
1655530487735802184 7145606
1655530487944655820 7537484
1655530488153075727 7150718
1655530488362208221 8810452
1655530488570997566 7500938
1655530488780238022 7980315
1655530488987970459 7406653
1655530489197765806 8500183
1655530489405464070 7373165
1655530489613627673 6906440
1655530489823117220 8210290
1655530490030396113 6951925
1655530490237763966 7031951
1655530490445707565 6667975
1655530490653003080 6963106
1655530490860160420 6835615
1655530491068050059 7567312
1655530491276272604 6969960
1655530491484692035 8094880
1655530491692961698 7946645
1655530491901486044 8200709
1655530492109969772 7242881
1655530492317885761 6636999
1655530492525647688 6482198
1655530492734308359 8336037
1655530492942358637 7725358
1655530493150512529 7830292
1655530493359844647 9009515
1655530493567023303 6856699
1655530493774443784 7098358
1655530493982084465 6343418
1655530494189570314 7161708
1655530494397804568 7910440
1655530494605214120 7085673
1655530494813601489 8064642
1655530495022242521 7368923
1655530495230685864 8119878
1655530495438815890 6861088
1655530495648530292 9390760
1655530495856755527 6932289
1655530496064722821 6669477
1655530496272420399 7373272
1655530496481725689 8982139
1655530496689741678 7693907
1655530496897674946 6658011
