1655530594888273220 100069238
1655530595096538541 7878031
1655530595308266991 10350028
1655530595516379207 6736077
1655530595724337734 6639759
1655530595932215607 6610885
1655530596139227641 6676689
1655530596347226764 6713631
1655530596556106041 7584612
1655530596763111219 6677556
1655530596969977630 6533089
1655530597177899099 6618668
1655530597385313839 7083295
1655530597593425487 6838508
1655530597800389791 6625823
1655530598009193065 7481986
1655530598217161719 6915429
1655530598424545453 6513984
1655530598632290650 6509084
1655530598840304355 6651666
1655530599048244722 6690964
1655530599256820482 7275220
1655530599465510076 7424723
1655530599674329230 7547491
1655530599883026981 7630644
1655530600091603328 7308859
1655530600299522387 6607595
1655530600506699347 6843775
1655530600714801950 7770199
1655530600923638607 7561158
1655530601131604291 6626517
1655530601339418774 6535775
1655530601546506439 6754461
1655530601753362450 6558568
1655530601960368685 6675787
1655530602167233347 6532005
1655530602375743208 8178495
1655530602582832320 6765261
1655530602790808372 6742331
1655530602998783093 6689409
1655530603205676051 6557600
1655530603412680624 6681620
1655530603620516395 6726313
1655530603829336917 7545012
1655530604037180879 7512701
1655530604244009747 6500651
1655530604452007141 6663347
1655530604659819631 7479730
1655530604868422946 7284494
1655530605076252924 7497874
1655530605283371570 6785314
1655530605491132705 6494854
1655530605698012377 6544822
1655530605906724521 7441962
1655530606114583863 6583784
1655530606321616527 6701113
1655530606528330855 6391382
1655530606737216262 7554309
1655530606945200535 6678257
1655530607153163182 6639165
1655530607361140342 6693331
1655530607570046758 7559385
1655530607778149958 6811905
1655530607985013260 6517778
1655530608192938390 6642852
1655530608400715310 6507910
1655530608607812973 6768320
1655530608814710982 6566147
1655530609021748214 6708278
1655530609229610772 6596579
1655530609436579176 6634139
1655530609644344937 6536373
1655530609852085938 7409552
1655530610059961121 6574287
1655530610267938208 6672918
1655530610475857074 6597793
1655530610683855342 6676775
1655530610893269882 8134548
1655530611101148716 7546681
1655530611310151001 7739778
1655530611517855214 7365256
1655530611725823220 6697739
1655530611932959222 6801226
1655530612139809521 6536239
1655530612346919048 6775302
1655530612553959019 6716568
1655530612761826721 6543868
1655530612969782642 6712794
1655530613177704509 6635815
1655530613385662935 6682375
1655530613594161853 7231843
1655530613802010137 6587839
1655530614008834956 6489292
1655530614217087785 7940732
1655530614425627623 7231904
1655530614633679974 6732333
1655530614841617212 6616899
1655530615048706406 6754811
1655530615257305131 8438721
1655530615465268761 6709099
1655530615672269517 6671596
1655530615879247619 6644859
1655530616087218015 6675087
1655530616295099415 6596980
1655530616502923085 6551290
1655530616711094358 6891947
1655530616918957870 6586181
1655530617125985496 6692296
1655530617334736768 7489805
1655530617543437442 7419481
1655530617751286472 7524098
1655530617959193164 6629324
1655530618166220386 6704697
1655530618375072148 7502136
1655530618583796413 7431031
1655530618791094288 6955891
1655530618998820284 7395803
1655530619206661776 6595685
1655530619414821553 6834974
1655530619621956344 6810146
1655530619829207866 6909568
1655530620038075699 7569597
1655530620246980111 8574269
1655530620454857123 7548269
1655530620662735853 7536442
1655530620871172501 7113299
1655530621079081324 7568940
1655530621286298169 6880247
1655530621493313743 6682308
1655530621701430937 6852859
1655530621908654887 6887402
1655530622116710065 6748665
1655530622324754687 6720132
1655530622531818585 6746182
1655530622739080219 6929263
1655530622947537872 7168076
1655530623156041135 7168386
1655530623363093536 6720042
1655530623571787492 7418005
1655530623781274007 8177203
1655530623989928614 7370083
1655530624197661170 7393340
1655530624406262508 7337499
1655530624614388838 6808267
1655530624821597874 6877156
1655530625029604760 6696215
1655530625236788884 6851424
1655530625445618811 7548120
1655530625653651172 6788865
1655530625862257304 7300015
1655530626069535504 6946366
1655530626276754495 6883117
1655530626484974846 6977769
1655530626692143302 6837822
1655530626900032877 6604865
1655530627108238542 7872520
1655530627316004962 7436182
1655530627525374811 8050406
1655530627732461612 6755436
1655530627940366832 6573128
1655530628148138586 6519940
1655530628356107677 6689917
1655530628563237485 6789098
1655530628770722635 7148107
1655530628978666571 7610685
1655530629186027797 7024437
1655530629393221485 6850089
1655530629601237493 6724823
1655530629809272655 6755210
1655530630016285461 6680320
1655530630225000147 7387494
1655530630433195283 7863337
1655530630640100664 6582346
1655530630847158817 6723056
1655530631054319930 6826108
1655530631262431290 6829719
1655530631469766499 6998233
1655530631677802023 6758019
1655530631885035364 6894690
1655530632092214397 6850239
1655530632300295541 6735192
1655530632508388149 6760846
1655530632716314306 6642876
1655530632923871988 6323750
1655530633130947301 6738599
1655530633339717045 7496056
1655530633546895755 6842453
1655530633754939993 7712239
1655530633962036522 6763906
1655530634169078333 6719288
1655530634376293337 6882770
1655530634584227081 6605109
1655530634791347451 6776818
1655530634999384388 6765331
1655530635206529347 6813010
1655530635413914633 7051695
1655530635621020143 6780632
1655530635828291104 6944077
1655530636037132406 7501611
1655530636244820371 7355853
1655530636451875930 6774885
1655530636658981870 6781610
1655530636866897870 6634694
1655530637074852018 6679762
1655530637281962096 6779678
1655530637490348366 7088294
1655530637699898486 8255283
1655530637906910277 6677513
1655530638114248800 7002475
1655530638322205309 6679689
1655530638531595083 8080528
1655530638740909349 7979998
1655530638948950634 6765948
1655530639156908919 6634275
1655530639364093711 6852381
1655530639572184650 6781977
1655530639781157381 7649943
1655530639988961196 7470193
1655530640197240686 6999311
1655530640405614066 8036825
1655530640612849808 6907215
1655530640820025713 6863347
1655530641028877618 7577015
1655530641237533747 7394722
1655530641445372219 7505146
1655530641653312420 7614102
1655530641862488422 7908479
1655530642069760682 6942099
1655530642277781390 6749359
1655530642487209047 8140734
1655530642694306117 6760429
1655530642902249148 6693608
1655530643109431837 6848581
1655530643317330227 7568822
1655530643526300334 7705942
1655530643735196953 7591802
1655530643942292652 6762788
1655530644150466550 6902947
1655530644358303596 6603722
1655530644565582972 6951139
1655530644772648042 6729262
1655530644981151368 7378864
1655530645189919503 7484846
1655530645398792296 7598257
1655530645605985767 6863684
1655530645814623114 6619332
1655530646021839698 6894560
1655530646230898194 7762761
1655530646438110363 6881719
1655530646645134128 6687254
1655530646852298727 6830209
1655530647060260146 6665692
1655530647268559346 7965765
1655530647476625052 6810843
1655530647684662932 7711488
1655530647892515991 7647234
1655530648107076444 13286539
1655530648317073866 8562178
1655530648524510970 7110190
1655530648732707374 6891700
1655530648939906972 6868513
1655530649147886815 6640083
1655530649355127690 6905640
1655530649563052988 6643904
1655530649772124706 7813469
1655530649980156240 6731168
1655530650187323405 6830676
1655530650395332131 6697613
1655530650603307585 6644411
1655530650812131393 7553282
1655530651020081817 6621254
1655530651228080670 7665782
1655530651436202683 6828327
1655530651645190088 7647481
1655530651852285441 6754418
1655530652060301821 6701527
1655530652268896409 7255641
1655530652476931477 6753050
1655530652684956049 6771962
1655530652892284778 6996489
1655530653099444206 6826775
1655530653307473930 7698085
1655530653514788518 6979705
1655530653722793551 6696591
1655530653930411107 7288525
1655530654138464940 7717922
1655530654348172254 8389545
1655530654557249944 7764956
1655530654765848049 7325735
1655530654974105221 6965081
1655530655181426329 6987794
1655530655389515806 6806902
1655530655597537988 6751762
1655530655804902718 7024607
1655530656012980912 6781009
1655530656221617839 8295613
1655530656429699090 7748541
1655530656638385751 7395967
1655530656847406280 7722584
1655530657056644700 7912174
1655530657265547784 8565842
1655530657472718730 6840314
1655530657679826285 6781239
1655530657887825026 6702197
1655530658096150522 7038638
1655530658304357985 6866461
1655530658511622352 6929170
1655530658720386239 7498428
1655530658928309985 6602489
1655530659137936260 8331626
1655530659346055394 7782833
1655530659554084486 6758930
1655530659762983033 7673379
1655530659971039582 6744845
1655530660179175315 6843398
1655530660387300635 6814371
1655530660594571245 6937142
1655530660802519470 6640056
1655530661010525298 6718557
1655530661218735867 6956882
1655530661426041478 6968176
1655530661633932869 7559235
1655530661841179547 6924031
1655530662048423031 6909617
1655530662257192164 7479340
1655530662464345370 6819690
1655530662671494375 6818755
1655530662880342735 7530905
1655530663088462855 7788430
1655530663297185035 7421520
1655530663504295511 6785711
1655530663711518239 6899129
1655530663918614698 6760639
1655530664126722745 6820144
1655530664334779566 6809007
1655530664542820155 6752489
1655530664750651965 7485076
1655530664958740462 7763041
1655530665167649971 7601004
1655530665376166479 8184895
1655530665583406758 6907575
1655530665791897939 7206270
1655530665999247911 7017952
1655530666207232991 6697159
1655530666415245614 6706693
1655530666623386789 7811677
1655530666832336723 7688024
1655530667041090623 7458402
1655530667248351636 6930078
1655530667457193577 7556973
1655530667665850777 7347544
1655530667873966394 6825274
1655530668083155219 7947668
1655530668291920952 7443218
1655530668499908208 6677059
1655530668707128236 6892167
1655530668915166427 6707167
1655530669122307566 6809695
1655530669330674808 8031234
1655530669537912016 6909928
1655530669745814353 6648239
1655530669954329603 7302963
1655530670163155695 7572371
1655530670371205010 6756438
1655530670579171769 6683649
1655530670786402143 6938815
1655530670994139924 7405231
1655530671201467929 6995681
1655530671409578205 7778515
1655530671617767993 6900334
1655530671825105698 7006263
1655530672033238838 6868093
1655530672241239078 6690844
1655530672449236463 6709843
1655530672657223146 6685105
1655530672865121561 6614907
1655530673072376608 6919650
1655530673279752419 7039094
1655530673489690823 8647296
1655530673696971272 6958203
1655530673904209737 6907835
1655530674112277306 6780385
1655530674320315810 6697726
1655530674527590541 6941014
1655530674735541710 6659829
1655530674942916780 7051398
1655530675150656965 7404621
1655530675361880087 10891373
1655530675570008109 6844262
1655530675778991527 7707693
1655530675986350494 7026249
1655530676195561584 7977982
1655530676402972888 7075900
1655530676611759982 7494431
1655530676820489309 7377069
1655530677029030517 7224819
1655530677236452580 7086676
1655530677444624236 7817948
1655530677651829517 6873729
1655530677861269156 8174677
1655530678069388821 7777501
1655530678276725041 7000353
1655530678484645160 6617740
1655530678692574200 6678897
1655530678900879944 7967991
1655530679108148743 6934677
1655530679315394656 6914924
1655530679522563606 6836596
1655530679730523032 6669370
1655530679938524935 6726719
1655530680145876679 7017455
1655530680353317368 7105680
1655530680560681551 7033027
1655530680768726234 7712245
1655530680976708514 6718396
1655530681183856103 6815879
1655530681391910830 6731878
1655530681599084409 6841716
1655530681807742814 7361107
1655530682015617757 6550677
1655530682223009073 7068084
1655530682431188268 6898975
1655530682639173525 6675928
1655530682848351137 7890612
1655530683055565466 6888980
1655530683263321622 7422414
1655530683471392358 6751094
1655530683679358299 6682568
1655530683887277996 6626316
1655530684094756337 7154101
1655530684302796614 6715950
1655530684510148171 7016428
1655530684718169125 6755366