1619571422693427795 4010
1619571423693417676 2500
1619571424693418455 2706
1619571425693390882 3014
1619571426693333199 3424
1619571427693335173 3503
1619571428693387584 3730
1619571429693386911 3843
1619571430693413503 4144
1619571431693353872 4214
1619571432693525928 4108
1619571433693313247 4099
1619571434693324855 4059
1619571435693346467 4206
1619571436693359964 4239
1619571437693437001 4091
1619571438693416665 4145
1619571439693456899 4058
1619571440693363312 4160
1619571441693426765 4149
1619571442693433192 4160
1619571443693370290 4129
1619571444693406873 4178
1619571445693365991 4048
1619571446693394495 4158
1619571447693399676 4175
1619571448693386588 4271
1619571449693375076 4213
1619571450693387852 4147
1619571451693370243 4083
1619571452693365288 4042
1619571453693331420 4103
1619571454693422730 3983
1619571455693370793 4079
1619571456693389374 4211
1619571457693358806 4040
1619571458693390052 3956
1619571459693342827 4108
1619571460693331575 3960
1619571461693337243 3907
1619571462693411446 4188
1619571463693416555 4036
1619571464693417149 3993
1619571465693380357 3996
1619571466693367701 4162
1619571467693349491 4093
1619571468693379047 4158
1619571469693383615 4066
1619571470693385525 4104
1619571471693395967 3992
1619571472693374458 3972
1619571473693430686 4059
1619571474693332885 3956
1619571475693413210 4005
1619571476693427233 3988
1619571477693410307 4037
1619571478693391761 3990
1619571479693376352 4201
1619571480693343879 4121
