1619567083749636779 1489
1619567084749531162 1469
1619567085749616696 1450
1619567086749602044 1445
1619567087749635614 1459
1619567088749632052 1462
1619567089749600243 1457
1619567090749667149 1452
1619567091749623837 1475
1619567092749625831 1464
1619567093749670778 1478
1619567094749629355 1452
1619567095749645539 1445
1619567096749599113 1457
1619567097749609386 1460
1619567098749528515 1467
1619567099749615910 1477
1619567100749601789 1459
1619567101749666405 1476
1619567102749656972 1461
1619567103749666778 1453
1619567104749668968 1461
1619567105749645111 1440
1619567106749692355 1473
1619567107749584125 1459
1619567108749670253 1454
1619567109749617547 1462
1619567110749609112 1458
1619567111749660737 1459
1619567112749635761 1452
1619567113749591355 1467
1619567114749668888 1463
1619567115749604216 1469
1619567116749616101 1462
1619567117749649571 1471
1619567118749725430 1450
1619567119749645436 1468
1619567120749608203 1475
1619567121749630056 1477
1619567122749681694 1466
1619567123749569393 1453
1619567124749597219 1465
1619567125749624472 1460
1619567126749590250 1471
1619567127749531140 1450
1619567128749566208 1476
1619567129749624587 1448
1619567130749661183 1479
1619567131749631253 1467
1619567132749615152 1473
1619567133749660342 1457
1619567134749604472 1472
1619567135749574742 1473
1619567136749733316 1458
1619567137749647795 1467
1619567138749627750 1463
1619567139749640112 1460
1619567140749623350 1471
