149904519404514 67070986
149904936134787 24721343
149905466105778 20907095
149905684572628 17781737
149905904095020 19168166
149906378141408 38850702
149906617103934 25753660
149906835127623 16802218
149907087121565 46295013
149907304096106 14744688
149907990132025 89429389
149908707150272 25073906
149909415117862 51965133
149910251991837 56799495
149911279123816 38687106
149912237124363 34971034
149912552124207 58766390
149913161116595 31263851
149913425115336 41764427
149914078092515 19097666
149914315439852 29116238
149914584185045 38785706
149915269383066 62415208
149915502972888 21590703
149915740167834 35857312
149916694741010 30567189
149917649087471 32960621
149918472125967 38711689
149919130148562 25095436
149920044063072 17769895
149921061746140 18558961
149921692091136 44936689
149921911133857 16810616
149922869819787 27931636
149923776696803 104136113
149924000110054 20783750
149924728137647 24250214
149924966099405 31754545
149925823092592 49975332
149926075097529 19772908
149926313115090 28770854
149927031295042 77094835
149927811287278 54927935
149928092113428 66784288
149928327068253 14730470
149928557068821 20743614
149928826189275 51792215
149929556094310 21178070
149929791109455 17764888
149930482129070 25780210
149930697077732 14691291
149931551121771 46571928
149931788946487 30514131
149932019108561 17765816
149932234135455 13804870
149932464144034 29812327
149932725175790 23840091
149932992072548 38679778
149933860928472 34440953
149934083098921 12772784
149934300579475 15247550
149934560129236 43794110
149934782637158 16967322
149934998935566 14570380
149935689680934 26454202
149935917192642 18840455
149936605084206 34350413
149937552121619 50658143
149938574353979 106415577
149939172178716 30890950
149940259105392 38348400
149940864154735 122171542
149941142123819 55124774
149942002068409 48697467
149943048280146 109720007
149943942117698 51549207
149944163178588 18837205
149944393197031 14856703
149944848276501 26115549
149945094136402 35792863
149945722164573 11528980
149946592203037 86088888
149947159491566 26913217
149947904006986 40730723
149948128051893 22795678
149949006066118 28696134
149949291373528 65883245
149950043229598 38488846
149950302033415 40670900
149950544047717 20809861
149950768069595 21743787
149951002927697 29664243
149951238181362 28917775
149952068032309 31163563
149952760838746 15655035
149953012047177 30786357
149953810015883 34489371
149954072063677 28893377
149954296110019 12886517
149954542110744 29754952
149955226109574 26544654
149956130053088 15782548
149956401123249 48784887
149957103223523 20227517
149957326123900 20784744
149957556636620 12314411
149958485107749 24318057
149958708090381 17722288
149959421137852 93872009
149960071482776 19481316
149960817109182 29504771
149961051099213 25734481
149961335159740 63808534
149961569133486 26797404
149961796109699 15725706
149962428544027 14171316
149962725118663 68781552
149963356107067 20949728
149964019070649 24446484
149964241102760 14777628
149965141222643 24280235
149965366610005 21240777
149966360208364 32723666
149967137133135 105488610
149967355119893 15782606
149967604113489 38759411
149967872156797 21791161
149968729789738 57936609
149969854129177 43710934
149970559302219 17782990
149971292594776 28588903
149971504803847 11470311
149972492167880 37272424
149972715219580 20885171
149972973198924 37842367
149973213133240 17806689
149974084111896 24932549
149974333179437 26826636
149974601505073 31132301
149974848085858 15756362
149975515093379 33039304
149975735105617 19504407
149976661046010 34655227
149977415132385 41807849
149978184120001 26587646
149978437074848 11775748
149978659078999 16752438
149979533121939 19269635
149979825124039 72729306
149980637102327 42749394
149980864124341 17774924
149981840090644 23494229
149982052091312 11757303
149983038079931 46631452
149983693751422 43118999
149984274165247 25499218
149985031102889 21930690
149985249120202 16797696
149986103067306 22837054
149986933071126 40865079
149987157173898 17848332
149987618137225 12538975
149987877112619 39772000
149988160507444 43686702
149988378111451 15782446
149988630145163 34797711
149988848073508 12745141
149989746110046 28456010
149990298212661 22557916
149990584123230 52778021
149991211041759 39906366
149991442076142 27448015
149991710084736 57683698
149992390086482 28937144
149992619128540 18796491
149992900201220 45777552
149993149813457 34937561
149993714079259 17423590
149993935082753 17740261
149994231116782 79783772
149994493715027 38840559
149995364790904 89238924
149995594068592 19751716
149996147016038 22861684
149996736084591 20537316
149997672086672 30916898
149998263073736 14812913
149999221078625 25523430
149999997152590 17295006
150000532114385 23893890
150000756092380 20760694
150000983617056 19839735
150001204302762 13975292
150001522111418 108767742
150002226212509 30613445
150003118131749 38209235
150003830309647 71523083
150004886162815 56592809
150005498071970 14899581
150006114115906 33879712
150006827133321 35913409
150007631284394 29785470
150008294265497 50096990
150008528129545 31355191
150008770075999 39749426
150009473111660 15731238
150009698061811 24731367
150010268096613 25150105
150010491077877 20758635
150010712126764 20722380
150010932126179 17796134
150011872082098 33530429
150012404085777 41686199
150013007157066 37928134
150013226128029 17792278
150013911136508 68229089
150014139090610 23918898
150014787091187 17254642
150015617687665 19407971
150016478084038 80053542
150017122182204 40669729
150017350094105 18791982
150018225118687 105693419
150019114988406 71676653
150019339121032 22291059
150020143550263 100202547
150020424119930 62786348
150021096107457 26183571
150021825097899 99025891
150022065896893 15559054
150022307061818 24737345
150022538055351 21729130
150023442094801 36955040
150023708167136 47676644
150023926110589 12783249
150024904133584 68467563
150025125053397 16602346
150025820113880 49498119
150026060967194 40569334
150026303953979 35572458
150026589107214 40770755
150027526974459 101997109
150027748701638 14375658
150028393328931 28798354
150028621085923 17762676
150029248140308 27322030
150030174014772 37005495
150030442123909 37776949
150030734155067 37770281
150031809290619 50960315
150032447086129 30485347
150032719154693 48795763
150033577878904 29339547
150033800119692 17811477
150034551159139 83950362
150034777035650 14583403
150035024101681 36864342
150035686138527 19300591
150036349174573 35398165
150037287103870 28280962
150037533301134 25947010
150038166166503 32064274
150038943174780 20316542
150039213950108 35583998
150039804230884 23101113
150040062101675 28629771
150040290102711 17757364
150040576189771 68857997
150041280114568 50702965
150041964219466 39143524
150042701905891 38021397
150043388103337 44191783
150044164146278 61739216
150044402201734 15824612
150044622812181 17457431
150045324518981 21467833
150046300824730 108937436
150046518089989 15763978
150047277608849 26004146
150048259097825 24465468
150049238108812 23672816
150049792956023 20107058
150050713081099 40266294
150051279106405 28074725
150051492063759 11741745
150051707093081 14761093
150052554093556 52186252
150053184733340 29816489
150054122895208 33059424
150054961798224 35783726
150055885188593 29081562
150056110094667 17041940
150057205671411 28272205
150057428059939 19739748
150058050082292 32636999
150058296304354 39972769
150059278101928 17778128
150059494685789 14355379
150060331116369 57039985
150060574899420 14568344
150061575131826 24827616
150061798120798 22788801
150062050102092 24892082
150062786141990 91508497
150063591133884 26511363
150064624096113 56501199
150064849693652 24357312
150065084725854 21396176
150065381016056 60061543
150065650135162 48776700
150066247159680 66020706
150066521080932 55682334
150066737094341 14726000
150067006124236 44773007
150067896118536 95456542
150068125104320 19770998
150068373186961 25822565
150069354753155 70629109
150070282095216 21454703
150070891374869 31890184
150071116102528 16528233
150071377131768 34777775
150071971123955 49945787
150072584210051 23098721
150073294127107 39378461
150074042106268 54442614
150074257056373 11730334
150075227291366 22763135
150075848071755 34020328
150076094126462 31923401
150076738161525 90363703
150077012195561 53848933
150077233074392 14750316
150077492084168 32737416
150078183173741 21556194
150078799418427 36478412
150079030335073 25830983
150079791062018 11674412
150080011342657 15953770
150080236095711 23764766
150080843099863 40105465
150081688213470 20244852
150081924168010 30527334
150082586139657 25410408
150082804730622 16383721
150083020835120 15219914
150083882132993 54734495
150084109118440 18773639
150084390112253 61757748
150084659492939 58032144
150085641038732 53171722
150086209906506 18734119
150087267040695 17700303
150087496071472 21642956
150087749379295 42039827
150088329109199 24526214
150089039091573 32292879
150089931197691 26572634
150090149112520 13784416
150090395120749 31762875
150090649107089 27739269
150091544604937 40956156
150092516446833 68245043
150092735253492 16608339
150092992096770 41741920
150093212406057 16066329
150093447122903 25746050
150094085050508 36193089
150094646060961 18570496
150095655121033 26005214
150096184043891 24809424
150096441296718 43940035
150097060089177 25228556
150097914003244 20648604
150098821101990 26594146
150099735977502 46409354
150099956318210 17989811
150100843108317 28798730
150101677058212 31538833
150101906294150 26977328
150102831105644 22681094
150103060065886 27744691
150103329146930 35796275
150103570209989 27145694
150104293174638 94876284
150104529684167 13331272
150105566287727 62388576
150105832203839 31632900
150106092084498 21750946
150106738126351 30789020
150106968260850 17947236
150107221099194 31497851
150107440511478 19168409
150107669125569 27788445
150108603104994 18219452
150108886397685 57514618
150109779020133 13670414
150110700318007 28922541
150111479064116 114692412
150111703100217 14763397
150112699664647 58629462
150112927968334 16736694
150113550627033 38425743
150113816175870 40835076
150114488136419 14634016
150115048089684 34066952
150115308122738 54729608
150115528140028 18800310
150115756158054 15521622
150116314090817 19179569
150117246106500 60481425
150117866015137 20448097
150118721044084 15216081
150118991288708 62896602
150119206101508 14580703
150119781196504 24759884
150120017428292 31455315
150120246107627 16617759
150121311617796 39751777
150121878308623 17929809
150122130977899 25420955
150122396321270 40755887
150123219203325 20747262
150123449103740 26765979
150124336114694 32604520
150124627682759 76348214
150125333035996 46117576
150125576296990 36755761
150126398170998 33630549
150127267132688 70100013
150127491098055 23763663
150128392448829 74155906
150128959122682 31231952
150129192963198 32814714
150129923228626 55100137
150130422029750 25653007
150131314918538 31423365
150131996140857 44034895
150132846118605 43051699
150133060082865 12751780
150133769118470 27063183
150134059122274 45775275
150134853504140 38356541
150135467164859 17777275
150136455725472 39462204
150136705132808 27777269
150137278112065 37354895
150138193093561 18123899
150138981906263 92721881
150139709083390 57036996
150139954162332 19634971
150140176067474 13739725
150140389089170 11751562
150141167077670 29746562
150141819072019 20641258
150142123066518 52722799
150142371022831 43398672
150143288129179 44297883
150144150399979 55943739
150144827129548 24629647
150145673189800 16996004
150145889146743 14820869
150146842841862 44794015
150147066096406 21772242
150147672102159 19873163
150148493285795 18317172
150148788146858 54797601
150149721711595 80148458
150150463082727 21269056
150151256576516 18636760
150151573014549 39485859
150151801128705 19783191
150152015105504 13606836
150152272148930 34720737
150152620194725 114859044
150153059144417 31970464
150153315172961 28827724
150154011128740 29484043
150154968121984 117280763
150155641135050 97225282
150155883115214 22761415
150156642093816 107487382
150156895117694 36769939
150157116068830 19702836
150157874141261 122331311
150158095099851 17770700
150158679071058 17659332
150158905815146 20479570
150159795146840 20859084
150160448059822 16856721
150160932052838 25210503
150161601210009 99829691
150161824569096 21733005
150162747283981 26686359
150163733875665 85035870
150164607060311 33212412
150164835072088 18730989
150165805778691 14883473
150166791831444 38748999
150167008112767 15903139
150167659832042 20470738
150168357160718 140179352
150168594256629 17898021
150169500439953 30642670
150170434819711 78797916
150171406177602 72569743
150171627118925 20476759
150171917920185 55949226
150172134120412 12773938
150172850295140 16312248
150173084129544 30858287
150174060096296 27842877
150174636433782 24985276
150175400093722 24549980
150176426718384 71871618
150177639686789 50004719
150177875567769 27213340
150178108171752 32160677
150178354355891 35001924
150178573148169 17981326
150179502375124 37184562
150180217213432 29986212
150180932209128 57342993
150181172264280 17507003
150181852109297 21368163
150182103095194 41740936
150182336163576 24934534
150183093132006 29189280
150183403686797 20325513
150184471114511 64124168
150184995103750 11656601
150185225150419 21720833
150185437769775 12427682
150185653509801 13184964
150186496134820 43120923
150186727384485 31050293
150187534149680 36700140
150188437079711 27540087
150188671148628 27802201
150189475163191 32833199
150190307349216 90260340
150190547121851 33792097
150191251072143 31436671
150191483085412 22747646
150191754081472 52588390
150192583164972 60705395
150192848153478 18818849
150193467085437 12220875
150194057049823 19054165
150194272273766 11946962
150195067087017 16003442
150195341217220 42840731
150195951047444 23532219
150197130120446 22402095
150197348136352 14796669
150197564111485 13783769
150198427132742 60658528
150199475638869 53160643
150199695076455 10759471
