155132096598817 30887337
155132333498055 35564610
155132734835228 13969328
155133470127883 22917295
155134110330865 20291318
155134326383677 14923119
155135042046794 86125826
155135259182047 11036042
155135474185196 12842455
155135692154566 11810533
155135914073535 10715825
155136764370836 95588588
155136989198593 13738021
155137245926428 35543553
155137487069756 22693799
155137713259737 15662610
155137949153723 34746921
155138202470710 35106770
155138847450188 52184124
155139072057612 21501593
155139292794198 10445095
155139512279391 18946570
155139963353042 21436803
155140460185945 10273750
155141293064179 15760987
155141513165800 19826340
155142530654568 31875128
155143485165607 36148562
155143711109462 15999886
155145058771422 15109300
155146285102429 52915312
155147602144214 82506140
155148492781796 31335364
155148772162407 58096192
155150269374818 215545232
155150550117323 59491456
155151793113534 94561713
155152030099558 28769849
155152792056996 25309650
155154099008469 25718336
155154317124169 13770459
155155339157274 70931455
155156737090111 57561196
155157740133831 150135303
155158026372083 28995928
155158248110194 11781085
155159518284766 23546995
155159819159625 90813048
155160959066489 43462064
155161772075865 31221239
155162192260531 109216529
155162483216567 41861620
155163748725103 35153341
155163969428493 9100266
155164796534375 32104439
155166072212819 136676485
155166866116409 29099048
155167085600322 11263750
155168468097377 29678291
155169709082808 43365077
155169921124394 10787102
155171086979835 38388548
155171368703266 47352995
155172333107339 38341760
155172608083890 46693864
155172835115427 17765492
155173929796236 28793882
155174179950226 25263615
155175366290765 21654040
155176234094566 27974571
155177473077962 13966474
155178786164550 24530724
155179072219278 40826571
155179457130070 167778227
155179674115638 14786967
155180849171960 39443917
155181097091735 17254481
155181394165451 51809702
155182361151651 17655642
155183283138980 42652843
155183550217448 37889717
155184342139480 26948264
155185462098386 35926425
155186289108396 13217193
155186505095677 13768440
155187802121684 25425736
155188021091250 17763319
155188324132891 76791734
155188621154389 26467754
155189354998945 25165889
155189575131739 18638126
155189853029469 42660584
155190739999707 19286365
155190975273655 14919713
155191197944597 17618100
155191425454950 22124871
155192737256951 30356540
155193919289288 54687916
155195178124096 82553100
155196028350206 33162254
155196256070403 14745779
155196595199151 126862183
155197438128803 29526792
155198696105182 24390893
155200055099065 19966875
155200305117021 29766867
155201421311261 74604847
155201691156575 35784092
155202487107999 37822785
155202777105879 52744154
155203049339095 64952366
155204242984336 144002964
155204478130959 11842413
155204700473328 21816293
155205624106347 38871209
155206749166401 41223448
155207953113558 25892359
155208224128924 50786989
155209272135760 95706780
155209559109741 44799811
155210365675899 21286810
155210635118833 27755664
155210887493794 25131210
155211109081083 14057091
155211331064959 21724569
155211552047500 11721947
155211840502058 65057875
155212117099944 26736846
155213522102301 67341679
155214624098771 26780624
155215383066346 34883348
155215632982617 28609238
155215991053731 127502303
155216205128107 11799313
155217620104282 26466102
155217857080088 34752076
155218974205243 23359765
155219228223189 30881374
155219500102763 24756077
155220672143177 64601471
155220895139086 20813428
155222033084470 118591587
155222952130792 137607917
155224065125955 21415310
155224287567916 12236255
155224515127048 17795512
155225807784639 55785334
155226962582984 67416750
155228257623795 45077322
155229517144905 44106127
155229735960925 17622665
155230505080702 35404513
155230722175903 15039135
155231651233898 71142579
155232866093215 80781371
155233141105206 45204959
155234174358700 119535289
155234452360745 34746191
155234670062451 14738988
155234939147391 49793092
155235229051494 35674262
155236401114291 44563390
155236621069816 9737368
155236845061068 14721134
155237065082902 14744661
155237294058421 19729385
155237523113311 18776730
155237790602888 37257441
155238029514434 23691723
155238267138813 18810595
155238537125636 51750464
155238798537539 48303292
155240098416677 35716292
155240321145837 15819115
155240622155582 58811226
155241553135157 141034470
155241811118152 22763896
155243062116332 28221453
155243823093323 32609137
155245050077718 18429139
155246284098834 23600155
155246535207954 36531190
155247506697140 29934914
155248470853587 40517785
155249318664680 31702680
155249537187700 16782987
155250580095902 35354076
155251448126785 148562341
155252420083489 31384114
155253469102606 31485962
155254661093824 26555623
155255714105504 36538632
155256011127994 76223167
155256975163958 120326425
155257236137798 33781413
155258390658080 52765980
155258628102231 19777650
155258929489941 51128864
155259227202943 65846900
155259441069819 13520738
155259665110645 22775508
155260847107885 19735256
155262027216363 78126259
155262956136461 138549713
155263970487651 33196836
155265291731805 89556327
155266430157945 53823305
155267568136197 110969722
155267792068467 15749117
155268045108905 21779609
155268990071729 50002934
155269218346674 20960988
155269492098356 20742339
155269718079199 17756151
155270002148165 70820742
155270238105997 15710789
155270486090115 21760859
155270707103007 12755392
155271486079175 22453999
155272641025901 62533320
155273511636415 38193803
155274585216611 83664060
155275368210572 28418122
155275596097146 18770967
155276952736363 64317468
155277169709978 16766139
155277385948674 13625409
155278641000010 18192431
155278865160121 10817853
155279169270579 34920077
155279431151898 31009699
155279660117529 16930551
155279896170621 31408788
155280980165243 114007196
155282290745347 115841160
155282548154478 28173084
155282768643571 19321861
155282990146633 16477216
155284158087785 31340286
155285153144197 71934349
155285408052196 41297615
155286495044059 98444105
155286711082319 15744419
155286946121446 25766902
155287922097002 15786612
155288199080669 30732931
155288480080320 50734162
155289577184681 76861737
155289835062636 25705344
155291077445073 46671127
155291856072477 20292307
155292155108618 72768919
155293384112848 140353252
155293629709479 32311547
155293877090623 35760021
155294142082202 40012071
155294381638322 23246965
155295666663270 90844131
155295893122607 13788111
155296123082071 24749058
155297231099807 20598454
155297450105301 15782046
155298529086598 26219022
155299350177823 41037529
155299737758980 26397510
155299974097722 12772206
155300974179042 19790361
155302307073214 33161210
155303528098681 23116620
155304782059725 26666628
155305815141480 48107797
155306104054481 12333033
155306382182448 39856342
155306646673698 38302540
155306903149255 47669028
155307129164501 10665024
155307352868578 14457880
155307578093540 16536979
155307800109297 13775074
155308047787476 30461775
155308718079739 37489357
155309838100613 20987086
155310053112869 13786472
155311246089055 22999467
155311504041979 20714564
155311749105195 27768706
155313050277632 46323735
155313335116430 18492280
155314310386537 170490437
155315567129823 125009506
155316855118059 163985308
155317775688702 19883968
155318620280968 30543029
155318866639161 18277023
155319794109710 48549761
155320025103169 21748903
155320304283817 61939494
155321389103596 97934149
155321694673413 78990373
155321912108220 11780359
155323104501388 101330294
155324401374019 73856591
155325665440715 61673349
155325882070419 11744337
155326160298443 58956247
155326460074623 32429358
155326702067056 35502572
155326954062254 47635925
155328007113004 32556705
155328298120006 53778145
155329438985015 25397713
155329682719286 17794342
155329921119971 14791975
155330151076467 23708184
155331390114867 86289464
155331614925228 17235587
155331890102109 44745548
155332120181944 20753953
155332357215920 21867312
155332590301373 23965579
155333901098901 35271761
155334137087598 19757780
155335340358030 166253578
155336346094667 66970297
155336694111313 133725434
155336934052854 38674779
155338261158250 97952712
155338504121437 25763716
155338744118552 21366926
155338999095363 38878550
155340129969152 44680383
155340347096835 11771333
155341342089593 31464442
155342697292441 84716529
155342910100530 10771892
155343132095357 15770235
155344250149086 47079317
155344525202154 60864002
155344828137316 57776151
155345053101961 17776643
155345328133807 49751462
155346433104284 44354076
155346702180818 43905893
155346948397018 31048166
155348088083823 101533229
155348320144270 28978164
155349721469780 23828944
155351033506790 39050311
155351915127150 87402600
155352258167009 47819948
155353373164084 57503638
155353588638825 13314570
155353818298683 16973951
155354103635788 69309172
155354413418308 74066424
155355735842130 24268325
155356617011467 27265896
155356897162646 46812656
155357179142848 45766257
155357990288825 22102313
155358656696162 20813015
155358884681653 14351871
155360032102805 15076507
155361159144147 69575904
155361372200648 12864875
155361622148999 34759169
155361918118761 61760429
155362135058029 12207779
155363297098539 22095025
155363583669242 27331805
155363846178355 35832019
155364953690701 54164663
155366091129138 78067638
155366370780053 29321150
155367213098367 30679217
155368470066078 33341611
155369682119314 36494644
155369898387450 15039285
155370168087320 52756282
155370450452983 57099171
155370671090068 17770148
155370973102864 59749767
155371239315109 41946045
155371454086270 12757966
155372586081032 17220351
155373610140563 78052798
155373876123554 27769504
155374809081896 92462013
155375063727000 26068406
155375307160037 29817827
155376645830513 51345069
155377762431586 68073109
155377973113011 8786056
155378191070539 17184806
155379430647008 57745780
155380147184403 25266515
155380373018952 19581820
155380631119142 48790865
155380973116301 30293336
155381213082843 34746910
155381432083913 12153010
155381715138719 42788002
155382756098963 32556432
155383077116601 42634050
155384036166705 51573872
155384898851726 46681241
155385696101231 33082432
155386477345270 43459525
155387766332345 68743144
155388878106121 82023171
155390152157242 78048642
155390366095619 12767878
155390577107695 10757782
155391829207415 43107939
155392556140477 26349782
155392873174978 46794281
155393933874829 66952003
155394184125236 38950949
155394401133973 16798727
155395551782503 33484669
155396446129051 47655091
155397866653084 58169240
155399207116358 22192668
155399467120586 26252537
155400566123081 109355899
155400833080948 25281843
155401080125761 45765106
155401332115707 22756014
155402475122654 78562566
155403611150459 81593367
155403902051707 50695733
155405123135008 65973223
155406002132910 17197742
155406228102702 15773141
155406523199992 70142746
155406802104451 63368864
155407056330512 12987601
155408138164143 21604260
155408412179916 52744263
155409665100024 90893882
155410459539160 15886641
155411245590662 38764161
155412055122925 45892898
155412342062560 46707601
155412576080546 23759834
155412849122810 49751615
155413084469053 24002792
155413320649206 18316646
155414518807420 34928384
155414787291026 40944195
155415020130038 13800895
155416170125673 74433645
155417506262812 65160947
155418819124044 52283601
155420088109619 108921809
155421246101190 45938004
155422466561016 56351841
155422707112822 39788492
155422976989204 43597518
155423219381345 19832182
155423451082091 11757956
155424395131915 42940470
155424674143444 51789796
155425766607421 19768617
155426666166461 17005233
155426954642023 76285582
155427781096617 38023096
155428039880977 28969620
155428294965439 30406904
155429659154201 127253178
155429881099209 20775127
155430129108995 32435934
155430389128383 33766167
155431605118056 94479613
155431820055926 14726076
