159310292250255 44385491
159311622574390 37784757
159313202379017 33552627
159313415734052 11216222
159313638094271 21750104
159313855175795 14847458
159315149235743 58251067
159315431544154 50188288
159316930607179 73090927
159317143109794 10785074
159317383884390 34585958
159318718190256 139325887
159320311103984 177134062
159321997118509 71406820
159323036393289 73362309
159324200128162 9965437
159325359115409 62210157
159325576202585 13660413
159325796088433 17701708
159326094531139 75096243
159327258768688 38621802
159328733353390 48293732
159330189079798 9473538
159330403174590 12838695
159330638099647 34763297
159331629139195 82805269
159331926113513 55765147
159333429141987 53549657
159334836132935 104468827
159335072075734 22741779
159335284041715 10716787
159335511113398 19781259
159335801103040 55744312
159336092107031 41751534
159336317451344 18119056
159336548087669 16875594
159336854101275 76765016
159337137068975 33713964
159338274087908 50331078
159339651082964 37635156
159341031173209 84069202
159341257020249 11691550
159342584273439 17718806
159343942648344 81940395
159345395168051 59618247
159346894432566 72665625
159348188157399 78929353
159349383084771 84795574
159350594125855 72748019
159351938114140 186692249
159352213096920 31833014
159352479022355 38700342
159352726077978 23842045
159354246055666 111847558
159355683155975 59776155
159356012160418 61825229
159357431289322 27859266
159358451075374 23405943
159359940626682 38330480
159360169075880 23327362
159360476111384 63419357
159361721155114 30128165
159363077136266 60232056
159363308303317 29895230
159363529107701 17772794
159364636106744 78805284
159364905114594 30765358
159365825043690 41709642
159367335663864 44229452
159368956177373 96554833
159369827080749 12907529
159371314102915 29363776
159371563102814 23758238
159371778101719 12769359
159372059120425 35035113
159372332124150 45030148
159373470104732 156051174
159374629134784 40616871
159374922156690 46919068
159375176087756 48648531
159376077100595 26834564
159376336114402 55055792
159377880107790 111225122
159378098889868 16558052
159378398010210 76635877
159379816944356 55539286
159380073135791 43737616
159381489138026 77009167
159381785021279 14697399
159382010115074 22781852
159383404101143 45335886
159383779441283 151241765
159384053259334 35897586
159385292052938 55136619
159386692094148 31505340
159387043590440 43238745
159388611393424 111187083
159390171844280 84950193
159391109082459 13526500
159392336071049 20766515
159393729210465 44298640
159395188484691 29497364
159395466068987 55747091
159395809107706 46753727
159397170078154 30533811
159398406111714 53061878
159398741165176 55765534
159400269924869 134868008
159401235116893 52881875
159402736083184 49204146
159404202837183 49746934
159405679106292 41148557
159407231089962 114233271
159407444848688 11516546
159407669098409 23904757
159407982829874 97459326
159408333092219 127824837
159408554091440 11759799
159408773084018 17754417
159410032177859 179715322
159410342138297 38490554
159411509129078 135957250
159411765662466 25427412
159413137149487 60194432
159413368072379 12739061
159414840210565 89320145
159416268316513 59763217
159417450069548 29500977
159417749117018 59801817
159418805056295 34039239
159420552391038 80582365
159422028201117 79160139
159422243740944 14409797
159422472105038 28199626
159424035072556 42597371
159425633063814 91804521
159427401636303 27273668
159429030642236 43535745
159429250016056 14114554
159430114037057 41450864
159431505079575 29103212
159431782098899 40744541
159432085160357 19780644
159432372106373 65349722
159433732123147 51092781
159434012111684 14771671
159435422641627 18171085
159435654067354 22612737
159435955109975 53715982
159436271130591 60805876
159436538072159 60800052
159436863217966 115900800
159437882879876 30127781
159439105157460 107640244
159439390149202 34719855
159439665295607 25404702
159440954127059 52406344
159441322184462 47399948
159442397104343 62225589
159442647406551 35891962
159444248058077 33596504
159445714085322 68273949
159447241050192 71445817
159447589184762 112856237
159447848118906 21762029
159448117152175 31300471
159448364774892 11443421
159448605056769 23725184
159450202037722 48147112
159451600165459 98959637
159451816123881 10772006
159452057115172 33754061
159453458099782 211460734
159454846156867 67595862
159456083098457 77984635
159456397097715 56737085
159457809152453 82429612
159459419170747 145700879
159460329065955 45327730
159460540056683 9727109
159461709078443 62371235
159462779073651 10130416
159463066113408 42883385
159463373970215 54575285
159464972103179 169830799
159466370261064 116044161
159466618068688 28868509
159466903326974 53976131
159467211528134 56174670
159468420081097 55897769
159469792089531 33558289
159470011031840 17793170
159471612134063 46101233
159472530315709 45969676
159472765085745 32681360
159474195076028 40472632
159475652226626 71341201
159475963104685 66620465
159477751104140 63500045
159478053089031 50735339
159478312319948 43668522
159478571091592 18760762
159480193632525 52274149
159481656478403 105848739
159483231049365 44515896
159483440747408 9386306
159484941090584 65425038
159485160774119 18444473
159486628095190 106237642
159486859271745 19476137
159488066366586 59013780
159489519141841 81645880
159489845071837 115227035
159490076055433 12728363
159490929096902 33457395
159492452979515 44372733
159493340720299 33188518
159494594971868 28023869
159494862070257 32692065
159496028094765 56445153
159497490089177 81696769
159497702055946 9726765
159499015126301 144805488
159499237050500 9726407
159500707116484 99598716
159500926106150 12315259
159502463009218 82441388
159502732073651 62723930
159503042330026 63981855
159504208327011 81789141
159505373745376 24213921
159506517233993 126513038
159506767238285 23885389
159507003098478 14757110
159507220085934 15401317
159508578099578 43066878
159508808065031 12736365
159510175133388 37307513
159510424124708 24772951
159511753101301 66895063
159512029144603 23774308
159512295680821 45315133
159513483103923 259985045
159514558145446 34095481
159514923515852 49094529
159516225086705 42610718
159516548652379 55311815
159516779122326 16829356
159518321161345 43969268
159519942529572 28822730
159521456103038 19291718
159522650326316 48094088
159522927556221 28849272
159523190118667 47788393
159524389079968 41582672
159525925073725 54288146
159527124122599 145549119
159528107102806 39002779
159529438101793 79597648
159530642740163 22653296
159530951119280 27791069
159531274127377 80793857
159532410110092 42979008
159533506140146 21551631
159533801157412 47793598
159535166121707 96805164
159535393094216 17765000
159535620495517 14168701
159537234155885 77005869
159537452071898 14742621
159537681062579 19718685
159537956124669 22747655
159538257491307 25145652
159538490047986 20351473
159539864061176 36631519
159540083059744 11868857
159540392086589 42203492
159540715411278 83838929
159540935678637 19345562
159542414898919 50945724
159542689117127 23756919
159542918568025 26603847
159544271084553 18418305
159545969277480 32937263
159546239108298 28699089
159547551151653 124646143
159547864771750 63417479
159549282910977 177906878
159549558574591 34189881
159550972448077 80283478
159551220049130 23714355
159552512370353 26657533
159553991082445 56737164
159555244104099 82481109
159555515100850 58386086
159555743079811 17756904
159556025190231 60846551
159557191316484 25419540
159558627084973 33361809
159560103118056 40344880
159560383120723 33754857
159561475092907 25754083
159561776093028 44564574
159562059147836 42783937
159563429640601 28558994
159563701091653 31758714
159564907181042 74722364
159566089108176 235964213
159567500114434 78346350
159568689172716 124098531
159570065014669 127300926
159570339084373 43490285
159570580163201 14819565
159572131123721 42267128
159573575090964 72771202
159575178665753 135667561
159576206191192 46811458
159576460135216 26792727
159577765089983 51774725
159578029123666 55386301
159578272120796 23787070
159578541101974 25743294
159578830198494 35838328
159580346773446 154834405
159580578088926 26652503
159581793071760 46616791
159582089080082 52140763
159582312105094 14768950
159583788100449 26621896
159584059287642 9963501
159585601133677 64279970
159585835085893 21298593
159587317482237 121435148
159587541085872 18758598
159588870091907 47989175
