164518277155259 121755627
164518514441578 23082868
164519839203739 29633512
164520137070059 12579369
164520442102011 37752718
164522018141569 64276210
164523639402445 62248482
164525319877570 198799935
164526660085613 44570378
164528313452644 79729316
164529591123846 124046197
164530814133321 31602563
164531040088100 10746112
164532699685790 65900623
164534059094420 58492930
164535595097672 79327253
164536814169669 185078663
164538183269510 85245925
164539472125023 167079138
164539773132542 63765423
164541026992839 126807214
164541336128915 71776800
164543041111232 90556714
164544634192856 88461778
164544864042543 15605173
164545123068408 29699301
164546276110983 63056144
164547569085787 48569341
164549250204653 45810687
164550649121954 100552016
164550885280597 23236366
164552445587041 57754767
164553952091303 44717245
164555214099367 69893704
164556632194012 85837252
164556872706246 16369844
164558424258324 143411252
164558643001151 15673532
164560157156516 19557472
164561577110227 29956403
164563168137692 148234219
164563408089642 28881938
164564960159727 41412968
164565254082377 32727483
164565552106310 53746031
164565799093694 29766120
164566026121459 22772548
164566255373480 21051170
164566508098300 35752133
164566788090567 41739937
164567059871074 42022711
164567916978673 33395368
164568151097099 30757942
164568426113020 54660272
164569530855709 13208872
164570992135960 28685120
164572538153592 40293343
164572838076644 25716844
164573183937680 112604620
164574544153308 129843844
164574907131869 26785198
164576475079094 82858093
164578129983115 54512209
164579786142340 35086929
164581518072326 45019001
164582720677507 76377895
164582979134662 26773027
164584504066766 112848863
164584786877149 72657229
164585093111904 76786252
164586635115690 41529444
164586883306785 30011143
164587183261299 58902561
164588703847398 120716364
164588965015713 52329611
164589214398755 31887608
164589449066105 17705195
164590854937260 40361588
164592385110881 57524169
164592620411510 28078155
164592885077759 44710592
164593231116459 140430831
164593486626244 28694636
164593761072651 46743159
164594106300645 116679783
164595430167572 83389321
164597054077784 28480574
164597283116982 23784683
164598876117310 41656697
164599094587436 14070432
164599451100609 87765091
164600914159389 143614037
164602071641527 60042936
164602324059472 41531071
164602552939083 19378401
164602781113373 18784583
164604328055157 59355715
164605572730979 70580858
164606727995090 43452399
164607147056684 33694382
164608329692618 41233727
164609803120225 41461468
164610030167070 12832403
164610363139721 101708015
164611980233811 55735463
164613330225108 52664643
164614634454175 121275389
164614922100719 36743294
164615136075037 11741479
164615356717984 19387844
164615654495515 62112316
164615968154557 56785238
164616200459953 24551776
164617679116729 74414954
164619250129932 67539592
164619515098305 13452122
164620595106904 58874851
164621809060034 74478084
164623316279495 80945974
164624766473832 89815322
164626300631094 57253000
164626530561731 25205836
164626831109217 78642723
164628103126938 39005856
164628423093103 96741227
164628737105751 68907162
164630341183090 95894716
164630569114758 15775722
164631901057914 74229432
164633277186628 61771523
164633560338552 55971663
164635361668943 157456090
164636981145359 83572439
164637203837443 16493362
164637445730605 39397243
164637745986286 69616875
164639129701172 28471639
164640601423153 36359564
164640898124234 45767228
164642291096782 65723889
164642577163756 65812832
164643606995613 42168500
164643833095721 20749174
164645515105303 132426663
164645734456729 17767076
164647147087800 42465402
164647447076316 60605356
164647725934646 35472221
164648733978352 63357903
164650408071916 38362387
164650638051260 28704637
164650937161638 70826199
164651215971951 50588027
164652691138219 122133443
164652918082126 14754974
164653154650737 34318251
164653371118194 14789349
164653606392605 24572863
164654424087280 26489434
164655797100570 34317428
164657325035551 36331214
164657556087637 26905672
164657865128057 55766682
164658262155859 132820866
164658504065887 26732465
164658728097560 17764880
164658955069450 16726170
164659184071000 28730882
164659505132544 66757556
164660854950894 35493050
164661147154803 42785290
164661426122951 38770142
164662875151052 135692147
164664018287613 36707711
164665179224687 28280031
164665408992544 18509528
164665643101086 30632516
164667096086159 31748680
164668568775315 130692217
164669880099809 70520842
164670117387655 29635095
164671719154938 133921515
164673239068209 34664430
164673476069897 14733182
164673694094142 15767513
164673975117164 57777400
164674266175786 48816952
164675236089840 49109034
164675521164326 52797710
164675829505896 73690713
164677368097212 60324570
164678989114047 37540301
164680072186859 27527469
164681379542223 35313731
164681635097990 35980160
164682718142152 180963766
164683012340965 55987654
164683267551276 32202989
164683518165367 20832291
164684990077712 43535280
164686567194950 95637874
164686785088962 15740735
164687816083584 35220951
164688042092359 21763067
164688284136756 28803170
164689639757682 56206671
164690715906359 41610460
164692262040194 52934620
164693773060236 19504997
164694046157277 47832280
164695519063158 47000425
164695762159102 35713269
164695974066297 11628939
164696255146477 42783528
164697669121755 32946124
164699270319055 74878363
164699496233378 19854716
164700878126165 137306046
164701919606556 45456848
164702279133539 142750758
164702568151841 44560787
164703753316212 63224187
164703990063411 28724825
164705270206300 20898359
164705590654799 59089272
164707171935591 18747620
164707519100255 121602100
164707804013102 62606598
164708998144037 43874679
164710622114591 33035412
164712277103223 46095794
164712500511874 12181433
164714126040456 126096092
164715638972893 115603914
164715974128400 49668565
164716243117034 30432789
164716527710613 34341869
164717929963562 103387615
164718154054326 17052379
164718538144785 146576299
164718804085428 42119214
164719027429501 21083612
164720699076978 184097484
164721972267975 30945370
164723426108793 95553931
164723689744804 24374438
164725136073090 150946393
164725372077101 28746987
164725613333702 26700318
164726927161981 186993271
164727200086871 35740190
164728390110443 227547416
164728704806827 71690509
164730216154615 30591280
164731700126356 260128183
164731966089668 41608946
164732230059279 22734582
164732521632623 64313759
164733881078387 61774958
164735403071490 26445721
164735621153425 10733444
164737169670459 34128258
164738792081162 22702030
164740334488693 121252783
164740576471576 23117382
164740842225647 52889638
164742203073185 24056788
164742433206902 18869155
164743448049696 30088187
164743673082012 17750583
164744026178527 141846411
164745350146481 54426930
164745631147870 30471641
164747082130943 93773614
164748365118553 26511679
164749903312357 179693165
164750129080222 21272923
164751440115721 86319574
164751724967836 58976375
164751954064575 11736065
164752180085346 14763648
164753227042977 44160638
164753504082591 31716767
164753791038024 24683426
164754081136024 63806440
164754323109968 13751844
164756112088769 140587836
164756341061885 22321528
164758094076079 19113507
164758394046046 38694442
164758647109442 12760599
164760299433278 83909256
164761523155631 70846602
164761848104367 84746874
164762896082878 72983684
164763235869011 59520288
164764502198623 39213584
164766228553382 38497829
164767849690028 37179337
164769427896725 45483169
164769698071278 50739137
164771241777747 72681312
164771580177662 83833705
164771848262104 27902764
164772161082145 61216209
164773190084463 28126749
164773498568291 74216579
164774864011475 31590415
164776037109705 22997693
164777719134922 79392739
164778065092125 83729192
164779612109423 63739977
164781208094432 95576132
164781520152106 100753678
164781750313427 19952159
164783177373887 95758850
164784728112127 74014095
164784951067417 13711061
164785184087637 19757610
164785419059820 27626315
164786415389888 28098389
164787793109654 32616516
164789467345620 96151091
164790896147731 94728168
164792485705975 86238283
164792704624964 18296767
164794093378829 56942234
164794323075692 17735935
164794643107315 61753675
