131276701177753 90789339
131277113113738 89318238
131277507023816 93874700
131277916221103 94552736
131278217051881 9062530
131278430347475 12910874
131278640988001 10233050
131278909711801 63181649
131279129371634 19165530
131279413691669 8821202
131279627272579 13120331
131279836298674 8624646
131280112940774 9281821
131280412385711 8704390
131280722887637 17622615
131281015658236 8792686
131281230521624 14400477
131281516323804 9885603
131281818896276 13076269
131282115826436 8560214
131282422877757 8600996
131282631955170 8648140
131282915667540 9284147
131283124950561 8847481
131283412321369 9218237
131283625664674 12899889
131283913481921 8832472
131284124018248 10111408
131284334753622 10131424
131284724408169 9276302
131285131752342 8498300
131285340888185 8722700
131285600963794 54735795
131285809927673 8552599
131286019316244 8958309
131286312576927 9109834
131286630758718 19108816
131286911305299 8604919
131287215855390 9737790
131287521262685 9639657
131287813468323 9189959
131288127599122 23813897
131288337395944 9331056
131288623182131 12833346
131288832807573 9246023
131289042932223 9713383
131289308623646 60413151
131289726889512 26629821
131290100960239 83483993
131290325397167 8925630
131290614280828 9691974
131290916431134 8839462
131291216044937 8695777
131291425448179 9011225
131291700873753 70026850
131292016794834 9163565
131292425056740 9063735
131292634730075 9229863
131293026457802 12834476
131293236224608 9393083
131293625741663 12446990
131293908534028 77394351
131294118485932 9525507
131294429561375 23314661
131294714705197 8919234
131294924502356 9347616
131295225561130 10136917
131295517717016 12284671
131295726901339 8722867
131295936791540 9469055
131296146585253 9381444
131296356478967 9458974
131296617604651 13774641
131296827190309 9157658
131297116709601 13086904
131297325447847 8275050
131297535235244 9383821
131297815660683 8960786
131298035916106 14760032
131298314170366 13624759
131298613161807 8988225
131298823810175 10101159
131299033702831 9315992
131299243101773 8988132
131299627634510 14983025
131299900888055 67854160
131300124554073 15038094
131300414144547 9208723
131300623766497 9186245
131300920661719 9831700
131301130644156 9547610
131301339648583 8685122
131301724846089 9331986
131301944137402 13761631
131302214817589 9830158
131302519970096 13324231
131302806193357 80738996
131303015853290 9252327
131303236514856 20293903
131303450933118 13951558
131303726538180 15311251
131304015448166 9297186
131304323902725 19989077
131304614932983 9263529
131304914696133 8794034
131305218282767 12787568
131305513501726 8788837
131305900863602 86025290
131306124601653 9786307
131306419333340 12973231
131306629212091 9402395
131307026390382 13325303
131307314562404 9348474
131307622019563 8731433
131307913635017 10434608
131308222314964 16577039
131308626631398 11288215
131309028805370 13813174
131309239444225 10195307
131309514267421 72215928
131309906193251 87139184
131310216205026 9376655
131310521348308 16876012
131310730953577 9092880
131310948812309 17459715
131311218249081 10541144
131311514198491 9523189
131311726854357 12231942
131311937159195 9787438
131312214855418 8953656
131312424511436 9283166
131312720731256 13715824
131312930993892 9824342
131313141105167 9674197
131313420826029 10125588
131313719088581 9314845
131314023892744 9702605
131314233782669 9279038
131314519844662 9137665
131314821310479 9321207
131315114496851 10098559
131315325257352 10409916
131315534847974 9150410
131315821629051 9274876
131316034817855 12760226
131316244475655 9159406
131316523574584 13156414
131316733590876 9596457
131316943107064 9100899
131317153051106 9517469
131317363663862 10189318
131317725208290 12666883
131317944744502 14111240
131318216304489 10517513
131318426933629 10185136
131318713534470 8770560
131318923654919 9661095
131319134023083 10158134
131319343807431 9359785
131319726684405 8946682
131319937331967 10195530
131320321885721 8397722
131320531875671 9553183
131320807352622 70147593
131321119465075 9933335
131321328680783 8788876
131321537830454 8743519
131321800847418 53440457
131322025859825 8613924
131322236210958 9760488
131322520864380 8627892
131322823929949 12676728
131323123315350 11021205
131323416041298 12562142
131323625423459 8919989
131323839390979 13503627
131324120109602 9168903
131324329393128 8834734
131324614104955 9664609
131324824009677 9454918
131325039581777 14976141
131325248841231 8738182
131325516713306 9551893
131325726265434 9125775
131325934996887 8298906
131326200855508 60270033
131326615000952 93537860
131326824553635 9089893
131327115766333 12017154
131327326453544 10231908
131327538062479 11197925
131327818650826 8867690
131328032527199 13418452
131328300999169 62953177
131328626001998 20668926
131328915023959 11369315
131329125034701 9573036
131329414012018 9231384
131329713284919 8683310
131329923495917 9790225
131330300821081 90573349
131330521315262 12701616
131330812476279 8899787
131331026624843 13695941
131331236986713 9936518
131331512425679 9662565
131331722238936 9344099
131332020686640 12983015
131332316494609 9234133
131332525591776 8649745
131332815243856 10876335
131333114709240 9300562
131333329240611 14048697
131333615240640 9406036
131334014496561 93772241
131334226846725 10301345
131334441916072 14664513
131334650939876 8625809
131334859993295 8632584
131335117222984 13072056
131335327044240 9395633
131335536864063 9562463
131335820936469 9003797
131336030368742 9014161
131336243237633 12535337
131336519098005 8583125
131336813794111 9607194
131337205853207 91286253
131337414868142 8601528
131337713291315 8243392
131337922530392 8826517
131338216792189 8873500
131338500887548 78665185
131338714269230 13072770
131339113640678 86204914
131339500904708 84173745
131339725627549 8833547
131339934947378 8890323
131340148636133 13296910
131340358651003 9599030
131340571915232 12879510
131340822214919 9164930
131341035892617 13277754
131341301189669 59981822
131341617891553 9319203
131341828979923 10788691
131342038738461 9355238
131342425350048 10246231
131342710018471 79076546
131343133836601 17319573
131343343140964 8909633
131343552515164 9038510
131343767743800 14718937
131343978575494 10455980
131344332129807 10634709
131344723164397 8991699
131345020532538 13827196
131345324109985 9525071
131345618900820 13201298
131345829202963 9858518
131346120941535 12776261
131346331302989 9937655
131346725532462 13254267
131347014140924 9443755
131347224016321 9440540
131347523664519 10111969
131347813232151 9429864
131348022758837 9071087
131348319145573 10884383
131348619296145 13183194
131349028300146 14016757
131349239096250 10258362
131349500897086 56388707
131349714581442 13277370
131349924840794 9886212
131350219257204 13352722
131350428756959 9051216
131350720960046 13489023
131351016894073 8843696
131351322699315 9581352
131351613283718 9310446
131351912124532 8631559
131352121513620 8924135
131352331698050 9740167
131352617681822 13146020
131352838553807 9646781
131353053913947 14934540
131353314622853 10372491
131353617476481 13335211
131353828136862 10226980
131354121131607 13639576
131354332475084 10895466
131354607220103 69341367
131354917456529 9801891
131355214491698 9433645
131355524862154 13344538
131355813807975 9419352
131356023678477 9447533
131356233787817 9659030
131356528655616 13529219
131356737992295 8860977
131357014780239 9261572
131357224804648 9622446
131357516815034 11049040
131357728836438 11636075
131357938946667 9437004
131358215126064 9502491
131358425635451 10028799
131358822857622 9547925
131359312208315 82612019
131359531590020 13965987
131359812935914 12389441
131360113977515 9006272
131360325315294 10900426
131360613211313 9010920
131360822869482 9239842
131361113341400 9083918
131361322796799 9025371
131361533527723 10325472
131361817042670 9564840
131362031673612 14159663
131362322607348 9412313
131362537188773 14135758
131362816459722 9832491
131363125923871 14659995
131363335854923 9508182
131363623231941 12970349
131363833397963 9711909
131364114188632 9230537
131364324348868 9720643
131364619928576 13099267
131364841034151 14632462
131365326442024 26170979
131365537388324 10506774
131365747533335 9662297
131365967799989 14681485
131366212105245 8953392
131366421580735 9025759
131366713153160 9492091
131366923169735 9459186
131367136223359 12514891
131367346244665 9393149
131367555958782 9201880
131367813124729 8313760
131368114014636 9662817
131368417762854 13184613
131368720917897 12601142
131369017801212 8883715
131369227816910 9586417
131369437561592 9328799
131369714900665 71921283
131369934000303 18447754
131370214120248 9060694
131370423309780 8762104
131370718250341 9406372
131371123326689 9888857
131371416397697 10153676
131371627111305 10380598
131371919838077 13534427
131372221665633 9391447
131372430752643 8695916
131372641056020 9944488
131372900861966 54389184
131373214398311 8739790
131373526601534 12901706
131373736444076 9412751
131374024961509 13013389
131374234648379 9256012
131374628386717 13563725
131374838251250 9461625
131375120219090 13608345
131375421427910 9063842
131375727132623 13768828
131376013169229 9168389
131376328952199 14663520
131376538684298 9282816
131376748870404 9759607
131377016512078 10185416
131377313442010 9156547
131377613915144 8901132
131377823757880 9416433
131378038668514 14493882
131378313432562 9676663
131378619358765 12104938
131378916499283 9557810
131379130121720 13271949
131379339498752 8963885
131379548760798 8869533
131379820831654 66676062
131380035688494 14437919
131380245682547 9618286
131380523213856 9907797
131380821579013 9463790
131381122134813 9752566
131381332340693 9671969
131381624713343 12941414
131381919795365 8988167
131382134258325 13908774
131382421615033 10049465
131382717770298 13497616
131382927881182 9528559
131383214862615 9851601
131383425276238 9735686
131383800857321 90161717
131384200903054 97460018
131384521923002 13588352
131384732167514 9785677
131385122588444 9189283
131385522208063 8960950
131385731366651 8795135
131385943773302 12047926
131386217197511 10354948
131386519278643 14483638
131386729151465 9466535
131386938194301 8637105
131387213585092 9083853
131387423405863 9405371
131387633431424 9626359
131387842804462 8961141
131388226334513 12891631
131388520854446 9209438
131388816739654 12847481
131389220859303 92317224
131389435020281 13668934
131389717449778 9669097
131389932389141 14576952
131390147541272 9603435
131390414732946 9088776
131390623851581 8718152
131390833570533 9291285
131391219999540 19708622
131391429580464 9155126
131391718295460 9050535
131391927845463 9216837
131392142254078 14046478
131392354035692 11256948
131392600926604 41458304
131392827536758 17971764
131393049297169 10869964
131393314165387 9391271
131393613693578 9518902
131393914373548 9770167
131394123687548 8893782
131394419744564 9390133
131394722284848 11555662
131394932358293 9697219
131395216867660 10706164
131395428672865 11415330
131395700839153 66748860
131396021099493 9853488
131396427690003 13693168
131396717789569 10657078
131397021605078 9151037
131397314466871 9944880
131397524020394 9153561
131397734614151 10176409
131397944499249 9489952
131398224670954 14289041
131398514494660 9905751
131398723802725 8895910
131398934045037 9839738
131399227526767 9755498
131399521985515 17808901
131399814984195 10018107
131400116584715 9562121
131400400873945 78810203
131400724355958 14401272
131400934944016 10223627
131401330242233 13276137
131401540129670 9529600
131401800870624 55268891
131402121314509 11635315
131402525928605 10332280
131402739889183 13731902
131403127391145 9441568
131403337254198 9438936
131403615990451 8402014
131403911932197 9045204
131404228213572 19238681
131404437475438 8886505
131404651113002 13212746
131404860389304 8910876
131405119910009 12299607
131405329532197 9191677
131405625061413 14176718
131405919729777 9417279
131406134141945 13965493
131406344374184 9787616
131406617407146 10110706
131406918880996 14670626
131407129055178 9729389
131407424984237 13016492
131407634992048 9578173
131407915874738 10835233
131408212468932 9244950
131408424778265 11949837
131408634298247 9102536
131408909885771 70077721
131409124212531 14025645
131409415236416 9298345
131409628981864 13406877
131409916713597 9924464
131410221945077 8603799
131410432925460 10570247
131410700867163 62471333
131411116429506 93766893
131411326613139 9743281
131411541991790 14969357
131411750791394 8383199
131412027114940 13211879
131412313999777 10259528
131412620864027 13056337
131412916060845 8843304
131413125837959 9271562
131413416168323 9226309
131413625448058 8865087
131413838431268 12479106
131414047549712 8657854
131414324101299 13774416
131414618878665 8685834
131414828675007 9508307
131415224743888 10104805
131415515821841 9783351
131415725109588 8869615
131416021340604 9306950
131416318809989 14268530
131416700188734 90568038
131416921173113 10173266
131417217556618 10601533
131417625421844 9317090
131418025374171 9900063
131418318591003 87717193
131418533561717 14530257
131418812555940 8527908
131419114330139 10044967
131419413820914 9249921
131419714291296 9097816
131420021996129 14013878
131420306586190 79141784
131420516437562 9134639
131420815201357 9334105
131421201107725 85764306
131421606032655 90307772
131421826287265 11071889
131422039900522 13187479
131422418324663 95660929
131422628599744 9877756
131422838626313 9481905
131423114152867 10142173
131423324182740 9500311
131423716439335 88927501
131424018010268 9759036
131424422719538 9476398
131424632601119 9079591
131424900869421 62658763
131425220001604 12997769
131425431689705 11233163
131425825738524 12577349
131426036463255 10286893
131426316447312 10138558
131426617260272 10469095
131426826321921 8691433
131427116310312 9751220
131427328023343 11303637
131427619122459 14145356
131427913022891 9910532
131428216717989 13450115
131428514115622 9076934
131428827523192 13142480
131429118969434 10314680
131429332693418 13296847
131429617471987 9709510
131429924983781 13334488
131430136619392 11143698
131430526611084 13420050
131430815113899 8572898
131431200916385 91086043
131431415979053 9440176
131431720411095 13803457
131431930276363 9446137
131432329957118 14744372
131432618369179 9995732
131432828686373 9928599
131433116618520 10203506
131433326537881 9473188
131433540892990 13933787
131433813967178 9529796
131434027681878 13315951
131434313880142 9621842
131434623576075 18291756
131434915956824 10341132
131435126667691 10306613
131435523945061 9918153
131435812642313 9500819
131436201056336 91109106
131436525954356 20449041
131436737303065 10897916
131436948584794 10846665
131437223609539 10914335
131437433794865 9780760
131437648517195 14349342
131437914819197 62000580
131438216800128 10098098
131438513296161 9828786
131438812743051 9507206
131439116513019 9456592
131439326507422 9593262
131439600893043 68983023
131440001222243 85762737
131440416486824 95198444
131440626200722 9262211
131440922634845 16724378
131441133167077 10071100
131441347601213 14034810
131441558229470 10219188
131441900325304 71904776
131442212528014 9033459
131442422573017 9613847
131442713469853 9967187
131443014014226 9162189
131443223927309 9453158
131443512156308 9152932
131443816335381 10649928
131444026488694 9770617
131444240591050 13673271
131444513458585 9535521
131444814156330 9213175
131445122360916 18201180
131445600958927 90391440
131445916719479 10217798
131446205884410 83656144
131446415446780 9189514
131446727025622 20240102
131446942564604 9866510
131447158303163 15323143
131447417869429 9563253
131447631058695 12729589
131447906836933 70201530
131448116388481 9107837
131448330559083 13703536
131448541151964 10199224
131448814346382 14137334
131449129251103 15125242
131449339201124 9471989
131449619691133 8376966
131449912964023 9311240
131450218119970 9553437
131450500828312 77138403
131450711569389 10311990
131451113941453 97207466
131451323347177 8681305
131451532957398 9218418
131451821256714 9396052
131452030868859 9282146
131452316856346 9605590
131452617232048 13502590
131452827228091 9582734
131453114289836 10000853
131453323827181 9100749
131453721566565 16149539
131453935520934 13508505
131454144799821 8872426
131454363789031 18572070
131454574551649 10264572
131454783593987 8433690
131455032718371 13802675
131455243002162 9832780
131455453975429 10528478
131455713644975 9311816
131455922679994 8623987
131456321606267 21345837
131456715791969 89984453
131457018322569 10608550
131457229157329 10417381
131457509713948 75072089
131457719381098 9220670
131458013781561 9157957
131458321603750 10032388
131458623458840 13589684
131458908209760 79221321
131459120555106 10436537
131459339162693 17973531
131459559250354 9402233
131459826396417 14622185
131460035803097 8822680
131460245826959 9620062
131460625144150 9221449
131460913238282 9266495
131461126276257 12594682
131461336372277 9693301
131461545826813 9064527
131461756683528 10483398
131462019595304 9320563
131462313670903 9891816
131462626999737 19935446
131462840097510 12706285
131463050427786 9959025
131463260983174 10185031
131463517441586 8587032
131463813732904 9541469
131464114935580 9255283
131464323574586 8276202
131464621357531 13551844
131464830708023 8921960
131465119906393 13122427
131465329466229 9133526
131465539550389 9595673
131465922771082 8963160
131466131783206 8584792
131466408569481 71155158
131466717829507 9400804
131466927466339 9255030
131467136159829 8371966
131467346385742 9907867
131467623587444 13808132
131467832972345 9190894
131468042605377 9422350
131468313450758 9905154
131468619497215 13961899
131468913022224 8572434
131469300945619 84048543
131469624964690 20152777
131470016012552 8633159
131470315417650 9132612
131470524575158 8764160
131470734174281 9207146
131471126606958 8902324
131471339894835 12867224
131471619816224 8397957
131471915817964 11812831
131472300890865 91962817
131472530581922 14267447
131472814147936 9351035
131473120130447 12406750
131473417248705 8582199
131473723991070 11811264
131474013903465 8712155
131474222913465 8580481
131474435330317 12004596
131474644926317 9232026
131474918355339 13321700
131475127912698 9122330
131475337199600 8629082
131475615705906 8836157
131475912784734 9412794
131476213144706 8901245
131476517025352 9654447
131476800900689 78250038
131477115324541 8940048
131477418904217 12347706
131477712859922 8983015
131478028454095 23984954
131478500903269 86079058
131478723441965 8833098
131479019597830 12994796
131479229117771 9105298
131479514463014 9193528
131479723976932 9106280
131479933515362 9149136
131480146630366 12713108
131480356428426 9369551
131480565953698 9121252
131480825320907 13868187
131481035350952 9622142
131481244586016 8797482
131481522744597 9604555
131481812781608 8767901
131482113237718 10058030
131482323105711 9419801
131482533412710 9874694
131482744565556 10756845
131483008596191 58607532
131483317323970 9558062
131483723916530 9186284
131484030629152 9689399
131484313138655 8649983
131484522960728 9389470
131484732857109 9487905
131484942326710 8983193
131485322780266 9373966
131485723644275 8739697
131485943820824 14665069
131486215577455 9318589
131486424699674 8751136
131486712956380 8466461
131486922774268 9363746
131487218636032 8973858
131487520289224 8609481
131487813551827 9341197
131488027862450 13759422
131488237527838 9236168
131488526761980 13375990
131488821023732 9206100
131489035134714 13651132
131489316168518 8400650
131489613535931 9147395
131489913545187 9420646
131490123892889 9873533
131490336740189 12423562
131490546864324 9697257
131490812302562 11065926
131491120569703 12719742
131491329788740 8783614
131491539910624 9801435
131491816473548 9103837
131492030234001 13316314
131492313782832 9123861
131492523687709 9446371
131492733795956 9604987
131493001015311 61511539
131493400857975 89922221
131493610064897 8747539
131493819503040 9038099
131494032115691 12255006
131494311794960 8607855
131494616408747 12445370
131494914759129 9929063
131495218728826 10565762
131495507583023 83273161
131495727928291 18346601
131496014191804 9392792
131496223630215 8883054
131496434236346 10017867
131496736588622 14650515
131496950828173 13796475
131497222613146 10353008
131497523828938 12642363
131497733813143 9541680
131497944869360 10671973
131498324585571 9089253
131498613123446 9453855
131498823020340 9436158
131499032884103 9420249
131499247392948 8972121
131499514529250 8991130
131499824975483 19528883
131500115148753 9360960
131500324271894 8691129
131500624501588 13252195
131500839131619 14164013
131501049443262 9820034
131501314778056 8494620
131501524469179 9284584
131501817821715 12658789
131502029385488 11150988
131502417553286 91181152
131502800994169 80357254
131503123020294 14642149
131503412979091 9255677
131503712711234 9176606
131503922738113 9586549
131504132348070 9161142
131504346703443 13952897
131504700839423 86123139
131504919489284 13018403
131505214402154 9688130
131505423758226 8966896
131505634141529 9966109
131505843497434 8918874
131506109324182 9120435
131506501211044 81060563
131506823984521 19926736
131507032894383 8435292
131507321422923 9564738
131507530573807 8745509
131507812978248 9290456
131508200843624 96177923
131508513973477 8263104
131508725186349 10818930
131508950590720 19892792
131509160562067 9572831
131509412700136 8385800
131509622722448 9576977
131509833244817 10106409
131510120359629 8869857
131510334750364 13749408
131510614240531 8977451
131510915784377 9937520
131511212755736 8706323
131511421919670 8735216
131511712267972 9203657
131512021555056 13349866
131512314397127 8641995
131512627692216 12385757
131512922158710 9419667
131513131764088 9187923
131513420481667 9671179
131513714413873 9437098
131514106984126 90794625
131514316618118 9172656
131514525801468 8773232
131514813200116 9383508
131515025926963 12303328
131515235871313 9379617
131515449939015 13664151
131515711255242 8320359
131515920872461 9201844
131516134593559 13299229
131516415684194 9123020
131516705963831 84939462
131516914876898 8504955
131517124518211 9211632
131517415064447 8816288
131517716544859 10443655
131518000844422 78714731
131518318968989 9021461
131518538920494 14409548
131518815459792 9877528
131519026606100 10755795
131519241422139 14432269
131519515485050 9730475
131519817389538 13828553
131520026801750 8981935
131520236478864 9210617
131520531047408 8624623
131520744806335 13303944
131520954484977 9310447
131521324368217 9327468
131521614791070 10066381
131521920955468 16601816
131522131097032 9718658
131522417676215 9961249
131522721516865 10072463
131523013221054 9233931
131523227761311 14074035
131523437565615 9393557
131523713513519 9195956
131524018276359 10613477
131524307713951 83921489
131524714875640 88479342
131524931028533 15530257
131525147722939 11040441
131525357431725 9228363
131525614903465 9302100
131526005854531 90138573
131526215806705 9440177
131526425749760 9558969
131526720256833 9833580
131526931491572 10823135
131527141640209 9690606
131527356411161 14371706
131527626247049 10783506
131527923549102 8985566
131528214900471 9547106
131528519656317 13907223
131528815771426 9271532
131529128422556 13592418
131529337829636 9011516
131529548024966 9796057
131529809636564 57006070
131530019646901 9629870
131530415461444 15297725
131530624807095 8893183
131530919103567 10195433
131531202455916 77930450
131531411887663 9042138
131531714374835 9170429
131532017934906 9263986
131532228297123 9942742
131532437737571 9063812
131532653332647 15227410
131532868222543 14506032
131533078554110 9930554
131533309927600 9737532
131533618193965 9679350
131533827998374 9382892
131534225245480 8960099
131534500854503 70225973
131534711107616 9802344
131535106187422 85417867
131535315732895 9074795
131535615435216 9732707
131536023796957 10040485
131536316363961 9228334
131536527176004 10377770
131536821686478 13381327
131537033291994 11063259
131537317157005 13832990
131537616351119 9320788
131537829889500 13147235
131538116712881 10353744
131538425752337 13599837
131538635683005 9490834
131538845805140 9668128
131539120044112 8554468
131539329981033 9509822
131539617541483 9777718
131539827792849 9771914
131540117379697 9999421
131540415044048 10202470
131540624570645 9070069
131540834413583 9400090
131541123256352 9757896
131541412729315 9335074
131541713248051 9132884
131541923922966 10265736
131542225881161 14547270
131542523711222 11349781
131542739617861 15452044
131543123808427 10030289
131543419132787 13358474
131543629030992 9476912
131543923487947 15997739
131544133816799 9887906
131544344915271 10673123
131544614944925 14504121
131544917848598 10355739
131545227001485 15067496
131545437060392 9551012
131545714326562 9710355
131545923961573 9211068
131546133478863 9079645
131546417415453 10015718
131546627282375 9449420
131546900893445 68285284
131547216574566 11249589
131547429353852 12355927
131547818249346 17946348
131548034031796 15266238
131548316836746 13272858
131548526766984 9507590
131548736519712 9351633
131548946505570 9559510
131549157301472 10346386
131549522710582 8882064
131549800887003 72621819
131550218982397 96947873
131550434559762 15052071
131550653478428 13277847
131550914342544 9476348
131551124499320 9689512
131551413486751 9045134
131551729003549 19233847
131552207050875 91466245
131552527987447 20139357
131552813629267 9463876
131553118971278 14481586
131553413785138 9549053
131553623380494 9131961
131553834518068 10663810
131554100999193 60968370
131554315060419 13612414
131554616987831 8603810
131554917426969 13299312
131555127309283 9435488
131555412524114 8749837
131555716125475 12132485
131556019542292 8726338
131556323794834 19253738
131556613416552 8967864
131556920760427 8879746
131557130261401 9088091
131557340250522 9572965
131557613877009 9458038
131557828706119 14407709
131558117268745 11439799
131558419975596 13599976
131558721244504 8318094
131559015971361 12357687
131559316925058 9058551
131559600894120 78405659
131559811810233 9198110
131560022152582 9937195
131560231652707 9114857
131560516738475 9867211
131560826310788 14252826
131561036401744 9683210
131561314262012 9688107
131561524153953 9490741
131561824674635 12959660
131562035168561 10070137
131562245544526 9677543
131562517900105 13758150
131562813031935 9700828
131563117124033 12877058
131563326965322 9436787
131563613533219 10311672
131563915803083 9085713
131564217473800 10223219
131564513635930 9341572
131564814627174 10881364
131565116239626 9623345
131565326485163 9750761
131565536129496 8898370
131565926204565 11572967
131566135811083 9181777
131566419702471 13492794
131566629028026 8894648
131566900951008 66379360
131567115514544 14167084
131567515852325 100347416
131567928732590 14585859
131568215801704 8700698
131568522813778 9254392
131568820999125 8960720
131569030861640 9412931
131569241118780 9833605
131569451322480 9764950
131569661543422 9809290
131569921038062 13218959
131570219544698 8959592
131570429546022 9549742
131570715539949 8816812
131570925540051 9585587
131571134966085 9020137
131571345397909 10018547
131571726860707 13057795
131571936887538 9354826
131572145860186 8568709
131572523958901 8790910
131572807310354 77783701
131573215406895 88964421
131573523808427 8835466
131573740494429 16245915
131573949846802 8948817
131574159548716 9289184
131574520504841 9440292
131574821388880 9091153
131575030753939 8962425
131575320779097 8483711
131575633928138 8766702
131575843818341 9461371
131576114793227 11010423
131576418763022 9560393
131576630161770 10929194
131577028346287 10418893
131577424728865 9364085
131577633599573 8449518
131577842838885 8900127
