135047715199636 100838197
135047924568148 8721517
135048218052441 13906937
135048425742486 7399482
135048713917016 6261483
135049015102692 11235027
135049226549440 9870087
135049449088931 15119088
135049711854301 26758298
135050018168934 9100175
135050427879149 18901074
135050806068542 84136145
135051125816499 13391252
135051343221746 16939027
135051562949227 8530804
135051819760418 14347921
135052029508465 9393127
135052242049247 11722007
135052453321311 9998351
135052662780474 9080852
135052872535224 9364686
135053083993910 8659242
135053425173910 14660597
135053902840047 88447137
135054130717317 13035762
135054344463476 13299402
135054554856827 9951941
135054764460925 9088446
135055033845848 12999785
135055244615392 10384849
135055515691649 10327429
135055814532963 9528548
135056024588261 9717622
135056316093833 9989558
135056635858563 9282495
135056845801075 9437765
135057227293585 9383661
135057518155981 9113322
135057732727529 12400972
135057942995817 9825339
135058342149452 17447856
135058712777529 9896378
135059027805475 8556323
135059238402383 10072783
135059600079713 72303248
135059810386458 10023190
135060019979205 9226912
135060231372123 10042284
135060512730614 51392422
135060813331264 8941089
135061032947874 14005705
135061438535905 9552140
135061830356119 9805371
135062040135534 9196269
135062250063898 9569970
135062460106146 9757433
135062713218900 11254750
135062924318937 10708408
135063133466910 8823250
135063400813553 61710956
135063730104682 16898421
135064039084477 12009064
135064323471493 11161512
135064537228528 13301817
135064814099619 13965195
135065301057503 88639006
135065723367219 98286455
135066020776649 15032617
135066230966521 9541980
135066519708530 12648915
135066911996389 80891982
135067218066478 12575944
135067538746480 12314174
135067912287426 9845399
135068300827385 75209861
135068527884357 16258219
135068815211997 11809356
135069034899168 18555144
135069246009239 10783021
135069621680994 15841709
135070109717921 89371681
135070435569617 16073768
135070716130066 15888732
135071030133599 20833194
135071243842653 13339355
135071453806624 9479797
135071710817441 26739714
135071921078482 9881701
135072131135494 9121778
135072500813134 85914685
135072717438553 15006447
135072934689894 16842599
135073146363711 11228128
135073366100597 18773576
135073578321275 9786090
135074011100788 83357089
135074225099190 12774303
135074435734476 9608349
135074709545138 8012501
135075117875182 15976920
135075601081811 88920055
135075926214474 11454057
135076139836448 13210083
135076404219394 56883799
135076717880423 9272032
135076926869714 8539745
135077138452778 10121450
135077354161514 15235408
135077600447672 15883649
135077932439586 11898427
135078305887729 83571682
135078730434052 14178086
135078939468606 8600127
135079148631568 8808164
135079359671243 10571274
135079719004415 69111737
135079958859777 39473336
135080211731109 22345942
135080423763421 11689684
135080734664600 9090147
135080953612521 13453869
135081214680483 7459379
135081529860875 10688519
135081738916763 8579509
135081948938558 8809251
135082400991938 84887795
135082617609942 14282127
135082829066932 10972157
135083127697422 14563059
135083421530513 17962322
135083639965030 17633070
135083849207256 8845652
135084058119416 8451439
135084425068950 12716218
135084636170686 10679061
135084900923409 59549453
135085415596120 89039343
135085632092465 16119916
135085842422663 10081528
135086134824773 11829454
135086411116526 9419137
135086800852665 87841670
135087117385331 14072224
135087338576505 20809195
135087721762424 16364305
135088022405130 13145992
135088232002807 9119880
135088439708492 7373636
135088650094772 9772363
135088860306197 9754226
135089114080710 9737699
135089322055026 7595678
135089534429207 12086056
135089746469902 11707683
135089954989896 8084582
135090217771912 14082459
135090432735326 9541387
135090924899619 8926522
135091236626889 13813996
135091536391745 12899044
135091949510755 11132630
135092227145400 10585392
135092627106307 98897617
135093105958534 88367291
135093509426408 93523725
135093901112828 74945239
135094216979365 11945916
135094432738515 15397947
135094709736846 8259797
135095128718298 9530965
135095345046929 15959665
135095815104495 14828692
135096322147539 12414643
135096534757629 11745733
135097030500916 9614381
135097422872930 19957834
135097713323670 10148242
135098218051864 15239375
135098617616597 9873928
135098932565013 15304356
135099218412031 18206815
135099432101251 13328879
135099641834727 9331735
135099912488492 10298519
135100213867684 11304024
135100500917890 75841308
135100721050622 17750452
135101024234919 15092403
135101232827888 8106707
135101516189857 13052778
135101732850288 14549037
135101945879774 11941371
135102154593706 8362051
135102439702190 11828932
135102711858072 10715944
135102927068882 14890971
135103433362302 8445556
135103933935630 9572047
135104219796563 14383957
135104432590049 12437276
135104641797693 8840274
135104923947059 18617240
135105135291896 10961132
135105348135780 12482744
135105629767312 10751771
135106010921606 9763145
135106219177533 7875341
135106426337439 6991438
135106726375992 8933420
135107018504912 9925285
135107305547850 81428959
135107625215912 19361684
135108136320100 19722704
135108424077774 9910686
135108723109596 11919140
135109028184030 8423769
135109240107229 11516846
135109518490092 15064568
135109833221678 14273238
135110130848590 9324647
135110419676232 12290386
135110718278762 86872092
135110947098316 22753342
135111227510582 14745525
135111522890905 13175557
135111929095347 9767863
135112152113629 17473211
135112410861510 9886495
135112735058850 8823991
135113015620012 8816469
135113443139084 10325742
135113653007297 9393711
135113912121288 11788308
135114218446300 9406261
135114429849168 10952216
135114642107832 11779563
135114920843303 17820304
135115417710897 9930661
135115754861117 7978129
135116001062803 39740239
135116210700153 9354726
135116424102063 11902512
135116637758075 13128318
135116931751165 10389013
135117216771594 13496433
135117427940749 10808763
135117637176192 8675094
135117846764023 9097604
135118055876678 8645709
135118265463645 9106649
135118478423751 12439994
135118710035059 8468877
135118924094939 13763775
135119506190840 85959875
135119847056334 8919032
135120313407894 11480130
135120522896437 8689609
135120732977397 9674854
135120942420340 9089378
135121219906870 12811531
135121520020929 9627665
135121822055198 13876188
135122035040684 12607207
135122301018588 60156502
135122625963426 15860056
135122836176652 9852752
135123058628744 15310445
135123319085964 15740720
135123528051841 8486483
135123739229662 10897550
135124012490811 12005539
135124408093875 84377192
135124626326083 17989993
135124838064282 10469322
135125127651004 10045866
135125339309941 11304869
135125549223709 9554954
135125830118321 10399519
135126040328944 9987028
135126251336978 10545126
135126517114094 9782887
135126910604607 8802632
135127239433779 14467489
135127450986644 11120302
135127714717914 9260102
135127923285090 8175422
135128202763848 74097527
135128421854494 18532597
135128637356527 10008926
135128914796628 11439218
135129344540754 15031406
135129611061106 9524756
135129820398208 8957081
135130114104739 8511667
135130524314842 15760308
135130919536375 14728007
135131301126064 74626213
135131517100745 15568739
135131823979365 12647384
135132113129769 10569644
135132322384470 8054447
135132534457739 11632148
135132831840954 12348164
135133050134501 17645636
135133435408419 14913324
135133651866094 16033962
135133904120145 11691657
135134117762163 11404189
135134332544053 14446640
135134822978055 17143041
135135033369192 10020312
135135244071111 9742906
135135518220692 11305201
135135732755941 14164538
135136031044555 7999979
135136241147829 9063398
135136463328481 14937386
135136672619783 8823733
135136917075923 11694760
135137130874923 13214054
135137339623999 8430804
135137553618861 12295230
135137800751952 16901259
135138019141019 17751377
135138316491246 12751205
135138526421755 9092953
135138826059936 18535880
135139300800040 78769593
135139622085608 14559346
135139835926488 10223587
135140130285446 15674300
135140339475152 8942853
135140549591099 9219086
135140838387293 9513863
135141048538491 9802822
135141324904836 8807699
135141727381749 9713175
135142023159732 9835472
135142317562466 15787938
135142636173738 14658855
135142845405510 9078473
135143238135464 18923857
135143446620896 8095140
135143656522877 9422475
135143921220414 16034708
135144219883539 15211502
135144435406232 15132587
135144717099710 9133676
135145115547348 14836513
135145326153901 9961382
135145535175056 8671631
135145746873649 11516414
135145956360588 9033616
135146219213053 12205143
135146432262598 12519207
135146737132998 9052626
135147117507813 13357622
135147344412064 20519137
135147559867654 14531341
135147817088411 13049041
135148031913376 13195797
135148324103558 11042901
135148633265571 14749049
135149021901130 19293146
135149233138957 10840539
135149701068574 93706178
135149922046608 10811848
135150132351680 9026216
135150414767342 13118967
135150722351894 75609701
135151201112103 88472291
135151416143289 12806087
135151924080264 21554918
135152233845756 14518280
135152618909312 12537328
135152838435071 13132924
135153313356542 13066423
135153530853508 16533232
135153819155847 11740993
135154124104688 8237977
135154505908209 80854729
135154724824090 7489075
135155021697102 65705511
135155232571934 10455731
135155526384070 9540906
135155739215293 12487775
135155958779939 13443395
135156215714347 15251409
135156521475619 12998256
135156921203662 20982479
135157135409854 13064308
135157432391622 10856085
135157715611628 8398837
135158009898947 63541823
135158316948027 15816732
135158528303678 10833614
135158827956879 11097129
135159316326665 13647531
135159537402434 12182672
135159936179827 13727325
135160341914808 15217598
135160614294532 42153813
135160825076837 10309078
135161117141984 10977138
135161329047733 11697951
135161538684974 9270344
135161816139226 14459262
135162241752717 39146343
135162515408188 14512308
135162728656300 12817589
135162942968740 13650679
135163152340906 9018674
135163412338603 12077212
135163718748453 8993719
135164018134192 15664211
135164233506036 14752841
135164445959253 11919956
135164900935062 82579363
135165115878590 14543413
135165332639397 16302806
135165614884503 14609703
135166009416449 78446859
135166219980778 10182237
135166429960015 8647877
135166723480176 62798855
135167013879797 12706405
135167400818427 80174423
135167825099841 13940345
135168120893926 12663793
135168330549902 9286348
135168717963373 16101238
135168926938017 8423181
135169141279875 14000065
135169357917976 16256966
135169621539247 17847036
135169918037061 9145573
135170333084539 19691960
135170546452223 12126370
135170758218813 10651981
135170969076331 10481893
135171178751257 9137995
135171388858950 9759861
135171606426609 17089189
135171929560298 9949467
135172138952849 8966416
135172533110143 12737566
135172744087408 8775903
135173021237537 14696173
135173310218814 7599323
135173518110048 7449878
135173900815425 92502870
135174126502426 9156288
135174524899925 17723849
135174809123232 52317106
135175029629288 20293272
135175246221528 8898817
135175510110073 63440437
135175723279676 12930857
135176030213131 10543839
135176242081039 11424156
135176457056990 10727071
135176728279662 13594311
135177107014214 81304518
135177321097931 12759125
135177612600815 12285000
135177939143062 12356675
135178212453307 11419962
135178420994518 8118855
135178825552273 20159716
135179035585600 9260781
135179335832208 11904111
135179615219298 8504822
135179829901171 14182359
135180038972194 8443218
135180422771547 16690594
135180722910644 13996470
135180931930418 8302074
135181144155421 9829658
135181352666627 8173561
135181818082430 12783690
135182217798112 8997170
135182734802816 14624915
135183017874135 17524440
135183329128413 15668695
135183643879970 14139118
135183939293638 13666463
135184315124690 10196330
135184619498739 14710440
135184833551592 10645843
135185048678842 13929355
135185320988902 8927308
135185535684203 14341695
135186026367968 12747790
135186417887372 13130425
135186923531278 93297059
135187140313420 16305475
135187425961086 16544992
135187713134948 8558096
135187925190299 10708491
135188322893577 13971155
135188615589457 8703828
135188829101459 13180914
135189313583998 12925399
135189523528978 9610534
135189828757825 10971570
135190113106642 11244957
135190324111608 10353986
135190612625221 58554397
135191021720620 13365049
135191514690678 14523983
135191725877386 10820625
135192023876433 8384803
135192236176975 11836319
135192619933664 9433021
135192916182658 10902399
135193218557677 12245906
135193430959664 11977122
135193735931143 21793718
135193946339283 9970050
135194315995071 10265735
135194629876706 11879470
135194840079681 9813485
135195210665567 8069219
135195423406986 12385901
135195636287821 12005898
135195850897319 13577181
135196231058023 7693119
135196440060075 8621491
135196701132725 53765570
135197100894354 84247926
135197501142457 79787950
135197720647176 12300186
135198100992121 74657343
135198412360081 8949564
135198625715614 12865494
135198910211235 54045138
135199121047392 9741644
135199409208771 57728744
135199716052388 12816156
135200020614731 13119341
135200231427758 10418611
135200450515136 13494565
135200717636628 8313017
135201000823038 52978713
135201217355734 16086424
135201431839075 13923903
135201801056996 138561193
135202020018264 11688559
135202422203483 16668227
135202631420958 8852898
135202842040338 9715998
135203050275424 7785656
135203320706659 15477681
135203626432442 12433052
135203838958848 10706366
135204335535319 15791025
135204553948160 17622692
135204769376184 9045254
135205032533344 10882481
135205243094400 9683153
135205453264820 8937113
135205663372077 9647540
135205873057142 9230581
135206111980544 9010908
135206417197767 11413228
135206728850573 12249536
135206940392108 11075625
135207155275568 13803076
135207363890802 8281881
135207718021190 9812154
135208018305055 13494207
135208232633311 13780166
135208715784070 12625942
135208928904196 9403258
135209218284760 16336876
135209431031278 12318365
135209643426570 8806838
135209851716847 7890291
135210072459137 14115922
135210315460864 14949088
135210617974281 14469469
135210829419835 11096861
135211048120526 13161987
135211263679435 9980128
135211619441688 11313995
135211829296182 9568187
135212110974084 76102740
135212531851449 31648219
135212745766241 13145140
135213018899498 11759823
135213233865904 14538641
135213507946597 43992580
135213907043428 81428684
135214122693249 14365823
135214422280387 9063613
135214634076200 11447390
135214844000482 9669030
135215137837057 14667964
135215352737515 14405232
135215613576116 9025789
135215934460972 9600262
135216144798967 9470869
135216532623658 10554555
135216937467108 11901125
135217146659494 8610261
135217413083777 10619550
135217731148918 9606343
135218132793248 12457052
135218421071033 10595689
135218712278434 9538183
135218920671085 8062083
135219221875622 13134353
135219515604993 10857977
135219837821170 13692573
135220136956070 12171643
135220617220205 12566360
135220828469487 10831240
135221043174623 14193504
135221311769629 36939114
135221521341057 9219970
135221822106523 12322009
135222033783514 10386366
135222417009746 8618291
135222725955164 10660740
135222940517277 14186637
135223154482592 13638100
135223368377644 13041184
135223577663657 8923658
135224023579732 14900776
135224437158215 12156807
135224738699941 12664624
135225041114544 17275867
135225323073010 13788107
135225532867831 9111877
135225742837211 9524062
135226026192514 11202671
135226324928343 12047399
135226535773926 10464436
135226813971965 47145076
135227111053506 7624453
135227324488222 11887573
135227541948501 17027813
135227800457331 28806964
135228112596682 9258648
135228500931710 97536449
135228711071789 9737210
135229037890549 15299577
135229257014097 18667487
135229473455770 8668348
135229685440201 11549277
135229926047447 10725542
135230134033037 7729699
135230353935413 14558288
135230605478158 16618270
135230817566304 11710905
135231119990252 10124532
135231335005218 14582119
135231619613672 14343291
135231831326227 11329457
135232041552995 9853298
135232251229168 9195368
135232461732800 10125916
135232724998407 19808908
135232938044338 12270642
135233229089309 10030835
135233712176380 81418960
135233926078061 12747638
135234323116869 9829565
135234541084423 17749619
135234819726060 11431460
135235028527699 8361667
135235319922428 15459193
135235619002613 12894494
135235834487942 13481811
135236109050022 44423856
135236324601803 11184165
135236535057852 9728262
135236820817641 15499191
135237128168240 8470589
135237412139242 52362741
135237623757962 11399688
135237835310647 10952838
135238044469849 8624453
135238336110771 9987414
135238545134348 8632255
135238754843917 9246411
135239130019167 8648926
135239422103453 11198247
135239731735770 10111208
135240037021850 12054125
135240256477968 13516873
135240517502200 12265339
135240733864250 15905411
135240942813070 8475479
135241214449327 11716691
135241518548793 10824575
135241729157758 10049559
135242017044528 9566062
135242425558777 15416926
135242727397822 15299157
135243021758467 87389671
135243236582580 14178727
135243531958303 10976437
135243813188819 12261684
135244027922388 14350716
135244329235448 7976548
135244542549221 12897219
135244833344226 13392692
135245047496747 13723024
135245257760240 9821943
135245517644812 12469638
135245921549199 20092164
135246329511783 18741318
135246549109034 19159307
135246762813376 13347670
135247015267202 15114926
135247234274761 18632857
135247453197810 8225316
135247827083684 12257084
135248126959852 12442969
135248341606575 14209739
135248554079849 11794055
135248926784825 13697388
135249227914786 95242242
135249613101046 9871262
135249825096708 10768082
135250033866332 8270240
135250313124736 48159459
135250525168588 9180736
135250739972454 14330270
135251016145216 15809223
135251316753577 14330287
135251601908360 76583007
135251915993986 83207690
135252219736764 11757425
135252528397382 15664008
135252821930296 15077517
135253101118366 72427077
135253530185872 101347319
135253740056642 9363271
135253949812333 9393701
135254158821164 8635702
135254532519940 10001804
135254741941314 8897901
135255113890646 8245637
135255425099463 21278369
135255642652020 17314513
135255853264924 10278193
135256233898450 9830252
135256454426693 15058065
135256912131755 83076054
135257131132752 17795957
135257506002244 72301775
135257723044613 15712605
135258128836444 27320603
135258411864425 10031903
135258628141448 14823262
135258840888416 12544397
135259052115393 10794765
135259263765022 11401313
135259722564357 10375034
135260001274205 73290514
135260219123297 9934306
135260615897181 13818992
135260827125698 10614258
135261042101112 14530465
135261251195977 8260556
135261460743013 9070913
135261722907551 12694565
135262010397469 73891845
135262324893388 9450125
135262533559738 8259697
135262742074411 7753379
135263031300168 13591036
135263241074393 9319862
135263450672001 8885705
135263663869462 12672327
135264024058356 10734406
135264336875054 13562428
135264716910979 10545978
135264929088702 11771765
135265433386824 12738108
135265641554989 7804336
135265911315863 38288364
135266306210285 100801366
135266531804892 19466677
135266742150253 9814337
135266951548781 9019728
135267221089851 16606599
135267430070595 8591151
135267710102305 48992098
135267926647915 16292555
135268300893621 80605649
135268609684153 8616401
135268930465975 13817917
135269142136187 9804111
135269352020373 9370208
135269828994445 12734579
135270124819183 13889325
135270427694926 10899188
135270824274970 20927199
135271113642761 12332352
135271329584879 15529649
135271539366730 9368389
135271822661434 14071806
135272031746107 8725988
135272314379679 11966300
135272523502792 8782843
135272813530715 8778371
135273109590054 9162412
135273412193706 11094088
135273719135635 11144567
135274123754731 9922672
135274427974135 10301920
135274642836891 12508101
135274916437807 12470251
135275315328577 12524770
135275820677559 13531836
135276213637679 11988688
135276432188067 17862901
135276648036316 9148586
135276912880314 32987228
135277300821834 81553596
135277518048054 9347322
135277818154289 12259875
135278113542218 10581567
135278505732950 83630212
135278722617875 16338945
135278941078845 17646677
135279235436112 21923614
135279516094309 10389274
135279800997039 79546198
135280020201933 17455122
135280238223941 11891333
135280449343676 10704650
135280659490211 9144064
135280870937475 11016370
135281080583507 9069548
135281290582110 9440720
135281539712938 15178490
135282001020094 90210691
135282322597956 8727890
135282533821806 10676715
135282742348570 8131012
135282951857861 8940288
135283232902816 10229514
135283617968836 14647908
135283933203988 10104243
135284141731725 8161114
135284534442472 9977740
135284747324499 12530889
135285133453046 9147454
135285500967719 100763433
135285718142246 14782525
135286018109103 8447293
135286321855593 11804337
135286539336755 17128878
135286814108518 12111042
135287026093772 10749970
135287238671750 8863890
135287448766024 9142937
135287657729226 8166681
135287906332102 43067393
135288119494178 10112010
135288329214308 9133642
135288537887456 8305726
135288746083791 7988052
135288954469908 7835056
135289234181359 8872910
135289516572390 10866920
135289811099347 9111214
135290126582577 10490896
135290336099583 9124085
135290545745669 9049825
135290822186789 21964322
135291211944311 85715398
135291429044283 16715579
135291820556418 12749965
135292313138626 11418258
135292523026676 9491986
135292734442074 10129528
135293011188351 9212440
135293222073252 8632671
135293534074670 13676860
135293822084973 10648910
135294112102497 8092842
135294413601961 70726322
135294904058588 89992420
135295305924447 87536847
135295514721840 8412560
135295726891908 10461319
135295939107250 11771593
135296242024081 15085368
135296455052020 10686418
135296733530589 14171231
135296946496295 12470646
135297215063527 11186970
135297705732523 87711221
135298215868180 104898392
135298519654919 10070338
135298829119729 10128920
135299039171625 9675062
135299313038027 9660422
135299624078524 9107569
135299833597272 9259545
135300045224439 11099580
135300318112193 11300532
135300530085362 10759245
135300739845620 9470371
135301029870023 10785940
135301343861622 14461650
135301560320924 16164430
135301769060957 8382099
135302033891516 13254021
135302423804038 12472125
135302633452035 9499930
135303019296127 8911676
135303504175126 90053249
135303713937015 8596581
135303925196538 10784604
135304329080029 16440058
135304735027666 9959683
135304944884302 9248994
135305200943513 50539860
135305527093819 10661000
135305736776711 9184290
135305944429316 7255322
135306213486084 10755134
135306425881380 11721176
135307016114229 12414119
135307233218087 11730584
135307445852230 11518960
135307663082551 16864258
135307903526151 9765296
135308312613272 82324021
135308720874995 8839407
135308931571375 10346012
135309229111873 10020120
135309516896405 13481911
135309923757158 10586906
135310137139976 12294208
135310421348856 17524261
135310633738569 11408862
135311015943490 11432135
135311324185784 10371089
135311736961874 9985051
135312136659250 8759223
135312430934875 8319737
135312729110108 11780433
135312940533165 11029695
135313214522155 12898420
135313427327536 12007665
135313721903422 10197112
135313933756487 11264840
135314145426162 11129414
135314618151897 14047187
135314922812890 9434777
135315213781655 10847531
135315425801349 11223946
135315815576621 9617014
135316026794369 10691587
135316237932547 10784071
135316717443513 13743300
135317012653932 10209386
135317313086562 10449106
135317525769919 12319804
135317736086277 9954051
135317948169344 11784687
135318157341734 9007483
135318367679988 9981116
135318614895301 11401174
135318827096935 10770298
135319037822113 9498355
135319314114072 10249117
135319524939824 10342431
135319734021583 8579410
135320014011233 11231079
135320232582362 13271336
135320449097123 16139124
135320715526635 8860732
135320928564319 12224685
135321139025166 9690103
135321348492943 9140662
135321558308074 9194415
135321768672294 9523686
135322014534390 11311385
135322318548231 14480308
135322528089586 9165467
135322814081771 10815590
135323026751752 12316700
135323329543674 12956921
135323541456500 11518922
135323751206234 9288486
135324123941758 14571144
135324418634062 12914560
135324627874239 8724364
135324837672034 9410798
135325213960274 83942461
135325436343208 9829578
135325733991507 11076511
135325942845450 8479141
135326155567537 12227677
135326413259584 9906823
135326923906252 23613287
135327138907951 14632093
135327357724292 7791880
135327566741460 8656517
135327920985801 10789710
135328131978909 10594237
135328340369621 8031527
135328550621219 9753255
135328841820714 14748242
135329109077301 35772720
135329320917116 11296061
135329618481959 12479905
135329920751370 10627158
135330300753477 80812172
135330639081986 12242179
135331015089825 9305484
135331226385142 10171194
135331436731661 9896484
135331655687543 12670842
135331920441186 15113031
135332130688186 9788926
135332349173517 18044833
135332616837047 26666321
135333019998490 13349121
135333324850540 14510965
135333616458268 13109287
135333845544132 14372867
135334119417865 7924503
135334328849936 9021054
135334540130327 10795827
135334750410575 9276975
135334960343097 9484315
135335216666274 11906950
135335428652999 11557234
135335823444676 11855705
135336221162321 8065033
135336720702058 14239680
135337025223432 10606165
135337237031542 10684609
135337638353194 12139736
135337853643377 9715314
135338120992694 14510097
135338337518496 15817171
135338633153363 16163018
135338918947749 13190251
135339227755091 13969928
135339519870308 13247864
135339815145977 10140535
135340212616794 9100389
135340424402105 11112498
135340839695712 12504849
135341049355490 9238081
135341322041999 16312393
135341531091044 8689505
135341740532703 9197210
135342221180288 11182733
135342432106891 10039244
135342731916182 9909257
135343021142028 10997764
135343236413719 14673447
135343601089205 84071705
135343937036489 12604143
135344145608017 8296769
135344355813861 9814532
135344828334231 9829150
135345040090158 11380078
