135731714679520 103238939
135732036711341 7654029
135732523991589 9879456
135732806823502 6428235
135733019134139 9788782
135733336526512 6656376
135733612641499 45275929
135733826116575 11788102
135734034493098 7888001
135734248320852 7515838
135734611665898 6613628
135734933958799 5643025
135735141224824 6384627
135735350332751 7995720
135735556350315 5646012
135736026912246 8819474
135736423099612 17603036
135736653098376 22776606
135736902103285 41778037
135737136201252 19821471
135737620469287 13503954
135737836215769 14813945
135738124788342 8805818
135738333972386 8776984
135738545950260 11538865
135738818404593 13072758
135739227365235 14634717
135739437819163 9497687
135739652110181 13554691
135739918157861 16619216
135740139090656 19761530
135740357099529 17761078
135740730008970 20143610
135740942904220 12492440
135741230298573 13456369
135741441904780 11244551
135741656813323 14513474
135741877283102 14564911
135742092577587 9714424
135742302261702 9214259
135742523730740 15924283
135743115992810 85783495
135743345077061 21271800
135743554110415 8519496
135743763191383 8572072
135743974030941 10331626
135744183499691 9001011
135744405061564 15890956
135744625550363 18492454
135744909931758 51697806
135745125649031 15348147
135745420133255 9075300
135745635049897 14527499
135745912766330 10858936
135746122086165 8757979
135746335267898 12926013
135746604186926 63401124
135746824127093 17788534
135747117334311 13958755
135747326642652 8283750
135747601022403 66671291
135747932452894 11818019
135748143109409 10163371
135748425081056 13512485
135748738486053 14992273
135749013592155 13219112
135749330346760 13610437
135749601048777 65246224
135749924960858 20942906
135750146762081 16246130
135750701184661 79720949
135751101056496 81617992
135751332137401 17470544
135751627110079 10407490
135752038425987 10575843
135752248426715 9545896
135752548454633 10616751
135752911164809 76142671
135753125565753 10886788
135753418217249 14152405
135753724180243 75170815
135754135098902 12905739
135754349053739 13573562
135754559992781 10676175
135754820791686 16613423
135755139013760 15709841
135755349579249 10239164
135755607149088 27151101
135755818162848 10776576
135756228128236 100272715
135756440594614 11260383
135756719342534 15254340
135756931944790 11613909
135757241915365 13274855
135757512580956 39598446
135757828061220 23942070
135758221056117 9990196
135758502778233 74435811
135758815103031 10360820
135759119897723 9306596
135759335731060 14358934
135759546064454 9737108
135759818202605 15722661
135760031298718 10959091
135760423523164 14887600
135760635816504 11894878
135760848145054 11938563
135761118703174 11650551
135761622659396 13014791
135761919232956 10842514
135762132891971 13249164
135762342865574 8549678
135762555329811 11986031
135763018089329 11064657
135763308174546 58949377
135763522495975 13344410
135763910104036 9979524
135764301108412 83296582
135764523888254 11200621
135764818113705 10518825
135765030919037 12413374
135765255778255 15437003
135765465688889 9357587
135765717988660 14025090
135765935119857 16725037
135766236878148 17328075
135766528845766 10165690
135766826142327 11634336
135767120131216 14859907
135767334692733 14138982
135767709590627 79254941
135767932507914 22543170
135768405816282 96261583
135768628589155 17374538
135768919291424 14967528
135769130391497 10692822
135769519074915 18429880
135769729084563 9706778
135770030166200 10566550
135770315122256 14541841
135770821805092 10117698
135771120062700 15406541
135771429817881 8440158
135771724182496 18115178
135772038528332 13165119
135772250854214 10524292
135772464421797 13187376
135772851625219 13805216
135773121937722 21754999
135773409120590 55208405
135773943163312 21994691
135774223067246 9519731
135774442575549 16440950
135774651509279 8558731
135774860948708 9072060
135775073868612 12505082
135775325668330 10604637
135775538892683 12836403
135775834923948 13090071
135776044053225 8738053
135776329051390 8718483
135776820838321 16089844
135777030824665 9548265
135777239395431 8161567
135777461898360 15571823
135777721930427 14320510
135777939185077 14613991
135778236048091 26522974
135778445071370 8644192
135778654123260 8792210
135778864195508 8866791
135779126316822 13859919
135779422923652 22658780
135779733115774 11933382
135779942893203 9509719
135780524154561 18516687
135780925485783 16668510
135781313528689 11047701
135781622145583 7908431
135781835104280 12425795
135782048490644 13148038
135782257876856 8857740
135782470553525 12189739
135782714422272 10720860
135783037620700 10393481
135783328666418 84347931
135783609656436 8152447
135783926924000 12999414
135784401213401 75909217
135784611887241 10088778
135784825001523 12706332
135785047238014 16049511
135785432750099 104336144
135785722990360 14317321
135785934283142 10815852
135786228618098 27483138
135786526420885 18826573
135786814388707 14201955
135787025378802 10620334
135787401037002 76559087
135787818121214 13379543
135788235174319 17657443
135788444373947 9019087
135788916181064 11963873
135789127610644 10976959
135789431396743 14708843
135789745145842 9529625
135789955222913 9703055
135790166115068 9797950
135790612896113 11035639
135790830102408 16821581
135791217228695 15434344
135791429099864 10311173
135791740233447 13384225
135792124560235 11951510
135792429721904 9899319
135792728107066 12306795
135793122974896 17237527
135793333989088 9645260
135793625092036 14341155
135793834925052 9324354
135794119658436 79283733
135794332086291 11754950
135794726806031 13747177
135794938045169 10715784
135795147263779 8808485
135795623925690 12896327
135795838905507 14558125
135796047943422 8663335
135796338561421 11539743
135796548861513 9906522
135796760034080 10317995
135797016138067 12885457
135797429066579 15307578
135797726388844 14256895
135797937794697 10477330
135798223369196 9321403
135798437973453 14242258
135798645897770 7561018
135798855537282 8760322
135799213123963 84814764
135799430134213 15802396
135799641151174 9821797
135799855536535 11204482
135800065502831 9432500
135800275827133 9487830
135800541194327 14015473
135800836900389 12938173
135801126573226 14883793
135801514917436 12876517
135801738893401 18541986
135802011916647 42422146
135802221353286 8994566
135802432799212 10937821
135802716523311 12878594
135802929068959 11742963
135803139161174 9452228
135803425089879 17290318
135803821087228 14888156
135804134180944 15166588
135804344148032 9485620
135804560193908 15848056
135804803616784 13644841
135805134531582 11134643
135805637705015 15977541
135805848342139 10017977
135806113317409 13116398
135806337891789 21552497
135806547787089 9493943
135806819141361 14662767
135807036403103 8775400
135807323108553 14992102
135807537647004 14299861
135807747795879 9453274
135807957987255 9477792
135808428870524 15870068
135808701379732 67095007
135809228552919 28242784
135809444729309 15644578
135809722311208 16168748
135809932865322 9144578
135810142427301 8799222
135810356436490 13103331
135810567408442 10412019
135810777085011 9116809
135811020201497 11057263
135811325152496 15165482
135811536033297 10729577
135811748470272 11919603
135812033227686 15668043
135812243536498 9753094
135812522183682 15171810
135812822028691 16870264
135813042175289 14607942
135813401268479 80472658
135813617134166 13791060
135813909874050 60171611
135814306185531 78415940
135814615734760 10821951
135815115785640 15567347
135815328115358 11780570
135815540163017 11810644
135815919524726 8684345
135816323223913 8693739
135816819405945 12614895
135817216814142 13244843
135817709814872 91982527
135818218082494 91557511
135818430223327 11472830
135818641814458 10633585
135818925144400 13930755
135819331140281 19654982
135819736763642 36335335
135820215514948 13473637
135820429737746 13404290
135820653572059 18411988
135820867767391 13393828
135821080728912 12396424
135821309929132 9718694
135821705269797 87334970
135822038767931 25868157
135822260791822 16451508
135822535913391 14096332
135822748086761 11742991
135823120735036 15397615
135823529122255 18693913
135823819967830 16637062
135824213042557 11934856
135824535757099 10972270
135824934707642 13315509
135825238129892 13199392
135825612559691 10279956
135825937109987 14920055
135826234268588 14242973
135826444196719 9528224
135826655566126 10912647
135826869807831 13482552
135827338843713 16249629
135827615660784 15382083
135828101065478 74579367
135828316152640 12820794
135828632073496 16881367
135828847010722 14666564
135829061326982 13211191
135829272666146 10938926
135829490120871 16780573
135829717726249 21979803
135829933041396 12427564
135830219415805 10435893
135830639807075 11585498
135830850695608 10364930
135831062144378 10906541
135831277615185 14973259
135831526488113 12876064
135831825112579 16289946
135832123552915 16743579
135832336611012 12543532
135832724785625 17281959
135832938655782 13196178
135833332587108 12778212
135833621725415 16806714
135833839478542 17316582
135834101016127 56075684
135834325835046 18487799
135834536138592 9926904
135835027754983 15663244
135835517564080 10920007
135835900733510 73180990
135836248984215 16763737
135836519045742 13237051
135836735000560 14678992
135837032966172 10043129
135837313121012 12230561
135837523091528 9735497
135837733421693 9982679
135837948797622 14425472
135838161861615 10491049
135838372381316 10027795
135838825135483 12935089
135839132100572 9630993
135839517185222 88403959
135839731100186 13481000
135839942379960 10814679
135840222586164 22379419
135840432334371 9349914
135840801109113 79363180
135841111595973 9521241
135841501236683 74652451
135841836381064 10114143
135842116129209 15774042
135842430419772 20715182
135842738122878 13556716
135842953336135 14225784
135843201113292 42228702
135843418136581 16628421
135843800838305 87566012
135844133779372 15011844
135844401135883 62094788
135844805956254 81537951
135845021536304 15176395
135845233599010 11245447
135845520912562 56776866
135846001071160 86177323
135846219155693 16713916
135846622216748 13701857
135846835205721 12582051
135847300839499 94129688
135847702266762 84223474
135847916270902 11836394
135848127437339 10840771
135848338149215 9813390
135848619136211 18942342
135848924635738 10470515
135849233119229 11542640
135849529970032 14152724
135849740169341 9676354
135849950328488 9652358
135850162886700 12106875
135850408776882 8162112
135850713382065 73920602
135851139982211 14083149
135851400433260 55067894
135851814608383 11271140
135852031620546 16392314
135852257335796 25341499
135852469080872 10596021
135852680368261 10926174
135853037374807 12861611
135853247665996 9466676
135853712696471 85129003
135854000911106 82520988
135854330118196 8986382
135854540094121 9499385
135854800920831 55428918
135855123504635 10560552
135855632155553 13829021
135855847711279 15361683
135856060039412 11870539
135856270415650 10014447
135856813326031 11414948
135857028093454 14370928
135857322137412 11630572
135857533371490 11035571
135857824770255 10121459
135858231165161 13794172
135858513315633 9451239
135858801309562 57941212
135859021624864 19847423
135859315891058 10186861
135859627118261 10777916
135859915165241 81754617
135860225519878 23015049
135860525117683 17596543
135860739014825 13370905
135860959152876 19523247
135861213503153 23612490
135861424142324 9809794
135861634720183 10362780
135861844318563 8750288
135862201008751 81387423
135862517035114 16679145
135862741348979 23850348
135863043085393 9720446
135863253774244 9989367
135863520036265 17615685
135863730589644 10215425
135864001026252 61727425
135864327742310 15821627
135864538089851 8775704
135864748359720 9827593
135864958343660 9638975
135865167650056 8932461
135865377525826 9351927
135865587912255 9819523
135865811033593 17366180
135866304322788 85027313
135866521437366 13695886
135866733150138 11249502
135867222174267 12365366
135867433328857 10766884
135867656377362 16039094
135867909563521 23243027
135868215672034 74598615
135868613151775 67166166
135868830231423 16680526
135869040644166 10037000
135869253970468 12938393
135869467640315 12989861
135869680824653 12651520
135869936134521 11292263
135870329626081 14487061
135870544616409 14272806
135870801176631 49854247
135871217201163 12252568
135871528185601 16757301
135872031301067 15244632
135872250102284 17770361
135872540679624 13533714
135872827062781 15639070
135873115962525 57266705
135873327142449 10788011
135873540117461 11788492
135873800886050 55140521
135874304900733 86891931
135874529082136 23757442
135874832568929 9350866
135875122001865 11208343
135875446058171 18489324
135875923141704 11672676
135876136826696 10479195
135876523094250 15476904
135876736101590 12605298
135877039071651 12439703
135877324859128 15531208
135877614178420 9265772
135877825174686 10129635
135878041352186 14012100
135878252805900 10446259
135878512451326 8998137
135878834898743 9344973
135879134782574 9945994
135879343839433 8655178
135879555273638 10949220
135879765563788 9808803
135880012884340 12401106
135880520217513 11691713
135880731664192 10328507
135880945782914 13307720
135881155790217 9464251
135881611998867 82516903
135881830506007 17176535
135882120068853 13569304
135882511338437 71767163
135882906393375 85683715
135883223275450 12879563
135883435536998 11917822
135883716485679 12321926
135884031231119 10662466
135884334024622 10124518
135884544893056 10493114
135884834427615 12727613
135885045217619 9876871
135885258393478 11971788
135885472892299 13812806
135885720801867 15023596
135885934663268 13449397
135886331056113 20917142
135886541901203 9501664
135886751779743 9489268
135887021276225 13602427
135887333430523 11511406
135887735569515 18405069
135887950838620 14411665
135888222272990 12985824
135888437204341 13874312
135888654230473 11121890
135888921160985 15871913
135889214710563 11547979
135889525987291 19216487
135889827108864 12075611
135890037819876 8933100
135890251147939 12593278
135890464323451 12690308
135890726176182 16312630
135890943807482 16491194
135891220173019 16834928
135891434465749 13118996
135891720904476 20626135
135892131610988 11610960
135892352202763 14723241
135892612902718 11246536
135893105980698 99964796
135893516082848 11075716
135893729831572 12509273
135894017767349 9965985
135894231059367 12857015
135894442068356 9740354
135894653570709 11031077
135894916963886 11500725
135895126980215 9381311
135895522922049 12479814
135895821136785 10196074
135896034094362 10753831
135896417672924 14222268
135896638348793 14956523
135896850147996 10815530
135897120960252 15513099
135897439089086 15191063
135897650178666 10782936
135897859471572 9092308
135898068779664 8883184
135898301201650 26832614
135898518369529 16760115
135898918064181 89155269
135899132560993 14212506
135899517874347 10087902
135899730646581 12318715
135900028553821 14820792
135900400995494 80554814
135900718931195 12848368
135901118029979 10694433
135901435619581 12212348
135901829542713 19382574
135902042103029 11769843
135902324306427 10208058
135902532998838 8347253
135902743972007 9490453
135902954925050 9953109
135903174847258 14484724
135903418903055 15339065
135903629695031 9349632
135904127757229 9640289
135904414810002 9859778
135904626100997 10927195
135904836963098 10416258
135905100878036 58342376
135905325132223 21647474
135905625193091 9061724
135905919469254 9851916
135906130638583 10275786
135906505891014 78570583
135906822188936 12300683
135907041052862 12716967
135907259109531 16770055
135907521916148 10735004
135907814265512 10870678
135908220185590 99958297
135908429771095 9191328
135908645712841 15372663
135909006309013 78596557
135909333763702 13650502
135909545911728 11732766
135909756186602 9835036
135910115838834 15390054
135910442911108 13991644
135910658616275 11941893
135911025173213 10793958
135911416200428 9738107
135911629081816 11808312
135911915903903 14895254
135912218189987 12017642
135912618177620 12532049
135912835986891 16653565
135913058558332 11220638
135913268196674 9290511
135913508126064 10127294
135913721118394 11787796
135913930436067 8802100
135914141888991 10548550
135914352225322 9886175
135914609117830 26668654
135915021143069 86037449
135915314210987 13721525
135915630210272 16923256
135915845232052 14535321
135916113148035 26772445
135916330725293 17383321
135916630074142 9195759
135916915075763 9857387
135917315981899 89114658
135917616962777 12597395
135917934238586 13622519
135918144191107 9571568
135918400896547 50930202
135918623771467 11062121
135918835782114 11150667
135919238519209 36451441
135919456069042 11109738
135919751320354 14400088
135920023812938 13883694
135920235136571 10819513
135920447589597 12074552
135920658088232 10154400
135920911157940 10989367
135921129020901 13531739
135921352211402 14882288
135921608154258 25031751
135921835131793 21249095
135922055085715 18740478
135922334621888 12697242
135922550105187 14765274
135922760160386 9657357
135923021274693 13373760
135923236364504 14052048
135923449121118 11784175
135923832150967 10486068
135924119927314 14561605
135924332267421 11975465
135924837358632 8939265
135925342931482 15417083
135925552745237 9396086
135926024334151 13320758
135926233758021 9031138
135926614081613 83067513
135926823918917 9008065
135927114995035 10202153
135927429938484 10825552
135927719050924 9686090
135928018934871 13264127
135928234045778 12984943
135928445590810 11122302
135928713391770 9820186
135928925120100 11372589
135929141313372 15966789
135929359595504 17255975
135929615130852 54910257
135929826266534 10626330
135930225090604 95111634
135930600927844 76555877
135931106228224 87052143
135931319869051 13244496
135931901225313 82940931
135932236903450 10310025
135932511181814 68856859
135933023131634 22941024
135933420101446 16739492
135933715176503 10290127
135933926397688 10070426
135934138067723 9848064
135934414222333 11296084
135934629129769 14040290
135934915078872 11518001
135935225197301 16047344
135935714582864 11954258
135935925870148 10646903
135936216870465 13734607
135936431030531 13768707
135936825999780 16973137
135937043959362 17590299
135937255129548 10799919
135937465692386 9831624
135937713707803 12202217
135938036996782 12903758
135938257724782 15163636
135938467566991 9450005
135938678265186 10343736
135939031642558 10329372
135939323858083 23635808
135939533104491 8783637
135939919121557 15423165
135940141487613 21938221
135940358019842 10692058
135940568521565 10089554
135940815068649 11149363
135941137175338 12964199
135941361412973 23061692
135941571701848 9361297
135941781484944 9285345
135942217594321 13188295
135942632960265 12787359
135942843549525 9857131
135943053650428 9728554
135943263123392 9071468
135943510942401 10719675
135943822531282 11414066
135944032774576 9766348
135944241938776 8773046
135944450914802 8360672
135945020175021 89949567
135945350395580 9860628
135945561578641 10771845
135945772064344 10123366
135946219857428 10084604
135946433066130 10737050
135946918377784 12331197
135947129069209 10332504
135947340451013 11073717
135947720177170 18892869
135948035275713 11286300
135948244938327 9238621
135948501004131 53930645
135948830793592 14839276
135949040869707 9567912
135949311193957 66788057
135949535380657 23756614
135949916052987 71446916
135950517933569 14371768
135950819694068 9514003
135951031006488 10702313
135951241156995 9410800
135951454460434 12814293
135951666341352 11017467
135951877155338 10231600
135952142612136 8770230
135952507744829 77894620
135952724603179 16423290
135953106027359 90576948
135953531046342 19624548
135953816398161 12049123
135954029268679 12416163
135954239652304 9729316
135954450742178 10397518
135954926659794 14381030
135955138938659 9607658
135955349027566 9367300
135955558748144 9219679
135956000575197 71311677
135956218128586 11791679
135956427524202 8220168
135956641080454 12754674
135957022118789 12358928
135957235124924 12454450
135957533320150 13702221
135957812607340 12240560
135958200784996 157194709
135958603589267 85195125
135958824661880 15355544
135959035862198 9536498
135959333385578 11254026
135959619118886 13469468
135960109137904 72041370
135960323875028 14152076
135960616183157 60989132
135960828304115 10978755
135961132953806 17048254
135961426767090 24430672
135961828654784 23711744
135962127976814 10958999
135962339822654 11461571
135962553085696 12820998
135962813139192 29158022
135963211974473 10740204
135963429517408 17046215
135963815769568 87004662
135964028946379 12766742
135964342044953 13728421
135964551918964 9565628
135964949643773 11685929
135965221983041 12492439
135965436489965 13787803
135965901068895 171074165
135966226840026 19508244
135966613134256 10802687
135966840273398 21590540
135967134220738 11524464
135967343548935 8938955
135967556815668 10499319
135968021318222 12517944
135968516757723 11928613
135968820224398 9245603
135969218826176 73473480
135969432915917 13584306
135969642284212 8964801
135969851318814 8660063
135970061892024 9555786
135970314280038 14090221
135970526043694 11421092
135970834391332 14921067
135971139502883 11828150
135971416906415 16361583
135971628777714 11473094
135972001035281 74053229
135972325227848 12091131
135972719762923 11308676
135972931075391 9711369
135973301194332 79265636
135973515455092 13826695
135973832632693 18475217
135974132406678 16183116
135974400680258 38460826
135974712945227 9921290
135974924817863 10474223
135975337166427 14298837
135975734895469 20099507
135976227221659 13412182
135976650573281 12069476
135976923150369 13993986
135977313229154 83675805
135977801146201 91577144
135978010946143 9593125
135978315860136 13793956
135978530813606 14560262
135978826126690 13332478
135979036189812 9679659
135979316934401 12697223
135979601024605 76679653
135979812609118 9904190
135980127894024 15926717
135980359944847 31361697
135980621677781 21300123
135980841131779 18788353
135981201093027 73857818
135981527108675 18775452
135981743867013 15858100
135982019163440 11436289
135982325172411 12947827
135982540644806 15049697
135982750563465 9416979
135983010489234 10183943
135983232153559 19255723
135983445790104 12798279
135983660640739 14272091
135983924042950 19307325
135984137197245 12827762
135984406106287 63483525
135984617118862 9886917
135984941184975 14293870
135985201082305 29575187
135985429942513 26671655
135985825727385 22709004
135986040823867 14736244
135986334289290 11643785
135986639163329 9358509
135986911110048 10303316
135987314082033 11262261
135987528445730 14107936
135987830533289 11655556
135988041021295 10117427
135988401084830 91398252
135988627972614 12810655
135988843336643 14031947
135989301147933 78466691
135989627204574 10016556
135989914629610 9271143
135990238124183 12959405
135990450418424 11960091
135990725124446 21725548
135991029613141 10727037
135991408316685 76330485
135991710944518 9404624
135992033900376 10041347
135992334120873 8037245
135992621104539 86496586
135992901189468 73820276
135993125078467 15726310
135993335001163 9034925
135993630137976 12946594
135993849067660 18531328
135994059741610 10106699
135994269933334 9701006
135994482149226 11678086
135994801086177 69930885
135995021092141 17981186
135995316936703 12197597
135995545183661 22687391
135996001052884 173273527
135996215161523 12785725
135996515017929 8841924
135996741151840 20491795
135996951761388 10232589
135997415132849 12158251
135997816181132 11088462
135998026921462 10001192
135998317132104 12154877
135998529435594 11344496
135998742106285 12244979
135999022007622 13714133
135999235232410 11812920
135999509848355 42648946
135999901043503 89769748
136000224053308 10314458
136000433641882 9296432
136000741181465 18900768
136000955104346 12761690
136001213290030 9144114
136001520345566 10477981
136001916517197 11466468
136002129576675 12684402
136002424098280 10638132
136002827822844 12656150
136003111461144 8881841
136003439093559 14434540
136003652836694 11288313
136003928646721 11648929
136004329095984 12317114
136004627655877 13514504
136004838131838 9806750
136005047674075 9156736
136005320426028 12361356
136005636129466 16219445
136006002025651 84865041
136006415421540 12824421
136006623346805 7550206
136006833204609 9498986
136007042767183 8642962
136007336328224 10326265
136007545131896 8439577
136007850103192 10583515
136008240886336 13704760
136008514532343 10598916
136008925852402 10106979
136009138746007 12118553
136009431524692 10194158
136009646121004 9012729
136010013972792 70755779
136010319096607 9058235
136010620994124 12212498
136010834426819 12095054
136011111355170 46437043
136011326364014 14641032
136011701051075 73544110
136012039273431 13677741
136012401081500 73746600
136012614098209 12630165
136012827195572 12827384
136013129916491 17691084
136013515882697 8436925
136013932932933 15451980
136014151278134 17911543
136014371197346 9115041
136014630110796 10843672
136014840632960 10278050
136015049672052 8496725
136015324688663 19936340
136015640049909 11821169
136015930113211 14209091
136016220067454 14370318
136016614237733 86008966
136017017079124 13284944
136017231434908 14097647
136017737966937 14071999
136018013238098 11439199
136018321978802 11431308
136018628118076 10564848
136018843413496 11604782
136019054070888 8989779
136019331126421 14530034
136019612313595 11618547
136019941335806 12858366
136020417161012 15089987
136020900869396 80974119
136021123174080 14832469
136021338167540 12967555
136021551902401 12583868
136021771606796 13729443
136022229496712 29131994
136022441447767 9471276
136022656953171 9305553
136022919555628 19381082
136023229210194 9786504
136023439021960 8682667
136023720323281 9399889
136024022927420 12767285
136024331611718 29257239
136024543663647 11710189
136024758438579 13111698
136024983079169 24271282
136025193190286 9725566
136025421132259 20933983
136025641785731 20386727
136026022135629 15937374
136026233122927 10584605
136026614131974 12514381
136026826950898 12158304
136027041856775 14507164
136027339326238 11554816
136027635141733 13520603
136027845390418 10047314
136028054703087 8716284
136028320173994 12392809
136028538345234 14548302
136028753122944 12761327
136028964817554 10441738
136029177111718 11754116
136029426535021 16549982
136029641095450 13744839
136029917952527 17725161
136030413735685 80917006
136030629581994 15308327
136031016564534 13562206
136031227833370 10823957
136031438027365 9682932
136031920171498 11935827
136032201296841 75458130
