142308617328568 44916904
142308838149636 16736074
142309317062765 47585226
142309539076577 10988408
142310154977026 17959387
142310577092850 18054766
142310825110377 21780201
142311406430338 54973661
142311640105978 32771942
142311856461918 15123844
142312077102828 20009247
142312321600239 35258182
142312536076555 11739699
142312807153007 67019198
142313403190961 68738977
142314025127959 60782643
142314247067064 17135979
142314641049041 18062234
142314961908584 24837126
142315441956808 22055914
142315852225135 107215994
142316068110251 13768329
142316358351641 16453059
142316577102223 17740204
142317040131888 17684890
142317530510326 13181538
142317957139358 127701732
142318172668615 14313995
142318448560466 22078440
142318659123823 10180057
142319244106867 28586208
142319481020763 14385145
142319704306026 20967692
142320301087780 87210708
142320737095629 17619281
142321033173030 32715646
142321245062049 11727759
142321486808452 37441205
142321710104092 17565110
142321938515221 22145119
142322163705256 24128016
142322379353282 14007735
142322758068561 22233183
142323019889781 19678411
142323438076534 15206404
142323951304127 17648071
142324401056849 41863645
142324620529350 14187816
142324955114274 11609734
142325556050008 20887747
142326038189580 14486140
142326346127155 18889390
142326559422051 12096455
142326826134562 25950113
142327407106957 84966562
142327624108342 15427241
142328060266521 14928243
142328423069837 19199764
142328639629651 10295993
142329034015446 20033562
142329263179796 28304830
142329485147760 20818110
142329936120086 32203825
142330441320033 24099523
142330927150179 14098571
142331252940743 29760888
142331631831478 19174466
142331852104039 19907668
142332121174298 15548487
142332527086299 21892258
142332935877939 16025478
142333193362672 56003570
142333602143037 60294929
142334109142725 61572925
142334322146230 11809581
142334838093621 30653512
142335054117314 10784256
142335269106144 13774924
142335507469023 27135490
142336053120660 25915221
142336345112578 19638146
142336611854083 58545820
142336845130731 28891482
142337247440984 33113769
142337474898101 19559244
142337728147971 20799634
142337963049956 32747732
142338181083847 14760063
142338449626436 17021748
142338927789308 37356959
142339144912761 15557441
142339359073051 11728395
142339607141703 40761947
142340120166815 79664106
142340463104187 36331782
142340677099214 12755185
142340941098420 30767447
142341172838997 12118346
142341479725684 38943957
142341697152667 16821424
142342118115973 82467834
142342334084993 14856039
142342866287789 119808671
142343347145527 31677366
142343748761800 33701924
142343968099863 17763349
142344245151194 30768104
142344466981419 21390363
142344681469919 14110387
142344920111387 36807480
142345147634963 20296324
142345710663859 61672678
142346200909811 77132618
142346432136821 22775425
142346656354192 20026555
142346871037651 14194386
142347371973874 15354122
142347582661227 10276943
142347814095687 12968415
142348226078254 12866952
142348557581787 18253297
142348772130079 11795246
142348991952390 14260733
142349203410650 11055365
142349646094519 15396227
142349865572791 18881856
142350077668267 11617815
142350292120690 13462735
142350808085345 47976222
142351021525227 12190825
142351509153016 87960180
142351738689819 28346935
142352172995989 16255231
142352390113917 12773334
142352753078956 27174130
142352976903338 16820258
142353188709921 10851685
142353398799691 9533791
142354070098658 25797966
142354300937255 23601542
142354512088148 10778040
142354952376053 18616704
142355563085658 14880198
142355835170786 13491266
142356046107636 9772474
142356362111412 32405118
142356614315351 14117840
142356839090897 23758994
142357232101363 13027508
142357576506191 12725462
142357813104073 29748962
142358049140386 33814970
142358260128042 9623700
142358557053009 18011540
142358832110216 15518017
142359070199743 36867998
142359333267800 14030795
142359634286421 22542258
142360034077043 10214706
142360425123450 17978898
142360850161319 32216218
142361258673088 32611494
142361487176990 28031500
142361717091363 29744465
142362216102004 47555448
142362628079490 83376104
142363240807744 11160433
142363512784480 58344497
142364006119796 77736459
142364466090733 26923463
142364927781790 18619605
142365145138081 14796514
142365366080944 15744605
142365614489235 14286918
142365856106482 39766924
142366070065958 11737014
142366650116419 27228554
142367270129534 57130724
142367500072317 9398610
142367722069624 17153465
142368140107911 20405203
142368357212087 12878036
142368677254555 14310308
142368887277177 9529640
142369109177124 16391059
142369324222707 13470329
142369545220595 20116452
142369757083608 10765812
142370084090593 21054406
142370533006553 16244828
142370804883646 65303590
142371026080883 14750447
142371268663306 40330889
142371491053982 21729158
142371727096998 20753955
142371954111189 23838972
142372174793104 20214519
142372642235000 32755129
142373023724149 95251300
142373383910385 14329055
142373752479482 28710750
142374159355338 31254768
142374376898252 16535642
142374591126528 13782227
142374833033817 21101463
142375149462198 29526939
142375400973135 27078376
142375624785261 21452122
142375847869440 20074977
142376072075822 20679966
142376541289379 38104589
142376758654089 14328793
142377133395188 18690642
142377578933830 16478656
142378042982880 21484166
142378266150083 11814572
142378478131793 11443453
142378693025366 14355990
142379129102173 13708211
142379364707419 22353145
142379778705787 49205267
142380119062342 12318062
142380338049293 17717302
142380560061807 18537859
142380940078641 26657946
142381419163058 61709722
142381653541333 30208759
142381939847017 33497470
142382152108991 11782002
142382546121089 32704170
142382946730669 15634692
142383166545305 18936543
142383689370285 19277446
142383935262886 18923653
142384546389100 19940635
142384831234745 16026104
142385104136836 62810187
142385761176506 40256765
142385979884617 18187671
142386235065354 27663822
142386566867648 18342067
142386816398587 16216042
142387040080439 22702981
142387250939062 10600995
142387823109987 28162578
142388068132831 29187152
142388286109161 17765846
142388614995362 12289009
142388843096986 19230259
142389439115050 20431296
142389859069293 28927144
142390076609503 15276551
142390292883021 15548520
142390815087139 59091437
142391043167381 18851365
142391274073564 29740003
142391519025765 37671716
142391916467633 62435086
142392160144022 26807329
142392420116773 11781158
142392639267289 18923584
142393018119012 13315207
142393515089504 64153706
142394075218155 36991220
142394286800267 10594864
142394689153075 37741295
142395060171310 24307720
142395551181332 30890713
142395783344708 10940564
142395993131531 9446852
142396210155188 16660126
142396430092345 17758517
142396648819355 14476244
142396867788299 17262259
142397078065570 9653822
142397291748161 12414198
142397834009274 21892150
142398166099783 16292197
142398425039344 21689846
142398782133533 11660455
142399022221810 28860712
142399435119393 19553215
142399654195774 14887825
142399867349656 12641843
142400369074004 27517302
142400646104106 17384771
142400865981737 16169423
142401306403331 42327928
142401806926441 41322635
142402237094973 17652786
142402532067516 28316057
142402815170254 12184957
142403232186806 13919427
142403700910364 67222206
142403933880386 28821911
142404515075300 29464367
142404801307552 81708972
142405019130085 15783789
142405507182540 60254274
142405718078751 9750015
142405937807741 19195725
142406264130213 26579816
142406501041191 31648457
142407134899267 30521345
142407353114985 16765674
142407577140222 21800576
142407808505391 30742561
142408044272843 33957309
142408267354337 20012084
142408775090081 14263166
142409136312392 16229712
142409515100264 11155133
142410033494602 20016412
142410301043504 66566167
142410516166714 12823395
142410733333129 14999548
142411272113062 32087591
142411488073487 14763460
142411708147375 14473185
142411935152227 11815131
142412500960323 58534186
142413136120142 27413538
142413523046751 17481085
142413962745616 27985048
142414225679673 20064610
142414824329395 85642423
142415211581529 63519629
142415719080103 15547477
142415938046694 16689347
142416155984132 16669216
142416732704064 23090540
142417322137026 37778861
142417553586125 15250774
142417766138038 12196494
142418019081160 49729695
142418254383478 19043958
142418482091051 15693502
142418966990074 21621641
142419544967182 25423821
142419966126322 24483466
142420246055353 9879812
142420480180111 19234059
142420901021953 61269811
142421128063989 19653170
142421663904598 17534205
142421894114730 21764885
142422110103130 13753009
142422327122200 12785099
142422847068458 16587996
142423128050617 21704962
142423360088218 25753879
142423573137280 12591948
142424157155407 12036083
142424742132031 12795530
142424957421978 14067770
142425531100775 23140922
142425800974358 58615423
142426025127189 15788873
142426342508254 23427288
142426829404334 20927861
142427348089948 42720271
142428044979485 20700004
142428636602811 22985421
142429189152325 36915865
142429568388602 23102273
142430042672218 22005942
142430413120853 11854085
142430667143555 19990710
142430882162569 13834985
142431161224624 14476603
142431386733537 24094446
142431622137552 26783508
142432126414817 16643919
142432349092064 19728381
142432723136564 18817174
142432952655948 18322002
142433216895395 12961181
142433432074388 12295502
142433960068403 16409799
142434172051832 10722017
142434452113779 11909090
142434758068423 17559783
142434977014599 13415501
142435416129590 52170029
142435821064105 17313214
142436428102990 20727104
142436731134805 100811051
142437070183735 19876531
142437669269578 25105506
142437919106658 19116243
142438258030290 11212931
142438585085972 12853258
142439018165356 74477339
142439232327154 11987928
142439509185194 62896602
142439952265473 20264954
142440437109703 15420614
142440840121839 22448238
142441056085031 15111898
142441548141421 39051863
142441762228009 12893233
142442120125036 29585883
142442515101433 9813116
142442929363188 59270062
142443145124566 12791266
142443368851006 17400649
142443700957332 39974191
142444133426406 13732358
142444358651429 24324502
142444577118881 14621245
142444807828675 17477336
142445304103621 60823895
142445816099484 65865813
142446249321204 36398486
142446636999713 31120516
142447047095663 28197610
142447520094147 95050872
142448000915119 83949707
142448228093072 22759014
142448651712258 32876040
142448866648086 14572040
142449086534576 16712604
142449463097000 13365230
142449682775313 12990635
142449971219589 14200302
142450439125246 27802207
142450673198789 31873800
142451239132585 27707226
142451570566876 17283322
142451823119194 22441459
142452046724934 21369425
142452326102671 12341340
142452790079050 12533855
142453201148533 73739127
142453711872758 88786558
142453927145094 14787986
142454146095937 17761153
142454358875206 11162243
142454572912425 12591918
142454910085740 28207602
142455134088681 17763673
142455545062095 27552655
142455927102306 11492562
142456140158985 11826325
142456367613904 26282972
142456588412354 19049952
142456965790726 14371993
142457199132510 26763152
142457636051062 100390033
142457854303801 17091488
142458148442929 17426564
142458451065006 11704577
142458672865317 16537256
142459067087872 33525658
142459374135369 22090450
142459842136034 25023088
142460062166505 18849426
142460613392246 27077822
142460832153029 14535801
142461402046290 44397572
142461838109179 28217458
142462453071831 18246384
142462771616414 23827702
142462984199416 11846481
142463195967649 11401497
142463711123178 62763206
142464248060073 16913460
142464731092468 20249147
142465251116041 13170729
142465479994371 15669527
142465693684272 13235363
142466147150265 15193296
142466374602276 23887496
142466764122457 31799822
142466977037810 12418861
142467209990424 26567071
142467640106139 27425699
142468056121721 43282694
142468506136055 49247578
142468916066285 55971257
142469546115217 14800866
142469760129839 11795697
142470342061109 28106159
142470565038427 18714841
142470796109131 23769576
142471009082377 11751715
142471472089468 25728244
142471727095834 16727202
142472056590066 19884627
142472527125271 13999776
142472983113832 27876978
142473196104227 11792097
142473723086713 21050545
142474358222590 25673999
142474571959701 12365200
142474804097282 26650767
142475304092874 66935707
142475726088829 13632680
142476130793024 78853297
142476728133269 73270359
142477028119227 13582378
142477516179669 56145754
142478060131963 20125768
142478283572646 21236260
142478797400054 15499933
142479015450860 16342063
142479242160480 16816622
142479620754077 13144530
142479961073129 25289347
142480173877442 12247689
142480723108467 18705263
142480941113203 16778661
142481167065999 16698597
142481446083341 40740803
142481659118547 12391474
142481905328635 36480744
142482346098724 20799821
142482744088707 35789691
142482967090795 17755446
142483181529460 13951265
142483468078418 39326619
142483837071988 18612881
142484426087801 16096709
142485040985478 73502910
142485263279947 15944465
142485511068995 42280688
142485747176301 34834916
142485972123051 21790333
142486324341996 35292820
142486826103869 17566391
142487216152187 14800045
142487452384925 26050931
142487832081788 21487553
142488107138298 67256255
142488605577353 80467899
142488830218133 19886987
142489327134215 70144660
142489541108960 10759198
142489855593109 24480490
142490358001972 21544674
142490714331552 10919032
142491341327136 35512613
142491565068065 23362353
142491939105182 23797510
142492463129780 17729814
142492690550897 26219595
142492909109360 18079616
142493140518117 19051433
142493360092244 18725564
142493846101617 22871503
142494064089152 16754666
142494344115373 65780033
142494567020245 20693195
142494783076054 15301637
142495136078888 20683323
142495352069911 13734531
142495831553133 24363415
142496217860760 67677744
142496457929478 27554382
142496684780049 19423794
142497220150748 16280838
142497436079395 14742852
142497673593259 31515083
142497904119737 14775255
142498122087357 12749474
142498633178000 99750654
142499167082704 90427530
142499538108654 24483093
142499752035104 13086975
142500007878233 40475259
142500224464694 16227198
142500620093844 75800480
142501038147397 22876938
142501279112005 21775212
142501932125346 23507515
142502343425897 23947106
142502759095036 56578165
142502971435582 11099591
142503185110507 12565936
142503421363616 29771594
142503643054829 20498913
142503863094018 19452265
142504078098877 13302165
142504289081635 10022265
142504522351969 20989148
142504735099756 11761306
142504954211849 16862567
142505375435512 34685075
142505620085104 16751804
142505834074103 11744626
142506069077223 19778698
142506359099927 47102539
142506596811392 35599208
142506826222259 19847371
142507442177890 20069328
142507700912112 49580443
142508304044712 96078821
142508518114974 11776854
142509009181657 39232659
142509266170758 38995185
142509758825867 39673529
142509982307353 18691448
142510539165343 16820187
142510761082539 21737591
142511312604571 97889530
142511810183027 81124363
142512036497441 25136535
142512279135892 38800445
142512512089213 31760201
142512931896052 22865184
142513148200458 12845411
142513362911804 13578911
142513625137062 59796013
142513864111615 38749602
142514087235657 22882635
142514323138619 14775694
142514735976850 26298131
142514974163642 26808769
142515233127846 19795593
142515453094309 19726073
142515672498396 18924185
142515886110680 12787845
142516457060016 20996425
142516736779371 65439712
142516955931642 18469328
142517192089307 21756932
142517600984925 37501467
142518044062532 19997924
142518350255270 16064655
142518579075236 26731816
142518949064471 21711938
142519504183692 163086753
142520011154321 26261516
142520228097698 14758852
142520635089707 17869948
142520859088702 19668171
142521081116765 21325760
142521467169716 17398628
142521918118899 12071203
142522257041925 15137332
142522513088549 12714437
142522920108382 15333512
142523531131051 24173591
142524050136892 64953981
142524501076201 67155373
142525029647429 22841315
142525259898974 28017990
142525527141863 23798075
142525755109776 20557725
142525968864187 12526759
142526457114852 31257487
142526804115702 71437111
142527408179742 41289679
142527638847774 29509692
142527940083007 19275903
142528560319113 33496110
142529141647222 21697024
142529749050625 24052649
142530356092241 26742798
142530579672840 18313591
142530793755679 13871522
142531196022813 36005307
142531435076564 38291306
142531769025568 15361267
142532028125142 16374130
142532484112104 20696867
142532711087918 21709244
142533298116061 21638759
142533515095743 15896318
142533733163630 15823678
142533947880094 14513676
142534183591672 20235377
142534395540141 11599568
142534620135383 24226876
142534846830886 24503525
142535227143771 25282894
142535664209594 25469773
142535877145653 11821728
142536401146188 66992645
142536900930667 147919173
142537320202533 14014819
142537765111997 28906979
142537983796626 17619409
142538628585802 25435066
142538848422333 19123065
142539077132206 20044509
142539287630894 10282833
142539497550554 9485934
142539721426862 23275415
142540209969242 101101682
142540614123246 68818292
142540829167853 13815133
142541263143901 31360724
142541488555554 23221693
142541715038870 21035897
142542115081208 23287555
142542353148497 23792639
142542658873047 35092847
142542889942078 21576534
142543300834788 45549206
142543762380796 19155467
142544335102842 13102908
142544715518920 68077547
142545149821179 25159750
142545645174402 16501595
142546159958081 19276866
142546550104374 32425971
142547004129049 40814364
142547227143174 14809103
142547447722290 10921844
142547824102860 19239478
142548208208830 13832615
142548423992581 11670523
142548707532276 75129999
142549138612349 13756569
142549567067397 30969271
142549793455825 16092168
142550239807896 25697671
142550692212632 21636195
142550912326913 18990927
142551138130846 15805899
142551501234860 51848138
142551772097971 53738456
142552156027429 13844015
142552717086767 66632135
142552933091322 14764154
142553146227985 12401410
142553530141034 17616768
142553953160087 26376092
142554171401844 17869337
142554426388590 46967424
142554851965010 21556727
142555075911079 19580905
142555418101477 54863565
142555829120505 17497863
142556045063547 15118567
142556301236431 47380362
142556516084578 12749588
142556733487590 16770456
142557126173843 17518825
142557645065451 26486938
142557862210430 14879989
142558076073799 12738611
142558318646195 18486925
142558819379842 166293423
142559257081971 25713463
142559744083203 14749646
142559962133443 10786821
142560455067148 12695907
142560669332861 12734869
142560931777874 18329311
142561152809443 19482884
142561403128837 35790605
142561652455056 13600766
142562185092573 18788924
142562604287289 17054991
142562820551881 15193921
142563039091370 17882697
142563259090153 17428229
142563474988462 12268740
142563730127200 42001594
142564234858191 22130886
142564473329352 28949153
142564771846678 17006734
142565250090430 18677823
142565501080568 45698598
142565715372589 12044965
142566251140706 19444033
142566474612869 22283448
142566930108511 16940355
142567436090466 27199551
142567671074127 21735718
142567887218886 13707646
142568355111779 18642851
142568649134496 21132205
142568887075004 16677673
142569108905102 21559639
142569541086549 10310753
142569807116711 56772744
142570032108405 21474349
142570253095973 16760603
142570649669247 34565605
142571059177839 36908102
142571277310539 17716001
142571506286997 23520753
142571969109219 19031425
142572182227034 12595342
142572393845714 11231055
142572934048620 94088850
142573265099193 12884878
142573477897302 10322957
142573754215954 18565394
142573980140596 23790246
142574464131462 24423889
142574737043600 30018969
142574959215219 17000572
142575419089145 85978096
142575634117654 10817895
142575851095162 12760140
142576070879826 14545542
142576646925487 29877440
142577057116858 33158121
142577468104316 39107300
142577682125721 13756549
142578050272970 17737255
142578308297738 47637973
142578528656778 19317864
142578745259993 15901196
142579171176011 42034889
142579608143442 29228637
142579870886811 11156157
142580193728198 19936344
142580430639136 18301563
142580758046028 14867690
142581348114152 36098501
142581730972153 28085595
142582150215926 19207087
142582370083880 18727124
142583020326047 41788773
142583304175618 66738914
142583704135660 90477103
142584143075167 31288991
142584743117135 16717743
142584957865695 14513841
142585169928337 11434794
142585715089599 11463275
142585934855128 18517332
142586207102211 57755944
142586436066207 18719097
142586848108662 30515623
142587124070944 20727109
142587538052724 23200728
142587757949844 16624747
142587984501859 16183918
142588226390016 18202421
142588444049089 15578817
142588661529211 12195199
142588876084927 13752944
142589152123029 15234347
142589401923486 40579812
142589821279353 15783293
142590044107801 21768747
142590329071503 72744880
142590744084370 22643694
142590972114385 13775156
142591231104698 24744741
142591565120242 21208279
142591833412522 23065844
142592047107398 12782838
142592322217167 18875721
142592538074108 13747453
142592764941953 19274398
142592988123681 21795491
142593203107424 14687328
142593501050977 89308062
142593935100620 16468389
142594446072540 20477630
142594891211507 162716362
142595129142591 35803443
142595645259163 16087837
142596231180875 60952608
142596663070613 123483421
142596884205229 17754497
142597223118341 16385006
142597439109646 15770407
142597664065055 24645161
142597881066139 16663068
142598425146297 15422009
142598958102050 25303655
142599501082047 53974766
142599725085129 14750013
142600135088459 16214475
142600539123962 20773050
142601050095407 18266073
142601274186304 22499272
142601629092265 21674437
