144014259835440 26506045
144014575235426 32153416
144015022915748 15009396
144015237206097 11854007
144015715128577 10387369
144016100744258 54232315
144016521112316 13163963
144017156104518 20882284
144017380127594 21663389
144017589867727 9367425
144018000979210 53250518
144018446095365 14368481
144018840110751 17467717
144019059134642 18796484
144019503163875 18286035
144020062273665 14915013
144020281181102 17839880
144020730140911 26952486
144020944101961 12772072
144021201533453 47171948
144021826108424 45030342
144022288135125 29687455
144022530178953 32826767
144022750097855 17760079
144023110104411 42592625
144023328092853 14444743
144023906011926 13124118
144024396237384 43821169
144024875022015 19091325
144025283058563 24884279
144025746112035 36537164
144025992959071 15686445
144026375886193 19663351
144026593156259 16307292
144026806138660 10489838
144027030225521 21886615
144027482133653 18965781
144028030097790 14734716
144028247117094 14790968
144028812095005 61903771
144029053171505 22815019
144029519002971 14364003
144030068062033 45755155
144030799180568 96217398
144031281930380 21074511
144031843119291 42532336
144032059121764 13794449
144032303169741 33825441
144032827162471 23577367
144033436175889 30138285
144033651172208 11832568
144034171080872 25333580
144034677156231 21521298
144034916204916 17876477
144035506119025 18326759
144035727124938 11913476
144036253071277 16267156
144036709102602 15733861
144037220795442 19750229
144037437114209 13790390
144037653620413 16290606
144038133183244 12974282
144038369101213 28783496
144038872117064 57575713
144039094580606 22220165
144039338553899 35837083
144039575148924 24663001
144039822178459 11413013
144040038114092 12785347
144040255119882 15771891
144040741170039 12105294
144041122068855 17569802
144041411203838 33837852
144041645145370 30675064
144041882776939 36430804
144042286121574 19261603
144042902152777 18280991
144043415162745 29603492
144043636175477 18571825
144044061197933 25349114
144044272119948 9748140
144044623116845 11431337
144044843136243 15796647
144045389075426 19472187
144045646114400 25733950
144045873111680 22332722
144046365096808 17362345
144046928138053 17205318
144047142143287 11795967
144047682201084 14710470
144047900038292 16239341
144048145112567 21890611
144048524102129 11468149
144048947514830 20569503
144049225000221 64655909
144049438788218 12486645
144049659664096 14313807
144049959145254 14619571
144050178141424 15804497
144050767161940 40338988
144050982625087 14224990
144051194777384 11603579
144051407138189 11792879
144051920127780 32121372
144052140095984 15767088
144052635765557 21551906
144053157166253 18372337
144053375115153 13981178
144053923198053 22025708
144054365361616 12962456
144054600118902 20510722
144054821126234 11757587
144055055403030 21053907
144055457106800 17643961
144055906914274 12854120
144056121983173 14821680
144056343485775 19130065
144056584236859 24878803
144056804143031 16807671
144057359143824 10788142
144057577071197 12741983
144058316336527 24407893
144058548333238 21718026
144058762923064 11422407
144059158929050 30060235
144059397193719 26839793
144059979145822 27452953
144060666476880 16062917
144061226682981 52185488
144061724143700 21558882
144062169777787 30821683
144062387116833 15593677
144062612661110 23322701
144062830158594 14126795
144063233217513 12095729
144063710176627 15775548
144063934677736 23340838
144064156168425 17831080
144064376120592 14784976
144064592371205 11040332
144064831405846 20053410
144065307789613 38945341
144065829148361 21764635
144066359788883 12667932
144066743132737 15689556
144066958127200 10774855
144067507092838 14666557
144067749029466 31139992
144068146530276 12966884
144068485135106 14478445
144068726154654 18806750
144068969261486 25214504
144069203202303 25824014
144069634145962 14323787
144070177200256 24702771
144070856137052 85749893
144071087158859 26138361
144071316134722 26792521
144071815078255 13548278
144072443117085 30906297
144072735126405 21765204
144073138147615 20874286
144073524045411 83668121
144073921130937 14905649
144074343099339 19051452
144074869096682 18009966
144075129110592 28772804
144075519110060 12379006
144075735140266 13785887
144076314760442 102090854
144076947148659 15601880
144077337144257 15800283
144077914200342 44625805
144078630143437 77573029
144079050121194 14797613
144079273683882 14979193
144079948424472 14029554
144080162312136 10977061
144080593130437 17160488
144080858202503 42870426
144081072133179 10795347
144081469366369 18824736
144081915122969 16423594
144082149509211 23178277
144082366144795 11808308
144082607143859 27806515
144083164719435 28171951
144083586213809 17749253
144084150161077 54949215
144084562104672 29307894
144085143172216 21176744
144085776116235 15483772
144085985914203 9492744
144086235166084 35827397
144086699118168 24820108
144086913112853 13765680
144087143124718 20787604
144087361060077 15712918
144087576069494 14723070
144087808210533 16475974
144088253149702 23963823
144088670178614 11467092
144088920763432 18645377
144089418163248 56659077
144089640137645 15794351
144090196844815 14095024
144090720120640 18525656
144091493582261 16284566
144091707095513 12775335
144092363026302 28164846
144092758080723 18096942
144093243205611 13283344
144093474108634 21755542
144093701152427 12797274
144094294390708 39930728
144094569147399 9813736
144094799520827 15124194
144095408987981 52614398
144095835182394 19624082
144096052138350 12809590
144096557419611 49642283
144097359207101 37154230
144097965157792 91227506
144098178351129 9011008
144098392404263 11138908
144098796596629 23501718
144099409132434 30125185
144099853189090 21432575
144100072188114 13827172
144100347151813 13645463
144100835164906 14384365
144101321101547 14577322
144101941118251 21917550
144102161598887 16888017
144102757145043 18176857
144102979156831 17816032
144103211139095 23359109
144103437202382 23869100
144103829741558 16700623
144104318194692 31038982
144104809137669 10683708
144105027152156 10815470
144105585155345 18442685
144105801113425 15414377
144106025094878 14765215
144106262075175 19730309
144106647341662 22186259
144107071051337 22941729
144107646103446 11560490
144108257114573 15163406
144108509132447 40493511
144108726142310 15808556
144108940355043 11151951
144109511123011 54901753
144110063071986 22543567
144110304742767 30156690
144110537140247 10805382
144110756590220 13563128
144111256100468 28838181
144111469103223 10660736
144111963097337 21270982
144112176098960 11756384
144112409128612 20787934
144112656144029 12806056
144112872133159 14787969
144113328717952 20687470
144113767149114 28005595
144113986149898 17811122
144114375446275 11445173
144114822148331 18755263
144115038298954 15958348
144115281184407 30811960
144115762339214 20589473
144115999182604 28710627
144116212570483 12226671
144116425234657 11591302
144116660031859 25661203
144116887866530 13529124
144117455389558 14312392
144117864134771 23408668
144118531669912 25058844
144119325124171 10642750
144120026268428 18991014
144120255714927 28387238
144120472112125 13779364
144120745153310 51797529
144120964138177 16784537
144121180131476 14771042
144121609338488 25414968
144122317158708 45799384
144122770300797 25113743
144123021191911 34817573
144123260073469 25041709
144123477119209 15779994
144123735273801 50636111
144124252133219 14976295
144124474177604 16507687
144124698874653 20530478
144125139104321 16467324
144125363482772 23587782
144125756131188 24850094
144125973141809 14809108
144126211095387 26759912
144126662020596 41396579
144126874166428 9890889
144127173138392 18952671
144127403106905 26423209
144127626680851 11221094
144127850192263 21838263
144128349122855 10583207
144128749114515 17241075
144128972114073 13573824
144129403145305 25347684
144129616126785 11766868
144130255166311 18384269
144130828118155 26656156
144131053097546 13755193
144131300266112 37546876
144132007179957 12841786
144132449193054 18103138
144132909084388 36409936
144133542212644 47665284
144133769125910 15788598
144133983106878 10764503
144134504108862 19388483
144134727112847 14782657
144135379113374 56319835
144135846135627 21087785
144136060107172 13774553
144136274095844 12767738
144136891279237 14765983
144137104113090 12562908
144137749033106 46451183
144137962405415 12940766
144138179099927 15762412
144138392324004 8964916
144139059571813 24761977
144139283579164 14465311
144139630734034 28921090
144140064138431 27308093
144140322234407 39877432
144141011348005 49604670
144141619344938 21273532
144141837278047 16936418
144142057154708 18808901
144142445130984 12932969
144142689198843 36864808
144143071139787 12065932
144143555134235 14982965
144143948171637 18501176
144144355125113 25182910
144144927079367 21855390
144145165905062 16558959
144145379545768 13225199
144145591881328 11553978
144145801165783 8901864
144146017544876 13236681
144146447371302 26179333
144147070073932 11751492
144147284072983 11738920
144147810151093 32089262
144148020116830 9758622
144148651082285 13241260
144148871102142 18771126
144149102143445 22789759
144149328151972 24823796
144149816117040 10239937
144150037153033 11819826
144150259882295 17478194
144150476110094 15182435
144150950043312 13508615
144151165094520 12754406
144151619216626 39494848
144152057162411 23567752
144152359174083 12177346
144152872135102 10774494
144153229182087 19264711
144153474065392 17693183
144153782057667 17266291
144154030538110 12185561
144154240592487 9262397
144154649120884 15075616
144154992079387 12644543
144155458094409 15125452
144155693162854 27527012
144156210144717 33050723
144156795332140 59727381
144157008197417 9875344
144157424132629 14842132
144157644096005 11754769
144157862133342 12795886
144158448125877 36497426
144158660099702 9748242
144158912378917 42039020
144159130095217 14758275
144159754154729 28746695
144159977432584 20103312
144160189794250 11457394
144160612644798 12467427
144160827080313 12741719
144161510201502 48005186
144161749137678 20803542
144162231141021 13288806
144162504094749 32949607
144162937174158 19492544
144163483129698 13370639
144163723565131 26204968
144164083119412 10633643
144164567326993 17637519
144164924117408 12317424
144165443170450 23449247
144165942084943 11604347
144166496012074 10984096
144166707120205 10756961
144167126185359 10091068
144167372204596 37856801
144167776634343 11129124
144167990131289 12697231
144168206151381 15424948
144168641104481 10995750
144169468138165 28654933
144169921218534 19257106
144170169149862 29790085
144170532115940 17061008
144171028924270 21259541
144171247969936 15630012
144171749689557 19889355
144172358160066 20396713
144172588162031 19795109
144172815333120 16638818
144173313143892 52943834
144173540131668 17385872
144174153133049 21310841
144174366097361 11685199
144174576000206 8266552
144174939126012 20042381
144175388814267 20269576
144175610893309 15402513
144176101075398 22587991
144176336010170 25586744
144176559077604 12752066
144177259928600 21332506
144177514627147 48292413
144177730023550 13691640
144178239278070 33311200
144178459030675 13767728
144178742115733 69776015
144179607014676 71222425
144179825148185 14806147
144180228126509 18575908
144180471123613 21754258
144180868088440 18208400
144181091101974 17753804
144181305111578 13612196
144181645908663 13761674
144181864210562 17777561
144182114679833 38348165
144182337100586 10769340
144182556157467 14780789
144182814162444 41822545
144183035175015 15816687
144183548657994 22660469
144184089160435 22016534
144184541839186 13422317
144184763427059 21101115
144184987100286 12746905
144185214120257 16771124
144185647139821 15110052
144185874085088 25720075
144186100178906 13831931
144186539151885 24334001
144186750134831 10796336
144187008110021 56312390
144187228122237 16742555
144187671203207 24766195
144187881873733 9553227
144188460194406 17285857
144188683828460 15452986
144189110777346 18407171
144189325306642 12961190
144189750087503 14511535
144190248143504 11540228
144190804158885 53862778
144191030102057 18761563
144191772216310 32903068
144191989118688 13862466
144192225609944 25025042
144192637633808 16244532
144193131099728 16413537
144193664438935 12980636
144193909164093 28794684
144194120153778 10790996
144194704129329 30060706
144194919210770 11879738
144195157044685 27703597
144195544508457 14632690
144195772083680 15748788
144196430150574 43495570
144196855134726 12599572
144197221763003 75941529
144197910117332 11912028
144198568594831 26009774
144198779112078 9787166
144198993086743 11748473
144199218101705 22771842
144199711155935 77659381
144200201142602 55571070
144200750274701 35347322
144201228140507 10779838
144201841109403 11243732
144202057131895 12794535
144202644679334 12770824
144202857120034 11267080
144203068161747 8833920
144203447175892 19078671
144203673071158 25355093
144203966300899 18105257
144204181170710 12840435
144204793183934 10759821
144205020149413 10807457
144205458106928 11421801
144206101159708 34636197
144206355138097 20798303
144206592146531 28758263
144207182832994 25688516
144207425271500 30745054
144207641125048 13780398
144207917233198 70897225
144208352072154 9470329
144208596101912 16757270
144208810104555 10727618
144209028116995 15784216
144209272203534 34846747
144209876153419 31672445
144210089550988 12199884
144210681118426 17196522
144211113119905 21845167
144211696093620 12871701
144212361158125 17423176
144212982149061 25797582
144213554108865 15635783
144213925846738 11609270
144214643155409 10382136
144214878100879 20768082
144215090108265 10770041
144215597980776 11343023
144215831144732 29807601
144216286186359 19349763
144216846111802 21029289
144217106009510 51680075
144217319115706 11701996
144217532973268 12646046
144217749073250 15849033
144217991149819 27805269
144218500927416 21223023
144218718070933 11745214
144218932099340 11737104
144219589152245 68319318
144219957375749 15799682
144220352233693 30762334
144220920107821 32564225
144221136165419 12832842
144221352159801 12814088
144221917073700 29980534
144222201200801 76407298
144222647113897 20131145
144223043142482 13693039
144223272141726 21488188
144223515124737 13605274
144223733117987 14652529
144224138093619 15914117
144224575163486 23279390
144225079169556 12275647
144225294100951 13757567
144225531031906 17687755
144225763636878 16302770
144226009198219 39492964
144226701095507 45142325
144226936116579 27722916
144227422039899 41776379
144227639968510 8607970
144227855049287 11224281
144228070867608 12647516
144228446058604 22704093
144228857067738 30453002
144229283061301 13500945
144229829136041 17306945
144230075323316 34713429
144230288168207 10598169
144230534151289 22750208
144230820851526 16822156
144231036275333 15049880
144231256615843 16271393
144231728124674 22218110
144231969139409 25779032
144232178888099 9481747
144232750082865 14540834
144232968097589 10486081
144233192954949 14535988
144233639412359 17405219
144233862327879 15615912
144234479108792 26622951
144234690156623 10820603
144234905135951 14481399
144235116412182 10080786
144235341705347 15737511
144235561095889 12764891
144236026151839 38527045
144236522214130 17987618
144236940562315 17608439
144237605089584 15687244
144238240133757 24074531
144238505057811 59197802
144238722124918 11756809
144238949710628 13531995
144239180116160 27786103
144239683138281 22168487
144240255103602 20851305
144240509135746 38788080
144240722071119 10742815
144241216114321 18338412
144241478682257 41344338
144241853339375 18332630
144242250152168 10184867
144242820108923 11111459
144243377116496 38510354
144243590101361 10264988
144244193463756 31861724
144244713110425 41787655
144245150158343 15312055
144245367113098 13428023
144245604232119 21876634
144245829290346 24324068
144246045903414 13695536
144246261120146 13613392
144246922126208 25499622
144247155101285 9760003
144247378923187 15571152
144247701330723 31766212
144248162082041 22020259
144248381950090 18612858
144248627131039 15792179
144249058122582 26479670
144249585150393 40999285
144250124096333 28800632
144250540090664 24035201
144250920217780 39117440
144251135091991 13754118
144251350090225 12749024
144251759237108 12817404
144252259089802 15039097
144252501133480 38412825
144253214913062 25363444
144253436496662 16168508
144253880896859 20802327
144254409111699 32916750
144254861194781 16834294
144255348212058 22904111
144255743097595 21094456
144256304166453 44888891
144256728101376 13376144
144257256137453 25456631
144257473124430 10777374
144257953189437 32910677
144258171178170 17130823
144258392152091 16801061
144258881174650 44633461
144259104178274 13843157
144259347088661 31696924
144259559212251 10832200
144259774213688 12879052
144260305167199 17661337
144261053801590 111472600
144261266122063 11781420
144261478095171 10754742
144261836267953 18353339
144262090156299 36791445
144262559187313 25635518
144262799183595 30842599
144263227085240 13050597
144263461182754 23845219
144263883109028 19718051
144264098316555 13981418
144264320171053 18831437
144264534169848 10502451
144264757142548 16810523
144264976126606 10791231
144265233144337 26797339
144265822106841 11150038
144266054171102 26470126
144266457230400 13482362
144266985171754 21965060
144267204487130 15474004
144267427005389 11686328
144267641777593 12436633
144267866101435 12764931
144268090113950 20776408
144268467226870 19608281
144268700589920 27010533
144268949695751 42352663
144269164137270 14111313
144269690448777 65288736
144269914497942 11400496
144270129095967 13770707
144270536180160 10137364
144270769118554 22773617
144271157100755 12773622
144271811128854 65946751
144272030214123 9871195
144272470134088 23749793
144272682088913 10751120
144272909087341 15734926
144273367032049 26060738
144273599298511 23959141
144274044138354 15527212
144274257183200 11860591
144274667187855 20237039
144274880869762 13094175
144275234054047 12549192
144275577025057 16532340
144276010141376 19393246
144276245105583 20771718
144276463102171 15772503
144276673541680 10204107
144276899220434 16818734
144277129097774 17352848
144277601686528 28692846
144277827109211 15782518
144278227659951 69720215
144278751104122 19070825
144279236540275 26934523
144279449096769 10767210
144279725134108 15765788
144280159098831 22249027
144280683359952 16613532
144281131116910 21556767
144281345123452 12789896
144281722108527 19483677
144282138094853 16597505
144282526116588 12829526
144282740081448 12757344
144283120134650 14733725
144283548153495 14641443
144284036139793 12706702
144284255142104 17099353
144284752274955 13549548
144285284112223 14873660
144285626107659 17558061
144285860080121 21745601
144286279480828 28371223
144286509920114 12561070
144286949124763 21600790
144287170145544 17038851
144287385110122 12776030
144288001212834 53006586
144288436232195 20323125
144288962958471 14743701
144289623198648 27090712
144290161104457 21366555
144290649133198 15027549
144291137087633 19080193
144291487108593 13187148
144291722052550 23635341
144292143104489 28613486
144292357157577 11831789
144292593186614 24815615
144292804122110 10442233
144293339037764 89162567
144293560030021 17686971
144293874128138 18500329
144294296137046 34648128
144294741985827 33438900
144295142110003 34888296
144295362095252 16503607
144295808122254 63658587
144296329093552 36898677
144296549070225 13744800
144296764059745 13732601
144297424098638 15255879
144297699197487 30835526
144298122124830 10412962
144298339123979 13785208
144298556419825 15065961
144298953079361 10723022
144299163125799 9767565
144299402213973 28860029
144299663463142 25040310
144300066570052 13475929
144300286061612 15394685
144300760146760 10995522
144301020149074 47790376
144301380693999 10121667
144301592214776 10835100
144302068142810 22721976
144302282375459 13039658
144302537950542 45606667
144303179153899 38968796
144303401130870 15798120
144303619089107 12174866
144304038115018 21384443
144304258160204 19821599
144304499959394 38620352
144304956436631 11866458
144305538202272 12485911
144305778008722 31450704
144305993523649 14289116
144306443196430 16665670
144306930142878 11692890
144307143091717 12449428
144307667160123 25435064
144307880203822 10875976
144308098895940 15528959
144308682111737 14761482
144309283137366 38529847
144309502972116 11340926
144309742157180 25811523
144310047137287 12254528
144310577173867 23056347
144310816139665 27766654
144311035848666 16520146
144311523178451 17631634
144311756140542 28470982
