1619643612261428169 0
1619643613261420804 0
1619643614261402354 0
1619643615261406483 0
1619643616261419929 0
1619643617261404681 0
1619643618261409039 0
1619643619261417707 0
1619643620261402647 0
1619643621261375483 0
1619643622261378536 0
1619643623261406076 0
1619643624261414074 0
1619643625261306632 0
1619643626261425240 0
1619643627261304277 0
1619643628261406551 0
1619643629261244282 150
1619643630261276382 2229
1619643631261327609 2221
1619643632261281226 2185
1619643633261265851 2193
1619643634261256584 2185
1619643635261340528 2230
1619643636261327207 2190
1619643637261274380 2196
1619643638261259896 2203
1619643639261333494 2207
1619643640261551817 2199
1619643641261274238 2138
1619643642261403082 2185
1619643643261284064 2197
1619643644261248779 2205
1619643645261280180 2187
1619643646261304664 2205
1619643647261263112 2193
1619643648261263704 2196
1619643649261261491 2168
1619643650261269193 2186
1619643651262149285 2183
1619643652261383798 2189
1619643653261290335 2203
1619643654261553828 2189
1619643655261305544 2187
1619643656261250107 2160
1619643657261255347 2165
1619643658261523313 2178
1619643659261328205 2167
1619643660261257732 2182
1619643661261292422 2165
1619643662261314922 2197
1619643663261374605 2184
1619643664261325168 2191
1619643665261459118 2199
1619643666261664735 2157
1619643667261259531 2188
1619643668261414423 2198
1619643669261413680 2192
1619643670261318042 2174
1619643671261288202 2191
1619643672261307308 2157
1619643673261257051 2184
1619643674261518979 2181
1619643675261334442 2187
1619643676261272257 2187
1619643677261283125 2155
1619643678261283009 2188
1619643679261272948 2187
1619643680261289611 2180
1619643681261572365 2204
1619643682261295520 2188
1619643683261268825 2168
1619643684261266349 2192
1619643685261307467 2192
1619643686261276790 2171
1619643687261516120 2169
1619643688261470339 2162
1619643689261345081 2027
1619643690261346688 0
1619643691261250416 0
1619643692261362160 0
1619643693261280432 0
1619643694261364351 0
