1619642787105994875 0
1619642788105997540 0
1619642789105979345 0
1619642790105979731 0
1619642791105993192 0
1619642792105977342 0
1619642793105917982 0
1619642794105984096 0
1619642795105992327 0
1619642796105833566 0
1619642797105846850 0
1619642798105997547 0
1619642799105972052 0
1619642800105979209 0
1619642801105986631 0
1619642802105927773 0
1619642803105988428 0
1619642804105832811 68
1619642805105868503 444
1619642806105858875 444
1619642807105890666 442
1619642808105876653 444
1619642809105919139 442
1619642810105820808 438
1619642811105919283 442
1619642812105841698 440
1619642813105910798 438
1619642814105838951 438
1619642815105922027 436
1619642816105842316 439
1619642817105886923 437
1619642818105827386 434
1619642819105865229 437
1619642820105821717 439
1619642821105928740 439
1619642822105894222 440
1619642823105853195 440
1619642824105820452 440
1619642825105929556 437
1619642826105926063 436
1619642827105887052 436
1619642828105885941 440
1619642829105886820 436
1619642830105933238 438
1619642831105845903 438
1619642832105865776 437
1619642833105899732 439
1619642834105864167 440
1619642835105873395 437
1619642836105912433 440
1619642837105859711 437
1619642838105875028 440
1619642839105866408 434
1619642840105918650 440
1619642841105929910 440
1619642842105817721 438
1619642843105886783 440
1619642844105833199 438
1619642845105896446 440
1619642846105884728 437
1619642847105817522 439
1619642848105928760 440
1619642849105894524 438
1619642850105838360 440
1619642851105923474 440
1619642852105897831 438
1619642853105832138 436
1619642854105897615 437
1619642855105873167 436
1619642856105869523 438
1619642857105913808 439
1619642858105892085 439
1619642859105930316 440
1619642860105895549 438
1619642861105848247 436
1619642862105829578 440
1619642863105866397 438
1619642864105916841 368
1619642865105969104 0
1619642866105990305 0
1619642867105856084 0
