1619646088908146451 0
1619646089908142984 0
1619646090908023462 0
1619646091908142689 0
1619646092908090906 0
1619646093908110762 0
1619646094908122000 0
1619646095908170167 0
1619646096908155071 0
1619646097908068527 0
1619646098908154796 0
1619646099908150138 0
1619646100908154390 0
1619646101908045147 0
1619646102908159190 0
1619646103908158913 0
1619646104908123790 0
1619646105908163887 0
1619646106908014470 4243
1619646107908248207 5496
1619646108908003552 5560
1619646109908131630 5590
1619646110908401477 5501
1619646111907982707 5509
1619646112907974792 5556
1619646113907976224 5332
1619646114908116244 5600
1619646115907984010 5535
1619646116908427420 5463
1619646117908404971 5483
1619646118908042822 5499
1619646119907987956 5563
1619646120908014038 5530
1619646121907994542 5528
1619646122908217811 5564
1619646123908146082 5546
1619646124907993089 5498
1619646125907973703 5515
1619646126908157263 5536
1619646127907981527 5516
1619646128908007866 5506
1619646129908026802 5384
1619646130907978354 5507
1619646131908051412 5590
1619646132908165878 5483
1619646133907976643 5433
1619646134907991955 5451
1619646135908025984 5452
1619646136908012591 5487
1619646137908065445 5517
1619646138908044092 5381
1619646139908004260 5552
1619646140908036132 5467
1619646141908142750 5437
1619646142908144809 5421
1619646143908165129 5428
1619646144908034861 5430
1619646145908183067 5483
1619646146908119733 5474
1619646147908049331 5481
1619646148908009072 5423
1619646149908089539 5464
1619646150907982158 5510
1619646151908051191 5443
1619646152908071293 5560
1619646153907995144 5447
1619646154907993244 5473
1619646155908130888 5442
1619646156908329831 5380
1619646157908000411 5280
1619646158908175620 5351
1619646159908039847 5421
1619646160908336712 5452
1619646161908273212 5427
1619646162908656316 5355
1619646163908013523 5421
1619646164908007490 5517
1619646165908255954 5429
1619646166908030598 1166
1619646167908051609 0
1619646168908112526 0
1619646169908055171 0
