1619642894251323240 0
1619642895251333126 0
1619642896251326647 0
1619642897251329012 0
1619642898251174602 0
1619642899251345240 0
1619642900251327491 0
1619642901251346785 0
1619642902251330160 0
1619642903251338065 0
1619642904251339578 0
1619642905251342999 0
1619642906251317960 0
1619642907251280733 0
1619642908251223987 0
1619642909251345382 0
1619642910251337482 0
1619642911251348883 0
1619642912251244941 421
1619642913251262139 846
1619642914251215475 839
1619642915251194729 836
1619642916251223252 823
1619642917251169597 838
1619642918251166681 832
1619642919251194077 819
1619642920251208497 829
1619642921251196608 825
1619642922251186246 817
1619642923251194042 815
1619642924251318346 826
1619642925251195447 827
1619642926251188149 815
1619642927251206841 842
1619642928251176513 811
1619642929251168123 817
1619642930251227568 825
1619642931251239812 815
1619642932251243140 826
1619642933251209000 825
1619642934251232246 825
1619642935251233972 824
1619642936251260096 827
1619642937251243212 823
1619642938251255349 822
1619642939251211151 846
1619642940251170534 815
1619642941251290372 833
1619642942251228900 824
1619642943251216313 824
1619642944251205659 825
1619642945251195803 821
1619642946251202767 836
1619642947251262313 822
1619642948251231748 832
1619642949251220793 820
1619642950251243318 834
1619642951251241014 820
1619642952251277142 824
1619642953251201076 821
1619642954251225370 824
1619642955251221257 826
1619642956251224636 815
1619642957251182650 816
1619642958251181211 822
1619642959251180849 819
1619642960251218451 822
1619642961251225875 829
1619642962251223631 825
1619642963251183740 827
1619642964251272692 829
1619642965251175067 837
1619642966251254621 821
1619642967251190171 826
1619642968251196700 830
1619642969251190418 825
1619642970251245917 824
1619642971251205655 822
1619642972251346354 418
1619642973251334021 0
1619642974251277129 0
