1619647737987764178 0
1619647738987887974 0
1619647739987885432 0
1619647740987909507 0
1619647741987845166 0
1619647742987887547 0
1619647743987900524 0
1619647744987905817 0
1619647745987915228 0
1619647746987937758 0
1619647747987814729 0
1619647748987898119 0
1619647749987914970 0
1619647750987869738 0
1619647751987893783 0
1619647752987743609 0
1619647753987750031 6168
1619647754987770893 6088
1619647755987883547 6103
1619647756987802116 6220
1619647757988010831 6092
1619647758987789807 6163
1619647759987808677 6146
1619647760987845308 5539
1619647761987943462 6131
1619647762987801758 5906
1619647763987742955 6181
1619647764987835073 6137
1619647765987834624 6071
1619647766987834568 6085
1619647767987765313 5924
1619647768988150082 6015
1619647769987740341 6129
1619647770987989798 6008
1619647771988102577 6168
1619647772988081788 5952
1619647773987768976 6034
1619647774987734432 6107
1619647775987827665 6077
1619647776987788518 5948
1619647777987747999 6080
1619647778987737266 6130
1619647779987793347 6076
1619647780987796246 6086
1619647781987777543 6060
1619647782988345866 5907
1619647783987824323 6093
1619647784987777343 5931
1619647785987774144 5805
1619647786987784156 5947
1619647787987769893 5919
1619647788987748261 5873
1619647789987778029 6010
1619647790987735521 5932
1619647791987815874 5993
1619647792987736463 6070
1619647793987831579 5921
1619647794987740305 5895
1619647795987748038 6032
1619647796987743742 5910
1619647797987866090 5931
1619647798987742347 6044
1619647799987752902 6087
1619647800988147938 5943
1619647801988023538 5834
1619647802987868965 6034
1619647803987847450 5830
1619647804987801126 5935
1619647805987822617 6178
1619647806987753999 6103
1619647807987759532 5956
1619647808987733683 6163
1619647809987850913 5901
1619647810988108617 6034
1619647811987791574 5810
1619647812987802827 5828
1619647813987882882 56
1619647814987814263 0
1619647815987855956 0
