1619646816951490247 0
1619646817951525080 0
1619646818951558047 0
1619646819951476792 0
1619646820951548744 0
1619646821951563699 0
1619646822951571082 0
1619646823951546200 0
1619646824951552587 0
1619646825951552238 0
1619646826951570305 0
1619646827951556084 0
1619646828951551741 0
1619646829951551949 0
1619646830951547673 0
1619646831951503044 0
1619646832951555024 0
1619646833951550404 0
1619646834951552612 0
1619646835951531149 0
1619646836951571751 0
1619646837951549514 0
1619646838951428520 3876
1619646839951400485 6824
1619646840951396710 6672
1619646841951400553 6690
1619646842951391975 6579
1619646843951462315 6623
1619646844951977364 6871
1619646845951498404 6473
1619646846951395370 6903
1619646847951422974 6570
1619646848952270245 6695
1619646849951746766 6475
1619646850951421255 6586
1619646851965651208 6637
1619646852951394287 6502
1619646853951386749 6564
1619646854951437707 6395
1619646855951402899 6471
1619646856951390925 6345
1619646857951622748 6551
1619646858951391841 6333
1619646859951439615 6364
1619646860951387254 6535
1619646861951393637 6589
1619646862951390669 6546
1619646863951484193 6524
1619646864951403840 6476
1619646865951480567 6389
1619646866951452559 6308
1619646867951473276 6537
1619646868951514579 6512
1619646869951531755 6417
1619646870951415866 6484
1619646871951409607 6269
1619646872951471529 6376
1619646873951415937 6219
1619646874951423957 6487
1619646875951668551 6194
1619646876951441828 6432
1619646877951393841 6200
1619646878951390387 6455
1619646879951419466 6427
1619646880951442824 6426
1619646881951481491 6526
1619646882951499174 6662
1619646883951417988 6480
1619646884951429221 6469
1619646885951759718 6385
1619646886951430629 6635
1619646887951701826 6325
1619646888951403622 6340
1619646889951484464 6472
1619646890951393816 6248
1619646891951407106 6213
1619646892951392950 6436
1619646893951435553 6227
1619646894951404701 6341
1619646895951718682 6457
1619646896951428968 6345
1619646897951391336 6665
1619646898951393378 2799
1619646899951541997 0
1619646900951509026 0
1619646901951559451 0
1619646902951461814 0
