1619647154521306797 0
1619647155521440668 0
1619647156521408330 0
1619647157521441630 0
1619647158521440169 0
1619647159521297343 0
1619647160521440411 0
1619647161521432732 0
1619647162521439537 0
1619647163521435569 0
1619647164521502425 0
1619647165521394683 0
1619647166521355193 0
1619647167521441685 0
1619647168521436985 0
1619647169521373666 0
1619647170521437965 0
1619647171521435829 0
1619647172521393585 0
1619647173521460421 3483
1619647174521306108 6675
1619647175521278216 6687
1619647176521291882 6803
1619647177521320275 6761
1619647178521262708 6657
1619647179521300986 6464
1619647180521360176 6130
1619647181521263901 6716
1619647182521268338 6641
1619647183521290595 6798
1619647184521302470 6629
1619647185521372272 6426
1619647186521276819 6237
1619647187521342342 6465
1619647188521296180 6608
1619647189521306461 6630
1619647190522002378 6417
1619647191521385722 6685
1619647192521276016 6396
1619647193521277341 6596
1619647194521275046 6226
1619647195521303574 6730
1619647196521291914 6489
1619647197521291724 6307
1619647198521353029 6358
1619647199521472388 6537
1619647200521276212 6511
1619647201521349945 6417
1619647202521269322 6352
1619647203521399653 6416
1619647204521320796 6180
1619647205521315863 6442
1619647206521274529 6330
1619647207521330736 6239
1619647208521306603 6477
1619647209521285157 6267
1619647210521297699 6286
1619647211521261962 6342
1619647212521292975 6231
1619647213521300406 6376
1619647214521269650 6113
1619647215521335031 6431
1619647216521329485 6430
1619647217521283447 6541
1619647218521463556 6180
1619647219521339073 6432
1619647220521287969 6278
1619647221521253899 6469
1619647222521290789 6294
1619647223521343102 6230
1619647224521424679 6699
1619647225521259028 6472
1619647226521445835 6443
1619647227521487770 6298
1619647228521385273 6034
1619647229522018755 6428
1619647230521311752 6449
1619647231521322854 6188
1619647232521272500 6244
1619647233521349452 2947
1619647234521285514 0
1619647235521343653 0
1619647236521352702 0
1619647237521321265 0
1619647238521369260 0
1619647239521366688 0
1619647240521378100 0
