1619643197566668381 0
1619643198566680784 0
1619643199566661973 0
1619643200566677485 0
1619643201566666489 0
1619643202566683755 0
1619643203566674283 0
1619643204566689393 0
1619643205566685805 0
1619643206566676320 0
1619643207566679844 0
1619643208566687548 0
1619643209566670956 0
1619643210566649316 0
1619643211566694749 0
1619643212566584036 667
1619643213566526692 1572
1619643214566721033 1553
1619643215566618517 1556
1619643216566547371 1545
1619643217566768700 1539
1619643218566727937 1567
1619643219566579869 1543
1619643220566625303 1553
1619643221566537144 1549
1619643222566534896 1538
1619643223566535922 1551
1619643224566580991 1520
1619643225566605901 1543
1619643226566575082 1545
1619643227566529809 1542
1619643228567019846 1518
1619643229566556321 1536
1619643230566530227 1521
1619643231566512037 1538
1619643232566575963 1556
1619643233566551644 1500
1619643234566682174 1551
1619643235566659218 1550
1619643236566521754 1539
1619643237566505811 1552
1619643238566527515 1544
1619643239566673341 1534
1619643240566534396 1547
1619643241566691359 1545
1619643242566523986 1556
1619643243566543150 1549
1619643244567066363 1537
1619643245566733141 1550
1619643246566546474 1558
1619643247566526860 1560
1619643248566595205 1533
1619643249566718309 1532
1619643250566651716 1548
1619643251566515165 1538
1619643252566542297 1535
1619643253566569903 1541
1619643254566548959 1541
1619643255566723992 1547
1619643256566547153 1526
1619643257566533309 1518
1619643258566562820 1544
1619643259566572804 1553
1619643260566544952 1537
1619643261566528605 1548
1619643262566534712 1550
1619643263566582244 1530
1619643264566703268 1546
1619643265566535614 1519
1619643266566893900 1546
1619643267566570435 1535
1619643268566594891 1537
1619643269566509451 1535
1619643270566708879 1542
1619643271566543808 1530
1619643272566679331 875
1619643273566696653 0
1619643274566682141 0
1619643275566602777 0
