1655700741527992765 0
1655700742529185367 0
1655700743530365025 0
1655700744531540061 0
1655700745532159303 0
1655700746533310029 0
1655700747534486731 0
1655700748535639353 0
1655700749536440590 0
1655700750537585449 0
1655700751538719736 0
1655700752539997659 0
1655700753541148954 0
1655700754541341198 0
1655700755542492490 0
1655700756543387900 0
1655700757543655121 0
1655700758544915783 0
1655700759545380156 0
1655700760546369361 0
1655700761547323414 0
1655700762548331238 0
1655700763549322471 0
1655700764550308965 0
1655700765551355686 0
1655700766552303502 0
1655700767553317366 0
1655700768554452493 0
1655700769555324049 0
1655700770556456334 0
1655700771557323859 0
1655700772558450220 0
1655700773559746280 0
1655700774561212604 0
1655700775562534390 26
1655700776563368189 46
1655700777563772141 52
1655700778565053846 50
1655700779566325291 49
1655700780567677730 49
1655700781568599399 50
1655700782569340388 49
1655700783570307255 51
1655700784571858316 50
1655700785572308709 50
1655700786573643701 50
1655700787574464926 45
1655700788575531970 55
1655700789576994209 50
1655700790577785215 43
1655700791578376968 50
1655700792579323000 46
1655700793580358952 51
1655700794581327243 50
1655700795582350878 47
1655700796583351907 48
1655700797584301422 52
1655700798586309527 52
1655700799587400977 44
1655700800588317783 50
1655700801590117149 54
1655700802591308988 49
1655700803592726987 45
1655700804593976570 48
1655700805594301638 53
1655700806595352307 50
1655700807596318672 49
1655700808597357914 40
1655700809598618575 46
1655700810601296703 42
1655700811602521202 52
1655700812603301040 52
1655700813604400838 52
1655700814605672843 48
1655700815606936051 50
1655700816607318811 48
1655700817608525897 55
1655700818609765756 44
1655700819610669498 48
1655700820611527335 51
1655700821612551014 50
1655700822613698242 53
1655700823614751889 50
1655700824616329146 49
1655700825617324647 51
1655700826618484536 49
1655700827619343087 53
1655700828620408149 50
1655700829621808513 51
1655700830622967290 46
1655700831624106851 52
1655700832625439097 48
1655700833626615589 47
1655700834627785456 50
1655700835628963154 50
1655700836630134220 51
1655700837630325979 42
1655700838631719617 49
1655700839632882961 48
1655700840634179282 52
1655700841635330358 49
1655700842636589931 52
1655700843638283893 48
1655700844639537794 53
1655700845641204360 48
1655700846642303364 49
1655700847643544055 53
1655700848645046491 51
1655700849646193181 48
1655700850647441779 49
1655700851648317615 52
1655700852649470409 45
1655700853650622726 46
1655700854651321501 44
1655700855652310309 52
1655700856653559896 50
1655700857654811820 49
1655700858655682334 50
1655700859656300576 48
1655700860657303659 50
1655700861658300353 51
1655700862659462113 46
1655700863660764093 49
1655700864662320851 50
1655700865663482014 6
1655700866664683577 0
1655700867665980685 0
1655700868667162617 0
