1655688742500756571 0
1655688743501964690 0
1655688744503135250 0
1655688745504306404 0
1655688746505441853 0
1655688747506176960 0
1655688748507354436 0
1655688749508437273 0
1655688750509594862 0
1655688751510316182 0
1655688752511457801 0
1655688753512793520 0
1655688754513370258 0
1655688755514660468 0
1655688756516015598 0
1655688757517168438 0
1655688758518345704 0
1655688759519316554 0
1655688760520317423 0
1655688761521505623 0
1655688762522786575 0
1655688763524128467 0
1655688764525434211 0
1655688765526662421 0
1655688766527932306 0
1655688767529206244 0
1655688768530497482 0
1655688769531323301 0
1655688770532599010 0
1655688771533475247 0
1655688772535031469 0
1655688773536285264 0
1655688774537603119 0
1655688775538311757 0
1655688776539397993 52
1655688777540315371 89
1655688778541308710 94
1655688779542321418 90
1655688780543314714 92
1655688781544518967 90
1655688782547834861 96
1655688783548790283 88
1655688784550042150 96
1655688785551340618 88
1655688786552314830 89
1655688787553440754 94
1655688788554292156 91
1655688789555286759 94
1655688790556408822 90
1655688791557376212 92
1655688792558304098 90
1655688793559310723 90
1655688794560327617 92
1655688795561511746 90
1655688796562299932 95
1655688797563379241 91
1655688798564318225 94
1655688799565455118 92
1655688800566336011 90
1655688801567486756 92
1655688802568317437 91
1655688803569326623 91
1655688804571969653 93
1655688805573116912 95
1655688806574324691 88
1655688807577311790 94
1655688808578306808 93
1655688809579524796 88
1655688810582326965 94
1655688811583305849 91
1655688812584371855 90
1655688813585315688 94
1655688814586370381 90
1655688815587549160 92
1655688816588311187 88
1655688817589462709 96
1655688818590633069 92
1655688819591814375 92
1655688820592953214 90
1655688821594120016 94
1655688822595448741 90
1655688823596317571 92
1655688824597306088 92
1655688825598712958 92
1655688826599307136 92
1655688827600313267 92
1655688828601331739 93
1655688829602330871 92
1655688830603305871 92
1655688831604292368 93
1655688832605304996 92
1655688833606420993 90
1655688834607303281 94
1655688835608307173 92
1655688836609323652 91
1655688837610759972 91
1655688838611297693 92
1655688839612322526 94
1655688840613300465 90
1655688841614362195 94
1655688842615331721 92
1655688843616491580 90
1655688844618113880 86
1655688845618658964 93
1655688846619296895 91
1655688847620315702 96
1655688848621447065 90
1655688849622328763 90
1655688850623301807 96
1655688851624307892 92
1655688852625323884 92
1655688853626325847 92
1655688854627368570 90
1655688855628311061 94
1655688856629329691 90
1655688857631306408 95
1655688858632303394 89
1655688859633420154 94
1655688860634670597 92
1655688861635939815 92
1655688862636441799 91
1655688863637328759 89
1655688864638650939 98
1655688865639812367 81
1655688866640158996 16
1655688867641295434 0
1655688868642423112 0
1655688869643617058 0