1619649965937514011 7507
1619649966937513019 7601
1619649967937699950 7679
1619649968937624599 8065
1619649969937784354 7691
1619649970937566808 7711
1619649971937750519 6712
1619649972937644522 7146
1619649973937536684 7160
1619649974937534993 7812
1619649975937539318 7665
1619649976937601009 7186
1619649977937525508 8130
1619649978937567038 7744
1619649979937534578 7802
1619649980937595039 7452
1619649981937714362 7363
1619649982937531074 7407
1619649983937517676 7727
1619649984937518550 7442
1619649985937525054 7621
1619649986937549081 7986
1619649987937532997 7912
1619649988937530294 7589
1619649989937573807 7881
1619649990937675378 7977
1619649991937652896 8191
1619649992937644211 8202
1619649993937583784 8444
1619649994937610879 7939
1619649995937554305 7751
1619649996937719418 7559
1619649997937584806 7485
1619649998937550400 7635
1619649999937599339 7326
1619650000937623572 7232
1619650001937526357 7608
1619650002937510499 7625
1619650003937525525 8055
1619650004937607620 7764
1619650005938329503 7797
1619650006937534818 7701
1619650007937613969 7932
1619650008937609358 7768
1619650009937527857 7638
1619650010937580636 7858
1619650011937642406 7797
1619650012937617849 7821
1619650013937562250 7784
1619650014937522479 7919
1619650015937522945 8049
1619650016937526785 7987
1619650017937547002 7533
1619650018937968184 8014
1619650019937588473 7568
1619650020937559487 7734
1619650021937509703 7798
1619650022937566773 7657
1619650023937532525 7723
