1619462531972094860 319
1619462531986487076 355
1619462532050378745 284
1619462532186819810 379
1619462532274088889 421
1619462532367948294 328
1619462532372964289 429
1619462532387417249 305
1619462532436391887 311
1619462532485574772 317
1619462532546147701 315
1619462532597609798 274
1619462532665931484 342
1619462532724514971 309
1619462532753745334 289
1619462532760943343 245
1619462532812541510 303
1619462532881064835 325
1619462532979347288 272
1619462533010956171 300
1619462533022945726 375
1619462533081272818 330
1619462533160919293 329
1619462533175889622 323
1619462533188393523 263
1619462533207801871 262
1619462533244379949 287
1619462533253988014 221
1619462533273715566 284
1619462533406653970 219
1619462533471720599 330
1619462533486719781 320
1619462533511469816 317
1619462533577501847 279
1619462533638287265 302
1619462533685198716 297
1619462533715043460 315
1619462533717542329 315
1619462533732538314 330
1619462533759660592 292
1619462533825562403 315
1619462533835550279 375
1619462533850294478 289
1619462533937873170 336
1619462533955346680 314
1619462533970166405 322
1619462533987396350 313
1619462533992469842 342
1619462534037140999 353
1619462534132548250 310
1619462534152377470 284
1619462534181683613 303
1619462534230445099 379
1619462534257720390 292
1619462534277688613 311
1619462534314814478 320
1619462534429224203 288
1619462534431649371 313
1619462534493423337 325
1619462534515651683 312
1619462534520675814 276
1619462534634465625 311
1619462534639363571 318
1619462534713434403 319
1619462534720953688 320
1619462534770058010 312
1619462534909594443 292
1619462534936795749 307
1619462534944140273 283
1619462534978846942 273
1619462535015378519 284
1619462535087122988 328
1619462535099396016 325
1619462535143473760 268
1619462535244471618 405
1619462535251902461 319
1619462535408566259 315
1619462535453525268 392
1619462535495758039 456
1619462535593037554 343
1619462535630229653 337
1619462535659493821 319
1619462535703215908 316
1619462535834981891 293
1619462535844851835 287
1619462535862182262 270
1619462535874406795 315
1619462536042436179 335
1619462536062558209 482
1619462536085069642 394
1619462536127706529 344
1619462536130208758 310
1619462536135358254 394
1619462536153024672 356
1619462536282011533 340
1619462536284374292 313
1619462536286961686 343
1619462536360396088 273
1619462536422027183 325
1619462536552410813 386
1619462536667314310 413
1619462536707210740 303
1619462536757166876 305
1619462536811620993 293
1619462536902365426 325
1619462536971629657 319
1619462536988741921 315
1619462536991223523 293
1619462537037928970 308
1619462537045366194 309
1619462537178223387 339
1619462537195691010 331
1619462537212800570 278
1619462537217691184 285
1619462537288658374 314
1619462537325760448 338
1619462537363087292 316
1619462537408174915 1139
1619462537507931734 297
1619462537549505810 299
1619462537551996122 307
1619462537559412335 311
1619462537586261315 299
1619462537633123803 371
1619462537682010677 460
1619462537713699996 300
1619462537811866836 315
1619462537821876320 323
1619462537826779072 304
1619462537918376557 288
1619462537938131882 314
1619462537947903068 312
1619462537989692963 309
1619462538026576545 340
1619462538053794487 283
1619462538098654869 341
1619462538101112156 354
1619462538205521555 361
1619462538230100569 282
1619462538254665247 422
1619462538272035718 396
1619462538301649332 348
1619462538309017227 350
1619462538314040327 315
1619462538403000254 326
1619462538443360135 344
1619462538485062085 316
1619462538499838757 309
1619462538532058968 364
1619462538592963893 276
1619462538637133659 283
1619462538750485626 297
1619462538752959379 311
1619462538772780376 424
1619462538807551929 298
1619462538827547613 320
1619462538857403451 428
1619462538941220223 320
1619462538958699235 327
1619462539089081600 307
1619462539251991117 350
1619462539262195746 463
1619462539366110601 327
1619462539390785099 281
1619462539530320692 339
1619462539540397343 338
1619462539567868447 308
1619462539607705378 397
1619462539659960656 392
1619462539766614449 369
1619462539821992144 351
1619462539861031366 283
1619462540109160745 277
1619462540167679424 293
1619462540174910134 311
1619462540388937707 299
1619462540427725864 303
1619462540515167142 313
1619462540517586339 305
1619462540643716826 312
1619462540737870944 358
1619462540747515604 364
1619462540784535718 294
1619462540791883158 282
1619462540830901931 280
1619462540833372497 371
1619462540931524540 365
1619462541000092589 311
1619462541033987056 271
1619462541046121030 261
1619462541067829014 264
1619462541096057686 249
1619462541129206757 271
1619462541158248883 307
1619462541201620213 291
1619462541211316490 286
1619462541240200140 285
1619462541322370222 322
1619462541332039308 309
1619462541351371955 311
1619462541370737547 296
1619462541427057277 312
1619462541557549436 344
1619462541594647659 284
1619462541599580815 325
1619462541602138809 367
1619462541644410295 274
1619462541745250008 321
1619462541853745890 291
1619462541885486765 273
1619462541908315417 1033
1619462541938258354 329
1619462542123054330 270
1619462542165168568 337
1619462542222838710 332
1619462542264119512 298
1619462542269204099 323
1619462542291488173 332
1619462542308659474 254
1619462542315863303 303
1619462542362631987 407
1619462542399389224 288
1619462542680215615 282
1619462542707107084 295
1619462542721730684 288
1619462542734016270 334
1619462542788942364 299
1619462542816643876 297
1619462542898680484 345
1619462542906170088 329
1619462542920942059 277
1619462542967817218 321
1619462543056363720 313
1619462543088768203 427
1619462543093638049 339
1619462543136056268 373
1619462543153525575 313
1619462543181085874 340
1619462543206038653 305
1619462543265341262 459
1619462543307269616 273
1619462543400577249 295
1619462543408651347 361
1619462543423596924 301
1619462543440994683 303
1619462543510408663 482
1619462543545138768 297
1619462543589490998 274
1619462543619011922 282
1619462543711927794 310
1619462543764113848 1000
1619462543935399196 275
1619462543964593031 279
1619462543986699274 286
1619462543989103213 304
1619462544030640103 326
1619462544176464361 310
1619462544259742796 327
1619462544274487001 312
1619462544291591395 302
1619462544318848462 298
1619462544406644244 307
1619462544438287654 316
1619462544490219469 337
1619462544519925152 291
1619462544606331678 351
1619462544611242653 279
1619462544710639623 394
1619462544737991946 358
1619462544757510925 278
1619462544865473533 296
1619462544877980591 385
1619462544981764866 283
1619462545125683738 282
1619462545213939531 293
1619462545221204120 308
1619462545425955047 299
1619462545433383291 384
1619462545472611664 264
1619462545477462419 261
1619462545584618548 271
1619462545661298236 313
1619462545693900970 352
1619462545706455303 301
1619462545711363510 303
1619462545775384518 348
1619462545820409146 353
1619462545825443786 391
1619462545867109057 289
1619462545984617712 273
1619462546058398490 478
1619462546080717027 410
1619462546095523360 320
1619462546130240785 283
1619462546177259613 300
1619462546216889709 303
1619462546266574699 272
1619462546300888325 276
1619462546338161827 323
1619462546442708259 367
1619462546457744234 361
1619462546482932767 351
1619462546559039215 360
1619462546561520693 317
1619462546563980510 328
1619462546610653941 361
1619462546640434324 333
1619462546782584172 339
1619462546829409364 326
1619462546854014322 315
1619462546871230021 322
1619462546888457133 322
1619462546890956392 333
1619462546908733387 326
1619462547004654116 331
1619462547009596820 328
1619462547146062501 339
1619462547235024357 337
1619462547259660927 339
1619462547291343366 334
1619462547320901479 229
1619462547340116972 303
1619462547364638307 298
1619462547384408308 309
1619462547419170214 328
1619462547445981123 321
1619462547514646388 325
1619462547564028225 295
1619462547600847774 369
1619462547623475638 332
1619462547697490501 278
1619462547778940070 273
1619462547854397593 278
1619462547859258096 257
1619462547881197109 247
1619462547911125559 261
1619462548008950529 305
1619462548018750752 369
1619462548078071709 238
1619462548418619215 363
1619462548546582003 296
1619462548588382057 281
1619462548590760673 310
1619462548629478709 322
1619462548653716661 261
1619462548668354667 303
1619462548700267503 303
1619462548754281580 380
1619462548774141452 278
1619462548808609745 324
1619462548833171194 297
1619462548850233075 314
1619462548872310475 329
1619462548887281024 318
1619462548916799018 277
1619462549008416918 367
1619462549192258384 303
1619462549201942623 271
1619462549277996630 398
1619462549423225741 305
1619462549430599112 338
1619462549447579607 334
1619462549464658157 314
1619462549469528615 355
1619462549489126528 262
1619462549597898806 323
1619462549612878092 394
1619462549664676026 363
1619462549701513328 317
1619462549735670928 234
1619462549966230729 282
1619462550032438259 361
1619462550037449786 347
1619462550087182624 281
1619462550109123283 303
1619462550213696026 329
1619462550218536662 328
1619462550316183567 319
1619462550318761009 335
1619462550382457453 316
1619462550384947175 295
1619462550414576928 287
1619462550511537492 330
1619462550573083088 294
1619462550739545784 337
1619462550764592258 349
1619462550792265059 298
1619462550817149206 288
1619462550911366413 281
1619462550918710613 318
1619462550997546274 270
1619462551056065694 355
1619462551075889981 294
1619462551258035684 271
1619462551365821229 298
1619462551448879707 358
1619462551505622781 265
1619462551608378134 276
1619462551673805765 272
1619462551683468190 317
1619462551769604818 322
1619462551963057480 327
1619462551997851829 356
1619462552002862591 348
1619462552037782375 337
1619462552055016612 398
1619462552064929268 391
1619462552109620198 372
1619462552127246777 291
1619462552276612744 296
1619462552283979261 295
1619462552424230274 272
1619462552458324941 293
1619462552490561377 409
1619462552517901489 332
1619462552587764581 307
1619462552675112667 337
1619462552710047165 331
1619462552719906639 350
1619462552824854808 335
1619462552870154350 455
1619462552885035866 334
1619462552910972829 326
1619462552913584744 412
1619462553013181078 310
1619462553015695127 334
1619462553032910098 318
1619462553055014886 284
1619462553099357592 325
1619462553109120879 300
1619462553194317408 315
1619462553204121295 258
1619462553301188705 351
1619462553318488494 362
1619462553492666985 282
1619462553507254474 293
1619462553519507151 324
1619462553597775536 297
1619462553644622312 381
1619462553711027374 364
1619462553758088881 308
1619462553767835196 285
1619462553834316831 335
1619462553928252000 315
1619462553977047118 299
1619462554040652564 325
1619462554116728489 321
1619462554193007722 282
1619462554261955832 300
1619462554335161948 271
1619462554359618011 299
1619462554364658264 320
1619462554386824589 312
1619462554453381725 303
1619462554477930996 329
1619462554615437628 330
1619462554620493593 406
1619462554674149070 338
1619462554706038109 332
1619462554715800242 322
1619462554833562572 286
1619462554845784061 300
1619462554919231802 309
1619462554966131860 384
1619462554971270179 448
1619462555128695882 268
1619462555236444457 315
1619462555355428030 347
1619462555368006207 304
1619462555375392416 327
1619462555419276333 329
1619462555424288847 309
1619462555438556453 266
1619462555448324112 258
1619462555450770771 348
1619462555458220142 381
1619462555497567330 318
1619462555543811379 347
1619462555570548252 242
1619462555707007202 303
1619462555731294991 292
1619462555855829259 293
1619462555885362938 318
1619462555910093217 313
1619462555934339325 320
1619462555936743331 341
1619462556075003398 361
1619462556089457085 312
1619462556142614909 322
1619462556145093174 289
1619462556147571345 328
1619462556150060699 297
1619462556154947259 275
1619462556208747102 369
1619462556401174653 296
1619462556430834050 333
1619462556516142234 307
1619462556609220432 340
1619462556652520723 228
1619462556944499169 300
1619462556986209609 279
1619462557045430326 318
1619462557062763657 268
1619462557065224713 263
1619462557084626690 309
1619462557101573736 247
1619462557189945483 232
1619462557197329546 256
1619462557216702002 255
1619462557248745036 260
1619462557338946339 278
1619462557348709240 298
1619462557370875458 468
1619462557437971011 310
1619462557445232570 313
1619462557533217237 297
1619462557535700537 317
1619462557592253102 273
1619462557599568733 319
1619462557631317110 316
1619462557633843013 346
1619462557675929973 288
1619462557693108399 310
1619462557786560785 307
1619462557798846561 317
1619462557813927121 292
1619462557836331263 357
1619462557848660273 314
1619462557866087646 318
1619462557970319816 300
1619462558007294911 287
1619462558074194489 343
1619462558279408372 322
1619462558294561231 342
1619462558334307766 318
1619462558413895286 332
1619462558421253632 367
1619462558485408435 271
1619462558549754250 317
1619462558689321172 401
1619462558714398872 386
1619462558724444407 375
1619462558739642028 306
1619462558744692219 366
1619462558754646964 331
1619462558799880682 345
1619462558825356584 417
1619462558857971092 374
1619462558870310113 300
1619462558908699200 1087
1619462558999821394 322
1619462559012047672 285
1619462559066149734 326
1619462559137981867 370
1619462559192219478 303
1619462559224623343 322
1619462559286023739 279
1619462559305410192 313
1619462559324873527 308
1619462559342116814 269
1619462559381164083 309
1619462559396102752 277
1619462559453262359 357
1619462559480844476 272
1619462559507904162 317
1619462559539954998 349
1619462559547292654 408
1619462559628170460 305
1619462559630660152 337
1619462559655386343 357
1619462559657876829 352
1619462559762920697 327
1619462559860633117 340
1619462559863006225 336
1619462559882613966 354
1619462559917291243 335
1619462559934626881 296
1619462559969523524 317
1619462560119544513 300
1619462560134480149 390
1619462560190856634 393
1619462560220600499 357
1619462560225439319 281
1619462560242460751 312
1619462560291284969 357
1619462560325494832 287
1619462560660962262 309
1619462560793787772 303
1619462560832857710 314
1619462560850004122 328
1619462560875224066 345
1619462560880282056 368
1619462560887745800 321
1619462561011503968 344
1619462561026296082 384
1619462561028725003 316
1619462561085179748 299
1619462561119259438 315
1619462561143628427 281
1619462561168106208 303
1619462561175546393 281
1619462561258768901 327
1619462561266919630 370
1619462561271955321 296
1619462561284654464 350
1619462561347105930 341
1619462561369478093 310
1619462561384178007 318
1619462561428537909 313
1619462561443317665 275
1619462561475136323 319
1619462561480079561 318
1619462561544216893 364
1619462561593453189 309
1619462561623145270 321
1619462561659871228 311
1619462561698962070 319
1619462561701444320 301
1619462561703925989 302
1619462561792433328 325
1619462561902667212 302
1619462562016721772 390
1619462562078168434 267
1619462562149172163 284
1619462562206627744 409
1619462562246529383 359
1619462562326804095 266
1619462562360688944 322
1619462562407834508 331
1619462562532204480 319
1619462562572039733 385
1619462562663057084 284
1619462562707190726 282
1619462562709613834 323
1619462562729632682 310
1619462562739329766 293
1619462562756644526 309
1619462562791393279 325
1619462562904472739 281
1619462562996198492 310
1619462563130430752 455
1619462563152471235 333
1619462563154988736 278
1619462563179556818 321
1619462563194336761 318
1619462563228657308 284
1619462563231078724 319
1619462563410147716 304
1619462563422488231 392
1619462563439533895 329
1619462563444365641 355
1619462563487660492 329
1619462563506813447 369
1619462563511625864 364
1619462563643864397 312
1619462563668487960 318
1619462563750225424 309
1619462563757469899 306
1619462563798682412 303
1619462563926171624 318
1619462564049637595 333
1619462564152126468 222
1619462564225578667 369
1619462564257352510 367
1619462564344814856 352
1619462564347151948 281
1619462564444205579 340
1619462564458870109 341
1619462564624053468 322
1619462564646097592 321
1619462564707684389 333
1619462564717548997 270
1619462564739600580 325
1619462564754504806 319
1619462564769212879 312
1619462564771648745 269
1619462564781387892 351
1619462564798892837 321
1619462564897734434 324
1619462564944916551 333
1619462564959543955 307
1619462564964401561 282
1619462564966835838 319
1619462565047308979 357
1619462565083826113 317
1619462565091190543 281
1619462565093612373 312
1619462565096180468 324
1619462565130833098 311
1619462565212164373 293
1619462565385950893 477
1619462565421830456 328
1619462565446459725 324
1619462565505206547 322
1619462565522435184 314
1619462565599431326 298
1619462565685024151 267
1619462565731441590 344
1619462565763183136 324
1619462565817361515 401
1619462565928382510 242
1619462566001785386 260
1619462566237548164 312
1619462566382705854 314
1619462566495762013 332
1619462566527866383 329
1619462566731704138 273
1619462566793559759 274
1619462566817922127 288
1619462566923984669 288
1619462566985241777 320
1619462566999848914 289
1619462567031840244 255
1619462567091823067 298
1619462567104516600 379
1619462567107049301 361
1619462567188083625 296
1619462567224294526 305
1619462567289007264 314
1619462567333509440 354
1619462567392628094 322
1619462567454040102 445
1619462567471055197 311
1619462567625940963 317
1619462567662642964 291
1619462567742241296 341
1619462567762569824 327
1619462567767675132 320
1619462567813226029 392
1619462567830502849 344
1619462567832968990 258
1619462567938985960 295
1619462568008778880 400
1619462568038995463 302
1619462568121692869 380
1619462568146588709 374
1619462568234871800 292
1619462568247010500 277
1619462568345103832 273
1619462568609668033 269
1619462568624289714 335
1619462568862623414 380
1619462568948440043 276
1619462568967944923 284
1619462569045785237 270
1619462569079791856 274
1619462569148922026 388
1619462569271863169 305
1619462569291076906 342
1619462569372508928 304
1619462569487566910 278
1619462569531444316 313
1619462569565988787 315
1619462569615016880 330
1619462569661529152 357
1619462569666486152 350
1619462569805704653 318
1619462569837706346 299
1619462569840123590 281
1619462569847411166 311
1619462569862199465 311
1619462569970349976 306
1619462570002383581 238
1619462570115495965 280
1619462570235453298 225
1619462570251942510 241
1619462570269349899 293
1619462570288294020 286
1619462570302627862 340
1619462570363956728 266
1619462570388344506 325
1619462570398203357 324
1619462570436156035 304
1619462570468055415 318
1619462570563648090 217
1619462570568349690 211
1619462570592052111 320
1619462570653047744 315
1619462570718900896 382
1619462570753261669 355
1619462570773329767 453
1619462570795623897 366
1619462570854671692 325
1619462571020356638 290
1619462571032531731 265
1619462571057189306 323
1619462571062141421 275
1619462571129086547 313
1619462571148855304 305
1619462571163515258 322
1619462571197939528 299
1619462571296465769 288
1619462571328614290 313
1619462571658091440 351
1619462571663075585 388
1619462571665487794 348
1619462571702138749 284
1619462571704609765 307
1619462571739405309 390
1619462571759315295 377
1619462571815749293 313
1619462571820648967 322
1619462571871900825 319
1619462571960650017 328
1619462571997691655 361
1619462572078210898 352
1619462572432245168 309
1619462572471105274 286
1619462572480804893 286
1619462572587256338 327
1619462572636409972 277
1619462572829155395 294
1619462572851486341 324
1619462572853998755 324
1619462572861304201 309
1619462572965927735 341
1619462573024923000 279
1619462573168379310 359
1619462573218103254 335
1619462573225539040 280
1619462573250137638 289
1619462573337228085 328
1619462573347309195 345
1619462573409316006 309
1619462573419257421 406
1619462573520434873 342
1619462573598854675 362
1619462573623410586 334
1619462573750605149 300
1619462573829104950 268
1619462573851316040 360
1619462573861202376 305
1619462573868521317 263
1619462573986024525 334
1619462574087040588 357
1619462574096734872 313
1619462574153377110 264
1619462574202159864 323
1619462574282500509 332
1619462574290093452 423
1619462574373073671 307
1619462574375570167 321
1619462574456439674 270
1619462574490285868 298
1619462574492800551 330
1619462574531513191 329
1619462574577942647 337
1619462574597448601 317
1619462574636404817 299
1619462574650990003 333
1619462574692412314 305
1619462574702254592 394
1619462574818443848 286
1619462574840388688 264
1619462574852649135 301
1619462574865037910 350
1619462574902162006 363
1619462574921801257 315
1619462574929249727 285
1619462575006386842 309
1619462575067981017 314
1619462575070484358 319
1619462575181893777 326
1619462575199303886 315
1619462575297675743 360
1619462575399040854 277
1619462575421453706 295
1619462575545334185 200
1619462575576417633 297
1619462575590732159 323
1619462575663050379 311
1619462575675075822 259
1619462575737723915 322
1619462575813007517 311
1619462575862382633 293
1619462575867344239 313
1619462575914428109 289
1619462575997537777 362
1619462576032798790 265
1619462576045169064 325
1619462576168368481 313
1619462576200724075 287
1619462576372933894 371
1619462576434337013 335
1619462576610497317 315
1619462576656748338 272
1619462576788310315 369
1619462576818185347 376
1619462577063270636 332
1619462577221260951 321
1619462577286786363 322
1619462577291768826 381
1619462577346532132 287
1619462577379159118 356
1619462577404151288 319
1619462577406656801 314
1619462577538766109 334
1619462577553372760 308
1619462577568028673 309
1619462577585127888 305
1619462577592470006 329
1619462577781977722 383
1619462577894879964 340
1619462577926996732 279
1619462577996562558 308
1619462578063628817 289
1619462578078508942 337
1619462578153092695 296
1619462578180156355 323
1619462578225194612 359
1619462578274788664 429
1619462578339066614 310
1619462578393558158 413
1619462578416578296 274
1619462578473809776 282
1619462578476392705 415
1619462578488617638 306
1619462578589800887 309
1619462578633932412 333
1619462578806110746 285
1619462578850079991 421
1619462578918868491 330
1619462579004872119 309
1619462579084161603 348
1619462579091821727 304
1619462579104284838 334
1619462579144344636 336
1619462579192098548 280
1619462579238504820 286
1619462579317519648 217
1619462579322359110 248
1619462579371902029 217
1619462579436126732 310
1619462579443329996 292
1619462579573680802 311
1619462579608193564 325
1619462579633386772 313
1619462579677576469 273
1619462579728996884 277
1619462579799809549 295
1619462579814379376 270
1619462579917149843 305
1619462579919518982 308
1619462579984799488 173
1619462580029877067 244
1619462580041671287 259
1619462580046426361 254
1619462580117881196 228
1619462580160548899 227
1619462580309588334 350
1619462580334440746 294
1619462580459668043 284
1619462580491845838 315
1619462580513927313 334
1619462580526047785 317
1619462580562821347 324
1619462580685065374 275
1619462580687516791 263
1619462580711749571 310
1619462580741099064 275
1619462580946676226 313
1619462581074673374 376
1619462581116196418 322
1619462581158312448 394
1619462581271802090 361
1619462581366009175 247
1619462581380386391 254
1619462581394926895 380
1619462581397329896 306
1619462581404695268 267
1619462581475060050 309
1619462581497081675 287
1619462581504364131 302
1619462581589368368 308
1619462581645813239 304
1619462581702605256 369
1619462581722830715 356
1619462581829264108 332
1619462581841251954 392
1619462581853638460 264
1619462581870859315 333
1619462581893114736 290
1619462581933042763 315
1619462581955343546 329
1619462582167289642 320
1619462582189197596 262
1619462582201264757 328
1619462582279768098 300
1619462582284809927 348
1619462582367637960 361
1619462582408270125 323
1619462582428014543 331
1619462582442757030 287
1619462582459681940 260
1619462582526302683 323
1619462582548460612 298
1619462582553413134 285
1619462582570561672 328
1619462582582805794 325
1619462582602303251 336
1619462582626516264 284
1619462582689804358 280
1619462582711568133 254
1619462582714011364 334
1619462582830652386 267
1619462582936761109 356
1619462582974192335 369
1619462583037422169 352
1619462583052049522 326
1619462583130249657 310
1619462583232832885 317
1619462583262151967 313
1619462583279364843 292
1619462583340905514 249
1619462583350862561 393
1619462583358310327 349
1619462583385168377 310
1619462583422431877 354
1619462583467451603 273
1619462583487182369 354
1619462583587361180 297
1619462583654304942 290
1619462583673945307 297
1619462583732773330 304
1619462583759629608 378
1619462583772170051 285
1619462583814095805 314
1619462583826327733 283
1619462583892385597 268
1619462584022480315 307
1619462584049478820 307
1619462584076571413 454
1619462584172139727 324
1619462584255433700 339
1619462584265356054 305
1619462584272814259 341
1619462584282901526 355
1619462584293129528 380
1619462584342211977 327
1619462584376586206 324
1619462584571622144 266
1619462584607331387 293
1619462584784191081 327
1619462584833305186 309
1619462584862895527 355
1619462584880293086 339
1619462584912079022 312
1619462584926746986 309
1619462584953088518 325
1619462584957770005 312
1619462584990996411 234
1619462585060600801 291
1619462585134993533 298
1619462585171992973 276
1619462585406599626 339
1619462585441587675 302
1619462585499210379 317
1619462585544168270 347
1619462585561619851 312
1619462585591131915 269
1619462585608179594 285
1619462585780556399 378
1619462585909956996 297
1619462585912455952 313
1619462585914815500 238
1619462586000552912 317
1619462586020389974 330
1619462586042971654 403
1619462586074967907 320
1619462586168713060 268
1619462586350729307 471
1619462586397652732 298
1619462586467450958 307
1619462586506618298 269
1619462586516600010 309
1619462586575343712 309
1619462586577796134 287
1619462586634231867 311
1619462586656209439 314
1619462586680862852 322
1619462586688194495 278
1619462586702863373 286
1619462586722347863 292
1619462586767154452 385
1619462586872803265 335
1619462586882852618 324
1619462587073575775 415
1619462587078512689 399
1619462587162539857 386
1619462587229773906 318
1619462587244420943 313
1619462587261569067 287
1619462587272149679 267
1619462587284438473 338
1619462587309763783 472
1619462587332019742 359
1619462587372073901 380
1619462587399665402 348
1619462587441959161 354
1619462587459413618 466
1619462587514163596 385
1619462587541538241 343
1619462587610234535 285
1619462587660055271 381
1619462587714022931 277
1619462587733715606 303
1619462587863563823 327
1619462587927887806 341
1619462587969683725 332
1619462587977135299 301
1619462588012154718 313
1619462588117915472 341
1619462588147203949 321
1619462588229400649 316
1619462588398015977 473
1619462588425456141 277
1619462588469674734 301
1619462588499200424 315
1619462588559967710 309
1619462588613604586 290
1619462588645355623 312
1619462588672621616 285
1619462588823981480 284
1619462588833911839 335
1619462588874139645 283
1619462588942208392 368
1619462589045056996 314
1619462589187442292 319
1619462589189903127 341
1619462589204780809 278
1619462589236475481 269
1619462589341765126 267
1619462589358777851 327
1619462589385989351 389
1619462589398045373 317
1619462589526638737 276
1619462589591231151 289
1619462589593690907 266
1619462589623245294 277
1619462589642797665 354
1619462589650005521 243
1619462589657219541 326
1619462589779168735 346
1619462589815428336 309
1619462589837261046 277
1619462589981372330 274
1619462590013318189 363
1619462590055373703 273
1619462590183691816 369
1619462590195902563 320
1619462590295013908 307
1619462590353588528 293
1619462590434839518 317
1619462590442239426 347
1619462590489590137 298
1619462590499627663 372
1619462590619172687 319
1619462590831986779 341
1619462590844230100 285
1619462590846634410 301
1619462590927111722 309
1619462590983497074 383
1619462590985875954 315
1619462591000649079 276
1619462591094058272 303
1619462591157472851 299
1619462591162366011 311
1619462591179498458 284
1619462591223781701 311
1619462591233647897 342
1619462591359004493 327
1619462591474014028 281
1619462591476604212 351
1619462591500921619 308
1619462591510822605 331
1619462591624679543 351
1619462591731965481 332
1619462591747021249 344
1619462591759292832 333
1619462591781881017 317
1619462591811463051 338
1619462591821383833 301
1619462591894451419 299
1619462591936490044 253
