1619457778080444241 26967
1619457779080441258 31281
1619457780080470226 31612
1619457781080470197 31541
1619457782080473866 31486
1619457783080494673 31462
1619457784080482015 31297
1619457785080443389 31700
1619457786080441517 31461
1619457787080457273 31553
1619457788080460801 31512
1619457789080450451 31613
1619457790080482282 31410
1619457791080445224 31691
1619457792080444171 31527
1619457793080451651 31622
1619457794080452006 31669
1619457795080450315 31503
1619457796080463225 31212
1619457797080453147 31507
1619457798080464322 31171
1619457799080445960 31290
1619457800080492224 31564
1619457801080475263 31479
1619457802080467255 31533
1619457803080453614 31392
1619457804080452010 31424
1619457805080514868 31307
1619457806080469030 31536
1619457807080447110 31440
1619457808080458251 31508
1619457809080455854 31312
1619457810080458717 31255
1619457811080443429 31351
1619457812080462126 31192
1619457813080440902 31598
1619457814080451808 31426
1619457815080441241 31331
1619457816080447887 31312
1619457817080472053 31523
1619457818080474001 31585
1619457819080481485 31420
1619457820080477011 31179
1619457821080447242 31520
1619457822080445398 31527
1619457823080450423 31338
1619457824080440771 31668
1619457825080445198 31474
1619457826080441773 31407
1619457827080443369 31519
1619457828080477118 31673
1619457829080446555 31335
1619457830080469019 31463
1619457831080485634 31411
1619457832080443077 31716
1619457833080466956 31677
1619457834080442427 31486
1619457835080466434 31509
1619457836080447082 31422
1619457837080507623 27474
