1619457897042762539 32129
1619457898042768503 31941
1619457899042803809 32248
1619457900042772410 32187
1619457901042784195 32023
1619457902042775944 31924
1619457903042774959 32277
1619457904042788457 32066
1619457905042765276 32232
1619457906042772294 32251
1619457907042801240 32359
1619457908042767256 32189
1619457909042780658 32199
1619457910042799569 32444
1619457911042787007 32357
1619457912042785848 32283
1619457913042784610 32270
1619457914042771700 32269
1619457915042772794 32275
1619457916042784304 32362
1619457917042791928 32106
1619457918042770883 32360
1619457919042812615 32205
1619457920042799625 32419
1619457921042769854 32455
1619457922042781317 32378
1619457923042783465 32380
1619457924042774540 32385
1619457925042811563 32246
1619457926042793081 32438
1619457927042787765 32129
1619457928042782000 32374
1619457929042766259 32413
1619457930042779147 32508
1619457931042768894 32382
1619457932042764696 32323
1619457933042765004 32425
1619457934042805928 32406
1619457935042812249 32212
1619457936042764631 32357
1619457937042803602 32269
1619457938042788253 32394
1619457939042764086 32323
1619457940042788444 32336
1619457941042768184 32391
1619457942042766056 32300
1619457943042848343 32229
1619457944042802502 32470
1619457945042774362 32423
1619457946042770299 32196
1619457947042775890 32422
1619457948042762926 32341
1619457949042785061 32234
1619457950042834782 32473
1619457951042769089 32370
1619457952042767260 32402
1619457953042764790 32328
1619457954042772763 32269
1619457955042785430 32439
