1619458524735388672 34879
1619458525735381211 34781
1619458526735380856 34717
1619458527735393029 34484
1619458528735386454 33652
1619458529735436235 34173
1619458530735384525 35032
1619458531735408601 35199
1619458532735385371 34870
1619458533735425470 35048
1619458534735376613 34299
1619458535735373326 34697
1619458536735401642 34684
1619458537735415050 35052
1619458538735417462 35025
1619458539735377896 34665
1619458540735393917 34642
1619458541735416407 34121
1619458542735375545 34784
1619458543735424181 34475
1619458544735373946 35119
1619458545735456945 34923
1619458546735373471 34991
1619458547735373891 35502
1619458548735389679 35029
1619458549735387774 34923
1619458550735384035 34879
1619458551735414881 35922
1619458552735409800 35257
1619458553735377946 35465
1619458554735404762 35200
1619458555735379909 34464
1619458556735386339 34854
1619458557735466792 34127
1619458558735391808 35147
1619458559735388104 35361
1619458560735378485 35013
1619458561735380208 35278
1619458562735386982 35259
1619458563735394664 34981
1619458564735436832 34739
1619458565735397456 35023
1619458566735385489 34735
1619458567735408407 34599
1619458568735387690 34829
1619458569735415002 34876
1619458570735378531 34438
1619458571735401207 34894
1619458572735375809 34572
1619458573735374699 35512
1619458574735374809 35323
1619458575735374002 35555
1619458576735373614 35451
1619458577735384197 35287
1619458578735389564 35277
1619458579735412924 35474
1619458580735457477 35235
1619458581735382527 35592
1619458582735384425 35462
