1619457275310208521 26251
1619457276310219347 26020
1619457277310246674 26227
1619457278310238759 26169
1619457279310195903 26403
1619457280310210483 26452
1619457281310201943 26598
1619457282310200545 26357
1619457283310242770 26304
1619457284310191595 26323
1619457285310198593 26603
1619457286310260849 26416
1619457287310187314 26533
1619457288310217269 26520
1619457289310233188 26579
1619457290310210122 26635
1619457291310191748 26521
1619457292310195302 26528
1619457293310197418 26514
1619457294310195420 26498
1619457295310208195 26585
1619457296310188079 26713
1619457297310200875 26418
1619457298310219931 26304
1619457299310282904 26223
1619457300310207044 26540
1619457301310225202 26382
1619457302310229742 26251
1619457303310253053 26151
1619457304310192180 26425
1619457305310231887 26307
1619457306310206025 26300
1619457307310196999 26377
1619457308310187042 26658
1619457309310182541 26100
1619457310310245531 26309
1619457311310214683 26168
1619457312310214671 26393
1619457313310208148 26400
1619457314310190463 26446
1619457315310237885 26298
1619457316310227041 26313
1619457317310230216 26280
1619457318310215263 26305
1619457319310189823 26366
1619457320310238103 26428
1619457321310225219 26395
1619457322310190848 26358
1619457323310212848 26499
1619457324310209904 26447
1619457325310278107 26298
1619457326310194218 26309
1619457327310261181 26369
1619457328310183293 26269
1619457329310243744 26306
1619457330310257435 26451
1619457331310193841 26482
1619457332310181511 26578
1619457333310274597 26618
