1619457361672238384 26837
1619457362672240084 26775
1619457363672233869 26890
1619457364672242144 26779
1619457365672272698 26661
1619457366672222095 26871
1619457367672284208 27113
1619457368672255857 26871
1619457369672265395 27102
1619457370672230048 27357
1619457371672242199 27222
1619457372672253259 27463
1619457373672223687 27248
1619457374672247020 27362
1619457375672238822 27196
1619457376672234493 27261
1619457377672258396 27313
1619457378672262539 27354
1619457379672222573 27306
1619457380672248108 27087
1619457381672269249 27210
1619457382672249274 26942
1619457383672263869 27093
1619457384672241777 27092
1619457385672234239 27099
1619457386672240617 27012
1619457387672236564 27146
1619457388672235676 27068
1619457389672239199 27112
1619457390672240707 27116
1619457391672274922 27425
1619457392672246982 27421
1619457393672228789 27113
1619457394672229894 27021
1619457395672248956 27222
1619457396672229917 27179
1619457397672248126 27050
1619457398672229362 27352
1619457399672294785 27214
1619457400672230729 27114
1619457401672243213 27046
1619457402672229189 26967
1619457403672265337 27186
1619457404672249268 27172
1619457405672242093 27096
1619457406672245840 27077
1619457407672227432 27246
1619457408672278217 27041
1619457409672253228 27188
1619457410672271451 27072
1619457411672245522 27170
1619457412672226496 27320
1619457413672248921 27189
1619457414672225641 27309
1619457415672226752 27066
1619457416672251200 27251
1619457417672227406 27250
1619457418672253302 27196
1619457419672222423 27020
