1619450552112365062 3267
1619450553112366414 3264
1619450554112322377 3264
1619450555112367102 3256
1619450556112311012 3264
1619450557112362579 3264
1619450558112342996 3264
1619450559112364092 3264
1619450560112343908 3248
1619450561112367527 3256
1619450562112366305 3248
1619450563112249300 3236
1619450564112364227 3260
1619450565112361675 3250
1619450566112355087 3256
1619450567112320833 3248
1619450568112266855 3257
1619450569112363732 3257
1619450570112365703 3248
1619450571112356809 3272
1619450572112322879 3247
1619450573112261235 3250
1619450574112341084 3268
1619450575112322869 3258
1619450576112357497 3247
1619450577112367159 3264
1619450578112347064 3248
1619450579112363141 3257
1619450580112373064 3276
1619450581112335668 3264
1619450582112360706 3264
1619450583112327737 3248
1619450584112366465 3256
1619450585112321600 3272
1619450586112264912 3249
1619450587112309711 3264
1619450588112325377 3270
1619450589112322075 3264
1619450590112247687 3264
1619450591112320309 3264
1619450592112346055 3263
1619450593112356963 3256
1619450594112358825 3264
1619450595112268153 3261
1619450596112363490 3259
1619450597112369541 3256
1619450598112264659 3250
1619450599112258699 3239
1619450600112324362 3255
1619450601112323256 3272
1619450602112323058 3264
1619450603112344084 3262
1619450604112379321 3264
1619450605112363069 3248
1619450606112349179 3248
1619450607112362181 3256
1619450608112357686 3264
1619450609112329137 3264
1619450610112371460 3255
