1618874810778900297 718
1618874811778908579 767
1618874812778871585 783
1618874813778919683 784
1618874814778870820 776
1618874815778888669 784
1618874816778960603 776
1618874817778933437 777
1618874818779035460 783
1618874819778957669 776
1618874820778895357 1323
1618874821778864383 1516
1618874822778872541 1544
1618874823778860566 1532
1618874824778857927 1536
1618874825778932268 1559
1618874826778889566 1553
1618874827778930318 1567
1618874828778947246 1554
1618874829778866987 1559
1618874830778926576 1560
1618874831778964495 1559
1618874832778942809 1553
1618874833778866235 1567
1618874834778978543 1552
1618874835778931881 1568
1618874836778966920 1552
1618874837778861653 1554
1618874838778963170 1566
1618874839778925900 1552
1618874840778869123 1561
1618874841778968059 1559
1618874842778969133 1560
1618874843778967523 1553
1618874844778957388 1567
1618874845778928677 1552
1618874846778926979 1560
1618874847778984079 1560
1618874848778910035 1556
1618874849778966835 1564
1618874850778960126 1553
1618874851778893897 1562
1618874852778984135 1556
1618874853778873365 1561
1618874854779012225 1559
1618874855778852685 1558
1618874856778920826 1554
1618874857778886667 1561
1618874858778929707 1557
1618874859778923902 1561
1618874860778923312 1559
1618874861778959364 1552
1618874862778894149 1568
1618874863779008947 1552
1618874864778947915 1557
1618874865778897798 1563
1618874866778925424 1560
1618874867778853403 1553
1618874868778864454 1559
1618874869778972854 1560
1618874870778953418 776
1618874871778926392 784
1618874872778860409 768
1618874873778965274 763
1618874874778925326 763
1618874875778869845 756
1618874876778975001 764
1618874877778939311 757
1618874878778937374 762
1618874879778962563 764
