1618875316408605434 3120
1618875317408220310 3128
1618875318408221706 3106
1618875319408224749 3134
1618875320408144041 3108
1618875321409109249 3132
1618875322408222492 3104
1618875323408165238 3127
1618875324408166728 3106
1618875325408190041 3120
1618875326408172628 3124
1618875327408161045 3136
1618875328408304168 3104
1618875329408155618 3121
1618875330408221580 3119
1618875331408218106 3103
1618875332408221080 3135
1618875333408216242 3104
1618875334408195350 3123
1618875335408221135 3116
1618875336408256319 3105
1618875337408178736 3135
1618875338408146740 3104
1618875339408171433 3106
1618875340408212176 3125
1618875341408220037 3136
1618875342408206282 3104
1618875343408213040 3127
1618875344408231940 3112
1618875345408532522 3105
1618875346408175563 3122
1618875347408230756 3117
1618875348408220081 3121
1618875349408165236 3119
1618875350408161069 3106
1618875351408153820 3128
1618875352408231539 3111
1618875353408220006 3120
1618875354408693203 3119
1618875355408247694 3106
1618875356408207062 3126
1618875357408273589 3114
1618875358408236596 3131
1618875359408234004 3106
1618875360408231909 3119
1618875361408473406 3120
1618875362408225031 3106
1618875363408160640 3127
1618875364408168049 3111
1618875365408227095 3122
1618875366408219287 3118
1618875367408243894 3105
1618875368408178080 3125
1618875369408171773 3113
1618875370408170996 3120
1618875371408156557 3120
1618875372408205919 3105
1618875373408290292 3131
1618875374408233138 3109
