1618876022456880939 3433
1618876023456766117 3361
1618876024456754501 3463
1618876025456786919 3493
1618876026456886604 3493
1618876027457327209 3527
1618876028456796709 3492
1618876029457085334 3425
1618876030456759974 3479
1618876031457015207 3503
1618876032457055852 3492
1618876033456828561 3529
1618876034456961595 3492
1618876035456776489 3512
1618876036457329713 3508
1618876037456850839 3493
1618876038456816020 3515
1618876039456999807 3498
1618876040456792560 3507
1618876041456839624 3504
1618876042456989767 3498
1618876043456875623 3504
1618876044456816770 3505
1618876045456782712 3495
1618876046456800927 3515
1618876047456907083 3497
1618876048456803303 3501
1618876049456897835 3502
1618876050456755061 3507
1618876051456755368 3506
1618876052456817607 3502
1618876053456754354 3504
1618876054456790172 3509
1618876055456827350 3497
1618876056456845708 3493
1618876057456837221 3527
1618876058457621148 3493
1618876059456840000 3527
1618876060456759827 3491
1618876061456757727 3512
1618876062456772661 3507
1618876063456840826 3516
1618876064456755577 3504
1618876065456773248 3504
1618876066456765188 3493
1618876067457153531 3522
1618876068456769935 3503
1618876069456885345 3499
1618876070456757019 3472
1618876071457285454 3525
1618876072457017670 3504
1618876073456763380 3493
1618876074456774841 3513
1618876075456797399 3483
1618876076456857498 3510
1618876077457921665 3509
1618876078456762189 3494
1618876079457216904 3526
1618876080456792126 3492
