1618878021799994413 3699
1618878022799971572 3525
1618878023800578398 3448
1618878024800208275 3693
1618878025799955867 3989
1618878026800321474 4037
1618878027800258108 4027
1618878028800060577 3932
1618878029799964915 3930
1618878030800481357 4078
1618878031799957297 4062
1618878032799975097 4062
1618878033800028036 4105
1618878034800015908 4075
1618878035799965464 4093
1618878036799980349 4066
1618878037799962956 4116
1618878038799964775 4086
1618878039800006622 4077
1618878040800882300 4100
1618878041799974637 4068
1618878042799964027 4112
1618878043800289002 4070
1618878044799978800 4089
1618878045799997908 4090
1618878046799982926 4080
1618878047799989094 4097
1618878048799977756 4089
1618878049799964349 4036
1618878050800035348 4099
1618878051799965739 4088
1618878052800141661 4097
1618878053799974661 4084
1618878054800190110 4086
1618878055800027711 4098
1618878056800018241 4078
1618878057800166175 4079
1618878058799984030 4100
1618878059800262734 4075
1618878060799953636 4106
1618878061799956193 4075
1618878062800066045 4093
1618878063800415488 4101
1618878064800015068 4086
1618878065800045425 4086
1618878066799961022 4080
1618878067799957080 4083
1618878068800037005 4099
1618878069800285137 4072
1618878070799972985 4079
1618878071799968433 4042
1618878072800009702 4110
1618878073799969184 4080
1618878074800220101 4115
1618878075799968741 4046
1618878076800166431 4058
1618878077800246966 4060
1618878078800326190 4074
1618878079800148962 4100
1618878080800298585 4064
