1618877433780812000 4042
1618877434780700973 4036
1618877435767179868 4132
1618877436766766018 4912
1618877437766777999 5288
1618877438766752546 5358
1618877439767039926 5435
1618877440766786148 5026
1618877441766773304 5379
1618877442766764200 5371
1618877443766747330 5334
1618877444766869941 5429
1618877445766783138 5420
1618877446766792548 5402
1618877447766852888 5441
1618877448767235803 5394
1618877449766771072 5345
1618877450766886706 5314
1618877451766791466 5346
1618877452767128193 5419
1618877453766800035 5366
1618877454766816891 5316
1618877455766745871 5285
1618877456766754499 5405
1618877457766796781 5373
1618877458766783893 5210
1618877459766767286 5406
1618877460767018492 5322
1618877461766781934 5339
1618877462768650432 5445
1618877463766780154 5385
1618877464767129677 5318
1618877465766875687 5238
1618877466766758304 5385
1618877467767111738 5381
1618877468766905323 5246
1618877469766760485 5324
1618877470766830469 5260
1618877471766800626 5344
1618877472766901512 5319
1618877473766927024 5233
1618877474767190025 5384
1618877475767209346 5250
1618877476766923702 5283
1618877477766921485 5321
1618877478766743195 5182
1618877479766773062 5263
1618877480766782876 5302
1618877481766756255 5407
1618877482766952893 5319
1618877483766843480 5224
1618877484766767063 5396
1618877485766771396 5360
1618877486767028948 5324
1618877487766798382 5227
1618877488766994599 5260
1618877489766933364 5277
1618877490766773074 5356
1618877491767212573 5153
1618877492766785188 4450
