1618877922180450241 4561
1618877923180397820 3778
1618877924180409443 4087
1618877925170526157 4324
1618877926180507822 4806
1618877927180489555 4898
1618877928180419854 5344
1618877929170577683 5207
1618877930180402800 5179
1618877931170949172 5532
1618877932170585428 5490
1618877933171182740 5536
1618877934180545739 5665
1618877935170562590 5532
1618877936170495093 5549
1618877937170525886 5346
1618877938170526657 5755
1618877939170516295 5637
1618877940170536026 5658
1618877941170505013 5594
1618877942170532800 5573
1618877943170520493 5709
1618877944170724422 5424
1618877945170530426 5626
1618877946180373062 5505
1618877947170594820 5421
1618877948170506953 5689
1618877949170571653 5192
1618877950170482681 5697
1618877951170492874 5427
1618877952170569246 5571
1618877953170535917 5646
1618877954170820381 5682
1618877955171071847 5648
1618877956170643577 5327
1618877957170607131 5553
1618877958172354448 5643
1618877959170526070 5628
1618877960179492619 5395
1618877961170516807 5650
1618877962170491264 5319
1618877963170541775 5608
1618877964170516581 5686
1618877965170637899 5725
1618877966171050678 5591
1618877967170511973 5475
1618877968170506418 5612
1618877969170679125 5569
1618877970171252528 5516
1618877971170731354 5563
1618877972170493685 5543
1618877973170551978 5302
1618877974170478011 5360
1618877975170484209 5631
1618877976170573790 5401
1618877977170608553 5625
1618877978170480880 5592
1618877979171107261 5503
1618877980170487472 5474
1618877981170487869 5403
