1618875518725816058 4558
1618875519725874971 3827
1618875520725757642 4306
1618875521725857569 5047
1618875522725822378 5427
1618875523725794497 5419
1618875524725987135 5106
1618875525725958868 5464
1618875526725825448 5823
1618875527725756277 6045
1618875528725958897 5852
1618875529725773335 5813
1618875530726043370 5881
1618875531726008824 5775
1618875532725929220 5936
1618875533726020557 6064
1618875534726294318 6018
1618875535726042086 5708
1618875536725931367 5879
1618875537725744941 5868
1618875538725926802 5626
1618875539725820368 5704
1618875540725992306 5783
1618875541725958419 5772
1618875542725808026 6049
1618875543725770684 5839
1618875544725771200 5903
1618875545725851520 5768
1618875546725772042 5716
1618875547725932354 5705
1618875548725746027 5831
1618875549725808093 5592
1618875550725953479 5836
1618875551725864304 5966
1618875552725757793 5638
1618875553725760308 5816
1618875554726077752 5856
1618875555725865996 5642
1618875556725752926 5768
1618875557725789386 5833
1618875558725760586 5619
1618875559725794782 5825
1618875560725800638 5676
1618875561725812731 5677
1618875562725902737 5725
1618875563725881659 5633
1618875564725748275 5668
1618875565725838406 5678
1618875566725786078 5642
1618875567725764287 5441
1618875568725814442 5877
1618875569726184288 5368
1618875570725830629 5895
1618875571725763245 5781
1618875572725971696 5238
1618875573725747195 5430
1618875574725831794 5517
1618875575725876594 5736
1618875576725868262 5801
