1618877157544883821 3697
1618877158544973869 3811
1618877159544880830 3731
1618877160544977988 4639
1618877161544953114 4506
1618877162544894266 4854
1618877163544915310 5244
1618877164544916837 5005
1618877165545047092 5183
1618877166544933694 5419
1618877167544883684 5496
1618877168544903387 5451
1618877169544884996 5702
1618877170544911617 5664
1618877171544880387 5314
1618877172544902867 5681
1618877173544879407 5537
1618877174544890058 5645
1618877175544895855 5826
1618877176544919375 5615
1618877177544898928 5828
1618877178545069476 5832
1618877179544929690 5531
1618877180544896127 5854
1618877181544964025 5957
1618877182544905680 5753
1618877183545049773 5601
1618877184545065062 5777
1618877185545000934 5811
1618877186544908892 5724
1618877187545410844 5472
1618877188545622665 5718
1618877189545610492 5619
1618877190545105011 5661
1618877191544893995 5462
1618877192544947949 5962
1618877193544926270 5914
1618877194544895250 5657
1618877195544934483 5671
1618877196545056189 5778
1618877197544952239 5838
1618877198544906242 5807
1618877199544900578 5611
1618877200544944810 5549
1618877201545009486 5375
1618877202545009245 5477
1618877203544872031 5433
1618877204544881266 5768
1618877205544986082 5619
1618877206544977054 5568
1618877207545020121 5664
1618877208545051126 5651
1618877209544876957 5767
1618877210544947757 5417
1618877211544896057 5755
1618877212544868116 5468
1618877213545265015 5666
1618877214544888292 5288
1618877215544956906 5245
