1618874609392005525 766
1618874610392083921 777
1618874611392071804 783
1618874612392185794 776
1618874613392037845 784
1618874614392021628 776
1618874615392073380 784
1618874616392032622 776
1618874617392026154 776
1618874618392037807 784
1618874619392147701 776
1618874620392114926 777
1618874621392193915 783
1618874622392045846 776
1618874623392062938 778
1618874624392036671 782
1618874625392085686 776
1618874626392090662 784
1618874627392146366 776
1618874628392077841 777
1618874629392021279 782
1618874630392129433 776
1618874631392104557 784
1618874632392072830 776
1618874633392078664 784
1618874634392138927 776
1618874635392056076 776
1618874636392083841 784
1618874637392134669 776
1618874638392095398 776
1618874639392072737 784
1618874640392053100 776
1618874641392061403 776
1618874642392075662 784
1618874643392175411 776
1618874644392280716 781
1618874645392167823 777
1618874646392024184 777
1618874647392116663 782
1618874648392099882 776
1618874649392018300 784
1618874650392170388 776
1618874651392084215 778
1618874652392121608 782
1618874653392060475 776
1618874654392118485 777
1618874655392685919 783
1618874656392094518 776
1618874657392015015 783
1618874658392138640 776
1618874659392118814 776
1618874660392082625 784
1618874661392083307 776
1618874662392013339 776
1618874663392055978 784
1618874664392113444 776
1618874665392114205 777
1618874666392034822 783
1618874667392114295 776