1654659461702746282 12
1654659462703997473 7
1654659463705239108 1
1654659464706403427 4
1654659465707687538 3
1654659466708784472 8
1654659467709951558 6
1654659468710541471 2
1654659469711721658 3
1654659470712831082 7
1654659471714023373 6
1654659472715160779 7
1654659473716329077 3
1654659474717419375 6
1654659475718639233 4
1654659476719809561 3
1654659477720987899 7
1654659478722165697 7
1654659479722506542 4
1654659480723674345 4
1654659481724769267 7
1654659482725946871 3
1654659483726534825 7
1654659484727668747 4
1654659485728843217 5
1654659486730023055 5
1654659487731204584 3
1654659488732387276 9
1654659489733642127 2
1654659490734891854 4
1654659491736054415 5
1654659492737298235 9
1654659493738690892 4
1654659494739878257 3
1654659495741129512 4
1654659496742385047 5
1654659497742692029 3
1654659499745173894 8
