87342826201126 0
87343827361349 0
87344828483285 0
87345829605186 0
87346830861121 0
87347832005648 0
87348833193620 0
87349834384233 0
87350835204889 0
87351836367546 0
87352837528489 0
87353838697785 0
87354839838473 0
87355841066809 0
87356842313595 0
87357843482656 0
87358844638592 0
87359845785889 0
87360846944343 0
87361848088424 0
87362849257837 0
87363850406124 0
87364851543145 0
87365852673620 0
87366853983835 0
87367855150141 0
87368856278440 0
87369857408977 0
87370858704427 0
87371859860463 0
87372860982219 0
87373861794685 0
87374863017372 0
87375864439635 18
87376865191654 17
87377866202185 18
87378867325080 5
87379868535455 11
87380869216063 15
87381870379944 9
87382871229581 16
87383872370184 7
87384873220800 16
87385874384295 15
87386875538949 8
87387876692934 16
87388877821806 11
87389878925852 9
87390880078324 19
87391881262534 7
87392882211125 16
87393883206203 18
87394884352603 9
87395885603506 8
87396886191403 19
87397887332549 5
87398888477249 17
87399889603314 18
87400890812718 14
87401891804538 7
87402892316293 17
87403893468350 9
87404894670299 10
87405895798767 24
87406896162244 22
87407897310239 4
87408898454976 19
87409899761730 8
87410900097054 12
87411901293492 11
87412902431914 11
87413903600142 11
87414904732055 9
87415905881100 15
87416907035082 11
87417908389479 11
87418909522587 21
87419910945758 8
87420912085447 19
87421913332579 12
87422914255257 16
87423915221342 11
87424916380755 12
87425917542128 9
87426918868066 9
87427920026118 12
87428920620198 18
87429921782734 19
87430922931432 6
87431923195948 18
87432924336356 13
87433925597408 17
87434926746547 15
87435927866258 11
87436929012676 10
87437930213135 20
87438931430403 11
87439932588868 17
87440933721919 8
87441934854012 15
87442935241738 11
87443936289065 11
87444936990734 23
87445938303493 10
87446939544803 19
87447940210145 10
87448941473804 18
87449942625852 11
87450943784022 18
87451944930841 8
87452946054975 22
87453947187137 10
87454948204542 7
87455949345617 21
87456950580975 5
87457951710952 20
87458952275214 13
87459953196954 14
87460954331623 26
87461955479521 10
87462956752839 17
87463957221045 13
