87606119945177 0
87607120856198 0
87608122050958 0
87609123407676 0
87610124192057 0
87611125320948 0
87612126255434 0
87613127390576 0
87614128513774 0
87615129203548 0
87616130444410 0
87617131233578 0
87618132372186 0
87619133489811 0
87620134628989 0
87621135191275 0
87622136362820 0
87623137505783 0
87624138898210 0
87625140030225 0
87626141193819 0
87627142201006 0
87628143347213 0
87629144496363 0
87630145659818 0
87631146782468 0
87632147930319 0
87633148836624 0
87634149988721 0
87635150875903 0
87636151831292 0
87637152254822 0
87638153414061 0
87639154552611 0
87640155680282 23
87641156287633 2
87642157203451 18
87643158390272 18
87644159194543 11
87645160295243 14
87646161468462 14
87647162269620 9
87648163206576 13
87649164410684 10
87650165574013 16
87651166690582 17
87652167190235 20
87653167415638 8
87654168571896 11
87655169736931 16
87656171013935 13
87657172210179 13
87658173344546 21
87659174477565 11
87660175522909 14
87661176662313 13
87662177831437 15
87663178831181 9
87664179976082 5
87665180203003 17
87666181191583 9
87667182200304 14
87668183313671 11
87669184284149 17
87670185421962 11
87671186420074 13
87672187628866 7
87673188204260 12
87674189417232 14
87675190677121 9
87676191821837 16
87677192515256 9
87678193672691 19
87679194489692 8
87680195208951 7
87681196348435 20
87682197468849 21
87683198205046 16
87684199436828 9
87685200635210 20
87686201783054 17
87687202902407 6
87688204031111 12
87689205185948 2
87690206204610 25
87691207326014 3
87692208450956 17
87693209684328 9
87694210207918 9
87695211327510 24
87696212473104 8
87697213288182 17
87698214427417 14
87699215744930 13
87700216200291 9
87701217350775 13
87702218528318 6
87703219193821 21
87704220367225 17
87705221500667 10
87706222643425 11
87707223849206 20
87708224974297 21
87709226118199 10
87710227300510 13
87711228240329 12
87712229197585 9
87713230198247 13
87714231443274 18
87715232749547 9
87716233890864 14
87717235030655 12
87718236189302 15
87719236944237 23
87720238083424 10
87721239221407 7
87722240406693 12
87723241287481 20
87724242440329 18
87725243561065 14
87726244197459 16
87727245417457 12
87728246541697 13
