87738450694463 0
87739451874928 0
87740452596952 0
87741453766332 0
87742454962416 0
87743456131214 0
87744457472007 0
87745458621747 0
87746459934668 0
87747461126759 0
87748462298888 0
87749463704771 0
87750464988461 0
87751466158903 0
87752467349875 0
87753468116532 0
87754468571574 0
87755469725310 0
87756470583154 0
87757471831188 0
87758472991706 0
87759473617121 0
87760474788444 0
87761475958139 0
87762477129722 0
87763478333329 0
87764479544457 0
87765480567128 0
87766481725162 0
87767482577688 0
87768483902872 0
87769485086553 0
87770486245085 0
87771487409967 0
87772488591933 0
87773489594939 19
87774490746942 19
87775491589848 33
87776492757200 27
87777493580886 24
87778494570772 21
87779495723221 32
87780496985386 16
87781498247508 20
87782499630455 22
87783500140531 22
87784501288128 18
87785502435186 21
87786503627659 25
87787504099015 23
87788505091539 30
87789505547296 30
87790506567542 28
87791507722627 14
87792509077215 25
87793510750074 25
87794512041637 23
87795512574515 25
87796513590619 26
87797514644663 21
87798515572430 23
87799516727229 34
87800517548689 28
87801518591788 25
87802519564231 21
87803520833989 24
87804522001100 25
87805522792324 17
87806523946169 26
87807524605245 24
87808525575626 21
87809526755339 26
87810528292153 20
87811529588735 21
87812530557273 26
87813531720752 17
87814532634618 22
87815533587238 24
87816534768634 19
87817536042268 26
87818536766819 23
87819537931395 30
87820538591403 24
87821539780941 26
87822541216954 24
87823542593161 27
87824543772229 22
87825544967581 33
87826545588228 18
87827546806206 32
87828547593343 28
87829548339557 19
87830549544042 27
87831550865717 20
87832552034903 23
87833552604360 20
87834553592806 25
87835554842076 16
87836556015459 30
87837556608239 19
87838557616333 29
87839558567388 22
87840559778705 40
87841560584573 17
87842561802287 28
87843562576446 28
87844563595490 20
87845564588327 29
87846565568081 22
87847566598514 12
87848567574290 28
87849568294922 25
87850569531290 21
87851570692127 25
87852571580962 17
87853573783312 25
87854575059171 39
87855576031835 29
87856577188552 14
87857578661706 28
87858579613130 26
87859580736396 24
87860581604368 26
87861582779371 24
