88660868834354 0
88661870002563 0
88662871158247 0
88663872197948 0
88664873387970 0
88665874510392 0
88666875768817 0
88667876915230 0
88668878053689 0
88669879185893 0
88670880368540 0
88671881523384 0
88672882198543 0
88673883359524 0
88674884514204 0
88675885667632 0
88676886830899 0
88677887984457 0
88678889111150 0
88679890273573 0
88680891414311 0
88681892567990 0
88682893691895 0
88683894842034 0
88684895966280 0
88685897103614 0
88686898349335 0
88687899519002 0
88688900652404 0
88689901788735 0
88690903028715 0
88691903187358 0
88692904315376 0
88693905379539 0
88694906228629 28
88695907348813 26
88696908716273 19
88697909997686 17
88698911177975 33
88699912301796 18
88700913496746 24
88701914214615 23
88702915336074 15
88703916530174 19
88704917712889 26
88705918853743 14
88706920114293 17
88707921293127 27
88708922491033 22
88709923637835 27
88710924206358 19
88711925375159 16
88712926292014 16
88713927441856 20
88714928631456 28
88715929977996 19
88716931181961 17
88717932561716 26
88718933700007 18
88719934222209 31
88720935359255 15
88721936203441 19
88722937189495 25
88723938321682 20
88724939201145 15
88725940367602 22
88726941282789 20
88727942211734 22
88728943303726 25
88729944457200 22
88730945586735 17
88731945851402 18
88732947002894 15
88733947383898 20
88734948517484 24
88735949653101 22
88736950263443 24
88737951202008 20
88738952209816 22
88739953195471 21
88740954355777 18
88741955548378 17
88742956785728 21
88743957214271 31
88744958359930 14
88745959503489 16
88746960720906 22
88747961669037 21
88748962776666 28
88749963893348 13
88750965347442 20
88751966497987 24
88752967640159 27
88753968312663 23
88754969232948 25
88755970363533 23
88756971510306 16
88757972201398 12
88758973217195 29
88759974424009 20
88760975550993 24
88761976866768 23
88762978028522 30
88763978202771 27
88764979209900 24
88765980336171 16
88766981561483 14
88767982727362 26
88768983878688 17
88769985197867 19
88770986238864 36
88771987827640 22
88772988208379 12
88773989750340 28
88774990278729 19
88775992048590 16
88776993398016 26
88777994270568 20
88778995410454 17
88779996612635 20
88780997735809 16
88781998498809 31
