89988965390755 0
89989966566465 0
89990967707579 0
89991968882110 0
89992970026984 0
89993971278848 0
89994972214772 0
89995973386453 0
89996974550388 0
89997975713946 0
89998976880063 0
89999978059300 0
90000979206045 0
90001980370220 0
90002981518895 0
90003982426409 0
90004983644854 0
90005984875447 0
90006986201166 0
90007987460715 0
90008988591601 0
90009989724829 0
90010990867377 0
90011991595349 0
90012992734752 0
90013993856937 0
90014994995186 0
90015996155254 0
90016996440245 0
90017997593430 0
90018998716157 0
90019999933419 0
90021000340402 0
90022001601158 0
90023002735095 0
90024004084397 5
90025006202802 23
90026007457169 19
90027008441993 26
90028009595165 13
90029010219966 20
90030011233132 19
90031012413945 18
90032013648428 22
90033014939684 19
90034016089075 20
90035018225400 22
90036019197823 23
90037020250555 17
90038021376623 22
90039022497736 18
90040023290460 13
90041024215945 18
90042025355858 14
90043026494606 15
90044027625992 25
90045028017137 21
90046029160735 23
90047030426631 22
90048031570622 13
90049032716102 17
90050033855995 25
90051035118913 21
90052036185654 29
90053037339378 18
90054038237519 12
90055039370275 7
90056040197312 17
90057041336149 19
90058042486148 22
90059043633122 22
90060044771134 16
90061045892207 19
90062047032696 17
90063047312973 10
90064048460745 15
90065049195802 12
90066050309548 14
90067051555847 28
90068052264642 19
90069053213419 17
90070054450074 22
90071055195569 19
90072056447023 13
90073057256592 14
90074058380878 17
90075059213134 23
90076060192974 20
90077061206427 29
90078062190566 22
90079063197936 9
90080064348205 20
90081065194284 13
90082066180492 15
90083067209714 21
90084068192052 29
90085069314457 25
90086070525502 22
90087071222808 11
90088072216764 20
90089073202364 11
90090074194079 16
90091075313428 25
90092076206463 22
90093077203276 21
90094078374404 12
90095079215824 14
90096080369176 19
90097081709638 13
90098082775297 33
90099083235118 21
90100084191851 12
90101085407811 10
90102086557426 31
90103087830222 24
90104088225291 28
90105089342235 15
90106090471800 16
90107091731692 7
90108092325541 11
90109093226793 24
90110094418237 17
90111095657277 18
