1654833947226009261 0
1654833952231290106 0
1654833957236446390 0
1654833962241602206 0
1654833967246807418 0
1654833972251383896 0
1654833977256515767 17
1654833982261371775 59
1654833987266408328 55
1654833992271538275 52
1654833997276464865 52
1654834002281355642 52
1654834007286499268 51
1654834012291711658 52
1654834017296978716 51
1654834022301356178 60
1654834027306619888 48
1654834032311983801 56
1654834037317262540 57
1654834042322360573 60
1654834047326176214 49
1654834052331363039 50
1654834057336370184 53
1654834062341358951 57
