1654835124291427469 0
1654835129296686510 0
1654835134301830529 0
1654835139306976404 0
1654835144312188220 0
1654835149317340739 0
1654835154322471112 6
1654835159326327950 157
1654835164331457610 182
1654835169336585844 169
1654835174341718682 136
1654835179346889850 150
1654835184348936875 143
1654835189349351739 143
1654835194351730326 153
1654835199356865669 148
1654835204362069271 163
1654835209366299294 145
1654835214371483328 136
1654835219376664050 154
1654835224381308773 180
1654835229386408061 161
1654835234391314832 137
1654835239396484123 145
