1653168608476160368 0
1653168609476230777 0
1653168610476187329 0
1653168611476192027 0
1653168612476192698 0
1653168613476183837 0
1653168614476196254 0
1653168615476178595 0
1653168616476149042 0
1653168617476190666 0
1653168618476194221 0
1653168619476234459 0
1653168620476148150 0
1653168621476195614 0
1653168622476192645 0
1653168623477089353 0
1653168624476212853 0
1653168625476174848 0
1653168626476221120 0
1653168627478234153 16
1653168628476207736 34
1653168629476510420 33
1653168630476281216 28
1653168631476127144 27
1653168632476864074 29
1653168633476192135 31
1653168634476232161 27
1653168635476113251 23
1653168636476110508 30
1653168637476205030 34
1653168638476255786 24
1653168639476206627 31
1653168640476158576 32
1653168641476168819 36
1653168642476627573 32
1653168643477114569 36
1653168644476137017 30
1653168645476102018 29
1653168646476310398 27
1653168647476425866 29
1653168648476120675 15
1653168649476311943 27
1653168650476120449 42
1653168651476162199 50
1653168652476130017 50
1653168653476648562 43
1653168654476553492 48
1653168655476111284 24
1653168656476242712 14
1653168657476197668 28
1653168658476182947 30
1653168659476317153 5
1653168660476413265 39
1653168661479213079 39
1653168662476116107 42
1653168663476172684 32
1653168664476182606 30
1653168665476540696 30
1653168666476201235 28
1653168667476145696 29
1653168668476181238 31
1653168669476172751 31
1653168670476190619 28
1653168671476291315 26
1653168672476907682 24
1653168673477029089 26
1653168674476167986 25
1653168675476993914 29
1653168676477168202 32
1653168677476342588 32
1653168678476206267 33
1653168679476210144 32
1653168680476169220 25
1653168681476183863 30
1653168682476662009 32
1653168683476831434 31
1653168684476310609 24
1653168685476210804 23
1653168686476171192 30
1653168687476509068 17
