1619375487349285606 4929
1619375487622152006 4864
1619375487722632937 3355
1619375487796967716 5408
1619375488026067395 3392
1619375488060943449 4917
1619375488231463637 3291
1619375488331165876 4216
1619375488434737775 7428
1619375488473593080 3272
1619375488566697524 3678
1619375488617577836 3455
1619375488640797048 3701
1619375488647999696 5059
1619375488935153681 4415
1619375489012720921 3777
1619375489025575496 4997
1619375489070613142 3283
1619375489139862369 3534
1619375489163377670 3784
1619375489318296945 3283
1619375489572604147 3308
1619375489698348978 5464
1619375489778431461 2647
1619375489929497149 5441
1619375489946931258 3995
1619375490202479652 3242
1619375490217993412 3194
1619375490330134745 2904
1619375490336210981 3980
1619375490460755960 4724
1619375490717527961 3729
1619375490840690999 3564
1619375490948837122 4499
1619375491042832575 3256
1619375491118630632 3675
1619375491149324864 3724
1619375491202728625 3488
1619375491221218125 3336
1619375491249714913 3499
1619375491340534347 3486
1619375491491140208 5472
1619375491678967944 5192
1619375492211859152 4611
1619375492315428404 2518
1619375492408310917 2968
1619375492699387929 5102
1619375492748709388 3132
1619375493023572536 3714
1619375493294327903 3112
1619375493307391493 6138
1619375493329790251 3650
1619375493354618447 3497
1619375493438611166 2489
1619375493444141221 3435
1619375493608151914 3694
1619375493762060980 4467
1619375493834956023 3746
1619375493992135837 2891
1619375494007378449 5924
1619375494057657054 3667
1619375494121431022 3682
1619375494139983904 3461
1619375494169219331 5478
1619375494180870026 3695
1619375494403146680 2985
1619375494471497036 2529
1619375494476182768 2539
1619375494563764856 3551
1619375494680072858 3143
1619375494864412704 3717
1619375494907319490 6148
1619375494935984791 4103
1619375494959902733 2437
1619375494989388606 4082
1619375495082005198 2988
1619375495163102383 3527
1619375495256899345 5319
1619375495874327439 2949
1619375496046287052 4335
1619375496102120800 5565
1619375496208481661 3720
1619375496334604141 4564
1619375496345840169 3340
1619375496374949428 3632
1619375496606896129 4933
1619375496772986830 5148
1619375496853014218 4061
1619375496877303237 3384
1619375496882891208 3477
1619375497017707014 3826
1619375497035704995 5003
1619375497050572052 3761
1619375497224351777 3497
1619375497403664714 7375
1619375497836869945 3782
1619375498037325357 4276
1619375498122264268 3486
1619375498716922804 3373
1619375498722565154 3604
1619375498835323565 3917
1619375498999140056 2499
1619375499307767634 2699
1619375499354354782 2953
1619375499365484715 3960
1619375499377514003 3831
1619375499394146616 3208
1619375499515325555 4801
1619375499602447730 3947
1619375499608611787 4087
1619375499733499461 3664
1619375499897958046 3916
1619375500079608200 3101
1619375500340909431 3181
1619375500362684455 3884
1619375500414851034 2875
1619375500564680785 3192
1619375500815900826 3588
1619375501114590905 4978
1619375501259581228 2726
1619375501304209015 3283
1619375501589066667 3765
1619375501670718854 2876
1619375502171753795 6790
1619375502239926551 3284
1619375502353425116 3602
1619375502545094763 3629
1619375502679554515 3774
1619375502714250203 3667
1619375502823187762 3740
1619375503032364597 3234
1619375503174607638 3941
1619375503430519035 3816
1619375503436416826 3743
1619375503452970639 3418
1619375503493549503 3727
1619375503698252355 4745
1619375503806072700 2634
1619375503991089430 4223
1619375504243082442 3027
1619375504388513472 4055
1619375504535587868 3060
1619375504541217330 3571
1619375504611777400 3512
1619375504792354984 3509
1619375504803843456 3668
1619375505302401902 3298
1619375505349040403 3582
1619375505647193980 4722
1619375505676565097 3175
1619375505706337955 2983
1619375505722102796 3672
1619375505732471137 2863
1619375505780070587 3832
1619375505904082423 5774
1619375506008649900 4873
1619375506109188931 5347
1619375506221444711 3533
1619375506294794668 3522
1619375506402167237 3790
1619375506495888510 3267
1619375506625957954 4387
1619375506684530293 4073
1619375506826274366 3251
1619375506926300370 3766
1619375506938178759 3505
1619375507074967408 3312
1619375507153758184 3101
1619375507211505116 2729
1619375507224653858 3772
1619375507388481401 5688
1619375507399558811 3697
1619375507422277757 4805
1619375507462633880 4223
1619375507491606773 3494
1619375507504000417 4237
1619375507509032760 2885
1619375507534179216 3887
1619375507598776019 3190
1619375507679120022 3193
1619375507729299586 5372
1619375507758197169 3113
1619375507812286392 3201
1619375507921775104 5323
1619375507957993941 5412
1619375507999128644 6121
1619375508103103183 3299
1619375508149103467 3475
1619375508312192866 3022
1619375508329492188 3111
1619375508509630993 3733
1619375508755820134 3666
1619375508989580450 4925
1619375509039733310 3197
1619375509100610512 3835
1619375509145936859 2976
1619375509249370079 5250
1619375509262011674 4632
1619375509278521974 3088
1619375509354891027 3760
1619375509459285357 3219
1619375509752759057 2411
1619375509783267406 3539
1619375509891733549 3592
1619375510016126935 3879
1619375510083862995 3825
1619375510333687850 4049
1619375510351134591 4396
1619375510473383544 3588
1619375510573709000 2678
1619375510603466277 6066
1619375510642609105 3284
1619375510669120216 3914
1619375510910553624 8200
1619375510945996704 3677
1619375511015405350 7083
1619375511050993836 3490
1619375511159738748 5962
1619375511165057307 3206
1619375511182054901 3784
1619375511187331225 3161
1619375511458242701 3782
1619375511791310272 3986
1619375511802169535 3415
1619375511854015942 5802
1619375512049672609 3768
1619375512157353941 6153
1619375512311637202 3289
1619375512520031390 3538
1619375512629879176 3533
1619375512635887248 3980
1619375512718891900 3798
1619375512810634570 3539
1619375512976570902 2977
1619375513283346753 3369
1619375513568826544 3296
1619375513667104075 3350
1619375513779590820 3356
1619375513831189076 3536
1619375513848112598 3068
1619375514024918595 4395
1619375514157548117 6283
1619375514220047735 2876
1619375514426670070 3584
1619375514511666821 3335
1619375514671532233 3332
1619375514967266513 3689
1619375514978693515 3509
1619375515155995039 3720
1619375515172140815 2861
1619375515185752459 5620
1619375515442222855 2802
1619375515603816387 2360
1619375515734623385 4648
1619375516120577526 6090
1619375516222798450 3867
1619375516646711855 3317
1619375516690827243 4217
1619375516697343993 4420
1619375516715707585 5499
1619375516743136099 3261
1619375517156046820 2847
1619375517272557814 4081
1619375517514242387 3335
1619375517561548904 2474
1619375517630638619 3599
1619375517710585008 3190
1619375517779707377 2556
1619375517825080890 3363
1619375517964192317 4437
1619375518112498562 3620
1619375518152967466 3749
1619375518209026100 4599
1619375518386734874 5649
1619375518554658715 2880
1619375518574262687 4082
1619375518591095349 3263
1619375518709438725 3444
1619375518814677117 5045
1619375518845252766 5802
1619375518873021305 3051
1619375518923918503 4403
1619375518971039085 3200
1619375519318338830 3280
1619375519336002605 4005
1619375519384117919 3925
1619375519569390048 3555
1619375519622217948 6327
1619375519707047475 4339
1619375519774631634 3201
1619375519884372786 4284
1619375520186841268 3577
1619375520285458156 3673
1619375520502607057 3282
1619375520516840109 6151
1619375520616911558 3452
1619375520711650501 3233
1619375520717802874 4009
1619375520915669195 4218
1619375520954732091 3905
1619375520977010771 3988
1619375520983508516 4394
1619375521031713479 5135
1619375521200148132 3821
1619375521289068216 3807
1619375521440400723 3729
1619375521471747604 3494
1619375521601139070 2712
1619375521625493237 3462
1619375521670749017 3663
1619375521753722768 3200
1619375521868489490 5924
1619375522203773413 3374
1619375523170068740 5922
1619375523319434631 2534
1619375523333392290 4144
1619375523554964374 2539
1619375523787847820 3407
1619375523847450305 3724
1619375523854121175 4626
1619375523903046771 3391
1619375523949927629 4630
1619375524094455149 3045
1619375524354137712 3688
1619375524428885151 3520
1619375524577950422 3702
1619375524647639529 4312
1619375524720233588 4739
1619375524954294923 3477
1619375524990725228 4182
1619375525045388820 3941
1619375525128238025 2720
1619375525442353144 3219
1619375525656532449 3941
1619375525712330131 3067
1619375525747224280 3516
1619375525943914997 3787
1619375525992700349 3376
1619375526025388725 2141
1619375526186918821 3182
1619375526343921283 7904
1619375526550418311 3293
1619375526644641295 3740
1619375526649287425 2575
1619375526876252196 3633
1619375527402347184 4075
1619375527623665413 3762
1619375527728502423 3851
1619375527747405062 3723
1619375527752905726 3406
1619375527811916581 2639
1619375528059561787 2977
1619375528268872013 3689
1619375528406111055 3395
1619375528423753969 3867
1619375528877818439 5529
1619375528931092095 3515
1619375528974111717 6363
1619375529163758557 4078
1619375529307477873 6770
1619375529335355697 3755
1619375529757971228 4452
1619375529829165203 3384
1619375529846170499 3673
1619375529950907511 3476
1619375529971097289 3367
1619375530260671056 3733
1619375530314351881 3804
1619375530361097464 3576
1619375530598838818 4827
1619375531055910420 3591
1619375531239529303 5118
1619375531358353586 3940
1619375531488215994 3288
1619375531679907599 3157
1619375531825440319 3977
1619375531941651397 3125
1619375532213017123 4141
1619375532402776622 6936
1619375532425134884 3457
1619375532488066652 3248
1619375532610017573 3977
1619375532833179724 3907
1619375532931148325 3335
1619375533052294514 9215
1619375533176168559 4427
1619375533222244620 3002
1619375533300436369 6604
1619375533389952312 2014
1619375533591841861 4853
1619375533758001689 3249
1619375533781754952 4553
1619375533893712873 2492
1619375534005996426 3837
1619375534177268357 3936
1619375534188497874 3460
1619375534199698024 3199
1619375534232355714 3572
1619375534246073397 5260
1619375534361725172 3982
1619375534425304104 6220
1619375534454514629 3883
1619375534466210863 4056
1619375534533163760 4420
1619375534587624044 3735
1619375534875265451 6612
1619375535556840447 4073
1619375535672678181 2691
1619375535745029413 3967
1619375535842490417 7174
1619375535895814036 3255
1619375536078178291 5219
1619375536089458142 3427
1619375536227894456 4331
1619375536353921283 6033
1619375536406084423 2762
1619375536442979340 6284
1619375536507418826 3930
1619375536785081841 3523
1619375536827483917 3949
1619375537045077547 3990
1619375537050781150 3664
1619375537296069742 5388
1619375537300959017 2746
1619375537460072527 4031
1619375537465807128 3645
1619375537490531476 3826
1619375537700381079 5388
1619375537806799551 2729
1619375537953104634 3638
1619375538036103487 3342
1619375538107036064 3679
1619375538185364258 3254
1619375538701069784 3485
1619375538829043852 6480
1619375539054898594 3409
1619375539073818366 4465
1619375539186988213 3810
1619375539193463882 4419
1619375539445499928 3683
1619375539830513497 6030
1619375539913136934 2091
1619375539939995666 3809
1619375539945944473 3846
1619375540084086875 6507
1619375540258682094 5427
1619375540302484247 4355
1619375540447747803 2764
1619375540524385825 5835
1619375540553360676 3716
1619375540570304732 3389
1619375540655187734 3637
1619375540665691070 3316
1619375540754597940 3855
1619375541131472978 4343
1619375541236969939 3361
1619375541279559382 3273
1619375541317117314 4385
1619375541835569859 3304
1619375541972193046 3815
1619375542046092642 3545
1619375542184087277 4516
1619375542189823772 3630
1619375542253984153 3175
1619375542451859294 3513
1619375542777864562 3423
1619375542783426597 3466
1619375542813665541 3276
1619375542831323343 4204
1619375542840161515 6781
1619375542861956519 2765
1619375542871979091 2474
1619375542885419917 5196
1619375543038979221 3726
1619375543133406321 3861
1619375543233047709 5939
1619375543378439377 3277
1619375543501355031 4630
1619375543513377801 4426
1619375543600812004 2541
1619375543708180088 3973
1619375543954296484 3778
1619375543980451163 3324
1619375544084027975 3898
1619375544374176637 3143
1619375544622322086 2090
1619375544646755174 3882
1619375544652557494 3737
1619375544658548566 3889
1619375544679860590 7268
1619375544895943753 3432
1619375544988191834 3924
1619375545079864077 3400
1619375545459204909 3667
1619375545526742593 3886
1619375545571784808 3741
1619375545590564560 5232
1619375545690901439 3730
1619375545732839821 3372
1619375545846190047 3259
1619375546017574084 3731
1619375546389757737 2519
1619375546518154926 3365
1619375546555463269 4031
1619375546569730470 5952
1619375546665972436 6694
1619375546687189119 4066
1619375546816286174 4005
1619375547051213263 3728
