1619375970197447546 4703
1619375970209196966 3474
1619375970366142503 4222
1619375970441815684 3772
1619375970454477407 3758
1619375970686369455 4644
1619375970699995188 5503
1619375970724694773 4619
1619375970749457768 4340
1619375970853034091 4931
1619375970918804151 5358
1619375971031784728 3935
1619375971346196502 4159
1619375971404040720 3732
1619375971499759125 3578
1619375971560014402 4177
1619375971641695183 6051
1619375971739574865 5090
1619375971766185246 3316
1619375971798685948 3877
1619375971903884820 4903
1619375971988496975 4064
1619375972096691332 4294
1619375972182496376 2485
1619375972232832018 4472
1619375972451218691 3738
1619375972732543521 5761
1619375972758997603 3779
1619375972766455852 5360
1619375972817356821 5075
1619375972935240145 6780
1619375973023642143 4456
1619375973213838440 4040
1619375973227454582 4428
1619375973690797373 6113
1619375973845008216 3366
1619375974060027880 5517
1619375974769197265 6477
1619375975254928791 6225
1619375975425730794 3919
1619375975505220872 3558
1619375975617450928 5608
1619375975774516480 4721
1619375975920732191 3811
1619375975973714099 4118
1619375976126427921 3178
1619375976140491398 3742
1619375976152865150 3490
1619375976211627676 4829
1619375976281281801 2951
1619375976708281386 4024
1619375977203989698 4496
1619375977214697221 8668
1619375977288392805 3839
1619375977416492174 5780
1619375977645733271 4460
1619375977772728899 4254
1619375977931115835 3892
1619375978054560112 6928
1619375978157268810 4537
1619375978282825735 4961
1619375978296586550 6147
1619375978795145821 2661
1619375978819105714 3367
1619375978938003974 3987
1619375979069693415 3612
1619375979312660901 3757
1619375979370745716 3367
1619375979501825573 5837
1619375979541952658 5962
1619375979684787177 3779
1619375979751565341 3293
1619375980027733865 3856
1619375980033267859 3450
1619375980177376348 3670
1619375980183178995 3701
1619375980374784774 3415
1619375980452210817 4801
1619375980465269313 4777
1619375980594541395 4095
1619375980701908653 3308
1619375980735470484 3883
1619375980793270559 3399
1619375980889561779 4173
1619375980984346301 3990
1619375980990391050 3998
1619375981052150747 3653
1619375981282126028 4185
1619375981650449230 3777
1619375981746089214 3699
1619375981803262063 3343
1619375981987303081 4599
1619375982020028732 3587
1619375982196632070 3909
1619375982602945958 3209
1619375982608751839 3696
1619375982813688308 4059
1619375983015104381 4272
1619375983035831446 3688
1619375983251303284 4203
1619375983347673579 3851
1619375983402717628 3730
1619375983542365141 3958
1619375983568917145 3495
1619375983607137729 5970
1619375983719741045 3911
1619375983891284141 6782
1619375983908458830 2561
1619375983993552525 6712
1619375984120777141 3913
1619375984169640580 4032
1619375984204900386 4306
1619375984401499681 3611
1619375984433168672 3613
1619375984867589138 3598
1619375985011443901 5255
1619375985163345499 5371
1619375985419355115 4157
1619375985455329000 3395
1619375985552253609 2772
1619375985866347995 2674
1619375986208429343 3802
1619375986273484353 4401
1619375986392109371 2567
1619375986441448706 3093
1619375986505198376 5694
1619375986623675724 3769
1619375986790132415 7478
1619375986858370593 4522
1619375987199424879 4164
1619375987547868398 2647
1619375987714144230 5424
1619375987732390679 3465
1619375987900122254 3988
1619375988059911812 5303
1619375988111556444 4970
1619375988294975936 7722
1619375988517310354 4473
1619375988721433491 3923
1619375988759732395 7438
1619375988867601097 4192
1619375989077880090 3369
1619375989083622124 3627
1619375989142333611 3587
1619375989181218640 3853
1619375989474461501 3870
1619375989540348866 4346
1619375989869182623 3854
1619375989957552774 3806
1619375990651666724 5524
1619375990842078279 3832
1619375990866775581 4162
1619375990960870807 3771
1619375990988285140 4281
1619375990999239178 3166
1619375991053135949 4278
1619375991062720957 2270
1619375991177517210 6797
1619375991382239180 4373
1619375991430655855 9368
1619375991475209764 4178
1619375991575274148 4386
1619375991847764110 4194
1619375992025270298 3381
1619375992041700930 9551
1619375992054025165 4034
1619375992146067807 3054
1619375992271633933 4144
1619375992285949273 5175
1619375992441308908 3957
1619375992628362581 4807
1619375992737964198 4643
1619375992772213880 4050
1619375992975666752 4080
1619375993077039032 3547
1619375993555973443 4314
1619375993621158409 3546
1619375993730204087 4002
1619375993823215905 3698
1619375994139681480 6765
1619375994173938078 4431
1619375994194100823 4357
1619375994264224225 2845
1619375994512024187 5451
1619375994635828664 4313
1619375994707466062 4184
1619375994758387284 3888
1619375994776457648 3999
1619375994893766871 3362
1619375994933528086 8269
1619375995175635100 3109
1619375995205649454 3810
1619375995259155889 7060
1619375995493227176 4750
1619375995694621264 4279
1619375995858226762 3471
1619375995872596488 2452
1619375995941238878 5098
1619375996288957534 4267
1619375996370281900 4320
1619375996422168330 3977
1619375996822509386 3442
1619375996840106745 2576
1619375996873868362 4582
1619375997041516454 3854
1619375997116082217 4019
1619375997166277590 4030
1619375997213788643 4283
1619375997225269013 3294
1619375997315479386 4273
1619375997649244594 4015
1619375997691620375 3941
1619375997697502467 3778
1619375997807109363 8693
1619375997886420982 6714
1619375997972009455 4482
1619375998173417246 3181
1619375998197368519 3826
1619375998245693072 2209
1619375998317858004 4264
1619375998325143955 5137
1619375998365552267 2587
1619375998388942969 3410
1619375998706842399 2527
1619375998770328676 3938
1619375999070112720 3055
1619375999279663262 3183
1619375999493953393 3407
1619375999548955934 4039
1619375999618147997 3325
1619375999631163230 5258
1619375999796479781 3800
1619376000294381028 3476
1619376000444161407 4059
1619376000510233769 5218
1619376000813180591 6283
1619376000889608484 3730
1619376001012381754 4137
1619376001124875985 4726
1619376001398154642 4478
1619376001456881567 4296
1619376001517983730 7155
1619376001902250424 4202
1619376001930951429 3392
1619376002051782448 4185
1619376002463164266 5471
1619376002513447948 3908
1619376002650941278 4682
1619376003019129729 3173
1619376003108712640 7433
1619376003126920995 3871
1619376003400152405 4327
1619376003406494980 4271
1619376003450794312 3906
1619376003586949308 3669
1619376003690416804 5141
1619376003764149878 7285
1619376003768678915 2366
1619376003826339145 4568
1619376003891057377 3808
1619376003935562660 3797
1619376004020732998 7524
1619376004205885768 4175
1619376004306138166 3717
1619376004372475719 5516
1619376004477961898 3931
1619376004619681520 8343
1619376004642899496 3138
1619376004686258382 2502
1619376004941383565 4913
1619376005016253694 3870
1619376005028912688 3228
1619376005040660892 3565
1619376005240962186 4007
1619376005264370464 4856
1619376005574493318 3502
1619376005598972710 4028
1619376005783936292 4267
1619376005795214843 3665
1619376005974432181 2793
1619376006269099835 4314
1619376006499842654 3615
1619376006519956543 3877
1619376006779643073 5456
1619376007085364136 3552
1619376007091100824 3634
1619376007265073223 3934
1619376007505133151 5782
1619376007535642625 3537
1619376007625872247 4735
1619376007665176555 3624
1619376007973423580 3983
1619376008244999984 4311
1619376008583840068 2905
1619376008589124629 3239
1619376008681411702 4073
1619376008933721376 4778
1619376009014968130 4046
1619376009234145785 3358
1619376009368175945 3468
1619376009401978046 3996
1619376009738163364 3233
1619376009779457446 4957
1619376010157816449 3306
1619376010291428774 5778
1619376010411161702 6364
1619376010581404708 4466
1619376010992688825 3845
1619376011155622954 2699
1619376011448254010 3448
1619376011603972165 6192
1619376011692963855 3177
1619376011857193312 4672
1619376011901864552 4233
1619376011991036720 3600
1619376012019474659 4194
1619376012137340710 3888
1619376012145161250 5779
1619376012283886008 5636
1619376012305416385 3979
1619376012377568972 4182
1619376012563630189 4058
1619376012578037031 6496
1619376012679050221 6520
1619376013016301746 6311
1619376013092578592 3850
1619376013195619783 5394
1619376013235524303 4755
1619376013285273065 3676
1619376013481523095 3787
1619376013671419860 3706
1619376013729920425 4612
1619376014025932794 6464
1619376014095879038 4023
1619376014301866398 3069
1619376014889161158 2383
1619376014955759005 5538
1619376014962995706 5099
1619376015119213122 5846
1619376015321927079 3896
1619376015561477375 3933
1619376015613275550 6894
1619376015869711975 3912
1619376015922441836 5919
1619376015967791854 6773
1619376016153640856 3807
1619376016285598764 3818
1619376016521242131 4511
1619376016669306705 3931
1619376016799108087 4247
1619376017137953791 3217
1619376017201803940 4425
1619376017288420216 4545
1619376017493549064 4401
1619376017509799659 7779
1619376017722785379 5099
1619376017806995898 4290
1619376017838082499 3747
1619376017931634092 3930
1619376018148197601 3018
1619376018192716363 5782
1619376018289012755 4006
1619376018307657767 4088
1619376018312860086 3126
1619376018353771642 5457
1619376018449544842 5985
1619376018504678434 4652
1619376018597576464 3333
1619376018613001235 6911
1619376018752649296 3805
1619376018785480413 3873
1619376018811491918 5908
1619376018848474594 4784
1619376019062698746 5264
1619376019194924478 3941
1619376019223382096 4227
1619376019235545840 3575
1619376019252787953 3623
1619376019299215659 4108
1619376019451970522 4037
1619376019460441471 6377
1619376019561583098 4019
1619376019667728233 3840
1619376019712905776 5088
1619376019825167148 3852
1619376019851755117 5087
1619376019918632309 2938
1619376019965853632 4889
1619376020215725573 4349
1619376020253903357 2826
1619376020427949585 3746
1619376020485644082 3769
1619376020540148306 3197
1619376020587422329 3956
1619376020869939786 3990
1619376021039369753 4145
1619376021370526585 2901
1619376021527472006 4012
1619376021576277893 3763
1619376021886287614 3697
1619376022058796952 3742
1619376022460002083 5521
1619376022472791317 4826
1619376022507658644 13881
1619376022619679723 4356
1619376022676955434 4008
1619376022805856990 9113
1619376023012638314 3628
1619376023174469890 3659
1619376023285235954 3501
1619376023519911237 3231
1619376023560843793 6697
1619376023623705081 4160
1619376023833991587 5082
1619376023980170299 5527
1619376024081736783 2196
1619376024287070857 3791
1619376024580135610 4036
1619376024606791871 11730
1619376024612246554 3318
1619376024625812084 5632
1619376024637456019 3790
1619376024670412513 4134
1619376024700146741 3750
1619376024778864777 5053
1619376024866151555 3923
1619376024873149885 4809
1619376024958840321 5269
1619376025015393881 3965
1619376025021250436 3785
1619376025060902983 3527
1619376025194535011 4276
1619376025208499961 4091
1619376025225200941 7388
1619376025297454428 4379
1619376025467990432 3428
1619376025554666293 3524
1619376025596738024 11323
1619376025655755183 3647
1619376025933523930 7465
1619376025941272991 5652
1619376026119293481 4596
1619376026277338208 4859
1619376026289200500 3460
1619376026368735420 4946
1619376026380719173 4610
1619376026463785682 4334
1619376026578736908 3570
1619376026721014426 3831
1619376026746157592 3707
1619376026754036866 5789
1619376026825543196 4216
1619376026865887429 4545
1619376026888724063 3248
1619376026914113689 3491
1619376027021117612 4493
1619376027063226696 3510
1619376027856394208 3672
1619376027956380686 6279
1619376028116138761 4749
1619376028188952927 3818
1619376028539989810 5005
1619376028736613046 7335
1619376028874177004 6686
1619376028909329153 4156
1619376028942061612 3571
1619376028947441385 3261
1619376029005492272 3588
1619376029043763668 3707
1619376029090129559 4022
1619376029324404004 5094
1619376029570114281 4875
1619376029886887127 4229
1619376030029534725 3798
