1619373692099745798 3208
1619373692666379995 3235
1619373692935297183 2935
1619373692969910678 2213
1619373693107263496 3322
1619373693168259760 3018
1619373693372252929 2415
1619373693508485173 3881
1619373693611742076 3410
1619373693688538603 2696
1619373693708697409 3182
1619373693792973763 2762
1619373693798496120 3338
1619373693882935342 2864
1619373694086039911 2767
1619373694095664407 3251
1619373694326410519 2619
1619373694532081689 2895
1619373694616798168 3554
1619373694673129659 2711
1619373694715278235 2900
1619373694720103216 2690
1619373694788993989 3324
1619373694810127848 2869
1619373694820501779 3469
1619373694851221632 2883
1619373694861222125 2430
1619373695099033332 3121
1619373695173117407 3053
1619373695411130997 2928
1619373695644336842 2828
1619373695718598516 2811
1619373695927577849 2336
1619373696085892169 3252
1619373696247719989 3144
1619373696258851832 3009
1619373696273662353 2513
1619373696311926717 2313
1619373696326488130 2391
1619373696359208917 2929
1619373696480119106 3359
1619373696582075321 3309
1619373696735560018 4003
1619373696959136445 3966
1619373697101957520 3580
1619373697153234285 3251
1619373697158014170 2672
1619373697345128681 3479
1619373697565362495 3158
1619373697650217734 3917
1619373697664666744 3356
1619373697725977011 2160
1619373697730606663 2522
1619373697910419449 3280
1619373698107476546 2268
1619373698119654601 3304
1619373698219756701 3295
1619373698309906423 3090
1619373698350740037 3090
1619373698478445823 2328
1619373698618628034 3401
1619373698840655576 2942
1619373698991766409 3612
1619373699071924635 3455
1619373699141329835 2663
1619373699152482375 3196
1619373699188590884 3195
1619373699302398686 4613
1619373699581693623 3411
1619373699669311696 2650
1619373699838139605 3461
1619373699965908580 2775
1619373700085027601 2219
1619373700138078409 2982
1619373700178908322 3212
1619373700248169976 3832
1619373700316084899 2558
1619373700596571796 4385
1619373700644226066 3028
1619373700691965310 3567
1619373700821026684 2643
1619373700961045122 2314
1619373700993881763 3030
1619373701015689603 2919
1619373701031398114 3776
1619373701059449720 3651
1619373701086353150 4572
1619373701341226029 3058
1619373701424444879 2889
1619373701462433474 3521
1619373701682209577 4659
1619373701801564654 3164
1619373701874037986 2754
1619373701890683182 3498
1619373701991610115 3034
1619373702055729495 3373
1619373702109000627 3659
1619373702154806045 2175
1619373702220369596 2926
1619373702316654055 4208
1619373702422112363 2274
1619373702485301436 3679
1619373702498987435 2283
1619373702644059586 3119
1619373702712082113 4419
1619373702741599718 3144
1619373702912177534 4891
1619373702943576795 3271
1619373702992634152 3529
1619373703061730749 3406
1619373703162585064 3336
1619373703204920730 3563
1619373703412896630 3269
1619373703454995819 3423
1619373703559943774 2814
1619373703638827469 2604
1619373703750432257 3960
1619373703912226175 3510
1619373703937898170 2583
1619373704238384048 3456
1619373704468822678 2845
1619373704526909070 2475
1619373704700090947 3678
1619373704720350602 2817
1619373705080544507 3075
1619373705260919139 2150
1619373705355552942 2564
1619373705380258585 3180
1619373705416822646 2295
1619373705542661062 2967
1619373705713176200 2717
1619373705719793801 4471
1619373705758337521 4316
1619373705837216253 3425
1619373706179148940 3057
1619373706247648398 4206
1619373706293256364 2833
1619373706297760839 2422
1619373706439621988 2924
1619373706580243931 3931
1619373706702676791 2926
1619373706718309622 3093
1619373706759724704 2430
1619373706780452960 2514
1619373706906551974 3232
1619373706926892954 3481
1619373707131757152 2691
1619373707205267495 3376
1619373707550875262 3372
1619373707625251309 2913
1619373707784623804 5069
1619373707811367216 3107
1619373707914238651 3452
1619373708072491951 4710
1619373708170421229 2884
1619373708214932386 3463
1619373708235263046 2346
1619373708271820066 4269
1619373708385247329 4216
1619373708476871621 3542
1619373708553048994 4368
1619373708656481977 3179
1619373708723822493 3120
1619373708740737981 5031
1619373708913081042 3179
1619373708945444687 4723
1619373709206209219 3701
1619373709542194586 3690
1619373709608178449 2888
1619373709762782489 2442
1619373709835327594 2496
1619373709921958541 3185
1619373709939335211 3224
1619373709994338535 2379
1619373710223335855 2554
1619373710434474928 3161
1619373710888455162 3494
1619373710941220679 2312
1619373711070355669 3752
1619373711166203844 3869
1619373711336151767 3183
1619373711502123662 3842
1619373711595683115 2691
1619373711605842184 2842
1619373711632506669 3044
1619373711705679940 2110
1619373711895795388 3615
1619373711995673951 3807
1619373712220883807 3137
1619373712295673310 2787
1619373712338798133 4048
1619373712411981436 3822
1619373712612298691 4155
1619373712734488134 3210
1619373712789321843 2202
1619373713033488357 2711
1619373713066411954 3302
1619373713092918103 2588
1619373713167026283 3161
1619373713257891011 2264
1619373713689434822 3498
1619373713859771834 2263
1619373713956371471 2774
1619373713997962940 3251
1619373714164145422 2938
1619373714291503266 3182
1619373714543539206 3350
1619373714559896549 2464
1619373714592150360 3163
1619373714769076577 3138
1619373714861308357 2378
1619373715112823472 5752
1619373715122476057 2782
1619373715231362290 3019
1619373715633784684 2992
1619373715687577231 3472
1619373715919147080 2344
1619373715965726512 3613
1619373716056448101 2761
1619373716068242870 3500
1619373716324319873 2299
1619373716352552484 3139
1619373716426905271 3135
1619373716468855461 2921
1619373716653535784 3109
1619373716779452497 3779
1619373716821695352 2932
1619373716892260238 2801
1619373716902749449 2936
1619373717122300028 2624
1619373717183477505 3894
1619373717193061704 2297
1619373717229823060 2792
1619373717293217700 2276
1619373717314203687 3080
1619373717331735927 4521
1619373717336099249 2227
1619373717342093356 3970
1619373717389730266 3351
1619373717433099685 3147
1619373717480110414 2260
1619373717504337514 2674
1619373717560288530 4383
1619373717598903549 4133
1619373717640190884 3248
1619373718039645538 3324
1619373718184418853 3724
1619373718391178026 3679
1619373718450458566 2777
1619373718548631142 2495
1619373718586774620 2847
1619373718713076701 3405
1619373718720167732 4898
1619373718751716055 3681
1619373719140231095 2433
1619373719176067753 2712
1619373719241411153 3001
1619373719460160283 2808
1619373719508512004 2283
1619373719514243252 3668
1619373719903454935 3623
1619373719913244238 2203
1619373720174975757 2316
1619373720578842475 3536
1619373720588314912 2945
1619373720659567379 3267
1619373720782729989 3028
1619373720836187659 2526
1619373721109049305 3867
1619373721204431009 4743
1619373721251392458 2382
1619373721273309644 4645
1619373721409042628 2734
1619373721465586222 2866
1619373721571480780 2455
1619373721587428951 2858
1619373721619651202 2533
1619373721630161441 3352
1619373721645903321 3260
1619373721656786556 4446
1619373721759760853 4241
1619373721913749275 2482
1619373721985049037 3714
1619373721999286128 2859
1619373722090213672 3364
1619373722095466094 3102
1619373722117477151 3162
1619373722364011233 3892
1619373722864019862 4351
1619373722912090729 3405
1619373722928397751 3848
1619373722965448478 3699
1619373722976640877 3056
1619373723106763243 2360
1619373723119016398 3706
1619373723222807771 2844
1619373723296451776 2991
1619373723368781816 4535
1619373723374208168 3368
1619373723385115519 3378
1619373723515766866 3680
1619373723546190577 3454
1619373723617045651 3357
1619373723879701798 2768
1619373723925657953 3218
1619373723968015971 3074
1619373724041341137 3220
1619373724360585368 2811
1619373724365757643 3024
1619373724370673463 2663
1619373724464469799 2649
1619373724493735990 3420
1619373724555983333 3645
1619373724846876315 3910
1619373724883936656 2600
1619373724904065177 2669
1619373725219355873 3674
1619373725432090966 3222
1619373725546336977 2861
1619373725650483370 2709
1619373725674855675 2603
1619373725681437678 4359
1619373725737057508 2576
1619373725741589227 2335
1619373725746846133 3110
1619373725763863565 2554
1619373725966673992 4326
1619373725993014549 3459
1619373726075215176 3070
1619373726249483438 2288
1619373726262032858 5123
1619373726564902916 3300
1619373726574932856 2724
1619373726712277151 2918
1619373726882186957 3247
1619373726909381036 2861
1619373726925359058 3023
1619373726980561719 3791
1619373727183572467 2538
1619373727209584792 3193
1619373727390330072 3977
1619373727510510785 3104
1619373727764371283 3225
1619373727779455002 3302
1619373727784864565 3205
1619373727875706844 3058
1619373727999017668 3004
1619373728117088976 2453
1619373728263722353 3116
1619373728288127849 2762
1619373728449572690 2749
1619373728667197415 3122
1619373728818184819 2413
1619373728888023607 2950
1619373728893330748 3205
1619373728961842343 3177
1619373729029001510 2244
1619373729049757449 2493
1619373729220389295 2588
1619373729335847025 2934
1619373729720073192 3080
1619373729735337337 3974
1619373729998100413 3399
1619373730113408171 3128
1619373730163047465 3624
1619373730363756966 2828
1619373730395725168 2651
1619373730581103594 3089
1619373730614416815 2846
1619373730706878800 2326
1619373730806247647 5540
1619373730832787528 4060
1619373730875521373 3029
1619373731027926053 3007
1619373731079928553 3413
1619373731132437201 4125
1619373731212000800 3436
1619373731412820108 2492
1619373731448002838 2960
1619373731477160257 5244
1619373731530014781 3227
1619373731755572425 3211
1619373731777617903 5033
1619373731793755139 3354
1619373731950966239 3146
1619373731971038962 2835
1619373732023698971 3941
1619373732065487535 3964
1619373732149202127 3683
1619373732309515529 3520
1619373732390621410 2896
1619373732459024783 3827
1619373732654773560 3322
1619373732660707761 3768
1619373732702495518 3330
1619373732792659880 3127
1619373732839851819 3691
1619373732900842577 2498
1619373732983199139 4317
1619373733031269338 3019
1619373733333748288 2594
1619373733416409528 3588
1619373733482755546 3513
1619373733500049360 4669
1619373733695933690 3241
1619373733700925607 2853
1619373733715874347 3625
1619373733812609287 2713
1619373733899599779 4276
1619373734055412314 3115
1619373734115369178 2820
1619373734169314128 3582
1619373734359609731 3253
1619373734396967272 2516
1619373734446659708 3122
1619373734547409439 2654
1619373734595642137 2513
1619373734653971195 2422
1619373734912861990 3710
1619373734918305289 3189
1619373734944531540 2321
1619373735037850045 4070
1619373735067824791 4155
1619373735229673819 3580
1619373735272658190 3359
1619373735431735442 4022
1619373735591442274 2454
1619373735611627440 2142
1619373735659320931 2540
1619373735754123293 2802
1619373735930385349 2472
1619373736013982252 2132
1619373736268367532 3148
1619373736348232543 4292
1619373736367583460 2931
1619373736805243240 2886
1619373736820704672 2572
1619373736919341487 2772
1619373736925020427 3576
1619373737141757298 2515
1619373737172750894 3194
1619373737271061132 2522
1619373737434508188 2922
1619373737444397377 2786
1619373737577544185 3112
1619373737727853099 3457
1619373737750956054 3236
1619373737873607580 2724
1619373737999936219 2858
1619373738133992768 2942
1619373738144432398 3071
1619373738350412892 2522
1619373738370989424 2876
1619373738528623766 2504
1619373738641048307 2869
1619373738645983933 2852
1619373738753463769 3851
1619373738919061425 2685
1619373738959501615 2941
1619373738971419556 2753
1619373739274876729 2908
1619373739429924625 3908
1619373739481568117 3028
1619373739614666316 3083
1619373739654400510 2193
1619373739679518889 2306
1619373739707232785 5132
1619373739810557970 2991
1619373739825279959 2502
1619373740671257503 3327
1619373740804276507 2790
1619373740841162103 2788
1619373740893776563 2777
1619373740899001589 3122
1619373741066338931 2542
1619373741320743927 2807
1619373741490743980 3045
1619373741640354351 2434
1619373741759129625 3524
1619373741819366206 4946
1619373741841522215 3507
1619373742022373724 2996
1619373742193949837 3023
1619373742231091071 2379
1619373742480781113 2378
1619373742518339706 2919
1619373742608999791 3161
1619373742691896886 3029
1619373742914591686 2590
1619373743057511177 4743
1619373743311228062 4580
1619373743470088610 3353
1619373743556729909 3385
1619373743603855000 3478
1619373743673453955 2696
1619373743839014251 2974
1619373743968291855 3990
1619373743986443864 3794
1619373744017807057 2941
1619373744175635450 3551
1619373744350656217 3028
1619373744361366103 3229
1619373744479256499 3001
1619373744649163688 3463
1619373744669224687 2998
1619373744733473024 3162
1619373744753757248 3131
1619373744924459672 3383
1619373744935302545 4452
1619373745009631774 3850
1619373745134307808 2965
1619373745155886737 2520
1619373745311507204 2538
1619373745398617087 3341
1619373745487297866 2890
1619373745540251241 2965
1619373745625866448 3620
1619373745756527226 3201
1619373745990370404 3115
1619373746011171371 3083
1619373746068918037 3605
1619373746230177682 2670
1619373746584087735 2655
1619373746627747460 3282
1619373746890745621 3976
1619373746955102973 3395
1619373746974552403 4119
1619373747045990351 2972
1619373747138086597 2868
1619373747321306448 2961
1619373747404625370 2432
1619373747498927644 3210
1619373747514515092 3338
1619373747958602627 3109
1619373748123835055 2732
1619373748289565498 2535
1619373748309287624 2852
1619373748356709595 2806
1619373748548016520 3435
1619373748633751542 3031
1619373748722706428 3220
1619373748750202706 3484
1619373748856721115 2903
1619373748909472516 3118
1619373748999690708 3727
1619373749016940668 3655
1619373749205935403 2918
1619373749509559392 2343
1619373749552672372 3118
1619373749669418834 3071
1619373749704641362 3207
1619373749720145884 2864
1619373749817345684 2940
1619373749881539300 3952
1619373749943422215 4004
1619373749957476730 2144
1619373749973792285 3332
1619373750059590500 3072
1619373750182750166 3101
1619373750284903492 3478
1619373750301516801 2784
1619373750403500177 3106
1619373750414595795 3683
1619373750482984281 3128
1619373750528979582 3209
1619373750544429838 2484
1619373750662325907 3798
1619373750820182373 3627
1619373750925311945 3411
1619373751111282975 2816
1619373751194917064 2575
1619373751322052452 2448
1619373751333236679 2946
1619373751558145568 3079
1619373751904947397 3762
1619373751914970998 2687
1619373751997679218 5173
