1619378860934463889 5481
1619378861329893759 4542
1619378861407769904 3484
1619378861428766669 3268
1619378861503871595 3357
1619378861578868710 3338
1619378861598225303 2676
1619378861603678663 3368
1619378861674426252 2277
1619378861731354408 3153
1619378861807581774 3053
1619378861869319426 2949
1619378861983546235 2760
1619378861993711807 3125
1619378862313635175 2735
1619378862334583042 3230
1619378862366015374 3634
1619378862412637469 2802
1619378862479282365 2675
1619378862516079552 2989
1619378862579277910 2252
1619378862600388737 3395
1619378862692012165 3528
1619378862732823454 2191
1619378862837698306 3102
1619378862862213756 2279
1619378863070936611 3219
1619378863111847940 3008
1619378863654562196 4353
1619378863669179019 2151
1619378863828076780 2877
1619378863864770474 2424
1619378864054142717 2979
1619378864158748670 2932
1619378864312257823 3249
1619378864517502795 3161
1619378864673768069 2909
1619378864688672160 2765
1619378864769711357 4266
1619378864806636329 2892
1619378865076778427 2729
1619378865482592895 2984
1619378865718415709 3018
1619378865750410476 2674
1619378865802488740 3643
1619378865823138814 2366
1619378865863970483 2665
1619378865926762026 3296
1619378865963354464 3004
1619378866011778066 4033
1619378866049931693 3025
1619378866154796390 3407
1619378866176680719 2759
1619378866186871323 3121
1619378866254562973 2559
1619378866305884856 3127
1619378866315853546 2775
1619378866334578303 2023
1619378867058182504 2839
1619378867121974691 2603
1619378867183330687 2306
1619378867281260462 3240
1619378867406388925 3131
1619378867658901858 4257
1619378867769930231 2764
1619378868053106499 3486
1619378868105366151 2738
1619378868242734615 3627
1619378868278745729 2879
1619378868348827944 2043
1619378868381043719 2318
1619378868583384948 2717
1619378868850455763 2665
1619378868872016180 3590
1619378869027452221 2155
1619378869037745827 2563
1619378869140561405 2966
1619378869259813080 3305
1619378869401495624 3371
1619378869512578458 3292
1619378869554981430 3020
1619378869574297932 3056
1619378869931346076 2543
1619378869991968121 3500
1619378870007406382 3462
1619378870156044316 2154
1619378870283829474 4516
1619378870416411309 3603
1619378870448654090 3048
1619378870678085463 3018
1619378870935393685 2915
1619378870988338506 3403
1619378871079837526 2574
1619378871127841295 2870
1619378871142921157 3028
1619378871180828135 2780
1619378871192473717 4326
1619378871280278152 2416
1619378871293914306 2323
1619378871441626194 2807
1619378871495020897 3510
1619378871573557729 3233
1619378871629924737 2743
1619378871724259782 5004
1619378872008113213 4185
1619378872054991375 3431
1619378872071313543 2408
1619378872215163876 2989
1619378872277291891 2733
1619378872388271501 2966
1619378872506041137 2774
1619378872528106115 4538
1619378872574350543 2941
1619378872594958054 2255
1619378872600680193 3535
1619378872605522997 2668
1619378872626910514 3067
1619378872646681206 3034
1619378872712022007 3379
1619378873135921931 3120
1619378873178116231 2735
1619378873194927389 3290
1619378873220641300 3080
1619378873281104181 2968
1619378873338588246 2999
1619378873482269909 3443
1619378873492790214 2165
1619378873614026287 2224
1619378873743874281 2263
1619378873920811042 3130
1619378874103147019 2572
1619378874206497206 3221
1619378874701429151 3131
1619378874768249470 2648
1619378874991428280 2365
1619378875055496333 3152
1619378875090980120 4641
1619378875127533433 3153
1619378875338875455 5048
1619378875434600980 5130
1619378875471412508 4143
1619378875671853748 3673
1619378876145059812 2763
1619378876172735502 4016
1619378876262368562 3756
1619378876326497338 2597
1619378876331655922 2962
1619378876435219412 3185
1619378876586610907 2465
1619378876796739817 4632
1619378876931342763 3550
1619378876986081402 3076
1619378877051430416 2790
1619378877118695046 4893
1619378877220349911 4122
1619378877235693651 3284
1619378877346424466 3399
1619378877513781279 4627
1619378877555647287 4581
1619378877628449590 2809
1619378877739755116 2501
1619378877766974285 2277
1619378877840390202 2868
1619378878006565594 2672
1619378878048752629 2212
1619378878118279584 3474
1619378878185331582 2808
1619378878301777852 2800
1619378878334861558 4705
1619378878410348270 3245
1619378878545378225 3917
1619378878653069535 4448
1619378878732052741 4093
1619378878822185272 2588
1619378878869638942 3009
1619378878973258500 2262
1619378879021877816 3263
1619378879051421381 3416
1619378879060789933 2802
1619378879329707046 3011
1619378879411696896 3611
1619378879469969675 2926
1619378879746532236 3696
1619378879883900785 3983
1619378879922850645 5206
1619378879990361831 3565
1619378880145969494 3211
1619378880229356924 3700
1619378880249893010 2529
1619378880324683332 2530
1619378880346224876 2491
1619378880418988261 2389
1619378880605944085 2970
1619378880674655524 2373
1619378880717005629 2883
1619378880893903020 3198
1619378880904825459 3187
1619378880918483771 3017
1619378880947011749 2920
1619378881084558046 3006
1619378881171591534 2878
1619378881192083760 3002
1619378881281896288 3268
1619378881441899970 2106
1619378881637092325 3191
1619378881838526684 2643
1619378882020396470 3854
1619378882105382459 2493
1619378882200492407 3252
1619378882249676459 3519
1619378882255326419 3465
1619378882285230444 2672
1619378882327455926 3184
1619378882609834262 3008
1619378882796887553 3965
1619378882858823620 3342
1619378882923742683 3539
1619378883146715711 2604
1619378883153372899 4456
1619378883210659309 3648
1619378883308401429 2847
1619378883313840641 3241
1619378883749719522 3472
1619378883846454205 4787
1619378883996980463 2325
1619378884110251426 3386
1619378884206141190 3603
1619378884430548055 3106
1619378884615720740 2425
1619378884762755551 3432
1619378884919071491 3361
1619378885061294813 2824
1619378885071362110 3141
1619378885092164736 2676
1619378885112850651 2828
1619378885243114609 3448
1619378885249301236 4068
1619378885301492613 3327
1619378885510488141 2878
1619378885521443050 3492
1619378885612960457 3501
1619378885702857553 2462
1619378885708205737 3216
1619378886019890048 3034
1619378886117129754 3890
1619378886127511779 3545
1619378886160687460 2583
1619378886535205705 2470
1619378886587153518 4119
1619378886798975514 5274
1619378887015155726 2360
1619378887140687794 2804
1619378887359221000 2144
1619378887544839723 2476
1619378887789245069 2893
1619378887810624040 2383
1619378887835501290 2854
1619378887893241344 2595
1619378887941907708 2669
1619378888054998718 2514
1619378888218382726 2883
1619378888280297997 3377
1619378888317092570 3005
1619378888353453513 2040
1619378888429373514 3415
1619378888562205045 2593
1619378888731765479 3796
1619378888860416227 2649
1619378888897768868 3467
1619378889024499029 3366
1619378889035521812 3935
1619378889209267380 2768
1619378889219264537 2224
1619378889329024072 4519
1619378889358746592 2787
1619378889486522867 2813
1619378889509145095 3362
1619378889670915731 3852
1619378889733947770 2868
1619378889850612142 3287
1619378890025531241 3542
1619378890042306818 4057
1619378890200184012 2854
1619378890443602297 2855
1619378890588603622 2909
1619378890653020644 4423
1619378890958373890 3087
1619378891037992405 3364
1619378891214708083 3767
1619378891433406173 2705
1619378891557157572 2980
1619378891627214864 3443
1619378891648274729 3894
1619378891749125103 3034
1619378892018923837 2284
1619378892064512113 4029
1619378892147460529 2844
1619378892218585597 3028
1619378892468648079 3743
1619378892475282471 4441
1619378892520742492 2637
1619378892680239842 3067
1619378892898945814 2917
1619378893034783216 3094
1619378893252559773 3086
1619378893268782812 3239
1619378893415267644 4483
1619378893435049946 2918
1619378893575838018 2860
1619378893591043093 2930
1619378893726869271 3307
1619378893911409975 2641
1619378893974454958 3078
1619378894093792558 2906
1619378894215257850 4507
1619378894321497030 2356
1619378894509420811 3273
1619378894521586250 3112
1619378894601894364 3404
1619378894654024074 2752
1619378894688904435 2434
1619378894898451741 2334
1619378894996728173 3418
1619378895002721169 3794
1619378895114146659 3163
1619378895211840177 3416
1619378895244127160 2608
1619378895259852969 2861
1619378895298278600 2645
1619378895320064844 3131
1619378895507193028 2581
1619378895616217849 2396
1619378895974123284 2461
1619378896001877394 3273
1619378896257423025 2317
1619378896288980357 3420
1619378896469884586 2451
1619378896545550326 3090
1619378896675795272 3382
1619378897084235926 2537
1619378897137427551 3150
1619378897185176809 3357
1619378897218114765 2894
1619378897663496471 3239
1619378897740237190 3249
1619378897751381275 3334
1619378897996223805 2728
1619378898164177247 2580
1619378898195538455 2693
1619378898240684890 4606
1619378898312680030 3048
1619378898317478560 2547
1619378898778139909 2732
1619378898783265987 2931
1619378898827020908 2391
1619378898896613471 2804
1619378898978477070 2550
1619378899044542089 3789
1619378899064836322 2861
1619378899177685374 3100
1619378899307965027 5360
1619378899625631645 3068
1619378899635725949 3130
1619378899645824085 3074
1619378899732517016 3133
1619378900231720287 2943
1619378900237629994 3714
1619378900334807603 3590
1619378900387482916 3055
1619378900701103149 3741
1619378900787564605 2773
1619378900931748980 3205
1619378900995551996 2876
1619378901005935221 2362
1619378901021943048 2817
1619378901037460650 2621
1619378901294204036 2454
1619378901396419112 4263
1619378901452714382 2951
1619378901700303649 4881
1619378901787327061 3166
1619378901807677064 3295
1619378901812239404 2428
1619378901887194111 4247
1619378902035563405 2763
1619378902128947274 2721
1619378902217024478 3908
1619378902280772791 3444
1619378902285438649 2516
1619378902486988296 2914
1619378902751477636 4539
1619378902774036719 3038
1619378902882207541 3502
1619378902930341376 4083
1619378902935110065 2564
1619378903144962599 3519
1619378903412014973 3098
1619378903422022736 2622
1619378904095858112 3095
1619378904101298625 3295
1619378904154196239 3002
1619378904378312651 2556
1619378904397559447 2840
1619378904571104756 2926
1619378904734395593 2991
1619378904767141604 3393
1619378904838809743 3466
1619378905219575365 3401
1619378905277780565 3356
1619378905526999999 3628
1619378905611800707 2796
1619378905730825985 3683
1619378905803258990 3157
1619378905829617483 4599
1619378905908362003 3673
1619378905928126871 2800
1619378905997569766 3479
1619378906054425079 2397
1619378906164341183 3323
1619378906196460099 4163
1619378906201950016 3332
1619378906212273697 3468
1619378906284777428 3460
1619378906423607882 4103
1619378906675446489 2349
1619378906942585985 3209
1619378907188407702 4034
1619378907221375246 2959
1619378907263949387 2231
1619378907484802545 3835
1619378907620965955 2706
1619378907687333051 4872
1619378907737423311 3481
1619378907773554135 2301
1619378907793554627 3028
1619378907825770488 3683
1619378908151643503 3463
1619378908245653254 2500
1619378908273043971 2759
1619378908330065110 2740
1619378908701127155 3146
1619378908786415253 3131
1619378908987944560 3358
1619378909221784854 3423
1619378909420943742 2354
1619378909468798139 4772
1619378909506079662 3929
1619378909511120459 2861
1619378909878070020 3064
1619378909995783946 2739
1619378910000625886 2643
1619378910042177444 2505
1619378910177850227 2497
1619378910368531433 3229
1619378910585820447 3361
1619378910632434734 3653
1619378910709172931 2683
1619378910724354709 2753
1619378910827157117 2496
1619378910846791142 3635
1619378910882478042 2354
1619378910909787491 2549
1619378911005144832 2647
1619378911093748723 2718
1619378911158181226 3023
1619378911687567424 3164
1619378911842881890 3480
1619378911917707223 3026
1619378912176394535 3375
1619378912239690862 3224
1619378912254315040 3206
1619378912378360859 3005
1619378912426379626 2835
1619378912575519775 3439
1619378912665362375 3201
1619378912727149600 2539
1619378912826298689 3128
1619378912860076780 2614
1619378912865119847 2845
1619378912929171030 3061
1619378912934202389 2828
1619378913140671869 2998
1619378913637807896 2604
1619378913782753041 2569
1619378913840196083 2906
1619378913876552068 2536
1619378913897050244 4035
1619378913910984189 2428
1619378914002677862 2612
1619378914035276481 3077
1619378914046565472 3573
1619378914355041197 3082
1619378914385676251 2477
1619378914536543820 3033
1619378914541829831 3104
1619378914628084127 2853
1619378914791532882 2915
1619378914864802840 3987
1619378914984041147 3123
1619378915180996255 3063
1619378915280281452 2878
1619378915452017742 2875
1619378915485174519 2710
1619378915936556054 3613
1619378916004632848 3365
1619378916100009782 3510
1619378916196437120 2988
1619378916232329334 2640
1619378916264649861 3282
1619378916398166620 4503
1619378916654359702 2779
1619378916796636465 2537
1619378917152028378 3103
1619378917198629515 2721
1619378917204110075 3382
1619378917257333709 2951
1619378917267305611 2985
1619378917272511533 3055
1619378917670447818 3165
1619378917707590456 3378
1619378917712928870 3160
1619378917813544110 3358
1619378917877293048 3648
1619378917940716855 2771
1619378918111500566 3135
1619378918138554369 2966
1619378918227923547 2722
1619378918288746623 2353
1619378918391869490 3287
1619378918624362143 2823
1619378918711065789 3039
1619378918791974858 2516
1619378918873980016 3471
1619378918947457445 3018
1619378919152218742 2534
1619378919199491078 2297
1619378919251028949 3063
1619378919393203043 3408
1619378919441036030 3258
1619378919468347016 5279
1619378919489044043 3185
1619378919510975055 2770
1619378919690171942 3132
1619378920272681698 2054
1619378920322226782 2555
1619378920437421015 2661
1619378920470766134 3297
1619378920509094078 3214
1619378920541143742 2657
1619378920667558590 3494
1619378920677978093 2852
1619378920779189190 2720
1619378920795560766 3905
