1619378452350854239 6526
1619378452432422432 7197
1619378452835696386 6833
1619378453539386283 7704
1619378453626805101 8452
1619378453761425741 9579
1619378454313355296 60869
1619378454326824004 11304
1619378455211511104 40665
1619378455256634681 7239
1619378455356125223 7658
1619378455631999690 7313
1619378456342698149 8557
1619378456565147629 6962
1619378456970737840 6375
1619378457013632340 40817
1619378457119641830 6630
1619378457312964603 41991
1619378457842652336 8164
1619378458745497073 5907
1619378459035031625 10434
1619378459060924777 6342
1619378459408726809 17264
1619378459421207169 10442
1619378459622468497 6522
1619378460147725179 11047
1619378460748568585 11357
1619378460926506917 6340
1619378461326416522 8696
1619378461616120930 28832
1619378461711294888 26210
1619378461957119936 11141
1619378462348329001 7017
1619378462472717199 7366
1619378462577315563 8951
1619378462743862885 7898
1619378462857372392 8683
1619378462918908410 6908
1619378463422151323 5268
1619378463516495433 19761
1619378463567612947 7549
1619378464719103878 6981
1619378464757935255 14249
1619378464765127358 5143
1619378464836724034 7575
1619378464910330444 16157
1619378464920675123 8301
1619378464954260263 13424
1619378465220746286 6631
1619378465375251905 8278
1619378465531246701 8892
1619378465821906169 9013
1619378465914676504 32733
1619378465956250758 9716
1619378466171999688 5534
1619378466437094368 9319
1619378466546137931 8912
1619378466759437537 10750
1619378466838697539 5158
1619378466867168899 5126
1619378467073351128 8706
1619378467420477936 7029
1619378467466523157 9165
1619378467515595179 18076
1619378467568522013 5554
1619378467587214979 6648
1619378467708904283 31097
1619378467774708498 5817
1619378468089552027 7973
1619378468669805453 9299
1619378468907644350 33800
1619378468926415896 6853
1619378469011137202 11969
1619378469325230884 7235
1619378469631238024 7782
1619378469735475761 8769
1619378469836514305 9981
1619378469962968598 12815
1619378470086170850 9792
1619378470215540936 17203
1619378470292865987 9559
1619378470565182679 11750
1619378471082527506 5820
1619378471522509046 5854
1619378471618903626 9683
1619378471833498414 7751
1619378472118364002 6043
1619378472209072102 14247
1619378472533179045 9992
1619378472579567882 6747
1619378472723219993 7336
1619378472893102734 6373
1619378472931444163 6592
1619378473108950014 16560
1619378473272814984 14875
1619378473475328099 4750
1619378473617132017 6630
1619378473641574459 12889
1619378473964378021 12503
1619378474194874109 10792
1619378474235229919 9086
1619378474351408032 9362
1619378474374485733 6784
1619378474437457249 5931
1619378474860333053 5405
1619378475681509092 5386
1619378476058977332 7080
1619378476985860566 9111
1619378477028995449 7263
1619378477283450009 8423
1619378477609667065 25686
1619378477772885018 9936
1619378478230543128 10284
1619378478741953889 10017
1619378479353073886 5011
1619378479601691140 8526
1619378479762817994 6629
1619378479833642109 7756
1619378480161782275 8597
1619378480263357607 7771
1619378480692644121 10710
1619378481079903292 10046
1619378481387567717 14414
1619378482445292457 8781
1619378482525054088 7096
1619378482944150495 7300
1619378483065350410 11603
1619378483708960791 22633
1619378484247027691 9568
1619378484421796935 13032
1619378484734528848 13014
1619378484884590003 7649
1619378484933670562 12709
1619378486207953559 29932
1619378486216785709 6755
1619378486849077628 10224
1619378487126157748 7902
1619378487285416851 7506
1619378487537365490 6119
1619378487621263239 10446
1619378487790865238 7182
1619378487814743950 6289
1619378487960302355 12199
1619378488110321927 9005
1619378488439035689 10365
1619378488762536713 5819
1619378489438787809 8347
1619378489481452168 9567
1619378489537743424 5796
1619378489747437863 9504
1619378490114112819 22961
1619378490530101698 9769
1619378490609653885 8216
1619378490718882569 7115
1619378491535606152 6231
1619378491602871830 9997
1619378491897299618 5315
1619378492382557830 8846
1619378492796005988 5864
1619378492882654927 17643
1619378492945573806 11073
1619378493282860331 5903
1619378493882456734 9895
1619378494917966222 5649
1619378495484443513 13678
1619378495643409733 7716
1619378495684582949 8185
1619378495888350508 10131
1619378496161049210 9047
1619378496341777215 7759
1619378496627962506 7401
1619378496697172249 9286
1619378496770134002 11077
1619378497135659832 6027
1619378497420195407 6177
1619378497566084016 16307
1619378498339619314 7349
1619378498419366985 7612
1619378498573354564 6783
1619378498659298071 9886
1619378498831589283 8342
1619378499382463980 11963
1619378499564524305 13386
1619378499824695944 6671
1619378499968742956 10001
1619378500775782673 5178
1619378501479088537 9363
1619378501625005455 6298
1619378502174478582 5999
1619378502738512504 7691
1619378502778681378 9816
1619378503262543076 10230
1619378503551014816 9205
1619378503784499631 10281
1619378503884083143 6872
1619378504315430564 13658
1619378504512721501 17712
1619378504637567934 6823
1619378504849289914 9457
1619378504906646573 16124
1619378505068718265 7815
1619378505137552663 7667
1619378505340588930 7781
1619378505707667721 8209
1619378505822506374 7366
1619378506211785544 24262
1619378506648514510 9501
1619378506937177089 9939
1619378507122097777 7783
1619378507623486945 5674
1619378507823557880 4803
1619378508385826226 7261
1619378508541354064 6320
1619378509132983486 6725
1619378509341693015 6964
1619378509839012906 5781
1619378509903745906 8920
1619378510579306315 5559
1619378510666638961 8220
1619378510746198489 10996
1619378511143991371 6928
1619378511320834579 6170
1619378511474578118 12757
1619378511915697848 17079
1619378512068305958 9455
1619378512088334481 7011
1619378512273753409 5972
