1655418862437279750 65129132
1655418862644823030 5533726
1655418862852204746 5305858
1655418863059218128 5091838
1655418863266796649 5683637
1655418863473711387 5133130
1655418863681118069 5454090
1655418863888409804 5183650
1655418864095551114 5188721
1655418864302843166 5253414
1655418864510052033 5289636
1655418864717451342 5492974
1655418864924942094 5518869
1655418865132172514 5226846
1655418865339420565 5305235
1655418865546926030 5436205
1655418865754258581 5456080
1655418865961646043 5425716
1655418866169163147 5789191
1655418866376543421 5431386
1655418866583556164 5111972
1655418866790773692 5289705
1655418866998167111 5500410
1655418867205433227 5350246
1655418867412960648 5536075
1655418867620188562 5278465
1655418867827291460 5128757
1655418868034530549 5284653
1655418868241638778 5192828
1655418868448956907 5328711
1655418868656232770 5284716
1655418868863533601 5302443
1655418869070681368 5247454
1655418869278010627 5427897
1655418869485147672 5241630
1655418869692262596 5121980
1655418869899475988 5251691
1655418870106917482 5498582
1655418870313951710 5212105
1655418870521099898 5273815
1655418870728383312 5189460
1655418870937821669 6118900
1655418871145075196 5421222
1655418871352399411 5257376
1655418871560013530 5491359
1655418871767376475 5287039
1655418871974805562 5458386
1655418872181993355 5266614
1655418872389447604 5435361
1655418872596862611 5384763
1655418872804245567 5328927
1655418873011499899 5277477
1655418873218558170 5155928
1655418873425854610 5353454
1655418873633241698 5410924
1655418873840685989 5431509
1655418874047868296 5206095
1655418874255092934 5248945
1655418874462328109 5347882
1655418874669929772 5393861
1655418874877111642 5280341
1655418875084208928 5227815
1655418875291611474 5444977
1655418875498964533 5379366
1655418875706206981 5333599
1655418875912738998 4989533
1655418876120208555 5497059
1655418876327469813 5290215
1655418876534824099 5397401
1655418876741845583 5135240
1655418876948984419 5249050
1655418877156255906 5342644
1655418877363363550 5141858
1655418877570744688 5408130
1655418877778098194 5425731
1655418877985503852 5463251
1655418878192791420 5008669
1655418878399872702 5167630
1655418878607062585 5219203
1655418878814491799 5375276
1655418879021758462 5254724
1655418879228887603 5202524
1655418879436016393 5203208
1655418879643059781 5134882
1655418879850439192 5501349
1655418880057647199 5328343
1655418880265081224 5413029
1655418880472385030 5321633
1655418880679569971 5182079
1655418880886867740 5287109
1655418881094364950 5556133
1655418881301558012 5269500
1655418881508985906 5472091
1655418881716441802 5399290
1655418881923926629 5517335
1655418882131262355 5426962
1655418882338467872 5257990
1655418882545937206 5560060
1655418882753035872 5183192
1655418882960035344 5056740
1655418883167310783 5364266
1655418883374652425 5427939
1655418883581958368 5299320
1655418883789379382 5405869
1655418883996661313 5425985
1655418884203884588 5288092
1655418884411195982 5260934
1655418884618666889 5388590
1655418884825950759 5290259
1655418885033205073 5387818
1655418885240393564 5228827
1655418885447874261 5513338
1655418885654971303 5239291
1655418885862680247 5721618
1655418886070373843 5743816
1655418886277695434 5432042
1655418886484962581 5332812
1655418886692142113 5194007
1655418886900112919 6002201
1655418887107859695 5511312
1655418887315024988 5203257
1655418887522343779 5295899
1655418887729406867 5188775
1655418887936712801 5314320
1655418888143822144 5160487
1655418888351061169 5269803
1655418888558255086 5176801
1655418888765331135 5158778
1655418888972756570 5414293
1655418889179931624 5208737
1655418889387074650 5180670
1655418889594364593 5295257
1655418889801493893 5152156
1655418890008922913 5426611
1655418890216436050 5519576
1655418890423539669 5097481
1655418890630919164 5429333
1655418890838043068 5268437
1655418891045920254 5924062
1655418891253122902 5319488
1655418891460539507 5475952
1655418891668003335 5368878
1655418891875487825 5303573
1655418892082846238 5452712
1655418892290470891 5673707
1655418892497810889 5410726
1655418892705094626 5338694
1655418892912377841 5280169
1655418893119501014 5199062
1655418893326969520 5562474
1655418893534273005 5305491
1655418893741173522 5001910
1655418893948428464 5277715
1655418894155640165 5228366
1655418894363068243 5300616
1655418894570468682 5420834
1655418894777485326 5139682
1655418894984520796 5332371
1655418895191552364 5059672
1655418895398873998 5421919
1655418895606118391 5274261
1655418895813837643 5725936
1655418896021337204 5575699
1655418896228771268 5423905
1655418896436154449 5282680
1655418896643387795 5202072
1655418896850670038 5320661
1655418897058032098 5385768
1655418897265228199 5288252
1655418897472484589 5297603
1655418897679630930 5199952
1655418897887038406 5390749
1655418898094230710 5289675
1655418898301338897 5152324
1655418898508511396 5271108
1655418898715562915 5141704
1655418898922729587 5227451
1655418899130039012 5355942
1655418899337078061 5195189
1655418899544360912 5252278
1655418899751538772 5182527
1655418899959101630 5690780
1655418900166464335 5444216
1655418900373907633 5454434
1655418900581101921 5228045
1655418900788397135 5298320
1655418900994819592 4919169
1655418901202207012 5426185
1655418901409720116 5471311
1655418901617302394 5639543
1655418901825294404 5774489
1655418902032505023 5288397
1655418902239670501 5172466
1655418902446781792 5151389
1655418902654009623 5251853
1655418902861109766 5158241
1655418903068231120 5129837
1655418903275921679 5372695
1655418903483412888 5476881
1655418903690901742 5530410
1655418903898170535 5367933
1655418904105440724 5341942
1655418904312587274 5178864
1655418904519828228 5277850
1655418904727165011 5318514
1655418904935256059 5543611
1655418905142380492 5308125
1655418905349673249 5402032
1655418905556931707 5340433
1655418905764295852 5333734
1655418905972068657 5725884
1655418906179517098 5435425
1655418906386857668 5336847
1655418906593990085 5187969
1655418906800292559 4669462
1655418907007397140 5227090
1655418907214398941 5062715
1655418907421756556 5406541
1655418907629055516 5355892
1655418907836344219 5272304
1655418908043664950 5274747
1655418908250827708 5163978
1655418908458166389 5309380
1655418908665427125 5215769
1655418908872686284 5269134
1655418909079930487 5252640
1655418909287160740 5224441
1655418909494473220 5271993
1655418909701754949 5253948
1655418909907601445 4288355
1655418910115157395 5468322
1655418910322367488 5189275
1655418910529747925 5331631
1655418910737120843 5416564
1655418910944165904 5057131
1655418911151881825 5599412
1655418911359137997 5257529
1655418911566392929 5211638
1655418911773811138 5371589
1655418911981160325 5324962
1655418912187595777 4713401
1655418912394793730 5198011
1655418912601987080 5139165
1655418912809309596 5323962
1655418913016642880 5325804
1655418913223783532 5164532
1655418913431346878 5543481
1655418913638786179 5410290
1655418913846037746 5282490
1655418914053245978 5258243
1655418914260604396 5334055
1655418914467696374 5137714
1655418914674774247 5016268
1655418914882144507 5354392
1655418915089440255 5331255
1655418915296864056 5432729
1655418915504131543 5244038
1655418915711386716 5171898
1655418915917918690 4935866
1655418916125377998 5376635
1655418916331635545 4647642
1655418916538963557 5302762
1655418916745962699 5170899
1655418916953234692 5290195
1655418917160699011 5444598
1655418917368010416 5260718
1655418917575397460 5306225
1655418917782893280 5421764
1655418917990717581 5795086
1655418918198155724 5409097
1655418918405375528 5275011
1655418918612657261 5310776
1655418918819975644 5290685
1655418919026432964 4735913
1655418919233565966 5298681
1655418919440772558 5286081
1655418919647959381 5199688
1655418919855243186 5305611
1655418920062908515 5652739
1655418920270144977 5268693
1655418920477593633 5448732
1655418920684576345 5271347
1655418920892022555 5379710
1655418921099789385 5685289
1655418921307349056 5500312
1655418921514844084 5545236
1655418921722269867 5388518
1655418921929321986 5219265
1655418922136587762 5289553
1655418922343767277 5197030
1655418922551199174 5371316
1655418922758346162 5210531
1655418922965668117 5339218
1655418923172804844 5321789
1655418923380333872 5553883
1655418923587820703 5456269
1655418923795166809 5283006
1655418924002794749 5566384
1655418924210072755 5316907
1655418924417271264 5250123
1655418924624729560 5447646
1655418924832104398 5336248
1655418925039472005 5380412
1655418925246895687 5392628
1655418925453343186 4718565
1655418925660192940 5001357
1655418925867614913 5334724
1655418926075048391 5289350
1655418926282245701 5143632
1655418926489553332 5338940
1655418926696723955 5139110
1655418926903961586 5247697
1655418927111276579 5216266
1655418927318718496 5450326
1655418927525937552 5242100
1655418927733253895 5375400
1655418927940544237 5298967
1655418928147985372 5427101
1655418928355390228 5386958
1655418928562767786 5393154
1655418928770077016 5221817
1655418928977477391 5398898
1655418929184727381 5274964
1655418929392259596 5412147
1655418929599265773 5060389
1655418929806366668 5078159
1655418930013988195 5541539
1655418930221168549 5140113
1655418930428590103 5406084
1655418930635998336 5357697
1655418930843231752 5205842
1655418931052362639 6869194
1655418931259701149 5351160
1655418931466249952 4810277
1655418931672687545 4829128
1655418931879833899 5117384
1655418932087194243 5310453
1655418932294375735 5210698
1655418932501669971 5324248
1655418932708974409 5209884
1655418932916190716 5197821
1655418933123478071 5217393
1655418933330779767 5372870
1655418933538144217 5348379
1655418933745233406 5207974
1655418933952872827 5583550
1655418934160183125 5325178
1655418934367591950 5346025
1655418934574904108 5390342
1655418934782150218 5320661
1655418934989320771 5249110
1655418935196724836 5442847
1655418935404143889 5332085
1655418935611116959 4996937
1655418935818198983 5134081
1655418936025813294 5576851
1655418936233007599 5273151
1655418936440176751 5197320
1655418936647403880 5288661
1655418936854776053 5464090
1655418937062123134 5440945
1655418937269119573 5087187
1655418937476354769 5333128
1655418937683673637 5374879
1655418937890972388 5220533
1655418938098205746 5329634
1655418938305343895 5269414
1655418938512428602 5201766
1655418938719515040 5163417
1655418938926948774 5476304
1655418939134271875 5368209
1655418939341394818 5168615
1655418939548696250 5236942
1655418939755891131 5225734
1655418939963264239 5299260
1655418940170599811 5355710
1655418940377804283 5196658
1655418940585111795 5292773
1655418940792428785 5277139
1655418940999663688 5172437
1655418941207482802 5752413
1655418941414965777 5438667
1655418941622135512 5269947
1655418941829491901 5291149
1655418942036901854 5393616
1655418942244147213 5255508
1655418942451487922 5231288
1655418942659010578 5507833
1655418942866219726 5251189
1655418943073329464 5152773
1655418943280497455 5212971
1655418943487780712 5278116
1655418943695229449 5466850
1655418943902879039 5699101
1655418944110174823 5407634
1655418944317338248 5225270
1655418944524806129 5475093
1655418944732113841 5317949
1655418944939395148 5387151
1655418945146926890 5583707
1655418945354273011 5370798
1655418945561551620 5386354
1655418945768874211 5379083
1655418945976246687 5276859
1655418946183493567 5232153
1655418946390778304 5280482
1655418946598203455 5477818
1655418946805554533 5338910
1655418947012870448 5352276
1655418947220156915 5279379
1655418947427682796 5487563
1655418947634994010 5304708
1655418947841978668 5060012
1655418948049141934 5231388
1655418948256402992 5269674
1655418948463736111 5387051
1655418948670939409 5270098
1655418948878315680 5349211
1655418949085559477 5300487
1655418949292683416 5204125
1655418949500189469 5516791
1655418949707460072 5257527
1655418949914071944 5028537
1655418950121500420 5551599
1655418950328956487 5488465
1655418950536256054 5351387
1655418950743563656 5322531
1655418950951017985 5505209
1655418951159069156 6077731
1655418951366295467 5275713
1655418951573593169 5441670
1655418951779722582 4695260
1655418951986996691 5256321
1655418952194320528 5261880
