1655417037200914490 104724106
1655417037694061711 198356180
1655417037998598393 101387244
1655417038206435458 5625038
1655417038413971844 5610711
1655417038621877989 5782630
1655417039835207672 1011260375
1655417041054639059 1017274373
1655417041262954159 6299813
1655417041470790555 5851029
1655417041678175113 5402750
1655417041894871476 14743180
1655417042102347648 5418270
1655417042309970634 5558578
1655417042517448592 5372847
1655417042724946283 5512932
1655417042932322169 5308152
1655417043139634859 5303317
1655417043346730390 5358149
1655417043554153419 5397013
1655417043761349997 5119049
1655417043968832423 5360467
1655417044176221731 5365145
1655417044383583210 5349474
1655417044590814459 5281517
1655417044798191546 5300686
1655417045005579405 5299305
1655417045213155066 5365317
1655417045420427695 5209101
1655417045628094761 5620358
1655417045835787203 5602329
1655417046043421999 5611392
1655417046251016413 5576910
1655417046459387740 6216655
1655417046666340416 5000614
1655417046873602643 5163364
1655417047080824062 5159735
1655417047287950911 5119390
1655417047495340545 5520898
1655417047701901632 4842702
1655417047909063746 5247652
1655417048115752185 4958146
1655417048322804432 5031445
1655417048531114289 6113783
1655417048737776599 4932587
1655417048944405879 4791160
1655417049151000170 4936766
1655417049357467710 4612305
1655417049563928905 4672784
1655417049770579085 4932932
1655417049977393841 5040664
1655417050184039736 4948998
1655417050391130356 5306775
1655417050598732734 5536356
1655417050806278798 5391685
1655417051013972839 5544913
1655417051221461565 5355744
1655417051428783677 5350655
1655417051636317161 5618248
1655417051843825250 5625709
1655417052051293099 5457067
1655417052258063823 4889481
1655417052465096898 5016741
1655417052671874616 5086438
1655417052879249036 5274402
1655417053086510120 5150486
1655417053294846935 6192671
1655417053502078439 5159933
1655417053709092044 4954963
1655417053915464965 4645429
1655417054121762538 4707692
1655417054327951454 4422942
1655417054534741170 5093836
1655417054741521636 4937478
1655417054948121707 4951023
1655417055155442308 5562468
1655417055363136297 5897022
1655417055571475784 5978330
1655417055779084162 5662057
1655417055995815299 14303074
1655417056203018255 5250383
1655417056409974974 5005131
1655417056616519687 4592892
1655417056823317609 4824413
1655417057030147397 5129518
1655417057236547503 4757592
1655417057443787383 5448375
1655417057651550942 5999418
1655417057858876061 5755849
1655417058066312641 5733949
1655417058272734154 4645667
1655417058479265098 4798583
1655417058686058804 4905440
1655417058892599359 4587245
1655417059099735919 5452847
1655417059307398401 5860988
1655417059513911128 4763892
1655417059720796340 5015090
1655417059928301270 5463151
1655417060136738168 6210619
1655417060344132487 5282294
1655417060551398159 5241543
1655417060758805285 5378702
1655417060965931547 4970008
1655417061194911541 26752110
1655417061402420804 5371932
1655417061609687741 5271266
1655417061817110268 5307220
1655417062024547804 5399994
1655417062231804747 5271895
1655417062439448775 5619944
1655417062646874239 5308488
1655417062853532052 4830077
1655417063059982456 4783390
1655417063267155678 5221183
1655417063474599986 5350224
1655417063682100710 5298952
1655417063889764442 5417317
1655417064098276687 5332256
1655417064305692134 5264901
1655417064513031477 5206905
1655417064720504593 5402833
1655417064927822859 5263598
1655417065135195404 5315876
1655417065342588478 5327312
1655417065550191077 5566925
1655417065757734529 5408117
1655417065965242105 5326763
1655417066172730923 5486856
1655417066380093618 5379394
1655417066587442726 5340870
1655417066794729553 5477204
1655417067002344986 5499968
1655417067209759505 5338600
1655417067417165187 5300874
1655417067624828037 5638682
1655417067832612045 5859167
1655417068040272780 5729826
1655417068247876547 5694040
1655417068455399269 5654472
1655417068662814969 5487699
1655417068870159266 5174690
1655417069077558771 5274079
1655417069324298283 31778124
1655417069533802432 7559027
1655417069743413197 7560090
1655417069950827639 5448321
1655417070158200820 5350856
1655417070365524352 5242296
1655417070573082766 5470129
1655417070780487471 5364975
1655417070988031472 5493616
1655417071195666306 5571105
1655417071403196018 5584822
1655417071610656838 5402434
1655417071817752462 5148126
1655417072025122840 5322121
1655417072232540137 5423514
1655417072439580997 5252249
1655417072646958141 5482144
1655417072854374460 5353437
1655417073060678359 4684517
1655417073268117206 5362120
1655417073475600652 5442596
1655417073695650973 18292321
1655417073902474692 5101388
1655417074109987182 5354249
1655417074317064019 4993942
1655417074524325695 5258697
1655417074731732462 5434899
1655417074939201488 5428942
1655417075146662495 5265547
1655417075354143483 5361525
1655417075561647322 5343808
1655417075768846750 5153913
1655417075976357331 5517206
1655417076183703536 5368249
1655417076391074006 5290647
1655417076598651931 5479588
1655417076805872519 5159754
1655417077013262971 5314000
1655417077220568231 5373268
1655417077428093728 5495429
1655417077635579735 5502215
1655417077842772080 5323993
1655417078050227942 5324030
1655417078257522328 5216759
1655417078464868998 5162249
1655417078672142778 5284424
1655417078895023821 20912697
1655417079123847535 26712492
1655417079333805253 7817155
1655417079543247642 7414407
1655417079751331239 5983082
1655417079958932146 5685079
1655417080166767019 5778848
1655417080374555659 5673504
1655417080582210477 5594975
1655417080790220502 5937510
1655417080997764990 5530720
1655417081205126707 5207361
1655417081411496809 4688399
1655417081618695381 5100399
1655417081826873120 6033763
1655417082034052099 5132401
1655417082241284285 5187458
1655417082448705205 5350773
1655417082656261453 5434700
1655417082863461707 5194180
1655417083070689463 5259690
1655417083278002645 5184498
1655417083485232495 5140216
1655417083692700896 5349973
1655417083900152109 5331326
1655417084107556061 5385649
1655417084314981472 5844154
1655417084522044108 5041682
1655417084730011191 5807186
1655417084937327547 5156913
1655417085144718216 5441331
1655417085352581779 5770114
1655417085560234696 5614367
1655417085767740743 5478166
1655417085975239010 5456546
1655417086182683729 5357199
1655417086390011694 5248228
1655417086597751189 5522763
1655417086806120072 6139263
1655417087013412968 5095352
1655417087220564940 5125122
1655417087428125053 5555121
1655417087635304747 5144544
1655417087842245839 4849537
1655417088048932520 4671262
1655417088255933610 4948813
1655417088462746160 4785159
1655417088670212874 5413999
1655417088877200696 4929794
1655417089084641958 5469918
1655417089296390667 9776999
1655417089503136665 4980229
1655417089709887881 4951067
1655417089916742386 5117756
1655417090123653058 5290510
1655417090330990108 5392072
1655417090538057324 5083046
1655417090746037805 6159576
1655417090953561107 5743917
1655417091161293774 6054159
1655417091367893652 4934701
1655417091575396092 5521702
1655417091782234374 5177601
1655417091989986630 5857183
1655417092197425551 5732115
1655417092404790712 5438337
1655417092612203428 5519938
1655417092819491749 5316115
1655417093027020764 5962716
1655417093233930315 5236470
1655417093441253375 5571341
1655417093649131950 5839344
1655417093856972858 6031617
1655417094064387933 5743943
1655417094272113944 6102828
1655417094478363709 4668648
1655417094684551912 4339373
1655417094896335038 9837969
1655417095103263471 4946761
1655417095310472566 5010297
1655417095517119312 4843969
1655417095725350682 6241838
1655417095932828009 5533025
1655417096140264823 5560337
1655417096347890955 5735064
1655417096554875874 5088883
1655417096762395801 5444300
1655417096969627491 5313457
1655417097176694673 5029454
1655417097396895324 18317455
1655417097604408797 5519341
1655417097811460244 5228850
1655417098018976580 5509937
1655417098226501956 5319834
1655417098433968694 5319424
1655417098641321835 5246827
1655417098849090343 5834349
1655417099056214967 5223013
1655417099263702065 5572779
1655417099471001151 5350953
1655417099678652946 5442223
1655417099886180979 5407304
1655417100098526934 5424611
1655417100306121869 5429242
1655417100513851820 5489718
1655417100721411365 5391606
1655417100929066962 5578153
1655417101136620660 5660823
1655417101344386845 5777845
1655417101551935052 5602282
1655417101759728782 5885930
1655417101967290791 5619232
1655417102175092474 5704694
1655417102382832124 5611543
1655417102595024459 9897980
1655417102802604123 5445203
1655417103010076173 5280933
1655417103217697518 5387619
1655417103424955402 5111853
1655417103632651179 5709567
1655417103840234956 5623596
1655417104048063116 5915142
1655417104255918367 5891547
1655417104463660183 5809829
1655417104671134760 5560856
1655417104878769895 5474608
1655417105086098537 5188948
1655417105293779854 5531870
1655417105501655144 5637775
1655417105709134601 5303007
1655417105916559497 5430270
1655417106124062807 5598828
1655417106331416554 5455990
1655417106538938173 5605640
1655417106746749867 5643424
1655417106954527905 5607378
1655417107162379868 5553912
1655417107370082428 5557998
1655417107577623966 5395354
1655417107785115041 5342753
1655417107992539964 5525199
1655417108200086461 5624932
1655417108407471511 5488310
1655417108615047932 5564649
1655417108822620678 5429067
1655417109030314354 5630348
1655417109238080028 5600216
1655417109445368422 5276434
1655417109652574422 5305901
1655417109860256737 5708978
1655417110067923878 5766770
1655417110275373777 5538978
1655417110482784205 5435464
1655417110689842763 5202442
1655417110897198285 5388480
1655417111104659483 5514492
1655417111324757728 18200420
1655417111532028172 5344715
1655417111739337695 5405508
1655417111947073059 5796495
1655417112154806459 5717730
1655417112362389704 5360928
1655417112569694868 5367495
1655417112777379554 5613031
1655417112984771995 5462587
1655417113192026829 5246375
1655417113399305930 5390739
1655417113606088148 5051942
1655417113813200504 5209265
1655417114020746730 5692877
1655417114227819924 5284076
1655417114434444350 4963651
1655417114641107604 4809905
1655417114847959009 5236769
1655417115054432829 4867993
1655417115261303086 4948322
1655417115468426094 5342613
1655417115675120548 5105760
1655417115881893988 4926456
1655417116088643807 4888946
1655417116296184595 5919356
1655417116503144435 5327530
1655417116710664887 5523541
1655417116917898573 5293829
1655417117124668259 4950039
1655417117331769279 5335873
1655417117538889395 5181666
1655417117745942677 5067493
1655417117954590514 6617448
1655417118161627387 5144540
1655417118369053406 5365345
1655417118576307673 5426375
1655417118783750284 5570814
1655417118990946647 5297968
1655417119198181220 5286934
1655417119405714857 5348512
1655417119613095566 5290049
1655417119819766383 4917702
1655417120027048626 5351950
1655417120234253907 5145699
1655417120441378188 5348483
1655417120648674187 5478406
1655417120855875926 5514440
1655417121062333797 4720072
1655417121268850272 4738632
1655417121475421010 4795142
1655417121682728010 5689391
1655417121889911491 5361572
1655417122097540033 5691565
1655417122305166532 5734182
1655417122512330062 5355722
1655417122719956179 5950439
1655417122926694712 5005497
1655417123133183202 4646575
1655417123339891477 4686982
1655417123546978773 5292693
1655417123754100345 5099617
1655417123961335519 5092965
1655417124168347969 5065769
1655417124375454604 5157224
1655417124599866361 5364301
1655417124807006590 5219618
1655417125013352665 4663450
1655417125219685448 4653015
1655417125426074840 4708109
1655417125632634072 4468739
1655417125839453658 4859618
1655417126046377534 5096013
1655417126253504902 5080930
1655417126462587235 7010463
1655417126670112927 5268243
1655417126877576822 5237149
1655417127084521328 4900720
