1655418728945667754 73328243
1655418729153269140 5474486
1655418729360511376 5229963
1655418729567839355 5374871
1655418729775167543 5310418
1655418729982371685 5269973
1655418730188706622 4634361
1655418730395956099 5290360
1655418730603311193 5323985
1655418730811039992 5707789
1655418731018224799 5244554
1655418731225364608 5198082
1655418731432590218 5150879
1655418731640055065 5439003
1655418731847398646 5274615
1655418732054740814 5283380
1655418732262042649 5300028
1655418732469264181 5194536
1655418732677002645 5666721
1655418732884194706 5238456
1655418733091707833 5495726
1655418733299046262 5436264
1655418733506136053 5111167
1655418733713376595 5245206
1655418733920709218 5286274
1655418734128270226 5485594
1655418734335258402 5019030
1655418734542546966 5263370
1655418734749832369 5247577
1655418734957024716 5183638
1655418735164279904 5329900
1655418735371594452 5339951
1655418735578638314 5088761
1655418735786245723 5573245
1655418735993635809 5361131
1655418736200764586 5112466
1655418736408293729 5500750
1655418736615485651 5150020
1655418736822601853 5145903
1655418737029945968 5258502
1655418737237338578 5351983
1655418737444593785 5196713
1655418737651782162 5255622
1655418737857996049 4604696
1655418738065332851 5349487
1655418738272592108 5176625
1655418738479683318 5212521
1655418738686827387 5246549
1655418738894101341 5344522
1655418739101594112 5418436
1655418739308967590 5262563
1655418739516274478 5369552
1655418739723367723 5102146
1655418739930589106 5276006
1655418740137592717 5024967
1655418740344747361 5152511
1655418740552054737 5315572
1655418740758907397 4947070
1655418740966678888 5772225
1655418741173866947 5087369
1655418741380973308 5049273
1655418741588236558 5378952
1655418741795593498 5342953
1655418742002665626 5237565
1655418742209946839 5234143
1655418742417055061 5142990
1655418742624573428 5486267
1655418742831798531 5297194
1655418743039062685 5342892
1655418743245503223 4800789
1655418743452863851 5327409
1655418743660164507 5276508
1655418743867492239 5352966
1655418744074788849 5371974
1655418744282089418 5301308
1655418744489209158 5129556
1655418744696502654 5233717
1655418744903923987 5462718
1655418745111046778 5103327
1655418745318359015 5267959
1655418745525568613 5204275
1655418745732735418 5117797
1655418745940120696 5406712
1655418746147287682 5230632
1655418746354549762 5217749
1655418746561668050 5181490
1655418746769035006 5368191
1655418746976255891 5224620
1655418747183649366 5298440
1655418747390800835 5260126
1655418747597978515 5230968
1655418747805132959 5114621
1655418748012572222 5538177
1655418748219940052 5368369
1655418748427231063 5312977
1655418748634395600 5207248
1655418748841676248 5180731
1655418749048846857 5181938
1655418749256122166 5277327
1655418749463305505 5235690
1655418749670587640 5280924
1655418749877912037 5209585
1655418750085240171 5277297
1655418750292725699 5392205
1655418750500008218 5320937
1655418750707293266 5229081
1655418750915058626 5744881
1655418751122487260 5422446
1655418751329845139 5352011
1655418751537183836 5364753
1655418751744533335 5258868
1655418751952197214 5674488
1655418752159845518 5691781
1655418752367106940 5292956
1655418752574384791 5285267
1655418752781610836 5233807
1655418752989283705 5547339
1655418753196908231 5520950
1655418753404195610 5288511
1655418753611484792 5292649
1655418753818831383 5369533
1655418754025938981 5170470
1655418754233080459 5105265
1655418754440248907 5190806
1655418754647590334 5355756
1655418754854817868 5180946
1655418755062194230 5384849
1655418755269404407 5216340
1655418755476897855 5402813
1655418755684361682 5520126
1655418755892259075 5836705
1655418756100120998 5812262
1655418756307916711 5774876
1655418756515726814 5738004
1655418756723459835 5664022
1655418756931123569 5631543
1655418757138933062 5599077
1655418757346299974 5426136
1655418757553809903 5524394
1655418757760977452 5152841
1655418757969143196 6127703
1655418758176769001 5591561
1655418758384312775 5482017
1655418758592204206 5779040
1655418758799899901 5621452
1655418759007522549 5585480
1655418759216120588 6612528
1655418759423337750 5269760
1655418759630575273 5169986
1655418759837894768 5378367
1655418760045491152 5404526
1655418760252852205 5368148
1655418760460352690 5627968
1655418760668029038 5757002
1655418760875755695 5799603
1655418761083180589 5391115
1655418761290959380 5651355
1655418761498327953 5358543
1655418761705616937 5152041
1655418761913133180 5334283
1655418762120327382 5219358
1655418762327700346 5488345
1655418762535016523 5317396
1655418762742240557 5231829
1655418762949551400 5211950
1655418763156792680 5087670
1655418763364058268 5419516
1655418763571417612 5376167
1655418763778720302 5357593
1655418763985868676 5216937
1655418764192959951 5062081
1655418764400188514 5360936
1655418764607419610 5378611
1655418764814495744 5221052
1655418765021864275 5276405
1655418765228883174 5115704
1655418765436167576 5278610
1655418765643361134 5315659
1655418765850802356 5456700
1655418766058051457 5280061
1655418766265247812 5204673
1655418766472306911 5011844
1655418766679358886 5162366
1655418766886658327 5358778
1655418767093949890 5238582
1655418767300967495 5110338
1655418767508169322 5218536
1655418767715401207 5148083
1655418767922862469 5385315
1655418768130324874 5412607
1655418768336945534 4710140
1655418768543874679 5022945
1655418768751042832 5214117
1655418768958065062 5130012
1655418769165164091 5122877
1655418769371721824 4796380
1655418769578831930 5163989
1655418769785673471 4937544
1655418769992958640 5180032
1655418770200131328 5243085
1655418770407330233 5169377
1655418770614637475 5314652
1655418770821820511 5135569
1655418771029023874 5140452
1655418771236156371 5118824
1655418771443107643 5002821
1655418771650380400 5292869
1655418771857762457 5438051
1655418772065129610 5228025
1655418772272502570 5090688
1655418772480026239 5464658
1655418772687480223 5375633
1655418772894851873 5270342
1655418773102159121 5133880
1655418773309466169 5130136
1655418773516624350 4942138
1655418773724222420 5390844
1655418773931788919 5366545
1655418774139254828 5249385
1655418774346646945 5312085
1655418774553931872 5131744
1655418774760937001 5057702
1655418774968183304 5252708
1655418775175734962 5433595
1655418775382908115 5211352
1655418775589826398 5065630
1655418775797076554 5254121
1655418776004207404 5117130
1655418776211526119 5298341
1655418776419239020 5623628
1655418776625597991 4637349
1655418776833209653 5398868
1655418777040538273 5176600
1655418777247253672 4910220
1655418777454215615 5010829
1655418777661164605 4848084
1655418777867830827 5006442
1655418778075096357 5176634
1655418778282398292 5266906
1655418778489627282 5233288
1655418778696947768 5202342
1655418778904204329 5286057
1655418779111415374 5164477
1655418779318720159 5219812
1655418779526031927 5114197
1655418779733193282 5112523
1655418779941458524 5778448
1655418780149409601 5497831
1655418780357144383 5109339
1655418780564843418 4922915
1655418780772710681 5244901
1655418780980580261 5611737
1655418781188580374 5514967
1655418781396484558 5459250
1655418781604016734 5412902
1655418781811559957 5494559
1655418782019100623 5477332
1655418782226363761 5380538
1655418782433585945 5093853
1655418782640858883 5077550
1655418782848285695 5357886
1655418783055670742 5318745
1655418783263013456 5299207
1655418783470331768 5249542
1655418783677581330 5104809
1655418783884736452 5091247
1655418784092310464 5449838
1655418784300211379 5676172
1655418784507372421 5156006
1655418784714731041 5315867
1655418784921932068 5151918
1655418785129260808 5220759
1655418785335798537 4885332
1655418785543394314 5584613
1655418785750697933 5340005
1655418785957686358 4981231
1655418786164860581 5092560
1655418786372294005 5520797
1655418786579829937 5464129
1655418786786975711 5261898
1655418786994138530 5210544
1655418787201589626 5328025
1655418787408915589 5138479
1655418787616291608 5454630
1655418787823673295 5487333
1655418788030859878 5292898
1655418788238244732 5335093
1655418788445477912 5106977
1655418788652885863 5289919
1655418788860322594 5557964
1655418789067738268 5570310
1655418789275050899 5382966
1655418789482093968 5124424
1655418789689039791 4955361
1655418789896041734 5109926
1655418790102717790 4743268
1655418790309876633 5143823
1655418790517178169 5220243
1655418790724382422 5117140
1655418790931819641 5483332
1655418791138935433 5149028
1655418791346079869 5199761
1655418791552523524 4652628
1655418791759956442 5432334
1655418791967425561 5441148
1655418792174725870 5276127
1655418792382004387 5224960
1655418792588159403 4431541
1655418792795297221 5169710
1655418793002407431 5186530
1655418793209516862 5155475
1655418793416829345 5201280
1655418793624158551 5205403
1655418793831542761 5397430
1655418794038864642 5287100
1655418794246267604 5294816
1655418794453405761 5136258
1655418794660662360 5244567
1655418794868011087 5320604
1655418795075265240 5274503
1655418795282552401 5216839
1655418795489647178 5086445
1655418795696958752 5153717
1655418795903590029 4897975
1655418796110892442 5251452
1655418796318262876 5285094
1655418796525302178 5106977
1655418796732665028 5246910
1655418796940078209 5401439
1655418797147417804 5326010
1655418797354572271 5284282
1655418797561380532 4849860
1655418797768343856 4889004
1655418797975689922 5293821
1655418798182739083 5241675
1655418798390067057 5247086
1655418798597286155 5105343
1655418798804550908 5229135
1655418799011638954 5168270
1655418799218932293 5247519
1655418799426115953 5153647
1655418799633450765 5203398
1655418799840537689 5022065
1655418800048013798 5380264
1655418800255304017 5232371
1655418800462288926 5044132
1655418800669420272 5139637
1655418800876677643 5158015
1655418801084260323 5498408
1655418801291721468 5327722
1655418801498847969 5182636
1655418801706140168 5206360
1655418801913468565 5266114
1655418802120862149 5259556
1655418802327446038 4787387
1655418802534723085 5252003
1655418802741925560 5195154
1655418802949161456 5113479
1655418803156493532 5190646
1655418803363971734 5437401
1655418803571189376 5229717
1655418803778415017 5246465
1655418803985704281 5249938
1655418804193126212 5344655
1655418804400369042 5235348
1655418804606812959 4641177
1655418804814067188 5237797
1655418805021301240 5137532
1655418805228401763 4987906
1655418805435816552 5371397
1655418805643083901 5275678
1655418805849723256 4833771
1655418806056940800 5197010
1655418806264146116 5162855
1655418806471180544 5021210
1655418806678297586 5136160
1655418806885404138 5025524
1655418807092235011 4853315
1655418807300054302 5873579
1655418807507386819 5301573
1655418807714783296 5330464
1655418807921981499 5202593
1655418808128997116 4980921
1655418808336112825 5101240
1655418808543177596 5186968
1655418808750664847 5369432
1655418808957719039 5152104
1655418809164871574 5122511
1655418809372298712 5283390
1655418809579540357 5247703
1655418809786594551 5093580
1655418809993744005 5164840
1655418810200904400 5173342
1655418810407920633 5060863
1655418810615031198 5060645
1655418810822434470 5410769
1655418811029714112 5299906
1655418811236925736 5066066
1655418811443994377 5012934
1655418811651367056 5387816
1655418811858426604 5141399
1655418812066033526 5649390
1655418812273572732 5359246
1655418812480681093 5071600
1655418812688212928 5642384
1655418812894846654 5064299
1655418813102246077 5318108
1655418813309681850 5384841
1655418813519515179 6787383
1655418813729650829 7220778
1655418813940081875 7426024
1655418814150375640 7097336
1655418814360284022 6870775
1655418814569940026 6650599
1655418814779590691 6525536
1655418814989079948 6566340
1655418815199756379 7568860
1655418815409602433 6914938
1655418815619667821 7063546
1655418815830148157 7517680
1655418816040989295 7821177
1655418816251527072 7484218
1655418816461615167 7067436
1655418816672058082 7198311
1655418816881858347 6837216
1655418817091514282 6575199
1655418817301715185 7166493
1655418817511808403 7064455
1655418817722325878 7640245
1655418817933019796 7506196
1655418818143598266 7432120
1655418818353924907 7259654
1655418818564115946 7057573
1655418818773847123 6760840
