88002307721936 0
88003308952874 0
88004310319856 0
88005311685578 0
88006312879438 0
88007314067801 0
88008315189286 0
88009316358003 0
88010317215305 0
88011318424409 0
88012319764501 0
88013321129404 0
88014322362937 0
88015323532832 0
88016324698485 0
88017325680032 0
88018327043323 0
88019328177799 0
88020329319372 0
88021329573725 0
88022330586104 0
88023331763405 0
88024332591628 0
88025333778038 0
88026335008334 0
88027336306561 0
88028337549972 0
88029338721889 0
88030339932576 0
88031341152517 0
88032342393112 0
88033343585577 0
88034344751529 0
88035345595779 7
88036346915661 26
88037348074810 23
88038348599585 24
88039349339950 21
88040350670916 24
88041351466969 17
88042352791519 27
88043353598338 29
88044354091500 18
88045354582360 22
88046355620966 13
88047356617900 26
88048357613194 18
88049358609908 18
88050359779161 29
88051360213843 27
88052360663799 24
88053361809863 15
88054362605118 28
88055363562578 27
88056364586163 28
88057365759536 19
88058366615488 22
88059367684734 20
88060368598626 29
88061369571525 28
88062370738832 16
88063371645731 25
88064372805647 35
88065373578490 19
88066374806373 26
88067375578573 23
88068376566212 23
88069377583316 24
88070378732283 29
88071379997734 28
88072381164516 23
88073382374751 28
88074383692290 15
88075384732435 32
88076386027239 18
88077386594473 29
88078387601180 24
88079388763678 26
88080390143393 23
88081391389924 18
88082392711649 23
88083393567987 18
88084394594152 27
88085395773115 31
88086396921590 26
88087398157688 19
88088399358864 19
88089400551521 22
88090401697820 21
88091402854451 27
88092404022560 8
88093405268341 29
88094406482224 17
88095407702903 39
88096408882994 19
88097410349090 18
88098410606402 26
88099411778448 35
88100412623300 16
88101413771633 31
88102414929490 25
88103416169388 15
88104417557240 32
88105418738431 19
88106419531458 22
88107420606231 25
88108421870919 19
88109422557757 28
88110423799246 20
88111425040870 19
88112425625452 22
88113426796777 29
88114427968646 22
88115429163421 19
88116430340694 29
88117430788265 25
88118432180826 28
88119433345479 16
88120434543576 26
88121435843210 22
88122437096989 23
88123438754523 23
