88133201294955 0
88134202471509 0
88135203596406 0
88136204728513 0
88137205841314 0
88138206966389 0
88139208100888 0
88140209344843 0
88141210497849 0
88142211643044 0
88143212201918 0
88144213343201 0
88145214207711 0
88146215437370 0
88147216566131 0
88148217719729 0
88149218877208 0
88150220049540 0
88151221211361 0
88152222372720 0
88153223197144 0
88154224396415 0
88155225544088 0
88156226237973 0
88157227209142 0
88158228341786 0
88159229464774 0
88160230621190 0
88161231778564 0
88162232914428 0
88163234065175 0
88164235324672 0
88165236468659 0
88166237197915 0
88167238186999 0
88168239337447 0
88169240544744 16
88170241770727 12
88171242998538 9
88172244255210 24
88173245407637 15
88174246189958 13
88175247191271 16
88176248331368 12
88177249261478 8
88178250439209 12
88179251588881 13
88180252710497 12
88181253839906 8
88182255323026 15
88183256258546 27
88184257376716 10
88185258241995 10
88186259203993 23
88187260189571 9
88188261299941 6
88189262534647 15
88190263678691 14
88191265340610 14
88192266218124 23
88193267201392 10
88194268334496 10
88195269198948 17
88196270292989 12
88197271310978 6
88198272470594 8
88199273212737 16
88200274195070 11
88201275217292 12
88202276475468 15
88203277642234 13
88204278915331 7
88205279227479 8
88206280380942 32
88207281732314 9
88208282869001 7
88209284093010 6
88210285266658 18
88211286403654 13
88212287556545 9
88213288701364 17
88214289300810 8
88215290433467 9
88216291572823 13
88217292727412 16
88218293871287 22
88219294595347 17
88220295747105 15
88221296901783 9
88222298207281 9
88223299403203 8
88224300556611 10
88225301777306 17
88226302924623 12
88227303193858 13
88228304329666 19
88229305561979 9
88230306927955 8
88231308319467 21
88232309453361 24
88233310573161 11
88234311698402 13
88235313005603 12
88236314345607 12
88237315475335 17
88238316619025 10
88239317770101 9
88240319319434 14
88241320197514 18
88242321393626 7
88243322575209 9
88244323857528 18
88245324998083 15
88246325286317 10
88247326442390 12
88248327641716 11
88249328779252 15
88250329922610 10
88251330255167 10
88252331206823 11
88253332367212 13
88254333500976 19
88255334196903 18
88256335208776 15
88257336506475 9
