1655433563767780778 215815553
1655433564007940255 38114090
1655433564249632107 39910836
1655433564553564392 101864241
1655433564811667725 56179684
1655433565120213347 106616807
1655433565387216725 65088873
1655433565695481327 106398869
1655433565962350624 64970634
1655433566270330883 105975312
1655433566536745861 64398636
1655433566887298037 148648879
1655433567153425634 64267977
1655433567528884316 173593795
1655433567803606287 72791804
1655433568103810176 98254367
1655433568378709833 72989097
1655433568695100639 114582976
1655433568970419637 73443917
1655433569295293804 122956204
1655433569553770048 56694219
1655433569853496639 97742902
1655433570120501373 65009303
1655433570424364297 102015770
1655433570678726942 52506745
1655433571061868758 181226581
1655433571328649224 64810515
1655433571620135730 89398580
1655433571878760243 56663082
1655433572178806730 98086878
1655433572445218648 64388886
1655433572728431178 81253790
1655433572986728685 56292304
1655433573286851587 98078765
1655433573545310215 56472911
1655433573828321646 81057188
1655433574103345480 73212657
1655433574395193932 89832149
1655433574653413618 56286962
1655433574928486333 72982359
1655433575186829755 56363951
1655433575478387623 89670622
1655433575728270320 47801730
1655433576111824646 181609579
1655433576361942732 48108073
1655433576695222734 131257387
1655433576945285769 48042446
1655433577253443645 106190410
1655433577511747646 56261244
1655433577820211750 106523003
1655433578078610733 56428261
1655433578395116642 114602321
1655433578649515333 52417946
1655433578953538187 102015398
1655433579203575285 48036443
1655433579503420743 97783874
1655433579753451420 48032197
1655433580036708415 81241319
1655433580286549731 47830979
1655433580570211327 81950475
1655433580828578955 56315626
1655433581119870724 89297482
1655433581370095700 48216536
1655433581661606690 89446470
1655433581911467600 47896882
1655433582203264985 89839833
1655433582453526251 48350179
1655433582774353838 118832871
1655433583036606896 60252867
1655433583319790208 81289992
1655433583569863766 48062413
1655433583853422457 81531182
1655433584103292882 47935544
1655433584386265903 80996317
1655433584636813022 48662155
1655433584911371531 72578268
1655433585161579271 48323724
1655433585436543501 72962190
1655433585686467852 47909291
1655433585978322136 89858371
1655433586228217323 47980845
1655433586511579129 81419709
1655433586761498196 47951422
1655433587053276565 89785490
1655433587303066647 47774230
1655433587577888128 72864915
1655433587828281716 48335750
1655433588112298118 82009382
1655433588361755820 47565191
1655433588644489404 80687824
1655433588894893923 48281970
1655433589194852047 98131292
1655433589453049143 56213498
1655433589753229204 98217377
1655433590011169075 55940777
1655433590311422367 98193401
1655433590561443312 48029823
1655433590861630869 98119809
1655433591119818239 56103929
1655433591428059421 106215938
1655433591678233839 48227184
1655433591969985554 89751351
1655433592219786416 47765625
1655433592494423342 72825165
1655433592744397974 48013038
1655433593036304485 89896471
1655433593286250947 48024321
1655433593577981759 89758650
1655433593827822003 47799615
1655433594153004364 123255471
1655433594403237343 48249013
1655433594694311188 89104178
1655433594961395267 65108305
1655433595253000311 89637195
1655433595519676619 64662613
1655433595844627038 122973575
1655433596103120840 56492591
1655433596394351111 89245460
1655433596653020793 56699467
1655433596952822252 97695241
1655433597219574394 64763513
1655433597511164692 89622263
1655433597770263372 57147237
1655433598061396234 89089771
1655433598327802056 64430069
1655433598619685399 89909434
1655433598886273559 64629086
1655433599161287066 73042947
1655433599427961304 64579516
1655433599711267742 81338753
1655433599969454580 56190153
1655433600260950615 89492724
1655433600527702779 64779739
1655433600802842066 73166617
1655433601069568511 64734711
1655433601344409318 72861871
1655433601661527108 115113976
1655433601944628308 81231428
1655433602219439270 72816180
1655433602519456204 97987272
1655433602777893337 56413910
1655433603069653389 89772537
1655433603327794955 56156236
1655433603611190405 81484789
1655433603877940840 64752062
1655433604161116558 81187595
1655433604419480823 56379974
1655433604727939339 106562931
1655433604977858483 47978353
1655433605260986034 81155594
1655433605527670401 64711968
1655433605811087140 81456284
1655433606069643633 56541908
1655433606352580860 80948077
1655433606611219180 56691235
1655433606894431607 81177361
1655433607152492216 56196836
1655433607444334968 89927256
1655433607710788258 64447546
1655433607994248224 81494634
1655433608244310229 48043615
1655433608536089641 89783684
1655433608794236115 56189338
1655433609102739338 106445031
1655433609360742938 55887773
1655433609652562430 89824548
1655433609902685780 48112471
1655433610194285350 89636650
1655433610452711266 56534038
1655433610743994754 89234294
1655433611002597213 56581415
1655433611294491028 89890354
1655433611544406401 47901120
1655433611835845821 89510083
1655433612085864690 48019759
1655433612377621002 89738129
1655433612627685316 48076407
1655433612910647645 80986934
1655433613160805526 48133432
1655433613444064686 81226314
1655433613702563034 56484349
1655433613977448351 72876742
1655433614235939433 56454595
1655433614518947055 80974078
1655433614769186192 48275363
1655433615052405510 81190416
1655433615302343120 47947371
1655433615594279258 89943419
1655433615852479926 56193401
1655433616135796055 81215831
1655433616394195645 56333118
1655433616678444493 82267934
1655433616935708286 55303677
1655433617227161612 89480627
1655433617477336851 48211439
1655433617760613265 81437800
1655433618010602845 48061291
1655433618294132002 81550700
1655433618543923523 47797134
1655433618828124853 82243567
1655433619085797915 55699660
1655433619368888181 81104788
1655433619619153674 48170711
1655433619910600754 89447726
1655433620169187043 56582161
1655433620452402074 81267781
1655433620710837060 56448121
1655433621002192621 89386651
1655433621260701041 56466605
1655433621552344842 89700007
1655433621802298881 47901103
1655433622110566922 106257736
1655433622360493435 47953711
1655433622668922005 106381679
1655433622927946443 57099616
1655433623218737757 88796093
1655433623469018477 48289033
1655433623760415103 89422607
1655433624010695119 48296522
1655433624310432784 97783169
1655433624560590704 48115433
1655433624852282413 89641715
1655433625102270715 48020580
1655433625393449218 89240693
1655433625643560740 48117833
1655433625952043211 106482286
1655433626202374260 48392613
1655433626493814353 89456800
1655433626748566220 52747693
1655433627043775172 93190301
1655433627294597699 48865459
1655433627602071628 105473996
1655433627852086293 48002680
1655433628151910793 97833743
1655433628402168839 48127906
1655433628693774236 89616127
1655433628943674050 47934726
1655433629293620830 147895681
1655433629543857801 48319090
1655433629860432862 114534860
1655433630118840829 56369423
1655433630435441388 114627352
1655433630698541399 61148435
1655433631010492975 109922667
1655433631268912305 56395740
1655433631577116655 106138634
1655433631827175262 48091359
1655433632127143648 98012831
1655433632510326055 181181096
1655433632785234330 73005703
1655433633043733498 56465830
1655433633318621923 72898156
1655433633585311857 64721109
1655433633860127778 72770076
1655433634118680204 56534937
1655433634385364985 64769033
1655433634643684803 56328171
1655433634935226774 89584525
1655433635193787370 56516735
1655433635476720340 80932697
1655433635735237241 56551023
1655433636010410905 72757773
1655433636268572815 56194915
1655433636560269296 89727383
1655433636818630020 56377571
1655433637101950344 81358900
1655433637360379715 56460384
1655433637643570193 81237553
1655433637901758022 56232995
1655433638185323638 81662988
1655433638443667906 56260644
1655433638726624697 80995567
1655433638985235908 56656872
1655433639293440622 106217390
1655433639551969580 56501099
1655433639835166450 81135500
1655433640093737075 56605047
1655433640393588700 97877198
1655433640651734388 56148013
1655433640935079328 81289009
1655433641193612666 56662023
1655433641485101275 89468757
1655433641743422522 56272286
1655433642035100364 89716119
1655433642293393561 56322297
1655433642585101760 89674045
1655433642843256987 56149376
1655433643134917333 89692171
1655433643401781903 64913510
1655433643698158375 94378168
1655433643960195218 60031587
1655433644260228267 98005112
1655433644518635645 56425429
1655433644801705378 81082107
1655433645059906572 56202819
1655433645351687245 89784040
1655433645618556355 64891242
1655433645918553205 98000404
1655433646176746513 56193555
1655433646476567053 97854462
1655433646735228618 56748659
1655433647026989047 89738915
1655433647284934671 56076869
1655433647576687113 89704045
1655433647834929881 56294023
1655433648139780239 102855060
1655433648401625147 59884012
1655433648693302116 89710072
1655433648951855325 56513949
1655433649251379775 97573908
1655433649510291765 57125668
1655433649801495791 89283156
1655433650060031441 56602257
1655433650343546530 81590518
1655433650601609987 56158522
1655433650885140082 81417281
1655433651151721333 64637139
1655433651443081704 89469329
1655433651701652333 56658789
1655433651993638452 90040094
1655433652251813883 56224231
1655433652543559574 89811178
1655433652801614889 56239868
1655433653076614985 73051000
1655433653343145670 64668536
