1655434475024029613 582251728
1655434476326588197 502396718
1655434477323270598 599296636
1655434478923113393 1300234096
1655434479323287498 197721907
1655434479723588781 197826194
1655434480122766692 196273194
1655434480517275441 191763676
1655434480925613207 199910976
1655434481396365439 173003157
1655434482127380063 500157696
1655434483122642804 498166460
1655434483624380552 200868533
1655434485124228806 899706629
1655434486024809045 600538381
1655434487223447003 598503013
1655434487822620829 298527438
1655434488423101128 397902296
1655434489123213564 293084382
1655434489626502409 300601284
1655434490261911739 337456505
1655434491223039995 699543885
1655434491823206464 397732724
1655434492522770033 298579062
1655434492922858640 197755199
1655434493423083088 198473061
1655434493922768520 297272895
1655434494422977635 201009840
1655434494923086313 295597520
1655434495725681509 300064034
1655434496722678597 698728463
1655434497323143170 201032502
1655434498223920206 300474959
1655434499024606581 495957117
1655434499424556926 198355400
1655434500225923697 299231498
1655434500823128245 298737953
1655434501524828327 302143949
1655434502227915413 404191438
1655434503324329216 597544654
1655434504124791296 594923605
1655434505324182938 900124894
1655434505822740759 292803441
1655434506323169836 297387538
1655434507612684315 888684528
1655434508816837196 492366374
1655434509223153907 197110608
1655434509924054853 199930136
1655434510774986955 550934288
1655434511121937460 97787706
1655434511822966798 498784655
1655434512424371080 301402356
1655434513324007253 599695209
1655434513724425518 198426177
1655434515025630678 403472746
1655434515709435950 87188675
1655434516228092549 203832896
1655434518324741621 1397837640
1655434519524059636 397280359
1655434520023148895 198638563
1655434520421882125 99120208
1655434520813208543 189138643
1655434521429758451 405529598
1655434522623739164 899367993
1655434523437445467 413249041
1655434524122940810 394707368
1655434524724632887 300621149
1655434525623074045 498811754
1655434526215325828 192198026
1655434526723859228 299606855
1655434527529493554 505042888
1655434528023040252 198525085
1655434528526521101 201216353
1655434529623141411 599121507
1655434531624394320 1297735805
1655434532423591209 499387845
1655434533122941496 497248858
1655434533822975972 496970768
1655434534523125294 398850188
1655434535110992500 384896091
1655434535723396972 300533276
1655434536326651817 302764284
1655434536919648469 94802497
1655434537422721893 298336287
1655434538025640754 400077015
1655434538807538344 483213217
1655434539423111869 398992147
1655434540125767606 402794893
1655434541724284162 900332808
1655434542624428177 600563296
1655434543023486133 197553967
1655434543424885083 198874227
1655434544323240780 397321839
1655434544724127334 198958567
1655434545622667364 295218940
1655434546023430091 198133514
1655434547225287373 700820287
1655434547828442882 206199906
1655434549233080549 908814945
1655434549724807930 288913316
1655434550922111259 697651270
1655434551523065689 399040228
1655434552022983489 200031917
1655434552527273889 300225500
1655434553324770969 399878116
1655434554122941002 495687378
1655434555025666165 499145060
1655434555521940649 294476543
1655434556323107549 399729388
1655434556923225002 199687368
1655434558025010135 800548445
1655434558583826652 160716865
1655434559723223738 500188841
1655434560523437140 497377971
1655434562025687111 1198191908
1655434562723259360 400093580
1655434563622271832 498680915
1655434564923302926 999759631