1655435248524642662 597552010
1655435249323987341 498661007
1655435249890729090 265417579
1655435250425363403 300525368
1655435251131928180 307090456
1655435251627676454 202751584
1655435252223663199 196319598
1655435253023908954 499237152
1655435253523830554 200291552
1655435254022890529 296494536
1655435254709094665 483570974
1655435255071934449 160860262
1655435255525733460 200866942
1655435255987135968 162257783
1655435256538428416 313368911
1655435257068681398 328021437
1655435257534591101 263776068
1655435258057996065 321430786
1655435258704498600 281358345
1655435259674891540 551338128
1655435260207983683 331158510
1655435260587436507 164466772
1655435261023750389 234383586
1655435261423796680 197653144
1655435262052852475 329107347
1655435262899994570 475089083
1655435263299919411 174984952
1655435263823549658 298376144
1655435264256713382 231330889
1655435264823846626 299724582
1655435265355498161 231809735
1655435265850277546 292765352
1655435266358204886 306073519
1655435266823903347 198897845
1655435267223940528 197098709
1655435267770607416 344552023
1655435268237975617 265448453
1655435268724177002 284444745
1655435269163515842 236805735
1655435269623483084 257908448
1655435270124264829 297743028
1655435270824911361 497546195
1655435271428048323 400476849
1655435272059349274 236127714
1655435272526647205 265374195
1655435273223972561 397504933
1655435273791015484 265367201
1655435274213104814 190070760
1655435274649794577 234592465
1655435275328060298 303032104
1655435275723499687 193642461
1655435276260039389 334637013
1655435276815112309 291058917
1655435277323890870 296070125
1655435277718672805 192884479
1655435278229370261 305272742
1655435278787907108 356755966
1655435279407619661 381451894
1655435280815300121 1190210306
1655435281431224846 307267113
1655435281790673472 157675889
1655435282327319298 201199444
1655435282723580095 194204845
1655435283367809919 340661582
1655435283908374680 283865901
1655435284367183548 240229751
1655435285123237121 198915677
1655435285622948635 197954986
1655435285956170796 130432070
1655435286523822239 295790925
1655435287150924595 227782609
1655435287623055764 270185109
1655435288044515919 218994522
1655435288611293304 286136884
1655435289015892599 202697169
1655435289484488186 261259315
1655435290004749183 279820726
1655435290623379666 296341056
1655435291256650033 430949198
1655435291624869262 166238612
1655435292248066754 421367964
1655435292623852719 173727438
1655435293023370620 196016864
1655435293523970637 200771879
1655435294262874169 536875429
1655435294723847451 259034099
1655435295276998915 253203329
1655435295773081935 294279570
1655435296323643701 348492148
1655435296857743281 331378446
1655435297346578499 285855438
1655435297923998089 374476801
1655435298475501932 251810119
1655435299225658939 498870386
1655435299556875327 129244346
1655435300090530050 262505758
1655435300576049959 283559219
1655435301142599644 317681897
1655435301690576711 345297275
1655435302100456180 208015829
1655435302722164677 419884738
1655435303164159491 240194416
1655435303623361575 200165625
1655435303959400703 134139208
1655435304423473438 198353083
1655435304819024202 192619917
1655435305446350736 421555619
1655435305926804564 277844283
1655435306623406936 399302966
1655435306984565597 159140761
1655435307433649655 247025877
1655435307824181274 189042439
1655435308359724440 333254123
1655435308812202737 250680066
1655435309401323813 378006297
1655435309831888534 228387589
1655435310293221141 170356568
1655435310814563320 319290957
1655435311292823172 268276584
1655435312267765469 772955197
1655435313038456907 513062592
1655435313652470031 411967500
1655435314122638896 268152503
1655435314642319464 317045852
1655435315625236541 781212875
1655435316181975749 355073745
1655435316837499846 412550805
1655435317525397002 400157563
1655435318024334049 297206501
1655435318728474761 404763701
1655435319115851455 185437330
1655435319944021339 619055594
1655435320424081752 278029407
1655435320823647900 197666233
1655435321323437955 296976841
1655435321740838158 215386313
1655435322223879356 281478569
1655435322723774236 297519181
1655435323124944188 199108084
1655435323623417549 199328823
1655435324058986858 233101872
1655435324582405354 321438593
1655435324995867808 210426745
1655435325513856745 289947223
1655435326158878303 426568706
1655435326698398122 337490480
1655435327140208670 239836932
1655435327740889325 398688714
1655435328223900492 280164749
1655435328724284017 297280886
1655435329348299010 421130972
1655435329793221779 242364737
1655435330201133777 206020002
1655435330791210313 388232512
1655435331323931120 295352055
1655435331766864099 240877033
1655435332169763920 201271576
1655435332724690069 352970648
1655435333424552413 497671257
1655435333735753513 108249561
1655435334323844636 298566654
1655435334915035726 389277397
1655435335323857153 206788498
1655435336055801566 529174536
1655435336623965562 366094701
1655435337109011896 282427973
1655435337520191416 209065753
1655435337892227365 168620131