1655954692520573252 108174
1655954692822265607 12315
1655954693123605781 100107
1655954693417374085 92993
1655954693635878917 13493
1655954693848752578 12588
1655954694060839910 10297
1655954694274594702 12212
1655954694484724544 9462
1655954694700937165 15829
1655954694910009777 8641
1655954695118638670 8255
1655954695331639261 12687
1655954695539702733 7743
1655954695749729385 9699
1655954695958239937 8189
1655954696166968169 8587
1655954696378099440 9153
1655954696588911261 10449
1655954696800187184 10967
1655954697019082005 18398
1655954697230582397 11205
1655954697444780658 13890
1655954697654851690 9865
1655954697865707312 10483
1655954698076188533 9785
1655954698286095575 9587
1655954698499467887 13039
1655954698714934869 12400
1655954698926645290 11026
1655954699138708072 11481
1655954699350360774 8984
1655954699561710605 10793
1655954699775681407 13652
1655954699983687669 7585
1655954700194563441 10565
1655954700419942662 24562
1655954700628730614 8314
1655954700837576275 8462
1655954701046012618 8014
1655954701254050760 7279
1655954701464200302 7512
1655954701676434664 11782
1655954701892570046 14471
1655954702118477076 25497
1655954702329311447 10055
1655954702544262449 11875
1655954702757960121 12862
1655954702974881852 13488
1655954703188750373 13529
1655954703411928334 22457
1655954703628573256 16185
1655954703843690168 14734
1655954704055190188 10995
1655954704269919720 12607
1655954704480011822 9717
1655954704692095154 11691
1655954704906828935 13687
1655954705119057437 11351
1655954705328100908 8634
1655954705539520981 11145
1655954705750534922 10198
1655954705968102274 16727
1655954706180603015 12224
1655954706396078897 15037
1655954706616397858 20001
1655954706828827179 11726
1655954707040933691 11272
1655954707255003082 13237
1655954707468795324 13449
1655954707678691766 9576
1655954707889687318 9627
1655954708102895958 8734
1655954708311572131 8236
1655954708521762533 9774
1655954708730697415 8538
1655954708939045377 7891
1655954709147962019 8504
1655954709356020541 7604
1655954709567837233 11489
1655954709777102255 8966
1655954709986433467 8321
1655954710196189019 9139
1655954710405143350 8591
1655954710615962753 10265
1655954710823838085 7435
1655954711031529617 7121
1655954711241044639 9143
1655954711456422271 14208
1655954711670516072 10138
1655954711883519894 12138
1655954712102928546 19253
1655954712314620857 11222
1655954712526062299 11020
1655954712738717031 12185
1655954712951146982 11694
1655954713165567093 14167
1655954713378102936 12110
1655954713590804117 12116
1655954713803804069 11572
1655954714014636060 9396
1655954714225012242 9656
1655954714441249644 13206
1655954714657510085 15647
1655954714869108807 10691
1655954715077974539 8522
1655954715290109500 11720
1655954715499919293 9481
1655954715709580304 9235
1655954715918560646 8635
1655954716127155048 8105
1655954716335756181 8281
1655954716545543893 9186
1655954716753896185 7894
1655954716963977497 9002
1655954717173180939 8774
1655954717385859621 11478
1655954717598598492 12301
1655954717812063102 13153
1655954718024028385 11262
1655954718236056117 11363
1655954718448943729 12178
1655954718661837040 12090
1655954718875484322 13262
1655954719086102984 10233
1655954719295563395 8973
1655954719503825068 7878
1655954719713793560 9413
1655954719924078361 9890
1655954720135533103 11147
1655954720345150355 9239
1655954720553841998 8274
1655954720762817739 8589
1655954720974422101 10929
1655954721182586443 7705
1655954721391129945 8133
1655954721599676007 8286
1655954721821835428 21839
1655954722037003260 15018
1655954722250210201 12336
1655954722463653463 13271
1655954722679695874 15659
1655954722897630305 16890
1655954723109922616 11731
1655954723324492188 14266
1655954723533688221 8534
1655954723743099473 8305
1655954723954809325 11414
1655954724167890476 11174
1655954724398760486 29284
1655954724614548657 15065
1655954724827932838 12515
1655954725038381860 10013
1655954725248863912 10063
1655954725457049024 7491
1655954725666363346 7979
1655954725876491748 9099
1655954726084036000 7242
1655954726294531432 10142
1655954726504714814 9872
1655954726714736765 9310
1655954726924019827 8635
1655954727132225989 7811
1655954727344964881 11555
1655954727552497303 7190
1655954727762379025 9103
1655954727975935976 13266
1655954728188455107 10072
1655954728410613879 21751
1655954728621523021 10579
1655954728835996332 13957
1655954729053796483 17482
1655954729264115685 9916
1655954729477934207 12775
1655954729691271808 12959
1655954729906404500 14245
1655954730118124172 10740
1655954730329870884 11476
1655954730547034595 16742
1655954730764431526 14056
1655954730986173517 20803
1655954731200882088 12179
1655954731411382810 10019
1655954731620486852 8802
1655954731828727873 7328
1655954732037772605 8721
1655954732248139558 9751
1655954732460743589 12360
1655954732678406251 17364
1655954732891776542 13074
1655954733111464653 19358
1655954733323216185 10909
1655954733532703837 9324
1655954733750445768 17418
1655954733960234120 9461
1655954734171183942 10512
1655954734386131903 13661
1655954734599210674 11175
1655954734811233676 11564
1655954735021624488 10146
1655954735236840399 14743
1655954735450345071 12518
1655954735664182312 11077
1655954735874857034 10473
1655954736087268765 11258
1655954736299963597 10697
1655954736513088949 12691
1655954736727945320 13914
1655954736938191202 9932
1655954737151814333 12353
1655954737365150714 12928
1655954737578721646 11934
1655954737795254257 15171
1655954738004554409 8873
1655954738219995760 15021
1655954738430557312 9932
1655954738641313753 10063
1655954738849819286 8179
1655954739059397827 9186
1655954739267217409 7221
1655954739476095911 8071
1655954739687095613 10710
1655954739910629234 21596
1655954740122992855 11609
1655954740336157817 12776
1655954740548981978 11598
1655954740760695041 11043
1655954740970000522 8989
1655954741183762484 11312
1655954741399705156 15272
1655954741615460647 15432
1655954741827197578 11199
1655954742038095180 10702
1655954742250827202 11930
1655954742463247124 11851
1655954742673781056 10063
1655954742882069318 7681
1655954743090842540 8458
1655954743300098452 8872
1655954743512260244 11735
1655954743722890056 10501
1655954743932014068 7822
1655954744142999079 9980
1655954744353288961 9126
1655954744566649062 13008
1655954744780417004 13366
1655954744991564306 10822
1655954745199981198 7573
1655954745417252418 16442
1655954745626885750 9294
1655954745835417822 8209
1655954746045293934 9554
1655954746255991796 10484
1655954746464527528 8167
1655954746674963570 10117
1655954746889073362 11665
1655954747100649242 11251
1655954747315761264 14384
1655954747524378546 8300
1655954747733995138 9286
1655954747942385410 8027
1655954748160776382 18083
1655954748371864893 10682
1655954748580857916 8514
1655954748789309507 7941
1655954749000741259 11017
1655954749209950071 8668
1655954749419418403 9042
1655954749629539784 9710
1655954749843815355 13718
1655954750058883837 14509
1655954750279419658 20127
1655954750496094879 16107
1655954750714069071 17490
1655954750926901772 12442
1655954751140661423 13454
1655954751349751035 8509
1655954751560375246 10080
1655954751769971499 8730
1655954751978875801 8535
1655954752191436763 12259
1655954752419945443 28193
1655954752632801774 12525
1655954752847701175 14582
1655954753062731967 14711
1655954753273543559 10478
1655954753488130171 13974
1655954753724566661 14637
1655954753943825832 17161
1655954754156596024 12168
1655954754370058655 12160
1655954754580758537 10120
1655954754789434009 8134
1655954755020045299 29632
1655954755233948951 13587
1655954755450488352 13086
1655954755667067403 14394
1655954755878011995 10550
1655954756092155657 11998
1655954756302289929 9704
1655954756510703201 8008
1655954756719898993 8819
1655954756927858614 7501
1655954757139085776 10911
1655954757349042098 9126
1655954757557677430 8192
1655954757765638692 7470
1655954757974014414 8067
1655954758191817545 17176
1655954758406284246 14156
1655954758623305798 16249
1655954758843822899 18567
1655954759054277691 9863
1655954759267903493 12016
1655954759479538224 11246
1655954759697642085 13736
1655954759919719196 20439
1655954760131797528 11689
1655954760344923839 12741
1655954760557528311 12216
1655954760770277813 12334
1655954760981774905 10681
1655954761192581636 10468
1655954761423080757 29609
1655954761636141918 12749
1655954761849037070 12575
1655954762060186992 10801
1655954762270521604 10110
1655954762483101296 11684
1655954762729960124 19957
1655954762940184196 9115
1655954763153708957 12819
1655954763366593439 12514
1655954763587058099 20099
1655954763804553251 15055
1655954764016830082 10892
1655954764229411354 11124
1655954764443563325 13800
1655954764659746627 15651
1655954764875910017 15860
1655954765088138240 12098
1655954765300876891 12121
1655954765512555243 11339
1655954765726373204 13501
1655954765937568657 10194
1655954766148426099 10061
1655954766361378321 10782
1655954766578103212 15972
1655954766787823554 8435
1655954767001963555 13841
1655954767212839857 10414
1655954767422865068 9696
1655954767636654600 13479
1655954767849293211 11858
1655954768059442003 9806
1655954768271229185 11319
1655954768483299196 11892
1655954768697827938 14092
1655954768913060179 14442
1655954769130988391 17614
1655954769344592273 13228
1655954769558082084 12704
1655954769777642605 19162
1655954769991853417 13911
1655954770204003059 11852
1655954770415236351 10407
1655954770626481242 10063
1655954770836314165 8955
1655954771048452456 11030
1655954771259032218 9428
1655954771470818050 10892
1655954771682839131 11712
1655954771894553533 11400
1655954772106475325 9910
1655954772318139225 10848
1655954772531756047 11832
1655954772743139279 11067
1655954772953997272 10547
1655954773167881383 12089
1655954773381232094 11657
1655954773593564626 12095
1655954773805984038 12106
1655954774017788119 11407
1655954774228340662 9952
1655954774441520663 12880
1655954774654099155 12450
1655954774868123277 13703
1655954775080872439 11878
1655954775294359750 12964
1655954775507190902 12408
1655954775720967513 12576
1655954775932905235 11526
1655954776145545416 12231
1655954776358959468 12548
1655954776570681050 10473
1655954776785405131 13532
1655954777002298492 14948
1655954777212451205 9826
1655954777425415325 11369
1655954777638178057 12464
1655954777857062168 16800
1655954778072224359 14772
1655954778289580260 16508
1655954778501879342 11978
1655954778711205374 9016
1655954778921877266 9468
1655954779130467398 8266
1655954779339510779 8728
1655954779549958681 9561
1655954779764491683 14208
1655954779976043474 11427
1655954780191942626 15554
1655954780404837977 12453
1655954780617169889 12021
1655954780828947981 11453
1655954781039234913 9960
1655954781252731054 12425
1655954781463286036 10217
1655954781676121679 12496
1655954781891272609 14840
1655954782101969101 10379
1655954782312763673 10480
1655954782525687725 12613
1655954782737198126 11351
1655954782948099888 9655
1655954783158661430 8927
1655954783369673121 10285
1655954783581071473 11096
1655954783792034915 10639
1655954784001093457 8729
1655954784209772709 8367
1655954784418012920 8090
1655954784627458023 9116
1655954784836595595 8820
1655954785045697318 8805
1655954785255216199 9210
1655954785466643801 11031
1655954785681008222 13959
1655954785901360663 18921
1655954786115546704 13142
1655954786333628966 17417
1655954786549871216 15471
1655954786766117058 15640
1655954786983498889 16035
1655954787197703090 12734
1655954787409426631 11419
1655954787624678673 14922
1655954787833381025 8398
1655954788042852367 9165
1655954788251981039 8776
1655954788461471561 9088
1655954788670170523 8386
1655954788880726124 9587
1655954789094434396 12032
1655954789309475998 14469
1655954789526972958 15585
1655954789741564930 13187
1655954789955183362 11802
1655954790167378643 11986
1655954790380932955 12552
1655954790595549556 13171
1655954790809889147 14010
1655954791019942679 9736
1655954791231161391 10883
1655954791443041654 11115
1655954791652905756 9550
1655954791864895928 10767
1655954792079104609 12588
1655954792294196041 13786
