1655955006811384417 165598
1655955007023487279 11761
1655955007316671943 92289
1655955007524334097 7347
1655955007825717292 101070
1655955008032466074 6437
1655955008238735576 5931
1655955008522194892 81929
1655955008728430514 6048
1655955009012675838 83781
1655955009225207882 11820
1655955009437060124 8114
1655955009645669286 7539
1655955009915161383 68787
1655955010125020375 7015
1655955010333531817 7727
1655955010621253893 81966
1655955010828850945 7193
1655955011038375997 6476
1655955011249490689 10995
1655955011516827966 67018
1655955011727365727 9742
1655955011940941210 9355
1655955012250552374 107892
1655955012536121999 81735
1655955012752253530 14266
1655955013011426368 58044
1655955013229302740 14391
1655955013449594921 17104
1655955013660102563 7571
1655955013926924490 12301
1655955014138628122 11242
1655955014352908634 13043
1655955014626913089 14777
1655955014843124692 15819
1655955015052088394 8134
1655955015327221240 74828
1655955015537491462 10100
1655955015750143103 10768
1655955016015265199 64405
1655955016228949862 13050
1655955016441214544 11829
1655955016653592876 11185
1655955016863484558 9360
1655955017071464920 7594
1655955017324503038 52635
1655955017535663798 10215
1655955017753666331 16249
1655955017963868323 9890
1655955018232083500 67899
1655955018446969262 14117
1655955018723638868 76235
1655955018935397320 11366
1655955019150961592 11096
1655955019422852918 71286
1655955019639164010 14782
1655955019851784831 12408
1655955020122936518 70435
1655955020335162680 10757
1655955020551033042 11399
1655955020761370113 9454
1655955021023191490 11400
1655955021237865423 13847
1655955021449941495 11676
1655955021712834562 61905
1655955021926194104 11169
1655955022140609936 13715
1655955022411225532 69835
1655955022622439964 11038
1655955022830848845 8054
1655955023041072618 9683
1655955023252956050 11048
1655955023510914316 57531
1655955023724067890 9367
1655955023936709992 11497
1655955024148124444 10787
1655955024410905681 62525
1655955024625920272 12202
1655955024836032655 9727
1655955025044058067 7680
1655955025251932279 7494
1655955025460030721 7728
1655955025671828013 10155
1655955025929616251 17731
1655955026145825473 15720
1655955026410920318 62690
1655955026626592681 14523
1655955026843091503 13480
1655955027051873025 8463
1655955027264163607 11974
1655955027475999549 10936
1655955027725283068 14065
1655955027934060560 8448
1655955028145050321 10640
1655955028356770254 11375
1655955028565775686 8353
1655955028822128724 12180
1655955029039077054 16490
1655955029251678147 11224
1655955029527095012 74718
1655955029738874245 11370
1655955029951854927 11888
1655955030161438639 8720
1655955030418973607 56569
1655955030629122790 9815
1655955030842732481 13341
1655955031114713476 71669
1655955031329088820 13704
1655955031541483591 11627
1655955031818993537 75599
1655955032033933319 13528
1655955032317424845 81989
1655955032536044506 16664
1655955032747934578 11569
1655955033012409636 63558
1655955033225713937 11315
1655955033441450059 15303
1655955033652383440 7713
1655955033922976876 11965
1655955034133520149 10210
1655955034413737565 79289
1655955034629669677 13289
1655955034841159949 10062
1655955035110938166 67546
1655955035329068106 13261
1655955035545311758 13503
1655955035826911534 79039
1655955036040077685 12677
1655955036319103912 74828
1655955036532546444 12169
1655955036748093565 14716
1655955036965119367 15523
1655955037210863085 45233
1655955037424567217 12185
1655955037640947789 15567
1655955037853159540 11811
1655955038063898942 9512
1655955038325107410 60747
1655955038535797322 10413
1655955038748019254 11458
1655955038965105235 16339
1655955039174097277 8698
1655955039422407374 47989
1655955039631730527 9008
1655955039844038859 11880
1655955040121052266 76670
1655955040332763575 9347
1655955040552719079 19145
1655955040765781000 12379
1655955040976528022 10375
1655955041211588063 34544
1655955041424072114 10405
1655955041634805666 10420
1655955041844032448 8796
1655955042054942330 10576
1655955042266500612 10115
1655955042478084474 11269
1655955042687883286 9484
1655955042897542948 9352
1655955043110274080 12415
1655955043321137973 10521
1655955043532135095 10730
1655955043745982396 12537
1655955043962959698 16587
1655955044220689386 57311
1655955044433254988 12144
1655955044652808339 19177
1655955044865131820 10432
1655955045128663118 14126
1655955045412084244 81810
1655955045626472366 12018
1655955045837209366 10066
1655955046113139994 75139
1655955046325682496 12291
1655955046539647166 12250
1655955046763192048 22816
1655955047016187277 52797
1655955047229887519 11648
1655955047440891560 10103
1655955047710933737 68458
1655955047929744667 15199
1655955048140629600 10513
1655955048420162567 77245
1655955048632750688 11164
1655955048921140304 85510
1655955049139618095 17581
1655955049357148046 15979
1655955049624698783 66529
1655955049841961675 16648
1655955050055294446 12850
1655955050318385832 62475
1655955050530084395 11122
1655955050750656957 18830
1655955051011074202 59676
1655955051225779326 10110
1655955051440028087 12505
1655955051713139474 72761
1655955051925139286 10943
1655955052140038926 14645
1655955052422492852 82130
1655955052645084263 16527
1655955052931047307 11864
1655955053151103160 18440
1655955053435089885 19164
1655955053653986157 17800
1655955053939836183 25473
1655955054158641104 17194
1655955054420918401 10505
1655955054632361871 10093
1655955054844264524 11493
1655955055057602386 12213
1655955055322708974 11771
1655955055536631806 12615
1655955055749381088 11481
1655955056032972163 81739
1655955056245456265 10423
1655955056456921237 10213
1655955056724123364 66894
1655955056941104735 16573
1655955057151682118 10190
1655955057410851835 58850
1655955057626992497 14552
1655955057837068879 9677
1655955058113441485 74334
1655955058335042166 20948
1655955058546705978 11284
1655955058810967485 63831
1655955059026390997 15003
1655955059236469329 9573
1655955059450694050 12313
1655955059721423977 63819
1655955059933971608 12026
1655955060159400780 24396
1655955060370582052 10198
1655955060623954078 53056
1655955060836165852 11601
1655955061054602713 17945
1655955061323606818 12190
1655955061535982842 10722
1655955061829308046 90411
1655955062111651670 81550
1655955062325968202 13623
1655955062536032036 8087
1655955062823227539 85923
1655955063036552273 12507
1655955063253251464 14122
1655955063530006620 15995
1655955063811294006 78984
1655955064027438687 11719
1655955064251376758 19077
1655955064524314855 71358
1655955064737848596 13159
1655955065025494702 87207
1655955065239509154 12347
1655955065512597869 72012
1655955065729193772 15783
1655955065942412913 11649
1655955066152247375 9519
1655955066422009642 11093
1655955066636464843 13072
1655955066848538805 11681
1655955067110923692 62069
1655955067324913253 11283
1655955067545101015 18292
1655955067761972066 16578
1655955068027208694 17198
1655955068312980950 85383
1655955068525161831 11128
1655955068734575492 9176
1655955068949773714 14577
1655955069219582331 68198
1655955069434277513 14203
1655955069651879164 17188
1655955069910904952 58551
1655955070127021643 14637
1655955070343181064 14737
1655955070610258142 65876
1655955070822692963 8311
1655955071033954594 10549
1655955071247604246 11754
1655955071514098071 64353
1655955071728373965 12493
1655955071942646755 13609
1655955072158896157 13536
1655955072424553064 11303
1655955072644969955 20253
1655955072858602027 11339
1655955073113230955 52057
1655955073333983475 20311
1655955073550438958 14249
1655955073760289270 9142
1655955074012370639 49940
1655955074223792040 9014
1655955074436824072 12459
1655955074720958138 81974
1655955074936497338 14449
1655955075210911415 72535
1655955075424493738 11340
1655955075639302729 9929
1655955075915377163 75566
1655955076126275614 10455
1655955076340546809 13142
1655955076552536281 11670
1655955076826083647 16106
1655955077038851479 12447
1655955077326171255 86547
1655955077548017486 21619
1655955077831294711 19414
1655955078045726893 13514
1655955078257204645 11078
1655955078468301647 10616
1655955078726082785 11123
1655955078935052287 8644
1655955079151861128 11804
1655955079416007655 62242
1655955079630761897 13120
1655955079844688519 12295
1655955080056614721 11218
1655955080318984707 61596
1655955080530296380 10612
1655955080746086932 15293
1655955080965062663 18673
1655955081212249522 46661
1655955081425345373 10959
1655955081638614825 11085
1655955081852159257 12779
1655955082110930713 55831
1655955082330842834 17248
1655955082539385396 7967
1655955082750099900 10517
1655955082966600762 12821
1655955083223511400 56564
1655955083434112132 10275
1655955083648194833 13775
1655955083857939385 9426
1655955084067092537 8462
1655955084276289639 8886
1655955084536924147 23018
1655955084817765502 76800
1655955085034255984 13813
1655955085312452489 77643
1655955085524520462 11624
1655955085735010354 9943
1655955085954739425 17104
1655955086235368621 20990
1655955086519210266 81774
1655955086740171298 20709
1655955086959816309 19306
1655955087170852011 10444
1655955087428537149 57180
1655955087646450080 13714
1655955087858534212 11766
1655955088127864439 16890
1655955088343099449 14342
1655955088553347042 9482
1655955088832079619 13625
1655955089045187939 12746
1655955089311706088 66041
1655955089536811298 18405
1655955089746240489 9135
1655955089955543932 9162
1655955090213196838 56471
1655955090426729130 13229
1655955090636844794 9795
1655955090848510196 9694
1655955091114383593 65368
1655955091330007044 15439
1655955091545878355 14867
1655955091815097942 68252
1655955092039806673 20992
1655955092318224029 76848
1655955092532067411 13045
1655955092811504077 79096
1655955093030242008 14486
1655955093313626334 83053
1655955093529954305 13146
1655955093744904358 14527
1655955093953745819 8534
1655955094224384946 12717
1655955094434662388 9091
1655955094648276749 12830
1655955094860386562 10500
1655955095121216779 54723
1655955095333479031 11098
1655955095544037213 10237
1655955095757471375 12089
1655955096018715303 60823
1655955096232899015 13749
1655955096446553967 13159
1655955096655603729 8779
1655955096865359451 9391
1655955097080366302 13926
1655955097289235524 7936
1655955097519101404 29725
1655955097732908376 13489
1655955097946363078 13121
1655955098158436239 11046
1655955098422940317 64199
1655955098639856418 16477
1655955098919519134 79320
1655955099132550456 12174
1655955099349286487 10905
1655955099560578679 10900
1655955099771056571 10156
1655955099984945002 13488
1655955100224928192 14921
1655955100453146682 26509
1655955100662077514 8143
1655955100913064512 49589
1655955101129753905 15111
1655955101346248086 16185
1655955101559163467 11724
1655955101812557806 50102
1655955102026842657 13603
1655955102239271429 11780
1655955102454053111 13032
1655955102712972088 58583
1655955102926068120 12058
1655955103140609702 11661
1655955103350442094 9253
1655955103611011341 59611
1655955103826246203 14561
1655955104041680994 14440
1655955104313622031 70911
1655955104529145023 15353
1655955104748000544 18325
1655955105010445702 61483
1655955105227178233 15406
1655955105442542544 14541
1655955105713676231 70538
1655955105922512003 8511
1655955106214366576 90627
1655955106433070540 17469
1655955106643046462 9663
