1655953422711459961 175274
1655953422921607285 9722
1655953423129652487 7621
1655953423341897782 11752
1655953423551073256 8780
1655953423761148210 9713
1655953423971297754 9477
1655953424181449177 9521
1655953424394560081 12768
1655953424604579275 9676
1655953424813356466 8418
1655953425024973793 11275
1655953425234824047 9513
1655953425446386729 11226
1655953425656842203 10104
1655953425868166967 10877
1655953426081364191 12584
1655953426294058244 11438
1655953426502098619 7732
1655953426711860174 9479
1655953426921548387 9125
1655953427132775601 10922
1655953427341804724 8387
1655953427553671968 11260
1655953427764482682 9282
1655953427974911096 9496
1655953428192706350 17412
1655953428402590323 9421
1655953428614186497 11193
1655953428826096769 11427
1655953429037577834 11179
1655953429247832969 9829
1655953429456232133 7818
1655953429667369256 10956
1655953429878540920 9129
1655953430088489814 9078
1655953430299895018 10479
1655953430510988882 10577
1655953430722465876 10193
1655953430933605399 10833
1655953431142200173 8272
1655953431353893947 10067
1655953431563460561 9178
1655953431775919235 10377
1655953431987437428 11201
1655953432198076603 10321
1655953432407660376 9282
1655953432616965580 8548
1655953432825562254 8174
1655953433038299668 10765
1655953433246578782 7710
1655953433457079016 9941
1655953433665522640 7843
1655953433875545124 9110
1655953434084674808 8647
1655953434295669502 10711
1655953434505796566 9753
1655953434714587710 8181
1655953434923914214 8271
1655953435134263898 9860
1655953435345353192 10701
1655953435556976385 10542
1655953435766577090 8239
1655953435976974542 9555
1655953436186469776 8813
1655953436395886189 8618
1655953436605853155 9478
1655953436814550109 8364
1655953437025777073 10885
1655953437236191784 10091
1655953437445746400 9098
1655953437662249760 16176
1655953437870671238 7924
1655953438082271062 10196
1655953438294964114 11599
1655953438504898299 9474
1655953438716613873 11320
1655953438925589007 8179
1655953439139646111 13639
1655953439348676554 8547
1655953439558287389 9311
1655953439769895802 11287
1655953439979163736 8745
1655953440192390380 13000
1655953440404672974 10877
1655953440612766978 7783
1655953440822511312 9423
1655953441031389746 7963
1655953441242513949 10108
1655953441452618852 9715
1655953441661132977 7756
1655953441870898441 8095
1655953442082158855 10545
1655953442298931008 15738
1655953442510188280 10078
1655953442718670806 8240
1655953442929416590 9742
1655953443141474923 11236
1655953443353504806 11714
1655953443568918909 12475
1655953443783187293 11837
1655953443997205217 13279
1655953444215589440 18212
1655953444427464344 10966
1655953444640855207 12331
1655953444849718531 8523
1655953445065636345 13194
1655953445274533379 8153
1655953445482583363 7682
1655953445693478407 9537
1655953445902000431 8139
1655953446112415925 10030
1655953446324028239 9334
1655953446534266482 9879
1655953446745199176 10084
1655953446955721450 10343
1655953447167953244 11696
1655953447375904478 7617
1655953447584486462 8266
1655953447795986646 11405
1655953448005574440 9279
1655953448214936974 8810
1655953448423512497 8128
1655953448634848051 10487
1655953448852338845 13405
1655953449062365129 9713
1655953449271626733 8876
1655953449482253977 9461
1655953449693821010 10417
1655953449904953665 10839
1655953450118109858 12141
1655953450333940180 14460
1655953450543924275 9427
1655953450758198109 12424
1655953450971352402 12673
1655953451184811696 13151
1655953451398471730 12442
1655953451614353832 13833
1655953451826241207 11578
1655953452042595460 15327
1655953452250865104 7953
1655953452464293858 12195
1655953452674954272 9746
1655953452887117796 11070
1655953453097309940 9905
1655953453309834623 11891
1655953453523394727 10931
1655953453733364868 9428
1655953453945787894 11282
1655953454156660248 9632
1655953454364656432 7682
1655953454576184876 11206
1655953454784929119 8543
1655953454994755334 9516
1655953455204616517 9541
1655953455412575670 7633
1655953455623603885 10712
1655953455832310169 8377
1655953456042554563 9775
1655953456253306626 9888
1655953456461475470 7845
1655953456673987884 12131
1655953456882845038 8546
1655953457091916682 8761
1655953457301988525 9540
1655953457513356979 9950
1655953457725666963 12009
1655953457934893087 8731
1655953458145062631 8834
1655953458354833725 8596
1655953458565839568 9853
1655953458776827822 10547
1655953458989905536 12483
1655953459200054589 9646
1655953459409920914 9541
1655953459618675738 8425
1655953459827670242 8663
1655953460040145625 12154
1655953460250285539 9707
1655953460460423723 9722
1655953460671072687 10238
1655953460879333809 7916
1655953461090406425 10494
1655953461301082909 9983
1655953461510654933 8661
1655953461721425496 8003
1655953461929570790 7825
1655953462140461495 10577
1655953462350695388 9921
1655953462562236552 11178
1655953462771411286 8731
1655953462984166630 12341
1655953463195679403 10271
1655953463404921637 8501
1655953463616573471 11321
1655953463824066225 7182
1655953464035471639 10297
1655953464246744793 10327
1655953464458117646 10698
1655953464667961370 9526
1655953464877527834 9109
1655953465090350878 11909
1655953465303122842 12191
1655953465514869955 10927
1655953465732505709 16071
1655953465943895332 11050
1655953466156864897 12499
1655953466369696870 12335
1655953466582291004 11941
1655953466796467347 13712
1655953467009282301 12418
1655953467226525535 16827
1655953467441894998 14947
1655953467654668662 12312
1655953467879613924 24540
1655953468094561718 13405
1655953468309536702 14499
1655953468520185105 9936
1655953468730216209 9528
1655953468941297891 9949
1655953469150853147 9143
1655953469361698200 10134
1655953469570922485 8814
1655953469782129609 10706
1655953469995395862 12872
1655953470209691135 10480
1655953470422935727 12329
1655953470631835091 8575
1655953470843624888 10632
1655953471053716142 9784
1655953471265835245 10566
1655953471480808828 12313
1655953471693559302 10378
1655953471906865935 11326
1655953472116367820 9090
1655953472326943493 8699
1655953472540009886 12638
1655953472751819431 11410
1655953472964502424 10980
1655953473173698029 8885
1655953473387041942 11609
1655953473600005136 11590
1655953473813036969 11736
1655953474023899334 9534
1655953474237693018 11551
1655953474448548761 10150
1655953474658761655 9642
1655953474870809799 11409
1655953475082274032 10855
1655953475290884657 7778
1655953475499966060 7778
1655953475711969934 11139
1655953475920479155 8187
1655953476129383581 8600
1655953476340039056 10323
1655953476551553219 10988
1655953476764287573 11186
1655953476975129937 7726
1655953477186247110 10623
1655953477396473795 9432
1655953477608798829 11393
1655953477820555912 11147
1655953478029573636 8159
1655953478241806210 11395
1655953478452501052 10104
1655953478662435987 9614
1655953478874436872 11671
1655953479085489715 10731
1655953479298666779 12864
1655953479510505062 11535
1655953479722584296 11464
1655953479934349670 11329
1655953480144173364 8988
1655953480352207588 7706
1655953480559653662 7267
1655953480772727806 12767
1655953480981514880 8362
1655953481193934623 11887
1655953481402714797 8115
1655953481611603232 8452
1655953481822646494 10717
1655953482031084360 8139
1655953482243041863 11592
1655953482454074527 10083
1655953482663630311 9253
1655953482876182425 10503
1655953483086169999 9209
1655953483297538163 11162
1655953483512542117 13366
1655953483720813631 8041
1655953483932044475 10639
1655953484141024008 8654
1655953484355575041 12271
1655953484569070904 12703
1655953484781605139 12028
1655953484993708813 11715
1655953485202979018 8805
1655953485412962490 9583
1655953485621834045 8528
1655953485830966247 8711
1655953486042901182 11619
1655953486256045066 12703
1655953486472728699 16340
1655953486682805884 8758
1655953486890686588 7267
1655953487100642630 9234
1655953487313581245 11960
1655953487524949189 10929
1655953487738268253 12839
1655953487963899435 25314
1655953488173274109 8089
1655953488386177553 11281
1655953488596802967 10426
1655953488805684461 8253
1655953489015762984 9775
1655953489223613949 7542
1655953489438575662 13783
1655953489650924765 11359
1655953489859617460 8216
1655953490077636923 17209
1655953490286090417 8126
1655953490496451611 10048
1655953490706645526 9880
1655953490916129419 8690
1655953491125175323 8774
1655953491333548637 8057
1655953491544751311 10888
1655953491755787495 10716
1655953491966696999 10584
1655953492175879672 8858
1655953492384712397 8522
1655953492596209990 11175
1655953492807602794 10975
1655953493016830318 8911
1655953493225997742 8843
1655953493435844336 9531
1655953493646878940 10702
1655953493858163533 10945
1655953494068361137 9779
1655953494278948602 10255
1655953494487440486 8163
1655953494699680459 11918
1655953494910899343 10885
1655953495122887746 11658
1655953495332337630 9070
1655953495540860184 8195
1655953495753969648 12766
1655953495965352192 11052
1655953496175124176 9009
1655953496386784370 11066
1655953496597549464 10334
1655953496808988198 10867
1655953497021401890 11996
1655953497232861355 10750
1655953497445986409 10626
1655953497654782251 8479
1655953497866023036 10584
1655953498076192290 9794
1655953498285771384 8606
1655953498496655128 10240
1655953498705885851 8460
1655953498921208296 12585
1655953499131695969 10086
1655953499340950284 8864
1655953499552783057 11514
1655953499762776641 9591
1655953499973896025 10478
1655953500186587847 12373
1655953500394401323 7483
1655953500604747956 10034
1655953500813456141 8052
1655953501026358074 11940
1655953501238964327 11792
1655953501449255261 8854
1655953501663303774 13339
1655953501872277119 8646
1655953502085193902 12095
1655953502296841035 11368
1655953502506507670 9352
1655953502717877823 11066
1655953502926658077 8240
1655953503140398461 11402
1655953503353791693 12331
1655953503562063248 7948
1655953503773210662 10812
1655953503981219516 7639
1655953504194759650 13364
1655953504408218274 13156
1655953504617895338 9199
1655953504828739711 10253
1655953505037555925 8511
1655953505251193458 12880
1655953505461880703 10102
1655953505671748994 9450
1655953505884777700 10863
1655953506095086744 9789
1655953506305961628 10548
1655953506519754491 12510
1655953506728530015 8093
1655953506940071309 11002
1655953507149766203 9380
1655953507362158475 11199
1655953507575007060 12501
1655953507784461954 9074
1655953507999351707 13111
1655953508208450442 8568
1655953508421530701 12780
1655953508631771049 9790
1655953508842508983 8608
1655953509055400157 10350
1655953509264016811 8150
1655953509474577464 10083
1655953509685775708 10694
1655953509899829952 13415
1655953510110876806 10544
1655953510319924418 8720
1655953510532549772 12192
1655953510744388957 11326
1655953510954982731 10116
1655953511165049975 9359
1655953511374729859 9209
1655953511586527911 11284
1655953511796501946 9612
1655953512006904901 10068
1655953512217703634 10449
1655953512428569808 10504
1655953512642386512 13463
1655953512855473665 12065
1655953513065883889 10092
1655953513276460803 10263
1655953513487943786 10700
1655953513699982430 11771
1655953513911126545 10844
1655953514120964759 9572
1655953514334145572 12773
1655953514546050896 11085
1655953514756498500 10097
1655953514966590534 9784
1655953515180367837 12178
1655953515397494420 16588
1655953515610943414 13048
1655953515822674868 10583
1655953516034946151 10413
1655953516248004055 12313
1655953516457452319 9138
1655953516672905383 12711
1655953516882104637 8858
1655953517095557100 13144
1655953517308067404 10941
1655953517518284417 9636
1655953517733419811 14054
1655953517947085214 13179
1655953518158954688 10560
1655953518371727201 12345
1655953518585871695 13478
1655953518797797049 11609
1655953519013818652 15711
1655953519226471466 10652
1655953519437164699 10273
1655953519648919083 11525
1655953519859856118 10447
1655953520069590361 8965
1655953520279971815 9848
1655953520488979229 8613
1655953520699302013 9965
1655953520908221217 8596
1655953521116621532 8248
1655953521328461535 11045
1655953521540280608 11334
1655953521753704722 13105
1655953521964886346 10478
1655953522176335730 10919
1655953522388971643 12020
1655953522602673877 13239
1655953522814586309 11157
1655953523026760044 11338
1655953523237129138 9977
1655953523448856602 10060
