1654864258928189575 0
1654864263933393799 0
1654864268938521888 0
1654864273943665907 0
1654864278948825429 0
1654864283953932738 0
1654864288959149060 6
1654864293963354970 80
1654864298968506466 105
1654864303973363163 92
1654864308978320398 94
1654864313983316515 89
1654864318988313161 97
1654864323991469636 99
1654864328996303550 102
1654864334001465293 88
1654864339002830105 103
1654864344007327230 110
1654864349012648315 109
1654864354017924042 107
1654864359023229700 105
1654864364028445807 101
1654864369033643194 106
1654864374038759823 92
