1619468348501782577 33813
1619468349501788363 34157
1619468350501783275 34010
1619468351501806973 33922
1619468352501834358 33859
1619468353501827229 34167
1619468354501804515 34445
1619468355501802095 34219
1619468356501811113 34475
1619468357501796499 34216
1619468358501804392 34124
1619468359501826988 33793
1619468360501784256 33972
1619468361501819787 34188
1619468362501783421 34313
1619468363501782316 34421
1619468364501804400 34292
1619468365501790226 34552
1619468366501788662 34454
1619468367501841630 34421
1619468368501810804 34744
1619468369501787814 33754
1619468370501809979 34154
1619468371501780476 34220
1619468372501861266 33953
1619468373501784728 34220
1619468374501820242 34585
1619468375501806930 34919
1619468376501838850 34015
1619468377501787347 34166
1619468378501809349 34289
1619468379501787357 33880
1619468380501786456 34560
1619468381501790037 34331
1619468382501791682 33922
1619468383501839491 34270
1619468384501797791 34328
1619468385501804199 34622
1619468386501786369 34661
1619468387501785487 34279
1619468388501782096 34042
1619468389501785200 34212
1619468390501796075 34207
1619468391501794024 34368
1619468392501855741 34205
1619468393501845552 34560
1619468394501825815 34531
1619468395501799976 34647
1619468396501799907 34424
1619468397501812128 34518
1619468398501795677 34588
1619468399501802746 34937
1619468400501825636 34365
1619468401501790722 34084
1619468402501787646 34856
1619468403501784443 34794
1619468404501797022 34396
1619468405501814009 34742
1619468406501791623 34065
