1619469143404972460 34560
1619469144404951635 35088
1619469145404962613 34368
1619469146404990190 34330
1619469147404963397 34205
1619469148404996694 34854
1619469149404995305 34467
1619469150404968145 34839
1619469151404958599 34626
1619469152404986062 34468
1619469153404960328 34823
1619469154404954396 34728
1619469155404952218 34165
1619469156405000282 34484
1619469157404959093 34441
1619469158404974978 34405
1619469159404951512 34669
1619469160404952260 34257
1619469161404974827 34769
1619469162404988459 34663
1619469163404961562 34835
1619469164404999553 34650
1619469165404961067 34404
1619469166404955569 34461
1619469167404964646 34339
1619469168405058927 34320
1619469169404964207 34374
1619469170404954627 34920
1619469171404952974 34732
1619469172404965552 34196
1619469173404951765 34399
1619469174404949667 34466
1619469175404988399 34435
1619469176405005901 34092
1619469177404997386 34537
1619469178404964048 34683
1619469179404969739 34324
1619469180404948269 34659
1619469181404972336 34232
1619469182404955498 34553
1619469183404988608 34165
1619469184404953086 34386
1619469185405015869 34450
1619469186404949407 34439
1619469187404987689 34486
1619469188404959371 34481
1619469189404956945 34196
1619469190404959301 33970
1619469191404983966 34216
1619469192405079136 34048
1619469193404959930 33945
1619469194404963712 34888
1619469195404979641 34424
1619469196404960243 34448
1619469197404948697 34158
1619469198404969403 34440
1619469199404954148 34445
1619469200404969757 34155
1619469201404979339 34845
