1619468624183666116 33206
1619468625183659173 34227
1619468626183655288 34700
1619468627183650508 34214
1619468628183684306 33531
1619468629183652003 34403
1619468630183649690 34419
1619468631183653304 34586
1619468632183666074 34938
1619468633183673327 34432
1619468634183658072 34797
1619468635183659923 34435
1619468636183660175 34788
1619468637183674913 34646
1619468638183705362 34216
1619468639183680435 34822
1619468640183661472 34265
1619468641183687076 34771
1619468642183650167 34381
1619468643183649614 34897
1619468644183649452 35331
1619468645183663770 35268
1619468646183664964 35245
1619468647183664402 34744
1619468648183687982 34857
1619468649183691633 35247
1619468650183648981 34584
1619468651183652161 35336
1619468652183648000 34546
1619468653183688450 34764
1619468654183695661 35090
1619468655183653596 34904
1619468656183683648 34472
1619468657183691018 34448
1619468658183678553 35065
1619468659183647941 34950
1619468660183659778 35178
1619468661183661282 34786
1619468662183666129 34704
1619468663183658321 34456
1619468664183667328 34390
1619468665183669781 34184
1619468666183759994 34458
1619468667183655233 34070
1619468668183670208 34737
1619468669183662752 33895
1619468670183659633 34928
1619468671183656970 34480
1619468672183659178 34158
1619468673183651355 33984
1619468674183655393 34371
1619468675183712073 34342
1619468676183661654 34017
1619468677183675689 34537
1619468678183668599 34915
1619468679183696230 34978
1619468680183655647 34835
1619468681183654461 34766
1619468682183651972 34850
1619468683183708615 34826
