1619474718734971164 33714
1619474719734984957 33960
1619474720734966293 34476
1619474721734981901 33911
1619474722734979716 34906
1619474723735020897 33754
1619474724734968722 34494
1619474725735001528 34552
1619474726734988701 34605
1619474727734967465 34706
1619474728734987501 34662
1619474729734988649 34592
1619474730734980064 34711
1619474731734974342 35412
1619474732735003440 34594
1619474733735002244 34011
1619474734734969852 34724
1619474735734975359 34754
1619474736734972159 34258
1619474737734966183 35015
1619474738735002450 34831
1619474739734992426 35020
1619474740734966573 34456
1619474741734998705 34312
1619474742734977985 34717
1619474743734965755 34657
1619474744734987139 34081
1619474745734983912 34043
1619474746734981327 34726
1619474747734973253 34969
1619474748734973167 34447
1619474749734974372 33946
1619474750735037452 34299
1619474751734998297 34065
1619474752734990708 34651
1619474753734967619 34316
1619474754735063015 34376
1619474755734990698 34344
1619474756734969569 33833
1619474757734971828 34558
1619474758734975913 34619
1619474759734968255 34817
1619474760734968684 34319
1619474761734975673 34616
1619474762735041084 34171
1619474763734963082 34228
1619474764734985804 34200
1619474765735017823 34314
1619474766734979230 34584
1619474767734986251 34697
1619474768734973259 34604
1619474769734966765 34165
1619474770734971992 34425
1619474771734988566 34595
1619474772735006441 34568
1619474773734975235 34507
1619474774734993684 34763
1619474775735002353 35031
1619474776734964672 34363
