1619473258284479211 33632
1619473259284481448 34049
1619473260284480046 33777
1619473261284485255 33230
1619473262284533551 34199
1619473263284507420 33827
1619473264284524136 34421
1619473265284538641 33794
1619473266284483809 33866
1619473267284504892 34547
1619473268284492199 34237
1619473269284488485 33763
1619473270284482746 34294
1619473271284564817 33702
1619473272284486970 34357
1619473273284484557 34400
1619473274284527846 33725
1619473275284489782 33961
1619473276284485336 34288
1619473277284496076 33921
1619473278284512825 34204
1619473279284486326 34531
1619473280284554409 34694
1619473281284511792 33867
1619473282284528438 35125
1619473283284502409 34622
1619473284284487323 34723
1619473285284566458 34666
1619473286284483265 35633
1619473287284489406 34990
1619473288284487810 35036
1619473289284485678 34367
1619473290284536090 34332
1619473291284498993 34740
1619473292284487325 34500
1619473293284492230 34594
1619473294284483248 34333
1619473295284496586 34769
1619473296284485231 34784
1619473297284498908 34576
1619473298284479237 34742
1619473299284498491 34520
1619473300284495209 34943
1619473301284478179 34616
1619473302284521096 34587
1619473303284481370 34577
1619473304284481210 34666
1619473305284479553 34263
1619473306284484718 34362
1619473307284496895 33960
1619473308284485719 34865
1619473309284496463 34186
1619473310284491726 33963
1619473311284486953 34822
1619473312284481080 33762
1619473313284489334 34048
1619473314284522617 33811
1619473315284480266 33571
1619473316284503434 34214
