1619463910822048181 26133
1619463911822003169 26053
1619463912822031037 26069
1619463913822037248 26130
1619463914822066127 26017
1619463915821999456 26125
1619463916822013058 26120
1619463917822035277 25986
1619463918822102734 26181
1619463919822007156 26143
1619463920821999971 25859
1619463921822043204 26136
1619463922822028373 25790
1619463923821996055 26157
1619463924822020840 26279
1619463925821998894 26148
1619463926822008731 26145
1619463927822071446 26039
1619463928822012651 26104
1619463929822021161 26234
1619463930822002859 26340
1619463931822036871 26161
1619463932821994959 25893
1619463933822000298 26082
1619463934822020584 26128
1619463935822035090 26154
1619463936822010615 26196
1619463937822002448 26019
1619463938822021973 25935
1619463939822015355 26351
1619463940822033548 26140
1619463941822007243 26188
1619463942822007277 25900
1619463943822021055 25976
1619463944822030659 26012
1619463945821999790 26225
1619463946822037162 26016
1619463947822049242 26256
1619463948822007032 26152
1619463949822072985 26013
1619463950822005763 26139
1619463951822010712 26151
1619463952822008151 26288
1619463953822095434 26199
1619463954822013038 26150
1619463955822034582 26148
1619463956822042988 26026
1619463957822009182 26205
1619463958822025306 26170
1619463959822008286 26016
1619463960822005892 26232
1619463961822052657 26137
1619463962821999209 26045
1619463963822035967 26383
1619463964822003733 26028
1619463965822044776 26212
1619463966822017544 26302
1619463967822091622 26175
1619463968822009620 26068
