1619464252517225706 26911
1619464253517157440 27031
1619464254517155070 26606
1619464255517160991 26716
1619464256517236753 26670
1619464257517174410 26885
1619464258517161593 26942
1619464259517185944 27016
1619464260517174105 27050
1619464261517160897 26945
1619464262517153196 27091
1619464263517180573 26822
1619464264517167941 27050
1619464265517150859 27033
1619464266517160978 26889
1619464267517179654 26759
1619464268517193441 26942
1619464269517214900 27053
1619464270517201171 27029
1619464271517157275 27244
1619464272517188716 26972
1619464273517158968 27073
1619464274517264851 27373
1619464275517157040 27187
1619464276517156515 27071
1619464277517158606 27094
1619464278517186192 26970
1619464279517182295 26849
1619464280517182924 26996
1619464281517158311 27144
1619464282517160754 26959
1619464283517183187 27036
1619464284517175092 26870
1619464285517179691 27084
1619464286517267952 26974
1619464287517159275 26963
1619464288517174696 26914
1619464289517160830 27154
1619464290517153352 26914
1619464291517156192 26878
1619464292517194456 27168
1619464293517167662 26992
1619464294517184676 27182
1619464295517178304 26906
1619464296517155415 27081
1619464297517155682 26968
1619464298517173312 26968
1619464299517188600 27257
1619464300517197270 27222
1619464301517170589 27073
1619464302517185610 26960
1619464303517168883 26975
1619464304517175070 27045
1619464305517168656 27154
1619464306517158404 27181
1619464307517174155 26941
1619464308517181370 27003
1619464309517169649 26987
1619464310517162548 27054
