1619301851184619726 3885
1619301852184593408 2381
1619301853184693583 2554
1619301854184723903 3013
1619301855184699494 3305
1619301856184649831 3399
1619301857184694690 3476
1619301858184710086 3910
1619301859184693024 4022
1619301860184606217 4085
1619301861184670209 4127
1619301862184685004 4147
1619301863184640345 4124
1619301864184649359 4068
1619301865184713649 4088
1619301866184677477 4017
1619301867184632212 4185
1619301868184725642 4162
1619301869184668883 4069
1619301870184723207 4080
1619301871184611287 4130
1619301872184624587 4100
1619301873184668561 4190
1619301874184735619 4036
1619301875184725394 4059
1619301876184635035 3969
1619301877184712480 4066
1619301878184708323 4049
1619301879184676737 4084
1619301880184682963 4022
1619301881184643915 3951
1619301882184714624 4067
1619301883184620821 3851
1619301884184632857 3906
1619301885184635763 3876
1619301886184693980 3994
1619301887184614530 4018
1619301888184666582 4056
1619301889184639588 3773
1619301890184596096 3940
1619301891184702648 4003
1619301892184738767 3899
1619301893184616047 3958
1619301894184629240 3912
1619301895184713803 3929
1619301896184671976 4078
1619301897184692975 4020
1619301898184710213 3925
1619301899184662064 4120
1619301900184652515 4083
1619301901184659590 4089
1619301902184636634 4085
1619301903184690144 4074
1619301904184644935 4069
1619301905184690024 3855
1619301906184645866 3801
1619301907184599912 3892
1619301908184656659 3797
1619301909184597539 4029
