1619295750719105251 823
1619295751719109602 819
1619295752719089948 803
1619295753719093979 790
1619295754718970363 790
1619295755719046366 780
1619295756719048037 785
1619295757719054207 776
1619295758719056132 776
1619295759719043263 783
1619295760719058978 784
1619295761719102906 788
1619295762718997451 784
1619295763719054795 777
1619295764719049845 786
1619295765719075839 779
1619295766719086224 789
1619295767719101551 774
1619295768719063029 787
1619295769719067798 778
1619295770719045732 782
1619295771719024196 788
1619295772719002530 784
1619295773719041603 786
1619295774719017514 789
1619295775719078272 785
1619295776719031117 786
1619295777719076066 788
1619295778719083531 778
1619295779719101886 785
1619295780719076349 784
1619295781719067515 785
1619295782719055855 786
1619295783719075364 778
1619295784718995277 780
1619295785719022025 777
1619295786719036355 781
1619295787719055200 783
1619295788719044585 778
1619295789719059502 782
1619295790719042499 781
1619295791719097954 779
1619295792719048443 778
1619295793719027064 783
1619295794719013112 788
1619295795719052544 780
1619295796719001421 780
1619295797719056767 781
1619295798719076540 782
1619295799719083452 777
1619295800719056600 789
1619295801719056574 775
1619295802719025664 781
1619295803719021749 774
1619295804719030474 777
1619295805719097803 781
1619295806719073048 773
1619295807719085730 786
1619295808719073433 775
