1619296162483115795 1178
1619296163483001195 1169
1619296164483155713 1160
1619296165483140368 1137
1619296166483071849 1131
1619296167483142537 1133
1619296168483116567 1130
1619296169483063438 1138
1619296170483120607 1146
1619296171483096993 1128
1619296172483108992 1136
1619296173483014500 1149
1619296174483064417 1145
1619296175483130817 1136
1619296176483131228 1153
1619296177483108301 1139
1619296178483050337 1144
1619296179483147232 1137
1619296180483101850 1135
1619296181483125467 1143
1619296182483030583 1143
1619296183483133399 1150
1619296184483131920 1148
1619296185483143457 1141
1619296186483104752 1141
1619296187483134129 1137
1619296188483127521 1160
1619296189483130648 1148
1619296190483155136 1140
1619296191483157526 1132
1619296192483092867 1145
1619296193483113798 1136
1619296194483141830 1148
1619296195483153227 1146
1619296196483122245 1137
1619296197483130364 1137
1619296198483164419 1140
1619296199483117772 1135
1619296200483088501 1142
1619296201483021998 1139
1619296202483137749 1149
1619296203483118055 1140
1619296204483130303 1126
1619296205483210961 1141
1619296206483136143 1138
1619296207483127186 1127
1619296208483117988 1143
1619296209483111612 1137
1619296210483133413 1129
1619296211483150253 1149
1619296212483140182 1136
1619296213483130954 1143
1619296214483111786 1139
1619296215483087129 1140
1619296216483161547 1140
1619296217483088539 1124
1619296218483099705 1126
1619296219483243737 1138
1619296220483126385 1139
