1654402013358763961 1.0
1654402014360106412 0.0
1654402015361359208 0.0
1654402016362611023 0.0
1654402017363864221 0.0
1654402018365138927 0.0
1654402019366404283 0.0
1654402020367660754 0.0
1654402021368905443 0.0
1654402022370144184 0.0
1654402023371384400 0.0
1654402024372629004 0.0
1654402025373876799 0.0
1654402026375124378 0.0
1654402027376373140 0.0
1654402028377622050 0.0
1654402029378846171 0.0
1654402030380124454 0.0
1654402031381345925 0.0
1654402032382587151 0.0
1654402033383829776 0.0
1654402034385058759 0.0
1654402035386302988 0.0
1654402036387545398 0.0
1654402037388786755 0.0
1654402038390027080 1.0
1654402039391180845 13.0
1654402040392494211 1.0
1654402041393739009 16.0
1654402042394986219 17.0
1654402043396298081 20.0
1654402044397485610 16.0
1654402045398732038 16.0
1654402046399247400 9.0
1654402047400257297 15.0
1654402048401514442 15.0
1654402049402717673 14.0
1654402050403970871 21.0
1654402051404309179 9.0
1654402052405448542 14.0
1654402053406740824 16.0
1654402054407993460 16.0
1654402055408285166 12.0
1654402056409538571 15.0
1654402057410793325 14.0
1654402058412133182 18.0
1654402059413391946 10.0
1654402060414650191 16.0
1654402061415825042 13.0
1654402062416247399 12.0
1654402063417490271 15.0
1654402064418745712 14.0
1654402065420001997 8.0
1654402066421268693 18.0
1654402067422512784 12.0
1654402068423767055 15.0
1654402069425020768 12.0
1654402070426266698 17.0
1654402071427531720 8.0
1654402072428790888 15.0
1654402073430044297 11.0
1654402074431224626 19.0
1654402075432236069 9.0
1654402076433481180 17.0
1654402077434735549 14.0
1654402078435981658 17.0
1654402079437238097 13.0
1654402080438482942 16.0
1654402081439738168 9.0
1654402082441002429 19.0
1654402083442263230 19.0
1654402084443509590 11.0
1654402085444774178 15.0
1654402086445878001 15.0
1654402087446083416 13.0
1654402088447231617 18.0
1654402089448165156 5.0
1654402090449343774 28.0
1654402091450493743 8.0
1654402092451662215 17.0
1654402093452801684 21.0
1654402094453956170 12.0
1654402095455217685 14.0
1654402096456470104 13.0
1654402097457721870 12.0
1654402098458939744 14.0
1654402099460089054 16.0
1654402100461330204 13.0
1654402101462578421 15.0
1654402102463838616 24.0
1654402103465087700 10.0
1654402104466295022 18.0
1654402105467539063 11.0
1654402106468248046 17.0
1654402107469437117 17.0
1654402108470691243 14.0
1654402109471940888 16.0
1654402110473197520 18.0
1654402111474439222 9.0
1654402112475676379 20.0
1654402113476210233 10.0
1654402114477434247 15.0
1654402115478685595 11.0
1654402116479942306 15.0
1654402117480360858 20.0
1654402118481620284 7.0
1654402119482749564 15.0
1654402120483950117 14.0
1654402121484181066 12.0
1654402122485372105 21.0
1654402123486564174 10.0
1654402124487681694 14.0
1654402125488267029 15.0
1654402126489463391 18.0
1654402127490606997 15.0
1654402128491413000 10.0
1654402129492678338 16.0
1654402130493937690 17.0
1654402131495191645 9.0
1654402132496455151 14.0
1654402133497751770 17.0
1654402134498957322 13.0
1654402135500211012 12.0
1654402136501459242 13.0
1654402137502725490 15.0
1654402138503983498 17.0
1654402139505236326 11.0
