1619296011021234063 4228
1619296012021247921 3309
1619296013021305406 2492
1619296014021240715 2837
1619296015021276634 3171
1619296016021324237 3458
1619296017021309875 3358
1619296018021287973 3805
1619296019021281853 3855
1619296020021289511 3991
1619296021021227150 3827
1619296022021278118 3793
1619296023021287997 4001
1619296024021369702 3902
1619296025021325388 3878
1619296026021299029 3912
1619296027021379060 3941
1619296028021303140 3909
1619296029021231064 3929
1619296030021256754 3945
1619296031021346800 4000
1619296032021344892 4024
1619296033021273075 4044
1619296034021318741 3861
1619296035021291242 3908
1619296036021277080 3927
1619296037021265423 3861
1619296038021266758 3832
1619296039021259617 3951
1619296040021254582 3800
1619296041021220706 3935
1619296042021347232 3837
1619296043021316516 3811
1619296044021312350 3844
1619296045021316524 3892
1619296046021250473 3767
1619296047021278449 3956
1619296048021210770 3879
1619296049021278739 3838
1619296050021327874 3845
1619296051021227120 3793
1619296052021308807 3728
1619296053021316184 3975
1619296054021297189 3859
1619296055021277637 3939
1619296056021279768 3775
1619296057021234876 3850
1619296058021268556 3919
1619296059021277886 3854
1619296060021289909 3976
1619296061021324165 3780
1619296062021335046 3820
1619296063021255771 3790
1619296064021313230 3752
1619296065021314175 3904
1619296066021277267 3862
1619296067021284153 3668
1619296068021254310 3793
1619296069021215908 3685
