1654660569455277355 6
1654660570456459376 17
1654660571457705486 16
1654660572458741564 13
1654660573459927023 18
1654660574461184380 19
1654660575461976060 8
1654660576462607555 15
1654660577463746597 19
1654660578464923543 9
1654660579466088739 16
1654660580466657357 14
1654660581467800057 13
1654660582468990774 11
1654660583470136722 16
1654660584470557197 15
1654660585471732788 15
1654660586472883836 14
1654660587474029997 23
1654660588474558208 15
1654660589475765898 18
1654660590476946231 13
1654660591478077836 19
1654660592478646357 9
1654660593479738740 21
1654660594480870900 19
1654660595481961845 7
1654660596482659613 22
1654660597483749723 14
1654660598484327729 8
1654660599485518470 12
1654660600486729740 25
1654660601487905108 13
1654660602489120963 17
1654660603490212461 16
1654660604491504424 12
1654660605492744068 15
1654660606493995108 18
1654660607494642392 13
1654660608495895628 14
1654660609497146954 13
1654660610498293075 21
1654660611499552032 15
1654660612500815837 21
1654660613502036805 13
1654660614503280368 13
1654660615504228712 9
1654660616505478268 16
1654660617506728342 13
1654660618507942798 16
1654660619508895697 27
1654660620510075095 24
1654660621511215250 12
1654660622512342845 22
1654660623513479764 30
1654660624514672987 23
1654660625515845241 11
1654660626516978308 5
1654660627517086489 15
1654660628518298375 18
1654660629518677850 19
1654660630519925846 12
1654660631521177385 11
1654660632522410086 13
1654660633522612373 25
1654660634523560421 15
1654660635524115767 16
1654660636525367682 16
1654660637526673734 16
1654660638527931700 18
1654660639529150718 17
1654660640530435120 18
1654660641531579459 14
1654660642532675017 16
1654660643533915060 11
1654660644535128498 21
1654660645536305464 16
1654660646537544408 14
1654660647538614889 13
1654660648539908822 30
1654660649541151310 25
1654660650542326492 20
1654660651543580912 11
1654660652544747655 20
1654660653546012535 15
1654660654547260325 14
1654660655548509600 21
1654660656549733299 24
1654660657550696084 14
