1654661010841057569 36
1654661011841644587 8
1654661012842817919 6
1654661013844056057 4
1654661014845295704 2
1654661015845580301 4
1654661016846797708 2
1654661017848046278 4
1654661018849280687 4
1654661019850526578 2
1654661020851814738 3
1654661021853040606 4
1654661022853579075 1
1654661023854598636 4
1654661024855843740 4
1654661025856632826 5
1654661026857689174 9
1654661027858926474 3
1654661028860172040 5
1654661029861434880 2
1654661030862674487 7
1654661031863922088 5
1654661032865176716 4
1654661033865501372 2
1654661034866746819 4
1654661035867992370 1
1654661036868857148 3
1654661037870134043 3
1654661038870274601 6
1654661039871526262 6
1654661040872620472 7
1654661041873866543 6
1654661042875088149 4
1654661043876323331 9
1654661044877556233 1
1654661045878800154 1
1654661046879964304 4
1654661047881201812 5
1654661048882439863 3
1654661049883675488 6
1654661050884919003 6
1654661051885602365 7
1654661052886769528 6
1654661053888011540 5
1654661054889246973 4
1654661055889508640 5
1654661056890760391 2
1654661057891934910 9
1654661058893199158 5
1654661059894454927 3
1654661060895697517 5
1654661061896937436 5
1654661062898184948 5
1654661063899281945 9
1654661064900521892 2
1654661065901788822 3
1654661066903032611 2
1654661067904284063 1
1654661068905527677 3
1654661069906777571 3
1654661070908028816 3
1654661071909274677 2
1654661072909574430 4
1654661073910658775 2
1654661074911903922 6
1654661075913152940 3
1654661076913632410 6
1654661077914835706 12
1654661078916079636 7
1654661079917183924 3
1654661080918343914 4
1654661081919619742 3
1654661082920867069 4
1654661084923337807 1
1654661085924572356 4
1654661086925824091 2
1654661087927042443 1
1654661088928292111 4
1654661089929417053 1
1654661090929668182 5
1654661091930849043 7
1654661092932032840 6
