151292660786318 87387620
151293471110624 134311650
151294052718713 33180148
151294322501429 49872941
151294951099704 13581981
151295675866485 46705465
151295965120798 80335989
151296763069549 58866353
151297007785541 42453332
151297236142976 28025931
151298202382149 40018352
151298427441843 22104299
151298703180288 59817203
151298923092654 17669178
151299155560002 29232525
151299479050790 89694284
151299991192093 22294411
151300743084944 20660385
151301597100237 28230942
151301843145022 39747368
151302524295761 32185415
151303409117156 29116063
151304153137616 100969218
151304771296877 29830418
151305000187422 19788444
151305267193139 37829214
151305846585292 23546844
151306061117708 12789641
151306684115495 31329112
151307572129029 42901304
151307802089601 24396738
151308024106099 11699504
151308253165736 20832922
151308475645172 19314021
151308694074027 12740431
151309741094617 46371461
151309967099598 22824973
151310189111438 12785989
151310862227335 32921511
151311088111949 22785027
151311385113117 57774749
151311605125540 14230757
151311829159764 16830027
151312056117020 21940890
151312968945135 42615215
151313216072904 23751102
151314150104474 65636600
151315147111343 34801006
151315359704410 12367031
151316316152170 62188994
151316566131772 44794416
151316785085259 18754000
151317029170862 35803181
151317822108291 43241628
151318083359323 34020420
151318680164441 23584396
151319456683191 35604386
151320346105365 32765330
151320593051753 29968964
151321517174269 144885428
151322412223905 43714433
151322630465355 16136424
151323316420016 32214579
151324372722488 92195533
151325071232392 31801654
151325936131491 37919560
151326545099881 27745581
151326764102313 18760812
151327628124191 25894085
151327857092462 22762114
151328455113629 27260170
151328680136245 17806635
151328949999484 38628425
151329582103082 36901686
151329852126606 42766449
151330577291068 111309169
151330848128839 18787494
151331063107457 14773439
151331616062581 13399661
151332245092853 35564418
151333139190451 13568747
151333363044548 16717210
151334248152983 12633082
151334468122607 17708564
151334692111244 22704819
151334907139121 13953956
151335182454414 27090236
151335964148029 33816443
151336734120510 17664441
151336996050765 37686044
151337260142953 19611611
151337483829961 21505296
151338403837902 31263141
151338624210784 19998320
151338875134295 37798825
151339467408893 41171600
151339783140514 100784194
151340030160254 30960183
151340702125766 38888971
151340974274952 39910012
151341790147826 46406952
151342026110202 31110958
151342270124591 35787496
151342555095957 63697899
151343228140608 12314033
151344214176972 33463400
151344461110449 24767949
151344678138896 14807054
151344981143444 39776090
151345206106679 17750767
151345466077852 31724398
151345990016692 36989681
151346216128033 25563658
151346482258830 42916557
151347217166730 47836385
151347467107787 35752524
151348418119997 107110169
151349312118235 46814615
151349615066264 23741971
151349845087899 17752084
151350457127180 55398125
151350751099170 86050072
151350973086112 17756815
151351201108456 26777412
151352148202246 92839666
151352385059997 22708196
151353340112467 76713775
151353580152929 33810259
151354327114025 20585477
151354551111814 23772385
151355458089459 48466423
151356231110359 20734847
151356835053279 18823889
151357082081347 44776197
151357692110573 26686736
151358574088870 45664472
151358788104847 10764881
151359026890650 29536855
151359269112261 28415772
151359524080482 26754653
151360293064767 29513400
151360557080539 43680893
151361330114862 50117169
151362174102911 51728088
151362398180489 23317167
151362657179818 44834605
151362886124117 19796550
151363150314356 21963359
151363406145816 41814872
151363622110370 13761538
151363863113808 24737470
151364099090729 13766360
151364325072389 20740941
151365296149921 40433617
151365521074632 23741758
151365746112727 24787798
151366366123978 29632344
151366939123369 20050744
151367726115973 36404187
151368263259686 13692173
151368487082651 22736896
151369470549490 33476436
151370307106569 22883720
151370546141331 28813102
151371309116769 44912940
151371546116610 28799214
151372381964298 97941182
151373067168125 56694685
151373882017615 21193353
151374161114651 60777919
151374885129776 28310013
151376043020260 44479523
151376986088016 61346724
151378040084212 11081387
151378309129509 32776287
151378540105051 22704867
151379218216623 29556408
151379465905280 26798431
151380165907987 28625487
151380381859977 12758089
151380656230550 55887186
151380890913852 25517701
151381570280106 39693928
151382585685658 32113028
151382808123642 21795936
151383046076708 25731805
151383286111825 37775711
151383524127770 33361888
151383747084174 19482648
151383989701343 30373011
151384995279948 39717168
151385726150898 90994418
151386462534374 38971103
151386716146269 52054968
151387620764285 78354305
151388301225483 39353902
151388533849321 22133592
151389503060210 18831676
151390479153506 40111948
151390782108773 64765462
151391368285860 68392886
151391889087657 31892585
151392485400405 35802342
151393519118203 67662358
151393772118253 51790343
151394016090505 30328588
151394987109564 90016566
151395966014919 33242988
151396681138843 79079716
151396942134679 36784215
151397873156869 70494512
151398090209729 16873686
151398980106233 35590720
151399200121837 13764893
151399420109241 19731943
151400287965720 67050948
151400503828296 13491854
151400762150358 27787258
151400985025623 18696141
151401217114299 18959457
151401506097493 49793947
151402168051634 29262419
151402393155854 12770347
151402622109242 21779326
151403689077983 22779961
151404509099967 40258809
151405541105025 16991473
151406609107019 29929200
151406880291165 36943687
151407123208595 21831363
151407351077992 18749367
151407583122319 21795423
151408604105146 33264498
151409081169323 18721398
151409309102452 21763667
151410251370007 20802815
151410498315001 29976814
151410746061691 34730112
151411264456002 17237800
151412062093261 17717653
151412289106463 21692669
151413113473817 47171360
151413633212919 47828697
151414380104652 35924336
151414610112276 27776353
151415154099718 31065279
151416079512934 91373952
151416328072709 43739781
151416557182429 28850394
151416815127626 49759617
151417322088094 13739551
151417590156796 54918391
151418478130853 49335068
151419602732045 100895061
151420429896683 42148817
151421179155355 31756687
151421404128542 19795837
151421658088454 46735943
151422294704733 42148429
151423036206281 26732824
151423273118352 31521472
151423488190188 14845753
151423752142373 45160510
151424373134367 20271179
151425238132094 35811743
151425863188600 49563533
151426560156860 77282902
151427168109634 23967737
151427400323003 27997232
151427638091911 19733860
151427898120848 42027854
151428160172221 40848135
151428930106894 20488399
151429506086882 38564433
151430122096536 32099499
151430757061653 34076410
151431608107684 45787818
151431845099666 10761428
151432601170420 38101775
151433598139773 53778616
151433832267881 21901232
151434148149458 72804993
151434381874033 23798427
151435384039849 48633928
151435607909449 15584302
151436638084307 58860794
151437136142598 14806988
151437860465281 39504578
151438081073444 14547644
151438819210968 34227073
151439796915578 17792729
151440403074861 28018736
151440658161876 35800458
151440891184904 30150022
151441107078450 14687051
151441363126495 40768947
151441579081657 15657443
151442435122776 18202743
151443225161155 30190607
151443444124884 15293640
151443666133828 15797854
151443883800551 16469487
151444820227135 34744179
151445327737897 47809935
151445566630640 30854405
151446177148236 28519849
151446415127098 27651571
151447340765730 11998922
151447568763706 26803658
151448366106910 15101647
151448582115956 13783102
151448803090694 18744669
151449383721606 35264765
151450260810084 30155009
151450982114741 62096573
151451777068188 28469413
151452407064274 29251254
151452636532656 23192845
151452856067826 17738068
151453409080053 33364669
151453621099597 10770098
151454576225083 36920418
151454798076033 17741426
151455057116838 36777008
151455502538616 12461587
151455781198588 52873965
151456002124874 19825556
151456230073520 15741709
151456484110526 40736998
151456701109857 13776467
151457537099853 50920061
151458164167757 23122265
151458462124883 72754467
151459467109987 74519203
151460407197187 73919153
151460649119639 27439445
151461461088621 69415313
151462141146849 51046968
151462893085902 51886424
151463912132933 69015095
151464143122433 22766543
151464361121731 17643870
151464573421874 11584295
151464809221867 24860092
151465428109464 34157804
151465676122677 34798934
151466333146625 38883906
151467122144634 18098743
151467669071498 29422886
151468657176360 38107314
151469753140546 55630074
151470636133480 59045335
151471123199516 26224548
151472170087678 27049111
151473104058100 28367525
151473698100729 30465135
151473984195773 51834938
151474228119570 40787320
151474490191008 34855682
151474988077269 14965207
151475702184085 89706535
151476498369932 119714834
151476732733861 16361606
151477222126561 26766191
151477494145130 45796650
151478284124929 104162823
151478875157861 54141948
151479811124574 29312581
151480042077674 21742452
151480277068508 26714648
151480513101993 35768854
151481284101551 13289507
151481549126766 46792017
151481809088983 17754665
151482035071786 19727901
151482298154135 36801512
151482523100031 15765042
151482740064594 14736591
151482957073008 11743270
151483179114827 17758494
151483455431623 39076299
151484013059698 44415892
151484239202791 22304363
151485108109144 16615263
151485350091627 34765845
151486168101060 99955592
151486380184125 10851019
151487006092187 17150111
151487297105903 77777286
151487526105879 26962273
151488477112222 61348843
151488707515649 28191919
151489554955990 23068511
151489777076897 19749613
151490449141220 12186350
151491052102417 20830449
151491329180886 52821447
151491963075917 30585431
151492811115749 38670360
151493644082031 27153024
151494482220794 20267962
151495123150375 26773411
151496003120240 84277847
151497042948918 54385732
151497260082816 16760479
151497870080700 49855519
151498111067572 39741482
151498333132832 20804711
151499190142158 114732495
151499445118323 48141901
151499885045914 26993415
151500135102040 18757298
151500374046586 17701661
151500593073983 17733477
151501322098440 85444407
151502132279359 49638347
151502386106649 22775838
151503394102862 65593589
151504333880714 49255480
151505168105485 41904813
151506052681434 35596046
151506715223729 18651955
151506982258268 34740218
151507208254963 16915491
151507440114068 25532056
151508380005031 21067050
151508614136969 26793398
151509708071643 32082703
151509959426076 28836916
151510699088858 35090491
151511486144615 34165318
151511728127249 20779457
151511953078261 17746726
151512197114913 31741503
151512448206405 30281364
151512662071943 12743651
151512888124789 20797024
151513145105689 38756970
151513370164663 19822251
151514141165975 36252840
151514359781433 15454494
151515185065214 139482549
151515408103247 22767785
151516292692352 33482652
151517261474857 88361859
151517481087937 16759355
151518344096524 20717708
151519257011759 32635192
151520170470076 46956314
151520403188491 31858114
151521047582588 21164842
151521264078351 15596976
151521525139232 41785673
151522258510323 54774122
151522782114268 15425541
151523006094494 18768664
151523973428607 30696551
151524227169103 27816840
151524450496204 16152904
151524706124055 53786258
151525473472060 31380847
151526418117228 41907878
151527200451853 34054490
151527835046598 26318285
151528047091017 11759632
151528836104030 22588843
151529629119841 32064238
151529851085774 14760602
151530112107453 29774263
151530354660240 19309779
151530858162462 29311114
151531625955540 15817208
151531863056914 16704173
151532106155132 31785351
151532326131027 12417418
151533054093049 13642539
151533644087521 21380284
151533870048073 20719358
151534089133143 17806313
151534308099151 13707346
151534531092684 22675442
151534778111167 23770949
151535546127605 40100049
151535779100269 22770852
151536004699851 16375838
151536862133601 42737955
151537080089084 14293517
151537749125606 119484321
151537993671261 16308661
151538219116432 14786793
151538441099882 12742684
151538722139980 43784977
151538953564689 20225303
151539212211318 34870870
151540027047400 46546906
151540248127613 14897285
151540522087221 53616347
151541359125863 61055411
151541607097864 28326016
151542116099513 13287140
151542336085051 15750786
151543064170582 13077485
151543291089515 18763702
151544245114384 20248498
151544466078577 19200233
151545301108146 14574190
151545896121263 13685110
151546148092925 29739407
151546423099215 48745369
151547388075438 76755711
151547624079889 31753008
151547894126200 31759781
151548849332474 54901147
151549306125099 28580788
151549589174206 45816369
151550236131029 28563661
151550471708487 13369029
151550727108664 46390814
151551538080442 21073264
151551798129752 34733777
151552304318190 20829063
151553072126746 27258904
151553848145191 50735568
151554578150097 36628560
151554846112353 40741766
151555069078973 20753786
151555769495948 59089193
151555997079365 24477768
151556944124237 59217536
151557172058025 25729297
151558035407137 43935875
151558256116598 18779375
151559065960863 23145899
151559288466466 17134944
151559569138921 51782315
151560300115397 30503579
151561288107688 91271816
151561527096659 34702495
151562522123967 47608228
151562753085961 15764365
151563019077100 38716692
151563780107421 39447331
151564769180600 17986358
151565501285816 160520827
151565770003643 34000633
151566007071985 35104812
151566272149119 40767005
151566530104062 36746513
151567037096176 14233886
151567314109142 46707825
151568224094620 45872738
151568474962443 21213236
151568720124763 35515070
151569519095165 29571957
151570234109403 27040890
151570850495003 30844657
151571749111604 30542305
151571972111718 20780913
151572804120842 28718356
151573824188660 39964103
151574065117051 18776530
151574723581137 38415045
151575075138964 30784690
151575951138313 36584335
151576603103259 48914846
151577623137771 34831490
151577913104804 17774553
151578712658578 59007498
151579386106795 39698915
151579647109601 43763510
151579895169933 17844221
151580155115702 34762969
151580372170850 11834021
151580590120077 16796585
151581210059598 28094470
151581434175258 14555868
151581649819528 15465818
151581905969397 37295715
151582168361074 30015133
151582395206840 21875822
151583259101360 21421879
151584166132332 53689163
151584385107511 13783300
151585078069722 37879022
151585877092609 14475269
151586096077172 15750256
151586684097198 31670323
151586965139842 38788848
151587648174179 60293134
151588257159889 28877499
151588501047473 30719256
151588806140639 30780223
151589254105101 22474176
151590085078178 39398976
151590727070389 24909438
151591516067520 20928600
