153397375040470 60609556
153398365071696 62358062
153399227125564 90902392
153400081077798 28386523
153400979084077 35562840
153401244084374 21711895
153402204097992 66234318
153402468053067 33694419
153403170041281 9915551
153404075042587 11667858
153405122544848 24143289
153405392372601 33983249
153406161124080 29227333
153406401073004 24741191
153407386056148 31196493
153407600437781 10112797
153408585095852 71555073
153409287164826 19371991
153409516083558 17384534
153410587166132 14784791
153410819039513 13708061
153411042064463 11733717
153411800129114 45489916
153412036088673 27302764
153412253433627 13024598
153412487135181 24766022
153413357134007 72928572
153414439135204 25651893
153415389406789 82977540
153415649541258 58567899
153415894120944 24708326
153416137143466 34318174
153416363092792 19769761
153417438101151 47067137
153417654094213 14731628
153418855093505 105166058
153419752064077 45717530
153420625377524 31118924
153420839069627 10743983
153421055064779 15737557
153421683084729 44426970
153421923079545 37811918
153422144426449 20679601
153422983831588 23103684
153423950350925 30417198
153425105099183 66935293
153425942144952 44092411
153426187345248 35982971
153426425053175 35731999
153426642091026 16755139
153426868099157 22767205
153427710065959 27769888
153427944095012 20762523
153429057068630 144167947
153429881109968 32377672
153430535282958 33778555
153430752083273 12749877
153430975069663 21811487
153431188603185 13265437
153431449076854 43724192
153432034051764 32093462
153433036125018 37038742
153433296142616 19917946
153433538313252 28957215
153434193077745 17775914
153434470138993 57795222
153434748124841 59459436
153435759174482 32707997
153435981132641 19812707
153436979167681 23684286
153437239101495 36750516
153437504080230 59341217
153437721173788 15844159
153437958064477 26725960
153438930158880 85290328
153439678076032 13465486
153439900077945 16751182
153440811033831 26492798
153441067089882 39729848
153441345110091 52762431
153441569079695 22753292
153441805087969 22678011
153442657084228 51932205
153442895098085 20709960
153443525055556 23529097
153443747745186 14414316
153444742117858 60215143
153445354130264 23240947
153446421810808 31338313
153446655052455 27732397
153446907127085 36711527
153447177271514 33123776
153447408123634 26170560
153447713069382 71662775
153447930081944 16739430
153448185189307 39698391
153449006082841 37706247
153449226715266 18602250
153449517452342 14695275
153449743918787 25577709
153450472066376 29205625
153450698100647 21767245
153450983066545 43706951
153451238746121 32393806
153451469797006 22465556
153451689114501 14770582
153452414518128 16178968
153453361130754 88921589
153453588107243 19762185
153454646083873 40179723
153455709041993 41746513
153456355074512 20404765
153456626337830 39965094
153456847049465 13715719
153457079047470 16266625
153457346387023 41020673
153458006005222 20993138
153458720339255 34797472
153459795059434 41632708
153460086116293 35916487
153460318052274 19725519
153460566096329 30746792
153460798052962 25727942
153461840206515 100166033
153462064629687 21307620
153462702054936 28335529
153462984090651 56738835
153463603068310 20545957
153463854125818 28790936
153464167705644 69799283
153464379108693 10777056
153465419167157 40811072
153465659548504 33861695
153465882665356 22326714
153466104073730 16202520
153467105111924 25649774
153467334099359 23874328
153467596108562 55800799
153468345078930 23521163
153469334101440 22117000
153469559098199 16754230
153470472954797 13565103
153471259188796 39665250
153471577093909 51549327
153471808073885 15717718
153472783233743 37387641
153473050078695 51488292
153473332069499 52587121
153473580939091 19575484
153474123236402 19067435
153474402142361 50810851
153475383070724 49979195
153475627972653 32381428
153476341059205 22752076
153476586068954 35748382
153477739786386 37257146
153478820074237 37526867
153479463002284 16490043
153480530710837 24005191
153480747050041 11566451
153481845065920 30628520
153482992929386 21835709
153483219031192 21997127
153483893095147 22265759
153484112645504 13321838
153484432150828 52792907
153484672512658 26694576
153485809355742 65789335
153486035070119 17736238
153486888059736 19547033
153487115047657 23730211
153488212461241 46985841
153489502585766 61466071
153489783083928 71410526
153490019081168 22680081
153490653065209 26233861
153491623100903 36279889
153491855106560 16764589
153492479091149 27055326
153492700232389 20794361
153492912403156 11076160
153493883070902 22546815
153494100055018 12719139
153494712128081 25932456
153495381091706 33533199
153496424092914 67341702
153496664035124 26258388
153496894116174 22792185
153497934992390 39728892
153498675048203 48077297
153498941116364 38928527
153499157150474 14825003
153499388071801 20709975
153499636375023 33350844
153499848048961 10723542
153500068009992 18754809
153500325114215 39767227
153500549093687 15767316
153501386085877 62607235
153501640109798 40202826
153501863045044 17718129
153502114047087 48714368
153502960054502 36224346
153503547067368 36049895
153504675078455 31023793
153504934086586 28727131
153505282108109 44754995
153505966086852 19465064
153506664066375 20895239
153506913069944 37772997
153507801067527 41884807
153508072125136 46765787
153508289069693 13745316
153508526067060 27731734
153509219900403 19417987
153510263622302 18513217
153510488060609 12735867
153510721082422 16714538
153511826014475 29694997
153512342065809 20894048
153513531097151 30425982
153513750178336 17859145
153513967061307 15705622
153514227107624 32725981
153515065093749 62513251
153515907107263 53561295
153516954143763 96069765
153517186065570 18735118
153517908105150 31958643
153518704069566 17659449
153519780057767 61912575
153520369213293 27825931
153520626088902 18725455
153521332986045 29122554
153521590108042 31945129
153521829056721 29296942
153522057130007 25801043
153522317062545 49527744
153522559063675 14729726
153522790052095 23733338
153523831080200 88578185
153524485131512 14799382
153524749097447 26763926
153525611046359 28527825
153526436136052 68134497
153526655328639 18005460
153526913050281 45852308
153527550104135 31589957
153528508088361 26236895
153529607048136 27679935
153530531079948 98597057
153530757063891 25736431
153531735091459 70563343
153532816099534 35136009
153533836512353 52945001
153534059046236 21723461
153534663220237 23904927
153535620043561 24687116
153536856049168 21928982
153537157237006 43871808
153537742047375 12579789
153537991106365 28349082
153538332063278 22271883
153539141285513 78517937
153539826084017 23266995
153540806029844 14575522
153541682059373 126847459
153542569112931 100336347
153542850109628 47746648
153543623133691 37191212
153544643106871 43894646
153544869126976 23798606
153545100100879 17760606
153545832083487 32343819
153546730792304 34358332
153546989118818 26758416
153547220082130 21048145
153548168126646 48730429
153548391090397 20757821
153549382149719 13994367
153550392044458 30728921
153550614186590 21851690
153550882192263 36814985
153551158852107 40513973
153551414063765 40710706
153551706009648 57661326
153552678810261 48428958
153552907041779 13707960
153553173168667 30816612
153554035327937 56376820
153554802099152 32692613
153555028068349 19747907
153555274060221 21707073
153556085051272 17261476
153556309088426 16323803
153557051137629 124023399
153557952069609 28181961
153558883537198 30573608
153559149589928 23239951
153560145095005 129881721
153560910067019 34310830
153561133045436 15834957
153561357111642 19236830
153561628275641 47923692
153561916115877 16748745
153562867139055 114151959
153563604133255 14741301
153563823054136 17399963
153564064054902 34730471
153564927195916 89311092
153565161132020 15786094
153565377051204 12722899
153565607085040 27761982
153565825033283 12699355
153566042029827 11691256
153566265064258 16738212
153567345625558 62037079
153567577672362 25346829
153567835130934 49802981
153568693056766 41697005
153568926159322 19811659
153569155057659 27706574
153570281351609 34860535
153570539085887 38267452
153571246078970 30853615
153571471994463 21636506
153572566078881 21381278
153573644091118 25929533
153573919389016 37029252
153574209594754 71641998
153575161620890 30064078
153575817057114 14708067
153576037049734 11704937
153576348119239 57747974
153576596481932 39723649
153577255102701 29532687
153578098119272 29593405
153578319053416 15670881
153578836090904 25013431
153579150116004 90894848
153579423204554 53524531
153579700108040 20781426
153580574092235 14645719
153581596087872 36975440
153582550087442 29208107
153582783235586 15912929
153583654387078 61022132
153584475061721 137359141
153584732299797 33949876
153584952121424 19384522
153585982056392 25464270
153586230921493 21567209
153587050981836 40459058
153587275112925 17789978
153588350121047 36475212
153588568098486 16768385
153588783068405 13900413
153589041513120 39076994
153590101971635 102153654
153590340095919 16771011
153590556049398 14728151
153590788066987 16730483
153591045149990 29805033
153591981076228 120441113
153592612085807 28459801
153592979373909 146015413
153593208292582 17921354
153593450076845 32754762
153594239063094 14747602
153594495095278 24736837
153595194075789 31250729
153596180059071 14800674
153596449104356 54769179
153596705264235 31850851
153597407113955 41004225
153598231098215 30019807
153598448930027 12585302
153598670067071 19608411
153598942071342 56738796
153599723209301 26286058
153599964063622 18735651
153600926689777 39036093
153601739099022 137514360
153602018105537 32742362
153602241966805 15275079
153603409141769 83626229
153604139051410 26821920
153605351187549 32233118
153606547480595 53417620
153606796742367 39341879
153607050118555 40722137
153607286123492 28761518
153607506107769 17664251
153607758174900 42731973
153608010262297 38822320
153609151820261 48162388
153609376279712 23927371
153609636256583 50796739
153609892980835 41577677
153610112188630 18808115
153610366132530 31590586
153611305088561 40364954
153611586867233 47517522
153611822065852 20743267
153612043181581 15848564
153612266077857 16351438
153612481039950 12711347
153613633719422 55989834
153613883085255 30757163
153614782118941 41386547
153615781102564 43913374
153616625056057 112933228
153617390073916 28634976
153618366133315 26916571
153618620123169 31796117
153619401070201 31297476
153620381064840 30196512
153621365064143 32318600
153621633181765 40834246
153622390069348 33573006
153622641096137 41390889
153622866834543 25492681
153623674090013 60469052
153624417280489 26174275
153624726551927 70198343
153625744085291 30318545
153625999965142 25620110
153627061218054 26707023
153627676047083 20509555
153627895174211 17847900
153628543088239 66195444
153629560143521 34178878
153629832077464 40725458
153630804089760 59996262
153631020079666 15635151
153631233069747 12725767
153631458367606 19034002
153631684623891 21283098
153631980792252 45435016
153632223148603 18049156
153632451065688 15739024
153632708009133 26595667
153632948045417 20481148
153633178863257 22526952
153633417517603 28187636
153633653068868 20369810
153633879110000 17778798
153634932132674 62807973
153635149040331 13712209
153635790146634 21144363
153636026158045 24668901
153636889102965 17552659
153637741056173 74990142
153637985623767 24411344
153638876061687 28823632
153639667076222 18869528
153639924104261 21750715
153640169060265 19704523
153640742134838 32661798
153641015062389 52111815
153641270073392 40735545
153642213115167 55901174
153643132181479 74669979
153643368884163 35357414
153643585085169 13755293
153643842186379 33848314
153644093327671 26993585
153644322058574 12730483
153645246108766 51556729
153645463097178 12755212
153646289034964 24882899
153647066075252 84778029
153647741058715 17447587
153648603098404 75866600
153648816919464 12613724
153649075611618 46172041
153650025993958 47436531
153650306361423 36759039
153650532101292 13642074
153650800123544 53753155
153651041048074 34539481
153651294802491 52478696
153651578136585 39781958
153652279090169 34597863
153653143067373 110132217
153653438171201 58812316
153653687065797 29731139
153653912054022 17723339
153654137063204 14675240
153655157052609 29443528
153655380063452 14737977
153656362079208 52621420
153656670961293 74579465
153657457052937 27176715
153658223659802 36511707
153659019191280 32907634
153659260074529 20543537
153660099968468 35566541
153660319937974 18595995
153661502600022 77483435
153662707940021 31451241
153663991236526 20425392
153664993949398 89256283
153665924104898 60873340
153666139104542 12781856
153666939110158 40370478
153667848268705 39067132
153668094074121 17720121
153669051141638 48559798
153669967086737 35434786
153670523062540 15874444
153670742790562 15920452
153671521302469 31115484
153672402108958 29063972
153672623166203 12434510
153673521077537 29260197
153673742290567 18965742
153674512143588 78370861
153674776209098 33852635
153674994044808 11717610
153675216068518 14714021
153675485899398 49492451
153675707091800 16756502
153675994137280 44781843
153677140027418 114630457
153677421371162 51034920
153678249115382 63241203
153679026130650 38724542
153679272166723 39308557
153680055204266 34056473
153680580083159 19227414
153680802068461 10740248
153681065081124 45715292
