153727008921997 80883529
153727468090325 15870483
153727986502524 22185910
153728217054193 16719192
153728446194859 17841371
153728656012501 9265219
153728976161707 12955812
153729208095994 24627147
153729621185608 16638736
153729838174170 15612596
153730414068108 20348137
153730629023653 13697920
153730862336595 23701646
153731074073724 10746354
153731284123173 9791017
153731613398222 48450665
153731830055739 15719280
153732228082830 17459791
153732449911891 21572167
153732723103506 57758549
153732935079652 11736801
153733201280374 46951417
153733416108070 12774709
153734198202524 27469893
153734879274983 31150494
153735135110817 21763314
153735883361645 83881950
153736846074035 25552318
153738032118799 24834181
153739399163513 52212151
153739616117787 14782197
153739844347098 18938611
153740118126113 40772666
153740337143672 17659787
153741393285084 45314782
153741696081995 51750480
153742919132214 38011006
153743933162752 113825624
153745006372616 110690907
153746042030637 85815141
153746268091306 25600691
153747327155945 66009907
153747551090814 17763513
153747835742023 48930344
153748645189254 29123427
153749502129873 93836703
153750486882044 33832727
153751445039979 34914517
153752141216285 24404701
153753406127719 141975905
153754257151309 39850714
153754976837217 68011788
153756186055365 28225098
153757461091809 35250683
153758465980503 101214026
153758684498873 18163331
153758906867835 21506435
153760142088492 64539620
153760364166720 12833152
153761299127464 44567085
153762423176693 49781464
153763121096495 14289471
153763387109972 29743899
153764481332283 113522966
153765519545558 39477307
153766614106206 144248248
153767671146910 60936415
153767897160670 20828889
153768983093616 15090590
153769231104003 38778962
153770306932799 35559604
153771206090602 26969613
153771420808001 12531225
153771741093142 92739410
153772792112067 38784889
153773035104250 39773682
153774171088093 62185843
153774397684539 19333897
153774674098196 38872573
153775622330855 65868343
153776914633675 164142463
153777988160833 20177933
153778229870656 33114826
153779737865132 22345158
153779990109552 19747202
153781072090474 39048742
153781868133092 20393672
153782120090934 24731132
153782392091523 42736428
153782611088261 12754532
153782833104487 17305344
153783095285063 43947143
153784053086438 16054629
153784359123018 77263944
153784700214525 47839834
153785731141664 70023492
153786642156667 23265626
153787802097725 30044822
153788976100130 23769482
153790100138799 40068358
153791226108713 65936612
153791453037891 25709559
153791707122209 22782508
153792597124142 33927680
153792878427911 49061724
153793772171470 33974625
153794974078424 34571878
153795571107120 32622005
153795784856187 11535619
153796501830572 36106555
153797430111494 165166449
153797676117745 22767880
153798971473700 137389765
153799184094231 9771769
153799588584436 187251208
153800559089830 38734208
153801443003507 43805654
153802423265534 112520245
153802638418783 12089005
153802885189295 40785839
153803127565331 22721770
153803900535812 33818054
153804675139045 21637367
153804922148900 25801461
153805800080937 38415131
153806079153327 45766445
153806970128068 32388866
153808083216984 107737323
153808342115592 27235107
153808568325949 25997093
153809501108124 27913059
153809818145465 35809127
153810958106246 37684698
153812089084654 64047726
153812309072644 17745385
153813227105300 21729702
153814177077694 14893893
153814409055647 10733494
153815331113664 24773395
153816195091861 14568760
153816441807224 23438810
153817292577531 17341612
153817620123656 46775756
153817918121486 53767153
153818147225046 20893169
153818409114376 38508848
153818707123257 41769381
153819944165668 46787691
153821365878381 81655108
153822296152224 58607855
153822554135410 32757293
153822765112253 10780172
153823998152120 84955756
153824221858441 20520737
153825394145600 67944453
153826386132320 145003508
153826624088199 25737435
153827649400652 18512421
153828707141248 82957229
153829005133588 61777890
153830152079371 62531401
153830371921854 19329451
153830588154846 9827859
153830817067611 17740630
153831089139687 48776559
153831964104673 23493379
153832652202860 26331900
153833580190006 41623055
153833844732748 42382775
153834592093593 20584145
153834814085313 17761588
153835036345559 17025756
153835252119560 14790018
153835545122820 45771740
153835849971048 65467985
153836070126804 15796435
153836339416708 47046663
153837380149628 56423957
153837652536287 37176330
153838747078097 82136451
153838971635181 23304404
153840282298740 58501147
153841096238027 40644611
153842454215103 35797631
153843151075602 32184373
153843429142516 65797788
153843655668944 17179654
153844455558799 29091583
153844673087754 14751203
153845853107627 34536474
153847222111539 59425008
153847976084989 27619478
153848724328008 28521647
153848997012734 57622357
153849262420106 23044829
153850142302290 40891165
153851212173154 73599005
153851985564262 11961572
153853243115976 41125644
153854471438114 50288185
153855657131464 69632188
153855870378122 12044869
153856092608377 21563788
153856353487006 36150373
153857438134099 127801444
153857694767664 24419617
153858558891698 38989431
153859555095915 24411110
153860683105105 13683438
153860902186236 16858445
153861196100662 68742994
153862267142951 68878808
153863320109228 63294940
153863552720133 14371755
153863771081122 17744549
153864850091230 24402943
153865087069335 12730705
153866019943062 54742256
153867381348453 24126484
153867604438452 20043838
153868552183992 204375180
153868797450710 21064771
153869994781607 24409611
153871266123234 48438061
153871565506514 81804477
153872591132472 46781284
153873413140453 16759588
153873678127608 27755435
153873935158372 20788738
153874875539153 32061471
153876009279031 71304830
153876733654879 27919420
153876958064491 16433441
153877173935817 13601168
153877437103688 34728707
153878274845632 32561874
153879809126852 34535489
153880839136165 55548364
153881063062805 14040879
153881346091205 46750431
153881625134142 49788229
153882774076898 39200583
153883026146401 18172819
153883244120891 10778714
153884004136757 31951183
153884286126771 56766916
153885312151727 52668197
153886350158131 58457004
153887286128019 79557502
153887556119914 42708446
153888793116558 68561743
153890179094649 19702355
153890474506791 51157347
153890717117476 19755565
153890940939653 19618556
153892021068811 38367434
153892268123401 19711562
153892506109781 26602715
153892732068318 12739060
153892971071130 24594519
153893252868694 65537193
153893465124270 10611975
153894534044806 15329367
153894790076805 25732745
153895015061285 14743042
153896619066638 47560179
153897725673738 37126891
153897939020692 8685730
153899043096350 23659434
153900169210016 61280768
153900966112882 32387039
153901774124115 29019349
153902035111020 35773524
153902291177393 48831918
153902515058467 13737449
153902791092245 36718215
153903061113913 24711846
153903329156463 41781371
153904692133692 58024949
153904907119348 12793100
153905176080443 47745320
153905416394259 30904508
153906198096570 24686534
153907379101852 35197286
153907619137757 26805865
153907931092218 42855363
153908151058911 11730511
153908383000213 14383982
153908640355863 48147237
153908907745242 55834588
153909124113532 15776192
153910273082361 37972519
153911307104420 20041172
153911520220870 11850112
153911778137266 26656501
153912674086262 28790095
153913654148872 93278502
153913916763955 25390660
153914742817563 66857931
153915932105641 18761073
153916715094879 19479784
153917725069977 28387997
153917943149228 15826446
153919153070308 30446359
153919409106058 36708674
153920592165418 129562338
153920843221644 27407442
153921817409744 44096073
153922647093421 36407597
153923658116786 63587715
153923917139147 21785552
153924473089939 14217564
153924806936865 89101131
153925073100907 24816221
153925300142483 19788088
153925536112800 32761889
153925772115933 30761382
153926848114401 38679658
153927181979820 22643452
153927406110949 15653305
153928559130348 27216485
153929696370155 41963713
153930914059873 54879549
153931903010773 218487833
153932922182283 21630238
153933833108376 15007414
153935193666763 40031951
153935442685880 34360372
153936591109471 38338886
153936885174689 49807960
153937160624577 43257712
153937935094231 16384514
153939054190528 23018247
153939353155539 40807213
153940283142278 36814269
153940579125091 48765864
153941709119319 69429038
153942942123613 34967518
153943209074711 27722249
153943509072010 74734765
153943775175086 35810056
153944013150369 23814926
153944226098779 11823607
153944494106472 48741619
153945628136051 95525681
153946635155575 29501835
153946914089028 63764675
153947154096316 20745523
153948057121371 123383379
153948315125419 25763321
153949289159314 81083574
153949592127364 40793368
153950316158830 26515896
153951480126437 37581338
153951699048686 17717613
153951914124774 14770183
153952170426647 27078379
153952461145998 46800755
153953564650835 79461434
153954794616022 43261059
153955018070594 16746798
153955247078461 16753734
153956432078511 33955040
153956645080798 12713922
153957725089962 28557305
153957947100707 13771938
153959255112092 161663830
153959485759351 24432846
153959755040722 36682654
153960020315034 17954529
153960748112255 37060739
153960972116155 11780270
153962140106816 23317602
153963333159988 27088768
153964599109953 14591297
153964823109373 14397393
153966102122827 26008596
153966379187590 32602824
153967137100800 24119049
153968204023029 152693149
153968448125142 31454307
153968682134609 26806065
153968899082489 11726897
153969134109933 26692676
153969354038904 17704216
153969574098500 13764226
153970305161960 39016111
153971312875751 10054733
153972423109873 92911058
153972687859261 26321388
153972904108897 10478750
153973143145797 22758092
153974001090156 28162433
153974216120932 10795105
153975149183066 41587416
153976359481294 42769991
153977268116528 133561227
153978503161017 31679013
153979333097770 22594977
153980450066976 34317646
153981574132928 64878523
153982599120813 144012633
153983399118308 44423820
153983616119657 15782492
153983922149360 73776677
153984161332101 14979911
153985445155279 135923289
153985659152682 11821403
153985910114371 28757906
153986167183079 30832330
153986383143941 10795627
153986636106393 42668251
153986893105530 35600992
153987121053847 16731051
153987394133853 31857040
153987690709662 39376745
153987921099563 12916928
153988872114691 45799433
153989959134686 59746076
153991083108137 49426815
153991944078242 24344480
153992209143744 45799272
153993112083217 31794704
153994312113220 62120927
153994525176039 12257101
153995515073230 24676829
153996611707460 131316193
153996862760659 42341339
153997866136008 56743695
153998102211164 33454341
153999250980900 79645985
153999483086989 27747077
154000527105583 34577892
154000744821098 10459388
154001952754091 28947725
154003249013717 20182424
154003530122053 40657766
154003933139351 91773479
154004152151419 14466041
154004374330163 14001634
154005537595231 22759088
154005756596674 16271256
154005983549670 19218861
154007159049283 34040248
154008166144199 54520050
154009115147174 47511198
154009331167052 13833236
154009548605435 13281272
154009765082565 12762130
154010035128646 35764787
154010317201715 22776227
154011435914850 65129906
154011676620321 21277223
154012794091208 33460346
154013891323877 21399093
154014146118061 22811935
154014400749056 25396924
154014624309687 11508027
154015019090359 146735499
154015794145985 38528466
154017007322888 50960963
154017223032338 15501864
154018587938588 104715241
154018833103793 24733913
154019963376894 61780048
154020891068277 25420774
154021118123318 19782041
154022270111520 32696704
154023464078582 39946842
154023745654677 62524792
154024881143913 51915422
