154077588585087 42599169
154077822619859 33720972
154078452411286 49932055
154078933991558 47324204
154079451259986 60850244
154079691594093 29260124
154080154346547 27765568
154080819184651 83424279
154081080316356 38090837
154081295512684 14317646
154081910133043 20618807
154082950112981 30915175
154083207942983 33795933
154083509709835 68458467
154083730138270 18944027
154084036270481 80821025
154084418416505 134001336
154084640120296 20877896
154084896210998 38004839
154085850213767 53613698
154086070067172 19540794
154086288457396 12887493
154086573125983 51908114
154087749944870 47630127
154088003153693 52967175
154089679140175 50743094
154089969406777 65895262
154090245352628 40156010
154091557501598 45314667
154092871239150 24117679
154094240650280 41762422
154095692981716 60725484
154096638261682 44119874
154096861688496 23026192
154098253558249 40936309
154099669639136 58916958
154101085209257 30187754
154102422236563 49745245
154103828257472 88909613
154104048055643 18849212
154105091389661 192051677
154105397317735 50072717
154105661619306 39468407
154106803267799 166830580
154108034162654 58172198
154109155017812 85354237
154110370559599 21188885
154110630358202 29161307
154110924222755 42990536
154111768269446 40390636
154113003683516 44369276
154114365179625 36045390
154114616118008 25884847
154114856254854 13121575
154115130728278 22005276
154116333321391 74574950
154116600124622 50777213
154116830136369 27946892
154117060091977 17913665
154117337229990 50951364
154117632120963 71930842
154118768803428 76440825
154120010740157 35861791
154121350293190 38423678
154122704705583 14453418
154122954363247 38180842
154123169546465 11393973
154123397319488 27059275
154124209210429 35565515
154124476290899 43082172
154125569945590 16533753
154125809543851 24212358
154126036114664 19980540
154126285547745 29308945
154127388582951 46327457
154128787126681 42722628
154129022322527 26177870
154129909430936 43877157
154131182169624 144073250
154131447351019 45996832
154132447168066 48567170
154133839318331 64160899
154134139393335 60179427
154135456579413 96951016
154135740512855 82063356
154137274745926 92272617
154138828135546 26575410
154140400944462 133891673
154142222369473 34599161
154143582455532 65574549
154143830830414 40128603
154144147178599 40949697
154145514154690 63526232
154145806223584 82005353
154146741108057 36097248
154148214185956 36981029
154149810815793 63223403
154151216522597 112545297
154152455463462 162560774
154152719405487 46700461
154152951120520 16944502
154153277058536 103674517
154154372181858 42186368
154155561643008 20049895
154157118571178 115842192
154157346127349 21917834
154157628236791 58588049
154159017407114 142530141
154160120188022 25896966
154160411236841 63985434
154161664161186 72254248
154161936053052 47802544
154162991564394 135412110
154164157043592 47698058
154165538929180 68309660
154166947366783 87126139
154167252799158 63977052
154168504138331 37613424
154170050098122 127438320
154171543659501 151827221
154171788186210 19964599
154172112566965 77380758
154173400103642 53802532
154173706403171 49183552
154174826419800 66952125
154175855821228 50274759
154177163311083 155507642
154177429103803 26907237
154177708322860 51239878
154178019189402 69958275
154179238626439 42257599
154179593664186 144781647
154179898990946 82763561
154180197744829 31989487
154180444163340 36989058
154181692128654 40099850
154181973633056 17429042
154182205139216 18289454
154183645396390 85544154
154183866398174 18208293
154184161273715 46995855
154185318017120 25336460
154186186484483 55801111
154187769257549 166154308
154188041783441 53010974
154189483518328 54761401
154190804204168 145156719
154191659098433 45088365
154191875339741 15583835
154192221235252 70025542
154192501229921 39927781
154194067582559 122927554
154194302918418 15541749
154194580095852 47911415
154194826121637 22652442
154195058539434 20051577
154196674121700 177318043
154196931158337 42018652
154197923280151 50623391
154198252223479 56934259
154198478545066 17672522
154198703164104 22987631
154198983530960 56303264
154199316611927 58340134
154200674622577 26121883
154201953157104 119648602
154202214049115 30701138
154203573716508 163967139
154203869236007 80049381
154204085894377 13720060
154205411282690 21835947
154206456495285 94876201
154207965710650 124357282
154209299604118 166432170
154209592284881 58028551
154209878671178 59923725
154210114225326 34012513
154210392442484 43236357
154210667043572 26812681
154211597898236 21375057
154213002119521 20680992
154213313548453 79453661
154213619389286 66759814
154214909328328 57318450
154216183395051 190423610
154217623653715 55272942
154217936297579 28099208
154219120947447 77085137
154219406242661 53970714
154219641130020 34218239
154219865296622 19108424
154220105148512 20735059
154220375182626 46959834
154220680226270 67909917
154220933451007 21704427
154221945160610 47537122
154223110716292 45188126
154223392453108 49209029
154223618198259 20020545
154224524254174 18002371
154225715216181 34155494
154227232751056 69404952
154228775110885 121239815
154229015742451 19185820
154230325121053 134503496
154231776457005 74517040
154232676873029 41885223
154232942275653 26075016
154234344104257 45317028
154235867803604 88451195
154236111423377 20242990
154237408605209 44830225
154237684228326 31885830
154238051216837 112991094
154238319360452 42148589
154238547152364 26629379
154238765106379 14920853
154240103030087 34012442
154241455159584 122708206
154241673147093 16934108
154241897246493 22028086
154242166019142 44828663
154243228651824 47807677
154244717252775 44864011
154245865462516 105005038
154246960140159 35881606
154248210702420 84670825
154249524705503 150329309
154250952820406 140251078
154251195285628 42092983
154252622270739 19796960
154252854323278 29197013
154254306122738 71286343
154255385360596 59114984
154257063175659 153856884
154258155028664 20694977
154258454222796 49029056
154259644201633 37188217
154261121177410 18808126
154262806162000 33969470
154264079291629 48236584
154264340245039 48996393
154265737212482 19842434
154266037214737 28000522
154267242130620 19892937
154267526386063 81197777
154269228212535 122148383
154269499661358 67896543
154269787096393 58894192
154270046437294 47558098
154271044008498 113144615
154272301648326 38288163
154272527488279 15594299
154273416607913 21991551
154273645282564 17108715
154273862309435 15078947
154274105274349 40067068
154275486255689 37291246
154275718150487 28543425
154275946461473 20282180
154277429294334 31402210
154277671179033 35909689
154279055292256 80816441
154279285422951 19204511
154279559222589 50023426
154279824826028 48161277
154280072371659 33992867
154280368532363 57706528
154280641096295 47894702
154281748136430 137850638
154281977154686 21475238
154283349222868 94809234
154284365299398 38665459
154284649214452 60371273
154285095318595 185064885
154286401214704 67473896
154287654241709 116698325
154287967280350 80037581
154289200199634 167749010
154289438048103 32899796
154290899283570 119744271
154292166209357 167297559
154292413108167 32955653
154293782766973 24303653
154294082181051 50936329
154295257320722 32667882
154295507281134 35093223
154296920036178 30817194
154297163529145 23924552
154298612338479 69946106
154298836112192 20937345
154299076452772 39276903
154299314817565 32598671
154300677371083 51997076
154300969110244 15928871
154302339457404 34485428
154303697129159 89908280
154305187384710 104815493
154305428541849 33346105
154305738916637 94715033
154305999203715 28012237
154307261756952 74062747
154308442277842 112613168
154309813244393 58757117
154310836165914 39025527
154311059646319 20433056
154311338335774 38222810
154311602148906 23946083
154312447052842 22401624
154312739654706 72345988
154313053223331 53998010
154313312134966 24835404
154313553152479 28679288
154313868171715 45922284
154315011839078 129540183
154316534330149 91111762
154316802266640 28999769
154317896153103 27918779
154319279137167 25635115
154319522055323 16860179
154319805227689 37927916
154320097351444 61136649
154320350169041 49934784
154320573010507 20823487
154321750136716 64361161
154322080055500 24845031
154323438275209 51263840
154323675374791 24194114
154325187204992 44538207
154325507008897 52795671
154325808391240 61204186
154327081108286 50512425
154328118351071 45487621
154329881129581 72373359
154330183027340 88903005
154331348178697 69381346
154332722194581 66374755
154332936447037 11242284
154333167305129 21075238
154333442275971 35070439
154334471278281 36421444
154335830092619 29437292
154337227120860 53201787
154337462885354 29696632
154337692833721 17115905
154337917139728 23934786
154338173337530 31121330
154339397243907 49704296
154339621322388 20143342
154339909770911 54056238
154341263483780 102780114
154341568321165 79073400
154341820204317 33022975
154342079141218 44907814
154342891185676 40668132
154343220765473 109534831
154344432171941 52138945
154345478199158 73801485
154346666159323 103284276
154346901203002 22018089
154347235114513 82922421
154347553956523 55700162
154347781191546 19007453
154349232442458 27183159
154350905316767 65358252
154352355247573 44593493
154352598106076 41917810
154352870049416 22859218
154354131010301 125109420
154354451928757 45483729
154355871163465 42698489
154357085122268 97510901
154358484332715 168354631
154358837546124 37336471
154360346198283 81808741
154361514276405 85791904
154361813229303 51023238
154362775549397 41704825
154363064263472 74942067
154364308551914 30270956
154365546673210 45327834
154365821259684 34785893
154367040951577 44748411
154368288275657 114945789
154369631223236 93366835
154370816199424 174358836
