156878878306138 57926130
156879151659021 60926401
156879763032639 35947687
156880923168229 36435881
156881213064742 34585164
156881499098882 51748960
156882673837906 83660934
156884111116352 86217709
156885491139747 86584366
156885705515863 12173717
156885923067195 15398192
156887175049953 44906964
156887395049814 19720795
156887650784091 38437758
156887923409483 41765543
156888664049640 47481667
156890164077263 277354270
156891171057032 30173734
156891416591164 42214877
156892742036612 21969943
156894055394823 15335317
156895266064022 37945732
156895510141954 41193544
156895774891956 62571636
156896006085683 29755049
156897195086004 116376560
156898350073227 81705817
156899662128374 53840955
156900899057191 102134559
156901161077856 19682606
156901411183710 41857685
156901634569053 15240555
156901874703689 38914749
156902122594376 38826795
156902384493256 40697007
156902641120256 42655802
156902880069455 34297774
156904326341288 80139754
156904548079056 13749331
156904798134303 35739730
156905920280200 26593365
156906218879012 69348042
156907489093820 83383562
156908584141637 35226844
156909896875142 139576520
156910136962906 28878442
156910406439748 50322809
156911629144184 64817124
156912891110902 83898351
156913963088850 22696806
156914210081003 27715738
156915359553632 190960793
156915581032582 18705117
156916710113920 125781527
156916968695349 27391799
156917785066799 51705483
156918008070543 20745726
156918244779318 30120387
156919632065353 43558847
156921003095962 25222542
156921221084170 15740775
156921488093066 26744052
156921828754209 35389849
156922798116303 162642719
156923896784845 19606574
156925293068037 38259995
156925508078370 14743182
156925733045251 14725791
156925964069962 17722284
156926189206649 17943872
156926422628420 22293479
156927608101876 28263551
156928837041078 61490783
156930052080855 16899645
156931324004980 57631508
156931580115910 45768865
156931841090071 45765671
156932118041520 43734553
156933381222972 124915340
156933598081378 13754332
156934837098358 52169782
156935114084767 35750950
156936504053624 74696942
156936765388636 33004609
156937045086757 53587129
156938225123809 76858566
156939652162308 55385925
156939890061199 25726568
156940112079045 12745359
156940378102435 45726440
156940634214595 31844044
156940856088282 18744831
156942113186406 19047443
156942943080724 41693981
156944204106894 38241095
156945589064460 32486282
156946856808395 43790830
156947073043345 14720407
156947299077183 19754749
156948014039852 37284549
156948242049131 17725600
156948522098527 39837338
156949393074608 38587531
156949726836216 42467004
156950746200866 17703720
156952155066284 37062261
156953422066230 52417005
156953731115985 61771339
156954806034211 47027430
156956075200994 35484409
156957361766370 26059849
156958440102619 84296179
156958686153437 20805868
156958905110422 13787000
156959204118474 68785040
156960232143525 27095752
156961574118955 52413833
156962896127587 35300644
156964254589019 176762564
156965727496266 104713199
156966752093221 76892880
156967015087471 35740187
156967254077970 16420374
156968873021238 191950907
156969199156758 62756794
156970471925049 134425632
156971276106534 65011251
156971495077596 18748474
156972794051661 40368269
156973020072644 13749554
156974334325349 31839979
156974582485563 22187384
156974917102688 97762973
156975200120921 50773928
156975445110056 23579879
156975691718333 31379242
156976001055416 53706033
156977089116489 44078690
156977353177523 42833396
156977579066632 13741618
156977827069750 37726130
156978979138340 55847657
156979340117885 142764581
156980363125850 12388511
156980608205508 44799557
156980837800144 28469980
156981102368804 39017387
156982305109265 99519597
156983532092796 144342776
156983802122782 35828618
156984823213086 57700046
156985936114179 46080454
156987252770250 137571050
156988245148291 133281256
156989315944852 34397195
156990360097408 46769473
156991267112358 41579194
156991556105918 43755775
156992561374880 41731406
156992861130988 65753421
156993263120500 116751904
156994487167062 151300485
156994718141286 16860830
156994935117603 15909155
156995190323001 54992369
156996480952719 41428118
156997994040857 42697659
156998804303559 33809301
157000071279758 29427243
157000379144901 68796232
157000680954288 49207310
157001966087258 68853092
157003284190891 45184873
157003532045165 45724195
157003887211705 54853864
157005127219456 53001386
157006217113331 83322076
157007496061987 94382482
157008441056924 42163595
157008777760722 112387514
157009086180443 54834193
157010170131622 50495117
157011168003298 46560515
157011479107297 109636007
157011782101374 66724470
157012017460494 25720207
157012231156393 12819757
157013283089572 56902649
157013556120381 42928540
157013780080077 17735940
157014034092226 32700535
157014292025989 27668957
157015538448494 91907860
157015752534587 13151748
157015970337852 15852126
157016235085837 44665704
157017301092409 27639200
157017537068748 25709106
157017817164392 44817659
157019135255437 66796966
157020080084742 40442199
157020320080667 13584375
157020539091468 14751500
157021525237170 25710283
157021825115550 26771832
157022987098919 155449795
157024069094845 49379776
157025423159968 180503088
157026644106427 137789574
157027580457498 38332524
157028824359270 56220413
157029135728949 51953302
157030231108903 40769633
157030573079200 45467093
157030859173813 50727105
157031093103144 20424911
157031975078997 23778186
157032885053531 44036153
157033988123052 47534796
157034234129213 12806510
157035649122896 48755292
157036987402128 41184965
157037249088758 26154966
157038400093885 47915312
157039412071778 23361099
157039712067080 54716187
157039961112005 37734635
157040947062290 104238540
157042018156438 26488950
157042910075923 39578103
157043138090558 16763199
157043361072287 14764799
157043601059913 24725206
157044799212900 58698031
157046016078509 53856398
157046250002626 21668960
157047104103980 26556961
157047390053639 41684725
157048507101587 94813719
157048721041345 11720270
157050174084853 27403081
157051418035418 34485337
157052717891857 80309935
157052937066938 18805539
157053155072705 16749503
157053400359098 35035559
157054651146605 32594049
157054925094267 39743247
157055817531755 19939381
157057193438742 134423973
157057408060286 12973967
157058502159196 38790549
157058742187028 22585124
157058968071728 17742963
157060177073597 39228817
157060939094361 15817032
157061277090895 126741840
157061555149240 50800036
157062493104913 105991871
157062764153006 25803918
157063655095383 21528281
157063946215967 35866884
157065138085531 45519775
157065403137685 44788597
157065632073630 23751870
157066436161924 45074323
157066705894885 53273712
157066965092336 41716422
157068380811124 96373780
157069715973595 14838622
157071057310701 22494470
157071284296816 21953016
157071584175595 69752390
157071879034614 63880782
157073142181129 96590522
157074161073587 53439572
157075062107780 41300885
157075281099544 18757112
157075558182115 40829315
157075866152105 62764229
157076979235080 63215994
157077209134980 18811204
157077428069195 18740160
157078557076847 85409845
157078810636707 29295536
157079941088004 43400612
157081336078913 39239828
157081582441141 40094671
157082909048396 80467879
157084314141474 42102555
157085202868588 43276645
157086423101484 42003101
157087667155293 33351519
157087947395739 58032639
157089300104408 37192193
157089518090577 17762416
157089732119691 13755879
157090029111749 47763025
157090304087732 49983563
157091527955432 61746882
157092693095092 64468087
157093727040897 28649343
157094133209335 191691356
157094428162827 50814811
157094654194109 20862511
157094873075107 16749738
157095096130579 18810842
157096366221265 39247164
157096635322175 37994438
157097973095994 159675526
157098888106922 26042516
157099115199865 20876118
157099368149760 45848991
157099667117825 54766879
157100543194877 14798720
157101522120589 83707150
157101811107314 46738202
157102038072269 18735324
157103303059934 54710860
157103524107831 18772979
157104847416085 41740164
157105065466279 12148274
157105292079752 14747541
157105515084191 18734077
157106844839839 30473466
157108069710615 39550070
157108350198520 32714146
157109572133383 74302371
157109808912067 14591239
157110039550704 18220996
157110288098011 27653146
157110584026760 27656934
157111921205778 25906801
157112157129459 15124927
157113379138982 24361809
157114762070502 90005152
157115467944167 26829611
157116859122944 51255809
157117133113671 29357776
157117386083479 25712403
157117677597514 51256454
157117915510642 35184488
157119336130398 52324743
157119562952913 23290482
157120931082903 64089263
157122178084445 47230308
157122439046285 19718744
157122664162049 10837813
157123596109716 48555197
157123867169480 38801347
157124767183123 44985466
157125573116193 36343255
157125845180196 45658820
157126150309890 55101755
157126391104783 26772039
157127608154759 28012299
157128630089989 92112273
157128916560824 55198821
157130161110744 73162727
157130386092913 14763423
157131614726700 41118050
157132919903819 106175280
157133152138116 21406233
157133454722295 64358835
157134569098263 139776780
157135747815995 45325081
157136043443698 46868515
157136338533949 61182038
157137534083274 65100722
157137757036550 12714704
157139144115859 36545617
157140384057873 23501910
157141801072808 107303616
157143084103886 54607872
157144332137292 83439189
157145735126570 34097660
157145992457499 16119282
157146214074909 13748225
157147462112866 40281926
157148624090072 51217876
157148902078449 14757938
157149243109697 126248372
157149509092682 45739023
157150553098489 57963248
157150834090990 41741118
157151057070868 13729176
157152148114824 97703866
157152416086449 40562559
157152635752201 18493027
157153479090241 35502877
157154991072528 38870504
157156353430759 81279711
157156635054746 49715364
157157878421751 52254186
157158183107563 75751682
157159504106090 28574099
157159717187531 12835944
157160906094107 79409690
157161130098961 14773310
157162302071416 27196609
157162567119562 28757629
157162849050188 23699169
157163975113190 52468900
157164309116484 27396629
