157585957296430 220960958
157586224204450 17842567
157586448071152 21711318
157586679698484 22645306
157586892273451 12141602
157587871108520 32627141
157588208551521 43657859
157588991068639 33602963
157589849270625 35282983
157591063061479 36950123
157591291130208 18806849
157591586113703 57762942
157591868101894 39745947
157592925114012 132265887
157593859492827 27740537
157594121080426 42740120
157594419952134 54620538
157595806112270 110881584
157596018866419 12527835
157597420064863 45700387
157598620210997 102902311
157598854711954 17383747
157600144097687 28999299
157600475596027 66896801
157600779101224 75014224
157601840099773 48935197
157602109151078 51526649
157603087062244 122015097
157603384687068 70210264
157603602107235 12774350
157603872104825 30706266
157604151071150 52725030
157604380071610 17741729
157604604099946 14766873
157604880151164 38785851
157605158123637 43788489
157605373443007 11747818
157606599068306 19405145
157607811067675 38204539
157608028130814 14796614
157608838220272 16676266
157610008134276 73921175
157610903105452 45562221
157612136104631 35395005
157613339133792 85646912
157613560098148 18766348
157613773125361 11790008
157615109333422 40241623
157615948122670 30960931
157616180274763 31709007
157617461235587 24493891
157617744065650 39661169
157618989119104 55779998
157619267402505 54033971
157619497111387 13744957
157620981015947 41980439
157621237133031 53787821
157622357561844 21895317
157623458055399 79873775
157624600210533 149414073
157624875153626 39790980
157625096062059 13542765
157625337092884 24293781
157626828592649 104566058
157627042099743 12750594
157627263044783 20711896
157628395130317 39597272
157628663110834 34685433
157628956111462 52755596
157630082108620 23713586
157630331104081 48765750
157630545059109 13721292
157630770051817 17714201
157631050104231 46739405
157631332136193 49768312
157632273149958 152313736
157632567132500 47771015
157633741810010 68230171
157634003142532 39457184
157634266126803 54764117
157635476945585 19564937
157635760121456 48775389
157636976415373 106779099
157637832288772 38543950
157638097107137 23745372
157639225190093 55630594
157639526122636 48402261
157639746117872 12914751
157641055069207 44293546
157642241127916 118577188
157642475107198 17770181
157642709059308 23718252
157644085104352 152684469
157645517599353 125647079
157645765093154 19760354
157646067168987 70836178
157646354498115 58001109
157647237142106 42840373
157648485371329 28156145
157649821179391 15779617
157650231477153 116119858
157651393100178 163900881
157651659038947 29657877
157651895333503 32015412
157652222123825 64790112
157652515136100 53784917
157653302339199 27787742
157653529170478 17801350
157654829117090 45332033
157655097005498 50984332
157655383160840 56593842
157655614069540 17727484
157655912086318 45716548
157656210113063 56727720
157656443057428 20700801
157656666114754 14755629
157657821099834 28131329
157658983139683 33699546
157659255093865 70714310
157659545130254 60777552
157660359347544 18261720
157660583256585 16923574
157660801146583 16830698
157661023160082 20924192
157661312676603 52319767
157662267232204 21698573
157662494077520 13742062
157663681069796 68301924
157663970081380 44724322
157664221170798 26897805
157665555194250 90568946
157665781079968 12734764
157666051117240 54765017
157667309287442 170472580
157667589165286 44794453
157668733108969 84784123
157668958090555 20968734
157669178125292 17784793
157670366550522 64662239
157671242163202 159067791
157671578168311 21786947
157671827114730 31774632
157672084082698 24718323
157673132267907 40598177
157674387094475 146507201
157675246093497 41996177
157675531140005 40782651
157676544044653 35178121
157676843327603 55002524
157678075754076 30475822
157678326220674 34888300
157679856149595 82727288
157681132127238 57541189
157682203285546 76148970
157682566115353 43924222
157683470047025 153959963
157683744163954 38798374
157684832272673 102804707
157685174135261 51782608
157686518141379 79569563
157688100206501 58163546
157688318610918 15450388
157688649638768 95276021
157688971544158 52371370
157689193018980 19651956
157689410107499 14777078
157689678231030 39949114
157690688111928 74889153
157690909089176 16757021
157692282152080 86047228
157693305388297 109060004
157694561131684 50550774
157694824122773 36528898
157695162137124 113799155
157696137325721 36681896
157696422394528 51031663
157697389680175 120518102
157697683153343 49787456
157698413100612 25400112
157699519121932 77556166
157699746996825 26635932
157701015104612 26379935
157701234117967 16788305
157702467506413 24033539
157703242082379 30069699
157704488176251 36494378
157704718106008 27705945
157704945151037 25811892
157706293144123 72016977
157706523088368 29747120
157706754907229 31551018
157706983268191 25931255
157707778089199 26104502
157709001666698 45008149
157709314172583 87822220
157710452339536 74775062
157710766145509 77766150
157711784227448 69599047
157712077871967 91374758
157713187147726 50617795
157713456422020 51718030
157713688136054 29779901
157713914092936 23763495
157714137078279 18751464
157714379111419 38781832
157715544139857 129004040
157716620132293 53251841
157716833267951 11935343
157717961215727 28643648
157718268354676 75016814
157718515113957 14763188
157718761466481 35132904
157719050098086 59743489
157719347136805 60750627
157719595155055 22822779
157719852687581 35979736
157721219081225 40154464
157721455722427 27391246
157722558049399 138593002
157723868119368 78955858
157725179229209 90579117
157725400102301 18768632
157726574064412 54257363
157727941083919 69012810
157728762594417 31920943
157729000148391 34801016
157729831646827 26064476
157731135096761 44875128
157731363992151 17663494
157732557075766 36396462
157733598170947 62667289
157733845122118 28598245
157734072366468 25041176
157735360333834 86531994
157735607099169 24767013
157735955129610 50285507
157736189229616 23870650
157737651118851 159037044
157737877112085 14782774
157738920135882 53179267
157739159087633 38385020
157739385094633 21730207
157739763761933 155427883
157740052207165 80385050
157740304409894 17756151
157740661108211 119762820
157740923102281 28739572
157742154111027 73423911
157743105855823 41874763
157743350202025 28855339
157744662090763 42061426
157745590114645 47945512
157745808772330 16445244
157746035088424 24083192
157747424836264 89049117
157748498362113 39022652
157749445459991 48496339
157750750103684 34190500
157752166125025 40122053
157753197096146 35058445
157753507086571 27077466
157754897126645 74398652
157756352187584 23003276
157757482128611 125717134
157757754668105 56841697
157757994057725 20726585
157759183136757 26920921
157760431172719 41092186
157761526128098 47321167
157762661149517 88610674
157763452847825 41348806
157764726143938 33512337
157765047122651 51750456
157765900511084 28487313
157767055092295 17581573
157767928066196 31080615
157768153650367 24319472
157769624098987 34266930
157769927119002 53700641
157770188042042 20690376
157771135151102 84431429
157771447135527 61059108
157771681066025 20743933
157771899149733 13788491
157773118090865 21930556
157774388816527 60322693
157774616120376 17775836
157774949997543 52667101
157776071217384 57337337
157777154354695 67061999
157778250552696 81259295
157779399105187 49575565
157779728130430 97777285
157780688014089 40076314
157781030028385 133691188
157782234095948 129239611
157782550139375 66658818
157783633107382 50576434
157784000562299 104864090
157784228161478 21829467
157785340103205 25093207
157786631268038 120663104
157787827135852 91048978
157789127118123 70390576
157789983077483 40016470
157790952095303 55126728
157792178083199 127627494
157793447424626 83512093
157793707087332 37740237
157793921996814 14536762
157794262124228 121785943
157795279068450 17183210
157795558632030 68170354
157795922128044 126053466
157796143084736 18746033
157796448181302 76815907
157796740101839 61748099
157797692858938 25981087
157799117081910 35555175
157799387157880 29758214
157799671143709 64927091
157800601119433 20607294
157800851606382 20216049
157801140082903 62750404
157801968144667 27919672
157802265126416 52752489
157802547365869 66464216
157803842820688 56279651
157804827047584 28862625
157805087176947 29812031
157805428689629 101236595
157805664131589 28785241
157806916766635 82971225
157807130062587 11718942
157807364087749 25754429
157808220051992 21041866
157809395129723 35363684
157809655066562 51753985
157810450836403 27645102
157811714340252 27111802
157812943486215 27346749
157814301434628 23278159
157814526091371 23486549
157814821138114 49779261
157815095144702 44440659
157815320739449 24413044
157815622385316 45026056
157816722009305 49731707
157817029107015 78776774
157817320198305 61783283
157817540078204 17749551
157818835116013 50298767
157819055065698 19717754
157819985102086 86902282
157821297117633 165562414
157822261129755 24266268
157823670196868 112314377
157823892080563 15735514
157825151107122 44004071
157825387081737 20740654
157826100092872 25453697
157826334570626 28241275
157827585049708 41195259
157827894152175 52792045
157828178105576 47591706
157829652130066 95599302
157829886158009 21829917
157831074087778 34063286
157831304136630 28808239
157832198049246 42810590
157832443083689 23779232
157832742142180 66773422
157833944299666 47561067
157834277184561 55748970
157834566318814 52959454
157834805073280 23741579
157835103333037 48967403
157835396118064 70691854
157836233653796 44947589
157836482101239 37429371
157837863144739 49536865
157838101083390 26736759
157838867808178 24267239
157839099650013 27041244
157839336085030 13540966
157840740106488 44023284
157842037129132 32003330
157843277394021 48009250
157844267117996 136173927
157844555957746 49596978
157845989848528 54495024
157847341665710 38680637
157847562055389 14619847
157849149109219 137204883
157850532238037 135345282
157850748109510 15491399
157851998283078 48665573
157852222182822 20857401
157853586077516 40089589
157853812088140 22526113
157854123110975 96764169
157855205230403 17757394
157856684238771 72245771
157856944103690 33738434
157857173986217 11651169
157857415116340 27764083
