158261698052392 62783447
158262433994970 22477681
158262729761008 65407977
158262946091606 14760465
158263681153709 109190162
158263898126745 14805342
158264119496106 20128647
158264815147269 20810285
158265078216149 35855762
158265648087179 15496991
158265903915531 22429590
158266148443398 36703096
158266946129508 18971144
158267161125656 12790947
158267480586860 49234336
158267786121508 61555287
158268029612905 42774578
158269228007446 39697718
158269450334703 20995755
158270778778917 50059743
158271074129622 72502647
158271360111762 49737343
158271659802460 68094629
158271884506011 22174652
158272109071955 22728989
158273401867348 61182722
158274625114690 44030565
158275833142238 144989515
158277247207756 127479730
158278613151017 122854212
158280034142574 108712349
158280314155049 44793619
158280554139865 28336294
158280795741152 41392255
158281108079868 39944259
158281351104631 22908646
158282706122254 85964239
158282949998783 41673594
158284475129837 19696180
158284714199892 36868394
158285030081996 82303360
158285276629712 34238375
158285515989704 31191878
158287216583147 147054841
158287436099029 15900666
158287718395520 56869702
158288850501867 34730240
158289080103934 24755389
158290510085273 40485625
158291380496716 51307523
158291606141653 20810283
158291928433260 42646840
158292189117201 46229190
158293652170075 149231239
158295109110027 77285438
158296471118723 76342808
158297568205075 131822332
158297872108137 31745175
158298110058180 24736761
158299361264224 75086912
158299635114682 38753289
158300692377814 52863145
158301086084683 122737978
158301404112444 57906949
158301627170866 18879489
158302919259405 33310095
158304470016643 59754724
158305964132712 33539146
158306864081183 44882226
158307077105370 10776804
158308115155189 199159513
158308400154041 56796009
158309822162896 88258067
158310921109744 147568786
158312016117857 27022129
158312930102919 58034632
158313884816720 25882533
158315296225830 38721518
158316708537306 81338359
158316930200262 12868492
158318162131380 61800182
158319327112710 140281985
158320286055528 29248241
158321728116068 16731210
158323058149716 28273149
158324652146101 53019980
158326053599931 45409884
158327506954858 31993382
158327767074546 42744573
158327993091529 16652151
158328256125571 39748254
158329441403562 22396209
158330787133279 165924763
158331592101677 40534466
158331866109254 31758420
158332114089362 31743679
158332378317046 57623246
158333174069570 35090086
158334622096184 52788855
158334868350785 23009161
158336340351324 41412220
158337772083952 40503135
158337994101728 15630850
158339184113890 85622484
158339549079658 88723020
158341122408556 139445465
158342484842240 96746507
158343418144717 27919920
158344577083551 60519269
158344806115142 25255413
158345730628244 65063874
158347389042030 77821832
158347622590450 32258530
158348998271061 37227636
158350454153342 71967624
158350703664068 29331547
158352112140579 96721399
158352345081095 18319233
158352588263849 25941477
158353645151617 204942492
158353955118728 68760089
158354185096961 19771777
158355441162775 80872945
158355668081649 21748388
158356651289445 16771635
158357955910796 17883270
158358177617557 13289583
158359506551851 34402091
158359763188016 46842389
158360946112373 25272373
158361270741608 77372518
158362256109836 50159591
158363096124620 41621510
158363428150629 111819755
158364642133595 56237664
158366022109090 175320227
158366310440349 78109591
158367510151538 55544348
158367918749951 82292315
158368140350582 14016860
158369570011274 97481809
158370917133637 85932776
158372059317617 80753153
158372310692864 17243546
158372582051941 16705963
158373445209731 25813770
158373668123791 14785637
158375120086437 42418641
158376405129071 114038226
158377812019582 30690668
158378089844981 43637670
158378345120346 34678661
158378669200111 59831280
158378968692693 44176192
158379290130807 88791592
158379517167108 13828216
158379734123176 14786817
158380952106326 46423755
158381343107689 30752033
158382203178936 18685899
158383431143331 49475170
158383747438703 91071232
158384037076973 45149099
158384326135820 38578130
158384556185837 15837663
158385931124368 59234994
158386174173581 26436796
158386397131152 21802902
158387938115409 71736468
158388800214469 25826904
158389965130453 64082775
158390269123883 53765652
158391319120565 85037110
158391608407291 80057193
158391832148582 22816946
158393035188177 18953195
158393248062573 11743426
158393475074705 26729908
158393706131700 29806926
158393927119317 18790737
158394148137053 15805414
158394447108666 57755625
158395737652538 95891927
158397221182159 24601852
158398573322048 176375136
158398874149323 37611907
158400108142545 216009087
158401173086491 28746276
158401563100017 58745303
158401822265197 27919732
158402820135435 24224486
158404116129254 32595189
158405012103972 76713247
158405414180332 56811285
158405691174773 52383379
158406848420281 32842748
158407115144961 47634943
158407353111988 35359375
158407634136176 55463423
158408695105858 61527815
158408923074905 20368819
158409196145979 51761201
158410363110193 50578485
158410663234100 47880941
158410882080761 17737715
158412262093020 27638631
158412546095234 17370576
158412866145950 34786945
158414138022040 51317940
158415201140832 72705814
158415483222798 54837159
158415722124888 20801777
158415940559297 15524217
158416184740996 27416119
158417427096795 43690240
158417700115621 34785059
158418850107388 39985207
158419186063754 99768563
158420412114713 24150315
158420693145918 58793296
158422102110497 31595920
158422390413492 28020561
158422614111596 20780439
158422847940605 31612293
158424143117366 17272401
158424463173274 77117505
158425592138007 40905337
158426901125231 94137854
158427735168721 16000883
158429105150588 21259324
158430524093473 63171087
158431929115918 45300883
158433178082592 46868227
158434183091623 51069598
158434443068185 28714860
158435736124540 42967382
158436920125270 56579030
158438011238892 19209279
158439475178945 77745867
158440886131215 73747898
158441116129467 16783591
158442341397991 48179312
158443698488668 148630353
158445027192234 80862825
158446206122964 30673952
158447250103650 59010562
158448662094595 45321473
158449784157002 51779403
158450046145028 30768487
158450280382190 34044367
158450534138256 52805247
158451690089265 60896187
158453058110393 52793516
158454456652573 49856001
158455630276845 54713490
158455931436664 65390926
158457271130156 115904976
158457524092646 22578890
158457826105748 57815988
158459107504565 105685831
158459444143021 129796266
158459709130719 52743037
158460020297299 79390594
158460247071258 25743652
158460464143098 14809500
158461639121278 48075265
158463136100979 27145080
158463435871172 45509336
158464614135808 33122781
158464993163157 127144687
158465324013740 59664561
158465572173731 42204729
158466538924769 92199467
158466802821443 44800144
158467044532781 36539137
158467344566723 74235732
158467631147504 51147788
158467881377091 31477582
158468174321565 66343398
158469386198913 14667463
158469608125783 16330397
158471114122123 18370410
158472134150360 66252728
158473334867048 84006755
158474346100805 20825639
158474596140687 25779557
158474833140875 29767058
158475156069757 42753025
158475500813700 100469051
158476741178476 34454985
158476975149019 17814019
158477211133708 28794094
158478612477102 60150826
158478870090612 14764153
158480343196192 39724715
158480709170442 46630306
158480989042065 27651468
158482167520382 92677052
158483392995389 27434405
158483664138735 46248739
158483879123274 11788051
158484218195608 111854249
158485535170467 154809424
158486900174933 131505793
158488098160771 55598363
158488375093690 31740796
158488623108639 46729513
158488914152571 49681735
158489189206032 53801468
158490504628716 53614146
158491430113476 26183653
158491648127606 16792472
158491901870445 43471028
158492203181489 49569490
158492424878475 14520468
158493687169758 20679477
158495217100397 27361034
158496246134348 93117975
158497326159477 20639995
158498273065418 26896671
158499516297005 24346492
158500639121842 45554131
158501802093249 55661645
158502935154949 119359550
158503184145842 23250009
158503961349321 41648187
158505435113597 67082514
158505654074335 14751093
158505922185344 36688419
158506236158175 35801192
158506478043375 31704423
158506715120380 33620197
158508148748673 21642205
158508449192745 50644994
158508763106538 68743759
158509038117680 24823735
158509256130931 13487413
158509495130529 27397577
158509819146590 76162480
158510106134027 77077317
158510354220037 10883330
158510581136920 21804929
158510840107378 24693762
158511949131459 36379682
158512230150114 53783827
158513346895165 15454251
158513598128826 29756356
158513877149318 27794368
158514102119996 12792423
158514357145358 36478605
158515570135983 41780462
158517109394335 32245121
158518714128141 27144223
158518985149145 20760312
158520598078898 38605194
158522164120766 62741646
158523567126028 51634348
158524955098021 48240400
158525185125925 23774237
158525424095827 26756597
158526896084547 130245634
158527151948981 26826087
158527430081839 40960823
158527739369606 70033879
158528621919377 51524592
158530183110875 77233584
158531577398372 30837629
158532998418710 37181068
158533220020884 19687625
158533441095472 17761240
158533660136459 15806989
158535020131940 28692331
158536565348409 54781475
158537912105858 58518123
158538181110766 44703778
158539711165394 151812414
158539982140417 23579011
158540823080158 34177081
158541041137483 16809798
158541260132747 17783380
158542523390563 26574942
158542753164538 28831027
158544167467287 26044039
158545212223063 94237388
158545489551497 40200757
158545721112096 17581444
158546020524720 45172205
158547040163604 48687411
158548568104815 42593010
158550144056245 57666557
