159651700241410 27770238
159652540037481 15519570
159653502289310 45439510
159653728216994 25498751
159653956673490 26493746
159654641951267 34573164
159655343405471 37140866
159656154494556 18168748
159657243270468 40988564
159657475878269 31428957
159658802289583 86153746
159659019612796 15422090
159660026198035 117340797
159660422203822 49956259
159661902208835 119539132
159663201594756 59206831
159665117394911 76601411
159665385472206 63129659
159666864680312 151642282
159668810560128 81153550
159669150919000 74610637
159670396251917 57889248
159670737182090 117919544
159672232221052 82622280
159674041287892 204652534
159674288055372 45870042
159674580139826 70940041
159675010093671 99225167
159675275526014 31294178
159677196227871 58282243
159677464880355 15262026
159677701097131 35881051
159679648643650 79381197
159679870429656 16180953
159681471179290 33757890
159681702192569 20000381
159683415918178 85335620
159685190326303 157746521
159685437396292 27187784
159687416937393 132207679
159687719410510 68057842
159689649899913 163660919
159689926848573 44644364
159690198887678 33549822
159691653585836 61821127
159693374261559 82438966
159694615281500 136818093
159694874304010 35074785
159695155160919 55938448
159696952274003 62785044
159697187209420 34032786
159699036887918 120057538
159699276351239 17296446
159701053216320 63014016
159701271260395 16068653
159702976213277 46156651
159704863294864 40898880
159705121259717 31075972
159705437115343 66895986
159706880126231 55007701
159707229713516 78489782
159709075202688 67745913
159709394256687 64033135
159711022322345 62920897
159711339152199 68376313
159713158237493 179615635
159715036277158 152607806
159715362141575 67548589
159717266052135 55684352
159717529402945 43915901
159719243116721 69626115
159719469095180 23920002
159721293236228 55040133
159721508778509 13564214
159721801614545 71421902
159723616385170 80863824
159725461045166 52717251
159725767353990 36128652
159727524049426 21639566
159727784744135 48066939
159728124640877 92167410
159728412183688 55936706
159728715113861 58947916
159728960314107 23035967
159730622230429 118641758
159732310525189 139958344
159734110922646 203162686
159735934175319 143681259
159737440321197 42234801
159739152289763 57015229
159739427320874 26049529
159740635097230 26702709
159740859382011 18209277
159742597419011 73502846
159742825195193 25996282
159744554053039 31322939
159746274260294 33786134
159747842307925 187717052
159749181761331 45964469
159750916550643 63633448
159751213252952 69013587
159751647903662 156668567
159753050848477 63216580
159754489790827 152198886
159754832876339 81899830
159755057233391 14977062
159755303812033 35600435
159755539700962 28429763
159757299929912 63684256
159757539581923 27348138
159759275185425 26843809
159759586276053 35020362
159759827470602 10162505
159761302376294 92380993
159761540712540 36522055
159763320031208 62280568
159764533658845 72276299
159766021380974 41737127
159767660305017 36801309
159769275808149 76318640
159769523167138 37876817
159769747318842 23071585
159770046138636 32922679
159770313319380 27061381
159770575210428 28988722
159770803035386 18851457
159771023783913 11202852
159772824279004 99845026
159773063189172 15830075
159774578166084 57718865
159774859253787 29050943
159775104774138 22426721
159777021334022 48952943
159777248366727 24165282
159777565514917 86287910
159779261107669 48638818
159781432357574 76225736
159781783709924 135005688
159782085913724 73291049
159783584985946 53333380
159783905090354 92844158
159784158296585 27975155
159784449838775 64164863
159786331315722 166771454
159787552345720 102376936
159789477532902 125718867
159791284293238 29017578
159791627237095 78026366
159793382034397 92105301
159793688278567 57809539
159795299184135 47726119
159795638386828 48957712
159795979363402 112157623
159798017238940 188472732
159800092675057 192694742
159800308201687 15040973
159801769348557 54639670
159803430716803 124253746
159803708375256 51149853
159804975500375 64065095
159805211130879 19942449
159806956128208 82351166
159807216184358 44897191
159807487895553 63644899
159808862635557 27389643
159810844297098 75556215
159811143169790 11524049
159811363056808 18847496
159811680822361 96646957
159813255734376 27468268
159814662581509 117651983
159816360800193 138809814
159816703161881 106891402
159816965855816 37658963
159818921420781 69203905
159821000482827 27224223
159821225121250 19833408
159821514595365 87385456
159821857356780 93993271
159822169732940 66489197
159823779137271 30816691
159824062628792 12484642
159825699797597 144916835
159825982260468 41025981
159827541494349 127942825
159828652268539 75045440
159828902213928 13057520
159829224337652 67084461
159830998571133 58462417
159831282632243 52471624
159832809253066 60011969
159833114224466 48989847
159834855119390 78326478
159836748343305 40884366
159836970831656 12613369
159838473274897 93765933
159839941717957 63048000
159840210649507 36415226
159842159544840 72138277
159842413744968 45914753
159842633148726 17970803
159844488260487 122939473
159844703160710 14452710
159844988126920 62918546
159845385212348 93009765
159845737195837 109985633
159845961316420 16784330
159848337220601 96368584
159848608251640 46411908
159850371328645 78335793
159851828374243 82719147
159852134419654 75199365
159853811310423 70483943
159854190442760 110766828
159856244221575 80750710
159856461150573 16506658
159858312840423 29408914
159859897146525 41121176
159860250221410 87949616
159861981243507 148359063
159863485119999 51564335
159865139303272 32055265
159865446181637 29844014
159865699449391 25238795
159867219498091 42894563
159868924237131 57849590
159870826734867 40389784
159872681408380 52081898
159874626877057 47082315
159876303360266 26246143
159877978688044 90190445
159878203092071 21913437
159880066198664 47656566
159882017287610 64483644
159883697573851 89080604
159883923250829 24071166
159885295207482 89802529
159885633326348 84999509
159885871243229 28064500
159886126269663 44084459
159887696575103 154862579
159887964162346 58138714
159888190661547 15469504
159889764192993 180546669
159890041371125 36074983
159890288047545 32860003
159891992390736 47433732
159892207186506 12989151
159892456351541 46145112
159893578120705 78312586
159895296030377 43694857
159897323369921 139369979
159899279628522 37006305
159900823448756 156683967
159902550784542 33731005
159902923358356 32106020
159904605620256 31306565
159906147301372 30979441
159907631287150 95037318
159907869154303 35960866
159909893569280 27947398
159911812950180 45506816
159913762739961 105047034
159915427166131 66725497
159917258231348 141269151
159918808682459 159981695
159920716047763 70109563
159921055643696 122766133
159921272117693 13931509
159921519285996 29078161
159921876158197 92960105
159923825270568 131345061
159924074308202 28910003
159925746541880 62914993
159926059853289 12408624
159926405183990 142975066
159927979621674 40189970
159929208836393 70620585
159930738548257 49387509
159931091013440 109689934
159932568291988 40778329
159934359116311 166128391
159935426369191 37064418
159935771167678 87716191
159937315468604 196040951
159937650117239 75701532
159939061153889 58111374
159939332211361 40904560
