162767931012904 24462123
162768168122453 27119338
162768388707721 20136931
162768608073810 14717931
162768839485895 22010445
162769356935794 17842319
162769608333494 29964032
162769822160380 8834273
162770217125420 11200684
162770444180298 18297581
162770912107905 50878916
162771500916098 58198280
162771722148143 15811301
162771937056362 12738192
162772338482153 27183775
162772550208519 10884684
162772795174797 32306696
162773301049741 14546835
162773552575613 24199035
162773768082756 12755950
162773980746675 9388527
162774198991708 15418695
162774746576556 12705646
162774962872382 13546837
162775833103120 9564620
162776419125694 45001721
162777319393251 46128814
162777618194167 68836150
162777870745924 34369362
162778100569988 28017847
162779024132426 40276392
162779287148785 42413290
162779506442054 19107083
162780530152554 33988380
162781853372285 58538003
162782688106099 21430600
162784395121221 61433933
162784624893007 28665966
162786172204319 96965857
162786402557466 9869544
162786691627836 62464832
162788079017109 71310071
162788428111967 114824494
162788728181462 69839338
162789018227054 56812901
162790576426664 98224169
162790819851816 26805450
162791097772163 46381336
162791381647856 66011943
162792735804381 146762552
162793027844000 85170030
162794519761639 50482793
162794807410995 70902934
162795047787051 27134225
162796739130407 124353759
162798213175538 73646294
162798449528772 30917048
162799909121821 89625954
162801166331868 114801280
162802548133160 42561272
162802798081941 31908471
162804449495713 141014406
162806047097932 112726244
162806258090506 9748019
162807434127691 60898139
162808773132295 75834000
162809976146475 38657566
162811496092684 44312518
162811784329567 48822536
162812143129859 67769583
162812437446406 46592743
162812710109233 56248376
162813032302411 57836985
162813279112496 27739545
162814751121284 102475653
162816214306065 149415219
162816445096622 16764475
162817652145505 33731416
162817985189045 71030859
162818210114788 14786930
162818471113435 32800987
162819784282741 42145854
162821455384704 59611805
162821758139731 65773716
162822033730797 29499816
162822988196489 76813175
162824436219352 201722320
162824711133389 52752776
162826123529941 177380079
162826417158578 46237676
162827935114020 126621718
162829242526803 22949219
162830625145056 60535148
162830896097121 42366583
162831148152603 30815160
162832424112500 86746827
162832679618140 27255486
162832903224096 9883468
162834444092652 52163639
162835926184651 45805151
162836144090501 14661730
162837814110709 90367843
162839261144302 27461062
162840861222376 63619853
162841087075997 24983462
162842591146360 42504513
162842960100759 43354159
162843190121361 19773710
162843474129033 73789110
162843752154309 59296924
162844027918268 44545950
162844257170966 14826148
162844604153431 121817384
162846215110979 55620063
162846512261377 54907493
162847782296931 139502507
162849295735941 44126397
162850573615180 157074818
162851810352564 62927285
162852112135248 30788410
162852353132199 26665925
162853796165680 29004122
162854026186957 17854650
162854340151503 60798721
162854642215276 60856456
162854925816519 52077648
162855151078350 11876711
162855437837783 40455362
162856991029312 101824655
162857305089756 44729175
162858510134330 65937066
162860081115994 31600102
162860402122859 30798489
162861601150052 24796089
162862634080575 28700434
162862955172982 17815603
162863253131233 42783622
162863542018871 66700859
162864724118607 46882949
162865064105674 51766342
162866702088067 176353308
162866912902047 10571078
162867135090156 20750248
162868576168233 135608821
162868833118367 32685780
162869840130794 30613553
162870188129126 94772564
162871355133221 53001031
162872691558652 64492007
162874258068783 66355691
162874598202776 32591570
162874820113265 14301635
162875112125305 56089803
162875442368378 75311903
162875677080033 22182958
162877224559447 86093253
162878861630288 43768233
162879191144550 94442907
162880462050031 80086523
162880682681971 13357820
162880924102351 37632666
162881290118320 79765564
162881578184521 48808174
162881852525865 45175362
162883246116941 101582348
162884456138856 137720812
162884840118795 36758919
162885931129195 24386693
162886142100154 10757328
162886385103060 28770540
162886598606935 10277093
162887080209458 240782573
162888541122903 153845133
162888837323541 66968352
162889082293265 43945389
162889362837842 58449720
162889673121037 57588288
162889894076126 11734654
162890183076148 69737647
162891587173651 47492281
162891938687487 41317644
162892963084714 12568380
162894665089771 28803347
162895731894088 63530700
162897031676780 98846217
162897441688619 106876395
162897734134355 31748587
162897948144886 13794990
162898177185025 15828883
162899748134597 27572919
162901304320721 50937480
162901553048706 23187661
162902997482470 49625812
162904510085514 34602212
162904761118318 11600955
162905085135635 111769620
162906184113185 48266894
162906398193721 13346007
162907716090864 33583956
162909454345846 25548000
162911017296270 28502753
162911245715954 12595638
162911497573183 38856846
162913068545027 63608816
162913310087932 25386288
162913527540768 11212380
162913843580805 102842119
162914129575618 52806513
162914375108606 23679766
162915979593209 46791493
162917551550993 64496291
162918992140870 101418006
162919972107229 77973832
162920187161708 14819672
162920480104676 34753909
162921743102315 72911392
162921985078891 18742997
162923456138816 63317121
162925018108275 38256064
162926614135192 66724304
162926877138329 27784432
162928146208782 26816277
162928357128480 9795459
162928587131254 29766850
162929569742867 44611946
162929921178651 96465321
162930195068171 44683342
162930412078407 13569715
162930634013566 19677384
162932086089246 33442695
162933522578032 107550415
162933795117685 33753768
162935158098435 29521244
162935453293220 60936296
162936980112774 149965386
162938091675098 28040440
162939149172351 63620257
162940727113330 31256410
162940968086314 36962489
162942340114445 39750943
162943867121498 43286134
162944147070032 67703687
162944434218305 58602347
162945470189335 18756689
162947135640891 61690665
162948618099721 33491580
162949634103636 35476814
162951219854590 25995482
162951444217910 20589522
162951703174782 42997517
162952893279342 27240746
162954410305103 72647185
162955982019816 76216423
162957438142919 71568031
162958943190780 112262025
162960376095338 65780442
162960677237196 73905977
162962146151141 60390461
162962425205046 13659400
162963928157810 32761050
162965134125628 118142391
162965519704086 106279846
162965763357057 24666869
162967481199166 60704055
162968980554586 70693730
162969283656048 82547738
162969512133471 27716409
162969773160340 30813745
162971131130083 112551200
162972715277848 15870187
162973050136587 82771967
162973375160608 73815232
162974730145256 62937976
162975006156133 60499512
162976067747356 174327543
162976328156160 40804987
162976629119191 61533333
162976865122956 23791009
162977134138957 31036450
162978327053974 53636863
162979747147553 138919855
162980708022852 27307232
162982267598405 141214857
162982481238266 10899229
162982726362092 35034127
162984098097198 13710770
162985598161086 47473709
162985895123903 17785925
162986111110260 15754756
162987771152064 24856976
162989203141180 62438671
162990364115135 58587929
162990579097807 12768640
162992018409688 49862133
162993784326720 59802996
162995259134305 55775589
162996697272267 67510326
162998019959913 29093048
162998235175973 12266761
162999605103305 98305807
162999852133183 24749204
163001189163073 103465671
163002153082021 49079178
163002434125037 34778220
163002749096541 57731811
163002983175967 33582581
163004362933278 65764153
163005715068599 114284925
163006820127245 47430202
163007109096643 38736017
163007393315634 66829523
163008857451146 45742739
163009160064472 19736412
163010633128904 26025365
163011794159379 23329367
163012147090508 75582340
163013170664846 52473083
163014742115518 124978047
163014972122131 13417736
163015321099912 134710691
163015590128171 31923496
163015826089969 19753985
163016201097585 134760231
163016478133084 46701117
163017844396990 161445503
163019237080706 83592497
163020175116953 28492770
163020453128043 44773565
163022054126098 182351806
163023207104272 26377370
163024965103176 89091633
163025179110903 11777285
163025467332142 25344695
163027092962113 38640991
163027310446385 17119527
163027527112418 14729157
163028918109440 9000456
163029173969277 53575242
163029395113667 18627077
163030908595630 39205843
163031157134874 26805935
163031469141905 57763582
163031742142688 53784096
163032864706537 160691579
163033175464104 57063537
163033408087869 22755208
163034811163269 24288114
163036761121053 106050647
163037101117578 66755052
163037335400382 25772149
163037610091508 38750921
163038989875844 53778345
163040330148130 25053044
163041686086055 66144616
163041949487098 50834034
163042185805156 19054239
163043664168772 81308218
163045276143066 164071865
163045506203326 20877329
163045808161572 57809110
163046125337263 68984692
163047454104378 42035310
163047780739580 47385427
163048013590042 26264666
163049591504230 215334469
163049815113295 13782107
163050036111686 20786815
163050267086592 17744661
163051203131605 35169103
163051515130090 87329687
163052743103302 24327019
163052962083904 17749194
163053185104963 20778599
163053419120103 24774032
163053677201496 36886934
163055263038497 79846812
163056392117634 31492486
163056614122114 14729875
163057884176190 116208443
163058140124310 35773947
163058442139230 59785966
163058750236286 56865881
163060575194452 102435897
163062248172529 181425953
