163118973806027 67262268
163119215852602 29845150
163119935250757 23974058
163121119915729 32471803
163122025249123 32555067
163122339284962 46110577
163123689381168 54570985
163123976981443 55768763
163124282257689 61841329
163125658850725 138192553
163125904365604 30185551
163126140059181 34501315
163126379914329 18608879
163126656217084 42925396
163127704179180 48237532
163128075183439 107260877
163129320828740 31368744
163129545473647 24120962
163129870650356 48402584
163130267718237 155727771
163130578026044 60794441
163130808124843 24945749
163132283558209 65123809
163133368200102 120821561
163133645127973 43889775
163135115267270 101125091
163136845750105 53334065
163138649211385 191843899
163139859270534 58404198
163140172329080 86115128
163141571112441 64305365
163141797122834 13849750
163143382511125 290717425
163145686827454 161518499
163145997102333 59858708
163146316338960 91397978
163148216773803 186189943
163148439184261 20901832
163150712234308 75480537
163152425261963 258815007
163152768574263 125281105
163153199289699 214265706
163155105130712 237590068
163156653416378 120863495
163156904381405 49418476
163157142869580 37390750
163158764199185 49871107
163160557097243 49539718
163160774010264 14827122
163162525038486 48458330
163162820252373 59042412
163163096133303 35927160
163163408202718 61782539
163164833750853 111826030
163166505107329 107282068
163168189122668 210611772
163169964412736 82775819
163171697109639 94139955
163172056409706 55190869
163172297614717 26430445
163173371130452 37558310
163175179320659 48877165
163175489202310 56980184
163175801238134 90533809
163176108473835 90264832
163177354009496 40369677
163179078464693 54739456
163180830037094 39261594
163181089140577 31854680
163181328260583 22123259
163183308177952 76694769
163184401888994 55988562
163185799890793 154010955
163186107527148 31289687
163186399371150 60271564
163187953254798 28704272
163189251346969 144406479
163190781267325 80679616
163191177316946 143022521
163192780058620 31561511
163193071138590 39590734
163194660177586 78905006
163194985177109 86744394
163195209300682 15063867
163195487144193 60924812
163197551515740 55342402
163199565905814 43999445
163199870231500 38035835
163200277289693 37062025
163202101701548 142117084
163204069851992 110970344
163204366312143 52949577
163206223720434 195966026
163208438160455 84910005
163208691321357 49688715
163208944236177 51007408
163210838920547 149902610
163212371574962 100525596
163212696373700 54148654
163214114274405 33722273
163215895217357 144900296
163216130997118 33823223
163217949105646 43223263
163219901529032 42873549
163221048118985 53109328
163222769757866 57879577
163224590132205 58641582
163224900142581 73847999
163225273518359 62259849
163226972173551 43510505
163227387675934 103484555
163227613316182 24104877
163227931167231 67008567
163228222615186 72415664
163228513825809 71494633
163228738237119 24011768
163230697174809 168832488
163230967125639 48244695
163231207565136 31054375
163231474178046 35954582
163233062220680 47343311
163234678054235 38099834
163234895122278 13935995
163236809263094 51773485
163237035130353 16958909
163237312039059 45584337
163239134226456 106380113
163239468210828 126414723
163239774264627 80127124
163240063467827 75860348
163241896725553 119452399
163243153939731 60149036
163243378187826 14972464
163245370251435 42586136
163245647930013 42641878
163245967317021 73124827
163246233555428 33198956
163246508534956 49349430
163248307136369 24246855
163250007024711 124236274
163250276860776 48667577
163252229726706 51809548
163252501065252 15859776
163252774240706 30010742
163253152327408 88143788
163253447035863 66625964
163253757535695 72353411
163253984257113 14951828
163255840469472 109156165
163257852195523 172773667
163259853998244 82876500
163260078983908 24673137
163260341169495 40989153
163262287229205 119791138
163262561192844 71002392
163262872182714 71905475
163264536097820 47674605
163264784135905 30937574
163265187253485 38026372
163265504405574 95102365
163265763203040 42987425
163267431142904 125163910
163267739027152 92583333
163268032347870 47176977
163268367192402 90971541
163269957383685 41688994
163270311724464 107394345
163270619043195 64743278
163272194135943 24687967
163273803193125 55760082
163274086406617 55169728
163274317771476 11588650
163276075041731 85291658
163276290397521 14394763
163276536185125 43860171
163276753479160 16921489
163278185284784 99610308
163278461197433 24919515
163278716247821 45052291
163278992843820 36547712
163280966044783 90008237
163282793530586 131493202
163283031224573 35651541
163283309912363 69706591
163283593768913 42541337
163284848184653 38885221
163286495169232 53256467
163286733123706 35962852
163288364080388 39672612
163288648330841 38099298
163288921533902 34302275
163289196296744 30950071
163289438056822 32851545
163291321222778 71317961
163293452657893 96708821
163293771332255 59002419
163294899739886 32273496
163295115133409 14838613
163296918462527 170144770
163298459651839 39908131
163300400309969 48835844
163300678163486 32975493
163301040134425 56937679
163302771216379 61667436
163304513433008 107907855
163304811614067 70321478
163306023235635 94843259
163306291133081 44950753
163306590641755 72369508
163307795183533 44293838
163309417098547 31619599
163311218524086 58805256
163311438705618 17416019
163311757826779 40554992
163312080216894 66016693
163313423842916 58596058
163314778032475 70579695
163316678181651 87573393
163316899433421 18257886
163318742975792 122502688
163320547710996 161340948
163320891198521 88339672
163322481217939 176760719
163322747532362 56333197
163323093553682 133676195
163323332396188 32727237
163323578587828 33405529
163325689502763 58613795
163327435328594 148660948
163329384686142 74109001
163329643303316 34089449
163329955508441 56195529
163330205516741 30949815
163330499117350 74399773
163332055054488 39681841
163332368348127 61226536
163334475925401 182581950
163336177783121 153036086
163336468665241 39616816
163336742228104 37021614
163336975064335 30897945
163338697184302 31907325
163338983614980 55661421
163339369303904 82446257
163340857695403 25391959
163342617109036 58555419
163344277454302 54887110
163346083486011 85827885
163346631753325 268574432
163346900662101 35414134
163348588360813 145351316
163348878565577 32396450
163350784167540 73574648
163351028294328 41476251
163352944787269 128380502
163354681104182 123638957
163354923590123 21406981
163356643419870 290048066
163358190795348 100663811
163359563182536 68934528
163359801216954 37818070
163360025052608 21868412
163361714199785 211315044
163363209837355 33418162
163364472046026 39152037
163364832647785 105437944
163365155965544 75709489
163367041097489 195323721
163367297884047 46937859
163367542418984 37183896
163367816037650 72278678
163369720317294 41496350
163370060279182 82599079
163370332182350 32834999
163372057241104 169047956
163373684225603 100905863
163374796371180 24307655
163376602059777 61556329
163378582097217 129911803
163380634905273 160378042
163382810383997 152598382
163383048063703 35618621
163383293776599 45477213
163383526097235 29886124
163383756005387 27826727
163384232944498 226725183
163385805189446 63372570
163386135447623 102215925
163387744972622 61276703
163389501225869 71627825
163391197942679 117907205
163391448381759 49840280
163391759283297 43988017
163393292090515 100061567
163393532134965 31962444
163393766044891 32864783
163393993638688 25476162
163394300109299 59722241
163394617186132 62956157
163394954328203 101182121
163395215222116 41006614
163395456022374 27394344
163397059199290 29308799
163397441567889 112389711
163397747046255 65414630
163399129392524 56772535
163399437312287 99082376
163401088255013 101675919
163402586164161 29662375
163402804444538 15199570
163404545279339 34336815
163406354904740 57847529
163408243055718 114241759
163408475586078 29408271
163408710044099 32845279
