163455852276823 31016411
163456080197143 27553710
163456479094287 21168562
163456730923632 40375624
163456943662655 11144763
163457507712920 61770225
163457942680107 19392996
163458151187107 8147504
163458401139930 42740096
163458612452353 11059446
163459049762538 14621373
163459499234926 11704150
163459934157683 15584378
163460458588254 9862341
163460972148939 9457916
163461674234483 20904982
163461883415067 8809414
163462102098547 16336808
163462557370297 17633187
163463576109764 33452948
163464857757819 23724689
163466075107594 39840613
163466334162173 28958339
163467255123891 20538028
163467540146948 63764483
163468217150050 26478860
163469206479266 34019997
163470200165323 34667887
163470770098559 18904602
163471958131634 27520626
163473117102107 40512671
163473330137568 11809959
163473546187892 14858397
163473763122970 16793686
163473979793294 13715577
163474202131955 18780836
163475075104362 53697167
163476405129865 41838492
163476730608984 79625869
163477921413233 69368206
163478150782076 26453163
163478471202417 73911882
163480058208257 70322998
163480303101734 25954938
163480550130057 30765238
163481968160663 52024210
163483559181411 99223888
163483779133476 19565694
163485361172892 49321679
163486899137696 137180366
163487125118972 17730921
163487472887830 116530542
163487762089207 33368478
163487983127404 18115168
163489063112223 45980533
163490038086092 82036839
163490267119628 28772621
163490491150674 15791647
163491912131790 58596312
163492255151754 21800197
163493517158225 104260033
163493795668464 51595008
163494030137355 20751773
163495510128572 27689742
163496625167933 40171268
163496838190168 11250757
163498272149821 49096145
163498564123374 26799165
163500007115478 29637906
163501611094780 12381137
163503181139750 21695562
163504563158208 53426525
163506187115343 32186920
163507821820223 185908480
163508057862172 24925673
163508288066973 21032022
163508585162781 85830634
163510102300417 30388568
163510331125771 16786051
163510634413798 58900284
163510915855889 43377450
163511177920601 40392179
163512772092189 163338840
163514309649048 99242440
163515760181527 63893497
163515975147287 10688812
163516215115409 37767075
163516451384359 28037860
163517902587882 72751099
163519513157249 35307959
163520847185562 61521577
163522277082013 41273693
163522590403951 37307965
163524072274452 27115613
163525552074995 124195354
163525799157809 40349349
163527291155654 119100758
163527518089738 20758490
163529029133097 29719869
163530521999910 30880410
163532164113015 68595461
163533815461373 81669264
163534061768092 45357211
163534347175447 69820151
163535698141533 29367755
163537444124208 76417403
163537751286491 46929738
163539322267321 100229578
163540759177404 84112683
163541978134463 40334415
163542373183630 88833335
163543495099036 46767116
163543707097406 9772017
163544007226351 62888767
163544317041949 81732066
163545679143180 119434888
163547203215607 171362579
163547468008812 33677208
163548308169135 20875201
163549778107047 45692928
163551098133000 44989152
163551388115583 25787391
163551617085209 14747413
163552556116270 23657018
163552843111192 55765023
163554171673922 99371799
163554443895180 39878080
163554703857483 40940134
163556084157935 188185549
163557616141800 80712267
163558778038605 55342989
163559170109927 157747585
163559443135871 32717986
163559688708857 35354144
163559921118062 11788413
163560215144122 64778788
163561564115080 62713070
163561860183757 69774683
163562159160654 81389322
163563493997980 197153419
163563736084889 16605314
163563974633539 9447559
163564323168090 128807146
163565794708672 41628825
163566023542304 21236940
163566254060919 16732015
163567917090480 89869565
163568133723753 10638406
163568433208743 74761895
163570061952354 54569239
163571586016599 211793406
163572987964563 161912592
163574431983122 117943048
163574695938775 38762290
163574981956164 63625112
163575213906894 27673719
163575486113083 29703857
163577000377440 42852789
163578618309309 86735065
163578852093767 24755763
163579156232170 78591243
163580538089559 39525000
163580765079723 18750667
163581054787066 33409688
163582386710255 95950862
163582686159897 46800414
163582942172556 34878222
163583934103790 47261368
163585427222147 165103440
163586846132365 95376103
163587130140948 61776576
163587352061450 18353255
163587637153501 64167201
163588788134862 194443817
163589071037794 50677017
163590100685593 61381177
163590446208756 50850140
163591767085564 57498018
163593273112448 31011688
163594377922338 213955107
163595805088857 131960775
163596085148347 33733974
163597593082069 133255447
163599249092555 78046560
163600735204024 27798789
163601768748982 62203404
163602004050671 10722613
163602327119850 65455266
163603650164581 49052555
163605274181846 167783780
163606309099491 22213229
163607904131061 87036772
163609416728918 26085140
163611017089326 55227150
163611267171666 36837945
163612271038998 21551551
163612501101411 17448885
163614189106566 44229162
163614455822949 51492142
163614784176128 31652349
163615044375974 50825967
163615288930187 21596602
163615704921410 75955434
163616031129846 74565912
163616267141634 21815117
163618140743699 84409535
163619872383891 104588762
163620130777124 54082062
163621720310246 131666890
163623388155210 154386500
163623617128646 18792699
163623842118423 16787514
163625351323181 132412690
163626844598793 81991213
163627089765938 24852022
163628787772317 72866224
163630560189208 40565783
163632178146782 64626528
163633732141941 121010917
163633951065843 13730834
163634939116409 48218639
163635254118846 52760862
163635528750328 53402518
163635764126599 29740496
163637250458079 91505002
163637534259272 68537949
163639184094825 63057475
163639454142963 21778849
163640979193135 146904477
163641231139406 17936474
163641509112442 60724450
163641753953705 21615371
163641983090908 10003994
163642262109839 57753099
163642555721190 34341114
163642853085503 39613349
163643145460395 83094780
163643388084155 25739715
163644789140089 75057016
163645883105215 21574584
163646222121016 64768768
163647233278339 26078967
163647490162127 33164723
163649010108647 30542347
163650441108716 127893568
163650836166882 119817511
163651164078384 30740027
163651393119232 20759873
163651737173776 86791418
163652042037542 80718531
163653700861698 139127968
163654756087583 23613640
163656126128691 191469293
163657453229710 182608384
163657723130983 32687271
163657969099635 14770433
163658287126133 98784322
163658600156150 80791678
163658832145284 15785808
163660504157127 59030735
163660731260353 17932140
163661040126128 53743238
163662220104667 32457878
163663663084697 33963840
163663896071825 21742042
163665351145520 103602455
163665651121268 66708220
163666896151541 59324038
163668130069084 32546661
163668497414487 163028326
163669818118512 34536233
163670047070312 18735709
163671716080360 47843851
163671929066612 11740456
163672213209850 69877537
163672601183511 95830401
163674027104501 79962205
163674256719634 17384087
163674497118141 23778522
163676103467599 67174121
163676422971292 102570070
163676710151406 36788480
163676963114140 42254829
163677191178701 16618041
163678725625103 60274483
163679115146458 88642507
163680494095327 57023632
163682151131010 114180163
163682413174722 59841527
163682726886862 87536769
163683025141118 66779116
163684225196558 62643977
163685707195652 41111760
163686011367077 38976825
163686273459178 55947339
163687853397364 149421248
163688083098980 26768121
163688302875076 13546150
163689945108533 29602005
163691594064221 46545805
163693192312165 23797943
163694734099849 55274860
163696258286646 43693268
163697872083951 21539275
163699343128885 43803151
163699657151131 83791873
163699901104474 22867339
163701254281972 36732107
163702715149524 167127718
163703014197008 61840875
163704576576477 37167589
163705761985413 44008278
163705985131325 22773129
163707174117275 64737318
163708684155963 47562736
163710068698966 120271737
163711324086233 19370992
163712928101452 54532722
163714109100252 47542612
163714386101912 28573615
163714600134179 13800038
163716072168022 113509878
163716306105227 23758994
163717731151704 45021987
163717976120204 30786349
163719530188159 81969980
163720816115487 29349826
163722695094427 153864457
163722925152173 13806939
163724396070670 39139479
163725869186789 25752367
163726112122003 27898607
163726440122501 64764136
163727771854808 217256027
163729078092776 56033201
163730851102642 44552339
163732501653623 37686599
163733424508870 31982118
163733637096121 9720849
163733913633189 54418534
163734152075610 12708973
163734502113872 66798330
163735749084307 96662549
163736052125798 19784654
163737515550820 92488734
163739102553599 250214890
163739359911247 52524231
163740815217465 94429259
163741081050583 45894252
163742296142767 35254701
163744047196322 49787625
163745779159748 88795648
163746157312701 101992488
163747722144291 60208319
163747947616525 14286935
163748195712984 42701888
163748459750556 44071151
163749799161553 32873136
163750067098922 58782812
163750347369936 58752694
163752021361839 108645441
163752257097053 20753627
163753878123582 116706863
163754133420467 42051683
163755535136218 37152927
163755820143343 55575133
