165885851431999 91019586
165886533080773 22913003
165887142081198 29164942
165887393091096 32745468
165887613265683 18901206
165887826084212 10724740
165888762510005 26124608
165889073078118 59959875
165889309154810 26729218
165889526951359 15544515
165889739124559 11808501
165889958324257 18929744
165891237149209 69130345
165892594311881 24955071
165893997043684 80760743
165894293223617 74857423
165894578178045 65627356
165895905145554 223051859
165897248125495 70542072
165897548162312 64220246
165898894383096 75249170
165899112052674 15722139
165901193053392 47816115
165903082083050 87627637
165904688094059 76337098
165904982924960 71577767
165906291067614 14468317
165906565115669 37767125
165906942146794 56765346
165908376921528 58706035
165910062425972 35293866
165910416077170 47770509
165910643421627 22067612
165912252267256 55007487
165912473421681 18098022
165914107132550 123116403
165914365614466 57282698
165915874173300 154387318
165916234135242 115753129
165916508139653 52936193
165918091136828 122151612
165918337150215 11819298
165920019900894 55977727
165920240111383 19757277
165921500994466 173524790
165922842162548 32143255
165923193137243 91816373
165923422108760 21611871
165924493133796 64210446
165924773181040 14634184
165925674095434 24751384
165925981093486 59721606
165927452602935 121389861
165927704355323 44488577
165927929088867 18564309
165928147080956 9749995
165928457104725 44728177
165929761812248 25157254
165930034664731 46454113
165930352193046 64485132
165930664118168 42762133
165932041153620 146227259
165933241277003 14940396
165933457056209 14725694
165933690097692 21929115
165935199092467 89377287
165935497209667 82843300
165935797149418 49786468
165936907790416 160651290
165937201722624 37366932
165937503124243 72987849
165937769238223 26910772
165939074495034 87619737
165940284114328 29049160
165940547959848 41754756
165940780906568 28403872
165942314109579 140095034
165942582094555 30766436
165942821132562 28590310
165943097105216 46747979
165944579150729 153722725
165946083100940 175897257
165946350032083 62582394
165947903413034 116323115
165948115163532 9837448
165949340218017 143422440
165949673091302 18715563
165950922140039 148821942
165952244155000 247030779
165953706109636 97515406
165955081799901 59029457
165956520678562 68635985
165956754081407 26742508
165957629515444 38432306
165959295134163 50442839
165960820822100 77907143
165961094551162 65110231
165962550124344 41602029
165962781107289 20813604
165964103113437 60126887
165964400571615 54198567
165965886158197 119680389
165966165079955 33663104
165967346134575 31924805
165968862526150 53216760
165969132213121 50764188
165970408654725 187870791
165971723737096 35357430
165971936159666 9814807
165973426196327 99069140
165974417097018 30277057
165975551183145 77094910
165975834153536 34790080
165976069160135 31744531
165977737593672 61910720
165979531402404 166580478
165979764069368 29747048
165980053141157 54090057
165981432134697 85936832
165981727906857 75919747
165981971986543 17677160
165983667088904 58741051
165983963166642 16834841
165984188109024 19769225
165984407102913 12575788
165984636512872 21183159
165984865190782 20862879
165985102151687 24820180
165986055094841 27492242
165987609886086 69502294
165987841078613 19249272
165989134133713 94692509
165990541271061 140460779
165990781287172 14958778
165990996044363 13700099
165991207036547 9708247
165991430073473 17744528
165991769884788 112884980
165993090122722 133149450
165994572138113 44620434
165995861096580 32923492
165996108143332 38809434
165997730366023 40708566
165999225121158 71893801
166000741109914 43541053
166000952077353 10337539
166001253198344 62978508
166002865163288 156722712
166003107150001 30797686
166003346200027 32665880
166003575147508 12819237
166004949147485 131980754
166005992121403 38516859
166007275748526 67095145
166008279132512 46613464
166009886357537 52129662
166011552172545 29868625
166011828156834 58808149
166013151387617 42830662
166014760071412 52912661
166014974100978 11954490
166015229159825 27812545
166015545115381 36587310
166015841149715 65127673
166016085113828 43459573
166017692943261 90728608
166018022152481 100988985
166019340041088 49383981
166020819351558 33865697
166022229114531 163436296
166024027419461 88788874
166024308162496 45612951
166024537420692 21844060
166024767152611 16818635
166024993983872 16547311
166026487095149 40091388
166026710928728 23575314
166026983702180 35336009
166027267130993 34781279
166028760701515 163021390
166030317119136 80105707
166030535077976 16846717
166030754733902 12405292
166032134104506 51866075
166033567148949 57279028
166034676116485 38406729
166036216137488 32216308
166037920064628 38317720
166039728520612 45754534
166041271072433 90358787
166041496072995 14756162
166043158124662 53702271
166044582099015 98092903
166044856094274 55638641
166045101070092 35158931
166045317799997 16468559
166045633152709 72797982
166047080204507 141427082
166047364124103 42236752
166047650145553 61343219
166047954287322 88950445
166049261315773 29308854
166050740746703 41613112
166051093135930 76769836
166051373712958 30360650
166052383191442 53179748
166053927697965 74109746
166054165399430 31054379
166054420964162 25237288
166055803110182 26694938
166056054124819 47796672
166057685106799 54601258
166059057110478 25633763
166060474403726 36932922
166060700075019 14732093
166060929090772 20765257
166061240154470 55804402
166061537284571 64936761
166061773092011 25758068
166063400171471 23765392
166063664086758 13423117
166063891057216 26727265
166064116076370 23752203
166065742114979 26440020
166066003102993 28767413
166066260159475 52556304
166067255109425 50884780
166067506130612 25754453
166067865167194 62811492
166069366126967 64356942
166070875156277 67538710
166071144114677 13319543
166071387054087 26730394
166072811101543 45397068
166074560094213 12509816
166076261079027 53661226
166077869237393 127801417
166078098305741 22946619
166079195174183 41483966
166079581095083 90651434
166080929873220 22240818
166081969091255 53362623
166083213018442 65113175
166083456145605 23776840
166083771132770 30757886
166083995127929 21793337
166085478148279 146404240
166085772181292 34140578
166086002112585 28788728
166086318145946 76718150
166086642268796 76916287
166086929163487 22846367
166088027282348 55076037
166088251118629 18784118
166089869600154 39113152
166090191584518 72784612
166091501124228 44209941
166093182065239 25496921
166093518123125 88763256
166093823141526 61780230
166094104181671 21832606
166094334786455 18460371
166096017201392 29420661
166096336142488 82776782
166096648270177 56895976
166096922680903 58009957
166097169086728 20752024
166097569136099 145794238
166097847097575 32733406
166099451103674 52767302
166100731202279 31855949
166101010121868 29477538
166102714069297 128726692
166102969112449 30659011
166104497054403 78492112
166105849106763 114987436
166106998076087 42470435
166107396205263 165817650
166108670196386 19321384
166110388169150 42748503
166111949043912 56957189
166112163155780 13819412
166112497940507 116572263
166113796131339 54562351
166114033591815 16255441
166114252076983 17734854
166114533152363 38779717
166114846367318 31837988
166115123130299 35773989
166115393297737 48962926
166115692139918 59767564
166117497165311 138180946
166118976223830 49011844
166120422205518 83238394
166121835200629 37671170
166122149099971 19321775
166123763531826 78953311
166124008155777 17811465
166124826125087 34127197
166125757097437 57368285
166127508077104 53509338
166127721813583 11477290
166129146133972 37306390
166130687092813 21554112
166132119121430 82626590
166133738150240 124846222
166135275655960 142653427
166136793091894 40535944
166137036105679 41772774
166137312945034 38597190
166138738882546 72786862
166138999132215 29766865
166140408163568 28587339
166140756126777 52773292
166141863483030 30957462
166143235168510 27173713
166143566285098 53470238
166143798373567 20039764
166144161972140 85555650
166145737122949 25913175
166146058206743 102227796
166146361404243 66043416
166146629486198 45505384
166146882277855 25943109
166148668128846 95561789
166150288109753 31537704
166151877092368 70465164
166153073471240 52035204
166154607146539 115583771
166154931339863 65783224
166155156091189 22763446
166156269142178 82566747
166156522080347 16747435
166158018143617 44091283
166159398981608 45918647
166159727148353 57339282
166159960093381 23761638
166161257164580 43056845
166162760075906 35522413
166163005302785 25388644
166163259187349 32805322
166163574166176 50175195
166165198116564 124791919
166166305504213 144913943
166167785108224 29628460
166169442080867 57128978
166169693229614 39881444
166170010136293 104802419
166170252413546 25290751
166171346187242 196964784
166171626257735 47891781
166172987140869 50527072
166173355095402 51641442
166175086091350 83794579
166175419144574 68089002
166175714163007 56345785
