169357026942252 38263916
169357263139737 24710265
169359030600974 192066685
169360555111282 68256070
169362213164291 57592090
169363764107463 54522410
169365422513313 112721418
169366650151875 57356934
169367768106547 23629639
169369349126749 56072799
169369564091908 13756128
169369788302801 14920738
169370009527743 14904484
169371545078858 20921372
169373112061278 93440848
169374591103032 31547275
169374950102635 34668428
169375267119252 59693468
169375547109505 52765157
169377325179204 44770067
169379045613915 116525908
169380840608451 218162597
169381083132512 42216711
169381370133364 65787099
169382723378965 47651093
169384339910518 63367372
169385621195296 76641401
169385851136902 28402659
169386079866778 26541771
169386307746503 25429446
169387613335129 138878992
169387912092481 64411940
169388183389433 34042755
169389314926540 49268396
169389611067350 89505830
169389940142366 70792650
169391318223281 158860988
169392535413300 36772035
169393959100438 20463788
169394227170216 35805660
169395567117021 20476531
169397125177002 171765159
169397431138091 39789031
169397686064035 43960833
169397920080482 12741450
169399492121175 30000966
169400953220540 24805633
169401248954543 31618766
169401480540120 24595793
169401726209480 30366901
169403047302441 78779145
169404554189205 90814143
169404848185742 31835542
169405103086709 12270795
169406009064278 47651520
169407633235197 143138289
169407892189538 58472524
169408139143510 32807968
169408457912525 91456399
169408745120676 63656657
169409820669734 43960218
169410067122524 17780176
169410294115711 25784429
169410589520529 84187394
169411944078761 27468570
169413527125238 42857250
169413764085316 15751839
169415289204654 36353020
169416715105902 73014867
169416952024623 20705248
169418190593262 84055451
169418477409291 33064262
169420030193205 146180469
169421489128904 147399136
169421783023046 31670387
169422022462293 25134643
169423462066903 41112216
169424614122765 57955365
169425950080160 39559647
169426241640948 69295422
169426560076746 56706583
169427955076851 78685518
169428195087333 25755701
169429776848544 22667650
169430016035350 34695930
169430246065765 23673043
169430471670700 17341817
169431971235995 49272424
169433497349231 41944948
169435061146526 58674072
169435296089528 16762546
169435520037597 22675452
169436981134141 26686024
169437224072419 30742024
169437464670057 24803861
169438906877567 51904600
169439133100330 25777087
169440741943288 89903128
169441017496341 23162757
169442486319420 95873130
169442738645283 27288832
169444343097206 126952948
169444579123717 21464872
169446224074311 35334776
169447624187595 56231455
169447939092814 11765246
169448166114917 16781411
169449744942198 90443391
169450013187860 25758618
169450274110648 54734585
169450572409774 39030905
169450898617442 61282153
169451128105312 21776247
169451425934945 54589328
169451739114087 70736489
169451966164833 16825142
169452242175230 37769650
169452525937581 47540904
169452772212585 23799553
169454371202821 121929651
169454598107841 14778186
169454887206791 55847693
169456111357531 34130462
169457489139029 42169125
169459112117154 113906999
169459410092048 23744923
169460889778123 28076359
169461145132158 22047549
169461459085181 100054959
169461738094365 37987261
169463116471333 122296660
169463353193871 32719729
169464919495992 31312426
169465164818914 38421160
169466130114779 54720149
169467659122445 52438830
169467962139525 70783460
169469177074614 26705376
169470687224571 35516258
169470994170492 50194010
169472252094440 45171390
169473874625953 25851366
169474095024250 13690759
169474364127376 55842711
169474666107566 56758687
169475820192819 60985957
169477349137674 88310789
169478584117112 49480610
169480251131401 93798132
169480549117674 63774479
169481994094845 71556651
169483437281268 28860514
169484860137677 125097765
169485088082342 24751939
169486098081369 51000933
169486427118264 50763666
169486695153500 33671949
169486946095308 41575129
169487186791101 32467846
169488472651271 55590897
169489668113357 144880051
169489911005976 42396654
169491375982292 68541371
169492949090038 71779867
169494479109396 142992633
169495748567556 128496500
169497044012587 168437480
169497350141518 69785473
169498826139237 110363468
169499101649596 48288677
169500071517946 24157499
169501496993196 64765206
169502968088982 64509756
169504499083945 134578972
169505474181012 24629829
169505703101503 26768998
169506061379079 68033626
169506361167172 47882509
169506661108048 71621754
169506887977369 26642701
169507204109250 70756504
169507518102978 67538544
169507758117828 23763616
169509138173198 133451269
169509434093245 49339915
169509656181748 20700445
169511300115336 56665973
169511637597992 109216962
169511925186270 52837860
169512265065857 66502242
169513453078560 95909479
169513743499009 41135777
169513971085446 26746957
169514233096417 36905932
169515576797509 85275009
169516999127502 30606907
169517275977644 24628220
169517541915050 26570952
169517778070258 20303329
169519215108180 41574216
169519433061344 14718031
169519670056811 25708669
169519981116626 49752694
169521238120631 36514395
169522761097527 28579282
169523094183801 82827498
169524271085289 39556192
169524502137581 23607415
169525961108223 57900736
169527464076402 34267803
169529329222845 76897694
169529548104857 17748680
169530977105210 40987446
169532606106359 143929299
169533891129818 34837223
169534137090796 28410074
169535581140555 61406712
169536769174405 48294809
169536997530362 17071710
169537263063703 31725231
169538786141708 58924299
169540079987517 106927756
169540342089606 28698787
169541862120352 74017970
169542087079821 16866450
169543544071216 113848003
169543866185530 74863539
169544140101215 32635996
169545533320325 77172707
169546576064099 23285774
169547970106705 27963952
169548197113296 20778264
169548414069175 13737987
169549923113445 63544345
169551283319928 79508652
169551515101846 13700552
169552567120239 102580128
169552864126632 70766904
169554287753881 129872933
169554578148532 37660149
169555986110351 18796971
169556217071061 25637792
169556446106941 20779340
169558141088158 31603968
169559772813316 68330279
169560050177157 56117444
169561474760368 45482554
169563026993752 48004459
169563245115605 17779075
169563492089588 46759667
169565187121761 55563111
169566604883476 41570055
169568112097168 31540073
169569359161867 37490973
169569641097916 54737639
169569960118340 62763441
169571362089007 90969666
169571626095090 42808678
169571888318028 54988860
169572136357506 24006490
169572439094764 44741172
169572747110139 50758922
169574063650406 74940306
169574429132323 94782104
169575926087691 67507945
169576217176069 13850734
169577621108887 85994893
169579106096440 171152239
169579384047532 60702189
169580657101664 161328900
169580927003371 32644038
169582060066324 22492764
169582382647370 48066989
169583632455928 136088629
169584989091767 55853603
169586013055738 42404589
169587384157931 14724954
169588584079929 168427872
169589674893518 84173185
169590022117670 39770421
169591387144922 138199836
169591673136417 27780320
169591920078510 25730307
169593166323224 71712971
169594482119663 233457408
169594743134439 23782145
169595714085238 14671231
169596036099986 64741054
169596356121004 87033726
169597855113072 119957867
169598078123690 12791810
169599717071776 53616373
169599933078061 9740623
169600244383105 73033030
169601706080592 55974363
169602016145983 63808010
169603287102075 92349177
169604802133671 170926718
169605117617655 55225808
169606425292072 33855509
169606728273862 27927013
169608122098187 105391487
169609448125572 220663827
169610551097220 27997681
169612011059902 21716629
169613344123028 58262480
169614561312256 26908676
169614852082738 59732571
169615066076606 13747943
169616399114485 53955955
169616706476196 55135510
169616919037145 12399055
169617198316376 39782107
169617517302369 52939818
169617816151080 57796483
169618040087288 17751074
169618295089002 31742859
169619585117758 58251338
169619964193957 131860833
169621322417150 46378754
169622846069170 40101430
169623095130643 32791330
169624634135211 290059583
169625001176432 103669695
169626446618055 139967403
169626718094887 34982586
169628211094023 69108157
169629810078869 37648070
169630085600254 52296514
169631332132607 118662173
169632896064996 131613985
169633178121803 60792249
169633420085771 13729618
