136420815154807 11486652
136421030087997 12690660
136421239712527 8336186
136421446608355 6244612
136421652845897 5891313
136421861854742 8516590
136422110095734 9893488
136422323632347 13056045
136422531016750 6414056
136423019825087 7199621
136423239166264 13710199
136423630124154 12990282
136423943754895 6742063
136424149662524 5490863
136424459865664 17423117
136424719758223 13782086
136424927725713 7133101
136425139225816 11167386
136425415144727 11317256
136425723796888 12207716
136426021398756 13800919
136426501049095 74138576
136426834880472 9764496
136427113329917 8759851
136427415853108 8205444
136427633056221 16720844
136427842762494 9428658
136428121168274 11522517
136428332767520 10359831
136428821370854 14075233
136429039493225 17758892
136429311449011 65129966
136429525134065 12998663
136429840953971 13943906
136430229144364 9762177
136430705977322 73574989
136431029317042 14985083
136431336185261 13056400
136431547192107 9896101
136431800881118 48236815
136432312718379 12255149
136432532434528 19273277
136432930323440 20907791
136433141503581 10172417
136433356425221 14019368
136433615143300 13507777
136433829113723 9795819
136434228909283 15380246
136434642727987 11177103
136435006196158 84403737
136435520186969 18133299
136435736286748 15622756
136436114311902 10817918
136436718831992 11728698
136436929911871 10724758
136437229435172 11935059
136437444420586 14080812
136437712748678 10768212
136438201034435 77397620
136438430131947 19979345
136438650763158 9580306
136438860144635 8980245
136439149145776 19925541
136439523076528 14518565
136439813213031 11714004
136440027155229 13636767
136440329129869 14416400
136440645409286 14354304
136441033289402 17727244
136441243883482 9552735
136441613859276 9703663
136441829059025 14739614
136442040385588 8592633
136442518895611 13767362
136442940270676 13931307
136443415413101 14126533
136443730624933 13840323
136443943336697 11347516
136444231079790 9427677
136444520915250 13311957
136444910845614 9851238
136445232887525 9555180
136445731927913 14661564
136445940960045 8618738
136446151457324 10117928
136446361578892 9744584
136446825295739 23267591
136447138188618 15691431
136447359534982 16189609
136447574294634 9008679
136447789292715 14619519
136447998173747 8521485
136448415216024 11949836
136448639856843 15506978
136448855625832 15256713
136449128112638 14538548
136449338687267 9354710
136449549433114 10375591
136449804451644 25540735
136450321376217 79643846
136450617094072 12322497
136451030921969 17635808
136451249090195 14732477
136451538204778 9224734
136451748623328 9997912
136452036889793 11991018
136452338295190 12643585
136452552351581 13034022
136452820865193 17056971
136453033228920 11905977
136453247170638 13487741
136453457477802 9931365
136453935779406 14773541
136454147076519 10851951
136454418473866 16084199
136454813084533 83533406
136455036011401 12618997
136455435445128 15218998
136455714082585 11744600
136455929040225 13235859
136456144523988 14502125
136456354995857 9671734
136456615732344 15534841
136456914499453 9556649
136457325356503 11909261
136457642126471 12242496
136457911932947 9649471
136458228120377 12414720
136458528121238 9678533
136458818929802 10478311
136459031144284 11804995
136459240134103 8795230
136459501032729 55436472
136459912835392 12645194
136460325125398 16847712
136460626690910 12484262
136461126176256 14898281
136461530581293 19875523
136461925093564 23246273
136462336134404 22757218
136462635913806 11089178
136462846148869 9813714
136463056042035 9511601
136463313189043 10545074
136463537014341 14699836
136463746600563 9260651
136463959903340 13117730
136464213209418 10331185
136464424063711 9721395
136464735089321 14579110
136465009835050 8980736
136465225908703 15529337
136465538537550 12598981
136465749554850 9953315
136466216884680 14366158
136466430144147 11818674
136466640433330 9914751
136466864359808 16032157
136467073445520 8717564
136467326204787 10805453
136467542318621 11891402
136467763375089 15673902
136468330928064 19971771
136468736105992 8841144
136469035543507 9921344
136469244349083 8390143
136469522087136 11927788
136469800763496 48235760
136470016156277 14650504
136470232176840 15657076
136470450502703 14487927
136470662644555 11811581
136470875584602 12576856
136471088788472 12828053
136471422859942 12983097
136471726403934 19358375
136472219553999 19355288
136472537588035 11353377
136472818114131 15657405
136473115890419 14492166
136473432953427 11112330
136473640755788 7408506
136473851081084 9760799
136474118119870 17958557
136474330338926 11862666
136474642194528 13026394
136474865255835 17390107
136475115166231 19218451
136475501696264 82362387
136475730967110 11256537
136476044213122 17041635
136476329088304 11605326
136476629145011 19827907
136476926641056 13133555
136477134306611 7301655
136477429094638 9373573
136477713968222 7253942
136478029008373 9682157
136478246367130 16984034
136478464368801 12371562
136478713124820 19101392
136479125800633 10824166
136479414357956 9364640
136479634862594 9949874
136479843925518 8570679
136480110407639 9192024
136480423093430 11027476
136480731089141 14924092
136480943071902 11591760
136481220785767 11637818
136481521881923 12280759
136481732571975 10233180
136481942769918 9837502
136482153279571 9947209
136482416870241 9478197
136482815842263 13660890
136483226152359 97355809
136483532930365 14443792
136483744467362 11136673
136484006185706 55787795
136484428998783 22736133
136484918917640 14406825
136485423971840 95589489
136485801262548 80916876
136486202174218 90313875
136486515132453 12970309
136487039166426 11624378
136487313131142 11481502
136487529812189 16323605
136487831764304 13973228
136488132935440 10782934
136488344307516 9970361
136488620047013 12633033
136488830606716 10268382
136489041404788 10075986
136489437833413 12038744
136489754132543 12336429
136489963500186 8883095
136490176405821 12090730
136490387466475 10701524
136490601702705 13273079
136490815359455 13015815
136491226163703 14665540
136491539951373 9925612
136491750280684 9956473
136492216043431 9809164
136492723921641 12568348
136493119078119 11039763
136493528926764 8759178
136493743295520 13929634
136494216435271 12394070
136494431529601 14764590
136494930160252 16730248
136495141800870 10414681
136495613850289 83778788
136495838576442 19015852
136496049890810 10521788
136496311347361 10905910
136496534078755 22365797
136496912132411 81766509
136497401067811 79929323
136497626801130 13142629
136497842114078 12751052
136498052860280 10042435
136498320364317 13594704
136498601024770 74934318
136499034350631 13635257
136499421868869 11186365
136499717682781 12821126
136499929490865 10105814
136500139217156 9359678
136500351871785 9529583
136500615914355 15711562
136501018119978 11705349
136501323197278 14267724
136501639452091 14018427
136501849121043 9309990
136502123593694 12824908
136502334046332 10102117
136502545223283 10488062
136502842100621 11031251
136503249194365 15227291
136503544944583 14463312
136503755432491 10113320
136504017624453 17105953
136504331107872 9039337
136504835465641 12556866
136505045986659 9666410
136505256445947 10126467
136505466321954 9509581
136505675767949 8795938
136505893035010 16893416
136506236813603 9212351
136506533122768 9827156
136506749192165 15376778
136507122783918 11758923
136507334068623 10898548
136507545329155 10816779
136507818792264 14949581
136508106003994 81298388
136508318149645 11791318
136508645440031 14584113
136508915618916 9413533
136509230075688 10854593
136509613913411 90237370
136509837689303 20356193
136510130204257 15220407
136510350834668 16282784
136510561599715 9265696
136511043756462 14332474
136511440289770 14472211
136511649063633 7984587
136511923179649 18825595
136512226182589 10833342
136512515154011 13544140
136512801729055 78879005
136513131698614 12679922
136513401277586 63841180
136513731491433 10281401
136513940436889 8478552
136514400892868 71164748
136514621476546 12460006
136515019388601 88811311
136515246104659 18827850
136515527131471 16083726
136515839370854 10576275
136516049763345 9435620
136516332363365 13872367
136516540543105 7785814
136516754429959 13293396
136517241888414 11695610
136517454638752 11312041
136517722594068 9488484
136518128829286 23440313
136518345083982 15764067
136518633907559 11804416
136518845824744 11487002
136519060165820 13859160
136519271769813 11376439
136519737853496 8752982
136520136154469 11560744
136520345202855 8478919
136520633178734 32976233
136520848928493 15581584
136521067096210 17319845
136521276481497 8078747
136521726335674 17386671
136522033094328 11749214
136522243433623 9112189
136522454085716 9774196
136522700881241 41289999
136523039156352 14863330
136523250015904 10505563
136523513647027 12296449
136523732430699 18457846
136523942655905 9326628
136524242855360 13149625
136524725155125 20822724
136525031139261 11595819
136525243666150 9589731
136525458944327 14915821
136525744141546 19275354
136526017641512 10951194
136526229125552 10927387
136526441104936 11754200
136526738525233 15866686
136527009153570 38452461
136527320529114 15635011
136527840876528 12109815
136528352828640 15654870
136528564897794 10419033
136528834133359 21070515
136529044336731 9786271
136529257140811 9790249
136529511206876 8835452
136529724106988 11772785
136530015069868 10568356
136530423033351 92356550
136530700795920 68064954
136530921034660 19664971
136531228986086 15713806
136531530440270 18638625
136531739764903 8546931
136531949914283 9585088
136532235487914 18433493
136532451461765 15619463
136532733082843 12205182
136532943774687 10337284
136533201171030 50719425
136533602055924 72101648
136534021138167 9776027
136534231940107 10584911
136534441818218 9390017
136534652394547 10191955
136534931902707 8724656
136535142095045 9761877
136535351816037 9321767
136535561865577 9687115
136536024419306 10763913
136536534098786 11877736
136536743288992 8837385
136537002087076 51733972
136537222147618 18051915
136537434938195 12593064
136537643983253 8671015
136538164153703 9439402
136538419710549 15567405
136538644583796 11370457
136538865743816 15137483
136539120179967 10850282
136539334842411 14502390
136539548110243 11841163
136539762267092 12937004
136540114285896 8085498
136540401021733 79912357
136540801015491 78382754
136541126129141 10318457
136541336555803 9188372
136541546649081 9084323
136541757493800 10160067
136541967935889 9503905
136542213076962 14627744
136542427093718 12758505
136542832000637 108010052
136543044156844 11762256
136543252932543 8386305
136543727893442 13842358
136544018453387 9773237
136544324106412 15561043
136544640164224 13517008
136544927306415 80911601
136545140303043 9900852
136545425783640 17451242
136545714523421 10723328
136545928092950 12719770
136546245631199 15021594
136546528898177 19286381
136546741777112 12522341
136547125126407 17818746
136547338598178 13016975
136547736059110 26792717
136547963897668 13582624
136548174518055 10186715
136548384019463 9061709
136548630085372 9632236
136548940261407 19486454
136549318958766 14738234
136549710952720 79463033
136550034569113 18721827
136550538329973 12855485
136550937205268 12063501
136551454456759 10055991
136551666613676 11698211
136551910379315 10010185
136552315614690 86626062
136552801050777 90050869
136553146284005 9640137
136553436787948 10935830
136553714767481 13425980
136553930160039 14828513
136554213117295 51958948
136554425163986 11799651
136554637114630 11601022
136554850179875 12600274
136555064197452 12889530
136555274617859 9327743
136555507134937 26924190
136556007454515 87842065
136556218173793 10344340
136556528694929 11318624
136556739986204 10398012
136557001208496 54816130
136557531011342 12145877
136557935840150 18959107
136558221348210 18013902
136558527858261 10262385
136559039922768 11947435
136559266005457 18678958
136559517565113 13232269
136559730162216 11828569
136560016650454 10128252
136560516412456 90647580
136560726397894 9567148
136560943118784 15788560
136561153479605 9962320
136561445478609 13774640
136561656549550 10206157
136561918054540 14719536
136562224761126 10833507
136562739160240 15350103
136563029134504 13562247
136563238583759 8254614
136563448183740 8860489
136563911371128 81897746
136564301071440 77444920
136564525071892 11581713
136564735157358 9804307
136565122508391 14311256
136565337102900 12781968
136565731231886 8178205
136566001125424 61789731
136566214097525 12716531
136566422803720 8472875
136566733421023 13592697
136567029718322 14642548
136567326861656 10555545
136567544412777 16013487
136567837654023 12814631
136568050612895 12468587
136568310818666 59734737
136568619457865 10475339
136568930624793 9180567
136569315573059 7937236
136569526589848 10197879
136569735886419 8564704
136570039075540 14601728
136570400720271 68145862
136570825123601 14524612
136571044846860 15527511
136571309893277 64715147
136571522082960 10756160
136571745722226 19384507
136571960540358 12198005
136572215166939 23165097
136572806189051 83654460
136573019442482 9555732
136573231939250 11611504
136573442275580 9932909
136573701042770 51703933
136574045051104 14033711
136574334898331 17420626
136574551763071 15460811
136575016605755 15604962
136575515373098 87278974
136575743979619 16651825
136576141174450 11375890
136576527397447 14913341
136576819153596 8791837
136577031366940 12013217
136577241395164 9577128
136577451131839 8828605
136577717860061 14540300
136578034564457 15842708
136578321687953 9852495
136578534951847 10620815
136578747084528 11689245
136579261399234 15403335
136579475514050 13191644
136579722142508 9551115
136580037304514 24435881
136580250207663 11816816
136580472185354 20847963
136580731557904 22084394
136580941193163 9257613
136581156856299 13547860
136581401038996 38634630
136581619105685 11773311
136581926208108 17631956
136582140863291 13193426
136582425190094 10637275
136582634481676 8800728
136582900411043 65587386
136583232213279 14041958
136583449017612 15628690
136583722762292 18806154
136584042892147 14779822
136584319096296 18941844
136584534985424 9657430
136584751931952 15603480
136585028178330 9519364
136585244137227 15502597
136585460053917 15635180
136585671849844 11451820
136585886886789 14564281
136586103415182 15948479
136586319116487 13349155
136586736601150 14073097
136587142141409 10351665
136587439827342 12775560
136587716476169 45782155
136587930106011 13003586
136588141649909 11164425
136588621827875 13941758
136589002964719 83982553
136589365540337 15082380
136589580451091 13151370
136589839523590 17583331
136590049908791 9843928
136590259891069 9120933
136590530508451 16195687
136590746430949 13099887
136590960654511 12231536
136591217536393 17308372
136591431003334 13018126
136591721467884 13598968
136592131320607 21326433
136592527076961 15471526
136592829876406 8922968
136593125777547 9895666
136593335072074 8724928
136593547575590 11247211
136593825142609 10149233
136594061938162 36238875
136594510113151 84490790
136594721259633 10913453
136595021160631 13739228
136595231882053 7958553
136595633442204 8225929
136595914456257 9231188
136596126848114 9519959
136596417826581 11872869
136596901763297 97727307
136597301122256 77701200
136597511682773 8356702
136597731337938 19216042
136598113101857 11438266
136598324102514 9763860
136598536285325 10948334
136598813671078 10506423
136599300816839 170725193
136599654314453 8933407
136599919666425 13062665
136600132911865 12757582
136600424628386 10548937
136600634519129 9382091
136600848111512 12777710
136601225320670 15880775
136601631434939 11881318
136601941552402 13502741
136602520302443 71277386
136602853408763 10004831
136603120198730 16440586
136603501082639 71416605
136603712115511 10739539
136604016009417 11397214
136604226594283 9874124
136604443420378 14751012
136604938748807 15581092
136605161189611 16629054
136605701028669 83166837
136606033665195 12461574
136606320126314 11073179
136606537806898 12462336
136606750047528 11840561
136607024135224 18824288
136607401990645 84881140
136607729890349 11589674
136608138777072 10661693
136608538368184 13371926
136608915474863 12670074
136609236147434 9753459
136609456967921 14496556
136609720119210 15881105
136610030470858 11946408
136610423519172 17201426
136610634393892 10411326
136610934814230 14039096
136611343326023 10238454
136611556892923 12545169
136611767937518 10652749
136611980971044 12619838
136612434916435 10652087
136612726996556 15497695
136613023124335 10520319
136613317494550 13596114
136613537770067 14436364
136613814865959 12732755
136614029100210 13687251
136614239695804 9367735
136614449777428 9538497
136614721120454 14889596
136615144582254 12783957
136615416162542 15942524
136615821110048 11780278
136616123513507 17206471
136616513190915 9225422
136616834058903 20682683
136617125152427 12497540
136617335390506 10082414
136617828311489 13249475
136618132125418 30735302
136618348123124 15559577
136618561210254 12626225
136618930968054 11961245
136619144917857 13572096
136619357138259 11841133
136619835908413 12449773
136620134906656 13668609
136620423097960 13702601
136620726844989 14945158
136621005506645 73184979
136621219632744 13297968
136621432144289 10810598
136621906542498 84560506
136622134155115 15577690
136622411233843 11038774
136622620167137 8405936
136623127078952 11490698
136623600957397 87272392
136623815678079 13294182
136624033113850 17084230
136624241967340 8613306
136624453688670 11319466
136624713116089 10830965
136625011652450 8925231
136625350833228 10936232
136625559584234 8315963
136625921143077 14673419
136626131512487 10188311
136626352922153 14892313
136626562558705 9211721
136626771974647 9034125
136627015602743 13380758
136627233226187 13955809
136627727971932 11037650
136627936890246 8548034
136628248586068 10060189
136628525111955 12972656
136628736134422 10793129
136628949339664 12120678
136629160897411 10575961
136629401091048 34693754
136629613281075 11504344
136630001055965 84320869
136630315816802 9666038
136630529476957 13141506
136630827183108 11853588
136631100879668 43709799
136631311795553 8461962
136631525135934 12795529
136631736905762 10566457
136632015933271 78644610
136632228237588 10894224
136632722134851 10118421
136633016848428 11411663
136633228173055 9842400
136633438269108 9576888
136633652820809 12393421
136633952419574 13516476
136634163452302 10097020
136634374004152 10035557
136634610006839 9041092
136634828133135 17751899
136635045115937 10779361
136635311161138 34990143
136635711078384 10142174
136636104168503 77277651
136636326120191 10793581
136636537960732 9887170
136636749112839 10687389
136637002098637 47434688
136637217419573 14093310
136637621819249 11051398
136637844719410 17456382
136638135512470 14147612
136638430757277 10092128
136638639946155 8722312
136638901063811 55574538
136639113785292 11160215
136639516271299 72885897
136639915685942 9821240
136640129591557 13440742
136640416929132 11593935
136640824125593 9162787
136641101207122 71733449
136641318405276 8981835
136641530443273 11060218
136641739689655 8897225
136642118801515 90013054
136642726085964 17459325
136642941916305 15280414
136643229541833 11121640
136643438910616 8953912
136643816084646 9424714
136644029129626 12218579
136644239920834 10563243
136644450121446 9813387
136644660378269 9623217
136645019647503 8426356
136645319870236 16326356
136645824614723 12111105
136646329640975 16585691
136646639870023 8851914
136647015985855 13981231
136647224518741 8155573
136647435670266 10796381
136647705794521 63414806
136648041233886 12473426
136648524232346 10216819
136648826137342 9792724
136649039728599 12393300
136649317329823 14539953
136649628789483 10689330
136649842390034 13189228
136650106002597 58099101
136650511158746 82877819
136650724149809 11814198
136650936369780 9538000
136651523322581 11667298
136651736693315 12358811
136652117994775 12545866
136652429439085 11577483
136652950187180 10063677
136653218361827 13406653
136653709613742 94264428
136654120152023 18318313
136654617133073 10670303
136655001137042 68099347
136655315716109 13149061
136655717156794 88207652
136655933953378 15615969
136656218571318 13724828
136656804192809 71654446
136657212166866 72883595
136657514997913 11998718
136657726130880 10655838
136658031660919 14054606
136658531167061 14791490
136658741501791 9938015
136658962109504 19786464
136659202441268 10558006
136659420173696 16823795
136659933429240 13775370
136660149965838 15628522
136660358645408 8302311
136660572106385 12775362
136660781127274 8642020
136661036927663 14479233
136661249570444 11202621
136661704302754 81742610
136662130659662 16008567
136662340745167 9397424
136662553594042 12405759
136662770949614 8650060
136662979467815 7636779
136663226157463 14952923
136663608183991 85207585
136663825078492 15743484
136664037437252 12111099
136664261658361 14208679
136664511561724 9613351
136664722788957 9456118
136664932962733 9634784
136665206809021 68427338
136665563790731 7897237
136665820191729 14952930
136666134885143 14026860
136666417290299 17093758
136666827562130 21216503
136667113018634 12478086
136667427989812 10575501
136667638150045 9814751
136667848145619 9523746
136668133034635 15102273
136668345200043 9820794
136668556050530 9735806
136668818139123 12108238
136669237131214 27137100
136669611353368 81781469
136670017028754 90674282
136670237652310 10328534
136670531043736 11414906
136670740890227 8882934
136671017748010 13547762
136671229135012 10772877
136671440434888 11097919
136671723127603 14978600
136672022148511 10379760
136672401020806 75729049
136672612175030 8850518
136673122325811 12387746
136673429938356 9082904
136673935131218 11041434
136674218929022 12152968
136674619140079 8182841
136675101150528 85744624
136675322116224 20002624
136675638011239 10786820
136675847129569 8834778
136676128175334 75758971
136676344897704 15994240
136676630721352 10449785
136676926459436 19856274
136677411030774 7926943
136677736418044 14121009
136678123346594 9839359
136678335917223 11593633
136678601129343 59824778
136678936916121 15565305
136679237473788 11585441
136679516310815 11686846
136679920489378 13922013
136680302740997 72904295
136680515167486 10714179
136680728418099 12059672
136681114986303 9387460
136681335991249 13808864
136681614090473 13064908
136682017078963 11917426
136682230064671 10724851
136682439612509 8734548
136682651700087 11677525
136683117125859 16838607
136683433149049 10345527
136683644148530 9799396
136684137459891 10815811
136684514471102 11864919
136684728271241 11197456
136684944096647 15241389
136685400775314 77921734
136685617067476 12739300
136685918623242 12355680
136686130021898 10888080
136686341731830 11383286
136686723331081 14556456
136686935548992 11794620
136687146676545 10815369
136687359905241 12768609
136687610524543 10288423
136688104018116 73562009
136688317255679 11931201
136688531789939 13461566
136688826600355 9676883
136689037007342 10047041
136689314444379 10610248
136689531143942 13814414
136689746059908 13004335
136690027536950 13061460
136690333107438 10869685
136690619885769 16747455
136690938407473 11593089
136691148123652 9099691
136691414090177 13895632
136691732130987 9666447
136691945105052 12483710
136692155031576 9695087
136692417526376 15022030
136692715302322 10384929
136693137046287 8581977
136693536878022 10543155
136694043116092 10668890
136694253723368 8943985
136694525104026 21059609
136694832080110 13435252
136695116356266 13157668
136695535504801 11543333
136695829951694 11054866
136696039354227 9023500
136696316109918 46195500
136696715165053 13417015
136696927981818 10675499
136697420858795 14957219
136697645154550 15821880
136697910848758 10478706
136698322279656 11045536
136698818149035 95209966
136699028128203 9777164
136699515930604 12970104
136699735443673 18980989
136700012045178 11332850
136700229130814 14784966
136700701078531 86012051
136701126345007 17640719
136701341646495 14602692
136701620122659 11922507
136701921159322 11359749
136702217571730 14241209
136702620177983 12077794
136703131256161 16413632
136703341105387 8789465
136703633836539 11061520
136704031257754 15685778
136704401058860 81314910
136704625482953 13158126
136704916311298 12249886
136705235117263 18497453
136705538868744 10989177
136705918866090 8991834
136706147959248 16573445
136706413033188 34048483
136706818633036 64614614
136707301002937 84696717
136707632131971 12363310
136708130087265 12136766
136708338624837 8025816
136708556015259 16947994
136708819101367 13560622
136709251070544 9758502
136709518920716 18721375
136709742258445 15630489
136709956180046 12773609
136710222102692 13574428
136710433859165 11519936
136710641687719 7463133
136710851066833 9059296
136711070407460 14021735
136711280186926 9462712
136711490220102 9662839
136711820324343 9158913
136712034481521 13147919
136712329465063 9678521
136712545737306 11980088
136712768025997 16525859
136713016917953 15804433
136713453505766 10171693
136713746064269 18653677
136713956836876 10410915
136714205943667 43619930
136714417559990 11200369
136714801026345 74127052
136715011906608 10568894
136715224139307 10802435
136715501090815 71676198
136715716848175 10502408
136715930545570 13200513
136716200751299 40034740
136716522090469 19584847
136716733525764 11195107
136717214922326 88444505
136717533650877 13534604
136717841990447 13725870
136718053664061 11252848
136718417690334 17298590
136718631215589 12985563
136718926337940 9255144
136719224109994 11631198
136719530435428 11524441
136719740201287 9322274
136720040262024 15846633
136720265104527 14846537
136720824069923 22895041
136721037276384 12940754
