137463032797894 17076818
137463257312874 18958550
137463515572919 13839011
137464104128335 95206612
137464321420474 15058770
137464905177586 86096398
137465500966718 85687195
137465906538344 76612802
137466327254073 21853636
137466620095405 19468512
137467023484112 20753834
137467238196669 13866353
137467521522847 12298106
137467745045340 20726028
137467960961124 15636064
137468171138016 9830610
137468519688175 13665046
137468816925386 8505890
137469126168582 10650903
137469430600652 15228860
137469646619637 14296707
137469860928660 13960244
137470071836768 10499296
137470316736107 16592694
137470529206417 11888352
137470834092859 13213699
137471301086710 81592654
137471628532258 18145145
137471929785523 95496042
137472330213070 29988618
137472611824906 11309926
137472929087605 19201746
137473454720442 19336362
137473817037293 15496152
137474118079492 13698680
137474442892336 19398434
137474934222982 25150705
137475147104172 12162533
137475359672466 11368218
137475854095651 18770265
137476342118675 22976662
137476633109447 28233625
137477015109719 85060145
137477513064446 98471855
137477841684666 16735583
137478322090039 21648776
137478537059111 14687549
137478753118502 15597056
137478963693809 9999863
137479175069140 10752716
137479430081302 15695518
137479642095048 10763045
137479854868576 9197397
137480063780456 8474932
137480311109624 15875978
137480621871250 16373182
137480838100193 15149448
137481056763120 18233730
137481268898955 11865899
137481532390362 11233936
137481749106633 15956667
137482001783639 46930698
137482400350661 51792970
137482632801732 19956113
137483016401095 12873293
137483241877568 23547250
137483454018900 10693491
137483719886361 16823275
137483937674939 15990652
137484520672864 18733507
137484745097230 18924479
137485129192338 13106663
137485624867147 11346893
137486024357863 12538749
137486508143111 69055713
137486829402730 19410163
137487047021685 16673755
137487315668452 36807944
137487725950196 13861061
137487938918219 12258936
137488224064176 17688790
137488446517339 21195417
137488820815542 15973493
137489037038374 13714023
137489331196882 15976091
137489552117400 14766503
137489822129026 16155646
137490140466524 16511717
137490424390640 14291050
137490815359347 86991664
137491434281260 16608925
137491705112957 59753627
137491919016967 13674454
137492136085980 15477609
137492431211579 13182541
137492642045871 10461136
137492853326825 10830651
137493063732794 9403037
137493272475971 8313260
137493522182556 15986169
137493736122424 12760443
137493950580910 9021205
137494161965308 10837320
137494440959208 27055188
137494747100745 17218942
137495221060394 10236929
137495728286490 17202248
137496232994432 14317416
137496735927107 16008885
137496950874853 12543335
137497163039569 11658200
137497419046381 10925274
137497724093924 13560513
137497942375165 17792989
137498157433851 13125688
137498372197266 13876408
137498623011005 15077759
137498967847971 15969239
137499222459688 23430041
137499440888493 18060251
137499653888519 12087349
137499863292374 8967262
137500136887054 22346979
137500531126701 28904508
137500833200487 10774100
137501310166496 80841747
137501823066062 93394419
137502311123874 95667668
137502532921538 17593357
137502825640002 17666504
137503041970107 15647947
137503301170370 53831269
137503525935004 16559239
137503737049481 10765705
137504133521535 19642315
137504526164847 11145313
137504738565944 12040292
137505223345447 20197771
137505446033714 22349616
137505659297137 12892142
137505868970966 8651042
137506158669140 20060019
137506373526118 14510646
137506637995883 19996327
137507020129824 91715484
137507320294705 10792019
137507630263617 13701083
137507848804434 18183030
137508060201832 11055681
137508635284950 9155106
137508852907233 16593990
137509411391155 10630287
137509623003903 9670136
137510029144064 24017869
137510245003823 14678291
137510455390777 10011896
137510670730563 14979620
137510927002028 24149437
137511400981349 94026928
137511624084024 22398241
137511843375481 11591618
137512133452326 19374173
137512440898334 21503010
137512716586161 13594033
137512931058272 13545924
137513335097885 12276210
137513906259958 71194907
137514230003257 9871647
137514539166646 14577763
137514755085561 13961855
137515027508264 26284792
137515242293826 14352785
137515617165351 14528659
137515836874493 18546274
137516154879574 13940089
137516451486409 29099023
137516669099881 17205943
137516880716463 11237379
137517149137017 19470562
137517500984181 67387192
137517736164572 25845526
137517950625980 13079815
137518221886589 15919064
137518501403205 72087152
137518715073120 11737072
137519054282555 17128541
137519268361627 11985828
137519735352157 18156993
137520137130841 14052882
137520348314224 10672761
137520628868973 13816229
137521018124546 89463382
137521246868413 20275468
137521461897479 14683163
137521728109498 14873816
137522213055382 84089431
137522429051429 14723449
137522648378431 16758640
137523001109137 85795393
137523224460852 14300931
137523442969671 13152629
137523658674201 15362047
137523919106183 12040764
137524131055329 10670684
137524341772200 10435364
137524552169685 9853240
137524814792508 14650815
137525035141507 19832813
137525252709989 17087200
137525540090087 20168036
137525815073491 73922915
137526027070755 11591785
137526420987919 20356529
137526801219074 55624369
137527146862558 8581255
137527356226084 8949943
137527627424493 16195454
137527845064548 15740502
137528330048231 23934114
137528539690350 8590817
137528818059124 17886335
137529224143886 17020996
137529435930021 11434353
137529739125735 14202729
137530121107744 17151467
137530329666387 8196573
137530541859450 11843511
137530753035161 9702768
137531101172325 83274565
137531324365142 21030625
137531628294864 16642190
137532008494455 79455646
137532229863003 15948313
137532653564327 9803937
137532919644291 19470653
137533135113486 15005824
137533516050490 14912797
137533730087969 13761165
137533945888280 14550350
137534523088693 21290345
137534822996236 11793085
137535201049358 79367332
137535440981746 20643027
137535722068281 21897870
137536325746680 25531312
137536542723307 15401849
137536765312445 12976529
137537135713811 15595235
137537347856940 11200775
137537559009531 10686005
137538049737803 20458043
137538521346129 15242346
137538739882871 16567376
137539203310578 65963609
137539538877467 10079201
137539819086931 18925001
137540038221452 17888920
137540252292992 13630391
137540466070106 12941684
137540701428019 29111336
137541142393241 17880967
137541431132699 9048838
137541645320011 13972793
137541858844219 12497185
137542072658337 13328054
137542328210841 50074765
137543001965567 73363744
137543237123974 16738071
137543541882250 12153960
137543755551785 13204272
137543973801943 17882739
137544223105655 22909782
137544547092978 10673375
137545128298782 15237632
137545450043889 10593976
137545929864530 88604026
137546346336181 19486334
137546851215230 11459932
137547118800350 15477253
137547400782852 77503749
137547615132058 13938299
137547932107819 14590509
137548140940221 8335812
137548635048526 20809734
137549233903401 12515147
137549629671619 12436147
137549845565227 15178305
137550129616480 12483151
137550346343920 16387931
137550557273862 10577432
137551037136734 21672573
137551252761033 15146202
137551463069351 9946030
137551958727032 25654203
137552232989567 20633041
137552536063930 16683960
137552749038536 9702642
137553200948186 79926699
137553526057467 9213733
137553817164874 15959953
137554142426459 15274379
137554422059377 9189140
137554726849334 9913864
137554951900149 19517352
137555216105765 15697036
137555430087711 12764104
137555926562899 18528213
137556346198070 26651020
137556617043630 16863577
137556830102101 12561674
137557043811539 12486365
137557504130683 94067413
137557841460796 13614432
137558123236867 14898795
137558335096374 10766407
137558653145780 14576714
137559038769054 17349722
137559260432679 16147423
137559479880785 11505972
137559820092745 94366736
137560038229170 17874805
137560309726177 40557658
137560525036614 12702704
137560736102857 10716149
137560945406599 8925446
137561156202122 10443456
137561365882190 9448555
137561836864381 18929902
137562050318907 12987825
137562261747049 11057201
137562515966984 11220917
137562736852812 14531708
137562946207447 9101079
137563157083658 10404112
137563723702357 20216927
137564126055971 72310865
137564429018412 17087326
137564642583123 13096973
137564854487203 11443440
137565116934361 16539111
137565601277328 76797697
137565830396570 18303644
137566052952698 21628025
137566267118930 12799296
137566478190180 10150623
137566731493066 11917989
137567118985635 94864741
137567345055053 17299814
137567554096235 8753974
137567835103874 15049298
137568050095394 14752302
137568339527301 16847997
137568731026647 12154193
137569032043392 9151189
137569519448483 16585249
137569737311550 15918853
137569952132897 14001833
137570201167672 41856425
137570439087354 22936725
137570654306380 13973330
137571022050840 13032798
137571426067341 21194025
137571900972069 70424460
137572301011355 82138449
137572515084909 11755939
137572901061254 72234204
137573228141493 11375160
137573517068122 14424688
137573736777703 15389010
137574243592476 15586145
137574818095131 14766538
137575119787293 16700262
137575332080140 11933904
137575545469923 11853795
137575819129425 15795509
137576326220651 21278110
137576543288112 16704615
137576835887034 16729204
137577048138482 11901187
137577337815511 9594072
137577556963175 18621873
137577821091410 15391012
137578050759261 24902606
137578280790322 22291936
137578493485582 12072047
137578826883749 11337289
137579053398611 17426419
137579269046330 15185081
137579544140925 19521670
137579930956432 11848476
137580146354051 14964148
137580356912546 9577684
137580636125838 22252989
137581025659230 17888266
137581634061167 25106685
137581848100412 13652905
137582065736236 17278997
137582314432005 8852875
137582811104057 63205134
137583138365232 14276682
137583348091585 9348389
137583561327294 9247169
137583829146373 12001601
137584040328967 10818339
137584250304113 8799698
137584518509300 11071566
137584822663955 14917978
137585039866910 16536441
137585431684933 21416843
137585813609647 72136335
137586028811105 13473877
137586352837257 37304035
137586617168379 14789888
137586837238050 18686888
137587142677904 14863023
137587419084537 10914063
137587731848211 12314339
137588001115678 63641226
137588221382747 13506942
137588436837741 15001869
137588739124743 18757972
137589055728300 19732195
137589313645446 13473917
137589532167047 18107964
137589744172596 10843147
137589954455901 9813050
137590209088844 23448633
137590613391978 8551468
137591126053952 16829294
137591414047487 83460827
137591722570805 12044930
137591933100037 10160457
137592144633055 11174768
137592420053858 17308681
137592632829251 12393223
137592845840962 12470996
137593055604158 9286088
137593321850817 34032290
137593622617657 13815404
137593928627624 95296277
137594142822947 13473175
137594429071108 9990397
137594900980867 85503129
137595127172315 10488429
137595422751820 15331875
137595642795134 17667582
137595931101641 13569139
137596143092198 11757357
137596441837917 27031238
137596654164331 11845309
137596867805327 13278926
137597134489855 20572310
137597346039085 11104272
137597850510375 13530106
137598061353533 10399642
137598517332865 87287020
137598800777738 77953441
137599300928951 73504239
137599700958165 79595677
137600204397251 86696092
137600433149792 26710626
137600658111981 11790841
137600867717916 8594015
137601077357615 9167877
137601290724350 12924200
137601638861758 18374705
137601852305796 13100481
137602143826328 9048240
137602401074903 50737807
137602617289911 15857175
137602933637993 12483885
137603401564190 72902087
137603614724629 12586837
137603943734324 9575638
137604239513528 12190651
137604515005684 12037539
137605060570001 11447127
137605541262501 29384849
137605852829674 10406283
137606062136722 8919519
137606325095959 11188576
137606629469335 14907660
137606850809028 19484148
137607333940254 12397050
137607636544416 18214453
137607852385211 15032236
137608062558009 9717797
137608300992059 32966232
137608527104051 23776414
137608741103379 12927237
137609345121227 13661498
137609554066623 8537211
137609762930339 8485629
137609974430397 11144182
137610184098974 9286244
137610523080059 15161384
137610826305060 16916991
137611043054724 16434808
137611251857359 8519669
137611735066044 16508215
137611944774426 9324223
137612533531192 20625879
137612933117037 26258789
137613237925627 14387967
137613524724879 16576818
137613739574204 13912699
137613951874832 10898078
137614161096465 8727054
137614421952619 16703299
137614926685084 82828022
137615234903940 10374830
137615614019553 12790101
137615827108753 11780879
137616043090515 14764210
137616260552137 17219984
137616472116741 11213274
137616718106040 11157644
137617043013144 15451636
137617625076029 20978357
137617900995521 64899735
137618218786197 13178327
137618619307146 19034561
137619032101057 18562187
137619243211157 9876203
137619511164046 36365980
137619727114290 15684806
137620058298935 14912446
137620275094890 16407653
137620635148695 15218119
137620846312917 10741640
137621219649212 16297688
137621435124878 14787782
137621834188298 13883282
137622045707097 11085778
137622258347247 12300616
137622468557858 9789576
137622710075369 9554749
137622929063417 17735132
137623227729954 19648098
137623439493853 10160179
137623926634702 20185285
137624217044221 14207888
137624430541216 12210949
137624720772160 18406100
137624936013029 14860772
137625156778479 15195185
137625610112646 77907076
137625819005090 8497042
137626033956577 10636625
137626301122520 54791850
137626517322852 15683361
137626945453040 18360121
137627220098787 10033245
137627431058034 9724964
137627723091456 14553538
137628121089461 13230905
137628335195252 13317271
137628547119351 10783878
137628760021981 11696249
137629013011783 10359532
137629231294998 17958786
137629711603124 83369800
137630045082272 13403116
137630312037542 11610013
137630535191449 20855165
137630841855980 13255799
137631050943940 8725867
137631261232912 9887987
137631474451860 11130585
137631684570442 9659952
137632131590863 17033106
137632343541268 11512332
137632636118117 17964949
137632848078328 11520466
137633057201989 8739249
137633440091354 16635184
137633715543522 12417564
137634036125869 12351187
137634342177550 19398340
137634619087843 15670229
137635042073440 26682040
137635259784437 17199452
137635528163119 16112475
137636044583760 13780252
137636431090311 11688166
137636648362622 12024108
137637128885829 16701937
137637413769208 9042887
137637630101646 13774572
137637929928287 17085889
137638243846695 17714813
137638501020774 54739470
137638843560800 15474291
137639133292444 18969839
137639730284800 23622687
137639944539489 13177629
137640445844212 9898237
137640655462830 9180376
137640922128387 21722141
137641140849739 16707708
137641435447123 21408799
137641649121545 13317688
137641860208049 10647583
137642072938823 12184197
137642282402771 9030510
137642494151541 11373035
137642704115225 9779583
137643036809265 9967094
137643626784520 12233785
137644131073404 14864235
137644340821051 9498360
137644564149247 15344073
137644777092811 12753557
137644986741861 9178172
137645223484226 23218934
137645445550622 15751590
137645719531330 16202696
137645929520447 9538597
137646229829996 10831355
137646601057031 62896356
137646812391044 11038716
137647206355903 86349739
137647632427895 99313736
137647947985354 16590180
137648234901397 10485902
137648617834013 11387672
137648901732461 73356448
137649437116886 15797856
137649723153344 17397372
137649943867442 19557134
137650435374854 9345597
137650650792832 12127436
137651049708744 13265179
137651268073070 17740757
137651721404672 10728535
137651937850559 15648707
137652148332933 10035170
137652366031293 16705033
137652591925482 13589211
137652805131431 12725058
137653326614012 16484373
137653553063342 25733291
137653838140854 10352035
137654210506243 78451185
137654427099075 16103737
137654700944626 66611091
137654919121511 15788061
137655401816173 86280631
137655907049888 91895810
137656122482720 15151510
137656513099952 80172778
137656839941589 31574508
137657065813719 8836009
137657276642675 9317246
137657487712688 10642265
137657723490149 19097490
137658311914217 82781895
137658531547539 19224726
137658901346415 74440600
137659313192730 80123244
137659719517801 13052392
137659930105324 10122059
137660141398084 11057070
137660419836638 13906170
137660639306419 17986228
137660856982701 17172665
137661350188119 18884275
137661560727396 10135799
137661771093362 9768575
137661981965437 10523049
137662206011357 18636993
137662561605487 11483441
137662826334511 21124890
137663210125963 86083693
137663425690643 14361749
137663641882894 15726628
137664121053071 10543431
137664336764160 15231029
137664622118138 16857466
137664834100106 11723495
137665142051824 12089966
137665352175706 9831154
137665628043181 10302334
137666021238582 14429600
137666321702340 14401697
137666544291491 19967385
137666928094458 24438373
137667145934056 17357036
137667367953678 16308580
137667624133509 12803982
137668055028021 23152680
137668315925659 14798944
137668530098540 12767069
137668742299118 11718993
137669026696064 9787183
137669240973469 12525522
137669515815170 12387554
137669732038111 14715301
137670019934939 14306785
137670244355916 18167697
137670526381585 18045698
137670811353682 9806890
137671027028676 12452165
137671518706202 85220973
137671737231715 18158219
137671954805228 9413450
137672420638544 91286371
137672938649826 11378127
137673149978032 11012834
137673619045409 11299203
137674025073420 16757462
137674316823196 7553056
137674529019143 9693582
137674920854699 18427894
137675314905091 9629235
137675720109437 14073421
137676036938924 8947891
137676324081653 20742759
137676534366616 9886213
137676743330628 8630345
137676956366126 12014351
137677170617147 13311797
137677434978204 10299815
137677649584934 14256832
137678038969381 16900277
137678320072373 14400339
137678639032822 9298110
137678851033424 10699200
137679102008135 45355340
137679315778942 13419709
137679718265192 82129202
137680032892259 8663335
137680312230836 12041399
137680710874522 63882841
137680933156511 13828248
137681325541194 20704030
137681538610931 12709032
137681748357741 9000822
137682030081448 21639795
137682324369756 12641811
137682533892643 8590243
137682745892079 11629758
137683017452227 15131394
137683236017816 17700255
137683526097125 12801615
137683740793615 10839897
137684040422267 12132888
137684255203726 12877478
137684464715351 9159801
137684812141294 82055803
137685330112138 18822578
137685546952800 16617952
137685757682771 10375204
137685967981151 9820328
137686201135552 27741860
137686416032103 11702743
137686730731656 8657997
137687332283887 22133134
137687544301163 11621544
137687753301740 8650523
137688001058846 42388414
137688216070226 12743617
137688731635674 22323604
137688941854947 9836841
137689151495629 9181309
137689416629453 14527020
137689640003285 22663091
137689850107126 9763661
137690059695990 9232885
137690270882148 10541922
137690480818517 9257623
137690733822072 27397173
137691045575494 21678725
137691261908115 15960388
137691527379045 17037649
137691741161747 13409071
137692157339791 16124693
137692412108024 11039909
137692822402629 13745263
137693039780766 16071259
137693518082698 92321921
137693827069423 12175007
137694126063704 11834924
137694336776424 9456870
137694610089877 9331825
137694821163358 9839691
137695032052013 10054940
137695241467719 9137563
137695540892563 18624132
137695755757923 14538378
137695965906668 9794848
137696200937688 29544102
137696410945009 9096591
137696729271053 12627371
137697254877717 12300484
137697463519477 8287841
137697675003323 10691698
137697908174504 27759056
137698413088509 90458990
137698626616000 12833489
137698848075872 18750008
137699233487744 12087776
137699805711202 69102453
137700143933710 10306895
137700353861955 9566395
137700621583652 18247583
137701200971969 79001341
137701418106729 13776351
137701631901437 13563404
137701846081985 11748765
137702125128765 14356685
137702338332383 9999004
137702612614331 43390525
137703016230540 11042549
137703240050746 15712451
137703530102800 10805687
137704039945200 15135938
137704254216674 13888959
137704465740083 11151998
137704677099126 10778090
137705218171187 81637779
137705500279712 80716541
137706119033510 15555355
137706542353979 18868810
137706900996919 67121074
137707118628406 12162454
137707428498923 13197654
137707734092209 14053856
137707946550995 11964237
137708318039973 12759998
137708722136538 20335891
137708934643237 12169946
137709156076977 14549285
137709371557863 9237638
137709623894431 20451265
137709840105496 14767863
137710119863694 10913090
137710439867068 14140789
137710650079956 9875094
137710939921488 10942993
137711350738111 35407032
137711562854310 11779751
137711772260331 9074152
137712258048707 10839321
137712526055370 13677351
137712744081767 17751353
137712954852594 10261361
137713316115493 12441076
137713528086240 10747053
137713745594125 16867581
137713956077043 9739878
137714209871710 22323797
137714432014847 14707675
137714726122475 12124743
137714944714109 18223190
137715248500818 9631418
137715461079303 12221622
137715711877662 10544164
137716110111109 49832240
137716420676275 76466524
137716827984499 14524784
137717047990641 19616236
137717259486694 11168571
137717725571206 13956598
137718031920003 9189160
137718349099356 24744043
137718804080030 92601281
137719204059752 87984960
137719416839097 11004996
137719627295012 9542549
137719837766668 9450891
137720237082749 10847718
137720621110668 12430685
137720837109356 14786680
137721055940511 10618042
137721450080623 20075960
137721662161092 11600960
137721872360777 9713438
137722123008043 16465250
137722332699400 9342421
137722920107684 15482726
137723214176518 9965756
137723539080088 17333351
137723750165319 8498112
137724028174244 14402921
137724241775757 13406301
137724452431086 10238122
137724912775883 9764225
137725226607731 11311645
137725435487461 8493597
137725646051213 10289328
137725857450830 10806753
137726301107447 79802604
137726917872589 95646243
137727136954509 18731719
137727355625408 17916576
137727722094609 10416731
137727935479551 12691573
137728145333873 9481735
137728531113918 15577831
137728836147769 12835420
137729131901661 11930445
137729420111728 15422512
137729633875009 11543554
137729844402955 10070032
137730118056525 10655417
137730437743136 9298183
137730651542392 13277630
137730862918353 10722001
137731319108032 18715844
137731611145695 10536393
137731921435946 14051930
137732237084118 15103636
137732700969605 74820450
137733305645863 89607624
137733532678600 26571780
137733755454569 10135743
137734100961015 31988331
137734317936569 13166303
137734538135268 19822080
137734925876908 9728011
137735140541539 14225413
137735357435232 16274738
137735631970938 24166206
137736016110917 14876718
137736420088138 18433973
137736828142985 20918497
137737039226910 10710746
137737316133382 71335798
137737701002965 81065378
137738134050075 13672581
137738412148404 9819601
137738623680836 11063308
137739111878498 10778866
137739324910521 10568833
137739542719269 17364008
137739929064779 94041285
137740142060886 11744814
137740355853335 10265538
137740565385125 9089166
137740776739304 10774954
137741004112021 20760793
137741509079685 75517933
137741809585374 68707811
137742300994078 76843210
137742517397820 15018551
137742732692668 14372863
137743034139667 10430762
137743324100836 16017562
137743543719643 13038783
137743861844345 11921563
137744139098668 20475445
137744436635406 12558396
137744650184999 12839837
137745038473032 17135492
137745317928228 11593682
137745530974883 10680364
137745800978437 64582778
137746015733821 12423177
137746232164007 16015871
137746443906095 10804398
137746653994744 9658727
137746918070372 11118594
137747132905262 10572758
137747349090761 13748824
137747616114117 61479991
137748100940799 78729234
137748726317330 17623521
137748957706368 21222225
137749167410961 9334603
137749377548871 9758309
137749632685104 32518128
137750030007903 16126719
137750242089296 10751690
137750523183931 21814452
137750734081478 10732973
137750946124660 10794760
137751157046346 9704816
137751412221132 12019200
137751941957445 12255079
137752410857903 77389874
137752627104945 13911401
137753101184727 85711654
137753311854082 10293978
137753727273181 17528497
137753942865225 14502443
137754401185552 71148741
137754615082119 13477897
137754842500955 18177790
137755130079226 10735751
137755539297431 11459116
137755909035170 54569329
137756126096403 15222002
137756413266483 11271594
137756623986853 10379052
137757124059162 12865842
137757337312495 11973423
137757627110847 11991476
137758001741581 98507778
137758223780833 7675606
137758619879034 72296079
137758835865290 15543364
137759048092287 11279331
137759537058530 11199476
137759750393545 11079971
137759970402360 14470540
137760521055751 16193369
137760735066838 13706797
137760948361900 12767975
