138153485063327 19404990
138153716331877 8814552
138153942108310 7906355
138154343214857 97868771
138154852032581 24678518
138155355014759 12814471
138155582438602 14993567
138155957021473 15778062
138156241192191 16669287
138156724308545 70446448
138157243178899 109587473
138157458969248 15594190
138157707245258 42926590
138158217564984 76215315
138158441155244 20974937
138158656293790 13977648
138159234756603 13169623
138159701334084 64083265
138160157903028 13742472
138160768541103 15747713
138160979397655 9982142
138161189587908 9769663
138161539218000 16319555
138161912491904 10521985
138162136954380 19470476
138162750826159 49427585
138163024916522 12508139
138163616091667 64661557
138164019711474 13092096
138164235113911 13190057
138164457857359 21971344
138164670658726 12171174
138165231104565 12468628
138165452128309 17950633
138166058216776 21155399
138166416091097 45115973
138166813608788 78272803
138167027371489 13113324
138167407611345 75443639
138168046906576 22305893
138168671588763 14061354
138168889861410 17801032
138169434058789 12254129
138169726978997 26729528
138169947463538 19263664
138170167354305 17117789
138170546281098 13558243
138171013449826 11040110
138171231227434 16978034
138171443021392 10899274
138171664130225 20451301
138172219160076 16558261
138172642142368 20031173
138172934749779 84490017
138173319002021 79618304
138173828165172 20048856
138174101387330 62834062
138174318128654 14879788
138174541095153 18494472
138174762162762 18978455
138175114193499 53507295
138175332015086 13599058
138175945445216 89389684
138176163520722 17638240
138176563358589 47307963
138176817552726 13603977
138177322215327 13327845
138177537537247 13279790
138177752527332 12915134
138178068057499 23453307
138178341834061 18454833
138178726720525 95679776
138179314027775 74092643
138179833930203 23578283
138180222508945 20914872
138180713213352 76286909
138180944739823 17533396
138181170633176 25141838
138181380515549 9469050
138181946723712 24937242
138182233969966 33716485
138182456720197 21811713
138182678934961 20770374
138182894535653 14898566
138183105704965 10472950
138183332182430 19945192
138183729534320 16907357
138183956345828 19973281
138184182376021 16111347
138184600862485 90858481
138184821213089 19999195
138185041601120 19431166
138185259421177 17283070
138185469812937 9990417
138185707375654 27116067
138186130385548 91637684
138186569737399 25822731
138186785546220 14333596
138187144507227 13918642
138187408948107 55738733
138187630272603 14103330
138187864837550 32079292
138188080653720 15393671
138188327699645 27109058
138188730052006 17619308
138189161618095 26086227
138189514537896 72335602
138189756580945 29411645
138189969619568 12610014
138190257772466 16429559
138190544934838 21320469
138191038118334 30507507
138191346837899 22900349
138191616947395 13772751
138191854465332 26295834
138192080961812 19784087
138192291244025 9814801
138192724121838 22744484
138192953666340 19426834
138193419035859 56084774
138194044807772 18035886
138194273261247 27032264
138194501335645 22591120
138195001655574 77946451
138195443214664 19687815
138195847992986 18778072
138196375856416 41518339
138196752237274 13616512
138197041758260 22022658
138197269175872 22968404
138197616229174 14135299
138197840900595 19445657
138198221491616 20999310
138198442410836 18185301
138198669047015 20711871
138198880048546 10509721
138199123653029 15392480
138199521019202 11262423
138199746053307 17798440
138200204435743 65816667
138200422496046 15936208
138200838308057 17146601
138201347369305 28547516
138201615391453 12156507
138201863678618 46419026
138202077555318 13286539
138202658483054 24326084
138202878851278 19694394
138203360802684 13103230
138203614683800 53061060
138204068419525 15690324
138204279046264 9857607
138204532328519 13082796
138204804559841 58359551
138205036140781 17966030
138205319101280 18909588
138205728104690 9924262
138205952466750 19549508
138206173232570 14373675
138206724570396 93104945
138207039655540 15763273
138207434514769 17662220
138208043803643 42185439
138208260477793 15822824
138208471605344 10692077
138208724060171 20731954
138208945804765 18563438
138209241394709 16360217
138209639100087 17662245
138210210737716 40923501
138210429002814 14718380
138210703350195 63255425
138210934395594 17172252
138211161655079 26797221
138211377411982 15205543
138211729571006 19544079
138211944445555 12268508
138212154582417 9573962
138212375955969 18840989
138212739303133 24082318
138213024473722 21246936
138213618647226 15892306
138213846474811 17674297
138214445489344 17058293
138214670281288 24066554
138215253148345 21103329
138215468586340 14820749
138215864167654 33657659
138216132982665 13776122
138216736274427 22762358
138216958672818 19001305
138217312226826 41335249
138217761204000 49895759
138217971361669 9552676
138218212136767 11767378
138218436582153 23075493
138218669216894 25203108
138218886961941 14761694
138219097988558 10438310
138219520466408 9704022
138220141654661 19146135
138220359203482 15741235
138220578885743 14119461
138221132363198 56122758
138221606174184 86909660
138222025988898 10654739
138222301297218 67420793
138222516545201 14608183
138223014196095 84911509
138223714165542 64830621
138224111045471 66845774
138224722848895 75717278
138225120377330 16803306
138225404120218 73868308
138225851188089 20617783
138226110289797 53021021
138226321091432 9894499
138226749806511 15620521
138227012550428 12240958
138227238465544 19278597
138227708337070 93349785
138227929132155 17942156
138228139543594 9919712
138228404254306 59219895
138228635171872 11992301
138229202362573 51437568
138229436933648 29031395
138229660250125 22759236
138229881921867 10097033
138230234728399 19059843
138230706197290 77739414
138230935331054 14147034
138231324957645 14375524
138231761184567 14933822
138232125750400 20254901
138232615702257 12648419
138233039312012 25644575
138233564271874 10353112
138233777167966 12481564
138234416704956 46561077
138234746835941 20616765
138235024359051 71143977
138235243305832 17749698
138235634684498 14020537
138235854214992 18413094
138236069565420 14382402
138236354598870 21360855
138236841901242 20245935
138237301437055 100739841
138237526234826 15989818
138237925848453 12061330
138238404655302 54478180
138238620751526 14465340
138238857145428 19907231
138239403261173 67593636
138239831347527 16923217
138240466761344 10552800
138240726291284 20106419
138241257495517 24561922
138241473982029 15794613
138241688548126 14294642
138241923004698 17750624
138242139062017 14869824
138242403230283 49403586
138242623210918 15029745
138242838098799 11906036
138243234989894 22614417
138243775505401 26490071
138244245706973 19281679
138244762223517 16644972
138245026180225 14011812
138245251990347 17765970
138245812226431 70601842
138246235520979 19549013
138246453426492 16245305
138246841088850 15218445
138247413405808 60080907
138247820317732 86509811
138248226901407 13609090
138248568744765 9710507
138248831279428 55955658
138249301368251 80784352
138249808277874 90014731
138250029038030 17807641
138250617400328 70395056
138251142551260 40534973
138251527120626 24192615
138251738747492 10620893
138252146258392 14999867
138252746240498 19118971
138253264705293 13006837
138253517236111 17010374
138253935190593 13461211
138254352021293 35372443
138254852054259 9531620
138255201252607 73902967
138255441768446 28517557
138255927517288 15756994
138256230287390 11999394
138256501640482 56366029
138256937298584 19615173
138257262480372 18664385
138257622119906 11161699
138257835056700 9833607
138258227313342 18671562
138258500345154 67262813
138258720445322 14268375
138258932234910 11070614
138259317866701 10234946
138259723122444 11707854
138259937856178 11274321
138260213262833 12983451
138260657450512 12527104
138261211173794 43655199
138261426429867 13975347
138261662664617 21455953
138262061152986 26286769
138262321592832 18373111
138263002338661 69745734
138263433441647 17253451
138263701784490 56930549
138263917396107 14091404
138264522335524 88278107
138264738758386 15563424
138264952984528 13348276
138265321390632 62598558
138265534734859 11475158
138265748134559 12856707
138265960853379 12120414
138266588316357 15540169
138266799742079 10172718
138267331225430 14210113
138267844963645 19433452
138268160447069 15711181
138268638175564 20043629
138269038426301 26624584
138269504319657 75031089
138269744432097 29171628
138269965509544 20630471
138270350043004 13156228
138270711589097 57982415
138270955169269 33805567
138271167576782 11067923
138271415811867 11600853
138271639108816 14913784
138272014437412 13097405
138272244815881 20543569
138272638862581 20977101
138273028676777 10539700
138273427279907 14436982
138274005294501 79339157
138274255160204 15750843
138274542917582 16651595
138274820454939 16259283
138275344161869 16178256
138275623730077 20504258
138275845538880 16343501
138276264237207 17590725
138276901421755 74230969
138277216040851 69770873
138277625513599 10461479
138278152239877 14798056
138278566472978 24784422
138278779698721 12002610
138279334342561 15323189
138279608239202 66989584
138279825207035 16012068
138280427540819 77980329
138280834555657 17241784
138281406233640 63288463
138281928172415 25709266
138282164604952 17001249
138282762809457 18156642
138283227269818 88684694
138283667328740 17916835
138283929199921 12439842
138284148059850 17889403
138284447190390 18833768
138284855776673 29621319
138285072413749 15990695
138285323406892 20218920
138285555675158 13479524
138285822641414 64437694
138286245389347 114369855
138286717358477 81267128
138287324819546 23871761
138287544230211 18941440
138287916464473 16141482
138288508919783 68210704
138288923354528 12765689
138289353959178 19665458
138289943407498 20806506
138290201182066 50984059
138290412843045 9607906
138290629502575 14311447
138290910475403 79908573
138291531107456 14176117
138291917269781 16358348
138292202426473 73109093
138292422288427 14087007
138292642390552 19535439
138293023126384 17554109
138293246769384 21716507
138293471932496 19329547
138293682988067 10644425
138293927241044 21053821
138294319122800 17645655
138294536608846 15424362
138294755646595 12909984
138295340242228 21300761
138295719257538 9478086
138296227501883 23314673
138296450882660 16647315
138296672678211 16430921
138296891392718 12412121
138297119112577 18788813
138297659123967 48247823
138297870425959 10232066
138298329462607 14747366
138298548127163 14939612
138298765508309 14319251
138299032422477 28263348
138299616032630 68680740
138300257919206 20617255
138300467965137 9693049
138300959232148 25676408
138301175254879 13600341
138301425551414 22941900
138301660543706 31313269
138302026352665 24452938
138302257847991 17590452
138302646216878 31151364
138302950711553 47153563
138303247362012 17432441
138303921312268 62743242
138304322218345 11263143
138304962153724 27408410
138305219333271 16090254
138305501692747 72507699
138305931212721 18787511
138306518299474 80780978
138306943510754 14154409
138307457837326 40037445
138307673943307 9817161
138307926205358 45915889
138308236688969 15437052
138308764635706 10989917
138308977838144 12615593
138309460730208 22336328
138309673661664 12447813
138310158344820 20393346
138310455120426 54769937
138311002213275 43287049
138311221620452 13414151
138311439507436 13887278
138311653044780 13094722
138311870957894 16770427
138312444128741 13323468
138312938052936 11348006
138313401773177 61184260
138313617505753 13260053
138313847827810 18601067
138314063426791 13231158
138314450110521 11081822
138314665661157 14467273
138314930392822 13588323
138315609122278 58583809
138316124488477 71323898
138316361330094 31072796
138316573153901 11247345
138316839097946 16879068
138317058322677 18095619
138317314149702 52008784
138317752300065 23350185
138318122517529 12957428
138318617416467 14828159
138318835883523 17321139
138319430452422 21289277
138319837984830 16975510
138320431450044 21565408
138321019138126 80131138
138321619190074 72353151
138322217134454 102077368
138322802734416 86190002
138323435821304 17971598
138323858005010 22204585
138324074309766 15730437
138324348630916 11163887
138324856190719 16881840
138325147411471 21418521
138325460003882 9857024
138325714285798 13577200
138326120238074 16363483
138326336808218 15590196
138326554519666 16664223
138326766988308 11792119
138327063572912 15999796
138327274231971 10430915
138327485548216 10926440
138327864340769 24720067
138328082890681 18060685
138328296244478 12942240
138328746897076 30525555
138328964764612 12570408
138329356177386 23854389
138329922180794 70331364
138330246911088 14698446
138330469025330 16169549
138330946213458 23931527
138331590709757 16131298
138331841585064 21749429
138332068629574 17176066
138332279184585 9014748
138332524134340 19843305
138332933199505 57628610
138333413516980 62890239
138333640345431 26160785
138333857788142 15575844
138334108296157 44719053
138334347685085 26468385
138334834105137 14455854
138335135265491 90140974
138335355690740 18505090
138335952670911 50165359
138336221881566 12436189
138336466050184 29710937
138336682540702 16051119
138336894511859 10580909
138337119622215 16384473
138337609356327 69141024
138337823051217 10883892
138338044355574 13183227
138338544142935 24406680
138338837165483 16218483
138339268696571 15936134
138339478660945 9394681
138339932428836 14224978
138340438507032 14583454
138340959976881 13330269
138341219532843 19299620
138341433156560 12966415
138341654999034 21365708
138341965449389 22036335
138342459974410 24230345
138343003858479 74273058
138343218104245 11987320
138343665599471 33690293
138343886757814 14370563
138344256100883 11935283
138344619720314 15982962
138345032160630 24880988
138345306608558 73390361
138345923704460 18457318
138346151158795 25979617
138346601426059 70229100
138347139160774 99162519
138347373527129 11358112
138347652200640 18548324
138347931164740 29986237
138348408469805 87335359
138348623488800 14225213
138348852970708 24329398
138349441016902 15047860
138349730883794 29406077
138349945459823 13249509
138350459542467 18624925
138350740210574 17576855
138351041791064 17834272
138351468705196 28921280
138351754889032 11560179
138352013428861 10252677
138352430029371 10645174
138352937631310 11208508
138353155224227 17019060
138353759884028 21446319
138354120923907 10619554
138354344040120 16635738
138354571437741 25261264
138354944865487 28903516
138355215186309 11975725
138355939129392 21264253
138356218462762 67161457
138356430672575 11050792
138356826624336 13760825
138357517391647 16209574
138357752813176 17607872
138357973669695 11024584
138358188957471 14791410
138358550041244 22875828
138358804737065 45445547
138359040159103 20954300
138359545790664 14377617
138359836721408 28584719
138360057133535 12120385
138360501466842 76186570
138360716038079 10859646
138360933832115 16703105
138361237864952 9689231
138361544387653 30174135
138361756146291 9914097
138362116199972 59980174
138362555487498 16109401
138362801425328 39212785
138363212399363 85519410
138363424022744 10848780
138363701574329 68327981
138363915273985 13070098
138364153041580 22802822
138364454529258 13064026
138364723875593 23555755
138365135034536 19626603
138365465108261 17688257
138365740101867 39778515
138366047387199 15378162
138366535266429 14890386
138366758862069 21685316
138367060716490 12494227
138367663285753 16703398
138368262183112 23663000
138368543316140 15469511
138368757846871 13120962
138369030143965 21932083
138369423607876 17697137
138369633038803 8863660
138369947628024 19251318
138370161140718 12958797
138370640193627 17349266
138370904278207 57491275
138371344253106 10706060
138371564622315 18723380
138371827683865 15693139
138372045607608 13424081
138372506227394 71231482
138373027200046 14666289
138373245123707 15924178
138373723740785 22974362
138373941609381 15427943
138374152897334 10657156
138374638334247 23856475
138375232327747 103114924
138375445824433 12577838
138375727228802 14847927
138375955624518 21793306
138376166386026 10199292
138376391455875 16222772
138376761578159 17801826
138377322095981 14252580
138377556904690 21396891
138377766291844 8822568
138377980686852 13806684
138378191460467 9853085
138378404409763 12381616
138378857407660 9996409
138379069458778 11440599
138379349786552 14318545
138379564721652 13505878
138379855645135 21800800
138380068204919 11986608
138380623133247 13941378
138380854559617 21381049
138381068242446 11844458
138381668269684 18237635
138382243728296 15011951
138382459735469 15464038
138382670659669 10243267
138382925384269 22133295
138383334583758 16142749
138383823740893 13231104
138384054712032 24076254
138384267703690 12409030
138384549745035 14974913
138385047482782 14842092
138385501355859 93750511
138386028800763 23806010
138386252281787 21069650
138386828168337 13807180
138387053100724 22921110
138387269963748 15973145
138387483750865 13310701
138388052279036 29854279
138388536131893 17776939
138388800575791 63964466
138389138152351 15011089
138389673587464 15129005
138389887551120 13743835
138390100668889 12364937
138390316039378 12848573
138390901700905 85916352
138391118228673 11957653
138391601279410 70244475
138391847366465 33095319
138392468642892 22795355
138392704316184 29682226
138392921108702 15921635
138393354678203 21688384
138393945565646 16657244
138394557971109 14321419
138394966254981 24219722
138395220831707 11082171
138395744561684 17080057
138395960518014 15285317
138396450266148 14450575
138396704165822 44963253
138397129089841 19671129
138397554435106 11648933
138398125161667 24641998
138398607222795 68663426
138398844541618 26266271
138399401254341 57225846
138399619378278 16204354
138399836314928 14897901
138400052140462 15321117
138400355141595 11541889
138400762380720 24684526
138401118449870 14021565
138401335517684 16617018
138401726046648 14529001
138401941644944 13457760
138402447300885 24663775
138402662882889 13697470
138403137222933 17011515
138403350883673 11703841
138403570479922 17298094
138403971559813 23276622
138404181136107 8975724
138404700571571 71097576
138404918112016 14539316
138405138898399 19698505
138405706225116 45502146
138406134341016 11547626
138406504128233 74708973
138407150138704 32822881
138407635029275 17777440
138407866107951 22547357
138408147491479 35241491
138408368475916 15501400
138408585630938 16714463
138408814346626 23092904
138409231358687 13229863
138409901594779 65384970
138410327508333 14612375
138410724588847 15107135
138410935624910 10430696
138411204189332 62003166
138411433617289 15413176
138411703335049 58013105
138412324490910 17062406
138412709233197 58502047
138412928226142 18019412
138413148025230 16236263
138413812502888 82678232
138414034777947 15572173
138414424804188 13808403
138414647736192 18502673
138415247289517 15887165
138415524419486 54203247
138416028222947 26398467
138416420859149 93566065
138416851461775 13855840
138417450591963 29048922
138417731014102 17020059
138418321201918 50673034
138418545861216 20669946
138419163102951 21249515
138419430924580 11037754
138419704134265 61940804
138420134106635 23354624
138420662734354 20572980
138420943305365 36073075
138421171929474 11759814
138421721179684 17688504
138421945493307 20342857
138422173048703 21778159
138422404232704 25419869
138422933217871 18310021
138423147520924 13334772
138423364620857 15642704
138424013381148 79581210
138424228240336 11981737
138424737379191 14014367
138425004265041 59050619
138425440218692 14755626
138425931887476 15890494
138426218298880 15724202
138426849722769 18980475
138427249691482 19445330
138427534960742 19729994
138427857115905 14155086
138428071432464 11266730
138428304707690 27788715
138428519299577 13105885
138428740911742 16709125
138429234763270 24218129
138429469537806 28686614
138429701418536 25188635
138429923207952 11027626
138430348885922 12044913
138430627165754 71899040
138430842028484 11757094
138431118006801 11421068
138431341329778 19662564
138431601242986 51013744
138432026557714 10578119
138432416062372 15466459
138432832479929 11550736
138433101327657 58121164
138433735116270 23096831
138434041293787 13521002
138434535782481 16240903
138434825166410 13666458
138435338882325 12169914
138435606007181 57808370
138436253380568 18994306
138436833351111 14594867
138437447787130 14956736
138437660576952 12189196
138438274377924 17813014
138438486885786 11910000
138438935384153 88353686
138439162508577 19332127
138439547648422 16110310
138439818231787 14038610
138440241238648 14946570
138440458464240 15282993
138440672522470 12779021
138441017052593 48311768
138441301715229 76874915
138441525349715 19581429
138441764378300 24152438
138442031419313 13762715
138442713063434 54747893
138443250868899 31722209
138443511934198 11717429
138443737269927 22087402
138444212522698 58217374
138444658760626 24210414
138444919988192 17773429
138445365159631 28868926
138445851114382 21902396
138446337432999 11164505
138446554720631 16834795
138446836665655 30473892
138447046935917 9640868
138447258595754 10369707
138447541690265 35350536
138447762891977 9663623
138448243560510 20352320
138448525157753 16978238
138448923312096 11717498
138449523404471 13823203
138449944125054 33964281
138450159822107 15236697
138450373237006 12023649
