138846764135080 26671384
138847154138019 18554800
138847421315534 21115433
138848122273547 65826344
138848807918887 90897082
138849501377528 46424128
138849721032277 12854232
138849960690733 20469107
138850431093901 12286386
138850651230007 16052665
138851028230304 18993652
138851246316146 17466686
138851922143379 17745133
138852355128234 26316701
138852718178584 15975425
138853144237617 20591697
138853615527481 66207990
138854027017922 81298595
138854240115480 11924963
138854465791130 16638317
138854710472639 34167172
138854932248418 21010451
138855154242693 18033366
138855390034051 23836874
138855841443854 22333467
138856418140010 14455767
138856701315523 72645313
138856915381500 12407418
138857151463296 28270811
138857371732649 19554492
138857587979256 13732711
138858231544724 15801787
138858441740330 9651018
138858821975955 14251952
138859053218905 22455370
138859601195492 76017577
138860027121026 13872083
138860242677399 14656468
138860462354892 14012742
138860814004902 73683254
138861035787479 18583351
138861560473716 25824486
138862153908867 14855669
138862419590055 19312380
138862644727781 24552723
138863069182769 31523114
138863328058171 12880933
138863709914077 78480181
138864164241912 40439070
138864441301935 28407462
138864858715208 10607413
138865400427655 53764555
138865640488359 24276665
138866141183289 31352386
138866534507773 28966961
138867060751367 21449548
138867276365752 15078013
138867728206507 69704195
138867941720564 10520614
138868156305482 14105734
138868381288930 18115619
138868624716891 16517652
138868839992080 13757144
138869407200220 101474761
138869620282005 11076321
138869856722963 20525939
138870072136243 14950269
138870288384678 14190861
138870746141453 22974649
138870963220692 15533197
138871179942202 16055174
138871390158137 9294920
138872004717013 72400613
138872219291510 13109895
138872451673317 22457629
138872668026342 15847487
138873245182216 28046115
138873461122089 9891658
138873678934772 14745985
138874214477340 73592200
138874438636648 20819908
138874655648506 16445297
138874871459435 10217005
138875123251517 22901305
138875336495098 12813876
138875562468015 25561370
138876134789517 28075824
138876543341222 19218098
138876836561511 16811797
138877060165597 22974246
138877501385239 90769092
138878107565226 98714994
138878344592535 19392528
138878620616463 20325995
138878839356744 17093181
138879309614241 34785058
138879528735708 16486512
138879805743952 67476856
138880034909670 21708951
138880258162671 21997210
138880619054550 15551733
138881237781467 27459906
138881859449875 27663467
138882367772271 24004216
138882737226429 31865757
138882958224505 11498741
138883210148148 41916939
138883424398151 13168545
138883662680488 29424099
138884031387487 25500719
138884273820189 22582251
138884665970224 35219001
138884918225386 13351202
138885611978726 62654491
138886104153475 48740852
138886351368847 33541102
138886740380790 23413883
138886962738597 20493569
138887526031845 15459545
138887932528013 19597592
138888633728395 27792660
138888901737403 61165942
138889119605380 17397341
138889338107718 15825865
138889557727779 19228740
138890113142538 96032469
138890328622384 15024762
138890546131815 16923749
138891029263487 22543777
138891508396146 65649125
138891721160127 11960709
138892340210303 22671660
138892866298511 22696921
138893080326042 12917083
138893615664634 66301247
138894017920594 11233633
138894240257434 17058266
138894452629937 11645316
138895116130434 79596182
138895631245926 16134679
138896034201274 18540397
138896625471819 22620558
138897237357488 30525313
138897460012263 21806368
138897726022969 25658132
138897946162357 15922109
138898162147508 11928007
138898814245966 77591140
138899253103056 19973641
138899512146226 50788253
138899738145732 23930529
138899960630546 19408990
138900475825817 13478386
138901017133351 14386841
138901468812588 20599138
138901824113730 19173135
138902042171997 13579651
138902501327425 81514422
138903002370233 68773663
138903580064083 15079458
138904042048127 19052293
138904260705243 17216770
138904771507240 23514661
138905019015777 18645940
138905239471333 18297395
138905453885112 13699543
138905668813512 14332826
138905920360099 19647864
138906538846551 19391383
138906759380266 19181210
138907022832495 22582078
138907242588394 14287814
138907468624983 25082289
138907846486177 18996293
138908101672129 44469994
138908701580904 52263541
138908930007315 12099521
138909533918409 18587584
138909748933522 14763381
138910362256600 36670369
138910624217627 18603952
138910851166362 23908530
138911301196440 168289194
138911525725057 22538918
138912033439811 16605330
138912475200214 21575342
138912687048852 11550068
138913122943082 19287415
138913747123986 16392878
138914146258675 14019555
138914368288896 14579085
138914578112014 9344859
138914789789683 11224845
138915164191629 12149246
138915735630050 34687412
138915960572287 16273272
138916327088535 22901660
138916825294259 15587673
138917510051738 59227792
138917748170938 29933361
138917976100805 24865426
138918501290361 59499443
138919101102395 58542726
138919338819696 18614652
138919744576698 16647576
138919961654635 14482665
138920173897196 11291824
138920520441158 19049597
138921117307452 45946579
138921552789367 23493174
138922120133662 17792700
138922342237875 20056028
138922562995122 16769956
138922775840812 12392675
138923237178212 20518816
138923504272964 56052748
138924109188725 85562991
138924807546757 85278952
138925416238430 99875596
138925634242835 17064421
138926028125228 23103965
138926249760270 19550440
138926942088420 26955065
138927177912319 30709162
138927390223219 11564553
138928015628088 41195998
138928253771616 35294017
138928809541530 65982966
138929032607968 20375680
138929246748868 13758084
138929463918538 16640447
138930019485651 16177622
138930300435904 71328024
138930837045930 16010430
138931412952550 71063501
138931638479319 20217920
138931861008680 17783832
138932228308877 19923452
138932639581439 14849538
138932856491592 16293352
138933419493288 18477855
138934009428633 70807024
138934229147708 18650176
138934448269483 18076181
138934746180071 18848121
138935112907260 59067671
138935715617241 13430418
138935941823522 24570211
138936523397677 79926179
138936765915083 16618381
138937449148950 46287608
138937824187499 17151727
138938049764088 21745555
138938403234315 75738895
138938628830437 20117996
138938852499693 22752984
138939069530217 15321802
138939292327450 21035919
138939528621644 25428285
138939922233840 68588302
138940135284759 12032492
138940353983493 17796354
138940575975081 15646450
138940921005642 17349055
138941135682423 13473436
138941521838684 64252969
138941801727506 69576823
138942520429304 106429349
138943136246030 16584769
138943350179229 12963324
138943569848189 14697317
138943855531593 15286426
138944071994668 15749300
138944413463292 70566540
138944862889981 19524256
138945421132829 13377261
138946108738336 43306833
138946339510735 27290806
138946700596418 73705495
138946915841477 12632579
138947133862792 15684356
138947350798861 16302288
138947568280491 16095577
138948221159297 60152436
138948450806352 27623909
138948662418166 10885825
138948877474880 14490057
138949456362150 18106954
138949701686403 37365529
138949922487619 16305646
138950327274280 18899668
138950601425491 65172627
138951132332146 13200611
138951437902639 31653005
138951824348338 15382505
138952059967067 22730038
138952372997189 12502046
138952925545397 13257940
138953415440104 94002954
138953638193671 20012181
138954322599122 15050854
138954536161814 12966748
138955153174739 20623528
138955405180120 45334182
138955636433020 12997082
138956019501547 13230090
138956540301146 87664553
138956759641091 18061865
138956972970700 12788581
138957538679065 17819495
138957916421463 14972082
138958137364691 16645225
138958620511403 86508268
138958881565799 13369710
138959145499429 33461826
138959361615094 14431934
138959640360074 23493038
138959907091425 49446742
138960621979307 68122507
138961235749292 17386015
138961501654801 51463675
138961718612948 12413514
138962319399754 12365267
138962739516749 14889413
138962964449626 22253023
138963181058244 16127043
138963838202812 23459709
138964305179917 93943546
138964525189904 17987362
138964804368039 73869048
138965262101372 20479966
138965753115240 16422656
138966313524223 62879750
138966901346775 67693514
138967329288504 18166135
138967555494936 23306839
138967769178479 13302307
138968063314662 27022027
138968345144356 11865513
138968931517354 77969233
138969162726070 12838771
138969557850282 20045298
138969776050211 13725587
138970242113081 31823802
138970501826945 53893737
138970736506357 14284069
138970951533481 14148371
138971163460900 11190316
138971378960846 14705196
138971605744396 25835324
138971843123125 27683612
138972066281869 20094375
138972647279973 18942563
138973030564056 22921854
138973621776569 14635684
138973843528089 18862949
138974368425641 21227665
138974804595312 61562705
138975043024465 19853048
138975522180323 13329435
138975738409814 15209959
138976031303865 21715683
138976250339110 18000299
138976689745403 31222431
138976900813447 10440564
138977121216002 14973014
138977340246694 18059691
138977569690615 24486105
138977781400771 10844985
138978304518730 61887500
138978521197243 16014274
138978740117887 13911458
138978960225532 16022078
138979540755169 15957631
138979804465110 56207087
138980026178611 19964747
138980472289795 20239383
138980725959204 21757814
138980945089659 16914159
138981509180308 62549699
138981724650268 14443038
138982230912323 18434933
138982448848541 17517415
138982724126229 19912441
138983149437652 23674779
138983531279449 20325343
138983923028852 86052548
138984623217825 69415308
138985038232500 18680896
138985634931974 24180826
138986116783839 13908502
138986570055066 32053115
138986782112119 11564448
138987015134034 32344299
138987249300317 20082628
138987723208674 22815636
138987941351558 16103444
138988167183007 21983260
138988814815165 14631068
138989039362280 16261489
138989618729744 60025809
138989939308058 15246137
138990239206739 38820370
138990863271470 21709760
138991270224713 25845772
138991624263055 51318652
138991848993776 22885467
138992060649064 10451917
138992401684162 66182457
138992919822212 17262441
138993180830741 59615962
138993540265954 12116863
138993754509705 13802083
138993972704178 15479232
138994523638927 81116772
138994919896835 19199629
138995440489010 23908752
138995718644262 15424813
138995970303080 32045574
138996191179087 13148564
138996755698721 41344862
138996972180088 14967303
138997188493935 15751462
138997427557712 20276931
138997832288676 16032210
138998242790387 11734495
138998846603821 14083593
138999218452853 63677548
138999801645199 71663283
139000029531966 12607780
139000538282631 11998747
139000939511072 14230088
139001603796470 67243874
139002061444486 15292946
139002274294882 11106686
139002504427202 23041135
139003124544064 72981309
139003339898149 14709449
139003764281151 21169921
139004027674785 13872251
139004240707931 11514310
139004456122858 14832981
139004744675037 41463977
139004963137993 16919862
139005176420499 12200094
139005547144158 23507456
139005911226781 10944682
139006123202873 11529135
139006340306751 15127283
139006574025784 31786591
139006925686822 13431673
139007573590466 18736242
139007829859334 23651941
139008163235815 17844432
139008516736571 51120284
139009049329078 16729020
139009266747654 15543373
139009752146413 14284552
139010001383843 42154864
139010216855888 13592926
139010823718024 13534840
139011040202018 15005488
139011255961170 14731381
139011471311796 14146736
139011745204608 18651865
139012013548960 61021670
139012624583884 24210904
139012910603519 77076569
139013127691512 14506466
139013342972068 10776427
139013614573084 14289724
139013827177503 10997547
139014324038267 50207366
139014733145013 16212780
139015133373632 16400527
139015600965841 23478177
139016129678490 28852495
139016526138967 16349658
139016742369877 13112461
139016954953037 10786035
139017211195181 47970665
139017661196574 25724082
139017877666023 13885524
139018501709037 61342894
139019114660181 13565689
139019326330179 11140949
139019551838324 15658435
139020152149047 20464209
139020379987043 26231455
139020819373799 11735775
139021066539576 27009175
139021278732577 10856326
139021492170415 12961759
139022142354568 21483172
139022851974270 21343592
139023119057905 18786044
139023333603936 13418202
139023900417750 35285918
139024120724397 14525240
139024337615112 16414758
139024712097337 43090346
139025143140776 13619805
139025416939069 16744116
139025634282665 15095083
139026018437097 13047141
139026246443847 25548430
139026504273210 39075467
139027029792264 51328890
139027505916475 97588517
139027726508545 19278696
139028311684820 51321550
139028525688085 13526746
139028744599804 18305525
139028961798527 16808922
139029173265731 11076849
139029701221287 81824797
139030141854104 13079207
139030360254748 18039761
139030573442916 12544650
139031126979432 11643137
139031651303906 15350572
139031865626531 13444841
139032125543020 14221108
139032838435539 76429079
139033053476408 14580114
139033274556279 15323479
139033804170384 66618992
139034016408120 11169138
139034486154688 25748092
139034966604788 31102375
139035332372700 16796427
139035937705523 22829497
139036501324566 77665498
139036958033330 18266145
139037240743944 21138340
139037502101834 52960273
139037716154660 12943004
139038315240490 112576831
139038788902797 13230912
139039341287668 15822598
139039558903366 15712012
139039868188246 22428043
139040088257267 19086351
139040552429303 19428912
139040923274395 16388356
139041359650636 21508078
139041839368336 16315070
139042324339355 22515816
139042544095625 17899476
139043215312350 55915607
139043818231934 17528524
139044039127219 16901107
139044317325344 14033468
139044765573123 13588701
139045126049038 17740529
139045647246507 29240377
139045861062566 12765599
139046360146949 12518139
139046783177976 17683655
139047040192411 32895951
139047434600731 19275519
139047844428336 11987541
139048305201161 65824208
139048523026274 16483499
139048759385193 29085503
139048980119835 18913347
139049502895949 78990586
139049717176629 11672776
139050336315403 13690389
139050554949348 16750648
139050807267062 45932993
139051021047238 10863832
139051604553367 169027036
139051817055199 12029436
139052418541919 37778738
139052828212568 14536381
139053436013725 14814011
139054003621084 90366039
139054639055684 19549148
139055032612868 19828880
139055281577685 43085352
139055826010818 62488789
139056044280603 15113690
139056401144999 56119945
139056647139078 15879353
139057259100807 15616285
139057839090243 15669137
139058412275442 83916078
139058629575170 14373766
139059131244352 27039076
139059385533467 23216268
139059824226232 11563266
139060047895971 20113309
139060707961575 84170603
139060937175193 22924148
139061163297594 25355539
139061429239865 28856481
139061827125601 110523015
139062040198353 11969247
139062639172149 15760322
139063063346176 14093786
139063276804421 9807355
139063488390594 10949893
139064016289479 56753698
139064228726921 10540301
139064621061056 12864972
139064851425316 20181569
139065077220443 10958689
139065705210952 15310131
139065939805029 24595339
139066166675279 11078399
139066380902096 13531029
139066901541959 77112425
139067117443263 13225319
139067344765201 19522538
139067560473165 14288952
139067775806978 9379415
139068310229482 74552098
139068524246808 13072200
139068740151371 11955545
139069057361567 26838201
139069335258067 19967389
139069723318889 12386973
139069942121845 15953245
139070161281609 18582195
139070607373082 63160761
139070821290577 13112489
139071036122333 12907912
139071445322436 29739721
139071866216615 21419387
139072083319368 16114382
139072564278815 19090845
139073023506920 13337856
139073458282052 13971911
139074045455740 21516809
139074437027690 24479039
139074837352801 20980663
139075055832236 11577268
139075701477876 18852306
139076337249533 16890635
139076624116178 21327034
139076839246866 11974306
139077316210328 11758283
139077558092498 40343459
139077777835511 15495482
139078347528540 40008437
139078910885725 38914001
139079124197963 12976160
139079559248206 12534242
139079915252210 65537934
139080445846657 28305017
139080828725371 15916175
139081356064346 16064636
139081604808593 41609437
139082024186924 11437281
139082253064117 24880286
139082801132941 44245292
139083020162341 14013486
139083236264717 14050863
139083513093417 65828166
139083744463821 15022952
139083958663177 13641020
139084212369804 52158345
139084506624856 86162443
139084723229903 16018843
139085353522915 34952001
139085678956385 14144796
139086157097972 31887318
139086376388527 18557721
139086595582985 18301932
139087147573274 16065556
139087753560568 24231838
139088414094030 12724342
139088655145413 22927674
139088871711567 15512785
139089370340185 18295681
139089665795198 13603884
139090066233053 39974067
139090280969347 13465893
139090619246880 12264474
139090837364950 15165241
139091060148147 18958662
139091433282016 18139541
139092048154506 24274819
139092345035591 41781283
139092727056182 21537299
139093008104520 72917030
139093451935643 14066516
139093663406060 11105767
139094032390337 27048788
139094516534859 72863299
139094750438536 19204718
139094979479868 15499169
139095192908039 12709404
139095405815159 12059029
139096001405147 84864938
139096444021108 12966341
139096660480782 15220269
139096881027695 14576532
139097416406877 76044375
139097642176444 16923815
139097856990375 13723390
139098331144073 29150513
139098804149394 146323898
139099281386988 30003169
139099914544321 87190736
139100513387107 80879739
139101061107757 33742590
139101273353085 11642840
139101623168174 15793637
139101853183578 22972907
139102083511424 24909846
139102306585269 20813450
139102536997999 27789531
139103174164952 36360494
139103751540560 20838664
139103969020059 16146972
139104239631566 12419991
139104460087902 18866200
139105123707590 17455237
139105355761535 19560074
139105574803340 17041998
139105970215763 16552349
139106182739584 11435693
139106442834994 35574603
139107064901167 18873919
139107768734307 23485640
139108411111268 60429078
139108637142563 20919253
139109214810336 12025589
139109717177091 15033683
139109941629424 23450438
139110540464395 18676885
139110819051193 68060956
139111245521304 22150226
139111460231521 13822360
139111676265695 14052449
139111889383717 11844594
139112118199940 23091063
139112342152456 18724571
139112804300083 65078110
139113020182181 14978402
139113252639138 20391525
139113703509464 138550743
139113930560329 11354106
139114414329663 85881724
139114705266595 72005452
139115417147153 13890509
139115702321586 66067391
139116311187228 70272515
139116532460930 20190829
139116823545081 23286551
139117040105723 14865788
139117521296314 18814730
139117740538081 17267315
139117959141121 14971431
139118406308016 77374839
139118633086910 19865288
139119250240742 46772904
139119465997430 15201703
139119679547169 13026031
139120273410223 40520790
139120801486763 79741973
139121022241723 13037621
139121243637976 14930734
139121669258937 13571690
139121938495678 19651025
139122473317958 14455447
139123032624504 15598780
139123447273016 18927527
139123665307402 15338512
139124229238658 17547942
139124735189753 105519490
139125216644467 82744978
139125765342709 31522536
139126426119491 18343464
139126927160052 61060722
139127150251600 20002752
139127641959597 22823872
139128176335645 20274371
139128527628260 24195719
139128760171146 9315310
139129001833010 35648882
139129601804259 76250209
139129814065931 10879693
139130026582404 11363542
139130243099072 11912964
139130915329803 51509417
139131149531819 24291982
139131636464019 17071290
139131908249565 62035955
139132137560529 14320955
139132358967795 19739271
139132926245278 20282996
139133162179383 21931993
139133506209952 65674959
139134034394690 29421883
139134257386869 18161984
139134869687020 20161441
139135081120761 10980913
139135673776379 20307840
139136260152069 16462408
139136521506376 20309060
139136734555909 10348469
139136951661753 16860089
139137616273354 42680525
139137833183244 15976872
139138063237714 22012308
139138282740430 12530545
139138499118350 14886699
139139066218648 26072507
139139282988734 13810540
139139625212857 13391224
139139852791891 26507264
139140524283822 22294517
139140927125590 14284480
139141434894140 14520954
139141954860240 29641402
139142171187213 12944450
139142480387319 20761597
139143019115975 79248541
139143502452169 42005412
139143726188473 15952164
