139196340252263 17707013
139196901149426 64802308
139197562753628 117971440
139198124725524 91307283
139198539210886 23991711
139198838123110 34859406
139199058772653 19575173
139199536252177 31559752
139200029861800 24421648
139200257457712 21247102
139200759125777 23898452
139201242525931 20257995
139201456445155 13473445
139201677151274 20206039
139201890147306 12521839
139202100448188 9823289
139202322108799 18921951
139202539197505 12996699
139202801696159 53443522
139203017962143 14829865
139203527109733 12255421
139203752746241 17515111
139204018363466 12160264
139204463522500 49267146
139204676603405 10876969
139204934247732 31040593
139205343048168 21374968
139205644871523 92656300
139205869052871 13539419
139206086582362 17098476
139206542191700 40948078
139207032111441 16503554
139207531406983 24958915
139207747158943 14877533
139207962257522 14073406
139208544108197 16609279
139208862198605 13349308
139209131834375 26972775
139209351676319 18715797
139209937144638 74954803
139210420405672 81191426
139210650217962 24978696
139211005133399 56031457
139211539485529 65974880
139211758124337 16921496
139212022589975 19373980
139212245484596 15892299
139212669467351 22146442
139213146220348 21081653
139213601218209 48665939
139213836136219 29576510
139214227530543 17653901
139214513320289 73080127
139214729155554 14938225
139214942960259 11772648
139215452160562 18480756
139215760809587 13599163
139216322807389 16639599
139216855651729 110193345
139217242265891 25890144
139217725594619 16666737
139218263406656 29555006
139218634315948 30019713
139218856655400 19476706
139219238280838 14301911
139219507320970 63077290
139219945030495 18910850
139220158207855 12686448
139220370189103 11541456
139220826159433 18401453
139221043722832 16482193
139221256244715 12054747
139221504221897 36004432
139221723789674 15238802
139221944625726 19358850
139222177468032 17273671
139222407355130 21200050
139222921023072 17771236
139223151844536 18510734
139223540403645 22068679
139223761715929 14507714
139224049057954 15205183
139224501312987 84095443
139224727903919 15668197
139224946308245 17132885
139225161123094 12864754
139225414461909 14190161
139225634336310 19163338
139226046615700 20203285
139226267823542 16635274
139226482412487 14211471
139226852612414 24205512
139227404449282 50702915
139227622565046 17340349
139228102827716 40166045
139228542144136 25576318
139229147741446 26207336
139229601927287 81528650
139229817247459 13074943
139230042205726 17988342
139230428168964 11359971
139230655340767 19153682
139230963264494 23798346
139231175662163 11962575
139231665854063 34089347
139231884574414 10411621
139232412964414 77292439
139232626253086 10075913
139232901807858 69990200
139233421097304 82044156
139233637396461 14466724
139234044854648 25627969
139234259051679 13804478
139234618171637 71190935
139235055270766 33343806
139235546060985 19615741
139235769200624 21930162
139236249512982 19663624
139236631517238 18850183
139236904397170 70228506
139237122408784 12232587
139237758188190 20630752
139238024562245 57372556
139238501424016 98951749
139238950110710 17395565
139239555193503 17645485
139240011013740 84850933
139240235117028 19919988
139240454819651 17646335
139240811225172 54191477
139241032230959 18023163
139241571134536 30093087
139241832196778 11201186
139242050000951 12799559
139242435379761 24776233
139242649866678 10336598
139243001259335 62983031
139243256684392 37424303
139243471983044 14404119
139243767159531 24826676
139243977726166 9992265
139244244512982 31282134
139244713204310 56989608
139244927872525 11649874
139245436316580 28107459
139245836766917 15592934
139246408651679 82101869
139246643226193 30019690
139246862031867 17836845
139247121321003 20956695
139247553204059 20836558
139247764185696 9977536
139248001606968 31833864
139248216803308 13588332
139248432214585 14003698
139248652722935 14533931
139249017239739 14935213
139249582547877 31246557
139249796808480 9312654
139250017446494 20035048
139250644142459 105735822
139250876787533 13465037
139251350124885 19536794
139251630269078 50024827
139252134424198 96895964
139252354044111 18860909
139252717429204 59168475
139252958647870 22987920
139253534165670 13385395
139254170235071 41671197
139254900940679 72132117
139255133355716 24180637
139255345867146 11686353
139255635830219 35563275
139256111824397 93233574
139256325203749 11897390
139256900674791 31044851
139257325774687 14881037
139257740761344 107765261
139257953865095 11654499
139258168898702 9716517
139258379452875 9962499
139258726969364 19369298
139259146775710 15803137
139259663570208 12864714
139260040319609 23332843
139260273545920 32255158
139260490578146 15605195
139260926118402 18567175
139261152196879 14784804
139261757253184 18000530
139262155188044 27461019
139262369190905 13291059
139262586461170 15280088
139263227152732 91015262
139263456500212 19279000
139263829354178 15059375
139264044403188 14553799
139264307176990 52875283
139264534224503 21786879
139264900677469 55558554
139265121710362 18469945
139265726424249 19141228
139266119459555 13992398
139266336722762 16519446
139266856226080 21771301
139267068778081 11551692
139267313212869 12852414
139268006525328 30854718
139268461395081 30258086
139268764195296 14803621
139269033715176 28269246
139269248751571 12572880
139269463910421 14690858
139269680144798 14837529
139270154204605 17161393
139270438732561 14600371
139270655912544 16690832
139270921588305 21326732
139271169196699 23072141
139271394305745 12136274
139271610620057 15859993
139271832531830 21342683
139272345406096 16236446
139272562781875 16934704
139272841147136 14521833
139273131840726 19641920
139273552634058 14085605
139273769345348 11587045
139274048790094 16241674
139274455313332 27649586
139274672878890 16733929
139274883825090 10581894
139275335666346 23225435
139275809314346 91663769
139276033152492 18895127
139276247929891 13759531
139276812433034 11127322
139277110666597 84368035
139277454188807 17942551
139277701156659 41009532
139277948699073 19295328
139278264351686 13514905
139278837259182 13324273
139279048353006 9449145
139279301426159 34985058
139279752196042 18991058
139280314690596 60425350
139280531270559 14816798
139281060683001 15033102
139281333207255 29006363
139281636452922 12124613
139281902145688 53016678
139282117148954 13929079
139282339114270 17937159
139282716403922 79136195
139283241753123 16372944
139283453236318 10749474
139283729494451 14793850
139284306891164 25771406
139284855235250 118193600
139285068918614 12709693
139285635704617 19302737
139285904265019 62909300
139286348436003 15725374
139286560179229 11329536
139286804748198 38953105
139287301289438 83590952
139287828392971 55159521
139288257154645 18484193
139288475613948 16981398
139289072663042 17698187
139289301301813 23028939
139289805467596 81471701
139290019609511 12666467
139290573049463 17329792
139290786780123 11915985
139291331869411 30306247
139291831096198 23262675
139292345236783 14645774
139292618329637 17779366
139292858032475 35842450
139293407147964 165607621
139293625312357 16093671
139293909734848 75539136
139294129051359 16842835
139294632754586 110117949
139295108269169 32881191
139295560238144 36901939
139295787689829 19330993
139296026568658 13042834
139296545732212 40498679
139297146384978 125493268
139297358825921 11829868
139297922444125 13683329
139298139838312 16989813
139298744232390 14660922
139298965804250 16539171
139299184641072 15411644
139299523506112 11359582
139299946130874 22573784
139300210619959 61446703
139300428256047 12001990
139300935208155 18880034
139301155237777 19055326
139301520697479 19083152
139302038462646 31163134
139302251148451 10966087
139302466982325 12312132
139302754035156 10852729
139303311165798 48263644
139303731576451 17384451
139304210007362 58346638
139304428737620 18124550
139304650295703 17868105
139304871625218 18045197
139305081865073 9767384
139305452243886 21073165
139305858237001 16523797
139306128034509 10153110
139306415013355 70667956
139306914756195 53072578
139307140335233 18133475
139307759290406 14287660
139307978480163 14239054
139308316286773 74317494
139308530340604 13181333
139309008196618 71861461
139309501662763 62281662
139309968698937 20550713
139310244331563 11997394
139310772701047 13210979
139311259139173 13815252
139311626735104 80364492
139312051281014 14097499
139312320916168 59721381
139312737688652 16956726
139313142343635 21910397
139313355418293 12188070
139313571565723 15164556
139314009803848 170937711
139314462921874 16147974
139314675864551 11657619
139314936135269 29922921
139315330119625 27730220
139315934375628 19764850
139316153639067 14733525
139316708221431 35819041
139316963266013 27524186
139317306362494 40475762
139317770754293 12050695
139317984941299 13549660
139318200836418 15240180
139318429495692 26962093
139318642894194 11697579
139318867483706 17294484
139319401205306 63929955
139319614116860 9911695
139320121624015 19712160
139320654149800 39437586
139320877764155 20559127
139321501941345 73521008
139322139479083 18689944
139322364943021 15613049
139322617357680 15876948
139322855595045 28221909
139323069524459 12346537
139323332502619 29232130
139323642436034 14742980
139324019135587 13929707
139324238322507 16991107
139324453816299 14872011
139324905883847 82850434
139325135923214 18659317
139325626413485 17370130
139326336687074 34119649
139326730263360 14951829
139326961644952 26689257
139327175173839 12972163
139327430338418 49242847
139327854385147 26475394
139328067898080 10569842
139328352881412 14276928
139328568820751 12140088
139328933432586 11882767
139329501241763 41134097
139329749321891 17062577
139329968653469 18228096
139330419815393 53106875
139330639470394 17270764
139331248190413 17074652
139331642438601 20494867
139332037683209 29164220
139332506460876 60915295
139332966245653 21549528
139333221787507 21528749
139333437759826 13986128
139333648516626 10324322
139333860659644 9667599
139334248377695 21598266
139334466288623 15106274
139334681250586 13079435
139335209673805 75907643
139335626196536 11690462
139335849153178 21274877
139336066137904 12167509
139336278687894 11511335
139336524596271 18391096
139337001534181 99298657
139337223000650 13798224
139337650299477 20008692
139337864448324 12920792
139338084092633 14060218
139338314181626 10952787
139338745194945 13198919
139339136544700 112986856
139339354455040 15263365
139339584917413 18501058
139340003704014 61945832
139340719290815 86105797
139341204414693 33938603
139341435257150 15065517
139341652722235 11426258
139341865394382 11183343
139342210756295 53533897
139342424635914 11442962
139342901528416 46047583
139343117360497 13100417
139343627768991 11527828
139343901495980 63468441
139344623245476 68795516
139345220138458 80477093
139345447243468 16060157
139345660293328 11106762
139346234636242 14604129
139346838180057 14347440
139347101304975 49432294
139347705694903 160294630
139348170248625 17071649
139348386326287 12985329
139348649304829 31108193
139348870136394 18783594
139349331285752 28735789
139349550224856 18004334
139350054197917 16053220
139350266433309 11204784
139350507624610 28025146
139350729420045 21192257
139351062745380 36084944
139351332158283 31894008
139351550963187 16700105
139352130642051 82736363
139352530902346 18884856
139353088707716 16652855
139353534247880 13124143
139354047008746 17985883
139354552652850 16130495
139354933773828 15162247
139355400444856 69478718
139355839178246 13787152
139356246810600 17821047
139356811871482 77976727
139357315197058 58191938
139357539299322 22809866
139358116399183 11495848
139358349142990 20589195
139358563360890 13142951
139358775927967 11997501
139358989195907 12740984
139359205730709 15913481
139359436165102 20562863
139359650007695 12670148
139359911644911 11315273
139360327137172 11403100
139360634693477 34455486
139361261266663 24950481
139361515295646 48166161
139361730622017 12435986
139362027396370 27059352
139362642264636 26166987
139363040142259 16422434
139363531217955 15933784
139363745295877 12074185
139364347292292 15646813
139364855288780 31330619
139365573756628 17282180
139365819881663 15506288
139366467765665 47358756
139366681479883 13246362
139367056521553 20296838
139367269309907 11076074
139367515064362 11645318
139368206115205 82275640
139368424640476 13434541
139368918129075 17540011
139369618501079 73639051
139369839834271 14648734
139370123704114 13606641
139370743594990 26430185
139370966310865 22266458
139371185235115 15006223
139371702205225 64685569
139371927682870 21495551
139372450305352 18531393
139373048234198 15046591
139373603732408 72430527
139374221174452 71901654
139374439468625 15241474
139374903220893 78091416
139375331429052 12706281
139375575309710 36993120
139375791925061 16197427
139376007516389 13006290
139376221394241 13196463
139376649593551 16321543
139376908260013 23276136
139377401658116 72165417
139377912432794 51443907
139378136157895 22971468
139378515353320 61890474
139378946550903 14738385
139379423297659 19727521
139379641935618 15258845
139379904353538 54354094
139380123246736 15322209
139380345376135 21091446
139380801485595 65924423
139381073018692 49775641
139381288490719 14294035
139381499793901 10469398
139381932971725 13310169
139382425119088 12643012
139382639962610 14363691
139383053014234 22372429
139383523184692 14757956
139383749851993 25628513
139383964013876 11839151
139384535767756 15097494
139385046823399 23197867
139385301473680 37217447
139385516155733 13549800
139385745227960 20942087
139385968173643 13973113
139386248891875 16701420
139386533881550 30622502
139386925332451 91585840
139387148299854 20704839
139387739293501 75839812
139387967513802 26334999
139388619480807 62163326
139389258254993 26078353
139389476688467 18103270
139389694869482 17383880
139389908352706 12971754
139390503884456 83707579
139391202405687 78509203
139391416065938 10856276
139391642950852 16749624
139392057605518 28668272
139392622277424 70553737
139392859650047 13421969
139393073884101 11613565
139393311281924 30970587
139393749839377 18127356
139393973654969 18377184
139394184982320 10744999
139394398369381 12150690
139394610114498 10883139
139394850339891 27128946
139395404620800 77375242
139395619345713 13138288
139395842226815 22009835
139396064175007 21501123
139396433643243 27687480
139396659053562 17206810
139397211750846 74854597
139397501375003 79190532
139397716543890 13271612
139397952648919 27389283
139398326596365 17221982
139398727197602 12365750
139399384103276 14986273
139399594874574 10269983
139400211182369 74965345
139400831572085 25008685
139401231256072 30804473
139401677959634 15962252
139401889862428 11004384
139402412139684 33313524
139402649606535 34413275
139403035163171 28047689
139403251495958 15291235
139403823669532 15149229
139404527273158 74216124
139404821094187 87625923
139405400791573 140300962
139405621578430 18384891
139405842841924 16614978
139406214578356 54417602
139406801170671 91753234
139407017144362 10941691
139407636866565 34400293
139408021253827 11378722
139408580699784 13956491
139408803627607 22393375
139409016326011 12100453
139409304328410 69981965
139409533881964 22644467
139409759805474 11596903
139410240158215 10570232
139410863498759 16157497
139411532483909 19693188
139411900314572 63858144
139412318360579 18022076
139412533829567 14644213
139412934418376 92228185
139413179195365 23967747
139413746559839 45618409
139414401464271 65929034
139414613412392 10207813
139414854047574 19881710
139415067149150 12657439
139415648405476 25638878
139415864263653 14064304
139416082566286 17192412
139416325159345 20959883
139416545337192 19519467
139416939045049 85266726
139417223329009 17013894
139417674417927 13135608
139417923114835 16922544
139418201505241 67066175
139418422933561 16933388
139418654647004 21337178
139418868111976 10877478
139419122048259 12770967
139419524054657 12835688
139419743188849 17983254
139419964280387 16072747
139420267169811 15871914
139420647402967 23680761
139421052484978 21986717
139421576634556 17729131
139421842264579 39078102
139422057316998 14472120
139422277657289 18871788
139422831478902 22028324
139423219300667 12659837
139423816714698 55230510
139424256494777 15119464
139424615924196 12145615
139424833354730 14607327
139425057960758 20725933
139425344201602 14380633
139425830501086 21508778
139426045527677 11340808
139426269949014 16778828
139426519144447 11960296
139427047306083 18383125
139427268249888 18045904
139427635271630 11992196
139428265234021 34689161
139428801270296 85474848
139429234520910 17353481
139429811330222 80410499
139430318113827 49107022
139430557291067 33028055
139430768050849 10114461
139431350632427 19629295
139431562463927 10870557
139431828282147 28039351
139432240208611 21186991
139432461854284 19624485
139433125305107 14087132
139433812204846 54635468
139434026195975 9961713
139434249732658 18398273
139434467175963 16039402
139434708442801 31227064
139434944918360 13724770
139435159278251 13072159
139435697055092 27658753
139435919814065 11570934
139436329245530 15131172
139436555563632 24329703
139436772170602 15693617
139437219665318 19287684
139437435277829 15104001
139437704326545 54113811
139437926260929 20001575
139438159124911 31242721
139438729669019 14078071
139438951131584 20893922
139439173231052 21337435
139439384718981 10884207
139439619491935 34203002
139439835377346 12202309
139440400515806 69549009
139440855144528 16238844
139441223845660 100463490
139441442202730 14045418
139441661105109 16476806
139441875362389 13814214
139442536624536 17298286
139443156975438 24490069
139443646370074 30234607
139443857956883 10782960
139444222751308 62439735
139444449847835 16594816
139444660515933 10268382
139444907235255 41001981
139445120269880 12039995
139445540383329 16963896
139446143343802 29147341
139446524195358 13995628
139446741292046 14667664
139447124557978 14384960
139447352645995 21540610
139447565554626 12366177
139448134646865 25593021
139448349435754 12260548
139448846977727 39915532
139449218189734 15386878
139449638482517 20488451
139450250138171 20494130
139450853295597 22032664
139451107206997 40966542
139451325186720 12999723
139451551698803 25542114
139452137273048 24938966
139452355278452 14073120
139452604779109 42598008
139452819165369 12099293
139453222283758 21847378
139453830624992 16564819
139454101383063 62014338
139454541260034 40324509
139455030143885 14743933
139455529991388 23547441
139456230652145 14016628
139456653926731 23773216
139457229231269 10459916
139457443044742 11873873
139457664403724 17563879
139458223198893 19253986
139458911837910 73309975
139459337020904 13550418
139459729458983 14085233
139459947935868 12724219
139460504640591 42340139
139460722128221 16944997
139461120594749 13097169
139461624666672 37862140
139461837410350 11214162
139462533762046 84345046
139463156725796 11368655
139463667757484 11448945
139463886225775 16993363
139464365498525 10858028
139464619190459 11980573
139464841268016 16083910
139465071351686 27125392
139465425192129 14927354
139465817785482 11763910
139466424178723 11856424
139466640107590 14958886
139466931221422 15391852
139467152670211 20462479
139467442876070 14097332
139467903959090 38173019
139468145154709 23964856
139468539133180 24290200
139468901684578 101431754
139469116337937 13112767
139469549397007 14205246
139469823947271 23698357
139470048398671 20205465
139470482410049 11141339
139471060481450 19636762
139471422726196 16525391
139471637377533 13189136
139471869006128 18621606
139472084906701 15118242
139472616381918 93606923
139473039103437 13146252
139473255023641 14805364
139473473097544 16839481
139473901700332 67977364
139474429308444 17515886
139474818063103 13581975
139475051260759 27004272
139475628418412 92849907
139475860660937 13399506
139476120195923 19785809
139476338056879 12851790
139476704011703 61376586
139476931336588 26313565
139477438940502 93399178
139477717495284 14307772
139478229957045 23194743
139478712158290 85709618
139478937846938 20446243
139479162885760 24485601
139479544287369 18589928
139480128147947 18297544
139480522624131 14853532
139480816720685 85997222
139481235178016 17323229
139481771539559 41151924
139482064654899 18859887
139482338180776 36679243
139482567220578 14701278
139482781656127 14221690
139483038820561 30350078
139483259949370 13912431
139483478305205 17067529
139483718260012 12044333
139483940756237 19557518
139484413861745 84422500
139484846360373 16668390
139485481001939 15441717
139485707863294 25660571
139486142277722 17793543
139486363006236 19850240
139486573571293 10112129
139486784381787 10243150
139487143002498 17518878
139487535277670 12448147
139487750189103 10981053
139487965180189 13949246
139488507273805 71399954
139488729158245 17982029
139488955062359 18843880
139489312299027 76900444
139489964277692 20087895
139490176205959 11261113
139490601930495 53567527
139490819267707 13078271
139491330919265 17630751
139491541112227 9518103
139491804519534 49308813
139492020179867 11970588
139492438156365 15221911
139492727934698 27603403
139493155325289 17380638
139493711576231 59575430
139493927202375 12355130
139494351367535 25580217
139494648334284 17197975
139494868025882 15454269
139495077895761 9274303
139495661586438 33107484
