140232082923161 21040131
140232447944133 16516069
140233114118580 53746465
140233532336854 17025594
140234083090772 21034447
140234332154495 19944542
140234565216539 19049215
140235063221117 31000649
140235281116094 13907546
140235510015051 26749365
140235730939706 17715388
140236378132814 17574282
140236936220368 27307237
140237404238159 87814733
140237618989753 12815468
140237838292481 10861974
140238421689243 22659316
140239045153392 19998399
140239531570139 16043667
140239746929477 14874550
140240021606413 59379037
140240605094097 68890139
140240824252217 18023395
140241044194862 19012960
140241447784004 25291144
140241721776757 18583980
140242401293602 60660915
140242615233183 12051807
140242857214472 40443493
140243079113271 15948051
140243733145703 19740086
140243950222503 11995335
140244338545728 19485303
140244584316329 24078473
140245106216832 66874937
140245322052786 12872328
140245545318390 21865264
140245773604259 26384390
140245988224747 14238768
140246471241853 29430004
140246937374899 24935371
140247354262526 20744533
140247601472117 41546396
140247827089625 11898037
140248114226914 70960711
140248549484874 27430448
140248814681506 14471354
140249055129009 38916846
140249723224642 61193722
140250346317061 49890027
140250807178143 154899345
140251409245115 91555811
140251645271231 27091978
140251959512990 19623688
140252557645351 21664399
140252774623423 12425058
140253023028860 21636234
140253518198127 55830286
140253978487376 21821558
140254249304764 36105699
140254642224234 21642966
140254865995526 20781674
140255466059585 18596592
140255837206283 12298984
140256101588332 54305330
140256321653792 19373035
140256545470883 22295547
140257041157858 19843708
140257552133292 19763530
140258083294283 19313865
140258620205540 16060281
140259335927648 30003445
140259578126674 26895128
140259790157776 11498693
140260219241318 60942725
140260615164098 13545957
140260847799085 21571247
140261084599868 25372477
140261498001205 20161836
140261938159896 18448673
140262568974386 20240896
140262961322157 14814353
140263233324133 28382401
140263451128633 16894403
140263684818381 31209418
140264045509921 14147917
140264323191766 19992049
140264722142501 14465749
140265007724572 78552050
140265717881106 82989041
140265931791852 12601014
140266441203239 21432185
140266677786088 33601135
140266923437386 25470717
140267423204011 11285221
140267639019056 15421507
140268062540636 13928369
140268283780939 20126904
140268529279559 28834096
140268752885454 13681876
140268984942267 25718081
140269196558940 11086393
140269408484034 11360550
140269938283398 18898502
140270333191349 19786339
140270919704994 17129905
140271440192979 25615310
140271955139474 23488681
140272204162926 43575509
140272838797091 93247057
140273335123012 21539855
140273554249971 18064356
140273772440305 16913831
140274029879789 23512366
140274254156595 20929213
140274901676980 58164810
140275350995231 11186597
140275565236421 12178560
140276127251742 18957223
140276343850229 16238678
140276855316131 35352803
140277074922221 12747418
140277666705962 42530195
140278155696239 13157079
140278707583725 16459106
140279284574357 116872685
140279801233356 40813832
140280021784533 16517577
140280554032676 18081226
140280842240657 40950484
140281247122368 12326730
140281586259363 37996065
140281799805378 13018973
140282432943944 16593918
140282650986708 16791107
140282866248252 13068084
140283228579595 16206946
140283501630928 53416511
140283722122439 18888982
140284357873980 17564627
140284582510024 16236094
140284794955362 11226207
140285049324259 48713353
140285326345310 12120910
140285603120409 69763801
140286047048520 23141477
140286263436429 15487743
140286750413305 11594355
140287347009588 42426289
140287559385068 11178159
140288145536833 97827449
140288366837512 20836684
140288577696058 9531863
140288789838155 11407107
140289007341810 16673547
140289239463139 22280688
140289457530823 15358982
140290168616484 22730036
140290529425700 72976406
140290750411899 14230360
140291143131503 20691255
140291635173813 17897272
140291857359764 19128975
140292082920824 20286047
140292723121838 15093453
140293272429399 60970511
140293904281919 65565736
140294120516195 14296749
140294712200160 45892370
140294925283665 12101888
140295139120959 10913674
140295358543421 16479060
140295607282788 39050191
140295855259597 22027399
140296493290578 52308910
140296922955727 18254133
140297560428918 84743272
140298101190100 69226770
140298321563295 13382645
140298925325722 17620761
140299363625677 26621444
140299612506072 37687805
140299826444139 13268381
140300317779516 16087253
140300740140832 14626402
140301416429229 86537555
140301638558822 21349014
140302063050034 38458507
140302361048621 12359259
140302711140475 45419140
140302925030648 12851172
140303159052949 27227013
140303384381881 18217302
140303598357087 13170976
140303832123074 24915108
140304050278170 15985659
140304434197282 29181790
140304663566151 19319017
140304878926528 14742712
140305449129233 23994773
140306109345484 69175446
140306607394245 88847230
140306832123417 16928723
140307044617794 12103926
140307258158390 11972279
140307475465150 16731387
140307814359475 13778127
140308260656251 26444159
140308579281556 12412682
140308790154449 9905929
140309007641850 17064723
140309728452169 19682478
140310356917834 13808626
140310581374915 18876065
140311029101603 14976609
140311436212239 14202935
140311842187874 14780664
140312229192120 18922459
140312451807004 21624240
140312829339022 16915274
140313368510915 16759894
140313739749033 28294995
140314220249019 43948479
140314445294973 17119295
140315056278637 14964023
140315277052719 17858136
140315490500853 13024476
140315718275725 22239038
140315942615006 23224606
140316355354210 28227363
140316577049391 13275082
140316832327063 17655466
140317354148014 31618836
140317917325650 86132490
140318356392105 22990221
140318575268645 14751643
140319101647454 67457457
140319561158326 13838028
140320223375538 14887681
140320636492835 13820491
140320957065203 25456195
140321219162580 11955348
140321754059551 25938145
140322140329221 38779402
140322806589590 96542054
140323445766511 39397637
140323718037508 12985584
140324405326580 56564376
140324620505345 14327007
140324833395821 11199829
140325057182333 18912228
140325504154906 41209604
140325726104683 19867643
140326267269623 17944252
140326507844771 39632418
140327003331224 44281303
140327444856555 12066958
140327958123793 11480212
140328211064399 45863433
140328436861613 24635762
140329027195450 24713442
140329242863174 14665899
140329774953033 20485064
140330410198856 44390806
140330642499781 22257897
140330857498488 14326799
140331240444210 19046349
140331736415848 13254627
140332161726981 38393803
140332641124170 13083545
140333031291938 13128016
140333618256339 41978712
140334039399894 15455363
140334258051959 14850060
140334471828530 10234645
140334953213181 19699952
140335171003580 13342484
140335485500934 15518763
140336133778890 22053782
140336881984128 31814157
140337254113299 13963844
140337647566139 14549567
140337872231671 19003576
140338085753428 11561712
140338295872149 9670331
140338545643674 32424481
140339015158673 93796057
140339644459100 29207558
140339860552416 15529422
140340346208306 28358562
140340565374779 17030216
140340785789366 17576191
140341265247189 31305446
140341913113584 56269292
140342148131142 23947618
140342532463870 17709331
140343200251918 49548695
140343660566233 16948081
140343879294107 16624330
140344475446338 17437349
140344693160361 10966697
140345271953720 15465296
140345488211925 14027832
140345872274645 21414899
140346423216430 13955517
140346645428777 20533295
140346904324866 47130284
140347122184102 17433421
140347552315020 17042146
140347780220969 17024195
140348350166344 24404140
140348570741415 15512899
140349227045735 18542323
140349830247993 19379963
140350123959987 23720141
140350736965332 14767203
140350961230143 23497425
140351216553426 11169350
140351451051573 21870203
140352106614952 46799549
140352701442569 71561511
140352947370700 27748949
140353164391937 16555249
140353377684763 12143940
140353813213851 87991334
140354037605584 21999190
140354304574236 56376029
140354756567368 18088932
140355282713816 14501905
140355583210024 80051091
140355797386480 9612490
140356313451382 13112072
140356769968441 17268840
140357201383791 15965642
140357836463171 36276828
140358211281113 83705196
140358462445460 20812119
140358687637579 22417528
140359090388018 14514454
140359299450712 8579753
140359518952736 15522866
140359969279760 21028916
140360357207814 25166317
140360945790140 29045843
140361216208887 62608146
140361806222280 71345223
140362223247996 11224670
140362814979192 10549769
140363033271446 15035011
140363568492267 15901437
140363826237278 25908043
140364048673002 19473801
140364446219980 24741535
140364729247641 23608968
140364951356293 17165458
140365167302597 13942320
140365556184518 18594976
140366112115210 33738862
140366334180000 16985014
140366572168257 28934745
140366782907027 10246290
140367304169049 103694818
140367518174457 11975760
140367738021209 17844345
140368266687263 20195874
140368642573526 18882691
140369062330297 17805348
140369692608161 17584320
140369919312110 20741510
140370366491532 18472074
140370718737290 14787205
140371220212474 17983692
140371435569421 13371132
140371663508587 25296576
140371953035965 28486955
140372432374045 15223869
140372657498783 24794668
140373152296612 17951243
140373847439530 14291322
140374073122197 13936966
140374416140376 85298370
140374634214001 14935818
140374858127051 21248155
140375226937668 13950304
140375666198963 21486641
140375952156268 17840786
140376174467824 21637052
140376719126064 16346924
140376940196585 16800330
140377404612152 68576564
140377651786147 16955821
140377871671800 18445526
140378092679660 15470170
140378553352454 120394934
140379031109334 15167411
140379436225870 16218943
140379840266370 12865398
140380058054664 16385480
140380301139974 41313072
140380731131032 14289313
140380953889663 19690092
140381174281660 16040294
140381390565682 15367478
140381917170809 88143415
140382164182796 43829720
140382536859862 13278678
140382754798808 16613323
140382972170368 15985087
140383188189510 11533232
140383409361925 20615280
140383626010009 13241035
140383954506921 16245507
140384603111916 17197758
140385055161484 19681051
140385269005701 13269360
140385507187520 23918619
140386133152348 16881361
140386344034828 9818687
140386631210302 21025216
140387063376576 20022606
140387278492172 14493756
140387827114214 15911549
140388050060824 21867498
140388272306952 17117890
140388645775109 25733815
140389104223465 38603947
140389542647794 25451476
140390149057838 16162474
140390367235043 13012062
140390611342511 11079436
140391253621915 27021558
140391479479484 25354935
140391693256219 13125811
140392371552020 10175483
140392873133608 45693229
140393201417720 44708733
140393742517789 17465703
140393967422503 18233446
140394177874269 9968916
140394391544847 11338615
140394654890479 52428337
140395029400614 13000688
140395437909567 26378379
140395678822857 29194565
140395899536357 12416907
140396363214396 16798379
140397023092329 15304841
140397301224405 65923979
140397757407029 19215577
140398032673265 69793702
140398521846464 62181651
140399074062983 72794053
140399566112623 17439542
140399838140234 15477436
140400236621874 16617034
140400549837312 19046852
140401029119430 99576548
140401265662264 23478161
140401536324217 28087433
140402253145080 25345608
140402915115474 39906782
140403427875347 22501615
140403879296698 20973063
140404290592395 13994600
140404522134661 25866157
140404749799669 27182279
140404973213178 21045906
140405244114111 27909969
140405716378583 65712514
140406159169522 21716579
140406433242325 23276649
140406870616753 29875067
140407361563296 18010258
140407577795521 13647238
140408135962564 31315283
140408700908284 61177060
140408943249655 20083007
140409639402207 28635723
140409853179729 13287669
140410070052725 15829000
140410333824694 58252553
140410936958754 25276098
140411421378628 71368829
140411643661515 15475910
140412068850760 21389590
140412561199276 31072944
140412812897341 11363083
140413041015375 25289849
140413450151595 15177310
140414047049489 21825639
140414619894587 14222421
140415113231077 72444503
140415617532078 14173272
140415854437215 31243179
140416066176068 11175154
140416424139693 18466981
140416854501276 17543020
140417107381721 40181800
140417321233685 13007231
140417853168210 27198603
140418065706367 11523376
140418293471394 26888746
140418510372570 16417540
140418752290623 36302391
140419155259191 21551417
140419377254831 21007963
140419809627371 59408023
140420259571823 39906879
140420820532748 17900689
140421507319145 67922143
140421742063707 34335431
140421964500706 21858184
140422182511420 17341789
140422573889505 28788286
140422785845489 11637387
140422997500595 11243049
140423593110982 14527655
140423808254876 14596611
140424053816605 25629202
140424662733065 14139920
140424891849079 28573153
140425121347367 13175452
140425343118772 17942572
140425739224049 17920773
140425959646769 19997453
140426170796194 10493939
140426388174239 15957871
140426612041481 23483060
140426856983553 27815279
140427077088425 15909153
140427305272526 21021107
140427523386393 16198660
140427947121270 26693593
140428165402716 16159300
140428388557052 16370957
140428867118208 17359015
140429222315072 16059752
140429441090763 17096691
140429822585918 21465206
140430404204550 72560273
140430625135986 18905643
140430848281828 18083295
140431447148865 21047541
140431891413979 25880611
140432150652495 35257008
140432777516269 62506482
140432992504947 14525271
140433431208054 18211815
140433750197370 23418911
140434150443191 13941857
140434805175387 49532301
140435032373689 26135814
140435457161405 31253693
140435673454446 15269275
140435926155062 23928956
140436174061813 12188691
140436643317739 20932110
140436855672016 11490607
140437112057009 52844580
140437804285688 54916925
140438278277196 14730086
140438489503064 10765371
140438716121889 13183528
140438941534947 22312590
140439169147918 22365904
140439623522506 22145286
140439904217188 52527733
140440364096357 17393758
140441016215799 24943986
140441265244624 39057128
140441480236354 12072435
140441734389290 27161370
140441966122030 14604560
140442177350621 10676559
140442391955757 14090170
140442623324797 23071938
140442849157674 12702361
140443107567440 47352945
140443818182536 16379506
140444264536710 29973407
140444619241354 68513964
140444838193858 18003583
140445079625938 30388962
140445310203257 13275087
140445820207123 94938707
140446053338023 19199285
140446716270005 13906080
140446943975415 24782250
140447435365422 26884734
140447657781061 20739873
140447869860857 11664335
140448245771920 21002443
140448467095916 19560609
140448829304212 22690503
140449445323879 42951946
140449907243623 70730161
140450125249325 14078682
140450744168363 22440599
140450983207509 20979723
140451234261731 28026197
140451707530671 74596820
140451922232225 13038353
140452452273262 74913555
140452667130260 12907024
140452911376786 32032369
140453377023502 13736176
140454019240745 14399003
140454256761002 22493604
140454468199955 10995741
140454681040787 11841600
140455164778040 25590329
140455751542856 21799109
140456245952155 18325385
140456761762472 24055212
140456974568596 12347479
140457534459955 84944473
140457904979228 44312803
140458521627807 25013240
140458748385756 12264218
140458970268392 20002859
140459182619332 12038274
140459432553553 41999156
140459669437849 20230704
140459882534647 12362302
140460422174746 19539788
140460662233735 38959826
140460893195609 14675668
140461104992018 11123857
140461815620647 43680493
140462062057350 33412372
140462287627536 16390740
140462655132074 16785267
140462873700404 15474823
140463091942590 15749009
140463366147006 45854832
140463580408237 13225471
140463823178842 40967569
140464269281102 25477946
140464948619133 22508171
140465247695415 14033482
140465476566341 24053120
140465689593483 12303369
140466120706372 15204612
140466571828574 27955936
140467126165491 23443170
140467668353778 18661689
140467890332192 21114515
140468425361186 91617353
140468873109124 15789631
140469235525892 16531418
140469454705713 16457965
140469669131791 13927024
140470133213666 13993920
140470752389282 14031232
140471182390524 11637629
140471409170763 20798732
140471640387253 30206874
140471861586736 19169629
140472103263832 31902219
140472629373914 26784178
140472849466986 19290947
140473266675672 30660988
140473485573998 11370909
140473848175744 22031039
140474151443605 27171246
140474371471099 16252733
140474592203924 20292352
140474831220310 22100136
140475269122878 21744290
140475841209571 122316021
140476055422870 13790168
140476273833889 17598765
140476861152938 25089745
140477073550033 11357197
140477417290526 68015747
140477864044456 17335962
140478078038877 13525828
140478288598690 10090634
140478745169411 15463573
140479020209645 71439546
140479251512556 30233916
140479701997770 62404176
140479921659335 15404465
140480513088543 73547818
140481114235976 82294835
140481743241342 20792744
140482069583034 18416136
140482501195932 46677383
140482719303089 15328447
140482949211950 28002357
140483554148575 25109773
140483783217491 24044022
140483996566145 12919976
140484664528508 16034321
140485011126983 79837093
140485245117722 22903206
140485833213703 24551872
140486047312819 12102713
140486529183701 23257924
140486756331040 25157093
140487143417067 25951686
140487358872708 12657508
140487575200381 14138655
140487788393823 12030014
140488348009299 18443739
140488562356481 13416011
140488775902861 11729810
140489030813641 22612324
140489262869229 17646578
140489831602058 21920755
140490432152476 12748836
140490644836371 11621102
140491205129482 78629205
140491436173064 15988907
140491700299190 53867790
140491924183923 12014100
140492146167152 15956819
140492557352396 25541323
140492850239220 13594183
140493129152340 16925181
140493821973253 65913567
140494107114811 77794781
140494326209393 18025173
140494544235835 13021964
140495130341419 27964164
140495543441417 15919713
140495929018757 14464010
140496148015182 14825749
140496390332844 20124658
140496606837056 15858267
140497107568903 20802825
140497324963420 16789538
140497766445386 23009420
140498004760336 30480603
140498443231430 12739642
140498659203347 14976829
140499063927192 12941461
140499517267388 13052128
140500022114598 11466210
140500412139845 51203774
140501021108167 15565658
140501301274580 72274530
140501521146185 17963750
140501740198226 16988128
140501964202337 21402769
140502367107705 19765111
140502580210662 12318249
140502793040204 12278005
140503226594224 19129961
140503880019884 11792815
140504409311276 64079971
140504866139981 23343694
140505081199365 12295451
140505744603014 33632311
140506001220257 44009365
140506252871844 48667754
140506496375600 42739745
140507155358394 28465505
140507454280404 34985711
140507767377698 17768891
140508267904988 18105392
140508505580704 28141668
140509198476919 15025184
140509449262790 17460588
140510106171255 81964720
140510325322654 13139741
140510819908093 18246509
140511240141160 22443067
140511462999862 21852346
140511681914316 17725109
140512264927794 18415512
140512842303549 19253460
140513075563344 18215811
140513493918474 11615654
140513730561890 30273864
140513948322637 14129456
140514230265925 68068839
140514914553963 71432201
140515620034629 17557249
140515848227371 23037715
140516111361461 59057236
140516324516995 12328218
140517014183177 55456456
140517564876927 32192906
140518108181878 63815299
140518546135096 18347355
140518931752199 23521665
140519619131025 47946211
140519843869044 22110223
140520073260969 26071454
140520604245098 76183692
140520832357673 27128164
140521363883744 21187369
140521584225753 20025131
140521799317536 14672318
140522020065977 16208169
140522761852253 41503417
140522977345467 14170147
140523187715519 9978290
140523399497635 10563687
140523615624691 15706630
140524192197889 15507990
140524403463079 10802695
140525001181835 91280304
140525217586004 11406793
140525634284535 14236299
140526142063961 123671833
140526360156041 16970656
140527019418825 18547037
140527617350938 16354681
140527858980128 35332654
140528074139639 13962165
140528290620729 13429698
140528862245585 31526043
140529074295011 11113597
140529286185981 11492911
140529496486229 9852271
140530070240192 19245981
140530283225862 12044483
140530857247023 12963651
140531116944080 15506995
