141615107445345 44447658
141615560135781 20670799
141615801745984 29560713
141616020102466 15907899
141616473251712 31238040
141616688927320 10761711
141617295404644 20497680
141618009236702 40815786
141618563160037 70884452
141618785687255 15916968
141619274001903 19633933
141619492196669 15919699
141620118152365 37971382
141620366566175 36334366
141620761238491 12650894
141620986351307 24117749
141621204425312 16257893
141621433222687 20037211
141621687193449 38973649
141621907953028 18390250
141622128417520 18702970
141622343097371 11875323
141622589242491 40976301
141623070016049 13168045
141623360049817 54858573
141623582393156 21160336
141623800559343 11383089
141624247209849 23010074
141624708407895 51446379
141624926791745 17585958
141625399315145 21343385
141626009396024 50839326
141626460335392 24775920
141627127540140 45907404
141627345441117 16247165
141627608366824 43723643
141628074331481 17509883
141628600480237 85845827
141629049280252 13937464
141629681542981 21286929
141630233351089 24565896
141630467868952 23670115
141630688744704 19535254
141631331156740 62293072
141631559147816 26956924
141631789853528 24808950
141632006677374 16126030
141632607291151 90387145
141632831057460 21849026
141633066360145 24155846
141633293581627 20356225
141633936744289 19484259
141634236662150 92404503
141634454153136 15972280
141634976012061 13176827
141635488152119 18200286
141635889193388 14483910
141636407151334 37658297
141636652807371 40157554
141637220276303 53983404
141637433381785 12089498
141638001430126 79977684
141638480322701 22079679
141638761335807 43044177
141639320136796 56638945
141639542592269 21403344
141640127624471 18420033
141640345301662 13094007
141640771456967 104910844
141641217325659 11555445
141641438145818 18947927
141641655428321 15234175
141642054361184 46679116
141642605145728 19568481
141642825132336 12945421
141643415178760 58417186
141643901667115 79009361
141644568737383 103425302
141644783605660 12384991
141645320382310 12728684
141645817184437 31354532
141646054225839 26562816
141646301229599 38017815
141646530416880 25234563
141647205200837 15597134
141647753161107 30743960
141647986776412 31575692
141648216294145 15511596
141648647586368 18485925
141649330100765 19552100
141649570740146 25048537
141649784307238 13121314
141650000371813 12882020
141650224045251 16789770
141650443169128 17751163
141650706367836 47836287
141650939311633 20579012
141651362964501 114809675
141651596269063 26095205
141651818572378 21399658
141652044229299 22038788
141652552655011 36004234
141652776964648 15793022
141653468566581 44290904
141653687015241 10723835
141653915129554 27656389
141654601628344 86753545
141654837418530 28232773
141655060209915 18040969
141655291553226 17933610
141655831307040 80635004
141656071735579 27115058
141656441237030 19327758
141656968191068 19283021
141657313177996 50391749
141657574933354 49706820
141658064155014 31331757
141658279390777 14406252
141658655270087 18116164
141658907566293 29869721
141659398018017 29976633
141659923375282 42888399
141660395107269 20217717
141660719445955 101151610
141660947199335 26741724
141661213378806 47160794
141661657125149 31280246
141661906351457 36417947
141662119106505 11641419
141662351200658 20985876
141662790833534 21171598
141663422100900 20186847
141664023394202 62954334
141664259124189 23880250
141664768147499 27854183
141665349603802 48882203
141665566710821 16007405
141666001890217 23957675
141666525956368 25313954
141667003794320 88484400
141667586863520 55330141
141668149694101 78409996
141668367737757 13549943
141668953173368 16145958
141669166257065 12010932
141669382195323 14996712
141669596405752 12229038
141669825987113 23801974
141670332236666 25695003
141670564703966 31334815
141670866851042 19027172
141671323247656 37585930
141671911117964 77792921
141672131607459 18365437
141672381141095 34940682
141672878585041 33640335
141673358379003 26921443
141673822419545 14942054
141674280549178 37722460
141674941702583 25378072
141675378256498 30381843
141675631500642 40257675
141676102252051 72206320
141676598339732 32281804
141677069437082 15212737
141677305941866 35650436
141677766186464 12896980
141678313258618 40290417
141678554149804 26965833
141678786564240 31332086
141679006934278 17289309
141679229053409 20743198
141679453499868 19284270
141679673891991 15709986
141679885610499 10859695
141680097133750 10685872
141680701206569 48197705
141681232262842 30517730
141681470232976 31047648
141681697179663 25008406
141682160881299 29189425
141682592873425 29428039
141682806983543 12808154
141683101274301 79058774
141683600355939 24471930
141684028109616 14376399
141684250630050 19412618
141684581659194 16055771
141685137362580 95812068
141685352392683 13181607
141685575158602 17978273
141685818869626 35596419
141686037038349 15856603
141686266048155 24824399
141686815275679 49503143
141687285996853 12756099
141687522046809 27799672
141687744148545 16964310
141687962109946 16686989
141688214353261 13063267
141688903250899 79787631
141689390336701 17747551
141689865499523 31947386
141690229114064 11963672
141690451055335 18766687
141691114262327 48201791
141691578285538 32471274
141691806815055 27590247
141692443977399 11730377
141692818673855 14256539
141693033219475 14083038
141693263982151 20766014
141693919289300 38775678
141694572610562 16599658
141694788190823 14997034
141695007768410 18572828
141695228167243 17958692
141695447169096 17937295
141695668431177 20232220
141696038134305 26436192
141696260736119 16286688
141696508275272 46077988
141696998540852 24081773
141697241584863 25379482
141697463182968 15658885
141697692200853 27019591
141698230611291 25306135
141698470682118 35833093
141699063183160 21553651
141699597137267 42530167
141699812315687 13956380
141700030752335 17537162
141700274917694 31717660
141700728127920 15281021
141700947272139 17257184
141701673106985 35133265
141701885031204 11410656
141702116165308 24805760
141702352128312 14915515
141702620060811 19743954
141702848110031 15935790
141703077396647 23702206
141703457964911 13643936
141704101033862 63466880
141704328502623 20312301
141704886805200 19751478
141705319219114 57685616
141705823428038 21022328
141706045876359 22201468
141706267563690 20381529
141707011402929 24976788
141707240019782 20861231
141707947562569 36661002
141708570372686 16165185
141709080459823 40262977
141709333277007 26013934
141709558253894 17031686
141709834255102 31056480
141710242174247 15987932
141710500115581 43923932
141710931018366 13630302
141711482199794 38133974
141712080343008 16078134
141712299572554 18736437
141712519988131 16811443
141712742001727 20854644
141713154030348 16492011
141713671235863 33272622
141714246943121 19354047
141714464341456 14155865
141714682937610 15731196
141714923142431 22906886
141715604226833 37535126
141715820188174 14015107
141716328149623 16838331
141716547361339 17825593
141716771756670 16582855
141716990889481 12086962
141717512052696 10636641
141717737052960 18871942
141717978174874 35433948
141718212956166 26130959
141718755117417 59679575
141718976057869 18876699
141719192477855 13228684
141719879883868 10633161
141720481096399 20163071
141720923768339 17041972
141721585642810 32938949
141722194592652 82927291
141722406367351 11220186
141722622974047 16217813
141723228931812 69533754
141723704063015 35874346
141724137313727 17996532
141724419301665 76509242
141725064251427 28399049
141725623137366 46859867
141725848177295 24049670
141726068939810 14328615
141726700639611 44399620
141726946704393 28149092
141727558206526 49356090
141727776183963 17239519
141728058202476 55002770
141728271617876 12427576
141728502020507 23857403
141728717181851 14831457
141729401534512 28003638
141729619149357 15941836
141729855431253 30130662
141730239642488 17904623
141730457165834 11855670
141730891975280 29666446
141731133246466 32359241
141731710188840 33486594
141731925125612 13912303
141732176626715 36887913
141732806362131 82565323
141733266099417 25203963
141733819693659 24525760
141734057583869 28181798
141734620054259 17628697
141735106712061 70596238
141735593584687 18321905
141736110256000 13602494
141736346546371 24326367
141736595929975 37601127
141736849343571 46948853
141737074660087 22673114
141737696075169 16075876
141738129163648 16521789
141738345263628 15073012
141738936550108 15057212
141739480429116 22049325
141739733443287 33190150
141740222608003 40907590
141740704765037 56143774
141740938424637 29312889
141741358283904 24659287
141741705110328 52483352
141742341140193 23755156
141742880492221 22552693
141743353096280 13435082
141743929785076 26726714
141744154045225 20815582
141744371561003 16354179
141745048297835 19886392
141745667020706 25107933
141745953428581 22232974
141746505670638 75269128
141746960044497 26197671
141747600754508 61968708
141747815652833 12452104
141748041437095 24394875
141748562311773 32465345
141748782761362 17831645
141749181201651 34557213
141749397440312 15253542
141749617708165 18417489
141749841202363 16997530
141750069126983 23918709
141750629662799 23306658
141750843034598 12793917
141751065876137 19591983
141751313264711 12942786
141752016610780 48787163
141752257453717 18181543
141752473207413 13727101
141752688501519 15004093
141753216564235 18757284
141753634744930 18467559
141753885381425 46811019
141754101629756 14370578
141754318093293 15725786
141754552742980 22380339
141755093151182 70485846
141755363403742 19242487
141755631520640 42347031
141755868370402 13166056
141756150289620 46097987
141756366114003 14923150
141756803085578 86750628
141757315557609 68997502
141757756159490 14165464
141757976127743 17939564
141758189124018 12573851
141758595497273 17848236
141758858567223 49354332
141759077252759 16053970
141759644220119 20892852
141760197158166 27210061
141760410119382 12489012
141761100352836 71085331
141761556729269 17607918
141761776995508 19743597
141762143116631 24811367
141762356039175 11861984
141762832907099 21192907
141763417160584 52757661
141763644186622 24866241
141763891487572 33253186
141764114770915 16166093
141764352343829 25960711
141764792572693 15825611
141765440215628 21910194
141765706389783 55109882
141766305693983 27076675
141766570141262 30402069
141766832820793 26834167
141767244169301 19804643
141767462435823 11709418
141767981609916 17140454
141768441198388 22490592
141768715108848 60916130
141768979668507 29447255
141769501612722 29611576
141770040238341 32839840
141770482301761 17507854
141770699267422 10029450
141770949126870 43648612
141771504480172 65070782
141771719488070 13309273
141772179037714 23358275
141772919243393 31783239
141773532200576 18458250
141773752925959 15743356
141774183106854 24152032
141774608426258 85044912
141775101978410 34493934
141775346162477 27385937
141776005821308 56358359
141776426215891 15835177
141776682265870 34948307
141776902284713 17053826
141777123358539 19181530
141777807098517 86525976
141778509321385 56416454
141778727649626 12444660
141778969494349 27268050
141779189922440 19688539
141779404911203 14688887
141779884119019 26109832
141780366183244 27813891
141781022736325 39088147
141781649113169 28802858
141782049462607 33966263
141782761536799 19950199
141783010520563 31586888
141783257908633 37983488
141783480200004 20707659
141784042679623 22076858
141784285013920 25507930
141784500577067 14328729
141785054180919 19807641
141785593938581 22115916
141785855171729 49427894
141786376196644 45437938
141786737174376 30854692
141787278230010 26307426
141787666430985 19069879
141788146779895 12350673
141788724148954 50758052
141789469796547 19583248
141789710140552 31763140
141790327783549 89175128
141790564285871 18074614
141790971544261 18789994
141791193668749 13353036
141791754149701 19918298
141792300260766 48146047
141792518713743 15462992
141792748341642 25125616
141792982404980 29211042
141793195239213 12293846
141793448027178 40835579
141793672481245 13269230
141794270050838 23550852
141794554540616 73822658
141795074645788 64437251
141795292263949 16068292
141795981126735 63487454
141796371223480 12907507
141797019336464 12911266
141797572467132 41122673
141797796219750 11963318
141798015495152 18817688
141798556160236 53331981
141798774148593 16961539
141799428163946 23223615
141799845931057 20502573
141800072144915 23926174
141800436531355 22471667
141801070889073 26261160
141801308190480 28899937
141801745417215 19158592
141802420643186 18297171
141802727014797 95774376
141802942229101 14029895
141803210697514 59188181
141803441208754 27009798
141804134411681 30351297
141804351993447 15776892
141804754481844 30171645
141804973674762 17652767
141805472440307 21256326
141806040659449 28147542
141806261545579 12311235
141806830120841 15766726
141807054199380 22374213
141807506789258 28459911
141808104175879 41617162
141808318153949 12973434
141808794438203 17885909
141809434154775 24787147
141809654129412 16945881
141810051130714 92769146
141810535055358 31010189
141810953591692 19372378
141811247660818 43416285
141811500785598 42605044
141811956333091 15139387
141812618143536 16236014
141812863702298 37494774
141813075200624 10893131
141813341573287 40019368
141813574664611 30402833
141814042615097 21558571
141814760823666 35342034
141814988246004 25893161
141815367046261 30758984
141815579994612 12473163
141815826247570 19376298
141816060246436 33040443
141816553214359 30272328
141816785053445 31080376
141817009826405 24184395
141817253880543 41687486
141817632120761 14088032
141818144055863 55519502
141818510121670 36975262
141818734065112 18824405
141818974122102 36949662
141819194267714 17716975
141819649357150 32811046
141819883131073 24439338
141820504163737 53560035
141820748841508 25330985
141820965921791 14601577
141821533090298 55889951
141821801233788 59964255
141822022051240 14864144
141822526310301 20676448
141823010202034 59740641
141823246319829 21120944
141823507272443 51989425
141823986478549 17659409
141824541136171 21382516
141825145387101 29914159
141825717017759 46704869
141826134611946 15440193
141826367383694 25862653
141826595987366 28067057
141827223037869 93537600
141827669142582 22886280
141827904386308 29523963
141828120901704 15707531
141828336222514 13996679
141828592043564 36754751
141829033186830 27954964
141829250222008 14026656
141829819158489 13913449
141830259791476 16254469
141830775613099 12707214
141830990906181 13724483
141831207172995 15994032
141831628040198 12064718
141831929970741 29757440
141832563257018 24435206
141832780238262 16053950
141833405317708 62470765
141834121231922 49737141
141834351873846 30205125
141834945770753 17994667
141835356983510 22529394
141835823273665 22334040
141836103641162 74897845
141836322251488 16066329
141836546993201 24223714
141837060303591 35799252
141837302214026 37022916
141837522168932 14985271
141837754122036 28356225
141837970214226 14987416
141838514282471 41775262
141838962148500 29152341
141839677066103 53802072
141839902955377 23606616
141840359529867 22861910
141840902579390 18501456
141841134916602 24678914
141841758280611 47865890
141841973277926 14088150
141842380171110 29413238
141842903261496 58210586
141843133138837 28717031
141843375096147 27654242
141843930126842 27215794
141844158303328 25106629
141844376036218 13803309
141844597022929 17588592
141844832027304 32360331
141845313074774 27455869
141845955800104 22884123
141846216058107 51431072
141846856163304 51786264
141847471232464 47875578
141847697919708 21725081
141847939495770 22265160
141848162893153 17073738
141848879210262 33466067
141849166205978 44912902
141849380366261 13071146
141849610046890 27844540
141849829883804 15711401
141850452264219 18743911
141851004183371 18820663
141851665015191 27752039
141852257072239 12337753
141852825259843 93288599
141853043164564 15989817
141853744509505 38544121
141854078451456 25447769
141854701211596 41499744
141855209220488 13830295
141855428476830 16271649
141855657666897 20431218
141855878045555 13402838
141856091637945 13011515
141856645881159 28341002
141857119978685 33223743
141857665167743 56652334
141857886897004 15678599
141858304582704 53791692
141858533291216 19176489
141858754479520 20287886
141859106859337 32221388
141859681152547 22736588
141860093901386 11062947
141860542512868 23529243
141860784453735 29262761
141861319526685 93409343
141861904669260 93956843
141862350159124 17926356
141862935108479 13067548
141863160280017 24098190
141863752115150 21559610
141864417396446 67514412
141865123370266 81611400
141865369403176 42490676
141865931233281 18798653
141866154180581 19411164
141866827183386 20576958
141867050522337 21310838
141867690190665 14452662
141867913354058 17158063
141868629178871 16670854
141868858057583 20736514
141869076271478 14059733
141869737047274 24580421
141870085788197 20633020
141870324458008 17200994
141870549183151 21976031
141871124175787 27667378
141871343055449 17870959
141871949526990 22223363
141872450040023 16535334
141872668040387 15822087
141873274222229 13402571
141873933557065 24126458
141874413026001 25554656
141874883398907 29964105
141875110361803 15203761
141875612324042 39228445
141876124149411 16620644
141876366159689 36004119
141876600740818 22474879
141876839657027 14144562
141877070110926 18930726
141877691962834 14286406
141877926172371 14723665
141878379105009 23879289
141879000431970 77156547
141879242567456 32929595
141879459793249 16985328
141879821007528 15775320
141880482994603 11638295
141881015334400 25719474
141881441460173 13343812
141881724251877 22002180
141882181855814 30542378
141882684172105 18078428
141882953224849 51293397
141883375471958 20556898
141883638324318 55117997
141883857108603 17921164
141884090111667 29811859
141884545268213 20290011
141884804515422 50316803
141885022131772 15925555
141885482213592 25319959
141886066404668 22294970
141886278631235 11002263
141886530281220 41039628
141887136121350 28121428
141887421534599 15951688
141887917046886 15145163
141888162470357 26299142
141888634222608 55841999
141889044362685 15660158
141889501439350 19029645
141889734256968 22082152
141890182336156 31210019
141890408212879 25343133
141890849378958 18331809
141891069182175 19003839
141891420210839 95827463
141891938220744 31011562
141892160386458 21090124
141892658584428 86063356
141892887172705 25976498
141893342610646 19052341
141893561098058 16906685
141894187554733 20791905
141894764119976 19902706
141895042173031 70745338
141895262319160 18092859
141895484504132 17035879
141895735141635 33954232
141896364137141 34292648
141897037118601 65717769
141897706011031 102556205
141897944268845 22992717
141898661157031 57600755
141898885106970 19356939
141899107360334 20144915
141899324136215 14954039
141899552144658 25910587
141899769980894 11692773
141899994335354 19001410
141900214017022 18838324
141900457094765 28878352
141900674815464 16783440
141900914899095 36705002
141901519423792 67611306
141902029856592 48926762
141902258166823 27388447
141902476191460 15003951
141903173581383 37666406
141903592192543 36437456
141903816515566 16262285
141904501387630 66564853
141904741447698 34718027
141904969265250 15063708
141905640152156 25448908
141906375450602 41904174
141906604121476 26261433
141907069206146 31784979
141907613603950 73880126
