141958700172125 38823817
141959114108522 77019625
141959337547583 18085066
141959720086340 15345613
141959943162987 19054102
141960155291215 11032857
141960366732556 8842746
141960584155789 16811373
141960952109365 19967848
141961164755687 11160425
141961374257226 9033787
141961901010177 38929799
141962331157252 14967974
141962848096216 43619444
141963088485163 36153270
141963427105477 12927351
141963750084321 21616359
141963966518043 15189911
141964194112115 19038054
141964407714627 13323038
141964641778596 22779344
141964855621255 12629897
141965107070362 44635740
141965538151069 15609161
141965753084306 13754292
141966326123314 23216328
141966543102023 14769724
141966859134072 23768619
141967331130938 11760913
141967842306209 21880775
141968056097074 11759937
141968269149593 12684241
141968812279571 38671009
141969366992695 19133214
141969580137674 11808815
141970044142253 18292827
141970555087219 16808295
141970777879082 16157378
141971165088876 10665892
141971433207565 12523187
141972059872978 17961484
141972435063488 18488732
141972855072901 16091469
141973144088485 14766677
141973356101167 10773899
141973569754309 11428576
141973827093352 19046134
141974045986635 16364518
141974275113368 24787572
141974801846487 23356559
141975038203834 20997540
141975253174644 11832445
141975826088283 12936819
141976303958694 74184089
141976520075749 13729966
141976760160835 29821057
141977031013767 9593697
141977256187772 21857696
141977528222723 31192800
141977755439199 25110668
141977967115098 10879217
141978254859608 16782021
141978625064510 12349910
141978842566836 16234156
141979347186927 19419678
141979561694422 14112282
141979774614714 12289246
141979987227864 11889597
141980204146249 16413817
141980558013581 10502953
141981032112178 13639064
141981424458093 16676203
141981645105483 15644355
141981997127102 20369064
141982213086716 15470310
141982807180003 44225666
141983363876790 17356112
141983576890280 12553950
141983815161259 37815555
141984058098983 24754961
141984274882335 16535904
141984773133831 18620395
141984985214043 11663399
141985220174697 19121308
141985623585820 16719620
141985848167561 22838150
141986059402134 11072604
141986507107500 83459998
141986727033939 17470640
141987280094454 23983106
141987533088008 29736435
141987764076425 10370234
141988247092239 20960734
141988460073554 12599679
141988821136919 11697024
141989224092029 15783738
141989456160378 22295730
141989664581367 8232553
141989917957463 17355344
141990330109500 18162029
141990678982395 9594301
141990887642361 8328827
141991237064573 14900486
141991641986391 13777772
141991866078421 22727510
141992081877250 13171167
141992418131344 11421776
141992628906849 9584516
141993028163420 15601548
141993434690389 23771174
141994060102147 13021720
141994287011148 15663393
141994496920151 9516014
141994915132215 9381769
141995148543157 26204728
141995363011913 13269672
141995586107754 22731453
141996014057757 54309409
141996337796909 15850710
141996933099448 23408599
141997331090950 27582225
141997556015159 20723692
141998014169509 80471112
141998443199568 19173403
141998958082036 17769797
141999559078922 15044695
142000154953029 12436465
142000433141165 14045002
142000849119297 15003765
142001067089459 16734997
142001527049615 13934134
142001746117141 18777911
142002013138001 11573094
142002235056431 20720312
142002673117535 13608572
142002885118923 10766852
142003130092067 22787735
142003744487884 21376305
142004156498136 9069625
142004673055605 15605834
142004921116848 16112185
142005275425098 12723034
142005666070519 13261953
142006064662740 20170980
142006279157190 13833538
142006656097911 17772665
142006916824099 51461137
142007140977156 23647909
142007454106293 12353186
142007667851826 10479319
142007923129195 17908450
142008504980924 81644608
142009127860401 62865978
142009347218381 16883278
142009556852116 9057575
142009770096306 11761802
142009984128414 9809488
142010500932366 58275734
142010720399978 14066145
142010938635462 11858000
142011149859784 10533984
142011544144409 69114938
142011760089833 15755545
142012222079111 20632513
142012439073992 14746073
142012654022257 11658964
142012868450871 12119423
142013083968741 12641523
142013427145918 13968366
142013655168412 21822261
142013868110697 11290587
142014219102633 52765699
142014453678282 8965221
142014679190150 17830329
142015146080533 117919030
142015361223981 13865046
142015571061860 8727244
142015810115386 20779164
142016022068440 11724692
142016575118806 13633867
142016949132173 23054239
142017355672836 20129882
142017612357984 50009486
142017833098056 17750826
142018331068145 16069309
142018816135199 12464323
142019041072109 15852201
142019378121582 11805509
142019851104060 38635390
142020068354147 13096730
142020363103822 25339441
142020715372773 81048021
142021251102039 16367851
142021557506273 19559323
142021974440735 13944030
142022521120221 8700123
142023045129749 18060629
142023479424732 16512999
142023692023751 9205898
142024200989750 62816207
142024415119223 13774978
142024630461013 13917792
142025254741565 30370136
142025487354798 28024743
142025927088411 15753968
142026532987257 12501487
142026771981462 17649770
142027028155322 12851001
142027244578748 12242959
142027543035838 10592987
142027763087113 18303134
142028023108380 20456787
142028256922591 23857136
142028840461206 20999313
142029422194047 65456423
142029641121643 17797666
142030002144448 57577638
142030433092029 20772634
142030707797351 69257393
142030924082583 10740660
142031343125551 34409500
142031803930759 52343238
142032020340002 15799407
142032267289991 42949030
142032482592606 11888512
142032719744559 15985177
142032940987351 17649407
142033156100971 13745164
142033369405431 12628762
142033591703871 14373465
142034035091167 15109479
142034439177097 27336218
142034656849708 14642883
142034901095065 36754203
142035506085992 57205237
142035939124691 14322647
142036152129558 10798742
142036361096012 8742657
142036731279485 12775791
142036946951073 10624643
142037567111933 14040367
142037779334984 11022283
142038058664623 12578163
142038270092454 9742605
142038485395262 13573139
142038817106105 15802615
142039424837119 12656194
142040064114313 18355636
142040335088133 11207101
142040820108991 10311504
142041056048544 26702041
142041278910918 21602602
142041489124651 9028076
142041700621982 10991361
142041922140778 15793905
142042135103542 9778616
142042355630961 16747257
142042625116943 21769592
142042837075648 8909151
142043160409904 14516995
142043738081440 16395814
142043949104017 10334676
142044175729961 15037131
142044438110578 12405380
142044650153978 10811528
142044863098849 11762366
142045076099087 10779635
142045344689401 43315486
142045807127901 51167950
142046022096317 14761985
142046436107740 20801721
142046754170673 26120995
142047019113486 9785243
142047240102723 13753008
142047456035484 13628013
142047673154276 13803655
142047900948327 20586826
142048327075443 12866679
142048538538781 10193085
142048754075947 14744434
142048987634677 18319500
142049330785238 17284046
142049905175195 89964113
142050139913303 16586179
142050352170640 11742939
142050701108218 51533883
142051103265981 70154280
142051551075239 15478065
142052068082003 24020141
142052295629060 19114111
142052515078380 10738874
142052938892407 22706038
142053290120199 44740299
142053650222443 19445497
142053872296192 18960057
142054274070012 10101126
142054490859292 15530116
142054852649842 17736973
142055214153126 10452652
142055430086229 11750479
142055656727369 13426323
142055866172666 9043143
142056123957359 22134541
142056343044005 12728945
142056557710876 12385823
142057073105149 17550099
142057637224482 10693730
142058260078096 15241721
142058523333989 15225829
142058746886919 10542019
142059122111425 15027573
142059341150018 14814596
142059823083589 69037937
142060100981083 69652787
142060317081514 10737963
142060541109765 23771375
142060752116674 10624837
142060965126352 11775496
142061223127439 8247872
142061629794936 18407632
142061851103548 20760637
142062419493334 49932107
142062632897637 13033407
142062850137559 11801156
142063061612382 10290357
142063348092379 14568082
142063607127966 44780806
142063830665599 13305814
142064046010501 12691801
142064628640573 24960237
142064851147065 14524988
142065340066213 11261151
142065671124207 16795917
142066022103109 12600276
142066619889839 77491603
142067242897382 37137615
142067558178289 19465107
142067816808396 16627480
142068223132526 99664400
142068436104544 10769765
142068658097533 13769508
142068872865727 12165089
142069122230433 21880659
142069428071151 14114463
142069836095972 21958668
142070054847742 15518248
142070434120920 21743592
142070648116616 13687079
142070869059982 19729941
142071089674038 13352030
142071602144415 60623371
142071841143776 13492811
142072275113644 14749347
142072485063358 9412476
142072967202294 43026339
142073181163490 13521243
142073510618114 54407836
142073731661770 13329655
142073948081988 14749570
142074167148701 13763755
142074382035161 14691832
142074594630562 12253409
142074810138951 15161687
142075029948368 14293726
142075243205399 11873226
142075454548063 9892112
142075934118571 13801751
142076438111720 25547632
142076659086388 20753925
142077151527675 14866202
142077362331645 10289018
142077980137016 69987252
142078508315723 62183247
142078943209121 23101965
142079157989235 13648604
142079372063809 13725177
142079852987998 19125182
142080065696767 11395557
142080515293271 72341920
142080966683875 14016046
142081181760197 11447858
142081398057876 15760167
142081789547640 15037363
142082158080462 16288669
142082412034993 11873872
142082637954114 24624186
142083072511326 16900965
142083341566756 21208058
142083869643752 13057792
142084172129235 18608229
142084622107091 9993472
142084834157876 10824103
142085150116622 14317508
142085412070895 45710742
142085940181775 19793519
142086587102730 13663384
142087107318892 80849519
142087326067164 17745847
142087545273585 17945069
142087867433356 13471347
142088136163753 15886576
142088551142276 20147211
142088819093204 12109262
142089415439696 92582415
142089632337177 16663988
142090101099419 50965639
142090454520281 15853002
142090763126416 16844773
142091234111576 19890299
142091534915832 18177261
142091974133365 27130599
142092247471783 15116099
142092657829026 15848927
142093201141387 68932267
142093424103835 17768837
142093851516932 29718567
142094301086933 61200795
142094818183678 53583447
142095301037225 66366328
142095835091913 29620880
142096051009187 10843914
142096271162414 18420497
142096504097020 24696554
142096940227880 105145066
142097159087895 12045326
142097405419494 38512482
142097617703602 11367730
142098076101039 27963612
142098363845558 15833544
142098583148446 18941884
142099064013966 26916411
142099534132959 15630261
142099764178607 23846390
142099974042466 8710743
142100553468524 22250583
142100831151799 12730289
142101301074680 40505302
142101517088195 12756979
142101730127043 11793680
142102134054521 14846952
142102407139436 63837111
142102801094382 83402252
142103255096360 29521936
142103802189374 51733207
142104034238334 19902392
142104251047923 15718020
142104560880326 10651948
142104783092451 20764291
142105028123747 27957901
142105534091405 30707425
142105747134991 10796961
142106004140383 36788218
142106218202361 12861219
142106435123583 14792266
142106846715590 29406745
142107064979909 14663463
142107523560706 16945595
142107753127987 25484245
142108126067925 65433325
142108347073517 18755371
142108870895267 15383841
142109125353039 11399623
142109344953794 16385582
142109828218050 15180799
142110211132362 49825164
142110424093280 12736184
142110730691957 12686788
142110957354230 17836864
142111218096994 14762160
142111742082818 17105839
142112130132805 23267103
142112345807686 15463071
142112858781465 20133822
142113240277102 26559727
142113457947498 15620122
142113672092702 13756946
142114030109299 18503017
142114501004649 64880363
142114736121980 14778212
142115116355108 78480317
142115330086703 12757252
142115547008069 14842105
142115946147354 19277870
142116317782240 10908905
142116536083234 14939212
142117126062788 13696559
142117727132300 15406179
142117969758403 31416513
142118301021050 56495202
142118530109504 18775059
142118764050136 22261029
142119118205340 10111911
142119341101936 15776252
142119602500680 58430875
142120036118743 17316712
142120254033391 13585273
142120519162650 16266633
142120732114811 11782113
142121213716473 64220093
142121442078612 20733228
142121661880404 18550763
142122152091487 22034740
142122466061016 14084667
142122985141556 21446464
142123521084352 18863962
142123850134911 13571871
142124321124364 15419729
142124649905581 12929805
142124957108101 16348996
142125220530161 20327870
142125445233909 23899574
142125933139119 7807902
142126436757838 26422918
142126654461002 15790182
142126923066764 22908122
142127142862523 9560854
142127363647212 15251294
142127656631985 21701086
142127923087111 12302085
142128151109219 15190158
142128553104572 82184010
142128762859252 8528652
142128972889135 9568209
142129313085897 12080765
142129736149353 17539952
142129949092674 11774067
142130162137089 11809133
142130375092709 9764434
142130923091913 15710941
142131333520166 25429520
142131845028915 71037382
142132055959334 9640375
142132555166022 21107371
142132769158419 13427334
142133274082255 14182900
142133728736900 8395993
142133941088487 11740300
142134154095627 11764201
142134371945062 17236710
142134858635588 32507693
142135087958990 14424669
142135440078502 12945594
142135658108372 11758636
142136020116448 63153879
142136525091437 23955858
142136934120723 19361922
142137146898938 10441908
142137530896596 23294498
142137742105778 9781914
142137953615251 10308104
142138209121893 44785324
142138422372816 12035439
142138900959794 67081823
142139119112882 15779656
142139516491980 41534179
142139735652492 12324829
142139948652092 12321478
142140457435698 38426477
142140760769476 12206575
142141119263495 12221996
142141356279877 32345674
142141871118563 14201239
142142081492613 9967152
142142319171097 15218379
142142548142382 26806014
142143101192513 44639259
142143764041528 17504013
142144168117877 14360895
142144415076772 46727422
142144628262599 11409181
142145041643546 17568143
142145254040516 10715870
142145468349597 14019245
142145681060528 11962911
142145891586269 10204713
142146257635948 16479176
142146472144443 12806836
142146734830904 10566637
142146966043389 18657407
142147175921475 9540690
142147416976321 16801294
142147824075461 15743182
142148038235096 12904132
142148265356997 23731521
142148735077264 15912157
142149136171191 23863597
142149580407291 17940440
142149823137634 19787061
142150218969558 11198729
142150441094188 16203556
142150740084337 13908979
142151246629015 44444382
142151458542916 11205076
142151930305561 12532583
142152340031000 12483732
142152929011865 30845653
142153144168608 9758709
142153359235189 14693257
142153662113444 22173542
142153871931722 9476301
142154127063051 9453781
142154346085579 16756638
142154897124105 10358341
142155107073728 9711768
142155521076772 20310567
142155742084882 19753545
142155952394275 9072875
142156404103360 19495137
142156621081790 14750719
142157080217052 20636260
142157291493270 10573956
142157513104196 21045048
142157730121353 14786375
142157951048858 17713897
142158383016690 20385458
142158638138902 13813265
142158851371388 12754696
142159318057495 10353354
142159637069510 10767180
142160118127303 13633170
142160446181228 13725384
142160837085993 29291887
142161055320931 15622006
142161270091946 14279180
142161481260943 10908573
142161701506279 14106016
142161925536797 20218170
142162365528030 15290752
142162758133231 12376872
142163085876728 15676678
142163463940405 14779456
142163687897211 17532508
142163906057513 12414046
142164117074072 9743980
142164346220630 19869978
142164660090158 45894681
142165046686337 18650692
142165264576752 17448657
142165482156883 15838330
142165852511750 26240212
142166226080998 13314840
142166441110810 12774486
142167024124586 21008393
142167530517680 17023553
142167800991055 60653192
142168012082957 10735909
142168507122121 64977922
142168819102329 11713691
142169444551478 11413874
142169662046667 15235046
142169871055286 8705440
142170156075316 13991936
142170373122251 16682254
142170914284322 78086591
142171451093167 19714113
142171716079279 11892592
142171928091772 11751639
142172141051499 12718058
142172641129299 28091842
142172852086408 9739330
142173277119180 21572748
142173735056458 18635586
142173967172748 23273237
142174177748856 10099796
142174744096527 16213736
142175060709648 13808170
142175541122116 20802651
142175755118806 11783645
142176027694857 11182644
142176650142935 21865780
142177275097643 17924439
142177485097833 9502383
142177872175986 18252260
142178335069102 9790576
142178805143182 91125890
142179229089098 18386110
142179762638179 30516831
142180133062151 18601734
142180347649632 13883660
142180712099898 11174212
142180932063094 14717238
142181218725409 14372971
142181439930160 16598647
142182047865707 21461485
142182268115387 15771990
142182526007415 20576569
142183155453031 13980931
142183533106973 16381216
142183755110448 16771984
142184131186465 11620275
142184528309232 18766486
142184869111106 12952502
142185444012073 24809790
142185819099065 13495441
142186251913766 14090702
142186462907379 10508337
142186678942950 14338916
142186891453919 11133422
142187266387227 14795993
142187726933109 14283844
142187941132662 12732939
142188425032377 50280585
142188637149584 11811622
142188864086761 20680322
142189250481218 32113107
142189622504522 11160841
142189843040880 19718055
142190063932399 19618226
142190500974293 168463448
142190937770159 12825895
142191234123106 15890519
142191716077580 12410254
142191935234697 16794231
142192159030193 22712409
142192439105077 14149012
142192651381894 8673595
142192919089575 12758695
142193148220849 20505321
142193365876424 11524722
142193582665874 16345103
142193794908443 11873334
142194328189119 19480679
142194844166955 25431762
142195066936431 21604025
142195354812690 20413929
142195587309893 21987571
142195827111415 17903788
142196050199635 9877407
142196333083620 16217209
142196949938101 18301919
142197173885756 13539613
142197382082310 7848746
142197594965889 12309226
142197805112330 9779084
142198233151922 25315979
142198848137897 9962629
142199236154170 31172090
142199664972604 34399390
142199877086462 11763561
142200386111443 15406451
142200595541549 9035865
142200807086198 11011460
142201028167079 17252972
142201432088359 18305743
142201835087917 12998979
142202052994895 17655697
142202398594533 10877935
142202834118229 17895637
142203126961825 13631090
142203513141457 11926589
142203951050558 15319412
142204173092251 15770216
142204385109999 11252872
142204736047329 16000049
142204967079064 23749560
142205250150979 12664537
142205466650890 14730834
142205743063478 32709834
142206259634257 13112164
142206614092564 38681478
142207111286527 60504804
142207537500630 13508368
142207752986038 14994242
142207963349907 10002948
142208200942890 32183701
142208617114974 89515622
142209092009519 21391162
142209571092332 23584664
142209784628675 13037275
142210017081180 13130145
142210337076737 9050366
142210559974887 17580051
142210774892825 12332069
142211281069024 12179116
142211811107918 52115114
142212340085268 23677984
142212753444582 125980852
142213142220860 25056421
142213700984787 81350943
142213922082393 18743257
142214433151284 19693019
142214900384554 72534106
142215335100323 17716009
142215604104385 57752519
142216203167948 79010108
142216755086306 23750980
142217047082056 9575419
142217271030212 22704324
142217533450953 12845380
142217764559686 30871091
142218120083603 11412288
142218510102068 39214094
142218956109411 15814710
142219226091138 12083426
142219443921383 16622823
142219801034019 69879146
142220240725638 18749771
142220460768230 17081186
142220724900841 12704803
142221144107542 11190990
142221551061285 28168410
142221786954649 30633451
142222160864250 13204521
142222374052026 10722281
142222586557750 12155023
142222797882849 10924689
142223228958315 67724064
142223639126660 12070312
142224039298708 13114448
142224312203925 63861355
142224528143562 13807449
142224742667082 12620340
142224954399613 10915776
142225200600180 39279420
142225415442097 12093643
142225642175353 25847760
142225867803453 13433588
142226100962798 20633422
142226530227832 18043176
142227025410714 13485401
142227244054865 17476859
142227665943466 9247127
142227995973337 11150633
142228213145326 16638071
142228435200554 14871257
142228650129040 11822828
142229229110504 14104358
142229658337532 37566398
142230020208535 14034356
142230456133680 16217023
142230723047160 13005405
142230943097649 19737387
142231510105035 19273053
142231743072551 21729304
142231958163364 14832412
142232175078832 11685926
142232651116355 89749782
142233067941982 34503038
142233585114580 28452535
142233797809947 9532503
142234007962785 9796909
142234624069173 13726876
142234904436966 64153639
142235326101984 21952207
142235743983547 18376106
142236013066284 9732399
142236418081421 9578475
142236701038329 77633751
142236919110285 16775556
142237138339014 14022683
142237360940419 14585309
142237573102199 10762911
142237782398204 8828582
142237991332359 8455044
142238345060668 14392107
142238560049846 9724016
142238832744021 10675816
142239061646673 18320563
142239271670010 9290233
142239485041835 10713026
142239808062631 54860490
142240211136720 61314823
142240440104495 18737257
142240933137521 30804172
142241326078337 12848913
142241735926232 27967293
142242133151578 13236959
142242641133617 29773245
142242938222786 15091513
142243468135470 25656127
142243746080820 15366640
142244234125049 18003106
142244457342956 20010569
142244668437016 9880016
142245126108651 13636609
142245346115094 14597031
142245604158569 52728452
142245829137967 15832434
142246047493265 17143798
142246609127953 45054414
142246947406754 12823161
142247247191877 13078187
142247536891525 15538446
142248054192287 21869097
142248319266908 10910376
142248849381935 14660839
142249107111394 55207632
142249524070655 15423144
142249905678246 63749910
142250345038032 13825081
142250897158766 72718035
142251107117350 9545092
142251548088255 15306272
142251762224603 10481875
142251978081135 13737675
142252201138307 16949179
142252418098806 11744916
142252822087705 14307714
142253253105617 26568432
142253517039490 14840424
142253956305022 14993835
142254242104224 14422563
142254471291283 14961758
142254692159687 9522991
142254905111642 12443838
142255440119671 19183315
142255732070128 83612844
142256110070265 29005373
142256563028089 16437502
