144362300313728 93966932
144362521116281 17599136
144362744775513 16373928
144362978085943 32496162
144363190999865 11155452
144363933098265 37532775
144364430116239 18320221
144364664984499 21669827
144364877875335 11452188
144365124100093 36775480
144365372167056 21172178
144365847040848 29250174
144366350125498 35155560
144366857105358 12703551
144367074104963 15757824
144367333814156 18242774
144367975098035 28462214
144368602586711 45483280
144368828112999 24774196
144369047098750 17739118
144369279120272 28772800
144369861125847 21660848
144370525083334 32067883
144371066157869 20249279
144371290141555 21816563
144371741108770 16876943
144372164235709 15870296
144372376286863 9955184
144372592974652 15639174
144372828131713 21494234
144373048084515 19751124
144373649140419 46181367
144373864341956 13957491
144374329116229 72037055
144374767290852 18170416
144375347134562 12967873
144375981057880 23046632
144376338082545 27725319
144376746065481 24211217
144377044089251 36253658
144377260067330 12738785
144377721221293 10464768
144377938115753 13790453
144378169099830 18759817
144378386925367 14597079
144378609063600 20723945
144378821708084 11367668
144379224835029 75344691
144379929144764 19958958
144380351757433 24440032
144380569233511 14022279
144381178347220 17188398
144381394117553 14752249
144381920865531 26242501
144382135082704 10749759
144382368137693 20803721
144382586090097 13759523
144382799209431 11863336
144383014125269 14448871
144383251091624 23748813
144383472128275 11790459
144383717119147 34750224
144384211085256 36648981
144384446996718 29639534
144384804180741 25750607
144385034062834 22738062
144385432102843 15580997
144385672124674 26778774
144386323060482 59566424
144386542087655 17821440
144386760070293 15719172
144387228117142 16820840
144387446046083 15712796
144387998115839 16360477
144388596147698 21521493
144389221210409 34474176
144389881044003 47217751
144390521173860 72679649
144390973870666 15180568
144391188083375 13727479
144391415101566 24757216
144391634103280 18750674
144392208431958 79635583
144392427083182 16751031
144392648075866 15739864
144393328133578 34406695
144394032126615 60974639
144394278146342 36816886
144394718115529 39321413
144395388132033 22387013
144395781119312 11599104
144395996563584 11868756
144396434329466 84954958
144396960087690 43190780
144397395858983 17624527
144397621116890 16711356
144397841131517 18793690
144398060078894 16752855
144398274076003 12735029
144398490552017 15220191
144398896131332 20017477
144399400333325 11060349
144399861163657 12046776
144400080457410 10120217
144400514104692 46204113
144401037054705 33509381
144401267580759 29250784
144401769109276 17597502
144402279094255 25072634
144402494579751 12250210
144403002967082 20127108
144403500131542 39031161
144403723102375 13748414
144404360010622 34120824
144404591113923 29774745
144405030060730 24905416
144405243057589 10723371
144405910022998 18304527
144406399113962 34536012
144406946094876 95517584
144407263864015 11312075
144407779079983 31216581
144408023325669 21490538
144408250156536 25816070
144408472806087 22469060
144408718116801 36496915
144409301101943 80353876
144409928402614 78427954
144410246149640 9095101
144410461023922 11704503
144410856924392 16397707
144411275362146 31951249
144411498064244 20707961
144412181030190 23883340
144412396197159 14859903
144413078642711 121478717
144413297767727 18453946
144413517619309 14446142
144413731854015 11524325
144414359563900 26975469
144414589141384 15781332
144414810147737 18649937
144415061968287 50632923
144415278594271 15152487
144415497080964 15757000
144416185057053 13702778
144416639118262 41603352
144416852099992 12701933
144417067104966 14673992
144417278911495 9589056
144417866063198 26326868
144418082153249 14730450
144418332125592 28771971
144418570055566 13728148
144419020143991 29752922
144419249122967 11787388
144419469127643 12694287
144419682199250 12096164
144420246115133 19321212
144420659163908 12438021
144421337167304 42743791
144421976143199 21611405
144422187089969 9757849
144422407631075 20162077
144423062209023 22141608
144423349193814 38519465
144423976141437 32750572
144424191114788 14629519
144424622101523 16439084
144424867334337 29562926
144425501112705 37546603
144425745111543 12755757
144426294099845 33871086
144426800984106 54802676
144427013072411 10723771
144427598119879 22268580
144427831106677 22672873
144428288149897 30765267
144428822134919 35177216
144429069336632 20163276
144429284738859 12396915
144429747150889 32305302
144430275091761 18496027
144430789523152 17534166
144431025841436 27495292
144431638924607 19429514
144432183502515 26663870
144432419931333 29766498
144432844122532 25692646
144433234109551 12082234
144433451119118 15781186
144433923132116 20937532
144434485154312 22164101
144434708221604 17776614
144435218102298 37894841
144435697035934 13538698
144435915079311 13365287
144436559368551 20480521
144437039923919 14345051
144437300095406 23771036
144437752269515 39404796
144438020103105 65756796
144438431087590 17089940
144438835293885 20738177
144439087109745 36752220
144439656136824 25845544
144439890129281 13782612
144440127071845 21718979
144440350097147 17761756
144440567085189 14751892
144440788122467 16788062
144440999114603 9788355
144441441113646 16594577
144441792124309 11193274
144442248161002 19101928
144442466113520 17760394
144442692128439 17783931
144442910574990 15236798
144443130086537 16759555
144443366172984 21581848
144443576203919 9481439
144444000114522 17771148
144444524078336 61125984
144444753112701 20783101
144444978097016 22771489
144445225065112 31737354
144445463125772 10780649
144445740085977 20897661
144445973119676 23783766
144446489116398 64028855
144446715126559 24783536
144446935157565 14451851
144447152083306 10746596
144447601122896 76497893
144448201097375 25465280
144448826136386 42604789
144449445726273 51558687
144449671295371 19955094
144450280203951 30121387
144450698896112 23351467
144451316594275 77013279
144451576068680 42741763
144451796866657 17454531
144452233393091 30533337
144452476136414 31732859
144452891872936 14324858
144453110095895 15745461
144453328108817 14780002
144453566085351 23752776
144454209057262 30706636
144454663082846 21672784
144455209116165 35620051
144455704117343 42554250
144455927074529 20750063
144456453140378 25079424
144456699123777 33787623
144456914076298 14479593
144457336064229 15771466
144457563113589 25784649
144457887976021 37794706
144458553078426 16927702
144458883091809 11795845
144459439750140 42284494
144459975904657 35304056
144460188531451 12187154
144460418217147 15870347
144460855126621 24101372
144461082257304 17038956
144461426105136 79291152
144461659801426 22495664
144462068120904 18422426
144462780028362 47049802
144462993139262 10547596
144463411096784 19655485
144464008507342 83493111
144464236182982 19850321
144464672091099 17664577
144465125084441 29776761
144465550133743 18966016
144465780066302 15710260
144465995064662 12734728
144466225064708 23619623
144466457201415 28867141
144466939311969 18188162
144467446086842 28597963
144467831337817 44532779
144468251138618 12415867
144468502100439 36711940
144468719107828 14781114
144468931105131 11736853
144469180541903 37184447
144469623088493 15567636
144470034116289 21176031
144470313173242 29826997
144470538158405 24521147
144471059069754 19066578
144471315201213 38891411
144471531084033 12755451
144471807119832 59787902
144472246069153 19430338
144472468619338 22244366
144472858870679 21127601
144473535181812 16401407
144473914060588 53125239
144474406110129 40800285
144474844176803 33066874
144475114090640 13712143
144475739163677 13514546
144475953147038 11809281
144476173177415 12772346
144476648084111 21513995
144477353099622 20440677
144477763046466 27123318
144478256945237 39839242
144478701748400 27687549
144478920364131 16028048
144479173119271 31749069
144479413152106 15816169
144479946689402 14318890
144480159424819 12350302
144480577917355 15431635
144481124080401 38889618
144481542502378 35318924
144481758103524 13744225
144481989088798 20754767
144482200969892 11445878
144482420105323 10775933
144482652104131 19705582
144483314174153 46529671
144483946705036 21703146
144484328102798 12497699
144484560512642 25176452
144484780049072 16725089
144484998517731 14190848
144485217086489 17751457
144485692154433 23223136
144485913078758 16750399
144486333093225 24392202
144486773061952 16636479
144487478115353 23528076
144487693894617 13571047
144488254122847 28668348
144488910180333 53581225
144489127925449 17216701
144489670611833 36020914
144489898750095 20646401
144490149423972 50089672
144490374143872 16815106
144490766085748 22040323
144491035088963 51753369
144491270107414 19765163
144491570110395 22574686
144491819152102 36792733
144492192832454 14104599
144492809081651 13751666
144493028007041 13275720
144493671121711 18033971
144493884935989 13431168
144494137117812 32782165
144494563121181 25658920
144494791200775 26870438
144495045128079 38016298
144495446105961 13539352
144495665080975 18721963
144495974898589 36207208
144496190107369 14787567
144496647391651 12306090
144497154110994 21797257
144497373112454 15787621
144497945052729 16355174
144498167020670 16686240
144498549322456 17526680
144498767499040 17696967
144499158800289 13054501
144499880106134 19117537
144500096468018 15875266
144500637131816 18243997
144501301122240 25826386
144501773126550 23432218
144502364832749 11307026
144502575083163 9757418
144503115166177 25007617
144503570074033 16459483
144504072093867 19610925
144504335116267 42763627
144504738085332 28754599
144504954101166 14764504
144505456046665 24141120
144505982080727 44599640
144506220078313 11756871
144506456079206 34766475
144506839051797 20876800
144507258096126 26967997
144507665065728 16847263
144507879040152 9865854
144508090025658 10642952
144508305064825 14730832
144508971096375 133287117
144509187119859 14781989
144509670289756 22636366
144509901165386 30392752
144510463388795 30285975
144510836080214 20675797
144511221362365 30371284
144511494130116 48793390
144511727138122 29473011
144511964116107 33770520
144512244746621 33373350
144512597021605 17438305
144513099126815 17975843
144513320161859 13525947
144513541168002 15772174
144514052125595 22719470
144514266957857 12612054
144514501211490 22828579
144514936125367 19667448
144515159908698 16605199
144515640097360 14915841
144516263069448 27873194
144516849186207 30322799
144517329122061 31950003
144517546073207 13748884
144517805233275 53086081
144518403564768 25526954
144518638111316 16775954
144518856434601 11108349
144519102110528 44770806
144519616083716 14963739
144519849101325 23908532
144520340152298 21885975
144520552489978 11155068
144520788119739 27789444
144521405564374 41333695
144521630099343 23768019
144521878037628 36711823
144522100393745 17065016
144522327105018 23780204
144522574019301 28704610
144522786945005 12620168
144523180885354 17038309
144523432216832 35130686
144523649168174 14841116
144524039072312 18710630
144524446604818 33599990
144524845141296 31001680
144525065375779 19382555
144525392130875 23087947
144525609079289 12755935
144525832125987 12802341
144526109088307 64767152
144526335132276 23810400
144526859068666 19182545
144527078447247 15265371
144527296070088 16745706
144527761094435 21385858
144528014520227 14345299
144528651306703 26036173
144528867075668 14745336
144529257091390 16707773
144529528209813 10870127
144529942224819 17086844
144530196164018 21809818
144530413133629 16593457
144530853085587 30259381
144531316273838 59941799
144531751312639 15851123
144531971104637 18781839
144532464083906 17201116
144533040195377 33251577
144533475086749 19143618
144533693877305 17548861
144533940708490 37362888
144534330080534 11937864
144534554142394 18746842
144534972129991 26205114
144535185850283 12512252
144535399115969 11594222
144535630638292 20975111
144536098085495 31531330
144536349096104 30714484
144536789235913 14037187
144537001088002 10741638
144537214091895 10748585
144537450129633 19799807
144537877258876 25297596
144538344108842 29084252
144538980366320 26815018
144539210078283 11752761
144539443152785 24821696
144539658141283 13797077
144539881125121 21787382
144540415497056 67430666
144540638131734 15800597
144540862149803 16815549
144541264222669 30835899
144541477501472 12308354
144541695064295 15732370
144542149236753 17770948
144542367733491 17995962
144542744096550 11014462
144542964089514 13760996
144543182066417 12744647
144543395094522 10769059
144543903069875 45948615
144544325073802 10462190
144544545046882 17746926
144544793454772 30095396
144545244997328 53100390
144545659367647 15568583
144546268084855 26667864
144546669097423 19183210
144546886808923 14653558
144547097061517 8740499
144547520079667 17484465
144547941117992 17271539
144548168139401 19783701
144548558919568 20585365
144548775090604 13756793
144549008111015 19774245
144549475114909 20013183
144549689093532 11765762
144550053075265 17075794
144550269052727 13720102
144550487907694 17569515
144551065035525 11981712
144551286066193 18739437
144551517078279 29724678
144551734081049 16601497
144552061903049 13484780
144552545984099 25632817
144552766133330 15761138
144552980062872 11733604
144553196723142 15381372
144553437323591 25982325
144553807087504 25341384
144554043143143 22797499
144554504102065 23393717
144554913092507 72441803
144555562057448 22791604
144555788049445 20795136
144556218060004 25442328
144556727071839 27006652
144556947160904 12830594
144557187070506 30842522
144557591094837 27059187
144557804119955 11787167
144558022056475 13727282
144558567107775 14007231
144559208110424 30851029
144559627148307 18558632
144559841096148 12894769
144560445905363 12363436
144560658080823 10752820
144561139053236 13427005
144561401940067 48588107
144562031098060 24997354
144562679412159 22216086
144563323202036 34983564
144564008650273 30002729
144564269099044 37770647
144564659174429 13118687
144565078105877 18165954
144565295097292 14764206
144565730959092 11509183
144565949081587 17501962
144566310343737 84424599
144566756080683 17556987
144567334081521 12355583
144567557098338 13773139
144567803152551 31824154
144568021064181 14733998
144568303127070 62783964
144568741147757 25963702
144569376121021 28841700
144569589167106 11821710
144569811097129 16690254
144570256173336 22774993
144570490129367 26785864
144570699518903 8916263
144571289064766 49003302
144571504173324 13816898
144572119140379 17840286
144572673146986 22846958
144572892097658 13767324
144573343143315 22206133
144573608124863 59736265
144574079061512 16621681
144574312084068 26695741
144574764063442 16158223
144574982142318 14464376
144575584597547 26734296
144575832093575 29766820
144576046268882 13945292
144576741071634 23664007
144577463060766 33885297
144578025075477 15900234
144578251509252 21108056
144578766088432 22440805
144579292146615 12325472
144579776877066 12180001
144580033821874 25419990
144580446642276 22523682
144580713120948 54766811
144581339100480 35627880
144581756085472 25190332
144581996082185 30548697
144582471212817 25436180
144582686664905 14755376
144583284121519 22939724
144583842100136 15213468
144584062088396 15762637
144584298107120 19757863
144584762125119 18027831
144585228105482 18529914
144585665087764 10619288
144585927891611 19353740
144586147555483 17233380
144586580039355 16417860
144586801194004 13779244
144587431298520 22938407
144587891178440 16831699
144588129124828 17779573
144588360141895 27817917
144588573665891 10682085
144588789497747 15157245
144589184992133 15920888
144589881136782 17948441
144590098676337 15695459
144590582634819 51624171
144590795919751 12837792
144591283076917 45142516
144591500528851 16497134
144591933087901 18123545
144592177122808 22776133
144592391072058 13740400
144592906056656 15267287
144593147119013 26753356
144593723054569 92934233
144594146048572 27994272
144594366089959 15768544
144594595085015 14320453
144595057069937 19776403
144595275093911 16763408
144595650712996 38161878
144595880225452 16890367
144596280669628 22654753
144596507915061 26230265
144596736088607 21744110
144596990126557 18798354
144597213171599 20495384
144597644598950 19158056
144597863126748 15800261
144598115106978 13756767
144598351510887 17177758
144598572100138 18764378
144598792907404 15573161
144599314284543 23489592
144599744020089 14268262
144600351972883 35361422
144600569127052 16786462
144600941127188 19828056
144601170171536 26840172
144601797083928 16062846
144602013112880 14410836
144602239026971 14312244
144602735103335 13057436
144603251116341 14447121
144603489075072 24727666
144604004099137 70172724
144604222235934 13908566
144604469157910 34758498
144604957101577 11643351
144605548320473 15091606
144605919091451 14100502
144606548488782 104742232
144606764066094 14343077
144607203187843 40634821
144607693093893 37057792
144608104135657 51926903
144608363780046 29432565
144608575425863 9099481
144608788265514 12163653
144609171028311 21075472
144609418120733 30787776
144609666078699 18408373
144609877872210 10866727
144610128120827 40791704
144610343118857 11782774
144610760116676 45174209
144611232132195 84898516
144611655099504 21203747
144611872126008 15794296
144612220116494 12060479
144612444132038 17805083
144612817097853 24069619
144613059119820 25772794
144613521144614 25297856
144613977101939 24884966
144614233182053 34852704
144614476080163 19738226
144615011129557 26230199
144615263090713 33758801
144615475070186 10746041
144615684897501 9523106
144615946151876 35303719
144616159061207 11725563
144616377754027 18423227
144616838105331 20002607
144617516975058 23447474
144618085117724 36442248
144618299286396 12960419
144618523099169 22768999
144618734148536 10813982
144619189097424 24296186
144619436087853 29735123
144619872282034 36718141
144620333193236 31409563
144620822078239 17410861
144621260094555 22139322
144621502126222 37815227
144621728378296 25059178
144622121023735 55193215
144622344297805 16967124
144622940161990 23854632
144623171075711 18746208
144623387068609 14515324
144623831122415 24704504
144624088156622 15817231
144624302087722 9738498
144624911906742 55636686
144625633989009 54203260
144625849113965 10778810
144626326091170 21953968
144626669145274 39644835
144626943128098 17799937
144627389028503 19470832
144627599610402 10269552
144627831135259 24785360
144628047467719 15135237
144628267103877 18733177
144628514976010 14692098
144628953081019 20607738
144629192497967 25142285
144629897173592 58697889
144630112049392 13727234
144630712237628 96871539
144630929128789 9803177
144631325696255 67143791
144631748104437 20730238
144632344928567 13632985
144632735364157 23907031
144632984147735 20814330
144633417062382 12052122
144633642083518 18678961
144634043169591 25999411
144634480908194 10599980
144634700097575 11765330
144635144111027 20587653
144635388104147 27755217
144635623088116 26744094
144636079940636 10971044
144636651101102 17329749
144637094055944 26643627
144637309835290 15496130
144637528149713 16818050
144637749112285 18845855
144638366042738 36757915
144638579846302 12588326
144638819073765 27720443
144639247157250 13090391
144639463036913 14695488
144639682113110 17764656
144639896096369 11770209
144640257122675 15844179
144640488108308 21746400
144640728402568 15076755
144641161837155 20725877
144641763973386 18929562
144642046127611 15395237
144642264267829 14926731
144642480472800 14104087
144642911045300 34171287
144643130074366 16741611
144643579106610 34910785
144643799354351 17021800
144644013334778 13143840
144644307184641 88325351
144644747070591 19658349
144645381098026 13038713
144645598380179 13037327
144646228084959 18599019
144646625088504 12749065
144647043123969 15707842
144647572084586 24479455
144647789052115 15720238
144648352169263 20980706
144648584747860 20376240
144648806034102 20706752
144649376080288 14900450
144649623111150 36770654
144649841084611 14714241
144650060088575 12933658
144650572120244 23966066
144650835210697 16227511
144651473136695 22161454
144651710157653 25831366
144651941085946 14756126
144652404151400 66712392
144652903447919 38540188
144653429704129 44254625
144653905113147 74316341
144654413139779 40941629
144654631068047 15740784
144654851559939 16229831
