1655682876569496015 276566181
1655682876868536379 82474942
1655682877168505868 94288227
1655682877390694933 15208567
1655682877611089201 19772579
1655682877827943324 15733739
1655682878043440151 12618897
1655682878251623203 7882259
1655682878467282252 13256605
1655682878676647946 8994153
1655682878889492972 12203257
1655682879106319799 15360360
1655682879322567934 14039196
1655682879537169604 12391210
1655682879752649945 13167308
1655682879984769452 30801260
1655682880214899971 24192984
1655682880433811817 15254686
1655682880653106566 13268688
1655682880872846235 16192456
1655682881086829654 12890080
1655682881296464821 9196077
1655682881506931197 8190807
1655682881719738233 10535291
1655682881929450458 7355802
1655682882136436744 6685684
1655682882347424867 10604145
1655682882561861852 12278507
1655682882785245294 20797824
1655682882997199413 11404372
1655682883205980171 8467691
1655682883417176216 10891246
1655682883627511574 8023356
1655682883836036390 8190252
1655682884045566397 9230816
1655682884257615766 9887576
1655682884472570382 11504819
1655682884683046383 8110630
1655682884892580493 9056044
1655682885108158117 10997030
1655682885329419820 20952276
1655682885552914401 16537323
1655682885764371352 9180227
1655682885979667131 10069522
1655682886193002546 13055871
1655682886410311785 12855668
1655682886624620068 11814550
1655682886833706793 8452309
1655682887047721848 11183162
1655682887256509215 6653234
1655682887466172544 9362543
1655682887680782937 10686887
1655682887893685620 10406213
1655682888107475961 12548906
1655682888322041104 12117161
1655682888532951984 10485117
1655682888744614017 11268498
1655682888959351443 13398869
1655682889176630532 13327713
1655682889400164631 21380833
1655682889619082486 14509340
1655682889832859247 13334231
1655682890040664744 7460943
1655682890263052434 20272995
1655682890475552582 8282966
1655682890685680611 9821654
1655682890895855058 7993769
1655682891104545608 8338868
1655682891317181659 10521121
1655682891527526429 7990506
1655682891739454397 9848828
1655682891950455206 10699409
1655682892158023899 7132649
1655682892366332609 7913197
1655682892574699907 7935823
1655682892784764867 9666142
1655682892992885878 7645787
1655682893205512853 12368338
1655682893413350346 7149374
1655682893629142690 13573507
1655682893841168762 8830830
1655682894052905359 9438291
1655682894264205327 11015999
1655682894472655747 8162127
1655682894688288538 10970384
1655682894906206107 17625187
1655682895125150171 17230028
1655682895340089803 13138715
1655682895561485734 16172552
1655682895770365373 8572809
1655682895988157827 16233314
1655682896195657613 7199210
1655682896413110753 14529923
1655682896631798558 16392534
1655682896852075589 11327184
1655682897070644844 13423413
1655682897290291713 18770291
1655682897503831151 11235231
1655682897712467017 8221853
1655682897922385121 7798217
1655682898130475000 7084694
1655682898338526498 7666213
1655682898551605791 12787254
1655682898768040693 15116017
1655682898987529760 15378913
1655682899205797599 17875766
1655682899426385642 14581485
1655682899640280000 13371832
1655682899852735113 12013653
1655682900062563033 9291138
1655682900277146100 12302215
1655682900493722509 13517871
1655682900704011197 9962309
1655682900923492513 15734355
1655682901136826343 10194747
1655682901350365922 10308075
1655682901562940554 11785532
1655682901775425364 10132376
1655682901986715475 10684811
1655682902200438187 11551902
1655682902408709489 7856293
1655682902624651743 15363070
1655682902836151951 11062452
1655682903047954361 11387727
1655682903262961043 12122907
1655682903475473650 12099070
1655682903690057286 11678143
1655682903901374954 9111672
1655682904114650688 10665315
1655682904326311974 11209474
1655682904537958128 11124291
1655682904749105274 10832800
1655682904960087842 8681794
1655682905175092903 12384670
1655682905390353565 13098401
1655682905600062721 9287381
1655682905814233694 13742159
1655682906024618121 10011773
1655682906239901938 13125965
1655682906459770494 16924601
1655682906669589423 9512742
1655682906881051241 9296779
1655682907092653714 11288896
1655682907301131375 8047982
1655682907508911000 7380085
1655682907720689992 10765531
1655682907934588008 11182141
1655682908148214375 13220946
1655682908358763543 8340260
1655682908570512950 9057256
1655682908779952953 8004844
1655682908997737617 11611981
1655682909212355578 10179144
1655682909425806973 8872540
1655682909647024021 17502592
1655682909863402909 11425830
1655682910074630364 10716774
1655682910293687211 16269074
1655682910518087894 19040438
1655682910740789942 18103688
1655682910961450223 17935527
1655682911175667689 10246053
1655682911386072532 9144920
1655682911594675342 8126775
1655682911806060953 9232815
1655682912018821207 12450278
1655682912234027672 13309648
1655682912447067695 12759023
1655682912657289938 8051372
1655682912864863756 7279220
1655682913077020063 9684001
1655682913288646867 11214386
1655682913503724607 12093028
1655682913718122065 11834652
1655682913934675078 14113378
1655682914151060292 16122415
1655682914361358294 10010464
1655682914581288718 16510532
1655682914793496360 11798167
1655682915005454171 11529171
1655682915218728511 12937966
1655682915468653526 47748792
1655682915686500238 13954003
1655682915900232468 12633687
1655682916117512336 14432459
1655682916331944906 14004964
1655682916543282147 9121843
1655682916753449980 7960871
1655682916963669372 7911345
1655682917177716031 11755108
1655682917385482518 7298946
1655682917595454893 6952255
1655682917804618345 7014222
1655682918018252247 13330134
1655682918231635406 12524952
1655682918444627099 10001887
1655682918654669944 7764293
1655682918865621203 8461698
1655682919073634565 7332499
1655682919285007019 9245881
1655682919496709145 9566419
1655682919708806349 11736749
1655682919922846615 11506844
1655682920136058500 10738208
1655682920346744441 10288039
1655682920564989252 17749775
1655682920782418110 14649594
1655682920999908844 16905312
1655682921212961022 10353196
1655682921432410734 14210494
1655682921643776191 11149554
1655682921859797964 12198377
1655682922070782485 8499149
1655682922283145260 11930730
1655682922496505205 10593522
1655682922710393451 11737609
1655682922920908637 8332879
1655682923131327684 8144112
1655682923339672343 7946392
1655682923552704783 10311391
1655682923761084173 7425744
1655682923971683463 8389863
1655682924184799029 9873278
1655682924398443493 10119873
1655682924616398020 14531404
1655682924830581064 11659577
1655682925041695911 8538739
1655682925253122009 8877015
1655682925465658873 12162312
1655682925675866712 9802124
1655682925890548931 11386091
1655682926105021307 10861467
1655682926314485183 9169907
1655682926527095241 9666016
1655682926736862722 7634937
1655682926951131706 12133919
1655682927164415554 11120070
1655682927377517314 10932773
1655682927585424101 7562792
1655682927799931994 12178956
1655682928008010483 7686367
1655682928217836335 7638929
1655682928434113172 12391592
1655682928647388187 10274329
1655682928862538401 11259432
1655682929080720017 14124374
1655682929297752516 14533024
1655682929510407767 10013405
1655682929727366971 16442135
1655682929947729962 19786538
1655682930164522239 14244234
1655682930399959152 19888914
1655682930630339421 27294782
1655682930849773415 16480711
1655682931066300369 15363252
1655682931279481374 12689198
1655682931497674842 12622064
1655682931711180687 13001413
1655682931927949858 16016620
1655682932137631406 9206925
1655682932349761013 10038871
1655682932559564247 9483116
1655682932768763102 8898293
1655682932980361672 9476307
1655682933195479366 11313277
1655682933405632889 7747698
1655682933615401636 9430435
1655682933829480654 11799208
1655682934042019743 10251899
1655682934254673245 12355156
1655682934471220440 14067209
1655682934683361272 11834999
1655682934894662722 8375437
1655682935108352719 11337695
1655682935322542462 11201264
1655682935576751652 53896453
1655682935790536061 11323895
1655682936000839293 8133609
1655682936213814766 12543122
1655682936426827201 10719087
1655682936640186514 10960169
1655682936851892968 11386603
1655682937063339046 11162092
1655682937274689271 11043309
1655682937490135368 11372224
1655682937701580586 9728041
1655682937920190076 18234942
1655682938130240199 9634805
1655682938340728719 10165772
1655682938552552367 9754164
1655682938761073618 8222818
1655682938975721287 11516202
1655682939193360237 15282563
1655682939408916466 15028338
1655682939622619560 13277488
1655682939835765050 12704391
1655682940055265645 15721521
1655682940277719805 19575953
1655682940501746024 21672513
1655682940718024700 12087536
1655682940933774298 11845765
1655682941142053701 7749490
1655682941356084738 11530937
1655682941570556960 13590464
1655682941793208272 18682185
1655682942005561825 9988627
1655682942220330629 14297039
1655682942431487835 10499174
1655682942649008467 13886808
1655682942865523197 13762690
1655682943081484097 9820141
1655682943293249464 11266867
1655682943510788257 12288900
1655682943724761810 13644553
1655682943944374298 13401692
1655682944154749115 9338551
1655682944378387747 19784114
1655682944591707579 11102088
1655682944806441030 12756050
1655682945022749436 14054114
1655682945268257356 44508538
1655682945476494563 7798847
1655682945685727848 8915972
1655682945897923019 11874410
1655682946108494091 8351295
1655682946321002840 10308521
1655682946532824611 11491666
1655682946743535680 8269625
1655682946958416547 12022124
1655682947170741134 11899539
1655682947388893682 13946911
1655682947608636300 12770214
1655682947826982667 13948324
1655682948042411394 10955255
1655682948268090255 19790333
1655682948488792877 20397869
1655682948702601801 13686764
1655682948925751725 20178392
1655682949136649600 10463459
1655682949347764752 10842848
1655682949562816890 12282764
1655682949776457481 13123573
1655682949989856300 11131505
1655682950202730820 10165878
1655682950415027161 7833716
1655682950623200584 7870820
1655682950835431069 9997740
1655682951048365980 10693919
1655682951263565792 12904165
1655682951474683588 8838659
1655682951682689156 7458464
1655682951896163896 13229878
1655682952111056573 11789113
1655682952324255925 12327571
1655682952540859835 14880126
1655682952756505257 10178060
1655682952966631404 9439387
1655682953185701475 17966491
1655682953401114009 13316704
1655682953614675584 13121617
1655682953828398266 13070038
1655682954041194197 12470748
1655682954250066891 8469154
1655682954464590017 11497575
1655682954676949315 11993698
1655682954894786361 13414347
1655682955108548511 12614529
1655682955319902856 10929591
1655682955530577804 10076855
1655682955744653613 11891767
1655682955959198473 13984685
1655682956169201322 7207091
1655682956378706095 8964817
1655682956586721962 7700937
1655682956799645863 12075416
1655682957017449079 13244185
1655682957251808521 20692385
1655682957469064855 13473144
1655682957684045914 12292266
1655682957899824126 12136798
1655682958119029648 12513266
1655682958331694393 12017232
1655682958545850811 10860419
1655682958758385803 12227932
1655682958976988539 14078331
1655682959186013438 8726831
1655682959400047509 10428114
1655682959610693929 9771948
1655682959822749376 11557544
1655682960031347403 8248805
1655682960242667028 9093490
1655682960451274509 8288213
1655682960659807103 8083382
1655682960874896216 12469083
1655682961087246335 10234922
1655682961295600046 8044249
1655682961517584236 21669084
1655682961728139240 8050444
1655682961950240484 19894863
1655682962165556934 13147141
1655682962375445266 9592688
1655682962589983777 10976155
1655682962799342317 9066183
1655682963009477982 9739085
1655682963223421336 13292114
1655682963442168570 15896124
1655682963650628614 8061650
1655682963867391445 13724936
1655682964090675786 15564379
1655682964302759206 10859158
1655682964520120949 15116367
1655682964729665978 8674041
1655682964945458257 11063709
1655682965158498576 10341797
1655682965372456845 9692024
1655682965586134812 10484934
1655682965797313340 8897324
1655682966011922727 12316291
1655682966220521978 8076567