1655683617069604639 287410828
1655683617368630852 95117041
1655683617668587161 94349909
1655683617969335888 97055467
1655683618272454366 101523440
1655683618773618238 299036676
1655683619076694661 102682293
1655683619380686619 100632424
1655683619782215395 197690764
1655683620172788823 100857590
1655683620674692916 206070903
1655683620979642039 100897201
1655683621484894764 109742339
1655683621871550011 185620158
1655683622168605726 88264032
1655683622384654292 15472477
1655683622981690990 311077361
1655683623375041304 92269618
1655683623671476732 88734743
1655683624271493992 395088772
1655683624779746959 208808833
1655683625081810726 9192556
1655683625575358674 206535074
1655683626286682836 308116224
1655683626775360369 101122557
1655683627771053762 190654800
1655683628168581801 94407050
1655683628672171747 298117427
1655683628968910198 95973327
1655683629377867009 200197063
1655683629877691389 297939646
1655683630383428765 301563429
1655683630778066504 109434904
1655683631170785630 99838606
1655683631500951366 31746734
1655683632270638039 293291591
1655683632779513409 200074769
1655683633282784236 207758810
1655683633981409411 309208616
1655683634468564229 97005369
1655683635375678616 703930805
1655683635980147509 299824634
1655683636870407949 593152343
1655683637377686782 90229497
1655683638373401926 402640707
1655683638675733683 99802557
1655683639081783561 112066695
1655683639370603707 88678577
1655683640183318065 397406870
1655683640773269207 282968932
1655683641081733528 95734832
1655683641469364877 94525451
1655683641768610046 97070992
1655683642272322173 101976735
1655683642871126288 191963168
1655683643779753946 594803529
1655683644676446746 399301721
1655683645082273712 11289418
1655683645768615603 287029400
1655683646071202264 101759341
1655683646583301346 205508794
1655683647081728441 213166858
1655683647568599379 197677590
1655683648183640426 407886406
1655683648671525920 189597624
1655683649768544253 790323148
1655683650073250425 103230600
1655683650576938393 105708439
1655683650971390134 101959112
1655683651570391546 299661943
1655683652376393246 491812624
1655683652973483228 198095870
1655683653573325904 192392595
1655683653869179657 91551611
1655683654670702684 384483777
1655683654977072144 92132068
1655683655372334703 101023682
1655683655986328233 318585965
1655683656285704394 17979915
1655683656969394996 194651993
1655683657476520058 298637525
1655683658271454365 502831222
1655683658578738094 99810458
1655683658868555472 89625157
1655683659469425836 386922718
1655683659768569663 97645984
1655683660369402541 396899446
1655683660669523711 98594005
1655683660968497260 96926332
1655683661272658620 93395050
1655683661778656373 300658060
1655683662474970577 98504541
1655683663187344705 309345434
1655683663778226564 293425427
1655683664276748172 96249799
1655683664573844852 90921760
1655683664893605693 113519608
1655683665293439101 21454449
1655683665877856346 195101264
1655683666271589273 189395308
1655683666783065405 113580657
1655683667079667923 10206204
1655683667777074049 493407355
1655683668268568739 193635811
1655683668886939190 397708975
1655683669269372535 82438398
1655683669573638212 97708498
1655683670585665889 797612067
1655683671086682829 210919268
1655683671883821321 394617139
1655683672676996034 292210526
1655683673475101367 302891657
1655683674269420461 389175995
1655683674874536527 393310086
1655683675883220394 603153915
1655683676370943322 103200803
1655683676980182738 302740275
1655683677368518241 90399892
1655683677668575209 94113620
1655683677975679236 106771425
1655683678569452007 386085230
1655683679270656901 391978251
1655683679577303989 103595866
1655683680475734614 595675658
1655683680701053650 21875011
1655683682085159057 213622487
1655683682869574808 299430659
1655683683170765868 97811913
1655683683468614774 94062417
1655683683785657263 105914982
1655683684176894383 92347630
1655683684570833956 187455321
1655683685173193204 98683700
1655683685779698796 295471048
1655683686368562186 283553773
1655683686986632993 402909382
1655683687471219775 186200286
1655683687771326782 92535304
1655683688280728469 191429366
1655683689182105736 299367522
1655683689472711121 88981769
1655683689769376828 95909864
1655683690175158645 198250419
1655683691372807438 691074894
1655683692177660761 201223439
1655683692869380017 200077695
1655683693186009584 110078039
1655683693769409283 290478387
1655683694069766120 99268640
1655683694380705685 97049065
1655683694768547838 95619316
1655683695071689928 99268983
1655683695468553516 87623895
1655683696169390932 392293068
1655683696779582672 204686234
1655683697168560905 188659073
1655683697576625996 202910421
1655683697972737172 90042582
1655683698585901433 104936136
1655683699382675782 300978421
1655683699976296835 201824784
1655683700292537303 22710419
1655683700684939264 105225857
1655683701176595235 192082393
1655683701468644882 91724014
1655683701770757783 96504893
1655683702276378360 295369415
1655683702494324744 17629413
1655683702977629144 202600061
1655683703473777464 282841532
1655683703768578371 89860387
1655683704168529244 198795309
1655683704392975254 19109181
1655683704868571171 198643518
1655683705675243616 402925336
1655683706275686601 202603455
1655683706879571601 395649146
