1654862945107419319 0
1654862950112586506 0
1654862955117726119 0
1654862960118503764 0
1654862965123634464 0
1654862970128338416 0
1654862975133461365 9
1654862980138572379 30
1654862985143700946 27
1654862990146397130 29
1654862995150708659 28
1654863000155848229 28
1654863005160317125 29
1654863010160470837 27
1654863015165624252 27
1654863020170751071 30
1654863025175875555 26
1654863030181001078 28
1654863035186135933 28
1654863040189358298 27
1654863045194508776 30
1654863050199337716 29
1654863055204115591 29
1654863060209339911 29
