1654863076312532474 0
1654863081317737841 0
1654863086322889475 0
1654863091328366819 0
1654863096333061688 0
1654863101338223963 0
1654863106343508067 10
1654863111348664798 36
1654863116353816847 38
1654863121358960105 42
1654863126364107525 38
1654863131369248460 36
1654863136374389384 40
1654863141379355013 42
1654863146384368251 39
1654863151385786123 38
1654863156390939008 38
1654863161394563207 44
1654863166399703451 40
1654863171404880669 40
1654863176405884798 42
1654863181407412406 41
1654863186410091255 38
1654863191414332602 42
