1655535176488979026 0
1655535177490173853 0
1655535178491304731 0
1655535179492429310 0
1655535180493553078 0
1655535181494672541 0
1655535182495798910 0
1655535183496942611 0
1655535184498100308 0
1655535185499259117 0
1655535186499604263 0
1655535187500733321 0
1655535188501845711 0
1655535189502969704 0
1655535190504084906 0
1655535191505198700 0
1655535192506312957 0
1655535193507437588 0
1655535194508554153 0
1655535195509297626 0
1655535196510427418 0
1655535197511564727 0
1655535198512680627 0
1655535199513808692 0
1655535200514941337 0
1655535201516067955 0
1655535202517199110 0
1655535203518327941 0
1655535204519457228 0
1655535205520571456 0
1655535206521696212 0
1655535207522823138 0
1655535208523947701 0
1655535209525062031 0
1655535210525480223 28
1655535211526640507 121
1655535212527776670 130
1655535213528922985 136
1655535214530051228 140
1655535215530637701 127
1655535216531787723 138
1655535217532923449 132
1655535218533089473 135
1655535219534192438 139
1655535220535333467 130
1655535221536477716 136
1655535222537573997 137
1655535223538654906 133
1655535224539778091 136
1655535225540870818 135
1655535226542019886 132
1655535227543162079 139
1655535228544294058 132
1655535229545396355 135
1655535230546531871 139
1655535231547652049 129
1655535232547860683 138
1655535233548971590 135
1655535234550117645 132
1655535235551233932 138
1655535236552339149 131
1655535237553474796 137
1655535238554598485 138
1655535239555738576 129
1655535240556877119 139
1655535241557991754 134
1655535242559130270 133
1655535243560271817 138
1655535244561415005 132
1655535245562545429 135
1655535246563662507 139
1655535247564791115 131
1655535248565923771 134
1655535249566621933 139
1655535250567737849 129
1655535251568230247 140
1655535252569351504 133
1655535253570489152 131
1655535254570655931 140
1655535255571787843 130
1655535256572897914 137
1655535257574030166 139
1655535258574641014 130
1655535259575798039 136
1655535260576933635 132
1655535261578073549 136
1655535262578660660 138
1655535263579727024 133
1655535264580865353 134
1655535265581542043 135
1655535266582628864 131
1655535267582969704 121
1655535268584110526 138
1655535269585258934 140
1655535270586364139 129
1655535271587538207 136
1655535272588660955 134
1655535273589795928 135
1655535274590657905 138
1655535275591786054 132
1655535276592928555 134
1655535277594061455 133
1655535278594615571 136
1655535279595758062 137
1655535280596895604 134
1655535281598029032 136
1655535282598613300 133
1655535283599762115 134
1655535284600898509 135
1655535285602041191 138
1655535286602656401 133
1655535287603796787 135
1655535288604438757 133
1655535289605600501 136
1655535290606710141 137
1655535291606872039 134
1655535292608011156 135
1655535293609161917 130
1655535294610337748 136
1655535295611488749 139
1655535296612627162 133
1655535297613762786 134
1655535298614613598 132
1655535299615754781 128
1655535300616886054 51
1655535301617968329 0
1655535302618647617 0
1655535303619769835 0
1655535304619986193 0
