1655533336362748824 0
1655533337363955638 0
1655533338365097001 0
1655533339366248046 0
1655533340367375325 0
1655533341368508386 0
1655533342369636130 0
1655533343370791795 0
1655533344371959221 0
1655533345373120255 0
1655533346374266502 0
1655533347375393080 0
1655533348376517220 0
1655533349377651466 0
1655533350378799588 0
1655533351379893385 0
1655533352381016417 0
1655533353382136378 0
1655533354382297138 0
1655533355383425242 0
1655533356384538738 0
1655533357385675353 0
1655533358386802105 0
1655533359387933705 0
1655533360389056285 0
1655533361390171139 0
1655533362391310485 0
1655533363392435519 0
1655533364393558810 0
1655533365394683751 0
1655533366395809575 0
1655533367396933182 0
1655533368398059273 0
1655533369398310673 8
1655533370399446071 20
1655533371400586331 20
1655533372401720642 18
1655533373402306479 20
1655533374403399090 20
1655533375404518245 18
1655533376405636464 20
1655533377406771446 20
1655533378407905441 18
1655533379409037261 20
1655533380410125782 18
1655533381411246056 20
1655533382412372039 20
1655533383413487247 20
1655533384414615879 18
1655533385415696501 20
1655533386416825641 18
1655533387417946658 20
1655533388419072409 20
1655533389420201100 20
1655533390421338383 18
1655533391422429366 20
1655533392423547082 18
1655533393424671013 20
1655533394425795927 20
1655533395426921416 20
1655533396428043552 18
1655533397429197758 18
1655533398430317768 20
1655533399431321235 20
1655533400432451977 20
1655533401433565721 20
1655533402434681362 18
1655533403435818103 18
1655533404436956989 20
1655533405437511814 20
1655533406438636049 20
1655533407439752610 19
1655533408440878376 17
1655533409442007238 20
1655533410442255509 20
1655533411443382331 20
1655533412444508427 20
1655533413445627670 19
1655533414446754645 17
1655533415447881923 20
1655533416449003606 20
1655533417450126186 20
1655533418451257060 20
1655533419452425684 16
1655533420453557218 20
1655533421454644672 20
1655533422455757273 20
1655533423456892573 20
1655533424458015087 20
1655533425459139025 16
1655533426460266997 20
1655533427461392798 20
1655533428462435375 20
1655533429463544141 20
1655533430464674928 16
1655533431465802705 20
1655533432466283365 20
1655533433467424972 20
1655533434468553744 20
1655533435469670945 19
1655533436470788752 17
1655533437471905083 20
1655533438473040739 20
1655533439474143434 20
1655533440475277695 20
1655533441476361995 16
1655533442477496727 20
1655533443478634338 20
1655533444479761617 20
1655533445480874860 20
1655533446481993065 19
1655533447483118440 17
1655533448484243463 20
1655533449485367329 20
1655533450486298636 20
1655533451487418614 20
1655533452488529158 17
1655533453489647878 19
1655533454490745726 20
1655533455491867355 20
1655533456492992049 20
1655533457494104050 20
1655533458494298364 16
1655533459495432618 9
1655533460496551394 0
1655533461497672304 0
1655533462498790773 0
1655533463499915482 0
