1655533703823363121 0
1655533704824542131 0
1655533705825665426 0
1655533706826786479 0
1655533707827902387 0
1655533708829019862 0
1655533709830131698 0
1655533710831278552 0
1655533711832450306 0
1655533712833631250 0
1655533713834786761 0
1655533714835919483 0
1655533715837047621 0
1655533716838173427 0
1655533717839331468 0
1655533718840458992 0
1655533719841591523 0
1655533720842719031 0
1655533721843837285 0
1655533722844957472 0
1655533723846074157 0
1655533724847193783 0
1655533725848318276 0
1655533726849441595 0
1655533727850558210 0
1655533728851683927 0
1655533729852809564 0
1655533730853939600 0
1655533731855068801 0
1655533732856200250 0
1655533733857332138 0
1655533734858459102 0
1655533735859587945 0
1655533736860707101 0
1655533737861830954 17
1655533738862951078 40
1655533739864103546 40
1655533740865239449 39
1655533741866372756 39
1655533742867503293 40
1655533743868628694 34
1655533744869761771 40
1655533745870301904 40
1655533746871429895 39
1655533747872557334 39
1655533748873685005 36
1655533749874832514 38
1655533750875976186 40
1655533751877100164 39
1655533752878258783 39
1655533753878688812 37
1655533754879783368 38
1655533755880912479 39
1655533756882040346 40
1655533757883169895 39
1655533758884288722 39
1655533759885440040 37
1655533760886572553 38
1655533761887702853 39
1655533762888825347 40
1655533763889952139 39
1655533764890257901 37
1655533765891386219 37
1655533766892522666 40
1655533767893642654 39
1655533768894778694 40
1655533769895928874 39
1655533770896783702 37
1655533771897917275 37
1655533772899044174 40
1655533773900170099 39
1655533774901253696 40
1655533775902384825 37
1655533776903477068 36
1655533777904614557 40
1655533778905710558 40
1655533779906854875 39
1655533780907955873 39
1655533781909093588 38
1655533782910240151 36
1655533783911366894 40
1655533784912488427 39
1655533785913619331 40
1655533786914748039 37
1655533787915876738 38
1655533788916996569 38
1655533789918141076 40
1655533790919033649 39
1655533791920163836 40
1655533792921281522 37
1655533793922418163 36
1655533794923544075 40
1655533795924676635 40
1655533796925808085 39
1655533797926936309 37
1655533798928028709 36
1655533799929169966 40
1655533800930313198 40
1655533801931405749 40
1655533802932529899 39
1655533803933661645 37
1655533804934788775 36
1655533805935920790 40
1655533806937038414 40
1655533807938137592 39
1655533808939269147 38
1655533809940369897 36
1655533810941514307 39
1655533811942656714 40
1655533812943782807 40
1655533813944889029 37
1655533814946024928 39
1655533815946296741 37
1655533816947424569 39
1655533817948542636 40
1655533818949630146 38
1655533819950275901 39
1655533820951420589 37
1655533821952544075 38
1655533822953665251 40
1655533823954774808 40
1655533824955906591 37
1655533825956988776 38
1655533826958108127 38
1655533827959239023 13
1655533828960359363 0
1655533829961489827 0
1655533830962618767 0
1655533831963732436 0
