1655681919951642124 0
1655681920952811910 0
1655681921953938045 0
1655681922955178714 0
1655681923956313581 0
1655681924957455182 0
1655681925958598708 0
1655681926960308144 0
1655681927962301114 0
1655681928964184991 0
1655681929965305462 0
1655681930966550555 0
1655681931967796878 0
1655681932969152553 0
1655681933970334034 0
1655681934971461855 0
1655681935972844141 0
1655681936973307031 0
1655681937974320298 0
1655681938975318043 0
1655681939976986868 0
1655681940978321301 0
1655681941979336550 0
1655681942980510899 0
1655681943981314330 0
1655681944982471455 0
1655681945983716179 0
1655681946984306647 0
1655681947985415575 0
1655681948986319061 0
1655681949987439755 0
1655681950988570852 0
1655681951989853139 0
1655681952991004218 0
1655681953992297079 17
1655681954993759769 49
1655681955994300914 74
1655681956995327510 78
1655681957996304121 73
1655681958997306730 74
1655681959998304427 74
1655681960999498414 76
1655681962000636485 74
1655681963002427328 75
1655681964003325842 75
1655681965004309088 70
1655681966005307201 73
1655681967006492573 76
1655681968007538007 73
1655681969009341315 76
1655681970010351465 74
1655681971011479798 76
1655681972012315676 73
1655681973013325813 77
1655681974014340808 75
1655681975015309544 74
1655681976017390207 76
1655681977018298484 77
1655681978019293773 72
1655681979020409822 75
1655681980021314483 74
1655681981022311247 78
1655681982023343228 73
1655681983024319470 76
1655681984025295977 76
1655681985026314033 76
1655681986027347657 74
1655681987028301631 72
1655681988029427912 73
1655681989030322119 75
1655681990031291226 75
1655681991032327519 74
1655681992033054388 76
1655681993033319068 73
1655681994034335871 79
1655681995035302058 73
1655681996036305037 74
1655681997037302918 79
1655681998038289374 73
1655681999039796892 73
1655682000041983069 77
1655682001043300387 75
1655682002044664808 73
1655682003045319374 73
1655682004046396904 75
1655682005047294519 73
1655682006048314913 75
1655682007049361379 75
1655682008050317707 75
1655682009051337204 75
1655682010052352918 76
1655682011053292052 77
1655682012054298000 75
1655682013055587937 72
1655682014056296910 70
1655682015057291588 76
1655682016058484427 72
1655682017059315556 75
1655682018060318897 73
1655682019061293739 77
1655682020062307930 70
1655682021063326639 76
1655682022064316570 76
1655682023065316266 74
1655682024066315281 74
1655682025067437828 70
1655682026068303575 78
1655682027069541705 73
1655682028070304136 73
1655682029071568544 77
1655682030072305108 73
1655682031073384040 78
1655682032074336326 70
1655682033075313029 78
1655682034076307156 72
1655682035077371953 74
1655682036078362451 73
1655682037079479904 75
1655682038080404789 76
1655682039081314147 73
1655682040082316143 73
1655682041083403404 71
1655682042085038656 73
1655682043086302473 76
1655682044087421655 34
1655682045088636454 0
1655682046090034437 0
1655682047091367676 0
1655682048092343336 0
