1655682138820312659 59
1655682139821303229 80
1655682140822311091 73
1655682141823299145 75
1655682142824320786 76
1655682143825450864 76
1655682144826373978 74
1655682145827392500 75
1655682146828323194 77
1655682147829348589 72
1655682148830291967 77
1655682149831397578 77
1655682150832495684 74
1655682151833299816 76
1655682152834389933 74
1655682153835319748 77
1655682154836380530 74
1655682155837289013 75
1655682156838377772 78
1655682157839289728 73
1655682158840294252 78
1655682159841287405 74
1655682160842290284 76
1655682161843321752 74
1655682162844301198 75
1655682163845312316 79
1655682164846310392 73
1655682165847292871 75
1655682166848360155 76
1655682167849292995 74
1655682168850387254 76
1655682169851378071 77
1655682170852291583 75
1655682171853358069 76
1655682172854356931 73
1655682173855334922 76
1655682174856332747 78
1655682175857608755 72
1655682176858727102 78
1655682177860317411 70
1655682178862027820 76
1655682179864358238 79
1655682180865293899 75
1655682181868358412 74
1655682182869139889 76
1655682183870262527 78
1655682184871305311 69
1655682185872645504 78
1655682186873318498 79
1655682187874295649 71
1655682188875380782 74
1655682189876297199 80
1655682190877293799 76
1655682191880119015 72
1655682192880307313 76
1655682193881294936 78
1655682194882371673 74
1655682195883489190 73
1655682196884790340 79
1655682197885308499 73
1655682198886304335 77
1655682199887788435 75
1655682200889064035 74
1655682201889494325 78
1655682202891295311 74
1655682203892301603 72
1655682204893317981 78
1655682205894356648 75
1655682206895474461 71
1655682207896458433 78
1655682208897399596 75
1655682209898602188 72
1655682210900016511 74
1655682211900332108 73
1655682212900530708 77
1655682213901313050 73
1655682214902425989 75
1655682215903321987 79
1655682216904287257 71
1655682217905391260 75
1655682218906636695 79
1655682219907293024 72
1655682220909454211 76
1655682221910294022 77
1655682222911288476 75
1655682223912335330 73
1655682224913458640 79
1655682225916322851 75
1655682226917309708 74