1655682508174309998 95
1655682509175755449 95
1655682510176910345 93
1655682511177985575 97
1655682512178882269 91
1655682513180114171 93
1655682514180298422 95
1655682515181306442 90
1655682516182305873 95
1655682517184310520 89
1655682518186612302 97
1655682519188317042 93
1655682520189291691 94
1655682521190332080 93
1655682522191305396 95
1655682523192310812 93
1655682524193317521 95
1655682525194294105 89
1655682526195312117 99
1655682527196441810 94
1655682528197305708 92
1655682529198369977 96
1655682530199296804 94
1655682531200813850 93
1655682532201312540 93
1655682533202301665 96
1655682534203312959 94
1655682535204552870 94
1655682536205299851 96
1655682537206307017 93
1655682538207326071 93
1655682539208313672 92
1655682540209431539 96
1655682541210299995 92
1655682542211298089 95
1655682543212306686 94
1655682544213310035 95
1655682545214298951 89
1655682546215305526 98
1655682547216303348 92
1655682548217292739 93
1655682549218695177 95
1655682550219483642 94
1655682551220538817 94
1655682552221725493 93
1655682553222782705 97
1655682554223736147 94
1655682555224674862 92
1655682556225805044 96
1655682557226288222 91
1655682558227606389 93
1655682559228298426 98
1655682560229296537 89
1655682561230302581 97
1655682562231305107 95
1655682563232292461 92
1655682564233347877 91
1655682565234291649 97
1655682566235547365 96
1655682567236745221 88
1655682568237314546 96
1655682569238521119 95
1655682570239348564 95
1655682571240305750 95
1655682572241724264 91
1655682573242297227 94
1655682574243362804 92
1655682575244560968 96
1655682576245326938 93
1655682577246627324 95
1655682578247297847 92
1655682579248316684 94
1655682580249298604 97
1655682581250298085 91
1655682582251298263 96
1655682583252304962 95
1655682584253284763 92
1655682585254335131 95
1655682586255296982 96
1655682587256314541 93
1655682588257409406 93
1655682589257885850 98
1655682590258359808 96
1655682591259295051 90
1655682592260370729 95
1655682593261431967 96
1655682594262334877 89
1655682595263302976 96
1655682596264309407 95