1655683619436551637 47
1655683620437865860 55
1655683621438873505 54
1655683622439548666 62
1655683623440934555 60
1655683624441331622 69
1655683625442460885 65
1655683626443335881 64
1655683627444556237 63
1655683628445325926 71
1655683629446448153 66
1655683630447350152 69
1655683631448801032 64
1655683632450283042 64
1655683633451303762 69
1655683634452310824 58
1655683635453320925 67
1655683636454333575 67
1655683637455308042 67
1655683638456301531 65
1655683639457312595 62
1655683640458595417 77
1655683641459858738 60
1655683642460473439 69
1655683643461866265 65
1655683644462825485 60
1655683645463342207 66
1655683646464321455 66
1655683647465474742 65
1655683648466337454 74
1655683649467526008 50
1655683650468700044 71
1655683651469348973 67
1655683652470325905 70
1655683653471278447 66
1655683654472322993 66
1655683655473363452 69
1655683656474573434 60
1655683657475355225 71
1655683658476707490 70
1655683659477390909 64
1655683660478306673 64
1655683661479368150 64
1655683662480597483 70
1655683663481302498 67
1655683664482343559 68
1655683665483302743 67
1655683666484940674 71
1655683667486326641 60
1655683668487323628 71
1655683669488340733 65
1655683670489322029 73
1655683671490301283 70
1655683672491330863 68
1655683673492315069 69
1655683674493746941 66
1655683675494600790 65
1655683676495304027 73
1655683677496320806 64
1655683678497537171 62
1655683679498846240 63
1655683680499304741 72
1655683681500422952 63
1655683682502295038 70
1655683683503416473 70
1655683684504519802 73
1655683685505308022 66
1655683686506465762 71
1655683687507312277 63
1655683688509231250 63
1655683689510759316 72
1655683690511758659 60
1655683691513165935 71
1655683692514534835 64
1655683693515800529 68
1655683694516741825 64
1655683695518085423 70
1655683696518334730 68
1655683697519516230 67
1655683698520314141 70
1655683699521586272 64
1655683700522871708 68
1655683701523627278 63
1655683702524770125 72
1655683703525316099 59
1655683704526638555 68
1655683705528368300 64
1655683706529339495 64
1655683707530365618 62
1655683708531590041 55