1655683999200519083 58
1655684000201331327 55
1655684001202428752 60
1655684002203313057 52
1655684003204655264 60
1655684004205856279 55
1655684005207074994 53
1655684006208279218 61
1655684007209352316 61
1655684008210696519 56
1655684009211291832 62
1655684010212535169 57
1655684011213818287 61
1655684012214334064 57
1655684013215333799 56
1655684014216601185 68
1655684015217866295 62
1655684016218383839 57
1655684017219985933 67
1655684018221652872 53
1655684019222928694 67
1655684020223557383 66
1655684021223848630 66
1655684022224991319 56
1655684023226126765 70
1655684024227285366 67
1655684025227752011 66
1655684026228899359 78
1655684027230047369 63
1655684028231191744 65
1655684029232385377 67
1655684030233371682 67
1655684031234491777 61
1655684032235318761 67
1655684033236384106 63
1655684034237309784 73
1655684035238695767 59
1655684036239520746 68
1655684037240677687 67
1655684038241330303 60
1655684039242314492 67
1655684040243468909 62
1655684041244616388 72
1655684042245521989 63
1655684043246719304 68
1655684044247858810 73
1655684045248334600 60
1655684046249315702 71
1655684047250328691 63
1655684048251560242 70
1655684049252321941 64
1655684050253315069 68
1655684051254333100 62
1655684052255319717 64
1655684053256447969 68
1655684054257519865 63
1655684055258686125 72
1655684056259644047 69
1655684057260903392 61
1655684058261617023 75
1655684059262748592 66
1655684060264315623 64
1655684061265368926 71
1655684062266076291 57
1655684063266436786 71
1655684064267726698 68
1655684065268327817 60
1655684066269311043 75
1655684067270341511 67
1655684068271576084 68
1655684069272467959 69
1655684070273310984 69
1655684071274313751 72
1655684072275311601 75
1655684073276367615 60
1655684074277303937 71
1655684075279837839 68
1655684076280323601 67
1655684077281590429 62
1655684078283311484 72
1655684079284397718 57
1655684080285333874 65
1655684081286300185 74
1655684082287306812 56
1655684083289015911 73
1655684084289984751 65
1655684085290304651 64
1655684086291305256 70
1655684087292906796 65
1655684088293315969 67