235128448047010 2
235129449194107 21
235130450392935 21
235131451237980 24
235132452396271 24
235133453234511 19
235134454385652 21
235135455589749 25
235136456799354 23
235137457267001 22
235138458208731 23
235139459635243 25
235140460333434 23
235141461446589 20
235142462196448 23
235143463377919 22
235144464504731 20
235145465618593 21
235146466210151 20
235147467204941 20
235148468429864 24
235149469203864 23
235150470216540 23
235151471202366 24
235152472191631 21
235153473495463 22
235154474190338 25
235155475185709 24
235156476342505 22
235157477532395 20
235158478659285 24
235159479968372 24
235160480190395 24
235161481193887 23
235162482200882 18
235163483350279 26
235164484495670 22
235165486064058 20
235166486194921 26
235167487221179 23
235168488371454 21
235169489573627 25
235170490211385 22
235171491364371 24
235172492558794 23
235173493697719 24
235174494189011 23
235175495330134 23
235176496479134 24
235177497616393 20
235178498758821 22
235179500395825 22
235180501280640 22
235181502832578 24
235182503292590 22
235183504439096 23
235184505340975 23
235185506596652 22
235186507836104 23
235187509067572 24
235188510404493 24
235189511971486 21
235190513298621 23
235191514477342 23
235192515696031 23
235193516851448 25
235194518004665 23
235195518197497 23
235196519191964 21
235197520272520 26
235198521293090 24
235199522199088 23
235200523212068 22
235201524192584 23
235202525477563 23
235203526582171 20
235204527327169 19
235205528460584 21
235206529457359 23
235207530715816 20
235208531865636 21
235209532997637 22
235210534238244 21
235211535502912 25
235212536716210 26
235213537864348 19
235214539002990 24
235215540153001 26
235216541268152 25
235217542611291 24
235218543747847 17
