1654658884290134245 9040976
1654658884607890010 1170212
1654658884957520019 1482002
1654658885414663958 1166573
1654658885893470337 1721157
1654658886493481624 2001470
1654658886893398188 1865021
1654658887411184076 1900630
1654658887996952753 2794147
1654658888447793948 4855077
1654658889172875624 7351957
1654658889530932407 1572239
1654658889952733374 2158802
1654658890293375099 1399053
1654658890793364108 1728857
1654658891293383808 1707953
1654658891547503237 4814900
1654658891934994254 1815576
1654658892347755487 4705739
1654658892802911053 1051628
1654658893080709487 6670522
1654658893664272446 1691622
1654658893933857863 6877090
1654658894347469211 5027573
1654658895048227371 1305792
1654658895333190955 8418649
1654658895589099955 5509814
1654658895855772779 6586432
1654658896265511830 6848997
1654658897022470236 1237100
1654658897280638968 5734476
1654658897611810655 1251741
1654658898293257302 1816708
1654658898556158235 6148115
1654658899007140052 1888676
1654658899447691761 5274712
1654658899800044262 1072463
1654658900256153968 5601532
1654658900947636461 1265203
1654658901221725162 7341148
1654658901539561562 1170289
1654658902316848002 1133979
1654658903156105706 1520007
1654658903405663723 4880561
1654658903693314494 8181366
1654658904193399775 1740461
1654658904693283380 1726007
1654658905199617219 1792163
1654658905505415034 9479246
1654658905997587593 9615879
1654658906489164618 9383703
1654658907010978815 9809480
1654658907464284584 4909395
1654658907751647944 8663776
1654658908298268119 1891831
1654658908755609319 5964472
1654658909455846319 1347564
1654658909763972627 1073340
1654658910155641838 6006163
1654658910455269687 9882037
1654658910898322529 1051977
1654658911357649601 5715684
1654658912049299948 1518113
1654658912308453161 5831975
1654658912972357227 7969563
1654658913793288914 1726425
1654658914314681243 1198531
1654658914605973563 9043700
1654658914864153098 5741956
1654658915119017638 5407569
1654658915555343161 5267270
1654658916064274159 5290654
1654658916313760990 4868303
1654658916746836694 1263494
1654658917093303587 1456358
1654658917368737430 7359376
1654658917647006879 7224741
1654658918405639497 1094390
1654658918893336044 1739442
1654658919155446073 5610181
1654658919555687937 5369841
1654658920055541828 5424167
1654658920369636907 1132951
1654658920910785270 1136225
1654658921415955152 1185282
1654658921746915529 5374442
1654658921996829763 4908493
1654658922246853939 4924212
1654658922755260074 4874463
1654658923046811735 9098527
1654658923305421492 5787241
1654658923563950567 5781094
1654658924055364993 5770954
1654658924380626074 8783928
1654658924693318075 1118991
1654658924946795478 4754802
1654658925338797909 4542108
1654658926133127242 1382337
