1619368220075952129 2109
1619368221075894795 2074
1619368222075963561 2011
1619368223075865909 2014
1619368224075935647 2066
1619368225075904077 2064
1619368226075945410 2071
1619368227075956982 2028
1619368228075920391 2065
1619368229075993644 2071
1619368230075965396 2056
1619368231075965785 2054
1619368232075968445 2067
1619368233075955489 2053
1619368234075936028 2083
1619368235076016372 2036
1619368236075942138 2072
1619368237075957905 2070
1619368238075984684 2050
1619368239075965291 2040
1619368240075857836 2050
1619368241075929929 2055
1619368242075971166 2042
1619368243075958573 2016
1619368244075888207 2036
1619368245075949756 2031
1619368246075995570 2059
1619368247075956012 2068
1619368248075955903 2038
1619368249075883334 2030
1619368250075976744 2056
1619368251075997056 2044
1619368252075888466 2031
1619368253075956761 2038
1619368254075955255 2064
1619368255075871286 2063
1619368256075954640 2050
1619368257075946034 2071
1619368258075974939 2069
1619368259075919757 2048
1619368260075952688 2055
1619368261075869268 2043
1619368262075975568 2051
1619368263075942666 2042
1619368264075975799 2031
1619368265076002873 2057
1619368266075980319 2056
1619368267075898415 2048
1619368268075956618 2045
1619368269075992069 2054
1619368270075879230 2064
1619368271075960903 2035
1619368272075954935 2050
1619368273075996117 2045
1619368274075977138 2007
1619368275075891415 2049
1619368276075962044 2035
1619368277075958528 2041
1619368278075959880 2012
