1656104425188374408 10
1656104426189454284 12
1656104427190797897 14
1656104428191954611 12
1656104429193105595 12
1656104430194371143 12
1656104431195397544 14
1656104432196596337 12
1656104433197808682 12
1656104434198392258 12
1656104435199394507 12
1656104436200461072 14
1656104437201598611 12
1656104438202376613 12
1656104439203377557 12
1656104440204370910 14
1656104441205391971 12
1656104442206627819 12
1656104443207840723 12
1656104444209059786 14
1656104445210267997 12
1656104446211545561 12
1656104447212668595 12
1656104448213364346 14
1656104449214383726 12
1656104450215376859 12
1656104451216394326 12
1656104452217537326 12
1656104453218763071 14
1656104454220114270 12
1656104455221380115 12
1656104456222375306 12
1656104457223484376 14
1656104458223656325 12
1656104459224778616 12
1656104460225889349 12
1656104461227098405 14
1656104462227629163 12
1656104463228830473 12
1656104464230062211 12
1656104465230393153 14
1656104466231137192 12
1656104467232263839 12
1656104468233488391 12
1656104469234397913 14
1656104470235384622 12
1656104471236512659 12
1656104472237662499 12
1656104473239414467 14
1656104474240609957 12
1656104475241919129 12
1656104476243045542 12
1656104477243369849 14
1656104478244467457 12
1656104479245747569 12
1656104480246953310 12
1656104481247395450 12
1656104482248396314 14
1656104483249779269 12
1656104484250382224 12
1656104485251612719 2