1655951834876327641 22
1655951835877304544 84
1655951836878311170 99
1655951837879591496 93
1655951838880420436 88
1655951839881549980 100
1655951840882786913 92
1655951841884338305 88
1655951842885419960 100
1655951843886320433 91
1655951844887178179 89
1655951845888334278 100
1655951846889303449 92
1655951847890329100 88
1655951848891323443 100
1655951849892313271 88
1655951850893356282 92
1655951851894310461 100
1655951852895347691 88
1655951853896409701 92
1655951854897821065 100
1655951855898339114 88
1655951856899478912 92
1655951857900478348 100
1655951858901328061 90
1655951859902484308 90
1655951860903568682 100
1655951861904325305 90
1655951862905474989 90
1655951863906703745 100
1655951864907444219 88
1655951865908326059 92
1655951866909307275 100
1655951867910389394 88
1655951868911332450 92
1655951869912324122 96
1655951870913319375 92
1655951871914327016 92
1655951872915330441 96
1655951873916316202 92
1655951874917324530 92
1655951875918315175 100
1655951876919331669 88
1655951877920347760 92
1655951878921326533 100
1655951879922559790 88
1655951880923867616 92
1655951881924788119 99
1655951882925313242 89
1655951883926339282 92
1655951884927342996 100
1655951885928369290 89
1655951886929378377 91
1655951887930351001 96
1655951888931330779 96
1655951889932583916 88
1655951890933572689 100
1655951891934762100 84
1655951892935578959 96
1655951893936358889 99
1655951894937324626 85
1655951895938479760 96
1655951896939625427 92
1655951897940795638 92
1655951898941316582 96
1655951899942316011 92
1655951900943393681 92
1655951901944306262 95
1655951902945319747 94
1655951903946463067 91
1655951904947340092 92
1655951905948323695 98
1655951906949366580 90
1655951907950370594 92
1655951908951424504 93
1655951909952381996 95
1655951910953311589 92
1655951911954367343 94
1655951912955331304 94
1655951913956397540 92
1655951914957315805 93
1655951915958795225 95
1655951916959548499 92
1655951917960441910 88
1655951918962368200 100
1655951919963360068 92
1655951920964334595 88
1655951921965326539 100
1655951922966407547 92
1655951923967552304 88
1655951924968637198 100
1655951925969410248 95
1655951926970327883 85
1655951927971319947 100
1655951928972330711 92
1655951929973642237 88
1655951930974295408 96
1655951931975340009 96
1655951932976307839 92