1655952153103366492 18
1655952154104478275 120
1655952155105323040 131
1655952156106352230 131
1655952157107304175 130
1655952158108341771 131
1655952159109532975 133
1655952160110602777 128
1655952161112079402 129
1655952162112413306 125
1655952163113372810 138
1655952164114302664 126
1655952165115296892 130
1655952166116315646 129
1655952167117311712 133
1655952168118360315 130
1655952169119320415 130
1655952170120440262 126
1655952171121582017 136
1655952172122306459 131
1655952173123305643 129
1655952174124311537 132
1655952175125313744 132
1655952176126304789 129
1655952177127308247 131
1655952178128351252 128
1655952179129300085 128
1655952180130301644 136
1655952181131310096 127
1655952182132439559 129
1655952183133309185 136
1655952184134594811 128
1655952185135300691 130
1655952186136316730 126
1655952187137557634 136
1655952188138318010 132
1655952189139310973 124
1655952190140318483 132
1655952191141304193 133
1655952192142438234 131
1655952193143293776 125
1655952194144299254 139
1655952195145312169 124
1655952196146325113 131
1655952197147329919 136
1655952198148323151 125
1655952199149373203 132
1655952200150345714 134
1655952201151307828 126
1655952202152302712 131
1655952203153382610 136
1655952204154566634 127
1655952205155305299 127
1655952206156306730 139
1655952207157358495 126
1655952208158406723 126
1655952209159399023 138
1655952210160314616 130
1655952211161323172 124
1655952212164301672 140
1655952213165299508 128
1655952214166322458 124
1655952215167312676 136
1655952216168321185 128
1655952217169347082 128
1655952218170325375 132
1655952219171312871 133
1655952220172779416 127
1655952221173675748 132
1655952222174303999 132
1655952223175584995 128
1655952224176368482 132
1655952225177929308 131
1655952226179203459 129
1655952227180395433 132
1655952228181595849 135
1655952229182329748 125
1655952230183298802 132
1655952231184313923 136
1655952232185320382 124
1655952233186906600 132
1655952234187363065 132
1655952235188485572 128
1655952236189320660 132
1655952237190624086 128
1655952238191555996 136
1655952239192326050 128
1655952240194304312 128
1655952241195299721 134
1655952242196299510 123
1655952243197298344 137
1655952244198305947 129
1655952245199317471 131
1655952246200303619 134
1655952247201300981 128
1655952248202375020 129
1655952249203377165 135
1655952250204310614 129
1655952251205315555 133