1655952602392987067 0
1655952603394424813 0
1655952604395362926 0
1655952605396298481 0
1655952606396961813 0
1655952607397320826 0
1655952608398437284 0
1655952609399627251 0
1655952610400883183 0
1655952611401447534 0
1655952612402633217 0
1655952613403330701 0
1655952614404477975 0
1655952615405636228 0
1655952616406791688 0
1655952617408035923 0
1655952618409170650 0
1655952619410420232 0
1655952620411572382 0
1655952621412746522 0
1655952622413871799 0
1655952623414335646 0
1655952624415999480 0
1655952625417243829 0
1655952626418413238 0
1655952627419727452 0
1655952628421428932 0
1655952629422692342 0
1655952630423995793 0
1655952631425131228 0
1655952632426307944 0
1655952633427572547 0
1655952634428704819 0
1655952635429858506 0
1655952636430324335 7
1655952637431320960 83
1655952638432299849 138
1655952639433374236 145
1655952640434315500 141
1655952641435322512 140
1655952642437319720 142
1655952643438335338 150
1655952644439331935 143
1655952645440320695 142
1655952646441570376 144
1655952647442316829 147
1655952648443303643 145
1655952649444330412 139
1655952650445398956 150
1655952651446323028 145
1655952652447326152 137
1655952653448344396 143
1655952654449416633 149
1655952655450306118 141
1655952656451325548 149
1655952657452463787 142
1655952658453516577 140
1655952659454328618 147
1655952660455319342 141
1655952661456320560 141
1655952662457362945 146
1655952663458401301 143
1655952664459415194 143
1655952665460391283 140
1655952666461339502 146
1655952667462379036 148
1655952668463902912 135
1655952669464315359 145
1655952670465403404 146
1655952671466353286 143
1655952672467333772 142
1655952673468304436 145
1655952674469301017 145
1655952675470322914 147
1655952676471314328 143
1655952677472335921 136
1655952678473329037 146
1655952679474334344 144
1655952680475559162 145
1655952681476999767 142
1655952682478327533 146
1655952683479686562 145
1655952684480879648 146
1655952685481668508 141
1655952686482351465 144
1655952687483352249 143
1655952688484330287 143
1655952689485318192 139
1655952690486545465 141
1655952691487324742 145
1655952692489327095 144
1655952693491361297 143
1655952694492604965 148
1655952695493807000 146
1655952696494931200 144
1655952697496326390 143
1655952698497321142 141
1655952699498319105 139
1655952700499338054 141
1655952701500330066 143
1655952702501302655 146
1655952703502326219 142
1655952704502888095 146
1655952705503329778 143
1655952706504488086 144
1655952707505711096 147
1655952708506335012 143
1655952709507323657 141
1655952710508341998 144
1655952711509622690 145
1655952712510418449 143
1655952713511713762 143
1655952714512955185 140
1655952715514157062 141
1655952716515322759 145
1655952717516319796 147
1655952718517759099 145
1655952719519320817 139
1655952720520333658 146
1655952721521307735 140
1655952722522301933 146
1655952723523309611 149
1655952724524312072 137
1655952725525348650 137
1655952726526348977 136
1655952727527312521 149
1655952728528396229 139
1655952729529621970 139
1655952730530319870 142
1655952731531316831 147
1655952732532309556 144
1655952733533675190 143
1655952734534323553 141
