1655531666654290917 0
1655531667655483462 0
1655531668656606224 0
1655531669657758993 0
1655531670658901052 0
1655531671660021970 0
1655531672661145377 0
1655531673662306495 0
1655531674663465753 0
1655531675664621731 0
1655531676665765030 0
1655531677666294994 0
1655531678667420048 0
1655531679668540302 0
1655531680669670447 0
1655531681670300133 0
1655531682671420234 0
1655531683672540634 0
1655531684673659631 0
1655531685674293165 0
1655531686675415978 0
1655531687676538853 0
1655531688677665775 0
1655531689678804477 0
1655531690679920755 0
1655531691681044129 0
1655531692682164464 0
1655531693683281287 0
1655531694684407051 0
1655531695685524786 0
1655531696686312956 0
1655531697687439142 0
1655531698688567147 0
1655531699689683974 5
1655531700690839035 70
1655531701691994329 110
1655531702693131956 101
1655531703694276943 108
1655531704695430198 106
1655531705696585299 103
1655531706697720797 110
1655531707698281303 104
1655531708698588015 105
1655531709699708252 108
1655531710700873435 103
1655531711701979974 108
1655531712702310944 106
1655531713703469939 104
1655531714704577572 109
1655531715705491655 102
1655531716706318348 107
1655531717707437130 108
1655531718708569325 102
1655531719709702788 109
1655531720710815166 104
1655531721711949753 107
1655531722713080697 108
1655531723714232591 104
1655531724715350202 106
1655531725716482297 106
1655531726717616578 106
1655531727718750792 106
1655531728719846317 104
1655531729721001311 106
1655531730722137591 107
1655531731723268657 105
1655531732724372059 106
1655531733725486637 108
1655531734726626066 102
1655531735727735555 109
1655531736728878789 104
1655531737730011835 108
1655531738730300847 103
1655531739731450583 105
1655531740732583291 109
1655531741733722401 104
1655531742734316218 108
1655531743735459986 104
1655531744736580104 106
1655531745737674015 106
1655531746738270675 105
1655531747739427886 107
1655531748740161901 107
1655531749741289678 101
1655531750742282226 109
1655531751743417401 105
1655531752744544536 106
1655531753745688442 109
1655531754746790342 101
1655531755747923908 107
1655531756749049186 105
1655531757750170625 108
1655531758751324078 107
1655531759752432930 102
1655531760753566807 107
1655531761754681201 105
1655531762755808931 109
1655531763756952109 106
1655531764758063230 103
1655531765758305038 105
1655531766759430118 108
1655531767760558836 106
1655531768761682799 106
1655531769762261489 106
1655531770763364681 102
1655531771764491750 109
1655531772765591041 106
1655531773766281763 106
1655531774767414953 106
1655531775768538735 103
1655531776769644971 108
1655531777770263837 106
1655531778771385687 107
1655531779772507150 105
1655531780773635655 103
1655531781774310172 108
1655531782775078054 106
1655531783776192846 106
1655531784777332540 107
1655531785778284420 103
1655531786779418141 107
1655531787780548678 105
1655531788781648256 106
1655531789782773887 73
1655531790783900715 2
1655531791785027687 0
1655531792786142757 0
1655531793787271144 0
1655531794788392313 0