1655532589176530003 0
1655532590177717845 0
1655532591178832322 0
1655532592179943033 0
1655532593181066241 0
1655532594182180060 0
1655532595183290773 0
1655532596184406524 0
1655532597185542975 0
1655532598186635176 0
1655532599187762660 0
1655532600188878507 0
1655532601189994527 0
1655532602191109812 0
1655532603192224588 0
1655532604193340195 0
1655532605194460314 0
1655532606195574153 0
1655532607196670925 0
1655532608197796346 0
1655532609198916052 0
1655532610200033945 0
1655532611201154333 0
1655532612202272477 0
1655532613203390629 0
1655532614204506409 0
1655532615205626926 0
1655532616206743367 0
1655532617207866598 0
1655532618208982431 0
1655532619210097396 0
1655532620211213384 0
1655532621212328245 0
1655532622213441910 0
1655532623214547016 3
1655532624215204380 19
1655532625216339268 30
1655532626217474742 33
1655532627218618973 36
1655532628219071831 48
1655532629220220891 49
1655532630221333372 51
1655532631222457981 50
1655532632223587573 49
1655532633224707125 51
1655532634225836880 47
1655532635226960481 54
1655532636228089431 50
1655532637229234765 52
1655532638230371285 49
1655532639231469331 50
1655532640232598125 52
1655532641233725318 52
1655532642234861737 53
1655532643235653062 48
1655532644236788852 50
1655532645237917653 48
1655532646239048950 53
1655532647240177222 49
1655532648241302873 48
1655532649242401239 55
1655532650243538053 49
1655532651244674429 52
1655532652245775001 50
1655532653246899303 51
1655532654248003179 52
1655532655249128449 50
1655532656250254948 44
1655532657251384444 52
1655532658252519969 53
1655532659253118702 51
1655532660254248801 50
1655532661255377430 57
1655532662256498375 54
1655532663257601566 50
1655532664258701157 49
1655532665259825957 51
1655532666260952592 55
1655532667262088725 56
1655532668262646714 52
1655532669263737749 51
1655532670264869847 51
1655532671265992612 54
1655532672267793388 57
1655532673268935839 49
1655532674270053233 52
1655532675270648032 49
1655532676271776352 50
1655532677272901889 48
1655532678274036594 53
1655532679275156355 54
1655532680276248658 47
1655532681277351862 48
1655532682278482655 53
1655532683279587619 48
1655532684280628443 54
1655532685281721230 49
1655532686282851987 45
1655532687283962573 52
1655532688285087126 58
1655532689285353603 48
1655532690286446319 51
1655532691286605023 53
1655532692287705521 56
1655532693288829959 53
1655532694289953721 55
1655532695291080227 51
1655532696292177128 51
1655532697293316301 50
1655532698294450086 54
1655532699294652826 54
1655532700295785307 49
1655532701295915118 51
1655532702297038729 48
1655532703298162488 53
1655532704298647662 52
1655532705299727571 50
1655532706300856100 50
1655532707301991576 48
1655532708303122063 52
1655532709303431724 53
1655532710304558179 52
1655532711305689585 45
1655532712306814077 52
1655532713307937456 51
1655532714309065984 54
1655532715310167966 38
1655532716311304530 25
1655532717312450411 8
1655532718313585257 0
1655532719314637572 0
1655532720315750405 0
1655532721316878414 0
1655532722318000024 0
