1655530374392724996 0
1655530375393926582 0
1655530376395049746 0
1655530377396169190 0
1655530378397297796 0
1655530379398416911 0
1655530380399534523 0
1655530381400701970 0
1655530382401858321 0
1655530383403023465 0
1655530384404173587 0
1655530385405302094 0
1655530386406431078 0
1655530387407580440 0
1655530388408705794 0
1655530389409832500 0
1655530390410963192 0
1655530391412090091 0
1655530392413215006 0
1655530393414335063 0
1655530394415453092 0
1655530395416572715 0
1655530396417692607 0
1655530397418642530 0
1655530398419767576 0
1655530399420889918 0
1655530400422017644 0
1655530401423147586 0
1655530402424273812 0
1655530403425397395 0
1655530404426520570 0
1655530405427651788 0
1655530406428773040 0
1655530407429884360 6
1655530408431001146 40
1655530409432125033 35
1655530410433252915 40
1655530411434383198 40
1655530412435507940 37
1655530413436634497 40
1655530414437726620 36
1655530415438855537 39
1655530416439972887 40
1655530417441095839 37
1655530418442215959 40
1655530419442654798 38
1655530420443790274 37
1655530421444928651 40
1655530422445748194 39
1655530423446650352 38
1655530424447775564 38
1655530425448904354 40
1655530426450032867 37
1655530427450629803 40
1655530428451754034 37
1655530429452870723 38
1655530430454009354 40
1655530431455150675 37
1655530432456283293 40
1655530433457402051 37
1655530434458528107 40
1655530435459681452 38
1655530436460781726 39
1655530437461910205 38
1655530438463012921 38
1655530439464155006 39
1655530440465295711 38
1655530441466385710 40
1655530442467499304 37
1655530443468624626 40
1655530444469741349 37
1655530445470863461 40
1655530446471991990 38
1655530447473110889 38
1655530448474232741 39
1655530449474644894 38
1655530450475779701 39
1655530451476920939 38
1655530452478048107 39
1655530453479182313 38
1655530454480312568 38
1655530455481440854 39
1655530456482533657 40
1655530457483670809 38
1655530458484792865 38
1655530459485881826 38
1655530460487022009 39
1655530461488156192 39
1655530462489296542 38
1655530463490424788 38
1655530464491556201 39
1655530465492685145 38
1655530466493072637 39
1655530467494204080 38
1655530468495336815 40
1655530469496465839 38
1655530470497606135 38
1655530471498723900 38
1655530472499876704 38
1655530473501001056 40
1655530474502118666 38
1655530475502608864 38
1655530476503738028 39
1655530477504856900 39
1655530478505955081 38
1655530479507081008 38
1655530480508204682 40
1655530481509328137 38
1655530482510459977 38
1655530483511584172 38
1655530484512703755 38
1655530485513830917 40
1655530486514947040 38
1655530487516070834 38
1655530488517195820 38
1655530489518311305 40
1655530490518638091 38
1655530491519780157 39
1655530492520910129 37
1655530493522028013 38
1655530494523152792 40
1655530495524288945 38
1655530496525408951 40
1655530497526533916 19
1655530498527673724 0
1655530499528791305 0
1655530500529914289 0
1655530501531030664 0
1655530502532153498 0