1619566076664396545 2358
1619566076674038659 2753
1619566076713280988 3646
1619566076790973987 3645
1619566076907000416 2359
1619566077080454999 2453
1619566077160825395 2365
1619566077203055729 2890
1619566077369549048 2464
1619566077435545648 3078
1619566077470290150 2270
1619566077722692481 2293
1619566077824171746 2456
1619566078048821144 2351
1619566078104528913 2365
1619566078341641294 2290
1619566078565551711 3496
1619566078675879333 2357
1619566078736140699 2424
1619566078787129096 2383
1619566078801130938 2487
1619566078845485618 3392
1619566078859693987 2830
1619566078923595562 2422
1619566078932512264 2306
1619566078965722788 2480
1619566079017092950 2216
1619566079039982150 2279
1619566079068782054 2647
1619566079128879425 2329
1619566079345144110 3018
1619566079405702255 2519
1619566079853389679 2233
1619566079987075757 2758
1619566080056691384 2403
1619566080061105744 2211
1619566080202489647 2972
1619566080238971965 2241
1619566080376794361 2223
1619566080412882107 2291
1619566080435984369 2942
1619566080465251074 2386
1619566080497268005 2594
1619566080543661506 2543
1619566080609741151 2363
1619566080623640546 2358
1619566080802231734 2403
1619566080878307923 2568
1619566080892183023 2481
1619566080934390067 2509
1619566081151563808 2445
1619566081342878209 3124
1619566081488621794 2541
1619566081524944164 2205
1619566081572690496 2588
1619566081723357918 2444
1619566081727849711 2329
1619566081780149162 2370
1619566081803761235 2769
1619566081842220953 2930
1619566081935927510 2267
1619566081969845448 2424
1619566081978870905 2419
1619566082124693837 2425
1619566082167583934 2325
1619566082199923793 2392
1619566082263093753 2709
1619566082379867532 3110
1619566082512444108 2729
1619566082526612234 2396
1619566082578324021 2409
1619566082659141990 2493
1619566082668889374 2915
1619566082758982636 2449
1619566082840717379 3028
1619566082863498309 2268
1619566082900874348 3238
1619566082929648366 3197
1619566082963339833 2537
1619566082967948911 2414
1619566083034979860 3114
1619566083053900575 2356
1619566083238584775 2412
1619566083253080129 3143
1619566083438421083 2959
1619566083452455138 2455
1619566083607645452 3492
1619566083706256233 2317
1619566083711146352 2708
1619566083730161221 2533
1619566083778075869 2560
1619566083815526607 2581
1619566083921063907 2501
1619566084075933698 2717
1619566084466122604 2508
1619566084752522714 2724
1619566084819939476 2619
1619566084999366986 3294
1619566085079992804 4071
1619566085094617741 2686
1619566085304105663 2514
1619566085337107681 2497
1619566085420045677 2845
1619566085494029524 2339
1619566085691219277 3262
1619566085877599889 2312
1619566085900870985 2358
1619566085986188925 2326
1619566086130935587 2286
1619566086244486461 2292
1619566086548293557 2675
1619566086587205056 2627
1619566086624811626 2473
1619566086639786263 3809
1619566086695601315 2245
1619566086734391228 2319
1619566086855705726 2495
1619566087022923102 2472
1619566087096398953 3562
1619566087159053869 2451
1619566087186952800 2520
1619566087210214795 2338
1619566087300883640 2894
1619566087535273627 2675
1619566087554893167 3569
1619566087718170509 2499
1619566087761003764 2426
1619566087789860880 2545
1619566087877033116 2528
1619566087995769015 2377
1619566088199536964 2435
1619566088289753900 2320
1619566088481473370 2529
1619566088500332584 2415
1619566088524097625 2530
1619566088590656400 2513
1619566088595319286 2471
1619566088599926327 2422
1619566088634230648 2471
1619566088962433175 3077
1619566089110918703 2252
1619566089178544387 2263
1619566089321655954 2586
1619566089599399233 2427
1619566089816054672 2166
1619566089846212790 2557
1619566089950493684 2570
1619566090026170198 2261
1619566090088638043 2577
1619566090284721802 2962
1619566090294045378 2615
1619566090370843571 2834
1619566090522539930 2671
1619566090579883817 3988
1619566090646706227 3023
1619566090661550776 2841
1619566090695069222 2569
1619566090738925990 2652
1619566091169625242 2421
1619566091222363409 3342
1619566091232070251 2377
1619566091241295974 2446
1619566091250376855 2433
1619566091311618311 2490
1619566091396296848 2447
1619566091429168810 2385
1619566091563717417 3099
1619566091625634951 2549
1619566091707002773 2294
1619566091725848852 2376
1619566091735480958 2768
1619566091924386217 2475
1619566092063353270 2406
1619566092110555460 2257
1619566092217230405 2291
1619566092254188221 2316
1619566092450943547 2395
1619566092621441557 2624
1619566092636535928 3169
1619566092841957956 3222
1619566092903199238 2602
1619566092946862258 3038
1619566092970078423 2391
1619566093035944334 2230
1619566093055196542 2424
1619566093113020199 2385
1619566093240049679 2493
1619566093370174091 2772
1619566093413931054 2435
1619566093596088224 2347
1619566093754160243 2381
1619566093836980456 3962
1619566093856539843 2736
1619566093922810577 2455
1619566094014494423 2567
1619566094134549911 2611
1619566094301379926 2498
1619566094311118661 2556
1619566094405781085 2383
1619566094553688877 3418
1619566094706589112 2554
1619566094868146566 2572
1619566094926361515 2728
1619566094940849471 2566
1619566095073372172 2627
1619566095097124316 2514
1619566095291817187 2527
1619566095389470553 2517
1619566095437056760 2556
1619566095480280369 2530
1619566095572189993 2673
1619566095750438459 2981
1619566095870591155 2437
1619566095889728181 2744
1619566095895530190 3599
1619566096019334098 2345
1619566096048536193 2504
1619566096139393514 2664
1619566096228206372 2969
1619566096309308613 2973
1619566096568108451 2524
1619566096688514592 2508
1619566096716749117 2464
1619566096870103173 2598
1619566097051506121 2628
1619566097074857279 2429
1619566097084169324 2447
1619566097197743021 2449
1619566097275447647 2610
1619566097328414119 2688
1619566097338661641 2469
1619566097362459913 2908
1619566097740739500 2365
1619566098120501579 2500
1619566098190940412 2389
1619566098281533133 2475
1619566098453802054 2571
1619566098462916767 2491
1619566098487447576 2551
1619566098496662463 2573
1619566098544138728 2648
1619566098629850964 2539
1619566098738308917 2370
1619566098848026477 2347
1619566098946235686 2665
1619566098955571386 2559
1619566099218445932 2539
1619566099251210594 2914
1619566099336480827 2580
1619566099428371279 2510
1619566099455986188 2489
1619566099560908110 2642
1619566099585096093 2688
1619566099746633984 2549
1619566099877531125 2414
1619566099892580091 2542
1619566099897258414 2480
1619566099915754255 2303
1619566100040260272 2562
1619566100102785246 2601
1619566100226322559 3382
1619566100300112009 2426
1619566100401264777 2447
1619566100693261453 2387
1619566100961947436 3326
1619566101003937367 2530
1619566101037251810 2883
1619566101085381894 2329
1619566101195734899 2369
1619566101460868362 2442
1619566101476179512 2632
1619566101532003967 2983
1619566101679017103 2850
1619566101730854595 2920
1619566101943651550 3564
1619566101957742071 2501
1619566102005932344 2446
1619566102020082904 2523
1619566102116300236 2501
1619566102254911764 2400
1619566102269343449 2492
1619566102385044228 2448
1619566102450003145 2482
1619566102487657721 2472
1619566102497121590 2461
1619566102569200423 2429
1619566102607172015 2453
1619566102712315881 2469
1619566102740328602 2425
1619566102749962781 2716
1619566102759433532 2635
1619566102764076725 2447
1619566102856404094 2468
1619566102942472769 2889
1619566102961334980 2415
1619566102965931803 2539
1619566103086107389 2583
1619566103178040587 2822
1619566103254623384 2614
1619566103434352540 2345
1619566103468166585 2466
1619566103564285819 2224
1619566103594016656 2451
1619566103630770556 2246
1619566103697484451 2389
1619566103741130495 2715
1619566103745983332 2657
1619566103769411741 2492
1619566103778621576 2484
1619566103797359841 2301
1619566103803084704 3532
1619566104083377273 2512
1619566104236299040 2637
1619566104280705312 2650
1619566104923753783 2256
1619566104942561541 2818
1619566105172672033 2479
1619566105233871430 2446
1619566105252217566 2653
1619566105366561386 2514
1619566105371204893 2478
1619566105807822406 2632
1619566105971137620 2607
1619566106062314686 3292
1619566106132894844 2552
1619566106249724634 2879
1619566106268424880 2529
1619566106335422984 2461
1619566106500262110 3304
1619566106509648334 2472
1619566106552267291 2544
1619566106725641672 3002
1619566106783254281 2482
1619566106851535483 2522
1619566106865915956 2480
1619566106884791459 2933
1619566106899681696 2381
1619566106914031364 2393
1619566106927957419 2447
1619566107008754370 2548
1619566107013362393 2418
1619566107090545861 2420
1619566107210235009 2560
1619566107338290222 2395
1619566107404103822 2370
1619566107674821504 2453
1619566107679385199 2366
1619566107817495532 2471
1619566108067705106 2523
1619566108106735261 2530
1619566108201835897 2634
1619566108263381548 2525
1619566108383451409 2400
1619566108440004510 2339
1619566108477432675 3219
1619566108514762268 2499
1619566108619130601 2466
1619566108672750096 2712
1619566108793045966 2445
1619566108947632888 2534
1619566109009369859 2954
1619566109065586216 2529
1619566109113563396 2761
1619566109179425365 2280
1619566109417021525 2525
1619566109537998146 3779
1619566109656223236 2369
1619566109714948903 2383
1619566109830651287 2482
1619566109893518470 3874
1619566109898015673 2304
1619566109994801270 2934
1619566110038422175 4363
1619566110254894508 2684
1619566110321437925 2521
1619566110551926603 2194
1619566110590196460 3097
1619566110651777278 2337
1619566110713939232 2743
1619566110743117059 2385
1619566110757333781 2492
1619566110791280665 2424
1619566110834487328 2710
1619566110839203485 2518
1619566110863874105 2505
1619566110878059618 2605
1619566110911515646 2473
1619566110931457778 2567
1619566110989829347 3505
1619566111056555850 3371
1619566111066704638 2835
1619566111071462079 2559
1619566111157154459 2191
1619566111694551118 2503
1619566111727095084 2518
1619566111756518880 2320
1619566111982341025 2430
1619566112129351141 2442
1619566112156686323 2553
1619566112179898300 2285
1619566112246464059 2525
1619566112307875039 2783
1619566112434350414 2884
1619566112477819238 2320
1619566112487307949 2780
1619566112552289335 2242
1619566112634587361 2856
1619566112639102013 2325
1619566112724146914 2229
1619566112853528451 2889
1619566112872259411 2901
1619566112929103058 2483
1619566112962419900 2399
1619566113074772531 2756
1619566113278381603 2441
1619566113301987326 2391
1619566113372835245 2212
1619566113400842730 2387
1619566113410114686 2470
1619566113567368502 2830
1619566113571910066 2338
1619566113576529098 2428
1619566113594930968 2355
1619566113608694583 2406
1619566113624685993 2945
1619566113629313985 2433
1619566113729331611 2681
1619566113738566892 2466
1619566113903233297 2765
1619566113907846322 2415
1619566114066414856 2428
1619566114091113875 2979
1619566114132820902 2609
1619566114162109279 2260
1619566114190315252 2406
1619566114223889940 2932
1619566114261076021 2408
1619566114299619691 3715
1619566114333129895 2374
1619566114861133673 2418
1619566114922653337 2353
1619566114970309145 2396
1619566115121654104 2310
1619566115135883143 2434
1619566115221520487 2443
1619566115273609056 2469
1619566115355371120 2490
1619566115435431263 2476
1619566115577921104 2609
1619566115601439116 2631
1619566115634816553 2396
1619566116155430920 2512
1619566116193979213 2457
1619566116247406556 2787
1619566116251952711 2349
1619566116300316203 2589
1619566116352617640 2561
1619566116376213294 2321
1619566116418659215 2596
1619566116710147892 2528
1619566116845204612 2532
1619566116908077971 2433
1619566116998814213 2525
1619566117042793900 3385
1619566117061930909 2667
1619566117080579391 2470
1619566117251940657 2588
1619566117333568515 2719
1619566117339259055 3483
1619566117363689883 2637
1619566117391965232 2570
1619566117739221736 2608
1619566117772025040 2911
1619566117882099602 2583
1619566117945016365 2549
1619566118002485235 3367
1619566118045426184 2433
1619566118252606491 2569
1619566118304154858 2471
1619566118356604320 2419
1619566118426874951 2496
1619566118473550630 2878
1619566118689648785 3271
1619566118723191595 2445
1619566118742316798 2980
1619566119047946360 2406
1619566119086404012 2886
1619566119171710113 2452
1619566119225323346 2514
1619566119250008866 2652
1619566119355507372 2400
1619566119388207784 2494
1619566119427514407 2601
1619566119441508713 2406
1619566119504261562 2386
1619566119546797396 2487
1619566119556787950 2558
1619566120041537146 2557
1619566120070637440 2656
1619566120089416479 2838
1619566120146041639 2396
1619566120265477830 2539
1619566120279428984 2352
1619566120308288202 2439
1619566120337337405 2653
1619566120449045921 2430
1619566120511471981 2887
1619566120539628834 2439
1619566120544345661 2551
1619566120673611175 2791
1619566120706093727 2597
1619566120725335520 2520
1619566120778613209 2624
1619566120821955344 2598
1619566120874409843 2416
1619566120955217025 2533
1619566121036266372 2806
1619566121146132883 2661
1619566121280262616 2339
1619566121304458492 2865
1619566121323596809 3119
1619566121652985789 2447
1619566121737534745 2121
1619566121837947271 2416
1619566121866664767 2495
1619566122212103594 3966
1619566122316559461 2500
1619566122374168249 2439
1619566122474133882 2484
1619566122565553371 2861
1619566122770664793 2425
1619566123011492497 3067
1619566123082848028 2652
1619566123189587320 2639
1619566123403845491 3086
1619566123542416490 2508
1619566123688895524 2279
1619566123698519874 2509
1619566123936534133 2865
1619566123969525432 2401
1619566123989842651 4010
1619566124055250380 2374
1619566124117475149 2440
1619566124204065581 2650
1619566124232156182 2356
1619566124471599823 2457
1619566124793726665 2829
1619566124817309718 2407
1619566124894046478 2568
1619566125069731424 2558
1619566125079786431 3173
1619566125094120574 2401
1619566125275649044 3591
1619566125322645745 2595
1619566125381942538 2598
1619566125391373637 2551
1619566125395967376 2410
1619566125435445208 2527
1619566125478002317 2532
1619566125482571945 2403
1619566125511524247 2419
1619566125530554117 2717
1619566125631636193 2438
1619566125727042249 2596
1619566125745763642 2530
1619566125880535371 2502
1619566125900922093 2558
1619566125949432366 2652
1619566126002830217 2495
1619566126046017998 2557
1619566126074425675 2654
1619566126079113673 2480
1619566126178230316 2453
1619566126208374421 2709
1619566126331027474 2371
1619566126405346031 3866
1619566126437817074 2502
1619566126462832812 2542
1619566126738315336 2581
1619566126853104671 2439
1619566126877190950 2855
1619566126972139709 2445
1619566127277687136 2527
1619566127296924861 2919
1619566127365000084 2501
1619566127383583809 2459
1619566127389239920 3473
1619566127460582850 3244
1619566127534796610 2307
1619566127549294334 2447
1619566127654120406 2558
1619566128018808491 2542
1619566128176850718 3530
1619566128227878681 2523
1619566128414048852 2749
1619566128594513151 2580
1619566128852267874 2313
1619566128982091000 2346
1619566129081742513 2586
1619566129213368089 2490
1619566129222499735 2362
1619566129294115253 2660
1619566129415881606 2434
1619566129430117673 2377
1619566129586994952 2264
1619566129747537318 2417
1619566129862570375 2408
1619566129901576633 2471
1619566129915885627 2533
1619566129925604900 2732
1619566129964162927 2844
1619566129978650866 2639
1619566130197947821 2434
1619566130344788626 2749
1619566130382508202 2441
1619566130587867492 2304
1619566130602004269 2298
1619566130740798185 2210
1619566130749828451 2350
1619566130793611846 2269
1619566130803085477 2824
1619566130832601718 3802
1619566130875715865 2619
1619566130880597228 2722
1619566130923854756 2653
1619566130962576391 2595
1619566131193161991 2507
1619566131686416030 2584
1619566131710923960 2495
1619566131725644603 2604
1619566131861258731 2584
1619566131875438607 2894
1619566131947005076 2320
1619566132155423256 2566
1619566132226379632 2655
1619566132316659087 2549
1619566132409889042 2665
1619566132452557862 3185
1619566132466507895 2456
1619566132634474093 3689
1619566132753483141 2616
1619566133200725411 2674
1619566133263139427 2587
1619566133395143714 2567
1619566133447779878 2402
1619566133580216076 2480
1619566133599388750 2610
1619566133613323331 2420
1619566133940915455 2517
1619566133954868978 2455
1619566134206004420 2397
1619566134215148666 2476
1619566134219663261 2332
1619566134266267697 2380
1619566134300206098 2926
1619566134368874107 2454
1619566134540037984 2585
1619566134597060987 2605
1619566134731702991 2448
1619566134779923693 3536
1619566134870123653 2376
1619566134893842849 2439
1619566134984055925 2928
1619566135007977102 2897
1619566135046165806 2492
1619566135282175274 2496
1619566135296199397 2510
1619566135335559334 2694
1619566135428258433 2278
1619566135494961224 2435
1619566135625005503 3830
1619566135671316725 2876
1619566135772188003 2436
1619566135969237350 3359
1619566136016370284 2301
1619566136081477465 2461
1619566136096501539 2872
1619566136116101949 3112
1619566136363763822 2433
1619566136374326925 2394
1619566136464830444 2724
1619566136511428565 2849
1619566136563992930 2286
