1656104881231815683 0
1656104882233019100 0
1656104883234145431 0
1656104884235116154 0
1656104885236124281 0
1656104886237410009 0
1656104887238535620 0
1656104888240050983 0
1656104889241298506 0
1656104890242429594 0
1656104891243554778 0
1656104892244391698 0
1656104893245225099 0
1656104894246375878 0
1656104895247378083 0
1656104896248406623 0
1656104897249386709 0
1656104898250408115 0
1656104899251274137 0
1656104900252523005 0
1656104901253412880 0
1656104902254528913 0
1656104903255467756 0
1656104904256664203 0
1656104905257813449 0
1656104906258775751 0
1656104907259638011 0
1656104908260775672 0
1656104909261909859 0
1656104910263389110 0
1656104911264633203 0
1656104912265757859 0
1656104913266873619 0
1656104914267999860 0
1656104915269120336 0
1656104916270245026 0
1656104917271364542 0
1656104918272286915 0
1656104919273378642 0
1656104920274966119 0
1656104921275389587 0
1656104922276555455 26
1656104923277378903 142
1656104924278499433 180
1656104925279437432 181
1656104926280552235 171
1656104927281383274 185
1656104928282398207 166
1656104929283536521 181
1656104930284378733 173
1656104931285386702 172
1656104932286381863 178
1656104933287394740 179
1656104934288615336 176
1656104935289762914 178
1656104936290826977 168
1656104937291412329 173
1656104938292384405 179
1656104939293614602 173
1656104940294532810 173
1656104941295902222 176
1656104942296929834 175
1656104943297777592 178
1656104944299179525 172
1656104945300381590 175
1656104946301531333 176
1656104947302409142 172
1656104948303654331 172
1656104949304376696 171
1656104950305815919 173
1656104951306486302 179
1656104952307714408 181
1656104953308623135 180
1656104954309990964 182
1656104955311286741 176
1656104956312465372 175
1656104957313398860 175
1656104958314397585 170
1656104959315636012 174
1656104960316829767 174
1656104961317970152 178
1656104962318398929 173
1656104963319377313 177
1656104964320387394 175
1656104965321383289 178
1656104966322391292 170
1656104967323381634 171
1656104968324887636 171
1656104969325396152 173
1656104970326400087 172
1656104971327389167 177
1656104972334387733 176
1656104973335370004 178
1656104974336375443 181
1656104975337405555 175
1656104976338372863 175
1656104977339383118 173
1656104978340365675 174
1656104979341366534 169
1656104980342466835 174
1656104981343374846 179
1656104982344388467 132
1656104983345461585 12
1656104984346929925 0
1656104985348458924 0
1656104986348665031 0
1656104987349590368 0
