1656105012213291690 0
1656105013214442794 0
1656105014215567129 0
1656105015216680863 0
1656105016217801865 0
1656105017218906233 0
1656105018220019391 0
1656105019221125669 0
1656105020221828281 0
1656105021222926727 0
1656105022226537105 0
1656105023227652486 0
1656105024228814150 0
1656105025230123338 0
1656105026231319387 0
1656105027231625247 0
1656105028232740175 0
1656105029234064327 0
1656105030235183095 0
1656105031236295668 0
1656105032237442585 0
1656105033238559359 0
1656105034239684369 0
1656105035241016850 0
1656105036242128353 0
1656105037243245680 0
1656105038244355616 0
1656105039244822103 0
1656105040245934455 0
1656105041246605761 0
1656105042247724335 0
1656105043248908767 0
1656105044250029878 0
1656105045251154155 0
1656105046252263016 0
1656105047253385108 0
1656105048254507833 17
1656105049255093153 120
1656105050256088800 170
1656105051256912561 169
1656105052257810163 178
1656105053258815330 173
1656105054259927555 171
1656105055261116464 180
1656105056262110623 171
1656105057263322031 177
1656105058263814833 172
1656105059265022293 180
1656105060265826487 170
1656105061266826601 178
1656105062267817431 167
1656105063268819305 182
1656105064269809400 176
1656105065271089738 171
1656105066272241772 172
1656105067275612692 176
1656105068276827987 175
1656105069277821597 166
1656105070278822190 173
1656105071279897396 172
1656105072280820322 183
1656105073281852224 169
1656105074283164331 181
1656105075284757202 177
1656105076286165656 173
1656105077286983801 173
1656105078288185717 167
1656105079289640665 177
1656105080290819292 180
1656105081291830416 174
1656105082292830245 177
1656105083293813916 175
1656105084294843712 170
1656105085295990752 170
1656105086297250218 168
1656105087297995185 171
1656105088299464025 174
1656105089300197087 174
1656105090301218881 172
1656105091301838030 168
1656105092302831948 178
1656105093303825734 174
1656105094304981316 174
1656105095306093229 177
1656105096307064591 177
1656105097308191102 171
1656105098309340486 174
1656105099310126141 171
1656105100311884564 175
1656105101312813828 181
1656105102314003398 181
1656105103314833067 177
1656105104315819869 174
1656105105316838877 173
1656105106319843806 173
1656105107320817695 174
1656105108323019193 155
1656105109323487230 32
1656105110324669678 0
1656105111325892996 0
1656105112326817384 0
1656105113328031312 0
