1656105138168045160 0
1656105139168456477 0
1656105140168690313 0
1656105141168957196 0
1656105142169230435 0
1656105143169472993 0
1656105144169687941 0
1656105145169892405 0
1656105146170120191 0
1656105147170359124 0
1656105148171507431 0
1656105149172644226 0
1656105150173874848 0
1656105151175125738 0
1656105152176361413 0
1656105153177611177 0
1656105154178737466 0
1656105155179980524 0
1656105156181110950 0
1656105157182247881 0
1656105158182899341 0
1656105159184022654 0
1656105160185142009 0
1656105161186458146 0
1656105162187589348 0
1656105163188379961 0
1656105164189510191 0
1656105165190786474 0
1656105166191906019 0
1656105167193154506 0
1656105168194284275 0
1656105169194750613 0
1656105170195877673 0
1656105171197006059 0
1656105172198130966 0
1656105173199258656 54
1656105174200405295 129
1656105175201541176 150
1656105176202386945 162
1656105177203525122 172
1656105178204121707 162
1656105179205375772 170
1656105180206386158 170
1656105181207676389 161
1656105182208377998 171
1656105183209528135 166
1656105184210656656 177
1656105185211909623 162
1656105186212729540 170
1656105187213466785 175
1656105188214391090 173
1656105189215390213 168
1656105190216385877 170
1656105191217640961 173
1656105192218774731 171
1656105193219405408 168
1656105194220388891 165
1656105195221405777 173
1656105196222381409 168
1656105197223381281 169
1656105198224391172 157
1656105199226097110 176
1656105200226445955 166
1656105201227372961 166
1656105202228371288 172
1656105203229411932 181
1656105204230683929 170
1656105205231387429 171
1656105206232363880 175
1656105207233378305 160
1656105208234373853 170
1656105209235115939 173
1656105210236270923 170
1656105211237552522 164
1656105212238556900 172
1656105213239406628 173
1656105214241377231 170
1656105215242370258 171
1656105216243617449 167
1656105217244382061 168
1656105218245366911 165
1656105219246383940 168
1656105220247376979 165
1656105221248372790 178
1656105222249675558 172
1656105223250598452 168
1656105224251388482 166
1656105225252376052 169
1656105226253403721 166
1656105227254498705 158
1656105228255389504 170
1656105229256368361 169
1656105230257391528 172
1656105231258377096 169
1656105232259369231 173
1656105233260383462 151
1656105234261407455 84
1656105235262528172 20
1656105236263653053 0
1656105237264723940 0
1656105238265386372 0
1656105239266591777 0
