1656104634896307606 0
1656104635897534984 0
1656104636898676915 0
1656104637899383646 0
1656104638900386567 0
1656104639901514175 0
1656104640902688907 0
1656104641903822728 0
1656104642904996693 0
1656104643905405832 0
1656104644906805055 0
1656104645907955116 0
1656104646909083645 0
1656104647910210080 0
1656104648911393180 0
1656104649912383878 0
1656104650913502540 0
1656104651914630872 0
1656104652915975701 0
1656104653917423744 0
1656104654918654005 0
1656104655919955843 0
1656104656921114053 0
1656104657922293315 0
1656104658923424677 0
1656104659924385817 0
1656104660925536738 0
1656104661926781773 0
1656104662928018744 0
1656104663929346540 0
1656104664930468334 0
1656104665931588503 0
1656104666932762107 0
1656104667933897671 1
1656104668934386097 48
1656104669935399319 48
1656104670936521192 48
1656104671937372106 51
1656104672938493121 53
1656104673940127125 48
1656104674941367345 48
1656104675942399198 48
1656104676943377077 49
1656104677944393313 48
1656104678945539697 55
1656104679946674061 48
1656104680947381124 49
1656104681948697555 48
1656104682949420292 48
1656104683950537008 55
1656104684951380312 49
1656104685952527310 48
1656104686953645303 48
1656104687954880686 48
1656104688956179943 51
1656104689956378924 52
1656104690957397547 49
1656104691958514186 48
1656104692959375673 51
1656104693960467970 49
1656104694961389128 48
1656104695962494446 52
1656104696963417872 48
1656104697964362331 52
1656104698965467612 48
1656104699966628173 48
1656104700967406376 48
1656104701968544084 52
1656104702969379055 48
1656104703970489148 52
1656104704971414403 48
1656104705972543922 48
1656104706973496675 52
1656104707974399244 48
1656104708975393258 48
1656104709976637091 52
1656104710977403701 48
1656104711978950146 48
1656104712979397604 52
1656104713980560783 48
1656104714981728568 52
1656104715982396838 48
1656104716983384699 48
1656104717984471280 48
1656104718985604045 52
1656104719986718312 52
1656104720987871279 48
1656104721989013738 48
1656104722990406059 48
1656104723991367832 54
1656104724992389364 50
1656104725993645657 48
1656104726994410184 48
1656104727995541379 41
1656104728996508871 0
1656104729997849072 0
1656104730998393670 0
1656104731999610574 0
