1619379768976229817 3330
1619379769976204765 2121
1619379770976204316 2259
1619379771976289764 2537
1619379772976173008 2897
1619379773976276529 3015
1619379774976278743 3098
1619379775976251370 3494
1619379776976237979 3648
1619379777976292580 3562
1619379778976261231 3519
1619379779976297720 3703
1619379780976260150 3716
1619379781976275871 3719
1619379782976270836 3801
1619379783976236171 3689
1619379784976252350 3828
1619379785976317845 3806
1619379786976311920 3538
1619379787976299646 3684
1619379788976315544 3676
1619379789976224689 3612
1619379790976203593 3727
1619379791976223906 3573
1619379792976258203 3345
1619379793976287173 3678
1619379794976206550 3628
1619379795976259995 3693
1619379796976270157 3675
1619379797976342790 3615
1619379798976292475 3662
1619379799976251538 3737
1619379800976206969 3560
1619379801976287556 3678
1619379802976274718 3681
1619379803976273985 3735
1619379804976187324 3544
1619379805976246607 3614
1619379806976245463 3649
1619379807976191032 3589
1619379808976255247 3675
1619379809976249384 3735
1619379810976213466 3591
1619379811976214137 3654
1619379812976369165 3565
1619379813976247923 3581
1619379814976204093 3507
1619379815976259260 3545
1619379816976291024 3670
1619379817976224661 3566
1619379818976197604 3517
1619379819976223214 3691
1619379820976267209 3569
1619379821976220813 3606
1619379822976257162 3526
1619379823976283083 3566
1619379824976271488 3767
1619379825976252743 3550
1619379826976246482 3617
