1619377396490405567 3111
1619377397490409087 2055
1619377398490412231 2294
1619377399490342334 2600
1619377400490323982 2908
1619377401490370945 3074
1619377402490400081 3325
1619377403490351490 3409
1619377404490324399 3575
1619377405490276286 3827
1619377406490362718 3642
1619377407490334163 3750
1619377408490266999 3671
1619377409490348908 3780
1619377410490459523 3694
1619377411490332338 3748
1619377412490282696 3668
1619377413490266588 3969
1619377414490394967 3795
1619377415490363408 3896
1619377416490259166 3707
1619377417490369698 3727
1619377418490358090 3660
1619377419490273584 3665
1619377420490394218 3713
1619377421490294962 3723
1619377422490296233 3899
1619377423490307383 3791
1619377424490388228 3828
1619377425490321820 3748
1619377426490358798 3660
1619377427490318577 3571
1619377428490250274 3640
1619377429490302755 3707
1619377430490290207 3830
1619377431490359627 3800
1619377432490355632 3673
1619377433490324655 3957
1619377434490312077 3853
1619377435490382554 3776
1619377436490359133 3810
1619377437490351815 3704
1619377438490293044 3670
1619377439490319790 3871
1619377440490275036 3798
1619377441490262937 3711
1619377442490304381 3773
1619377443490365525 3753
1619377444490329286 3804
1619377445490361687 3519
1619377446490337740 3684
1619377447490251894 3806
1619377448490352139 3683
1619377449490359475 3674
1619377450490320888 3629
1619377451490280345 3546
1619377452490262285 3694
1619377453490358156 3772
1619377454490376935 3660
