1654499807816059268 507831585
1654499810726863514 291025948
1654499819108550732 7902457782
1654499826323182750 1930493604
1654499827737249887 1413669170
1654499832028758674 4290545283
1654499834731854907 2499370392
1654499876836918737 2311438816
1654499878034100555 1196742424
1654499882033629041 426216262
1654499884322132145 1612605456
1654499884805423261 411438184
1654499885728270212 513027765
1654499887329161791 1412784847
1654499894827820958 7498093257
1654499897497253884 1756651447
1654499903016731899 593487881
1654499911040295031 8023218684
1654499918493529001 3568818939
1654499921813411187 1178955209
1654499928122846154 2601760355
1654499932606283924 4102911030
1654499934935909851 412318319
1654499943402863626 8262794660
1654499966696979245 1204027454
1654499970114782120 405023088
1654499972139428613 2018835927
1654499977230313709 829264643
1654499986393178508 4650877836
1654499987119695078 725527066
1654499994116281334 800595461
1654499999730296670 1310986922
1654500001399225903 1668380585
1654500004093794457 273016823
1654500005996145463 1901873551
1654500015106320784 1407195384
1654500031914244843 16414496069
1654500035099422534 476914033
1654500035624581850 316858266
1654500047909175573 8269690615
1654500065328285253 15521952564
