1619574599554839604 6359
1619574599574834156 5070
1619574599627780719 7455
1619574599906776472 6154
1619574600066931760 4322
1619574600303846288 7264
1619574600545921857 7125
1619574600597231224 3571
1619574600650041879 5908
1619574600685552549 3499
1619574600828036932 4563
1619574600864239056 3413
1619574601022776266 6735
1619574601140483638 4726
1619574601379295824 6257
1619574601539507037 5938
1619574602079212313 4864
1619574602262963872 5290
1619574602340762585 6049
1619574602347460249 4658
1619574602555830911 3576
1619574602742160219 6153
1619574603080989232 7618
1619574603423168793 7304
1619574603745660821 7328
1619574603821857541 6470
1619574603979538870 3955
1619574604084492220 7217
1619574604252968824 5838
1619574604274753561 6569
1619574604300233418 6283
1619574604329798847 6180
1619574604519438005 6031
1619574604534098115 6559
1619574604663926955 2429
1619574604775603638 10257
1619574605492745911 5451
1619574605681584284 4866
1619574605980088592 4144
1619574606029397409 4898
1619574606062199943 9600
1619574606155522697 5591
1619574606200790168 6266
1619574606367395978 6643
1619574606432081313 7057
1619574606490013485 9334
1619574606548406254 4747
1619574607563456228 6807
1619574607768759647 6501
1619574607872513245 5933
1619574607906966104 3289
1619574608574502069 3863
1619574608609643550 5883
1619574608809955174 7897
1619574609045580707 5400
1619574609058977546 3904
1619574609179652280 4723
1619574609625041702 5444
1619574609891537140 3915
1619574609987197601 3896
1619574610046414598 4487
1619574610157199726 5362
1619574610255270393 5479
1619574610284887358 3843
1619574610320814904 4379
1619574610543647376 8578
1619574610760818966 8812
1619574610836734241 5074
1619574610956391829 6019
1619574610999521830 4026
1619574611093668506 4380
1619574611432396954 6544
1619574611504149768 5197
1619574611511406165 5215
1619574611654699549 4906
1619574611765300583 4773
1619574611783989365 3732
1619574612082855611 7798
1619574612608944385 6237
1619574612658244418 5181
1619574612756469165 4161
1619574612776812314 4599
1619574613071693886 4101
1619574613202176912 6678
1619574613334875845 5055
1619574613845123748 6636
1619574613905492005 4589
1619574614125840854 4600
1619574614146579967 4244
1619574614519679556 2383
1619574614555650442 4802
1619574614782428804 5433
1619574614841612970 3900
1619574615026940409 4277
1619574615032663065 3659
1619574615056190734 5909
1619574615115020841 4120
1619574615579976349 6461
1619574615696714082 7382
1619574615887874196 4036
1619574615985295709 13604
1619574616011380650 4918
1619574616017962247 4480
1619574616040033266 3920
1619574616105557757 5853
1619574616113412123 5798
1619574616191496965 5067
1619574616267238307 5146
1619574616327933843 8298
1619574616363248733 4550
1619574616408369463 6156
1619574616576564436 5114
1619574616599847024 3522
1619574616737798651 5756
1619574616746106004 6274
1619574616922921692 5089
1619574616988437904 5208
1619574617025500347 3990
1619574617235498445 4969
1619574617413077151 5744
1619574617561838342 5128
1619574617649616505 3044
1619574617814959931 3741
1619574617821411819 4427
1619574617879069840 4371
1619574618055314798 3795
1619574618165899736 3134
1619574618251720188 3834
1619574618352409474 3569
1619574618524826360 4904
1619574618638035850 5311
1619574618743762723 4502
1619574618753900681 8101
1619574619113916877 6214
1619574619129892993 5546
1619574619226764279 11371
1619574619253950931 3817
1619574619271313093 6768
1619574619585609843 9143
1619574619764530281 5266
1619574619789631493 4615
1619574619946743657 4046
1619574619996063329 4750
1619574620166701387 4984
1619574620263853205 5525
1619574620532915521 3703
1619574620543925908 3898
1619574620619534258 4960
1619574620701815436 6617
1619574620746566633 4058
1619574621124016069 7777
1619574621149511866 5146
1619574621714859114 5053
1619574621926454649 8358
1619574622003443037 4458
1619574622189178571 4327
1619574622341707253 5184
1619574622495302583 5525
1619574623092213867 3987
1619574623444752596 5901
1619574623495235956 6251
1619574623890945175 5013
1619574623913361316 14527
1619574624128714856 4561
1619574624331597150 4192
1619574624464015845 9523
1619574624852169842 4459
1619574624908144873 7457
1619574625077825930 4135
1619574625276201078 3953
1619574625332483839 4886
1619574625349034888 5101
1619574625448524859 5191
1619574625553773470 4398
1619574625560783942 4936
1619574626003867488 5315
1619574626094308910 4144
1619574626125824839 4782
1619574626214377516 5071
1619574626307930281 3391
1619574626364892424 7199
1619574626380249817 6416
1619574626403553579 5562
1619574626810892442 6329
1619574626856024909 7351
1619574626899706269 4646
1619574627093417291 4787
1619574627101096637 5646
1619574627595700187 7119
1619574627938015387 3933
1619574627952489982 4270
1619574628177916004 4840
1619574628454508198 9688
1619574628731730752 4202
1619574628885737069 4859
1619574628991610440 4525
1619574629201544901 5546
1619574629545906734 4404
1619574629683531650 8895
1619574629715439327 4700
1619574629995132557 4719
1619574630083717317 4761
1619574630159346397 5031
1619574630350252617 4761
1619574630535849622 4480
1619574630613133141 7640
1619574630714411309 6000
1619574630760230809 7844
1619574630819961175 4117
1619574630898962938 4579
1619574630929358762 5761
1619574631035993577 5309
1619574631102975945 8024
1619574631188901394 6621
1619574631323636375 4535
1619574631428544952 5557
1619574631745245671 6958
1619574632171703267 5249
1619574632462181178 6336
1619574632476519700 4860
1619574632520720529 4742
1619574632720892116 4636
1619574632893966356 5561
1619574633086106991 5542
1619574633177248319 4119
1619574633294532316 4939
1619574633418419212 8785
1619574633475258357 5084
1619574633639511816 6291
1619574633667197441 4796
1619574633674256239 4866
1619574634253600460 4628
1619574634365836585 7918
1619574634934242485 9866
1619574635013357901 9870
1619574635094494611 11212
1619574635147509092 8156
1619574635161291177 3502
1619574635392571192 5414
1619574635499440778 6113
1619574635599394567 4014
1619574635607725076 6300
1619574635672546858 4038
1619574635804414625 5647
1619574636229390135 8151
1619574636366195612 6007
1619574636632605615 7044
1619574636798441842 5028
1619574636959160192 6167
1619574637402782856 5407
1619574637706253080 7807
1619574638619735165 4077
1619574638683282706 6666
1619574638785199835 4835
1619574638856043467 5987
1619574638895726163 4959
1619574638938062472 4899
1619574639175127835 3840
1619574639279165628 4334
1619574639354611031 4102
1619574639552313579 4988
1619574639664506537 6740
1619574639896600595 4865
1619574640104768852 4426
1619574640129682506 5494
1619574640202477277 5322
1619574640461727634 5964
1619574640536054321 6350
1619574640728998741 6289
1619574640832183844 8045
1619574640909830316 5431
1619574640931669983 7075
1619574641086882226 5113
1619574641131740275 5119
1619574641191243033 4636
1619574641223765462 6783
1619574641513030676 4790
1619574641533632992 5109
1619574641562970633 3945
1619574641876997621 2808
1619574641914115791 6277
1619574642234716384 8762
1619574642246684816 3734
1619574642299022759 3872
1619574642401367018 5285
1619574642692473663 3705
1619574642914407919 13855
1619574642941194096 4879
1619574643063050087 5603
1619574643217367855 4258
1619574643248066356 5019
1619574643645702568 5380
1619574643760750065 5299
1619574643799105630 3721
1619574643864597277 5913
1619574643879997329 3614
1619574644098797189 5096
1619574644175966945 6488
1619574644291973865 5830
1619574644490613770 6202
1619574644523624021 3874
1619574644544756124 4553
1619574644644865705 4554
1619574644890161853 3636
1619574645029591568 4146
1619574645428597886 5238
1619574645529596093 4184
1619574646089329903 6010
1619574646168015026 4537
1619574646201762983 6548
1619574646268362106 4521
1619574646297224239 5622
1619574646489528114 3569
1619574646724364146 4463
1619574646908110449 4696
1619574647010381748 5258
1619574647333139750 5523
1619574647770556367 5318
1619574647936053802 4853
1619574647949395008 4248
1619574647955662499 4128
1619574647973222967 5102
1619574648104789923 5740
1619574648324919374 3722
1619574648427822053 4449
1619574648469658698 8296
1619574648546853683 5418
1619574648555518829 6554
1619574648725476624 4184
1619574648940343746 3935
1619574649013111903 8770
1619574649120212320 3500
1619574649431042881 4359
1619574649528220705 4484
1619574649574903975 4956
1619574649705133929 7198
1619574649806424267 7733
1619574649931896146 4103
1619574649938502868 4507
1619574649977480924 6510
1619574650100576950 6906
1619574650256391336 3719
1619574650391971338 6894
1619574650679116409 2922
1619574650723776267 2138
1619574650765167569 6395
1619574650809713867 6217
1619574651273897775 8232
1619574651333199140 4184
1619574651422302401 8580
1619574651467175237 6628
1619574651711084589 4766
1619574651746178983 6532
1619574651818873299 4591
1619574651871642886 5537
1619574651958682369 4038
1619574652012147550 6172
1619574652685396440 5432
1619574652722704334 4562
1619574652846525138 4452
1619574653338587626 4753
1619574653463701364 8908
1619574653477607831 6075
1619574653711501333 12169
1619574653746343064 4342
1619574653774752752 4482
1619574653931767991 4930
1619574654380522677 5312
1619574654449419827 6191
1619574654484198199 7873
1619574654527244401 5785
1619574654580963957 6190
1619574654729449732 4216
1619574654822572074 7823
1619574654838630975 6576
1619574655047838931 7534
1619574655064667270 4995
1619574655098313254 5172
1619574655321704416 6897
1619574655357780005 3609
1619574655875862125 7759
1619574656294770657 5780
1619574656658618649 3787
1619574656715951109 4451
1619574657120052205 3660
1619574657129025714 6844
1619574657181491119 4399
1619574657215767529 14037
1619574657250541398 5735
1619574657928574393 5645
1619574658183974749 4889
1619574658396334244 4763
1619574658587714834 6907
1619574658861620429 3612
1619574659106051519 13205
1619574659236397299 4007
