1619574843201504715 6065
1619574843226050704 6956
1619574843433692231 5318
1619574843474691790 6986
1619574843553564959 6559
1619574843841498097 7151
1619574843875033688 4357
1619574844243661585 7379
1619574844275721223 10993
1619574844568424446 8150
1619574844927974399 7112
1619574845225644748 8482
1619574845338302159 4694
1619574845466860781 6382
1619574845609773581 40124
1619574845646184871 6516
1619574846246667762 5749
1619574846271659495 5742
1619574846352033341 6101
1619574846434925173 4899
1619574846751734390 4995
1619574847147187133 9461
1619574847530727641 7273
1619574847625818249 7861
1619574847731655372 6912
1619574848055095981 8074
1619574848241465438 3705
1619574848663428525 4550
1619574848712660965 24169
1619574848994790628 7501
1619574849379237345 9937
1619574849912538455 12698
1619574850011699562 21843
1619574850036843966 5999
1619574850282256896 6795
1619574850353437160 6017
1619574850675615461 5437
1619574851158736535 4622
1619574851481589046 7021
1619574851522358976 4546
1619574851556534790 6753
1619574851660411145 7343
1619574851791067758 10747
1619574851862835392 5177
1619574851955271497 12776
1619574852656112430 7791
1619574852664879486 6616
1619574852835395350 5389
1619574852851492949 6631
1619574852975468533 5296
1619574853030302210 6133
1619574853089605026 6569
1619574853230986202 7723
1619574853337660284 6356
1619574853379385789 5416
1619574853534767963 8492
1619574853585631009 7493
1619574853593617820 5941
1619574853685121287 7588
1619574853829212859 6424
1619574853930918205 5334
1619574853955883836 9799
1619574854274400881 5016
1619574854547074211 7171
1619574854612628045 15621
1619574854671485324 5873
1619574855329327459 11380
1619574855644990343 4943
1619574855839988491 6643
1619574856122960372 5433
1619574856780324159 5738
1619574856847489837 8241
1619574857282489998 6249
1619574857486190845 7459
1619574857492819056 4500
1619574857771008028 7077
1619574858034805237 4030
1619574858690318459 4925
1619574858863456379 3164
1619574858930710780 7321
1619574858944948089 4948
1619574859021672585 5640
1619574859491259205 6213
1619574859517994003 4481
1619574859641241516 5412
1619574859676353460 5174
1619574859707911644 5752
1619574859840561177 10123
1619574860153665518 8925
1619574860161344520 5606
1619574860200761192 8293
1619574860830692143 4859
1619574860888663029 5085
1619574860905395822 6083
1619574860931193910 3891
1619574860999946595 5155
1619574861121894388 5575
1619574861466695258 6476
1619574861752105601 6359
1619574862385804656 7426
1619574862495739285 5899
1619574862835933731 7083
1619574862933422138 3479
1619574863020776706 5768
1619574863278519461 9708
1619574863328488345 8669
1619574863335185218 4607
1619574863487712530 6994
1619574863535274705 4777
1619574863780973221 5081
1619574864139297345 6206
1619574864542037472 4173
1619574864566775181 4835
1619574864669936767 4787
1619574864803739029 5813
1619574864853769309 6222
1619574864905418916 5122
1619574865057641936 6793
1619574865430729803 6717
1619574865456425647 5992
1619574865715094435 11451
1619574865819454915 4498
1619574865834270885 4791
1619574866139078579 6702
1619574866147438941 6313
1619574866264604503 6599
1619574866625243755 5833
1619574866927107160 6254
1619574867059261209 5138
1619574867209665364 13528
1619574867359986497 6015
1619574867533191398 7264
1619574867637919647 5265
1619574867683379565 7531
1619574867841236303 9221
1619574868251911638 4580
1619574868354632596 5630
1619574868736337684 4133
1619574869130028681 7569
1619574869286307476 4720
1619574869417069239 4442
1619574870151656791 7417
1619574870505356718 5542
1619574870540405012 4006
1619574870583713174 5352
1619574870986132743 4629
1619574871123919826 6174
1619574871157861201 5036
1619574871231478900 7551
1619574871362011193 6161
1619574871371692083 7581
1619574871979152824 5899
1619574872121545313 5177
1619574872201872535 8202
1619574872593919347 7399
1619574872917390134 4684
1619574873249376432 6362
1619574873267777471 4532
1619574873636347236 6534
1619574873645549183 7153
1619574875017958838 3987
1619574875246196774 5370
1619574875274066850 4665
1619574875282793750 6681
1619574876154186388 5929
1619574876161027540 4791
1619574876219458901 7608
1619574876293008274 6560
1619574876322902033 5290
1619574876523088845 7336
1619574877042888488 6611
1619574877134129080 6366
1619574877253831789 3233
1619574877540391570 5797
1619574877605523024 9684
1619574877677246390 4614
1619574878022930086 9134
1619574878298189907 9370
1619574878428933580 5151
1619574878490650663 5606
1619574878668414429 6041
1619574878829182270 6785
1619574879194147446 5574
1619574879350828610 5683
1619574879495445368 5576
1619574879504717906 7138
1619574879529228492 11359
1619574879714250127 7937
1619574879747747103 4542
1619574879980115927 8879
1619574880344609737 6019
1619574880485479587 7639
1619574880584856505 6521
1619574880652807120 7399
1619574880667660062 5587
1619574880683344380 4004
1619574880691602776 6198
1619574880963542925 5441
1619574881012927683 11387
1619574881379185304 5048
1619574881524585286 5509
1619574881602134501 6656
1619574881640410919 7492
1619574881673343428 4882
1619574881773936787 4552
1619574881938458881 7881
1619574882089675671 6943
1619574882133883448 5737
1619574882160217486 5974
1619574882244093634 7046
1619574882262997662 5371
1619574882337995896 5617
1619574882692281104 4929
1619574882785369300 5819
1619574883001745963 7642
1619574883076451641 4943
1619574883280214283 8526
1619574883636671563 6501
1619574884089860784 5273
1619574884211147753 6654
1619574884518962364 6635
1619574884869257162 8359
1619574884979171358 8879
1619574885423298952 3726
1619574885529131186 5166
1619574886001814272 5037
1619574886114391767 22413
1619574886194826486 6698
1619574886300127932 4632
1619574886322286865 5287
1619574886513506872 6877
1619574886619307626 11782
1619574886724481566 7249
1619574886732643365 6027
1619574886953140978 5242
1619574887042162309 5565
1619574887268729023 5002
1619574887369852853 7003
1619574887626441432 9377
1619574887697718528 4136
1619574888001780864 9814
1619574888110323121 13936
1619574888279054397 7614
1619574888333596146 5294
1619574888547651294 5238
1619574888769431695 5496
1619574888882207287 8196
1619574888968624634 10355
1619574888998750743 5330
1619574889061041544 5630
1619574889222206560 5485
1619574889311279350 16421
1619574889721891334 6060
1619574889730810897 6891
1619574889813505073 6058
1619574889923661370 5947
1619574889950520204 8646
1619574890033265768 4809
1619574890041488503 6161
1619574890307814504 7389
1619574890624528086 5771
1619574890644400795 8534
1619574891374038322 7194
1619574891427058908 5137
1619574891634892024 5578
1619574891675614119 4462
1619574891776479994 16326
1619574891845236553 5683
1619574892483190037 5811
1619574892805863700 7553
1619574893357569536 4299
1619574893480613259 6869
1619574893687502954 4692
1619574893725895568 7192
1619574893769393121 4857
1619574893776571569 5121
1619574893873911559 6390
1619574893896432721 6050
1619574894219194365 6528
1619574894360122207 4863
1619574894492737652 5261
1619574894498423506 3644
1619574894532448167 6386
1619574894568867099 4941
1619574894586463713 6876
1619574894595845169 7342
1619574894742598009 5921
1619574894844019594 10234
1619574894882250547 7564
1619574895219632529 4990
1619574895268198618 7872
1619574895693008576 7280
1619574895920944465 5869
1619574896303345130 8896
1619574896388575189 6243
1619574896558935458 5452
1619574896844327370 7556
1619574897042382973 4920
1619574897283635993 5466
1619574897318992071 8762
1619574897355721402 6415
1619574897463707205 5433
1619574897512797812 12877
1619574897837404894 4544
1619574898391660573 4911
1619574898418619608 10206
1619574898497921682 5472
1619574898864530556 6109
1619574898958828953 4552
1619574898966839548 5917
1619574899172197554 5460
1619574899277656894 4669
1619574899439951392 5136
1619574899527876633 6977
1619574900077728661 6662
1619574900374512818 5445
1619574900734782933 5111
1619574900814233780 27211
1619574900863710831 5321
1619574901013375678 24640
1619574901044485207 5579
1619574901183330326 6008
1619574901313815893 13073
1619574901433820782 9586
1619574901442709891 6783
1619574901544540686 7124
1619574901584038346 8678
1619574901601391518 5224
1619574901637928505 5560
1619574901716515109 8654
1619574902122159961 10903
1619574902163572855 5973
1619574902188590668 5683
