1619575369408103698 5164
1619575369814576555 6490
1619575370587150459 7475
1619575370855304861 10424
1619575371336272542 9017
1619575371555069603 6933
1619575371616698121 50640
1619575372259461166 6400
1619575372526063177 7401
1619575372840236015 7574
1619575373143209548 7783
1619575373162786702 5109
1619575373267107217 6527
1619575373584131229 10142
1619575373757527920 6938
1619575374081848492 11581
1619575374143696032 7428
1619575374225028223 5190
1619575374461240116 4777
1619575374859428100 5726
1619575375012650503 32830
1619575375062740766 6441
1619575375528100143 9803
1619575375679250043 4769
1619575375940489362 8071
1619575376469122419 8262
1619575376763292498 7797
1619575376852452475 11711
1619575377068015753 9030
1619575377232839935 5884
1619575377287288620 5899
1619575377295701624 6334
1619575377356772097 5570
1619575377487387319 7313
1619575377818326251 5564
1619575378095461840 12333
1619575378148501647 14982
1619575378271880482 6699
1619575378482912530 11624
1619575378532975211 5783
1619575378614432409 24660
1619575378666184474 5909
1619575378859299804 6636
1619575378900563783 10784
1619575379087639174 7121
1619575379124674135 5484
1619575379327615749 9103
1619575379458060623 5170
1619575379662052017 5285
1619575379983294391 8394
1619575380283687960 8600
1619575380488288699 6852
1619575380582224621 9942
1619575380611505260 11949
1619575380647664431 5724
1619575381243931613 5771
1619575381272405565 6302
1619575381345718600 7099
1619575381459230561 8032
1619575381816921912 10398
1619575381912993282 12235
1619575382043919851 6634
1619575382077289074 6890
1619575382710619629 17497
1619575382874694238 5961
1619575383191123795 6222
1619575383415672263 16724
1619575383835276369 5202
1619575384073101131 6270
1619575384093946682 11182
1619575384193657226 11609
1619575384311863041 14552
1619575384870932723 10773
1619575384992845447 5873
1619575385051396418 8199
1619575385159944933 10124
1619575385299918870 7788
1619575385375838400 5761
1619575385415580431 10678
1619575385488561463 4726
1619575385545845829 9203
1619575385576204548 9567
1619575385844021950 8816
1619575385970657858 4087
1619575386007144111 6859
1619575386052499557 7298
1619575386089725137 8892
1619575386145363656 8716
1619575386265099555 7530
1619575386643814668 5721
1619575386651444607 5589
1619575386764562316 7359
1619575386930138009 6052
1619575387525417104 5203
1619575387760600271 7717
1619575387822875749 8934
1619575388154390551 7946
1619575388309303785 8410
1619575388390168464 6292
1619575388525141104 6657
1619575388862396390 6005
1619575388883249456 9480
1619575388890514614 5228
1619575389289137934 7647
1619575389622901093 6453
1619575389662180187 5510
1619575389885172417 6184
1619575390030457162 6592
1619575390216476722 5234
1619575390818263516 4581
1619575390995782125 4356
1619575391163714613 4508
1619575391271142517 5107
1619575391381573730 7033
1619575391543913877 7710
1619575391766164434 7847
1619575391787033839 9135
1619575392188509738 7554
1619575392248004512 7184
1619575392296328927 5267
1619575392317533550 9970
1619575392612213267 15677
1619575392892467972 7497
1619575392972583028 10283
1619575393245420420 5444
1619575393253663883 6217
1619575393421935115 6706
1619575393611349160 9199
1619575394110961182 9955
1619575394424904469 7143
1619575394491213177 6883
1619575394553749279 8519
1619575394992084472 12134
1619575395289514537 5463
1619575395413608458 23416
1619575395477281961 7062
1619575395546654991 7373
1619575395568154034 9293
1619575395757112727 6728
1619575395798094279 8108
1619575395831682657 3524
1619575395923736411 5796
1619575395940518427 6544
1619575396373970950 4992
1619575396546323991 6577
1619575396643624210 7404
1619575396759229006 7432
1619575397744491784 5942
1619575397866784076 4779
1619575397883404010 5616
1619575398090321561 6047
1619575398615291847 11761
1619575398855877254 7172
1619575399095945372 6908
1619575399301310413 5692
1619575399388454216 9617
1619575399513757026 9540
1619575399583780198 5191
1619575400251469386 12451
1619575400474429784 10169
1619575400519058684 4949
1619575400718640603 7354
1619575400771402955 4194
1619575401118437497 11653
1619575401157830359 3663
1619575401236626740 6292
1619575401683908611 5513
1619575401751119246 4364
1619575401984275610 6053
1619575402075192044 5471
1619575402446139584 6194
1619575402849757735 7986
1619575403021876097 6698
1619575403097391080 12485
1619575403203502492 10661
1619575403549826512 9348
1619575403615717311 14048
1619575404466763381 4054
1619575404880489135 10606
1619575405133112247 7707
1619575405150720988 6958
1619575405247374808 7897
1619575405311272028 5774
1619575405480236515 10813
1619575405627066781 5443
1619575406151726865 10741
1619575406666059658 7472
1619575407085413219 7903
1619575407098664265 11157
1619575407345489628 5215
1619575407397753336 4633
1619575407432953834 6529
1619575407576397785 5515
1619575407648346835 7688
1619575407829433307 8432
1619575408413138678 11113
1619575408663716843 6914
1619575409180108850 5030
1619575409281223250 5054
1619575409481310796 7007
1619575409543622224 7220
1619575409678924843 5264
1619575410214844993 5366
1619575410294665268 6662
1619575410312022180 15242
1619575410336641167 6646
1619575410476728153 8495
1619575410515985432 14811
1619575410563205566 8725
1619575410618737863 8110
1619575410688424906 4230
1619575410811791219 22126
1619575410818318094 4464
1619575410835959179 7691
1619575411240084562 10194
1619575411263614550 5891
1619575411424551152 7414
1619575411541310065 6339
1619575411941154687 8738
1619575412191080217 8685
1619575412426023884 7084
1619575412581959360 7396
1619575413077368157 4659
1619575413149174213 7085
1619575413220158746 6433
1619575413225808542 3580
1619575413375087124 5516
1619575413418005353 4905
1619575413433821549 5178
1619575413683476552 8459
1619575413738782564 7251
1619575413790420998 4227
1619575413895052863 6887
1619575414081310917 7248
1619575414742277621 5120
1619575414776829593 5976
1619575414915311433 9143
1619575414928525786 11115
1619575415184269212 5481
1619575415365369030 5571
1619575415575675142 5777
1619575415604301698 7970
1619575415642472492 7008
1619575415675661302 11495
1619575415979588782 7899
1619575415988430293 6822
1619575416744915790 8464
1619575416764073179 7947
1619575417700026139 6929
1619575417950016185 6396
1619575418118031211 14703
1619575418321550461 5330
1619575418412239975 20669
1619575418658867064 10136
1619575419050802807 7144
1619575419880552023 6489
1619575419929901216 6283
1619575419970941593 6202
1619575420534259936 5171
1619575420834474110 6364
1619575420878073286 12754
1619575420962596989 6755
1619575421024906952 6692
1619575421574785195 5170
1619575421615526866 16827
1619575421840549544 4405
1619575422064194142 6719
1619575422203365275 7334
1619575422428872622 7393
1619575422866867475 10078
1619575423237802153 7551
1619575423525466915 5699
1619575424876427494 6118
1619575425033740890 9061
1619575425225352293 5786
1619575425816485826 11840
1619575425944522423 5975
1619575426724568833 6893
1619575426742766495 4150
1619575426752908918 8042
1619575426799296707 5229
1619575426872509441 5030
1619575426938953884 6250
1619575426960081532 8122
1619575427164106581 10545
1619575427332332705 8074
1619575427429249047 7291
1619575427781560257 6795
1619575427904044746 5473
1619575428011020745 24033
1619575428042535656 5696
1619575428087211573 5910
1619575428423237076 7228
1619575428627843498 7583
1619575428992586779 8838
1619575429012575187 17932
1619575429110102339 10317
