1619572933551248051 2415
1619572933654569470 2754
1619572933711875156 3876
1619572933834840280 3624
1619572933918644176 3585
1619572934028998527 2208
1619572934097332615 3438
1619572934180931762 2909
1619572934211827371 3447
1619572934386142152 3434
1619572934400087057 2596
1619572934512453395 3291
1619572934534665156 3983
1619572934562975102 3803
1619572934676889882 3907
1619572934856858759 3528
1619572935050305081 3729
1619572935075485761 3712
1619572935154641092 3598
1619572935248342434 3547
1619572935307171476 3248
1619572935375074656 3739
1619572935389673268 2587
1619572935424260781 2615
1619572935467142790 3576
1619572935549151509 3006
1619572935592058787 2495
1619572935618011555 2382
1619572935677287766 3264
1619572935983518378 2969
1619572936004073700 2884
1619572936076377832 2752
1619572936087586276 3091
1619572936302642888 3853
1619572936362267427 2804
1619572936413049482 3093
1619572936655946338 3527
1619572936667167663 3219
1619572936671985137 2653
1619572936732794485 2879
1619572936737715792 2847
1619572936776082739 2675
1619572936802923879 2629
1619572936991023513 3286
1619572937059229904 3169
1619572937118411298 3664
1619572937227329331 2568
1619572937349863784 2661
1619572937506500711 2479
1619572937818482151 4359
1619572937930298731 2965
1619572938110584187 2347
1619572938165222482 2753
1619572938250909233 2560
1619572938325077008 2872
1619572938345425810 2578
1619572938419938561 3401
1619572938593423374 2590
1619572938634846798 2708
1619572938673189133 3235
1619572939137763440 3387
1619572939168846779 3789
1619572939179486893 4095
1619572939574425129 3080
1619572939835534841 2649
1619572939944217030 2395
1619572939996182749 2831
1619572940224703429 2676
1619572940249347018 2839
1619572940258337434 2376
1619572940403012310 2877
1619572940465796602 3116
1619572940479227789 3949
1619572940522809649 2613
1619572940539406209 3107
1619572940565429401 3209
1619572940634007711 3311
1619572940664430822 2282
1619572940783838868 2696
1619572940832687240 2927
1619572940886069441 2745
1619572940946230076 2577
1619572941114396808 4811
1619572941313268592 3209
1619572942280726997 2915
1619572942313100112 2492
1619572942396869726 2929
1619572942467676222 2896
1619572942543591982 3593
1619572942641647754 3337
1619572942766130537 3977
1619572942886225080 2992
1619572942912718890 2786
1619572942920435934 5566
1619572943075036369 2763
1619572943308498072 3154
1619572943334669289 3404
1619572943616567045 4343
1619572943681085636 2972
1619572943908146601 2926
1619572943933920979 3538
1619572943994743966 3719
1619572944041177049 3527
1619572944088225261 2916
1619572944186901303 2932
1619572944424190276 3254
1619572944435143455 3520
1619572944591995516 3233
1619572944624718069 2488
1619572944684578825 3624
1619572944705553357 2916
1619572944751896593 3995
1619572944859103639 3487
1619572945209812273 2890
1619572945268803905 2923
1619572945347026633 2923
1619572945569901503 2641
1619572945598046579 2627
1619572945647548239 3110
1619572945892060734 3087
1619572945966153445 2943
1619572946020284902 2874
1619572946025006725 2669
1619572946034640693 2998
1619572946062873087 3339
1619572946121078605 3602
1619572946254462078 2327
1619572946364066803 2841
1619572946424208116 4149
1619572946473382865 4222
1619572946681933950 2778
1619572946758053406 2996
1619572946784255531 2731
1619572946803673406 3836
1619572947030675639 2677
1619572947046902669 4074
1619572947051855896 2880
1619572947095257357 2951
1619572947148310758 3328
1619572947179861875 2341
1619572947269628554 2927
1619572947275161603 3365
1619572947335350158 2558
1619572947425686762 4154
1619572947559884451 3559
1619572947586778867 3050
1619572947721944881 2395
1619572947767618947 2919
1619572948024185182 4896
1619572948323227810 3765
1619572948381426333 2792
1619572948536587969 2644
1619572948678504306 2961
1619572948706379774 2962
1619572948744424576 2665
1619572948750001586 3477
1619572948755027718 2892
1619572949143459759 3259
1619572949331464590 3062
1619572949423327226 2889
1619572949489635285 3038
1619572949661626850 3611
1619572949829988012 2684
1619572950096080939 2747
1619572950140112545 3652
1619572950392668172 2775
1619572950468888697 3124
1619572950484146761 2368
1619572950587722568 3388
1619572950646010143 3431
1619572950697786987 2871
1619572950835310821 2841
1619572950866891351 2569
1619572951134966434 4010
1619572951359502122 2308
1619572951406509481 4077
1619572951638342530 3282
1619572951720293600 2702
1619572951832756223 3048
1619572951987626272 3949
1619572951993302961 3473
1619572952089992908 3054
1619572952186928106 3987
1619572952430544446 3133
1619572952732255819 3126
1619572952741414259 2691
1619572952833149642 3219
1619572952983137499 3955
1619572953045381785 2706
1619572953167952634 3724
1619572953204909893 2425
1619572953432110940 2771
1619572953503168846 3338
1619572953549947408 2738
1619572953556235049 4085
1619572953570337125 2232
1619572953689768081 3064
1619572953822096772 2399
1619572953827350383 3074
1619572954015553416 3510
1619572954087191920 4994
1619572954119260441 3969
1619572954151248762 2568
1619572954238984198 4913
1619572954266089390 3231
1619572954385944497 2809
1619572954407301911 3116
1619572954417441153 3463
1619572954438683097 3928
1619572954523658811 2404
1619572954742465476 2660
1619572955105566845 2716
1619572955134160349 3743
1619572955363107449 3728
1619572955383891043 2932
1619572955445282474 2984
1619572955529778383 2472
1619572955555896628 3876
1619572955662543885 2601
1619572955733570109 3485
1619572955986294984 2821
1619572956006015799 2443
1619572956011701375 3473
1619572956182155144 3807
1619572956238130886 2693
1619572956373968567 2250
1619572956459456167 2860
1619572956491246663 2998
1619572956501257407 2693
1619572956567397165 2681
1619572956642911952 3545
1619572956747315651 4720
1619572956763458470 3612
1619572956963139225 2448
1619572957172776251 2706
1619572957326695623 2862
1619572957376233747 3009
1619572957449181190 3725
1619572957593805821 3503
1619572957599197984 3264
1619572957646727516 3278
1619572958392268533 2804
1619572959091561581 2615
1619572959304007978 3352
1619572959562606637 3485
1619572959805584666 3376
1619572959870904764 2283
1619572959875400990 2353
1619572959961780738 3552
1619572959967025267 3141
1619572960010991534 3052
1619572960279320043 2576
1619572960412220401 2953
1619572960428659415 3259
1619572960488602973 2745
1619572960544934073 4214
1619572960885242413 3159
1619572961097541777 3102
1619572961232085606 3591
1619572961476696352 3450
1619572961627196744 2800
1619572961654316267 3314
1619572961734684929 2576
1619572961800645966 3073
1619572961833843594 4420
1619572961891490624 2486
1619572961907114410 2381
1619572961913133848 3850
1619572961932533411 2948
1619572961964804015 3270
1619572962059535835 3271
1619572962149606155 3075
1619572962187867907 2963
1619572962248576202 3948
1619572962483004955 3529
1619572962546679832 2669
1619572962585388007 2528
1619572962591453078 3982
1619572962647187696 3525
1619572962730541659 2689
1619572962778811476 2920
1619572963000858257 3043
1619572963172741394 3093
1619572963303107732 3833
1619572963325487300 2623
1619572963428031882 3476
1619572963449390551 2918
1619572963505132547 2416
1619572963517244838 4795
1619572963575151147 2860
1619572963703535473 2514
1619572963955360083 2564
1619572964019633174 2947
1619572964179879866 2767
1619572964226378461 3546
1619572964285973253 3649
1619572964373517155 2914
1619572964422177032 4470
1619572964652761796 3176
1619572964872840137 3685
1619572964924198050 2788
1619572964966499165 3125
1619572964983988989 2871
1619572965083169039 2720
1619572965099127222 3231
1619572965233510048 3428
1619572965371572734 5546
1619572965447069591 2597
1619572965555784248 4518
1619572965805372942 2670
1619572965831578508 2910
1619572965869266121 3809
1619572965880908813 3643
1619572965931485475 4093
1619572965975692403 4013
1619572966023314759 3588
1619572966239274884 2214
1619572966244891880 3508
1619572966456936454 2563
1619572966462622176 3624
1619572966480209507 3263
1619572966490392617 3346
1619572966746437590 2589
1619572966811915373 3290
1619572966817168672 3109
1619572966863862876 3449
1619572966877502371 2602
1619572967081166453 2601
1619572967125754158 2755
1619572967370742692 4563
1619572967498434442 3138
1619572967635724299 3411
1619572967681815891 2916
1619572967874106301 3326
1619572967895531227 4301
1619572968014605668 2481
1619572968214835497 3650
1619572968280890363 2954
1619572968305482686 2613
1619572968410771715 3218
1619572968458684616 3601
1619572968481063647 5649
1619572968524580191 3674
1619572968552264345 3980
1619572968603322729 2905
1619572968641769576 4134
1619572968798213262 2440
1619572968850601679 2760
1619572968996373965 3023
1619572969106179155 2647
1619572969191254757 4712
1619572969228391103 3410
1619572969249054199 2842
1619572969351754508 3173
1619572969382992079 2641
1619572969415549480 2847
1619572969465830467 3089
1619572969495270388 3143
1619572969528319001 4092
1619572969587043454 3430
1619572969621453906 3222
1619572969688833862 2515
1619572969746460711 3988
1619572969767638679 3372
1619572969783644222 2855
1619572970090097228 3245
1619572970288042713 2918
1619572970457276447 2992
1619572970468571534 3355
1619572970495813464 2695
1619572970507141626 4407
1619572970677679986 3905
1619572970950791138 3168
1619572970961004326 3113
1619572971408292173 2638
1619572971555306470 2439
1619572971570563600 2450
1619572971679328228 2476
1619572971724939665 2986
1619572971756701324 2273
1619572971766974655 3051
1619572971831175947 3328
1619572971897292594 2654
1619572972129728943 4039
1619572972168680229 3052
1619572972368209005 3480
1619572972398654488 3118
1619572972440765225 3177
1619572972498822336 2705
1619572972682938305 4616
1619572973130007997 5681
1619572973201882734 2734
1619572973213717975 4461
1619572973272219101 2624
1619572973342991058 2301
1619572973356709844 2597
1619572973363467071 4559
1619572973501495597 2553
1619572973699385965 3426
1619572973721772147 3252
1619572973946735349 2929
1619572974031772513 2511
1619572974115724711 3159
1619572974348645699 2955
1619572974549711694 2564
1619572974576701450 3346
1619572974586383207 2985
1619572974622808205 2740
1619572974758218488 2623
1619572974785352524 2763
1619572974855192034 3163
1619572974995295510 3021
1619572975070246292 2198
1619572975309920633 4493
1619572975375887321 4512
1619572975519175342 2573
1619572975617882889 2952
1619572975628713377 3216
1619572975690301627 3808
1619572975798845271 4743
1619572975889164898 2814
1619572975917127140 3848
1619572976122847694 3002
1619572976268618028 2788
1619572976606102677 2871
1619572976729391912 3104
1619572976801056964 2426
1619572976847237418 2449
1619572977005464267 4857
1619572977440607262 2675
1619572977503923929 2555
1619572977541835160 3435
1619572977620822535 2415
1619572977672028445 2683
1619572977752667847 4155
1619572977854022632 3837
1619572977948196020 3542
1619572977999107324 4342
1619572978286122563 4579
1619572978358672876 3558
1619572978561274795 2801
1619572978692108506 3401
1619572978837284661 2236
1619572979011413401 2787
1619572979038471378 4803
1619572979054318593 2720
1619572979070189017 3256
1619572979351268147 3492
1619572979409595659 3183
1619572979446069150 2339
1619572979557201263 3339
1619572979574172906 3272
1619572979786176568 3882
1619572980253768039 3213
1619572980332013757 2164
1619572980364216389 3384
1619572980399687979 2742
1619572980527617003 3384
1619572980694734469 2935
1619572980699979740 3165
1619572980795070738 3733
1619572980895414518 3871
1619572980930721008 3439
1619572980946297764 2601
1619572981014279381 3115
1619572981025845041 3650
1619572981046658197 3725
1619572981052055643 3251
1619572981141913354 2806
1619572981199017570 2890
1619572981256053294 2725
1619572981293260148 2465
1619572981345301737 5086
1619572981395328617 3091
1619572981612749929 2496
1619572981720803276 2495
1619572981757161694 3436
1619572981820993736 2570
1619572981857543395 2497
1619572981925914599 2785
1619572982051317532 3658
1619572982083790173 4726
1619572982158871306 3462
1619572982295032823 3656
1619572982306378649 3360
1619572982337713976 2976
1619572982404269707 3168
1619572982436786796 3133
1619572982589252055 3346
1619572982600279907 4531
1619572982734356297 2473
1619572982751079576 3036
1619572983041021585 2856
1619572983092561498 2906
1619572983214142087 2779
1619572983295191405 3911
1619572983446433472 2660
1619572983521094676 2526
1619572983773019438 2748
1619572983800986378 3232
1619572984249982178 3559
1619572984411988952 3401
1619572984442093688 2857
1619572984473999451 3000
1619572984742361682 3214
1619572984854316928 3225
1619572985046050342 2719
1619572985118384166 3886
1619572985143860490 3258
1619572985392763312 3890
1619572985421426750 3118
1619572985586504791 3246
1619572985621734629 2836
1619572985655412555 4977
1619572985734002637 3048
1619572985738501753 2431
1619572985754667245 3680
1619572985901547407 2234
1619572985933228977 2662
1619572986036411707 2726
1619572986193205230 2370
1619572986398202665 3559
1619572986547417127 3433
1619572986704663527 3400
1619572986757011798 5658
1619572986809824624 3071
1619572986833072371 3537
1619572987111508432 4669
1619572987454307162 3489
1619572987601948804 3066
1619572987607293373 3246
1619572987646666699 2962
1619572987769857938 4122
1619572987833593675 2852
1619572987867399055 3071
1619572988057660596 3071
1619572988063904427 4098
1619572988221942084 2980
1619572988227407205 3430
1619572988509283559 4074
1619572988596135372 2542
1619572988617460039 2572
1619572988660404072 3373
1619572988845118150 3929
1619572988861494435 3758
1619572988950207484 3705
1619572989003043010 2992
1619572989008101642 2933
1619572989057466590 2378
1619572989069080816 3111
1619572989096038278 3571
1619572989231210056 2472
1619572989247281198 3367
1619572989377052560 4025
1619572989392506613 3237
1619572989475644777 3671
1619572989583590600 3258
1619572989794885825 4946
1619572989820763022 3434
1619572989902928229 2880
1619572989949030219 3086
1619572990021120682 2485
1619572990063908529 2622
1619572990277360053 2323
1619572990337097620 2510
1619572990465167626 3046
1619572990563534921 3465
1619572990804952535 2523
1619572990820239857 2849
1619572991222564435 2691
1619572991579503955 3220
1619572991797310349 2920
1619572991807631838 2885
1619572991841780571 4171
1619572991955364175 2557
1619572992317859217 2280
1619572992424205963 4280
1619572992532224560 3465
1619572992630893543 3401
1619572992749296155 2426
1619572992774515022 2621
1619572992907336653 2581
1619572993015702417 4870
1619572993048508396 3138
1619572993071201116 2934
1619572993082266401 3637
1619572993130972158 2523
1619572993239850949 3981
1619572993260105960 2332
1619572993397778893 3014
