1619579071128765071 8303
1619579071322732287 10146
1619579071352262889 6465
1619579071434144590 6385
1619579072957502388 49730
1619579073384104700 8660
1619579074772271475 8923
1619579075313826636 11630
1619579076087101517 6199
1619579076476907641 10468
1619579077458240452 21925
1619579077628388040 8107
1619579077910029420 9274
1619579078295276531 9150
1619579078467606650 6411
1619579078477645842 7969
1619579079185249988 7071
1619579079340623686 7638
1619579079397150532 10989
1619579079429684857 8922
1619579079489287649 8112
1619579079575625078 9039
1619579079623487504 10815
1619579080734154269 7452
1619579081026378135 8137
1619579081261844569 21226
1619579081427299955 9979
1619579081707690809 7340
1619579081903896541 5109
1619579081971031647 7581
1619579082567989216 5549
1619579082958282315 27016
1619579083023111398 8761
1619579083136740500 8271
1619579083810676245 6461
1619579084009562716 10500
1619579084028282172 8901
1619579084063955396 24074
1619579084191991830 15689
1619579084294739830 11708
1619579084727137426 8396
1619579084757038867 17354
1619579084943897081 7873
1619579085393580445 11971
1619579085419640749 5738
1619579085826680666 7000
1619579085957825269 37739
1619579086358546593 25149
1619579086616657817 8195
1619579086742343179 14702
1619579086846256903 15489
1619579086957248581 19705
1619579087265394138 6320
1619579087327888435 15074
1619579087389731738 8341
1619579087766076965 7187
1619579087958263918 27042
1619579088024288671 9945
1619579088295472023 9164
1619579089285715325 8481
1619579089420523905 9382
1619579089436236123 13616
1619579089761152339 12596
1619579089791569517 9976
1619579090161646596 11870
1619579090946770436 9145
1619579090985667532 7137
1619579091368707364 7680
1619579091709707770 9077
1619579091848489478 9167
1619579092180013310 8243
1619579092189795482 7623
1619579092243660983 8714
1619579092322073868 8492
1619579092954679744 16058
1619579093600881406 9580
1619579094339185122 12069
1619579094592626763 10871
1619579094669625326 5875
1619579094692259793 8600
1619579094784419453 10604
1619579095003148612 10936
1619579095057778953 8939
1619579095266240131 5759
1619579095584535691 10623
1619579095717151387 10918
1619579095834967421 16765
1619579095981132151 8334
1619579096065999006 5296
1619579096105294592 14453
1619579096428346487 6028
1619579096455776739 25335
1619579096560794337 10542
1619579096785877466 7555
1619579096902563115 5162
1619579096975211294 9189
1619579097045368151 6564
1619579097231915105 12662
1619579097568026200 7860
1619579097617860758 7676
1619579098057474476 24988
1619579098108659855 5850
1619579098160152410 27501
1619579099030582771 8214
1619579099106511318 10563
1619579099183593350 5259
1619579099288573853 10914
1619579099332235531 9142
1619579099797742108 8839
1619579099938034828 5316
1619579100117487536 5533
1619579100179084073 7436
1619579100264740234 6087
1619579100801594493 9533
1619579100835586653 8770
1619579101427973344 10309
1619579101979988860 9622
1619579102159909407 33360
1619579102261825461 14445
1619579102660580187 35643
1619579103073049525 7512
1619579103084686251 9526
1619579103300810927 10718
1619579103443256732 7760
1619579103693963428 7384
1619579103780514552 5008
1619579103888612282 6192
1619579103941708455 9138
1619579104158229803 14853
1619579104721961132 9171
1619579105622463199 15188
1619579105840625117 9357
1619579105852540293 9815
1619579106109268077 10349
1619579106474621188 6647
1619579106584843794 8998
1619579106675962507 6566
1619579106821819011 7536
1619579106980563860 15520
1619579107187059332 5362
1619579107507611938 10587
1619579107903297235 10009
1619579108566523680 6347
1619579108708865142 11094
1619579108862504525 31921
1619579109816228259 9967
1619579109847518629 9450
1619579110024577722 4682
1619579110063624073 11093
1619579110166989832 6475
1619579110800442662 8683
1619579111116180987 7960
1619579111209062671 9096
1619579111655526221 29699
1619579112044229668 11981
1619579112107865002 13851
1619579112198480679 5682
1619579112465658416 13650
1619579113003951524 8597
1619579113173824073 7090
1619579113297928395 7114
1619579113367413609 6789
1619579113714134797 14673
1619579114283590141 9056
1619579114460768959 14809
1619579114857627127 21291
1619579115315622977 8657
1619579115794283974 7748
1619579116298720701 9099
1619579116590657136 9259
1619579116779112504 9654
1619579116826719241 8131
1619579116838797967 9968
1619579116920526910 6391
1619579117063074425 6539
1619579117388487129 5627
1619579117780343658 6996
1619579117835395372 8754
1619579118088264707 9316
1619579118656670728 40278
1619579118700240397 10329
1619579119268633319 7232
1619579119347493844 11596
1619579119467007841 6870
1619579119915554866 5081
1619579120008694356 19451
1619579120107501075 9393
1619579120309056764 9412
1619579120525379093 6247
1619579120767059688 6220
1619579120900991227 13234
1619579120980355195 8887
1619579121016008118 9473
1619579121179390107 8491
1619579121614886518 5316
1619579121925143172 6217
1619579122088610197 10533
1619579122117451863 4703
1619579122159522824 20074
1619579122190741004 8565
1619579122280783917 7223
1619579122359143861 16518
1619579122498116679 9262
1619579122517493614 8797
1619579122881852571 7554
1619579122919154668 10956
1619579123161602990 23638
1619579123320672345 5264
1619579123482131833 11738
1619579124317924567 16960
1619579125390765366 12163
1619579125531683674 12788
1619579125807570955 12867
1619579125865150501 11933
1619579125897658529 9292
1619579126254659764 33330
1619579126536625341 5882
1619579126697676257 13089
1619579126911817873 10165
1619579127020506240 8973
1619579127261955387 21039
1619579127509756476 12880
1619579127829975259 8682
1619579127877971669 6075
1619579128277061596 7660
1619579128374093588 10741
1619579128435256012 7659
1619579128655263849 22365
1619579128694144617 8099
1619579128789648033 9915
1619579128960395835 34447
1619579129115967446 10087
1619579129276713470 12612
1619579129628170700 6712
1619579129714028125 9499
1619579129914286065 12244
1619579130210746714 5354
1619579130368394335 10542
1619579130731502748 7989
1619579130776901314 7146
1619579130833095342 8680
