1619578463062705213 53073
1619578463477685955 10234
1619578463794383759 8199
1619578463899883595 7388
1619578464071435792 9369
1619578464790504372 9069
1619578465063404968 39939
1619578465175136373 7635
1619578465185563202 8272
1619578465282565313 8754
1619578465566096312 7752
1619578465658459202 47204
1619578465911825052 8854
1619578466813052030 9980
1619578466874535556 9703
1619578467312992715 9025
1619578467362067569 36584
1619578467878548836 18776
1619578468180270434 9078
1619578468197615553 6251
1619578468574822086 6632
1619578468637190347 13668
1619578468695194130 5825
1619578468989213844 10885
1619578468998160630 6849
1619578469067262491 6665
1619578469162269889 21302
1619578469221519331 13862
1619578469355623672 29045
1619578469966522626 6036
1619578470066875280 30434
1619578470372120277 7236
1619578470986948259 8756
1619578471130058629 11855
1619578471811846407 14116
1619578471902464359 12832
1619578471971140201 7913
1619578472043549142 15545
1619578472256428040 27312
1619578472373748781 7438
1619578472710741211 5852
1619578473465029389 6177
1619578474095256772 13336
1619578474389993303 5046
1619578475518545395 6192
1619578475577557670 9663
1619578475883933617 6532
1619578475980689116 7600
1619578476928252001 7659
1619578476983103276 7053
1619578477457869119 9770
1619578477675573556 8294
1619578477684400387 6731
1619578478193805745 8692
1619578478430080984 5231
1619578478555981731 18122
1619578478947180803 5858
1619578479165940328 5756
1619578479197176354 9187
1619578479275612709 5648
1619578479354343404 23854
1619578479735571293 13035
1619578479956990737 9273
1619578480527699424 8065
1619578480655017404 15259
1619578480731324563 8952
1619578481805605030 13066
1619578481871479875 5878
1619578481884066501 10504
1619578482060151704 27514
1619578482168131187 6698
1619578482214369125 10671
1619578482500315807 9116
1619578482781555236 9952
1619578483082836034 8979
1619578483202406013 9830
1619578483379145805 7878
1619578483887162953 5776
1619578484098717020 9603
1619578484120285637 6101
1619578484155146823 23579
1619578484367789543 7251
1619578484498790951 7851
1619578484563820626 6804
1619578484716980168 8481
1619578485326826358 6987
1619578485377186494 8966
1619578485425358413 13154
1619578486313621458 10594
1619578486537620555 8462
1619578486855100495 19983
1619578487121306028 7492
1619578487861607518 17561
1619578488003316722 9677
1619578488130121193 8961
1619578488174703442 5389
1619578489022862664 8658
1619578489134550649 10125
1619578489512578368 6860
1619578489646097704 9870
1619578489973906597 5432
1619578489994295989 9161
1619578490040597894 7345
1619578490659346859 20459
1619578490884269479 9687
1619578491161164390 28241
1619578491237073547 9152
1619578491402456393 8525
1619578491558791405 24449
1619578491624057520 9194
1619578491930637268 8085
1619578492259878419 28469
1619578492469874697 11407
1619578492488614387 8982
1619578492633278414 10139
1619578492873721569 12945
1619578493123851711 9959
1619578493237700496 16827
1619578493300375127 9481
1619578493330279447 8788
1619578493381575814 6402
1619578493403878633 9154
1619578493572124251 10979
1619578493580795830 6511
1619578493838226564 11614
1619578494358163502 14191
1619578494580943647 7673
1619578494629889663 10439
1619578494714863642 13269
1619578495058467680 20485
1619578495362064827 35842
1619578495481188123 5653
1619578495952907252 10117
1619578496036932385 9301
1619578496194851848 6822
1619578497779142379 8745
1619578498643372450 9254
1619578499210734540 8388
1619578499347860407 12337
1619578499785210163 12766
1619578500162889502 16042
1619578500947705526 12173
1619578500984729853 6572
1619578501560051105 12844
1619578501858593663 35165
1619578502032247288 12053
1619578502270211760 4654
1619578502471729709 7467
1619578503248522966 8464
1619578503363171788 12845
1619578503384974625 7629
1619578503456105126 29993
1619578503569853077 5929
1619578503580997521 9104
1619578504291322756 12112
1619578504318779217 12803
1619578504773377528 6642
1619578505088321784 9236
1619578505446202604 6015
1619578505928312393 15172
1619578506421847945 8698
1619578506540983625 14309
1619578507528715872 7601
1619578507686121247 12100
1619578508323812896 7734
1619578508915841183 5040
1619578509039566029 8248
1619578509134266031 10822
1619578509581953124 7228
1619578509725655660 7355
1619578509892799196 9285
1619578509900500904 5550
1619578510569819729 6683
1619578510615548699 5849
1619578510636257172 10114
1619578511176512842 11855
1619578511462566033 10620
1619578511656123814 23535
1619578511864975597 13995
1619578511903082397 8713
1619578512080821360 9335
1619578512161104128 13113
1619578512292287408 7902
1619578512317939421 11689
1619578512673686814 8349
1619578512682689608 6963
1619578512819519196 16991
1619578512883589913 9157
1619578513029743587 7563
1619578513123969754 12715
1619578513180469952 6934
1619578513365709330 14485
1619578513519888068 6685
1619578513686462337 7080
1619578513711301394 8921
1619578514096592470 7769
1619578514467211712 6087
1619578514524060288 6114
1619578514826053622 7618
1619578515212972138 8397
1619578515226482829 11390
1619578515563339961 5788
1619578515759157329 15727
1619578515781893998 9115
1619578515790968352 7036
1619578515817846761 11593
1619578516563527762 6482
1619578516680743685 9097
1619578517325015382 8898
1619578517519168091 9639
1619578517662549626 8532
1619578518081360589 10965
1619578518254967552 12335
1619578518376550455 8823
1619578518769010004 7094
1619578518830553599 9564
1619578519095304096 10872
1619578519290044981 8091
1619578519572680428 7268
1619578519626681151 6869
1619578519691879214 8866
1619578520054767780 30484
1619578520063115157 6209
1619578520114236262 7869
1619578520169819213 6692
1619578520481216551 11256
1619578520535902226 10866
1619578520657000929 23025
1619578520860005882 13289
1619578520917573739 5163
1619578521090986955 3562
1619578521193003293 3532
1619578521213158835 4008
1619578521393341953 3386
1619578521507786398 3726
1619578521700791432 4146
1619578521758267488 16688
1619578521809453509 6300
1619578522080132183 5164
1619578522323992187 3669
1619578522391278748 4921
1619578522498027742 3357
1619578522603055020 3775
1619578522660362673 4459
