1619480099815037700 31361
1619480100815062664 31409
1619480101815078615 31356
1619480102815045520 31472
1619480103815045809 31513
1619480104815101498 31552
1619480105815047243 31480
1619480106815056162 31561
1619480107815077977 31427
1619480108815076106 31633
1619480109815043436 31672
1619480110815045001 31579
1619480111815047477 31563
1619480112815043465 31513
1619480113815029543 31427
1619480114815052246 31489
1619480115815055189 31539
1619480116815042087 31573
1619480117815053674 31648
1619480118815076785 31443
1619480119815060923 31304
1619480120815047887 31375
1619480121815049832 31311
1619480122815049297 31410
1619480123815077297 31386
1619480124815079954 31611
1619480125815035367 31555
1619480126815037550 31424
1619480127815057484 31369
1619480128815054305 31444
1619480129815063005 31524
1619480130815055599 31337
1619480131815107760 31557
1619480132815038952 31629
1619480133815033669 31651
1619480134815030363 31429
1619480135815029387 31461
1619480136815071203 31549
1619480137815038717 31491
1619480138815047979 31197
1619480139815039261 31455
1619480140815031187 31279
1619480141815041028 31373
1619480142815053477 31794
1619480143815095817 31618
1619480144815030276 31500
1619480145815041469 31642
1619480146815037082 31597
1619480147815082875 31360
1619480148815074182 31383
1619480149815036361 31479
1619480150815085570 31564
1619480151815056081 31453
1619480152815064175 31541
1619480153815062908 31395
1619480154815033948 31598
1619480155815061899 31474
1619480156815041401 31346
1619480157815036425 31496
