1619479903748431290 29357
1619479904748421953 29777
1619479905748427260 29655
1619479906748480820 29624
1619479907748442723 29614
1619479908748423149 29854
1619479909748436802 29905
1619479910748420529 29813
1619479911748432474 29906
1619479912748425541 29869
1619479913748430391 29721
1619479914748429205 29767
1619479915748450722 29805
1619479916748443459 29818
1619479917748432885 29649
1619479918748420186 29827
1619479919748450653 29733
1619479920748432741 29749
1619479921748468668 29818
1619479922748429806 29922
1619479923748446231 29918
1619479924748465986 29724
1619479925748460569 29747
1619479926748427607 29716
1619479927748465479 29638
1619479928748423386 29868
1619479929748480191 29929
1619479930748440000 29842
1619479931748426619 29667
1619479932748550203 29767
1619479933748446219 29640
1619479934748444047 29755
1619479935748432534 29638
1619479936748449604 29701
1619479937748433269 29778
1619479938748427506 29763
1619479939748464576 29693
1619479940748427343 29665
1619479941748430394 29583
1619479942748426413 29669
1619479943748479615 29684
1619479944748433690 29699
1619479945748424984 29677
1619479946748446283 29780
1619479947748432668 29743
1619479948748472234 29656
1619479949748474716 29651
1619479950748428707 29829
1619479951748421237 29644
1619479952748442364 29840
1619479953748428280 29854
1619479954748426344 29664
1619479955748420365 29658
1619479956748453427 29777
1619479957748448074 29818
1619479958748424853 29757
1619479959748442971 29872
1619479960748432669 29961
1619479961748438111 29826
1619479962748537181 15067
