1619372408610297453 2498
1619372408761903031 9280
1619372408794903090 2212
1619372408997675073 2261
1619372409064965975 2167
1619372409167545118 2503
1619372409297219802 2450
1619372409348817543 2504
1619372409432405781 2475
1619372409561991182 2432
1619372409627373405 2577
1619372409641313097 2454
1619372409698290224 2300
1619372409717584974 2918
1619372409940926023 2569
1619372409959245036 2397
1619372409964332545 3003
1619372410048560464 2495
1619372410188734581 2295
1619372410272664542 2614
1619372410281697703 2438
1619372410360853738 2426
1619372410365797148 2775
1619372410394022314 2547
1619372410625256491 2730
1619372410682387634 4050
1619372410837954515 2341
1619372410972689769 2351
1619372411082178981 2769
1619372411100415724 2108
1619372411105178951 2632
1619372411152865530 2692
1619372411171883683 2469
1619372411233661731 2262
1619372411328499127 2584
1619372411343114885 2386
1619372411396321928 2419
1619372411457408999 2290
1619372411715636869 2806
1619372411863442651 3913
1619372411976225523 2362
1619372412032401605 2468
1619372412075469632 2538
1619372412089756917 2533
1619372412319691295 2433
1619372412334002938 2498
1619372412478564480 2490
1619372412483066599 2393
1619372412595528407 2899
1619372412615124504 2582
1619372412800067297 3089
1619372412941958328 2489
1619372413172174721 2561
1619372413385719344 2354
1619372413569559596 2611
1619372413763010022 2936
1619372413961479201 3374
1619372414034146926 2680
1619372414090614815 3093
1619372414413011594 2555
1619372414432909026 2754
1619372414470556107 2473
1619372414644209443 2319
1619372414739440836 3405
1619372414801022509 2434
1619372414858124433 2693
1619372414938010897 2765
1619372415005041672 2864
1619372415067140133 2541
1619372415231274682 2398
1619372415413727825 2318
1619372415432055519 2236
1619372415563397595 2518
1619372415597041261 2576
1619372415645052776 2147
1619372415649477249 2287
1619372415695960342 2390
1619372415935337531 2475
1619372415997539704 2459
1619372416288570173 2457
1619372416394855791 2959
1619372416423336126 2491
1619372416514557830 2429
1619372416524064942 2824
1619372416590151484 2734
1619372416599321268 2454
1619372416718857554 2368
1619372416766547777 2610
1619372416776004946 2580
1619372416876407606 2503
1619372416910641454 2431
1619372416943881571 2430
1619372416992230344 2715
1619372417029684198 2830
1619372417237728598 2707
1619372417295803758 2603
1619372417459804708 2368
1619372417571489614 2614
1619372417851719758 2263
1619372417866578768 3781
1619372417937936575 2483
1619372417947374305 2411
1619372418149027242 2963
1619372418239877014 2747
1619372418406368129 2381
1619372418439973765 2352
1619372418548290416 2534
1619372418897944612 2533
1619372418935432184 2574
1619372418968859339 2489
1619372419002988851 2344
1619372419016836020 2195
1619372419058762131 2367
1619372419097189408 2875
1619372419177325014 2870
1619372419251966430 2465
1619372419256610341 2536
1619372419281322573 3206
1619372419393969680 2528
1619372419510431055 2471
1619372419524715351 2942
1619372419562684311 2508
1619372419724585413 2417
1619372419838983353 2405
1619372419954819666 2966
1619372420106531616 2588
1619372420310436085 2938
1619372420314904859 2315
1619372420367351078 2616
1619372420412178027 2554
1619372420664328158 2525
1619372420683004971 2538
1619372420717198812 2323
1619372420736006965 2459
1619372420770161132 2611
1619372420794754004 2569
1619372420837471627 2426
1619372421080857418 2418
1619372421212782402 3806
1619372421217443653 2469
1619372421226841621 2478
1619372421335426892 2529
1619372421360261841 2485
1619372421365024054 2574
1619372421743526276 2637
1619372421825829344 2515
1619372421985934455 2440
1619372422025218455 2403
1619372422115471848 2393
1619372422260921109 2562
1619372422332862367 2532
1619372422342094906 2562
1619372422375818249 2535
1619372422506087436 2437
1619372422568311288 2579
1619372422673516634 2527
1619372422926744347 2374
1619372423117688457 2311
1619372423222008064 3422
1619372423250096567 2538
1619372423264411181 2869
1619372423356224592 2728
1619372423437657892 3085
1619372423461618501 3171
1619372423490616358 2514
1619372423558439035 2713
1619372423684072164 2537
1619372424161706570 2872
1619372424171160689 2573
1619372424180819876 2862
1619372424286850146 2478
1619372424440770177 2663
1619372424633590934 2766
1619372424704968497 2510
1619372424846906442 3821
1619372424851475231 2363
1619372425135118419 3338
1619372425248971976 2829
1619372425282465947 2650
1619372425296234500 2422
1619372425427009489 2458
1619372425512324489 2355
1619372425715658018 2477
1619372425734054250 2488
1619372425772040362 2295
1619372425833600434 2421
1619372425934305374 2508
1619372426059975057 2289
1619372426079830488 2445
1619372426098559227 2805
1619372426108122010 2737
1619372426117251397 2394
1619372426136891879 2534
1619372426398239185 3156
1619372426402808777 2381
1619372426407426695 2430
1619372426642753757 2821
1619372426647392258 2458
1619372426886730351 2290
1619372426905442868 2260
1619372426919437903 2745
1619372426928852370 2522
1619372426943544376 2281
1619372427039648020 2759
1619372427063307498 2553
1619372427079227745 3037
1619372427111382862 2310
1619372427214033584 2947
1619372427257801718 2747
1619372427775355615 2894
1619372427794739577 2955
1619372428417068718 3900
1619372428454566856 2430
1619372428899841345 2431
1619372429033730720 2351
1619372429207355483 2434
1619372429265000068 2449
1619372429496668122 2434
1619372429592345275 2508
1619372429641070206 2880
1619372429693998420 2577
1619372429745998486 3471
1619372429779017341 2355
1619372429915892286 2719
1619372429977635144 2322
1619372430093187661 2416
1619372430226831688 2533
1619372430260306842 3507
1619372430316748817 2558
1619372430345998789 2529
1619372430374488043 2527
1619372430560985889 3392
1619372430570229470 2396
1619372430663879923 2373
1619372430759413058 2515
1619372431181013246 2506
1619372431190262291 2484
1619372431238384031 2405
1619372431243325145 2754
1619372431338752246 2930
1619372431367982822 2455
1619372431493315507 2653
1619372431603546642 3803
1619372431689444017 2561
1619372431780349247 3009
1619372431799965460 2542
1619372431829231527 2344
1619372432049084082 2817
1619372432206806159 2956
1619372432216389529 2611
1619372432273086496 2850
1619372432320072161 2549
1619372432325034182 2852
1619372432367902502 2531
1619372432539501078 2472
1619372432732087738 2482
1619372432756061318 2553
1619372432996517850 2449
1619372433322827561 2548
1619372433346595754 2529
1619372433390172460 2802
1619372433409547314 2357
1619372433483606614 2451
1619372433503368668 2341
1619372433598834651 2602
1619372433729164244 2555
1619372433988265338 2475
1619372434036674060 2530
1619372434041242675 2444
1619372434050490314 2420
1619372434129662686 2510
1619372434144051888 2561
1619372434244411500 2436
1619372434268010001 2381
1619372434277956587 2495
1619372434325683476 2410
1619372434472556055 2361
1619372434558952381 2607
1619372434678928607 2316
1619372434699235140 2700
1619372434713669585 2390
1619372434841527722 2444
1619372434880841149 2489
1619372434890051766 2286
1619372434900140076 2486
1619372435183259319 2129
1619372435231666256 2578
1619372435260542510 2384
1619372435295149715 2724
1619372435299531796 2192
1619372435318560929 2472
1619372435362774310 2437
1619372435391937121 2743
1619372435664420204 2504
1619372435964180795 2329
1619372436003236210 2410
1619372436098944430 2721
1619372436284942374 3299
1619372436418653538 2246
1619372436568381212 2745
1619372436597583286 3741
1619372436630042984 2541
1619372436683414102 2582
1619372436996851952 2435
1619372437240340438 2663
1619372437275023480 3098
1619372437371240000 2453
1619372437417404463 2374
1619372437485910522 2814
1619372437538933802 2790
1619372437580608719 2756
1619372437712103386 2481
1619372437780568181 2789
1619372437929597894 2435
1619372438051201335 3804
1619372438194618015 2622
1619372438229679343 2853
1619372438234033369 2179
1619372438310588557 2803
1619372438333783671 2590
1619372438363017050 2328
1619372438507599246 2422
1619372438565352509 2442
1619372438579966098 2496
1619372438657352737 3403
1619372438730176712 2713
1619372438990502101 3227
1619372439019273551 2519
1619372439163824633 2966
1619372439203647933 4282
1619372439233205406 2948
1619372439286326234 2358
1619372439314894078 2400
1619372439358900176 2396
1619372439453095348 3562
1619372439603425491 2865
1619372439670554079 2520
1619372439809737131 2801
1619372439867664792 2459
1619372439920734111 4378
1619372439998062808 3170
1619372440012172951 2247
1619372440182155611 2388
1619372440200978631 2425
1619372440225322154 3625
1619372440239389869 2507
1619372440276245369 2691
1619372440304504003 2531
1619372440351438913 2524
1619372440657185891 2343
1619372440695190358 2238
1619372440718143852 2425
1619372440756213787 2246
1619372440790462575 2578
1619372440970855137 2386
1619372441038889363 3745
1619372441057964552 2847
1619372441114490474 2320
1619372441363411187 2474
1619372441440254488 3650
1619372441454229337 2531
1619372441465711829 3724
1619372441555974413 2841
1619372441685303089 2924
1619372441816402940 2284
1619372441836452973 2627
1619372441992206970 2580
1619372442028941208 2683
1619372442341491487 2558
1619372442375056349 2463
1619372442437244978 3264
1619372442446638120 2527
1619372442732005474 2409
1619372442778820518 2456
1619372442836087727 2464
1619372443245089956 2704
1619372443255275358 3347
1619372443336693791 2503
1619372443516420525 3192
1619372443521728799 3209
1619372443559486729 2265
1619372443631477550 2919
1619372443651345207 2724
1619372443876851208 2690
1619372443969252533 4913
1619372443979107366 2454
1619372444089582521 3842
1619372444367574563 2260
1619372444405679939 2501
1619372444545926755 2808
1619372444750470646 2327
1619372444823023310 2679
1619372444937958649 3092
1619372445069352724 3143
1619372445207465902 2383
1619372445420817387 2777
1619372445676949434 2358
1619372445835371125 2744
1619372445873183682 2952
1619372445968381224 2528
1619372445973671161 3096
1619372446105181074 2480
1619372446128809037 2362
1619372446133581601 2589
1619372446408252049 2494
1619372446489956360 2540
1619372446499431339 2385
1619372446560859628 2550
1619372446579585487 2294
1619372446584666401 2895
1619372446677564844 2482
1619372446801033434 2537
1619372447071950877 2499
1619372447076624091 2493
1619372447135058249 2724
1619372447201041917 2520
1619372447417582119 2429
1619372447551629956 2327
1619372447576026450 2419
1619372447912847633 2478
1619372448015198940 2332
1619372448034436751 2627
1619372448124940058 2270
1619372448178326706 3009
1619372448259981030 2315
1619372448283933263 2393
1619372448677474173 2909
1619372448692094543 2600
1619372448910097177 2563
1619372448914884232 2577
1619372448944059825 2851
1619372449007276826 2646
1619372449118023935 2651
1619372449162963766 3407
1619372449187557980 2376
1619372449283569420 2349
1619372449446988760 3406
1619372449496891825 2667
1619372449698653429 2557
1619372449718959047 3917
1619372449785100377 2789
1619372449841378025 2419
1619372449880557969 2524
1619372449947793736 2873
1619372450049060733 2377
1619372450092451316 2419
1619372450217571452 2481
1619372450387969788 2584
1619372450434766437 2571
1619372451025222532 2499
1619372451030644633 3245
1619372451219431104 2199
1619372451310136432 2574
1619372451385564665 2528
1619372451462242277 2821
1619372451478487286 2667
1619372451587331802 2348
1619372451751167448 2769
1619372451813314462 2607
1619372451862059860 3537
1619372451929024614 3560
1619372452163901784 3624
1619372452315035594 2866
1619372452354372952 2855
1619372452411255451 2696
1619372452562298929 2600
1619372452899008138 3790
1619372453026027720 2644
1619372453394410823 2349
1619372453418308263 2827
1619372453491501587 2431
1619372453540321329 2499
1619372453680400600 2388
1619372453699395934 2635
1619372453884013227 2815
1619372453962300640 3747
1619372453973691768 3588
1619372454046264062 2589
1619372454275579481 2409
1619372454295605207 2361
1619372454309903676 2784
1619372454492122843 2867
1619372454506296136 2401
1619372454529202699 2500
1619372454553446436 2533
1619372454726987615 2971
1619372454797937040 2413
1619372454807816799 3037
1619372454907273322 3286
1619372455150976332 2420
1619372455179338111 3200
1619372455203536098 2455
1619372455281356094 3680
1619372455295702588 2391
1619372455458513897 2496
1619372455543564054 2851
1619372455552644192 2448
1619372455693001711 3537
1619372455942603621 3110
1619372455986986249 2421
1619372456043329272 2419
1619372456120174122 2539
1619372456220701133 2649
1619372456460496724 2429
1619372456512265846 3281
1619372456521680396 2411
1619372456729854938 2483
1619372456763823212 2502
1619372456868953217 2518
1619372457232431454 2534
1619372457347922919 2991
1619372457358208406 3425
1619372457391031060 2520
1619372457497673174 2915
1619372457512233386 2920
1619372457555229255 3011
1619372457572086353 4548
1619372457577359584 3090
1619372457605411075 2481
1619372457610010862 2477
1619372457673149791 2807
1619372457774176429 2547
1619372457919243742 2707
1619372458174236724 2579
1619372458202582502 2396
1619372458751359072 2590
1619372458865075029 2488
1619372458921260556 2606
1619372458935849344 2300
1619372458940348689 2311
1619372459048814916 2485
1619372459092175382 2438
1619372459435274003 3938
1619372459708809455 2774
1619372459889922618 2378
1619372459966353511 2998
1619372459995589407 2801
1619372460180478538 4068
1619372460462632489 2254
1619372460541230831 2393
1619372460609851022 2431
1619372460716474004 2670
1619372460798146178 2392
1619372460971070060 2532
1619372461028326664 2284
1619372461213080785 2550
1619372461250343063 2269
1619372461298645224 3367
1619372461307873451 2286
1619372461332905098 2665
1619372461702723027 2599
1619372461876125759 2800
1619372461923365354 2397
1619372461942184867 2701
1619372462098196973 2369
1619372462103173604 2798
1619372462843563589 3344
1619372463035225539 2478
1619372463073493514 2391
1619372463136484955 2545
1619372463164036827 2428
1619372463169349180 3130
1619372463221989445 2452
1619372463260469613 2373
1619372463505244956 3551
1619372463561703201 2446
1619372463708996434 2445
1619372463838839148 2765
1619372463858292135 2705
1619372464163627813 3378
1619372464192320937 2483
1619372464452221092 2496
1619372464591904351 2311
1619372464610351485 2310
1619372464625836327 2450
1619372464725719823 2550
1619372464739684730 2491
1619372464787982439 2554
1619372464955540584 2356
1619372465004712172 2555
1619372465106122607 2426
1619372465120097987 2576
1619372465298135849 2354
1619372465312104127 2348
1619372465552931443 2405
1619372465639213409 2779
1619372465681162872 2308
1619372465700311454 2419
1619372465766627507 2331
1619372465861114393 2397
1619372465903953886 2397
1619372465995993007 2715
1619372466086401112 2335
1619372466196752042 3135
1619372466603786196 2418
1619372466614686583 2443
1619372466661903269 2762
1619372466796041763 2409
1619372466975479670 2976
1619372466999515286 2468
1619372467206844324 2405
1619372467287468179 2347
1619372467378959797 2405
1619372467519035301 2528
1619372467876814081 3451
1619372467958133950 2370
1619372467977951627 2393
1619372468160426652 2945
1619372468409906456 2560
