1619372223071046949 4838
1619372223402593123 5357
1619372223416755649 5165
1619372223736117160 4741
1619372223906750134 4078
1619372224212194163 4132
1619372224623146806 5188
1619372224883547602 6345
1619372224899120487 6255
1619372225517570067 5570
1619372225807905625 5160
1619372226018816096 6360
1619372226193065226 7760
1619372226364855942 47790
1619372226507272026 4655
1619372226567731882 42866
1619372227092948185 7119
1619372227278264281 6863
1619372227305916416 7487
1619372227586795360 5116
1619372227874233452 5757
1619372228477706974 6892
1619372229067417711 30349
1619372229106602402 6662
1619372229203074173 4252
1619372229211543227 6286
1619372229278887299 6400
1619372229362856937 32334
1619372229427444570 5727
1619372229472698820 5609
1619372229806006954 7879
1619372230518802603 3250
1619372230984092065 4174
1619372231228019640 7341
1619372231302867122 6117
1619372231340658859 4866
1619372231489478292 7491
1619372231821389368 8381
1619372231882514729 4335
1619372231945335855 2727
1619372232178224700 7796
1619372232335806774 5908
1619372232475799183 3050
1619372232484021376 6076
1619372232946358439 7342
1619372232970971511 5275
1619372233347008629 5078
1619372233477883652 4266
1619372233661047461 4404
1619372233702371934 5670
1619372233845190235 5657
1619372233883820702 3985
1619372234166739309 3960
1619372234267166039 6394
1619372234340774221 5441
1619372234411433935 3396
1619372234478922495 4725
1619372234544243197 5522
1619372234944077340 5272
1619372235141371154 5110
1619372235335638177 4871
1619372235382343771 4510
1619372235499698393 8888
1619372235614149374 6958
1619372235624857863 8646
1619372235683893394 9860
1619372235934967105 6792
1619372235958198859 4853
1619372236321309280 5137
1619372236598383358 4554
1619372236666877588 10600
1619372237018621942 10639
1619372237146356130 5485
1619372237187087956 4249
1619372237195206130 5978
1619372237477843960 5231
1619372237486024916 6044
1619372237744925624 3783
1619372237781897413 4391
1619372237888984187 4309
1619372237922743439 7878
1619372237997566668 4075
1619372238003211239 3472
1619372238299498989 5566
1619372238413684150 5431
1619372238542728786 5266
1619372238828692950 4765
1619372239030967186 3424
1619372239342743852 7135
1619372239499053975 4438
1619372239613967883 5448
1619372239801198707 8309
1619372239898637056 4515
1619372240122326643 8490
1619372240301862116 7147
1619372240315012868 4426
1619372240384459501 5435
1619372240398800471 6667
1619372240437857158 5967
1619372240478361894 4355
1619372240583413521 8558
1619372240589822123 4328
1619372240823818515 4333
1619372240849596551 2644
1619372240902510214 4461
1619372240906907749 2350
1619372241075992284 4264
1619372241515484688 5048
1619372241529130850 4701
1619372241619867830 4499
1619372241919140864 5290
1619372242065158094 4544
1619372242178554793 3776
1619372242312397037 5225
1619372242392764392 5077
1619372242412154346 4555
1619372242547983445 6847
1619372242570220237 3819
1619372242654392507 7293
1619372242679557775 5719
1619372242810320640 4067
1619372242873442537 4778
1619372242904792064 4715
1619372243165319987 5906
1619372243238939229 5393
1619372243302151173 3517
1619372243343855077 6614
1619372243466725293 8142
1619372243559591288 7518
1619372243582122634 4468
1619372243619599034 5188
1619372243719928868 5427
1619372243765685439 18252
1619372243837793913 4617
1619372244001990256 4625
1619372244175113837 4617
1619372244190436649 4715
1619372244254207342 4048
1619372245048744395 3854
1619372245164278448 22215
1619372245192560181 10140
1619372245207013919 5849
1619372245501823830 5154
1619372245782531063 3762
1619372245973320777 5630
1619372246489730274 4764
1619372246638749053 5234
1619372247110226197 3792
1619372247144100134 4511
1619372247185621570 5007
1619372247261971645 5964
1619372247277307843 4164
1619372247564125878 15551
1619372247965376877 8429
1619372248002750343 5483
1619372248021371070 9167
1619372248050807282 6399
1619372248166153285 13617
1619372248308892914 3610
1619372248340001284 5553
1619372248416507077 8973
1619372248476534005 4135
1619372248582140059 5227
1619372248692106219 5385
1619372248824415643 4225
1619372248980534876 4710
1619372249711405007 6574
1619372249719768458 6310
1619372249754430947 5372
1619372249909255339 5174
1619372250040114879 8211
1619372250359703853 13697
1619372250412343610 6340
1619372250443617190 6754
1619372250498474413 5339
1619372250639097047 4108
1619372250753796607 5061
1619372250799825494 5133
1619372251286474863 4318
1619372251378991906 4389
1619372251636565345 4425
1619372251801031749 5492
1619372251920264210 7450
1619372251995902527 7378
1619372252075566448 7348
1619372252181782413 7013
1619372252281493206 7568
1619372252650041735 5732
1619372252775425530 3629
1619372252789188639 5564
1619372253070559479 4835
1619372253294631170 4873
1619372253334209143 4570
1619372253517603137 5118
1619372253637794797 5730
1619372253857068642 4369
1619372254082515389 5888
1619372254102742673 4778
1619372254192273918 6057
1619372254337844605 6018
1619372254384874450 5986
1619372254873707630 5705
1619372255082268070 6037
1619372255164145048 10959
1619372255229509961 4352
1619372255787906829 4881
1619372255920537605 4497
1619372256415717199 7392
1619372256620990163 4746
1619372256699239253 4495
1619372256900233747 5238
1619372256925231300 4811
1619372256988632991 4639
1619372257024153995 4822
1619372257056011473 5186
1619372257433422455 4010
1619372257507184134 6020
1619372257785630856 6204
1619372257875472433 4573
1619372258302243238 5120
1619372258471729878 4858
1619372258530489237 3812
1619372258913830721 5825
1619372258935384526 4685
1619372259294619012 3777
1619372259330776104 4210
1619372259522278363 8908
1619372259686451987 5536
1619372259692685966 4137
1619372260102767362 3254
1619372260130949191 4691
1619372260329315940 3789
1619372260352421603 6523
1619372260404343246 4919
1619372260536244611 6771
1619372260840207797 15520
1619372260941139483 4599
1619372261101703223 5181
1619372261536576838 7934
1619372261616450539 5401
1619372261631349670 4929
1619372261799039719 5097
1619372261864285339 16006
1619372261978571306 6075
1619372262644300231 4825
1619372262650516940 4026
1619372262755248982 3761
1619372262829742314 3222
1619372263594218413 5094
1619372263709000235 5514
1619372263722448057 5943
1619372263861864429 10761
1619372264104790602 6118
1619372264319923710 3672
1619372264452524164 5033
1619372264620873437 5201
1619372264800541774 4622
1619372265040394700 5681
1619372265171525794 3506
1619372265202757076 7029
1619372265303010734 4375
1619372265538486037 4127
1619372265766873872 9214
1619372265815984716 11296
1619372265836295617 5409
1619372265901591334 5017
1619372265922999485 3992
1619372266263664217 12170
1619372266381433588 4563
1619372266452142022 7094
1619372266501885787 5474
1619372266649028913 6445
1619372266719389920 7934
1619372266806437975 6753
1619372267167387344 11689
1619372267177537474 8036
1619372267205036878 4073
1619372267357816757 5302
1619372267467390646 3640
1619372267508442385 6388
1619372267639353575 6253
1619372267672278520 4803
1619372267741671376 5631
1619372267765938077 5146
1619372267875052364 4594
1619372267969035203 6128
1619372268065173001 15569
1619372268146456464 8646
1619372268540213548 5984
1619372268608866337 7409
1619372268638592708 6329
1619372268735167171 6378
1619372268742021186 4718
1619372268906890707 5635
1619372269067282997 4215
1619372269205761141 4927
1619372269397528928 5753
1619372269504605641 5797
1619372269647303280 5371
1619372269928724215 4156
1619372269990633897 9596
1619372270010658741 3916
1619372270215125657 6765
1619372270244356962 6142
1619372270329014250 4618
1619372270502729140 5909
1619372270665441156 19245
1619372270937439149 4154
1619372271148558540 6124
1619372271181556679 6145
1619372271204402692 4921
1619372271471375108 5016
1619372271602088105 5295
1619372271682183090 9289
1619372271725161212 7915
1619372271767933712 6821
1619372271974982030 5099
1619372272001847393 4204
1619372272291550821 6718
1619372272329053825 5062
1619372272381671344 5470
1619372272840056251 5527
1619372273241554655 5454
1619372273286022581 5069
1619372273455757923 4842
1619372273762024976 6789
1619372273793412082 4405
1619372273939246449 4264
1619372274142775886 5157
1619372274202131644 6131
1619372274449989155 3851
1619372274526921757 4811
1619372274630431995 4776
1619372274803127172 4440
1619372274876190302 4171
1619372274923333344 4101
1619372275468692476 4810
1619372275730568612 7558
1619372275837524024 5954
1619372276509477131 5187
1619372276624617506 5070
1619372277105411991 6271
1619372277430076477 3996
1619372277588288305 4826
1619372277703220155 4433
1619372277739918168 5034
1619372277847815310 4198
1619372277969107945 4285
1619372278099772921 4863
1619372278314798582 4384
1619372278335633609 5214
1619372278483481591 5253
1619372278518906962 9906
1619372278755501877 5258
1619372279132311038 7798
1619372279163754633 5323
1619372279238609799 13762
1619372279318632905 4370
1619372279431096299 5201
1619372279521331893 5143
1619372279638411490 5311
1619372279645142698 4676
1619372279727092988 9351
1619372280280790788 5761
1619372280327448081 5218
1619372280566178294 7947
1619372280586808820 4805
1619372280718949860 6284
1619372281111645262 5364
1619372281120008476 6257
1619372281150115853 5167
1619372281244580083 9148
1619372281325293596 4239
1619372281422033579 8629
1619372281508901159 5367
1619372281648767684 5017
1619372281736645382 6378
1619372281837255985 5218
1619372281963858879 6619
1619372281990082861 5979
1619372282092936149 4918
1619372282400522458 6673
1619372282498873203 6734
1619372282569978742 4247
1619372282642737274 8930
1619372282946140379 3982
