1619369578707806471 4375
1619369578719156176 2710
1619369578751529782 2228
1619369578862068740 2738
1619369578985082237 2361
1619369579007702687 2327
1619369579086741191 3000
1619369579121442795 2892
1619369579241440863 3036
1619369579505682715 2507
1619369579681894360 2970
1619369579755523531 2495
1619369579821587711 2700
1619369580065912881 2313
1619369580074957098 2408
1619369580212717466 2685
1619369580228377563 3053
1619369580305265009 2808
1619369580392027946 4690
1619369580401407063 2566
1619369580491729954 2852
1619369580646889410 2954
1619369580651917837 2843
1619369580876235661 2752
1619369581026805424 3103
1619369581160656678 2580
1619369581280116004 2412
1619369581296093050 2379
1619369581773499985 3526
1619369582224079945 3319
1619369582233730499 2162
1619369582498819967 2804
1619369582520097349 3644
1619369582545749324 2646
1619369582567641336 2509
1619369582634095585 3932
1619369582649538765 2646
1619369582716218855 4040
1619369582756226042 2999
1619369582767454608 2947
1619369582793266006 2423
1619369582799103427 3705
1619369582829040102 2002
1619369582895213901 2960
1619369582932351605 4312
1619369582973949048 2789
1619369583098714804 3901
1619369583104224516 3344
1619369583194646772 3029
1619369583301714035 2622
1619369583376585768 3753
1619369583427058303 2660
1619369583444934381 3140
1619369583553949580 2332
1619369583641537040 2795
1619369583677140321 2505
1619369583880471229 2776
1619369583932174989 3096
1619369583978305160 2662
1619369584011514834 3379
1619369584089974973 2989
1619369584169324217 2497
1619369584243566809 2392
1619369584280777267 3293
1619369584431558621 4084
1619369584477980925 2502
1619369584536644743 3405
1619369584598547613 2650
1619369584863482712 3157
1619369584999595942 3402
1619369585004207063 2424
1619369585016302163 3640
1619369585241224292 2826
1619369585414871573 4587
1619369585444578296 3375
1619369585554614460 2715
1619369585652996100 3382
1619369585711935502 2677
1619369585747955379 3026
1619369585832824312 2746
1619369586119909295 3452
1619369586241680714 3396
1619369586334403062 2899
1619369586475931778 3411
1619369586621736522 2825
1619369586657347223 3863
1619369586676400614 2909
1619369586718532001 2727
1619369586754884708 2413
1619369586761125885 4104
1619369586781965759 3480
1619369586950400341 2415
1619369587027508095 2835
1619369587180090213 2515
1619369587411055306 3346
1619369587588376806 3054
1619369587752029489 2604
1619369587774313154 3094
1619369587799526545 2656
1619369588124904192 2381
1619369588192789124 2461
1619369588228766959 2715
1619369588373327656 3322
1619369588533916875 2845
1619369588669194210 2524
1619369588689989452 2372
1619369588694999217 2818
1619369588722054862 3233
1619369588794001654 2692
1619369588950483020 2832
1619369589341892976 3122
1619369589588511902 2703
1619369589614325904 2334
1619369589685072339 3399
1619369589888492397 3804
1619369590023968170 3335
1619369590102815257 3570
1619369590284545374 2894
1619369590583372423 3761
1619369590697032602 2841
1619369590746728294 2684
1619369590837698856 3494
1619369590939414880 3428
1619369590987579901 4811
1619369591250172869 2689
1619369591277250720 3419
1619369591303187456 2998
1619369591487937364 2779
1619369591562514964 3201
1619369591666804273 2670
1619369591703601647 4016
1619369591713316167 2504
1619369592010450665 3006
1619369592079771755 3748
1619369592431663686 3598
1619369592513516156 2393
1619369592530638694 2450
1619369592561330488 2807
1619369593130292912 2477
1619369593431918753 3264
1619369593448504939 2365
1619369593563356874 3344
1619369593568479453 2934
1619369593622205004 3621
1619369593642801621 2634
1619369593654963675 3032
1619369594009130853 2315
1619369594339527753 3093
1619369594472977770 3253
1619369594537675762 3393
1619369594652713723 2421
1619369594991936251 2872
1619369595006918841 2440
1619369595117621342 2444
1619369595144774753 3170
1619369595161496616 5417
1619369595192824874 3001
1619369595350092461 2415
1619369595367430519 2905
1619369595562870634 3470
1619369595605394071 3725
1619369595662580315 2511
1619369595811423150 2888
1619369595884217748 3887
1619369595893860149 2541
1619369595913809205 2716
1619369595956706256 2658
1619369596307355755 3447
1619369596374736435 2582
1619369596411236339 2745
1619369596427679700 2315
1619369596537686344 3297
1619369596601918137 2522
1619369596743821266 2929
1619369596873596720 2744
1619369596962546169 2567
1619369596967098556 2364
1619369596971625840 2335
1619369597072370943 3546
1619369597144112581 4408
1619369597179258004 3021
1619369597281541951 2349
1619369597313330040 3133
1619369597468185359 2954
1619369597526263289 2814
1619369597651371638 2960
1619369597791046020 3060
1619369597929312449 2537
1619369597998243523 2712
1619369598048263355 2903
1619369598063127038 3210
1619369598176923431 3705
1619369598515490563 3308
1619369598542661117 3205
1619369598547584786 2753
1619369598603767422 2976
1619369598609070795 3188
1619369598720315980 3162
1619369598751825764 3416
1619369598805037673 3225
1619369598918375820 3179
1619369598982982163 2916
1619369599032319273 4874
1619369599163743669 2387
1619369599224501407 2927
1619369599307717899 2990
1619369599344952402 3738
1619369599445234990 3038
1619369599768336993 2588
1619369599904056068 2911
1619369599908832050 2634
1619369599919281683 3583
1619369600173520521 2259
1619369600221441904 3274
1619369600350603597 2678
1619369600528995907 2206
1619369600638286374 2819
1619369600698954005 2567
1619369600901842262 2570
1619369600921641557 2731
1619369600973987846 2616
1619369601268509921 4940
1619369601527020506 4543
1619369601867312713 2371
1619369601913318049 3387
1619369601932787671 2743
1619369602121093889 3295
1619369602190768785 2590
1619369602196209113 3254
1619369602247600606 2659
1619369602287849389 3530
1619369602476298062 2730
1619369602537907885 2573
1619369602721127369 2959
1619369602969238459 2703
1619369602989834234 2388
1619369603049570116 3192
1619369603120264676 3505
1619369603151802146 3266
1619369603466555262 2472
1619369603512621696 3518
1619369603586673055 3097
1619369603596533358 2496
1619369603715942583 3863
1619369603735579868 2178
1619369603743220264 5485
1619369603763509392 2932
1619369603816652678 3111
1619369603827139358 3141
1619369603833850434 4642
1619369603868264366 2858
1619369603921212736 3178
1619369604074372550 4313
1619369604084645292 3187
1619369604199512612 2879
1619369604278071927 2994
1619369604404356778 3130
1619369604414989079 3465
1619369604549046020 2971
1619369604627645104 3118
1619369604759649536 3222
1619369604788192275 5755
1619369604941484592 2620
1619369605075388077 4639
1619369605080486524 2909
1619369605166869369 2819
1619369605225667114 3666
1619369605372731296 3477
1619369605539191578 3400
1619369605553629106 2616
1619369605674049398 2939
1619369605681010323 4799
1619369605783583690 2498
1619369605941693834 2887
1619369605979301550 3214
1619369606117660309 2356
1619369606256978236 2632
1619369606372116102 2897
1619369606467580073 3094
1619369606494678337 2796
1619369606732516134 2819
1619369606800851500 2513
1619369606854512560 2510
1619369607081957947 2283
1619369607183079885 4234
1619369607375280080 2233
1619369607558886107 2125
1619369607646903163 3000
1619369607810136055 3298
1619369607885363185 2674
1619369608360619012 5384
1619369608450360525 2883
1619369608985911712 2635
1619369609028320536 3039
1619369609406910760 4524
1619369609549558175 2904
1619369609649391532 3190
1619369609681087352 3347
1619369609720318863 2783
1619369609846575041 4566
1619369609876912082 2321
1619369609899106968 3043
1619369609918997362 2767
1619369610012958491 4463
1619369610143213694 2966
1619369610236083546 3009
1619369610248530315 3812
1619369610360102680 2712
1619369610669599537 3539
1619369610831384818 2357
1619369610892657058 2565
1619369610912916224 2507
1619369611313090202 2994
1619369611459886625 2817
1619369611763271892 3582
1619369611808263428 3229
1619369611813351056 2876
1619369611821276354 5732
1619369611951165934 3527
1619369611993304352 4920
1619369612023874292 4238
1619369612149400994 3074
1619369612295581416 2523
1619369612365834051 2452
1619369612494561663 2609
1619369612638253832 3493
1619369612664324042 3252
1619369612728550563 4285
1619369612876765540 4432
1619369612927405209 2369
1619369612996155166 2979
1619369613079897245 2607
1619369613185015291 2477
1619369613246343198 3268
1619369613742491446 2648
1619369613840612970 2296
1619369613954183706 2867
1619369614036484791 3534
1619369614046341640 2910
1619369614099576201 3810
1619369614125258958 2618
1619369614291357359 2458
1619369614360086446 3201
1619369614533693761 2820
1619369614560506962 3208
1619369614793085217 3860
1619369614798125340 2870
1619369615041445428 3818
1619369615149837498 3304
1619369615206553025 2793
1619369615222787795 3370
1619369615352892134 2810
1619369615414118836 3588
1619369615439595732 2974
1619369615479804889 3507
1619369615653071685 3214
1619369615688008878 3482
1619369615751846363 2865
1619369615757232582 3246
1619369616049879489 2467
1619369616260730771 3136
1619369616496143405 3272
1619369616748735653 3226
1619369616947080310 2962
1619369617064200422 3483
1619369617096883061 2703
1619369617227230183 3904
1619369617237174616 2922
1619369617366402552 2776
1619369617610769001 2946
1619369617665606014 4605
1619369617807829216 2141
1619369618143117889 3053
1619369618195572276 3325
1619369618253987730 2735
1619369618295727892 3503
1619369618328514805 3091
1619369618353331488 3266
1619369618394748667 2258
1619369618625458813 2864
1619369618768073481 3005
1619369618815792470 3097
1619369618967140495 2855
1619369619116000458 2410
1619369619199761895 2543
1619369619257702454 3210
1619369619268145520 3438
1619369619418051330 2330
1619369619565271446 2595
1619369619604137809 3139
1619369619782170038 2815
1619369619918263622 3181
1619369620018944974 2847
1619369620058039144 3756
1619369620152740939 2455
1619369620507293096 3054
1619369620543792295 2286
1619369620559574630 3003
1619369620577787568 3329
1619369620587628134 2491
1619369620634545731 4464
1619369620639895732 3181
1619369620671293468 2879
1619369620740403968 3919
1619369620772354045 5098
1619369620862856481 3666
1619369620939979236 3038
1619369621151713484 2214
1619369621417368143 2429
1619369621594512129 3140
1619369621750876120 3077
1619369621835712673 3038
1619369621934356450 2320
1619369622003001853 2525
1619369622115046981 2617
1619369622222632512 3089
1619369622809836379 2757
1619369622988683625 3568
1619369623204512692 2874
1619369623388319351 2733
1619369623518536283 3319
1619369623581651377 2393
1619369623640278792 3528
1619369623737938736 3081
1619369624010170793 3756
1619369624154353531 2886
1619369624287112802 2380
1619369624487114939 3261
1619369624884697436 2875
1619369624937679836 2700
1619369625013629511 3206
1619369625118511561 3912
1619369625153731013 3052
1619369625215502789 2490
1619369625231638932 2421
1619369625263566496 2399
1619369625269175880 3421
1619369625285155202 4133
1619369625575819296 3695
1619369625590587433 2667
1619369625712757542 3799
1619369625904130672 2540
1619369625939890015 2690
1619369626133375561 2334
1619369626222173351 2590
1619369626325894331 4036
1619369626346852078 2934
1619369626442418030 2303
1619369626573020908 2623
1619369626696508999 2484
1619369626748055548 3331
1619369626831998943 2700
1619369626985529723 3152
1619369627006251260 2619
1619369627098529760 3421
1619369627259407577 2334
1619369627290938687 3009
1619369627306444268 2726
1619369627316184031 3201
1619369627342873190 2746
1619369627363985826 3452
1619369627374556943 3286
1619369627379599556 2910
1619369627489351022 2511
1619369627504468302 3290
1619369628016470962 3403
1619369628215124038 2884
1619369628661537647 3062
1619369628889332214 2821
1619369628928423614 2279
1619369628996145661 2925
1619369629017041140 2665
1619369629058788807 3121
1619369629065416660 4426
1619369629502156633 2667
1619369629626188276 2397
1619369629631708343 3314
1619369629680506468 2568
1619369629842438402 2705
1619369629910136441 2902
1619369630103706035 2924
1619369630200042347 2510
1619369630422041169 3350
1619369630432818103 3303
1619369630449669088 3217
1619369630485484545 2282
1619369630535205970 2695
1619369630580499485 3206
1619369630781321186 3102
1619369630828220398 3057
1619369630842890726 2627
1619369630871025133 3775
1619369630880507810 2528
1619369631122388265 3593
1619369631486960537 2390
1619369631719604885 2351
1619369631824818611 2982
1619369631909550300 3027
1619369632064780528 4713
1619369632213211652 3838
1619369632480512238 2856
1619369632485960209 3230
1619369632542511461 2510
1619369632589762739 3224
1619369632721837760 2331
1619369632928223086 3168
1619369632996106092 2826
1619369633032991024 2885
1619369633283181363 2591
1619369633476943432 2576
1619369633481800273 2668
1619369633496093468 2230
1619369633909692669 2212
1619369633920495780 2913
1619369633969234180 2858
1619369634287963188 3221
1619369634303629646 3488
1619369634361308188 2969
1619369634371777134 2995
1619369634388679895 3438
1619369634410933682 2663
1619369634552455802 5208
1619369634741380695 3862
1619369634827703748 2528
1619369634965028945 2801
1619369635006941536 2982
1619369635067382566 2509
1619369635104629663 3454
1619369635244887872 2581
1619369635313350215 3509
1619369635391956877 2935
1619369635536822661 2678
1619369635563143665 3645
1619369635583277434 3093
1619369635588666517 3273
1619369635720836714 3015
1619369635872765517 3389
1619369635930352071 2727
1619369635962752792 3252
1619369636084360846 2628
1619369636100614868 2677
1619369636121386657 3891
1619369636151210015 3567
1619369636173553299 3394
1619369636188515896 2465
1619369636229855546 2971
1619369636245369867 2590
1619369636348661908 3195
1619369636369722614 3199
1619369636390394081 3031
1619369636815588561 2969
1619369636864535655 3507
1619369636880697384 3092
1619369637009353250 4584
1619369637020071313 2545
1619369637041674292 3689
1619369637204215974 4526
1619369637230240308 2948
1619369637396087803 2983
1619369637463311813 2936
1619369637479233144 2328
1619369637491174039 4867
1619369637505679445 2549
1619369637522184307 2932
1619369637940156525 3632
1619369637946107821 3728
1619369638091693139 4513
1619369638299550120 3074
1619369638433064503 3270
