1655686572487754849 16740845
1655686572768522456 70572796
1655686572997580159 25630475
1655686573218715552 18716892
1655686573433051347 13214784
1655686573646729416 13250774
1655686573858913767 11707643
1655686574072084725 12765218
1655686574288501741 15967275
1655686574502697865 13773748
1655686574715520026 11849529
1655686574925864376 9901700
1655686575142315202 15965217
1655686575360245833 17125187
1655686575575420649 14775029
1655686575792099466 16140163
1655686576006372444 13710967
1655686576222168240 14762133
1655686576434122241 11533684
1655686576647460250 12902709
1655686576858104711 10113267
1655686577074394244 15867941
1655686577288829743 13986992
1655686577499485042 10216600
1655686577712008159 12072766
1655686577924364489 11930649
1655686578139230055 14597571
1655686578350769152 11217165
1655686578563201905 11964294
1655686578777636916 13910540
1655686578990473443 12528701
1655686579204665276 13896213
1655686579415990703 10763964
1655686579625725521 9418614
1655686579839578944 13527735
1655686580054749381 14846515
1655686580267151656 12214952
1655686580483581134 16115418
1655686580716035544 32121958
1655686580928510078 12110643
1655686581142482002 13442812
1655686581357988518 14744045
1655686581572758471 13836622
1655686581811413758 37785760
1655686582027521438 15813474
1655686582239571889 11651627
1655686582448433319 8500511
1655686582656542909 7625147
1655686582864102835 7080683
1655686583073759403 9190607
1655686583285017970 10075479
1655686583500339375 14706340
1655686583711828126 10532816
1655686583922726694 10565651
1655686584138283081 14550007
1655686584351160125 12550148
1655686584573801299 22321214
1655686584783149377 9012356
1655686585000944739 17430638
1655686585215584162 14213363
1655686585423465382 7441973
1655686585634752781 10827470
1655686585845174243 9953360
1655686586057034792 11427215
1655686586268832991 11355288
1655686586482830385 13589874
1655686586701218486 17923203
1655686586914666080 13038688
1655686587127502705 12586908
1655686587340152190 12220896
1655686587553923650 13266901
1655686587770572547 16225377
1655686587985830496 14585998
1655686588200098914 13878394
1655686588413254720 12866553
1655686588626485629 12805503
1655686588838854465 11288468
1655686589052897419 13647590
1655686589268175958 14870837
1655686589482283095 13660889
1655686589700593974 17854484
1655686589913653943 12711354
1655686590128218304 14125200
1655686590342742750 14023234
1655686590555310978 12239173
1655686590769380362 13418827
1655686590982963168 13282919
1655686591194089442 10695123
1655686591408599348 14060790
1655686591622862066 13890154
1655686591838920068 15591417
1655686592050067499 10842543
1655686592262177909 11718448
1655686592473971544 11355666
1655686592686342458 11915619
1655686592900054863 13313672
1655686593111053364 10577882
1655686593323263623 11886894
1655686593535344189 11726320
1655686593748235881 12564866
1655686593962304871 13591472
1655686594175795949 13037022
1655686594387746732 11398576
1655686594601802663 13511519
1655686594817323446 15050260
1655686595028437750 10645010
1655686595238667555 9770259
1655686595453545632 14601984
1655686595667548258 13559404
1655686595882466687 14522168
1655686596101013455 17988133
1655686596313336570 11961738
1655686596523354325 9609862
1655686596735578421 11905397
1655686596948912402 12936777
1655686597161469350 12030933
1655686597375795584 13985158
1655686597589394636 13252127
1655686597805488275 15780120
1655686598017233169 11374274
1655686598228647215 11102139
1655686598442030459 13055854
1655686598653440366 11036425
1655686598867973143 14181161
1655686599082693171 14300733
1655686599298460334 15530424
1655686599512685591 13128836
1655686599730828722 17900628
1655686599945470848 14249436
1655686600160045367 14115784
1655686600372042175 11532167
1655686600583682288 10536197
1655686600799250498 15230342
1655686601009542715 9886289
1655686601224751463 14224333
1655686601436152073 10905741
1655686601647025980 10460980
1655686601867686129 20234261
1655686602082862567 14321757
1655686602294551687 11346737
1655686602509381651 14371540
1655686602723120906 13325024
1655686602934646995 11107914
1655686603147298146 12213824
1655686603357981593 10226359
1655686603571548225 13124347
1655686603786182398 14191247
1655686604001179797 14545370
1655686604217359293 15717246
1655686604429581618 11574191
1655686604642807857 12633081
1655686604855621680 12213852
1655686605070370563 14403887
1655686605287248468 16004134
1655686605500192759 12461598
1655686605714296862 13653751
1655686605926785618 12117405
1655686606141245784 13961668
1655686606357530014 15812331
1655686606572134783 14297630
1655686606788516304 15933445
1655686607001219697 12260835
1655686607213857830 12128766
1655686607425619005 11341175
1655686607639457524 13454946
1655686607852213530 12409844
1655686608063290890 10716128
1655686608277653238 13935249
1655686608491453055 13489290
1655686608706306751 14503714
1655686608919405624 12741889
1655686609131152209 11392215
1655686609346414227 14820304
1655686609557967966 11044814
1655686609772622090 14225753
1655686609986540697 13156711
1655686610200649553 13727541
1655686610412774065 11614409
1655686610626487552 12850695
1655686610840462332 13515830
1655686611053491367 12565182
1655686611266712946 12782718
1655686611479467434 12344154
1655686611689631030 9705268
1655686611904841045 14882759
1655686612116030451 10807080
1655686612329159092 12803708
1655686612539932765 10099378
1655686612752048530 11651326
1655686612966543813 13879254
1655686613182931331 15995454
1655686613399106691 12177327
1655686613610891935 11292466
1655686613826113938 14815629
1655686614035215664 8277554
1655686614246680176 10706922
1655686614460587206 12609402
1655686614673273006 12179191
1655686614885556810 11772312
1655686615100937340 14973845
1655686615318758602 16782163
1655686615530010412 10641150
1655686615744988791 14024119
1655686615959268612 13877228
1655686616172003312 11938813
1655686616384450063 11486662
1655686616599287178 14325467
1655686616809066916 9150935
1655686617021734900 12451545
1655686617234376272 12217092
1655686617444998163 10304384
1655686617657472909 11537148
1655686617872733915 14272523
1655686618091673965 13739503
1655686618307528400 11576487
1655686618523214363 15252667
1655686618734533006 10555014
1655686618942312394 7462441
1655686619151497130 8091907
1655686619360841929 8881765
1655686619575420868 14179136
1655686619790162383 14336144
1655686620004885796 14383925
1655686620216679547 11169988
1655686620430310600 13208446
1655686620640728835 9785562
1655686620852509551 11305860
1655686621068243998 14769287
1655686621282453832 12807638
1655686621495037383 12051083
1655686621709607486 12654589
1655686621921847353 11886880
1655686622135196717 12332273
1655686622350982995 14915191
1655686622562960929 11664568
1655686622776436797 13132575
1655686622989589425 11929861
1655686623203821021 14117679
1655686623414539843 10374792
1655686623626216077 11220762
1655686623838502980 11656245
1655686624051434064 12473524
1655686624264146462 12222196
1655686624481896384 17242524
1655686624699782736 17356192
1655686624912289534 12188078
1655686625130354421 17728853
1655686625340742951 10072541
1655686625554534683 13464083
1655686625769251276 14342954
1655686625983277401 13732073
1655686626198792867 15150710
1655686626412028726 12824650
1655686626624253241 11887039
1655686626839996544 15028364
1655686627052429813 12110547
1655686627266712042 13745150
1655686627482020980 14970837
1655686627698322483 15954474
1655686627913497096 14862585
1655686628125200357 11393197
1655686628337731547 12226292
1655686628550519971 12485821
1655686628762601164 11734598
1655686628981347769 18403918
1655686629200537535 18890928
1655686629411860691 10861919
1655686629622060499 9761628
1655686629834683671 11744536
1655686630047483302 11503532
1655686630258035652 9871192
1655686630475343426 16795816
1655686630688349166 12147168
1655686630901827314 12549618
1655686631119400286 16553356
1655686631335618234 15330937
1655686631546702969 10094275
1655686631761233196 13978391
1655686631972698578 10797466
1655686632190444466 17418968
1655686632402711038 11961550
1655686632614100346 11080080
1655686632825206544 10630323
1655686633039628557 13852089
1655686633254629200 14386635
1655686633466745528 11791967
1655686633679485951 12421240
1655686633890738207 10882273
1655686634107222701 15854733
1655686634321036247 13467656
1655686634532792379 11409254
1655686634746138092 12995257
1655686634960103762 13650009
1655686635178438280 18002033
1655686635390457922 11699041
1655686635601744222 10961061
1655686635819516850 17427811
1655686636029944554 10078869
1655686636242242865 11971134
1655686636456019723 13449390
1655686636672591391 13798520
1655686636886228096 13260553
1655686637104480561 17571428
1655686637314576622 9474264
1655686637524711487 9699616
1655686637736248844 10865438
1655686637948121702 11543808
1655686638162650477 13990958
1655686638380493685 17301174
1655686638592396061 11538037
1655686638826548808 33733416
1655686639034643101 7785114
1655686639246003715 11058122
1655686639461684939 15046395
1655686639674576983 12343544
1655686639891658755 14796382
1655686640111426631 19299532
1655686640324373676 12487554
1655686640536910381 11941530
1655686640747449580 10199231
1655686640960730279 12773207
1655686641173718896 12499656
1655686641384391255 9984426
1655686641592419017 7589471
1655686641804110031 11256827
1655686642013974156 9523685
1655686642225824278 11418690
1655686642437292659 11333103
1655686642651831258 13887835
1655686642869826729 16424625
1655686643094322251 23754560
1655686643310254600 15517186
1655686643521927483 11216107
1655686643735259201 12813356
1655686643947550133 11234599
1655686644157721662 9747982
1655686644369486257 10984831
1655686644598516293 28531551
1655686644809253648 10282374
1655686645018515603 8813690
1655686645232333882 12806411
1655686645442175065 8266248
1655686645650529363 7876703
1655686645861631583 10569567
1655686646080351382 18380676
1655686646292112686 11379169
1655686646501131253 8646884
1655686646711910180 10466094
1655686646925644840 13399917
1655686647138624167 12677957
1655686647350284853 11245828
1655686647562334255 11569132
1655686647777494313 14361615
1655686647992150179 14191032
1655686648207013250 14383212
1655686648421765376 14009465
1655686648636366160 14397412
1655686648853846139 16613726
1655686649067966958 13335707
1655686649280398289 11947385
1655686649496061440 15031622
1655686649707113679 10818212
1655686649921361229 13397232
1655686650134730696 13041509
1655686650346385271 11200181
1655686650557991122 11288662
1655686650770640118 11593222
1655686650984792190 12864459
1655686651198964989 13701934
1655686651411803752 12415492
1655686651623641373 11123660
1655686651842542255 16866096
1655686652052417894 8352689
1655686652263592250 10830143
1655686652477976915 14053827
1655686652699552837 20530595
1655686652909072261 9156380
1655686653120285614 10868321
1655686653330613044 9997508
1655686653542440435 11483816
1655686653756261480 11426550
1655686653970536103 13888442
1655686654184774957 13920597
1655686654398277427 13166953
1655686654610742049 12139715
1655686654826144784 14904568
1655686655038327300 11666360
1655686655255066872 16400582
1655686655469599182 14227363
1655686655685509174 15580512
1655686655898024600 12131880
1655686656129332994 30996767
1655686656340567401 10856277
1655686656552893718 11853876
1655686656761952359 8727453
1655686656972116512 9850439
1655686657181787740 9342450
1655686657395137601 13028200
1655686657608672104 13205172
1655686657822254305 12965995
1655686658032675325 10102600
1655686658246386990 13077919
1655686658459597413 12709220
1655686658672482608 12580232
1655686658884773785 11910144
1655686659097990577 12718877
1655686659311090830 12002667
1655686659523673550 12215185
1655686659735266697 11032441
1655686659947267560 11523920
1655686660162358431 14754667
1655686660371988265 9327553
1655686660589511926 17098865
1655686660802705735 12781002
1655686661018965609 15530825
1655686661230986176 11409132
1655686661447807934 16404392
1655686661662923264 14715879
1655686661877111567 13682039