1655323312928197997 0
1655323313929254611 0
1655323314930428434 0
1655323315931593726 0
1655323316932767796 0
1655323317933933108 0
1655323318935087899 0
1655323319936232328 0
1655323320939975088 0
1655323321944253901 0
1655323322945631403 0
1655323323946771967 0
1655323324947931520 0
1655323325949080639 0
1655323326950249885 0
1655323327951188993 0
1655323328952347826 0
1655323329953494332 0
1655323330954646411 0
1655323331955798851 0
1655323332956944823 0
1655323333958088186 0
1655323334959245935 0
1655323335960401901 0
1655323336961186300 0
1655323337962356530 0
1655323338963506099 0
1655323339964649339 0
1655323340965116294 0
1655323341966260912 0
1655323342967412254 0
1655323343968555819 0
1655323344969693377 0
1655323345970837556 0
1655323346972050539 0
1655323347973216073 0
1655323348974367616 1
1655323349975562629 7
1655323350975807033 11
1655323351976073969 15
1655323352977145165 23
1655323353977974834 24
1655323354979038078 20
1655323355980979095 22
1655323356981252350 25
1655323357982172527 26
1655323358983875469 21
1655323359984142891 25
1655323360985324160 21
1655323361986800404 26
1655323362987974928 22
1655323363989304416 24
1655323364990771158 27
1655323365991003630 23
1655323366991279173 24
1655323367991510025 25
1655323368991731163 22
1655323369993163652 23
1655323370993375601 24
1655323371994393345 22
1655323372995104553 25
1655323373995633077 26
1655323374996821785 24
1655323375998034118 22
1655323376998217461 25
1655323377999414835 23
1655323379000588596 22
1655323380001618548 23
1655323381002189080 25
1655323382002451561 21
1655323383005113671 25
1655323384005310817 21
1655323385006330860 26
1655323386007511438 22
1655323387007763982 25
1655323388008979696 23
1655323389009479969 24
1655323390010648591 23
1655323391011097829 24
1655323392011349253 23
1655323393012523201 20
1655323394013509406 23
1655323395013822831 27
1655323396014986152 26
1655323397015764639 18
1655323398017120186 19
1655323399018235720 26
1655323400019420567 24
1655323401019614913 27
1655323402020353847 24
1655323403020891503 23
1655323404021153352 25
1655323405022580540 29
1655323406023106666 19
1655323407024372281 20
1655323408025237176 23
1655323409026419619 26
1655323410027607701 20
1655323411028814865 28
1655323412029152377 19
1655323413031641891 25
1655323414032391738 25
1655323415033166470 19
1655323416034652043 27
1655323417035422665 24
1655323418036622416 18
1655323419037163383 29
1655323420038916514 21
1655323421040080167 25
1655323422041135014 25
1655323423042300795 19
1655323424043462579 22
1655323425044421787 21
1655323426045155457 27
1655323427046805544 27
1655323428047991022 21
1655323429050585891 21
1655323430052633600 28
1655323431053802201 20
1655323432054640973 25
1655323433056099670 25
1655323434058472070 23
1655323435059789420 25
1655323436060962357 25
1655323437062109051 16
1655323438064074581 30
1655323439065172841 19
1655323440066497476 22
1655323441067666456 6
1655323442068838125 0
1655323443070014962 0
1655323444071181538 0
1655323445072351261 0
1655323446073154875 0