1655349598973132150 13
1655349599974043356 13
1655349600975208880 13
1655349601976375375 13
1655349602977399039 15
1655349603979157970 15
1655349604980334840 14
1655349605981219665 13
1655349606982385118 16
1655349607983571638 12
1655349608983928725 16
1655349609985101745 14
1655349610985751680 12
1655349611986250608 14
1655349612987444145 14
1655349613988638101 15
1655349614989122364 14
1655349615990193285 14
1655349616991542651 13
1655349617991737674 13
1655349618991993917 15
1655349619993120869 14
1655349620994118150 13
1655349622000034050 14
1655349623001702328 15
1655349624002990022 14
1655349625004152247 14
1655349626005135606 15
1655349627006304891 14
1655349628007474115 16
1655349629008645003 14
1655349630012717724 16
1655349631014692634 13
1655349632015873314 12
1655349633016407685 14
1655349634017143570 14
1655349635017334333 12
1655349636018521365 13
1655349637019696918 13
1655349638020860893 14
1655349639022031309 13
1655349640023276849 16
1655349641025137551 16
1655349642026303302 13
1655349643026725337 12
1655349644028007822 13
1655349645028231327 12
1655349646029147508 16
1655349647030940949 13
1655349648031249645 13
1655349649032459488 14
1655349650033166118 14
1655349651033985986 13
1655349652035257617 14
1655349653036428211 14
1655349654037140191 14
1655349655038337061 13
1655349656039515243 13
1655349657039763527 15
1655349658040934128 14
1655349659042117175 15
1655349660043291010 13
1655349661044783293 16
1655349662045138160 14
1655349663046374602 14
1655349664047762791 13
1655349665048820920 15
1655349666049135301 16
1655349667049605002 15
1655349668051009837 14
1655349669051571657 14
1655349670052274773 14
1655349671053149125 15
1655349672054310697 15
1655349673055498581 15
1655349674055748653 13
1655349675056922118 15
1655349676057967839 13
1655349677059309779 13
1655349678059774961 16
1655349679060954911 16
1655349680061578508 13
1655349681062891748 14
1655349682064077175 15
1655349683065295209 13
1655349684066466886 13
1655349685066976612 16
1655349686068597311 14
1655349687069789005 12