1655349750489733549 18
1655349751491211082 22
1655349752492484903 25
1655349753493748829 20
1655349754494935056 25
1655349755496128237 25
1655349756499386919 25
1655349757501407869 22
1655349758501906030 28
1655349759502940781 17
1655349760504233969 25
1655349761505399823 25
1655349762506681317 23
1655349763507880871 21
1655349764508092276 20
1655349765509269615 26
1655349766509843307 20
1655349767511255320 24
1655349768512425564 24
1655349769513613318 24
1655349770514811801 23
1655349771515998557 24
1655349772517915751 22
1655349773519552377 24
1655349774520600128 18
1655349775521777665 24
1655349776522950908 24
1655349777524119846 21
1655349778525330430 21
1655349779526261917 27
1655349780527749651 18
1655349781528911792 24
1655349782529914924 25
1655349783530948256 21
1655349784531344140 21
1655349785532603640 19
1655349786534105241 22
1655349787535622380 23
1655349788536039724 23
1655349789537068794 24
1655349790537837192 19
1655349791539032497 24
1655349792540216255 24
1655349793541888881 24
1655349794543611457 23
1655349795544546367 23
1655349796547874917 24
1655349797549447818 23
1655349798549853907 26
1655349799551031608 25
1655349800551225632 23
1655349801552399248 27
1655349802553562834 21
1655349803554136682 24
1655349804555315292 23
1655349805556482941 17
1655349806557291092 25
1655349807557858445 20
1655349808558797910 26
1655349809559979257 19
1655349810561159559 25
1655349811561854725 23
1655349812563025102 20
1655349813563381631 25
1655349814565196198 21
1655349815565792227 25
1655349816566972397 25
1655349817569021079 17
1655349818570777058 22
1655349819572038539 22
1655349820573530903 23
1655349821573863508 22
1655349822575619677 23
1655349823576675006 26
1655349824577863791 25
1655349825578389956 20
1655349826578640045 26
1655349827579082059 27
1655349828580671242 24
1655349829582172501 25
1655349830583160374 22
1655349831584071776 22
1655349832585248443 22
1655349833585861715 21
1655349834586782501 25
1655349835586989794 20
1655349836587991901 26
1655349837588215757 22
1655349838589387773 20