1654662993380340112 2976666
1654662993615610659 3447491
1654662993906204294 8987950
1654662994248088847 7544556
1654662994865607423 8814611
1654662995170300309 8301811
1654662995723521576 5043586
1654662995981490747 5715821
1654662996352237215 1647627
1654662997486663013 1047770
1654662998552236569 1633035
1654662998806651982 5358186
1654662999473753129 2016674
1654662999859245337 8416858
1654663000979930353 1955168
1654663002344259379 1658311
1654663003379178048 2018561
1654663004394110644 1027877
1654663004773651709 1737146
1654663005177720805 1055344
1654663005672727560 2943193
1654663006273116658 3009358
1654663006591460239 1122998
1654663007571098504 8854249
1654663008472700797 9803850
1654663008810413842 1321406
1654663009377903254 1807615
1654663009777125090 1814670
1654663010127038875 1365723
1654663010572744521 2450448
1654663010931420356 1347415
1654663011339767125 4639629
1654663012347957703 6005134
1654663012772748267 1908290
1654663013647884801 5374987
1654663013931163782 8244568
1654663014539862914 1417679
1654663015474526989 9452015
1654663016577801812 1810804
1654663017773486614 9469791
1654663018172690745 1770051
1654663019478485326 9784399
1654663019747789977 5281336
1654663020572747347 1800039
1654663021272794937 9811884
1654663022591576293 2905202
1654663023772087087 9307478
1654663024039366888 4542616
1654663025086307499 1060534
1654663025539271042 5200598
1654663026691779062 3124331
1654663027172633748 1944790
1654663027894595099 1135625
1654663029172779788 2728607
1654663030787298264 1926700
1654663031372723970 1887608
1654663032572749369 2789722
1654663033677760049 9487929
1654663033922359179 4377514
1654663034272691311 9960682
1654663034571912008 9321734
1654663035365511233 8838234
1654663036330530659 4433147
1654663036795509696 1144736
1654663038026628996 5102971
1654663038735166132 1443482
1654663038991742679 5592208
1654663039280613640 8272801
1654663040343623851 5849747
1654663041426890234 1294325
1654663042218453287 4511075
1654663042572834820 1006404
1654663043772849633 1871906
1654663044301161114 2084902
1654663045183420810 4075388
1654663045934989890 3909984
1654663046491355974 1947213
1654663047078146833 2852082
1654663047886274210 9503480
1654663048768502080 8559132
1654663049072805704 9822063
1654663050480240989 3864579
1654663051061367892 8605486
1654663052372787181 3852849
1654663052772705703 1761745
1654663053597900990 3089889
1654663054072725460 1794308
1654663054472713139 1883258
1654663054784384107 9947077
1654663055043155573 4925514
1654663055468357496 8767146
1654663056072825724 1805440
1654663057072878487 9916156
1654663057472673945 1897484
1654663057972786752 1728405
1654663058572762266 1817610
1654663058843120929 6443469
1654663059281536869 1005431
1654663060088961718 2020220
1654663060427387107 1313203
1654663060772779679 1352449
1654663062272806136 2868524
1654663062526237809 4703417
1654663063585219387 1012085
1654663064817930901 1200707
1654663065172630764 1539182
1654663065472797841 7753740
1654663065877880673 1945224
1654663066672730235 9206674
1654663067972574819 1917354
1654663069309646924 1242020
1654663069663504829 9138566
1654663070778361355 2838759
1654663072172771587 4731304
1654663073072723270 1757913
1654663073784401629 9900411
1654663074792745679 4003457
1654663075086533967 8770902
1654663076051415867 1551351
1654663076372613589 1203314
1654663076675930611 9731178
1654663076972581784 9524650
1654663077272707020 9412865
1654663077691221520 2096100
1654663078288267736 9998453
1654663078630066488 1377212
1654663079272687062 1895199
1654663079986628294 2091511
1654663081178197404 9757687
1654663081429584727 3885840
1654663081776000636 1038446
1654663083043046565 2484256
