1654664018993443771 3944398
1654664019294824729 1485198
1654664021914040933 2147937
1654664022704789572 5068825
1654664025496388907 5943823
1654664028604840626 9844846
1654664030893111136 5771354
1654664033798379191 1083113
1654664034594459391 5018913
1654664037796492063 3887685
1654664039913894927 3212292
1654664044514915043 1101444
1654664047493269949 2835348
1654664050593241215 5003596
1654664051813171349 6113911
1654664054503729565 7009163
1654664055201418066 4087591
1654664057703405459 3936252
1654664058894425675 5018301
1654664060109886156 2912748
1654664060712603856 3082565
1654664063807844525 1093556
1654664067698634341 6844485
1654664070215591706 9186324
1654664070794151516 1985582
1654664071293349125 2955228
1654664076894425344 8932712
1654664079997528081 6879566
1654664084011683803 3068310
1654664084715268471 3225615
1654664085498386660 3852467
1654664086319208609 2176042
1654664089904832408 3974858
1654664093599361575 1383345
1654664096293255873 7834558
1654664099694215504 2848934
1654664100508642565 5052556
1654664101193390566 2864982
1654664103508284449 2033688
1654664105414791434 2946733
1654664107593206850 4744069
