1619569202974640879 3819
1619569203096866789 4384
1619569203136733141 4613
1619569203826461238 5036
1619569203903461119 5367
1619569204091638257 4368
1619569204314598260 3555
1619569204486899986 6147
1619569204656359413 16284
1619569204924273159 3438
1619569205124194311 5986
1619569205176359575 5392
1619569205355887942 29988
1619569205481485444 6326
1619569205511426597 4825
1619569205596589723 4718
1619569206730538417 3791
1619569207072276106 4259
1619569207108970068 4579
1619569207136294836 3870
1619569207189498541 4259
1619569207619201058 5130
1619569207708509035 3595
1619569207981839864 6942
1619569208091839762 6987
1619569208328358231 3721
1619569208523358889 3612
1619569208592783655 3897
1619569209167725291 4292
1619569209225141568 4023
1619569209424528844 3937
1619569209633009558 3768
1619569209662353777 7878
1619569209835741825 4306
1619569209866859451 3975
1619569209907157865 3744
1619569210030351437 4694
1619569210167947951 5042
1619569210402884293 6472
1619569210567414156 4734
1619569210666457154 4326
1619569210700993355 4527
1619569210770867590 5719
1619569210798661446 4340
1619569210813348880 6617
1619569211133836562 4602
1619569211333286247 4520
1619569211389622055 3796
1619569211549981451 5677
1619569212056837341 5094
1619569212151381781 5321
1619569212315063926 3599
1619569212365850199 3079
1619569212681640617 7404
1619569212686945274 3211
1619569212774850777 3680
1619569212929284610 4332
1619569212962039990 4829
1619569213141416276 4363
1619569213196004137 3611
1619569213291150518 4364
1619569213372696783 4859
1619569213383357654 8560
1619569213502468787 3812
1619569213564618961 4183
1619569213822645733 3529
1619569214353688411 3243
1619569214419785820 3361
1619569214560404342 3581
1619569214915828291 4622
1619569215048402888 6106
1619569215066963669 4508
1619569215271009669 5667
1619569215378082144 5238
1619569215818110402 3882
1619569215996053968 4051
1619569216011117360 7059
1619569216031316482 4812
1619569216079074948 3762
1619569216193159762 4222
1619569216313949403 4209
1619569216443886276 3447
1619569216535424363 5391
1619569216595265997 4357
1619569216632002461 4339
1619569216682861728 3636
1619569216754900531 5393
1619569216894963339 3856
1619569217516171013 5370
1619569217535566785 5888
1619569218027950561 3505
1619569218040079645 4973
1619569218367660162 4385
1619569218478915062 3946
1619569218490929075 4009
1619569218585200278 4588
1619569218873621528 4082
1619569218943247198 7288
1619569218996527794 4805
1619569219362500152 4460
1619569219519061014 2395
1619569219775861943 4643
1619569220025788904 3751
1619569220211230173 3875
1619569220527144969 4559
1619569220558439067 15350
1619569220586418863 6262
1619569220605507001 3896
1619569220634586297 3863
1619569220744590911 13862
1619569220768956753 4005
1619569220802555326 3886
1619569220959080219 12276
1619569220978747399 4292
1619569221016524692 4487
1619569221219969613 8603
1619569221450373756 4220
1619569221464803755 3952
1619569221524543342 3373
1619569221530575154 3920
1619569221689811745 4577
1619569221772363497 5363
1619569221939760554 3588
1619569222089616638 3347
1619569222112549989 7078
1619569222226553022 4247
1619569222350030410 3562
1619569222435156764 5118
1619569222480965755 7537
1619569222597694737 3527
1619569222697572003 4306
1619569222841771310 4370
1619569222879742396 4587
1619569222932134610 4391
1619569223013701543 2764
1619569223103178394 4463
1619569223360811859 3520
1619569223367157043 4256
1619569223616623855 3954
1619569223704449710 4327
1619569223911653190 4437
1619569223964311996 7193
1619569224128815656 5484
1619569224184161223 4738
1619569224486281319 3398
1619569224532504819 4172
1619569224553466529 3713
1619569224908929763 4103
1619569224969214281 2804
1619569225125893805 4027
1619569225172948738 4447
1619569225313762310 3839
1619569225399985934 3516
1619569225526094866 4061
1619569225680483843 3507
1619569225819733015 5197
1619569225863470562 6526
1619569226074061204 4346
1619569226689899463 3643
1619569227017277888 4891
1619569227031619793 3508
1619569227059027936 4426
1619569227199704457 10345
1619569227334575884 3745
1619569227534069572 4038
1619569227581218973 3865
1619569227801805034 4203
1619569227820917794 3237
1619569227900405440 4227
1619569228011242668 4548
1619569228297052744 6642
1619569228484206425 4218
1619569228526153733 8156
1619569228669495099 3685
1619569229254975299 4079
1619569229412173157 4912
1619569229956181388 6744
1619569230015322235 3781
1619569230140970302 4645
1619569230371668642 3239
1619569230644263982 3681
1619569230810859910 5484
1619569230877381666 4008
1619569231062685033 3928
1619569231223549494 4370
1619569231315093031 5127
1619569231786516963 3506
1619569232144582086 3992
1619569232490157912 3881
1619569232522748657 3881
1619569232538019246 4331
1619569232543705375 3586
1619569232827791040 3758
1619569232865053280 4439
1619569233157780158 5201
1619569233170988319 3856
1619569233176651448 3580
1619569233346917594 4127
1619569233353310035 4304
1619569233495966483 3361
1619569233859387934 11222
1619569233993118863 3850
1619569234097391148 4221
1619569234240396376 3325
1619569234295574477 4358
1619569234380508327 4665
1619569234426266366 3931
1619569234502665361 7532
1619569234641710199 3931
1619569234672061280 4231
1619569234713472779 4323
1619569234791881719 4037
1619569235154942739 14775
1619569235357160534 19621
1619569235405590993 4382
1619569235535890452 4142
1619569235576628189 4266
1619569235730841879 6187
1619569235786225023 4611
1619569235795387239 6921
1619569235841393837 3130
1619569235886280073 6342
1619569235891592176 3272
1619569235905578994 4421
1619569235915673733 7994
1619569236016864585 5040
1619569236148312243 4991
1619569236363885144 4189
1619569236422335981 3605
1619569236721410770 4615
1619569237211166180 3188
1619569237299397056 4924
1619569237304676434 3161
1619569237773121162 4279
1619569237937926100 6170
1619569238039565310 4282
1619569238119359501 6712
1619569238133081919 3662
1619569238256893276 5765
1619569238278688545 5376
1619569238296576451 3632
1619569238489365780 4371
1619569238555558005 10217
1619569238623152320 4051
1619569239301000752 3948
1619569239410302392 5085
1619569239471006726 9964
1619569239819780428 7908
1619569239825098631 3243
1619569240176959299 3039
1619569240364792780 4874
1619569240407616018 4213
1619569240467454409 6313
1619569240492808114 3853
1619569240532304111 3634
1619569240731691517 5165
1619569240822840829 2608
1619569240899077881 5354
1619569241086015846 3992
1619569241098850994 4640
1619569241187332566 4266
1619569241247427898 4602
1619569241335841397 11000
1619569241450003776 6355
1619569241468945524 5183
1619569241553037725 6591
1619569241606268344 7376
1619569241990892935 3742
1619569242120106626 5661
1619569242126246578 4041
1619569242241965175 3932
1619569242322984500 3479
1619569242572251891 5458
1619569242617853868 4986
1619569242631881786 3310
1619569242920720914 3686
1619569243005636956 4737
1619569243082649358 3840
1619569243303819351 4059
1619569243342090701 7464
1619569243796316304 3839
1619569243892487500 4222
1619569244269586316 2966
1619569244276580935 4959
1619569244412801304 5037
1619569244883153454 3127
1619569244962583364 4490
1619569245308162541 3739
1619569245404861968 3579
1619569245418033578 4625
1619569245540433431 5061
1619569245659923898 5603
1619569245674157138 6164
1619569245789476708 3999
1619569245938688684 4268
1619569246041037955 5070
1619569246156778597 13462
1619569246292224482 4365
1619569246344601649 4908
1619569246365622937 6739
1619569246562742741 3960
1619569246623881786 5121
1619569246882390037 4091
1619569247204628576 4020
1619569247228192940 4130
1619569247262840039 5163
1619569247289980432 5015
1619569247864853846 3702
1619569248409587502 3606
1619569248698752634 3835
1619569248741070249 5600
1619569248762699504 5674
1619569248948400834 4557
1619569249100040610 5129
1619569249160135355 17556
1619569249390827455 3662
1619569249759195750 4980
1619569249885486603 4346
1619569249904038798 4006
1619569250043219257 4117
1619569250316093280 7922
1619569250377701530 6302
1619569250408802450 5330
1619569250508064424 3822
1619569250708205801 4128
1619569250777334252 3457
1619569250936938018 4337
1619569251102736545 5000
1619569251276629048 4647
1619569251448515577 5146
1619569252061622845 4245
1619569252111731572 2989
1619569252255578932 5284
1619569252313258648 4571
1619569252510051593 3763
1619569252538101652 3661
1619569252564972717 3527
1619569252615063289 4854
1619569252681885857 4757
1619569252869579387 4072
1619569252904482983 6050
1619569253192091627 4200
1619569253250232642 7324
1619569253323886383 4155
1619569253470330066 4139
1619569253503870209 3634
1619569254024492171 8216
1619569254187722711 3170
1619569254234377625 4796
1619569254365054183 5118
1619569254401631207 4370
1619569254777032584 4549
1619569254796951782 4209
1619569254823824569 4574
1619569254858735233 14092
1619569255111179476 3265
1619569255208389455 5262
1619569255235120579 4199
1619569255258699819 5783
1619569255442011797 4492
1619569255491982603 3467
1619569255617284712 5285
1619569255690647757 3589
1619569255767935408 3961
1619569255787968033 6506
1619569255843998715 4127
1619569256113601314 3719
1619569256427138195 8137
1619569256454790936 5786
1619569256497456486 3460
1619569256642696197 4160
1619569256793737155 4249
1619569256927387638 3959
1619569257035743041 3802
1619569257150952201 4737
1619569257200543722 4376
1619569257482678237 3460
1619569257503554549 4213
1619569257573999445 3099
1619569257622693794 4971
1619569257661193329 3405
1619569257739850186 3416
1619569257761643416 5870
1619569257864795303 4287
1619569257941511475 4005
1619569257948169718 4534
1619569258054402097 4351
1619569258225674934 3909
1619569258319251998 4703
1619569258581083345 4268
1619569259201422250 5383
1619569259357054713 5058
1619569259407620677 4925
1619569259432212872 4498
1619569259607407404 3685
1619569259635990515 3801
1619569260227209037 6337
1619569260514439024 4532
1619569260624208217 3046
1619569260821934392 4281
1619569261088667962 4011
1619569261140772991 3879
1619569261422182348 6845
1619569261495146472 3791
1619569261581987235 3157
1619569262017425901 3859
1619569262040318448 3172
1619569262070331691 5251
1619569262111733486 4270
1619569262135763300 3850
1619569262157758942 11589
1619569262246600865 4254
1619569262362737321 6828
1619569262497785994 9491
1619569262694950999 4361
1619569262719245493 4063
