1619569958746294423 3089
1619569959331217113 3865
1619569959403508175 7205
1619569959673239947 5091
1619569959679935873 4547
1619569959716602524 6588
1619569959884658866 7040
1619569959939874437 13525
1619569959985658024 4952
1619569960042937698 3934
1619569960178704012 6694
1619569960241146361 26569
1619569960315056358 11114
1619569960675022688 4435
1619569961078268162 4892
1619569961161463333 5573
1619569961349873548 8676
1619569961689421618 6347
1619569962202037195 6542
1619569962301637015 6289
1619569962555588017 6564
1619569962694252617 5326
1619569962880853762 5924
1619569963111666440 8170
1619569963117451972 3655
1619569963140689342 21102
1619569963388063425 4640
1619569963714719173 8001
1619569964340341404 7744
1619569964615854329 6182
1619569965008367598 5366
1619569965087466935 4057
1619569965293527479 8637
1619569965353801962 4287
1619569965741389508 17212
1619569965883859146 4452
1619569965896043247 3683
1619569966145847825 4327
1619569966497535591 4261
1619569966522214614 3794
1619569966650910911 5073
1619569966950309710 6963
1619569967185014870 8678
1619569967198785786 5116
1619569967212945601 4942
1619569967223368529 8200
1619569967378572462 5254
1619569967450767611 9651
1619569967698769009 8709
1619569967853094025 4297
1619569968060326399 5474
1619569968386799828 7251
1619569968700315890 4453
1619569968794569384 4120
1619569968913454608 4134
1619569968936141915 4882
1619569969302640609 6666
1619569969434012159 9363
1619569969648446408 4029
1619569969747722864 5729
1619569970395027388 5397
1619569970476574854 4749
1619569971086825702 5185
1619569971212400286 4456
1619569971242430544 6293
1619569971265197562 5259
1619569971369506540 4584
1619569971409240234 6482
1619569971484950379 5060
1619569971889235692 5893
1619569972297549813 5068
1619569972362184711 4411
1619569972798115990 8270
1619569972826233158 4799
1619569972841712553 4850
1619569972865660848 4880
1619569973262976872 6542
1619569973295312479 8948
1619569973507632505 4165
1619569973520695229 4225
1619569973653038887 5553
1619569973698181041 4683
1619569973720216564 6137
1619569973813003828 6096
1619569973853702785 8511
1619569973882252092 5042
1619569974012022696 3982
1619569974085016274 6303
1619569974300724304 8519
1619569974411356150 3982
1619569974425013532 11590
1619569974460490556 4820
1619569974570366796 4397
1619569974720008897 4396
1619569974864954728 4306
1619569974895365064 4111
1619569975010663346 4904
1619569975065480474 5175
1619569975219233230 4621
1619569975256975695 6949
1619569975372392913 4550
1619569975427152432 7053
1619569975513037833 7529
1619569975563017122 4142
1619569975687459092 6631
1619569975717783390 3825
1619569975764343296 4925
1619569975807519670 4544
1619569976069497103 4951
1619569976114564498 6822
1619569976290636258 3336
1619569976517993462 5459
1619569976611831214 5125
1619569976764197900 7447
1619569977099025763 5045
1619569977104881826 3786
1619569977543527556 5036
1619569977567754111 5595
1619569977652305654 5975
1619569977702024054 6435
1619569978023298043 5877
1619569978070944564 6598
1619569978214878475 5387
1619569978258648799 4927
1619569978272862797 5369
1619569978415235875 4004
1619569978702230031 10826
1619569978808430240 4375
1619569978824034237 5895
1619569978856241451 5816
1619569978938135347 5121
1619569979128110920 5277
1619569979144141849 4794
1619569979169302008 4071
1619569979216322655 5200
1619569979366191679 5735
1619569979452947582 4624
1619569979568739009 8300
1619569980070907764 6534
1619569980083687544 4670
1619569980957993813 3891
1619569981189235947 4150
1619569981290497361 4239
1619569981298901816 6311
1619569981340001445 9292
1619569981412644277 9221
1619569981453842974 5146
1619569981588165200 5380
1619569981658842035 3491
1619569981912793848 5643
1619569981945996325 8422
1619569982301459012 5096
1619569982491034162 5357
1619569982577759049 4303
1619569982742841319 4571
1619569983214432022 3179
1619569983292470819 5830
1619569983583102819 4603
1619569983775640442 5701
1619569983790581456 5358
1619569984153092231 5097
1619569984176240093 6414
1619569984229723475 5421
1619569984443488237 4023
1619569984559704031 6707
1619569984605199871 4315
1619569984857562012 4035
1619569984865102702 5468
1619569984898002760 6430
1619569985120806136 4336
1619569985161777045 5441
1619569985270462600 4506
1619569985403405425 7371
1619569985474368661 4136
1619569985623116511 5624
1619569985880548513 4751
1619569986159740970 5686
1619569986194269257 4451
1619569986365276539 5596
1619569986418450263 4916
1619569986667668757 5017
1619569986773279550 3991
1619569986801604066 4548
1619569986839927076 11121
1619569986913378959 7223
1619569987050408445 5698
1619569987117548559 4375
1619569987236156618 23043
1619569987310637867 5057
1619569987413624629 4388
1619569987616299933 4789
1619569987673160593 6014
1619569987798861757 3752
1619569988337493577 12921
1619569988605649639 4915
1619569988802761045 5872
1619569989284911809 5020
1619569989350651201 5753
1619569989446329412 6831
1619569989666017127 3345
1619569989997734350 5554
1619569990316396055 5220
1619569990355301249 8008
1619569990601498402 5343
1619569991015349354 4533
1619569991043026097 5164
1619569991148563606 4510
1619569991230676477 6793
1619569991387324412 7892
1619569991616033292 4283
1619569991622494391 4407
1619569991660815002 4833
1619569991798515784 3741
1619569992012226565 5349
1619569992181154790 6807
1619569992488894911 4765
1619569992574143727 4706
1619569993053114173 5082
1619569993238252346 14514
1619569993260794830 4029
1619569993322008952 3907
1619569993412971457 4349
1619569993474110281 6320
1619569993693411397 4416
1619569993754144736 5312
1619569993921403832 4279
1619569994099493426 3220
1619569994202947504 4929
1619569994222269630 3170
1619569994889850967 4570
1619569995016063039 4699
1619569995090464330 7388
1619569995315301231 3265
1619569995588114058 4563
1619569995704374370 3515
1619569995711895355 5448
1619569995721077373 7040
1619569996360904959 4461
1619569996812978650 6041
1619569997319440957 7527
1619569997370043967 5452
1619569998179539574 7665
1619569998426105770 6053
1619569998582651231 6775
1619569998663019415 5610
1619569998911062078 5042
1619569998997297268 4370
1619569999225720760 3984
1619569999293512047 5718
1619569999498511098 3039
1619569999985541176 5422
1619570000042666703 4079
1619570000099096166 4930
1619570000121756606 5807
1619570000302014559 5208
1619570000426104678 5546
1619570000606655571 5660
1619570000618393976 3612
1619570000694209715 5000
1619570000718874603 4848
1619570000780719223 3204
1619570001011892765 5611
1619570001337418985 18022
1619570001344853567 5382
1619570001424274335 5181
1619570001536598328 18313
1619570001589826017 5292
1619570001643690923 3738
1619570001912159617 4757
1619570001943871105 5889
1619570002243516897 3218
1619570002494541335 8779
1619570002558382057 9494
1619570002592938656 4913
1619570002747335818 7557
1619570002938981591 5356
1619570003054762436 6207
1619570003427507324 6546
1619570003652595480 5940
1619570003694113262 4502
1619570003952413954 5277
1619570004016739241 4994
1619570004074044458 3855
1619570004080420867 4180
1619570004505140958 4639
1619570004672779599 5308
1619570004865276041 5892
1619570005072377726 4588
1619570005326769706 4237
1619570005434693668 11865
1619570005568202552 8350
1619570005694924939 4879
1619570005888780199 5514
1619570005990226616 8185
1619570006148071463 5384
1619570006169445718 5399
1619570006247205459 7253
1619570006506664064 5409
1619570006559625104 4489
1619570006588782408 5176
1619570006644352202 4993
1619570006760579462 4812
1619570007247979708 4615
1619570007540218116 19913
1619570007705874658 5554
1619570007862471004 10467
1619570007946701749 5557
1619570008015776447 4343
1619570008096699484 5950
1619570008474051696 4951
1619570009092907952 4412
1619570009171756095 4182
1619570009357737158 9459
1619570009364964145 5147
1619570009494770114 3996
1619570009555542615 4907
1619570009723365013 5068
1619570009886487407 4072
1619570010020038720 4431
1619570010218699311 4449
1619570010425023177 4779
1619570010664754589 5108
1619570010747473728 3962
1619570010758823645 9297
1619570010842964741 4716
1619570011055388603 7460
1619570011196531741 5906
1619570011248025132 4627
1619570011280600668 9283
1619570011306974887 5934
1619570011329038139 3934
1619570011584715797 4172
1619570011854815524 5806
1619570011972293618 6893
1619570011980894063 6505
1619570012088102802 5075
1619570012239197775 20357
1619570012388200740 5408
1619570012508345284 5041
1619570012758850639 6815
1619570013010900846 4836
1619570013032465255 4496
1619570013211546292 3839
1619570013249848779 4983
1619570013261917701 3681
1619570013357326626 9335
1619570013443478781 25247
1619570013510959222 5168
1619570013685167977 10158
1619570013771433034 6085
1619570014036684127 26075
1619570014085164684 5418
1619570014260024822 8568
1619570014412233502 3877
1619570014442274235 5273
1619570014473375123 3802
1619570014710393698 9552
1619570015501523929 5410
1619570015530212171 4611
1619570015727751554 4079
1619570015956222836 4878
1619570015962673056 4405
1619570016576328193 6347
1619570016807433817 4710
1619570016869294066 4800
1619570016883449876 5093
1619570017005280483 3865
1619570017280550700 8561
1619570017507526884 4907
1619570017741041010 38736
1619570017880407507 4261
1619570018334854995 5179
1619570018404381565 5150
1619570018575531737 4902
1619570018638814429 17956
1619570018702438566 4682
1619570018732025022 5667
