1619639832996932704 3513
1619639833996871134 3495
1619639834997104431 3561
1619639835996947466 3588
1619639836996969223 3578
1619639837997254485 3582
1619639838996896614 3552
1619639839997168644 3580
1619639840996878125 3593
1619639841996891296 3479
1619639842997013831 3570
1619639843996885735 3553
1619639844996874171 3528
1619639845996910122 3600
1619639846996936939 3599
1619639847996860838 3516
1619639848996872786 4523
1619639849996875192 5008
1619639850996998765 5025
1619639851996883686 5036
1619639852996875113 4858
1619639853996957502 4862
1619639854996876758 4888
1619639855997070103 5052
1619639856997004159 4946
1619639857996883047 5034
1619639858996915146 5042
1619639859996873285 5095
1619639860996967294 4963
1619639861996883644 4960
1619639862996883423 4889
1619639863997274717 5024
1619639864996860197 5114
1619639865996901420 4951
1619639866997040013 5047
1619639867996982933 4890
1619639868997182563 5095
1619639869997031000 5039
1619639870996910371 4960
1619639871996912808 4972
1619639872996906485 5067
1619639873996878431 5067
1619639874996888555 5114
1619639875996879627 5101
1619639876996878981 4979
1619639878005471071 5101
1619639878997248344 4995
1619639879996910205 4941
1619639880996898003 5029
1619639881997367488 5063
1619639882996986419 4998
1619639883996899245 5083
1619639884996876336 5098
1619639885997238213 4990
1619639886996911022 5095
1619639887997049528 4834
1619639888996922856 4921
1619639889997410491 5068
1619639890996888480 5051
1619639891996958110 2793
1619639892996879538 1964
1619639893996901436 1968
1619639894996882995 1974
1619639895996881872 1977
1619639896996972971 1979
1619639897996957762 1960
1619639898996929500 1994
1619639899996913113 1998
1619639900996948442 1984
1619639901996926628 1972
1619639902997003214 1978
1619639903996879744 1980
1619639904997121747 1980
1619639905996947323 1979
1619639906997247604 1975
1619639907997245983 2000
