1619641042343183989 6197
1619641043343142274 6124
1619641044343182311 6198
1619641045343348018 6170
1619641046343295640 6101
1619641047343606189 6276
1619641048343582255 6207
1619641049343292353 5671
1619641050343183685 6307
1619641051343259473 5882
1619641052343309646 5904
1619641053343421675 5873
1619641054343148890 6032
1619641055343229159 6092
1619641056343195498 6170
1619641057343216386 5947
1619641058343203205 6101
1619641059343376515 6382
1619641060343506593 6193
1619641061343303706 6194
1619641062343151033 6194
1619641063343233360 6005
1619641064343255824 6157
1619641065343186591 6273
1619641066343188772 6264
1619641067343214168 6341
1619641068343308560 6432
1619641069343241396 6311
1619641070343176606 6304
1619641071343142422 6149
1619641072343159623 6236
1619641073343179660 6099
1619641074343340743 6173
1619641075343174576 6293
1619641076343149760 6200
1619641077343227216 6019
1619641078343216670 6079
1619641079343158442 5977
1619641080343306202 6268
1619641081343150182 6051
1619641082343136656 5811
1619641083343509474 6046
1619641084343226281 6403
1619641085343149962 6080
1619641086343178105 6233
1619641087343211253 6096
1619641088343162219 6221
1619641089343170423 6446
1619641090343231133 6214
1619641091343177569 6060
1619641092343235848 5925
1619641093343159597 6113
1619641094343175791 6366
1619641095343187185 6026
1619641096343144763 6101
1619641097343290891 5945
1619641098343181549 6134
1619641099343381668 6371
1619641100343173787 6244
