1653268543220406168 59704
1653268543310353680 50285
1653268544023405287 54313
1653268545314644726 45954
1653268545596072805 69719
1653268545835962714 29654
1653268547448968860 30392
1653268548020462742 89002
1653268549199831886 68465
1653268551636886125 34423
1653268552297296907 187131
1653268552493446287 98114
1653268554023311290 26783
1653268554500676848 159876
1653268558510531395 114860
1653268563693863670 99253
1653268564892289071 189369
1653268564999596073 105078
1653268566237869589 36816
1653268567430503749 126606
1653268568900495594 99222
1653268571816780727 83330
1653268575921557328 47624
1653268578592808133 97241
1653268579607071051 211291
1653268585296207648 151794
1653268590219894181 62653
1653268595717888544 120587
1653268597672132975 138336
1653268598231906697 206649
