1654862973503998453 22727586
1654862975287144818 12947313
1654862975887894993 9693304
1654862976183812296 9366772
1654862976884175951 9575790
1654862977383645116 9056348
1654862978686652510 9562135
1654862979583690312 9309685
1654862980086627512 9572374
1654862981187460781 12876835
1654862984386827980 12823747
1654862985086316559 12652238
1654862986985870119 12445269
1654862988391314901 18084256
1654862990099730753 9886980
1654862991684373159 9095815
1654862993296509369 8912619
1654862993583720860 9201901
1654862994487146004 9069397
1654862995483853335 9323348
1654862997382994774 9366905
1654862998486781407 9146286
1654862998783942228 9135916
1654862999882742347 9520682
1654863001806490877 9476976
1654863002083880494 9361871
1654863002393944990 9750102
1654863003485813501 10446896
1654863004184203984 9237800
1654863005683196263 9435160
1654863007984091476 9514207
1654863010494661541 9957770
1654863010604904445 9680077
1654863014686830399 9387533
1654863015186805759 12928421
1654863015888141587 9477732
1654863015997662314 8884025
1654863017686213661 12334183
1654863018582156568 9091646
1654863023882873190 9307384
1654863027286673010 9949394
1654863029384179016 9464104
1654863029606993775 12060593
1654863030294589741 9088748
1654863032483191187 9509204
1654863032593139943 9251552
1654863038587314257 9448343
1654863038987164602 13104855
1654863039691193430 10203936
1654863040784455133 9667333
1654863040898227555 13095716
1654863041007795673 8904810
1654863045486064660 12522878
1654863045987929658 13056154
1654863047687257195 9753225
1654863049706417762 8904138
1654863050191183177 9337618
1654863050886988964 9264808
1654863051386745158 9755614
1654863051682659356 9041988
1654863051986903464 9252312
1654863052982580808 9255473
1654863053482280196 8718452
1654863054182385373 8877422
1654863054485868215 11978668
1654863056085672028 8893493
1654863056383579814 9338317
1654863059887842800 10174112
1654863059997731152 9257275
1654863060107894816 9497240
1654863060387577961 9414195
1654863060886429979 12878799
1654863062788242220 9055924
