1654863634461307184 176673824
1654863636290480810 400669525
1654863636684380856 23727202
1654863636696590917 10035108
1654863636861422401 94113481
1654863638961524796 94392002
1654863639962165093 193206706
1654863641262017464 100911754
1654863642178531619 99851355
1654863643066640448 97222267
1654863643871290181 88179603
1654863644066860645 100228240
1654863644277401220 199509370
1654863644683269407 11805171
1654863645086505089 120415980
1654863645961305270 73726170
1654863645974509325 12648773
1654863647277563809 111786479
1654863647490301661 119274997
1654863648871633124 97903936
1654863648988253030 115902013
1654863650066448652 190924354
1654863651277200500 393166099
1654863651287215033 101062380
1654863653400980947 114602060
1654863653679248713 108171539
1654863654889020272 28153064
1654863655167851533 288284538
1654863655986213292 98143906
1654863657461147943 300508265
1654863657562430226 86790702
1654863658497304400 31568082
1654863658861415330 200602522
1654863659661474241 178076485
1654863659682711416 93640251
1654863660279071135 218409557
1654863664081275879 99197051
1654863664961293426 284655891
1654863666161073487 91804660
1654863666882135521 306110203
1654863667361435763 157688225
1654863669088061020 15397915
1654863669088930990 100680786
1654863669174616484 9992620
1654863670862746195 281562904
1654863673371030463 87546768
1654863673377155434 13741425
1654863675785168383 215580202
1654863676693278751 29197664
1654863676883126833 78413539
1654863677662879544 391204381
1654863677670435811 193771077
1654863678586875715 303633730
1654863678966409732 182560724
1654863679175307674 90872801
1654863680984934156 110300787
1654863681361574508 189605464
1654863681688734074 102089477
1654863682896759151 15966429
1654863684076537348 101281105
1654863685787451548 209414435
1654863686761295240 287917963
1654863686795907044 27737570
1654863686963645200 102971330
1654863687068160839 107541826
1654863687370966172 283834153
1654863689176652477 197523234
1654863691961171634 192001161
1654863693861203919 371404538
1654863695361302792 372750648
1654863696363548018 202895365
1654863697387855881 26863825
1654863698461293020 194345113
1654863699870371851 189237772
1654863700062430291 374160350
1654863700471739502 109017943
1654863700976688659 185024208
1654863701861545990 83612981
1654863702585866376 313857771
1654863703386251505 214556672
1654863704166606489 180404365
1654863705371527156 210810783
1654863706379269447 208510988
1654863707561450083 100625139
1654863707661368200 192663747
1654863708561263381 280283322
1654863708581419498 103579215
1654863708762627218 101794447
1654863709576710209 91796518
1654863711561556318 88873797
1654863712475543395 92301073
1654863712661214768 79911083
1654863713787154820 113640995
1654863716874601169 93633683
1654863717186496930 105913580
1654863717283907508 16957612
1654863720580327961 96190594
1654863720873675434 107303042
