1654864288479447139 382831598
1654864288582509574 492776519
1654864289787161615 211487840
1654864290873369773 489757332
1654864293579302145 397710009
1654864295568066932 404977796
1654864297377485338 277619307
1654864298183536482 212743804
1654864298771680830 407555988
1654864299961276660 298051830
1654864300179280921 281464072
1654864301782403301 513430524
1654864302884209176 195315683
1654864303287180851 295449513
1654864303761719414 100874056
1654864308369384773 485483202
1654864311472227330 390484705
1654864312873594783 96831748
1654864314278278845 401558264
1654864315264714722 181925574
1654864316280640232 396654571
1654864318470874182 299680585
1654864320560555541 287761433
1654864321179673130 118540291
1654864322861387362 200718664
1654864325672399043 307355082
1654864327386302679 303494164
1654864328982750677 205681310
1654864332661324367 372595602
1654864332789627513 127275270
1654864333084289738 195378183
1654864333781684936 114988586
1654864335172507880 202549670
1654864335278270566 202493943
1654864335869251507 508588949
1654864336461305416 483212557
1654864337061263857 393875979
1654864339383231280 415799742
1654864339564275270 94633772
1654864339865429405 275502825
1654864340467586917 406897578
1654864340475393825 404662413
1654864342161774111 94528360
1654864342883564725 206800389
1654864342980208472 411412327
1654864346063994573 494894538
1654864347869188862 201472325
1654864349874327897 383436366
1654864351589228938 304486774
1654864353277292877 209633042
1654864353362292676 180377304
1654864353579925704 204733275
1654864353663485430 177756519
1654864353976433209 297698821
1654864354687304455 113564150
1654864355284501981 223635009
1654864355763124886 277299354
1654864356279199422 292437952
1654864358261372779 99349554
1654864358783566055 322939190
1654864360573555943 492652317
1654864361469835943 394171564
1654864362570856067 288057629
1654864362780427898 102635518
1654864363162681840 177474212
1654864363476395091 415011968
1654864364476455090 203973050
1654864364679995563 313202009
1654864364961435824 280948579
1654864366474245691 101639945
1654864368988410885 113725450
1654864369665251281 181484184
1654864371283455869 115761640
1654864371877152127 310412803
1654864372361394802 293518457
1654864374070139972 187574368
1654864376061272922 181285338
