1619478829221234316 351
1619478829340640231 285
1619478829383855492 432
1619478829457007896 419
1619478829526540269 171
1619478829528861722 261
1619478829542765182 205
1619478829559273587 252
1619478829580340637 268
1619478829585145362 359
1619478829604180754 193
1619478829647316170 446
1619478829696371132 377
1619478829720218285 517
1619478829724820950 340
1619478829734831182 689
1619478829824509613 574
1619478829847566725 272
1619478829905577458 271
1619478830057008579 373
1619478830087872909 346
1619478830206742669 487
1619478830283923573 446
1619478830346458044 855
1619478830397656747 621
1619478830399887822 161
1619478830455617714 342
1619478830458030921 384
1619478830535220304 980
1619478830540168331 378
1619478830577716821 322
1619478830633454827 445
1619478830697290906 370
1619478830746038404 388
1619478830789880307 295
1619478830805227885 293
1619478830807490681 167
1619478830834435508 369
1619478830877703357 372
1619478830940789844 181
1619478830943063410 223
1619478831132596349 808
1619478831213942591 468
1619478831260902252 518
1619478831278223353 435
1619478831285747468 229
1619478831295250883 538
1619478831346314282 481
1619478831418428702 625
1619478831439492458 241
1619478831466069290 529
1619478831516354728 595
1619478831518774486 329
1619478831537611860 213
1619478831671333717 245
1619478831754892778 216
1619478831787731986 243
1619478831950419632 369
1619478832025274389 529
1619478832137804913 224
1619478832215252991 168
1619478832220475925 341
1619478832346678846 159
1619478832371697820 349
1619478832386206292 188
1619478832442650771 171
1619478832501861856 300
1619478832580387597 227
1619478832627508757 387
1619478832709904197 356
1619478832741244803 607
1619478832803983068 356
1619478832814245488 474
1619478832851908052 617
1619478832874087954 221
1619478832894348207 620
1619478832931373912 472
1619478832949350711 607
1619478832956606663 612
1619478832968783756 253
1619478832973650939 245
1619478832999175297 254
1619478833029800731 250
1619478833049015353 718
1619478833051430536 373
1619478833101721505 492
1619478833122838979 208
1619478833184977480 645
1619478833230405468 773
1619478833234865657 180
1619478833237351519 422
1619478833254111371 494
1619478833333199807 692
1619478833383316257 540
1619478833475344549 441
1619478833487609578 177
1619478833526619121 475
1619478833608450523 288
1619478833621278480 569
1619478833631488642 627
1619478833681818610 195
1619478833798666614 204
1619478833846469558 680
1619478833848739506 245
1619478834071479206 392
1619478834094106152 551
1619478834239689841 216
1619478834263841338 328
1619478834278471011 374
1619478834367598951 387
1619478834473539693 559
1619478834478644948 409
1619478834481194735 519
1619478834572575878 239
1619478834584697575 267
1619478834639531492 952
1619478834652405904 195
1619478834677309089 366
1619478834709380426 234
1619478834711875954 415
1619478834867206584 255
1619478834895540318 690
1619478835002619845 390
1619478835101958152 411
1619478835117449498 649
1619478835305581507 797
1619478835400427911 278
1619478835464054769 650
1619478835590743725 343
1619478835650426217 601
1619478835729171549 433
1619478835762565089 276
1619478835836976218 265
1619478835859240522 352
1619478835955646796 409
1619478836021086491 181
1619478836023410541 268
1619478836078256087 440
1619478836225535369 373
1619478836247322942 306
1619478836387247367 407
1619478836412840541 216
1619478836434134372 158
1619478836503900160 393
1619478836626371693 319
1619478836719043365 193
1619478836726328471 445
1619478836823341719 489
1619478836845262068 641
1619478836847488546 181
1619478836867962143 861
1619478836876088978 761
1619478836902730206 629
1619478836932481260 537
1619478837005014082 657
1619478837031642582 759
1619478837157138816 495
1619478837252010480 231
1619478837334805501 304
1619478837436126264 747
1619478837472566347 216
1619478837483901579 373
1619478837513841791 409
1619478837578316527 693
1619478837677746378 197
1619478837715221987 609
1619478837749688407 359
1619478837833155135 388
1619478837840188161 430
1619478837975776507 158
1619478838148762687 235
1619478838160901441 181
1619478838214308377 574
1619478838459806118 252
1619478838483167173 443
1619478838637624354 196
1619478838695330940 161
1619478838773262792 289
1619478838780533325 202
1619478838829896121 610
1619478838887719979 388
1619478838907429985 562
1619478838992697611 232
1619478838997742506 499
1619478839011244498 748
1619478839048254304 187
1619478839057888022 650
1619478839096748220 182
1619478839115912691 304
1619478839172377536 346
1619478839192463151 665
1619478839280243482 359
1619478839282824316 509
1619478839317912778 414
1619478839328175605 809
1619478839330687231 437
1619478839349405589 210
1619478839356230618 193
1619478839392399138 516
1619478839399546675 474
1619478839416604162 350
1619478839434021034 353
1619478839449337519 427
1619478839557435222 252
1619478839567434675 472
1619478839597160596 251
1619478839607123454 484
1619478839617579266 784
1619478839648911224 277
1619478839651670650 705
1619478839717191491 188
1619478839850623600 449
1619478839900941317 465
1619478839909080647 1202
1619478839916403930 495
1619478839924127821 659
1619478840180693797 684
1619478840244586739 623
1619478840269170861 213
1619478840278893992 191
1619478840325187893 308
1619478840354404895 280
1619478840416174862 573
1619478840594249674 484
1619478840633142850 178
1619478840646159004 485
1619478840661430251 405
1619478840678479696 473
1619478840726356099 395
1619478840728710218 327
1619478840750091946 178
1619478840844815890 416
1619478840852158519 412
1619478840893419189 819
1619478840900854314 267
1619478840918228070 699
1619478840972867952 960
1619478840987201421 202
1619478841052012678 664
1619478841163800520 268
1619478841188378734 230
1619478841202737072 381
1619478841269945060 203
1619478841291673752 220
1619478841302610324 766
1619478841315383789 319
1619478841392308635 432
1619478841416920962 579
1619478841509100758 447
1619478841525366223 187
1619478841630363738 511
1619478841641033847 549
1619478841708114402 175
1619478841813500519 358
1619478841830248379 359
1619478841853485248 324
1619478841865648416 508
1619478841870353534 204
1619478841887085637 453
1619478841946343690 291
1619478842039050301 744
1619478842069674913 175
1619478842084159659 378
1619478842121043067 433
1619478842133435556 631
1619478842280655666 167
1619478842285287816 365
1619478842287545346 161
1619478842382597695 435
1619478842384910386 286
1619478842421180533 151
1619478842452706255 261
1619478842476566879 537
1619478842527318326 313
1619478842539719298 248
1619478842556942060 271
1619478842600325978 279
1619478842708359809 218
1619478842730082040 207
1619478842826327730 435
1619478842848491673 213
1619478842851062812 504
1619478843044409147 175
1619478843113157085 355
1619478843157437364 258
1619478843172144470 741
1619478843194775274 740
1619478843274713019 287
1619478843373023052 877
1619478843404890811 258
1619478843441790868 451
1619478843485839402 677
1619478843608127497 244
1619478843615498245 379
1619478843667899953 512
1619478843693113409 404
1619478843724473216 504
1619478843796948518 459
1619478843866805245 616
1619478843956627128 672
1619478844019258630 468
1619478844063941523 587
1619478844130900807 499
1619478844196690935 563
1619478844252958523 213
1619478844265199629 408
1619478844280886684 681
1619478844306990042 648
1619478844362306814 174
1619478844381761090 381
1619478844401473482 444
1619478844421089243 311
1619478844438829166 520
1619478844484553361 453
1619478844496411173 401
1619478844582495050 749
1619478844641301535 259
1619478844704144405 581
1619478844857601562 465
1619478845058257301 158
1619478845144070954 444
1619478845200720110 480
1619478845299519039 546
1619478845327223879 735
1619478845539554678 331
1619478845571686207 289
1619478845576598847 405
1619478845718106990 206
1619478845774448166 410
1619478845794020040 244
1619478845818705571 292
1619478845839780163 196
1619478845846803524 392
1619478845904732479 228
1619478845932259200 305
1619478845946192342 174
1619478845969277266 1767
1619478846140206939 349
1619478846197670392 204
1619478846217069503 445
1619478846317789752 336
1619478846337860747 299
1619478846416191539 669
1619478846554093518 632
1619478846556326533 162
1619478846611413621 279
1619478846645485576 181
1619478846732237553 977
1619478846840650833 370
1619478846972650045 780
1619478847175513630 621
1619478847177849208 279
1619478847202543102 592
1619478847256890869 242
1619478847309003156 524
1619478847343569704 712
1619478847345952833 326
1619478847412523617 471
1619478847458532417 241
1619478847493549404 515
1619478847505445111 328
1619478847557332223 362
1619478847593401105 304
1619478847803894220 475
1619478847806282034 239
1619478847846708159 386
1619478847939738221 389
1619478847992907132 620
1619478848027540090 340
1619478848032206850 224
1619478848171379092 595
1619478848181233985 771
1619478848198474766 255
1619478848233500964 581
1619478848380480330 690
1619478848441197719 373
1619478848443670777 379
1619478848458429802 224
1619478848512465473 339
1619478848564654322 245
1619478848579496928 157
1619478848743483830 593
1619478848753293314 581
1619478848822195667 147
1619478848921518609 296
1619478848941557648 399
1619478849021845447 419
1619478849024446717 510
1619478849136486265 738
1619478849250884397 178
1619478849292558607 548
1619478849320333488 552
1619478849330801193 424
1619478849348966804 752
1619478849401745735 212
1619478849488637210 662
1619478849686220689 335
1619478849714971050 377
1619478849729701523 257
1619478849750689799 633
1619478849779884268 216
1619478849806317890 617
1619478849848099189 800
1619478849888582240 470
1619478849898542027 231
1619478850097000453 305
1619478850154922395 946
1619478850240495490 259
1619478850333615609 252
1619478850341070221 254
1619478850364243183 218
1619478850389375956 204
1619478850436220939 533
1619478850448875981 610
1619478850461111308 210
1619478850535004383 670
1619478850569282975 554
1619478850581497651 474
1619478850591356014 405
1619478850608892326 781
1619478850677504996 285
1619478850734104089 601
1619478850835695761 617
1619478850953452119 361
1619478851020992079 203
1619478851046443616 629
1619478851048788080 261
1619478851101534545 385
1619478851135095365 399
1619478851249106858 227
1619478851296871584 1004
1619478851409883582 651
1619478851482116616 306
1619478851507453684 702
1619478851532942451 535
1619478851586712903 400
1619478851589396641 579
1619478851623656502 332
1619478851647932739 450
1619478851883567998 276
1619478851921391178 220
1619478851924095784 675
1619478851933398153 260
1619478851970795794 254
1619478851985920860 158
1619478851998043936 245
1619478852060293216 705
1619478852077404665 262
1619478852123342042 513
1619478852152529344 210
1619478852220039069 207
1619478852272062204 220
1619478852397758267 421
1619478852407641270 371
1619478852482070640 541
1619478852520789145 315
1619478852523456574 569
1619478852525965279 461
1619478852547643929 582
1619478852574873771 301
1619478852620553271 380
1619478852696733219 186
1619478852725783779 205
1619478852741413485 308
1619478852751018570 486
1619478852800650480 218
1619478852879692224 946
1619478852884718067 693
1619478852890047257 256
1619478852902001541 446
1619478852984104392 532
1619478853013222763 192
1619478853027489973 339
1619478853029804223 247
1619478853138309936 578
1619478853224937339 520
1619478853247136666 410
1619478853254417077 217
1619478853259233703 273
1619478853279788852 790
1619478853352393941 474
1619478853357891071 898
1619478853394980108 561
1619478853414500559 663
1619478853424600137 379
1619478853439556347 476
1619478853479336641 391
1619478853576977963 202
1619478853579350065 345
1619478853650790319 232
1619478853653356609 488
1619478853868121178 284
1619478853895865326 208
1619478853925062072 377
1619478853937605158 718
1619478853944673087 267
1619478853956447531 316
1619478853961380654 361
1619478853969698955 1253
1619478854027951414 394
1619478854061709976 464
1619478854080583305 305
1619478854149656662 224
1619478854305934093 155
1619478854317984759 491
1619478854377705892 219
1619478854423442554 430
1619478854483041888 306
1619478854502598987 301
1619478854587824829 550
1619478854656006566 451
1619478854741239930 366
1619478854772150783 146
1619478854787912240 660
1619478854795502051 397
1619478854853000420 204
1619478854940747786 299
1619478855031281479 172
1619478855045883574 303
1619478855134868573 192
1619478855151484238 363
1619478855161402998 630
1619478855171769874 614
1619478855178545583 247
1619478855320221136 508
1619478855358688300 819
1619478855445813782 459
1619478855482662391 607
1619478855509499415 471
1619478855530324932 802
1619478855532522534 158
1619478855579099693 840
1619478855584464268 745
1619478855589761534 206
1619478855852803367 234
1619478855862713149 221
1619478855925529782 708
1619478855943174089 538
1619478855990060446 389
1619478856082281967 354
1619478856097074361 436
1619478856270425574 297
1619478856275219490 322
1619478856304302418 390
1619478856361188472 346
1619478856458944308 503
1619478856572606479 416
1619478856615050352 201
1619478856631048709 664
1619478856646075181 522
1619478856648524745 405
1619478856662957158 268
1619478856748724954 459
1619478856810693230 176
1619478856859846027 647
1619478856875904801 1273
1619478856883851038 648
1619478856889154197 736
1619478856911272154 207
1619478856988015724 265
1619478857046603419 254
1619478857072731225 356
1619478857077281944 194
1619478857140691189 573
1619478857341799026 197
1619478857370510161 215
1619478857382180806 241
1619478857421081087 569
1619478857482958347 299
1619478857510729390 387
1619478857549758689 210
1619478857640438690 483
1619478857651214121 505
1619478857728017358 253
1619478857733179026 539
1619478857759700499 359
1619478857777567118 419
1619478857838228914 204
1619478857865704849 179
1619478857880438911 410
1619478857940721942 218
1619478857943268966 500
1619478857976323575 270
1619478857988225367 213
1619478858000035228 226
1619478858023309351 254
1619478858031039890 564
1619478858069283866 509
1619478858220631112 194
1619478858276357854 537
1619478858406634502 331
1619478858456144911 695
1619478858465637594 296
1619478858513403454 202
1619478858661932009 222
1619478858709897302 441
1619478858741551325 201
1619478858753570015 171
1619478858836128603 432
1619478858862078420 230
1619478858874209526 646
1619478858883833209 240
1619478858942491314 344
1619478858956943310 488
1619478858964470485 247
1619478858991847997 283
1619478859009432078 464
1619478859054457912 1185
1619478859089260992 161
1619478859106158724 338
1619478859261032193 327
1619478859333640368 421
1619478859336482109 800
1619478859387751652 503
1619478859399512294 401
1619478859487330542 259
1619478859553465387 500
1619478859619731420 159
1619478859622050732 219
1619478859651101252 262
1619478859653468355 336
1619478859741055811 563
1619478859889898036 583
1619478859897641998 259
1619478859923133198 270
1619478859928313312 657
1619478860033797281 179
1619478860051877560 436
1619478860109883199 309
1619478860155062571 618
1619478860258258651 395
1619478860270170514 228
1619478860294256885 502
1619478860342716928 233
1619478860376306945 212
1619478860414453217 192
1619478860436499151 541
1619478860454323205 196
1619478860472723605 486
1619478860484635254 257
1619478860533141488 409
1619478860535697242 481
1619478860537952156 197
1619478860561774951 183
1619478860574206118 503
1619478860694464004 928
1619478860699715110 577
1619478860780203347 506
1619478860828660107 703
1619478860831089332 399
1619478860880741762 245
1619478860969607364 1067
1619478861016406891 457
1619478861032718736 192
1619478861087590065 242
1619478861171167201 479
1619478861173430807 193
1619478861204359490 412
1619478861213363302 255
1619478861215925584 467
1619478861306957691 238
1619478861321809821 362
1619478861445417295 590
1619478861465543965 971
1619478861486159632 863
1619478861496908277 364
1619478861522175295 277
1619478861534962032 559
1619478861542448246 198
1619478861566390919 355
1619478861593378623 561
1619478861595993638 532
1619478861621249520 390
1619478861661759045 158
1619478861674848931 749
1619478861695465228 307
1619478861699996211 203
1619478861702419423 399
1619478861855132094 709
1619478861875308411 656
1619478861893283685 833
1619478862023194845 434
1619478862032809355 298
1619478862063110375 179
1619478862092730945 329
1619478862095254099 479
1619478862097791091 474
1619478862111985213 337
1619478862172811967 520
1619478862384358218 642
1619478862447411310 320
1619478862480926897 514
1619478862528402934 897
1619478862619314546 430
1619478862772230177 443
1619478862982667324 303
1619478863075224044 327
1619478863108079028 258
1619478863139724067 383
1619478863173366957 155
1619478863360143733 457
1619478863425452408 191
1619478863531249847 534
1619478863548471996 431
1619478863558361991 236
1619478863580949426 352
1619478863759003814 423
1619478863817242497 868
1619478863931901058 208
1619478863963581488 193
1619478864030096761 248
1619478864050855936 415
1619478864133529087 221
1619478864205360615 622
1619478864234294324 556
1619478864282669276 277
1619478864285008200 220
1619478864405938835 954
1619478864418178586 381
1619478864443631023 612
1619478864446204972 518
1619478864606191666 166
1619478864637738595 229
1619478864785860711 196
1619478864788776256 868
1619478864838393647 765
1619478864891444843 350
1619478864996520779 248
1619478865012615470 201
1619478865066283763 345
1619478865076179657 730
1619478865085518462 203
1619478865169105349 435
1619478865185823506 336
1619478865188119230 265
1619478865198482419 438
1619478865222998582 623
1619478865333245285 535
1619478865355862661 483
1619478865363115733 488
1619478865417202018 271
1619478865422010087 194
1619478865454150169 449
1619478865466902783 293
1619478865503031708 602
1619478865581374937 300
1619478865644597384 596
1619478865787525443 545
1619478865902997886 634
1619478865920351724 482
1619478865937490439 420
1619478865946713284 254
1619478865951456571 292
1619478866028047549 901
1619478866069776782 630
1619478866087100192 230
1619478866109934531 625
1619478866116914665 221
1619478866173907592 193
1619478866191037673 248
1619478866205570169 449
1619478866220565620 537
1619478866269639214 228
1619478866289801540 459
1619478866347397165 358
1619478866431862541 483
1619478866475108267 691
1619478866556165507 169
1619478866585501265 381
1619478866722220208 508
1619478866738744624 249
1619478866746612168 221
1619478866748888901 181
1619478866790207113 565
1619478866857697894 300
1619478866872793378 497
1619478866922591509 434
1619478867033769521 593
1619478867050452500 522
1619478867123780432 543
1619478867313844075 477
1619478867316488329 590
1619478867324108757 264
1619478867345509790 182
1619478867348271677 607
1619478867375866907 531
1619478867380661921 416
1619478867459746858 179
1619478867520632693 657
1619478867539678844 195
1619478867560188525 450
1619478867607002443 458
1619478867638657440 548
1619478867820091044 284
1619478867886769589 216
1619478867908224672 224
1619478867913352497 568
1619478867925847983 746
1619478867972379654 204
1619478867992558226 353
1619478868056791347 154
1619478868059238799 391
1619478868148067292 410
1619478868238438585 431
1619478868370690950 392
1619478868373015099 290
1619478868476235898 554
1619478868526750131 272
1619478868569244412 306
1619478868784251908 272
1619478868870043217 244
1619478868882415574 863
1619478868894992072 259
1619478868906957864 437
1619478868919294870 587
1619478869016345233 645
1619478869059904728 260
1619478869096145965 311
1619478869105997114 573
1619478869238852826 1108
1619478869369543127 370
1619478869381515573 173
1619478869463452042 445
1619478869511330148 456
1619478869584768395 200
1619478869640134783 387
1619478869689988869 232
1619478869753382974 526
1619478869819043743 638
1619478869839576183 221
1619478869954834866 480
1619478869979504173 183
1619478870023989167 518
1619478870077756348 250
1619478870129105236 418
1619478870180002670 231
1619478870196420628 345
1619478870225916337 522
1619478870247741817 594
1619478870281826261 947
1619478870368802611 408
1619478870383182464 645
1619478870388367751 537
1619478870636669305 294
1619478870650679692 196
1619478870670166545 524
1619478870675917256 794
1619478870724505090 168
1619478870780676938 406
1619478870856796052 389
1619478870898924391 748
1619478870901215484 247
1619478870924714328 184
1619478870929536123 554
1619478870964808344 462
1619478871000320441 654
1619478871005500642 755
1619478871012661902 184
1619478871055606034 591
1619478871062596848 556
1619478871134599920 595
1619478871154479582 246
1619478871201026531 339
1619478871335809540 390
1619478871396375410 230
1619478871629561868 395
1619478871686160848 505
1619478871716765852 466
1619478871801606823 387
1619478871830523486 369
1619478871875006892 232
1619478871889533951 423
1619478871926802074 676
1619478871959109566 296
1619478871977977833 270
1619478872023737558 582
1619478872074846517 900
1619478872165101339 373
1619478872199740273 513
1619478872230687282 162
1619478872321970455 734
1619478872361708637 245
1619478872364085756 283
1619478872386921012 666
1619478872403972773 294
1619478872417862103 346
1619478872486948086 244
1619478872663572340 175
1619478872787444048 258
1619478872903087372 300
1619478872983093747 188
1619478873005262473 527
1619478873074128164 236
1619478873088951134 397
1619478873133357931 348
1619478873145904555 360
1619478873245713646 246
1619478873273444086 342
1619478873338689626 573
1619478873384405235 842
1619478873398369472 482
1619478873410701839 193
1619478873493207604 724
1619478873501021382 426
1619478873508739667 681
1619478873525484731 391
1619478873533213054 342
1619478873562364484 514
1619478873636036535 341
1619478873729425147 434
1619478873731780444 317
1619478873935851587 449
1619478874047331771 753
1619478874072809826 928
1619478874091573505 434
1619478874104448124 431
1619478874237472900 760
1619478874296122492 248
1619478874318822710 225
1619478874330920981 245
1619478874345952121 372
1619478874367790409 286
1619478874414556213 350
1619478874425020419 718
1619478874504937264 205
1619478874526773356 200
1619478874670902128 770
1619478874735054330 219
1619478874746958847 213
1619478874754195911 432
1619478874817197417 375
1619478874825017666 678
1619478874858964099 326
1619478874907435596 465
1619478875090629173 640
1619478875109477509 744
1619478875124051511 252
1619478875145859641 418
1619478875150695225 178
1619478875165908882 507
1619478875307903839 552
1619478875324901615 223
1619478875340119315 487
1619478875376440414 189
1619478875398701316 560
1619478875481772074 323
1619478875508568966 340
1619478875555888145 195
1619478875588994894 637
1619478875616463472 832
1619478875692263438 431
1619478875757904942 214
1619478875772595960 484
1619478875790952536 667
1619478875818534048 368
1619478875901432588 244
1619478875920397219 282
1619478875922831643 335
1619478875987208763 143
1619478875997392242 436
1619478876008612164 210
1619478876033439088 199
1619478876052170611 458
1619478876083804333 536
1619478876091132989 306
1619478876103677267 603
1619478876129516361 807
1619478876141698599 463
1619478876163839679 296
1619478876196751968 212
1619478876211598385 377
1619478876256431299 561
1619478876273418285 333
1619478876307213835 326
1619478876344754496 213
1619478876396746545 219
1619478876416455774 245
1619478876437087482 199
1619478876458492187 425
1619478876468459843 561
1619478876483027832 487
1619478876505301162 238
1619478876510021766 308
1619478876554639197 419
1619478876809004907 242
1619478876865710163 467
1619478876900132281 430
1619478876965963616 389
1619478877037897849 476
1619478877070528016 547
1619478877099235792 462
1619478877129930065 795
1619478877152343770 280
1619478877197514047 229
1619478877219927344 411
1619478877255688755 521
1619478877309441786 350
1619478877422699795 290
1619478877435425098 385
1619478877438004379 466
1619478877639067334 174
1619478877706429189 694
1619478877751918293 525
1619478877766361826 521
1619478877804427291 284
1619478877807506839 974
1619478877829262425 451
1619478877853857666 250
1619478877858797073 580
1619478877921576322 648
1619478878051829069 193
1619478878063255272 145
1619478878097568268 838
1619478878107506187 310
1619478878143278721 586
1619478878165587049 725
1619478878170728917 530
1619478878295862533 538
1619478878320496673 326
1619478878325192468 384
1619478878330520624 691
1619478878433387297 630
1619478878477673349 556
1619478878559127696 198
1619478878571648480 703
1619478878586555507 234
1619478878644327551 178
1619478878665847610 458
1619478878684749140 1613
1619478878711599416 280
1619478878796391108 317
1619478878801739095 297
1619478878831576819 245
1619478878870560322 521
1619478878930800129 811
1619478878958178470 626
1619478878997981196 508
1619478879077756329 236
1619478879228354851 280
1619478879305128642 622
1619478879329075009 256
1619478879353561384 287
1619478879397512844 479
1619478879410044414 342
1619478879436701924 616
1619478879453659439 521
1619478879456141555 431
1619478879476375355 215
1619478879627125895 558
1619478879664879462 1055
1619478879731260250 1017
1619478879738508810 617
1619478879795526239 547
1619478879825200982 290
1619478879850040170 239
1619478879886954593 395
1619478879954344116 713
1619478880027365001 383
1619478880071600125 740
1619478880121969741 188
1619478880140978743 293
1619478880153901273 682
1619478880246984640 579
1619478880270793485 384
1619478880273261471 429
1619478880295330462 529
1619478880485499624 201
1619478880550695083 474
1619478880567643598 578
1619478880596077755 193
1619478880626197293 209
1619478880689299464 463
1619478880789446183 633
1619478880802008250 686
1619478880804581665 491
1619478880834280692 223
1619478880884354795 925
1619478880896698922 808
1619478880952566476 382
1619478881029723886 285
1619478881032302286 516
1619478881063886315 214
1619478881103988617 214
1619478881134151606 213
1619478881182029575 269
1619478881191798089 303
1619478881201400289 202
1619478881232257885 695
1619478881253827107 177
1619478881256242633 379
1619478881261500327 365
1619478881263792571 214
1619478881304066874 354
1619478881318654222 285
1619478881417302625 449
1619478881431630621 417
1619478881433871152 189
1619478881443296062 245
1619478881455466853 306
1619478881465181140 386
1619478881569418584 301
1619478881670254152 241
1619478881675464651 565
1619478881729535845 390
1619478881763745319 732
1619478881779578162 619
1619478881848624094 263
1619478882015031058 352
1619478882019755310 339
1619478882146424238 348
1619478882198181076 316
1619478882272503290 356
1619478882363157521 632
1619478882575072502 860
1619478882617066423 513
1619478882686648956 344
1619478882708592933 367
1619478882815732890 561
1619478882919339343 249
1619478882948517734 442
1619478882958258125 673
1619478883006219955 1195
1619478883043390392 349
1619478883106998760 452
1619478883124339400 594
1619478883189885710 550
1619478883218534888 488
1619478883274412540 238
1619478883299685655 762
1619478883324152752 430
1619478883379228904 298
1619478883389118494 361
1619478883404198893 573
1619478883480868825 617
1619478883708024296 413
1619478883770728649 413
1619478883795096624 585
1619478883820598236 332
1619478883867168078 502
1619478883938214152 447
1619478884206873809 490
1619478884219186356 489
1619478884239148957 221
1619478884284964171 134
1619478884334401703 218
1619478884346758076 167
1619478884399026072 383
1619478884413617862 493
1619478884418573454 275
1619478884464860070 190
1619478884595800159 206
1619478884610114542 554
1619478884622325930 569
1619478884666286654 488
1619478884723189256 721
1619478884753713868 461
1619478884775560362 451
1619478884858449986 445
1619478884884147139 253
1619478884893602059 420
1619478885025168682 271
1619478885032424651 357
1619478885086600272 767
1619478885140794048 213
1619478885151282878 470
1619478885227873618 654
1619478885298015527 427
1619478885447563171 524
1619478885468270981 1626
1619478885487764794 870
1619478885645208846 238
1619478885738055544 466
1619478885753845764 555
1619478885756118559 237
1619478885765730442 282
1619478885773321241 843
1619478885802472467 441
1619478885807561643 759
1619478885817634291 521
1619478885863302310 530
1619478885890294436 611
1619478885905086059 197
1619478885971542298 280
1619478886001816878 250
1619478886078257189 219
1619478886184007962 554
1619478886215385550 274
1619478886350505533 456
1619478886402479629 460
1619478886431311307 601
1619478886545774512 242
1619478886572399633 184
1619478886668523335 323
1619478886686102524 557
1619478886748596084 247
1619478886797337972 566
1619478886912704013 255
1619478887076975797 549
1619478887213809882 213
1619478887225621699 259
1619478887250795236 502
1619478887268286957 695
1619478887489641435 404
1619478887492301149 633
1619478887499090033 271
1619478887543644330 515
1619478887629684213 214
1619478887639597787 476
1619478887651358489 180
1619478887661612746 331
1619478887715772552 690
1619478887731610971 717
1619478887741462901 216
1619478887775060306 712
1619478887789486114 215
1619478887852013671 799
1619478887916286974 179
1619478887973512773 238
1619478888031759401 423
1619478888036634007 245
1619478888041709967 397
1619478888107859576 413
1619478888162904502 720
1619478888236365701 1207
1619478888296092234 246
1619478888322710128 193
1619478888339916837 231
1619478888395893867 344
1619478888403225099 324
1619478888407767702 216
1619478888410419227 616
1619478888455493780 554
1619478888481536786 506
1619478888599668572 514
1619478888637859062 575
1619478888645644875 510
1619478888660190945 411
1619478888715078727 412
1619478888722676743 357
1619478888790420572 631
1619478888846638429 170
1619478888940211767 306
1619478888991008092 229
1619478889000465587 360
1619478889010718929 528
1619478889049395312 210
1619478889103475747 765
1619478889113645042 879
1619478889195651201 397
