102377703334217 0
102378704553562 0
102379705707140 0
102380706912913 0
102381708077472 0
102382709547387 0
102383710695540 0
102384711840038 0
102385713019814 0
102386714167642 0
102387715412269 0
102388715559609 0
102389716720815 0
102390717962300 0
102391719103030 0
102392720417369 0
102393721659865 0
102394722787478 0
102395724079960 0
102396725406926 0
102397726561518 0
102398727730359 0
102399728653532 0
102400729811094 0
102401730945792 0
102402732115429 0
102403733269328 0
102404734427461 0
102405735560732 0
102406736722705 0
102407737574677 0
102408738822376 0
102409739568327 0
102410740783476 0
102411741944713 2
102412742674694 14
102413743831612 32
102414744573426 48
102415745578848 49
102416746608336 58
102417747583074 108
102418748560729 122
102419749584222 120
102420750556182 127
102421751546345 133
102422752596490 135
102423753582437 131
102424754683397 169
102425755951043 165
102426757544360 206
102427758567813 194
102428759677794 165
102429760784217 186
102430761576154 236
102431762564212 225
102432763579532 198
102433764988958 214
102434765583063 220
102435766618362 208
102436767586477 188
102437768549970 205
102438769596934 213
102439770563639 227
102440771593750 191
102441773086398 265
102442774271287 202
102443775607691 198
102444776565582 207
102445777566555 213
102446778596448 208
102447779569334 196
102448780571871 240
102449781579501 203
102450782545698 199
102451783659819 223
102452784567110 211
102453785704863 211
102454786611258 212
102455787582279 228
102456788565891 192
102457789693835 187
102458790590516 208
102459791640644 228
102460792760324 242
102461793555794 217
102462794632111 206
102463795550558 199
102464796556813 216
102465797594578 219
102466798742006 209
102467799584994 211
102468800577682 210
102469801581092 207
102470802587962 224
102471803586304 215
102472805407297 223
102473806709270 201
102474807715425 206
102475808649527 195
102476809588609 188
102477810556113 217
102478811803864 182
102479812596026 185
102480813573037 185
102481815690774 238
102482816760209 211
102483818158737 223
102484818553759 199
102485819595693 223
102486820597329 218
102487821594304 210
102488822554011 226
102489823558197 186
102490824626823 200
102491826004209 235
102492826768508 220
102493827572050 222
102494828566083 209
102495829602690 202
102496830539947 216
102497831613317 219
102498832569128 187
102499833565421 222
