102509909601287 0
102510910759467 0
102511911902107 0
102512913018968 0
102513914171406 0
102514915311246 0
102515916445704 0
102516917643164 0
102517918762339 0
102518919322355 0
102519920389811 0
102520921542444 0
102521922709197 0
102522923869074 0
102523925034008 0
102524925294770 0
102525926201891 0
102526927202716 0
102527928367269 0
102528929527262 0
102529930697848 0
102530931868064 0
102531933114165 0
102532934292707 0
102533935443941 0
102534936266385 0
102535937413981 0
102536938556369 0
102537939711986 0
102538940215148 0
102539941219555 0
102540942493492 0
102541943726318 0
102542944950815 0
102543946216856 1
102544947438257 17
102545948304708 32
102546949240906 45
102547950286576 68
102548951224912 69
102549952192607 102
102550953479589 130
102551954224073 128
102552955282207 134
102553956227069 123
102554957184594 133
102555958184229 157
102556959191465 146
102557960193066 181
102558961191335 192
102559962743944 218
102560963210320 198
102561964254260 215
102562965267195 224
102563966359867 187
102564967466904 233
102565968188783 201
102566969326188 212
102567970229754 218
102568971295210 211
102569972253250 185
102570973346199 237
102571974192556 176
102572975190514 228
102573976227976 211
102574977334710 225
102575978582358 183
102576979206933 205
102577980221119 219
102578981238498 193
102579982303000 237
102580983210173 193
102581984253560 205
102582985209521 201
102583986192015 236
102584987208283 173
102585988203105 195
102586989194361 218
102587990218951 200
102588991193446 215
102589992217407 197
102590993186996 218
102591994211204 211
102592995213178 187
102593996192943 220
102594997288667 211
102595998219913 200
102596999398921 190
102598000287705 208
102599001259816 207
102600002204869 206
102601003428039 243
102602004308143 195
102603005672443 203
102604006623433 239
102605007217409 216
102606008221136 170
102607009217061 195
102608010245239 213
102609011184777 256
102610012178204 201
102611013185230 215
102612014216693 194
102613015190019 240
102614016191460 199
102615017193522 213
102616018210056 205
102617019313092 207
102618020288658 237
102619021180947 183
102620022186822 227
102621023210387 230
102622024196741 240
102623025228757 208
102624026245755 220
102625027405464 222
102626028194244 234
102627029223199 195
102628030193919 212
102629031399090 204
102630032198926 215
102631033481298 155
