103169183757998 0
103170184943349 0
103171186090284 0
103172187251505 0
103173188427646 0
103174188762436 0
103175189907805 0
103176191118077 0
103177192283869 0
103178193552310 0
103179194592620 0
103180195764436 0
103181196997863 0
103182198159320 0
103183199659202 0
103184200131944 0
103185200983695 0
103186202291267 0
103187203569026 0
103188205004543 0
103189206330710 0
103190207488404 0
103191208679950 0
103192209850559 0
103193210836110 0
103194211987555 0
103195213165094 0
103196214341327 0
103197215530997 0
103198215918329 0
103199217039033 0
103200218252342 0
103201219406601 0
103202220572331 0
103203221576306 6
103204222587781 19
103205223757361 34
103206224725497 56
103207225584391 69
103208226548313 116
103209227598988 117
103210228615015 162
103211229612546 128
103212230575510 110
103213231587206 122
103214232561449 134
103215233594466 136
103216234582888 153
103217235558585 181
103218236569725 191
103219237555774 163
103220238565062 182
103221239559963 190
103222240558803 204
103223241562061 198
103224242728165 191
103225243569045 206
103226244584784 204
103227245957124 194
103228246701469 224
103229248617200 226
103230249580426 229
103231251596753 196
103232252595771 210
103233253595020 231
103234255058748 217
103235255748808 200
103236256872280 215
103237257572896 210
103238258772298 208
103239259565843 184
103240260575346 211
103241261575549 219
103242262707211 203
103243263563318 196
103244264927943 220
103245265545040 225
103246266564055 185
103247267557034 218
103248269094306 198
103249269612007 221
103250270719933 208
103251271583294 230
103252272600470 209
103253273585652 222
103254274559289 183
103255275885258 236
103256276551060 202
103257277602198 206
103258278632801 230
103259279605152 178
103260280567407 198
103261281571417 220
103262283033540 219
103263283555268 191
103264284548590 226
103265285685932 191
103266286579884 215
103267287633865 210
103268288606270 221
103269289576221 213
103270290573317 207
103271291570747 218
103272292700763 189
103273293835784 217
103274294747826 203
103275295865552 245
103276296560939 218
103277297643554 246
103278298595944 205
103279299552146 224
103280300696382 202
103281302586619 218
103282304556280 218
103283305564456 211
103284306563879 228
103285307675787 242
103286309321650 188
103287309952489 222
103288310575079 215
103289311577299 202
103290312567435 192
