103826336524992 0
103827337716444 0
103828338855710 0
103829339976833 0
103830341107090 0
103831342254432 0
103832343385009 0
103833344239109 0
103834345214676 0
103835346411687 0
103836347552642 0
103837348717078 0
103838349882699 0
103839350589708 0
103840351723200 0
103841352863140 0
103842353773341 0
103843354222689 0
103844355376027 0
103845356536074 0
103846357716867 0
103847358868888 0
103848359991061 0
103849360242012 0
103850361410543 0
103851362638234 0
103852363865674 0
103853365083771 0
103854366409476 0
103855367717531 0
103856368883610 0
103857370017776 0
103858371162879 0
103859372307896 0
103860373441113 2
103861374251472 13
103862375226719 33
103863376314563 43
103864377428197 62
103865378811785 60
103866379201460 64
103867380247600 104
103868381333449 115
103869382217169 112
103870383197669 148
103871384305224 139
103872385199862 151
103873386184026 153
103874387202576 129
103875388184782 150
103876389205696 169
103877390169816 181
103878391183378 190
103879392270141 177
103880393194414 200
103881394210191 185
103882395196998 205
103883396349521 195
103884397202912 217
103885398220739 214
103886399186240 222
103887400273533 204
103888401368606 225
103889402279624 215
103890403321622 257
103891404187524 209
103892405198902 222
103893406353685 229
103894407197601 182
103895408217384 214
103896409204149 204
103897410191421 218
103898411326060 194
103899412200941 187
103900413187472 255
103901414202771 187
103902415213308 217
103903416198948 247
103904417194479 227
103905418227608 205
103906419356089 220
103907420177344 205
103908421185987 210
103909422202014 239
103910423201237 223
103911424190911 190
103912425189259 214
103913426177805 220
103914427263106 216
103915428232304 198
103916429212587 225
103917430326661 182
103918431517667 201
103919432373298 221
103920433336020 188
103921434201918 185
103922435330444 214
103923436274781 207
103924437189580 224
103925438197868 205
103926439210175 215
103927440192743 218
103928441310271 187
103929442200041 206
103930443194047 216
103931444196339 201
103932445216776 223
103933446302274 223
103934447338643 224
103935448189003 220
103936449193619 207
103937450201237 217
103938451211917 204
103939452425314 204
103940453206264 214
103941454197890 217
103942455213213 189
103943456338952 222
103944457336841 204
103945458184880 239
103946459277062 213
103947460221994 235
