104089160610670 0
104090161763785 0
104091162967208 0
104092164109796 0
104093165259069 0
104094166399917 0
104095167529582 0
104096168680009 0
104097169247756 0
104098170384064 0
104099171513088 0
104100172653659 0
104101173774569 0
104102174913655 0
104103176060002 0
104104177186266 0
104105178399612 0
104106179535587 0
104107180194601 0
104108181319135 0
104109182450213 0
104110183598058 0
104111184751706 0
104112185915053 0
104113186286399 0
104114187433094 0
104115188572246 0
104116189717369 0
104117190202795 0
104118191353277 0
104119192198691 0
104120193339221 0
104121194478391 0
104122195633957 0
104123196841411 4
104124197219468 19
104125198189363 37
104126199236701 59
104127200229672 91
104128201260394 97
104129202194358 106
104130203190480 114
104131204303376 118
104132205526930 148
104133206741477 165
104134207850109 128
104135208179831 136
104136209192272 144
104137210191663 168
104138211304986 152
104139212184911 161
104140213169914 202
104141214201898 174
104142215318047 152
104143216316732 169
104144217302281 203
104145218524757 175
104146219182049 183
104147220215466 154
104148221271201 180
104149222251462 206
104150223202516 183
104151224210603 173
104152225309031 204
104153226189458 180
104154227198877 214
104155228222370 198
104156229203562 188
104157230189358 213
104158231211052 199
104159232216951 167
104160233201492 188
104161234264791 207
104162235217443 225
104163236285780 230
104164237331299 196
104165238208306 201
104166239196556 207
104167240304573 185
104168241199403 219
104169242327555 203
104170243207118 236
104171244206237 210
104172245190482 227
104173246191876 184
104174247360637 221
104175248173198 201
104176249408285 236
104177250327268 231
104178251181102 193
104179252209579 224
104180253188635 199
104181254204176 231
104182255207936 221
104183256405615 237
104184257191249 173
104185258401657 207
104186259193351 219
104187260195688 213
104188261326145 219
104189262194199 185
104190263182161 216
104191264278197 205
104192265189486 194
104193266207750 238
104194267214583 210
104195268204645 217
104196269276539 213
104197270207759 178
104198271192423 220
104199272209445 172
104200273270701 220
104201274228685 231
104202275561159 233
104203276263490 199
104204277187734 208
104205278265765 228
104206279209868 213
104207280198928 205
104208281308454 193
104209282207096 183
104210283708290 192
104211284284106 215
