105547585328869 0
105548585568325 0
105549586721112 0
105550587876145 0
105551588647624 0
105552589821943 0
105553590582435 0
105554591742927 0
105555592889136 0
105556593988251 0
105557594861759 0
105558595609851 0
105559596780146 0
105560597571882 0
105561598724123 0
105562599638124 0
105563600111359 0
105564601457428 0
105565602588062 0
105566603716977 0
105567604601072 0
105568605755648 0
105569606038378 0
105570607016379 0
105571608187422 0
105572609428705 0
105573610604701 0
105574611752669 0
105575612905848 0
105576614145135 0
105577614590923 0
105578615767668 0
105579616897041 0
105580618065493 2
105581619198545 14
105582619580326 39
105583620586871 46
105584622285920 60
105585622554817 67
105586623561475 73
105587624581188 63
105588625578284 81
105589626553609 86
105590627765557 113
105591628545114 148
105592629590111 150
105593630588038 144
105594631547641 152
105595632581199 133
105596633545566 131
105597634541485 161
105598636025105 149
105599636709037 140
105600637566510 138
105601638625011 180
105602639571892 157
105603640548407 181
105604641582950 181
105605642635386 206
105606643595009 205
105607644590148 207
105608646031368 193
105609646548780 198
105610647664628 227
105611648611429 214
105612649577705 207
105613650591725 179
105614651567572 249
105615652565855 199
105616653590178 238
105617654577224 190
105618655601465 205
105619656563565 202
105620657596903 212
105621658595599 198
105622659596358 217
105623660739006 225
105624661598817 200
105625662564362 204
105626663579535 241
105627664568607 187
105628665573968 248
105629666566879 194
105630667629609 223
105631668586824 226
105632669549050 233
105633670545253 200
105634671569378 228
105635672610707 191
105636673868685 256
105637674586368 209
105638675564836 224
105639676622209 207
105640677553820 228
105641678620927 196
105642679571696 194
105643680584238 234
105644681621627 213
105645682559341 190
105646683564771 245
105647684556659 188
105648685611737 187
105649686576823 235
105650687821272 222
105651688933256 210
105652690587593 212
105653691559313 241
105654692568204 195
105655693585791 207
105656694578628 238
105657695561176 196
105658696704386 211
105659697575083 192
105660698558087 226
105661699589728 204
105662700572570 183
105663701664766 195
105664702578811 225
105665703563500 212
105666704602798 208
105667705545769 202
105668707194829 222
