107129179675535 0
107130180278162 0
107131181454290 0
107132182580427 0
107133183827014 0
107134185007067 0
107135186150995 0
107136187323218 0
107137187910171 0
107138189066639 0
107139190210348 0
107140191379961 0
107141192579861 0
107142193958924 0
107143195403420 0
107144196566163 0
107145197818820 0
107146199003922 0
107147200181928 0
107148201350447 0
107149202514881 0
107150203682116 0
107151204839838 0
107152206033708 0
107153207227203 0
107154208407866 0
107155209685483 0
107156210835062 0
107157212002339 0
107158213141830 0
107159214320136 0
107160214587788 0
107161215731598 0
107162216891256 0
107163218203495 3
107164219380230 21
107165220555214 34
107166221550179 53
107167222576210 83
107168223869679 106
107169224628681 122
107170225777435 119
107171226865831 135
107172227717910 137
107173228585050 132
107174229577200 128
107175230569334 143
107176231556577 126
107177232729874 147
107178233585612 157
107179234595097 133
107180235617141 154
107181236573952 162
107182237572040 158
107183238682421 171
107184239574220 192
107185240679756 150
107186241582685 196
107187242578124 170
107188243777693 166
107189244571831 173
107190245603974 184
107191246718612 178
107192247569472 144
107193248585118 151
107194249577815 198
107195250577537 171
107196251564200 209
107197252717967 160
107198253557690 192
107199254797040 183
107200255568322 166
107201256647954 146
107202257639510 135
107203258585392 172
107204259575562 157
107205260547027 213
107206261582132 182
107207263537707 207
107208264584145 186
107209265561614 212
107210266572162 205
107211267561296 205
107212268569413 161
107213269566394 237
107214270551008 184
107215271587940 205
107216272552760 218
107217273662998 221
107218274598433 211
107219275567374 212
107220276618751 186
107221278413449 233
107222279562020 167
107223280588373 220
107224281573433 191
107225282572098 226
107226283846144 186
107227285548496 220
107228286695427 195
107229287664793 189
107230288592312 210
107231290545638 205
107232291558283 224
107233292608853 208
107234293606230 202
107235294802703 204
107236295580061 257
107237296567740 211
107238297551232 216
107239298635034 221
107240299565931 205
107241303669221 194
107242304678668 223
107243305943008 186
107244306571781 213
107245307573950 198
107246309561209 226
107247312665530 173
107248313590162 247
107249314571121 208
107250315570313 206
