107392138653651 0
107393139582286 0
107394140730658 0
107395141882385 0
107396143032277 0
107397144222489 0
107398145341108 0
107399146519492 0
107400147700800 0
107401148853522 0
107402150021872 0
107403151269983 0
107404152304948 0
107405153471789 0
107406154650949 0
107407155816716 0
107408157052383 0
107409158468818 0
107410159676482 0
107411160813966 0
107412162113802 0
107413163270380 0
107414164410973 0
107415165426421 0
107416166591402 0
107417167769670 0
107418168921934 0
107419169573964 0
107420170728923 0
107421172109052 0
107422173358823 0
107423174358210 0
107424174594287 0
107425175568538 0
107426176740434 0
107427177557108 7
107428178568486 20
107429179332720 34
107430180591688 43
107431181744756 47
107432182587749 67
107433183555353 71
107434184839405 74
107435186060504 78
107436187220799 67
107437188839411 88
107438189573053 122
107439190648592 133
107440191578994 140
107441192573299 161
107442193946339 135
107443194576662 178
107444195720389 147
107445196570430 122
107446197576673 155
107447198742717 145
107448199590093 110
107449200543005 154
107450201546114 164
107451202604719 162
107452203635386 153
107453204560356 210
107454205671490 178
107455206594682 221
107456207577851 177
107457208723432 213
107458209943849 197
107459210984393 182
107460212041686 222
107461213351030 198
107462215602522 209
107463216555178 193
107464217709125 225
107465218574106 200
107466219567363 209
107467220580064 219
107468221628440 207
107469223477456 212
107470224567048 182
107471225861723 216
107472227055486 194
107473228201097 192
107474228592307 192
107475229588695 206
107476230774110 203
107477231708641 176
107478232567366 262
107479233556300 181
107480234570869 227
107481235741522 211
107482236784391 193
107483237574162 205
107484238565236 203
107485239548102 200
107486241012416 205
107487241567311 219
107488242707936 217
107489243554676 169
107490244581099 204
107491245770469 193
107492246604749 219
107493247571015 214
107494249520652 234
107495250562733 218
107496251580048 225
107497253606732 205
107498254632799 225
107499255601826 210
107500256586109 186
107501257571426 254
107502258635073 180
107503259872526 238
107504260922307 223
107505261737504 210
107506262904429 249
107507263683299 220
107508264787689 218
107509265703272 219
107510266559942 218
107511268547511 246
107512269562032 198
107513270621591 212
107514271577615 190
107515272563717 228
107516273608490 152
