108055414659471 0
108056415197701 0
108057416363844 0
108058417197004 0
108059418360625 0
108060419281552 0
108061420499164 0
108062421694642 0
108063422826158 0
108064423810381 0
108065424960588 0
108066426114888 0
108067427375206 0
108068428513030 0
108069429650081 0
108070430798792 0
108071431999844 0
108072433298038 0
108073434428917 0
108074435377463 0
108075436656412 0
108076437818204 0
108077438226377 0
108078439124589 0
108079440304589 0
108080441475562 0
108081442609833 0
108082443292063 0
108083444491847 0
108084445630249 0
108085446795130 0
108086447929747 0
108087449077418 0
108088449212311 7
108089450355680 31
108090451227060 40
108091452288358 64
108092453427677 52
108093454655536 71
108094455188355 71
108095456191096 68
108096457181437 66
108097458205290 66
108098459462927 104
108099460628701 97
108100461212298 128
108101462207122 142
108102463194386 151
108103464194492 146
108104465272782 136
108105466206277 144
108106467201724 166
108107468319911 139
108108469213214 149
108109470353195 151
108110471257448 160
108111472197600 159
108112473194788 163
108113474193557 169
108114475181510 230
108115476189777 196
108116477199417 186
108117478475486 177
108118479197099 178
108119480183906 193
108120481202535 220
108121482214326 181
108122483220592 199
108123484218067 211
108124485188219 193
108125486205167 187
108126487189269 244
108127488203550 208
108128489199480 232
108129490198772 187
108130491219983 223
108131492211623 197
108132493197411 243
108133494199890 224
108134495181162 254
108135496579546 209
108136497232607 218
108137498218826 190
108138499195671 203
108139500232549 219
108140501396623 237
108141502329574 174
108142503221878 219
108143504186299 223
108144505195291 179
108145506226249 199
108146507199453 235
108147508182578 207
108148509193535 206
108149510180875 198
108150511221326 186
108151512211590 224
108152513280894 179
108153514199639 218
108154515200498 186
108155516207425 210
108156517185691 214
108157518207703 213
108158519176597 199
108159520388140 218
108160521232814 204
108161522207753 219
108162523202592 195
108163524362770 222
108164525638122 222
108165526354381 193
108166527221542 232
108167528296441 204
108168529201094 202
108169530231460 223
108170531188137 220
108171532321800 196
108172533196325 242
108173534306482 189
108174535213235 240
108175536209479 192
