108186096651926 0
108187098302646 0
108188099471950 0
108189100621412 0
108190101583580 0
108191102558514 0
108192103583301 0
108193104749116 0
108194105576936 0
108195106713877 0
108196107878158 0
108197109043887 0
108198109577379 0
108199110746422 0
108200111573669 0
108201112714093 0
108202113855977 0
108203114986362 0
108204116122534 0
108205117277869 0
108206118421406 0
108207119156428 0
108208120368523 0
108209121565370 0
108210122578695 0
108211123745797 0
108212124894310 0
108213126040869 0
108214127200716 0
108215128428226 0
108216129606908 0
108217130762656 0
108218131584771 0
108219132562896 0
108220133579959 13
108221134733426 26
108222135760171 42
108223136921929 54
108224137631175 50
108225138593676 81
108226139587155 65
108227140563085 62
108228141596263 69
108229142587295 75
108230143588228 113
108231144594793 117
108232145593795 126
108233146580521 125
108234148467727 138
108235150444458 134
108236151567457 147
108237152668425 120
108238153727810 132
108239154580303 122
108240155573485 147
108241156582081 122
108242157555626 169
108243158609847 164
108244159551492 171
108245160730987 191
108246162608497 154
108247163586263 225
108248164583416 207
108249165562196 188
108250166902265 195
108251167721177 211
108252168576448 260
108253169564897 176
108254170791389 208
108255171572931 202
108256172581371 207
108257173596194 206
108258174593153 222
108259175659458 181
108260177060070 234
108261178562618 206
108262179560056 203
108263180576360 186
108264181702895 223
108265182618685 210
108266184016526 237
108267184613589 200
108268185624747 202
108269186670143 206
108270187717428 198
108271188616362 234
108272189577586 224
108273190629335 191
108274191560948 211
108275192575795 215
108276193987524 196
108277194738039 211
108278195564888 211
108279196709647 198
108280197577875 226
108281199751887 199
108282201288938 213
108283202871676 196
108284203600709 211
108285204619867 214
108286207574278 224
108287208592317 182
108288209615960 218
108289210554452 214
108290211579976 210
108291212590872 222
108292213829160 218
108293214741468 228
108294215719726 225
108295216822380 181
108296217573500 190
108297218633621 192
108298219552981 235
108299220539805 187
108300221583532 218
108301222575536 202
108302223582162 225
108303224578723 190
108304226034483 211
108305226553491 195
108306231004698 199
108307231570135 238
