96679885524949 0
96680886691809 0
96681887844634 0
96682888986126 0
96683890108868 0
96684891276012 0
96685892434496 0
96686893605664 0
96687894737879 0
96688895884511 0
96689897025370 0
96690898166719 0
96691899484757 0
96692900642251 0
96693901781750 0
96694902929503 0
96695904089023 0
96696905464022 0
96697906629771 0
96698907767469 0
96699908913950 0
96700910044758 0
96701911355755 0
96702912474187 0
96703913625704 0
96704914781238 0
96705915951699 0
96706917271329 0
96707918401040 0
96708919515138 0
96709920653509 0
96710921792007 0
96711922927503 0
96712924094310 6
96713925372821 29
96714926517365 53
96715927196622 82
96716928223912 86
96717929197382 85
96718929920626 86
96719931053864 74
96720932196824 93
96721933217686 92
96722934292502 81
96723935411314 83
96724936527771 89
96725937191857 87
96726938188643 89
96727939369317 78
96728940623790 89
96729941214597 75
96730942209586 82
96731943346374 82
96732944299010 76
96733945425588 85
96734946195482 76
96735947198828 86
96736948185413 79
96737949190307 79
96738950208057 77
96739951184882 77
96740952192520 85
96741953322099 93
96742953543127 90
96743954293869 86
96744955198572 88
96745956211061 83
96746957328425 84
96747958202584 87
96748959396958 87
96749960513550 69
96750961240004 79
96751962200391 83
96752963311283 91
96753964190510 83
96754965203438 86
96755966264749 90
96756967447759 81
96757968305572 86
96758969301185 89
96759970197998 85
96760971210355 75
96761972199778 86
96762973189913 82
96763974208168 96
96764975334586 84
96765976193653 84
96766977203329 81
96767978189212 83
96768979324919 85
96769980197297 86
96770981271590 84
96771982194705 86
96772983325234 87
96773984207862 78
96774985202595 77
96775986185870 78
96776987188457 84
96777988277115 81
96778989215307 84
96779990385167 85
96780991202881 92
96781992206095 90
96782993197767 86
96783994192449 90
96784995186705 87
96785996439903 81
96786997195191 81
96787998370564 82
96788999210396 89
96790000204303 76
96791001784673 84
96792002279961 88
96793003215642 81
96794004229305 79
96795005201724 81
96796006201547 84
96797007339922 81
96798008205543 86
96799009193502 80
96800010407641 78
96801011226410 87
96802012194836 91
