97212392597208 0
97213393756179 0
97214394893903 0
97215395899441 0
97216396391908 0
97217397533534 0
97218398664361 0
97219399833449 0
97220400977082 0
97221402166820 0
97222403303923 0
97223404190952 0
97224405337337 0
97225406197331 0
97226407339137 0
97227408496568 0
97228409647367 0
97229410802553 0
97230411961210 0
97231413094731 0
97232414419132 0
97233415555211 0
97234416702708 0
97235417846982 0
97236419075829 0
97237420395687 0
97238421529226 0
97239422017837 0
97240423288289 0
97241424470678 0
97242425624456 0
97243426781683 0
97244427920675 0
97245429079755 19
97246429215828 46
97247430629927 74
97248431268944 114
97249432204783 103
97250433434223 115
97251434417901 95
97252435351749 105
97253436224647 97
97254437198320 97
97255438215863 106
97256439299861 99
97257440454100 111
97258441207683 102
97259442388531 121
97260443511959 107
97261444295503 109
97262445440662 106
97263446453298 116
97264447516729 108
97265448248563 93
97266449397393 115
97267450537147 111
97268451793353 109
97269452282836 105
97270453273279 98
97271454252364 108
97272455279497 99
97273456411572 112
97274457224390 101
97275458243955 109
97276459200925 106
97277460195316 106
97278461402535 98
97279462234203 106
97280463197960 106
97281464201771 108
97282465315060 109
97283466205170 109
97284467207220 101
97285469189633 94
97286470287059 106
97287471278682 104
97288472277950 119
97289473209715 108
97290474414430 100
97291475261368 101
97292476382091 113
97293477193545 108
97294478216584 106
97295479363538 101
97296480302286 113
97297481185512 112
97298482216612 110
97299483182503 106
97300484190437 107
97301484357263 111
97302485296816 116
97303486262879 109
97304487347714 107
97305488232969 103
97306489437587 97
97307490206092 108
97308491215458 117
97309492314085 107
97310493197334 101
97311494412777 108
97312495291449 118
97313496199603 113
97314497225341 104
97315498193358 102
97316499212354 104
97317500303112 106
97318501210591 113
97319502339615 102
97320504060364 104
97321504335996 96
97322505224719 103
97323506266719 112
97324507200399 98
97325508232091 112
97326509347528 108
97327510607788 110
97328511188606 117
97329512404943 118
97330513202969 106
97331514202221 113
97332515312126 107
