97344253418988 0
97345254651587 0
97346255837620 0
97347257005054 0
97348258227972 0
97349259450768 0
97350260653695 0
97351261591838 0
97352262708036 0
97353263572703 0
97354264737759 0
97355265929980 0
97356267105738 0
97357268395488 0
97358269593102 0
97359270762169 0
97360271936547 0
97361273154620 0
97362274368340 0
97363274569543 0
97364275732445 0
97365276926545 0
97366278082762 0
97367279316624 0
97368280671852 0
97369281857682 0
97370283077675 0
97371284194213 0
97372285370989 0
97373285734168 0
97374286917192 0
97375288088325 0
97376289307453 0
97377289593405 0
97378290880030 19
97379292143415 49
97380292558502 85
97381293618921 111
97382294613774 105
97383296080178 111
97384296845240 114
97385297597675 111
97386299052624 116
97387299566392 113
97388300635265 119
97389301584560 126
97390302648460 107
97391303579123 100
97392304585341 121
97393305946295 113
97394306602937 107
97395307573238 118
97396308563837 115
97397309629570 103
97398310562870 111
97399311575321 104
97400312584556 116
97401313566802 116
97402314582307 107
97403315696735 113
97404316559701 122
97405317571217 117
97406318585508 111
97407319602899 106
97408320550072 107
97409321563207 113
97410322564268 105
97411324149229 115
97412325530273 113
97413327012582 115
97414327561368 112
97415328581339 101
97416329728184 109
97417330581115 119
97418331588326 108
97419332583085 112
97420333578194 117
97421334585143 120
97422335576545 110
97423336704852 109
97424337868141 115
97425338645507 113
97426339666758 102
97427340818844 112
97428341570582 111
97429342597590 112
97430343583486 114
97431344581765 114
97432345563992 113
97433346586021 111
97434347614727 112
97435348795052 122
97436349944101 109
97437350572776 120
97438351565555 113
97439352560658 102
97440353798147 124
97441354572958 118
97442355601483 120
97443356586896 111
97444356846460 108
97445357634729 107
97446358571539 115
97447359564984 119
97448360564874 102
97449361717626 116
97450362593287 109
97451363574076 109
97452364573478 116
97453365554723 111
97454366927853 112
97455367946722 109
97456368786875 121
97457369617004 121
97458370633874 117
97459371575739 106
97460372722767 110
97461373732161 112
97462374588279 113
97463375587725 117
97464376573706 109
97465377563286 115
