97476281936065 0
97477283118527 0
97478284287661 0
97479285404119 0
97480286203847 0
97481287341088 0
97482288486762 0
97483289638096 0
97484290806233 0
97485291227757 0
97486292404429 0
97487293557367 0
97488294700060 0
97489295847909 0
97490296998205 0
97491297234429 0
97492298556290 0
97493299703037 0
97494300858577 0
97495301997723 0
97496303258669 0
97497304551440 0
97498305688235 0
97499306271846 0
97500307409670 0
97501308557472 0
97502309726727 0
97503310875880 0
97504312017767 0
97505313159549 0
97506314391863 0
97507315810164 0
97508316649118 0
97509317793733 0
97510318951600 12
97511320089902 48
97512321284604 83
97513322210013 105
97514323344270 123
97515324536528 117
97516325185905 116
97517326392186 116
97518327537293 131
97519328199067 121
97520329420481 133
97521330212160 113
97522331581455 123
97523332993108 119
97524333260042 114
97525334210398 121
97526335194188 127
97527336185285 106
97528337196991 106
97529338193396 116
97530339199715 122
97531340414774 128
97532341526736 107
97533342183799 122
97534343247307 113
97535344303887 121
97536345434229 119
97537346212296 106
97538347222738 123
97539348332887 116
97540349217921 122
97541350214948 114
97542351208625 117
97543352216330 116
97544353276761 115
97545354651649 120
97546355629217 126
97547356746054 126
97548357242383 128
97549358179878 129
97550359209061 123
97551360269976 122
97552361209736 126
97553362235778 122
97554363211218 127
97555364301933 113
97556365203217 114
97557366332800 116
97558367187111 116
97559368312726 107
97560369282244 115
97561370254570 114
97562371212673 118
97563372321461 117
97564373219866 117
97565374202505 124
97566375216575 122
97567376241262 116
97568377198882 119
97569379509093 123
97570380246172 112
97571381210034 127
97572382203735 117
97573383205728 118
97574384291126 114
97575385219224 122
97576386196475 127
97577387188935 114
97578388187886 114
97579389210742 118
97580390232394 126
97581391341090 115
97582392229787 127
97583393524274 119
97584394253669 123
97585395380416 113
97586396195500 111
97587397292762 113
97588398229758 110
97589399207775 122
97590400223618 120
97591401219240 121
97592402276505 127
97593403334440 130
97594404188864 109
97595405206554 126
97596406184094 121
97597407311244 122
97598408211349 121
97599409216048 124
