97742484525630 0
97743485206982 0
97744486357431 0
97745487480347 0
97746488848118 0
97747489979794 0
97748491096326 0
97749492245663 0
97750493390774 0
97751494889411 0
97752496015240 0
97753497163169 0
97754498304888 0
97755499523364 0
97756500636885 0
97757501210233 0
97758502324466 0
97759503458986 0
97760504590726 0
97761505746458 0
97762506893976 0
97763508049523 0
97764509198047 0
97765510368396 0
97766511515645 0
97767512664934 0
97768513804587 0
97769514928298 0
97770516080212 0
97771517302416 0
97772518471483 0
97773519240898 0
97774520418910 0
97775521553432 0
97776522210862 4
97777523334005 14
97778524196537 38
97779525207788 74
97780526189934 100
97781527306628 114
97782528436615 135
97783529209839 130
97784530325845 123
97785531517430 126
97786532614122 132
97787533243369 129
97788534257986 123
97789535204976 117
97790536240097 134
97791537201824 136
97792538190965 133
97793539221526 122
97794540380474 131
97795541291947 122
97796542303271 127
97797543482305 137
97798544200988 124
97799545280931 125
97800546181839 128
97801547333573 139
97802548465978 133
97803549198041 127
97804550221653 126
97805551205144 138
97806552171256 131
97807553250509 129
97808554207431 142
97809555210526 128
97810556281631 128
97811557664834 131
97812558805228 138
97813560322287 131
97814561476657 143
97815562185099 137
97816563204596 126
97817564208302 138
97818565203838 133
97819566307653 124
97820567265056 111
97821568391425 136
97822569176852 135
97823570193355 127
97824571299377 119
97825572290912 118
97826573212927 125
97827574204185 125
97828575235189 131
97829576461035 137
97830577209016 115
97831578232704 132
97832579466024 126
97833580193759 113
97834581425577 138
97835582288962 138
97836583194414 124
97837584226801 125
97838585266137 135
97839586170061 114
97840587313437 139
97841588199035 133
97842589199863 114
97843590196419 136
97844591313605 128
97845592237449 123
97846593366075 119
97847594288692 139
97848595185189 135
97849596207807 125
97850597197443 127
97851598206801 132
97852599194352 134
97853600209736 125
97854601283961 134
97855602268982 132
97856603194140 123
97857604376906 127
97858605520774 121
97859606198585 125
97860607205589 138
97861608267850 127
97862609188183 130
97863610210633 129
