98008065100056 0
98009066334113 0
98010067338413 0
98011068210761 0
98012069350093 0
98013070210621 0
98014071398902 0
98015072331555 0
98016073475903 0
98017074220944 0
98018075377198 0
98019076201496 0
98020077487613 0
98021078286207 0
98022079452734 0
98023080593960 0
98024081233435 0
98025082199369 0
98026083344317 0
98027084511511 0
98028085667520 0
98029086702205 0
98030087820060 0
98031088245846 0
98032089392710 0
98033090558631 0
98034091690016 0
98035092829959 0
98036093979213 0
98037095156220 0
98038096293028 0
98039097436389 0
98040098587668 0
98041099755347 0
98042100218008 3
98043101339084 17
98044102552954 42
98045103354447 60
98046104514688 100
98047105751916 123
98048106204291 135
98049107445770 146
98050108359520 146
98051109268858 158
98052110216779 137
98053111219799 137
98054112206539 144
98055113199502 132
98056114208384 144
98057115209666 137
98058116239100 143
98059117202065 146
98060118225274 156
98061119340577 126
98062120372318 141
98063121493698 146
98064122201606 134
98065123209054 142
98066124281354 138
98067125214041 138
98068126192735 140
98069127318320 137
98070128203389 146
98071129216894 130
98072130201600 147
98073131381117 142
98074132205715 140
98075133200874 143
98076137493967 145
98077138204632 133
98078139342989 133
98079140196164 139
98080142189265 149
98081143199600 129
98082144279112 154
98083145322504 144
98084146225839 137
98085147201076 136
98086148343047 139
98087149196593 148
98088150192724 155
98089151233310 143
98090152195974 146
98091153335079 126
98092154273694 136
98093155187599 133
98094156300472 152
98095157179043 149
98096158206314 134
98097159205690 153
98098160233655 146
98099161207761 155
98100162210298 149
98101163208836 138
98102164221115 148
98103165252285 156
98104166217041 128
98105167338049 143
98106168223586 147
98107169224131 128
98108170203200 140
98109171607928 141
98110172257657 138
98111173191475 138
98112174182847 130
98113175184086 134
98114176185438 145
98115177204179 137
98116178266378 156
98117179216904 138
98118180198692 146
98119181287973 152
98120182212725 140
98121183309373 143
98122184231458 145
98123185304180 140
98124186207883 136
98125187273544 148
98126188223418 145
98127189182731 142
98128190212320 145
98129191192750 128
