98538034100508 0
98539035282497 0
98540036408664 0
98541037590013 0
98542038720400 0
98543039855399 0
98544041056768 0
98545042211561 0
98546043353212 0
98547044482824 0
98548045696044 0
98549046861000 0
98550047982605 0
98551049270645 0
98552050432914 0
98553051571149 0
98554052194690 0
98555053337084 0
98556054469319 0
98557055199447 0
98558056354307 0
98559057494201 0
98560058649932 0
98561059938561 0
98562061204674 0
98563062311896 0
98564063201515 0
98565064194251 0
98566065409653 0
98567066543360 0
98568067660559 0
98569068198090 0
98570069344288 0
98571070202982 0
98572071318469 2
98573072197805 25
98574073205806 60
98575074231198 82
98576075198276 111
98577076371769 134
98578077208357 161
98579078351070 167
98580079199193 152
98581080183192 153
98582081205309 171
98583082339326 165
98584083265857 170
98585084222450 165
98586086700571 160
98587087189554 161
98588088189126 167
98589089196579 160
98590090193606 144
98591091203362 163
98592092357659 169
98593093194885 167
98594094239118 149
98595095209603 154
98596096231058 157
98597097340468 167
98598098294487 155
98599099168609 165
98600100209931 163
98601101605341 161
98602102653714 169
98603103221373 154
98604104212799 156
98605105189087 144
98606106192464 161
98607107284533 165
98608108265376 154
98609109197336 159
98610110292717 160
98611111214455 147
98612112345632 147
98613113212478 171
98614114290775 169
98615115207621 162
98616116191734 163
98617116873596 164
98618117379020 153
98619118215439 154
98620119301422 156
98621120432437 168
98622121396012 164
98623122616813 175
98624123293458 151
98625124217731 158
98626125213339 154
98627126316449 153
98628127460103 171
98629128588568 156
98630129213974 173
98631130201234 161
98632131276018 167
98633132286463 154
98634133304905 153
98635134435451 163
98636135192134 168
98637136203128 167
98638137203500 170
98639138205285 159
98640139216000 160
98641140348746 155
98642141484847 156
98643142315630 166
98644143459534 174
98645144205670 169
98646145209900 160
98647146208312 169
98648147199722 171
98649148237641 159
98650149197818 160
98651150284430 165
98652151505658 154
98653152201645 156
98654153299590 164
98655154233825 167
98656155220517 160
98657156351510 160
98658157228263 163
98659158222275 167
98660159334248 164
