99198717412473 0
99199718550624 0
99200719412689 0
99201720586634 0
99202721756413 0
99203722921628 0
99204724064327 0
99205725190781 0
99206726092531 0
99207727272182 0
99208728393666 0
99209729555531 0
99210730814627 0
99211731982958 0
99212733231969 0
99213734424072 0
99214735587698 0
99215736593580 0
99216737850861 0
99217738573859 0
99218739572868 0
99219740734728 0
99220741584691 0
99221742811270 0
99222744051742 0
99223745322268 0
99224746596919 0
99225747844918 0
99226749001161 0
99227750207450 0
99228751347916 0
99229752531208 0
99230753677241 0
99231754839410 1
99232755994741 17
99233757151208 38
99234758206474 67
99235759213283 86
99236759563742 113
99237760553889 146
99238761701492 161
99239762563340 170
99240763541609 200
99241764578330 177
99242765614875 184
99243766559244 188
99244767565192 176
99245768602286 188
99246769590046 176
99247770589715 173
99248771566288 190
99249772602331 176
99250773581636 194
99251774580912 185
99252775573586 171
99253777035152 181
99254777546217 194
99255778599235 188
99256779640838 197
99257780568700 183
99258781574123 190
99259782568149 180
99260783577782 175
99261784571317 188
99262785671861 212
99263786584186 189
99264788351645 189
99265788732186 174
99266789716087 181
99267790565259 189
99268791581081 188
99269792546586 180
99270793563848 183
99271794591278 176
99272795615599 181
99273797089630 197
99274798069999 185
99275798693578 188
99276799650233 184
99277800576472 177
99278801574803 196
99279802660875 176
99280803565238 196
99281804626321 183
99282805589904 188
99283806646622 193
99284807569519 173
99285808542450 182
99286810049560 191
99287811327455 199
99288812020954 186
99289812592237 185
99290813572844 188
99291814608829 180
99292815587054 188
99293816849127 200
99294817549383 190
99295818730919 178
99296819564476 188
99297821035155 195
99298821559478 209
99299822570663 188
99300823570993 189
99301824581087 187
99302825555325 187
99303826571372 188
99304827579014 197
99305828719158 185
99306829620142 188
99307830741868 181
99308831751145 198
99309832541319 173
99310833653145 187
99311834555378 180
99312835557076 196
99313836613704 188
99314837573616 174
99315838539488 182
99316839600174 184
99317840603183 185
99318841554564 164
99319842573480 192
