99600607792882 0
99601608980595 0
99602610124607 0
99603611335357 0
99604612471852 0
99605613961876 0
99606615105971 0
99607616338746 0
99608617495082 0
99609618653675 0
99610619832246 0
99611620994564 0
99612622210872 0
99613623370680 0
99614624527692 0
99615625745293 0
99616626959001 0
99617628102379 0
99618629238339 0
99619630363805 0
99620631488989 0
99621632628682 0
99622633762713 0
99623634976596 0
99624636099536 0
99625637330027 0
99626638532742 0
99627639724788 0
99628640828233 0
99629641960946 0
99630643102947 0
99631644287617 0
99632645438462 0
99633646561744 3
99634647678907 21
99635649022362 42
99636650286716 74
99637651209649 90
99638652316182 130
99639653208857 123
99640654198733 178
99641655564072 189
99642656246859 181
99643657199159 198
99644658265187 185
99645659200949 206
99646660208008 194
99647661241419 193
99648662300868 206
99649663303578 196
99650664203898 194
99651665207078 202
99652666229911 202
99653667299636 186
99654668230318 221
99655669221216 194
99656670308748 210
99657671281026 195
99658672175319 224
99659673191272 193
99660674187559 197
99661675260642 189
99662676187469 204
99663677342395 169
99664679212459 208
99665680400414 196
99666681180863 227
99667682190782 199
99668683219896 194
99669684175603 177
99670685272680 216
99671686203647 216
99672687255230 195
99673688186054 198
99674689203541 209
99675690195908 205
99676691197230 202
99677692254214 194
99678693245923 186
99679694207823 216
99680695201793 205
99681696181488 189
99682697339126 216
99683698438726 185
99684699193376 202
99685700411919 190
99686701532663 197
99687702226813 196
99688703294383 209
99689704195077 196
99690705184073 186
99691706218118 197
99692707200059 181
99693708191400 213
99694709207523 190
99695710219439 201
99696711219453 196
99697712214753 193
99698713207575 210
99699714188853 193
99700715221366 199
99701716164939 184
99702717191625 191
99703718200470 184
99704719217960 185
99705720183432 185
99706721294362 181
99707722183798 211
99708723336897 192
99709724180226 212
99710725201098 212
99711726198843 198
99712727198379 188
99713728281452 210
99714729194433 214
99715730186741 186
99716731228085 193
99717732367106 207
99718733211089 190
99719734194737 214
99720735297718 201
99721736454066 204
