99995696761531 0
99996697997120 0
99997699204783 0
99998700114579 0
99999700578755 0
100000701597777 0
100001702768791 0
100002703568095 0
100003704727693 0
100004705880257 0
100005707060274 0
100006708315723 0
100007709578873 0
100008710964416 0
100009712122863 0
100010713241021 0
100011713564504 0
100012714741625 0
100013715587660 0
100014716743071 0
100015717912915 0
100016719053822 0
100017720208759 0
100018720613065 0
100019721782233 0
100020723038018 0
100021723592087 0
100022724739237 0
100023725969641 0
100024727102526 0
100025728252583 0
100026729422346 0
100027730579483 0
100028731731951 0
100029732896177 5
100030734028015 27
100031735161049 47
100032736324420 67
100033737460879 92
100034738572549 115
100035739588422 140
100036740599802 138
100037741590813 167
100038742569396 180
100039743559917 191
100040745004956 219
100041745914293 212
100042747605924 192
100043748591775 224
100044749564498 204
100045750683411 208
100046751804961 207
100047752652080 213
100048753566572 197
100049754579752 192
100050755621155 204
100051756638591 204
100052757587918 194
100053758576733 204
100054759561928 201
100055760562260 215
100056761578399 223
100057762558497 203
100058763621390 216
100059764564706 213
100060765552666 212
100061766552380 209
100062768260966 210
100063768552426 190
100064769562479 203
100065771264059 197
100066772224144 216
100067772558968 205
100068773781680 219
100069775313203 210
100070776634675 216
100071777560243 217
100072778575536 210
100073779566834 205
100074780564302 221
100075781581907 215
100076782568272 172
100077783602252 211
100078784593468 181
100079785555760 208
100080786621884 195
100081787565245 200
100082788616546 231
100083789584747 203
100084790654200 193
100085791562389 212
100086792568776 209
100087794724632 225
100088795565215 210
100089796619736 198
100090798855044 194
100091799599252 191
100092800589420 196
100093801584784 203
100094802583978 208
100095805466563 217
100096806571589 202
100097807891321 212
100098811175015 201
100099811679308 213
100100812612647 215
100101813560343 193
100102814556155 195
100103815699480 198
100104816565713 200
100105817783888 193
100106818574195 214
100107819540411 204
100108820578303 217
100109821542088 204
100110822552217 211
100111823572098 205
100112824681992 214
100113825550873 203
100114826611656 202
100115827555157 203
100116828865705 221
