100393935677258 0
100394936862813 0
100395937989674 0
100396939120033 0
100397940346398 0
100398941477831 0
100399942604898 0
100400943719372 0
100401944945361 0
100402946082228 0
100403947308458 0
100404948438639 0
100405948753471 0
100406950056599 0
100407951189919 0
100408952341957 0
100409953491206 0
100410954341609 0
100411955717864 0
100412956875649 0
100413958017258 0
100414959194022 0
100415960472397 0
100416961612512 0
100417962727859 0
100418963886490 0
100419965065538 0
100420966232787 0
100421967405889 0
100422968548576 0
100423969698104 0
100424970227114 0
100425970873445 0
100426972017980 0
100427973230760 10
100428974184047 27
100429975282978 44
100430976413926 76
100431977617374 100
100432978197860 134
100433979443677 144
100434980205704 141
100435981209739 143
100436982217082 178
100437983189225 185
100438984221905 226
100439985237847 212
100440986348700 220
100441987182614 222
100442988308242 217
100443989325867 206
100444990193988 215
100445991216823 208
100446992309149 211
100447993251146 217
100448994203540 177
100449995200762 209
100450996195586 203
100451997192074 213
100452998193860 195
100453999399233 219
100455000257295 199
100456001195188 218
100457002193908 192
100458003193298 201
100459004301962 219
100460005214228 228
100461006213122 203
100462007201119 213
100463008203481 208
100464009195155 211
100465010201430 218
100466011212854 220
100467012201881 205
100468013199321 225
100469014195961 200
100470015217451 232
100471016240257 203
100472017293901 212
100473018209630 210
100474019201755 204
100475020300234 208
100476021398802 211
100477022200064 229
100478023313142 219
100479024320532 215
100480025216883 210
100481026317960 215
100482027206956 216
100483028177362 206
100484029236343 239
100485030197905 232
100486031214987 203
100487032281920 230
100488033257327 220
100489034199587 215
100490035273437 216
100491036336975 208
100492037317557 210
100493038260876 203
100494039204318 223
100495040190116 231
100496041183278 196
100497042237114 215
100498045183496 211
100499046196017 196
100500047176076 216
100501048246130 219
100502049678120 234
100503050188066 196
100504051235368 205
100505054182109 222
100506055204317 216
100507056198827 209
100508057270652 197
100509058188920 230
100510059175702 207
100511060194882 216
100512061189508 208
100513062184346 214
100514063187291 205
100515064207026 205
