1619030688264195872 5716
1619030689264442213 5340
1619030690264154477 5045
1619030691264136400 5281
1619030692264213830 5282
1619030693264294674 4921
1619030694264143812 5237
1619030695264250594 5129
1619030696264170682 4669
1619030697264151373 5069
1619030698264151092 4728
1619030699264199672 4886
1619030700264147347 5183
1619030701264216045 4937
1619030702264126455 4850
1619030703264171013 4672
1619030704264289130 4777
1619030705264205103 5288
1619030706264122676 5437
1619030707264153764 5014
1619030708264371806 5314
1619030709264399059 4944
1619030710264129477 5251
1619030711264171662 5101
1619030712264117690 5845
1619030713264264596 5439
1619030714264306915 5115
1619030715264234759 5188
1619030716264223921 5143
1619030717264318926 5101
1619030718264131062 5095
1619030719264387058 5007
1619030720264137789 5380
1619030721264128163 4962
1619030722264265679 5316
1619030723264151112 5174
1619030724264174097 4966
1619030725264307911 5080
1619030726264546436 5359
1619030727264171463 4969
1619030728264154365 5397
1619030729264167301 5290
1619030730264134366 4969
1619030731264200759 4703
1619030732264156671 5321
1619030733264149440 4860
1619030734264133151 4809
1619030735264591601 5596
1619030736264126431 5151
1619030737264141632 5366
1619030738264220507 5370
1619030739264139838 5511
1619030740264275601 5597
1619030741264269978 5356
1619030742264192644 4797
1619030743264162883 5107
1619030744264235161 4971
1619030745264244467 5170
1619030746264143421 5215
