1619033546396094640 6454
1619033547396065810 5150
1619033548396078589 4972
1619033549396093273 5888
1619033550396296688 6078
1619033551396061697 5351
1619033552396047108 5506
1619033553396061196 5484
1619033554396079176 5307
1619033555396191046 5244
1619033556396056816 4618
1619033557396058099 5725
1619033558396065718 5320
1619033559396201543 5546
1619033560396167874 6355
1619033561396154822 5999
1619033562396071359 5389
1619033563396136946 5934
1619033564396035622 5961
1619033565396051351 5943
1619033566396137621 4868
1619033567396205154 6141
1619033568396099787 5659
1619033569396080048 5829
1619033570396211007 6129
1619033571396063677 5467
1619033572396418281 5995
1619033573396138489 5381
1619033574396179189 5773
1619033575396099390 6013
1619033576396086462 5929
1619033577396064922 5421
1619033578396050393 5921
1619033579396083634 5807
1619033580396148427 5472
1619033581396053415 5822
1619033582396093561 5303
1619033583396103879 6089
1619033584396147873 5824
1619033585396121376 5862
1619033586396060935 5929
1619033587396102733 5810
1619033588396115383 5930
1619033589396108775 5169
1619033590396062952 5501
1619033591396226477 5287
1619033592396063494 6225
1619033593396080395 5278
1619033594396067973 5594
1619033595396126589 5796
1619033596396051319 5289
1619033597396162817 7102
1619033598396189650 6617
1619033599396056550 4796
1619033600396169925 5828
1619033601396092775 5348
1619033602396051732 4784
1619033603396064657 5421
1619033604396057355 5380