1655354951322159895 0
1655354952323457458 0
1655354953324884103 0
1655354954326065815 0
1655354955327259517 0
1655354956328431836 0
1655354957329615087 0
1655354958330793898 0
1655354959331980597 0
1655354960333138894 0
1655354961334302427 0
1655354962335471655 0
1655354963336641737 0
1655354964337817500 0
1655354965338982382 0
1655354966340148475 0
1655354967341321479 0
1655354968342498139 0
1655354969343677891 0
1655354970344044759 0
1655354971345209024 0
1655354972345852315 0
1655354973347026374 0
1655354974348189456 0
1655354975349365785 0
1655354976350540676 0
1655354977351423039 0
1655354978352599316 0
1655354979353797680 0
1655354980354976731 0
1655354981356146751 0
1655354982357321426 0
1655354983358494737 0
1655354984359661463 0
1655354985360831953 0
1655354986361074597 6
1655354987362549768 18
1655354988363732439 17
1655354989364173304 21
1655354990365356979 22
1655354991366786447 20
1655354992367842065 15
1655354993368148392 27
1655354994369321954 19
1655354995369863654 26
1655354996370852282 20
1655354997373863155 29
1655354998374409643 21
1655354999374857735 33
1655355000376354779 27
1655355001377560643 26
1655355002378725378 25
1655355003378982800 32
1655355004379227297 30
1655355005379779432 30
1655355006380941181 30
1655355007382364873 28
1655355008384664996 30
1655355009385051057 19
1655355010387054681 34
1655355011387269226 29
1655355012387562433 29
1655355013389459855 28
1655355014390713970 28
1655355015390937907 27
1655355016391993852 28
1655355017392283397 26
1655355018392551360 33
1655355019393724167 27
1655355020394940039 29
1655355021396139061 28
1655355022396712735 29
1655355023397896753 29
1655355024399062162 24
1655355025400128410 29
1655355026401289120 28
1655355027401947262 32
1655355028403131193 28
1655355029403723713 26
1655355030404718536 32
1655355031406058276 20
1655355032406287511 35
1655355033407076067 29
1655355034407509151 28
1655355035408538618 33
1655355036409773670 24
1655355037409951010 29
1655355038410291185 27
1655355039411574374 32
1655355040412963701 29
1655355041414342381 28
1655355042414616167 26
1655355043416055315 32
1655355044417874650 31
1655355045419093123 25
1655355046419415737 27
1655355047420583034 31
1655355048420818514 27
1655355049421685276 28
1655355050422986973 29
1655355051424178411 27
1655355052425455845 29
1655355053425669788 34
1655355054426838520 23
1655355055428205567 35
1655355056429636449 26
1655355057430813492 25
1655355058431886730 28
1655355059432697412 27
1655355060432985133 28
1655355061433169189 32
1655355062433853683 35
1655355063435061797 26
1655355064436276504 22
1655355065436594337 31
1655355066437564659 27
1655355067437779777 28
1655355068438749045 31
1655355069439251927 31
1655355070439707316 26
1655355071441167022 28
1655355072441844153 28
1655355073443081240 26
1655355074444049066 32
1655355075444497477 28
1655355076445074374 27
1655355077445906626 30
1655355078446614871 30
1655355079449568894 26
1655355080451322089 27
1655355081453375512 30
1655355082454397854 25
