87906014008297 213394006
87906306807894 92321824
87907324661288 107940646
87908221799881 295244664
87910916949627 205713729
87911802728297 102517258
87913508642600 185303372
87914518995729 395985726
87915019488959 110554806
87915716901061 411469095
87916220955677 210504169
87916906135504 289102479
87920100717063 84761446
87923112790214 712585188
87923500804573 85363986
87924014121533 203082078
87924800930684 581303719
87926305312628 386401499
87926721486568 101906834
87929317512274 508484206
87931800893479 292103246
87934803397894 195813115
87935500783332 473062742
87936322788361 107352234
87936709554720 97666569
87938819990255 18759927
87939310936573 103439360
87940310859035 704934998
87940700660045 175266656
87943900812866 200457105
87944501582615 181428219
87947301369703 295666097
87947723829714 217202134
87948119302678 195063826
87951206205724 105921445
87951811808273 106326494
87952226660313 209218530
87954905959269 189603768
87955220523779 10984115
87958201522462 100379740
87958517766321 10255204
87961300873812 192426584
87964512616909 395781086
87967416061609 591740358
87967815454911 109878606
87969626247268 499329182
87970027650867 10080522
87972325866317 302433644
87972909587719 209375598
87975226690768 519109439
87976213740640 188284078
87977023483433 215433717
87977523002947 17507740
87978009154820 89914675
87979014153331 692733738
87982222372552 794691724
87985919740939 606280975
87987002227603 175452506
87989109212122 284713848
87989920818782 120623482
87992812700097 489881537
