89762421518449 705862622
89762901030989 185206231
89767803097661 302447801
89768909565512 881290186
89773412988376 1306604673
89773801328857 183594036
89779825403930 914565840
89784724737970 108490733
89785523621614 497575018
89790415961512 193064222
89791822618465 16562308
89798923283417 1212902107
89800201339007 380738234
89805206220452 205291457
89811418352901 417926813
89812315367268 397833563
89817502362324 199832367
89818306269919 593255323
89823424511682 616376253
89830501324507 979944005
89831226423685 26227293
89834600990158 98724756
89835106004973 285083409
89841001889202 799254306
89841902567664 290972949
89847322818482 512149971
89848410971035 502718489
89848720475085 18196006
