90029906617930 800504969
90034710961327 1005592791
90035017738089 16690632
90041604905885 591677860
90048423933452 1914567656
90049223124805 99667306
90055922879890 1796921038
90062506535288 680886075
90068519115193 293128725
90076624358301 2198681128
90077008566277 95375647
90077724280049 15264767
90078411520265 300747919
90078816958259 116620693
90079924374532 208381436
90080511246034 105555356
90086600717622 3680463124
90092122189482 2821856547
90098100858240 200468827
90098906524573 389960013
90104506270174 685141724
90112518025512 802677335
