87115595974423 1475344171
87116116640507 315895009
87116704412552 384211797
87116923500035 18115399
87117616737444 92136833
87118624827986 106857584
87118920331338 20016044
87119301025580 94744415
87120601684958 179721176
87120821528013 15624234
87121101501693 75316554
87122325128816 301840429
87122626682042 17210915
87123606509928 285763236
87123912393512 102884289
87124201396025 77556697
87125421994207 10485685
87125639791657 14370318
87126007512119 96916893
87127027621851 103438336
87128424746854 413826286
87129212672376 101511612
87129820360079 16990678
87130518975677 15439759
87131801839898 92345228
87132115113125 14865443
87132517737829 14420567
87132815855383 9273713
87134100912271 89666127
87134408295662 97346575
87135201878135 274530423
87136216978986 98569448
87137126693255 26058142
87137612363810 111832355
87138024016379 12443476
87138421914794 99704839
87139606560066 93548500
87139928147561 12823758
87141224745998 121912700
87141902164489 96404745
87142600861740 89501139
87142906034970 93172967
87143127137320 15607222
87143418659733 13295248
87143710199325 9817218
87144001371930 80527711
87144225930782 24040257
87144721104040 19306443
87145016127170 14901743
87145402271853 92725528
87145700833817 79035029
87146818682636 16917522
87147700797472 84249467
87148515915856 10175446
87149501319690 86912336
87149927164346 205720286
87150916825146 98801929
87151201239336 81064990
87151412484125 10012316
87152300880371 100590851
87152704454822 190702251
87152933161755 12050606
87153312184709 85386817
87153701003074 85705295
87154901352869 93410616
87155806291104 105848003
87156713281628 100557423
87157701016291 98521943
87158006290231 95344981
87158901311873 75423002
87159500861439 98396234
87160612645278 112354771
87161806597128 293358785
87162811802136 89649982
87163300949068 91132431
87163906842199 95436737
87164212142203 86785852
87164520597587 14312886
87165004619379 203866797
87166301734253 101416334
87166616601167 98952199
87167006957141 106699597
87167306385850 85124509
87167526892887 14169696
87168417609110 111098558
87168716706242 11937503
87169826773663 218446588
87170201735332 80072614
87171002586284 102393327
87171231490885 19132499
87171718360297 202080162
87172120528970 94553621
87172928785500 9749684
87174030191171 115248905
87175502334554 391510538
87175900856640 93383133
87176417871825 312588636
87177516772467 92274940
87178702890120 173883827
87179000882060 94302428
87179921864729 111119715
87181118202999 601105809
87182201646095 195148534
87183401380491 90819160
87183701673554 84819112
87184002341980 83499275
87184503187136 89763885
87185129203690 10191634
87186012195282 97029275
87186400901788 78305041
87188002347267 196103416
87188800877334 82431598
87189724014924 10886013
87190619527887 18479438
87190915153097 12215240
87191922321372 10219614
87192500962278 300732393
87192918353895 207449038
87193131943243 12750117
87193417803704 12339342
87193630523955 10107285
87194517024289 105740374
87194801027633 78569639
87195100945873 84598745
87196517152791 291877884
87196819968564 95105016
87197121441727 8444636
87197417410340 10863841
87198726348479 124488981
87200108325770 293586552
87201306826938 206489231
87201516939595 9526831
87201807202002 86960535
87202907928517 502309516
87203807119823 185751512
