1654663380706002291 0
1654663381707304912 0
1654663382708498542 0
1654663383709811334 0
1654663384711037157 0
1654663385712284123 0
1654663386713532958 0
1654663387714798590 0
1654663388716082003 0
1654663389717255755 0
1654663390718516583 0
1654663391719793929 0
1654663392721001257 0
1654663393722249660 0
1654663394723493440 0
1654663395724748383 0
1654663396726005527 0
1654663397727243260 0
1654663398728505433 0
1654663399729752799 0
1654663400730995925 0
1654663401732235110 0
1654663402733521105 0
1654663403734781275 0
1654663404735957547 0
1654663405737196634 0
1654663406738433400 0
1654663407739691772 0
1654663408740951974 0
1654663409742201197 0
1654663410742655103 0
1654663411743914252 0
1654663412745174773 0
1654663413746427665 0
1654663414746673317 0
1654663415747820146 12
1654663416748959089 14
1654663417750102245 17
1654663418750900353 21
1654663419752158609 17
1654663420752952523 11
1654663421754178798 20
1654663422754684286 17
1654663423755949979 13
1654663424757200193 23
1654663425758454419 14
1654663426758598510 21
1654663427759806468 10
1654663428761020677 21
1654663429762264039 19
1654663430763412447 20
1654663431764626867 22
1654663432765862105 20
1654663433766656955 13
1654663434767754505 22
1654663435768960081 23
1654663436770182974 20
1654663437770700280 18
1654663438771957757 15
1654663439773170125 21
1654663440774264497 11
1654663441774734345 10
1654663442775861449 24
1654663443776535874 19
1654663444777778113 11
1654663445778839999 30
1654663446780068513 15
1654663447781306570 10
1654663448782534852 29
1654663449783664924 14
1654663450784798935 19
1654663451785886796 21
1654663452786773661 19
1654663453787412823 13
1654663454788559563 24
1654663455789797299 21
1654663456790741477 18
1654663457791928107 27
1654663458793122102 13
1654663459793330906 23
1654663460794575936 15
1654663461794784050 26
1654663462794964148 14
1654663463796059924 25
1654663464797305237 18
1654663465798624350 13
1654663466799762621 18
1654663467801016163 23
1654663468801554996 19
1654663469802669828 18
1654663470803806324 7
1654663471805023735 20
1654663472805525547 14
1654663473806662921 18
1654663474806797207 19
1654663475807999325 20
1654663476809208338 8
1654663477810421969 20
1654663478810730277 14
1654663479811869706 24
1654663480813050782 21
1654663481814240490 24
1654663482815493014 22
1654663483816704521 14
1654663484817890962 19
1654663485818706918 21
1654663486819820146 13
1654663487820949201 22
1654663488822118836 23
1654663489822869181 18
1654663490824044296 17
1654663491825252670 16
1654663492826425025 17
1654663493826701831 30
1654663494827923221 12
1654663495829077048 24
1654663496830260113 25
1654663497830546335 21
1654663498830815614 12
1654663499831949961 12
1654663500832126990 14
1654663501833327405 19
1654663502833788054 14
