1654659993236163942 15
1654659994236384252 13
1654659995237568952 5
1654659996238807660 5
1654659997239953746 4
1654659998240308916 5
1654659999241456298 4
1654660000242569912 7
1654660001243822299 2
1654660002245076416 4
1654660003246336323 2
1654660004247577635 4
1654660005248280034 4
1654660006249506466 5
1654660007250695961 4
1654660008251942645 6
1654660009253162994 5
1654660010254400605 3
1654660011255628656 6
1654660012256282608 2
1654660013257484117 6
1654660014258709425 2
1654660015259926437 4
1654660016260255410 6
1654660017260422785 3
1654660018261638757 11
1654660019262896639 5
1654660020264163398 4
1654660021265397281 3
1654660022266640704 2
1654660023267870796 4
1654660024268292610 5
1654660025269499781 8
1654660026270739343 4
1654660027271976246 2
1654660028272292326 2
1654660029273540375 1
1654660030274810362 1
1654660031276062135 4
1654660032276493685 4
1654660033277732316 7
1654660034278975808 8
1654660035279216288 6
1654660036280310927 4
1654660037281441626 1
1654660038282631070 6
1654660039283759397 5
1654660040284935988 9
1654660041286122654 6
1654660042287302748 4
1654660043288468541 6
1654660044288638807 2
1654660045289881671 7
1654660046291089345 4
1654660047292428295 12
1654660048293645584 3
1654660049294865022 4
1654660050296099638 2
1654660052298604080 2
1654660053299860372 2
1654660054301109828 4
1654660055302349789 3
1654660056303569831 4
1654660057304784530 5
1654660058306024613 4
1654660059307244128 4
1654660060308448830 6
1654660061309691605 1
1654660062310937547 5
1654660063312182401 5
1654660064313414055 8
1654660065314622626 5
1654660066315715803 4
1654660067316264353 2
1654660068317389302 3
1654660069318265635 3
1654660070319500734 6
1654660071320713886 4
1654660072321969437 3
1654660073322147464 3
1654660074323319229 2
1654660075324385318 2
1654660076325495169 7
1654660077326656641 3
1654660078327845232 10
1654660079329035919 8
