1619645288414778917 0
1619645289414768378 0
1619645290414753714 0
1619645291414774859 0
1619645292414764720 0
1619645293414730491 0
1619645294414774432 0
1619645295414764818 0
1619645296414733137 0
1619645297414765803 0
1619645298414760560 0
1619645299414768845 0
1619645300414767023 0
1619645301414747956 0
1619645302414767572 0
1619645303414660142 0
1619645304414722734 0
1619645305414633474 1334
1619645306414614643 4990
1619645307414911367 5031
1619645308414709557 5040
1619645309414647429 5012
1619645310414769540 5023
1619645311414748953 5058
1619645312414681440 5061
1619645313414864658 4637
1619645314414631211 5048
1619645315414631909 4926
1619645316414724787 5053
1619645317414668102 5090
1619645318414606932 4834
1619645319414783388 5071
1619645320414688799 5075
1619645321414634561 5017
1619645322414824739 5107
1619645323414618700 5097
1619645324414651618 5103
1619645325415105010 5041
1619645326414631029 5020
1619645327414595824 5125
1619645328414614216 5120
1619645329414800361 5119
1619645330414625370 5013
1619645331414599982 5051
1619645332414628064 5019
1619645333415218091 4939
1619645334414857354 5021
1619645335414664373 5014
1619645336414605134 4956
1619645337414609164 4924
1619645338414611176 4963
1619645339414946373 4956
1619645340414690437 4957
1619645341414644070 4965
1619645342414589167 5007
1619645343414631344 5020
1619645344414730788 4987
1619645345415002650 4992
1619645346414619325 4985
1619645347414740483 4960
1619645348414636176 4965
1619645349414598857 4954
1619645350414619068 4962
1619645351414626842 5029
1619645352414624569 4942
1619645353414753230 5064
1619645354414690491 5013
1619645355414593498 5051
1619645356414644023 4996
1619645357414624060 4985
1619645358414634324 4971
1619645359414608270 4975
1619645360414613229 4993
1619645361414623076 4980
1619645362414607597 4909
1619645363414773077 4993
1619645364415226348 5011
1619645365414779632 3612
1619645366414654661 0
1619645367414647599 0
1619645368414705338 0
