1619648987748808354 0
1619648988748807253 0
1619648989748814960 0
1619648990748820615 0
1619648991748777091 0
1619648992748822443 0
1619648993748820457 0
1619648994748835537 0
1619648995748780538 0
1619648996748838148 0
1619648997748825110 0
1619648998748823845 0
1619648999748810486 0
1619649000748830623 0
1619649001748818128 0
1619649002748740948 0
1619649003748768632 0
1619649004748833868 0
1619649005748766000 0
1619649006748808514 0
1619649007748811803 0
1619649008748819470 0
1619649009748817437 0
1619649010748816342 0
1619649011748812310 0
1619649012748658931 5601
1619649013748658743 7831
1619649014748666188 7586
1619649015748892870 7358
1619649016748952677 7032
1619649017762415424 7274
1619649018749361984 6936
1619649019748700993 7174
1619649020749182174 7296
1619649021748684687 7148
1619649022748650774 6951
1619649023748683297 6806
1619649024748715407 6964
1619649025748642085 6963
1619649026748922083 7233
1619649027748667180 6858
1619649028748673770 7001
1619649029748657468 6904
1619649030749007535 7179
1619649031748749812 6790
1619649032748688299 7109
1619649033748684345 7200
1619649034768657555 6876
1619649035749602665 6775
1619649036748658518 6941
1619649037748825427 6786
1619649038748638822 7218
1619649039749062259 6723
1619649040771957116 7080
1619649041748693364 6747
1619649042748724695 7048
1619649043748776325 6806
1619649044749006042 6798
1619649045748664222 6930
1619649046748688766 7064
1619649047748699577 7085
1619649048748697740 6997
1619649049748684887 7044
1619649050761647832 7075
1619649051749113216 6931
1619649052748726834 6569
1619649053748673140 6903
1619649054748670596 6873
1619649055755874056 6813
1619649056771951229 6945
1619649057748706790 6677
1619649058748662013 6845
1619649059748662330 7047
1619649060748652662 6875
1619649061748991523 6861
1619649062748682365 6991
1619649063748715480 6921
1619649064748954603 6917
1619649065749403434 7025
1619649066748714680 6796
1619649067754306367 6918
1619649068755398743 6761
1619649069748671626 7014
1619649070749590692 7033
1619649071748685768 6682
1619649072748657760 2479
1619649073748723610 0
1619649074748701119 0
1619649075748710936 0
1619649076748688275 0
