1654901262764383264 598411954
1654901262765295966 504409427
1654901263062119957 191222710
1654901263089309969 227807495
1654901263161425612 200588539
1654901263561448926 394308144
1654901264173924412 192857263
1654901264264534024 90223286
1654901264278163223 17341504
1654901264481303146 197375785
1654901264678793519 197094550
1654901264762297235 101370410
1654901264862549680 194137288
1654901265377547058 116625840
1654901265764408902 185467206
1654901266161508360 290294459
1654901266379724105 108882407
1654901266561580346 188311531
1654901267684269708 402976408
1654901271266134468 279386272
1654901271461525625 88745805
1654901271562164808 93910161
1654901271963783138 287526468
1654901272079759044 313323549
1654901272384850124 198158023
1654901272678566362 189008615
1654901272761968106 180974909
1654901272974873256 212226681
1654901272984002992 201615546
1654901273361646316 278461938
1654901273875381993 107570138
1654901274371372364 199427406
1654901274372503449 198786836
1654901274661721569 180931694
1654901274961676278 174991761
1654901275083289785 108760965
1654901275086845391 20284891
1654901275282848473 214288072
1654901275367784576 101763898
1654901275561632968 90871094
1654901275574542044 92498423
1654901275575816687 96171204
1654901275586932611 102844157
1654901275872681737 111624579
1654901275978402109 202326339
1654901276061828744 199934758
1654901276072432947 88377042
1654901276476824471 305185412
1654901276661235047 391984161
1654901277569024586 108063919
1654901277861533373 195351910
1654901278281788188 115731122
1654901279183656323 399457133
1654901279461713807 100859608
1654901279473057941 201819861
1654901280061259762 293539196
1654901280461889938 90840786
1654901280661312835 177835228
1654901280861579985 100160282
1654901280862589462 301449986
1654901281888131449 327191205
1654901282166918612 379367068
1654901282572024628 301539791
1654901283085965656 218867754
1654901283179323090 197698817
1654901283472253822 195322519
1654901283561670696 377164389
1654901285172315207 99562473
1654901285173579925 199948926
1654901285661241248 93625343
1654901286161595564 295666917
1654901286264753489 97254175
1654901286290927400 19774213
1654901286379155840 10538904
1654901286887427244 104548220
1654901287761466537 379432556
1654901288766737948 190220006
1654901288871920419 193685314
1654901288961703488 194432536
1654901289874521880 299580459
1654901289973725106 201211950
1654901290466378174 382884673
1654901290661594254 277142626
1654901290890843561 20234775
1654901292361661046 200881737
1654901294063606575 277782838
1654901294261437174 90472669
1654901294566858326 200562603
1654901294570923607 297386377
1654901295168811995 97665003
1654901295463371795 191943156
1654901295481409321 193920855
1654901295485588664 103375463
1654901295561600560 100822664
1654901295961547149 285195870
1654901296366854784 485270048
1654901296976589454 194342329
1654901297162018388 282044579
1654901298264749343 181878104
1654901298761920060 101084869
1654901299165146132 479028877
1654901299277931888 294026242
1654901299461481976 190248296
1654901299470227120 92644301
1654901299477180836 101361700
1654901299986758158 207515895
1654901300064221314 292396115
1654901300482047277 196228879
1654901300573711435 185007390
1654901300662950750 192361310
1654901300787959062 110339290
1654901301268235254 286739074
1654901301269688294 408758532
1654901301778599472 104292603
1654901302362725785 92948877
1654901302389948393 108211289
1654901302587189879 110387271
1654901302683528642 115396875
1654901302684848509 118708985
1654901302962278100 174990689
1654901302985091598 124184636
1654901304666735116 181838996
1654901304673462365 101668970
1654901304986430399 194794374
1654901304987192338 199306072
1654901305461414066 190188701
1654901305561457865 200465282
1654901306262053282 185470210
1654901306362536342 99021216
1654901306392545654 28828344
1654901306676943334 203515215
1654901307179377040 192220377
1654901307364477813 188221283
1654901308074149582 307102057
1654901308362802666 184046462
1654901308462047056 91036769
1654901308568700344 91043760
1654901309471713402 395156706
1654901309561598949 483018525
1654901309882648538 15059460
1654901310287596426 315923616
1654901311583510506 195069701
1654901312661750702 100878555
1654901312983844126 502956247
1654901313061491272 272766938
1654901313167540734 201779917
1654901313666005351 99993937
1654901313683795364 297091991
1654901314068548998 207264900
1654901314372325061 106505447
1654901314461453564 276864160
1654901314572630757 191722093
1654901314675147354 111594632
1654901314861238426 172431129
1654901315566814098 499665256
1654901317061609116 179290363
1654901317076101552 302091979
1654901317177128142 109865594
1654901317382857995 194888075
1654901317766998153 277867164
1654901317774267141 101550920
1654901317782909971 119694684
1654901318373639369 190779781
1654901318487725703 122554333
1654901318588411994 125033733
1654901318663474336 81721847
1654901318678250527 89609591
1654901318761627179 85739139
1654901319084138042 311040150
1654901319171726957 285211062
1654901319589187365 223445430
1654901319667832369 96239455
1654901319668772161 188246214
1654901319761792962 178240859
1654901319877141918 99781755
1654901320274483397 308200928
1654901320667452923 386719794
1654901321366852453 190970180
1654901321661301923 100522277
1654901321672910222 99625862
1654901321761719916 185152798
1654901322563167345 784303639
1654901322963734934 187278939
1654901323062763803 97137696
1654901323064069289 79844396
1654901323086219086 19906947
1654901323261635398 95802857
1654901324078704114 217733002
1654901324168909472 197715741
1654901324384296198 104508578
1654901324661974082 280677936
1654901324979703655 97066596
1654901325066532634 181614791
1654901325361204832 185263582
1654901325361937718 175867261
1654901326371142972 194434973
1654901326564779371 187921738
1654901326588738898 26272169
1654901326594699716 18216846
1654901326662037621 173251754
1654901327380906353 614998976
1654901327861641129 200709917
1654901328272410763 386134843
1654901329461816282 99434609
1654901329580490920 109449918
1654901329985798772 210276878
1654901330467114442 595477857
1654901330468285519 185548583
1654901330785282971 118098932
1654901330861568127 186710362
1654901330983678461 21902707
1654901331362095231 200851666
1654901331663877697 100087552
1654901331964125331 103373386
1654901333362309794 180345005
1654901333762193125 275553477
1654901333763082535 283861131
1654901333770225366 407350014
1654901334170030828 303473732
1654901334375585315 204974453
1654901334483858726 122234760
1654901334766880019 206042441
1654901335461534629 183476976
1654901335562744277 86578466
1654901335577560973 109711543
1654901335585455406 99939795
1654901336073915457 312893824
1654901336075071797 311345288
1654901336384769800 123869454
1654901336474266108 196293149
1654901336673670899 104450801
1654901337073676522 296748307
1654901338668704505 179648944
1654901339966304951 181746681
1654901340183502478 122693424
1654901340261786546 180666422
1654901341078435940 213628785
1654901341276789076 92815765
1654901343173080148 100073234
1654901343361234084 84556521
1654901343378851630 93466655
1654901343577192940 106159247
1654901343672155121 203727930
1654901343861327583 283786400
1654901343961483720 93517173
1654901344761914483 301066459
1654901344989198860 208939064
1654901345087256601 112595605
1654901346382004270 100567294
1654901346671460061 100483768
1654901346761738512 100867598
1654901347069647630 183037725
1654901347463047673 102268427
1654901347574833542 211070966
1654901347700980601 134504150
1654901348061495896 182428274
1654901348178928480 300173116
1654901348179876391 217303593
1654901348372591591 192093799
1654901348785958172 102491652
1654901349670292974 92832482
1654901349863654124 89484129
1654901349870143511 87065617
1654901350371846815 384230833
1654901350761426719 186563318
1654901351387516339 121452542
1654901351661303636 173822297
