1654903504080527940 2794529316
1654903504373547450 3087338395
1654903504378239474 3092445346
1654903504669377535 396339399
1654903504676876507 3310725669
1654903505564315312 691702943
1654903505570854861 293840676
1654903507387045337 1815504347
1654903508382916185 2822112065
1654903508879957488 2898713346
1654903510380252410 411542699
1654903510673945463 807285367
1654903512561458759 2095281249
1654903513671685621 985315419
1654903513784630772 323927551
1654903513967760533 401859077
1654903514282968119 497947365
1654903515270536568 1009745854
1654903515675185032 603685243
1654903516072932273 796676270
1654903516185152041 811484092
1654903516370950538 286835427
1654903517267628316 788055221
1654903517470560387 1509706378
1654903517861237128 1184819121
1654903518369250220 802099340
1654903518571876452 1983113863
1654903518970500667 108668955
1654903519066528356 696871049
1654903519984326871 917311615
1654903520466522970 894228155
1654903520671488203 1395177815
1654903521184681680 216021642
1654903521483561494 598943436
1654903521684564777 499278384
1654903521986518257 125845161
1654903522284176349 498410858
1654903522461301792 786676343
1654903522477753820 499572529
1654903524366614666 1100723956
1654903524373899706 1401673438
1654903524461440219 1295576834
1654903524462738329 1488676325
1654903524672791911 690683548
1654903524962176496 695515876
1654903526273669360 696098666
1654903527061249103 493648700
1654903527487949801 206671243
1654903528186601147 603958593
1654903528261794052 281165440
1654903528764011212 198705366
1654903528863382651 396710455
1654903528973966882 789765237
1654903529167287654 206618280
1654903529276854861 512367220
1654903529961310161 788350662
1654903529972461979 1102890978
1654903530186749688 1011324879
1654903530285442450 1424254830
1654903530481117615 1103478771
1654903531067595201 806539427
1654903531083203041 422422217
1654903531685118048 924346847
1654903531780731245 1004355440
1654903532366316334 304148804
1654903533584017525 1697070374
1654903534873967189 1101043265
1654903535578463776 900226646
1654903535668243795 402288631
1654903536278485530 612583453
1654903536575214788 898036483
1654903536868771844 697639838
1654903536967253793 806452320
1654903537171605102 896466297
1654903537382696560 913537694
1654903537471034451 696211369
1654903537774472309 695802808
1654903539169244002 1697797265
1654903539983856327 923016998
1654903540164028403 1003235085
1654903541166498902 700744569
1654903541881065756 1020077842
1654903542061712623 678417629
1654903542886948566 622866622
1654903543471294761 1805217018
1654903543477620620 14378470
1654903543872061544 1090163194
1654903544079205702 1295283744
1654903544473646754 1008611738
1654903545885736919 624635409
1654903545966663762 1299139733
1654903546583498549 711603583
1654903547574242424 609318802
1654903548161564965 1877845301
1654903548584259328 897430260
1654903549685099871 1222223593
1654903550674713953 2293087685
1654903550866424329 1105585198
 606417188
1654903552078565820 1296051276
1654903552084952747 1108051935
1654903552772608127 406779067
1654903553483123169 910691462
1654903553976302225 1496697452
1654903554287181045 1408071847
1654903554766560974 2100335591
1654903554772246033 1390961617
1654903555178404234 217611801
1654903555661435182 892061308
1654903556568948927 484809473
1654903556569659258 296090833
1654903556570414861 601792265
 812390826
1654903557180536238 210338012
1654903557187052808 1719459744
1654903557267506467 890005614
1654903557385324290 424281112
1654903557466413793 1193228903
1654903557870691087 1792419933
1654903558580772900 410050867
1654903559371843472 1285341564
1654903559863237065 1002177725
1654903559876798749 504422463
1654903559982007631 1403996306
1654903560379769140 713914307
1654903561863638510 1290960403
1654903561961843395 301064033
1654903562466414488 1395258181
1654903562486630788 915767072
1654903562584564745 822278698
1654903562779891441 511406747
1654903563179809158 414775950
1654903563672175019 710218402
1654903565167295493 693573010
1654903565284914220 1613636362
1654903566475997674 494083093
1654903567681223509 815219361
1654903567876721642 2395133690
1654903568463229657 184983840
1654903568680265903 1498494656
1654903568861236472 791260981
1654903568863135672 599479966
1654903569269115969 588410575
1654903570877266103 695993548
1654903571561441147 489113788
1654903572080192511 401547882
1654903572362710330 2083497783
1654903573475642228 496233920
1654903573781066559 602567659
1654903574769571560 1694638524
1654903576275827563 1615110368
1654903576661835543 1188022998
1654903577460749081 993093067
1654903577484072160 514571971
1654903577774720171 203511429
1654903577884152413 603903600
1654903578076913318 991773449
1654903578466473417 892589793
1654903579176390971 209027381
1654903579278399426 400932325
1654903580878425811 1206726472
1654903581761437581 482302351
1654903581879685762 307809220
1654903582287102203 914299088
1654903582468287091 486303248
1654903582561587072 684077066
1654903583371297897 1093171041
1654903584066395493 281402315
1654903584871322130 681433795
1654903585283789162 1508353540
1654903585580476626 1203395945
1654903585666955877 694348400
1654903588479282362 1517653571
1654903588661380290 400583735
1654903588687941536 525917822
1654903589375418018 208556014
1654903591073967311 908054792
1654903591468638601 398667158
1654903591579159250 712677102
