1619635458992435394 3950
1619635459083124022 3841
1619635459190245214 4310
1619635459362841677 3639
1619635459502801557 3645
1619635459605392699 2240
1619635460018943530 3241
1619635460038265805 3402
1619635460232111049 3467
1619635460244541328 3814
1619635460471569661 3525
1619635460562885331 3771
1619635460586150737 3964
1619635460748687667 5906
1619635460755052709 4324
1619635460908012792 4044
1619635460965731427 4621
1619635461253546367 3723
1619635461294778735 4978
1619635461440660485 2256
1619635461558145507 4227
1619635461681562340 4257
1619635461801224625 3793
1619635461996422459 4078
1619635462025489027 3910
1619635462218395917 3574
1619635462236013464 2922
1619635462283428315 3729
1619635462300550584 3727
1619635462499980906 4165
1619635462518114521 4731
1619635462633659552 4819
1619635462889549901 3545
1619635463023022459 4068
1619635463066410876 3700
1619635463212526121 3121
1619635463225743824 6252
1619635463284926570 3314
1619635463413431573 3504
1619635463704588944 3497
1619635463832382087 3925
1619635463923612203 3742
1619635464318854197 2829
1619635464323779463 2792
1619635464450787608 3170
1619635464514818998 2685
1619635464558347657 5439
1619635464713710016 3492
1619635464753324323 3021
1619635464833301297 3701
1619635464962911601 3250
1619635464968731505 3775
1619635465167475907 2474
1619635465186577064 4156
1619635465302019734 4642
1619635465411975678 2960
1619635465591089510 3783
1619635465596250735 3046
1619635465734766899 7078
1619635465740660331 3652
1619635465824880522 4121
1619635465884296253 4133
1619635466023591469 4350
1619635466065408382 3965
1619635466112831875 3671
1619635466155582964 4298
1619635466174756464 4670
1619635466193316495 4556
1619635466235529016 4112
1619635466298518826 3144
1619635466348185515 5591
1619635466430469982 3857
1619635466436977482 4368
1619635466442351081 3270
1619635466651470461 3695
1619635466756436514 3270
1619635466786239297 3736
1619635466792133463 3841
1619635466817838631 3755
1619635467207584052 4608
1619635467542036875 4087
1619635467938271508 3938
1619635468118465740 2904
1619635468206650396 2784
1619635468338269460 2725
1619635468397297755 3662
1619635468530035517 3584
1619635468590164958 3945
1619635468677660243 3510
1619635468832710364 3265
1619635468880745710 3807
1619635468936727604 5091
1619635468942459720 3664
1619635469255473799 3870
1619635469457369234 4417
1619635469592132442 3881
1619635469723637954 3405
1619635470177175650 3264
1619635470562924972 3571
1619635470675897589 3615
1619635470964056471 5050
1619635471059553315 4607
1619635471254862681 4642
1619635471351076565 3650
1619635471358037000 4905
1619635471766949100 4649
1619635471853841031 4019
1619635471906196582 4312
1619635472181301444 4077
1619635472297317963 2640
1619635472308718298 3551
1619635472314886897 4020
1619635472329934726 6376
1619635472593883548 4420
1619635472616589522 3087
1619635472916528097 3770
1619635472933233243 3467
1619635472951100214 3651
1619635472996107781 3493
1619635473104745930 4407
1619635473340033791 3489
1619635473651239358 3231
1619635473791901061 3628
1619635473899932371 3887
1619635474024849739 3770
1619635474061576919 3807
1619635474067446420 3619
1619635474178126056 4578
1619635474274466313 2825
1619635474311175963 3606
1619635474346786674 4912
1619635474385604915 3125
1619635474530057847 6427
1619635474543242331 4060
1619635474555309262 3574
1619635474687320862 3342
1619635474722184892 3563
1619635474809979597 3553
1619635474842674007 4124
1619635474930980271 4071
1619635474936486907 3302
1619635475037794235 4143
1619635475138322589 3470
1619635475151667869 3348
1619635475193842992 4196
1619635475489904664 4266
1619635475564228780 3969
1619635475644971818 3791
1619635476078959464 2676
1619635476233095576 3961
1619635476257706387 3991
1619635476281536180 4803
1619635476321097130 4400
1619635476480771725 3092
1619635476785822034 3555
1619635476892629427 4068
1619635476941640795 4071
1619635476986720058 3680
1619635477149325875 3583
1619635477224441575 4420
1619635477456375071 3818
1619635477471723897 3431
1619635477788075397 4487
1619635477800425323 4082
1619635478068567529 3869
1619635478306185838 3508
1619635478336916244 3956
1619635478405478631 4155
1619635478492707528 4417
1619635478504076300 3468
1619635478554085572 3905
1619635478582423828 2651
1619635478661528832 4642
1619635478729217178 3749
1619635478832641079 3827
1619635478983303525 4227
1619635479106098565 4489
1619635479137243356 3948
1619635479248667224 4082
1619635479278168904 3222
1619635479565064921 3911
1619635479725418670 3809
1619635479953437192 4026
1619635480034082935 4937
1619635480156255017 3875
1619635480618008012 3880
1619635480829921470 4312
1619635481002315495 5063
1619635481019601344 3629
1619635481142642428 3903
1619635481201088609 4106
1619635481361205079 3967
1619635481480678764 3978
1619635481684673817 4754
1619635481728396353 4304
1619635481823000607 3108
1619635481840149818 3747
1619635481863021537 3673
1619635482151350554 3721
1619635482239463630 3590
1619635482257396744 3610
1619635482347126638 4349
1619635482353448427 4167
1619635482389428463 3756
1619635482688119979 3116
1619635482969857039 3669
1619635482987121553 3387
1619635483385581118 3739
1619635483402950196 4061
1619635483629979539 4090
1619635483706518790 3600
1619635484209407633 3551
1619635484223329414 5044
1619635484316351993 3282
1619635484381548575 3559
1619635484674631751 4907
1619635484687883014 4394
1619635484769973446 4976
1619635484781714220 3738
1619635485090156195 3980
1619635485240761017 4180
1619635485436948933 3805
1619635485728473036 4416
1619635485925979465 3868
1619635486033961127 4023
1619635486108284221 4331
1619635486157719842 3742
1619635486258394229 6642
1619635486268804764 2276
1619635486299292081 3640
1619635486605852655 3404
1619635486647945653 3379
1619635487018659174 2318
1619635487023959482 3182
1619635487162015288 2849
1619635487498314897 3927
1619635487580433936 3106
1619635487920625083 2607
1619635488008554631 3989
1619635488062840402 3902
1619635488093417926 3991
1619635488110582365 3902
1619635488159090047 4047
1619635488260099991 3168
1619635488275101867 2626
1619635488323049838 4108
1619635488528912091 4848
1619635488602822940 4368
1619635488853566566 4050
1619635489296526458 4106
1619635489485887741 3142
1619635489598318024 2719
1619635489724715290 3631
1619635489845407028 3929
1619635489947643042 4491
1619635490079461043 3343
1619635490268074544 2556
1619635490423571605 3920
1619635490648604961 3730
1619635490661450258 4731
1619635490718845750 3486
1619635490899283359 3256
1619635491024777321 3909
1619635491031904663 5006
1619635491586761054 2363
1619635491592692971 3795
1619635491659089123 3133
1619635491730720079 4022
1619635491908715349 3372
1619635492033160293 4100
1619635492196161373 4411
1619635492472769066 4564
1619635492592326463 3707
1619635492659468778 3343
1619635492716045027 4070
1619635492752307246 3528
1619635493020182077 3917
1619635493031032649 3476
1619635493036367765 3300
1619635493199167786 3973
1619635493346849374 4177
1619635493640785849 6817
1619635493746275744 3358
1619635493758917841 4161
1619635493853236013 3980
1619635493872567469 4936
1619635493933533257 4418
1619635494134424726 4561
1619635494166812050 4552
1619635494214059439 3730
1619635494243948831 4672
1619635494413949251 3611
1619635494620984131 3404
1619635494664411278 3583
1619635494771732637 3352
1619635494788513694 3829
1619635494893586829 3531
1619635495202019375 3351
1619635495252523024 3795
1619635495264861625 3604
1619635495307583709 4628
1619635495366130498 3338
1619635495453607530 4212
1619635495459893882 4227
1619635495484978589 3141
1619635495504071944 4452
1619635495532057328 4769
1619635495590351777 3857
1619635495746510821 4269
1619635495891924226 5317
1619635495913385978 3840
1619635496005610895 5451
1619635496029702774 3626
1619635496252733844 4662
1619635496258798247 4014
1619635496288686046 3873
1619635496331850254 4042
1619635496345659582 4634
1619635496352129980 4227
1619635496400545569 3702
1619635496449692812 2398
1619635496462804451 3529
1619635496468537871 3675
1619635496474980156 4273
1619635496522082065 4377
1619635496657766780 4063
1619635496742287799 3104
1619635496753154249 3191
1619635496907592712 3759
1619635497021856790 4114
1619635497057985722 3623
1619635497088897839 4430
1619635497386264736 4293
1619635497528246068 4623
1619635497559461798 4264
1619635497730364186 3792
1619635497900920618 4339
1619635497992288535 3992
1619635498540107463 5758
1619635498584256769 4375
1619635498758125719 2688
1619635498970143757 3013
1619635499022490344 4049
1619635499059877120 3743
1619635499066160662 4231
1619635499455552637 3633
1619635499483888084 3829
1619635499592159272 3901
1619635499639410483 4042
1619635499645729897 4292
1619635499779791986 3870
1619635499953871182 4205
1619635500044613044 3977
1619635500095361693 4435
1619635500191425939 4151
1619635500278071536 4203
1619635500551128924 3945
1619635500868420580 3972
1619635500881381514 4162
1619635500983833665 4919
1619635501026214120 3823
1619635501185803170 4261
1619635501275690968 3644
1619635501293420234 2560
1619635501333479420 4293
1619635501406668796 3960
1619635501738011005 4044
1619635501786881406 3628
1619635501975181570 2852
1619635502148149079 4682
1619635502186426959 4205
1619635502366456541 3204
1619635502471930365 4112
1619635502514352918 4019
1619635502625585052 2911
1619635502870161556 4698
1619635502913673178 3542
1619635502930208799 3144
1619635503012621958 3469
1619635503093209404 2665
1619635503098975610 3595
1619635503242289490 3672
1619635503442917272 5788
1619635503900757615 3440
1619635503950809177 3556
1619635504146813147 3655
1619635504209936375 4532
1619635504333706687 3740
1619635504702913391 3387
1619635504740375000 3631
1619635504884097634 5292
1619635505313579077 3922
1619635505528512347 3836
1619635505553412162 4282
1619635506148592481 3884
1619635506271070074 4166
1619635506284063482 4559
1619635506379063797 4185
1619635506672856812 4640
1619635506708142557 3909
1619635506781124307 4507
1619635506837808958 3418
1619635506906334970 3702
1619635507010493383 3715
1619635507058638538 3537
1619635507337488762 7228
1619635507390145687 5047
1619635507658741105 3122
1619635507784880208 3875
1619635507882375091 4548
1619635507997809392 4435
1619635508288130618 3412
1619635508729147554 4518
1619635508918730038 2800
1619635509269954523 2944
1619635509320048505 3311
1619635509337902929 3703
1619635509383291301 4614
1619635509552309284 4206
1619635509569232702 3542
1619635509609861198 4148
1619635509631816369 2341
1619635509741456392 3846
1619635509782623069 3656
1619635510000189641 4161
1619635510042847710 5981
1619635510053970623 3322
1619635510239338967 3795
1619635510358603344 4944
1619635510511170609 3708
1619635510529622439 5010
1619635510624193109 3081
1619635510951674526 3757
1619635510957572194 3710
1619635510982131386 3634
1619635511185394438 3495
1619635511345127740 3755
1619635511636840003 4472
1619635511667225924 4895
1619635511759739486 3824
1619635512043394520 2419
1619635512263541788 3569
1619635512363563474 2877
1619635512374973581 3222
1619635512409809848 4050
1619635512594333068 4097
1619635512866695710 3659
1619635512891764904 4128
1619635512947131533 4272
1619635513023958949 5853
1619635513030246322 4127
1619635513094253547 3240
1619635513123421007 2571
1619635513191724049 4392
1619635513355552642 5617
1619635513733152825 2364
1619635513945020601 4487
1619635513963595430 4850
1619635514122572164 3307
1619635514241447649 3642
1619635514352144896 4257
1619635514657435937 4367
1619635514901396342 4083
1619635514924855604 4603
1619635514975578767 4421
1619635515119004325 6169
1619635515318749974 3077
1619635515550171955 9298
1619635515591160593 3944
1619635515608463846 4008
1619635515864059341 4243
1619635516084465549 3736
1619635516108607804 3612
1619635516316600973 3857
1619635516329964738 5166
1619635516416520725 3636
1619635516431017150 7197
1619635516545476105 4631
1619635516591106110 4069
1619635516602504403 3209
1619635516683054361 3135
1619635516694745012 3891
1619635516942953407 3627
1619635517045395222 4701
1619635517227014337 3697
1619635517359171775 4016
1619635517376135643 3490
1619635517470974463 4059
1619635517568884532 4381
1619635517579560590 2986
1619635517790420857 3826
1619635517802409347 3942
1619635517955540762 4107
1619635517980524934 3597
1619635517986173034 3448
1619635518042968450 3747
1619635518080788266 4047
1619635518159427842 5822
1619635518345024418 4602
1619635518386515932 3862
1619635518473499705 3803
1619635518700373362 4116
1619635518713764406 5427
1619635518731199770 3445
1619635518750208733 3792
1619635518816772364 4630
