1655535027216331240 8013700
1655535027425449719 8790900
1655535027634000143 8209320
1655535027842054667 7718830
1655535028050295314 7896099
1655535028257817899 7189367
1655535028464873916 6708352
1655535028672097992 6868977
1655535028880954907 8494683
1655535029088038162 6742244
1655535029295070605 6674953
1655535029502286996 6867091
1655535029709270353 6630958
1655535029916896147 7287436
1655535030124065217 6833002
1655535030331180932 6765928
1655535030538266600 6745671
1655535030745812448 7218196
1655535030953574366 7431884
1655535031161126882 7226082
1655535031369027329 7574463
1655535031576861407 7506406
1655535031785460804 8256007
1655535031994347730 8559847
1655535032203381962 8703690
1655535032410989979 7279947
1655535032618484265 7160830
1655535032826010702 7196712
1655535033034277098 7925379
1655535033243546409 8934963
1655535033451036346 7155301
1655535033658877475 7512282
1655535033866082470 6875501
1655535034073887157 7480265
1655535034281154834 6938831
1655535034488637263 7155221
1655535034696077773 7116940
1655535034903532552 7117143
1655535035111295498 7436057
1655535035318254833 6629944
1655535035525623127 7042267
1655535035733769482 7806642
1655535035940789704 6680896
1655535036149571153 8443786
1655535036356803793 6898862
1655535036564031365 6881431
1655535036771164838 6779914
1655535036978334582 6831691
1655535037186209791 7578803
1655535037393293319 6746375
1655535037600247011 6623924
1655535037808092925 7647364
1655535038015791393 7361601
1655535038223817649 7697613
1655535038431337393 7190124
1655535038638578079 6904842
1655535038845853246 6967747
1655535039053523035 7336596
1655535039262834430 8978911
1655535039470232279 7069602
1655535039677578992 7020278
1655535039884774136 6866047
1655535040092334152 7231101
1655535040300271120 7622920
1655535040507958647 7513053
1655535040716517767 8231776
1655535040923171690 6315622
1655535041130909794 7402830
1655535041339057161 7809592
1655535041546967097 7572285
1655535041754722040 7417409
1655535041961739756 6690665
1655535042169212734 7138074
1655535042376871753 7322096
1655535042584029131 6829662
1655535042791058110 6682369
1655535042998025080 6640240
1655535043205060980 6748214
1655535043412897000 7490024
1655535043619865172 6634409
1655535043827034312 6834381
1655535044034073814 6694368
1655535044241501739 7094353
1655535044449221177 7384231
1655535044656419673 6865874
1655535044863569591 6834456
1655535045070614803 6711426
1655535045277556861 6605270
1655535045485011976 7124959
1655535045691961086 6619412
1655535045899609795 7322793
1655535046106718190 6781590
1655535046313904607 6854314
1655535046524795837 10563892
1655535046732764932 7640904
1655535046939708060 6618151
1655535047146949684 6914666
1655535047355065277 7785201
1655535047563950057 8558315
1655535047771176520 6899575
1655535047978753277 7249368
1655535048186168535 7088420
1655535048394024834 7528607
1655535048602446757 8087813
1655535048810365770 7588848
1655535049017648018 6952350
1655535049225146170 7164507
1655535049432601391 7125617
1655535049640763770 7833697
1655535049849457963 8366287
1655535050056926850 7140314
1655535050265410277 8151029
1655535050473033023 7287416
1655535050681235438 7864338
1655535050888948797 7377684
1655535051096654373 7370032
1655535051304023440 7042797
1655535051511445248 7062076
1655535051719187095 7398475
1655535051927198689 7681798
1655535052134586491 7057804
1655535052342247799 7317257
1655535052549805495 7227624
1655535052758004430 7870916
1655535052965743942 7396108
1655535053173342875 7263375
1655535053380801036 7117684
1655535053588041835 6900510
1655535053796039474 7640824
1655535054003641087 7243015
1655535054210722991 6747397
1655535054418354545 7296884
1655535054625983372 7293620
1655535054834168451 7837778
1655535055042285962 7780872
1655535055249827472 7198083
1655535055457285516 7118485
1655535055664979179 7374203
1655535055873197269 7882342
1655535056081028039 7492967
1655535056288572769 7203800
1655535056497240442 8338432
1655535056704820684 7233147
1655535056914115273 8952610
1655535057121386740 6927480
1655535057328870702 7144341
1655535057536605754 7401999
1655535057744280889 7340271
1655535057952430843 7811344
1655535058160282057 7511879
1655535058367976230 7354848
1655535058575746753 7447809
1655535058784314123 8223656
1655535058993881340 9206407
1655535059201399684 7180053
1655535059408936364 7198100
1655535059616413937 7135448
1655535059825247174 8491088
1655535060033143690 7555766
1655535060240835347 7348510
1655535060448335442 7164294
1655535060655669511 6977378
1655535060863204903 7198200
1655535061072194363 8653008
1655535061279512509 6983582
1655535061486631983 6783669
1655535061693734977 6768057
1655535061900925175 6852821
1655535062108863008 7605863
1655535062315997853 6782347
1655535062523350221 6985040
1655535062730397492 6704588
1655535062937561876 6824800
1655535063145475297 7573890
1655535063352871305 7060524
1655535063560066846 6863178
1655535063767316983 6906341
1655535063974472511 6820234
1655535064182203728 7394089
1655535064389345613 6804109
1655535064596547855 6864448
1655535064803723012 6856639
1655535065011675386 7616546
1655535065220050517 8044035
1655535065427387509 6974425
1655535065634648965 6926923
1655535065841902105 6926047
1655535066049135841 6898434
1655535066257348452 7878481
1655535066465550108 7869014
1655535066673266059 7384908
1655535066880688936 7081589
1655535067088161500 7139095
1655535067296102911 7637834
1655535067503843624 7400797
1655535067711367597 7193768
1655535067918875872 7175698
1655535068126246085 7033283
1655535068334968890 8384387
1655535068542754409 7446117
1655535068750136397 7039634
1655535068957254127 6777932
1655535069164489828 6899729
1655535069372674397 7865576
1655535069580177390 7170521
1655535069787576456 7063891
1655535069995044515 7129438
1655535070202474756 7079192
1655535070412629791 9819200
1655535070620535025 7563407
1655535070828245446 7364278
1655535071035522205 6941204
1655535071242891567 7038486
1655535071451025134 7791762
1655535071658659548 7296313
1655535071866075602 7082083
1655535072073618261 7209052
1655535072281175954 7220449
1655535072489330478 7816733
1655535072697298169 7624972
1655535072904895268 7258453
1655535073113787062 8557294
1655535073321013919 6889087
1655535073529135151 7784893
1655535073736628783 7158365
1655535073943959722 6995604
1655535074151453739 7159428
1655535074358913245 7120077
1655535074566996814 7745315
1655535074775015551 7682822
1655535074982738161 7387542
1655535075190559260 7481325
1655535075397775298 6877860
1655535075606178343 8068334
1655535075814314146 7800993
1655535076021898780 7245211
1655535076229571340 7338334
1655535076437210886 7305824
1655535076645281063 7728512
1655535076852784486 7169316
1655535077059883966 6759308
1655535077267245335 7024249
1655535077474657883 7069762
1655535077682678059 7680026
1655535077890629980 7611343
1655535078098017011 7046852
1655535078305141005 6787019
1655535078512213224 6737639
1655535078721365801 8904858
1655535078928877373 7173538
1655535079136249885 7041109
1655535079343610292 7008897
1655535079550829063 6868263
1655535079759168607 8002891
1655535079966331070 6821499
1655535080173680324 7009373
1655535080380891806 6874991
1655535080588159238 6927648
1655535080796155983 7702308
1655535081003283276 6832479
1655535081210348672 6730697
1655535081417501368 6818309
1655535081624745588 6910879
1655535081832855714 7765387
1655535082040061891 6865513
1655535082247223033 6809775
1655535082454555048 6991335
1655535082661851291 6954458
1655535082869768455 7578659
1655535083077036195 6929110
1655535083285148349 7778889
1655535083492440385 6951161
1655535083699668812 6903967
1655535083914124522 14118828
1655535084122253178 7511321
1655535084329651492 7039977
1655535084537583209 7573166
1655535084744958954 7018722
1655535084952896982 7603992
1655535085160246170 7009959
1655535085367305931 6840243
1655535085574596202 6943172
1655535085781907435 6981013
1655535085989592174 7346331
1655535086197881403 7954038
1655535086405153703 6939251
1655535086612433709 6921321
1655535086819502399 6751944
1655535087027471961 7641395
1655535087235568455 7757996
1655535087442802570 6895303
1655535087650086507 6948619
1655535087857223827 6801735
1655535088065269178 7709023
1655535088272648063 7047033
1655535088480033370 7045227
1655535088687348738 6970223
1655535088894562036 6868806
1655535089102321809 7422378
1655535089309480281 6822474
1655535089516752994 6937739
1655535089723745436 6662055
1655535089930972339 6894312
1655535090138608490 7308688
1655535090345757778 6811878
1655535090553010097 6914799
1655535090760561107 7198467
1655535090967767092 6865966
1655535091175720955 7619136
1655535091382829006 6771224
1655535091590090182 6920773
1655535091797236441 6810720
1655535092004456719 6885292
1655535092212336296 7557675
1655535092419407600 6754949
1655535092626741711 6992289
1655535092834014714 6934725
1655535093041181017 6824833
1655535093249142462 7624629
1655535093456285008 6808023
1655535093663241564 6790987
1655535093870479141 6899985
1655535094077580374 6773627
1655535094286226071 8306902
1655535094493455004 6898227
1655535094700724594 6931868
1655535094908026065 6977963
1655535095115130453 6754458
1655535095323166691 7702655
1655535095530382339 6881922
1655535095737616777 6900262
1655535095944859120 6903450
1655535096151995974 6805134
1655535096360067890 7737228
1655535096567251824 6841846
1655535096774492791 6907108
1655535096981587293 6762470
1655535097188822669 6901270
1655535097396866722 7710340
1655535097604109325 6904160
1655535097811271245 6826498
1655535098018553550 6942825
1655535098226014069 7126411
1655535098434170503 7817891
1655535098641514292 7010360
1655535098848853510 7001586
1655535099056193779 7009155
1655535099264733079 8273457
1655535099472465817 7399048
1655535099679908527 7121505
1655535099887039283 6796788
1655535100094141183 6768207
1655535100301296819 6820415
1655535100509245241 7597910
1655535100716441219 6865887
1655535100923655204 6893308
1655535101130816336 6825664
1655535101338064521 6913678
1655535101547003613 8595316
1655535101754375894 7024472
1655535101961719562 7010324
1655535102168923910 6869674
1655535102376236850 6975893
1655535102583657174 7199738
1655535102790925493 6931656
1655535102998103556 6841495
1655535103205352125 6917736
1655535103412544976 6857954
1655535103620751276 7892334
1655535103828015847 6908352
1655535104035379092 7005425
1655535104242590708 6877747
1655535104449889932 6964080
1655535104658716928 8491485
1655535104866003611 6953398
1655535105073149674 6806985
1655535105280374162 6886507
1655535105487902333 7231017
1655535105695863614 7625866
1655535105902949549 6749920
1655535106110186411 6904305
1655535106317540866 7018576
1655535106524859029 6981513
1655535106732744298 7552118
1655535106939910681 6831974
1655535107147324341 7079506
1655535107354321700 6662181
1655535107561685793 7026669
1655535107769551199 7539017
1655535107976769167 6872538
1655535108184129104 7019024
1655535108391824158 7381855
1655535108599419190 7257362
1655535108808201078 8450565
1655535109016329531 7887491
1655535109223811726 7167417
1655535109431318506 7170852
1655535109638754137 7093706
1655535109846826180 7740917
1655535110054941598 7771951
1655535110262487348 7197563
1655535110470169917 7350148
1655535110678279533 7778146
1655535110886605361 7989433
1655535111094921134 7979939
1655535111302073508 6803882
1655535111509460498 7054051
1655535111717343362 7559120
1655535111925404091 7728919
1655535112133585152 7848954
1655535112341163096 7244363
1655535112548276716 6774819
1655535112756015403 7410001
1655535112964213574 7844656
1655535113172265069 7718336
1655535113379761884 7162252
1655535113587377483 7276599
1655535113795039821 7317235
1655535114003000661 7633035
1655535114211142127 7805207
1655535114418891820 7409884
1655535114626563011 7335132
1655535114834385141 7487661
1655535115042715607 7992293
1655535115250877310 7827886
1655535115458545877 7337137
1655535115665906698 7020549
1655535115873357383 7117807
1655535116081764672 8064336