1655535394675001516 1176459498
1655535395275801905 301302373
1655535395775217743 100121885
1655535396176476141 200921772
1655535397274780158 500210762
1655535397675898048 200763009
1655535398276026472 201506866
1655535398775614318 201115884
1655535399175372091 199417981
1655535399575567375 199858501
1655535399976236107 100229706
1655535400475394378 298818346
1655535400975839581 300105495
1655535401475397000 200620575
1655535401875889563 200180053
1655535402375832872 299617615
1655535402687085456 12582952
1655535403183787536 108649065
1655535403689375505 113213346
1655535404075348298 100345125
1655535404483139631 8633743
1655535404887156008 112660623
1655535405676739143 501224986
1655535406375830399 399679465
1655535407075426066 499257322
1655535407385677148 11176460
1655535407690217273 15131241
1655535408075585227 99612859
1655535408477391377 201455515
1655535408888011237 13489109
1655535409375833588 287483471
1655535409875848267 201031564
1655535410188022074 13525021
1655535410481975159 7064806
1655535410875579801 193292438
1655535411287973319 13538811
1655535411775804704 201308888
1655535412075669611 99555521
1655535412675852314 301339482
1655535412975821265 99648385
1655535413186961402 10806182
1655535413585011671 10319029
1655535414277294174 202769827
1655535414875839818 301335217
1655535415475383562 299751005
1655535415977186281 301463729
1655535416375380142 100879530
1655535416775349404 199657227
1655535417083179527 107520116
1655535417488009568 113493794
1655535418176289154 400687610
1655535418776284031 399677480
1655535419375873387 300361108
1655535419875423415 200165088
1655535420377111229 301373197
1655535420683587126 7675425
1655535421574648481 300127681
1655535421975833185 200850134
1655535422382189549 206022812
1655535422877375497 202887735
1655535423275667735 197936566
1655535423775870442 99917701
1655535424375854680 201356543
1655535424880509433 304336992
1655535425187845109 13340942
1655535425675828474 201325581
1655535426279518747 403343033
1655535426585810509 11328024
1655535426886733567 11968365
1655535427282612998 106928295
1655535427775853641 201357760
1655535428275863317 201360097
1655535428775874263 299682651
1655535429275841839 299621123
1655535429786923185 111813701
1655535430091322201 16817092
1655535430575847936 201324699
1655535431187204851 212698235
1655535431676148390 201178249
1655535431975376903 98897947
1655535432485731985 310047607
1655535433075888514 300925435
1655535433575866031 201377623
1655535434075752796 299542605
1655535434390435955 15909660
1655535434786535624 9553189
1655535435475406222 300887436
1655535435975397497 299648887
1655535436575837150 301341860
1655535437075484596 200971409
1655535437475828063 199987143
1655535437976310157 300135579
1655535438474703683 200193629
1655535438875836113 200803064
1655535439275361837 199180934
1655535439775851049 300169874
1655535440277096371 202592614
1655535440777949999 300519603
1655535441075436546 97141746
1655535441476567356 200796197
1655535442175866191 401360618
1655535442675860080 201360482
1655535443274526330 300038758
1655535443875950220 401095618
1655535444175617439 99353385
1655535444575844378 199920145
1655535445175873113 299973623
1655535445475822107 99602920
1655535445789166987 14666640
1655535446475835793 201337641
1655535446975395805 299244186
1655535447383499281 108994087
1655535447875998026 201478708
1655535448376726235 300403836
1655535448788228264 13706101
1655535449084042428 9523448
1655535449576214030 291757482
1655535449875831300 99303399
1655535450684232756 309720162
1655535451276363568 300838875
1655535451576637272 99963005
1655535451888495346 13997697
1655535452475405128 200883078
1655535452975800304 201308092
1655535453475857306 201078830
1655535453775421664 99208622
1655535454275401150 299656532
1655535454675881224 200130208
1655535455175871591 201354099
1655535455681656017 206867482
1655535456079188777 104661554
1655535456575835352 201320606
1655535457075853288 201341953
1655535457375833878 99652268
1655535457782013105 205835339
1655535458375842450 301347390
1655535458876175449 300007210
1655535459375500905 200984961
1655535459975302539 399488124
1655535460475380130 299756910
1655535460875389007 199696034
1655535461474829667 399096317
1655535461975768353 300600548
1655535462275810460 99740787
1655535462775436381 299313885
1655535463375404432 399630665
1655535463975425803 399709258
1655535464377134099 201374454
1655535464875399873 200892432
1655535465089557688 13819848
1655535465781545262 407039942
1655535466089695374 13815270
1655535466392228825 16285909
1655535466691704674 16577105
1655535467275394984 200883236
1655535467775371794 299667373
1655535468275849145 300151266
1655535468675823651 199626126
1655535469175846784 299702246
1655535469675839230 299667387
1655535470081682428 106903192
1655535470575406451 100898377
1655535470980148875 204431423
1655535471275675443 95185173
1655535471875362935 300895728
1655535472379905485 205388453
1655535472875840487 101345286
1655535473375413857 299214237
1655535473975888263 301381647
1655535474575847103 399638513
1655535475075873141 201369312
1655535475384654282 8777072
1655535475786525022 110551153
1655535476475915599 301412010
1655535477075286147 399056174
1655535477675769854 400168480
1655535478175836631 201321503
1655535478675888603 201377663
1655535479375024876 400532932
1655535479879748295 304379799
1655535480475908150 301392151
1655535481075389124 300610416
1655535481475371209 199683419
1655535481977201631 301520939
1655535482290660903 16152691
1655535482775374947 200835228
1655535483375871358 400185971
