1619368494179790943 3119
1619368495179815590 2862
1619368496179798168 2436
1619368497179789289 2241
1619368498179801381 2453
1619368499179801849 2718
1619368500179734865 2902
1619368501179789668 2842
1619368502179754312 2993
1619368503179763860 3071
1619368504179841485 3043
1619368505179946154 3069
1619368506179788148 3045
1619368507179812362 3132
1619368508179760935 3047
1619368509179781437 3052
1619368510179731599 3052
1619368511179831900 3097
1619368512179842045 3095
1619368513179775865 3050
1619368514179805316 3071
1619368515179698575 3073
1619368516179794163 3106
1619368517179765408 3029
1619368518179806494 3076
1619368519179774780 3065
1619368520179774417 3028
1619368521179790977 3118
1619368522179738120 3047
1619368523179821344 3071
1619368524179747894 3106
1619368525179788509 3028
1619368526179729555 3098
1619368527179847762 3033
1619368528179788934 3093
1619368529179709788 3042
1619368530179773086 2998
1619368531179815002 3025
1619368532179848750 3056
1619368533179806016 3062
1619368534179776395 3079
1619368535179897926 3028
1619368536179794829 2996
1619368537179758802 3026
1619368538179797583 3022
1619368539179757773 3017
1619368540179789292 3039
1619368541179815672 3049
1619368542179764318 2976
1619368543179865964 3038
1619368544179769681 3001
1619368545179757752 2952
1619368546179765794 2975
1619368547179781234 2934
1619368548179796108 3061
1619368549179776933 3075
1619368550179808669 3006
1619368551179788007 2974
1619368552179811508 3038
