1619372764560913811 3471
1619372765560948175 2189
1619372766560905439 2299
1619372767560867597 2503
1619372768560934738 2832
1619372769560977246 3268
1619372770560936256 3246
1619372771560898673 3629
1619372772560956207 3840
1619372773560962208 4140
1619372774560890781 4002
1619372775560948745 4090
1619372776560854317 3945
1619372777560933194 4171
1619372778560933214 3863
1619372779560919752 4101
1619372780560972954 4223
1619372781560997170 4194
1619372782560859793 4030
1619372783560888563 4038
1619372784560883511 4256
1619372785560964255 4228
1619372786560879205 3994
1619372787560931128 4103
1619372788560943305 4153
1619372789560939305 4028
1619372790560894550 4083
1619372791560954546 4154
1619372792560937556 4216
1619372793560937380 4188
1619372794560896298 4136
1619372795560917752 4067
1619372796560888457 4087
1619372797560957646 4047
1619372798560976229 4156
1619372799560863623 4018
1619372800560869028 4213
1619372801560876427 4137
1619372802560914337 3868
1619372803560942456 4028
1619372804560939610 4032
1619372805560922657 3963
1619372806560894622 4141
1619372807560964793 4057
1619372808560913878 4001
1619372809560942043 4068
1619372810560982986 4096
1619372811560934620 4133
1619372812560907538 4135
1619372813560956926 4268
1619372814560946966 3938
1619372815560992680 4306
1619372816560874733 4104
1619372817560884995 3875
1619372818560938739 4139
1619372819560877584 3972
1619372820560972229 3944
1619372821561000523 4201
1619372822560941439 4210
