1619369740229878648 1171
1619369741229876426 1144
1619369742229874296 1127
1619369743229901840 1117
1619369744229865762 1111
1619369745229890909 1101
1619369746229865198 1110
1619369747229844516 1104
1619369748229879766 1108
1619369749229884459 1114
1619369750229994601 1118
1619369751229747253 1119
1619369752229863114 1119
1619369753229855607 1108
1619369754229887413 1118
1619369755229880211 1121
1619369756229795268 1125
1619369757229876567 1106
1619369758229849198 1124
1619369759229873727 1110
1619369760229872267 1113
1619369761229836294 1116
1619369762229878793 1116
1619369763229818110 1124
1619369764229763589 1118
1619369765229850169 1113
1619369766229826770 1105
1619369767229894061 1114
1619369768229825769 1117
1619369769229872173 1122
1619369770229862216 1115
1619369771229829652 1093
1619369772229823941 1113
1619369773229863662 1114
1619369774229885628 1114
1619369775229806583 1119
1619369776229853355 1111
1619369777229837598 1104
1619369778229887110 1112
1619369779229873377 1123
1619369780229754888 1108
1619369781229828682 1111
1619369782229888304 1109
1619369783229830683 1119
1619369784229849992 1122
1619369785229829620 1112
1619369786229864644 1114
1619369787229857965 1096
1619369788229869120 1105
1619369789229828507 1109
1619369790229832652 1107
1619369791229827589 1100
1619369792229763821 1106
1619369793229890757 1106
1619369794229925568 1103
1619369795229864413 1104
1619369796229841086 1112
1619369797229780640 1103
1619369798229845679 1107
