1655354985588573195 700607481
1655354986188295584 303373694
1655354986886830114 401945058
1655354987588971945 304272307
1655354988196247325 311914353
1655354988889402654 405329607
1655354989892850063 508096996
1655354990795395776 702102988
1655354992185426175 1189593833
1655354993586854034 1091340028
1655354995090337483 1206278396
1655354996292284685 904486614
1655354997496689870 606833537
1655354998799129174 913481395
1655355000396319904 712259265
1655355001888451247 1104387455
1655355002892969322 803505365
1655355003884794198 791383395
1655355004795898180 609250086
1655355005798815638 504949994
1655355007095212089 1011114490
1655355008096394962 712303462
1655355009295466414 909451186
1655355010684828109 995436356
1655355011695124414 800319047
1655355012996263207 1096261910
1655355014984703392 1700649294
1655355016196107591 898111358
1655355017794533016 1007978257
1655355018988992775 897422371
1655355019786366737 395544556
1655355020592181846 508129129
1655355021086665591 294054453
1655355022100493044 802875386
1655355023492388179 808304590
1655355024994542986 1000174675
1655355026186687007 800278514
1655355027298645175 811888446
1655355028484810877 795088669
1655355029793526269 1105594054
1655355031292549549 1006654369
1655355031991756416 405865065
1655355033197659056 607790934
1655355034188307702 701767872
1655355035484772971 991271903
1655355036386676297 691725363
1655355037784602470 1100544655
1655355038991319380 900987382
1655355039791152438 599316998
1655355040590686125 500786967
1655355042084542843 995101676
1655355042787443397 502465951
1655355043688697386 603942405
1655355044492137293 503112203
1655355045396108875 512031834
1655355046788494908 901690167
1655355047500003395 506139795
1655355048685704367 699149714
1655355050286205530 1201640379
1655355051490551499 1003926774
1655355052392367931 699217531
1655355053495611709 605392642
1655355054891007356 1106440501
1655355055994650962 903216214
1655355057288437463 797502663
1655355058384766541 599145953
1655355059685002772 995959825
1655355060789051441 795165475
1655355061799873858 810469311
1655355062488891777 404796096
1655355063488294406 798979815
1655355064684654521 995908148
1655355065693251494 708656394
1655355066985922736 901553577
1655355067888919394 701466086
1655355068590964503 396803471
1655355069799558039 709435583
1655355070898509132 607929328
1655355071886971788 698381264
1655355072992188718 898324281
1655355073696335177 503721919
1655355075092350471 708265029