1654900840627165736 0
1654900845632487264 0
1654900850637371419 0
1654900855642502286 0
1654900860647637687 0
1654900865652771785 0
1654900870657908119 0
1654900875663033330 62
1654900880667320333 53
1654900885668741704 46
1654900890673858588 52
1654900895678333562 59
1654900900683319777 56
1654900905688305307 62
1654900910690358903 53
1654900915695343688 73
1654900920700335497 55
1654900925705503924 66
1654900930710642882 55
1654900935713361443 55
1654900940718336954 45
1654900945723682018 56
1654900950728977232 60
1654900955734169116 45
