1654901496532200153 0
1654901501537445967 0
1654901506542666882 0
1654901511547849191 0
1654901516552429008 0
1654901521557590139 0
1654901526558252861 18
1654901531563550592 97
1654901536568706747 82
1654901541573394145 91
1654901546578394353 97
1654901551583634162 98
1654901556588533484 112
1654901561593377846 92
1654901566598574669 96
1654901571603863078 84
1654901576610387086 101
1654901581615564647 109
1654901586618428592 114
1654901591622154300 107
1654901596626428766 87
1654901601631693926 115
1654901606636556609 113
1654901611639727715 86
