1654864946791136013 14611243
1654864949478244560 97448869
1654864950479222937 101476404
1654864952181825401 121123177
1654864952363261994 89567269
1654864953295578294 33735841
1654864954674433399 166956868
1654864955497208107 209298349
1654864955764204430 103515055
1654864956685071131 121047953
1654864956883204357 86599394
1654864957183038394 191360772
1654864957770577647 101406906
1654864957961386870 82092252
1654864958881195284 277069324
1654864960161388115 92562597
1654864961262712813 95105347
1654864962786231197 125253130
1654864963094325296 127628787
1654864963261363612 62813481
1654864963389229715 25586610
1654864963461317266 86465474
1654864963771095890 195247542
1654864964384308429 78235925
1654864965363269000 82466723
1654864965486721463 105029509
1654864967361283041 84798374
1654864967503086463 40004349
1654864968985255418 185372406
1654864969190989574 30333203
1654864969590289092 129104231
1654864971461387438 185738799
1654864971497508303 34985403
1654864971604962853 21701900
1654864973274862391 106849342
1654864974869319319 94537381
1654864976195053836 210371477
1654864976466287504 76582192
1654864977072227714 184156487
1654864978989853920 124089072
1654864980209961278 18341542
1654864982978097500 116386359
1654864983493297328 388680847
1654864983775180628 102641868
1654864984171207648 186582778
1654864984591231138 94219134
1654864984882596110 112942848
1654864987375619972 192970016
1654864991301137638 40309755
1654864992478302625 115367394
1654864993405172688 123369250
1654864995373230544 110349314
1654864996563060992 70474472
1654864996591272047 104145626
1654864996961323699 182663961
1654864998372616473 81006360
1654864998892294244 100378564
1654864999791309316 309122311
1654865000189077175 120341199
1654865001278283709 184552115
1654865002296392079 32611779
1654865002875247988 102530787
1654865003597275856 111519920
1654865004191040154 89872610
1654865006180373042 109429725
1654865007287257536 115617189
1654865007761450125 76967800
1654865008364321539 190658609
1654865009675375397 106590683
1654865010503410788 28134510
1654865011678309845 102215870
1654865012799277007 201069706
1654865014397188950 36220381
1654865015373263168 203483566
1654865016261363416 259597874
1654865016464570803 174846260
1654865016964423700 103661831
1654865017082965671 83005014
1654865018105428453 41905387
1654865021397147962 20913011
1654865022787311398 113617528
1654865023261267294 79205431
1654865023485235127 117539269
1654865024662569028 92932365
1654865024887393051 101794184
1654865026273248565 88607020
1654865027194164573 104666378
1654865028566300096 76632273
1654865028687513256 79016244
1654865029764248568 200965360
1654865030578364897 85641679
1654865030792755766 104927932
1654865033261302878 159527013
1654865033283295197 100316393
