1654865078078583475 299231509
1654865080096681335 124503215
1654865084384280638 110286910
1654865085277014531 114161242
1654865085362560821 173806182
1654865086600232235 106387086
1654865087573098834 183419743
1654865087873190377 189583060
1654865089464226900 185549447
1654865091761295876 274664014
1654865091895637680 99973578
1654865092277220523 201553659
1654865092667246442 167750179
1654865092983905687 113250103
1654865094075229470 87413803
1654865095076196498 97440021
1654865096179253980 105579210
1654865096261486499 75553868
1654865097716469048 103432134
1654865098773039965 75414139
1654865100086968478 20998566
1654865100464283977 202548864
1654865101607432156 30807575
1654865103181865967 118212641
1654865103674287219 173433137
1654865104697228189 128314439
1654865107201197677 109408427
1654865108593659061 90959124
1654865111367311082 100171963
1654865112407003124 225227198
1654865112572019289 158213958
1654865113687093078 102114599
1654865113864238597 86484463
1654865116295308676 28245499
1654865116298226769 33607420
1654865116571372524 72702965
1654865117713223741 104552108
1654865118691245842 96348491
1654865119161383630 88689972
1654865119961243083 157444277
1654865120214246788 29611773
1654865121396220355 29554681
1654865122703418815 299628212
1654865122909205791 36201871
1654865123723276865 39520780
1654865125291440052 109813417
1654865125861287053 262636836
1654865126481248661 181623618
1654865127468172328 200049535
1654865128310388322 132252785
1654865129083939043 117150268
1654865129464202233 281154445
1654865134312209885 201513596
1654865137795308836 23668061
1654865139184504771 96867246
1654865144101631151 196920556
1654865144364301741 103632841
1654865145764282341 179607199
1654865148367268506 173373581
1654865149498239242 237458872
1654865152087310872 106631550
1654865152770243977 175455432
1654865154506264281 96315038
1654865155604585276 199922377
1654865155982233711 194563200
1654865157284619922 164224693
1654865159279002088 102344445
1654865160378749279 173603910
1654865160481105327 98883733
1654865161801231836 36570907
1654865161971307027 158614013
1654865162905238421 193309727
