1654864551709244351 6660816
1654864553889690517 7069198
1654864556281949244 5944593
1654864557312217162 11678800
1654864557791024298 12182791
1654864561496021314 13905151
1654864561612835371 15203258
1654864566001124459 11431485
1654864568101239486 15558917
1654864570496222493 11481289
1654864571007722965 10149790
1654864574089131709 14532990
1654864574205209473 14793819
1654864575591746174 11368744
1654864578714174250 13554136
1654864581394159083 14766789
1654864581775172666 13442770
1654864582394522960 12976193
1654864584596826128 15182191
1654864587371464256 10426313
1654864589082079413 11514225
1654864591913047759 9472559
1654864596587160971 9665128
1654864598385149914 12607136
1654864599103145582 11116240
1654864600602784599 10220093
1654864601089627955 8801974
1654864602694127523 9826259
1654864603193476080 13882880
1654864605906395693 10287458
1654864611007608814 17047773
1654864614390409198 11758898
1654864624392152536 14536849
1654864628589083918 13450819
1654864636099658218 10543393
1654864638580593852 9047582
