1655421862156183328 353863291
1655421862652868602 296312842
1655421863056708857 203500231
1655421863352797646 95554623
1655421863656370715 103137583
1655421863863932021 7236569
1655421864158277777 6600399
1655421864453761350 95133669
1655421864757948185 103873925
1655421865054082843 95803480
1655421865456130461 201542832
1655421865662722171 6114343
1655421865868749614 5605792
1655421866074666464 5463980
1655421866280048740 5071832
1655421866485418179 4921571
1655421866759821228 8448301
1655421867060789613 7903331
1655421867351439628 90339932
1655421867556984538 5068226
1655421867763065089 5627477
1655421867968533436 5171360
1655421868174682145 5696485
1655421868457294905 82449383
1655421868757606903 6021288
1655421868964148743 6231343
1655421869255407508 90943113
1655421869463875194 8068667
1655421869852977499 101356975
1655421870252786460 101402863
1655421870558417302 105262464
1655421870858091890 6280923
1655421871153509556 95016813
1655421871360540569 6716796
1655421872754572832 1193654781
1655421874293888212 1332859775
1655421874752481234 201072785
1655421875056687660 102540841
1655421875459392584 202266628
1655421875759089523 7679099
1655421876252159516 200116073
1655421876552620274 99983351
1655421876758703360 5644894
1655421876964580898 5421966
1655421877170381991 5353240
1655421877459162041 7796708
1655421877856870797 105504187
1655421878065155219 7817558
1655421878270966329 5514413
1655421878557355790 5974779
1655421878764254695 6583692
1655421879060564271 8882532
1655421879357860931 96954360
1655421879652863335 94693474
1655421879859610185 6270768
1655421880065987688 5906184
1655421880271626471 5296915
1655421880656909287 105420262
1655421880962350072 9897593
1655421881168571838 5984744
1655421881455501393 86597632
1655421881662026209 6109690
1655421881867930685 5546852
1655421882255668197 104244791
1655421882554824241 98801218
1655421882761539502 6423448
1655421882968802384 6944824
1655421883175944108 6840489
1655421883381999167 5761898
1655421883658802751 7400434
1655421884152761100 201328684
1655421884454183292 100705472
1655421884663262697 8584559
1655421884956001693 92406514
1655421885256884947 100570896
1655421885752962731 200530653
1655421886154877855 201509515
1655421886360872185 5563451
1655421886657642107 96394494
1655421886953487619 95523482
1655421887160204063 6394557
1655421887554284032 102576942
1655421887858621016 104033787
1655421888155617819 96679240
1655421888457019827 101106540
1655421888955568935 298230408
1655421889163433049 7364978
1655421889453890260 90124188
1655421889660116421 5917600
1655421889957125678 96630995
1655421890259618880 102149229
1655421890654844974 194880600
1655421890863876108 8596622
1655421891069575570 5278056
1655421891275118180 5197274
1655421891480934402 5487760
1655421891687160583 5841510
1655421891964614858 12493621
1655421892258486058 7124234
1655421892465268324 6644616
1655421892671478086 5893592
1655421892876939809 5094950
1655421893083136767 5845402
1655421893353752633 70242100
1655421894853829492 1299629467
1655421895060875424 6724365
1655421895361966515 10606643
1655421895567475633 5152491
1655421895860265125 8894574
1655421896158741154 7374231
1655421896552815540 101430975
1655421896852691451 99519441
1655421897059941860 6922986
1655421897266989867 6678256
1655421897557368895 6043087
1655421897856115769 98436293
1655421898160314177 103882240
1655421898365780039 5145043
1655421898572379461 6268714
1655421898779030429 6255305
1655421898985016515 5632273
1655421899190384489 5012298
1655421899557829211 106507083
1655421899857113948 98950412
1655421900065779241 8311130
1655421900360649498 8371690
1655421900658241387 6851463
1655421900952894930 94282747
1655421901159883566 6613865
1655421901553742215 102446428
1655421901762245092 8003287
1655421902153825818 191148285
1655421902454471168 100269818
1655421902759135392 104248054
1655421903058181905 6638718
1655421903557912436 202056168
1655421903764893628 6642111
1655421904051599988 86400061
1655421904257444298 5446927
1655421904462923680 5106157
1655421904667909902 4638730
1655421905159270424 207905254
1655421905454672529 95077516
1655421905754873986 99623549
1655421906352724273 301369743
1655421906560422944 7378474
1655421907876944087 1116186797
1655421908158289622 6931926
1655421908365237546 6634630
1655421908653420594 87853917
1655421908859245422 5522013
1655421910186137997 1034538039
1655421910392437975 5933751
1655421910752974512 160062374
1655421911055165935 101865575
1655421912361904404 1106421403
1655421912661471946 10027665
1655421913058272707 106840397
1655421913265081701 6463820
1655421913559194713 7842052
1655421913958124032 106754688
1655421914164216903 5637405
1655421914456857005 92324167
1655421914664022164 6772836
1655421914870860966 6525657
1655421915155501778 84333543
1655421915457546704 101671038
1655421915759546465 101682770
1655421916061192990 8171368
1655421916459257124 107891071
1655421916668545250 8982384
1655421916957344699 88420957
1655421917163908251 6216629
1655421917458407845 94110190
1655421917755327289 96748402
1655421919081689819 1029283998
1655421919289120561 6966985
1655421919657452571 167946229
1655421919866334922 8521531
1655421920154328650 87633073
1655421920361457698 6809368
1655421920655345415 93515882
1655421920956317252 100567114
1655421921256057444 99117943
1655421921462865060 6408661
1655421921755875378 92706112
1655421921963086836 6912640
1655421922257350347 5984675
1655421922752632767 201233214
1655421922962853789 9499202
1655421923168946736 5803605
1655421923455791890 86497195
1655421923662365246 6233415
1655421923867696706 5045088
1655421924153786464 85761993
1655421924361270569 7149292
1655421925852865024 1200499814
1655421927154622952 1101441608
1655421927362429141 7521213
1655421927864566951 212907963
1655421928252421469 187490379
1655421928460599176 7769781
1655421928756625333 95645453
1655421928963313459 6386089
1655421929261271187 9868046
1655421929653052911 191399460
1655421929953018028 99662649
1655421930258557235 105210658
1655421930560897149 9541931
1655421930956480194 195235527
1655421931253965482 97086490
1655421931663187884 208912332
1655421932054041812 102706193
1655421932260645976 6259760
1655421932658401196 106066554
1655421933155162262 203197496
1655421933365124863 9545077
1655421933570879163 5376931
1655421933776628177 5403016
1655421933981823182 4751205
1655421934187858538 5647850
1655421934459410855 7844385
1655421934853121507 100450147
1655421935061982418 8549820
1655421935268015927 5664130
1655421935552073345 83626469
1655421935758830514 6293915
1655421935964322156 4983922
1655421936556561397 303665812
1655421936764234613 7287047
1655421936970832569 6249853
1655421937176289005 5134643
1655421938453842714 1077154248
1655421938751486583 97315329
1655421938959681662 7818661
1655421939453009949 201632758
1655421939660192811 6831071
1655421939865452862 4875227
1655421940158433473 7085383
1655421940363479112 4853988
1655421940654933018 91127056
1655421941153133067 201402598
1655421941458080733 104620899
1655421941752443934 94022926
1655421942053065096 100309396
1655421942259784101 6385378
1655421942556984958 96895323
1655421942764904325 7577632
1655421943056162255 90860688
1655421943357428529 100947471
1655421943662450240 104696294
1655421943867615132 4999541
1655421944073687075 5713530
1655421944353242299 79173954
1655421944559096863 5497603
1655421944765388683 5982177
1655421945058629579 7252261
1655421945452397319 193409041
1655421945660196691 7439504
1655421945956819349 96311382
1655421946164926483 7615998
1655421946554373402 189008847
1655421946855302380 100710058
1655421947152319020 96689054
1655421947359340216 6607081
1655421947654026664 94291819
1655421947955329365 100959693
1655421948165496778 9795923
1655421948453857390 87996392
1655421948659753252 5480617
1655421948865653020 5582414
1655421949152315466 86339257
1655421949361978982 9340099
1655421949753613049 191220447
1655421949960812802 6795661
1655421950166927577 5644276
1655421950372614007 5255446
1655421950578264755 5219025
1655421950784015921 5193097
1655421951058718005 74285827
1655421951560522294 207051454
1655421951857408836 96555548