1655949292674213072 21
1655949293675352443 72
1655949294676717543 73
1655949295677323488 76
1655949296678584328 70
1655949297679351454 80
1655949298680704031 69
1655949299681591927 75
1655949300682332955 73
1655949301684186953 76
1655949302685482744 71
1655949303686497589 77
1655949304687361684 76
1655949305689471257 72
1655949306691364010 75
1655949307692337816 77
1655949308693673864 72
1655949309694935300 74
1655949310696303042 72
1655949311697620340 78
1655949312698333623 72
1655949313699460811 74
1655949314700353118 75
1655949315701350427 77
1655949316702520727 72
1655949317703483950 72
1655949318704365690 72
1655949319705330122 75
1655949320706479028 75
1655949321707352083 75
1655949322708522621 75
1655949323709709740 74
1655949324710577947 73
1655949325711411531 73
1655949326712601145 78
1655949327713339842 73
1655949328714315847 74
1655949329715330232 75
1655949330716335144 74
1655949331718334029 72
1655949332719370549 78
1655949333721336178 72
1655949334722345454 74
1655949335723501214 74
1655949336724475193 75
1655949337725568100 75
1655949338726728898 74
1655949339728375539 76
1655949340729386679 75
1655949341730605686 74
1655949342731399987 73
1655949343732528954 77
1655949344734371814 72
1655949345735428491 75
1655949346736478456 73
1655949347737435079 72
1655949348738373439 79
1655949349739812768 70
1655949350740393142 76
1655949351741682695 72
1655949352742436294 74
1655949353743450635 75
1655949354744751499 72
1655949355745432717 77
1655949356746337299 71
1655949357747423420 76
1655949358748380970 75
1655949359749443191 73
1655949360750689570 73
1655949361752868751 73
1655949362753326842 75
1655949363755153397 77
1655949364756646278 72
1655949365757391022 75
1655949366758500917 72
1655949367759510916 77
1655949368761292103 72
1655949369763387239 75
1655949370764749103 74
1655949371765352470 75
1655949372766883243 72
1655949373767377026 74
1655949374768304544 79
1655949375769394499 71
1655949376770566017 75
1655949377771801478 71
1655949378772346031 75
1655949379774360515 76
1655949380775634307 73
1655949381776848549 76
1655949382777374046 72
1655949383778416306 73
1655949384779350097 76
1655949385780435503 75
1655949386781376139 73
1655949387782369771 74
1655949388783377192 73
1655949389784355852 78
1655949390785904181 73