1655950079891303805 12
1655950080892300481 101
1655950081893326640 151
1655950082894843575 147
1655950083895504676 155
1655950084896290137 152
1655950085897295174 149
1655950086898300036 152
1655950087899320758 154
1655950088900302339 150
1655950089901302574 147
1655950090902375968 157
1655950091903298888 149
1655950092904308601 153
1655950093905301962 151
1655950094906363962 151
1655950095907307875 156
1655950096908299786 150
1655950097909619831 153
1655950098910355499 147
1655950099911356655 148
1655950100912448785 156
1655950101913046266 151
1655950102913319070 152
1655950103914844446 150
1655950104915308155 153
1655950105916512352 153
1655950106917298722 152
1655950107918348623 146
1655950108919304001 158
1655950109920314179 146
1655950110921291922 151
1655950111922292265 154
1655950112923385091 152
1655950113924380783 152
1655950114925479046 153
1655950115926295519 149
1655950116927301400 154
1655950117928309184 151
1655950118929345289 151
1655950119930446516 152
1655950120931313671 156
1655950121932299858 150
1655950122933303450 149
1655950123934291595 154
1655950124935382168 153
1655950125936608744 152
1655950126938066002 150
1655950127938898130 155
1655950128939885661 150
1655950129941338703 155
1655950130942441856 151
1655950131943485281 149
1655950132944652606 155
1655950133945298464 153
1655950134946319063 149
1655950135947307599 152
1655950136948304372 153
1655950137949297952 147
1655950138950306047 154
1655950139951333934 151
1655950140952300991 151
1655950141953299895 155
1655950142954313008 153
1655950143955352880 152
1655950144960331237 150
1655950145961339850 153
1655950146962309716 151
1655950147963304570 152
1655950148964300465 152
1655950149965297589 148
1655950150966307694 156
1655950151967312172 151
1655950152968304040 149
1655950153969299282 154
1655950154970530595 151
1655950155971338313 149
1655950156972289499 156
1655950157973297779 148
1655950158974298221 153
1655950159975309220 149
1655950160976351129 155
1655950161977769814 153
1655950162979298461 153
1655950163980300824 149
1655950164981291276 155
1655950165982306499 152
1655950166983302766 148
1655950167984306602 148
1655950168985388684 156
1655950169986301640 153
1655950170987320740 143
1655950171988314948 159
1655950172989294912 148
1655950173990299829 155
1655950174991439528 150
1655950175992934227 152
1655950176993458754 154
1655950177994302320 149