1656103923109596532 24
1656103924111877103 150
1656103925112647996 187
1656103926113385842 186
1656103927114671791 185
1656103928115384729 183
1656103929116383393 177
1656103930117454925 182
1656103931118378373 182
1656103932119393176 185
1656103933120385734 190
1656103934121409734 181
1656103935122386970 185
1656103936125373394 185
1656103937126379029 190
1656103938127407361 181
1656103939128446587 186
1656103940129443235 186
1656103941130401926 191
1656103942131385989 178
1656103943133378981 189
1656103944134368662 188
1656103945135372140 190
1656103946136374437 193
1656103947137371086 193
1656103948138372863 190
1656103949139401518 191
1656103950141275492 191
1656103951142701590 190
1656103952143365860 189
1656103953144378877 188
1656103954145387220 178
1656103955146375853 195
1656103956147452225 187
1656103957149450167 187
1656103958150365127 187
1656103959151441475 179
1656103960152380443 186
1656103961153369188 188
1656103962154568966 191
1656103963155584939 190
1656103964156776916 188
1656103965157375918 187
1656103966158628253 182
1656103967160182894 179
1656103968161382588 180
1656103969162649515 185
1656103970163403690 188
1656103971164390119 187
1656103972165391231 182
1656103973166486683 189
1656103974167483581 184
1656103975168570090 179
1656103976170375688 190
1656103977171369121 185
1656103978172420906 186
1656103979173021633 186
1656103980173977746 185
1656103981174381414 192
1656103982175390902 185
1656103983176417099 126
1656103984178435996 7