1655950359089385040 0
1655950360090428063 0
1655950361091566612 0
1655950362092712308 0
1655950363093838575 0
1655950364094959764 0
1655950365096067695 0
1655950366097182848 0
1655950367098304225 0
1655950368099412980 0
1655950369100313693 0
1655950370101421263 0
1655950371102548668 0
1655950372103667296 0
1655950373103893096 0
1655950374105003237 0
1655950375105311364 0
1655950376106441782 0
1655950377107627164 0
1655950378108139426 0
1655950379109333544 0
1655950380110558412 0
1655950381111666369 0
1655950382112768918 0
1655950383113966509 0
1655950384115387439 0
1655950385116503504 0
1655950386117618627 0
1655950387118816939 0
1655950388119943986 0
1655950389121065751 0
1655950390122300512 0
1655950391123431926 0
1655950392124539356 0
1655950393125836171 0
1655950394126320956 5
1655950395127307804 67
1655950396128324183 144
1655950397129337079 160
1655950398130345489 169
1655950399131298866 160
1655950400132731548 162
1655950401133294096 171
1655950402134300400 165
1655950403135303391 163
1655950404136298890 160
1655950405137347721 164
1655950406138348656 165
1655950407139294760 167
1655950408140303554 165
1655950409141890021 157
1655950410142301798 170
1655950411143318387 161
1655950412144367340 161
1655950413145293900 156
1655950414146759847 159
1655950415147299833 161
1655950416148309479 165
1655950417149292596 169
1655950418150311998 165
1655950419151316002 170
1655950420152308735 172
1655950421153333299 169
1655950422154299989 172
1655950423155302347 170
1655950424156315093 172
1655950425157304461 164
1655950426158299522 165
1655950427159300462 159
1655950428160486379 162
1655950429161299934 160
1655950430162469137 165
1655950431163377520 157
1655950432164913810 163
1655950433165505207 166
1655950434166300224 171
1655950435167290429 172
1655950436168299590 157
1655950437169309927 162
1655950438170307821 169
1655950439171307010 165
1655950440172296367 161
1655950441173392355 167
1655950442174545625 165
1655950443175639542 163
1655950444176889125 166
1655950445177305593 160
1655950446178319719 159
1655950447179299559 176
1655950448180368164 166
1655950449181309416 163
1655950450182298706 169
1655950451183305068 166
1655950452184478857 170
1655950453185669899 163
1655950454186302736 165
1655950455187316384 173
1655950456189298531 175
1655950457190473849 164
1655950458191453796 162
1655950459192301504 146
1655950460193312783 161
1655950461194500853 167
1655950462195432258 169
1655950463196304286 167
1655950464197290593 163
1655950465198296098 164
1655950466199375997 170
1655950467200293421 176
1655950468201302689 166
1655950469201845057 161
1655950470202307606 159
1655950471203396312 161
1655950472204452188 163
1655950473205536798 167
1655950474206619317 160
1655950475207564727 166
1655950476208645039 165
1655950477209826568 163
1655950478210296898 161
1655950479211291548 165
1655950480212288212 166
1655950481213292595 153
1655950482214325921 166
1655950483215289317 168
1655950484216437946 159
1655950485217361358 157
1655950486218298284 170
1655950487220180445 173
1655950488220303005 166
1655950489221630154 160
1655950490222291536 171
1655950491223331355 162
1655950492224302900 158
1655950493225313035 169
