1656104294316819013 42
1656104295317844243 132
1656104296318944931 141
1656104297319565478 147
1656104298320298120 172
1656104299321127262 173
1656104300322021727 180
1656104301322967993 175
1656104302323823305 181
1656104303325084753 185
1656104304326831146 178
1656104305327827440 182
1656104306328861604 177
1656104307329834694 178
1656104308330819047 178
1656104309331845647 173
1656104310332965585 172
1656104311333810020 184
1656104312334853010 175
1656104313335840803 170
1656104314336824035 175
1656104315337883523 179
1656104316338838652 180
1656104317340436778 177
1656104318341531233 181
1656104319341846999 178
1656104320342830076 179
1656104321343835070 175
1656104322344879943 180
1656104323346710896 180
1656104324346811782 171
1656104325347813090 174
1656104326348813067 184
1656104327349810194 174
1656104328351570364 176
1656104329352837124 197
1656104330355499117 175
1656104331356975488 180
1656104332357822488 177
1656104333358939017 182
1656104334359888033 175
1656104335360827817 181
1656104336362103238 182
1656104337363197066 171
1656104338364485996 187
1656104339365498306 174
1656104340366820638 177
1656104341367803890 174
1656104342368812241 176
1656104343369857019 187
1656104344371839437 181
1656104345372842683 177
1656104346374052098 172
1656104347374967741 172
1656104348375817042 181
1656104349376826084 182
1656104350378003775 172
1656104351378805819 183
1656104352379821719 170
1656104353380826077 184
1656104354382354083 166
1656104355383468270 121
1656104356383844377 63
1656104357384967941 6