1655948932305242749 0
1655948933306789827 0
1655948934308188057 0
1655948935309510178 0
1655948936310763779 0
1655948937312523631 0
1655948938313399492 0
1655948939314910101 0
1655948940316231507 0
1655948941317488525 0
1655948942318394565 0
1655948943319585331 0
1655948944320904725 0
1655948945322190211 0
1655948946323346422 0
1655948947324329545 0
1655948948325648586 0
1655948949326815001 0
1655948950328559951 0
1655948951329342813 0
1655948952330832060 0
1655948953332110308 0
1655948954333097891 0
1655948955334376238 0
1655948956335703251 0
1655948957337076614 0
1655948958338493292 0
1655948959339066590 0
1655948960340600181 0
1655948961341920256 0
1655948962343109095 0
1655948963344340979 0
1655948964344861787 0
1655948965346502775 0
1655948966348064358 33
1655948967349538768 40
1655948968350460421 34
1655948969351622956 39
1655948970353585062 39
1655948971354785548 36
1655948972355338172 37
1655948973356594151 39
1655948974357343816 35
1655948975358400465 39
1655948976359607149 39
1655948977361494764 34
1655948978362601419 39
1655948979363814224 40
1655948980365102281 34
1655948981366318090 39
1655948982367459429 35
1655948983368368096 39
1655948984369506155 38
1655948985370799492 35
1655948986372045055 40
1655948987373361356 34
1655948988374651033 38
1655948989376001624 40
1655948990377417054 35
1655948991378751589 37
1655948992379369777 35
1655948993380415085 40
1655948994381712877 38
1655948995382414786 35
1655948996384075322 39
1655948997385363752 38
1655948998386389576 36
1655948999387363169 39
1655949000388320604 37
1655949001389598184 36
1655949002391062475 40
1655949003391307585 36
1655949004392795844 36
1655949005393698505 40
1655949006395496288 36
1655949007396326299 36
1655949008397425543 40
1655949009398334583 35
1655949010399393066 37
1655949011400344843 40
1655949012401453162 37
1655949013403484498 35
1655949014404336829 40
1655949015405719901 36
1655949016407537141 36
1655949017408816990 40
1655949018409380084 36
1655949019410667108 36
1655949020411870356 40
1655949021413064680 33
1655949022414187162 39
1655949023415091055 40
1655949024416327938 33
1655949025417771907 40
1655949026419077351 36
1655949027420365815 37
1655949028421722269 39
1655949029422557344 36
1655949030423363673 39
1655949031424518949 37
1655949032425712841 37
1655949033426326392 39
1655949034427550221 37
1655949035429066466 36
1655949036430436566 39
1655949037431346155 37
1655949038432607076 36
1655949039433828502 40
1655949040435542394 36
1655949041436359242 36
1655949042437602353 40
1655949043438150098 35
1655949044439529468 37
1655949045440515096 40
1655949046441316727 38
1655949047442472386 34
1655949048443684751 40
1655949049444458438 36
1655949050445686812 36
1655949051447007423 40
1655949052448517355 36
1655949053449590679 36
1655949054450736530 40
1655949055451399247 36
1655949056452337616 36
1655949057453740908 40
1655949058454946501 36
1655949059455332500 37
1655949060456804901 39
1655949061458133230 36
1655949062459350756 37
1655949063460347244 39
1655949064461504204 37
