1619458863986980379 31208
1619458864986987699 34367
1619458865987040572 34619
1619458866986991158 34826
1619458867986988950 34397
1619458868987046841 35354
1619458869986982134 34789
1619458870987004444 34721
1619458871986978635 34992
1619458872987012705 34683
1619458873987009289 34413
1619458874986991059 34988
1619458875987001379 34801
1619458876986985808 35488
1619458877986989656 34783
1619458878986989699 35036
1619458879987062387 34863
1619458880987011570 34623
1619458881986977855 34511
1619458882987019811 34627
1619458883987003494 34373
1619458884987000772 34394
1619458885987000711 34744
1619458886986994447 35133
1619458887986991642 34415
1619458888986985469 34296
1619458889986994469 34444
1619458890986982231 34429
1619458891986983195 34440
1619458892986987817 34643
1619458893986989407 34693
1619458894987005620 34651
1619458895987015206 34465
1619458896987006077 35158
1619458897986982295 34737
1619458898987032041 34696
1619458899986982250 35091
1619458900987010505 34953
1619458901986991834 34533
1619458902986979795 34738
1619458903987008684 34547
1619458904986993771 34342
1619458905986988349 35187
1619458906986997274 34336
1619458907986984238 34867
1619458908987006078 34688
1619458909986988478 34939
1619458910986992355 34735
1619458911987000086 34783
1619458912986993817 34343
1619458913987062500 34074
1619458914986992355 34478
1619458915986983970 34319
1619458916986998044 33918
1619458917986983244 34602
1619458918987008750 34263
1619458919987019024 34190
1619458920986999700 35123
1619458921986984397 35010
1619458922987006118 27133
