1619456367185934750 13403
1619456368185910814 13391
1619456369185909281 13396
1619456370185942186 13452
1619456371185907721 13417
1619456372186005895 13375
1619456373185998051 13359
1619456374185983189 13405
1619456375186037867 13384
1619456376185909256 13353
1619456377185915748 13422
1619456378185936714 13349
1619456379186033798 13344
1619456380185905708 13406
1619456381185991402 13369
1619456382185913748 13401
1619456383185991579 13333
1619456384186042016 13372
1619456385186018844 13349
1619456386186020878 13369
1619456387185911454 13396
1619456388185924811 13368
1619456389185998985 13363
1619456390185902188 13335
1619456391185979893 13356
1619456392185983226 13337
1619456393185975593 13356
1619456394185910223 13383
1619456395186025754 13391
1619456396185904727 13386
1619456397185932027 13398
1619456398185906693 13323
1619456399185924109 13304
1619456400185992748 13334
1619456401185914359 13336
1619456402186002030 13374
1619456403186010922 13368
1619456404185894807 13329
1619456405185904471 13358
1619456406185903015 13420
1619456407185993506 13379
1619456408186011906 13373
1619456409185921524 13329
1619456410185912967 13372
1619456411185909929 13381
1619456412185982055 13342
1619456413185989343 13417
1619456414185939345 13387
1619456415185903990 13331
1619456416185901263 13317
1619456417185920151 13369
1619456418186048746 13326
1619456419185897821 13339
1619456420185996839 13373
1619456421185925583 13366
1619456422185901415 13325
1619456423185905165 13345
1619456424185907965 13333
1619456425185992179 13369
