1655950847562603369 0
1655950848563741062 0
1655950849564916104 0
1655950850565850732 0
1655950851567712665 0
1655950852569616775 0
1655950853570811468 0
1655950854571987686 0
1655950855573161129 7
1655950856574338097 30
1655950857575510323 26
1655950858576692923 31
1655950859577845804 31
1655950860579020025 31
1655950861580177952 32
1655950862581352835 33
1655950863582653252 31
1655950864583811782 31
1655950865584977402 27
1655950866586149618 29
1655950867587337008 30
1655950868587725324 26
1655950869588962417 33
1655950870590130534 32
1655950871591267618 30
1655950872591698076 31
1655950873592846092 30
1655950874594035260 31
1655950875595865195 32
1655950876597073727 30
1655950877598378375 31
1655950878599580683 33
1655950879600771207 28
1655950880601919436 32
1655950881603092481 30
1655950882604273899 31
1655950883605450932 31
1655950884607061113 28
1655950885607748102 32
1655950886608889356 29
1655950887610031918 28
1655950888611175865 30
1655950889611729054 29
1655950890612877961 31
1655950891614017272 30
1655950892615157367 33
1655950893615712624 32
1655950894616860273 28
1655950895618029517 28
1655950896619184390 27
1655950897620341705 30
1655950898621498844 32
1655950899622651046 31
1655950900623803140 29
1655950901624960285 30
1655950902626113947 33
1655950903627266642 29
1655950904627736899 32
1655950905628883422 29
1655950906630032563 31
1655950907631185126 28
1655950908632334603 31
1655950909633491550 27
1655950910634658781 30
1655950911635810451 31
1655950912636981696 31
1655950913638160203 26
1655950914639969902 31
1655950915641156793 31
1655950916642338740 30
1655950917643496986 33
1655950918644655862 32
1655950919645817163 29
1655950920646972181 29
1655950921647794525 31
1655950922649009418 28
1655950923650174521 33
1655950924651350835 26
1655950925652521941 30
1655950926653702899 32
1655950927654910493 31
1655950928655749569 32
1655950929656903130 32
1655950930658067088 32
1655950931659328603 30
1655950932660480274 31
1655950933661626230 30
1655950934662795152 27
1655950935663956137 27
1655950936665104838 28
1655950937666256931 30
1655950938667414408 31
1655950939668581537 29
1655950940669771994 31
