1655951081767260708 0
1655951082769465531 0
1655951083771281390 0
1655951084773136274 0
1655951085774946813 0
1655951086776851144 0
1655951087778010068 0
1655951088779169006 0
1655951089780327044 9
1655951090780990303 16
1655951091782161571 23
1655951092783166849 27
1655951093784766920 29
1655951094785926183 29
1655951095787111542 29
1655951096787966714 31
1655951097789143377 30
1655951098790321481 33
1655951099791532135 25
1655951100791830768 32
1655951101793059550 35
1655951102794278360 24
1655951103795504240 33
1655951104797974487 34
1655951105799141658 26
1655951106800325619 29
1655951107801813166 35
1655951108803800122 27
1655951109804954960 29
1655951110806119418 36
1655951111807302667 22
1655951112807789374 36
1655951113808941832 33
1655951114810110942 30
1655951115811253907 29
1655951116811736645 34
1655951117812917431 22
1655951118814750097 34
1655951119815713992 33
1655951120816869923 21
1655951121818024593 35
1655951122819178050 28
1655951123820333278 29
1655951124820803902 32
1655951125822415888 33
1655951126823566527 32
1655951127824815204 24
1655951128825969259 32
1655951129827119619 31
1655951130828299613 28
1655951131829452275 34
1655951132830609656 30
1655951133831760270 23
1655951134832605391 36
1655951135833789030 27
1655951136834947749 33
1655951137836103143 32
1655951138837252976 27
1655951139838395316 29
1655951140839559924 32
1655951141840751363 29
1655951142841923376 33
1655951143843131837 28
1655951144845162902 25
1655951145846328027 33
1655951146847504841 29
1655951147847750741 32
1655951148848931507 32
1655951149850100515 29
1655951150851272622 25
1655951151852431834 32
1655951152853413314 32
1655951153854646130 26
1655951154855815790 38
1655951155856989699 23
1655951156858151657 30
1655951157859293009 38
1655951158860440627 27
1655951159861588700 29
1655951160862738269 29
1655951161863897956 31
1655951162865071475 32
1655951163866229922 25
1655951164867395969 33
1655951165868573538 28
1655951166869742492 37
1655951167870911717 23
1655951168871731633 34
1655951169872891511 28
1655951170874063478 29
1655951171875236814 31
1655951172876423871 32
1655951173877598356 30
1655951174878764689 26
