1656102467394229694 0
1656102468396856782 0
1656102469397984893 0
1656102470398831440 0
1656102471399961681 0
1656102472400836692 0
1656102473401986780 0
1656102474402823699 0
1656102475403939944 0
1656102476404816962 25
1656102477405837970 58
1656102478406939561 91
1656102479408041294 121
1656102480408817217 115
1656102481409800576 141
1656102482411018191 122
1656102483411818191 147
1656102484412827998 126
1656102485413900118 138
1656102486414807468 113
1656102487415820628 146
1656102488416833553 131
1656102489417253429 145
1656102490418484557 108
1656102491418846106 117
1656102492419826875 111
1656102493420944670 76
1656102494422074805 80
1656102495422823171 83
1656102496423932937 111
1656102497424810434 124
1656102498425804568 130
1656102499427018149 94
1656102500428139901 89
1656102501429249261 132
1656102502430432955 139
1656102503431559403 134
1656102504432933067 114
1656102505434037459 96
1656102506434851118 129
1656102507435946540 104
1656102508437049233 65
1656102509438649921 89
1656102510439868780 130
1656102511440834591 122
1656102512442229815 126
1656102513443462185 130
1656102514444804769 119
1656102515445851629 124
1656102516446814552 124
1656102517447935214 86
1656102518449034775 120
1656102519449811430 132
1656102520450811765 125
1656102521452100750 122
1656102522453216793 126
1656102523454313773 130
1656102524455609828 115
1656102525455801955 130
1656102526456916141 122
1656102527458070588 97
1656102528459180164 111
1656102529460264182 130
1656102530460812152 123
1656102531462024731 123
1656102532463132084 132
1656102533463805569 125
1656102534464979134 124
1656102535465811941 127
1656102536467354735 121
1656102537468792545 127
1656102538469891456 131
1656102539471055402 102
1656102540472447073 73
1656102541473587039 69
1656102542474819598 62
1656102543475809618 104
1656102544477458270 109
1656102545478888565 111
1656102546480006580 115
1656102547480827522 116
1656102548481831548 96
1656102549482828653 103
1656102550483813137 114
1656102551484808723 116
1656102552485805117 114
1656102553486800460 111
1656102554487896842 120
1656102555489074247 114
1656102556490316575 113
1656102557491603983 113
1656102558492714790 119
1656102559493955219 109
1656102560495184805 119
1656102561495813934 117
1656102562497032411 109
1656102563498433281 124
1656102564499542432 102
1656102565500326879 96
