1656101977496864795 0
1656101978497992100 0
1656101979499093422 0
1656101980500191217 0
1656101981501291860 0
1656101982502246860 0
1656101983503348446 0
1656101984504451723 0
1656101985505550217 0
1656101986506646879 32
1656101987506832511 40
1656101988507819057 37
1656101989508926030 36
1656101990510033936 40
1656101991510812640 39
1656101992511815720 36
1656101993512371010 37
1656101994513813895 40
1656101995514925770 36
1656101996516014326 39
1656101997517383376 37
1656101998517825774 36
1656101999518928871 40
1656102000520154013 36
1656102001521255920 36
1656102002522345687 40
1656102003523450515 36
1656102004524746442 36
1656102005525881718 40
1656102006526828098 39
1656102007527804340 38
1656102008528833616 35
1656102009529958350 40
1656102010531056793 40
1656102011532152534 40
1656102012533243915 35
1656102013534334944 38
1656102014535428555 35
1656102015536530342 39
1656102016537628937 40
1656102017538728034 33
1656102018539855548 40
1656102019540948051 39
1656102020541801263 36
1656102021542906788 37
1656102022543814888 40
1656102023544806628 38
1656102024546027939 37
1656102025547123866 37
1656102026548228552 40
1656102027549310069 37
1656102028549813867 38
1656102029550918728 37
1656102030551064190 40
1656102031552154890 37
1656102032553329012 36
1656102033554431190 39
1656102034555535184 40
1656102035555814400 40
1656102036556913206 34
1656102037558010873 40
1656102038558948108 40
1656102039560045761 38
1656102040561129275 37
1656102041562233794 38
1656102042564304807 39
1656102043565261950 36
1656102044566362768 40
1656102045566834640 39
1656102046567959379 34
1656102047568831706 39
1656102048569821850 40
1656102049570813112 34
1656102050571838631 40
1656102051572804668 40
1656102052573821687 35
1656102053574919639 40
1656102054576099306 39
1656102055577299125 34
1656102056578485744 39
1656102057579591168 40
1656102058580703882 36
1656102059581813208 39
1656102060582912245 40
1656102061584116078 38
1656102062585217196 36
1656102063586319082 40
1656102064587682131 39
1656102065587817566 39
1656102066589037575 34
1656102067590148177 40
1656102068591264561 39
1656102069592404031 36
1656102070593519539 38
1656102071594616877 40
1656102072595710304 39
1656102073596917923 35
1656102074598127508 40
1656102075599242203 38
