1655950709512011985 393176
1655950709735199007 18952
1655950710121019795 110155
1655950710530000711 208641
1655950710931172488 200866
1655950711411999039 277734
1655950711921176296 304730
1655950712236605511 111407
1655950712610883600 173491
1655950712940976882 122596
1655950713510552704 288188
1655950713914115640 200881
1655950714328189618 210975
1655950714730137355 200904
1655950715215022014 204997
1655950715717307743 294418
1655950716217218213 285839
1655950716533132246 20734
1655950716929022553 105811
1655950717331186551 120153
1655950717714297380 101071
1655950718237496147 316606
1655950718922228620 389933
1655950719415023129 283644
1655950720016145349 275176
1655950720734631960 395030
1655950721017105997 74905
1655950721526041745 194390
1655950721829807810 93376
1655950722326730129 214741
1655950722839032568 305844
1655950723333102647 216962
1655950723811871787 271857
1655950724132194380 109812
1655950724723734122 291363
1655950725113810359 187626
1655950725527100885 193985
1655950725914598743 186290
1655950726315270240 98005
1655950726630291364 106906
1655950727241212954 322234
1655950727641901361 106272
1655950728015142389 97960
1655950728524208238 306862
1655950728911791136 187350
1655950729235987520 107611
1655950729711406800 193169
1655950730128227655 192292
1655950730628010810 216661
1655950731034063880 124107
1655950731530241590 106658
1655950731918940888 108953
1655950732631716149 408787
1655950733123616625 212605
1655950733622178277 209695
1655950734136837003 314404
1655950734830217497 399986
1655950735419941597 309111
1655950735919109244 295822
1655950736320277172 195010
1655950736815204602 272332
1655950737223163508 198214
1655950737622303605 196922
1655950737918752031 81400
1655950738847741454 413971
1655950739213228964 100847
1655950739513197869 96335
1655950739826201663 16232
1655950740125066109 95293
1655950740533381715 117318
1655950741133766696 311570
1655950741522236694 96009
1655950741941005100 121342
1655950742230706066 12320
1655950742530385241 19967
1655950742837255046 24966
1655950743237352823 114870
1655950743632042240 119639
1655950744015289429 94852
1655950744424416985 206034
1655950745029665585 308761
1655950745334518989 24549
1655950745824445857 185808
1655950746314056638 284788
1655950746715174445 188796
1655950747115703820 179542
1655950747522225689 193265
1655950747924726115 112960
1655950748239669679 112802
1655950748610948925 83130
1655950749024383073 189165
1655950749727197536 491311
1655950750037230421 107851
1655950750525119551 199760
1655950751012186771 275343
1655950751329238033 107998
1655950751711784771 177127
1655950752028156127 106497
1655950752417202414 100975
1655950752727514939 93272
1655950753118394926 179528
1655950753611827683 198614
1655950753939952658 105711
1655950754329178877 104947
1655950754721491235 181875
1655950755031799458 106077
1655950755432002256 195627
1655950755939052264 207076
1655950756423182224 212220
1655950756819483572 194136
1655950757210917869 174305
1655950757515340275 90218
1655950757936714648 210104
1655950758512606252 279379
1655950759034336759 313139
1655950759611965912 181507
1655950760035150176 107759
1655950760640374387 219659
1655950761220807189 287434
1655950761715094648 284938
1655950762120249394 193869
1655950762418115568 80343
1655950762815764647 190506
1655950763234795093 212231
1655950763633173960 114900
1655950764037478236 115256
1655950764422770155 183666
1655950764713248611 78417
1655950765113832268 196086
1655950765345630079 30239
1655950765914137122 291710
1655950766541002390 224623
1655950767020182730 209230
1655950767339232614 108032
1655950767719130522 92909
1655950768028226057 101850
1655950768733845549 405660
1655950769211796500 273783
1655950769633068504 197699
1655950770014143291 91764
1655950770410915339 179536
1655950770814184337 180931
1655950771427952346 316076
1655950771937776975 226929
1655950772514237317 292979
1655950773120166223 309896
1655950773611264845 284020
1655950774033189452 209941
1655950774539519260 222224
1655950775013086671 271015
1655950775413294816 199100
1655950775713676602 76986
1655950776030678234 112279
1655950776438871693 206426
1655950776910988734 196704
1655950777210907799 72192
1655950777541133780 128894
1655950777923686110 112865
1655950778328341147 191836
1655950778920854358 387585
1655950779336214573 199801
1655950779824614173 202473
1655950780211019199 179624
1655950780734221918 206929
1655950781036158122 12778
1655950781436879050 19490
1655950781835189868 195961
1655950782321592497 210778
1655950782722314314 184410
1655950783121861301 105486
1655950783422255886 92876
1655950783814268524 179237
1655950784211109650 183384
1655950784525225735 89847
1655950784836186930 17386
1655950785311646311 172983
1655950786118147554 491846
1655950786632058761 311891
1655950787625777098 506632
1655950788231663869 398064
1655950788839249157 315059
1655950789319064019 191541
1655950789710970658 101005
1655950790238496713 211913
1655950790618111853 95733
1655950791110393209 288162
1655950791433885705 119502
1655950791731109551 16491
1655950792111829250 91788
1655950792418305724 96930
1655950792810952771 186681
1655950793313893230 196515
1655950793728245977 202018
1655950794320212839 299853
1655950794821354378 102970
1655950795231047783 15381
1655950796028791858 401381
1655950796423622376 189993
1655950796825786673 191803
1655950797132230847 104851
1655950797426120983 91894
1655950797816193440 188756
1655950798322083179 302700
1655950798716489737 191188
1655950799125195583 204906
1655950799611021632 283776
1655950799939177145 116573
1655950800232549251 19289
1655950800715282710 198904
1655950801325730881 402517
1655950801719166469 103801
1655950802128818144 195566
1655950802616213604 202061
1655950802927129198 14750
1655950803223904574 90522
1655950803612013832 178699
1655950804013341939 102519
1655950804415845826 94315
1655950804918248295 100864
1655950805331680761 120868
1655950805639718135 16339
1655950806115263476 190522
1655950806634064003 204763
1655950807029969740 110242
1655950807712259324 387084
1655950808133584580 99408
1655950808936855743 415781
