1655948851338776790 0
1655948852340709674 0
1655948853342764191 0
1655948854344557662 0
1655948855346408417 0
1655948856348081465 0
1655948857349243358 0
1655948858350461792 2
1655948859351627160 10
1655948860352692769 10
1655948861353860129 8
1655948862355024952 10
1655948863356156792 10
1655948864357327139 8
1655948865358497962 10
1655948866359673864 10
1655948867360835984 9
1655948868361997979 9
1655948869363163558 10
1655948870364324137 10
1655948871365510222 8
1655948872366664803 10
1655948873367816303 10
1655948874368982116 8
1655948875370142354 10
1655948876371307399 10
1655948877371601052 9
1655948878372232722 9
1655948879373401434 10
1655948880374561440 10
1655948881375746334 9
1655948882376911757 9
1655948883377621286 10
1655948884378775152 10
1655948885379101037 8
1655948886380291305 10
1655948887381457504 10
1655948888382603678 9
1655948889383775202 9
1655948890384926606 10
1655948891386086522 10
1655948892387244328 8
1655948893388407025 10
1655948894389559035 10
1655948895390714180 9
1655948896391870570 9
1655948897393050388 10
1655948898393428730 10
1655948899394593163 9
1655948900395790424 9
1655948901396976665 10
1655948902398121880 10
1655948903398979684 9
1655948904400138253 9
1655948905401299838 10
1655948906402446254 10
1655948907403647975 8
1655948908404816233 10
1655948909405981130 10
1655948910407127306 9
1655948911408288194 9
1655948912420698330 10
1655948913421884042 10
1655948914423037115 9
1655948915424211336 9
1655948916424693100 10
1655948917425865829 10
1655948918427044470 9
1655948919428210209 9
1655948920429366771 10
1655948921430526716 9
1655948922431332019 9
1655948923432494015 10
1655948924432687109 10
1655948925433866134 8
1655948926435045467 10
1655948927436194180 10
1655948928436691547 8
1655948929437879724 10
1655948930439036464 10
1655948931440225313 10
1655948932440715193 8
1655948933441883761 10
1655948934443049041 10
1655948935444221719 8
1655948936445389178 10
1655948937446536207 10
1655948938447698950 8
1655948939448867555 10
1655948940450037277 10
1655948941451232109 10
1655948942452391144 8
1655948943453563017 10
1655948944454723721 10
