1655949556125675835 0
1655949557127640705 0
1655949558129481148 0
1655949559131404174 0
1655949560132707970 0
1655949561134623964 0
1655949562135793221 0
1655949563136971882 0
1655949564138137267 33
1655949565139301070 71
1655949566140452100 77
1655949567140730055 70
1655949568141913848 72
1655949569144064395 85
1655949570145217752 75
1655949571146374417 74
1655949572147522243 77
1655949573148670032 70
1655949574149823408 74
1655949575150966183 62
1655949576152117681 79
1655949577153273365 75
1655949578154471894 76
1655949579155612208 76
1655949580156832846 70
1655949581157984794 77
1655949582159133230 73
1655949583160322570 74
1655949584161489635 78
1655949585162653776 71
1655949586163815611 66
1655949587164969784 72
1655949588166121718 75
1655949589167282181 69
1655949590168439848 70
1655949591169611693 75
1655949592170784160 79
1655949593171945811 74
1655949594173109875 72
1655949595174274089 80
1655949596175424891 72
1655949597176614354 73
1655949598177777644 74
1655949599178933412 75
1655949600180087945 59
1655949601181404105 78
1655949602182629265 78
1655949603184217946 69
1655949604184718205 69
1655949605185908780 67
1655949606187083556 50
1655949607188273948 76
1655949608190032245 69
1655949609191195353 70
1655949610192382988 65
1655949611192679026 72
1655949612193847520 71
1655949613195131917 55
1655949614196961980 74
1655949615199396172 71
1655949616200641761 73
1655949617201829988 69
1655949618202998030 70
1655949619204174043 70
1655949620204736315 75
1655949621207407297 72
1655949622208688171 70
1655949623209851231 70
1655949624211036332 64
1655949625212209835 71
1655949626212670487 73
1655949627213815018 71
1655949628214957380 61
1655949629216104961 66
1655949630216780331 66
1655949631218463675 78
1655949632219631856 69
1655949633220779611 61
1655949634221927031 64
1655949635223134879 82
1655949636224697078 74
1655949637225857612 61
1655949638227120749 67
1655949639228309135 79
1655949640228687181 73
1655949641229842938 66
1655949642230985291 75
1655949643232134510 74
1655949644232678437 76
1655949645233826678 68
1655949646234977900 71
1655949647236156963 67
1655949648237304690 70
1655949649238453607 74
