1655349867957382604 0
1655349868962920913 0
1655349869964056965 0
1655349870965195904 0
1655349871966332194 0
1655349872967472095 0
1655349873968609129 0
1655349874968936039 0
1655349875970158613 0
1655349876971334481 0
1655349877972527235 0
1655349878973681546 0
1655349879974835494 0
1655349880975987498 0
1655349881977173079 0
1655349882977698289 0
1655349883978844479 0
1655349884979401334 0
1655349885980575371 0
1655349886981718892 0
1655349887982859875 0
1655349888984003684 0
1655349889985112673 0
1655349890986253126 0
1655349891987396546 0
1655349892988537972 0
1655349893989695407 0
1655349894990852918 0
1655349895992003251 0
1655349896993153997 0
1655349897994297388 0
1655349898994719727 0
1655349899995858806 0
1655349900996992895 0
1655349901998208050 0
1655349902998473093 0
1655349903999662625 23
1655349905000814376 24
1655349906001127541 24
1655349907002413377 21
1655349908003589372 25
1655349909004742020 26
1655349910005198185 27
1655349911006443713 24
1655349912007857734 24
1655349913008855758 20
1655349914010120850 24
1655349915011282548 26
1655349916011464670 23
1655349917012641990 21
1655349918013143994 25
1655349919013764768 26
1655349920014563374 26
1655349921015243021 26
1655349922017017427 22
1655349923018199240 25
1655349924020904655 24
1655349925021149365 26
1655349926021402182 25
1655349927022573870 25
1655349928022792102 21
1655349929025127907 23
1655349930026317326 24
1655349931027492398 24
1655349932029149352 25
1655349933030239864 27
1655349934031408621 25
1655349935031610540 25
1655349936032816633 26
1655349937034835965 21
1655349938035827848 25
1655349939037005507 25
1655349940037774684 23
1655349941038968815 25
1655349942039362217 25
1655349943040530608 21
1655349944041560024 22
1655349945041981381 24
1655349946043155251 26
1655349947044341508 25
1655349948045142733 26
1655349949046717237 24
1655349950048283163 26
1655349951049131292 25
1655349952050292116 24
1655349953051478397 23
1655349954051699803 25
1655349955052872853 25
1655349956054072929 24
1655349957055529060 25
1655349958056717897 25
1655349959057550428 25
1655349960058003456 26
1655349961058507927 24
1655349962059676245 18
1655349963061134526 26
1655349964062550366 25
1655349965063467322 26
1655349966064677766 28
1655349967065132247 22
1655349968065886816 21
1655349969066077875 24
1655349970067248156 23
1655349971068428100 25
1655349972069146474 26
1655349973070748512 24
1655349974071286525 22
1655349975074008027 23
1655349976074626015 28
1655349977075298014 20
1655349978077143942 25
1655349979078309538 26
1655349980078499547 24
1655349981079154260 26
1655349982079990899 24
1655349983081153220 26
1655349984082036379 24
1655349985082827522 25
1655349986084003694 25
1655349987085242960 22
1655349988085504137 22
1655349989086685435 24
1655349990087177546 25
1655349991087727936 26
1655349992089152111 25
1655349993090341190 19
1655349994091511180 0
1655349995092682025 0
1655349996093852310 0
1655349997095045953 0
1655349998096230616 0
