1619450363801510419 323
1619450363808705129 240
1619450363854998241 256
1619450363963236576 317
1619450363970727667 452
1619450363973184373 334
1619450364084072916 456
1619450364178028690 325
1619450364247101140 270
1619450364261733197 291
1619450364269167142 299
1619450364359530999 357
1619450364578788008 291
1619450364630851276 324
1619450364638508651 418
1619450364745437972 318
1619450364786738769 274
1619450364789136821 213
1619450364815761519 286
1619450364838073749 382
1619450364842937834 366
1619450364874901651 250
1619450364941220210 378
1619450364953526886 423
1619450364968140068 431
1619450364995251411 324
1619450365047083660 293
1619450365127591863 347
1619450365147232903 304
1619450365167904175 462
1619450365172683213 291
1619450365249370332 376
1619450365288610743 241
1619450365327883377 400
1619450365403774457 392
1619450365460653769 292
1619450365478225875 341
1619450365500502183 479
1619450365617633070 417
1619450365727032168 324
1619450365766440232 389
1619450365837515085 329
1619450365854683023 283
1619450365857174002 283
1619450365862168681 333
1619450365891857669 436
1619450365936652510 391
1619450365949323536 336
1619450366097501337 333
1619450366122725780 397
1619450366130235242 456
1619450366147489042 388
1619450366281795462 363
1619450366284162414 315
1619450366336262545 426
1619450366419567259 368
1619450366431904578 335
1619450366523300840 324
1619450366557423471 363
1619450366624794032 323
1619450366639709279 373
1619450366664916749 290
1619450366785766017 498
1619450366970240800 364
1619450366977576852 333
1619450366999615513 262
1619450367009392696 331
1619450367063589725 311
1619450367192776380 447
1619450367259074538 315
1619450367448893206 423
1619450367531895445 277
1619450367559305969 450
1619450367566759914 347
1619450367782360066 497
1619450367804576261 359
1619450367822110558 552
1619450367903619007 412
1619450368220737553 346
1619450368255374996 305
1619450368262814140 365
1619450368344358921 435
1619450368356547451 319
1619450368366431307 445
1619450368385995792 294
1619450368484565627 405
1619450368514380910 274
1619450368610502899 280
1619450368669870399 298
1619450368709221411 320
1619450368714123306 284
1619450368751085784 421
1619450368792756518 359
1619450368886127015 415
1619450368905955333 267
1619450368940812186 323
1619450369002640194 371
1619450369022344820 384
1619450369072216865 449
1619450369187541615 355
1619450369205062987 457
1619450369276727804 442
1619450369281622134 434
1619450369283959436 256
1619450369350766854 310
1619450369363301686 304
1619450369370815370 465
1619450369469684229 432
1619450369476911182 320
1619450369479449902 292
1619450369484430468 385
1619450369524019534 410
1619450369620612375 405
1619450369655497768 438
1619450369754240892 365
1619450369862671206 300
1619450369931271163 332
1619450370001782494 489
1619450370004161090 299
1619450370026394529 377
1619450370075336891 326
1619450370124927234 289
1619450370144817514 440
1619450370173133901 418
1619450370202568797 403
1619450370244579345 445
1619450370264222561 336
1619450370318531429 325
1619450370330841589 461
1619450370439666244 307
1619450370493752690 314
1619450370506308166 422
1619450370547884764 380
1619450370602071605 317
1619450370677610673 462
1619450370700299590 382
1619450370759899075 344
1619450370851069498 268
1619450370870587489 320
1619450370924408042 310
1619450371008149419 422
1619450371083960117 360
1619450371093431929 410
1619450371103367882 505
1619450371105782072 346
1619450371243882272 313
1619450371386998950 358
1619450371399497591 365
1619450371540128473 368
1619450371604789637 409
1619450371650557863 347
1619450371677685074 326
1619450371714859279 334
1619450371769607403 431
1619450371811414698 474
1619450371871631510 279
1619450371881280042 277
1619450372013822852 333
1619450372055815670 453
1619450372093317236 434
1619450372095796671 286
1619450372098402058 435
1619450372146955682 262
1619450372195676067 328
1619450372207922528 302
1619450372283462585 429
1619450372290882863 463
1619450372337760137 378
1619450372354422700 244
1619450372364276538 326
1619450372366637287 287
1619450372501705008 363
1619450372536263274 450
1619450372612855412 322
1619450372687838817 437
1619450372707978137 420
1619450372737152292 311
1619450372759738515 312
1619450372762322691 337
1619450372961334667 349
1619450373001865992 311
1619450373024414664 251
1619450373032071585 362
1619450373138745213 326
1619450373226995471 358
1619450373330298501 336
1619450373367322720 241
1619450373423879411 398
1619450373480012557 361
1619450373491970876 317
1619450373556121652 380
1619450373702222550 361
1619450373830850967 283
1619450373922381986 474
1619450374109399430 200
1619450374117577194 299
1619450374132396441 481
1619450374141843761 296
1619450374171462225 414
1619450374408441945 448
1619450374447227680 457
1619450374491115921 384
1619450374612603226 333
1619450374653057179 331
1619450374655560112 363
1619450374700260124 385
1619450374803059958 315
1619450374862667579 370
1619450374958848117 248
1619450374966632024 587
1619450374988883684 475
1619450374996112025 262
1619450375008400771 334
1619450375055123870 390
1619450375064799637 319
1619450375118937305 351
1619450375168430161 302
1619450375188184902 300
1619450375198013534 369
1619450375240089561 327
1619450375297384873 302
1619450375477066179 367
1619450375494245333 302
1619450375507025785 459
1619450375548837905 328
1619450375603214619 297
1619450375630685870 333
1619450375647961769 255
1619450375653275062 431
1619450375736928526 318
1619450375813768910 320
1619450375872713701 441
1619450375928979681 300
1619450375956024257 350
1619450375965800632 240
1619450375970738389 283
1619450375982937445 357
1619450376064534801 310
1619450376121614942 449
1619450376275094829 299
1619450376309874480 297
1619450376401127430 456
1619450376435670745 331
1619450376537228102 389
1619450376658218429 447
1619450376695356850 268
1619450376769711651 400
1619450376791996243 317
1619450376879138792 319
1619450376884154167 297
1619450377081867323 311
1619450377086800124 359
1619450377111753666 301
1619450377222706340 430
1619450377255096249 443
1619450377279690967 304
1619450377369070926 304
1619450377455073703 263
1619450377484852659 291
1619450377576777405 375
1619450377591521939 314
1619450377611450293 387
1619450377641332661 356
1619450377646503670 457
1619450377718659001 393
1619450377721056900 357
1619450377725883292 291
1619450377784916408 415
1619450377824814421 354
1619450377832364146 426
1619450377844950648 344
1619450377897453203 484
1619450377912344019 364
1619450377944771525 357
1619450378053487025 358
1619450378127689943 344
1619450378222655982 286
1619450378259607104 382
1619450378348661951 350
1619450378351051975 295
1619450378468339244 334
1619450378498343820 365
1619450378592147240 336
1619450378609600634 396
1619450378665595338 287
1619450378677765170 257
1619450378740988392 312
1619450378758286571 448
1619450378812576184 353
1619450378936036590 584
1619450379015141386 548
1619450379059458918 355
1619450379081774262 431
1619450379121157438 327
1619450379216694401 269
1619450379266014439 277
1619450379461259279 284
1619450379468791066 453
1619450379522659829 292
1619450379579418046 246
1619450379628636443 310
1619450379745007720 390
1619450379757216224 324
1619450379764657234 447
1619450379793996483 371
1619450379902298524 469
1619450379985371734 276
1619450380064390651 476
1619450380224060798 303
1619450380310767864 294
1619450380332929770 437
1619450380394595966 336
1619450380404498210 365
1619450380416678591 336
1619450380535662605 442
1619450380584746634 344
1619450380611932727 360
1619450380617808757 275
1619450380639967243 282
1619450380664751984 256
1619450380718671715 352
1619450380770673160 370
1619450380810712042 288
1619450380850113019 384
1619450380859815343 335
1619450380918819506 354
1619450380941117980 316
1619450380946303795 489
1619450381147442665 260
1619450381168228099 378
1619450381219877900 332
1619450381283658888 352
1619450381364385252 368
1619450381386495456 351
1619450381423300146 342
1619450381470412798 379
1619450381502444562 311
1619450381571296029 337
1619450381598800989 441
1619450381665516524 365
1619450381682769177 537
1619450381737033825 407
1619450381751829591 388
1619450381756774049 315
1619450381839720447 331
1619450381884672530 481
1619450381899615202 425
1619450382013622805 290
1619450382071790556 301
1619450382142677154 318
1619450382172985289 368
1619450382205119954 237
1619450382272351130 428
1619450382274921360 409
1619450382277387026 411
1619450382314752302 394
1619450382356349225 277
1619450382454818139 297
1619450382516216423 325
1619450382563491325 391
1619450382635185243 392
1619450382637579978 353
1619450382759464659 413
1619450382829326491 348
1619450382841817831 308
1619450382896697935 345
1619450382906894557 528
1619450382919285458 476
1619450382934109944 324
1619450382941681628 399
1619450382966485824 315
1619450383050640086 463
1619450383060663990 376
1619450383073039075 482
1619450383085295344 357
1619450383137937081 369
1619450383262024306 255
1619450383269359056 308
1619450383314378076 356
1619450383319453335 305
1619450383361784570 358
1619450383493866353 332
1619450383550956703 364
1619450383635254486 426
1619450383670036163 284
1619450383704735793 375
1619450383758834851 261
1619450383812089233 229
1619450383858901582 347
1619450383898370551 484
1619450383925599307 280
1619450384011808435 321
1619450384043807741 345
1619450384142869295 363
1619450384155827091 345
1619450384265288729 401
1619450384334571991 551
1619450384422418182 318
1619450384543153283 354
1619450384575340539 399
1619450384577798243 411
1619450384635236040 333
1619450384766055218 325
1619450384906587930 403
1619450384923708224 384
1619450384960467749 335
1619450384977561342 262
1619450385053277039 340
1619450385068041003 361
1619450385070646130 400
1619450385072987192 255
1619450385150842784 405
1619450385180464521 354
1619450385185411632 345
1619450385207885002 392
1619450385259455360 299
1619450385322920959 332
1619450385469526990 322
1619450385488946922 264
1619450385533559271 405
1619450385567893700 425
1619450385609819732 367
1619450385857493653 277
1619450385874499872 294
1619450385884401923 498
1619450386024442034 468
1619450386029361300 417
1619450386034308517 447
1619450386056469920 356
1619450386075972160 433
1619450386090587329 288
1619450386093058022 260
1619450386095650481 436
1619450386139615758 231
1619450386219774542 296
1619450386297794123 409
1619450386389141302 353
1619450386391542043 335
1619450386403799868 317
1619450386433439296 404
1619450386448314461 426
1619450386538509376 316
1619450386599762755 329
1619450386632611059 417
1619450386642329545 307
1619450386729724469 283
1619450386756891694 426
1619450386764226181 363
1619450386788798937 289
1619450386801408773 442
1619450386855705703 343
1619450386858259187 498
1619450386887861590 350
1619450386907661286 348
1619450386912634190 280
1619450386947128763 322
1619450387008755408 347
1619450387120172238 286
1619450387202169693 327
1619450387232007504 370
1619450387256678974 325
1619450387266422769 321
1619450387318107804 347
1619450387364808732 380
1619450387480017983 293
1619450387504545498 343
1619450387548546835 458
1619450387650812225 400
1619450387749387629 362
1619450387808266389 372
1619450387855194879 478
1619450387879820700 391
1619450387892085842 260
1619450387911902138 345
1619450387936161597 375
1619450387953142941 391
1619450387970211021 343
1619450387997018174 396
1619450388083145753 290
1619450388105366715 277
1619450388274941685 337
1619450388299146998 282
1619450388346119326 407
1619450388363409249 431
1619450388404860738 345
1619450388419245621 307
1619450388426576744 310
1619450388439087800 372
1619450388478143109 359
1619450388505229624 356
1619450388635254622 316
1619450388645394703 415
1619450388678076006 274
1619450388695458231 395
1619450388774039245 287
1619450388781282818 303
1619450388887668400 358
1619450388946779438 333
1619450388979022244 378
1619450389096905436 308
1619450389133959381 357
1619450389143666846 331
1619450389244538069 392
1619450389305884815 354
1619450389315710301 287
1619450389323109168 329
1619450389327801579 262
1619450389379135050 289
1619450389426141977 272
1619450389431082197 304
1619450389435982453 305
1619450389438507808 371
1619450389448437024 296
1619450389468304065 314
1619450389502962664 319
1619450389525509044 309
1619450389530600414 483
1619450389552756037 499
1619450389594541668 351
1619450389648436364 358
1619450389663233138 337
1619450389719757473 477
1619450389762025426 332
1619450389828517414 361
1619450389853638589 364
1619450389873425311 381
1619450389885846280 265
1619450389916051816 476
1619450389980417663 390
1619450390024900042 325
1619450390027517867 400
1619450390082511961 288
1619450390104668655 328
1619450390144775265 325
1619450390175209499 312
1619450390340302976 290
1619450390376854271 277
1619450390403944524 356
1619450390455845378 398
1619450390463175477 322
1619450390495180944 338
1619450390507558772 424
1619450390554221763 350
1619450390561686844 367
1619450390568904954 333
1619450390654384076 246
1619450390757629686 241
1619450390826299836 296
1619450390831375095 388
1619450390877823222 255
1619450390904776454 317
1619450390963769472 289
1619450391097091214 383
1619450391197573719 348
1619450391207589360 369
1619450391232062973 396
1619450391276266088 300
1619450391330493351 330
1619450391355129384 317
1619450391406871599 382
1619450391419405233 338
1619450391478522782 308
1619450391502962299 252
1619450391608049600 270
1619450391637521209 287
1619450391677317245 381
1619450391846428526 251
1619450391860881681 308
1619450391882511202 443
1619450391897019635 311
1619450391953045489 257
1619450392167477175 277
1619450392249140356 308
1619450392273603277 221
1619450392298192926 277
1619450392380397854 214
1619450392392427569 248
1619450392493521134 398
1619450392596595838 382
1619450392675444898 289
1619450392719664292 378
1619450392724778668 524
1619450392744625600 343
1619450392759279850 473
1619450392798310665 258
1619450392808164207 369
1619450392872095049 284
1619450392886935958 352
1619450392943491048 357
1619450392960362362 259
1619450392987334436 264
1619450393048008740 233
1619450393121409856 252
1619450393204986097 323
1619450393244855007 340
1619450393262446120 407
1619450393298243795 407
1619450393320154326 315
1619450393411200937 311
1619450393457613217 463
1619450393508934390 340
1619450393563150069 455
1619450393582543028 342
1619450393602190458 444
1619450393631342233 390
1619450393641169881 387
1619450393706253564 453
1619450393725728717 339
1619450393750286222 234
1619450393767044320 327
1619450393771941673 384
1619450393853957057 284
1619450393856456869 307
1619450393900537096 269
1619450393927567223 366
1619450393957264813 351
1619450393959837265 284
1619450393994154151 282
1619450394050201694 388
1619450394077260745 378
1619450394116146706 353
1619450394128362061 436
1619450394164348443 278
1619450394166841464 278
1619450394184464521 378
1619450394199623910 397
1619450394231515145 351
1619450394297235379 342
1619450394311838910 234
1619450394324032344 222
1619450394343637974 298
1619450394585998963 284
1619450394671787406 420
1619450394689170546 352
1619450394753167381 316
1619450394792169649 253
1619450394853717938 302
1619450394925500306 485
1619450395006968539 372
1619450395110752274 454
1619450395162775832 389
1619450395377965689 389
1619450395400343912 291
1619450395427736120 456
1619450395437608430 396
1619450395608730410 340
1619450395638403185 461
1619450395739971187 337
1619450395781732670 416
1619450395860529023 247
1619450395921745743 361
1619450395926536731 376
1619450395936243364 335
1619450395945965510 257
1619450395968176628 441
1619450396047028400 470
1619450396138376720 319
1619450396165988647 381
1619450396180823863 307
1619450396218731128 475
1619450396226064747 279
1619450396233586653 496
1619450396285110901 311
1619450396302508373 356
1619450396351370211 428
1619450396390873727 375
1619450396395784617 316
1619450396410698613 320
1619450396427908698 273
1619450396432959061 446
1619450396435361043 365
1619450396479865559 468
1619450396492129664 439
1619450396529165511 374
1619450396551459604 277
1619450396661107739 482
1619450396740289620 489
1619450396919170811 350
1619450396996456544 327
1619450397038468896 396
1619450397073262965 558
1619450397090649673 465
1619450397105310421 315
1619450397165492789 365
1619450397168084508 412
1619450397268861229 454
1619450397283797344 354
1619450397291188537 325
1619450397293760713 360
1619450397321105553 421
1619450397343371996 343
1619450397355918787 326
1619450397427937895 355
1619450397469911482 296
1619450397502166948 336
1619450397537373118 439
1619450397625049776 284
1619450397710318376 323
1619450397749993666 318
1619450397786774637 353
1619450397820672608 307
1619450397838239249 432
1619450397961899029 276
1619450398029316173 367
1619450398041593523 299
1619450398105521559 324
1619450398160995736 430
1619450398240445187 362
1619450398260339023 523
1619450398299659909 359
1619450398356076550 381
1619450398424949439 295
1619450398489438020 371
1619450398558574852 489
1619450398646992866 315
1619450398659219935 304
1619450398678646599 249
1619450398712890378 412
1619450398827869620 356
1619450398894634937 427
1619450398906944724 380
1619450398916808925 383
1619450398946176054 406
1619450398948545226 341
1619450399002880828 454
1619450399032522368 256
1619450399109368927 429
1619450399156486346 451
1619450399205910441 255
1619450399242793693 319
1619450399272404419 327
1619450399284895832 396
1619450399326887648 355
1619450399477577037 392
1619450399672796283 355
1619450399702576329 334
1619450399770285104 357
1619450399780117334 318
1619450399834768483 332
1619450399844531667 249
1619450399889205295 339
1619450399904198833 415
1619450399928841537 346
1619450399931334895 443
1619450399963734026 395
1619450399993489196 274
1619450400018511457 383
1619450400035624320 316
1619450400057916067 330
1619450400113049738 311
1619450400200457189 436
1619450400210415728 490
1619450400212850615 352
1619450400255426634 359
1619450400312678164 339
1619450400391381621 370
1619450400463212175 531
1619450400478257910 509
1619450400647221514 334
1619450400659550783 320
1619450400691826696 328
1619450400811758529 394
1619450400855554699 354
1619450400929267317 377
1619450401031140449 321
1619450401142632895 331
1619450401153649900 406
1619450401279448928 273
1619450401286645079 315
1619450401304141123 424
1619450401366209951 313
1619450401453003675 337
1619450401525695252 346
1619450401630528766 436
1619450401756252770 252
1619450401812641797 233
1619450401832447230 334
1619450401969512303 300
1619450401986781619 343
1619450402005968917 237
1619450402025574887 338
1619450402055686300 275
1619450402085211121 296
1619450402308556740 446
1619450402362984725 322
1619450402459836304 377
1619450402497195861 307
1619450402502227186 345
1619450402556480073 370
1619450402588691644 371
1619450402636047094 309
1619450402655936127 332
1619450402720483117 334
1619450402727907177 377
1619450402750273209 430
1619450402762723621 316
1619450402864446944 319
1619450402867076192 417
1619450402876840521 332
1619450402935645197 239
1619450402962871508 365
1619450403004974862 360
1619450403030012034 312
1619450403052582319 299
1619450403069941314 373
1619450403072399098 371
1619450403094421235 313
1619450403116584544 615
1619450403128600850 314
1619450403145795016 292
1619450403173055769 362
1619450403182837231 335
1619450403212425659 273
1619450403249369878 259
1619450403271392461 245
1619450403288465922 212
1619450403381111439 427
1619450403425117782 291
1619450403498184694 384
1619450403535183062 371
1619450403542678675 289
1619450403622697053 365
1619450403707579523 310
1619450403776465670 403
1619450403778899934 406
1619450403811161380 405
1619450403818464628 257
1619450403835868849 492
1619450403924607834 390
1619450403937084634 317
1619450403956632811 352
1619450403959302038 463
1619450404020798840 245
1619450404070195814 326
1619450404080255286 394
1619450404120638319 429
1619450404151170547 442
1619450404222965320 380
1619450404364613709 288
1619450404461286711 280
1619450404476445216 369
1619450404550303770 382
1619450404569414884 281
1619450404586573849 231
1619450404707404104 328
1619450404727249494 398
1619450404844458161 331
1619450404859260590 343
1619450405001678491 330
1619450405023585862 291
1619450405045760427 338
1619450405072884079 382
1619450405105239360 320
1619450405321534230 314
1619450405341002909 328
1619450405521212983 394
1619450405528449718 304
1619450405560199989 338
1619450405622981962 338
1619450405635398146 415
1619450405642710711 309
1619450405735642955 307
1619450405738235468 408
1619450405768291110 370
1619450405936666688 254
1619450405995583567 332
1619450406103113951 355
1619450406144955016 227
1619450406235355449 277
1619450406250035896 310
1619450406269715809 258
1619450406277237915 305
1619450406299554044 439
1619450406329116542 326
1619450406376052348 284
1619450406464184775 364
1619450406481420095 347
1619450406602563378 333
1619450406627893795 378
1619450406665561170 266
1619450406756714096 354
1619450406759100989 293
1619450406822469888 306
1619450406896849559 366
1619450406928772369 320
1619450406943456267 362
1619450407074334212 333
1619450407284959329 291
1619450407409132771 414
1619450407413987556 316
1619450407421596202 474
1619450407513177959 548
1619450407579840532 308
1619450407587119649 270
1619450407656065462 312
1619450407675843340 429
1619450407754329694 334
1619450407865679515 414
1619450407931981656 245
1619450408023576984 422
1619450408052802888 388
1619450408118826840 369
1619450408126244766 338
1619450408133677417 318
1619450408202231238 323
1619450408315536684 398
1619450408462209810 383
1619450408555969375 306
1619450408588182642 272
1619450408590522190 302
1619450408632656941 341
1619450408669446058 278
1619450408711504754 328
1619450408795381877 326
1619450408864627733 385
1619450408913913276 419
1619450408933802990 366
1619450408958675005 285
1619450408983638256 369
1619450409006306360 340
1619450409049873494 438
1619450409067080415 341
1619450409077098630 326
1619450409210783768 316
1619450409265745798 448
1619450409305252923 288
1619450409359706042 278
1619450409374760110 430
1619450409401739319 366
1619450409426317155 296
1619450409436238242 374
1619450409473214745 483
1619450409504756135 402
1619450409591947192 466
1619450409670824891 328
1619450409680870494 491
1619450409717555377 258
1619450409744182905 240
1619450409778484417 339
1619450410004270370 396
1619450410023963074 317
1619450410086417624 345
1619450410123219226 327
1619450410202839483 351
1619450410274515601 255
1619450410296704934 370
1619450410364095702 312
1619450410399828273 217
1619450410421899787 320
1619450410441944549 476
1619450410454123550 388
1619450410503194492 382
1619450410567008422 336
1619450410581855915 326
1619450410591837114 345
1619450410697773710 442
1619450410806004626 348
1619450410867909250 278
1619450410870335330 285
1619450410887558226 359
1619450410969238622 380
1619450411001193606 325
1619450411018518032 322
1619450411038437821 417
1619450411058257181 482
1619450411063227649 399
1619450411177729714 319
1619450411180219502 223
1619450411217219358 274
1619450411227236318 370
1619450411232328199 494
1619450411239902316 510
1619450411337953841 277
1619450411422002943 239
1619450411424562744 342
1619450411446908607 458
1619450411489047496 404
1619450411518707009 367
1619450411523706331 398
1619450411538552656 338
1619450411578052045 338
1619450411648255943 348
1619450411707521798 391
1619450411717456861 498
1619450411918725006 319
1619450411928624190 318
1619450412100081816 440
1619450412125575388 266
1619450412195919582 352
1619450412280260382 329
1619450412300052751 361
1619450412332420971 357
1619450412366879757 404
1619450412379241758 339
1619450412458011613 374
1619450412500316550 333
1619450412545408560 404
1619450412578105945 446
1619450412595269636 279
1619450412645226654 325
1619450412685492606 239
1619450412705329659 272
1619450412776991838 325
1619450412804247409 283
1619450412831136461 371
1619450412833567003 311
1619450412845808149 314
1619450412870440165 315
1619450412892385823 299
1619450412986462437 353
1619450413041301236 334
1619450413056083285 419
1619450413115689368 1279
1619450413140385024 426
1619450413191372488 337
1619450413220990766 377
1619450413322600060 302
1619450413325029915 268
1619450413335139351 446
1619450413337585709 405
1619450413438990296 333
1619450413493540050 375
1619450413503451535 292
1619450413558217557 388
1619450413600163887 382
1619450413615632023 921
1619450413620535173 269
1619450413680817775 478
1619450413703129976 336
1619450413715413253 336
1619450413779341642 322
1619450413799057642 397
1619450413858143586 374
1619450414021087263 381
1619450414112446701 273
1619450414170948123 350
1619450414183439453 324
1619450414193425477 414
1619450414213340847 447
1619450414228118017 357
1619450414294949298 385
1619450414337261647 442
1619450414349779538 500
1619450414429112408 427
1619450414436637441 417
1619450414474039946 332
1619450414501758487 417
1619450414563439810 411
1619450414807155225 453
1619450414834335261 295
1619450414925346305 310
1619450414927948048 396
1619450414968214625 544
1619450415067393388 459
1619450415079955176 443
1619450415087384876 406
1619450415153747201 283
1619450415240919160 459
1619450415350139283 302
1619450415447245112 312
1619450415476524440 408
1619450415553987066 365
1619450415606293774 387
1619450415737732455 375
1619450415740373924 446
1619450415792204045 364
1619450415799547386 269
1619450415802134702 374
1619450415854271094 366
1619450415861758731 372
1619450415891142589 294
1619450415893752632 408
1619450415901142316 367
1619450415928134761 295
1619450415933009609 368
1619450415980497058 418
1619450415983112724 355
1619450416025283179 511
1619450416086450274 293
1619450416237393283 321
1619450416277092940 412
1619450416281924452 324
1619450416313991941 278
1619450416401705751 282
1619450416414026908 483
1619450416503453511 370
1619450416530748554 308
1619450416570643469 420
1619450416595684826 403
1619450416663490807 454
1619450416707554651 344
1619450416771697733 400
1619450416776518768 274
1619450416915397083 437
1619450416927739859 495
1619450416977148811 330
1619450416997044432 382
1619450416999459867 378
1619450417021541993 290
1619450417054020727 379
1619450417073499298 284
1619450417110373627 394
1619450417118266931 374
1619450417135536251 400
1619450417158503243 458
1619450417265142086 314
1619450417359840910 336
1619450417389661802 329
1619450417392254318 354
1619450417401883966 309
1619450417528282614 393
1619450417763083889 398
1619450417850730137 401
1619450418153654382 293
1619450418161075092 295
1619450418203346625 299
1619450418208319609 376
1619450418213125624 255
1619450418288362774 434
1619450418338213669 361
1619450418383357620 403
1619450418410355144 313
1619450418437913884 467
1619450418519746084 471
1619450418539585193 467
1619450418559583338 405
1619450418564333209 306
1619450418571640912 268
1619450418682789640 319
1619450418748974087 281
1619450418756407475 424
1619450418795500867 271
1619450418805391338 311
1619450418817774250 372
1619450418820176346 321
1619450418936216684 363
1619450419027145426 332
1619450419074037498 386
1619450419118225080 389
1619450419140456057 418
1619450419170678362 306
1619450419229903851 376
1619450419384125330 503
1619450419478547894 293
1619450419481014418 373
1619450419492910769 312
1619450419534304468 405
1619450419573658750 362
1619450419588412646 381
1619450419593420844 372
1619450419630551495 455
1619450419851290045 361
1619450419878365141 375
1619450419913020879 406
1619450419952271101 310
1619450420021684261 353
1619450420073409444 246
1619450420088066199 275
1619450420122962353 206
1619450420138063449 419
1619450420222439028 324
1619450420252136691 306
1619450420354423629 243
1619450420384013870 425
1619450420470432355 341
1619450420475414630 395
1619450420520041318 395
1619450420532600416 267
1619450420540030880 290
1619450420590063902 506
1619450420705701086 379
1619450420765096054 305
1619450420884226908 366
1619450421020696285 291
1619450421079966596 328
1619450421092271991 327
1619450421097311989 458
1619450421099721271 307
1619450421124147677 331
1619450421225327560 302
1619450421230381010 397
1619450421318648902 383
1619450421358408538 334
1619450421390219449 287
1619450421449106002 431
1619450421575282344 412
1619450421609990382 485
1619450421618419800 475
1619450421640807015 334
1619450421643267439 268
1619450421648321770 392
1619450421668661887 398
1619450421715538873 472
1619450421746919893 275
1619450421824274989 254
1619450421890142845 317
1619450422034774700 394
1619450422044533563 395
1619450422066676943 460
1619450422180662178 281
1619450422185787037 476
1619450422242607647 281
1619450422339269693 408
1619450422383704851 416
1619450422485008273 351
1619450422678411269 353
1619450422766958614 359
1619450422786733475 457
1619450422855491537 366
1619450422860386481 356
1619450422917391159 334
1619450422989176414 286
1619450423060823513 300
1619450423158408402 484
1619450423165669239 307
1619450423205620195 396
1619450423220326093 319
1619450423326646300 388
1619450423410562639 428
1619450423412908878 242
1619450423447034596 358
1619450423449437544 361
1619450423479110613 397
1619450423486499543 373
1619450423542598554 450
1619450423569584375 337
1619450423591851248 327
1619450423618891244 415
1619450423671123449 262
1619450423673612395 383
1619450423680956320 307
1619450423693110299 247
