1654401373150615397 296118608
1654401373364732880 212177458
1654401374849496342 183887219
1654401375549940213 300808846
1654401376970437042 321378969
1654401378459747420 109592562
1654401380149526506 271635601
1654401380749664154 577082289
1654401380949427983 180929380
1654401383151012783 286611595
1654401385549473301 379223425
1654401387660280358 399854897
1654401389354635844 582207675
1654401389960276212 295440505
1654401391865061976 392952556
1654401395350080247 390995426
1654401396749603226 390674177
1654401398171356167 322154547
1654401400656036894 399905378
1654401402152261729 184665158
1654401403649411576 193925928
1654401404349707361 585444784
1654401405755748000 288985270
1654401407349559341 196793881
1654401408759708550 401894838
1654401410549464505 595306667
1654401412350033768 490957726
1654401413760211101 195069621
1654401416649884417 194407372
1654401417064065576 408415498
1654401418949398108 200023602
1654401420365185125 300282890
1654401420674558961 215131276
1654401422364829770 407874210
1654401423954898084 280510912
1654401424558737962 592997846
1654401425149961346 490651646
1654401425349524817 197535538
1654401427849540643 576862029
1654401431850015594 280328923
1654401432350952331 495158819
1654401434149451883 180487610
1654401435555177158 204500799
1654401437554315948 180413366
1654401439171224974 214124963
1654401441249436424 198536335
1654401442749572269 292216476
1654401444749963151 800800587
1654401445054707096 283708367
1654401446769798522 303207460
1654401450850031232 376582444
1654401452550031060 201185417
1654401453775709974 299087695
1654401456080435174 606230307
1654401457449621142 194934690
1654401457660573113 195123038
1654401458459749443 495264516
1654401459949645010 298155660
1654401461856817516 488403417
1654401465254912773 405795100
1654401465471488544 122382804
1654401468566009070 186138280
1654401470249516616 188622518
1654401475159418530 210257492
1654401479149555420 93130572
1654401480054807408 485339785
1654401481159898168 289565080
1654401482249416289 187792910
1654401484159951520 394379275
1654401484555177449 389640614
1654401486349973161 400471390
1654401488154962936 286760790
1654401489849607165 396787823
1654401491755682507 499627921
1654401493959762333 598633422
1654401494149466480 179038563
1654401494377573491 217331832
1654401495762770835 297494855
1654401497349628369 580295988
1654401499349691751 194971366
1654401501749602402 294126168
1654401502264573213 305831859
1654401504573612547 224350368
1654401506449498510 92479734
