1654401372351171514 173090250
1654401373769755219 220538902
1654401374049955661 200920165
1654401375853812370 199959475
1654401377574676700 315375652
1654401379449913353 197606688
1654401381751521535 680601204
1654401384976318286 301955254
1654401385370215723 205888398
1654401389349674209 685080972
1654401392849961057 200096297
1654401394249426896 278596680
1654401395556129703 289603146
1654401397256474389 283226600
1654401399250967374 501860908
1654401400549413515 375120070
1654401402553279152 482478966
1654401404249594645 371605932
1654401406076564826 317200372
1654401407349652286 275053461
1654401411149780903 288920778
1654401413451671779 397340739
1654401415258969916 198290032
1654401418849844281 173149448
1654401420849684092 192298792
1654401421349609048 382110325
1654401423150203220 581213215
1654401424368542187 119493541
1654401424754686611 290227221
1654401426049463498 183689529
1654401427856943590 196962347
1654401429549494999 369740783
1654401432054601000 382764019
1654401434065650159 603381500
1654401435549683107 383890412
1654401437161758360 282431915
1654401438457565744 198069662
1654401440349507298 589958432
1654401441569933512 304578089
1654401443253778702 379271749
1654401443755573643 200434357
1654401444749879224 181653008
1654401446549418043 282010813
1654401448054475897 189406158
1654401448467552403 397245507
1654401450257203346 282392900
1654401452170565008 409978560
1654401453754431447 279960136
1654401454165793480 116845641
1654401455949695376 376349704
1654401458049546580 377476889
1654401458252992540 188956275
1654401458556173094 285554011
1654401460154638851 190926180
1654401461770381826 309445905
1654401463351380710 280574978
1654401467063826241 394198166
1654401468655210656 472687524
1654401470658183029 399819371
1654401472555060841 276904992
1654401474249652295 300233491
1654401475954701230 384901347
1654401477768356479 213989334
1654401480051020421 195557792
1654401481968650005 297957294
1654401483854498706 388406142
1654401485450088677 477428790
1654401487354806494 286139852
1654401489249537744 378052874
1654401491051070112 480718873
1654401491265190856 208441441
1654401491665920374 314118677
1654401493866693525 211506056
1654401495049787416 287953554
1654401496965120548 387714719
1654401502262731224 96955500
1654401503949981416 199826283
1654401506083536022 618896909
1654401507849531637 378030779
1654401508156436258 207212836
1654401509924926350 176086245
