1654479417614494705;121793891
1654479419206014629;395930538
1654479420908413946;408908759
1654479423893384520;600145843
1654479426393488656;374703458
1654479428302208912;408328484
1654479428512181233;209375747
1654479432808555218;110216780
1654479433104709779;285065686
1654479433710064771;603504177
1654479435393714033;392680511
1654479435693414598;293196483
1654479438209770948;310161846
1654479438893382189;285989986
1654479438995407657;100819496
1654479439093645331;97282903
1654479439297320658;198288883
1654479439717674971;419595311
1654479439897582928;178543658
1654479440109208547;201686522
1654479442110328129;392251304
1654479442293269397;182361306
1654479444010206043;787552544
1654479445222339739;202637400
1654479448912927345;211531835
1654479449093394108;171505244
1654479449606914239;508963747
1654479449918025223;199521424
1654479450095211912;170836105
1654479450121597770;22208076
1654479450296746413;98054838
1654479451198382810;390203967
1654479453499086721;388554555
1654479454399669295;890269644
1654479455811987852;305993840
1654479456106444616;294012032
1654479458309986485;393813668
1654479459820846957;501512778
1654479460013565288;191785347
1654479461516430891;223793399
1654479463193476410;281681407
1654479463517050708;123779391
1654479465799077257;297069910
1654479467320912071;218407419
1654479468995429527;274280399
1654479470493262616;382707491
1654479472493312330;389414710
1654479472614195296;103447614
1654479474701319414;586297286
1654479475108063826;406082776
1654479476895728797;290778906
1654479477304470740;408267920
1654479477607754887;302146944
1654479479093602481;289151034
1654479481293282704;477650390
1654479482799484479;290930052
1654479482917094336;110657646
1654479484293358073;82229025
1654479486594418421;190345137
1654479488296004093;186581832
1654479489901990964;199143363
1654479491409175011;108467788
1654479491593322825;96352679
1654479493400140847;292917353
1654479493695776261;294944351
1654479495217851227;322620226
1654479497217230974;324546414
1654479498796493837;201019681
1654479500599241868;184702672
1654479501011967987;118813115
1654479501393303796;197826227
1654479501893476954;492144027
1654479502093679847;187615328
1654479502218063662;123635572
1654479503708796382;294492167
1654479505117235157;419513757
1654479506893302508;398477228
1654479509107710502;598276782
1654479510713225862;107913435
1654479513105602898;196053060
1654479513402746191;109774103
1654479515893354322;271769337
1654479516302989667;303175687
1654479516904314023;211634012
1654479518393311903;179522128
1654479521016899148;1097000807
1654479522812243087;293749698
1654479523008268621;194687069
1654479524493360410;284987778
1654479526021217678;110385716
1654479527502037950;180829692
1654479527799974318;293689177
1654479528395536360;572281953
1654479530019636731;308265725
1654479530399088290;286833093
1654479530706564186;191200959
1654479531011965370;304308650
1654479531702362697;599557174
1654479532001064611;183156394
1654479532903300773;310221191
1654479534306196351;207906902
1654479536217215135;299781190
1654479539010990454;791755687
1654479539321875039;310143487
1654479539593454014;185678150
1654479541200036681;206923902
1654479543706710419;298230068
1654479543900067254;191773808
1654479545300050760;201389635
1654479547814029523;598643649
1654479547995019730;180009085
1654479548599128934;378632034
1654479549305634299;398733491
1654479550697077432;202316244
1654479550821261099;122933949
1654479550998575510;176957284
1654479551293785000;294343309
1654479551693366538;398332905
1654479554200039439;402478073
1654479554798695460;299823223
1654479555298182783;498737269
1654479557521365158;276911269
1654479559422276008;509819947
1654479561519285137;503197563
1654479563812234766;203188140
1654479564393729308;392044568
1654479564711960318;310135901
1654479566616988338;217598654
1654479567008726658;187374699
1654479567393413942;383564486
1654479568804091073;191240195
1654479569293339769;488169071
1654479571400045775;279332457
1654479573202298360;499248326
1654479575121930133;122545834
1654479575593318142;199560927
1654479577213911332;187278931
1654479577298567119;83469415
1654479577614237689;304122980
1654479579417181004;119555175
1654479581617063089;296170161
1654479583716035250;216912329
1654479584004747220;95121339
1654479585907301814;405008558
1654479586213001255;304909749
1654479588214204580;100898495
1654479590998411518;486369985
1654479593800633522;881280353
1654479594015103321;213815388
1654479595511047536;292166373
1654479595808902226;297043801
1654479597908586898;115840959
1654479598221718912;311880781
1654479600193665472;97402914
1654479601809134969;311152442
1654479602909375218;203883769
1654479603702722792;792598189
1654479604015183302;311858691
1654479606121157506;124242622
1654479606593350646;399700541
1654479607432892452;39114356
1654479609816575582;210256556
1654479610393399914;569681510
1654479610602855663;208596981
1654479610812879232;202664736
1654479612708356117;493352577
1654479612994083673;284717056
1654479613293287755;283760952
1654479615494362168;174890075
1654479615699526334;188321874
1654479615811030089;89882841
1654479616216647012;198308183
1654479618522281760;500668053
1654479620114267740;111972049
1654479622215090366;102208001
1654479624113476072;513904745
1654479626212592657;304485534
1654479626403576170;185613784
1654479626926760267;522456604
1654479628515499004;109134889
1654479631007612714;289093141
1654479631214963865;206573914
1654479631593290696;376953548
1654479634119972416;224231096
1654479635617535463;301355254
1654479636007540968;385611473
1654479638110410213;202968688
1654479640010603364;400816861
1654479641695833744;192022409
1654479641906123502;109406098
1654479642103702731;184387088
1654479642431760775;320457773
1654479644201979434;290371552
1654479645901463069;184552700
1654479646301177729;186752908
1654479648220961301;219449910
1654479649812741627;290241018
1654479651618010726;224382950
1654479653111991865;208241605
1654479654793315521;100130048
1654479658293192284;194072584
1654479660511284387;110696892
1654479662314286923;121431322
1654479663700046750;297647132
1654479665393341518;473691376
1654479665693597503;299406089
1654479667313969980;291967976
1654479669393395620;285803583
1654479670502209994;304346904
1654479670616148113;113164048
1654479672814189681;410942641
1654479672997127050;182099372
1654479674519433666;216183132
1654479676509011537;204381549
1654479679093558482;400314905
1654479679396268329;279652198
1654479681402007855;292330180
1654479683293323265;291946489
1654479684115882611;605988527
1654479684293254357;174239702
1654479684702880384;402634615
1654479685601952714;386444469
1654479687317864038;408499400
1654479689298663253;193321392
1654479690021188507;221410807
1654479690593285218;399755566
1654479692094055437;273716921
1654479692196495776;98346261
1654479694321583834;303170118
1654479695920549219;299618003
1654479696216263169;197140312
1654479698011784557;312205312
1654479699814090203;299959668
1654479701421303651;115896713
1654479703523679547;330326535
1654479703893406782;369154771
1654479704110873705;216781859
1654479704796231005;684813775
1654479705118068619;320597440
1654479706495286257;199680488
1654479708018686247;117657878
1654479709493688915;94628854
1654479711295460122;297094032
1654479711512900464;120299313
1654479711911925621;200715760
1654479712519611304;509177243
1654479712901896168;286418916
