1654476806121712962 113788390
1654476806298192210 175838373
1654476806393098553 89009091
1654476806833036695 32733774
1654476807613404637 195866290
1654476808195578653 90352715
1654476808703702147 88047248
1654476809193784742 277092566
1654476809222469428 22566138
1654476809393183513 169411520
1654476809898318491 280451790
1654476810600721723 184423942
1654476810712161143 110690450
1654476811010893617 94176870
1654476811212568729 201234725
1654476811309802069 96303408
1654476811998547168 204325295
1654476812208118123 208973330
1654476812598567293 291295604
1654476813193096901 197015779
1654476813302882003 96897329
1654476813406879465 103251929
1654476813510251393 101560183
1654476814597652405 292667910
1654476814809742940 205486219
1654476814914695169 104364628
1654476816003056527 190278007
1654476816493353661 81364269
1654476817213571077 97043210
1654476817593377665 100776909
1654476818112823110 192316907
1654476818717831306 208256761
1654476818822747317 104368755
1654476818901119786 77837654
1654476819001849313 100392784
1654476819299100512 101481209
1654476820294063230 94712585
1654476820418033980 123126879
1654476820516461128 97661916
1654476820605874106 12173536
1654476820625435926 18594729
1654476820798386846 172458216
1654476820994094087 195194845
1654476821093464901 90615621
1654476821196200711 93781449
1654476821693359542 173755303
1654476822213321904 298923822
1654476822230291176 16571169
1654476822705099682 112383268
1654476823097905817 90931282
1654476823219906708 118743416
1654476824303865936 187779717
1654476824393152972 88119320
1654476825016036621 112884759
1654476825034068776 17037302
1654476825693531700 185213351
1654476825803302322 109099213
1654476825994208714 173579983
1654476826093879480 98059233
1654476826192390375 88588536
1654476826494525593 178425924
1654476826843604366 51058182
1654476826893069159 49021816
1654476827606610957 104716321
1654476827793077827 176428284
1654476827816051237 22185567
1654476827840579621 23971492
1654476828518595409 113958087
1654476829408171705 197115403
1654476829998048008 284699032
1654476830392442747 99904339
1654476831093202702 196481062
1654476831693367446 179678344
1654476831803620425 109486636
1654476832301682759 185886930
1654476832394275387 78456096
1654476832593187323 198338457
1654476832694069683 92599189
1654476832807682576 89685790
1654476833321505477 28966594
1654476833513413540 190803379
1654476833720205675 115176380
1654476833931734828 23566516
1654476834593054625 200515823
1654476834623612242 29469173
1654476834796144276 171602944
1654476835007677204 115036886
1654476835195322048 85218721
1654476835292980462 97293084
1654476835732257836 24029207
1654476836319391061 205748183
1654476836994242887 181226923
1654476837025035368 30318901
1654476837402864082 109963418
1654476837503771195 100223130
1654476837921544323 107330786
1654476838009991472 87821814
1654476838713300740 115390271
1654476838794547763 78783386
1654476838816469548 21471233
1654476838905209441 88234588
1654476839098071427 191830238
1654476839499309703 106499728
1654476839615476036 115447558
1654476840198366476 104004954
1654476840622201149 28799729
1654476840815847807 123288611
1654476841019214626 202783211
1654476841508280487 100603140
1654476842028121267 121937115
1654476842205699400 177025268
1654476842418360695 200496363
1654476842511242400 90230458
1654476842528622605 16736860
1654476842693076340 99960192
1654476842798766829 103179569
1654476843222383637 27623604
1654476843301665040 78603716
1654476843901331299 193447499
1654476844013865587 98603852
1654476844093663423 77632527
1654476844617401603 205640284
1654476845297715410 104283191
1654476845703305106 98706486
1654476846693410444 277769744
1654476846794313609 99011108
1654476847529393916 20049211
1654476847918383981 388517627
1654476848594874236 101230392
1654476849018210558 199679955
1654476849594474497 183651773
1654476849793039652 198120343
1654476850415972000 101727002
1654476851016343504 206122070
1654476851795202860 185087069
1654476852304572958 292295469
1654476852694062611 79406405
1654476852893044736 175640852
1654476853016963272 116487334
1654476853193050780 99874389
1654476853619602734 200834226
1654476853719267695 26760071
1654476853995625296 275840753
1654476854111769849 115629413
1654476854293064243 180624812
1654476854328598582 34769334
1654476854931861983 34587774
1654476855022045598 89349449
1654476856093539047 100059735
1654476856193301055 99051565
1654476856401408488 191228901
1654476856692987258 180696101
1654476856793215905 99325918
1654476857001022310 207212100
1654476857499488491 189467827
1654476858015107034 208279143
1654476858207789311 109822448
1654476858292999593 82464705
1654476858698130436 105585894
1654476859424085232 30708423
1654476859516150389 23600822
1654476860005422242 106614690
1654476860113635556 107603451
1654476860293290099 173495624
1654476860393299501 89687170
1654476860793104147 86506071
1654476860813680609 18822127
1654476861193748679 78835003
1654476861615479722 107148318
1654476861710008087 93636812
1654476862434754372 224636189
1654476863002316688 281703106
1654476863418520871 98037685
1654476863593062330 95077203
1654476864293127309 195555056
1654476864310821792 16983503
1654476864816507092 119100397
1654476864904616072 87470832
1654476865393056550 90404952
1654476866218427516 125920716
1654476866698144055 182515599
1654476867307144895 186668955
1654476868006684038 289943854
1654476868093614312 51582505
1654476868693275339 92272895
1654476868806415478 103550713
1654476869317068541 112012233
1654476869712607803 93040737
1654476869731388869 18266085
1654476869820162821 23440837
1654476869995103646 74772271
1654476870597991194 72651879
1654476870813372606 120791020
1654476871398388803 105842754
1654476871809970962 103874944
1654476872393026876 288265825
1654476872420499796 26774437
1654476872993628952 92329036
1654476873594115882 177108288
1654476873714400301 114126898
1654476874293132282 178937077
1654476874408876294 99246219
1654476874893068098 92629317
1654476874927525448 33672496
1654476875022186069 28130466
1654476875193233616 95068983
1654476875394069880 184721101
1654476875699026455 88182802
1654476876115059569 107508487
1654476876712090351 105720594
1654476877216159695 305565654
1654476877393174816 89821705
1654476877421548920 27395718
1654476877893231732 100686435
1654476878510316267 292493393
1654476878627283294 29380292
1654476878713536300 85719785
1654476879294111877 101393673
1654476879714843530 110955691
1654476879814466509 18952109
1654476880395407179 297638445
1654476880424427429 28399082
1654476880493846681 68573090
1654476881100403869 102230253
1654476881223901885 27500996
1654476881306588209 81995727
1654476881893227894 99192891
1654476881930548305 36530846
1654476882593192646 100609736
1654476882793033888 192265376
1654476883708900385 100684555
1654476884293341742 271382625
1654476884693054643 174544617
1654476884893337203 183865241
1654476885093111066 171911123
1654476885693060914 195270582
1654476886193017258 194539086
1654476886609200044 195800386
1654476886954696112 46361719
1654476887021791552 66375037
1654476887098981358 76636600
1654476887705298864 197121228
1654476887898973832 192997947
1654476888406473659 192961706
1654476889104236731 109048968
1654476890002806230 195360203
1654476890111033573 107453685
1654476890292966541 181369927
1654476890792922897 174817522
1654476891320228989 127494802
1654476891716440873 118519346
1654476891996028589 103497563
1654476892627984188 35467816
1654476893021780556 119816108
1654476893630796913 29872661
1654476894306299879 98225805
1654476894417170254 24548856
1654476894520462206 102475370
1654476895107675184 205815016
1654476895614991380 194787468
1654476896219801631 106724976
1654476896393033712 94248322
1654476896422464676 20249525
1654476896493047017 70193472
1654476896703594260 203456476
1654476897498638625 194985861
1654476897797918109 178474925
1654476897829096775 30306708
1654476897994445693 164668034
1654476898603166841 192951820
1654476898798157803 193596659
1654476898995531370 178669955
1654476899523714918 104725187
1654476899623715986 20158355
1654476899695012314 70379156
1654476899818845326 111621307
1654476900219759495 19947642
1654476900719308386 214438557
1654476901120459991 110843688
1654476901623282205 118784740
1654476901798392632 105104908
1654476901907739204 108558507
1654476902328662219 110175423
1654476902615999732 123483753
1654476902893788857 77298167
1654476902993669407 99382959
1654476903393065582 79963634
1654476903993397675 97879314
1654476904311978017 91817121
1654476904419298118 105557133
1654476904994151391 201564568
1654476905098359153 103652183
1654476905607055147 94445570
1654476906005779649 111640051
1654476906029600213 23017810
1654476906394734286 97391273
1654476906493194255 90011077
1654476907093057162 188199272
1654476907593229108 195395151
1654476907710509453 104129146
1654476907800491131 88953945
1654476907894821412 86266546
1654476908413181488 300075559
1654476908938875950 119073777
1654476909093373388 100235947
1654476909220192131 108525803
1654476909398695578 178030198
1654476909894373827 79591820
1654476910004100807 109254321
1654476910221175033 105985060
1654476910693177616 173527430
1654476910807451481 95174469
1654476910903868257 89983628
1654476911394581669 88174054
1654476911995101133 178282283
1654476912093849693 97784323
1654476912193231299 98595065
1654476912594835332 179807896
1654476912993717585 180874803
1654476913593196519 93609113
1654476914317778074 215208822
1654476914617786136 107750605
1654476915199547608 106980005
1654476915501609808 87926300
1654476916115082736 115268944
1654476916612691495 115014796
1654476916713482139 95680996
1654476917099769527 181704453
1654476917193804929 93188309
1654476917293032878 91748233
1654476917819324817 116230681
1654476918215763976 99558774
1654476918693245587 84895224
1654476919794758055 182435567
1654476919823747477 28516132
1654476920493145468 100467175
1654476920529757139 27029268
1654476920820500778 210346444
1654476921198264101 105098143
1654476921226879608 28044355
1654476921306808541 78882612
1654476921702303516 87116644
1654476922318491585 113283861
1654476922822725130 114528590
1654476923318836814 225859972
1654476923623387406 25215550
1654476923806009918 179756713
1654476924006678817 190204295
1654476924493187440 200420170
1654476924599797791 105939842
1654476925193076075 198777668
1654476926292929807 175040546
1654476926493326731 83779135
1654476926809111088 298868406
1654476926917813928 102620661
1654476926939610221 20927770
1654476926995781390 55374237
1654476927023778242 20685982
1654476927099290113 75021878
1654476927793043549 190202132
1654476928125055460 103287467
1654476928900574375 279195521
1654476929410063146 111985829
1654476929822578134 22817595
1654476929899091889 75798814
1654476930493005980 184350830
1654476930693194927 179626212
1654476931113845770 200504839
1654476931593107874 97589243
1654476932293025591 192440725
1654476932593065280 191807613
1654476932931251070 33879726
1654476933102842343 110150783
1654476933208812910 104998248
1654476933725055972 114749971
1654476933993350076 100795176
1654476934494392100 96789097
1654476934528120994 33193294
1654476934994881962 178021829
1654476935203360130 196161729
1654476935713440838 100354558
1654476935798407944 84262474
1654476936293128623 176988475
1654476936795900456 88799049
1654476936842687410 21777259
1654476937111455744 101027829
1654476937207722922 95497551
1654476937623822018 30348900
1654476937893312574 269028158
1654476937909653614 15431855
1654476937926019524 15897171
1654476938598092686 101925011
1654476938693575347 86525192
1654476938793702966 99491837
1654476939193052198 83164294
1654476939314170348 114907671
1654476939895916129 175631952
1654476940123385077 21703426
1654476940611954636 119281263
1654476941102290940 182040980
1654476941199950526 96259433
1654476941393092518 176253416
1654476941712661725 109177777
1654476942394318906 94882238
1654476942593024260 181519275
1654476943208378648 186532121
1654476943616315073 100907989
1654476944127132363 129272396
1654476944801918175 86808173
1654476944919101926 100831913
1654476945233924184 125562357
1654476945918235129 204325411
1654476946619174901 24208124
1654476946793764794 100299177
1654476946893358181 99015332
1654476946933594912 37639651
1654476947593194266 191481714
1654476948114958499 308105876
1654476948720625208 105349208
1654476948792989042 71689062
1654476949394360260 200762122
1654476949905576328 112926245
1654476950593032766 94190233
1654476950630782231 35675079
1654476950810705366 179450105
1654476951298246448 200619282
1654476951799006423 180421717
1654476952216823135 124153367
1654476952704360982 200331051
1654476953205863750 111731018
1654476953411554395 110023113
1654476953892996852 200401218
1654476954193116791 174524097
1654476954310180429 116332526
1654476954407523587 88721591
1654476955001240305 102706934
1654476955513222125 198201406
1654476956118040955 25481405
1654476956199201759 80596783
1654476956398089489 184767479
1654476956920628448 99758360
1654476956997475946 75881572
1654476957114414958 106845326
1654476957709522921 189854604
1654476958018968364 109763909
1654476958693022339 98849436
1654476959193077744 176510748
1654476959293035397 99321683
1654476959731807141 120476947
1654476959993435075 185095611
1654476960607832554 96718192
1654476961200399128 184150941
1654476961293042252 91856435
1654476961812996635 197080905
1654476961993735694 179890737
1654476962093707905 99108991
1654476962193025519 98644996
1654476962393128053 96236141
1654476962526608655 102934250
1654476962693218991 166057099
1654476963193648478 174583374
1654476963593744251 87902052
1654476964001634697 87163851
1654476964793133581 183813961
1654476965298469797 198253165
1654476966000020406 188659314
1654476966592993587 292407468
1654476967093168766 172376902
1654476967293276093 180352858
1654476967607665889 97425517
1654476968114227201 111430645
1654476968716725891 118653336
1654476969098282846 180767548
1654476969300629128 179375844
1654476969793346471 93160767
1654476970308366219 112277122
1654476970505610467 185884975
1654476971017175678 111757493
1654476971206589906 113983241
1654476971321474925 112890811
1654476971508403415 107646151
1654476971609017803 89402875
1654476972105281205 203088714
1654476972598533512 94103771
1654476972893319417 78162257
1654476973593047632 274314638
1654476973618611421 24808040
1654476973907148261 91839921
1654476974504165636 99865095
1654476975193058169 173552254
1654476975792999668 98163468
1654476976214303166 196619583
1654476976403722143 188643500
1654476976799447585 105993298
1654476977319872859 112389186
1654476977503042936 104962272
1654476977703062936 105012993
1654476978093684424 84488211
1654476978219042013 124718085
1654476978393794743 174024222
1654476978993383040 81939997
1654476979793080789 98588839
1654476979898767034 99524042
1654476980516922537 201186652
1654476980600465362 82811077
1654476980704729167 103819152
1654476981006829158 107238300
1654476981103345023 95972187
1654476981298750085 186736484
1654476981620375897 107234573
1654476981824302501 203147085
1654476982093726117 183553723
1654476982293863982 101321610
1654476982318727529 24073118
1654476982493224831 173898741
1654476982612831527 119027047
1654476982804649191 112121034
1654476982994231415 188660050
1654476983299891376 99028802
1654476983807106218 91832198
1654476983914830135 105309258
1654476983993411587 75711770
1654476984410712948 101325097
1654476984515251870 103759679
1654476985093136504 185340661
1654476985427965871 34737232
1654476986009495133 101337018
1654476986317739547 122733486
1654476986428285109 35740190
1654476987017140314 112643084
1654476987515826697 104075500
1654476987611442479 94782329
1654476987815607086 203509968
1654476988411689910 113057539
1654476988908753749 109450493
1654476989100025290 106677320
1654476989298052264 178881989
1654476989642514698 26492406
1654476989809439461 107216535
1654476990395132274 178256229
1654476990793903648 88345194
1654476991006097117 188945154
1654476991336721604 36724387
1654476991509043621 105196919
1654476991917268671 107841829
1654476992499208112 185541410
1654476992998788614 182606555
1654476993498062426 188416651
1654476994107607575 182741458
1654476994205471256 96983865
1654476994810864461 110797447
1654476995219189757 99287901
1654476995809089901 104140672
1654476995910122135 95369663
1654476996493198047 91408279
1654476996523437148 23390888
1654476996993921950 79707620
1654476997313332263 298406014
1654476997631567588 32101944
1654476998215123499 115371360
1654476998595230970 83975512
1654476998793066069 187265829
1654476999018452691 224753046
1654476999513733235 111495784
1654477000130672594 117869880
1654477000618693162 108001343
1654477000999613024 93235600
1654477001193067456 99233626
1654477001293709938 99857456
1654477001317964514 23663167
1654477001493002179 172225142
1654477001999643113 202830919
1654477002617760163 25158743
1654477003093087186 274760921
1654477003522092809 129536481
1654477003993975201 182175197
1654477004128027279 128267438
1654477004193409493 64187996
1654477004218556570 24337140
1654477004399154541 98455393
1654477004793011271 98143607
1654477005393094829 92124147
1654477005502227394 93485905
1654477005995605630 92985206
1654477006504260570 106333910
1654477007193211330 96832905
1654477007406005675 186175636
1654477007495100522 88188429
1654477008007697932 288671656
1654477008605300387 112627378
1654477008794792540 183223970
1654477008903562990 102818915
1654477009318312134 114062750
1654477009506579321 98729743
1654477009528185458 21129173
1654477009618080173 89350398
1654477009704112939 85549804
1654477010293138083 93053849
1654477010406639206 101067312
1654477010995981283 302526854
1654477011113636300 19243522
1654477011132021689 17535846
1654477011205898674 73167644
1654477011614059392 196511045
1654477011812826892 101313408
1654477012393395699 187241406
1654477012511618501 101250821
1654477013200551481 185837894
1654477013300499394 99402642
1654477013993549113 99087280
1654477014093171467 99118504
1654477014998844826 101348066
1654477015493064488 173000496
1654477016099529097 280277693
1654477016292996541 192906177
1654477017009643538 101341202
1654477017108972445 98691062
1654477017908966299 189493003
1654477018295614590 191857707
1654477019393722767 92942167
1654477019906190260 187034863
1654477020005928606 87462026
1654477020306906348 196035499
1654477020403359608 95880992
1654477020511855759 93811991
1654477020595132922 82568206
1654477020895509423 101082584
1654477021013880803 117994466
1654477021709113743 105194996
1654477021813062827 101492417
1654477021833166210 19053713
1654477021911581681 77820348
1654477022018718399 106086886
1654477022393146491 97334226
1654477022600003688 199442251
1654477022793681264 95286318
1654477022909837224 103600991
1654477023402027937 96727583
1654477023613142522 199607468
1654477023798068115 178775024
1654477023913350752 108743437
1654477025212627268 217055803
1654477026407446828 197575881
1654477026599247463 100507798
1654477026713687722 113026436
1654477027019676796 104261501
1654477027098477261 77960502
1654477027216425629 98860334
1654477027503559858 200498365
1654477027906330523 91419708
1654477028419273747 126788859
1654477028693082906 273215015
1654477029293300588 86514351
1654477029893106515 295279861
1654477029994440088 93641610
1654477030093022918 97871343
1654477030614162052 106110919
1654477031393059763 280676772
1654477031912149888 193523693
1654477032003685468 90792935
1654477032094446539 85472917
1654477032518223973 105918924
1654477032612841269 93989297
1654477032694257775 76453477
1654477032809693075 114763827
1654477032993449679 183084349
1654477033093037022 98845788
1654477033193026720 99379617
1654477033693825128 192171165
1654477033798262901 103671356
1654477033994899064 102291157
1654477034308477264 301955072
1654477034812417727 193071932
1654477034917539719 21337901
1654477035413319277 112361719
1654477035614014394 200138449
1654477036293730612 185129083
1654477036693187574 100642997
1654477036793501674 92866313
1654477036907035062 107208500
1654477036936752592 28975194
1654477037534320789 128880758
1654477037693076503 158237512
1654477038214206695 20942393
1654477038393189967 171236380
1654477038517822906 109245656
1654477038713785768 103889350
1654477039293108380 186470849
1654477039414025841 120273516
1654477039993444311 282840042
1654477040523260158 113351654
1654477040599403162 75111224
1654477041113500969 194981908
1654477041620066683 100734315
1654477042215430840 110390603
1654477042693103914 79850057
1654477043194256064 83195958
1654477043816249330 114738917
1654477044104079630 110758330
1654477044598166911 192084952
1654477044810677007 195565693
1654477044894656442 83458508
1654477045314195336 17888239
1654477045714727695 113405434
1654477045819637798 104319413
1654477046007215220 95584006
1654477046593065736 182497150
1654477046819495956 116081942
1654477047293144400 99235649
1654477047793850410 93112564
1654477048513316295 114873605
1654477048703995992 99946257
1654477048993431067 82897149
1654477049092999575 90690314
1654477049293021106 172447590
1654477049320145535 26483341
1654477049793280278 100396616
1654477050293083464 85983677
1654477050919553937 199950079
1654477051106392556 186231188
1654477051207168143 100298513
1654477051299477558 91891990
1654477051993625819 77828311
1654477052308290603 303682754
1654477052402471355 93515241
1654477052719067185 198834507
1654477053026402192 32363182
1654477053693465950 187449806
1654477053713379173 18009814
1654477053814615778 100013752
1654477054016594782 113057061
1654477054205011547 106619532
1654477054798470147 290172419
1654477055304326279 110284314
1654477055396726703 88512847
1654477055724386103 23635187
1654477057099522598 190260744
1654477057307432024 112817805
1654477057820473353 209717546
1654477058324039370 106863306
1654477058516066570 112188528
1654477058893546771 91353620
1654477059003229139 95772540
1654477059609549377 198894423
1654477059999578856 91400782
1654477060308638481 200251088
1654477060406848439 97639261
1654477060434459110 26781640
1654477060493108729 57823105
1654477061015971541 112644026
1654477061318357831 106537788
1654477061409045580 90119205
1654477061711648876 100962428
1654477061808741091 96325207
1654477061893161635 83805893
1654477062418532789 207954293
1654477063293046589 273491236
1654477063393268013 99685787
1654477063998954709 304671505
1654477064622731948 207205664
1654477065194107700 101506146
1654477065518583830 104819034
1654477065911347274 103793077
1654477066593035783 188572992
1654477067117433739 115472207
1654477067795338117 192411869
1654477067831174215 27961802
1654477068994297921 188869686
1654477069493067712 187283040
1654477069520609736 19294379
1654477070114724867 298457245
1654477070206587242 91165616
1654477070702677811 90474644
1654477071316125417 117089397
1654477072493235220 99626448
1654477073309868136 194938358
1654477073417507989 24930900
1654477073993536526 183372860
1654477074103223425 88265808
1654477074293123410 189317994
1654477074493160463 183284952
1654477074533975883 28430214
1654477075124578426 109853984
1654477075293158018 167876499
1654477075525504214 210632053
1654477076017287457 100536620
1654477076117054050 98936184
1654477076216401767 97168390
1654477076302651060 85671745
1654477077117374162 104351260
1654477077393683022 86373777
1654477077693462505 281446147
1654477077804230658 87655000
1654477077903468121 98635344
1654477078395818264 174016455
1654477078711415465 100003011
1654477078814864848 21427426
1654477078906046299 90552557
1654477079407090327 114233430
1654477079900655565 105265270
1654477079993441912 78208675
1654477080094195363 99166876
1654477080408706848 103066974
1654477080893114106 178630632
1654477081024333222 23242565
1654477081593256968 289385366
1654477081993482757 82319263
1654477082209376649 189150556
1654477082323765853 113897847
1654477082346742836 22446518
1654477083016248826 109517761
1654477083093021537 76140749
1654477083893232330 276777436
1654477084413061581 104502954
1654477084896019963 92775722
1654477085101002348 177580471
1654477086214974373 122441986
1654477086252450846 36885633
1654477087014437606 199807155
1654477087134210638 28398715
1654477087511704078 104129244
1654477087618809280 25665787
1654477087713843846 19809456
1654477087820814847 106453738
1654477088493141960 79586232
1654477089127002720 112816754
1654477089405816796 93710195
1654477089698999612 195660700
1654477090193077106 186648739
1654477090903744115 195587087
1654477091015225679 22482092
1654477091596900025 183530497
1654477091824537429 25436950
1654477092315626385 197721953
1654477092893330464 177029611
1654477093104026108 183943139
1654477093519730610 110237237
1654477094517312388 209463928
1654477094615359188 21169652
1654477094893139128 277163404
1654477095225528003 20670861
1654477095292998918 66904112
1654477095393097728 88589206
1654477095920963142 101339123
1654477096600803516 191365427
1654477097193076897 177207266
1654477097300225323 100718105
1654477097896353303 93118039
1654477098293075276 85159218
1654477098503266806 209586357
1654477099126497917 32906252
1654477099393089215 187448803
1654477099829497436 33177239
1654477100013652167 120222413
1654477100601981763 109507112
1654477100693364145 90779660
1654477101197737660 94238628
1654477101799226949 98953920
1654477102504588186 200953160
1654477102605406900 100220357
1654477102719026909 26419137
1654477103293677829 86265687
1654477103493008757 198252142
