1654483209204667997 1809171260
1654483213999032538 1001157268
1654483217813237576 404554213
1654483218818752653 502981628
1654483219506108182 686711875
1654483221106881063 1599744512
1654483221400082479 292157037
1654483228121657204 522299226
1654483233997539987 2202615146
1654483235198421745 1104788135
1654483241593664224 383170880
1654483251398522122 1700111355
1654483260220639164 2318139190
1654483262511445963 1796683562
1654483268215325999 1794687541
1654483274703699006 1671338483
1654483276508592811 1803765946
1654483284793326321 2876121415
1654483285903610111 687717308
1654483286802533500 898280926
1654483289514575549 2306914736
1654483290798813205 1002384011
1654483291419169077 619415756
1654483292122523980 114112580
1654483296699761457 1477674407
1654483303819428013 1020053862
1654483304913601187 797109840
1654483311194455954 1571682001
1654483314794402671 687474270
1654483320908542481 2490772320
1654483324422270974 718636514
1654483326002140804 1578740591
1654483330414310395 695170517
1654483331693518336 1084452650
1654483334099732455 2405049727
1654483340915133437 304089983
1654483348210038453 1195369756
1654483364797069998 791397727
1654483366601216452 1506411084
1654483369307849165 2283205548
1654483374498576173 605790622
1654483379412903191 1310450916
1654483384621856481 228360482
1654483389818761541 1306144746
1654483391818817572 1212503887
1654483396817487392 904896090
1654483399422290327 1825837329
1654483400515875130 1017017173
1654483402414157566 1398184290
1654483408506034896 911497003
1654483408913728698 406593994
1654483411301414887 2386664754
1654483420122300743 2023003310
1654483421699727503 283803210
1654483426807020514 1501953858
1654483429893434996 2000111221
1654483431115958154 598415939
1654483434393826521 989214659
1654483441011502588 1994050925
1654483442213822388 908435451
1654483447799013803 1184754224
1654483458207016808 1993501640
1654483459892705653 1274048868
1654483460794016789 900104051
1654483461323257999 114283337
1654483462400293810 985808345
1654483463401452023 1000442488
1654483469823535749 1011456244
1654483470994920555 992111724
1654483476308741620 1193370029
1654483485308579976 1502024213
1654483486512592381 1202758432
1654483488307478663 1312555275
1654483494193565735 883607933
1654483496407279067 2088931477
1654483496895301916 295618691
1654483497604331224 708546117
1654483500122767372 2428688892
