1654483876495850749;1203260361
1654483887617779435;3103134603
1654483889004111361;1206015404
1654483890898776015;1287967894
1654483904819879481;2304922746
1654483913916129462;3505028448
1654483923094215639;2586845303
1654483930617495077;2124663212
1654483939102178093;2490219960
1654483952006050738;1687612300
1654483963213843601;1811315523
1654483965000264287;1785667157
1654483965394758763;388203007
1654483978103716282;2708971467
1654483980000323587;1895795184
1654483989200697657;4285062335
1654483993900043432;3693494018
1654484003296404676;2083184987
1654484008518964905;5221591516
1654484014519110349;1710778120
1654484021104492704;3397731370
1654484023004159349;1692956000
1654484030994633740;2285343565
1654484033300485094;2305117585
1654484039893412854;1591550655
1654484054298585783;4100662938
1654484058593333681;3787222949
1654484060706414821;2112306708
1654484070994368709;4179399326
1654484072016019275;1015873079
1654484073313482721;1296672090
1654484085399642996;2081228838
1654484097011728900;2118692476
1654484106118697264;2901483682
1654484107703708358;510350124
1654484109410759728;1705919348
1654484124104211877;1710546004
1654484128599276770;3880443245
1654484131703007614;2985832124
1654484144594383472;3991278418
1654484149718423387;3222499399
1654484162014643999;1019791439
