1619653899992061904 7012
1619653900291407244 9516
1619653900815362066 7130
1619653901026063794 7574
1619653901127840974 7616
1619653901311689327 11576
1619653901453752502 7645
1619653901635843602 6543
1619653902405252687 11145
1619653903200741232 7301
1619653903240717124 7817
1619653903942142707 10292
1619653904000595597 10025
1619653904127887093 14734
1619653904258019228 8919
1619653904416218637 5826
1619653906501040175 8142
1619653906888946015 8347
1619653907011750303 5731
1619653907104109250 5015
1619653907777346853 30629
1619653908151216952 7376
1619653908494271347 7857
1619653908679595122 40653
1619653908775741212 18475
1619653908998548933 8215
1619653910214346733 7836
1619653910291433999 8417
1619653910317056391 6568
1619653910586283946 6001
1619653910816060722 8574
1619653910890577555 9553
1619653910899897706 7271
1619653910922559783 8609
1619653911607136688 6578
1619653912141682902 8463
1619653912280741737 10632
1619653912622426834 7199
1619653913229392363 8031
1619653913552784363 8954
1619653913999969682 11704
1619653914070672591 10306
1619653914417196835 13828
1619653914886383128 8955
1619653915076763953 8901
1619653915509839702 7655
1619653915593369908 7909
1619653915761073936 8676
1619653916475512190 44841
1619653916494309285 7026
1619653916620914998 4937
1619653916900119533 5589
1619653917070666934 11106
1619653917487095279 6529
1619653917606322923 7461
1619653917747584216 7960
1619653918257183219 10222
1619653918410877624 6504
1619653918480073882 39159
1619653918623194504 4990
1619653918728541862 7721
1619653918742592629 11915
1619653919182478668 7689
1619653919662895913 10690
1619653919704721339 9281
1619653919841088266 8761
1619653920125485816 7109
1619653920568987789 11432
1619653921055783266 9821
1619653921099830133 6836
1619653921443474507 6197
1619653921477342500 6276
1619653921617344428 7488
1619653921625990857 6571
1619653921740615484 8225
1619653921841710680 6580
1619653922083491621 6648
1619653922205177526 5605
1619653922225828066 7328
1619653922334176657 12970
1619653922403705972 5830
1619653922972509439 7329
1619653923198569641 8153
1619653923613129767 6279
1619653924055475750 7527
1619653924079810004 10272
1619653924192935331 6468
1619653924430809499 6450
1619653925112053585 13685
1619653925120181183 6028
1619653925218784003 4784
1619653925384253577 5923
1619653925427792712 5895
1619653925465981585 8702
1619653926098491381 8012
1619653926232260179 8014
1619653926400000990 8341
1619653926473606172 3770
1619653926507509059 14643
1619653926583313966 6842
1619653927045176924 7268
1619653927110320462 7287
1619653927430736130 6655
1619653927992939617 6601
1619653928114262663 10088
1619653928338524265 5808
1619653928600095508 6550
1619653928618775652 7144
1619653928991730009 4915
1619653929110538603 7809
1619653929370914166 8846
1619653929554056090 7391
1619653929587610177 9425
1619653930140080487 4908
1619653930207275934 5880
1619653930508512600 8157
1619653930644029090 9022
1619653931025701246 7217
1619653931472140638 9172
1619653931507370227 4885
1619653931538925436 11861
1619653931670887232 8952
1619653931745766273 12302
1619653932129925726 8427
1619653932371016186 8127
1619653932977831032 37762
1619653933105195505 4832
1619653933203610162 5928
1619653933246766940 11669
1619653933259427809 10542
1619653933285306478 12430
1619653933390951898 8219
1619653933582247286 48728
1619653933658013386 9074
1619653933958627423 16403
1619653934681934151 60049
1619653934709852768 8131
1619653934776719940 6048
1619653934814123287 8937
1619653934891479634 6764
1619653934900658396 7088
1619653935181174182 15935
1619653935976447470 52458
1619653936015838226 8652
1619653936228927994 5295
1619653936321626167 10702
1619653936389739178 6651
1619653936545257160 11001
1619653936721321080 8535
1619653937006858453 7100
1619653937615236676 6443
1619653937643469430 5691
1619653937908862138 6706
1619653938056646891 7381
1619653938106331600 7554
1619653938315345595 7981
1619653938333702305 7670
1619653938566200668 8068
1619653938620885728 10262
1619653938844960473 8125
1619653938926576374 6975
1619653939416741666 6344
1619653939758584967 7066
1619653939878392224 47309
1619653939963315238 9642
1619653940099438963 6345
1619653940138842650 7106
1619653940377484407 26513
1619653940396694554 9200
1619653940712724211 9125
1619653941193076758 8076
1619653941422701134 5440
1619653941593699955 7728
1619653941921721591 11479
1619653942099951214 4455
1619653942339698690 8223
1619653942778236172 13542
1619653942994997769 8887
1619653943015144392 9002
1619653943058424878 11449
1619653943322498573 8223
1619653943988377153 6607
1619653944476489912 12174
1619653944529141080 7752
1619653944782752509 8486
1619653944931938833 8137
1619653944940434683 6391
1619653945201490762 6821
1619653945250751909 5902
1619653945523545040 7399
1619653945906434726 6018
1619653946402807515 5594
1619653946535507948 9365
1619653946683470803 7107
1619653946804743214 13550
1619653946944608370 7860
1619653947039392497 8264
1619653947436800029 8047
1619653947676236385 16131
1619653947941236830 8263
1619653948177881277 18302
1619653948215843585 9466
1619653948494241132 9203
1619653948582433308 38069
1619653948762047443 7358
1619653948960986270 6671
1619653949035185118 6623
1619653949208386094 7781
1619653949315113962 17759
1619653949439772741 7280
1619653949738692542 7385
1619653950270256295 8719
1619653950556330439 12544
1619653950576340121 17926
1619653950952994926 6971
1619653951029711337 8915
1619653951185089403 10337
1619653951598860673 5824
1619653951615983120 7532
1619653952288477372 7000
1619653952423194957 7442
1619653952784782838 6713
1619653953308336470 10578
1619653953538386600 7265
1619653953740951989 3703
1619653954395278210 6116
1619653955128370270 6007
1619653955298006331 8385
1619653955528462262 5860
1619653955991279910 6695
1619653956259201833 6823
1619653956594473547 5382
1619653956807801345 8578
1619653956945765423 4982
1619653956973777669 5485
1619653957009851354 8331
1619653957018707894 6811
1619653957064232222 9290
1619653957100197089 7193
1619653957515177547 7501
1619653957580508877 6415
1619653957841672389 8135
1619653958420045813 9763
1619653958573412780 55910
1619653958611615809 8986
1619653959263942037 9012
1619653959320931456 4541
1619653959636204360 7760
1619653959705081773 5982
1619653959731176559 4537
