1619550454289299997 3886
1619550454397216555 8255
1619550454510583198 4502
1619550454773579645 5199
1619550454869172782 4401
1619550454874565644 3318
1619550454924209329 3975
1619550454943496332 4806
1619550455014126293 5171
1619550455186134369 2936
1619550455291776157 4369
1619550455426917182 3677
1619550455434331708 5369
1619550455460530201 4601
1619550455466280719 3716
1619550455498570068 4319
1619550455655561986 4316
1619550456297812542 3661
1619550456350635575 4063
1619550456362654969 4109
1619550456610047480 4949
1619550456648096127 4608
1619550456718496777 4023
1619550456785991227 3507
1619550456902718000 4599
1619550457010615520 4896
1619550457016843232 4119
1619550457197339707 4057
1619550457220646376 3672
1619550457303338020 3947
1619550457459756371 4334
1619550457583270513 4349
1619550457595327587 3818
1619550457662725789 4141
1619550457676054128 5023
1619550457751177218 3792
1619550457891086454 5176
1619550457980932317 3906
1619550458069255591 4236
1619550458188130559 4304
1619550458278693332 3947
1619550458619529144 4776
1619550458718535589 4589
1619550458793346792 4270
1619550458961981545 3569
1619550459117447450 4052
1619550459127749360 2221
1619550459171309103 3928
1619550459210483090 5668
1619550459611666517 3713
1619550459750297406 5550
1619550459880703397 5808
1619550459894323620 7117
1619550460048610670 3781
1619550460108958043 3861
1619550460224466913 3879
1619550460255438377 3943
1619550460449763926 3466
1619550460496894839 3349
1619550460683135284 4833
1619550460700282877 3800
1619550461398305072 3971
1619550461423864109 3631
1619550461683497974 3745
1619550461695418143 3823
1619550461855657747 4529
1619550461861838302 4108
1619550461917703264 3831
1619550462192151157 4084
1619550462222843292 3411
1619550462555984747 4700
1619550462687574252 3829
1619550462783424902 3311
1619550462915720312 3397
1619550463377603849 4961
1619550463535024027 3734
1619550463792378092 4544
1619550464042615331 4316
1619550464086016687 4186
1619550465114134239 4609
1619550465373700215 3783
1619550466038246834 4144
1619550466301774892 5253
1619550466464053287 3835
1619550466920565899 3439
1619550466945635087 4284
1619550467352389425 6997
1619550467397542570 4110
1619550467602019947 5932
1619550467720554337 4198
1619550467942168070 5175
1619550467968984116 11917
1619550468009153279 5559
1619550468030532356 4952
1619550468042864297 3923
1619550468200613972 4310
1619550468273487211 5259
1619550468316426473 3759
1619550468351777839 2773
1619550468391365107 6850
1619550468456079263 6080
1619550468487655996 4148
1619550468682064838 4426
1619550468788402983 4262
1619550468992718910 3290
1619550469077523357 4998
1619550469084086717 4363
1619550469113903077 4153
1619550469169540568 3235
1619550469251471870 5958
1619550469745980298 3910
1619550469852642899 4005
1619550469966327962 6181
1619550470287805611 4004
1619550470325355679 3632
1619550470403721010 4266
1619550470585146455 4227
1619550470756083062 3976
1619550470813570489 3824
1619550471019900114 4347
1619550471216755561 3918
1619550471276194509 3140
1619550471459642402 5047
1619550471465629670 3937
1619550471472993043 5270
1619550471560413251 4012
1619550471656892028 3819
1619550471689159232 5699
1619550471776995771 3753
1619550471783027463 3954
1619550471802496641 4761
1619550471808312427 3692
1619550472034561987 3055
1619550472183485703 4074
1619550472279402794 4242
1619550472356714488 4067
1619550472643613296 4196
1619550472675592785 4036
1619550472757655943 4121
1619550472997849894 4337
1619550473042237324 4523
1619550473283825829 4544
1619550473369934803 3651
1619550473460431758 4061
1619550473542721097 3995
1619550473760910605 4055
1619550473857123858 4645
1619550473943929186 4580
1619550473995035991 4143
1619550474007759101 4511
1619550474086100858 4509
1619550474125897194 4758
1619550474220859082 4212
1619550474303325535 4297
1619550474495537473 4909
1619550474526426796 4950
1619550474563017410 3921
1619550474708509673 3842
1619550475100284999 3872
1619550475155849221 4068
1619550475187123405 4048
1619550475315436676 3549
1619550475473814647 3362
1619550475604868092 3858
1619550475837140297 4061
1619550476148787673 4831
1619550476174527142 4474
1619550476471663446 3913
1619550476478753417 5009
1619550476716403013 4781
1619550476742073799 3926
1619550477047140358 3861
1619550477072364982 3810
1619550477216928403 3967
1619550477319680945 4140
1619550477471242474 5109
1619550477502312312 4104
1619550477723024580 4149
1619550477755550219 4054
1619550477774682975 4837
1619550478031310297 4353
1619550478192398538 3809
1619550478242479021 3915
1619550478485458381 4167
1619550478535443047 4051
1619550478839692278 3536
1619550478895612779 5412
1619550478928618406 3598
1619550478977038915 3591
1619550479111134590 3758
1619550479167102789 4084
1619550479546304574 3787
1619550480048635682 3264
1619550480232331075 4008
1619550480320660350 3953
1619550480363485440 10753
1619550480623704851 3496
1619550480813610328 4033
1619550480893889523 4795
1619550481287149474 6029
1619550481323992385 6969
1619550481439605102 4177
1619550481458730846 3357
1619550481550685918 4182
1619550481624574803 4116
1619550481838908718 3269
1619550481870265905 4376
1619550481889868834 4189
1619550481934173092 4058
1619550482082371300 3263
1619550482239297128 4482
1619550482345604271 3749
1619550482377255123 4514
1619550482624361583 2221
1619550482674366906 3237
1619550482745570042 4066
1619550482883932999 4068
1619550483059792245 4909
1619550483096605502 5314
1619550483249877660 3529
1619550483279896828 3426
1619550483288144466 6121
1619550483400673669 4022
1619550483443300257 2201
1619550483521093540 4280
1619550483603289011 4944
1619550483610377717 5041
1619550483749842944 4624
1619550483982041938 2674
1619550484192132723 4199
1619550484346474977 3183
1619550484832719214 3818
1619550484890818020 4441
1619550485345890145 4900
1619550485372245095 3701
1619550485384195819 3889
1619550485416427313 4183
1619550485633190874 3976
1619550485840642475 5133
1619550486018922844 4751
1619550486050869227 3948
1619550486115201656 4477
1619550486121098396 3852
1619550486398132655 4016
1619550486550960890 3563
1619550486593986058 4043
1619550486967361568 5011
1619550487027521651 3579
1619550487033239027 3622
1619550487300968481 3942
1619550487319342086 4279
1619550487505661542 5372
1619550487693606355 3906
1619550488251524603 4837
1619550488283914499 5127
1619550488347436898 4475
1619550488361647329 4650
1619550488400303178 4446
1619550489296886583 4370
1619550489409422997 5878
1619550489472564617 4605
1619550489478886411 4286
1619550489584269898 3905
1619550489613049727 4533
1619550489985693666 3645
1619550490010498722 3873
1619550490283966299 2572
1619550490406098304 4058
1619550490537635955 3360
1619550490844821215 3875
1619550490932967832 2096
1619550491349002847 4780
1619550491404109558 3572
1619550491416236159 3686
1619550491598856477 7514
1619550491837932630 4493
1619550492103856178 4139
1619550492136472982 4323
1619550492264356573 3756
1619550492317641226 3352
1619550492329035358 3734
1619550492364128623 2437
1619550492606676882 3993
1619550492680372647 10073
1619550492728717652 4532
1619550492734717574 3959
1619550492969996759 4378
1619550492976236732 4104
1619550493159890403 5576
1619550493198203295 4430
1619550493235946010 3453
1619550493339763521 4532
1619550493353160639 4446
1619550493480040295 4400
1619550493627529254 4013
1619550493760946298 3700
1619550493959294369 3446
1619550494009393661 4019
1619550494027200682 3600
1619550494134035384 4049
1619550494581942187 4367
1619550494607386509 3639
1619550494613575162 4131
1619550494866136679 2863
1619550494993445503 4349
1619550495263889985 4192
1619550495614588476 3876
1619550495908099751 4558
1619550495966778814 4517
1619550496367947257 4018
1619550496508689321 4635
1619550496569584373 3960
1619550496687323622 4502
1619550496905622189 4057
1619550497079894520 2906
1619550497345576849 4713
1619550497532839761 4459
1619550497564948636 4304
1619550497679092403 3595
1619550497946628336 4216
1619550498035552501 3680
1619550498268390646 3922
1619550498611927677 4326
1619550498771771338 3299
1619550499232001262 5057
1619550499546945806 6859
1619550499711006065 3591
1619550499745863455 3501
1619550500015250245 4766
1619550500353234904 4174
1619550500366151367 4716
1619550500462436860 4148
1619550500524770463 3209
1619550500542134830 3958
1619550500579810213 3181
1619550500695826880 4686
1619550500770881747 3686
1619550500987650121 4674
1619550501044176214 4119
1619550501068194582 3894
1619550501567405567 4354
1619550501698022155 5061
1619550501910457397 5013
1619550501953259712 4101
1619550502289126080 4480
1619550502896015333 4893
1619550503281495335 5516
1619550503489657723 4254
1619550503529802952 3748
1619550503606051859 3866
1619550503697229927 3260
1619550503735300450 3226
1619550503746803547 3546
1619550503754383097 5476
1619550503779311786 3295
1619550503891977773 8225
1619550503909090559 3653
1619550504021334546 5385
1619550504278677591 3613
1619550504360290793 4376
1619550504506777464 4396
1619550504710437473 3954
1619550504751531257 5712
1619550504804257275 4221
1619550505056196086 3850
1619550505104800517 3573
1619550505259017713 4327
1619550505303359559 5132
1619550505354305871 3692
1619550505431255333 2898
1619550505889235186 3905
1619550505960805503 3808
1619550505973467229 3308
1619550506020293844 4192
1619550506087328076 4337
1619550506277685966 3498
1619550506308080270 3802
1619550506362150507 3722
1619550506398918929 10211
1619550506535665029 4161
1619550506744411301 4118
1619550506776543083 4334
1619550506789616561 4041
1619550506871459494 4064
1619550507070918001 4602
1619550507168270563 7099
1619550507192669273 3197
1619550507330052495 6193
1619550507399703506 3669
1619550507578673705 4854
1619550507806655175 3859
1619550507864535198 3733
1619550508020571962 5148
1619550508559193087 3585
1619550508665342855 5134
1619550508768740729 3162
1619550508853915908 3261
1619550508879730870 5373
1619550508948414720 5594
1619550509000219257 4480
1619550509024788044 4236
1619550509419635621 4504
1619550509530971135 4685
1619550509549301904 3725
1619550509803185658 4174
1619550509815910173 4960
1619550509851491745 3842
1619550509859131792 5523
1619550510109655421 3259
1619550510482158781 5604
1619550510593670851 4396
1619550510622979195 3324
1619550510648732763 4402
1619550510804837619 3888
1619550511007906549 4601
1619550511026485651 4745
1619550511038881477 4566
1619550511218424291 4339
1619550511458408759 5966
1619550511798631663 4309
1619550511811211057 3927
1619550512090723241 4686
1619550512438904895 3310
1619550513082702161 4113
1619550513107604045 4075
1619550513129417280 2105
1619550513221305218 4304
1619550513227788765 4449
1619550513359320806 4688
1619550513713514851 4246
1619550513817750379 3984
1619550513926645824 3265
1619550513983122150 5274
1619550514079131440 4307
1619550514117816126 4369
