1619555552842783139 6442
1619555552858547497 5574
1619555552945302640 4983
1619555553576822303 5658
1619555553962118931 5493
1619555554080302007 4824
1619555554213285795 8125
1619555554235280604 4429
1619555554253057502 6918
1619555554401684070 7614
1619555554416382718 6017
1619555555002973968 3387
1619555555382488878 6544
1619555555728092476 5944
1619555555751433836 4437
1619555555758544639 4980
1619555556021285256 6160
1619555556192780088 4750
1619555556211120497 7988
1619555556353417725 3730
1619555556458529271 5721
1619555556825868797 4917
1619555557349317837 4741
1619555557471780844 4666
1619555557511035941 4402
1619555557518996916 5838
1619555557589811518 5600
1619555557791452846 4706
1619555558117083115 7050
1619555558429903519 4067
1619555558566613930 4263
1619555558634368164 5447
1619555558792800181 7225
1619555558856598345 3620
1619555558900034098 8882
1619555558920520325 4990
1619555558932307614 3768
1619555559416403815 4307
1619555559472091655 4292
1619555559511181988 3911
1619555559580972777 6697
1619555559981020133 5579
1619555560047242175 5289
1619555560087329964 15619
1619555560519344138 5433
1619555560605336927 3709
1619555560626836387 6825
1619555560704022301 4320
1619555560917291983 7554
1619555560956375905 5519
1619555561152715643 4227
1619555561216980756 4417
1619555561353758447 4978
1619555561796178793 6400
1619555562089856469 4299
1619555562379867735 5895
1619555562490449631 4265
1619555562882036432 13861
1619555563184900518 4839
1619555564046482148 5101
1619555564073791328 5457
1619555564204003123 4642
1619555564217576097 4846
1619555564337048762 5287
1619555564412230506 16412
1619555564433427906 5538
1619555564872339801 8714
1619555564878485097 4034
1619555565206781036 4695
1619555565530876459 3932
1619555565786226278 6407
1619555565863999301 10045
1619555566024053710 4138
1619555566070353301 5735
1619555566360531630 6610
1619555566464574102 8105
1619555566486798285 4736
1619555566621895080 7971
1619555567103279372 3719
1619555567153331258 6594
1619555567481151165 4410
1619555567586313813 4288
1619555567669768846 5724
1619555567739602105 6510
1619555567872630584 4287
1619555567937295282 9043
1619555568109994892 9903
1619555568592856393 4316
1619555568623845860 4675
1619555568807919342 4910
1619555568815841889 5732
1619555568999731682 7184
1619555569113796427 5837
1619555569168079151 5306
1619555569280912663 6059
1619555569380895776 7845
1619555569579602717 11934
1619555569669571750 3836
1619555569786465684 4367
1619555569893716665 5918
1619555569938390131 6350
1619555570017804438 4273
1619555570255980069 7213
1619555570428906848 3561
1619555570457627872 4800
1619555570678307505 11988
1619555570871557266 5292
1619555571109022326 4419
1619555571416224330 5105
1619555571480397374 4340
1619555571763378693 5204
1619555571887824543 6226
1619555571950625716 5931
1619555571964243035 4892
1619555572575822399 5222
1619555572945492521 5082
1619555573161409873 3409
1619555573486120429 4077
1619555573560209865 3500
1619555573705482425 7017
1619555573781154742 3748
1619555573835629965 4659
1619555573944443446 4868
1619555574220006937 11786
1619555574253200779 3825
1619555574456604813 5664
1619555574742887652 11357
1619555574750169142 5188
1619555574936591072 6029
1619555575106459440 5193
1619555575223174173 9002
1619555575252163828 4936
1619555575466466155 5501
1619555575514228057 18997
1619555575600500553 4402
1619555575776900705 4724
1619555576294510373 3796
1619555576493018414 5337
1619555576965280822 6115
1619555576991958917 4912
1619555577037429304 6086
1619555577269425686 7077
1619555577328785632 10737
1619555577531236279 5866
1619555577670874747 4171
1619555577890398029 6899
1619555578367722378 4763
1619555578593369837 6893
1619555578630510018 5524
1619555578772065106 4422
1619555578841215873 4916
1619555578862738392 5260
1619555579217076923 4966
1619555579944641916 5615
1619555580022589823 4867
1619555580421353653 4661
1619555580740416986 3706
1619555580988347303 5610
1619555581032869848 4545
1619555581131613146 5537
1619555581353259829 6632
1619555581375114625 4397
1619555581436216396 3419
1619555581631316723 4766
1619555581739448313 4430
1619555581776134708 4746
1619555581804028791 4572
1619555582176667530 4622
1619555582532683181 6577
1619555582710317481 16469
1619555582716670500 4254
1619555582946679885 4711
1619555583136769494 5454
1619555583301804307 4959
1619555583608136875 4965
1619555583708317231 7794
1619555583939645427 6837
1619555583965395991 5269
1619555584461533053 6313
1619555584508952580 5371
1619555585097087055 6343
1619555585126071423 6660
1619555585311450599 6988
1619555585644699370 4802
1619555585844631592 6765
1619555585851056524 4161
1619555585878405557 5121
1619555586533334739 5513
1619555586924596725 8364
1619555586972999466 6534
1619555587029102072 4786
1619555587068862218 5959
1619555587253720993 4801
1619555587290768488 4474
1619555587613603352 13909
1619555587742459584 5316
1619555587883701453 4336
1619555588237726822 4295
1619555588417385293 5702
1619555588476295727 4754
1619555588756936147 5237
1619555588794110065 4185
1619555588807476814 4223
1619555588949897094 6000
1619555588986879330 4738
1619555589091433049 6487
1619555589151895131 5456
1619555589330313821 3283
1619555589419739070 4420
1619555589621082438 4710
1619555589642719984 5728
1619555589769588898 6039
1619555589977580943 4306
1619555590123176572 5404
1619555590163152758 3312
1619555590311316770 5348
1619555590428971128 5081
1619555590583682726 10106
1619555590823473748 4423
1619555591015168219 9418
1619555591339580394 4360
1619555591509725999 9904
1619555591744249556 4682
1619555591823704330 4896
1619555591870350203 5394
1619555592078918884 3798
1619555592116316446 7817
1619555592636230518 5098
1619555592643554474 5196
1619555592689537792 5188
1619555592702239854 3835
1619555592710095361 5824
1619555592730464666 4667
1619555592882179831 4327
1619555593181821686 5264
1619555593242366043 4600
1619555593970791209 4204
1619555594010603682 5501
1619555594092035830 4425
1619555594228228823 5652
1619555594249126407 5043
1619555594300466724 5932
1619555594640446870 9057
1619555595134412289 5899
1619555595250112018 3780
1619555595348748485 3221
1619555595530263700 5090
1619555595557494267 5934
1619555595612241010 18594
1619555595713236848 4054
1619555595861040130 4237
1619555595889663708 4920
1619555596062066035 4374
1619555596553256056 5426
1619555596787120503 4678
1619555597200325710 6829
1619555597360443600 4870
1619555597436253238 6794
1619555597600579237 4527
1619555597772596462 2889
1619555597793849297 5672
1619555597896236709 12973
1619555597960839825 3644
1619555598139924043 5356
1619555598174516069 6917
1619555598395009735 6767
1619555598443461436 4667
1619555598517410087 4162
1619555598659584495 4419
1619555598699017885 4806
1619555598747078745 4943
1619555598914994712 4158
1619555599051847377 3824
1619555599183777357 4293
1619555599212305209 4898
1619555599348540170 4932
1619555599487626891 5834
1619555599507571289 4817
1619555599546859974 4040
1619555599679293624 5664
1619555599910132833 3827
1619555599924150335 4959
1619555600036662847 10506
1619555600050237600 4148
1619555600228315513 4443
1619555600760242361 5230
1619555600818016804 4474
1619555600927881529 7471
1619555600999760762 5497
1619555601162681926 3723
1619555601170703257 5989
1619555601367812246 4423
1619555601648351916 6730
1619555601684599023 4844
1619555601899766329 5259
1619555602198594348 4849
1619555602387461972 5064
1619555602459386822 4575
1619555602465857530 4338
1619555602618765745 4624
1619555602626113316 5083
1619555602730253821 5724
1619555602738553440 6260
1619555602835416985 4184
1619555603075223552 4135
1619555603150432180 3503
1619555603234620910 6513
1619555603566477273 4018
1619555603780397378 4214
1619555603842104448 4586
1619555604313842753 4922
1619555604447640131 4731
1619555604453442887 3730
1619555604499551010 5173
1619555604777579621 5453
1619555605221264884 5969
1619555605431208565 5443
1619555605557619994 3716
1619555605574292014 7128
1619555605642477132 5384
1619555605703498650 3878
1619555605725202990 5846
1619555606257104819 6547
1619555606955361249 4567
1619555607021881129 5088
1619555607056130893 4612
1619555607123993616 5638
1619555607458087316 5326
1619555607800981273 4526
1619555607954538688 4227
1619555607977034372 4940
1619555608028762086 4754
1619555608189744891 4516
1619555608364170440 4733
1619555608776520737 4530
1619555608834403705 6768
1619555609355719415 4153
1619555609369957654 4534
1619555609457957931 5025
1619555609692965317 4585
1619555609873648338 5012
1619555609996221289 5348
1619555610302710988 4216
1619555610450835957 4439
1619555610458045908 5067
1619555610501487846 4946
1619555610559864831 4370
1619555610615811435 4150
1619555610815547214 6398
1619555610823825933 6196
1619555610828971200 3032
1619555610843221654 4293
1619555611127099025 4529
1619555611291942574 4986
1619555611458852125 7460
1619555611589259585 8959
1619555611595703842 4412
1619555611679297728 4691
1619555611717181425 7413
1619555611735837699 9273
1619555611993232900 10082
1619555612032868706 6516
1619555612088904608 5111
1619555612169601285 7189
1619555612415829517 7077
1619555612599182724 5148
1619555612696890516 5057
1619555612767632487 5326
