1619557059942473594 4817
1619557060613377812 13179
1619557060826377446 5840
1619557060836833372 8423
1619557060945319126 5924
1619557061253884223 8619
1619557061260494609 4569
1619557061273805975 4799
1619557061457448667 5128
1619557062131721608 4964
1619557062468075670 7718
1619557062541602013 3823
1619557062590756567 5224
1619557062618807745 5971
1619557062655362157 5832
1619557063058555625 4945
1619557063128558236 6017
1619557063135504079 4887
1619557063431708861 9577
1619557063473051692 5007
1619557063508143129 7480
1619557063552801778 4847
1619557063631352458 5707
1619557063677292918 7564
1619557064052386154 5696
1619557064205871762 4187
1619557064391379000 4676
1619557064406130799 5536
1619557064640993060 4866
1619557064665546602 7601
1619557064874075215 11385
1619557065240993259 4209
1619557065469442942 5556
1619557065578436355 4604
1619557065659733280 10631
1619557065921615848 7308
1619557066023218531 8856
1619557066048756303 5097
1619557066058114252 7213
1619557066213175357 4809
1619557066228214482 3868
1619557066324716001 6074
1619557066633221724 6375
1619557066961663266 5094
1619557067765238396 9366
1619557068246018631 5775
1619557068923256959 6724
1619557069695222656 5225
1619557069863378467 5419
1619557069944080154 5143
1619557070042482859 5737
1619557070544998571 5136
1619557070668716364 5901
1619557070934784712 5278
1619557070942048308 5206
1619557070960235387 8415
1619557071023624676 4162
1619557071147858936 11453
1619557071712441068 6750
1619557071735298206 4650
1619557071750565447 5391
1619557071902784367 4636
1619557071965903484 8723
1619557072055542264 4478
1619557072413254880 6912
1619557072540639357 6394
1619557072671316650 6897
1619557072839122908 5946
1619557073085626660 7096
1619557073192978878 5186
1619557073379414685 5833
1619557073622880619 6499
1619557073883461294 7573
1619557074045163114 7512
1619557074322257221 4689
1619557074587169450 4798
1619557074753956552 6207
1619557074820707512 4550
1619557075558104238 4826
1619557075573306634 6532
1619557076096839071 5307
1619557076105372571 6455
1619557076121658324 6827
1619557076352589846 4406
1619557076527239862 6508
1619557076681274569 4746
1619557076912546581 28597
1619557076968967948 8644
1619557077088054021 7063
1619557077135953482 4513
1619557077298054085 6939
1619557077321055986 5421
1619557077674830572 5249
1619557077972669702 6958
1619557078279445056 6325
1619557078465607695 6112
1619557078521697379 7119
1619557078630983477 4638
1619557078947452656 6905
1619557079390781584 5968
1619557079755257742 6216
1619557079903205628 5567
1619557080015148100 5185
1619557080072923513 6966
1619557080663081342 4202
1619557080756160571 5583
1619557080804070020 6229
1619557080825030868 5662
1619557081035836095 6984
1619557081324865777 7177
1619557081360495461 5660
1619557081457748202 6040
1619557081596647324 4545
1619557081957466523 4115
1619557082016224988 5508
1619557082328062514 4897
1619557082370323448 5893
1619557082475157079 9158
1619557082625242853 5868
1619557082800747456 5453
1619557083038984546 7257
1619557083065968495 7397
1619557083231566390 4229
1619557083783773428 4912
1619557083869176407 5184
1619557083887340005 5969
1619557084359122228 4410
1619557084388561568 4968
1619557084412767920 6204
1619557084826249323 4752
1619557084991818417 6471
1619557085071863500 6093
1619557085082360146 8464
1619557085149889946 5224
1619557085279558026 5100
1619557085340539155 4931
1619557085464483557 6603
1619557085518980131 5731
1619557085662980333 4725
1619557086023890547 4397
1619557086216287050 4457
1619557086627115570 5865
1619557086990464106 7960
1619557087092265229 5916
1619557087368605856 5276
1619557087479998977 5709
1619557087489736930 7628
1619557087560873577 7035
1619557087763970365 6576
1619557087779996352 5436
1619557087878131731 6242
1619557088093633812 5269
1619557088115742265 5169
1619557088564945061 4397
1619557088681065964 5118
1619557089130313135 8024
1619557089225416143 6352
1619557089416953074 10479
1619557089447536319 5925
1619557089636947107 4551
1619557089912742886 5164
1619557089983941361 5350
1619557090044507350 3847
1619557090081775313 7660
1619557090133045683 6893
1619557090275366252 7387
1619557090339862121 5446
1619557090425912755 5684
1619557090718685772 4495
1619557090750088466 4141
1619557090993911612 5392
1619557091010939857 6396
1619557091204586586 7414
1619557091347910824 4053
1619557091722071147 10693
1619557091751704198 5661
1619557091769364371 8500
1619557091837085782 5729
1619557091845044855 5846
1619557091890066053 16035
1619557092205461503 13088
1619557092438851513 10582
1619557092653315468 4922
1619557092837002676 5523
1619557093181338464 7777
1619557093256138207 7026
1619557093272388062 5486
1619557093561832760 4791
1619557093570250245 6320
1619557093627004627 13507
1619557094159454697 4955
1619557094319840334 13145
1619557094389608100 5373
1619557094520195309 7254
1619557094573664123 4331
1619557094921795337 3860
1619557095125707899 4300
1619557095182986603 7629
1619557095605072630 3611
1619557095724609100 4865
1619557095917578504 6695
1619557096192318774 5022
1619557096573977628 4382
1619557096780843617 5400
1619557097406528124 8535
1619557097507172344 6922
1619557097568641790 4977
1619557097586574751 5471
1619557097631083174 4174
1619557098020369518 5284
1619557098231904765 4819
1619557098526905004 7163
1619557098757568099 5363
1619557098927270440 6075
1619557099138990831 6481
1619557099176741774 6292
1619557099217042972 4731
1619557099271907922 7547
1619557099721744711 6165
1619557099932401447 8694
1619557099949068017 5898
1619557099966760738 8037
1619557100366254323 6050
1619557100417250413 12660
1619557100639149169 5802
1619557101001537761 5739
1619557101042815022 6397
1619557101077478788 12247
1619557101510846801 33346
1619557101533290114 5228
1619557101756771635 4310
1619557102079924121 4959
1619557102096166271 5648
1619557102120727425 5679
1619557102248597403 4998
1619557102400809984 3251
1619557102612960060 6830
1619557102918160139 4941
1619557103028997661 7315
1619557103046306713 7840
1619557103098538332 4558
1619557103452204479 4801
1619557103645852094 7149
1619557103769820987 6109
1619557104045314840 4827
1619557104135773814 3945
1619557104447828337 4706
1619557104745863252 9586
1619557104825577386 6139
1619557104950064648 8309
1619557105052747132 6883
1619557105258553047 4777
1619557105481290678 8068
1619557105648797884 5060
1619557106065226876 8055
1619557106111390089 44123
1619557106339581111 7790
1619557106431337856 6459
1619557106973926421 5340
1619557107104187293 8087
1619557107777296603 5940
1619557108158646484 3293
1619557108320736415 6226
1619557108476471532 5257
1619557108555198460 6962
1619557108615192155 7617
1619557108739727449 5198
1619557108779667467 6234
1619557108851874899 5839
1619557109068844202 8448
1619557109593724034 5095
1619557109862974212 4416
1619557110041542536 5107
1619557110234443338 4982
1619557110322182421 7391
1619557110378146693 5786
1619557110657022825 6783
1619557110854251664 9988
1619557110861719142 5352
1619557110932418271 5430
1619557110964146818 5984
1619557111316131354 5366
1619557111381301669 5356
1619557111450986396 5720
1619557111556398047 8055
1619557111880850220 7523
1619557111907094098 9190
1619557112120089368 6331
1619557112181260562 7972
1619557112279642720 5267
1619557112345294742 4883
1619557112527522263 5443
1619557112959912161 6322
1619557113036904042 6245
1619557113235911468 4891
1619557113626329886 5176
1619557114009430777 5989
1619557114042407592 5784
1619557114345825586 4476
1619557114418013157 4882
1619557114500378922 6606
1619557114938110631 4599
1619557114967511333 4749
1619557114977352790 7815
1619557115021185866 5200
1619557115270135978 5270
1619557115284195434 4784
1619557115451139390 6111
1619557115635720247 4419
1619557115666832418 6257
1619557115686515474 5569
1619557115908326548 5548
1619557116034912610 4862
1619557116171314692 4600
1619557116178391346 4965
1619557116541338061 4825
1619557116693910515 6267
1619557116808821557 5610
1619557116911596143 9605
1619557116956094107 4396
1619557117146923467 3981
1619557117161815969 4746
1619557117221705630 4875
1619557117236400817 5179
1619557117407017480 5472
1619557117418260184 9212
1619557117439356168 4525
1619557117591192914 4631
1619557117609247981 4591
1619557117653959267 7370
1619557117781645616 4668
1619557117974594427 7597
1619557118189352061 4505
1619557118203145831 4176
1619557118233589848 5488
1619557118306231720 6348
1619557118326529265 5776
1619557118419620137 7769
1619557118576982457 4590
1619557118585830526 6785
1619557118593289291 5346
1619557118771883822 5861
1619557119180459287 6280
1619557119425759922 6727
1619557119483789503 4426
