1619653045946539490 4689
1619653046246313356 7334
1619653046348156636 7223
1619653046392470027 6074
1619653046491887287 6535
1619653046536341149 9941
1619653046919540111 5289
1619653047017963866 5438
1619653047316296222 8348
1619653047618232522 9986
1619653047625518644 5127
1619653047681055919 25891
1619653047801663612 9710
1619653047959102170 6449
1619653048030555181 10500
1619653048493547118 6250
1619653048784523437 7236
1619653049058681648 7028
1619653049175571769 13099
1619653049367819133 6800
1619653049382404869 4473
1619653049822778594 4792
1619653050050769521 8289
1619653050081228697 6445
1619653050251467043 5036
1619653050338145041 6857
1619653050475750749 30179
1619653050632046627 6713
1619653050833571863 5026
1619653050995064336 5138
1619653051045693588 6698
1619653051287877705 7009
1619653051380707850 13496
1619653051617656650 9656
1619653051653987908 6640
1619653051919571649 5517
1619653052023854159 5715
1619653052037313609 4908
1619653052091552984 6758
1619653052494893573 5885
1619653052789650047 4244
1619653053181750904 5088
1619653053574577382 27626
1619653054089910932 5513
1619653054190045182 8848
1619653054204985581 5115
1619653054285394151 5841
1619653055097478838 5115
1619653055228518492 5679
1619653055416063443 9442
1619653055533969867 5580
1619653055597878200 6023
1619653055873056836 23741
1619653056025337275 5724
1619653056041331277 5458
1619653056447392920 4997
1619653056533879706 8446
1619653056836136357 6296
1619653056844968456 6804
1619653057203149784 5994
1619653057585569555 5737
1619653057619324988 10003
1619653057643419848 8591
1619653057680258768 23286
1619653057741290990 10903
1619653058124902058 6608
1619653058235232488 6822
1619653059478778073 15876
1619653059714516544 5118
1619653059811871516 9349
1619653060111461096 7071
1619653060302567111 6038
1619653060405587726 8436
1619653060497747877 5795
1619653060661865726 6599
1619653061160529623 4991
1619653061324413398 6039
1619653061394254666 4819
1619653061412211745 5890
1619653061470006000 5760
1619653061583353188 5078
1619653061844738108 6228
1619653061919919524 6118
1619653061952810227 6814
1619653062186887105 7424
1619653062240663527 5236
1619653062286821781 5949
1619653062477999224 4521
1619653063135500101 6638
1619653063974857370 4685
1619653064040610797 5637
1619653064427618737 4731
1619653064608083745 5290
1619653064633028798 5615
1619653064668136463 7247
1619653065012683986 6049
1619653065217108002 6705
1619653065245112758 5784
1619653065277959207 14544
1619653065507800389 5281
1619653065931929856 5775
1619653066188147988 5345
1619653066658839120 5199
1619653067016324393 6262
1619653067105441243 12401
1619653067228479630 6183
1619653067464334254 5497
1619653067761458488 6784
1619653068030069458 12710
1619653068221384432 9210
1619653068376809088 7734
1619653068567218528 6265
1619653068582385723 4895
1619653068730236698 4795
1619653068811897708 7437
1619653069078350173 7558
1619653069225292801 6980
1619653069414437985 5208
1619653070269725946 4963
1619653070469992371 5779
1619653070614752437 11564
1619653070695947274 9200
1619653070930566804 5805
1619653070976686282 34174
1619653071086204680 6162
1619653071294877620 6828
1619653071378500484 37851
1619653071614906078 5514
1619653071750393181 7172
1619653072337329055 4563
1619653072479015763 4959
1619653072670891905 5514
1619653072883314284 3787
1619653073031120895 7870
1619653073125415597 6902
1619653073472858372 6865
1619653073582942156 4857
1619653073827224363 6742
1619653073894529227 5735
1619653073996682376 5356
1619653074195985031 6733
1619653074476322467 7988
1619653074506358305 6655
1619653075185222291 6755
1619653075192840890 5487
1619653075392506478 6727
1619653075514543051 5697
1619653075698087705 5521
1619653076032463943 5808
1619653076059243393 7551
1619653076184418977 25294
1619653076191858248 5359
1619653076256708101 8545
1619653076730115809 7572
1619653076937749620 8283
1619653077040521731 7104
1619653077518883148 5005
1619653077891507656 6538
1619653077907840309 5649
1619653077928359695 8698
1619653078000012497 6538
1619653078212404098 5539
1619653078241902821 4448
1619653078412891793 4732
1619653078721482720 4918
1619653078735661327 5345
1619653078901506600 8846
1619653079303082768 4635
1619653079326333051 4917
1619653079350858197 6739
1619653079867106630 14171
1619653079894992938 7842
1619653080109244244 4681
1619653080119328433 7980
1619653080213712954 5355
1619653080266403903 7662
1619653080383768181 5321
1619653080398962524 5768
1619653080409241058 8120
1619653080502341970 4415
1619653080747726861 4911
1619653081022435459 6532
1619653081052170470 4884
1619653081061674321 7353
1619653081484650387 6808
1619653081608554835 6121
1619653081879837414 37188
1619653082226705254 8501
1619653082490987181 5254
1619653083345392758 5567
1619653083478420970 27008
1619653083594884679 5931
1619653083650315796 8359
1619653083734763533 4650
1619653083881321268 28755
1619653084373525640 9091
1619653084400162674 4897
1619653084493137834 7651
1619653084533705957 5745
1619653084609080978 5393
1619653084616846879 5696
1619653084741833994 9852
1619653084974000058 36047
1619653085334256970 7174
1619653085400558250 5538
1619653085489520812 6005
1619653085913480348 6007
1619653085933953157 9380
1619653086038271898 4803
1619653086145431329 5722
1619653086609629193 5600
1619653086749156729 5218
1619653087227156395 8289
1619653087339070235 9408
1619653087937995286 7210
1619653088120639142 4850
1619653088156454985 5386
1619653088163679813 5149
1619653088293580149 5743
1619653088722999125 5366
1619653088818146083 4876
1619653088824829798 4523
1619653088855604963 5133
1619653089035764448 9861
1619653089212672804 4424
1619653089239634179 4835
1619653089754093721 4570
1619653089885792056 11505
1619653090710013249 6816
1619653090997726295 4932
1619653091044514593 7680
1619653091320211506 5460
1619653091677559324 34750
1619653091819937030 5080
1619653091982700628 6266
1619653092012126838 4830
1619653092517648291 4486
1619653092779035407 3698
1619653093181255399 6237
1619653093194550611 5096
1619653093330951670 6111
1619653093614134714 6413
1619653094241509183 4861
1619653094323723007 6829
1619653094485430883 4602
1619653095530845427 8317
1619653095636736892 9333
1619653095773900024 15433
1619653095821337406 11176
1619653095958160531 7800
1619653095966236744 5955
1619653096201721898 7704
1619653096284631278 11261
1619653096309272810 7025
1619653096413521304 4689
1619653096536292142 8067
1619653096604196406 6605
1619653096905844787 5698
1619653097131129155 4666
1619653097899490787 9928
1619653098128978204 5836
1619653098861816710 6421
1619653098985810230 3795
1619653099001053599 5079
1619653099063407184 6030
1619653099353128957 5641
1619653099405498752 4712
1619653099523869014 4535
1619653099735040755 5425
1619653099884111544 5940
1619653099910720058 8270
1619653100187573298 4375
1619653100300083371 6396
1619653100349974538 4592
1619653100543226169 4613
1619653100732769408 5282
1619653100880097955 12666
1619653100922997304 3211
1619653101194986117 4780
1619653101252108317 5182
1619653101330892627 8194
1619653101700618380 4904
1619653101740960898 5812
1619653101875372784 5619
1619653101882503845 5034
1619653102139834039 5443
1619653102278644440 31073
1619653102292644122 4963
1619653102383685382 5203
1619653103084672941 4807
1619653103123112583 4968
1619653103140395524 6352
1619653103614375618 5800
1619653104130945403 5530
1619653104314556222 7418
1619653104576257121 6675
1619653104725925400 5242
1619653104834517564 6456
1619653105026264599 4751
1619653105153332022 5537
1619653105183601851 20058
1619653105204313120 4843
1619653105244387552 4606
1619653105668363897 5948
