1619547640579587777 3944
1619547640814075408 2565
1619547640924841207 2644
1619547641001723908 3482
1619547641072280295 3068
1619547641150728893 5299
1619547641614961179 2362
1619547641664838370 3541
1619547641705218920 3124
1619547641721196829 3834
1619547641778412352 3034
1619547641891862831 3803
1619547642114322786 3148
1619547642119680057 3188
1619547642150069437 2555
1619547642256844256 3592
1619547642268237960 3599
1619547642613836235 3821
1619547642889534435 3579
1619547642916575763 2494
1619547643071645309 3206
1619547643133171334 3819
1619547643266730241 3695
1619547643473043963 2675
1619547643507605182 3153
1619547643563632623 2225
1619547643640549129 4788
1619547643646203467 3449
1619547643785267515 4223
1619547643831646928 3611
1619547643838372996 4545
1619547643993211930 3857
1619547644009825249 2757
1619547644041983010 3541
1619547644158052433 4258
1619547644634009767 4347
1619547644700541071 3361
1619547644750515484 3595
1619547644840304718 3477
1619547644867901433 3526
1619547645101042913 2949
1619547645198328184 3860
1619547645593786346 3719
1619547645679164811 4070
1619547645685702028 4300
1619547645702778582 2766
1619547645830574306 2409
1619547645967211830 3144
1619547646033562695 3454
1619547646128265381 3070
1619547646236388975 3626
1619547646440569661 3127
1619547646462834688 3026
1619547646492880678 3755
1619547646497820514 2768
1619547646596856909 4876
1619547646775642762 4220
1619547646840794790 3162
1619547646908217142 3793
1619547646956260385 3432
1619547647015388346 3263
1619547647082077244 3315
1619547647199546276 3598
1619547647239712386 3412
1619547647344272656 2091
1619547647377043494 2683
1619547647531285679 2894
1619547647594324955 3409
1619547647598606698 2091
1619547647820754356 5022
1619547647898888875 2846
1619547648112439101 3853
1619547648300481286 3710
1619547648318529482 4253
1619547648373632235 3234
1619547648422770616 3454
1619547648514730448 3300
1619547648572114706 4185
1619547648589644486 3482
1619547649196045848 3741
1619547649201947014 3805
1619547649314998286 3111
1619547649421141019 4092
1619547649863548329 3502
1619547649950921596 2761
1619547649989764071 3587
1619547650005715623 2697
1619547650011109734 3244
1619547650576102051 3538
1619547650601522331 2700
1619547650668138746 3457
1619547650705521900 2618
1619547650747108687 4769
1619547650781560542 2526
1619547650830816256 3351
1619547651026235561 2539
1619547651208262565 2406
1619547651365794104 2461
1619547651370496466 2564
1619547651611102630 3970
1619547651662627933 3298
1619547651673209182 2910
1619547651715161120 4152
1619547651903648692 2581
1619547651929588231 2598
1619547652028215746 2619
1619547652296586382 2923
1619547652366186885 3267
1619547652552641030 2111
1619547652645456174 3805
1619547653083569810 3051
1619547653199619391 2767
1619547653368338194 3618
1619547653579624363 3441
1619547653585378493 3545
1619547653999279520 3467
1619547654035084452 4352
1619547654078638416 2582
1619547654089372067 3571
1619547654190554538 3234
1619547654208205565 3448
1619547654361719826 2778
1619547654516582226 3719
1619547654596322970 3329
1619547654616256228 5758
1619547654712561852 2328
1619547654918928735 3331
1619547655080943816 4751
1619547655476340925 3655
1619547655480729608 2243
1619547655485575666 2710
1619547655523558021 3604
1619547655555993306 3541
1619547655684311636 2965
1619547655720291721 3621
1619547656185086515 6372
1619547656326343439 2803
1619547656673201759 2838
1619547656840023200 2956
1619547656895078692 3135
1619547657058858841 3583
1619547657437170879 3718
1619547657477984073 3836
1619547657550031131 3036
1619547657682547704 2789
1619547657844110947 2462
1619547657880425557 2896
1619547658003325119 3955
1619547658014873611 3492
1619547658099303464 2358
1619547658104783978 3420
1619547658117807399 5118
1619547658200141383 3495
1619547658246993975 5700
1619547658302672079 3791
1619547658331359114 3157
1619547658486771136 3163
1619547658671968583 3968
1619547658800552984 3532
1619547659107753875 6223
1619547659113031908 3161
1619547659339399318 3645
1619547659355374020 3624
1619547659484562942 3299
1619547659579846725 4090
1619547659653732533 3237
1619547659934904665 3389
1619547660062031833 3842
1619547660234006406 3876
1619547660664269840 3705
1619547660717059946 3743
1619547660731749291 2690
1619547660876733164 3276
1619547660961055951 3193
1619547660977679512 2865
1619547660983340704 3515
1619547661007251257 3935
1619547661033122801 2388
1619547661060097148 3286
1619547661228048967 3427
1619547661233944713 3650
1619547661291414490 3467
1619547661363764167 4038
1619547661394512197 2578
1619547661489930496 3575
1619547661495231960 3107
1619547661591756576 2214
1619547661637259570 3768
1619547661727308951 3877
1619547661733200732 3625
1619547661773153419 6064
1619547661968625044 3283
1619547662291827599 3018
1619547662385350009 2362
1619547662546955824 3672
1619547662575160235 2030
1619547662598164882 3895
1619547662650504369 2274
1619547662787754648 3662
1619547662882042204 2978
1619547663121061734 3480
1619547663163005362 3659
1619547663346488270 2586
1619547663398534822 3937
1619547663465996977 3635
1619547663596125554 2274
1619547663796563526 3516
1619547663830493230 2715
1619547663891610333 4237
1619547663973589860 3527
1619547664012860977 3674
1619547664111128909 4021
1619547664117015755 3630
1619547664162655668 3674
1619547664193495173 2762
1619547664241063008 3351
1619547664343442947 2750
1619547664416063771 3706
1619547664590775847 3193
1619547665009308004 3966
1619547665054706514 3560
1619547665142862226 3437
1619547665245580526 3778
1619547665467991765 3537
1619547665520683828 3315
1619547665593319195 3043
1619547665599366593 3862
1619547665769825259 3341
1619547665775187199 3223
1619547665929189441 3563
1619547666183254315 3288
1619547666253006701 3822
1619547666325618975 5793
1619547666348081954 3148
1619547666414451314 2176
1619547666545412666 3469
1619547666619066682 3845
1619547666624093108 2938
1619547666630220645 3933
1619547666666131626 2776
1619547666928206862 3446
1619547667079571385 3609
1619547667241411615 3599
1619547667295914809 3954
1619547667312111734 4173
1619547667322496269 3116
1619547667333881099 3632
1619547667400320303 3030
1619547667696492155 3653
1619547667702143830 3520
1619547667915339720 3552
1619547667994770172 2900
1619547668090836336 3574
1619547668324545297 3459
1619547668588333394 4010
1619547668605366007 3549
1619547668852391312 3653
1619547668911520216 3700
1619547668970453946 3239
1619547669090198755 3604
1619547669214983887 4125
1619547669270664373 2538
1619547669580801635 3332
1619547669591675545 3483
1619547669628139777 3688
1619547669805412240 3418
1619547669979136232 3454
1619547670164758476 3390
1619547670466794659 3449
1619547670613033858 3127
1619547670629777220 3373
1619547670764889070 2882
1619547670873859971 3688
1619547670998900401 3621
1619547671349661697 4395
1619547671415487346 2403
1619547671926688562 3297
1619547671973678246 3780
1619547672185184726 2267
1619547672311878581 3768
1619547672408047169 2742
1619547672513506704 3694
1619547672729628259 4208
1619547673449155750 2177
1619547673493557022 3088
1619547673524265387 2642
1619547673704781043 2872
1619547673761134036 3632
1619547673778149833 3289
1619547673908757003 3351
1619547674095169640 2835
1619547674123600899 3015
1619547674146062556 2963
1619547674242002521 3524
1619547674247767413 3575
1619547674336274684 2736
1619547674381816669 3639
1619547674387749068 3805
1619547674452926362 3671
1619547674471483325 2099
1619547674631080879 5034
1619547674770506686 3457
1619547674949688219 3810
1619547674986577685 2347
1619547675133945528 3317
1619547675402652119 3872
1619547675522787643 2117
1619547675554243016 3129
1619547675684921261 2782
1619547675701889237 3897
1619547675725021455 4205
1619547675808682357 4211
1619547675925353388 4603
1619547676097820573 3362
1619547676287416244 3809
1619547676487968108 3576
1619547676593198194 3170
1619547676633160259 3021
1619547676672915627 3511
1619547676723648616 3797
1619547676909962416 3734
1619547677320512712 2534
1619547677758559766 3551
1619547677786001145 3404
1619547677806738943 4001
1619547677862194273 2841
1619547677887692143 3700
1619547678002019601 3618
1619547678061801643 4212
1619547678322162636 2759
1619547678365682641 3658
1619547678586996601 3612
1619547678610868486 4642
1619547678669040566 4611
1619547678702186609 3443
1619547679293597679 2999
1619547679902751600 2279
1619547679961611675 3169
1619547680173148480 3363
1619547680321679495 3292
1619547680446804258 2763
1619547680473605923 3681
1619547680643635961 3954
1619547680966902869 3191
1619547680996025857 3122
1619547681121783495 2749
1619547681404358440 3840
1619547681472742836 2844
1619547681540415007 3572
1619547681609091067 3988
1619547681681112158 3934
1619547681738664309 4078
1619547682023676074 2492
1619547682049598604 3215
1619547682060393780 2974
1619547682263169674 3480
1619547682299096944 3782
1619547682339967567 3231
1619547682394225525 4893
1619547682491228610 3157
1619547682515002659 3089
1619547682556099480 3699
1619547682641007112 3726
1619547682760198239 3536
1619547682771154747 3198
1619547682978092063 3063
1619547683068712313 3493
1619547683140510180 3487
1619547683206618405 3658
1619547683233885810 3377
1619547683619313277 3970
1619547683739196997 3731
1619547683830400026 3594
1619547683885489271 2938
1619547683891292630 3657
1619547684213747992 3632
1619547684342901310 4032
1619547684392767064 2861
1619547684397759287 2818
1619547684433436815 3468
1619547684450536896 3621
1619547684509773666 3143
1619547684592876344 4092
1619547684642178043 3357
1619547684685558377 3515
1619547684705214569 3060
1619547684834595283 3025
1619547684861244208 3490
1619547685127019205 3515
1619547685216311952 2367
1619547685265415416 4158
1619547685303022665 2420
1619547685399639455 3310
1619547685411197584 3229
1619547685434310874 3865
1619547685740581912 3362
1619547685776872325 4187
1619547685787013796 2306
1619547686075526673 3289
1619547686116309875 3666
1619547686225514733 2820
1619547686286906080 2490
1619547686437591031 3839
1619547686526905707 3216
1619547686702357160 3106
1619547686788963587 2896
1619547687122720192 3225
1619547687246539405 3105
1619547687397152611 3161
1619547687527562375 2950
1619547687806896823 10452
1619547687863358422 3334
1619547687930503534 2937
1619547688124431601 3821
1619547688293989020 3165
1619547688407349446 3113
1619547688644133805 3366
1619547688714598516 3701
1619547688967650559 3460
1619547688991090873 3895
1619547689135210782 3125
1619547689336132479 2424
1619547689351882342 2913
1619547689384187430 3438
1619547689486778670 3743
1619547689493064810 4027
1619547689580093817 3468
1619547689796364781 3327
1619547689920085130 3802
1619547690131683577 2688
1619547690172696665 2976
1619547690188525404 2768
1619547690224402817 3606
1619547690230193101 3669
1619547690240077382 2769
1619547690306032951 2972
1619547690478393737 2502
1619547690498561099 2874
1619547690559904006 4378
1619547690636481534 3304
1619547690788937597 4068
1619547690823188895 3889
1619547690903545937 2952
1619547690937855001 4644
1619547691111497573 2294
1619547691117243810 3685
1619547691231565109 3445
1619547691306417025 3883
1619547691344138682 4615
1619547691361484337 3730
1619547691386017653 4047
1619547691436026579 3090
1619547691553968067 2862
1619547691616303844 3447
1619547691942962618 3392
1619547692046837583 3324
1619547692202658451 3590
1619547692417237428 4847
1619547692606495654 3218
1619547692772422925 3450
1619547692783609343 3205
1619547692843154908 3641
1619547693079451531 3079
1619547693157237952 3689
1619547693196026281 3101
1619547693206122687 2891
1619547693210909797 2618
1619547693223152740 3622
1619547693295516257 3524
1619547693349879337 3179
1619547693412667586 3120
1619547693469283957 3696
1619547693588628404 3569
1619547693731080298 3334
1619547693742782784 3947
1619547693859165135 3538
1619547693896305999 3826
1619547693957418580 3556
1619547694251165427 3924
1619547694282551333 2767
1619547694338453623 2962
1619547694473079158 3933
1619547694694150511 2226
1619547694885426506 4277
1619547694898321943 4781
1619547694945210297 3014
1619547695298072566 3565
1619547695370337088 2509
1619547695406844734 3889
1619547695495848134 3104
1619547695560934693 2218
1619547695736176508 2948
1619547695903459795 2785
1619547696281167510 2239
1619547696465996402 2899
1619547696542997616 3626
1619547696637963766 3014
1619547696727294047 2675
1619547697385983318 2175
1619547697431281549 3060
1619547697609227786 4176
1619547697874816138 3518
1619547697908838068 3872
1619547697929938364 2958
1619547698169746524 3117
1619547698281664364 3160
1619547698313013212 4000
1619547698341714763 3101
1619547698509491252 3981
1619547698580592264 4084
1619547698652844523 3513
1619547698768120493 3146
1619547698878171068 3844
1619547699290517031 3341
1619547699301336708 3281
1619547699483474177 2766
1619547699568812853 2605
1619547699615681320 2948
1619547699780673732 2451
1619547699818921411 3545
1619547699881937893 2749
1619547700023232044 2145
1619547700101387007 3338
1619547700142518181 2862
1619547700299542621 2309
1619547700305319440 3592
