1619030286961155248 615
1619030286987574297 2593
1619030287002469248 1598
1619030287010550417 1593
1619030287039934687 2540
1619030287052588467 3039
1619030287090053606 4287
1619030287152140893 4454
1619030287323444908 93
1619030287351495110 2157
1619030287727468419 1778
1619030287818544981 2611
1619030288228478087 141
1619030288259278331 83
1619030288313293865 949
1619030288469411672 2144
1619030288541536735 2272
1619030288615721699 1457
1619030288708563976 2448
1619030288806528352 3219
1619030288816686442 1244
1619030288964186423 2271
1619030289052865228 1716
1619030289260692056 1409
1619030289373446477 2686
1619030289614975909 1054
1619030289712292063 1589
1619030289764461261 926
1619030289782648693 2760
1619030289963716877 3258
1619030290033655839 2706
1619030290069026795 1689
1619030290238948892 2122
1619030290261916595 4608
1619030290290896953 2352
1619030290406923229 2672
1619030290579102395 2295
1619030290779730650 2353
1619030290858623221 2325
1619030291013594626 2598
1619030291034780224 1623
1619030291157952723 2097
1619030291576074190 3118
1619030291594074298 2169
1619030291700319861 3601
1619030291750561589 4095
1619030291793898543 1677
1619030291849605420 2885
1619030291911240421 1507
1619030291932800974 3173
1619030291958905252 3830
1619030292016782832 2925
1619030292026570191 1478
1619030292105144348 2608
1619030292117087069 1470
1619030292188018880 2390
1619030292281980883 1911
1619030292294467252 2463
1619030292463560896 2479
1619030292473580308 2289
1619030292522337890 2993
1619030292531019540 2961
1619030292646433987 2706
1619030292677577543 2041
1619030292815075514 2148
1619030292856380350 1323
1619030292955185911 3347
1619030292978701937 2127
1619030293088226042 3617
1619030293193726834 1836
1619030293365846958 1886
1619030293375280540 1281
1619030293437079768 659
1619030293454144023 2545
1619030293471419079 2944
1619030293506973046 2876
1619030293566842384 1711
1619030293636637760 2857
1619030293770204752 1003
1619030293995875420 1314
1619030294265029602 1377
1619030294358903993 1615
1619030294387474216 2781
1619030294397897954 2023
1619030294645760074 1477
1619030294685037806 2939
1619030294760924350 1266
1619030294956135274 878
1619030295044052644 1143
1619030295090216522 2352
1619030295253303848 1387
1619030295359495932 2430
1619030295366023171 4497
1619030295446906171 3045
1619030295555688047 3006
1619030295733410272 1978
1619030295810759609 2918
1619030296013276946 2216
1619030296220645082 1586
1619030296235031629 1446
1619030296925934121 1352
1619030297050280665 1857
1619030297191839962 1674
1619030297262959119 1644
1619030297301378836 2267
1619030297447125309 1259
1619030297523445443 2687
1619030297584668452 2662
1619030297626652609 1762
1619030297633889278 1722
1619030297758982244 2701
1619030297876701299 6948
1619030297949116020 2146
1619030297956079855 545
1619030298151735146 3590
1619030298360707576 2186
1619030298366760804 1014
1619030298603180606 867
1619030298619049750 2467
1619030298843446448 1688
1619030298918772138 2963
1619030298999255173 1078
1619030299087759153 2084
1619030299091785487 1889
1619030299115795098 2259
1619030299145688526 1378
1619030299202513637 1405
1619030299238127861 2647
1619030299253152749 1721
1619030299504182316 2297
1619030299507894198 1592
1619030299526202159 1786
1619030299546932325 3474
1619030299614920004 2041
1619030299662921288 1441
1619030299666078896 1073
1619030299949829175 2020
1619030300055036252 2105
1619030300139676819 987
1619030300268493812 1426
1619030300332961860 2857
1619030300437679819 770
1619030300483142793 4143
1619030300575919469 1981
1619030300595809703 935
1619030300615150087 1285
1619030300658484530 1870
1619030300694947519 2898
1619030300946824339 820
1619030300967881154 1622
1619030301046710917 2396
1619030301090191440 2395
1619030301216990702 4065
1619030301260946524 3540
1619030301361958300 7329
1619030301479574228 2158
1619030301535182273 921
1619030301596966339 1414
1619030301605045169 1953
1619030301738998137 209
1619030301770411488 3671
1619030301961522217 1665
1619030302022759895 600
1619030302070272985 3035
1619030302139045829 1268
1619030302193482321 3154
1619030302568315071 3267
1619030302916425198 1877
1619030303045176181 2540
1619030303226107608 3366
1619030303486765455 2995
1619030303619181846 332
1619030303658240564 2070
1619030303690143790 1274
1619030303743199780 3758
1619030304018053031 1448
1619030304260227299 1999
1619030304379798591 2981
1619030304537543027 3199
1619030304579995170 2212
1619030304615269443 1863
1619030304812836480 2103
1619030304888249539 2852
1619030305123998864 4013
1619030305132359043 874
1619030305178696188 3941
1619030305235662098 4100
1619030305277156493 2102
1619030305289497673 2597
1619030305393143392 2234
1619030305443304355 1033
1619030305600805151 2184
1619030305657204614 1507
1619030305921876288 3094
1619030306019844291 1990
1619030306214259353 1521
1619030306243568038 3543
1619030306254716941 3395
1619030306319684724 3902
1619030306502698594 1248
1619030306675636085 2276
1619030306696949975 4201
1619030306718622902 4615
1619030306858508404 1632
1619030306862462553 1891
1619030306869834071 2217
1619030306981111558 2263
1619030307222440764 3410
1619030307235409702 1554
1619030307555411673 2717
1619030307603650402 1537
1619030307679843917 4553
1619030307695912683 3121
1619030307852994946 3184
1619030307988244688 1041
1619030308043721420 1762
1619030308076855701 2435
1619030308110067864 2765
1619030308131749663 2891
1619030308164234491 1379
1619030308194175430 1007
1619030308227773507 2801
1619030308238055447 1054
1619030308287389125 1442
1619030308328158655 2202
1619030308725693499 1625
1619030308751208347 1909
1619030308862182275 2448
1619030308903656996 1783
1619030309064935162 1493
1619030309081212821 1780
1619030309571564658 1910
1619030309634687103 1107
1619030309713928776 2879
1619030309738455925 1165
1619030309780104351 1638
1619030310069856234 1812
1619030310189962289 1311
1619030310196744303 2047
1619030310218211481 1129
1619030310302673276 2051
1619030310537408430 1679
1619030310642804921 1331
1619030310784561633 787
1619030310979924096 2612
1619030311123497581 2268
1619030311194545333 1696
1619030311325063689 2343
1619030311329769177 2653
1619030311345931475 1886
1619030311375344694 1690
1619030311483091089 2616
1619030311608544823 1604
1619030311644412063 2797
1619030311659615254 2071
1619030311724119570 1664
1619030311897932886 3192
1619030312052958451 1221
1619030312215152873 1742
1619030312266499507 4110
1619030312367495948 1978
1619030312387332463 2680
1619030312494167890 1897
1619030312499663371 3437
1619030312571634075 1981
1619030312582082764 1547
1619030312699205150 1917
1619030313020233106 1919
1619030313089883510 2436
1619030313130106024 892
1619030313184461704 3524
1619030313235036337 3244
1619030313264901654 3467
1619030313458982609 1402
1619030313507824376 1749
1619030313515181191 2082
1619030313649212204 3749
1619030313741634539 1298
1619030313770866121 3075
1619030313831032268 1247
1619030313861584219 1160
1619030313947361393 1299
1619030314025398153 2761
1619030314051225364 2328
1619030314073588291 1718
1619030314192918455 376
1619030314315896463 1762
1619030314612407718 2445
1619030314717094847 1892
1619030314737080055 1906
1619030314778723759 2887
1619030314874646720 2194
1619030314929035282 2788
1619030314989843845 1749
1619030314998253178 88
1619030315041909483 1783
1619030315117560165 2413
1619030315210678491 3576
1619030315391584334 2019
1619030315395505658 1802
1619030315399838550 2273
1619030315529683638 3400
1619030315640007830 2203
1619030315664518492 2269
1619030315726536605 2559
1619030315810423915 3584
1619030315848513851 1461
1619030315902266161 1350
1619030315933524812 1913
1619030315993238120 1882
1619030316155687573 2400
1619030316163113144 1710
1619030316385649528 2738
1619030316408960005 1660
1619030316433271093 2958
1619030316469006203 1828
1619030316536443941 897
1619030316646298962 674
1619030316700936512 3701
1619030316763989486 2957
1619030316783836790 2512
1619030316919717542 1906
1619030317114523416 1385
1619030317139025693 1485
1619030317294090252 2272
1619030317306120397 4072
1619030317330689434 2729
1619030317468779566 4583
1619030317509266343 2042
1619030317666861155 2123
1619030317730648418 3055
1619030317738071990 1959
1619030317775204341 2273
1619030317830927725 1408
1619030317931132612 1837
1619030318003637599 1360
1619030318134806548 1531
1619030318139090223 2240
1619030318220934434 2252
1619030318225803739 2732
1619030318234229461 2275
1619030318237907392 1479
1619030318397517222 2550
1619030318570227179 1735
1619030318634721712 1535
1619030318724678276 2053
1619030318747686318 720
1619030318859492252 5079
1619030318967957713 3728
1619030319139390047 1774
1619030319268922210 2385
1619030319318658015 841
1619030319426457586 1184
1619030319438565537 1235
1619030319482795365 1350
1619030319646550360 1080
1619030319675688737 1805
1619030319682145927 454
1619030319737088424 4228
1619030319964738906 3040
1619030320063225842 1406
1619030320110944706 6092
1619030320472576757 2389
1619030320496461454 2008
1619030320522871934 2483
1619030320565463264 4775
1619030320621180497 2310
1619030320652797280 3372
1619030320725387665 2081
1619030321045734923 1684
1619030321077341791 1969
1619030321188378005 2737
1619030321317706628 1546
1619030321505931072 1575
1619030321734457009 1753
1619030321908146742 1640
1619030321979229021 2332
1619030321992594879 2072
1619030322217967346 2169
1619030322496920733 4062
1619030322562386513 2812
1619030322643594876 1825
1619030322659480362 2333
1619030322666264859 1232
1619030322746699604 1954
1619030322764549200 1822
1619030322842227620 1848
1619030323122365401 1340
1619030323311562090 1235
1619030323316284871 2670
1619030323322092674 3734
1619030323425253345 2121
1619030323510521980 1694
1619030323652624280 1921
1619030323749725161 1418
1619030323873670182 1304
1619030323919214331 1169
1619030324020225574 406
1619030324060884600 1397
1619030324068351349 1542
1619030324266687785 2029
1619030324288072730 2267
1619030324380869599 1740
1619030324523500149 2188
1619030324561998558 1366
1619030324981196648 1214
1619030325249823675 2093
1619030325594289231 1606
1619030325692229428 1126
1619030325807693474 1768
1619030325862847071 1987
1619030325872027756 588
1619030325944189634 1400
1619030325985206810 1393
1619030326072324059 2208
1619030326149356232 2913
1619030326212143320 1700
1619030326281062373 2090
1619030326339117575 822
1619030326413759698 2462
1619030326441520646 2162
1619030326490647199 2957
1619030326857359019 1384
1619030326940485988 2828
1619030326994078798 4295
1619030327237087924 1852
1619030327275687160 5194
1619030327286028008 606
1619030327333433814 1870
1619030327415194451 5169
1619030327786757276 1932
1619030327838538210 1814
1619030327846047482 1562
1619030327874279269 3012
1619030327885892450 2175
1619030328129605726 1517
1619030328137048835 1813
1619030328161064933 5560
1619030328196464856 2742
1619030328264516002 2093
1619030328268932655 2385
1619030328380009934 2773
1619030328412883766 4859
1619030328453546403 895
1619030328504594086 2033
1619030328509216855 2557
1619030328570381048 1308
1619030328729168081 2824
1619030328851434670 955
1619030328860241316 3359
1619030328912050707 1391
1619030328921341619 2680
1619030329053661822 2311
1619030329064003671 1752
1619030329351161206 2427
1619030329358646947 1002
1619030329380337539 1925
1619030329743127785 2266
1619030329923464600 2047
1619030330077106901 2449
1619030330194828555 2459
1619030330228683902 2834
1619030330593868346 2002
1619030330732039426 188
1619030330816109152 1714
1619030331027364105 388
1619030331104689837 2767
1619030331134501468 1528
1619030331158501317 2158
1619030331215379173 1906
1619030331265127811 1867
1619030331279350874 1282
1619030331343055596 1766
1619030331567338978 1642
1619030331570951541 1544
1619030331580501908 96
1619030331685166201 2890
1619030331767366558 866
1619030331850989572 2780
1619030332131296448 1337
1619030332272191275 1488
1619030332357530721 1414
1619030332445819580 1683
1619030332489066840 2668
1619030332565734408 1769
1619030332597136959 1874
1619030332810735871 221
1619030333019497640 3051
1619030333055645324 3975
1619030333123872324 1008
1619030333393117118 799
1619030333597485501 1404
1619030333645827353 3687
1619030333986519634 5964
1619030334237599857 1389
1619030334299389433 1429
1619030334362164512 4886
1619030334527925045 1232
1619030334571274584 3001
1619030334598874334 1814
1619030334862566758 1768
1619030334895347784 2274
1619030335011739380 1042
1619030335125665689 2100
1619030335128731580 1002
1619030335151895692 1639
1619030335270264406 1434
1619030335327982416 1924
1619030335484010468 2281
1619030335613254650 3469
1619030335649570966 1886
1619030335821940383 2225
1619030336053557027 1714
1619030336103943745 1301
1619030336112031588 1932
1619030336201664700 1636
1619030336243094077 1101
1619030336311023277 1659
1619030336373473882 3403
1619030336504300684 2666
1619030336538804303 2772
1619030336603286543 1264
1619030336606247560 895
1619030336625012777 1751
1619030336790459966 2821
1619030336897146235 2458
1619030337036117866 1395
1619030337177194502 1535
1619030337251056595 2681
1619030337265983391 1768
1619030337278966461 2791
1619030337325849470 5627
1619030337467777127 1502
1619030337839086775 1306
1619030337963402120 1773
1619030338022221060 2094
1619030338096781256 880
1619030338156128780 1436
1619030338282729414 2277
1619030338294194706 1135
1619030338398205252 1799
1619030338416180570 1629
1619030338449965688 5054
1619030338518410130 3461
1619030338529855963 3687
1619030338603026109 2198
1619030338682010315 2951
1619030339245021142 2699
1619030339272210199 2147
1619030339304800845 3494
1619030339717083441 1335
1619030339770497149 5664
1619030340087722062 2651
1619030340189236635 1520
1619030340426337099 1383
1619030340519698046 1439
1619030340591849883 2458
1619030340903941608 1709
1619030340916900751 2080
1619030340945911372 1170
1619030341088914874 897
1619030341118305305 1432
1619030341423860501 1607
1619030341461268013 1707
1619030341472088977 1609
1619030341516032658 1853
1619030341539495784 1758
1619030341621655325 1989
1619030341652310534 2058
1619030341716940966 1293
1619030341779167665 1861
1619030341876296641 2000
1619030341990065612 1451
1619030342062036569 1142
1619030342168153670 2215
1619030342268061284 1666
1619030342278260324 3148
1619030342327178194 3972
1619030342485723939 4021
1619030342701764261 96
1619030342813674468 6572
1619030343114504623 1169
1619030343259177017 3273
1619030343274752679 1597
1619030343283065797 2108
1619030343415990058 5723
1619030343488676942 2311
1619030343580929152 2565
1619030343666650997 1670
1619030343675783845 232
1619030343755661435 1833
1619030343794550303 3540
1619030343842785006 1770
1619030343939424741 2308
1619030343960072727 6742
1619030344039473036 1992
1619030344194920788 1178
1619030344217849070 1910
1619030344264519332 3095
1619030344325220583 2085
1619030344400908453 2214
1619030344491659875 5167
1619030344542129152 3872
1619030344575950705 2678
1619030344587407057 1365
1619030344635886458 1494
1619030344660463864 5473
1619030344708790518 4370
1619030344817326228 2234
1619030344864456654 4379
1619030344903567195 1825
1619030344969305525 1790
1619030345157828799 3616
1619030345259001084 440
1619030345390191261 1255
1619030345474700502 2643
1619030345477563812 670
1619030345492961664 3531
1619030345635043088 2996
1619030345727539752 1228
1619030345740282520 2420
1619030345911353396 418
1619030345919980745 2325
1619030345988599014 2677
1619030346047849411 2047
1619030346055574633 920
1619030346144511185 857
1619030346342970429 4328
1619030346516888720 1496
1619030346532388063 2163
1619030346634728551 2328
1619030346658163821 1772
