1619031818412772059 1565
1619031818434898799 1796
1619031818583213453 2051
1619031818602088946 2042
1619031818630735056 2508
1619031818666716470 2252
1619031818737264290 2586
1619031818978550457 2685
1619031819202411972 3021
1619031819499713142 2583
1619031819524316683 1847
1619031819649003675 2968
1619031819689853075 4271
1619031819699409856 2558
1619031819757584148 3319
1619031819836700784 2124
1619031819867401530 4380
1619031819883076694 2750
1619031820096402630 2012
1619031820106811690 2767
1619031820122125462 1332
1619031820191428579 2824
1619031820306544419 1637
1619031820367722945 2743
1619031820604116507 2779
1619031820635998599 1413
1619031820870371590 3370
1619031820919910413 2087
1619031820998722055 2188
1619031821018362922 4975
1619031821066810662 2222
1619031821085650922 5498
1619031821089449417 1707
1619031821100977262 631
1619031821237464240 2726
1619031821245284778 1954
1619031821429350445 2705
1619031821519853517 3363
1619031821557892972 1954
1619031821686334855 2254
1619031821820854479 6208
1619031821827522232 1148
1619031821840334279 4351
1619031821941085312 2958
1619031821979317143 2637
1619031822016558582 3192
1619031822389763190 4294
1619031822437283762 1746
1619031822564026705 3466
1619031822585760790 4054
1619031822607907167 1426
1619031822624978615 2191
1619031822630829254 3735
1619031822647861233 2231
1619031822734201941 1428
1619031822810782528 3116
1619031822830902468 2165
1619031822844496986 3590
1619031822854149395 3013
1619031822887505788 1750
1619031823048456969 1923
1619031823103708444 2250
1619031823303057020 971
1619031823310434754 1425
1619031823468804157 2983
1619031823661493156 3758
1619031823761117024 3611
1619031823783614869 1793
1619031823854762805 2109
1619031823935717202 2389
1619031823943812595 3023
1619031824213301950 2077
1619031824285531925 3186
1619031824433383695 1430
1619031824489455058 3016
1619031824910197944 3280
1619031825205478538 3225
1619031825258059134 3854
1619031825424740781 1361
1619031825626199322 2591
1619031825699702447 3861
1619031825879619081 1546
1619031825907973546 1827
1619031825924294146 5319
1619031826076392718 894
1619031826163782913 2657
1619031826191808096 1927
1619031826348242177 2203
1619031826524136550 2282
1619031826564230133 1875
1619031826611143510 4047
1619031826832060464 3623
1619031826902658722 5224
1619031827040554835 2365
1619031827072257893 2714
1619031827439015047 1883
1619031827578242540 2155
1619031827661378304 1847
1619031827684130110 2639
1619031827785504719 1728
1619031827845360834 1418
1619031827891594240 2036
1619031827908832771 851
1619031827974816420 2465
1619031828043745870 1493
1619031828227435425 1457
1619031828433034831 2737
1619031828749834900 2167
1619031828786171623 1097
1619031828798176597 1889
1619031828923822144 2757
1619031829077674277 2720
1619031829218015733 3929
1619031829272849883 4043
1619031829289860397 3282
1619031829566596777 4392
1619031829612446477 4322
1619031829656341567 3366
1619031829741447526 1993
1619031829753626999 1713
1619031829921831252 2127
1619031830303561986 2401
1619031830567276105 2091
1619031830680401824 4518
1619031830768056893 2879
1619031830847407187 3294
1619031830929978489 2882
1619031831132719730 3090
1619031831169360135 4143
1619031831182337938 4234
1619031831290692743 880
1619031831393180496 2777
1619031831430618179 1518
1619031831445156252 2132
1619031831695935128 3801
1619031831848687438 3220
1619031831959056315 2282
1619031832031347034 3343
1619031832070494056 3813
1619031832100625211 2828
1619031832168157063 3491
1619031832188901531 1157
1619031832205309819 1635
1619031832386195447 3408
1619031832423551833 3378
1619031832480954756 3888
1619031832507304119 1605
1619031832764340055 4612
1619031833104445629 1415
1619031833206462206 1876
1619031833306527769 2116
1619031833676780917 4261
1619031833807240938 1647
1619031833818173462 2216
1619031833899874635 2808
1619031834034301557 2823
1619031834059814993 3339
1619031834078383012 1799
1619031834147768141 3220
1619031834168219425 2478
1619031834212368329 8767
1619031834236572886 1897
1619031834489309092 6810
1619031834601432692 2850
1619031834605384986 1888
1619031834668577228 2949
1619031834743553298 2577
1619031834860904671 2832
1619031835093155236 3358
1619031835311541664 2916
1619031835451302205 3109
1619031835540562456 2885
1619031835870890092 2499
1619031836133975531 1585
1619031836334894058 3980
1619031836414474969 3276
1619031836441479271 3602
1619031836458429972 3478
1619031836540113154 2768
1619031836573189174 2755
1619031836585956717 2974
1619031836601923984 2923
1619031836635706093 1678
1619031836651769107 3673
1619031836844611865 5111
1619031836873371051 4172
1619031836878200854 2787
1619031836886703969 2190
1619031837109617588 2163
1619031837142302425 1475
1619031837525282912 1821
1619031837654091473 2060
1619031837713865314 3710
1619031837844914655 2216
1619031837894824637 3149
1619031838021361875 1915
1619031838079711810 2190
1619031838146647357 1223
1619031838292028574 2461
1619031838453546649 1355
1619031838534086585 3410
1619031838558524193 1690
1619031838568232380 2459
1619031838600629056 3870
1619031838641613372 4855
1619031838728910289 3715
1619031838798948882 3125
1619031838811749503 2689
1619031838850386684 3156
1619031839106428613 1485
1619031839118806891 2132
1619031839133314094 1896
1619031839196163194 3573
1619031839241496205 2036
1619031839247042151 3390
1619031839327384868 1907
1619031839337981356 3571
1619031839426767640 2576
1619031839502627088 3018
1619031839554852419 2974
1619031839579562920 1616
1619031839587830323 2397
1619031839707171701 1677
1619031839751394477 2097
1619031839966704980 2909
1619031840134502588 1953
1619031840292289627 1916
1619031840575808550 2837
1619031840590244958 2361
1619031840629905817 1717
1619031840675309536 2661
1619031840793126005 2767
1619031840828378370 2377
1619031840851399665 3464
1619031841157450989 1751
1619031841199981997 4025
1619031841211388897 4041
1619031841439577120 2673
1619031841449045843 2821
1619031841637573364 2758
1619031841660717345 2377
1619031841846803796 2443
1619031841853139451 1249
1619031841962799896 3563
1619031842169386828 2037
1619031842298025917 2101
1619031842437893105 2918
1619031842508888277 2945
1619031842555621008 4553
1619031842611945220 3856
1619031842641108309 3326
1619031842662279245 2602
1619031842772851131 1013
1619031842840408345 2949
1619031842845761648 3324
1619031842893566766 5402
1619031843019406788 2984
1619031843037499336 3035
1619031843103861992 2546
1619031843168495072 4113
1619031843340177889 4009
1619031843392886157 1271
1619031843535435223 2790
1619031844093972723 1583
1619031844112157251 2451
1619031844121659182 2525
1619031844301902645 3882
1619031844585554041 1426
1619031844869080560 3073
1619031845059849451 2643
1619031845150054645 2490
1619031845225537191 1868
1619031845527042382 1924
1619031845535304586 2539
1619031845576339541 1591
1619031845595174227 1852
1619031845702497469 2459
1619031845723448900 1933
1619031845807322422 2745
1619031845856875004 2611
1619031845912023632 2626
1619031845951648439 1607
1619031846052226777 3408
1619031846210253918 2443
1619031846307548004 3239
1619031846399099602 4221
1619031846441398861 1691
1619031846466289747 3865
1619031846538805831 1768
1619031846547738478 2084
1619031846804507357 3275
1619031846855409123 363
1619031846944594214 2029
1619031846981221480 2918
1619031847084993793 2728
1619031847564358872 1739
1619031847640311741 3091
1619031847672584523 3185
1619031847676770742 2056
1619031847970432923 3556
1619031848190748945 2066
1619031848377347232 2143
1619031848436267676 1222
1619031848501948554 3770
1619031848533612390 2927
1619031848736729947 3642
1619031848791226777 1829
1619031848830029446 2229
1619031848968419054 3173
1619031849169209819 1839
1619031849245392151 4123
1619031849281532229 1873
1619031849428676377 6444
1619031849484158356 2498
1619031849563177792 2551
1619031849600601305 3067
1619031849676702750 2369
1619031849933524300 4823
1619031849951359116 515
1619031850070942428 2539
1619031850083067625 4096
1619031850124097825 4561
1619031850141164507 4190
1619031850318668031 2846
1619031850355948412 1695
1619031850404675316 4261
1619031850408530944 1790
1619031850412601365 1973
1619031850435079681 3073
1619031850497917137 2887
1619031850505510381 1926
1619031850526262064 2488
1619031850734544946 1828
1619031850864417254 1624
1619031850868345237 1904
1619031850871857591 1298
1619031850973216043 3622
1619031850999812880 4477
1619031851115142063 1780
1619031851165420830 2148
1619031851220389006 2327
1619031851348891396 2779
1619031851455175335 2125
1619031851575124274 2988
1619031851613467707 2132
1619031851659506159 1820
1619031851735531109 2659
1619031851829750138 2083
1619031851923179794 2055
1619031851980266364 2951
1619031852017040757 6804
1619031852265779492 1839
1619031852369078206 4060
1619031852445793502 2857
1619031852595255683 2743
1619031852905123190 4245
1619031853047463850 2630
1619031853097560165 2124
1619031853136863209 2128
1619031853164553142 1586
1619031853469036574 1666
1619031853490575573 3021
1619031853524928088 1985
1619031853852526233 3983
1619031853865727121 1943
1619031854099304294 3870
1619031854171781318 2391
1619031854243762520 3693
1619031854249016648 3133
1619031854291500490 4140
1619031854303609388 2848
1619031854372337454 2868
1619031854413732237 1765
1619031854457198038 4558
1619031854511810788 1043
1619031854618888038 2769
1619031854935051510 1954
1619031855038766152 3492
1619031855060185066 1606
1619031855069789929 2852
1619031855098319160 3108
1619031855300535852 4888
1619031855395432833 2227
1619031855616857494 2205
1619031855716880154 4780
1619031855933939576 7256
1619031856032476709 2688
1619031856191654135 3331
1619031856272202524 4660
1619031856286235080 2240
1619031856402123806 2259
1619031856414269166 2516
1619031856444997347 2657
1619031856593469823 4316
1619031856731342300 2978
1619031856760262170 2046
1619031856821612342 3481
1619031856908000291 4347
1619031857139592946 2925
1619031857182472890 4335
1619031857249428257 1403
1619031857260432787 1575
1619031857310872334 2884
1619031857372692064 1575
1619031857393844885 2526
1619031857504822758 2113
1619031857521996361 1312
1619031857583504963 2952
1619031857953464181 6820
1619031858077573409 1680
1619031858086359269 2956
1619031858149528611 269
1619031858173661005 1869
1619031858182156178 2641
1619031858225336725 2471
1619031858276620701 2668
1619031858427873471 2462
1619031858532808700 2802
1619031858540677660 2235
1619031858645827914 1763
1619031858692885838 1879
1619031858857087664 2622
1619031858915399569 1848
1619031858933202815 1902
1619031858964251685 1702
1619031859366777546 2425
1619031859590739713 2204
1619031859596296041 3426
1619031859668392781 2313
1619031859758429525 2982
1619031859770687993 1462
1619031859823560475 737
1619031859947786461 2018
1619031859970298435 2147
1619031860060467850 4163
1619031860157650149 2111
1619031860295145390 1499
1619031860310348763 1877
1619031860379180065 2260
1619031860618637695 1611
1619031860628161585 2566
1619031860728906026 2795
1619031861021292723 1484
1619031861073174786 2367
1619031861159848543 4520
1619031861277009661 1168
1619031861317297891 1896
1619031861434785174 3054
1619031861523153056 3736
1619031861529325692 4128
1619031861550154508 3137
1619031861738136135 1990
1619031861810058633 3333
1619031861861912363 1895
1619031861968098235 2679
1619031861972498228 2238
1619031862171188136 2628
1619031862350764969 1245
1619031862528380840 3054
1619031862636390884 2894
1619031862692986531 2397
1619031862878335285 2596
1619031862902094603 3085
1619031862909928205 1289
1619031863210076215 2911
1619031863295605508 2166
1619031863322487244 2982
1619031863335071356 2737
1619031863451058246 1701
1619031863605828383 2787
1619031863709103348 1696
1619031863872939450 3048
1619031863883424822 3567
1619031864185621294 1352
1619031864241226182 1938
1619031864262442063 4908
1619031864557858120 2737
1619031864626464488 1773
1619031864630359983 1847
1619031864711567700 5002
1619031865102689828 2174
1619031865362587121 1166
1619031865453256312 4392
1619031865603370969 2261
1619031865754056408 3388
1619031865757635513 1531
1619031865770445941 1733
1619031866174944970 3108
1619031866233792709 3105
1619031866264723108 3719
1619031866303984069 2305
1619031866330400438 1464
1619031866397801829 5597
1619031866610256381 1822
1619031866656067523 1881
1619031866746784500 4637
1619031866974761924 4113
1619031867011805843 2413
1619031867119631376 3984
1619031867351310367 3110
1619031867357042883 3614
1619031867381392535 4554
1619031867526234460 4061
1619031867566614719 2886
1619031867594672990 3309
1619031867662941993 2287
1619031867710580280 4650
1619031867840046828 475
1619031867844741206 2643
1619031867922902643 2653
1619031868015270968 1773
1619031868140539540 1679
1619031868172941542 1965
1619031868182012013 1896
1619031868261134711 3074
1619031868443277423 2866
1619031868895388366 2478
1619031868947931996 1742
1619031868955830027 2042
1619031869059043154 2779
1619031869588009966 1943
1619031869624378365 2677
1619031869630092610 3636
1619031869739707743 2754
1619031869744371815 2610
1619031869879244320 1499
1619031870076694677 1759
1619031870155443298 3100
1619031870568297691 2443
1619031870595717775 1356
1619031870608691623 1600
1619031871100093201 1828
1619031871131631738 2131
1619031871208548268 2799
1619031871285428486 5783
1619031871372819748 5120
1619031871456422563 1581
1619031871535529850 2187
1619031871606202101 1900
1619031871647698558 2197
1619031871674929949 1983
1619031871778647401 4919
1619031872051677647 1951
1619031872400954035 2183
1619031872446567764 1201
1619031872458509342 1572
1619031872529030126 1165
1619031872611980368 2564
1619031872672887526 1789
1619031872699384659 1898
1619031872703247913 1782
1619031872720393306 1365
1619031872839833861 955
1619031872870189446 2809
1619031872874248795 1872
1619031872921075231 2258
1619031872934443599 7167
1619031873042737119 3732
1619031873115163020 3020
1619031873167557301 2994
1619031873208738148 2828
1619031873238338344 2718
1619031873267104539 2296
1619031873386181626 2240
1619031873393339221 5017
1619031873593523782 2842
1619031873699218067 3119
1619031873740951105 6066
1619031873806226056 4344
1619031873859794741 2740
1619031873958185351 3001
1619031873965568001 1339
1619031874030680513 1788
1619031874050852360 1687
1619031874054896968 1943
1619031874304216272 1532
1619031874410113412 2417
1619031874621215275 4236
1619031874693609823 3494
1619031874698287836 2452
1619031874776211581 1097
1619031874897011029 5050
1619031874947921461 3850
1619031875059698168 1924
1619031875063444450 1709
1619031875123346274 6572
1619031875337621052 4803
1619031875352158309 4232
1619031875429268317 4809
1619031875459547870 1540
1619031875483057542 2216
1619031875592257947 3402
1619031875725223893 1018
1619031875744380205 1547
1619031875769461462 1785
1619031875773796811 2242
1619031875925232029 3279
1619031876046528026 3463
1619031876158549763 1683
1619031876381704824 1817
1619031876390491916 2067
1619031876579058808 1692
1619031876647527760 3533
1619031877064122878 2935
1619031877171806314 1548
1619031877370588211 2390
1619031877428951638 1888
1619031877448762049 6520
1619031877454343399 3462
1619031877457057737 588
1619031877553763323 1905
1619031877573718295 2354
1619031877670590420 3247
1619031877700127896 1414
1619031877774784605 1873
1619031877835200162 3148
1619031877857890547 2089
1619031877862838389 2908
1619031877883766229 3407
1619031877919797991 3420
1619031878079523395 2687
