1619030853882844356 3698
1619030853887995371 2978
1619030854209083688 4029
1619030854384890996 2983
1619030854480577736 1957
1619030854733963720 1732
1619030854853980313 6719
1619030854875501631 1941
1619030854896237286 3247
1619030854999842344 2283
1619030855032985160 4799
1619030855039234532 4175
1619030855205279734 4521
1619030855320788415 6443
1619030855672037498 2679
1619030855736142951 4990
1619030855741737415 3476
1619030855976578674 3084
1619030856089856922 2459
1619030856094522408 2563
1619030856191359643 1654
1619030856226812792 3612
1619030856294836807 3784
1619030856332971744 3628
1619030856552864899 1574
1619030856624681019 5763
1619030856739547580 3009
1619030856786416849 2472
1619030856993289522 6918
1619030857214228471 3988
1619030857306207476 6380
1619030857403120148 3585
1619030857580141740 5015
1619030857729326052 3781
1619030858020947711 3948
1619030858024533589 1438
1619030858077446215 5413
1619030858099568073 5249
1619030858184613231 3675
1619030858595649214 1423
1619030858742163455 5662
1619030858787554873 4708
1619030858842980599 2902
1619030859098519142 5505
1619030859127937651 4217
1619030859183953122 2457
1619030859226235098 4051
1619030859297700190 4865
1619030859317145297 5849
1619030859381289598 5195
1619030859416426882 3795
1619030859441458988 3615
1619030859513378830 2096
1619030859675479694 4154
1619030859718649488 2542
1619030859789491254 3604
1619030859950769630 3529
1619030860111663121 3022
1619030860116418118 2678
1619030860130840645 4043
1619030860200810723 2243
1619030860376382232 4023
1619030860419077716 5125
1619030860747666548 4783
1619030860993195961 5514
1619030861290077957 6127
1619030861370700188 4328
1619030861433545330 1613
1619030861521238192 3104
1619030861547983977 1803
1619030861619885957 4330
1619030861645380574 2025
1619030861796729134 6386
1619030862077448102 1692
1619030862275435450 2160
1619030862371540384 1866
1619030862381058708 2523
1619030862389535997 2734
1619030862529728974 3297
1619030862639871083 4947
1619030862816292764 6093
1619030862940554464 5735
1619030863036124964 3739
1619030863141970842 5685
1619030863234560298 4369
1619030863297516789 5080
1619030863453154232 3590
1619030863534359943 4452
1619030863619784745 2995
1619030863700155929 3168
1619030864108418661 4697
1619030864561882583 3720
1619030864720943226 3905
1619030864888281526 5585
1619030864987910973 4098
1619030865129975507 2279
1619030865285747446 3624
1619030865534246354 2896
1619030865780736654 3970
1619030865857351537 4768
1619030865872554848 2639
1619030865915349129 2354
1619030866078430316 4941
1619030866152079072 4640
1619030866308483601 3618
1619030866866518981 3117
1619030867009211633 6596
1619030867015684019 4307
1619030867245315485 3900
1619030867311860804 7628
1619030867514928889 3373
1619030867623326899 7151
1619030867677781836 2836
1619030867917782485 3701
1619030867964364897 4542
1619030868521587210 2799
1619030868526286286 2567
1619030868777678805 3100
1619030868897682290 3504
1619030869214913882 4407
1619030869659866134 2683
1619030869716950859 3809
1619030869772176432 5811
1619030869889300472 6070
1619030869967774444 1061
1619030870207013537 2702
1619030870226044219 2607
1619030870347406587 4505
1619030870436587551 8891
1619030871041297839 2814
1619030871092494180 2975
1619030871152953909 4305
1619030871396952062 2638
1619030871431896958 2756
1619030871439245005 5252
1619030871484144011 4201
1619030871612151210 2617
1619030871770960432 3867
1619030871820655674 8666
1619030871920429846 3647
1619030871977294777 3285
1619030872025113500 2873
1619030872047196116 4429
1619030872112169756 6273
1619030872127952195 5120
1619030872194033119 6275
1619030872201533634 5453
1619030872227148721 4005
1619030872670523984 5024
1619030872730359207 3379
1619030872952235374 3338
1619030873287062380 5578
1619030873494568622 5917
1619030873549760917 4601
1619030873652556022 5636
1619030873864436445 4262
1619030874054063744 3574
1619030874094220241 6761
1619030874193443641 5848
1619030874356233180 6418
1619030874527924451 3943
1619030874533560018 3590
1619030874555425427 2853
1619030874634152074 4327
1619030874757945255 3615
1619030874823187027 2786
1619030875066025539 3490
1619030875802303205 2161
1619030875932927952 2792
1619030876246763472 2086
1619030876646057000 4933
1619030876747421227 3620
1619030876966512903 2774
1619030877032042133 4425
1619030877157361889 5816
1619030877215065653 3571
1619030877271799620 1300
1619030877480009841 5084
1619030877605242083 5377
1619030877609594889 2213
1619030877636021766 2669
1619030877821393121 2698
1619030877861048134 3102
1619030877921138958 3109
1619030877988132939 3138
1619030878162650830 5860
1619030878217163060 3473
1619030878294568813 3945
1619030878439432196 4553
1619030878614577384 3581
1619030878657763397 2894
1619030878709174619 5111
1619030878799745475 1107
1619030878871630851 3593
1619030878979200263 843
1619030879024799478 2779
1619030879051479727 3600
1619030879067087949 2803
1619030879618910610 7185
1619030879879403026 3524
1619030879903126770 3229
1619030880019212049 4105
1619030880071798267 7143
1619030880192346070 4254
1619030880210786444 3154
1619030880314252374 4357
1619030880403171480 4765
1619030880641730966 8595
1619030880662601026 8445
1619030880681851762 6940
1619030880801431464 2681
1619030880984627089 7596
1619030881253799308 2806
1619030881295616419 5174
1619030881425018159 5226
1619030881553776934 5570
1619030881760050722 2312
1619030881824654241 5091
1619030882072732171 1700
1619030882181926742 2836
1619030882218882767 3600
1619030882769373296 7652
1619030882777097560 5620
1619030882811826100 6687
1619030883016247477 8962
1619030883115388470 6846
1619030883345404763 2409
1619030883465340203 2169
1619030883501364269 1811
1619030883783824440 3088
1619030883919687386 1435
1619030883968248126 6631
1619030884031784191 2075
1619030884232754398 2191
1619030884313457017 3694
1619030884552553729 4402
1619030884672784173 3128
1619030885103654094 3387
1619030885475458153 2434
1619030885567265426 2296
1619030885650985292 3500
1619030885659564697 6504
1619030885831867890 4487
1619030885878452018 3521
1619030885951874799 3188
1619030886001780921 2647
1619030886385336718 4533
1619030886705895136 3923
1619030887153415499 4524
1619030887216713019 2638
1619030887242960572 2865
1619030887246554890 1559
1619030887299268802 5438
1619030887491581110 2756
1619030887591580016 5286
1619030887766762773 4555
1619030887784162912 3767
1619030887803608767 7601
1619030887847189022 4886
1619030887861999163 6000
1619030887924639080 2205
1619030887946717953 3027
1619030887959488106 5401
1619030888197969457 2645
1619030888490014100 5914
1619030888550528875 2867
1619030888762957654 2704
1619030889023792744 4207
1619030889066475227 3750
1619030889556024006 3870
1619030889611866723 5481
1619030889721038208 3467
1619030889889395225 4807
1619030890079033827 3252
1619030890095516692 2467
1619030890271327657 2950
1619030890310869909 2810
1619030890323805494 2673
1619030890420102084 2662
1619030890496312856 4326
1619030890543295255 6778
1619030891091680626 3492
1619030891354683753 3334
1619030891371396777 3740
1619030891399064466 5792
1619030891634370142 7518
1619030891654539017 7625
1619030891666361618 9694
1619030891940988822 5406
1619030892097843568 6395
1619030892293189090 3790
1619030892768562512 4869
1619030892806534576 4923
1619030892944809441 2580
1619030892959662265 2662
1619030893104928725 3621
1619030893129568599 7627
1619030893229603552 3819
1619030893269188951 3596
1619030893283518607 5533
1619030893568182985 4721
1619030893597961857 5543
1619030893782653405 7107
1619030893826347562 2439
1619030894005689442 4443
1619030894010933150 3105
1619030894087962644 5318
1619030894100982139 4146
1619030894115865481 6129
1619030894244169256 3071
1619030894463724757 3835
1619030894625089542 9504
1619030894676579606 6942
1619030894766261610 3525
1619030894832296426 1642
1619030895064541218 3278
1619030895113883466 4485
1619030895176095093 3448
1619030895502616779 5760
1619030895687627085 4285
1619030895721083507 1983
1619030895738687970 3649
1619030895749490239 3619
1619030895851970240 2609
1619030896261366171 3617
1619030896345435873 4068
1619030896428283043 2835
1619030896528761071 7685
1619030896630426744 3545
1619030896854777854 2839
1619030897082581351 5582
1619030897491328107 8256
1619030897553291491 2670
1619030897815555559 3942
1619030897874586015 2510
1619030897983512442 2283
1619030898052789022 2121
1619030898228382161 3767
1619030898272819626 1626
1619030898381826489 3877
1619030898412158039 4662
1619030898557063046 2089
1619030898876392160 4319
1619030898923824678 2246
1619030898929982317 4086
1619030899279752033 1901
1619030899288691466 2664
1619030899755190594 2478
1619030899913300000 1917
1619030899918316539 2970
1619030899993633627 6191
1619030900022477249 3718
1619030900167443474 7422
1619030900249838110 2837
1619030900287573571 2263
1619030900614033460 3906
1619030900755331859 1114
1619030900852301094 3410
1619030900878753391 8513
1619030900889427102 2062
1619030900923887900 3093
1619030900928468417 2449
1619030901023172170 2017
1619030901170636892 3981
1619030901280440729 2221
1619030901432181111 2892
1619030901468197999 3901
1619030901646517087 9754
1619030901733603610 2871
1619030901850070583 3834
1619030901965101892 3003
1619030901999774339 7012
1619030902028305027 2978
1619030902078117282 2784
1619030902349733314 5924
1619030902579472052 7309
1619030902627117236 3597
1619030902648931864 3725
1619030902677824140 2424
1619030902805418030 2864
1619030902814691642 2769
1619030902830666454 1751
1619030902890328282 4206
1619030902950404785 10826
1619030903268708070 3438
1619030903636702860 2525
1619030903644206082 5460
1619030903801616148 3600
1619030903836936084 6982
1619030903865125856 3690
1619030904111738304 6480
1619030904179680428 3552
1619030904188577586 2951
1619030904462468107 4904
1619030904827937333 4358
1619030904974535782 6946
1619030904981336820 4738
1619030905310742100 3498
1619030905381699747 6671
1619030905585884813 3642
1619030905989963929 2449
1619030906087786019 6277
1619030906240833247 4205
1619030906578308124 4142
1619030906627909899 5797
1619030906898953329 9306
1619030906952573328 2053
1619030907145299584 2958
1619030907262198302 5365
1619030907423326479 7065
1619030907439789548 6365
1619030907721335144 3885
1619030907935788854 3989
1619030907978529371 5327
1619030908127792105 4715
1619030908168240708 7973
1619030908219207582 4460
1619030908396215091 5260
1619030908414695855 3688
1619030908448026150 2994
1619030908680129335 6754
1619030908723321213 10904
1619030908886013939 5470
1619030909157674471 5939
1619030909484395725 2879
1619030909706807316 4995
1619030909742475211 4553
1619030909785343166 4003
1619030909967394689 5424
1619030910017427666 5190
1619030910099657659 3767
1619030910670306412 2074
1619030910903025798 1937
1619030911077236070 5634
1619030911260431188 6563
1619030911385117667 4270
1619030911419500930 5365
1619030911552613080 3998
1619030911679366905 6253
1619030911694508693 3593
1619030911923246719 4059
1619030912070913885 1977
1619030912530384238 2928
1619030912708779133 1928
1619030912805662346 2873
1619030912926609985 11259
1619030912994727421 5648
1619030913021368693 3727
1619030913027287730 3869
1619030913185855391 4115
1619030913227196297 2936
1619030913303241205 5112
1619030913431072768 2744
1619030913435068082 1897
1619030913475555660 7221
1619030913544732362 3471
1619030913587867809 4951
1619030913612464565 6155
