1619033545546147348 6584
1619033545733883975 7421
1619033545759409941 23383
1619033545900701167 5889
1619033545957376290 6561
1619033545971613591 4916
1619033546161992163 2452
1619033546186825211 3017
1619033546378911307 8016
1619033546476191511 7403
1619033546545804841 7414
1619033546849170282 5496
1619033546963189506 6798
1619033546982732213 7069
1619033547378193625 9474
1619033547610580568 6468
1619033547773354712 4566
1619033548241834275 8161
1619033548383173873 6269
1619033548526885918 10937
1619033548808590838 5535
1619033548999359632 8656
1619033549032239889 7718
1619033549320788860 3013
1619033549451205494 5299
1619033549860248491 7064
1619033550146572357 4430
1619033550161867409 7777
1619033550190143098 5687
1619033550208939292 8451
1619033550455382903 4484
1619033550769967101 6280
1619033550920182668 4152
1619033551069854148 4477
1619033551092976168 4326
1619033551241072183 8090
1619033551834724067 8951
1619033552016029967 5787
1619033552178194756 9784
1619033552469020275 8668
1619033552491001548 8584
1619033552630256424 8479
1619033552982447453 8418
1619033553022296789 6633
1619033553031152802 6835
1619033553184552210 7735
1619033553251966765 4492
1619033553398251699 6860
1619033553651567986 9054
1619033553693132033 7021
1619033553770906265 5692
1619033553778522963 5569
1619033553816107779 8631
1619033553956294689 10019
1619033554105195207 4606
1619033554344420698 9425
1619033554530308094 11257
1619033554717911388 6239
1619033554795613180 8907
1619033555274730645 7448
1619033555284084312 7328
1619033555293714160 7477
1619033555342202831 3916
1619033555536988328 5471
1619033555774366826 10833
1619033555823949480 11958
1619033555924009355 5834
1619033555976608963 8016
1619033556208454153 12887
1619033556481625546 2537
1619033556643984004 3470
1619033556901095959 6865
1619033556966453207 12296
1619033557120821673 5123
1619033557135692398 5482
1619033557303901904 7862
1619033557660112019 4473
1619033558152855932 5471
1619033558276244643 6288
1619033558300765259 5312
1619033558347826617 7634
1619033558651715210 6630
1619033558711634845 10335
1619033558718637831 4939
1619033558749427498 5250
1619033559238960875 8345
1619033559403239547 5674
1619033559529819902 3983
1619033559597749584 3955
1619033559859173846 4148
1619033560098250217 6969
1619033560407671829 6132
1619033560426982961 8316
1619033560579255237 6643
1619033560610400477 5048
1619033560634504903 2810
1619033560681845592 5544
1619033560950730047 2717
1619033561328937182 4853
1619033561605486227 10529
1619033561977703525 3720
1619033562769429772 4469
1619033563210508240 6474
1619033563424035364 4588
1619033563485635341 5120
1619033563559224077 6392
1619033563732065848 9147
1619033563764740753 1999
1619033563786586241 4521
1619033563854354827 9413
1619033563872134164 5988
1619033564104698521 4532
1619033564152197807 4785
1619033564510118448 6191
1619033564610005639 8291
1619033564645870866 5974
1619033564757430251 7516
1619033564873215960 7859
1619033564893029187 8587
1619033565011315848 5717
1619033565168579823 4408
1619033565228645471 3930
1619033565313314707 3165
1619033565806572063 7980
1619033566203392218 11829
1619033566478093722 8126
1619033566792767795 6979
1619033566837466188 6883
1619033566873198357 4857
1619033566896791419 4084
1619033567202075203 4499
1619033567227303290 3222
1619033567567747589 9884
1619033567659726724 7420
1619033567745942548 4332
1619033567964538877 6395
1619033567993155642 7694
1619033568227586505 9394
1619033568287337514 7478
1619033568358763182 6891
1619033568498710557 7485
1619033568571859813 8464
1619033568617914803 3132
1619033568718913500 7797
1619033568750448338 8951
1619033568890335036 3984
1619033569026436709 6484
1619033569094811571 6601
1619033569127832917 4030
1619033569248851995 5800
1619033569413780434 8450
1619033569453019568 6695
1619033569527778208 4550
1619033569786377023 6762
1619033569896551151 4766
1619033570529475949 7762
1619033571063750872 8230
1619033571109933767 5413
1619033571412903108 4712
1619033571443567383 8921
1619033571642216983 13870
1619033571714405750 8059
1619033572068909055 8096
1619033572499115725 3092
1619033572602856548 6525
1619033573185747171 5290
1619033573264222877 5811
1619033573431692247 5512
1619033573446195733 5829
1619033573511559124 4209
1619033573535371134 2281
1619033573577457289 2487
1619033573582813387 3297
1619033573629959313 6685
1619033573681540691 5188
1619033574102895004 6227
1619033574205606178 2921
1619033574535434998 4652
1619033574593281006 12782
1619033574872339067 7721
1619033574915040352 3241
1619033574922764755 5579
1619033575107044758 5193
1619033575179115198 3868
1619033575305697594 5641
1619033575313265896 5536
1619033575500355816 6793
1619033575543356722 4100
1619033575713951147 6039
1619033575887003015 3794
1619033575903915749 4670
1619033576082451887 5192
1619033576340052627 9542
1619033576501647446 6638
1619033576878883965 7375
1619033577248780647 2683
1619033577340543701 9768
1619033578026481964 8434
1619033578172542198 5767
1619033578197876318 3419
1619033578212675697 3440
1619033578289288218 6223
1619033578364433566 4219
1619033578432170884 7679
1619033578593126806 11024
1619033578606707347 4299
1619033578723736615 3923
1619033578816340177 6117
1619033579191814988 5641
1619033579474618458 4435
1619033579751580931 4114
1619033579778556655 6467
1619033579787123162 6525
1619033580297342573 7022
1619033580453446885 6043
1619033580536372207 9672
1619033580609420318 2912
1619033580945923655 7227
1619033581142419325 6922
1619033581248558543 2219
1619033581526923820 6834
1619033581980801494 7826
1619033582164398143 3380
1619033582202308275 3159
1619033582230053757 6425
1619033582508742552 1784
1619033582605067362 5014
1619033582743161645 7374
1619033582764571925 9129
1619033582967335348 5847
1619033583302846677 3166
1619033583587688975 2240
1619033583684036735 3463
1619033583792779781 3060
1619033583905997242 6774
1619033584025643824 6287
1619033584502388394 7822
1619033584640789177 7493
1619033584750516392 5761
1619033584951850799 4464
1619033585040487001 4485
1619033585094672434 5183
1619033585100080586 3358
1619033585111747197 3933
1619033585364266162 9800
1619033585681749389 6187
1619033585705344267 5787
1619033585713185315 5722
1619033585756980222 5435
1619033585797392274 7873
1619033585973555945 3596
1619033586135645514 7921
1619033586150212413 2615
1619033586158106487 5866
1619033586195941581 5405
1619033586389396559 2591
1619033586596824009 4968
1619033586615189446 6669
1619033586633148899 7403
1619033587028811603 7818
1619033587407227182 4555
1619033587746552565 9972
1619033587770958118 5052
1619033587817163959 5843
1619033587831585049 4424
1619033587918552234 2850
1619033588172810303 3358
1619033588455286129 8254
1619033588493908377 8246
1619033588517861461 9723
1619033588852027194 6107
1619033588950056385 7172
1619033589057150804 10903
1619033589363815633 3051
1619033589392056626 5898
1619033589702321289 3801
1619033589821601011 11513
1619033590097136119 3603
1619033590191086847 6034
1619033590226701853 7128
1619033590377533345 5453
1619033590395403541 5221
1619033590695339068 8124
1619033590782799442 8516
1619033590858205085 12724
1619033591012061471 4261
1619033591020430512 6322
1619033591259444006 7385
1619033591467098659 3688
1619033591698500481 4020
1619033591724833369 2779
1619033592001984469 2995
1619033592012155854 2959
1619033592459131255 15469
1619033592510153825 5460
1619033593010225505 13702
1619033593284428510 2787
1619033593304524058 5149
1619033593518457760 6715
1619033593585545431 9221
1619033593841617919 5440
1619033593924510841 5414
1619033594163405164 3279
1619033594188976112 4214
1619033594271420806 5773
1619033594287913907 5896
1619033594509134468 8132
1619033594712311439 4991
1619033595031619257 8565
1619033595296378454 7245
1619033595335334320 4021
1619033595583416879 8079
1619033595675314185 5398
1619033596259763393 3441
1619033596353085762 4716
1619033596498036891 3994
1619033596639884075 4665
1619033596798801610 5377
1619033596848269263 4525
1619033596872038877 5759
1619033596908025497 6068
1619033596933286558 7038
1619033597170796266 2415
1619033597329432561 3634
1619033597526790800 6048
1619033597746472996 6016
1619033597833807393 2123
1619033598022758123 5150
1619033598211685372 5156
1619033598243771146 5992
1619033598397454951 5648
1619033598433364808 5848
1619033598865154043 10133
1619033599321806747 4078
1619033599927329894 7221
1619033600236616257 4575
1619033600272452720 4109
1619033600563320040 4085
1619033600725159038 9529
1619033600765817228 6442
1619033600790510007 1302
1619033600814766569 4302
1619033601290364539 10637
1619033601760990593 10674
1619033601879131480 5975
1619033602403622025 8024
1619033602414914674 9242
1619033602666134854 4523
1619033602935679159 8371
1619033603259341012 8163
1619033603366530351 10650
1619033603420808862 10432
1619033603441189607 7853
1619033603533267368 6259
1619033603896962126 10540
1619033604029874659 7622
1619033604054070023 10584
1619033604216715456 10827
1619033604393743324 5399
1619033604431242913 3171
1619033604443793830 4316
1619033604633967548 3688
1619033605122053187 5125
1619033605142132422 5580
1619033605203337314 8137
1619033605220831283 15446
