1619034583539354827 6389
1619034583584397597 5247
1619034583611462709 3911
1619034584073548712 3812
1619034584112345399 6842
1619034584268045336 5599
1619034584682323450 3379
1619034584815387491 6380
1619034584920457420 8229
1619034584961767394 13530
1619034585119068697 6894
1619034585131380661 10241
1619034585236612797 9422
1619034585520667913 10656
1619034585780225437 8149
1619034586484161861 8362
1619034586672266017 6827
1619034586681689698 7243
1619034587587260132 4088
1619034587758983381 19460
1619034587788610044 6950
1619034588681068401 7963
1619034588740663097 7555
1619034589053603898 10154
1619034589097932043 11504
1619034589116706703 16687
1619034590112864393 9100
1619034590125828921 10913
1619034590508951828 4179
1619034590885872254 4741
1619034591493805008 4333
1619034591618564149 11898
1619034591645834305 7007
1619034591709422217 12319
1619034591907456860 6907
1619034592201353759 5191
1619034592716566333 6886
1619034593022840609 10475
1619034593079047501 6750
1619034593149789344 9316
1619034593275550963 5022
1619034593305132947 6679
1619034593772546727 8728
1619034593826950752 11752
1619034594066519304 10300
1619034594084508711 7176
1619034594465367276 7231
1619034594612157296 9308
1619034594633510485 9190
1619034594708128940 12440
1619034594754958889 7350
1619034595011295365 4984
1619034595177619216 10798
1619034596684839007 11523
1619034596725796355 11615
1619034597065103986 13742
1619034597508075894 13274
1619034597555108995 8979
1619034598092066104 8424
1619034598516129587 8139
1619034598892130618 3996
1619034599096836991 9157
1619034599231438710 5978
1619034599257202374 17419
1619034599338373408 7949
1619034599398050393 7501
1619034599480191653 6030
1619034599624614011 9220
1619034599704072071 7835
1619034599796605514 9070
1619034599924342365 3763
1619034600030691014 11694
1619034600110502655 5438
1619034600187519211 5654
1619034600251328865 10775
1619034600733646918 5928
1619034600840021753 6569
1619034601001890665 7176
1619034601295566547 11306
1619034601569581619 9080
1619034601645150707 6098
1619034601976444372 3363
1619034602502470257 6169
1619034602561869078 9479
1619034602677422040 6059
1619034602795539235 7860
1619034602898342802 10448
1619034603290063140 6529
1619034603337821672 8604
1619034603438682993 7104
1619034603529209639 8241
1619034603659384272 8407
1619034603714290106 4388
1619034603796558567 10313
1619034604728518808 11200
1619034604783033363 7864
1619034604813518935 7996
1619034605159658375 9813
1619034605215561581 5069
1619034605310649595 4404
1619034605568326760 2782
1619034606051023226 9786
1619034606098755327 4967
1619034606332461573 10866
1619034606403345894 6436
1619034606668639009 8430
1619034607336736607 7356
1619034607407600517 7292
1619034607443889980 12613
1619034607542001081 4858
1619034607586116363 6889
1619034607670680971 4165
1619034607921248453 7609
1619034607991641210 3494
1619034608530972707 7215
1619034608539232063 6122
1619034609343900273 9475
1619034609707692443 6539
1619034610072528384 4434
1619034610116857754 4892
1619034610601150351 6409
1619034610739641162 3351
1619034611030739008 9255
1619034611132594478 6616
1619034611473822076 10048
1619034611485684595 9834
1619034611578643352 3765
1619034612430541453 7955
1619034612945177800 6643
1619034613374348235 3287
1619034613382570066 6070
1619034613668904945 8092
1619034613926926330 8570
1619034613990568238 7157
1619034614007513821 7764
1619034614072828920 5162
1619034614177904886 5956
1619034614444397373 7540
1619034614486912315 9003
1619034614659117425 6424
1619034615118225799 5104
1619034615170907256 4951
1619034615328740704 3293
1619034615411813734 6734
1619034616158101145 28320
1619034616249352571 8405
1619034616376823457 4686
1619034616489124229 3916
1619034616689717875 7836
1619034616901004765 3805
1619034616944798353 6533
1619034617116116272 4657
1619034617190330299 4472
1619034617215076436 6557
1619034617365010776 5403
1619034617875931899 3461
1619034617992475007 4119
1619034617998572475 3982
1619034618079737196 7410
1619034618276983792 12708
1619034618294608412 4433
1619034618395728866 6733
1619034618410873607 5527
1619034618570699508 9548
1619034618980601951 4390
1619034619808649841 6083
1619034619917818855 7549
1619034620000637615 6111
1619034620360887787 18857
1619034620857895521 8750
1619034620943019044 9255
1619034621364359629 11826
1619034621589991729 8503
1619034622032983459 8698
1619034622249193221 8956
1619034622437955064 8137
1619034622521194179 5021
1619034622662435842 2575
1619034622808356303 8195
1619034622986407744 7197
1619034623621034887 5637
1619034623655134416 3765
1619034623767081164 3617
1619034624348476645 9448
1619034624511464469 5945
1619034624769275348 4698
1619034625033714415 6040
1619034625313139189 4157
1619034625324908504 4523
1619034625398950833 4714
1619034625423152564 3507
1619034625726222981 4632
1619034625950549541 7618
1619034626057643751 18561
1619034626113105544 5406
1619034626283109072 6010
1619034626512111600 7219
1619034626692187721 3820
1619034627079530973 3871
1619034627295641587 5430
1619034627622382348 8036
1619034627982107158 3989
1619034628113104681 5062
1619034628159664679 21193
1619034628173151566 5512
1619034628213843178 11396
1619034628409910433 4556
1619034628613993014 7747
1619034628878856541 8763
1619034628901713490 8311
1619034629341139535 8969
1619034629877676205 8478
1619034629914073233 4690
1619034630074003725 3413
1619034630125523905 5637
1619034630434772383 6011
1619034630471736799 4437
1619034630515413389 5180
1619034630782483990 10739
1619034631008789765 10533
1619034631068747198 3831
1619034631506971802 5759
1619034631738988172 11393
1619034631872751444 7765
1619034632063060474 9456
1619034632125604785 6173
1619034632329488590 5300
1619034632705571198 6410
1619034633092888740 5488
1619034633218529363 6064
1619034633248265276 8643
1619034633333236683 8591
1619034633509761176 6766
1619034633634211669 5453
1619034633671109043 7355
1619034633843055568 7765
1619034633900375430 11015
1619034634258969511 5358
1619034634270718202 9655
1619034634442547976 10488
1619034634622488591 8027
1619034634913378296 2759
1619034634919179078 3707
1619034634960239598 5305
1619034635445145061 8549
1619034635681963046 4879
1619034636206754818 3314
1619034636275002546 6448
1619034636358522498 33777
1619034636460116329 5284
1619034636477658450 7083
1619034636506341834 4988
1619034636534132969 2034
1619034637164038754 4236
1619034637212174691 7407
1619034637370815111 4632
1619034637461248820 8398
1619034637990057669 11876
1619034638577308293 10739
1619034638658284676 22080
1619034639126866041 2325
1619034639236416242 8831
1619034639524841862 9752
1619034639638600841 5583
1619034639926073214 7479
1619034640195816948 5541
1619034640465732864 7616
1619034640521651345 4084
1619034640587196843 3432
1619034640636868149 9059
1619034640679065836 8445
1619034640769020502 2603
1619034641110141927 4903
1619034641281573391 2682
1619034641946808943 7009
1619034642732379901 13820
1619034642848262948 6914
1619034642882250935 13357
1619034643254109525 10556
1619034643268291014 12108
