1619034678926457908 3849
1619034678982866825 3255
1619034679137063323 3411
1619034679227829173 6022
1619034679295263686 5940
1619034679468223428 4767
1619034680191916706 4668
1619034680404345142 4921
1619034680434666157 7948
1619034680673497032 5369
1619034680984989382 2745
1619034681172435793 2855
1619034681593948772 12747
1619034681621132192 10515
1619034681698199540 9164
1619034681759384594 9864
1619034682043966750 10575
1619034682165671411 5013
1619034682173178059 5358
1619034682405782229 7465
1619034682667372147 7641
1619034682750744260 7667
1619034682761698510 8877
1619034682875190362 9384
1619034683611851695 6232
1619034683662781608 3400
1619034683744417366 9305
1619034684621843264 10712
1619034684745167659 8740
1619034685002511002 8742
1619034685059676114 11166
1619034685204095731 7366
1619034685226347105 9871
1619034685534752052 7857
1619034685548659575 11820
1619034685666266217 11473
1619034685973288121 4550
1619034686233340440 8161
1619034686365421772 4288
1619034686415699305 7862
1619034686626817269 10132
1619034686751024325 8599
1619034686861429781 14459
1619034686982617102 8820
1619034687459872673 10491
1619034687881553353 4813
1619034688162445500 4071
1619034688305060681 13643
1619034688318971177 11766
1619034688425627439 6665
1619034688707209943 7114
1619034688739425508 8760
1619034688971243668 11833
1619034688996340780 7921
1619034689097001238 12590
1619034689243891624 9115
1619034689256825743 10898
1619034689839075447 11330
1619034689884415090 8822
1619034690002274243 6309
1619034690033903588 5982
1619034690067080339 4507
1619034690329065136 8942
1619034690452003996 7284
1619034690581643736 5126
1619034690982484635 10688
1619034691008265026 10931
1619034691036006089 12708
1619034691051709798 13597
1619034691407223468 6376
1619034691489259305 9932
1619034691513583368 9926
1619034691586984649 7850
1619034692181541588 3826
1619034692187949745 4351
1619034692504613602 10428
1619034692871112088 5378
1619034693058132431 19670
1619034693136175432 8963
1619034693592836509 7044
1619034693666693776 5741
1619034693677387145 8577
1619034693730969463 7991
1619034693858532647 7804
1619034694248293466 11957
1619034694260244935 4252
1619034694303111330 7381
1619034694361121072 10199
1619034694537248851 4239
1619034694861728683 53432
1619034694993728398 7544
1619034695074866575 5724
1619034695948200536 6383
1619034696566347221 5215
1619034696794517712 8950
1619034696805189379 8627
1619034697092958926 8316
1619034697926931526 9244
1619034698140703791 2895
1619034698147626909 4803
1619034698700529523 7466
1619034698711343138 8620
1619034698861485377 10609
1619034698944818939 15765
1619034698986696243 4341
1619034699065897491 9220
1619034699128953891 5543
1619034699292733578 6528
1619034699710427053 6738
1619034700143178856 7231
1619034700819696441 7697
1619034701502493810 4665
1619034701873198382 6588
1619034702159590812 9874
1619034702204511655 13649
1619034702274567618 5989
1619034702668194337 6933
1619034702816997024 6527
1619034702913700965 15211
1619034702971376063 5033
1619034703394764462 8354
1619034703565339580 3208
1619034703578627604 5663
1619034703608106530 6773
1619034703823128488 2526
1619034704081872705 5532
1619034704329542883 6128
1619034704377279039 4149
1619034704383823257 4497
1619034704464696822 4289
1619034704513337129 7143
1619034704694169242 3232
1619034704803146767 6856
1619034704811932164 6612
1619034704853872087 7823
1619034705318686105 6724
1619034705337119185 7638
1619034705471266756 9429
1619034705532705588 9248
1619034706040947754 6905
1619034706090937021 7014
1619034706242471040 10710
1619034706665784163 5516
1619034707024195014 6756
1619034707062255789 3178
1619034707243982108 4281
1619034707256076915 3590
1619034707330835563 8306
1619034707419510613 12331
1619034708186581777 5411
1619034708508265603 6663
1619034708777981445 5084
1619034708972161539 4686
1619034709023089453 5424
1619034709419831122 8125
1619034709556882591 11121
1619034709728183116 7290
1619034709877747322 13250
1619034709956692915 12985
1619034710537418151 6634
1619034711424789994 6618
1619034711555578100 24854
1619034711632064736 8560
1619034711873072554 3306
1619034712059296835 3161
1619034712109002321 6833
1619034712601667811 3305
1619034712794984252 3857
1619034712890680760 10351
1619034712964709548 4543
1619034713381192060 3362
1619034713408037767 2575
1619034713515135639 7028
1619034713552210363 7395
1619034713900093083 5673
1619034714253813401 8529
1619034714666504529 4126
1619034714750442168 8850
1619034714868424661 2674
1619034714880268935 4001
1619034714887027964 4715
1619034714944515486 9715
1619034715081566488 3972
1619034715190308892 5697
1619034715270540834 8135
1619034715300538281 9963
1619034715659295633 3758
1619034715800195522 7702
1619034715828257035 7477
1619034715919463801 11030
1619034716435243678 7513
1619034716492477801 7084
1619034716561128739 6314
1619034716825672835 9706
1619034717156583064 13280
1619034717166073562 2920
1619034717210121101 8111
1619034717467630737 3463
1619034717759902614 8906
1619034717838242355 11076
1619034717885144399 13012
1619034717900447055 13203
1619034717976794988 10637
1619034718029804438 4811
1619034718343510482 4489
1619034718434143950 9332
1619034718544023763 7931
1619034718882883745 6032
1619034719704826671 6467
1619034719799698737 5288
1619034720150836048 6205
1619034720264804357 5324
1619034720327037136 7684
1619034720468014524 2983
1619034720479003745 2818
1619034720656781587 6835
1619034720792435206 7557
1619034720840486817 9356
1619034721172720871 6238
1619034721322163567 9097
1619034721664327650 4800
1619034721736843839 2817
1619034721786800788 5610
1619034721804062513 7076
1619034722492617621 8022
1619034722770155065 7441
1619034723029079104 4545
1619034723089697230 12577
1619034723100653763 3613
1619034723273005295 4171
1619034723344664075 11789
1619034723695574136 11602
1619034723802909135 7256
1619034724466679355 3863
1619034724600717754 6649
1619034724667536266 4847
1619034724758161118 5537
1619034725765224381 4172
1619034725806151117 8920
1619034726332494261 3391
1619034726407455643 5477
1619034726502916570 6109
1619034726688673328 4076
1619034726858250571 11024
1619034727402049353 6025
1619034727548248015 9779
1619034727708691261 8176
1619034727861191259 2933
1619034728241129227 12723
1619034728364908424 1786
1619034728370819734 3760
1619034728382792369 3645
1619034728396141174 5294
1619034728465466907 11996
1619034729539903842 5850
1619034729547805949 5766
1619034729557250501 7363
1619034729595927941 7403
1619034729705448971 5913
1619034729930468185 7195
1619034729979298210 11436
1619034730125758234 5721
1619034730181783908 11944
1619034730317238612 14110
1619034730367549140 10057
1619034730459036351 18436
1619034730527968603 3391
1619034730570363241 2697
1619034730640913521 9292
1619034730718061406 14749
1619034730892807466 10278
1619034731064342792 9987
1619034731101538395 9737
1619034731132271753 8738
1619034731627096657 8995
1619034732342666422 10842
1619034732842981383 9367
1619034733084653105 19189
1619034733593034930 10882
1619034733963777808 6658
1619034734592196197 11944
1619034734677471774 4096
1619034734737291208 5699
1619034735035186267 6714
1619034735165049764 4496
1619034735397666331 8984
1619034735451891277 4922
1619034735524555615 4906
1619034735595628044 6288
1619034735610562776 2582
1619034736022493375 7378
1619034736795737481 5992
1619034736936515372 7575
1619034736989883844 4874
1619034737046240287 6155
1619034737078336882 3216
1619034737347576779 9573
1619034737811093946 9681
1619034738174781063 4835
1619034738461630125 2698
1619034738738565705 5123
