1619461764852721464 34601
1619461765852692064 34341
1619461766852713551 34112
1619461767852695831 34262
1619461768852752986 34023
1619461769852697283 34526
1619461770852744579 34492
1619461771852707067 34220
1619461772852721586 34195
1619461773852731696 34216
1619461774852700864 34426
1619461775852698880 34625
1619461776852723720 34126
1619461777852730735 33923
1619461778852707638 34139
1619461779852782976 34336
1619461780852731919 34019
1619461781852715119 34546
1619461782852744630 34679
1619461783852706244 34483
1619461784852737765 35094
1619461785852803928 34456
1619461786852703098 34440
1619461787852693293 34629
1619461788852790602 34730
1619461789852749091 34183
1619461790852764369 34533
1619461791852713425 34497
1619461792852704486 34513
1619461793852695635 34448
1619461794852691291 34008
1619461795852712107 33981
1619461796852717081 34719
1619461797852709702 34147
1619461798852693213 33948
1619461799852735176 35028
1619461800852700071 34440
1619461801852695314 34546
1619461802852710273 34497
1619461803852709169 34306
1619461804852719367 34438
1619461805852706010 34452
1619461806852711582 34352
1619461807852735143 34462
1619461808852757899 34720
1619461809852706521 34628
1619461810852694935 34473
1619461811852738422 34399
1619461812852708559 34033
1619461813852696307 34471
1619461814852702215 34666
1619461815852719274 34364
1619461816852708914 34734
1619461817852711549 34450
1619461818852705991 34827
1619461819852699576 34697
1619461820852721529 34111
1619461821852747962 34284
1619461822852728004 34376
