1655349444922319308 381189768
1655349445164657253 38679688
1655349445409910533 44875080
1655349445712533481 102239509
1655349445971357101 58453821
1655349446228069119 56273145
1655349446492978373 62136851
1655349446801428985 108049840
1655349447072557837 70735834
1655349447383067716 110093721
1655349447697698996 114230714
1655349447976365186 78267887
1655349448281139716 101973377
1655349448538155571 54229314
1655349448834953399 96389965
1655349449091678165 53981832
1655349449354778707 60349416
1655349449606122177 50956754
1655349449859490987 52964043
1655349450121090017 58735904
1655349450550892156 229424371
1655349450829928761 78646754
1655349451102946804 70233802
1655349451425483879 119676087
1655349451699675363 71189105
1655349451977911384 75384153
1655349452233897663 55584378
1655349452501434115 65931443
1655349452745756872 41532592
1655349452990866365 44713736
1655349453236295904 42684177
1655349453481294397 44587829
1655349453750819249 66799041
1655349454008079167 54510600
1655349454296216386 87763545
1655349454546886116 50293969
1655349454796309799 46526914
1655349455048208570 49167109
1655349455301261846 50185758
1655349455556679917 52583915
1655349455807690048 50608441
1655349456094794742 86682355
1655349456358516069 63320878
1655349456621303303 62551520
1655349456884635834 60657653
1655349457193895753 106472788
1655349457457949069 61213828
1655349457774769366 113913435
1655349458055628254 80466706
1655349458367012208 110987820
1655349458625430115 55582040
1655349458882377669 56533446
1655349459174750931 89548559
1655349459445279434 70131408
1655349459730762581 85090298
1655349459987944441 54497056
1655349460250816397 62472059
1655349460498775458 47583958
1655349460749277528 47446309
1655349461022740299 73053863
1655349461284321954 61139138
1655349461535215623 50662817
1655349461792905941 54914054
1655349462044861749 51576541
1655349462344874899 97208262
1655349462613940550 66335977
1655349462906583765 89958815
1655349463172045669 65062419
1655349463464440999 89726474
1655349463718041079 50898195
1655349463976043929 57610160
1655349464234557821 55832368
1655349464491264171 56308378
1655349464750915714 59274755
1655349465053500092 102149904
1655349465314703780 58497429
1655349465571014027 55912432
1655349465853856247 82483273
1655349466123232536 66558350
1655349466416157070 90123592
1655349466683016112 64060024
1655349466988875957 105482463
1655349467250597374 61347510
1655349467532596675 79261183
1655349467796430605 61043356
1655349468066989531 67815694
1655349468365452813 95697918
1655349468648957694 80766854
1655349468949739342 100396146
1655349469218516953 68383372
1655349469528254146 106957424
1655349469791896515 60709582
1655349470088142233 93550306
1655349470344378322 55840356
1655349470625531673 78426656
1655349470877774647 48159648
1655349471129529772 49116051
1655349471380900719 48345945
1655349471632301168 48675044
1655349471901513949 66443659
1655349472160921475 58993234
1655349472418381130 57045971
1655349472676510392 57730697
1655349472935061513 58156166
1655349473246355713 108567601
1655349473516064566 69285519
1655349473785483163 66642595
1655349474054607623 66265881
1655349474365330673 107903683
1655349474637138254 71421872
1655349474970121722 130059834
1655349475249978884 79462682
1655349475551327238 98593380
1655349475829630930 75535711
1655349476135397027 105372556
1655349476422820019 87001992
1655349476735868879 110241692
1655349477014175170 75573245
1655349477319959168 105379135
1655349477600458405 80127499
1655349477917825349 114556668
1655349478188229747 67696618
1655349478451915904 62598096
1655349478714826307 62498753
1655349479047985692 130473885
1655349479338061906 87355369
1655349479605502668 64684242
1655349479861175019 52768367
1655349480136414102 74851739
1655349480405029162 68223482
1655349480665484747 60062243
1655349480951305364 85443147
1655349481250875116 99175510
1655349481541186808 89909506
1655349481798488640 56909114
1655349482086388693 85100840
1655349482354621035 67842959
1655349482630781119 75781627
1655349482914848267 83673062
1655349483187408675 69830785
1655349483461370629 73548837
1655349483730670007 68898789
1655349484017999089 84551198
1655349484286263018 67878058
1655349484549788726 63113952
1655349484796711342 46525888
1655349485040691555 43571872
1655349485286093631 45018149
1655349485531541088 45069204
1655349485778175094 43921614
1655349486018576297 40023821
1655349486308634170 87167344
1655349486570568112 59206286
1655349486882416912 111467138
1655349487146971098 61815809
1655349487452105591 102317588
1655349487709423071 54535773
1655349487973448062 63635342
1655349488240185557 63991457
1655349488506414704 63452428
1655349488759704188 50508216
1655349489035615968 75453139
1655349489309834627 71404735
1655349489580137919 69872284
1655349489837732943 57206843
1655349490094027765 55908814
1655349490340131050 43392431
1655349490585214609 44679761
1655349490829376013 41362357
1655349491076182141 46401584
1655349491320343212 43778426
1655349491565421615 42349704
1655349491810621611 42426527
1655349492055657584 42257007
1655349492301084954 42871844
1655349492540875227 39407060
1655349492773752386 32502540
1655349493020712868 44214569
1655349493266864570 45748643
1655349493518078151 46982116
1655349493768714827 50256271
1655349494025951266 56853936
1655349494315973222 87110151
1655349494564036927 47660795
1655349494841963547 77525219
1655349495084235748 41864380
1655349495357686038 73072160
1655349495602345853 41818258
1655349495889468823 84469506
1655349496134273503 41896019
1655349496410386579 75719044
1655349496649368835 38609620
1655349496888673259 38911126
1655349497169941093 78450393
1655349497414854334 42087272
1655349497707509934 92272089
1655349497960266765 52347627
1655349498239446133 76515462
1655349498479986977 40110878
1655349498719131397 38743623
1655349498963959834 43780969
1655349499209282606 44945668
1655349499453869052 41850175
1655349499693489144 39235538
1655349499938831296 42554900
1655349500179242874 40019155
1655349500422479943 40531426
1655349500667883479 42468387
1655349500910275137 42024352
1655349501154753619 41708744
1655349501403127452 47962432
1655349501652101786 45455074
1655349501918569619 66095551
1655349502186254945 67296570
1655349502476079332 89416837
1655349502721845349 45387048
1655349503014794880 89035539
1655349503260943291 45761827
1655349503546566046 85226184
1655349503797532341 48197347
1655349504085106604 84824239
1655349504345051435 59528830
1655349504630863307 82986579
1655349504891275444 60016652
1655349505177816696 83642391
1655349505437285780 59043339
1655349505723250203 85590171
1655349505968598183 44965932
1655349506244958078 73647066
1655349506490263152 42614870
1655349506764113964 73480220
1655349507012143741 47615903
1655349507282211395 69706144
1655349507527819813 45237638
1655349507773178062 42592256
1655349508018935682 42992701
1655349508306015490 84296373
1655349508559374821 52963750
1655349508846726313 84649123
1655349509104305752 54664636
1655349509362483016 57817430
1655349509620288195 57435575
1655349509914062893 91122032
1655349510178062877 63600465
1655349510441737488 63296395
1655349510705967972 63789323
1655349510976047816 67285314
1655349511245480286 66662060
1655349511515757888 70004542
1655349511784626013 66122813
1655349512097034334 112021795
1655349512366612606 66862263
1655349512636144796 66728509
1655349512900272135 63737010
1655349513164623561 63946224
1655349513514800170 147542872
1655349513812622154 95042693
1655349514117575568 102077150
1655349514398762128 78404716
1655349514704404030 105247847
1655349514985281403 80476338
1655349515278324204 92640042
1655349515559121678 77956308
1655349515845433310 83610669
1655349516131169620 85354133
1655349516438343238 106792071
1655349516708513076 67316009
1655349516994226329 85334091
1655349517269495194 74865567
1655349517550927927 81040247
1655349517832079991 80776073
1655349518108484032 73744654
1655349518387864235 79004723
1655349518680924772 90395930
1655349518962390099 78656972
1655349519243604027 78317672
1655349519528405604 82044647
1655349519814826377 86037245
1655349520092103944 76285263
1655349520367144734 74648926
1655349520650556630 83019379
1655349520935392002 82077426
1655349521215502840 77368173
1655349521476490610 60573656
1655349521767277624 89465732
1655349522059687937 92027458
1655349522336843946 76744575
1655349522629237833 89642136
1655349522891441028 59425178
1655349523142673411 48522867
1655349523414391505 69047091
1655349523681055295 66265079
1655349523946049636 62157969
1655349524213334701 66871339
1655349524477347946 61211795
1655349524779746069 102002757
1655349525046087250 65884102
1655349525337644264 88817443
1655349525614468882 76527621
1655349525887750802 72889371
1655349526151040364 62862340
1655349526433621921 79824152
1655349526696495342 62469591
1655349526994519301 97643457
1655349527250660450 53339969
1655349527525355183 70505690
1655349527789476777 63738595
1655349528078310484 88426982
1655349528345901830 67199122
1655349528609932775 63638469
1655349528889947088 77231358
1655349529177620357 84948182
1655349529447688791 69686893
1655349529749316964 101213999
1655349530014898432 65207655
1655349530282538735 67251983
1655349530536689182 53756332
1655349530805137010 68066905
1655349531078202837 70148836
1655349531342442058 63844572
1655349531616738506 71180786
1655349531904670908 85156693
1655349532186508409 81440163
1655349532468646505 79280420
1655349532723705631 54675334
1655349532981235870 57070179
1655349533233458693 51812142
1655349533483454427 47125517
1655349533726764097 40595249
1655349533971872236 42411135
1655349534224099282 49448748
1655349534469485267 42662542