1655349597193304653 476213578
1655349597454761917 59984951
1655349597784886320 127515965
1655349598088769593 103490665
1655349598406938169 115275427
1655349598741192622 129762813
1655349599075104200 133517379
1655349599387398952 109591722
1655349599743460558 153399066
1655349600046300950 102438702
1655349600342830416 93693340
1655349600614589718 69052102
1655349600878794512 63831349
1655349601139972652 60792172
1655349601466818574 126442724
1655349601843982024 176753452
1655349602144368297 97724694
1655349602435049449 87977761
1655349602711247370 75803277
1655349602971829653 57858454
1655349603236442352 61199080
1655349603528823596 88518042
1655349603820267330 88417631
1655349604140247778 117244178
1655349604397128026 54050059
1655349604644896297 44226715
1655349604889896332 42165178
1655349605144037151 51244486
1655349605433827292 89386963
1655349605720577924 84054217
1655349606029534823 106114046
1655349606364740364 130923711
1655349606627249353 62108630
1655349606869403906 41753300
1655349607115004405 45226931
1655349607369825143 52063975
1655349607693232450 120683830
1655349608001237341 102949821
1655349608293385030 91867121
1655349608573518308 79746944
1655349608837223517 60593125
1655349609094500723 56876986
1655349609357124735 62256945
1655349609621623159 64107501
1655349609918766342 94355348
1655349610207679171 88531820
1655349610531816979 121386507
1655349610876826340 142323364
1655349611157601080 78092769
1655349611461709269 101405992
1655349611755693476 93568700
1655349612036322647 80243476
1655349612289358796 52591549
1655349612547446108 54390786
1655349612832220123 84386037
1655349613144310709 111696589
1655349613464463417 119774510
1655349613714450603 49580573
1655349613958646826 41474592
1655349614226016818 64666345
1655349614498371246 69576527
1655349614835753603 136992197
1655349615191111043 152605484
1655349615462905301 69136337
1655349615713076315 47457783
1655349615965194811 51739035
1655349616227376171 59485623
1655349616534156582 106399656
1655349616862073491 127493497
1655349617182965539 116573098
1655349617477253087 93903422
1655349617777259862 96099791
1655349618049266791 71602609
1655349618317655716 67048153
1655349618606168679 88102891
1655349618924430827 117851342
1655349619232611041 105444199
1655349619569737257 136741388
1655349619909750357 137327448
1655349620189160155 76707852
1655349620444232208 52073598
1655349620699462476 54829402
1655349620953746458 51530370
1655349621219016577 64857362
1655349621499823962 80424710
1655349621798814822 98602337
1655349622115483711 116272038
1655349622391391390 73178495
1655349622667532229 75815535
1655349622954401108 84159259
1655349623236340059 79126610
1655349623551407872 114669370
1655349623869670633 117864730
1655349624121633121 51581486
1655349624384069387 62057071
1655349624642501614 55688444
1655349624897459700 54568511
1655349625166537686 66270872
1655349625434147111 67223387
1655349625675140460 40566477
1655349625924827364 49324067
1655349626183430843 58243666
1655349626444700526 58621084
1655349626752861636 107780677
1655349627098353874 145091804
1655349627373610028 72547997
1655349627667775757 91475165
1655349627920011067 51834641
1655349628246561977 126164600
1655349628519705235 72766240
1655349628761301758 38828134
1655349629001664447 39982593
1655349629243803958 39382254
1655349629488643297 41824976
1655349629735335654 44016392
1655349630000785398 62627614
1655349630284921154 83714807
1655349630579000867 93661278
1655349630877688242 98295680
1655349631189141792 107273137
1655349631498605993 109069807
1655349631817663347 118665610
1655349632116218984 95749163
1655349632408717480 92086332
1655349632707661678 98518100
1655349632981393437 70989118
1655349633230585568 48791813
1655349633496727246 65764903
1655349633759402951 62298433
1655349634072717697 110642553
1655349634412582512 139306040
1655349634744192104 129490862
1655349635063390735 116116189
1655349635373255065 109437868
1655349635711409445 135335359
1655349636038679021 124595906
1655349636414277089 172908691
1655349636707772566 93106067
1655349636990752912 80219436
1655349637233203456 42054885
1655349637478880768 42876166
1655349637741672865 62402391
1655349638054746740 112681380
1655349638495238804 240117881
1655349638751418116 53354535
1655349639047117691 92965632
1655349639285053225 35219567
1655349639524919921 37136988
1655349639764684912 35988060
1655349640027267165 62172302
1655349640271689962 44016645
1655349640584334160 109793397
1655349640954295562 169565126
1655349641294902178 137828230
1655349641599989086 102440791
1655349641887345475 84736664
1655349642163813615 73792396
1655349642471192054 106991429
1655349642795045701 123454499
1655349643121222832 123399689
1655349643394892832 70786632
1655349643657473396 62186938
1655349643936953149 76739776
1655349644192691514 55350889
1655349644502441852 109358773
1655349644820467336 113700788
1655349645131528207 106536622
1655349645463144175 127888915
1655349645715853579 52311883
1655349645977049621 60812067
1655349646299287176 119553735
1655349646623902588 124233932
1655349646975992782 151666615
1655349647302087902 123189268
1655349647610799516 108228012
1655349647892451431 78272310
1655349648142673465 49823128
1655349648401880608 56378890
1655349648671833348 67263672
1655349648971642657 99407384
1655349649317574880 145548083
1655349649610554671 89586035
1655349649926344085 115377763
1655349650251539973 122384020
1655349650561661649 109709251
1655349650823395843 61270103
1655349651096299305 72092828
1655349651371815390 72838221
1655349651641749083 67325549
1655349651910966135 66360174
1655349652203584734 92241998
1655349652475863048 71906785
1655349652763468833 83639703
1655349653062474767 94659848
1655349653354012971 88763119
1655349653686076072 129289165
1655349654001191290 114703080
1655349654370808076 169200282
1655349654676528311 105298082
1655349654976509255 99297737
1655349655263099374 81906942
1655349655522063669 58574820
1655349655781332860 58108085
1655349656054853674 70789354
1655349656342426256 87194994
1655349656606780965 63979342
1655349656864719020 55225089
1655349657141213719 73615399
1655349657423758426 79883104
1655349657727941520 103749890
1655349658037519255 109162203
1655349658311302821 73400620
1655349658592382017 78305241
1655349658916570271 123802605
1655349659174508531 57547773
1655349659421231041 45742424
1655349659667226960 45605708
1655349659907313627 39696142
1655349660184928573 73542306
1655349660450556074 65244762
1655349660728347656 74986019
1655349661001360689 70364505
1655349661270138523 68374459
1655349661509112312 38557852
1655349661766267259 53775527
1655349662058356460 89327151
1655349662356882073 98127962
1655349662650819902 93534642
1655349662971756581 116839290
1655349663268036402 92737830
1655349663572072949 101347705
1655349663889170607 116701610
1655349664170178032 78236555
1655349664457969267 87368765
1655349664732409960 71668620
1655349664995424206 60271736
1655349665253014356 57198776
1655349665528252899 74853299
1655349665799614084 68610935
1655349666041654494 40840952
1655349666367040704 125018606
1655349666681746137 114309703
1655349666957131902 74995771
1655349667202418750 44904605
1655349667447955727 45165683
1655349667692712161 41953865
1655349667948614233 55491864
1655349668202028632 50698907
1655349668472421230 67707877
1655349668763068113 90278292
1655349669136849351 173401243
1655349669438891267 101648459
1655349669727726483 86128873
1655349669978779075 50660027
1655349670233265690 51805708
1655349670479311018 45643698
1655349670745410142 62147517
1655349671000177168 54386272
1655349671291148760 87185640
1655349671621517846 129805789
1655349671880371655 58477993
1655349672143717482 62967615
1655349672402439654 58348349
1655349672665511796 62700672
1655349672940737483 72610016
1655349673192958574 51844405
1655349673514878839 121520549
1655349673789318386 71694592
1655349674080447570 90740905
1655349674333840485 53006022
1655349674609189570 72662270
1655349674968767570 159146599
1655349675237605190 68460157
1655349675553267728 112891902
1655349675858667696 102604482
1655349676149613079 90536798
1655349676424770164 72401686
1655349676683468446 58295073
1655349676932627442 46179936
1655349677179466952 44031880
1655349677466964624 87100243
1655349677748630269 81270345
1655349678015434048 64080403
1655349678285574514 67347201
1655349678538331099 52334907
1655349678792593393 51575976
1655349679049984043 56995697
1655349679337882398 85235814
1655349679606698145 66112042
1655349679875325755 65950051
1655349680181012906 105295459
1655349680493021631 108229061
1655349680781247443 85492706
1655349681084640926 102994248
1655349681366367133 78975355
1655349681628834449 62089734
1655349681929088674 99858201
1655349682222080558 92621834
1655349682493216802 68352105
1655349682828010066 131957599
1655349683142016697 113565406
1655349683479619430 137188749
1655349683753412313 73405377
1655349684023108942 66875354
1655349684276611268 50866225
1655349684529741845 52740944
1655349684782302298 49860012
1655349685034232765 51536027
1655349685300777454 63923638
1655349685569215115 68056225
1655349685866693975 97101168
1655349686180137108 109765837
1655349686503329153 120433656
1655349686794147851 86904948