1655322766940830485 638540585
1655322767376675525 225583696
1655322767733988033 156935564
1655322768156019790 219154206
1655322768490012801 131217648
1655322768823084201 130340265
1655322769144608345 118713498
1655322769508700834 161324786
1655322769865298396 153799534
1655322770173677732 105619934
1655322770422818989 48725365
1655322770678691162 55480413
1655322770931622632 50236381
1655322771238407981 106373326
1655322771618203875 179385851
1655322771985391303 166762999
1655322772314089503 126007932
1655322772660449531 143605839
1655322773025602690 162353274
1655322773430411741 201407463
1655322773796486019 165643696
1655322774113940136 114554151
1655322774415112685 98470062
1655322774719463162 101632382
1655322775002155302 82288327
1655322775304063008 98024862
1655322775603161235 98710713
1655322775932022942 126034207
1655322776239638747 107221110
1655322776609883444 167548681
1655322776917092205 106824183
1655322777288617389 170968701
1655322777640450615 149137254
1655322777961655857 120811721
1655322778225206702 63061595
1655322778526318530 100705355
1655322778786057631 56922523
1655322779098740057 112297263
1655322779410564853 111384564
1655322779733081018 119783136
1655322780045811129 108939613
1655322780387490619 138946659
1655322780708467225 120596493
1655322781030577600 121589950
1655322781396290990 165308829
1655322781781298297 184581880
1655322782115901246 131688495
1655322782460004952 141268969
1655322782800843817 140434346
1655322783090485773 86839546
1655322783345184318 52034395
1655322783602931892 55067262
1655322783932720885 127011021
1655322784273606297 138042015
1655322784566164447 89852748
1655322784872480669 103515552
1655322785166269516 93382491
1655322785547638765 178689208
1655322785918648929 170633742
1655322786199908056 80862151
1655322786510752786 110455761
1655322786762310140 51138937
1655322787042854963 80176856
1655322787341406811 98147812
1655322787870141968 325599460
1655322788257697930 184657034
1655322788586633016 128458084
1655322788920853284 133813815
1655322789253022315 131737973
1655322789579617382 126060849
1655322789895901180 115895250
1655322790243447543 144805892
1655322790601294895 155054896
1655322790956187884 154500416
1655322791259972787 103367477
1655322791602557903 139224428
1655322791939621016 136651139
1655322792244520857 102045831
1655322792560368418 111409437
1655322792914638367 153805902
1655322793248782747 129800580
1655322793604932249 153491041
1655322793954256140 144869040
1655322794290100348 132699201
1655322794668607685 177806716
1655322795002317044 133314981
1655322795281027034 78326137
1655322795558195361 74471788
1655322795827699875 66811255
1655322796090424416 59950088
1655322796482196038 191382774
1655322796762584106 80009913
1655322797134394200 171395321
1655322797458466975 123676053
1655322797845130768 182390396
1655322798254059268 208521631
1655322798629825577 171368328
1655322798981068278 150844028
1655322799377062921 191604571
1655322799766946259 187116004
1655322800043352861 73685374
1655322800397287358 151166031
1655322800675209467 77521959
1655322800935155307 59547987
1655322801234853847 96978004
1655322801633807492 198559049
1655322802044034005 206485124
1655322802431059824 186684354
1655322802828964387 197391106
1655322803138798003 106782323
1655322803399159075 59987286
1655322803663219380 63686644
1655322804019250685 153129935
1655322804397797794 175885256
1655322804739696219 141479268
1655322805103199915 158496691
1655322805507764953 204156781
1655322805900353757 188499458
1655322806228994365 128252510
1655322806577400340 145666061
1655322806862303308 84504811
1655322807236616473 171495653
1655322807574650469 137657376
1655322807891585909 116559105
1655322808254820753 162851338
1655322808541434013 86229115
1655322808806815787 64914286
1655322809095229083 88013006
1655322809440787115 145172089
1655322809800186407 156643249
1655322810177498447 174457738
1655322810516061100 138141821
1655322810898688036 178030390
1655322811219487872 118058270
1655322811608480776 185532359
1655322811959831617 150016244
1655322812326951832 164356194
1655322812634963941 107608207
1655322812964295139 128929196
1655322813295252963 128097876
1655322813621234338 123139854
1655322813948034880 126394709
1655322814298086053 146938036
1655322814633290346 134804116
1655322814973886670 140179180
1655322815318440804 144144272
1655322815678631368 156713193
1655322816016778169 137728921
1655322816355023825 137800163
1655322816681125992 123237014
1655322817072775658 186855890
1655322817392769881 117155933
1655322817752396653 155266287
1655322818088371163 135580860
1655322818429216856 138039043
1655322818786496047 154433338
1655322819099809722 109714240
1655322819460227271 157001564
1655322819799894719 139283814
1655322820123878234 123563609
1655322820452618268 128309911
1655322820805343530 152337059
1655322821139012457 133176546
1655322821456300840 114501985
1655322821763599467 106911249
1655322822057439783 90842296
1655322822355863154 95724580
1655322822645083815 86443969
1655322822952899456 105029130
1655322823245377616 92082203
1655322823634076016 185830016
1655322823956380017 121906722
1655322824286182666 126966637
1655322824608642483 122064766
1655322824948411288 137038064
1655322825271638100 120403341
1655322825617589049 145559189
1655322825989651286 169338984
1655322826330679868 140637949
1655322826647800372 116734481
1655322826972841496 124462211
1655322827294011861 118337186
1655322827642966839 148549755
1655322828000620115 157269130
1655322828291224000 90220699
1655322828683468983 191855339
1655322828959856165 73525112
1655322829217819421 55286740
1655322829487033469 66535578
1655322829794389900 104559060
1655322830163239616 168471476
1655322830521449915 157822810
1655322830838840102 114660113
1655322831211312003 169628819
1655322831615313609 203605003
1655322831940745433 125037148
1655322832257689132 116510507
1655322832586290688 125748939
1655322832938312281 151594385
1655322833266043473 125076956
1655322833639622982 170849754
1655322833993418806 150759475
1655322834335889156 142057461
1655322834723538381 187232476
1655322835082035558 158089643
1655322835445862557 161189934
1655322835810161726 163868548
1655322836144823538 134289701
1655322836536045348 190812850
1655322836826298002 89837026
1655322837138326408 111631672
1655322837438130398 99429344
1655322837719266425 80774087
1655322838007562736 85522649
1655322838294943880 84590764
1655322838586820657 91476639
1655322838926754094 139534660
1655322839278427236 148874589
1655322839612773961 133956857
1655322839940532910 125000284
1655322840256378742 113053124
1655322840652331969 193166903
1655322840976968999 124212687
1655322841298149133 120790907
1655322841695214829 194393052
1655322842054245653 158622458
1655322842367603500 112947537
1655322842646395217 76068441
1655322842960735787 111623840
1655322843246359547 85203334
1655322843511682383 64931689
1655322843781222993 69131508
1655322844069819256 88211657
1655322844387472027 117245765
1655322844714651300 126761273
1655322845064039457 148981592
1655322845448882790 182059817
1655322845786502981 134757313
1655322846112137168 125385147
1655322846468744290 156202507
1655322846810447294 138873160
1655322847131342793 118143526
1655322847482250613 147948978
1655322847803078537 118040380
1655322848099440221 95966791
1655322848452263751 152431409
1655322848781358105 128698808
1655322849120752400 138954577
1655322849438637455 115174550
1655322849761483297 122472830
1655322850118459164 154208038
1655322850483288843 160547028
1655322850814095149 128051503
1655322851118222824 101353252
1655322851453453697 134828606
1655322851858275818 202044760
1655322852158584641 99911127
1655322852491246361 128940215
1655322852783596842 91945636
1655322853039924052 53542814
1655322853345843527 105523630
1655322853670457430 121914420
1655322854000110743 129225584
1655322854400165794 199657520
1655322854750021702 147171644
1655322855138665321 188247411
1655322855462316401 123264126
1655322855855835817 190598399
1655322856145901513 89688468