1619480098801944300 1288
1619480098839569881 204
1619480099110673929 1532
1619480099124631514 1322
1619480099191974708 1271
1619480099277728326 220
1619480099287368367 1296
1619480099360348635 245
1619480099501782283 1586
1619480099505314664 1466
1619480099533652368 1379
1619480099551006491 1314
1619480099600644980 1617
1619480099622891613 1251
1619480099755990234 1201
1619480099848529089 1195
1619480099892817189 1263
1619480100062511264 202
1619480100176085557 1186
1619480100251279640 1274
1619480100299440558 1305
1619480100523254023 1437
1619480100648795051 1226
1619480100652143351 1299
1619480100657780304 1346
1619480100678396304 1319
1619480100689503644 1407
1619480100708391946 1281
1619480100712880563 178
1619480100778636488 1463
1619480100812507016 226
1619480100822678918 1208
1619480100858004973 1392
1619480100861815236 1743
1619480100929769369 1266
1619480100981374582 1213
1619480101003169340 1691
1619480101117227525 1553
1619480101127304379 1213
1619480101396418580 1750
1619480101545311364 1345
1619480101566099912 1589
1619480101625759128 207
1619480101666143403 1316
1619480101711540535 1466
1619480101803561247 1307
1619480101955752345 1190
1619480102094039855 1214
1619480102158572676 1378
1619480102169430930 1389
1619480102200153166 1387
1619480102223173436 1314
1619480102229985487 1409
1619480102249529290 1061
1619480102333301510 1053
1619480102341054179 1690
1619480102410860719 1633
1619480102434320029 1666
1619480102536086729 1628
1619480102656390872 985
1619480102679924734 1375
1619480102712851151 1130
1619480102777715766 1123
1619480102795686372 1179
1619480102849967715 1632
1619480102860167211 1271
1619480102948788831 1459
1619480102974543971 1599
1619480103023275890 1526
1619480103146981293 1235
1619480103224818991 1260
1619480103264055606 311
1619480103318188412 1520
1619480103405209450 1250
1619480103478870095 1108
1619480103728787826 1639
1619480103795368907 1333
1619480103844611729 1321
1619480103871161710 1296
1619480103964225584 1138
1619480104003605453 1274
1619480104010308616 1246
1619480104029485980 1310
1619480104071354960 1158
1619480104119183133 1329
1619480104217319701 1508
1619480104253003291 1647
1619480104306320563 1540
1619480104360400511 1185
1619480104374423611 1577
1619480104407146103 1478
1619480104587144717 187
1619480104612746677 1293
1619480104655651024 1178
1619480104678719650 1769
1619480104740647117 1452
1619480104774469544 1217
1619480104833260625 1436
1619480104851771171 2831
1619480104885558507 1468
1619480104916002009 1247
1619480104991057957 1469
1619480105025603213 1252
1619480105111090410 1306
1619480105245999646 1229
1619480105258684902 275
1619480105283675605 1395
1619480105356941821 1633
1619480105392413418 1317
1619480105434847440 1392
1619480105634573389 1180
1619480105728387075 1276
1619480105731618793 1165
1619480105772858452 1418
1619480105805813421 1217
1619480105825072204 1355
1619480105859619936 1889
1619480106065892938 2302
1619480106095247127 1428
1619480106240176348 185
1619480106243686357 1428
1619480106436000030 1171
1619480106465196302 247
1619480106538003505 249
1619480106578872522 1537
1619480106624578525 1121
1619480106729926215 1359
1619480106764229022 1471
1619480106818213088 1357
1619480106931070255 1353
1619480106951514378 1187
1619480107001564543 173
1619480107063722107 1398
1619480107114441609 1312
1619480107131180049 1421
1619480107152960331 1522
1619480107287143475 1965
1619480107402457460 1363
1619480107476208026 2474
1619480107498806670 1330
1619480107665623743 264
1619480107822479282 1096
1619480107911157127 1389
1619480107918318799 1728
1619480107951404664 1501
1619480108004040066 162
1619480108007452346 1372
1619480108075515909 158
1619480108144838567 1539
1619480108179124515 1351
1619480108184711675 1347
1619480108231417775 174
1619480108251564934 1345
1619480108261892607 1563
1619480108398906240 1213
1619480108411225436 192
1619480108428531661 1615
1619480108481333697 1167
1619480108492451573 1218
1619480108580057418 1439
1619480108600884830 1261
1619480108712365189 1576
1619480108729550785 1235
1619480108752151588 1378
1619480108827720374 1087
1619480108838777166 1183
1619480108928438065 1405
1619480109143236425 1556
1619480109151890312 229
1619480109214445726 1515
1619480109250608373 1300
1619480109291200912 1457
1619480109362242708 1237
1619480109519683595 1018
1619480109528677501 1507
1619480109570802334 1017
1619480109580503355 188
1619480109634494138 1148
1619480109644446597 1265
1619480109694784065 1358
1619480109704551602 1273
1619480109717968398 1262
1619480109769882791 1265
1619480109797044291 1231
1619480109814263846 1531
1619480110060906572 1230
1619480110082533514 1231
1619480110146284089 1256
1619480110149572520 1232
1619480110205843981 1180
1619480110241833630 1228
1619480110351001496 1568
1619480110499826343 1412
1619480110649546678 1319
1619480110689657872 1416
1619480110706022630 1333
1619480110763738084 1298
1619480110875691632 1668
1619480111006511781 1633
1619480111020454365 1153
1619480111094940847 1360
1619480111163035913 270
1619480111296817521 1301
1619480111413037510 1322
1619480111499998012 1280
1619480111603008489 259
1619480111885317389 1375
1619480111948216788 1385
1619480112045369377 2394
1619480112119386747 1197
1619480112189702136 1255
1619480112218861272 1541
1619480112315285326 1362
1619480112362640567 1388
1619480112376353668 1326
1619480112400007641 1315
1619480112436237719 1264
1619480112471785454 227
1619480112481855982 1298
1619480112530641510 1282
1619480112589337204 1407
1619480112606299097 1319
1619480112745236876 1283
1619480112830299426 1216
1619480112892023890 1449
1619480112907633076 1288
1619480112930047295 197
1619480112978979024 157
1619480113098739404 1358
1619480113107646530 219
1619480113158516238 227
1619480113213786343 1658
1619480113236452526 2103
1619480113249184852 237
1619480113313948672 174
1619480113690234553 1722
1619480113833633485 1193
1619480113879818241 1100
1619480113889617794 1216
1619480113917054125 1301
1619480113929399568 1463
1619480114019206721 167
1619480114048338812 1476
1619480114095908136 1538
1619480114153310669 1271
1619480114233699094 1260
1619480114326519429 1442
1619480114339122156 1677
1619480114359397337 1175
1619480114390844655 1395
1619480114398183798 1389
1619480114452366885 1271
1619480114612199544 1405
1619480114693608197 174
1619480114781944687 1326
1619480114785314594 1297
1619480114817020141 1260
1619480114857689809 1262
1619480114883488765 1336
1619480115069282037 1000
1619480115072636055 1321
1619480115123924867 1224
1619480115136088522 292
1619480115176136007 1523
1619480115210843938 229
1619480115243979541 1329
1619480115266458545 1563
1619480115300986239 202
1619480115343699394 1316
1619480115382393794 1288
1619480115407804789 1486
1619480115450877222 1391
1619480115598182460 1212
1619480115696613912 1695
1619480115740980106 1767
1619480115821709866 144
1619480115889488917 1321
1619480116080012239 1223
1619480116093641387 1132
1619480116102916276 1435
1619480116360062062 314
1619480116380562633 1360
1619480116466195356 220
1619480116483534398 2074
1619480116588513505 1328
1619480116728753869 1542
1619480116752883050 1292
1619480116813757117 1289
1619480116855930212 195
1619480116936960157 1650
1619480117082040421 1241
1619480117243673162 1613
1619480117293188358 1343
1619480117299975041 1341
1619480117471825374 162
1619480117495892498 1382
1619480117509577559 1236
1619480117536210984 1350
1619480117610881226 1147
1619480117701143621 1378
1619480117801306929 1186
1619480117839094469 1236
1619480117919644594 1409
1619480117969765573 1134
1619480118003692800 1219
1619480118161939778 1641
1619480118212308955 163
1619480118285604391 1368
1619480118469306959 223
1619480118562109196 1338
1619480118621884065 1542
1619480118625454555 1480
1619480118629151144 1662
1619480118639542583 1434
1619480118833742235 1308
1619480118869084313 1398
1619480118943639714 1356
1619480118961753952 1212
1619480118971851277 1258
1619480119042352879 2894
1619480119045718906 1310
1619480119092547473 1708
1619480119129651332 1212
1619480119182989664 1470
1619480119209002960 1238
1619480119255341235 1298
1619480119287600826 1217
1619480119337197934 1284
1619480119442367199 1370
1619480119486683319 980
1619480119524737271 1451
1619480119656606583 1305
1619480119680693993 1473
1619480119692362319 1191
1619480119707980298 1222
1619480119897183189 1152
1619480119945628106 218
1619480119986852517 1113
1619480120006091275 163
1619480120110932400 1214
1619480120153275556 1077
1619480120192308031 1319
1619480120231325990 1342
1619480120440695001 2157
1619480120458314081 1284
1619480120461449810 1085
1619480120625314720 1162
1619480120674276460 1211
1619480120885274554 1292
1619480120975583077 1632
1619480121101555113 1320
1619480121144974251 1324
1619480121168747434 1677
1619480121290550589 1491
1619480121354831996 1237
1619480121360442963 187
1619480121370699511 1475
1619480121400023694 1265
1619480121570672839 1621
1619480121581094769 1394
1619480121611859306 1367
1619480121632360949 1330
1619480121955285755 1211
1619480121997926391 1523
1619480122036499644 1131
1619480122043822461 1647
1619480122053400724 1140
1619480122155560709 1298
1619480122298966475 182
1619480122333094907 1342
1619480122341759368 1214
1619480122456874478 1322
1619480122467202564 1517
1619480122488303173 1080
1619480122630572149 1604
1619480122683647863 1232
1619480122779285335 1240
1619480123030900206 1142
1619480123049696349 1472
1619480123198331212 1286
1619480123208557127 1423
1619480123218884371 1381
1619480123221159368 206
1619480123262436403 1146
1619480123466760716 1376
1619480123484745541 2221
1619480123620849736 1316
1619480123823415230 1592
1619480123849544198 1511
1619480123904880441 1386
1619480124075458595 1288
1619480124152494350 1288
1619480124161215077 3143
1619480124209449596 210
1619480124214053849 318
1619480124290580367 1443
1619480124445991256 1121
1619480124471171326 1215
1619480124607676229 1275
1619480124642787154 1215
1619480124663063294 1317
1619480124672126835 1429
1619480124757447859 1249
1619480124803267322 1296
1619480124847715180 1219
1619480124975972953 1353
1619480125127407099 1265
1619480125279419749 1181
1619480125337584631 1280
1619480125618547308 1217
1619480125721494561 1362
1619480125737575578 1215
1619480125751237103 1373
1619480125828980569 170
1619480125914106401 1358
1619480125985173178 2050
1619480125995414926 1353
1619480126022791214 1254
1619480126026461342 1574
1619480126035262307 1276
1619480126136049411 1316
1619480126191312757 1402
1619480126273828015 1589
1619480126277138858 1271
1619480126325061620 1251
1619480126476171461 1220
1619480126490502624 1264
1619480126509473954 1338
1619480126607862528 1471
1619480126626325812 1185
1619480126671362081 1685
1619480126746369827 1245
1619480127157536746 1278
1619480127229374911 1417
1619480127258724502 1207
1619480127285705300 1214
1619480127296895005 1176
1619480127397516538 1490
1619480127437766575 1250
1619480127496241547 232
1619480127596952596 1270
1619480127604717123 2289
1619480127727878022 1460
1619480127800343837 1181
1619480127809517570 1289
1619480127866967927 159
1619480127930161552 1146
1619480127990879660 200
1619480128000963873 1248
1619480128041135877 1520
1619480128134739494 1556
1619480128157939703 1334
1619480128205206019 1293
1619480128294554503 1336
1619480128403584992 1233
1619480128485119025 2065
1619480128490853341 235
1619480128627757592 1640
1619480128636384758 1214
1619480128707052798 1117
1619480128718717741 1563
1619480128789943753 1087
1619480128802137793 1387
1619480128839749722 205
1619480128960274618 1289
1619480129151456038 1774
1619480129159401899 1378
1619480129267949765 1555
1619480129271402361 1373
1619480129365215761 1349
1619480129529974959 1211
1619480129591535369 1274
1619480129630490301 1360
1619480129637383919 1152
1619480129719214910 1384
1619480129726174323 1726
1619480129751963074 1518
1619480129757566557 1285
1619480129793559776 1303
1619480130001515110 1260
1619480130045066102 1263
1619480130110001485 1363
1619480130123421961 1288
1619480130154473406 254
1619480130233209218 1766
1619480130484968544 2457
1619480130551718084 1661
1619480130625897670 1489
1619480130646633792 1405
1619480130728786951 1234
1619480130851658091 1311
1619480130875050668 1414
1619480130878565136 1413
1619480130933273054 1446
1619480130955930681 1232
1619480131002226711 1401
1619480131085338467 203
1619480131088945259 1565
1619480131210233823 1337
1619480131216854086 1159
1619480131455767132 1377
1619480131492951547 1417
1619480131497447632 239
1619480131572534810 1571
1619480131645368072 1324
1619480131742171618 1489
1619480131848337416 1455
1619480131890192560 1173
1619480132007795296 1266
1619480132036570158 2865
1619480132101299063 229
1619480132107807153 1196
1619480132210080428 1437
1619480132223686589 1254
1619480132250947018 176
1619480132286908264 1274
1619480132500765720 1090
1619480132582300884 1372
1619480132588836948 1018
1619480132669716952 1072
1619480132699743109 1792
1619480132803726788 1203
1619480132896863291 1424
1619480133006779893 1307
1619480133094867992 1259
1619480133098363310 1419
1619480133261300680 190
1619480133270478176 1486
1619480133284842351 1285
1619480133463357640 1471
1619480133615039991 1228
1619480133642238722 1273
1619480133887319323 1198
1619480133949651311 2342
1619480134021533430 155
1619480134090074765 2435
1619480134106900400 1218
1619480134127624262 1561
1619480134202893491 1339
1619480134205177006 168
1619480134232559195 1360
1619480134365964741 1308
1619480134423376337 1584
1619480134481367961 1517
1619480134602158649 1311
1619480134807688805 1274
1619480134821732082 1329
1619480134847619206 1390
1619480134870960894 1816
1619480134873284045 230
1619480134894557312 189
1619480134911720229 306
1619480134961565375 1289
1619480135004283619 1276
1619480135010882910 1276
1619480135110290752 232
1619480135242716354 1664
1619480135307428261 1481
1619480135513188121 1186
1619480135615407069 190
1619480135621917395 1088
1619480135668820350 1290
1619480135688937195 1147
1619480135705199122 1228
1619480135724307226 1375
1619480135768080359 212
1619480135832236201 1498
1619480135963479829 1314
1619480135993638528 1349
1619480136007062531 1415
1619480136024978128 1547
1619480136062146798 1397
1619480136123639120 1322
1619480136221592227 1273
1619480136319023156 1370
1619480136526528542 1306
1619480136618713290 1748
1619480136709301575 1259
1619480136718212279 1213
1619480136866037126 238
1619480136907746820 1099
1619480137034459459 1266
1619480137117027427 1142
1619480137175981732 188
1619480137183834831 2474
1619480137227973907 192
1619480137245469693 1536
1619480137329661617 1344
1619480137353562093 1187
1619480137402632277 1439
1619480137546020624 1330
1619480137709063324 1151
1619480137730960052 210
1619480137877123615 1243
1619480138133558532 1528
1619480138209694149 1318
1619480138223096133 1356
1619480138309015562 1337
1619480138412053189 1205
1619480138465213737 1179
1619480138521125089 1598
1619480138595810896 1526
1619480138638306505 1342
1619480138753806065 1321
1619480138773970070 1435
1619480138777724529 1662
1619480138830947675 1256
1619480139072988480 1321
1619480139079918467 1576
1619480139113848974 1181
1619480139132522557 1774
1619480139144828488 1244
1619480139176518593 1431
1619480139419360380 1289
1619480139461534959 1123
1619480139468351994 1254
1619480139583141347 1181
1619480139590294373 1565
1619480139606460497 1408
1619480139639276436 213
1619480139709579206 1389
1619480139866019927 1288
1619480139996086161 1727
1619480140035226679 1546
1619480140153620856 1421
1619480140160121216 1222
1619480140191337762 185
1619480140219066581 1607
1619480140245733726 1528
1619480140320127488 1644
1619480140351975904 1369
1619480140364288953 968
1619480140414776648 1361
1619480140721556267 1376
1619480140774627212 1350
1619480140799208231 1394
1619480140860633777 183
1619480140925441093 1238
1619480141058947054 1340
1619480141071608049 1452
1619480141082317002 1436
1619480141088941989 1343
1619480141119922567 1289
1619480141151780251 1333
1619480141201932138 1479
1619480141205348219 1312
1619480141208596090 1208
1619480141211847451 1197
1619480141309381208 2247
1619480141398198499 1355
1619480141424602469 199
1619480141487468860 200
1619480141650994034 1324
1619480141729887482 1283
1619480141784159211 1354
1619480141858072032 1357
1619480141874976462 1107
1619480141913461953 1389
1619480141953039525 1398
1619480142322172361 229
1619480142381536732 1276
1619480142397707662 1261
1619480142538861683 1166
1619480142964551665 1534
1619480143020057739 1239
1619480143060817400 1347
1619480143179652346 1232
1619480143186458891 1331
1619480143234734217 1200
1619480143269384731 1362
1619480143303149390 226
1619480143476721007 1021
1619480143523915380 1398
1619480143565967470 1372
1619480143575898545 1191
1619480143603803453 1141
1619480143627596729 194
1619480143775011245 178
1619480143847787894 1712
1619480143971817559 2234
1619480144000056473 1494
1619480144045319635 1318
1619480144120801238 1364
1619480144215739532 200
1619480144219200724 1423
1619480144238564023 1586
1619480144303881342 1323
1619480144310675065 1398
1619480144518439577 220
1619480144577693292 1283
1619480144670850933 248
1619480144739571370 1243
1619480144786547446 179
1619480144799431519 1236
1619480144846567604 1368
1619480144912899855 1225
1619480145023168104 1437
1619480145169215533 1335
1619480145229938385 1278
1619480145282411302 1224
1619480145311739408 231
1619480145321982167 1208
1619480145340997988 1306
1619480145347633063 1312
1619480145356811361 253
1619480145546620937 1422
1619480145570952631 201
1619480145726024482 1307
1619480145736285675 1284
1619480145744640161 330
1619480145764531154 1304
1619480145839009052 1303
1619480145898769127 1375
1619480145917809598 1108
1619480145947410630 211
1619480145958808193 208
1619480146044608912 1318
1619480146200996175 1534
1619480146325245060 1268
1619480146404737349 254
1619480146440453551 1269
1619480146484358092 2393
1619480146520584655 188
1619480146586879881 1368
1619480146652680476 1207
1619480146690692349 1400
1619480146705509530 1346
1619480146708940982 1357
1619480146722477424 1169
1619480146804975546 2299
1619480146851695648 1417
1619480146874155072 1367
1619480146948624062 1419
1619480147126307760 1479
1619480147174214273 1434
1619480147183245162 1309
1619480147350864190 1218
1619480147406530688 293
1619480147418951454 1385
1619480147501005697 1231
1619480147517613848 1159
1619480147521029060 1380
1619480147551753341 1824
1619480147691037381 1581
1619480147736127989 2431
1619480147765155070 1220
1619480147812311206 1183
1619480147860096357 1532
1619480147907833963 1403
1619480148293680418 236
1619480148340310153 1411
1619480148375630882 1240
1619480148416434100 258
1619480148508454293 1324
1619480148583805804 1664
1619480148690936481 1336
1619480148758141984 1351
1619480148942242611 1198
1619480149088637892 1868
1619480149123349385 1149
1619480149131798070 2983
1619480149153450171 1475
1619480149263085197 1138
1619480149359046277 1278
1619480149412050816 1276
1619480149604279827 1207
1619480149661928508 1115
1619480149673825293 1754
1619480149712973089 1512
1619480149848520874 2535
1619480149878987447 1239
1619480149882483262 1464
1619480149887978761 1205
1619480149895158614 1401
1619480149956784692 1481
1619480150095946649 1725
1619480150121137862 195
1619480150155829996 164
1619480150183458213 1828
1619480150249960740 1541
1619480150302211508 1443
1619480150305475538 1229
1619480150366719181 2613
1619480150373485700 1369
1619480150538413565 1894
1619480150550658726 207
1619480150781806171 1638
1619480150787517180 162
1619480150851682256 1284
1619480150872166718 1319
1619480150905343071 1773
1619480151010430599 1680
1619480151126934311 240
1619480151197452726 184
1619480151301177711 1483
1619480151368984978 1602
1619480151399403468 1498
1619480151557661923 1279
1619480151560969445 1277
1619480151628222119 268
1619480151755323551 1398
1619480151799778025 1220
1619480151803197873 1315
1619480151910433484 1592
1619480152028210546 1231
1619480152049785532 1905
1619480152063000128 1104
1619480152161906609 1257
1619480152168545755 1197
1619480152265438847 1159
1619480152288149228 1226
1619480152352375288 1154
1619480152466868768 1230
1619480152516482142 1634
1619480152523476399 1266
1619480152551652638 236
1619480152677494397 1815
1619480152707854110 1393
1619480152756836407 1395
1619480152869245560 1296
1619480152925319502 1268
1619480152942250430 1505
1619480153002997083 1196
1619480153234568491 1571
1619480153337954625 1312
1619480153365356376 1318
1619480153382555113 1363
1619480153451411019 1232
1619480153554297863 1460
1619480153589300937 1383
1619480153669104827 1618
1619480153708683153 1396
1619480153750503608 261
1619480154015533596 1861
1619480154029303077 1485
1619480154149788725 977
1619480154189399409 1201
1619480154201687109 1370
1619480154220055235 1123
1619480154314354141 1310
1619480154357024497 1858
1619480154584539804 192
1619480154600502586 1337
1619480154702694676 1591
1619480154812149038 1540
1619480154980058919 1705
1619480155045982188 1255
1619480155219108088 214
1619480155278803649 1662
1619480155313812724 1289
1619480155324372659 1581
1619480155327636478 1221
1619480155413797120 1207
1619480155464949208 1541
1619480155687577198 1452
1619480155951294828 1329
1619480156138002425 2360
1619480156323541712 203
1619480156337697354 1688
1619480156384680832 1230
1619480156406173638 1310
1619480156435664286 1656
1619480156441177859 163
1619480156444535349 1296
1619480156572655117 1491
1619480156658558768 1446
1619480156720488574 170
1619480156741367726 1659
1619480156758535432 1348
1619480156849365261 1344
1619480156869663980 1253
1619480156886498244 1364
1619480156934662649 1856
1619480156985606605 1992
1619480157029376205 2360
1619480157066697013 1191
1619480157136323572 1222
1619480157231735212 1319
1619480157289918683 1663
1619480157363894065 1465
1619480157656633352 1165
1619480157662057245 3371
1619480157687793773 906
1619480157693134140 1013
1619480158064638202 1238
1619480158123897183 172
1619480158306821657 1153
1619480158320622499 1403
1619480158341968433 1376
1619480158438318151 1084
1619480158489292883 1386
1619480158531239392 2526
1619480158534929737 1647
1619480158586010326 1410
