1619481187359741368 2866
1619481187439180776 1660
1619481187518642307 1683
1619481187548943363 1834
1619481187559060030 1724
1619481187705045737 1717
1619481187789061493 1456
1619481187938236298 1227
1619481187944085997 173
1619481188073382105 2178
1619481188164526926 2607
1619481188284694615 203
1619481188440546693 240
1619481188447946540 1639
1619481188523332835 1487
1619481188540636972 1315
1619481188548767640 2481
1619481188564035874 2098
1619481188617226780 317
1619481188651187727 2419
1619481188684789458 1980
1619481188729909138 2013
1619481188787048112 2083
1619481188831204616 1732
1619481189028221823 2033
1619481189149308743 1383
1619481189161548872 1955
1619481189315442212 1561
1619481189319206444 1708
1619481189323796417 2534
1619481189402413497 1531
1619481189419829772 1641
1619481189453298923 1681
1619481189621359950 1984
1619481189835632972 179
1619481189927363276 1529
1619481190115329082 1902
1619481190256814086 1794
1619481190291071704 2002
1619481190371971341 2378
1619481190580691644 1235
1619481190720377389 2184
1619481190768643778 1357
1619481190825248374 1854
1619481191282875224 1604
1619481191305329091 1656
1619481191312961183 1649
1619481191639668874 1382
1619481191698761255 187
1619481191733829692 1421
1619481191738087836 2230
1619481191745113444 1565
1619481191828922364 1792
1619481191872435142 1261
1619481191953020868 1214
1619481191985310074 3901
1619481192077640403 2142
1619481192142507954 1492
1619481192146126836 1583
1619481192220012336 1339
1619481192241904180 2198
1619481192282858518 1877
1619481192639681441 159
1619481192696677442 1390
1619481192723267074 1774
1619481192790342946 1422
1619481192822678815 2488
1619481192869106772 2297
1619481192884661596 2113
1619481192986369934 2298
1619481193203221510 1763
1619481193209993535 1357
1619481193390247360 1670
1619481193477087490 1626
1619481193485743090 2876
1619481193534011264 1678
1619481193654633503 1902
1619481193732384148 225
1619481193797731469 194
1619481193808322894 1414
1619481193998832538 2172
1619481194023885145 2201
1619481194033921102 1644
1619481194138288058 201
1619481194162404064 1823
1619481194214401349 2059
1619481194229078203 1410
1619481194278584560 2045
1619481194421667946 1939
1619481194569096613 2318
1619481194608047448 1718
1619481194915809314 2314
1619481195070595882 2183
1619481195123006877 1665
1619481195148730910 1725
1619481195160215210 1337
1619481195202308782 178
1619481195231475399 1741
1619481195235271577 1758
1619481195239053933 1759
1619481195256851170 2006
1619481195293843471 1452
1619481195336358563 1754
1619481195437594017 1498
1619481195439874752 251
1619481195450180922 1339
1619481195465020324 2019
1619481195515405778 1587
1619481195529116423 1580
1619481195607913278 1777
1619481195611553801 1594
1619481195633775934 1612
1619481195637569684 1691
1619481195705386700 1330
1619481195899254803 159
1619481195919816571 3660
1619481195960352763 1251
1619481196081854896 1627
1619481196159438897 1770
1619481196230982088 1454
1619481196271651832 1489
1619481196320076666 1884
1619481196464156227 2119
1619481196748364710 1799
1619481196771334762 1502
1619481196816949328 1876
1619481196820437030 1460
1619481196897660836 2165
1619481196940471854 1564
1619481197077960085 1602
1619481197212152175 1617
1619481197215575343 1363
1619481197268798376 1657
1619481197450543182 1654
1619481197454319466 1697
1619481197506593882 1352
1619481197596417246 1748
1619481197887919923 1626
1619481197934148186 1860
1619481198017468215 1532
1619481198047097787 2087
1619481198305137551 1532
1619481198323813324 3845
1619481198354292237 1557
1619481198405866419 1809
1619481198439115856 4411
1619481198461827967 1491
1619481198467319370 3431
1619481198512306611 1517
1619481198773987737 1428
1619481198861027858 1507
1619481198878987990 1596
1619481199014892815 1788
1619481199052109917 1410
1619481199059879570 1817
1619481199116717680 187
1619481199242190715 1854
1619481199437036721 245
1619481199478607336 1370
1619481199765469123 1483
1619481199866243215 1479
1619481199942925748 2109
1619481199986519680 1969
1619481200135000968 1413
1619481200223499720 215
1619481200267011138 1867
1619481200289093953 1888
1619481200311757460 2092
1619481200330161813 1946
1619481200378063555 1513
1619481200431331896 1700
1619481200477913844 503
1619481200528736365 1665
1619481200532946131 2081
1619481200595927296 2204
1619481200602051805 235
1619481200649877515 2272
1619481200720740550 184
1619481200805844558 2194
1619481200907262846 1373
1619481200930062027 1491
1619481200967677707 1443
1619481201059798329 3800
1619481201082660227 1994
1619481201125014987 211
1619481201256351561 198
1619481201359608404 1479
1619481201431879886 192
1619481201464870436 1225
1619481201472492196 1452
1619481201704505295 1676
1619481201859352406 1304
1619481201887826365 2301
1619481201933027361 174
1619481202024060043 2027
1619481202051493906 1590
1619481202166606166 2098
1619481202244953989 2056
1619481202341428479 1815
1619481202508459867 2107
1619481202665507594 1090
1619481202692564993 1582
1619481202849208120 1786
1619481202890329120 1882
1619481202916260795 2186
1619481203011164623 159
1619481203085221910 1993
1619481203088488274 1233
1619481203108653546 1736
1619481203119719114 1773
1619481203123326307 1582
1619481203156978103 1715
1619481203240876179 2350
1619481203879870369 3686
1619481203935454505 1820
1619481204043116319 1649
1619481204057754393 1621
1619481204242441655 1623
1619481204271800174 1578
1619481204360734970 1983
1619481204372233967 2358
1619481204625154018 1814
1619481204737228059 1581
1619481204755919716 1484
1619481204769037344 1195
1619481204818317745 1971
1619481204830466762 1908
1619481204894798025 1873
1619481205279199473 1616
1619481205332006407 2224
1619481205432895704 1777
1619481205472728850 2559
1619481205542103139 1577
1619481205629935297 2128
1619481205696936724 2088
1619481205743199737 2044
1619481205795939409 1955
1619481205808274269 1719
1619481205851797026 1747
1619481205952157934 2105
1619481206056805109 1717
1619481206185703064 1585
1619481206318570259 1387
1619481206326618028 2176
1619481206426431177 1811
1619481206469247260 2172
1619481206577640548 1473
1619481206750975689 1575
1619481206808576422 1933
1619481206893344796 1936
1619481206906667110 164
1619481207186991917 2255
1619481207404504020 1131
1619481207475198675 1736
1619481207796441815 1767
1619481207820155231 1256
1619481207847071673 1614
1619481207861730463 2326
1619481207872608668 1264
1619481207933237782 2390
1619481207984597808 214
1619481208150567974 1927
1619481208282703451 1983
1619481208339823293 1248
1619481208369744451 1874
1619481208494433777 2443
1619481208634246964 1317
1619481208760790993 1598
1619481208779171358 1427
1619481208846399281 2425
1619481208884843381 1588
1619481208901916800 1932
1619481209033866101 1941
1619481209045533998 2357
1619481209049476760 1870
1619481209053048392 1505
1619481209167385734 1934
1619481209392153078 1998
1619481209466404542 1747
1619481209508027164 1715
1619481209573552260 1176
1619481209637184056 2237
1619481209666480400 159
1619481209809491246 1643
1619481209960045657 3605
1619481210185338686 1585
1619481210262952136 1734
1619481210270498042 2105
1619481210450445580 1621
1619481210458222027 2080
1619481210516939289 1432
1619481210677046318 1954
1619481210699317992 1831
1619481210750103622 1664
1619481210764851287 1806
1619481210784591499 1367
1619481210976350392 1743
1619481211139195610 2220
1619481211360126084 1327
1619481211379752977 2259
1619481211512131544 2435
1619481211686016308 1940
1619481211712809497 2006
1619481211752964449 1907
1619481211914700102 1742
1619481211970362723 1858
1619481212011021246 1253
1619481212111278915 1583
1619481212122523771 1675
1619481212153115959 1599
1619481212285651807 1672
1619481212429946979 1640
1619481212449726615 1559
1619481212547431891 1472
1619481212781209596 195
1619481213122158814 1842
1619481213243525242 1890
1619481213255011908 1863
1619481213401401687 1558
1619481213565065092 1541
1619481213572741186 1768
1619481213884797712 1890
1619481213894746152 1791
1619481213906623255 1819
1619481213956271268 1519
1619481214087759047 1660
1619481214098415662 1452
1619481214136018096 1303
1619481214168570888 2108
1619481214203493114 1704
1619481214278355213 1818
1619481214397346647 1492
1619481214417540462 1204
1619481214445078606 2239
1619481214453188930 1948
1619481214466659664 1680
1619481214494798449 2551
1619481214560508955 2039
1619481214643201232 1793
1619481214688210046 1417
1619481214798020902 199
1619481214897751522 1761
1619481215098843891 208
1619481215182846175 1628
1619481215258782628 2538
1619481215363325034 1954
1619481215645980878 1233
1619481215714639388 1614
1619481215815492872 1879
1619481215929751562 1944
1619481215956496153 1200
1619481216176864333 2160
1619481216320994045 1654
1619481216391489742 1961
1619481216402500417 1610
1619481216438577227 2068
1619481216500314770 2449
1619481216596581581 2158
1619481216627539326 1719
1619481216686217343 1733
1619481216716961266 1598
1619481216749989269 209
1619481216789823766 2137
1619481216793422965 1564
1619481216897877062 1836
1619481216909730914 1345
1619481217037507823 1323
1619481217088034917 2246
1619481217118124305 1345
1619481217140836821 1989
1619481217206678827 1825
1619481217354948435 1797
1619481217497790623 148
1619481218007121646 1290
1619481218010663915 1521
1619481218036608913 2786
1619481218043537743 1400
1619481218059081532 1774
1619481218291970553 1654
1619481218301979184 180
1619481218518324992 1918
1619481218567442462 1403
1619481218611514814 1658
1619481218768429007 1565
1619481218987975897 1471
1619481219055959216 1705
1619481219212239493 1841
1619481219227409892 1956
1619481219244843878 152
1619481219259226821 1869
1619481219379947092 1995
1619481219393767449 1397
1619481219541850571 1479
1619481219551207491 219
1619481219567044387 3155
1619481219639208489 1682
1619481219678589722 1415
1619481219937223518 1957
1619481219988258957 1565
1619481220192805598 1570
1619481220221073461 2065
1619481220347070619 2130
1619481220355300718 1936
1619481220564328235 1917
1619481220603446411 1655
1619481220606767253 1268
1619481220666057005 1771
1619481220811627906 2130
1619481220830897512 232
1619481220937486629 1780
1619481220997322566 2502
1619481221115703767 1494
1619481221205782102 1795
1619481221238600437 2108
1619481221298255615 1987
1619481221342801844 1447
1619481221358680783 2509
1619481221445355056 1911
1619481221493486506 1642
1619481221551290709 157
1619481221555472086 2146
1619481221605805856 2111
1619481221694178816 1635
1619481221697497734 1264
1619481221704690991 1400
1619481221738464856 2266
1619481222038875605 1796
1619481222061716332 274
1619481222103090114 1748
1619481222162481292 2106
1619481222310349073 2052
1619481222502987866 1990
1619481222518622227 1519
1619481222600733715 1940
1619481222633492461 1748
1619481222689665889 273
1619481222715511167 1678
1619481222741462238 1647
1619481222835515956 1524
1619481222842756343 1603
1619481223038834065 2089
1619481223050770479 1735
1619481223103494337 4082
1619481223236408766 1890
1619481223353991886 2534
1619481223412272763 1686
1619481223609040130 1572
1619481223724668965 1830
1619481223730781464 1856
1619481224022305354 2104
1619481224113661659 1634
1619481224137055174 2006
1619481224141123432 2053
1619481224144877354 1702
1619481224148248721 1343
1619481224247378643 1733
1619481224400006045 2545
1619481224524478010 1709
1619481224606204546 1386
1619481224763263383 1578
1619481224778391541 2203
1619481224786179326 1823
1619481224806462850 218
1619481224857562116 2114
1619481224871301288 1721
1619481224927141008 1974
1619481224966797288 2070
1619481225011014185 194
1619481225201080328 1648
1619481225333702608 1488
1619481225385075539 2647
1619481225456471150 2189
1619481225494303261 1660
1619481225574507814 2069
1619481225640026552 1574
1619481225686288895 2794
1619481225697553292 1607
1619481225794846552 3215
1619481225939121651 1979
1619481226034486214 1888
1619481226106875065 2459
1619481226119026044 2169
1619481226172661001 1584
1619481226244672107 1544
1619481226341679145 1786
1619481226363150555 1477
1619481226487541072 1483
1619481226625988423 3099
1619481226740646429 1523
1619481226788760188 1830
1619481226819600258 2333
1619481226851283299 1651
1619481226858666667 1963
1619481227037105255 1332
1619481227048562390 1610
1619481227168680201 1895
1619481227261258300 1320
1619481227326190536 1881
1619481227344994546 1836
1619481227363014534 1583
1619481227386998591 1352
1619481227540642789 1815
1619481227663950793 185
1619481227737106555 2177
1619481227766655390 1463
1619481227846228926 1548
1619481227989517922 2343
1619481228006413868 1591
1619481228018194879 1433
1619481228079753562 1398
1619481228166858945 1247
1619481228295036337 1436
1619481228324870069 1978
1619481228354104228 1917
1619481228478791871 2071
1619481228491980004 2064
1619481228500027469 2662
1619481228530743075 1328
1619481228559893370 1462
1619481228574145533 1284
1619481228689730854 2959
1619481228696843354 1842
1619481228702437534 225
1619481228853766958 388
1619481228873935609 1990
1619481228903646636 2102
1619481228957903581 1431
1619481229120267357 1438
1619481229161112633 1752
1619481229168184253 1558
1619481229267200101 2079
1619481229325702955 1443
1619481229505567279 2383
1619481229601077265 1757
1619481229636470105 2130
1619481229679747380 1642
1619481229687947090 1819
1619481229697514583 1971
1619481229787767426 1909
1619481229815317215 3401
1619481229877812508 2242
1619481230010934568 1459
1619481230026967172 2079
1619481230123940620 2042
1619481230151056619 1901
1619481230217265385 1992
1619481230365267294 2308
1619481230400510422 1417
1619481230638337818 1836
1619481230650053299 1855
1619481230741863949 2005
1619481230784201614 2249
1619481230803537008 2014
1619481230820057680 1592
1619481230895083253 1692
1619481230905066640 1908
1619481231074939699 2276
1619481231119116912 1764
1619481231234177195 1361
1619481231287025480 1605
1619481231369220349 1641
1619481231461381335 1602
1619481231499719224 2463
1619481231503508931 1736
1619481231619229149 1944
1619481231779026929 1650
1619481231847850519 2082
1619481231927602521 1214
1619481231945364195 1592
1619481232184626495 1754
1619481232241889298 2440
1619481232286124443 1267
1619481232351514632 1781
1619481232510463603 1522
1619481232514358717 1867
1619481232541310864 1202
1619481232587109767 1634
1619481232644551733 2474
1619481232675318776 1960
1619481232908308959 2065
1619481233002144208 1673
1619481233185195749 2137
1619481233208235889 4681
1619481233276340912 1704
1619481233328181893 1608
1619481233355620270 2048
1619481233462494808 1723
1619481233519432778 1676
1619481233530900922 1678
1619481233597922410 1411
1619481233612793990 2324
1619481233623124298 1443
1619481233744698134 1889
1619481233797284139 1766
1619481233868664878 1506
1619481233955579403 2159
1619481233980964629 174
1619481234047193438 1825
1619481234112198643 1626
1619481234125713503 1324
1619481234175737557 1699
1619481234278052125 1593
1619481234372613772 1398
1619481234530564073 1310
1619481234545187412 1706
1619481234587620462 1473
1619481234606145633 1499
1619481234641988005 1543
1619481234653909192 2235
1619481234683803051 1747
1619481234719641382 154
1619481234804860645 1525
1619481234986807048 1394
1619481235026421048 1918
1619481235095418621 3094
1619481235200617438 1764
1619481235290527993 1855
1619481235345132012 1828
1619481235365336299 2287
1619481235400082051 1769
1619481235431576020 1824
1619481235462385879 1588
1619481235490972909 254
1619481235503076664 1598
1619481235615808845 214
1619481235819104938 2126
1619481235927622324 2303
1619481235931149768 1464
1619481236008106164 1400
1619481236119747576 2275
1619481236123386555 1608
1619481236126714132 1290
1619481236164048112 1855
1619481236438870241 1800
1619481236450575743 2040
1619481236529803238 1440
1619481236773567490 2118
1619481236839266376 2241
1619481236859800495 1965
1619481236919387722 1384
1619481237248949484 1478
1619481237286383618 1651
1619481237353622182 1041
1619481237392193674 1446
1619481237409418863 1722
1619481237502603374 2058
1619481237546360881 1798
1619481237645934935 1514
1619481237672220391 1747
1619481237826637720 1417
1619481237891093553 175
1619481238020161042 2080
1619481238114969887 1999
1619481238122596423 1748
1619481238198821352 1364
1619481238291888179 1839
1619481238342281931 1802
1619481238346353875 1984
1619481238599889109 1183
1619481238717783563 1441
1619481238862103480 1985
1619481238961317518 1663
1619481239132099960 1206
1619481239155003363 1874
1619481239167138986 1843
1619481239253643579 1825
1619481239475609256 1691
1619481239813132790 1695
1619481239860457902 1696
1619481239996077222 1657
1619481240000453765 2342
1619481240018422406 2015
1619481240087975647 1575
1619481240090327493 304
1619481240232925774 2135
1619481240242840092 2317
1619481240254372470 1973
1619481240404352012 1654
1619481240521514686 338
1619481240558167666 2559
1619481240562205186 1969
1619481240566297045 2065
1619481240716335590 2002
1619481240863756743 2119
1619481240934456456 1953
1619481240950919456 3181
1619481240961697680 1232
1619481241012819542 243
1619481241017289729 2221
1619481241085211711 1362
1619481241292184340 2476
1619481241391386483 1946
1619481241467512066 1291
1619481241789165395 1756
1619481242053463302 1435
1619481242071358896 1291
1619481242105584686 2144
1619481242107818074 184
1619481242159951626 1482
1619481242169586142 1798
1619481242177792136 1951
1619481242213586691 1449
1619481242402548964 1387
1619481242462037337 1892
1619481242579482580 1557
1619481242644681609 1183
1619481242778497563 1446
1619481242811441402 1883
1619481242832851955 1368
1619481242890437938 1993
1619481242904670076 1696
1619481243090315326 1721
1619481243094303017 1876
1619481243338229963 2600
1619481243353880046 1709
1619481243567430959 1793
1619481243603902291 1589
1619481243656235392 1412
1619481243695022820 1919
1619481243764677229 1826
1619481243997795988 2692
1619481244005352826 1701
1619481244133395335 1812
1619481244144433879 1789
1619481244209350076 2198
1619481244308253904 1963
1619481244337342615 1563
1619481244444945165 2665
1619481244456569861 1641
1619481244490703351 1715
1619481244502868392 2072
1619481244513996380 2049
1619481244604480748 1258
1619481244645429970 1978
1619481244680508630 2212
1619481244775625324 1429
1619481244818588308 1748
1619481244851446542 192
1619481244898861834 179
1619481244902596954 1622
1619481245077275600 1791
1619481245236638988 1574
1619481245276766743 1547
1619481245287500590 1396
1619481245322344893 1785
1619481245448171593 1262
1619481245456158499 1963
1619481245638022638 1589
1619481245777754637 2424
1619481245884709453 1481
1619481245910789925 1664
1619481245914456227 1574
1619481245925257424 1444
1619481245973431848 1585
1619481246147852358 1751
1619481246190277408 1902
1619481246232012878 1613
1619481246282541527 1293
1619481246311261485 1593
1619481246315028994 1736
1619481246319468608 2410
1619481246333749047 1219
1619481246421274094 228
1619481246428436785 1725
1619481246450899008 1297
1619481246460456618 294
1619481246472030660 1729
1619481246729927495 1418
1619481246778839160 1758
1619481246835031775 1555
1619481246854753437 167
1619481246910478212 1528
1619481247031872250 1720
1619481247188486481 2102
