1619477232404338639 345
1619477232442741045 452
1619477232484322246 516
1619477232515761047 431
1619477232530065059 266
1619477232571360870 330
1619477232588532924 362
1619477232609867989 412
1619477232691274802 424
1619477232695907981 223
1619477232734665424 415
1619477233001049657 517
1619477233003612162 445
1619477233056803343 215
1619477233061503649 204
1619477233177475998 327
1619477233215632182 489
1619477233225088582 403
1619477233278352016 445
1619477233398955478 242
1619477233466544720 240
1619477233534737156 241
1619477233700065481 268
1619477233728786616 581
1619477233735708440 335
1619477233786214565 252
1619477233791206002 295
1619477233808187515 449
1619477233827941286 585
1619477233873537795 251
1619477233892638348 337
1619477234034490072 223
1619477234073658637 467
1619477234090885057 256
1619477234124337577 292
1619477234168842224 228
1619477234224051586 316
1619477234298408030 339
1619477234331338865 390
1619477234539483978 567
1619477234602036073 269
1619477234621062544 502
1619477234626007458 582
1619477234741921133 394
1619477234782873689 274
1619477234824052916 539
1619477234833674900 495
1619477234852950987 406
1619477234999857692 227
1619477235047974414 316
1619477235050371809 315
1619477235076068916 320
1619477235112502505 430
1619477235128889673 246
1619477235175062876 448
1619477235203557063 435
1619477235244407049 341
1619477235320347227 377
1619477235386701799 283
1619477235408091893 296
1619477235410396489 210
1619477235420232662 641
1619477235432187978 298
1619477235474212571 365
1619477235500316534 416
1619477235522215579 460
1619477235580629479 478
1619477235590127577 314
1619477235592356643 196
1619477235616791493 216
1619477235672237716 195
1619477235674743817 398
1619477235682091152 258
1619477235729915328 359
1619477235744702899 252
1619477235799940132 254
1619477235879753250 298
1619477235889542062 242
1619477235899712201 421
1619477235902019780 265
1619477235904637899 592
1619477235909278778 212
1619477235978621506 296
1619477235985852821 365
1619477236041030053 247
1619477236320395885 566
1619477236356174165 495
1619477236464167528 364
1619477236488196409 350
1619477236600545893 350
1619477236626390038 234
1619477236631171825 238
1619477236703914632 455
1619477236793840113 276
1619477236796236211 365
1619477236894244523 253
1619477236910735938 294
1619477236944221265 294
1619477236959277413 321
1619477236986237428 591
1619477237013216479 449
1619477237160518516 282
1619477237214515781 412
1619477237246059422 536
1619477237382206279 289
1619477237401194419 252
1619477237467893480 504
1619477237511368699 275
1619477237519079721 390
1619477237550378762 219
1619477237603526620 273
1619477237613777164 502
1619477237667191074 571
1619477237703186777 391
1619477237753677715 268
1619477237821883864 452
1619477237826456680 181
1619477237898941038 289
1619477237962442205 483
1619477238000466554 235
1619477238039611048 300
1619477238110078069 313
1619477238321900575 319
1619477238346060242 257
1619477238392098094 254
1619477238639816299 261
1619477238654060917 249
1619477238768521542 263
1619477238870334090 552
1619477238996243304 502
1619477239044136249 399
1619477239055961556 361
1619477239111737845 466
1619477239171021432 131
1619477239175965932 380
1619477239261911095 275
1619477239334520156 455
1619477239400160749 428
1619477239565217603 461
1619477239574732947 275
1619477239598406297 329
1619477239645858100 308
1619477239693387682 237
1619477239752956880 321
1619477239762515728 295
1619477239801479741 627
1619477239867507508 958
1619477239879859152 418
1619477239974091074 180
1619477240027768987 391
1619477240044449201 413
1619477240087315532 193
1619477240092017991 186
1619477240150647585 211
1619477240169869683 462
1619477240224942535 306
1619477240291726697 275
1619477240311200421 403
1619477240337388487 314
1619477240363423822 350
1619477240418685547 543
1619477240430471345 506
1619477240432882620 373
1619477240446873126 328
1619477240459614750 454
1619477240461928514 266
1619477240464353174 354
1619477240481706650 502
1619477240560002078 282
1619477240603953153 282
1619477240633370736 392
1619477240667139322 242
1619477240676701270 438
1619477240740489850 218
1619477240755010461 263
1619477240840092621 488
1619477240847247372 269
1619477240881063712 493
1619477240953160953 419
1619477241028734509 531
1619477241036202236 418
1619477241064735368 443
1619477241076661281 482
1619477241123688470 272
1619477241166587329 368
1619477241186146794 378
1619477241203344051 408
1619477241273443544 317
1619477241278190054 193
1619477241418691794 259
1619477241437627113 181
1619477241478862821 294
1619477241500955278 397
1619477241512982320 477
1619477241558792700 432
1619477241628760782 195
1619477241633725225 490
1619477241691538943 258
1619477241762842731 152
1619477241801448754 489
1619477241839455486 286
1619477241948158763 475
1619477242001129568 532
1619477242078261932 233
1619477242083025100 403
1619477242145312782 334
1619477242214607569 187
1619477242235531817 513
1619477242252403935 365
1619477242320708769 399
1619477242394124912 250
1619477242406120404 271
1619477242531964532 486
1619477242582514461 370
1619477242584831114 267
1619477242627912439 402
1619477242725665730 207
1619477242752369487 376
1619477242782838866 220
1619477242864331534 255
1619477242872508153 377
1619477242988454990 317
1619477243262374666 240
1619477243288324379 284
1619477243293376272 203
1619477243410946610 215
1619477243423002882 556
1619477243472047828 466
1619477243681536542 387
1619477243688836830 461
1619477243698117376 248
1619477243762867845 471
1619477243801657605 437
1619477243803988548 299
1619477243827709192 322
1619477243892298249 675
1619477243945092422 422
1619477243984314114 470
1619477243998304900 352
1619477244017108629 345
1619477244122756779 287
1619477244170965877 383
1619477244175614541 266
1619477244190090774 298
1619477244204399696 327
1619477244209252607 431
1619477244220859867 184
1619477244225515616 346
1619477244247081426 226
1619477244319516877 298
1619477244324282562 299
1619477244331141717 235
1619477244361384350 300
1619477244375383796 238
1619477244462993762 200
1619477244482233962 192
1619477244524737827 331
1619477244587045462 226
1619477244634878946 199
1619477244698117799 320
1619477244722014961 239
1619477244740984374 260
1619477244755150077 293
1619477244812821957 581
1619477244819869761 340
1619477244836553333 340
1619477244974633099 190
1619477245120208873 301
1619477245148881599 433
1619477245216300298 199
1619477245262052098 403
1619477245362734641 442
1619477245373134383 433
1619477245384978007 410
1619477245387230346 198
1619477245483859518 351
1619477245548396012 341
1619477245613271458 317
1619477245655891287 279
1619477245735236422 264
1619477245754281657 268
1619477245785606027 202
1619477245841339797 528
1619477245916567430 237
1619477245921305257 246
1619477245996006720 355
1619477246003225334 365
1619477246092558733 398
1619477246097367490 348
1619477246256585759 546
1619477246412530411 383
1619477246417361387 373
1619477246443594185 306
1619477246457600252 408
1619477246602347230 501
1619477246646718224 310
1619477246680422770 267
1619477246682811245 311
1619477246707034402 169
1619477246743219038 256
1619477246766756745 368
1619477246831277978 364
1619477246887597013 427
1619477246894680652 281
1619477246904593246 279
1619477246926486203 366
1619477247064305961 343
1619477247109550860 348
1619477247138322433 187
1619477247176551470 309
1619477247178815873 237
1619477247197571146 265
1619477247495313668 176
1619477247556126849 314
1619477247570621239 451
1619477247575270257 380
1619477247599196036 280
1619477247627742240 681
1619477247632689980 397
1619477247757437935 374
1619477247830354459 298
1619477247938800867 343
1619477247975330786 198
1619477248017343752 171
1619477248332351334 302
1619477248349174256 434
1619477248358673077 331
1619477248411438828 259
1619477248435980556 587
1619477248590075217 336
1619477248652186747 403
1619477248700461757 211
1619477248710332402 409
1619477248738975797 612
1619477248832067652 260
1619477248889587797 567
1619477248913233866 351
1619477248927682884 311
1619477249116252927 354
1619477249145653985 447
1619477249235216493 357
1619477249244642261 209
1619477249304937612 513
1619477249314477014 407
1619477249316699773 203
1619477249415569093 233
1619477249444060591 397
1619477249480304642 306
1619477249553003466 298
1619477249600295465 224
1619477249605034456 275
1619477249663242960 327
1619477249696849774 282
1619477249713526577 562
1619477249722966922 354
1619477249732495422 269
1619477249847414273 302
1619477249854409731 258
1619477249883102430 322
1619477249904199612 412
1619477249913584006 218
1619477250014895180 218
1619477250103284219 491
1619477250216629174 300
1619477250229070745 702
1619477250404368632 267
1619477250411817220 247
1619477250462753408 311
1619477250465269167 481
1619477250491344187 211
1619477250517735112 243
1619477250551039202 420
1619477250591677592 287
1619477250705100504 374
1619477250760449429 426
1619477250796227586 326
1619477250800987645 377
1619477250847960548 243
1619477250939173002 375
1619477251060900043 720
1619477251092204396 262
1619477251106682752 494
1619477251157552274 283
1619477251264461583 225
1619477251327239591 345
1619477251373233675 338
1619477251382746757 306
1619477251455139570 501
1619477251474718191 305
1619477251493880344 364
1619477251505658370 245
1619477251539355370 373
1619477251556024618 281
1619477251614218966 189
1619477251734593043 312
1619477251753899384 541
1619477251773302103 506
1619477251778149265 250
1619477251808997188 192
1619477251971991187 336
1619477252000531211 390
1619477252036577822 350
1619477252063159723 551
1619477252137237448 300
1619477252194748149 518
1619477252254830622 297
1619477252295888753 320
1619477252331774077 466
1619477252348654329 407
1619477252353340480 233
1619477252380081614 265
1619477252453525852 312
1619477252490488401 616
1619477252584851790 411
1619477252618984584 347
1619477252626303293 371
1619477252686722872 390
1619477252818015979 284
1619477252820881160 719
1619477252847154029 425
1619477252849451767 261
1619477252861342939 400
1619477252914698238 365
1619477252933603390 384
1619477252993796631 360
1619477253015963559 353
1619477253025485825 241
1619477253037610538 262
1619477253087725048 400
1619477253127581625 295
1619477253250534602 222
1619477253304630300 265
1619477253382651083 201
1619477253484699088 297
1619477253520450147 359
1619477253654929414 257
1619477253668947869 285
1619477253837015425 204
1619477253858568003 186
1619477253935987497 554
1619477253974664417 324
1619477253984152160 420
1619477254060934380 354
1619477254096981642 174
1619477254120811574 519
1619477254133114479 394
1619477254236888536 180
1619477254335775527 248
1619477254357457422 444
1619477254375328879 427
1619477254396831002 332
1619477254442647153 256
1619477254604265768 659
1619477254671625796 181
1619477254693587416 255
1619477254733702459 275
1619477254739019723 416
1619477254784446751 656
1619477254803695897 299
1619477254818080646 293
1619477255173058195 129
1619477255310954524 405
1619477255318261620 341
1619477255355223130 300
1619477255375810527 430
1619477255387766928 207
1619477255428270833 214
1619477255437953333 369
1619477255632559164 278
1619477255677483516 216
1619477255729637480 274
1619477255736954120 403
1619477255753249063 295
1619477255815283230 297
1619477255822550093 375
1619477255844002379 354
1619477255851264737 346
1619477255856056622 342
1619477255876092801 417
1619477255900078185 318
1619477255924294210 287
1619477255965910651 577
1619477256073612019 219
1619477256140982212 228
1619477256177080883 392
1619477256351422424 379
1619477256362954598 222
1619477256375448535 365
1619477256406708540 223
1619477256430751014 419
1619477256440478881 645
1619477256479467537 323
1619477256584388693 382
1619477256957702665 429
1619477257075624426 256
1619477257100293027 389
1619477257165299192 295
1619477257299249483 325
1619477257313675032 353
1619477257353983807 171
1619477257394651230 253
1619477257477971858 311
1619477257551940874 386
1619477257589930710 366
1619477257611130094 271
1619477257639316271 238
1619477257684672377 609
1619477257785512067 366
1619477257835094713 227
1619477257871289164 230
1619477257999622454 405
1619477258006952413 306
1619477258011869938 614
1619477258115090567 286
1619477258192377279 634
1619477258286927970 257
1619477258308574375 282
1619477258320098777 223
1619477258595717482 308
1619477258648625548 242
1619477258758938244 420
1619477258780502966 262
1619477259027189585 631
1619477259051232618 268
1619477259067824624 542
1619477259292462676 162
1619477259346501456 242
1619477259377679397 377
1619477259411918249 366
1619477259457890596 320
1619477259503555199 437
1619477259527530442 266
1619477259578587692 359
1619477259604753443 465
1619477259618960705 277
1619477259633356295 216
1619477259635962947 354
1619477259687101328 211
1619477259713922564 163
1619477259740573267 370
1619477259930512050 275
1619477259952487349 287
1619477260178893015 344
1619477260207574164 486
1619477260209991779 359
1619477260243871733 283
1619477260265425075 257
1619477260325291564 278
1619477260411771971 208
1619477260494310130 225
1619477260681717590 492
1619477260771843124 280
1619477260923748019 299
1619477260972289503 320
1619477261047992337 267
1619477261103068947 203
1619477261210026058 348
1619477261276889784 269
1619477261385841919 302
1619477261403073632 551
1619477261412886638 539
1619477261526112044 462
1619477261530930085 343
1619477261571330576 217
1619477261680119013 435
1619477261694890906 425
1619477261756959643 298
1619477261785487726 359
1619477261839219126 316
1619477261902732594 458
1619477261967779697 334
1619477261993973723 281
1619477262053211488 229
1619477262157704604 277
1619477262244958982 331
1619477262289767834 323
1619477262342826343 254
1619477262602823177 427
1619477262675183493 349
1619477262779168199 272
1619477262796081406 366
1619477262800701224 283
1619477262836344376 429
1619477262885079204 321
1619477262921429707 324
1619477262970131396 495
1619477263046454566 259
1619477263139888734 321
1619477263184289955 265
1619477263422742762 429
1619477263439011137 272
1619477263477864944 284
1619477263492398196 432
1619477263538471311 369
1619477263569274787 275
1619477263612257582 170
1619477263653457716 326
1619477263823929870 500
1619477263987139605 287
1619477264245002103 507
1619477264266211010 318
1619477264308902748 221
1619477264439109699 347
1619477264494287135 405
1619477264546872324 251
1619477264694792587 303
1619477264743124943 366
1619477264752272119 240
1619477264810939523 389
1619477264813252919 248
1619477264834991267 471
1619477264880678943 218
1619477264931166057 243
1619477264981722797 311
1619477264993672339 318
1619477265059313700 417
1619477265080938824 403
1619477265144452766 410
1619477265228823510 539
1619477265265084925 427
1619477265281885777 428
1619477265373690028 551
1619477265484156621 172
1619477265544280431 248
1619477265560757402 307
1619477265586917647 344
1619477265634624762 261
1619477265648574672 261
1619477265801842471 341
1619477265823957293 443
1619477265876381398 377
1619477265939639596 201
1619477265997588439 341
1619477266009642872 336
1619477266063896845 317
1619477266085638009 298
1619477266095074233 291
1619477266104394400 397
1619477266166384057 380
1619477266185525647 209
1619477266233391938 297
1619477266281263410 314
1619477266383476100 468
1619477266546414364 460
1619477266610731951 240
1619477266622493067 408
1619477266694886270 429
1619477266702074289 376
1619477266723910092 268
1619477266779161088 388
1619477266790999920 249
1619477266812908930 374
1619477266815243253 244
1619477266817478600 166
1619477266883309588 528
1619477266998639667 277
1619477267000983799 309
1619477267013360935 370
1619477267020982020 301
1619477267030530870 385
1619477267051562921 280
1619477267101445178 360
1619477267261709409 313
1619477267290484939 308
1619477267300056595 253
1619477267354205261 215
1619477267438189926 529
1619477267496803785 172
1619477267566485386 252
1619477267603119200 683
1619477267620023715 470
1619477267647048334 684
1619477267659029349 272
1619477267674129254 271
1619477267676445981 258
1619477267769522638 421
1619477267854174132 228
1619477267856612498 405
1619477267895737075 332
1619477267900479737 252
1619477268053936082 389
1619477268081023112 458
1619477268128576933 620
1619477268142826382 307
1619477268164716387 459
1619477268172003169 353
1619477268178695553 187
1619477268207375264 400
1619477268464894424 212
1619477268494030444 189
1619477268496868672 649
1619477268520576782 278
1619477268539917456 348
1619477268570764832 249
1619477268685977106 284
1619477268753553242 260
1619477268842333146 395
1619477268844697617 302
1619477268883174889 239
1619477268916969959 459
1619477268931343594 532
1619477268991441862 192
1619477269012992715 219
1619477269022894249 382
1619477269039970767 410
1619477269085001724 253
1619477269108719418 359
1619477269111080882 249
1619477269134253474 188
1619477269170292443 194
1619477269221474831 320
1619477269231181038 533
1619477269285938101 318
1619477269345760343 227
1619477269365211710 215
1619477269401627936 318
1619477269423094662 380
1619477269467580436 469
1619477269472240820 225
1619477269515507648 401
1619477269517788831 224
1619477269574030770 374
1619477269639492021 641
1619477269725829780 403
1619477269747044661 273
1619477269749282441 181
1619477269842905512 378
1619477269845383620 445
1619477269860083677 561
1619477269877880544 256
1619477270051889777 333
1619477270083132513 496
1619477270097616706 482
1619477270114783964 465
1619477270146180630 524
1619477270148749516 507
1619477270196359904 524
1619477270208343263 322
1619477270323962029 407
1619477270345254612 284
1619477270352746873 193
1619477270413006884 354
1619477270436649745 213
1619477270443908669 247
1619477270448865876 313
1619477270499445793 327
1619477270504145889 282
1619477270511561165 240
1619477270523294540 285
1619477270588863061 237
1619477270625294226 295
1619477270644639019 378
1619477270728440117 289
1619477270807519007 344
1619477270812325669 486
1619477270821995697 330
1619477270930122620 386
1619477270972455516 239
1619477271012998604 216
1619477271029381927 241
1619477271040967659 281
1619477271050620224 327
1619477271114471369 256
1619477271150299983 211
1619477271245389726 295
1619477271250037229 377
1619477271336537943 497
1619477271378305814 397
1619477271397808729 486
1619477271472411378 311
1619477271506260180 287
1619477271576234926 477
1619477271581076434 344
1619477271698717851 362
1619477271715328067 416
1619477271804664867 418
1619477271809290568 281
1619477271819039313 277
1619477271833315661 381
1619477271835890643 556
1619477271838377802 419
1619477271872091084 321
1619477271886839036 604
1619477271926700198 258
1619477271969680664 292
1619477272056737064 393
1619477272121685774 524
1619477272192794091 208
1619477272341257493 409
1619477272376028652 436
1619477272397738330 250
1619477272402587387 340
1619477272414515686 278
1619477272421722773 396
1619477272428970941 451
1619477272589271317 304
1619477272705936091 361
1619477272736908029 392
1619477272813037627 258
1619477272829846782 546
1619477272933780666 428
1619477272943970668 533
1619477272948459805 182
1619477272955712068 443
1619477272967505802 319
1619477273035619835 225
1619477273064517396 508
1619477273081685879 643
1619477273083953022 217
1619477273155906501 215
1619477273221245402 357
1619477273245715491 488
1619477273272776933 255
1619477273303854770 290
1619477273420103573 203
1619477273552297579 349
1619477273556790598 290
1619477273586004064 297
1619477273662902960 403
1619477273688741400 201
1619477273763027269 294
1619477273804664655 487
1619477273833423046 353
1619477273904406516 276
1619477273927920122 258
1619477273932595300 340
1619477273968704436 499
1619477273983009747 318
1619477274033100566 322
1619477274066739212 455
1619477274102977997 312
1619477274192219871 470
1619477274345929767 572
1619477274353417630 337
1619477274385872119 355
1619477274395313101 309
1619477274471949156 280
1619477274488269051 176
1619477274504837213 476
1619477274516458896 273
1619477274589450575 182
1619477274634746413 266
1619477274704057532 298
1619477274738492225 454
1619477274844222659 288
1619477274856940529 578
1619477274947691623 238
1619477275020465723 569
1619477275085358432 295
1619477275152206287 425
1619477275159542452 246
1619477275212177199 294
1619477275227116109 488
1619477275236807039 347
1619477275270846041 193
1619477275280702109 661
1619477275314484324 375
1619477275347754268 348
1619477275440781503 356
1619477275462798830 205
1619477275596706325 304
1619477275599245009 430
1619477275606386115 374
1619477275630769445 346
1619477275654849137 403
1619477275693236219 412
1619477275710668081 357
1619477275732234565 444
1619477275761247231 464
1619477275780331511 421
1619477275910649720 573
1619477275915361286 343
1619477275917809904 415
1619477276044701911 376
1619477276075199186 231
1619477276082005858 253
1619477276188301991 491
1619477276219707253 321
1619477276270180537 434
1619477276281905212 449
1619477276315172907 312
1619477276412423410 384
1619477276441328446 268
1619477276453208889 339
1619477276465548259 254
1619477276556557362 414
1619477276582830206 274
1619477276587470727 284
1619477276632681303 441
1619477276726936302 571
1619477276782695975 467
1619477276789834654 254
1619477276862250864 386
1619477276928136094 327
1619477276935170438 228
1619477276962473926 323
1619477277089438056 447
1619477277147146487 310
1619477277251727647 238
1619477277326698072 277
1619477277388598930 448
1619477277507405049 462
1619477277607653002 352
1619477277667881113 273
1619477277777447616 265
1619477277801687085 195
1619477277825059770 263
1619477277878776770 497
1619477277893002323 316
1619477277911964730 206
1619477277934013300 458
1619477277999171477 356
1619477278001545025 259
1619477278027940850 339
1619477278032874524 360
1619477278076110563 397
1619477278080887360 361
1619477278227852058 159
1619477278252020358 413
1619477278268996175 247
1619477278276307829 420
1619477278308077119 282
1619477278350684827 336
1619477278393850569 436
1619477278565519121 224
1619477278669814923 465
1619477278713201049 366
1619477278725391139 302
1619477278730106259 374
1619477278777954884 257
1619477278813483338 451
1619477278837615704 421
1619477278917071145 192
1619477278938753976 453
1619477279024566216 310
1619477279067744893 222
1619477279075152594 335
1619477279219558961 348
1619477279243264594 340
1619477279270022688 420
1619477279347374771 357
1619477279395183810 311
1619477279475295874 696
1619477279582784945 216
1619477279641301693 555
1619477279643645397 283
1619477279717925942 353
1619477279725090427 376
1619477279734565242 290
1619477279781182324 252
1619477279824717563 332
1619477279895353127 300
1619477279924277522 270
1619477279967705497 254
1619477280023196866 290
1619477280051871270 304
1619477280128206527 283
1619477280186224763 682
1619477280203113089 288
1619477280287309076 281
1619477280315682429 335
1619477280344493799 242
1619477280354098533 520
1619477280373727175 294
1619477280531829347 204
1619477280636550728 366
1619477280658110627 341
1619477280662979737 311
1619477280681578989 225
1619477280707561706 234
1619477280892757617 220
1619477280984633368 584
1619477280991688294 425
1619477281001339644 274
1619477281049255079 346
1619477281061551620 388
1619477281165393508 448
1619477281231586035 277
1619477281349612189 251
1619477281382956928 246
1619477281399943527 415
1619477281438732680 256
1619477281458281206 527
1619477281581126419 519
1619477281624293676 353
1619477281692511141 528
1619477281699490554 226
1619477281723939119 339
1619477281825601876 473
1619477281837533384 322
1619477281857540230 575
1619477281905390910 202
1619477281919819262 361
1619477281941081146 451
1619477281945725438 248
1619477281984387689 207
1619477282069330712 276
1619477282096163088 356
1619477282174142740 686
1619477282195525020 261
1619477282267680610 383
1619477282323207246 362
1619477282393353202 392
1619477282397976524 258
1619477282468008216 380
1619477282561657884 218
1619477282663817143 378
1619477282687587211 466
1619477282692776591 442
1619477282697953067 547
1619477282709756682 228
1619477282719485325 314
1619477282729327510 607
1619477282739260487 356
1619477282746511962 215
1619477282755949765 237
1619477282761059024 608
1619477283027613452 222
1619477283037380228 344
1619477283053782069 215
1619477283075253557 316
1619477283108649719 236
1619477283146847771 461
1619477283193243837 403
1619477283202909190 296
1619477283241148945 314
1619477283275130923 340
1619477283315703731 387
1619477283383363540 357
1619477283422179531 432
1619477283458093883 376
1619477283484072700 285
1619477283534855499 196
1619477283542127358 411
1619477283569388748 414
1619477283615877671 394
1619477283623078965 305
1619477283663629034 322
1619477283684933577 236
1619477283694545165 256
1619477283716170977 286
1619477283720733569 131
1619477283728179344 656
1619477283797806391 258
1619477283842933729 333
1619477283899554859 258
1619477283904328534 383
1619477283942529645 450
1619477284048889025 166
1619477284250831819 378
1619477284267693791 266
1619477284427316567 400
1619477284554269347 230
1619477284638232274 340
1619477284786292861 194
1619477285010778296 316
1619477285042815389 370
1619477285071573997 172
1619477285173794406 495
1619477285192863339 241
1619477285195154249 203
1619477285221153673 325
1619477285247690623 398
1619477285252575244 369
1619477285265183822 375
1619477285348614446 384
1619477285382375907 320
1619477285423204277 301
1619477285444805605 389
1619477285461482568 346
1619477285717404290 520
1619477285719873949 427
1619477285722298319 382
1619477285729162002 332
1619477285736200000 234
1619477285755510997 327
1619477285767162748 492
1619477285803275064 167
1619477285807800651 171
1619477285812541137 362
1619477285855960736 556
1619477285936556238 376
1619477285938927414 231
1619477285951204072 380
1619477286075733973 223
1619477286138076928 318
1619477286166963426 420
1619477286183899930 285
1619477286186479078 543
1619477286217031996 232
1619477286378180231 290
1619477286539782941 325
1619477286555088442 580
1619477286648005934 554
1619477286700447865 288
1619477286715063849 260
1619477286722080796 364
1619477286752649926 374
1619477286800599539 385
1619477286827100538 253
1619477286934116667 385
1619477286941488296 431
1619477286992065533 203
1619477287039978852 566
1619477287077685157 310
1619477287132122293 315
1619477287144014220 370
1619477287306967391 600
1619477287433592536 307
1619477287445876681 510
1619477287487422289 287
1619477287511106577 304
1619477287576153353 321
1619477287625717979 152
1619477287651353248 322
1619477287691606950 280
1619477287708275487 219
1619477287710772721 312
1619477287723343016 408
1619477287804257834 322
1619477287849263575 360
1619477287903186805 503
1619477287941633449 466
1619477287958484903 203
1619477288047840757 475
1619477288108907038 277
1619477288122783167 261
1619477288131929681 347
1619477288151215961 334
1619477288203554357 296
1619477288345198497 353
1619477288371617535 309
1619477288456349009 322
1619477288482952986 190
1619477288521438878 321
1619477288526625806 413
1619477288536725214 598
1619477288620688935 258
1619477288625715342 501
1619477288658962846 218
1619477288705253619 403
1619477288975444590 469
1619477288987267233 280
1619477289099941357 344
1619477289143338817 302
1619477289267451711 289
1619477289296151857 241
1619477289360670625 495
1619477289378784726 515
1619477289381226095 373
1619477289454002048 229
1619477289484865279 200
1619477289523339998 161
1619477289540599720 248
1619477289542924045 266
1619477289672644642 279
1619477289722756915 212
1619477289743754110 233
1619477289811141530 473
1619477289883647756 355
1619477289896223193 317
1619477289898871036 590
1619477289913195842 377
1619477290072413073 354
1619477290158949571 283
1619477290176257391 412
1619477290216502951 264
1619477290248156311 260
1619477290267152307 272
1619477290309823318 486
1619477290358173537 560
1619477290442619218 314
1619477290528193042 188
1619477290637372231 278
1619477290642210212 248
1619477290688949087 275
1619477290724650226 217
1619477290802783892 277
1619477290809750514 373
1619477290888754164 448
1619477291000045866 482
1619477291014709186 404
1619477291048427651 239
1619477291127936464 229
1619477291195409826 401
1619477291310898394 436
1619477291320492989 384
1619477291356797409 291
1619477291359213570 382
1619477291376424923 398
1619477291405421176 206
1619477291407955646 458
1619477291424470683 257
1619477291561495800 230
1619477291576202014 300
1619477291698950643 244
1619477291717925281 189
1619477291787492730 281
1619477291825243436 344
1619477291879172506 401
1619477291995368852 451
1619477292021683881 231
1619477292052419085 246
1619477292090475964 394
1619477292141286896 480
1619477292162645061 268
1619477292182199467 263
1619477292196663470 413
1619477292246892741 295
1619477292333433507 413
1619477292378715659 349
