1619475858911450435 300
1619475859014451597 283
1619475859026718943 324
1619475859150063052 315
1619475859214654764 403
1619475859314301191 297
1619475859400389907 342
1619475859415200035 282
1619475859452951290 398
1619475859492946870 306
1619475859527727923 268
1619475859580002075 342
1619475859619723540 285
1619475859624637938 300
1619475859656756820 323
1619475859719135590 282
1619475859760519069 267
1619475859785085538 268
1619475859792398890 318
1619475859797319819 323
1619475859804778064 338
1619475859848890037 296
1619475859875455442 286
1619475859889758296 219
1619475859924053669 339
1619475859931375668 382
1619475860000021805 302
1619475860061660786 315
1619475860087950827 286
1619475860107751311 323
1619475860136824822 309
1619475860149158681 308
1619475860158886581 285
1619475860178155891 223
1619475860265623724 232
1619475860314098577 427
1619475860394850914 267
1619475860411915002 328
1619475860459519619 402
1619475860511581887 336
1619475860549041943 415
1619475860591474177 400
1619475860594037947 324
1619475860644123908 313
1619475860693932106 295
1619475860793719313 314
1619475860808512338 281
1619475860810936321 313
1619475860882100622 299
1619475860935744690 360
1619475861029951090 272
1619475861044754464 272
1619475861054762560 320
1619475861107038752 285
1619475861146625311 304
1619475861210800263 317
1619475861359565027 313
1619475861470131208 326
1619475861539535482 278
1619475861561405557 307
1619475861603695811 385
1619475861623819992 347
1619475861663726266 321
1619475861690282970 342
1619475861712336818 372
1619475861752984502 389
1619475861812827034 367
1619475861926538615 315
1619475861936309638 285
1619475861953543820 383
1619475861997908497 316
1619475862049536141 261
1619475862101240133 355
1619475862191780099 294
1619475862227217478 460
1619475862382531354 291
1619475862392536544 284
1619475862538622378 331
1619475862802698947 280
1619475862897089640 315
1619475862943879381 324
1619475862946363433 242
1619475863013187367 308
1619475863069715340 315
1619475863090048428 390
1619475863132796746 320
1619475863162418114 331
1619475863167379364 315
1619475863172446448 344
1619475863192267950 368
1619475863281999321 310
1619475863329077885 340
1619475863378500302 319
1619475863383405242 297
1619475863435635294 261
1619475863582310414 311
1619475863597033249 323
1619475863631814642 291
1619475863698302890 360
1619475863786890440 310
1619475863834295777 399
1619475864066246549 320
1619475864083468666 265
1619475864105492959 306
1619475864117858261 305
1619475864172201417 324
1619475864179621228 342
1619475864199307248 292
1619475864236768745 329
1619475864261643191 354
1619475864303284728 321
1619475864330322363 392
1619475864425931893 351
1619475864450922314 314
1619475864496214753 415
1619475864571356987 336
1619475864573941795 334
1619475864581409427 301
1619475864606489084 345
1619475864671125995 333
1619475864708394925 324
1619475864900123538 261
1619475864938683538 251
1619475865006151748 268
1619475865138381884 468
1619475865289737532 275
1619475865297160464 305
1619475865312139611 322
1619475865383535712 279
1619475865447983349 366
1619475865460142063 323
1619475865543785121 312
1619475865650386237 431
1619475865720185960 326
1619475865747625281 317
1619475865794404473 280
1619475865826285752 336
1619475865860899305 301
1619475865878003843 313
1619475865965795868 295
1619475865990296197 326
1619475866057424405 285
1619475866062262014 291
1619475866184771211 252
1619475866187148139 263
1619475866262227972 405
1619475866274444873 328
1619475866431512929 283
1619475866433917987 303
1619475866438821826 318
1619475866490358880 359
1619475866532082627 364
1619475866671557606 312
1619475866758912403 285
1619475866820767480 274
1619475866840273605 304
1619475866850011266 311
1619475866882024888 350
1619475866941031476 313
1619475866975340752 350
1619475866977851922 324
1619475867143770157 321
1619475867163630231 367
1619475867213919710 330
1619475867296051954 375
1619475867322869098 316
1619475867431217521 337
1619475867484308744 401
1619475867576858279 336
1619475867624199762 338
1619475867636748289 404
1619475867674280654 370
1619475867720833065 299
1619475867799660611 337
1619475867942063694 327
1619475867952002620 323
1619475868033856133 256
1619475868055825616 265
1619475868075280896 297
1619475868109841925 289
1619475868114848497 268
1619475868119727771 287
1619475868163475044 298
1619475868204492191 263
1619475868206880178 280
1619475868244034395 309
1619475868271287622 272
1619475868273656007 256
1619475868301187241 355
1619475868327997892 330
1619475868345292542 304
1619475868397030544 292
1619475868414063136 307
1619475868458166942 335
1619475868657119726 321
1619475868662109184 301
1619475868760553680 276
1619475868770490177 287
1619475868943094556 333
1619475869041681963 355
1619475869199110509 316
1619475869232226456 309
1619475869369273862 346
1619475869419489182 298
1619475869464007786 323
1619475869513243655 316
1619475869518313179 429
1619475869540384600 379
1619475869547739172 324
1619475869559817677 318
1619475869648237668 299
1619475869724950455 273
1619475869820599581 302
1619475869837713360 310
1619475869845273696 356
1619475869897954140 344
1619475869902937011 333
1619475869912762984 350
1619475869920055595 375
1619475869982426587 381
1619475870002082030 334
1619475870031522397 277
1619475870119229910 295
1619475870148739117 313
1619475870204831378 290
1619475870401514539 320
1619475870462884954 308
1619475870482531662 305
1619475870794295516 479
1619475870844505586 443
1619475870889312786 345
1619475870919431565 309
1619475870937035038 321
1619475871055816063 305
1619475871107596850 323
1619475871166997229 286
1619475871179532303 295
1619475871219197426 314
1619475871224148126 370
1619475871294288825 440
1619475871339009882 331
1619475871378429473 330
1619475871380961670 295
1619475871392921138 358
1619475871490650927 344
1619475871510489849 327
1619475871512964373 276
1619475871547637348 331
1619475871567260101 297
1619475871581995694 307
1619475871613899936 310
1619475871663203349 289
1619475871749388939 312
1619475871798362993 311
1619475871946633758 331
1619475871966468555 264
1619475871983909328 414
1619475872190036366 264
1619475872202305601 266
1619475872259626714 376
1619475872335574166 304
1619475872362258251 333
1619475872391803011 322
1619475872544736261 316
1619475872623625315 328
1619475872730922613 356
1619475872761480561 388
1619475872833536953 315
1619475872917609095 304
1619475872963625932 320
1619475873175606113 311
1619475873266921920 315
1619475873301252254 314
1619475873343364296 293
1619475873503305385 302
1619475873538546121 355
1619475873696002152 323
1619475873795275649 319
1619475873800236264 359
1619475873805258313 360
1619475873893280129 305
1619475873907444777 303
1619475873960972914 250
1619475874002959998 277
1619475874088724830 310
1619475874100895772 281
1619475874220745585 272
1619475874249942928 315
1619475874284175933 310
1619475874306021099 308
1619475874310950959 343
1619475874345954080 279
1619475874368125904 319
1619475874505741176 299
1619475874518286419 326
1619475874550209459 357
1619475874560000052 327
1619475874562464448 281
1619475874635487704 287
1619475874662323099 329
1619475874740784835 286
1619475874804541005 279
1619475874841685521 307
1619475874858708518 232
1619475874863439492 228
1619475874865823462 243
1619475874880228207 238
1619475874936809622 312
1619475875040877546 284
1619475875057749580 310
1619475875109586038 343
1619475875126927380 317
1619475875142110621 347
1619475875144561575 304
1619475875152027152 321
1619475875173984652 220
1619475875342778971 231
1619475875375893554 225
1619475875394940397 314
1619475875635429338 319
1619475875677898014 288
1619475875709838208 309
1619475875744680114 278
1619475875796874347 312
1619475875871819194 322
1619475875894105706 308
1619475875957819037 306
1619475875975024662 280
1619475876014415399 344
1619475876036956287 283
1619475876041948161 269
1619475876155708021 312
1619475876222629194 326
1619475876234960450 319
1619475876256973821 315
1619475876314342075 336
1619475876400520440 314
1619475876473818903 307
1619475876545242217 294
1619475876585199820 328
1619475876672973910 282
1619475876719966197 298
1619475876889726055 353
1619475876897139463 338
1619475877048231635 311
1619475877143505331 292
1619475877172653194 265
1619475877254361433 268
1619475877311153890 326
1619475877371973484 433
1619475877374437890 412
1619475877546735835 336
1619475877549268704 338
1619475877613495993 337
1619475877660225631 307
1619475877697056442 300
1619475877711849975 325
1619475877890941233 329
1619475877992037421 272
1619475878056179856 272
1619475878085548420 279
1619475878173468608 371
1619475878185911390 308
1619475878224955861 314
1619475878227505942 321
1619475878249954647 361
1619475878269740445 315
1619475878336427802 288
1619475878353864540 272
1619475878366191655 320
1619475878395730121 359
1619475878398063940 286
1619475878480579135 311
1619475878503021340 333
1619475878602015629 248
1619475878676873742 349
1619475878718709716 317
1619475878723683720 290
1619475878748521731 291
1619475878763418489 316
1619475878771007819 273
1619475878875928049 398
1619475878935857491 324
1619475878973144661 311
1619475878990655467 477
1619475879135253284 315
1619475879147387667 314
1619475879277757136 456
1619475879295291984 380
1619475879370615870 323
1619475879373165658 313
1619475879413015553 346
1619475879430949267 649
1619475879590674325 312
1619475879608241290 334
1619475879658422000 305
1619475879710679994 268
1619475879752448223 317
1619475879885409614 300
1619475879920210740 297
1619475879950556676 272
1619475880014327497 311
1619475880034292935 424
1619475880044045407 329
1619475880046506335 352
1619475880073619237 304
1619475880100617941 313
1619475880115400885 312
1619475880303775762 278
1619475880486003477 330
1619475880495934875 326
1619475880605243868 309
1619475880624855751 273
1619475880632237699 315
1619475880703759983 311
1619475880864390317 295
1619475880871886406 332
1619475880955756178 278
1619475881123289097 278
1619475881315651041 281
1619475881344991750 340
1619475881347341844 311
1619475881398811045 317
1619475881455327852 278
1619475881464957129 317
1619475881504788700 306
1619475881572100784 307
1619475881603936787 389
1619475881618837333 311
1619475881638494669 322
1619475881700317078 312
1619475881902653216 293
1619475881981850255 280
1619475882024455211 305
1619475882084315706 316
1619475882091761524 314
1619475882128644539 273
1619475882255316618 353
1619475882302293261 328
1619475882312216346 296
1619475882359406404 269
1619475882479277051 370
1619475882545475508 276
1619475882654808699 266
1619475882723187264 372
1619475882802612142 261
1619475882844436309 321
1619475882923268744 314
1619475883026633535 319
1619475883029154670 329
1619475883056273252 302
1619475883160618853 327
1619475883209410487 310
1619475883303994045 367
1619475883333552427 270
1619475883379869537 278
1619475883466561994 279
1619475883644060992 391
1619475883756781488 313
1619475883781618938 309
1619475883808684649 305
1619475883870468054 405
1619475883910094105 246
1619475883929603484 305
1619475883937044386 298
1619475884075104798 309
1619475884148349967 314
1619475884211733641 325
1619475884236059426 325
1619475884258230962 307
1619475884263064744 275
1619475884280397202 323
1619475884351848924 325
1619475884366525489 278
1619475884383709969 282
1619475884433336886 275
1619475884440677849 303
1619475884502077835 300
1619475884603347586 299
1619475884618046774 343
1619475884653025391 309
1619475884680184686 287
1619475884764612071 325
1619475885026732863 295
1619475885068871712 288
1619475885098252040 297
1619475885113006825 267
1619475885274560505 274
1619475885311753587 318
1619475885400438790 359
1619475885402953978 349
1619475885451244778 378
1619475885456146915 299
1619475885483181460 314
1619475885594940309 327
1619475885668949271 298
1619475885685908141 319
1619475885725066517 308
1619475885740210400 294
1619475885742619032 315
1619475885863704602 288
1619475885890943832 267
1619475885958414742 366
1619475886014983963 291
1619475886019880637 304
1619475886091226428 298
1619475886120342214 260
1619475886149937565 317
1619475886152410334 284
1619475886240647388 354
1619475886267602228 384
1619475886304543486 291
1619475886311937184 326
1619475886350761688 361
1619475886353203811 319
1619475886380099460 317
1619475886402151812 376
1619475886460238881 266
1619475886559883664 311
1619475886652590653 309
1619475886689125286 273
1619475886751197646 298
1619475886797978717 307
1619475886839977411 345
1619475886920627110 296
1619475886948239398 267
1619475887066663191 319
1619475887137477733 274
1619475887139963203 329
1619475887166919618 272
1619475887255871051 324
1619475887268294997 304
1619475887337779433 296
1619475887349978514 306
1619475887364630544 329
1619475887377050022 273
1619475887381913064 324
1619475887418954768 380
1619475887472685375 273
1619475887533640054 309
1619475887578429564 401
1619475887597826497 312
1619475887607598671 318
1619475887671405083 307
1619475887673896723 300
1619475887693598788 303
1619475887728176490 331
1619475887735758965 284
1619475887757978967 307
1619475887760479070 311
1619475887772584987 318
1619475887792064856 313
1619475887897121506 299
1619475888043779610 301
1619475888048610094 320
1619475888070651728 264
1619475888205310598 195
1619475888212358871 217
1619475888253674666 214
1619475888270690218 217
1619475888339506484 310
1619475888396056313 336
1619475888448204029 276
1619475888541042884 279
1619475888553292606 302
1619475888558192074 321
1619475888590332291 322
1619475888624738843 298
1619475888647361258 415
1619475888659743273 366
1619475888714035393 314
1619475888842426326 286
1619475889009487869 332
1619475889075780448 314
1619475889085632428 319
1619475889092976455 292
1619475889119716651 323
1619475889154058705 251
1619475889166250847 367
1619475889168759638 303
1619475889245005550 305
1619475889292138029 341
1619475889451847158 286
1619475889601079955 324
1619475889652677297 324
1619475889733873779 341
1619475889766185084 350
1619475889773611910 328
1619475889776108923 334
1619475889813311970 343
1619475889835858648 373
1619475889838406350 364
1619475889903829794 344
1619475889928039989 345
1619475889953480187 358
1619475890150889222 318
1619475890180397413 315
1619475890254936349 321
1619475890260004444 319
1619475890309824412 333
1619475890319603959 312
1619475890402798730 327
1619475890466408165 461
1619475890468775018 310
1619475890521125662 303
1619475890603886957 218
1619475890618351194 248
1619475890699406116 305
1619475890704441087 312
1619475890770820866 325
1619475890775724712 335
1619475890863709371 287
1619475890873452099 278
1619475890934778613 364
1619475890959855056 353
1619475890964918456 346
1619475891063165962 303
1619475891177477170 317
1619475891192541936 401
1619475891227813437 358
1619475891406307708 333
1619475891498511244 293
1619475891500946930 324
1619475891620623483 268
1619475891677184140 292
1619475891711456534 346
1619475891785295960 297
1619475891829621976 299
1619475891861314401 273
1619475891880738197 308
1619475891986296766 305
1619475892030588439 285
1619475892072645468 277
1619475892109547937 306
1619475892111991166 351
1619475892114401429 325
1619475892190298747 296
1619475892212364417 290
1619475892237575865 305
1619475892252341499 313
1619475892267190466 363
1619475892299688839 344
1619475892322442018 393
1619475892332432678 429
1619475892413637653 285
1619475892438380669 334
1619475892448172709 285
1619475892509256561 273
1619475892523778935 303
1619475892552921946 278
1619475892779337885 315
1619475892902675219 299
1619475893043831717 300
1619475893053883961 373
1619475893058920571 288
1619475893112697181 350
1619475893120035328 359
1619475893134829985 323
1619475893137296567 333
1619475893243130202 276
1619475893333746527 301
1619475893343474157 309
1619475893362937519 304
1619475893406975563 323
1619475893497302614 300
1619475893652427239 321
1619475893664666065 309
1619475893713925848 303
1619475893829839590 307
1619475893832250197 310
1619475893837081910 302
1619475893905417219 307
1619475893964170272 322
1619475893994111566 384
1619475894036020707 316
1619475894048467663 422
1619475894088132566 313
1619475894130006230 311
1619475894243415963 288
1619475894379467274 306
1619475894445795437 270
1619475894484683398 366
1619475894494458720 296
1619475894506856726 318
1619475894521523846 277
1619475894523943354 318
1619475894533729938 330
1619475894541125041 308
1619475894563212794 262
1619475894589905545 306
1619475894607332622 345
1619475894609860548 272
1619475894661210572 313
1619475894710361350 291
1619475894740264002 275
1619475894750093253 310
1619475894782175887 310
1619475894796891857 306
1619475894809137131 314
1619475894865779499 289
1619475894922029535 304
1619475894969080430 274
1619475894983894526 338
1619475894996079107 330
1619475895068056374 317
1619475895122372126 316
1619475895183867814 289
1619475895239969088 249
1619475895599473436 305
1619475895631287700 308
1619475895653755471 354
1619475895683355450 296
1619475895700396035 276
1619475895812015219 289
1619475895826921328 299
1619475895910159855 302
1619475895912697595 342
1619475895927385829 319
1619475895959296441 326
1619475895971723598 299
1619475896108417569 328
1619475896123170391 311
1619475896152857529 321
1619475896177551607 326
1619475896217196889 302
1619475896257363802 320
1619475896338727846 295
1619475896348551400 290
1619475896390744063 289
1619475896427745960 329
1619475896522789633 315
1619475896532858810 315
1619475896545118019 321
1619475896582303518 369
1619475896584829074 353
1619475896619596303 413
1619475896634325512 329
1619475896646764215 281
1619475896656509522 298
1619475896685855622 348
1619475896708303306 319
1619475896775409598 290
1619475896807481575 311
1619475896812536035 317
1619475896896872543 308
1619475896931754908 325
1619475897005700886 319
1619475897034972354 274
1619475897154283099 329
1619475897265262551 426
1619475897322753161 347
1619475897385451408 331
1619475897390506171 328
1619475897410759287 296
1619475897549293955 418
1619475897581965076 344
1619475897589400225 346
1619475897606929380 346
1619475897624687851 362
1619475897739034364 287
1619475897798042964 312
1619475897810628953 310
1619475898012689228 279
1619475898034623357 270
1619475898063842511 323
1619475898110386745 359
1619475898115282872 344
1619475898279823110 324
1619475898289668172 337
1619475898396361862 283
1619475898443261375 315
1619475898480521226 315
1619475898524899814 313
1619475898624107271 313
1619475898687189697 311
1619475898749814228 324
1619475898786639736 345
1619475898922088322 298
1619475898988381557 301
1619475898995726672 329
1619475899079588033 325
1619475899109115863 306
1619475899246848231 307
1619475899344098783 307
1619475899482647935 317
1619475899579855907 301
1619475899679444733 307
1619475899703684475 303
1619475899789530315 297
1619475899801953446 275
1619475899809368959 332
1619475899873289414 267
1619475899934938712 317
1619475900013784738 361
1619475900021051038 313
1619475900057693772 275
1619475900165001273 287
1619475900233846791 340
1619475900253604009 269
1619475900275887644 318
1619475900302807219 293
1619475900305271258 273
1619475900324926598 325
1619475900339959880 330
1619475900399007594 257
1619475900431195799 876
1619475900491350496 287
1619475900550256887 300
1619475900648398565 300
1619475900665854098 333
1619475900705125159 298
1619475900752670566 343
1619475900794312369 319
1619475901037343967 320
1619475901086483324 315
1619475901150689124 314
1619475901153223473 289
1619475901207605890 404
1619475901254985529 367
1619475901375822843 306
1619475901428041642 275
1619475901441181485 341
1619475901500911642 273
1619475901525803955 381
1619475901528273727 339
1619475901635266920 314
1619475901785066082 321
1619475901837842552 233
1619475901902277122 284
1619475901907141403 320
1619475901918868883 318
1619475901946088124 280
1619475901963291642 317
1619475901975763574 353
1619475902043000816 226
1619475902140896968 356
1619475902183448636 326
1619475902200897107 341
1619475902274851804 325
1619475902279808552 328
1619475902312004729 280
1619475902339370361 313
1619475902371576507 281
1619475902383972845 307
1619475902399280719 379
1619475902492618294 357
1619475902500033780 354
1619475902597046604 304
1619475902657732773 302
1619475902665061413 308
1619475902694203068 323
1619475902747698676 333
1619475902784193929 302
1619475902833520415 323
1619475902843357417 309
1619475902879980979 264
1619475902894655998 319
1619475902999019153 305
1619475903081638573 321
1619475903151001574 331
1619475903197205473 311
1619475903214027545 284
1619475903305698703 279
1619475903678644379 318
1619475903690976012 273
1619475903698368151 298
1619475903767508463 350
1619475903789698964 303
1619475903821901802 327
1619475903888576887 324
1619475903895935013 276
1619475903985513581 320
1619475904020207825 279
1619475904035080753 322
1619475904101922556 322
1619475904131935472 306
1619475904149016536 300
1619475904200490739 284
1619475904262334338 301
1619475904276929178 301
1619475904371797656 400
1619475904376798163 409
1619475904394147070 358
1619475904411658370 322
1619475904438972143 315
1619475904478259479 307
1619475904503303133 353
1619475904530376313 422
1619475904535134421 313
1619475904577235382 314
1619475904582219013 336
1619475904616729907 319
1619475904624212391 293
1619475904629140775 320
1619475904776129884 297
1619475904816207681 460
1619475904842963912 316
1619475904985900315 319
1619475904998342188 291
1619475905020727366 311
1619475905043111206 288
1619475905050493951 328
1619475905060505865 412
1619475905109860283 307
1619475905154330250 325
1619475905161739309 314
1619475905214002107 310
1619475905216521619 267
1619475905241318900 336
1619475905332383615 326
1619475905481917763 290
1619475905486915050 356
1619475905566478115 444
1619475905737905944 314
1619475905770090598 300
1619475905812243139 314
1619475905839329390 294
1619475905903718955 353
1619475905923481802 307
1619475905958406793 389
1619475906034115309 278
1619475906051113167 355
1619475906163365658 301
1619475906175560673 313
1619475906180556409 307
1619475906207614977 325
1619475906250634617 332
1619475906317493280 345
1619475906325047466 374
1619475906345063752 320
1619475906396865222 321
1619475906445894959 319
1619475906477849601 271
1619475906480270033 301
1619475906608259770 399
1619475906744177738 395
1619475906766323774 330
1619475906803998363 280
1619475906816610853 348
1619475906824155811 351
1619475906851576988 314
1619475906983595080 375
1619475907020612201 343
1619475907025488658 333
1619475907030379617 350
1619475907122315586 369
1619475907137117281 305
1619475907223266594 326
1619475907308011242 269
1619475907357413575 302
1619475907384509013 310
1619475907512237289 298
1619475907534279205 363
1619475907595623318 264
1619475907652485211 287
1619475907704551139 323
1619475907721945411 288
1619475907779334251 344
1619475907872988190 361
1619475907898034924 296
1619475907973492503 271
1619475908005694277 336
1619475908043360620 332
1619475908050872978 314
1619475908068132741 290
1619475908100499939 316
1619475908130162778 313
1619475908154960522 326
1619475908245959132 305
1619475908272978816 336
1619475908300091130 356
1619475908354346840 280
1619475908480761169 309
1619475908557375491 312
1619475908660381653 235
1619475908941437948 370
1619475908986415123 356
1619475908996436684 403
1619475909033999407 343
1619475909061593206 393
1619475909116380393 361
1619475909128940212 390
1619475909161766759 473
1619475909183938101 316
1619475909188925039 311
1619475909228655406 324
1619475909305362808 314
1619475909310284291 328
1619475909384262063 310
1619475909398896919 306
1619475909403784589 316
1619475909490767453 374
1619475909512887329 313
1619475909557945136 352
1619475909575683942 359
1619475909703133340 352
1619475909866844863 293
1619475909903880376 368
1619475909906400242 337
1619475910037985796 328
1619475910050408657 300
1619475910181009733 311
1619475910233143078 328
1619475910274813824 280
1619475910321311234 309
1619475910350855669 268
1619475910355780256 308
1619475910380230900 314
1619475910455810186 372
1619475910631552436 284
1619475910690593223 354
1619475910765350201 315
1619475910780003735 309
1619475910901369008 287
1619475910926359992 440
1619475910991830639 348
1619475911086917848 325
1619475911245511576 295
1619475911250405757 318
1619475911329298827 374
1619475911415887810 327
1619475911488420880 288
1619475911495823184 295
1619475911589586789 282
1619475911604297900 277
1619475911636261533 304
1619475911641151924 305
1619475911665921742 289
1619475911837826855 278
1619475911864962679 311
1619475911936193068 315
1619475912022626836 322
1619475912064332091 352
1619475912106812767 370
1619475912156652477 312
1619475912216492927 308
1619475912258464073 289
1619475912495793312 371
1619475912656319032 286
1619475912658770486 341
1619475912821843173 317
1619475912953954920 291
1619475913030096927 313
1619475913042341436 279
1619475913081897926 311
1619475913119048361 310
1619475913128998537 358
1619475913146287388 319
1619475913228972777 384
1619475913258723434 285
1619475913324416080 312
1619475913355058190 390
1619475913357439127 328
1619475913364829447 309
1619475913396203261 302
1619475913443668492 281
1619475913469743471 232
1619475913522128803 289
1619475913543538905 309
1619475913555341512 338
1619475913564788552 307
1619475913600396870 240
1619475913609890394 236
1619475913648403802 285
1619475913702492690 376
1619475913724931958 362
1619475913755389432 368
1619475913767765924 317
1619475913780285493 382
1619475913802528521 349
1619475913839443028 320
1619475913895849907 354
1619475914042863717 274
1619475914050239905 327
1619475914156027127 286
1619475914240692501 359
1619475914290434154 270
1619475914317286353 349
1619475914341416174 319
1619475914382300997 336
1619475914523303296 315
1619475914555852379 363
1619475914588042768 290
1619475914649858113 277
1619475914692001754 374
1619475914696965983 285
1619475914746418353 424
1619475914751331667 305
1619475914761407945 290
1619475914778899422 312
1619475914920953228 277
1619475914998566698 331
1619475915055058952 261
1619475915097138442 275
1619475915246132066 319
1619475915290435591 320
1619475915356770815 307
1619475915446436512 317
1619475915510873852 323
1619475915582900225 283
1619475915627653502 319
1619475915672086443 284
1619475915688967550 260
1619475915708094872 305
1619475915773268457 328
1619475915823105160 225
1619475915849426390 311
1619475915858881559 279
1619475915960187106 307
1619475916194468838 395
1619475916211670044 337
1619475916236270120 328
1619475916253844463 409
1619475916270854469 320
1619475916367527679 329
1619475916502084191 278
1619475916539165223 322
1619475916678960971 271
1619475916715802540 282
1619475916720812886 247
1619475916723332962 352
1619475916768856857 312
1619475916801343743 317
1619475916818652840 282
1619475916860949500 357
1619475916903596634 339
1619475916913544788 321
1619475916918534240 355
1619475917003967344 376
1619475917076362822 357
1619475917141586368 326
1619475917174257085 260
1619475917221979336 298
1619475917404624361 274
1619475917407045650 313
1619475917443960804 305
1619475917486131853 318
1619475917505934473 317
1619475917510875638 315
1619475917570847835 321
1619475917603150364 289
1619475917628092462 323
1619475917643072068 318
1619475917673248653 459
1619475917733143026 346
1619475917757894667 317
1619475917925111719 274
1619475917932453323 318
1619475917934992539 342
1619475918070907029 300
1619475918120274902 413
1619475918130098249 378
1619475918161949258 311
1619475918164418777 284
1619475918231036402 367
1619475918257780712 315
1619475918299084325 335
1619475918422017186 269
1619475918503537754 308
1619475918533689480 358
1619475918598489031 310
1619475918613471490 320
1619475918665968121 292
1619475918695093047 334
1619475918730595427 314
1619475918794617272 309
1619475918797079171 273
1619475918801970542 277
1619475918833752767 323
1619475918846032046 295
