1619480885091157875 1694
1619480885184807318 4235
1619480885279633924 3772
1619480885358032896 4123
1619480885452309213 4527
1619480885685639003 4876
1619480885780104445 4954
1619480886650778476 4213
1619480886809605530 5193
1619480886973698177 4598
1619480887149157887 4241
1619480887331033815 4302
1619480887362351716 3988
1619480887455672246 3724
1619480887514336115 233
1619480887610859612 4849
1619480887913315918 9556
1619480887975036171 3880
1619480888245719707 4410
1619480888305636432 4490
1619480888369169476 3966
1619480888536769648 5642
1619480888629887546 4385
1619480889268276774 4480
1619480889318145143 3580
1619480889388346828 4515
1619480889785382832 4661
1619480890061394737 251
1619480890188764964 4225
1619480890213373413 4034
1619480890401433276 4178
1619480890542835916 4617
1619480890572945358 4548
1619480890911220592 254
1619480890984894297 3388
1619480891122036839 4132
1619480891173785337 3275
1619480891436270515 3707
1619480891471002276 3463
1619480891564163871 4000
1619480891751410995 3462
1619480891929893864 4188
1619480892030772961 4015
1619480892155713621 4160
1619480892164499347 4409
1619480892170229659 3646
1619480892334985996 4226
1619480892458486943 4153
1619480892464641300 4128
1619480892583729114 8260
1619480892825705435 4511
1619480892875986011 4427
1619480892911740562 4259
1619480892938597831 4296
1619480892975886375 4521
1619480893519316516 4044
1619480893552966426 4922
1619480893721385291 8414
1619480893739207937 3270
1619480893777435949 3658
1619480894071530497 3715
1619480894173101045 4162
1619480894223695954 4554
1619480894283073185 4228
1619480894397917557 8272
1619480894481173262 3924
1619480894759604194 3844
1619480895175171787 4070
1619480895356630275 231
1619480895455563480 3563
1619480895787914299 3671
1619480895799810742 4313
1619480895851072117 4428
1619480895859389848 3986
1619480895871876880 4158
1619480895898010292 4173
1619480896034014926 5477
1619480896042838095 235
1619480896085802135 4001
1619480896107001279 4467
1619480896159552642 4430
1619480896332503192 4256
1619480896428733279 3867
1619480896450044237 3918
1619480896521670538 3649
1619480896534414904 4979
1619480896618066058 3786
1619480896641697602 3506
1619480896677547278 4444
1619480896774403285 3801
1619480896785434989 3444
1619480896869073642 3990
1619480896874824635 3654
1619480897197457355 4390
1619480897298114811 4062
1619480897358712212 3790
1619480897784703353 3511
1619480897786938419 209
1619480897991153695 4365
1619480898081587461 3246
1619480898106170034 4095
1619480898156906542 4229
1619480898238963766 4140
1619480898397561445 4720
1619480898819728003 4612
1619480898956587482 3545
1619480898984931545 3715
1619480899206741196 3687
1619480899284672584 3882
1619480899347146759 3657
1619480899481751136 4117
1619480899714057937 3584
1619480899933160235 3319
1619480899945480480 3874
1619480900143294894 3295
1619480900341650559 4185
1619480900484406941 4317
1619480900618911389 4111
1619480900660457128 3305
1619480900857977823 2886
1619480901108910414 3593
1619480901182692931 3837
1619480901319823152 3855
1619480901421951467 3580
1619480901517391014 3033
1619480901969685085 4343
1619480902658555880 2082
1619480902902595687 4145
1619480902980519332 3801
1619480903022824055 4921
1619480903085615951 4547
1619480903272125071 4375
1619480903376999901 4284
1619480903625809935 4879
1619480903709961495 3766
1619480903862125466 8748
1619480903954389229 3937
1619480904166036379 4053
1619480904233556058 3264
1619480904291496213 4163
1619480904317032893 4021
1619480904584455273 3536
1619480904740233547 4316
1619480905169420310 3447
1619480905174593262 3054
1619480905225002582 3648
1619480905392266533 285
1619480905432430248 4502
1619480905475682859 4128
1619480905541486942 4249
1619480905894389902 4351
1619480905896683728 203
1619480905918890770 3079
1619480906198113177 4794
1619480906210330934 4341
1619480906291439744 4104
1619480906372052814 4132
1619480906431108685 4236
1619480906535549778 5058
1619480906559109334 3932
1619480906624637092 3867
1619480906758002305 4095
1619480906875878123 4400
1619480907161384832 3714
1619480907761497816 232
1619480907934868930 3849
1619480908067696071 3928
1619480908109142710 9730
1619480908133448559 4991
1619480908203763127 4285
1619480908366114474 4807
1619480908453207407 2589
1619480908560519533 3637
1619480908644930603 3656
1619480908785818210 4097
1619480908791627413 3777
1619480908825343392 4191
1619480908933819606 4468
1619480908958255176 3612
1619480908971694494 4398
1619480909031302585 3977
1619480909099073261 5251
1619480909109593984 3649
1619480909158105134 3933
1619480909224247204 4155
1619480909441371551 4584
1619480909540732436 246
1619480909795901191 4575
1619480909868234270 4114
1619480909995676550 4507
1619480910074613150 4177
1619480910169805992 4384
1619480910193051028 3649
1619480910446598086 4343
1619480910452036004 3248
1619480910557668636 3820
1619480910638059852 4334
1619480910653244763 3435
1619480910659499922 4127
1619480910802177963 234
1619480910835216147 3878
1619480910841954302 4503
1619480910927943410 4405
1619480910964889819 3773
1619480911230708169 4334
1619480911280759973 3641
1619480911352951708 3987
1619480911477124970 3892
1619480911772634087 180
1619480912076023102 4417
1619480912086898248 2469
1619480912825915756 4545
1619480912871321979 3519
1619480913156827773 4541
1619480913599354053 4422
1619480913840171172 4667
1619480913990215239 4385
1619480914054887746 4385
1619480914230205709 2981
1619480914414422992 3888
1619480914432234936 4414
1619480914474926802 3946
1619480914695117565 4486
1619480914706873921 3881
1619480914736470524 4019
1619480914827397083 4148
1619480915045782756 3892
1619480915123133676 4374
1619480915141471942 4135
1619480915159385632 4005
1619480915167178616 234
1619480915445716967 4354
1619480915481473790 4051
1619480915527588660 2967
1619480915623515977 4172
1619480915661129126 5162
1619480915742777730 4753
1619480916053796648 5249
1619480916130407308 3794
1619480916208264340 8505
1619480916478327674 4032
1619480916496786027 4103
1619480916648155587 4314
1619480916736092121 3178
1619480916922287556 3943
1619480917175775199 4243
1619480917276747786 3967
1619480917336902614 4371
1619480917390421753 3666
1619480917421092728 3717
1619480917461648791 3866
1619480917588383372 3206
1619480917632419048 3974
1619480917674863738 3625
1619480917885281323 3999
1619480917897497659 4156
1619480917958333528 3244
1619480918088610519 3708
1619480918240955615 212
1619480918477322238 3828
1619480918548164603 4262
1619480918954859637 3833
1619480919084528504 3891
1619480919173599015 3566
1619480919290661476 3941
1619480919395921326 4265
1619480919567236796 3802
1619480919597844718 3960
1619480919637277294 3842
1619480920089891855 3957
1619480920186520292 6729
1619480920271399466 3684
1619480920369286522 3944
1619480920674948344 3487
1619480920710284699 3898
1619480920778843012 3833
1619480920902867761 3432
1619480920914784971 3717
1619480920956965953 3961
1619480921008960853 4379
1619480921020551577 3782
1619480921080783145 3506
1619480921104793516 4300
1619480921212180578 3261
1619480921495961503 4437
1619480921700782559 3915
1619480921892083562 4094
1619480922043712705 239
1619480922369565932 3973
1619480922522971530 3912
1619480922569469905 4099
1619480922637460358 4287
1619480922664270668 207
1619480922747521872 3945
1619480922850247256 3725
1619480922924604020 3963
1619480922935035998 3477
1619480922966778060 4080
1619480923277477409 7566
1619480923451222841 4246
1619480923800592337 3885
1619480924105956318 4089
1619480924114302538 196
1619480924399447260 3572
1619480924466843701 3146
1619480924633566967 3606
1619480924701481915 4421
1619480925040286157 6120
1619480925498163512 4606
1619480925788988246 9017
1619480925880353604 4826
1619480925947997441 3920
1619480925972495824 4316
1619480926036779966 5116
1619480926214045737 3374
1619480926220137249 3991
1619480926304794624 3743
1619480926491606714 3921
1619480926537906325 3943
1619480926543802537 3809
1619480926790042447 3907
1619480926836492810 3283
1619480926893974277 4204
1619480926912401845 4659
1619480926970457078 4364
1619480927099310829 4413
1619480927236396182 4158
1619480927241583767 3062
1619480927252812851 3357
1619480927366285895 3354
1619480927429444533 3873
1619480927681425280 4697
1619480927756293892 3277
1619480927884377379 4919
1619480927901698945 3120
1619480928040561044 5563
1619480928127050059 277
1619480928228986188 3815
1619480928319799692 3926
1619480928334475410 3887
1619480928354313347 3466
1619480928406989860 3968
1619480928426276670 3951
1619480928455152064 3198
1619480928608760724 4875
1619480928775995582 3866
1619480928873100974 4287
1619480928939453338 4095
1619480928946059602 4441
1619480929052212178 246
1619480929244855816 3794
1619480929251100243 4137
1619480929303519766 3786
1619480929309858427 4142
1619480929552109185 3755
1619480929565190503 4538
1619480929599342140 3720
1619480929724468800 3928
1619480929867096991 3762
1619480929935134722 3757
1619480930018776765 4190
1619480930152311576 8073
1619480930195932968 3259
1619480930258686283 3010
1619480930308045446 4169
1619480930571090134 4392
1619480930767839143 4708
1619480930844580580 4163
1619480930937034696 4233
1619480931339399530 4074
1619480931390529621 3933
1619480931554095581 4539
1619480931628576135 4190
1619480931686271808 4616
1619480931987015272 8183
1619480932023139712 3969
1619480932053320275 4146
1619480932280426263 300
1619480932323183380 4346
1619480932434779284 4698
1619480932544083585 8603
1619480932760486130 4383
1619480932865867678 4349
1619480932883298850 3627
1619480933027595883 3686
1619480933171858670 3841
1619480933184917686 4312
1619480933283277795 4562
1619480933346194838 3761
1619480933474385978 2343
1619480933594145690 4463
1619480933633625981 4006
1619480933806386040 3945
1619480933999226263 4055
1619480934185662550 4753
1619480934443284798 4213
1619480934449220151 3774
1619480934553788833 3552
1619480934727363384 4330
1619480935026188412 3079
1619480935108400370 5332
1619480935153295025 3610
1619480935367918146 4118
1619480935466325015 4856
1619480935493379494 242
1619480935516899515 4089
1619480935769578907 4006
1619480935947503438 3895
1619480936008712017 4355
1619480936102688004 3991
1619480936194806213 4305
1619480936289498656 3990
1619480936386119423 4678
1619480936470167638 147
1619480936842478283 3594
1619480937137754336 4444
1619480937309681166 3973
1619480937381567177 270
1619480937390070237 223
1619480937436006245 3483
1619480937505491829 4427
1619480937511631869 4059
1619480937528396840 3744
1619480937844214007 3886
1619480938087701202 3944
1619480938140441795 4506
1619480938220066418 7373
1619480938226678479 4569
1619480938585803220 3872
1619480938677211147 3585
1619480938764872232 4223
1619480939367505386 4536
1619480939523052333 4443
1619480939548136789 3849
1619480939642196842 267
1619480939682957013 3496
1619480939700582046 3960
1619480939715013063 3808
1619480939800734902 3541
1619480939893310965 3127
1619480940042961870 4218
1619480940084268478 3138
1619480940197861596 3001
1619480940674179892 4604
1619480940836417583 4117
1619480940897584754 3866
1619480941349060744 3809
1619480941643150284 4060
1619480941807922800 4316
1619480941864242792 3137
1619480942024780642 4164
1619480942070372551 4261
1619480942112616034 3462
1619480942237977268 3893
1619480942336814921 4011
1619480942343216321 4328
1619480942349257622 3901
1619480942387014738 3859
1619480942407750322 4768
1619480942474083834 4356
1619480942492516374 3129
1619480942525533214 4358
1619480942798707675 3988
1619480943190138283 4880
1619480943231434223 3882
1619480943315163259 4304
1619480943322107212 4898
1619480943474886818 256
1619480943508521798 4025
1619480943752421154 3615
1619480943858639226 4373
1619480943956996273 4289
1619480944020632437 3630
1619480944292224376 8496
1619480944361481718 4423
1619480944475165306 4342
1619480944966949016 3851
