1619477362864525996 383
1619477362876647025 317
1619477362881598439 482
1619477363086527114 330
1619477363179719609 302
1619477363213546539 241
1619477363215843708 227
1619477363308127620 489
1619477363341337642 388
1619477363365115853 249
1619477363394562537 248
1619477363406925171 504
1619477363453802361 283
1619477363514949786 431
1619477363519985256 350
1619477363582068723 442
1619477363584540320 389
1619477363593781084 291
1619477363598587438 248
1619477363613046073 473
1619477363713949457 237
1619477363754595369 333
1619477363786012326 338
1619477363817451051 420
1619477363838542630 163
1619477363886735589 300
1619477363896169216 361
1619477363898576997 318
1619477363903404100 221
1619477363925377886 281
1619477363937328195 360
1619477363964455871 411
1619477364010162435 394
1619477364015050927 453
1619477364040362884 265
1619477364064664896 412
1619477364108598851 224
1619477364110939715 298
1619477364127491321 350
1619477364134584795 399
1619477364229660817 393
1619477364243900914 470
1619477364287379031 280
1619477364327508151 223
1619477364392238670 234
1619477364440628168 253
1619477364450103109 294
1619477364474564680 415
1619477364476789784 200
1619477364483789734 341
1619477364581718405 309
1619477364592101449 274
1619477364622407523 394
1619477364698605815 380
1619477364814228551 530
1619477364835248151 294
1619477364931312999 210
1619477365032358109 525
1619477365034719242 307
1619477365065300610 277
1619477365147218715 197
1619477365168787731 281
1619477365201974166 278
1619477365226158158 230
1619477365278279755 321
1619477365371322718 382
1619477365414690448 328
1619477365524701344 244
1619477365553171173 229
1619477365591359263 244
1619477365603367659 319
1619477365691529256 302
1619477365706272055 519
1619477365739909052 409
1619477365773316089 380
1619477365926804244 329
1619477365948403195 605
1619477366014360213 267
1619477366082105051 234
1619477366158774702 338
1619477366171011215 287
1619477366182940553 250
1619477366197212881 244
1619477366211706293 416
1619477366218862316 351
1619477366392114248 217
1619477366423468743 526
1619477366445238757 197
1619477366447794688 468
1619477366459994398 1259
1619477366505477348 395
1619477366508141774 550
1619477366539082820 203
1619477366548493981 305
1619477366567700522 466
1619477366575125065 271
1619477366740589559 245
1619477366794879815 321
1619477366799366627 219
1619477366854156180 255
1619477366889777858 238
1619477366944730623 415
1619477366971416090 242
1619477366996500148 386
1619477367025101075 224
1619477367199144908 269
1619477367206095652 334
1619477367276187780 274
1619477367287663226 291
1619477367325551535 297
1619477367330368717 291
1619477367340162198 586
1619477367369098274 479
1619477367393311913 245
1619477367412969534 280
1619477367459363066 1088
1619477367486267489 229
1619477367498283230 429
1619477367500596328 283
1619477367526368900 197
1619477367624990873 254
1619477367648824571 484
1619477367708051713 288
1619477367710323714 230
1619477367850913624 532
1619477367993053694 303
1619477367995409895 278
1619477368100424605 238
1619477368129797471 283
1619477368170581635 336
1619477368228199984 240
1619477368310106124 270
1619477368350995406 293
1619477368365571874 519
1619477368374996658 287
1619477368389363274 273
1619477368432240419 211
1619477368437399595 562
1619477368472074432 484
1619477368527217273 184
1619477368552122936 571
1619477368574380826 431
1619477368646122644 375
1619477368719049721 277
1619477368752136946 295
1619477368939945966 248
1619477368967450737 474
1619477369002820096 509
1619477369101493883 282
1619477369166599210 238
1619477369183621942 195
1619477369231226867 231
1619477369269988217 310
1619477369318868988 301
1619477369323655198 204
1619477369473890626 315
1619477369551046778 310
1619477369641034592 420
1619477369665158671 648
1619477369688605517 321
1619477369719179513 229
1619477369724556484 675
1619477369805622534 207
1619477369819839470 230
1619477369873700628 270
1619477369878328323 216
1619477369921227389 221
1619477369949163730 339
1619477369990159759 164
1619477370082398158 506
1619477370094349816 459
1619477370134988188 491
1619477370173588713 320
1619477370183042614 397
1619477370206712687 274
1619477370464868089 389
1619477370500316510 360
1619477370598670086 237
1619477370624672193 192
1619477370653323223 236
1619477370655615574 153
1619477370830054604 501
1619477370846569858 313
1619477370853570539 245
1619477371007760916 467
1619477371017117761 332
1619477371054861263 300
1619477371100565992 346
1619477371146929693 254
1619477371192701529 513
1619477371209419584 206
1619477371211780487 259
1619477371335935339 465
1619477371357116465 322
1619477371408770377 336
1619477371504863971 275
1619477371545965961 465
1619477371570390993 693
1619477371594824569 338
1619477371625805878 270
1619477371793174289 329
1619477372031461530 275
1619477372033794915 262
1619477372135623388 287
1619477372218449295 389
1619477372384151063 515
1619477372415354070 251
1619477372439777491 588
1619477372489388292 347
1619477372513804315 396
1619477372669164283 242
1619477372702600533 417
1619477372769579135 241
1619477372872928820 326
1619477372884656119 469
1619477372894037155 232
1619477372906208756 282
1619477372989338860 238
1619477373029643485 231
1619477373191183289 263
1619477373300022217 452
1619477373304805661 332
1619477373331272696 455
1619477373343449409 324
1619477373417809000 211
1619477373631144406 187
1619477373652559030 222
1619477373669196833 271
1619477373772911756 375
1619477373835787998 254
1619477373899389720 252
1619477373911350625 329
1619477373965108708 391
1619477373974835245 282
1619477374011107739 272
1619477374136563976 245
1619477374153526983 292
1619477374170893272 339
1619477374232972486 234
1619477374291021729 429
1619477374305298628 458
1619477374458450712 692
1619477374585137638 200
1619477374594239716 175
1619477374596468901 188
1619477374603416507 238
1619477374636850107 277
1619477374673106042 565
1619477374814705061 381
1619477374855220669 343
1619477375050981670 274
1619477375158184444 283
1619477375230174769 286
1619477375232709222 400
1619477375249703265 318
1619477375328795821 285
1619477375376210726 236
1619477375380891298 263
1619477375397444660 335
1619477375440425938 261
1619477375450268086 281
1619477375503295940 494
1619477375527226757 379
1619477375579434794 214
1619477375625386521 319
1619477375675826344 435
1619477375678607882 671
1619477375733993789 270
1619477375777818496 455
1619477375857121745 380
1619477375955837469 201
1619477376015563229 356
1619477376031971611 199
1619477376081992352 272
1619477376103226722 257
1619477376130212648 282
1619477376201395139 559
1619477376203704496 280
1619477376291010500 458
1619477376326226313 257
1619477376436885219 440
1619477376446460529 239
1619477376448760858 277
1619477376588690585 174
1619477376598474549 277
1619477376617651777 549
1619477376650812269 273
1619477376712578146 342
1619477376784392218 226
1619477376887633478 182
1619477376989596486 246
1619477376996642089 255
1619477377034754809 217
1619477377043963914 213
1619477377064871945 216
1619477377102230277 411
1619477377157541785 257
1619477377196575373 419
1619477377232059355 414
1619477377241519339 153
1619477377333338458 271
1619477377366938343 240
1619477377383950697 351
1619477377388643703 337
1619477377465353505 294
1619477377472302065 203
1619477377520127114 193
1619477377565785736 687
1619477377580427622 404
1619477377582954510 433
1619477377621611474 527
1619477377726064427 271
1619477377750262501 337
1619477377802166091 223
1619477377845229664 481
1619477377859355806 215
1619477377895253688 225
1619477378015339550 472
1619477378037041966 200
1619477378108474212 582
1619477378127758626 231
1619477378130351179 526
1619477378146910217 241
1619477378285307535 443
1619477378299662485 409
1619477378330722567 230
1619477378344725171 362
1619477378386666671 210
1619477378507206712 228
1619477378537805383 268
1619477378554031688 489
1619477378613922912 288
1619477378632894550 263
1619477378700002177 312
1619477379044002804 557
1619477379063333264 391
1619477379353263649 380
1619477379364801963 283
1619477379539789491 327
1619477379738468213 340
1619477379740771056 267
1619477379819867713 368
1619477379955740921 405
1619477380048375222 373
1619477380064786975 236
1619477380108035261 402
1619477380112807585 379
1619477380120258177 521
1619477380242041093 301
1619477380294940941 626
1619477380350554194 334
1619477380403000568 325
1619477380484502306 242
1619477380531872584 467
1619477380539058865 351
1619477380567917338 474
1619477380589084622 348
1619477380689083631 323
1619477380693887298 243
1619477380720147087 329
1619477380748877626 354
1619477380767899602 296
1619477380819453181 223
1619477380874524747 220
1619477380908116793 385
1619477380922190508 323
1619477380946168739 438
1619477380965543041 265
1619477380967870575 275
1619477381019897300 271
1619477381036249036 396
1619477381067894927 438
1619477381091827669 315
1619477381186477837 246
1619477381188782118 256
1619477381231316214 225
1619477381383864353 306
1619477381397936043 257
1619477381407768222 518
1619477381412654558 486
1619477381446129432 212
1619477381448946117 635
1619477381451682332 616
1619477381506237883 287
1619477381515893165 203
1619477381532659532 174
1619477381561031519 526
1619477381681428755 205
1619477381691460818 423
1619477381958425577 233
1619477381963030399 238
1619477381984708264 178
1619477382034357833 243
1619477382053067926 347
1619477382089066878 347
1619477382134197098 208
1619477382186716287 336
1619477382193673875 260
1619477382198497635 325
1619477382212640460 323
1619477382229200326 453
1619477382238578533 321
1619477382319818723 207
1619477382414810193 563
1619477382433541280 257
1619477382477586144 300
1619477382496587335 400
1619477382525457248 251
1619477382548672691 280
1619477382598868397 225
1619477382671805922 309
1619477382676417849 255
1619477382683172693 240
1619477382723877072 454
1619477382752528280 191
1619477382778881951 319
1619477382891256482 240
1619477382932573797 509
1619477383027440227 187
1619477383039271449 289
1619477383048923251 293
1619477383104030941 313
1619477383120655068 303
1619477383151490635 434
1619477383262679564 390
1619477383272083824 419
1619477383296239153 485
1619477383334400979 265
1619477383403368402 314
1619477383410403279 314
1619477383455878313 369
1619477383465713797 395
1619477383482581534 273
1619477383484968884 280
1619477383590134628 288
1619477383628214067 432
1619477383654550634 257
1619477383711478442 431
1619477383737839975 294
1619477383749348041 166
1619477383751928811 545
1619477383758811456 218
1619477383823433987 390
1619477383887410007 197
1619477383901811733 275
1619477383916435085 347
1619477383967437039 306
1619477383969720937 222
1619477384089140651 314
1619477384118647745 291
1619477384151463529 167
1619477384179993254 422
1619477384264488000 455
1619477384276288907 460
1619477384314397876 203
1619477384354496884 262
1619477384359269809 275
1619477384416168633 526
1619477384456449721 216
1619477384488422168 315
1619477384625833923 523
1619477384649605067 314
1619477384659014319 262
1619477384661512112 445
1619477384757561776 384
1619477384759992813 403
1619477384786393538 392
1619477384841007066 384
1619477384850123104 182
1619477384891277497 617
1619477385072396815 141
1619477385086675083 315
1619477385360123334 278
1619477385396594444 294
1619477385491796817 482
1619477385501121845 280
1619477385528128445 344
1619477385530561698 385
1619477385577590142 481
1619477385701207174 330
1619477385751236124 300
1619477385796637641 463
1619477385830418704 453
1619477385844760368 399
1619477385914151933 274
1619477385947698113 342
1619477385952620903 370
1619477385957538164 385
1619477385991331746 205
1619477386024945096 167
1619477386031725891 202
1619477386041108732 342
1619477386067923341 635
1619477386193917221 449
1619477386317298502 438
1619477386348572978 298
1619477386355452987 195
1619477386414198422 321
1619477386428726219 258
1619477386447896616 405
1619477386555617617 167
1619477386611484575 309
1619477386640111735 230
1619477386647541527 225
1619477386678300372 229
1619477386682966848 207
1619477386685348962 356
1619477386692422310 247
1619477386767009890 283
1619477386781209100 268
1619477386859833951 239
1619477386893417801 274
1619477386934738179 334
1619477386971834936 250
1619477386995623585 260
1619477387141369111 354
1619477387148374017 230
1619477387330900469 302
1619477387390996019 490
1619477387400496509 223
1619477387638154206 282
1619477387647704794 238
1619477387683544279 365
1619477387719127459 416
1619477387747425666 295
1619477387764973994 406
1619477387889782685 405
1619477387927580783 226
1619477387956692695 405
1619477388003750923 444
1619477388029766908 270
1619477388101487840 524
1619477388184403700 395
1619477388206038672 255
1619477388230018919 337
1619477388246692746 334
1619477388274660056 257
1619477388373420832 322
1619477388451781912 310
1619477388482095478 513
1619477388544454595 220
1619477388643186228 360
1619477388690922844 218
1619477388714667933 314
1619477388731588722 409
1619477388757601567 451
1619477388767212939 389
1619477388778685398 207
1619477388847584084 367
1619477388864499293 596
1619477388964817183 451
1619477388976609580 267
1619477389003091636 516
1619477389046335760 275
1619477389075507681 269
1619477389135619246 538
1619477389209109839 336
1619477389211412394 278
1619477389297597564 232
1619477389304818055 300
1619477389307246382 259
1619477389309531471 256
1619477389314586508 448
1619477389360556659 309
1619477389405486108 170
1619477389435472764 227
1619477389463156194 312
1619477389485191681 353
1619477389499341687 221
1619477389528436466 397
1619477389653759740 458
1619477389698721957 178
1619477389710544476 274
1619477389760574854 301
1619477389779845967 320
1619477389782376181 411
1619477389818090108 295
1619477389844095007 267
1619477389848920326 335
1619477389896647238 370
1619477389898958704 224
1619477389922697396 319
1619477389965947957 571
1619477389977680463 290
1619477390073621904 456
1619477390090457705 499
1619477390161285978 355
1619477390205366335 300
1619477390216980474 245
1619477390361140344 353
1619477390368252867 327
1619477390404160437 353
1619477390578662198 378
1619477390597778856 324
1619477390600113692 240
1619477390624310342 639
1619477390648506905 328
1619477390653190120 192
1619477390684082202 434
1619477390765499583 196
1619477390770401816 318
1619477390791371526 329
1619477390960648218 1509
1619477390979541592 327
1619477391032616701 242
1619477391035179596 353
1619477391042000594 181
1619477391087941525 501
1619477391116315103 438
1619477391181505598 409
1619477391293307370 210
1619477391324040633 436
1619477391431271345 346
1619477391518166523 339
1619477391577892961 197
1619477391606710420 277
1619477391637479351 267
1619477391696471432 233
1619477391705956405 335
1619477391720391517 464
1619477391800952437 420
1619477391910278935 390
1619477391988637232 311
1619477392012607043 361
1619477392111521216 278
1619477392127803229 301
1619477392142476234 516
1619477392202377487 307
1619477392230512613 414
1619477392237519658 250
1619477392258369379 236
1619477392294246100 304
1619477392329923899 243
1619477392351702389 281
1619477392406339118 188
1619477392512891445 444
1619477392515345846 353
1619477392528002643 643
1619477392570534430 395
1619477392608330692 266
1619477392634658520 213
1619477392653811156 251
1619477392715784302 335
1619477392768991179 519
1619477392942673186 670
1619477392973038665 194
1619477392999336779 244
1619477393008959757 276
1619477393025751871 302
1619477393054214685 304
1619477393068389216 207
1619477393085490229 308
1619477393124125301 321
1619477393138887446 368
1619477393170314495 408
1619477393206502434 250
1619477393289655831 250
1619477393308598939 218
1619477393350214201 261
1619477393362421609 331
1619477393402896083 458
1619477393421914248 310
1619477393426596962 223
1619477393433795855 381
1619477393460547200 724
1619477393463049603 474
1619477393479604126 316
1619477393501320078 470
1619477393556614954 385
1619477393604752199 533
1619477393636304118 222
1619477393696683644 422
1619477393706088318 224
1619477393756438241 448
1619477393809297181 244
1619477393836218549 439
1619477393852967520 480
1619477393858059903 514
1619477393998444574 372
1619477394073163602 744
1619477394087638906 509
1619477394138253828 325
1619477394296188148 472
1619477394312759554 355
1619477394317635728 498
1619477394329204437 426
1619477394356513783 455
1619477394477652450 321
1619477394491970187 206
1619477394501656304 268
1619477394506413428 303
1619477394594299957 319
1619477394608806661 293
1619477394622947023 266
1619477394644496704 436
1619477394695123302 328
1619477394702272521 239
1619477394740381023 326
1619477394781454971 284
1619477394784042368 520
1619477394795949297 204
1619477394836204883 439
1619477394910593119 314
1619477394927133220 256
1619477394976527245 252
1619477395050330942 272
1619477395075610266 660
1619477395130212690 233
1619477395192170389 386
1619477395194592255 396
1619477395213389365 358
1619477395256330407 381
1619477395267951874 335
1619477395279809340 320
1619477395327913199 548
1619477395381177639 386
1619477395417264139 288
1619477395441057534 432
1619477395467625288 238
1619477395476934926 274
1619477395493913334 294
1619477395500929466 239
1619477395519632287 245
1619477395560192860 218
1619477395602182249 537
1619477395659292429 289
1619477395724881487 151
1619477395731899154 348
1619477395745583234 267
1619477395784025411 335
1619477395806045576 342
1619477395834866009 286
1619477395895584643 641
1619477395991763912 331
1619477396106048754 185
1619477396137741469 403
1619477396241537575 308
1619477396255972270 301
1619477396265439208 315
1619477396316354669 318
1619477396343061147 239
1619477396345539135 394
1619477396376648317 384
1619477396385994290 242
1619477396427383661 265
1619477396453335920 235
1619477396525858034 351
1619477396552828282 258
1619477396560058691 408
1619477396615318940 353
1619477396669150401 571
1619477396676594142 427
1619477396691116601 251
1619477396975256235 348
1619477397027348162 455
1619477397046225427 342
1619477397079979666 366
1619477397118192302 225
1619477397142418271 257
1619477397182985466 240
1619477397247970818 253
1619477397327098451 232
1619477397331765688 290
1619477397348444587 506
1619477397408403823 346
1619477397494132761 292
1619477397525600219 313
1619477397642413560 245
1619477397651978569 240
1619477397719811738 304
1619477397738690419 339
1619477397781987501 285
1619477397810381722 191
1619477397918079543 290
1619477398063189287 313
1619477398217095477 314
1619477398231379545 340
1619477398236300710 329
1619477398272622661 588
1619477398277337008 273
1619477398308690519 354
1619477398332801329 549
1619477398344776512 563
1619477398428354350 247
1619477398454892607 397
1619477398489987478 550
1619477398533415717 525
1619477398653636985 313
1619477398658524141 286
1619477398672958305 380
1619477399025246488 191
1619477399039953229 386
1619477399072247250 339
1619477399124579497 265
1619477399126876359 192
1619477399141205439 370
1619477399143670979 375
1619477399172090423 281
1619477399181993554 331
1619477399242348759 330
1619477399406879945 236
1619477399484717859 208
1619477399508304506 306
1619477399532394920 421
1619477399731225751 308
1619477399774548219 346
1619477399832160074 166
1619477400005040007 292
1619477400066045698 281
1619477400106648353 284
1619477400109119133 280
1619477400131462037 570
1619477400279761198 427
1619477400318296829 381
1619477400457497896 300
1619477400482669065 316
1619477400497351421 370
1619477400559841980 261
1619477400577478966 316
1619477400609068966 272
1619477400640587156 467
1619477400654587897 277
1619477400759043941 248
1619477400789557761 258
1619477400799342516 391
1619477400818467023 407
1619477400925371476 465
1619477400933076622 718
1619477400963802913 299
1619477401009030442 318
1619477401042517504 402
1619477401044861351 290
1619477401121708640 382
1619477401155271025 392
1619477401179098887 237
1619477401193397839 300
1619477401226377339 276
1619477401263031856 452
1619477401392965474 258
1619477401508019823 590
1619477401570537926 369
1619477401630519885 358
1619477401678143447 415
1619477401727438953 302
1619477401746399474 217
1619477401937786673 512
1619477401940116343 310
1619477401950041279 497
1619477401965582966 411
1619477402072839308 212
1619477402106313738 324
1619477402172240645 354
1619477402179593589 296
1619477402277125953 303
1619477402279426800 247
1619477402489503141 416
1619477402592193027 260
1619477402611217081 322
1619477402695108425 248
1619477402769951549 238
1619477402794171863 278
1619477402806144428 244
1619477402864487926 411
1619477402878782676 391
1619477402928829160 368
1619477403016287045 453
1619477403028271728 622
1619477403056887044 557
1619477403073388179 330
1619477403135708101 287
1619477403157306778 386
1619477403218697069 272
1619477403274208785 385
1619477403344427689 231
1619477403353902720 313
1619477403446713162 282
1619477403546799068 214
1619477403566003276 179
1619477403591956740 316
1619477403603788469 287
1619477403712373446 264
1619477403793443299 190
1619477403967728575 268
1619477404040146072 271
1619477404061823173 404
1619477404124565805 419
1619477404207745152 333
1619477404222295897 437
1619477404239271875 282
1619477404253794664 251
1619477404273244099 335
1619477404328480337 255
1619477404352369106 413
1619477404473029662 412
1619477404517711913 353
1619477404549562410 611
1619477404569114639 417
1619477404765135813 277
1619477404770241818 378
1619477404781995865 435
1619477404824783790 236
1619477404872890483 284
1619477404882308592 211
1619477404953436924 163
1619477404960485360 340
1619477404989060496 250
1619477405008083006 320
1619477405028908238 191
1619477405047641455 158
1619477405082338053 288
1619477405187776905 321
1619477405223867706 431
1619477405277690463 530
1619477405337787311 275
1619477405474949623 288
1619477405480094305 342
1619477405501376795 282
1619477405589221914 355
1619477405594054354 323
1619477405648276647 288
1619477405745857705 267
1619477405753102770 313
1619477405898717649 319
1619477405942172483 301
1619477405952480387 342
1619477405960618989 1402
1619477406070808837 532
1619477406097789130 302
1619477406131771719 426
1619477406134090167 285
1619477406148267301 317
1619477406274812172 345
1619477406281980483 311
1619477406312834522 316
1619477406317387924 294
1619477406357652155 235
1619477406411170916 326
1619477406416023352 341
1619477406532970991 225
1619477406654393652 200
1619477406716269193 496
1619477406718833670 521
1619477406745206643 221
1619477406768693912 299
1619477406775694416 290
1619477406778096854 312
1619477406785508725 513
1619477406933845072 521
1619477406950512202 213
1619477406982137212 255
1619477406984581331 366
1619477407039518571 382
1619477407046949745 412
1619477407085398299 402
1619477407090098350 299
1619477407106727252 306
1619477407158866933 336
1619477407204565875 281
1619477407226362010 233
1619477407246129777 278
1619477407305574754 344
1619477407389569524 467
1619477407460706599 422
1619477407472883777 484
1619477407490209348 260
1619477407537166413 286
1619477407585357750 283
1619477407590439133 255
1619477407681207779 170
1619477407799250307 310
1619477407859216951 270
1619477407986531386 260
1619477408005868280 275
1619477408025158542 230
1619477408041788578 514
1619477408077426751 217
1619477408084630256 249
1619477408089482091 231
1619477408096851664 255
1619477408130128424 437
1619477408158468737 450
1619477408206212414 309
1619477408228113763 309
1619477408265921946 213
1619477408279840666 273
1619477408298790868 487
1619477408344340135 252
1619477408423557682 406
1619477408487004549 230
1619477408489449124 300
1619477408504372548 584
1619477408540062768 372
1619477408627436701 360
1619477408723428420 215
1619477408742050615 214
1619477408758731934 361
1619477408895141622 479
1619477408930774572 263
1619477408933085398 261
1619477408954256716 293
1619477408966460644 200
1619477408975825662 276
1619477409064629932 371
1619477409117552572 329
1619477409175094941 501
1619477409179762174 247
1619477409251960471 302
1619477409304518124 486
1619477409326246381 209
1619477409407617148 367
1619477409618409964 399
1619477409651707745 260
1619477409719564775 339
1619477409747973596 253
1619477409783725453 391
1619477409790739316 344
1619477409860782625 236
1619477409881979996 215
1619477409926853151 260
1619477409943814973 221
1619477410008385895 416
1619477410046339308 422
1619477410140469620 616
1619477410176214773 380
1619477410195066288 252
1619477410204648990 277
1619477410226062737 236
1619477410273216452 303
1619477410297228319 342
1619477410327984755 255
1619477410401731213 258
1619477410439852993 307
1619477410468842534 273
1619477410471290701 389
1619477410499669121 267
1619477410506837906 282
1619477410545621062 503
1619477410657511091 467
1619477410799061271 254
1619477410885133284 267
1619477410957241078 277
1619477411085298388 310
1619477411128675563 449
1619477411216605779 532
1619477411252551469 662
1619477411399665292 526
1619477411434990177 277
1619477411475314725 171
1619477411530775853 606
1619477411653089106 212
1619477411691037954 238
1619477411710464993 425
1619477411719838390 291
1619477411765248997 239
1619477411826587582 529
1619477411914135037 420
1619477411989270228 279
1619477412013270068 328
1619477412018140605 263
1619477412128388580 339
1619477412193048248 271
1619477412221901315 320
1619477412232052374 840
1619477412260587919 434
1619477412263040601 383
1619477412329387381 424
1619477412437649496 587
1619477412473032735 287
1619477412540516298 319
1619477412564241077 608
1619477412585706938 407
1619477412593048218 462
1619477412674694219 259
1619477412795888917 304
1619477412834136480 446
1619477412843645193 347
1619477412889202626 277
1619477412905901361 198
1619477412927573850 248
1619477412949509922 420
1619477412951980348 392
1619477413085209369 370
1619477413138277981 391
1619477413436213483 485
1619477413475599477 224
1619477413501564210 225
1619477413520280056 245
1619477413529818924 226
1619477413539646382 476
1619477413544374054 286
1619477413560964522 224
1619477413626370909 311
1619477413642976451 225
1619477413698292925 353
1619477413700598685 233
1619477413771974088 248
1619477413810855617 265
1619477413815550482 288
1619477413831712239 265
1619477413862514391 240
1619477413895754388 244
1619477413938267277 285
1619477413970380532 356
1619477413994672779 221
1619477414052781904 291
1619477414129804188 288
1619477414158519553 316
1619477414172923776 322
1619477414177716834 318
1619477414256629039 308
1619477414280388956 326
1619477414336928545 195
1619477414346665278 275
1619477414456798384 237
1619477414551381521 222
1619477414559138814 789
1619477414592667811 296
1619477414599896951 294
1619477414645351592 269
1619477414671764805 291
1619477414676522162 377
1619477414686671113 426
1619477414728066551 632
1619477414740029979 702
1619477414758993881 199
1619477414763981359 629
1619477414805354432 502
1619477414916820176 278
1619477414923953173 312
1619477414990491694 326
1619477415012091483 289
1619477415073844111 260
1619477415222285860 215
1619477415328225372 256
1619477415408478288 368
1619477415444380445 338
1619477415446738231 325
1619477415458927312 189
1619477415466264758 296
1619477415497455190 488
1619477415507651189 580
1619477415514835631 442
1619477415568491363 715
1619477415630743140 298
1619477415654210012 292
1619477415678363765 342
1619477415719100248 216
1619477415772735462 376
1619477416002051793 268
1619477416035205477 560
1619477416042488360 300
1619477416056479317 281
1619477416075350986 191
1619477416234327987 214
1619477416279794074 328
1619477416348956348 200
1619477416373092555 391
1619477416389516364 208
1619477416504091407 501
1619477416668760512 301
1619477416676096465 207
1619477416765383245 380
1619477416772474613 219
1619477416779497727 424
1619477416789022482 375
1619477416834371965 235
1619477416869179855 215
1619477416915014633 354
1619477416968402693 227
1619477416975881585 591
1619477417023275400 230
1619477417154529072 239
1619477417192997098 326
1619477417219121402 324
1619477417231289519 519
1619477417235968094 245
1619477417303248000 299
1619477417376843771 200
1619477417415203436 318
1619477417537157025 457
1619477417596534751 259
1619477417617996016 234
1619477417685383435 321
1619477417717160961 706
1619477417760110986 365
1619477417798231619 268
1619477417858411796 345
1619477417877201524 264
1619477417901219925 582
1619477417906154145 244
1619477417989726292 408
1619477418001351664 236
1619477418051569858 405
1619477418060860404 276
1619477418068137363 210
1619477418127645389 225
1619477418156581912 332
1619477418168414369 193
1619477418175945691 351
1619477418192670477 233
1619477418296131464 484
1619477418303298874 251
1619477418313123842 419
1619477418315666794 497
1619477418335115511 338
1619477418436060890 508
1619477418531037731 346
1619477418588158861 309
1619477418741403725 181
1619477418768138292 159
1619477418799878057 268
1619477418811856653 278
1619477418853339655 499
1619477418906832268 323
1619477418958000421 230
1619477419009937386 351
1619477419113691003 249
1619477419142847416 243
1619477419181378601 321
1619477419190949039 360
1619477419257667388 500
1619477419412202636 293
1619477419442916436 261
1619477419475702296 350
1619477419551874185 252
1619477419579977932 288
1619477419589535552 325
1619477419607192388 537
1619477419735451544 354
1619477419792752037 433
1619477419925473444 387
1619477419988131001 358
1619477420004615610 311
1619477420099887611 371
1619477420126298922 319
1619477420331369079 259
1619477420414494494 381
1619477420419214782 428
1619477420466152404 254
1619477420536715612 357
1619477420649452027 328
1619477420670917404 277
1619477420701804183 380
1619477420706556905 386
1619477420759208152 247
1619477420766228886 433
1619477420785568384 208
1619477420823205203 261
1619477420852441157 417
1619477420857133462 332
1619477420879020752 235
1619477420889121334 270
1619477420908070472 326
1619477420966139480 215
1619477421037953248 327
1619477421040234079 221
1619477421177034888 478
1619477421217891829 384
1619477421293177964 279
1619477421300748578 299
1619477421303349351 519
1619477421348391516 467
1619477421350937499 482
1619477421357850439 237
1619477421506861684 430
1619477421759669242 261
1619477421864777586 308
1619477421924436783 246
1619477421931799845 408
1619477421953305298 194
1619477421973005771 531
1619477421982509089 297
1619477422037097781 442
1619477422041768085 239
1619477422044079364 213
1619477422056121075 291
1619477422058438157 276
1619477422224890490 268
1619477422243555307 348
1619477422255636877 389
1619477422272229501 240
1619477422284495144 362
1619477422320297956 250
1619477422325102904 253
1619477422365471880 204
1619477422427076391 302
1619477422439134572 400
1619477422465543556 187
1619477422524655733 361
1619477422527101033 419
1619477422531737231 425
1619477422560244035 175
1619477422567953933 1064
1619477422570635686 506
1619477422610877295 245
1619477422674951681 203
1619477422687138079 406
1619477422732484976 290
1619477422739881035 462
