1619478950959686000 212
1619478950966568886 209
1619478950998186890 1141
1619478951013836682 194
1619478951070146088 214
1619478951081301944 996
1619478951114232967 214
1619478951143106317 921
1619478951157717635 647
1619478951349242427 1037
1619478951362557860 134
1619478951388100441 937
1619478951534217534 179
1619478951583361342 190
1619478951597164803 711
1619478951655940317 788
1619478951661232701 859
1619478951760707247 837
1619478951879266720 711
1619478951882249042 913
1619478951918453470 1256
1619478952026537922 1501
1619478952040294427 184
1619478952043463961 1114
1619478952054394370 967
1619478952079572686 192
1619478952179745964 768
1619478952205777162 1062
1619478952323131483 491
1619478952371229466 220
1619478952410560336 208
1619478952416473892 1590
1619478952419449997 890
1619478952427934635 797
1619478952448405037 1009
1619478952520087512 254
1619478952567696563 1310
1619478952618160439 831
1619478952676001706 868
1619478952690289502 1105
1619478952696180563 858
1619478952732375153 1074
1619478952831827944 973
1619478952921916987 172
1619478952948223284 1181
1619478953065791771 1074
1619478953068085711 224
1619478953127021719 183
1619478953138012361 1190
1619478953304266095 1131
1619478953372956501 162
1619478953385869239 184
1619478953468252356 971
1619478953575440469 1111
1619478953577674336 195
1619478953642724669 965
1619478953861367652 169
1619478953863574118 159
1619478953934791241 235
1619478953945926202 297
1619478953986254200 168
1619478954065942913 1289
1619478954180304320 250
1619478954261986349 782
1619478954264835511 760
1619478954435130764 958
1619478954447235743 1478
1619478954458254974 244
1619478954463692965 700
1619478954535133403 1224
1619478954696705293 898
1619478954737013429 1390
1619478954751817009 822
1619478954867708069 194
1619478954873828068 1065
1619478954911255445 790
1619478954992798114 1724
1619478955042931655 177
1619478955085377462 970
1619478955265669270 1236
1619478955294387203 960
1619478955364535108 225
1619478955389056350 805
1619478955472476706 1041
1619478955484732161 227
1619478955530156951 1207
1619478955579221791 807
1619478955723194867 1119
1619478955792972559 991
1619478955801464645 851
1619478955818327702 191
1619478955854661125 878
1619478955876006569 241
1619478956240509720 284
1619478956306456688 206
1619478956379474282 1150
1619478956397818866 2514
1619478956432801889 885
1619478956441319800 1067
1619478956508540146 1068
1619478956513179197 217
1619478956537184745 266
1619478956562929213 1182
1619478956569152676 1060
1619478956604412416 211
1619478956615730661 1094
1619478956618806248 966
1619478956696483770 206
1619478956702287767 1074
1619478956704497736 182
1619478956740206300 777
1619478956761518088 1028
1619478956772424912 561
1619478956792915678 1112
1619478956951509458 197
1619478956989843469 1021
1619478957100625586 891
1619478957103640567 960
1619478957151775885 214
1619478957208253799 882
1619478957255434552 698
1619478957406513317 416
1619478957410966844 165
1619478957426621435 225
1619478957460096519 234
1619478957471560432 632
1619478957480149304 816
1619478957494560102 1429
1619478957547767304 176
1619478957583416219 186
1619478957609572651 197
1619478957682112793 884
1619478957718727490 955
1619478957727975417 1505
1619478957964903799 1122
1619478958122868341 200
1619478958173361143 169
1619478958220141501 214
1619478958263021650 1063
1619478958285628934 1029
1619478958389437677 266
1619478958397679936 948
1619478958461743995 180
1619478958471038405 1044
1619478958503037826 1038
1619478958575653140 918
1619478958588112734 1924
1619478958614984260 270
1619478958641995705 624
1619478958762918674 976
1619478958908726380 999
1619478958918935207 182
1619478958944155478 211
1619478959229681897 923
1619478959269325790 178
1619478959280975014 737
1619478959292216618 1055
1619478959302078902 817
1619478959305088793 886
1619478959437543657 1086
1619478959443295036 704
1619478959458173390 900
1619478959482168236 240
1619478959499514335 886
1619478959516508139 906
1619478959530883717 873
1619478959658405934 233
1619478959667143644 838
1619478959678527588 1186
1619478959730800711 1094
1619478959769588781 216
1619478959786328067 934
1619478959878465424 879
1619478959953209881 949
1619478959986047210 1068
1619478960028228009 203
1619478960075012092 845
1619478960109947692 799
1619478960152580009 733
1619478960194545386 789
1619478960214321436 949
1619478960256677167 2011
1619478960426617258 176
1619478960555302759 952
1619478960606446484 829
1619478960680401512 675
1619478960706847601 633
1619478960743362841 204
1619478960781112766 1028
1619478960866657529 712
1619478960902803333 1034
1619478960974471449 173
1619478960977429377 934
1619478960980391302 921
1619478960994032050 1378
1619478961015082587 203
1619478961071804584 241
1619478961079206095 197
1619478961111090453 919
1619478961175442465 955
1619478961177683907 178
1619478961255149552 1052
1619478961274203192 1111
1619478961306507881 211
1619478961321726586 847
1619478961445755783 844
1619478961454984021 693
1619478961544890989 1150
1619478961564523316 844
1619478961760166400 672
1619478961762378041 170
1619478961818779620 1074
1619478961914544309 259
1619478961946392823 1039
1619478961990095556 259
1619478962034281012 1076
1619478962040854955 790
1619478962049077413 246
1619478962104025268 1073
1619478962109838992 799
1619478962194240087 1067
1619478962219755919 672
1619478962425110374 909
1619478962444919214 1064
1619478962447095536 149
1619478962520045107 851
1619478962590534970 215
1619478962632444867 247
1619478962649832805 778
1619478962661808558 196
1619478962875076844 1096
1619478962878245501 1111
1619478962898726452 926
1619478962931624117 1043
1619478962938056067 1192
1619478962942833023 303
1619478963112796711 210
1619478963180932438 1091
1619478963189051765 538
1619478963215920802 922
1619478963219135742 1128
1619478963253608606 247
1619478963276528226 857
1619478963303767269 231
1619478963439935040 1048
1619478963557195328 165
1619478963591019029 1041
1619478963673168734 898
1619478963684285887 1144
1619478963698212982 1209
1619478963760149864 251
1619478963786862431 822
1619478963923997593 240
1619478964017214957 184
1619478964085180749 1270
1619478964099441470 155
1619478964197008783 1022
1619478964270244278 683
1619478964329193335 788
1619478964403132595 199
1619478964649960439 215
1619478964689353450 764
1619478964713803580 1025
1619478964739053338 843
1619478964785430122 897
1619478964830789450 604
1619478964900987866 230
1619478964918664921 1100
1619478964926349160 222
1619478964973460873 203
1619478964977728567 2167
1619478965022725033 1164
1619478965047518689 1266
1619478965055068727 200
1619478965095888082 1191
1619478965160459118 880
1619478965227280708 1057
1619478965319475578 206
1619478965338029566 214
1619478965386516140 207
1619478965394760839 597
1619478965410726871 1072
1619478965488569030 1125
1619478965546184988 1060
1619478965600255705 826
1619478965633435659 1084
1619478965752702440 1192
1619478965817323285 778
1619478965849064648 753
1619478965855774594 298
1619478965932466835 1071
1619478965939957535 950
1619478965955305209 1075
1619478966034554776 783
1619478966075724557 168
1619478966095327591 220
1619478966193466745 1145
1619478966250964491 910
1619478966304169620 1106
1619478966306892491 665
1619478966343553765 190
1619478966499936587 1049
1619478966674645005 148
1619478966709950377 1041
1619478966753728190 996
1619478966759629632 579
1619478966761884696 219
1619478966793900032 711
1619478966908024161 716
1619478966913725209 892
1619478966916757463 968
1619478966988097114 282
1619478967012362882 238
1619478967099878786 238
1619478967215336585 198
1619478967247768737 1096
1619478967312261800 779
1619478967323262628 827
1619478967341143680 799
1619478967585796037 1059
1619478967597097863 680
1619478967599375033 190
1619478967658452745 811
1619478967718101238 918
1619478967760100405 1055
1619478967891289681 924
1619478967926801501 789
1619478967929847537 981
1619478967988758550 841
1619478968007252976 885
1619478968041463017 1209
1619478968067348265 825
1619478968113506222 1107
1619478968116483091 898
1619478968204520322 219
1619478968365857819 877
1619478968414716770 818
1619478968420821775 938
1619478968429378419 1045
1619478968583428511 230
1619478968646614576 299
1619478968685114985 901
1619478968701208636 258
1619478968748383158 1066
1619478968762886027 1185
1619478968820964156 979
1619478968842133047 1116
1619478968884325984 215
1619478968893265168 969
1619478969010190055 871
1619478969024412899 877
1619478969027537706 1086
1619478969057428965 699
1619478969139199526 300
1619478969178908071 887
1619478969406627030 691
1619478969417324244 165
1619478969461500994 680
1619478969500823733 903
1619478969511016152 184
1619478969533990535 930
1619478969539688523 685
1619478969609386767 949
1619478969856559694 210
1619478969900776960 947
1619478970009243265 235
1619478970126572227 878
1619478970161867802 576
1619478970221812349 1545
1619478970229602193 166
1619478970302486477 1496
1619478970494254540 1289
1619478970553771725 229
1619478970588731546 953
1619478970601975667 1047
1619478970666651054 1008
1619478970748196250 783
1619478970786287394 960
1619478970838484216 491
1619478970843853695 1089
1619478970909014241 173
1619478970964403961 737
1619478971073684844 838
1619478971133561934 966
1619478971165703832 1063
1619478971264826323 256
1619478971282762118 192
1619478971306928675 733
1619478971333238448 171
1619478971359746436 864
1619478971370623196 1198
1619478971421197989 921
1619478971429907112 719
1619478971622195358 1260
1619478971683094892 187
1619478971692764886 228
1619478971747931756 738
1619478971767010588 194
1619478971772711796 613
1619478971781116976 1164
1619478971791303844 170
1619478971885036303 815
1619478971920580737 754
1619478971943137500 1165
1619478972018339647 964
1619478972036505204 1094
1619478972047475154 726
1619478972084188052 199
1619478972305170873 938
1619478972317274402 233
1619478972363612239 1036
1619478972476882380 931
1619478972514455334 923
1619478972551112131 192
1619478972562382844 985
1619478972619616999 1024
1619478972702551007 1072
1619478972771997588 1065
1619478972804976720 952
1619478972823922617 1181
1619478972849003507 186
1619478972898687363 225
1619478972952883935 752
1619478972962734691 1932
1619478973027679565 860
1619478973153620638 1098
1619478973395781738 203
1619478973469215335 1828
1619478973526600357 198
1619478973532799315 1326
1619478973572830492 186
1619478973620645198 188
1619478973666945704 849
1619478973730673937 861
1619478973739056925 248
1619478973749707180 927
1619478973843824375 1006
1619478973906739565 525
1619478973978970239 808
1619478974018218941 971
1619478974021415236 1091
1619478974094523815 1254
1619478974195094057 989
1619478974200325858 231
1619478974217378109 243
1619478974248730861 306
1619478974340092685 269
1619478974429333629 184
1619478974450237013 860
1619478974622178680 240
1619478974646753654 1120
1619478974652856568 850
1619478974659321279 1118
1619478974754797546 947
1619478974772386168 589
1619478974815649855 1085
1619478974874682305 862
1619478974885431111 193
1619478974913333055 215
1619478974919173757 974
1619478974982516766 1002
1619478974984937765 261
1619478975027271871 210
1619478975093596282 155
1619478975293389737 1052
1619478975330933074 174
1619478975435924450 328
1619478975508896758 829
1619478975524409836 699
1619478975605587948 970
1619478975673822670 633
1619478975708177060 198
1619478975890855748 805
1619478975951352355 165
1619478975964119189 235
1619478975996898749 243
1619478976002644729 989
1619478976043470250 705
1619478976175720735 972
1619478976221509644 1074
1619478976289497541 588
1619478976359792786 1009
1619478976408581138 628
1619478976427959142 981
1619478976435214043 699
1619478976538540079 764
1619478976630094849 677
1619478976765459868 214
1619478976790128584 686
1619478976833743340 1702
1619478976892286972 262
1619478976946182715 1051
1619478977002409145 197
1619478977036080926 749
1619478977074438591 1245
1619478977110249438 872
1619478977132144422 900
1619478977152205333 1319
1619478977175379670 272
1619478977191134183 209
1619478977361470212 570
1619478977428659707 950
1619478977454828700 227
1619478977487670959 254
1619478977528546491 159
1619478977557685530 1222
1619478977736027340 850
1619478977764154012 1100
1619478977902063229 245
1619478977968054596 961
1619478977993524928 1535
1619478978024745522 1238
1619478978030592988 888
1619478978086184647 1193
1619478978366720226 135
1619478978369579220 757
1619478978413510316 754
1619478978450973891 1097
1619478978533291827 712
1619478978578995097 217
1619478978591758564 886
1619478978684377586 831
1619478978695047959 706
1619478978733635869 893
1619478978748487999 1291
1619478978750775995 240
1619478978761313057 1037
1619478978794950957 764
1619478978846894282 1125
1619478978871549432 772
1619478978919340671 902
1619478979067808609 1187
1619478979075275007 701
1619478979078385277 1071
1619478979166910970 751
1619478979212628344 844
1619478979238332309 750
1619478979259080241 190
1619478979543494795 1207
1619478979692099734 200
1619478979701052965 1085
1619478979709996784 1107
1619478979712265638 199
1619478979739790387 278
1619478979824937619 923
1619478979973404535 938
1619478979983211419 174
1619478980050522984 887
1619478980070519894 1013
1619478980128808083 993
1619478980156119463 1047
1619478980199638344 857
1619478980238543060 1146
1619478980255732052 934
1619478980304860609 897
1619478980684562259 210
1619478980742641514 928
1619478980834572997 938
1619478981061374313 1053
1619478981156370300 910
1619478981191358987 343
1619478981237668287 219
1619478981293955367 701
1619478981554885730 230
1619478981571457094 178
1619478981744811818 246
1619478981925982290 922
1619478981957842233 1450
1619478981960219349 295
1619478981968989498 867
1619478982049857206 620
1619478982094563442 1159
1619478982139024970 764
1619478982251988982 893
1619478982282596139 201
1619478982343847722 845
1619478982403704805 299
1619478982555721605 916
1619478982571094861 206
1619478982585990481 1135
1619478982630138274 921
1619478982669183448 786
1619478982701979036 1014
1619478982894146930 180
1619478982920932521 915
1619478982935304150 1012
1619478983126207985 1161
1619478983143818493 823
1619478983157841013 1276
1619478983166586872 1244
1619478983171809139 888
1619478983187388146 1933
1619478983248880326 207
1619478983263429274 1131
1619478983336623031 1051
1619478983345480050 933
1619478983406489348 749
1619478983431438279 1129
1619478983509628222 199
1619478983525385431 215
1619478983633064132 1136
1619478983653608837 926
1619478983766003000 1181
1619478983770594199 310
1619478983818510620 913
1619478983858162253 1001
1619478984033073267 925
1619478984159079495 200
1619478984285138396 669
1619478984347324343 729
1619478984412971540 1321
1619478984446101820 205
1619478984477997247 736
1619478984517719581 842
1619478984645487316 1120
1619478984665167454 1167
1619478984734072030 980
1619478984769044886 1193
1619478984774483558 1160
1619478984797500615 1004
1619478984898506822 1104
1619478985076851976 281
1619478985147956923 256
1619478985315290451 955
1619478985341703759 916
1619478985347339619 806
1619478985411588024 211
1619478985421374578 918
1619478985494534127 1430
1619478985603113769 1209
1619478985698283095 1273
1619478985763404180 1667
1619478985784786716 811
1619478985989185397 998
1619478986089340737 180
1619478986092442494 994
1619478986105348836 997
1619478986251070560 1142
1619478986261461988 1150
1619478986339340879 972
1619478986404616011 688
1619478986409483558 624
1619478986445411878 863
1619478986525159715 1105
1619478986550450908 211
1619478986558159679 162
1619478986566921389 842
1619478986617979976 774
1619478986704400758 988
1619478986735475830 744
1619478986785777262 686
1619478986827237685 209
1619478986938150792 866
1619478986972707151 638
1619478987008775263 208
1619478987054875110 733
1619478987140630426 632
1619478987306818634 232
1619478987309119832 199
1619478987347785312 763
1619478987372095548 971
1619478987397702998 861
1619478987520069543 207
1619478987767872697 913
1619478987834524578 1224
1619478987864764264 193
1619478987965769691 1174
1619478987978225127 826
1619478987981508446 1249
1619478988007204274 716
1619478988053536971 187
1619478988061200229 1023
1619478988124888071 786
1619478988132946515 797
1619478988194640878 1112
1619478988230820131 904
1619478988249252125 199
1619478988275152092 2653
1619478988328224699 851
1619478988388126904 1077
1619478988404330080 259
1619478988407000874 601
1619478988427860424 1005
1619478988596170066 715
1619478988644848943 1098
1619478988671284797 1079
1619478988773228939 284
1619478988810121791 178
1619478988815286146 815
1619478988856249040 1173
1619478988862394376 1071
1619478988895489803 142
1619478989072435270 235
1619478989075050293 563
1619478989176604615 777
1619478989190804647 872
1619478989199805055 842
1619478989231193679 195
1619478989263123563 166
1619478989296936827 1152
1619478989314942225 1278
1619478989317173019 192
1619478989385116164 867
1619478989415531907 1021
1619478989475132154 732
1619478989478121605 925
1619478989531884607 1179
1619478989535022649 1073
1619478989593871234 771
1619478989656210006 1300
1619478989874219677 1061
1619478989894488226 890
1619478989934549928 1141
1619478990027276948 920
1619478990197337401 167
1619478990380261136 916
1619478990434446008 203
1619478990506540161 211
1619478990548032604 482
1619478990742882388 712
1619478990799347928 559
1619478990845549903 1075
1619478990970074942 1248
1619478991016178017 143
1619478991018419973 205
1619478991056207858 920
1619478991063891771 826
1619478991089311898 932
1619478991091523980 178
1619478991273649336 792
1619478991283727879 735
1619478991324086152 1207
1619478991460878873 2838
1619478991474253441 976
1619478991568418475 177
1619478991579434599 813
1619478991623359681 1025
1619478991707262061 211
1619478991824507363 962
1619478991846529773 906
1619478991951788987 1221
1619478991980473529 1020
1619478991987370478 189
1619478991993745001 1386
1619478992042067173 799
1619478992054186246 1092
1619478992076520433 963
1619478992403870884 839
1619478992442881435 233
1619478992465220764 949
1619478992527701406 1028
1619478992543030952 160
1619478992569283272 505
1619478992572579953 1228
1619478992619903053 1058
1619478992909700369 431
1619478993044525670 794
1619478993114961240 612
1619478993167225426 801
1619478993258213502 213
1619478993299859436 993
1619478993370734014 1062
1619478993376644257 739
1619478993488151745 884
1619478993599532631 834
1619478993624584829 1123
1619478993713608192 338
1619478993760482081 245
1619478993805965876 1393
1619478993845870759 1030
1619478993851180054 1021
1619478993915130417 1175
1619478993940722598 904
1619478993955428907 856
1619478994033399243 2249
1619478994064484681 887
1619478994153072496 953
1619478994202555411 856
1619478994257288985 804
1619478994293472713 177
1619478994414089849 1061
1619478994489692558 829
1619478994498778272 900
1619478994583983523 1362
1619478994699743985 918
1619478994733581570 719
1619478994748891193 1033
1619478994833686966 208
1619478994838998338 1046
1619478994884986107 233
1619478994888092259 1058
1619478994897903498 1502
1619478994909845248 329
1619478994918753715 1406
1619478994946173903 1052
1619478994959327920 1834
1619478994962548617 1130
1619478995032266170 216
1619478995097638980 197
1619478995109310152 858
1619478995158847123 1047
1619478995192334665 1029
1619478995211048770 969
1619478995221582739 1103
1619478995283525285 753
1619478995326401172 597
1619478995367564970 158
1619478995386055922 1252
1619478995481517789 1124
1619478995542211452 1051
1619478995579524528 750
1619478995632067091 865
1619478995649215099 610
1619478995713176531 1277
1619478995809527236 1039
1619478995870501415 1224
1619478995932808557 884
1619478995945544883 266
1619478995958894822 989
1619478995979110488 941
1619478996085904543 225
1619478996092155094 1037
1619478996226087360 928
1619478996229078162 923
1619478996234706936 719
1619478996247344458 216
1619478996334941155 687
1619478996397706675 213
1619478996424633628 745
1619478996474396640 206
1619478996543227071 194
1619478996557013873 172
1619478996568754365 1122
1619478996686246542 937
1619478996714738605 1065
1619478996748779374 1071
1619478996759412523 854
1619478996774734251 249
1619478997000104859 780
1619478997024598559 1226
1619478997061692345 935
1619478997171256769 785
1619478997200450667 922
1619478997214017567 1083
1619478997317547812 1102
1619478997479272259 1221
1619478997498587793 958
1619478997501454833 834
1619478997506621802 726
1619478997531306980 244
1619478997560882596 175
1619478997627383458 942
1619478997661128900 595
1619478997916685907 794
1619478997930806557 928
1619478997981788036 929
1619478998009836341 247
1619478998018896879 733
1619478998084653319 316
1619478998275077520 1087
1619478998295750446 250
1619478998344935465 742
1619478998386667167 1058
1619478998428540132 276
1619478998454217563 943
1619478998485737488 1269
1619478998550404803 1041
1619478998637134323 683
1619478998675095672 1128
1619478998698792718 817
1619478998976045482 184
1619478998999604369 1049
1619478999064978334 232
1619478999077769002 204
1619478999183421446 883
1619478999205408061 828
1619478999248951504 1097
1619478999258002328 1210
1619478999286943107 999
1619478999326123568 204
1619478999338050958 871
1619478999354116777 859
1619478999365408642 873
1619478999389551518 1494
1619478999392691319 1100
1619478999407042248 1006
1619478999488182780 922
1619478999547765098 900
1619478999554028909 1391
1619478999556320102 246
1619478999564256418 199
1619478999573136698 819
1619478999676996333 963
1619478999812555159 839
1619478999854771812 150
1619478999925523685 1065
1619479000006383249 855
1619479000081084223 295
1619479000133888678 733
1619479000260932365 2087
1619479000269677866 918
1619479000312827385 840
1619479000394306951 905
1619479000444505954 2793
1619479000518233974 990
1619479000541118158 830
1619479000581427511 1020
1619479000605541320 193
1619479000622331126 1286
1619479000639270784 269
1619479000659412484 228
1619479000681647860 1103
1619479000831240855 505
1619479000895109779 1285
1619479000910453875 870
1619479000952689498 725
1619479001018886188 218
1619479001031345268 1212
1619479001049144035 1146
1619479001055056136 729
1619479001070399248 933
1619479001143665843 811
1619479001149965033 1003
1619479001290676906 929
1619479001514219464 829
1619479001591282936 241
1619479001594233205 840
1619479001650479531 1098
1619479001678323634 458
1619479001733619483 739
1619479001843436618 843
1619479001929500585 986
1619479001978993269 1006
1619479002164910193 200
1619479002244235706 1047
1619479002263311729 882
1619479002293182055 1103
1619479002353283081 1018
1619479002379296767 803
1619479002531615172 253
1619479002570490448 211
1619479002701696836 959
1619479002783530894 196
1619479002792731917 897
1619479002817054507 1060
1619479002833730902 211
1619479002927185687 995
1619479002935596626 959
1619479003296844467 944
1619479003444128344 201
1619479003481023168 239
1619479003519393541 972
1619479003594741500 262
1619479003619648593 737
1619479003684501979 224
1619479003756002846 1150
1619479003768954309 1907
1619479003804997852 951
1619479003837724104 253
1619479003989507439 164
1619479004107523050 256
1619479004270124887 1014
1619479004292248761 871
1619479004357028405 529
1619479004368553649 1154
1619479004386482594 984
1619479004391968837 1114
1619479004397491459 326
1619479004486408113 1010
1619479004489631757 1194
1619479004616059253 740
1619479004621326474 196
1619479004693021759 665
1619479004739470512 177
1619479004764593414 165
1619479004767611661 957
1619479004853057143 836
1619479004897713744 168
1619479004923267753 184
1619479004936796101 830
1619479004950226290 221
1619479004988748178 1016
1619479005004526438 1114
1619479005108574563 870
1619479005175658448 1212
1619479005279279485 193
1619479005306990245 1733
1619479005313723799 208
1619479005360497459 1111
1619479005382389827 1078
1619479005446680053 180
1619479005504306420 831
1619479005510391410 1177
1619479005515829228 1088
1619479005541066131 217
1619479005548309703 690
1619479005567016120 206
1619479005622926580 1101
1619479005668074517 842
1619479005681584711 1060
1619479005794171657 995
1619479005873611960 681
1619479006037029534 217
1619479006143083697 215
1619479006182900539 784
1619479006220651886 797
1619479006235050547 1197
1619479006260764383 1078
1619479006372789799 1030
1619479006502451993 192
1619479006518260901 749
1619479006609794840 247
1619479006678440133 806
1619479006720343714 1236
1619479006759414865 263
1619479006880174879 205
1619479006947229484 297
1619479006960388533 201
1619479007081850376 951
1619479007099510344 239
1619479007101814799 221
1619479007206175197 1744
1619479007230098384 963
1619479007254549462 851
1619479007288669796 209
1619479007414244056 752
1619479007460587345 1021
1619479007520304607 1226
1619479007525636756 468
1619479007535566325 169
1619479007649045324 1133
1619479007655038580 914
1619479007676298795 710
1619479007703359930 977
1619479007812016537 1118
1619479007841155032 972
1619479007958826001 536
1619479008135536472 724
1619479008294166106 1026
1619479008317090055 214
1619479008326722628 868
1619479008338903441 1228
1619479008341095549 159
1619479008382113943 1085
1619479008401784234 186
1619479008437568054 1101
1619479008440540225 873
1619479008459492620 640
1619479008502464125 975
1619479008562468188 1129
1619479008672084648 233
1619479008881807070 1105
1619479008923681279 981
1619479008994196423 182
1619479009010727127 258
1619479009124182466 258
1619479009296166295 807
1619479009412193574 1165
1619479009440629356 1364
1619479009658742136 419
1619479009683691708 212
1619479009769475052 1026
1619479009809518586 215
1619479010014376740 1117
1619479010134188212 226
1619479010293631600 920
1619479010321534655 1180
1619479010323788014 171
1619479010328294375 252
1619479010355806957 854
1619479010358674610 824
1619479010430759460 841
1619479010568444062 175
1619479010580207200 757
1619479010611245924 958
1619479010635487954 930
1619479010662066433 1214
1619479010702805039 1241
1619479010727245925 879
1619479010766540706 884
1619479010845069280 179
1619479010910041201 717
1619479010940854265 860
