1619561948092916134 0
1619561949092988329 0
1619561950092970800 0
1619561951092990046 0
1619561952092980004 0
1619561953092980560 0
1619561954092984224 0
1619561955092971329 0
1619561956092979276 0
1619561957092993211 0
1619561958092985184 0
1619561959092970024 0
1619561960092986574 0
1619561961092945157 0
1619561962092989338 0
1619561963092974985 0
1619561964092976264 0
1619561965092983684 0
1619561966092976689 0
1619561967093004894 0
1619561968092978686 0
1619561969092983613 0
1619561970092981125 0
1619561971092960763 0
1619561972092988807 0
1619561973092984684 0
1619561974092941843 0
1619561975092970139 0
1619561976092980120 0
1619561977092981260 0
1619561978092979408 0
1619561979092971532 0
1619561980092985217 0
1619561981092982593 0
1619561982092925081 2080
1619561983092880092 2439
1619561984092912674 2310
1619561985092920645 2343
1619561986092900094 2347
1619561987092804589 2342
1619561988092871668 2326
1619561989092946330 2302
1619561990092899978 2358
1619561991092859538 2351
1619561992092931938 2339
1619561993092917992 2345
1619561994092890130 2334
1619561995092867082 2339
1619561996092907640 2354
1619561997092905820 2370
1619561998092917395 2337
1619561999092867116 2341
1619562000092902558 2327
1619562001092931540 2345
1619562002092947580 2338
1619562003092818610 2327
1619562004092847776 2282
1619562005092895189 2290
1619562006092864676 2308
1619562007092962867 2318
1619562008092833510 2324
1619562009092848669 2331
1619562010092939244 2339
1619562011092932425 2298
1619562012092897353 2347
1619562013092884891 2325
1619562014092846305 2349
1619562015092893076 2341
1619562016092911960 2318
1619562017092922989 2243
1619562018092854267 2332
1619562019092910081 2345
1619562020092901905 2355
1619562021092919814 2277
1619562022092844035 2298
1619562023092971523 2314
1619562024092925983 2322
1619562025092925260 2332
1619562026092819172 2328
1619562027092934821 2335
1619562028092880316 2298
1619562029092836222 2287
1619562030092933524 2351
1619562031092906825 2326
1619562032092930054 2329
1619562033092965165 2310
1619562034092908305 2345
1619562035092817339 2324
1619562036092877513 2291
1619562037092923724 2283
1619562038092917310 2303
1619562039092898356 2312
1619562040092900947 2326
1619562041092894731 2296
1619562042092993462 341
1619562043092979234 0
1619562044092975504 0
1619562045092978676 0
