1619562786794571176 0
1619562787794515701 0
1619562788794572537 0
1619562789794587952 0
1619562790794617173 0
1619562791794595082 0
1619562792794602152 0
1619562793794573464 0
1619562794794609863 0
1619562795794568664 0
1619562796794607947 0
1619562797794577539 0
1619562798794600287 0
1619562799794592736 0
1619562800794532188 0
1619562801794601499 0
1619562802794571855 0
1619562803794604839 0
1619562804794610022 0
1619562805794571748 0
1619562806794610703 0
1619562807794570154 0
1619562808794597993 0
1619562809794610224 0
1619562810794617404 0
1619562811794610347 0
1619562812794611224 0
1619562813794549853 0
1619562814794606486 0
1619562815794606477 0
1619562816794608556 0
1619562817794604246 0
1619562818794608505 0
1619562819794634024 0
1619562820794496906 3054
1619562821794595194 3164
1619562822794591086 2336
1619562823794551751 2492
1619562824794506520 2645
1619562825794509728 2936
1619562826794506536 2875
1619562827794449043 2985
1619562828794468944 3139
1619562829794539122 3268
1619562830794464179 3249
1619562831794572966 3334
1619562832794506823 3265
1619562833794481584 3351
1619562834794490334 3392
1619562835794505099 3433
1619562836794488950 3389
1619562837794479734 3307
1619562838794483259 3286
1619562839794537282 3337
1619562840794531245 3390
1619562841794538853 3267
1619562842794550665 3288
1619562843794485227 3409
1619562844794583489 3604
1619562845794477039 3449
1619562846794548396 3389
1619562847794524299 3546
1619562848794540952 3374
1619562849794629309 3380
1619562850794503486 3320
1619562851794565443 3530
1619562852794526545 3463
1619562853794515396 3237
1619562854794496627 3376
1619562855794556339 3346
1619562856794522534 3454
1619562857794504757 3398
1619562858794518254 3278
1619562859794505174 3240
1619562860794468635 3308
1619562861794518167 3292
1619562862794454263 3318
1619562863794556917 3307
1619562864794548064 3266
1619562865794481444 3385
1619562866794516793 3468
1619562867794508767 3251
1619562868794638663 3271
1619562869794564458 3251
1619562870794524309 3205
1619562871794523456 3280
1619562872794511771 3355
1619562873794552031 3302
1619562874794462095 3233
1619562875794540501 3262
1619562876794514378 3251
1619562877794498815 3222
1619562878794449978 3284
1619562879794617291 3331
1619562880794557145 435
1619562881794603290 0
1619562882794578356 0
