1655076293361479661 399002
1655076293776523165 93072
1655076294283137833 22440
1655076294561075966 76674
1655076294987236448 19456
1655076295277516014 12920
1655076295883394985 12578
1655076296374206135 85731
1655076296961493886 80718
1655076297171457823 8967
1655076297561113945 80708
1655076297961078087 169958
1655076298380926489 13543
1655076298987108443 8045
1655076299197222107 9802
1655076299783273074 8446
1655076300277694910 16463
1655076300768639771 93510
1655076301471390455 99260
1655076302061289011 89723
1655076302693668025 9103
1655076302988627994 10982
1655076303285869295 7706
1655076303494663471 8157
1655076303796252261 7684
1655076304006171224 8727
1655076304487235728 9091
1655076304700623102 12964
1655076305361245923 179518
1655076305576259774 14555
1655076305861235550 79461
1655076306461746992 78921
1655076306871927787 95833
1655076307168499821 85691
1655076307384620187 10690
1655076307595517144 10504
1655076307811130315 15207
1655076308079733312 8523
1655076308671001144 85647
1655076308961411603 79815
1655076309190535437 7570
1655076309762160733 80527
1655076310264901144 92481
1655076310476431274 11013
1655076310762112745 80257
1655076311166528487 92545
1655076311776421384 11305
1655076312394289466 25207
1655076312603619316 8913
1655076312995225935 8817
1655076313285405602 23725
1655076313674716320 10280
1655076313888535831 13102
1655076314193725637 8771
1655076314404702244 10550
1655076314762912910 83698
1655076314972817759 9394
1655076315379187020 10013
1655076316077383771 9507
1655076316289495017 11594
1655076317074218785 85831
1655076317575480198 87969
1655076317966698186 88178
1655076318192750290 9962
1655076318961127609 76668
1655076319680913344 115194
1655076319893243453 11873
1655076320192205736 8038
1655076320788784114 10877
1655076321009965495 20779
1655076321590816809 12135
1655076321879234816 12587
1655076322371812405 94047
1655076322665039727 82418
1655076323361139419 91531
1655076324073084180 112515
1655076324568193627 99254
1655076324881507372 10307
1655076325161157895 71717
1655076325374755581 11450
1655076325582866271 7624
1655076325791938421 8538
1655076326004844123 12432
1655076326573103319 87834
1655076326883094856 16836
1655076327090765962 7350
1655076327693098637 10455
1655076327902592744 9174
1655076328114996801 11837
1655076328374524026 54007
1655076328673666095 12911
1655076328882825353 8156
1655076329661102711 83830
1655076329890895639 13292
1655076330100086879 8790
1655076330665689915 92438
1655076330881243597 10628
1655076331461082956 75701
1655076331682258103 19669
1655076331966381643 79378
1655076332182249078 7765
1655076332392190587 9461
1655076332611932099 14223
1655076332874088366 7646
1655076333472848762 12031
1655076334061173109 76598
1655076334288222929 10791
1655076334496818275 8198
1655076335091033732 16016
1655076335384405731 18916
1655076335661240223 75757
1655076335869181408 7502
1655076336661686275 75332
1655076336876200287 14061
1655076337472155457 185161
1655076337685151873 11489
1655076338387670625 12073
1655076338684184214 90170
1655076339079166845 8609
1655076339380987355 14363
1655076339684148955 9278
1655076339961210216 71670
1655076340171049654 9360
1655076340466985344 78365
1655076340679205013 11029
1655076340961417919 76571
1655076341186399366 14653
1655076341485802193 7866
1655076342080991196 14456
1655076342378462907 91954
1655076343261293826 177523
1655076343484041030 17206
1655076343697221121 10961
1655076343909862465 12409
1655076344175393080 62803
1655076344487484871 7768
1655076344766478074 77863
1655076345171493024 85714
1655076345466406846 89325
1655076345762108025 85699
1655076346195195853 8977
1655076346461181781 60691
1655076347087781101 27231
1655076347476870512 111178
1655076347986029371 13177
1655076348295086395 23651
1655076348580111687 10843
1655076349080165581 10162
1655076349497155634 11712
1655076350177867146 11980
1655076350985265772 13186
1655076351466673966 87864
1655076351786903473 12931
1655076352078798900 8560
1655076352761431505 85798
1655076353261533994 95713
1655076353661117268 78808
1655076354083319620 21322
1655076354375706020 9766
1655076354861314615 77232
1655076355093690261 20175
1655076355392431728 8708
1655076355675188547 14657
1655076356280429670 104007
1655076356585798170 18353
1655076357080532245 9572
1655076357781803082 14822
1655076357990219492 8019
1655076358581180748 19749
1655076358799552014 13001
1655076359075217989 14696
1655076359289102063 8307
1655076359587103088 8264
1655076360160610691 74074
1655076360382191943 20076
1655076360590724576 8032
1655076360866442906 71718
1655076361161538721 74962
1655076361587849533 13440
1655076361802418687 14157
1655076362279240951 91617
1655076362984569589 15644
1655076363282177282 96215
1655076363583013586 16266
1655076363877964600 11227
1655076364490642168 17651
1655076365089120516 28556
1655076365485417437 9060
1655076365868104585 81137
1655076366472238729 90075
1655076367071018429 81687
1655076367661446286 90532
1655076367870216368 8320
1655076368189390685 11196
1655076368867846899 88464
1655076369084092180 7246
1655076369388280179 8395
1655076369891306381 8177
1655076370383908129 10459
1655076370598976162 14656
1655076370806184042 6830
1655076371084719852 9002
1655076371293245844 8127
1655076371501437450 7812
1655076371779287850 9673
1655076372069480829 84654
1655076372292145657 20124
1655076372573761402 13284
1655076373361753026 83652
1655076373581949679 12731
1655076374371074338 84763
1655076374664263615 82044
1655076375161798693 90478
1655076375385883443 7407
1655076375676310989 10928
1655076375977772901 14264
1655076376206432828 12889
1655076377077171435 13712
1655076377697178650 17005
1655076377907869648 9592
1655076378486988928 10365
1655076378706055734 16536
1655076378919576787 7285
1655076379484886777 96646
1655076379779639070 19154
1655076380008812704 24210
1655076380580066490 15251
1655076381187023673 116227
1655076381561117336 76582
1655076381787358092 14124
1655076382173471383 100328
1655076382861316437 88069
