151600402307814 0
151601403503575 0
151602404640902 0
151603405757710 0
151604406893304 0
151605408026209 0
151606409388082 0
151607410528136 0
151608411668200 0
151609412849048 0
151610414002450 0
151611415163549 0
151612416406812 0
151613417535901 0
151614418668512 0
151615419791186 0
151616421004551 0
151617422184285 0
151618423397349 0
151619424519963 0
151620425729224 0
151621426943218 0
151622428094812 0
151623429786446 0
151624430928372 0
151625431300556 0
151626432424874 0
151627433624761 0
151628434870366 0
151629436167243 0
151630437437106 0
151631438649557 0
151632439868490 0
151633440959725 0
151634442084942 0
151635443290737 0
151636444432899 0
151637445579503 0
151638446722839 0
151639447984315 10
151640449099447 17
151641450218711 30
151642451371214 51
151643452750340 58
151644453209028 65
151645454205333 89
151646455218061 107
151647456297532 121
151648457210340 138
151649458217257 118
151650459475785 128
151651460795492 121
151652461955185 154
151653463082858 154
151654464234026 160
151655465434265 164
151656466193233 157
151657467206871 165
151658468411199 196
151659469200533 191
151660470256570 193
151661471189490 164
151662472222377 194
151663473199456 220
151664474192292 190
151665475207915 187
151666476493379 196
151667477235643 188
151668478190744 190
151669479227883 170
151670480193834 215
151671481198593 186
151672482185425 187
151673483304921 213
151674484196937 177
151675485190422 186
151676486213247 176
151677487275435 194
151678488332156 154
151679489212339 216
151680490242314 162
151681491175652 211
151682492200089 162
151683493196710 189
151684494309807 163
151685495214612 215
151686496198159 176
151687497211091 178
151688498298028 200
151689499217039 175
151690500224135 203
151691501236177 203
151692502194251 199
151693503192823 197
151694504187603 211
151695505315402 209
151696506542906 210
151697507230162 212
151698508455644 181
151699509180185 199
151700510248317 213
151701511436354 182
151702512249497 231
151703513187391 198
151704513352147 191
151705515273836 202
151706516307656 198
151707517365415 196
151708518204634 215
151709519221795 172
151710520184962 174
151711521221885 207
151712522201197 209
151713523375905 188
151714524212983 215
151715525173773 220
151716526183433 220
151717527316962 153
151718528229482 180
151719529222770 191
151720530378151 175
151721531192886 214
151722532198902 174
151723533198562 221
151724534213106 194
151725535191166 190
151726536238871 178
151727537284355 194
151728538196596 194
151729539194287 170
151730540189627 190
151731541369618 192
151732542578279 203
151733543197248 218
151734544199232 200
151735545188067 211
151736546389642 193
151737547202170 168
151738548308589 210
151739549196132 204
151740550194497 227
151741551245552 193
151742552191649 193
151743553247715 184
151744554185671 189
151745555190524 193
151746556649578 172
151747557198360 229
151748558345836 207
151749559245261 150
151750559845948 172
151751560521961 244
151752561460914 194
151753562210113 194
151754563311738 174
151755564277317 221
151756565190593 185
151757566237883 230
151758567208438 168
151759568215787 209
151760569220467 227
151761570272438 185
151762571178180 181
151763572180542 219
151764573183784 214
151765574215808 200
151766575389250 197
151767576223463 190
151768577418442 165
151769578470209 191
151770579230748 177
151771580343886 215
151772581477537 214
151773582213810 236
151774583184225 209
151775584222831 214
151776585207101 191
151777586212653 189
151778587358576 169
151779588295216 196
151780589193380 199
151781590200642 206
151782591209320 186
151783592202448 197
151784593230416 200
151785594299545 209
151786595271758 214
151787596205186 180
151788597282618 207
151789598266438 199
151790599230173 181
151791600211568 237
151792601222494 189
151793602337336 209
151794603211036 194
151795604278335 191
151796605424192 178
151797606185394 187
151798607214025 173
151799608199381 203
151800609193603 209
151801610429937 188
151802611217032 235
151803612237768 189
151804613211003 204
151805614231123 190
151806615219814 197
151807616182819 184
151808617421060 183
151809618259959 190
151810619321226 198
151811620210767 195
151812621191580 215
151813622223338 194
151814623192356 206
151815624209245 189
151816625298974 193
151817626228321 218
151818627210763 171
151819628219489 231
151820629212092 190
151821630214783 201
151822631323316 192
151823632425945 186
151824633198191 196
151825634196060 212
151826635331767 170
151827636194646 225
151828637184712 174
151829638203096 180
151830639264039 215
151831640222551 158
151832641208432 207
151833642183546 190
151834643198435 213
151835644194693 213
151836645202048 192
151837646208834 210
151838647194744 207
151839648173680 199
151840649330317 214
151841650331730 166
151842651211202 197
151843652204955 187
151844653225501 226
151845654207180 217
151846655202681 174
151847656186828 228
151848657209555 193
151849658338563 206
151850659320024 200
151851660280595 221
151852661192263 176
151853662328830 204
151854663220231 175
151855664219188 190
151856665338299 153
151857666210794 212
151858667217740 198
151859668340627 177
151860669194211 184
151861670207878 198
151862671230853 173
151863672227285 187
151864673367893 219
151865674214285 189
151866675184300 198
151867676205765 194
151868677199073 179
151869678173980 147
151870679206917 198
151871680198588 199
151872681276709 197
151873682252261 195
151874683196725 183
151875684235200 190
151876685503832 174
151877686252870 183
151878687204431 199
151879688232931 193
151880689205060 197
151881690329101 194
151882691234696 219
151883692339954 192
151884693179571 206
151885694263202 201
151886695279691 187
151887696193334 204
151888697190703 197
151889698482313 189
151890699210400 185
151891700189182 207
151892701186779 173
151893702203007 208
151894703214487 202
151895704193460 191
151896705193226 190
151897706285095 191
151898707224788 234
151899708231024 173
151900709291360 186
151901710222302 203
151902711387790 171
151903712274867 200
151904713200812 198
151905714212219 192
151906715287616 185
151907716202432 225
151908717336931 179
151909718335812 201
151910719206621 200
151911720184765 224
151912721271279 221
151913722398870 198
151914723237018 191
151915724207969 195
151916725398697 150
151917726199384 214
151918727178247 179
151919728190464 204
151920729218528 181
151921730242727 200
151922731209187 174
151923732270678 187
151924733385333 178
151925734194773 179
151926735263781 209
151927736228908 180
151928737208600 234
151929738193338 194
151930739201335 189
151931740213889 204
151932741219419 216
151933742209041 169
151934743269634 195
151935744206688 202
151936745180560 179
