158558302796896 0
158559303228596 0
158560304397936 0
158561305524564 0
158562306648208 0
158563307790416 0
158564308945043 0
158565310096486 0
158566311354532 0
158567312501161 0
158568313638790 0
158569314785068 0
158570315923019 0
158571317071497 0
158572318225170 0
158573319356355 0
158574320517543 0
158575321213078 0
158576322345999 0
158577323589837 0
158578324724670 0
158579325951753 0
158580326239077 0
158581327382728 0
158582328529240 0
158583329677616 0
158584330903205 0
158585332030132 0
158586333185892 0
158587334394913 0
158588335634014 0
158589337057976 0
158590338216499 0
158591339350156 0
158592340495946 0
158593341644205 0
158594342835715 0
158595343958813 0
158596345090896 0
158597346280182 2
158598347183592 11
158599348327808 31
158600349216183 49
158601350234073 49
158602351594171 57
158603352716819 51
158604353868391 56
158605354210050 63
158606355205830 78
158607356190892 88
158608357194382 87
158609358222593 117
158610359291500 133
158611360201927 134
158612361211788 135
158613362228875 128
158614363608093 142
158615364852842 115
158616365208916 168
158617366307069 129
158618367322100 120
158619368212486 134
158620369201824 153
158621370313199 160
158622371565186 166
158623372284407 165
158624373217851 168
158625374206394 167
158626375265332 194
158627376321877 156
158628377202606 201
158629378209222 201
158630379288000 197
158631380197512 200
158632381344133 204
158633382215895 204
158634383200955 184
158635384212645 201
158636385391398 175
158637386182738 225
158638387336011 198
158639388213804 199
158640389193868 181
158641390184403 175
158642391313488 167
158643392204539 184
158644393211995 197
158645394310175 155
158646395307123 175
158647396186855 189
158648397242628 174
158649398189696 152
158650399190813 206
158651400210391 184
158652401194462 183
158653402183654 192
158654403191819 211
158655404218062 201
158656405208564 206
158657406227762 173
158658407366480 213
158659408571640 176
158660409204979 222
158661410392776 171
158662411351600 196
158663412207421 199
158664413244815 223
158665414375348 191
158666415487756 221
158667416271771 167
158668417216036 188
158669418271995 193
158670419232194 219
158671420415469 210
158672421363367 194
158673422200648 178
158674423296545 186
158675424418256 198
158676425215605 180
158677426206466 175
158678427328292 203
158679428278274 178
158680429197861 185
158681430216907 208
158682431211266 207
158683432193120 212
158684433226049 193
158685434200103 223
158686435285485 216
158687436232445 197
158688437208408 201
158689438201234 188
158690439203105 182
158691440267438 236
158692441252819 179
158693442238202 232
158694443221813 179
158695444246115 202
158696445206953 174
158697446232869 181
158698447268119 202
158699448203826 169
158700449201378 198
158701450201663 188
158702451217867 210
158703452206970 168
158704453412093 193
158705454210681 160
158706455460533 200
158707456677365 176
158708457295671 187
158709458210694 165
158710459197777 176
158711460277662 193
158712461270418 180
158713462284301 185
158714463214799 185
158715464184283 186
158716465210009 175
158717466210435 184
158718467263299 202
158719468209915 201
158720469374827 204
158721470211420 174
158722471260270 201
158723472217715 179
158724473201064 215
158725474207010 185
158726475326132 189
158727476220589 212
158728477198377 184
158729478191885 187
158730479676303 193
158731480370353 230
158732481194151 194
158733482198028 195
158734483294391 223
158735484184584 195
158736485191962 193
158737486197459 184
158738487224584 204
158739488377619 180
158740489212146 195
158741490206406 189
158742491330600 186
158743492279053 209
158744493295879 188
158745494274977 205
158746495173685 213
158747496192354 219
158748497256130 191
158749498212397 181
158750499408033 206
158751500204802 196
158752501374802 199
158753502183340 191
158754503206773 221
158755504188505 170
158756505212941 189
158757506336516 211
158758507479323 173
158759508832988 199
158760510202904 185
158761511208795 186
158762512184818 207
158763513203463 196
158764514335210 210
158765515333947 171
158766516276802 174
158767517412902 167
158768518285728 185
158769519303934 161
158770520211767 196
158771521226503 200
158772522203416 212
158773523215874 207
158774524189265 150
158775525345431 167
158776526197890 243
158777527229284 190
158778528215685 188
158779529228933 190
158780530221292 198
158781531183120 209
158782532294881 169
158783533201389 188
158784534320408 216
158785535206662 200
158786536188869 203
158787537193729 227
158788538191327 190
158789539366202 207
158790540193534 209
158791541237597 195
158792542194555 209
158793543210605 205
158794544188440 177
158795545207966 205
158796546293627 180
158797547269083 204
158798548208021 182
158799549194061 210
158800550297078 199
158801551199406 220
158802552320648 210
158803553206775 190
158804554188781 159
158805555190220 203
158806556277133 193
158807557195057 194
158808558267371 215
158809559200031 208
158810560221255 182
158811561226130 177
158812562212370 190
158813563231529 220
158814564310649 191
158815565291381 162
158816566201277 206
158817567224975 152
158818568209074 193
158819569254670 216
158820570198172 229
158821571190057 174
158822572221070 165
158823573203004 215
158824574205318 187
158825575193624 193
158826576282116 181
158827577375664 148
158828578208789 205
158829579230811 161
158830580212700 194
158831581209785 187
158832582318544 219
158833583308946 172
158834584438099 177
158835585673220 219
158836586199429 202
158837587214374 197
158838588292184 202
158839589554014 191
158840590209392 215
158841591190072 192
158842592188763 175
158843593320636 191
158844594254866 193
158845595215813 196
158846596188860 180
158847597213531 190
158848598170930 191
158849599290438 217
158850600223733 176
158851601211183 195
158852602233984 184
158853603188253 203
158854604218836 201
158855605207785 196
158856606420503 210
158857607215463 194
158858608336265 173
158859609223379 179
158860610213223 214
158861611506663 189
158862612555613 217
158863613402034 185
158864614315583 199
158865615206802 159
158866616241688 210
158867617203811 180
158868618217528 191
158869619243914 204
158870620203405 200
158871621189521 184
158872622337530 172
158873623279839 215
158874624190055 170
158875625239971 188
158876626211736 206
158877627196821 208
158878628213678 163
158879629247903 197
158880630354594 192
158881631222029 202
158882632279609 179
158883633230488 183
158884634212522 209
158885635200420 173
158886636213898 179
158887637360948 168
158888638192060 177
158889638374471 152
158890639351368 199
158891640304764 192
158892641202370 203
158893642316338 197
158894643231849 178
158895644216114 193
