159253448389215 0
159254449525466 0
159255450671006 0
159256451899375 0
159257453026742 0
159258454184954 0
159259455348340 0
159260456477737 0
159261457595039 0
159262458737054 0
159263459947011 0
159264461086993 0
159265462218310 0
159266463391003 0
159267464604563 0
159268465721132 0
159269466855974 0
159270467993370 0
159271468790020 0
159272469982996 0
159273471126914 0
159274472293495 0
159275473480212 0
159276474633508 0
159277475791533 0
159278476234716 0
159279477370688 0
159280478569320 0
159281480193321 0
159282481344669 0
159283482504456 0
159284483652063 0
159285484801837 0
159286485957444 0
159287487214106 0
159288488376105 3
159289489517229 16
159290490189329 34
159291491325890 34
159292492190199 58
159293493236549 81
159294494367221 100
159295495580463 99
159296496219664 93
159297497197378 110
159298498253326 124
159299499190748 101
159300500191347 102
159301501204229 115
159302502222476 123
159303503208390 121
159304504287638 122
159305505194663 101
159306506179549 147
159307507209238 138
159308508205898 126
159309509351882 118
159310510214801 150
159311511214728 125
159312512510226 166
159313513197458 156
159314514181143 145
159315515184554 161
159316516178845 166
159317517200731 165
159318518202174 162
159319519188472 157
159320520185936 166
159321521248222 166
159322522214663 180
159323523537791 190
159324524195691 162
159325525434665 200
159326526442545 165
159327527233184 163
159328528212008 176
159329529211539 183
159330530195828 198
159331531313228 201
159332532194483 173
159333533478791 198
159334534210511 175
159335535194578 206
159336536203887 207
159337537351514 173
159338538222919 182
159339539212946 211
159340540192188 204
159341541206559 192
159342542276848 178
159343543212542 195
159344544227573 195
159345545197897 205
159346546183937 185
159347547202799 167
159348548213974 192
159349549184324 168
159350550212906 185
159351551302028 191
159352552208165 209
159353553211480 189
159354554207427 177
159355555195339 211
159356556206169 148
159357557272412 246
159358558215262 144
159359559203105 229
159360560339395 191
159361561199574 183
159362562193459 184
159363563203551 207
159364564244253 168
159365565416190 212
159366566203498 169
159367567212307 235
159368568300181 137
159369569287576 207
159370570199628 189
159371571194845 207
159372572183881 206
159373573378632 197
159374574193358 175
159375575187020 185
159376576272829 189
159377577222710 154
159378578271989 214
159379579320073 184
159380580454690 200
159381581479124 190
159382582254711 193
159383583183258 212
159384584383812 199
159385585250466 209
159386586320631 180
159387587218897 215
159388588218420 194
159389589284081 168
159390590195323 235
159391591217058 190
159392592200934 228
159393593199861 188
159394594326661 223
159395595693154 197
159396596984729 207
159397597313201 197
159398598331553 204
159399599353566 173
159400600320040 201
159401601330710 201
159402602203282 176
159403603313869 217
159404604208557 155
159405605466012 220
159406606203278 184
159407607219026 213
159408608324209 214
159409609248876 192
159410610202326 207
159411611224634 208
159412612280777 214
159413613502553 198
159414614255356 205
159415615190396 188
159416616334702 156
159417617188429 214
159418618200987 197
159419619295843 187
159420620347267 181
159421621218083 192
159422622198402 195
159423623193757 159
159424624201303 206
159425625190712 200
159426626187253 173
159427627190568 182
159428628181595 192
159429629424376 185
159430630196299 169
159431631210335 196
159432632201074 184
159433633188778 212
159434634282044 173
159435635215143 211
159436636200586 222
159437637513699 213
159438638254822 229
159439639262689 188
159440640211225 205
159441641213971 173
159442642208291 224
159443643213061 193
159444644227723 197
159445645216744 214
159446646221411 192
159447647200268 185
159448648480130 201
159449649210231 169
159450650206042 211
159451651197952 170
159452652185477 196
159453653181566 190
159454654206795 188
159455655197937 191
159456656201023 198
159457657199564 199
159458658222363 188
159459659217593 198
159460660396512 213
159461661296429 207
159462662188298 209
159463663324557 206
159464664203083 213
159465665312526 170
159466666194261 186
159467667207793 182
159468668257918 179
159469669202472 203
159470670190198 192
159471671203879 151
159472672192044 223
159473673255458 211
159474674212168 207
159475675297672 197
159476676240007 153
159477677205670 183
159478678494529 167
159479679216000 177
159480680196751 202
159481681194180 167
159482682209157 212
159483683568078 188
159484684186588 170
159485685196456 194
159486686190333 203
159487686406019 187
159488687208296 174
159489688210824 160
159490689218998 226
159491690214283 176
159492691210935 226
159493692275194 198
159494693525509 226
159495694227036 174
159496695225047 234
159497696212102 197
159498697188079 210
159499698226946 181
159500699241796 211
159501700179480 214
159502701197945 212
159503702223128 200
159504703250937 181
159505704294166 192
159506705393756 195
159507706211652 199
159508707388207 191
159509708185493 181
159510709245003 202
159511710193911 219
159512711200590 209
159513712320853 201
159514713214523 191
159515714874579 186
159516715236036 195
159517716208292 184
159518717195159 184
159519718209733 209
159520719215164 180
159521720230822 201
159522721201904 224
159523722201489 215
159524723212992 188
159525724183723 195
159526725581314 183
159527726203383 197
159528727186242 213
159529728313716 163
159530729278479 229
159531730229819 179
159532731221196 208
159533732303924 195
159534733201582 197
159535734307605 220
159536735236852 157
159537736208101 215
159538736546991 183
159539737193345 200
159540738304049 204
159541739191654 188
159542740329549 202
159543741185564 165
159544742205014 192
159545743195126 207
159546744332320 188
159547745201316 180
159548746203107 170
159549747291271 169
159550748209870 263
159551749236607 187
159552750318737 197
159553751196900 204
159554752220417 168
159555753234511 216
159556754328991 171
159557755215321 179
159558756180049 193
159559757341730 181
159560758237630 193
159561759237676 214
159562760196849 172
159563761378906 192
159564762220420 204
159565763206200 204
159566764196810 186
159567765207128 183
159568766306349 214
159569767282320 177
159570768222060 188
159571769218949 222
159572770342386 203
159573771192759 213
159574772214957 155
159575773277094 223
159576774213596 174
159577775235961 206
159578776337113 202
159579777210804 192
159580778202439 233
159581779202979 185
159582780184248 235
159583781223324 189
159584782223215 197
159585783192237 214
159586784287230 192
