160299244146194 0
160300245404308 0
160301246131524 0
160302247295332 0
160303248438721 0
160304249592038 0
160305250740740 0
160306251591305 0
160307252748737 0
160308253892340 0
160309254642195 0
160310256635246 0
160311257880288 0
160312259183518 0
160313260623046 0
160314261862987 0
160315263097019 0
160316263582223 0
160317264768803 0
160318265574551 0
160319266574738 0
160320267731718 0
160321269033824 0
160322270270316 0
160323271126292 0
160324272309016 0
160325273571779 0
160326274751213 0
160327276043008 0
160328277237097 0
160329278437393 0
160330279602262 0
160331280783976 0
160332281984844 0
160333283234710 0
160334283591540 3
160335284766494 15
160336285575449 29
160337286591041 35
160338287565538 48
160339288602748 46
160340289597026 74
160341290600711 79
160342291585263 90
160343292618097 107
160344293625777 119
160345294660993 135
160346295617913 129
160347296602698 120
160348298284551 118
160349299440747 103
160350300571768 107
160351301616112 101
160352302724117 107
160353303928076 135
160354304562352 98
160355305595105 122
160356306569261 130
160357307589394 128
160358308578102 120
160359309590462 156
160360310602564 173
160361311565400 163
160362312596943 182
160363313729786 136
160364314585965 186
160365315560466 148
160366316554462 163
160367317550417 191
160368318562663 212
160369319593794 155
160370320559777 190
160371321844614 179
160372322575005 216
160373323571335 197
160374324613967 220
160375325579761 157
160376326609111 183
160377327594444 170
160378328586774 145
160379329626247 184
160380330578026 147
160381332782286 171
160382333979187 180
160383334557673 184
160384335585082 187
160385336553013 186
160386337572925 170
160387338690157 203
160388339618048 201
160389340558657 178
160390341811340 229
160391342556628 196
160392343611489 200
160393344653170 201
160394345582118 191
160395346640109 197
160396348855691 178
160397349564290 192
160398350752708 202
160399351847822 175
160400353223775 182
160401353613318 188
160402354819939 191
160403355574365 222
160404356564796 177
160405357668006 196
160406358587112 198
160407359574549 209
160408360786438 228
160409362563110 179
160410363659996 190
160411366552605 219
160412367557143 176
160413368703387 226
160414369566927 172
160415370692509 176
160416371580602 211
160417372569247 188
160418373638394 194
160419374560043 194
160420375561134 183
160421376573346 181
160422377553980 207
160423378585197 226
160424379582561 159
160425380646615 229
160426381614680 171
160427382616823 214
160428383601844 201
160429384634272 189
160430385548458 198
160431387087069 214
160432388053017 189
160433388579397 204
160434389600581 199
160435390559283 209
160436391563777 171
160437392572108 164
160438393573256 185
160439394588873 180
160440395613780 220
160441396724662 185
160442397854371 211
160443398627792 184
160444400085531 186
160445400573430 175
160446401823587 207
160447402585469 195
160448403761197 178
160449404589673 189
160450405719222 172
160451406942647 191
160452407606359 173
160453408624258 206
160454409571442 174
160455410571895 204
160456411580799 193
160457412689747 195
160458413608875 213
160459414565146 180
160460415581789 227
160461416762519 190
160462417600325 190
160463418617913 190
160464419603718 193
160465420575872 195
160466421590399 209
160467422578978 185
160468423579169 186
160469424566859 220
160470425584446 182
160471426589324 207
160472427580503 194
160473428561095 206
160474429614625 218
160475430705561 193
160476431576960 217
160477433731349 182
160478434571320 230
160479435619490 173
160480437129365 178
160481437619579 182
160482438578678 184
160483439772770 199
160484440560934 199
160485441589141 184
160486442875747 219
160487443608409 230
160488444596600 244
160489445576860 185
160490446550217 230
160491448421897 205
160492449446966 195
160493450565975 206
160494451663538 192
160495452593877 167
160496453604733 191
160497454589094 169
160498455617343 212
160499456581547 170
160500457643078 186
160501458604649 209
160502460390685 184
160503461551298 208
160504462951286 184
160505463596605 197
160506464752630 179
160507465940494 163
160508466812626 177
160509467620723 178
160510468574515 191
160511469595012 222
160512470575713 206
160513471847826 210
160514472621641 172
160515473602415 228
160516474578898 180
160517475559343 203
160518476566424 195
160519477582929 187
160520478550814 174
160521479585202 214
160522480593541 203
160523481757099 218
160524482820087 176
160525483573478 219
160526484603172 184
160527485564405 187
160528486581759 205
160529487607950 176
160530488687944 190
160531489603970 216
160532490577939 192
160533491577356 202
160534492691616 166
160535493552109 216
160536494593400 183
160537495570714 203
160538496554105 212
160539497570622 191
160540498643893 187
160541499568015 188
160542500586352 186
160543501566105 191
160544502585439 167
160545503587400 173
160546504543064 188
160547505622632 196
160548506589269 197
160549507876948 216
160550508584465 187
160551509571558 183
160552510554657 179
160553511568064 202
160554512566422 215
160555513559424 171
160556514573858 182
160557515566100 169
160558516581610 182
160559517590807 210
160560518634983 184
160561519602110 191
160562520562011 192
160563521584616 182
160564522572102 171
160565523577294 162
160566524566568 209
160567525714551 145
160568526595484 189
160569527987404 185
160570528549104 229
160571529585457 191
160572530571839 178
160573531641162 209
160574532593508 204
160575533586512 206
160576534991766 200
160577536040299 168
160578536565349 225
160579537552979 175
160580538550340 219
160581539578057 181
160582540688429 210
160583542088164 181
160584543305985 217
160585543945840 174
160586544663662 229
160587545575324 150
160588546617653 170
160589547610192 186
160590548558553 231
160591549616613 204
160592550573564 209
160593551651790 197
160594552581477 194
160595553576667 197
160596554596786 188
160597556365922 205
160598557557194 173
160599558689529 185
160600559607734 200
160601560790961 189
160602561650110 177
160603562684974 228
160604563568141 194
160605564890602 200
160606565567962 191
160607566586501 225
160608567673392 178
160609568555314 179
160610569601936 205
160611570671799 171
160612571985275 223
160613572630123 192
160614573565083 192
160615574583677 226
160616575994228 165
160617576560884 199
160618577572742 202
160619578695262 187
160620579580169 174
160621580683032 177
160622581561987 185
160623582579792 175
160624583587652 208
160625584566258 183
160626585613502 202
160627586566286 153
160628587876962 183
160629588851391 188
160630589555507 202
160631590558788 208
160632591780287 187
