160644432183557 0
160645433370205 0
160646434501175 0
160647435206287 0
160648436197790 0
160649437340439 0
160650438494136 0
160651439737306 0
160652440882094 0
160653441621849 0
160654442743661 0
160655444039572 0
160656445304195 0
160657446449002 0
160658447203869 0
160659448189381 0
160660449329410 0
160661450470464 0
160662451589927 0
160663452717725 0
160664453854429 0
160665454984748 0
160666456219454 0
160667457463867 0
160668458200489 0
160669459356644 0
160670460588183 0
160671461451242 0
160672462883634 0
160673464023599 0
160674465329404 0
160675466575086 0
160676467764527 0
160677468219089 0
160678469217666 0
160679470366016 0
160680471591050 5
160681472215968 15
160682473465837 29
160683474237268 30
160684475428125 46
160685476255763 53
160686477200704 67
160687478252571 83
160688479226950 101
160689480507629 121
160690481222653 138
160691482202014 135
160692483197815 135
160693484306481 104
160694485216201 102
160695486295091 132
160696487219868 124
160697488193165 129
160698489195732 145
160699490298470 127
160700491277207 135
160701492195533 145
160702493179562 137
160703494184631 152
160704495192959 153
160705496294532 153
160706497189221 147
160707498276415 146
160708499199186 149
160709500185540 162
160710501195173 129
160711502208006 144
160712503198223 127
160713504209366 172
160714505238092 206
160715506200118 152
160716507204633 184
160717508191636 174
160718509280188 184
160719510186334 156
160720511189372 184
160721512512777 158
160722513205280 196
160723514232543 180
160724515220209 168
160725516209146 194
160726517196323 194
160727518502315 181
160728519309225 198
160729520181243 181
160730521180971 205
160731522220917 193
160732523186318 216
160733524214244 170
160734525177585 224
160735526201067 172
160736527212719 157
160737528173166 174
160738529325848 184
160739530198865 182
160740531206600 200
160741532182184 202
160742533190802 171
160743534195417 184
160744535291440 197
160745536199641 184
160746537216251 226
160747538220581 174
160748539245338 178
160749540206817 186
160750541202962 171
160751542334877 190
160752543196099 174
160753544349066 223
160754545234260 174
160755546179607 216
160756547225393 188
160757548538423 202
160758549203415 194
160759550275206 186
160760551194695 192
160761552203132 223
160762553211389 174
160763554210744 228
160764555188706 182
160765556210287 201
160766557211525 188
160767558201132 183
160768559202615 226
160769560302528 161
160770561324184 235
160771562503032 171
160772563367241 233
160773564194152 178
160774565298375 222
160775566203471 185
160776567212288 184
160777568403928 186
160778569189339 199
160779570284946 186
160780571208180 176
160781572171494 197
160782573198377 179
160783574182253 199
160784575196387 191
160785576188216 174
160786577184649 202
160787578410593 194
160788579194459 199
160789580281291 172
160790581301144 197
160791582259472 169
160792583238493 220
160793584184245 196
160794585187782 191
160795586208294 192
160796587188241 126
160797588194773 225
160798589183299 171
160799590266112 180
160800591194188 210
160801592219825 169
160802593228041 198
160803594294248 176
160804595383462 198
160805596204042 179
160806597312340 176
160807598284206 190
160808599275372 169
160809600198190 181
160810601236407 186
160811602206231 191
160812603188050 219
160813604194237 179
160814605171645 199
160815606204859 190
160816607224568 183
160817608216562 197
160818609207500 211
160819610320144 196
160820611274317 218
160821612207927 193
160822613497952 172
160823614199323 204
160824615209922 177
160825616176697 180
160826617192035 221
160827618506897 194
160828619195264 186
160829620200090 175
160830621194437 215
160831622182862 183
160832623246799 211
160833624247079 168
160834625206326 227
160835626203388 192
160836627206844 202
160837628216231 187
160838629183884 202
160839630210177 163
160840631216414 228
160841632212350 190
160842633308178 211
160843634216432 211
160844635200092 212
160845636350756 213
160846637201965 181
160847638206176 232
160848639190393 164
160849640193911 223
160850641223497 180
160851642244001 196
160852643235938 213
160853644195507 169
160854645242160 208
160855646226341 185
160856647207127 169
160857648185145 201
160858649196155 199
160859650326364 192
160860651195505 170
160861652421090 209
160862653593418 195
160863654299230 189
160864655314381 169
160865656200952 218
160866657217960 192
160867658294516 176
160868659270406 194
160869660190867 128
160870661189739 235
160871662296923 169
160872663294522 218
160873664243663 173
160874665218332 209
160875666176167 198
160876667269263 176
160877668213234 222
160878669215980 193
160879670235557 190
160880671476061 172
160881672213589 198
160882673283459 219
160883674201071 218
160884675214802 199
160885676218306 195
160886677219756 196
160887678226689 183
160888679209034 186
160889680231098 188
160890680939763 189
160891681202492 200
160892682181318 207
160893683290487 181
160894684183174 212
160895685189266 169
160896686200204 171
160897687197326 191
160898688215444 158
160899689195570 197
160900690211022 197
160901691188630 198
160902692362164 177
160903693408992 221
160904694321109 162
160905695211607 207
160906696222790 179
160907697289535 220
160908698433161 213
160909699529839 199
160910700184223 223
160911701202863 203
160912702191314 195
160913703202819 190
160914704252560 215
160915705202115 185
160916706241320 154
160917707196492 184
160918708333982 190
160919709215263 178
160920709918332 190
160921710191167 194
160922711204872 211
160923712265281 191
160924713212577 189
160925714298291 174
160926715193631 177
160927716376156 201
160928717202710 190
160929718196250 192
160930719217484 194
160931720213889 209
160932721197694 212
160933722200208 208
160934723181564 199
160935724292388 178
160936725209228 194
160937726392476 198
160938727179544 189
160939728345069 188
160940729196115 200
160941730432291 178
160942731187966 224
160943732255745 174
160944733187972 209
160945734196696 167
160946735297371 218
160947736357235 180
160948737209515 192
160949738195897 145
160950739214719 229
160951740199620 187
160952741219276 206
160953742272161 212
160954743400201 209
160955744550814 163
160956745216895 184
160957746200160 213
160958747413872 179
160959748192654 192
160960749208677 210
160961750332133 156
160962751189785 222
160963752278541 170
160964753203647 231
160965754203875 175
160966755362060 186
160967756220933 203
160968757210421 168
160969758240999 183
160970759200111 192
160971760207231 168
160972761192918 221
160973762286233 160
160974763315561 237
160975764270895 163
160976765187221 181
160977766184718 176
160978767285775 179
