161684754104543 0
161685755354388 0
161686756518140 0
161687757676309 0
161688758919638 0
161689760063130 0
161690761204273 0
161691762393874 0
161692762574486 0
161693763577113 0
161694764817266 0
161695765986274 0
161696767217090 0
161697768398311 0
161698769709632 0
161699770882531 0
161700772367929 0
161701773536183 0
161702774750019 0
161703775966771 0
161704777164279 0
161705778308564 0
161706779488128 0
161707780675255 0
161708781633045 0
161709782811438 0
161710783583419 0
161711784776206 0
161712785622868 0
161713786800802 0
161714787585610 0
161715788844684 0
161716789582201 0
161717790690711 0
161718791874450 0
161719793054517 0
161720794144856 5
161721794650116 26
161722795754595 37
161723796598566 45
161724797679171 60
161725798666197 57
161726799573462 88
161727800552374 70
161728801982479 56
161729802613351 55
161730803593521 103
161731804568572 84
161732805560048 109
161733806581505 99
161734807735976 125
161735808563730 130
161736809579247 117
161737810564386 114
161738811565388 124
161739812772413 127
161740813603982 146
161741814585363 121
161742815988911 132
161743816588203 106
161744817579327 150
161745818583970 146
161746819590786 159
161747820587884 175
161748821592945 165
161749822815252 148
161750823582167 196
161751824694329 153
161752825567692 195
161753826578117 199
161754827579630 200
161755828568964 193
161756829608224 175
161757830547974 181
161758831562132 170
161759832661210 200
161760833565196 227
161761834568319 197
161762835572872 189
161763836569512 196
161764837555650 187
161765838578020 210
161766839569844 157
161767841128635 188
161768842371396 152
161769843085666 185
161770843918389 194
161771844559486 179
161772845570581 197
161773846573498 211
161774848138119 182
161775848733360 216
161776850551222 161
161777851704869 183
161778852605184 189
161779854036785 179
161780854572899 214
161781855589386 161
161782856562458 217
161783857594757 186
161784858565917 187
161785859559640 201
161786860581243 202
161787861557589 210
161788862589425 188
161789863587834 179
161790864568332 191
161791865627157 197
161792866571271 193
161793867657186 217
161794868822605 171
161795869864476 202
161796870584059 202
161797871676488 184
161798872581895 167
161799873564384 204
161800874569490 203
161801875604076 189
161802876871658 212
161803877593547 180
161804878595783 216
161805880623044 187
161806881607174 207
161807882585735 206
161808883577062 209
161809884584697 175
161810885579679 214
161811886897467 202
161812887630763 177
161813888572190 215
161814889573329 190
161815890730023 191
161816891566011 141
161817892625980 217
161818893560813 179
161819894645666 193
161820895598216 203
161821896605108 190
161822897570372 202
161823898577998 161
161824899696149 231
161825900565370 202
161826901725254 182
161827902615787 205
161828903555413 171
161829904168918 158
161830905292213 189
161831905565467 202
161832906940214 192
161833907748323 211
161834908627355 181
161835910064951 196
161836910619105 184
161837911565849 201
161838912558396 194
161839913598333 179
161840915579815 173
161841916556514 202
161842917595806 205
161843918581114 182
161844919556504 209
161845920745121 190
161846921719151 163
161847922560399 202
161848923595400 177
161849924558044 201
161850925654925 150
161851926635109 223
161852927879182 190
161853929594875 203
161854930589941 203
161855931595906 193
161856932570920 172
161857933537740 195
161858934603329 214
161859935817853 182
161860936593799 210
161861937684391 192
161862938728885 216
161863939564765 192
161864940588209 214
161865941586820 216
161866942609140 175
161867943563173 216
161868944556700 188
161869945637160 179
161870946596521 192
161871947588740 191
161872948559344 217
161873949609409 185
161874950545077 193
161875951596007 173
161876952573099 187
161877953573380 201
161878954562230 153
161879955560933 181
161880956629321 190
161881957571986 230
161882958551641 177
161883959561053 158
161884960664961 176
161885961601619 195
161886962610669 197
161887963624300 169
161888964569458 165
161889965543847 177
161890966584353 176
161891967630343 223
161892968629100 196
161893969579606 191
161894970616917 171
161895971890285 193
161896972831410 195
161897973635229 185
161898974573268 174
161899975576034 186
161900976714597 203
161901977895104 208
161902978553475 188
161903979590989 205
161904980575313 208
161905981580608 210
161906982603795 205
161907983566707 212
161908984666018 208
161909985599541 177
161910986564319 218
161911987557276 176
161912988549669 183
161913991591296 211
161914992646119 179
161915993630928 190
161916994576722 181
161917995711765 210
161918996680457 203
161919997621205 204
161920998704904 211
161921999569539 178
161923000555325 222
161924001720904 182
161925002618670 232
161926003744226 179
161927004567979 228
161928006143033 183
161929006717836 198
161930007567120 190
161931008809786 179
161932009784380 189
161933010607945 210
161934011602523 160
161935012680250 210
161936013803925 185
161937014545838 141
161938015602534 240
161939016595191 147
161940017595145 193
161941019595022 179
161942020587518 206
161943021579852 192
161944022703408 165
161945023754454 201
161946025056818 182
161947026612347 193
161948027840559 164
161949028585721 226
161950029595083 175
161951030636286 210
161952033575961 204
161953034575024 201
161954035597635 191
161955036577461 174
161956037628713 210
161957038577965 180
161958039568163 198
161959040666071 198
161960041682486 193
161961045549602 210
161962046737431 222
161963047653707 197
161964048597212 196
161965049557961 195
161966050596244 194
161967051580383 207
161968052571112 171
161969053776721 197
161970054544265 182
161971055572994 188
161972056551592 246
161973057548018 177
161974058572917 195
161975059609357 185
161976060593416 192
161977061583826 198
161978062616330 208
161979064581722 177
161980066336054 202
161981066565574 197
161982067578371 191
161983068559722 201
161984069584905 184
161985070652516 201
161986074711258 187
161987075828915 200
161988076590441 160
161989077585836 187
161990078569041 205
161991079804027 171
161992080555964 191
161993081574153 193
161994082677505 196
161995083595982 185
161996085357013 197
161997086569916 162
161998087576973 216
161999088676362 184
162000089619744 194
162001090593044 205
162002091617859 204
162003092575485 180
162004093598342 191
162005094607811 181
162006095568162 192
162007097147288 186
162008098405334 161
162009098563342 176
162010099596570 143
162011100591642 192
162012101629119 175
162013103562214 210
162014104852877 193
162015106746916 203
162016110650797 198
162017111571328 216
162018112574645 189
