164456241678625 0
164457242720971 0
164458243757924 0
164459244277822 0
164460245477671 0
164461246715063 0
164462247854908 0
164463249059363 0
164464249634253 0
164465250626970 0
164466251694225 0
164467253037256 0
164468254218750 0
164469255525576 0
164470256703454 0
164471258233123 0
164472259420065 0
164473260595841 0
164474261904171 0
164475263080572 0
164476264282481 0
164477265456657 0
164478266666201 0
164479267893574 0
164480269090965 0
164481270349454 0
164482271553974 0
164483272594621 0
164484273834354 0
164485275042111 0
164486276294778 0
164487277536370 0
164488278748634 0
164489279988426 0
164490281231130 0
164491282450521 0
164492283719639 2
164493284920004 11
164494285617379 26
164495286799372 38
164496287636399 48
164497288604193 60
164498289787355 61
164499290574931 55
164500291716023 65
164501292710536 58
164502293874105 54
164503294603712 79
164504295591087 80
164505296582912 106
164506298333665 124
164507299303335 141
164508300178305 150
164509302325417 118
164510302574500 133
164511303579450 146
164512304583827 100
164513305581340 158
164514306580744 119
164515307600890 120
164516308617995 124
164517309597048 131
164518310712435 146
164519311554929 148
164520312758188 156
164521313570622 176
164522314582500 139
164523315736478 182
164524316569080 176
164525317607182 164
164526318545105 176
164527319581181 160
164528320588939 157
164529321581062 186
164530322589064 195
164531323556974 198
164532324603526 164
164533325571072 218
164534326540721 175
164535327577797 209
164536328664505 184
164537329581210 203
164538330559377 169
164539331574124 174
164540332592906 211
164541334582936 207
164542335948990 232
164543336559789 182
164544337592206 188
164545338542752 181
164546339566144 198
164547340723528 198
164548341548455 192
164549342552932 181
164550343615716 208
164551344688156 188
164552345620998 208
164553346601211 202
164554347560695 177
164555348619232 211
164556349574435 187
164557350579546 186
164558351626357 188
164559352547030 191
164560353547494 187
164561356565035 196
164562357594798 201
164563358548408 201
164564359554373 182
164565360568845 204
164566361548613 207
164567363463075 196
164568364741191 195
164569365596046 205
164570366598102 197
164571367697087 204
164572368608272 208
164573369564110 200
164574371096951 215
164575371926465 200
164576372557609 172
164577373691659 160
164578374547487 204
164579375789580 182
164580376556178 175
164581377618019 169
164582378705074 180
164583379862779 200
164584380735254 193
164585381582276 171
164586383220400 173
164587383756507 182
164588384576418 170
164589385658418 183
164590386566416 176
164591387550173 204
164592388551148 213
164593389803476 216
164594390822304 165
164595391640450 197
164596392590872 205
164597393722972 192
164598394590607 213
164599395912139 176
164600396576165 211
164601397574806 185
164602398597550 224
164603399665660 187
164604401218322 196
164605401624760 197
164606402849059 202
164607403768369 183
164608404600224 220
164609405646846 196
164610406592943 216
164611407603665 165
164612408613211 195
164613409674001 190
164614410939549 205
164615411577570 183
164616412586489 202
164617413759316 188
164618414653191 180
164619416561550 151
164620418194323 201
164621419064132 165
164622419589901 204
164623420548528 184
164624421557591 204
164625422588914 207
164626423564494 173
164627425652769 206
164628426574945 174
164629427568631 188
164630429157566 179
164631429843662 213
164632430604956 189
164633431548882 184
164634432604477 186
164635433649292 185
164636434663306 138
164637435576692 186
164638436557239 179
164639437587114 202
164640439129622 165
164641439582592 218
164642440558152 189
164643441837288 189
164644442836350 197
164645443588223 201
164646444600729 157
164647445599179 209
164648446744436 183
164649448575649 164
164650449628580 200
164651450587433 224
164652451538558 195
164653452637112 203
164654453556155 208
164655454618422 205
164656455578017 175
164657456775868 200
164658457580911 202
164659458574864 190
164660459555769 203
164661460592794 188
164662461743687 204
164663462808633 202
164664463597304 210
164665464569959 181
164666465693701 186
164667466598822 189
164668467583203 204
164669468597080 177
164670469662860 211
164671470574976 176
164672471590840 194
164673472668251 213
164674473568486 204
164675474628325 189
164676475602042 196
164677476625460 173
164678477565492 185
164679478551221 202
164680479555859 185
164681480575516 223
164682481734122 170
164683482553211 218
164684483659931 216
164685484576462 187
164686485598878 198
164687486586596 197
164688488291953 221
164689488550266 184
164690489936156 227
164691491041356 176
164692491578651 212
164693492579035 192
164694493640694 190
164695494560677 183
164696495571348 172
164697496569968 181
164698497553252 164
164699498590857 205
164700499596551 173
164701500642025 211
164702501613354 191
164703502577375 188
164704503567635 212
164705504663138 197
164706505577295 168
164707506585366 188
164708507557817 169
164709508592060 170
164710509562522 180
164711510549851 198
164712511562880 223
164713512759317 175
164714513626273 213
164715514584693 177
164716515817485 229
164717516557820 201
164718517750933 190
164719518562804 196
164720520013388 198
164721520738512 174
164722521575391 222
164723523014045 197
164724523674995 193
164725524572975 187
164726525617334 189
164727526775087 170
164728528396163 186
164729528947821 175
164730529635141 177
164731530561835 195
164732531564490 188
164733532649210 200
164734533595033 212
164735534596424 198
164736535553085 198
164737536572942 209
164738537559936 227
164739538578629 162
164740539571311 209
164741540604474 205
164742541600926 187
164743542605340 209
164744543581648 191
164745544585969 197
164746545554728 202
164747546584670 185
164748547567757 227
164749548582281 193
164750549566380 177
164751550578503 178
164752551716232 210
164753552579164 226
164754553579511 191
164755554632816 205
164756555567845 154
164757556647110 186
164758557837331 197
164759558951001 174
164760559562371 204
164761560546296 164
164762561594688 169
164763562792705 198
164764563706532 221
164765564613846 175
164766565837248 176
164767566592984 168
164768567632723 193
164769568581290 175
164770569725426 215
164771570657089 167
164772571586399 188
164773572756168 225
164774573654928 188
164775574545634 215
164776575585193 176
164777576664164 218
164778577991791 213
164779578589739 195
164780579736551 186
164781580597644 194
164782581570620 213
164783582583316 189
164784583572800 226
164785584601931 191
164786585607111 195
164787586569488 172
164788587687883 214
164789588574955 158
164790589567897 203
