131244255422298 0
131245256685859 0
131246257837262 0
131247259015781 0
131248260173998 0
131249261315063 0
131250262464007 0
131251263704006 0
131252264896438 0
131253265581194 0
131254266771940 0
131255267942839 0
131256269157433 0
131257270761493 0
131258271935487 0
131259273114605 0
131260274403080 0
131261275560418 0
131262275992095 0
131263276626939 0
131264278121111 0
131265279587778 0
131266280845410 0
131267282095224 0
131268283675263 0
131269284947124 0
131270286187076 0
131271287523460 0
131272288585326 0
131273289726438 0
131274290878713 0
131275292029946 0
131276292570713 2
131277294162993 4
131278295485150 8
131279296684035 8
131280297854854 8
131281299113942 7
131282300099754 9
131283300587368 8
131284302578805 7
131285303838633 6
131286305017816 8
131287306198166 7
131288307378368 7
131289308561958 8
131290309558815 6
131291310603573 8
131292311765108 6
131293312947714 6
131294314111567 7
131295315290881 9
131296316459458 8
131297317622512 8
131298318189487 8
131299319361425 7
131300320559344 7
131301321586878 8
131302323294966 7
131303324610736 8
131304325792043 7
131305326970205 7
131306328158927 8
131307329410346 7
131308330666366 6
131309331925641 6
131310333157125 8
131311333569308 9
131312334881999 8
131313335607538 8
131314336789562 7
131315337583570 8
131316338749399 9
131317339586169 8
131318340647336 8
131319341807384 7
131320343030470 7
131321344113343 8
131322345278307 7
131323346444923 8
131324347759978 8
131325348386283 9
131326349568009 6
131327350805074 8
131328351986523 7
131329352749121 8
131330354111798 6
131331355470297 10
131332356610719 7
131333357784190 8
131334359037695 8
131335360359593 8
131336361555086 8
131337362716040 8
131338363602860 8
131339364590022 5
131340365771404 9
131341366653519 8
131342367584802 7
131343368828887 8
131344369989127 6
131345371138598 7
131346372470013 8
131347373568031 8
131348374728759 7
131349375967410 8
131350376589723 8
131351377602778 7
131352378628452 8
131353379619679 8
131354380825808 8
131355381604172 8
131356382839597 8
131357384042302 9
131358384607466 8
131359385621921 5
131360386889352 8
131361388056743 8
131362389323229 8
131363390566120 8
131364391718407 8
131365392855077 7
131366393589821 8
131367394766708 9
131368395939239 7
131369397076762 8
131370398342591 8
131371399543330 7
131372400095119 7
131373401330265 8
131374402473455 8
131375403669655 7
131376404851838 7
131377406120342 8
131378406569955 8
131379407725156 9
131380408641107 7
131381409883161 7
131382411206012 8
131383412460662 8
131384413651208 6
131385414639931 6
131386415899393 9
131387417075681 9
131388418266870 7
131389419564252 6
131390420812941 10
131391422071245 6
131392423205508 9
131393423580515 7
131394424805819 7
131395425982462 8
131396427162206 6
131397428456978 9
131398429585078 8
131399430766968 8
131400431959743 6
131401433140713 8
131402433530252 6
131403434711229 7
131404435887391 9
131405436585878 7
131406437614761 8
131407438807675 8
131408439973046 8
131409441164042 8
131410442345000 7
131411443567657 7
131412444784551 8
131413446004172 9
131414447240113 8
131415448418565 7
131416449768446 6
131417450993129 6
131418452024444 7
131419453686499 7
131420454860561 8
131421455599294 6
131422456761068 7
131423457946245 7
131424458887177 7
131425460051974 7
131426461265672 9
131427461643803 7
131428462851632 8
131429464024361 7
131430464602801 8
131431465614685 7
131432466575210 7
131433467775288 8
131434468560053 8
131435469643207 8
131436470639851 6
131437471783740 9
131438472594584 7
131439473594548 6
131440474565831 7
131441475748077 9
131442476936284 7
131443478137201 8
131444478652483 8
131445479790874 6
131446480977437 6
131447482159717 9
131448483320818 7
131449483582973 7
131450484752353 7
131451485934001 7
131452487111367 9
131453487998856 6
131454489230270 10
131455490452325 9
131456491570360 5
131457492743857 8
131458493926052 8
131459495082820 8
131460496258390 7
131461497417398 9
131462498705914 8
131463499579209 9
131464500606375 7
131465501576081 8
131466502737131 8
131467503549459 8
131468504943606 9
131469505578854 5
131470506732396 7
131471507682745 8
131472508879792 7
131473510051896 7
131474511208438 10
131475512421258 7
131476513716701 7
131477515097021 7
131478515575248 7
131479516706861 9
131480517864857 9
131481518730633 8
131482519609870 8
131483520764023 6
131484521930777 9
131485522588427 5
131486523812601 8
131487524279391 7
131488524841731 7
131489526002081 8
131490526969087 8
131491528139444 9
131492529319590 8
131493530514620 7
131494531601570 8
131495532784581 6
131496534066555 9
131497534630751 8
131498535594297 6
131499536627444 8
131500537987123 8
131501539305580 8
131502540562710 6
131503541579629 9
131504542588214 7
131505543990416 8
131506545227424 6
131507545556569 8
131508546591649 7
131509547748430 8
131510548899473 8
131511550151293 8
131512550549833 7
131513552563385 7
131514553816473 8
131515554997520 10
131516555591279 7
131517556764929 8
131518560524086 7
131519561567524 8
131520562574457 9
131521563733975 7
131522564597111 7
131523565740562 9
131524566577442 6
131525567759096 8
131526568943642 8
131527570115642 8
131528570568765 8
131529571730063 7
131530572905652 8
131531573633530 8
131532574894293 8
131533576200814 8
131534577364689 6
131535577551253 8
131536578713854 7
131537579876778 9
131538580579099 7
131539581573947 9
131540582613204 8
131541583818984 7
131542584607892 7
131543585800721 7
131544586958481 8
131545588135947 9
131546589303478 8
131547589581863 7
131548590594396 8
131549591569300 6
131550592727190 8
131551594065615 6
131552595256008 6
131553596573677 7
131554597725868 9
131555598693648 8
131556599862903 6
131557600120703 8
131558600562765 9
131559601831130 7
131560602567733 8
131561603593769 8
131562604843430 7
131563605600765 8
131564606593107 8
131565607762408 7
131566608587629 8
131567609829800 6
131568610973726 8
131569611594590 8
131570612832842 8
131571614011868 8
131572615193510 6
131573616390230 8
131574617582930 8
131575618547401 6
