166531329648026 0
166532330808084 0
166533331947493 0
166534332570629 0
166535333723103 0
166536334645825 0
166537335795941 0
166538336986260 0
166539338124310 0
166540338604646 0
166541339571567 0
166542340733098 0
166543341889656 0
166544343054368 0
166545344288341 0
166546345450952 0
166547346647283 0
166548347814957 0
166549348594184 0
166550349750320 0
166551350917254 0
166552352120786 0
166553353317105 0
166554354477103 0
166555355706993 0
166556356892778 0
166557357608271 0
166558358920467 0
166559359572176 0
166560360582934 0
166561361751549 0
166562362917357 0
166563364094494 0
166564365267044 0
166565366554160 0
166566367803411 0
166567369072861 2
166568369604234 14
166569370568588 24
166570371590396 44
166571372606676 48
166572373759604 52
166573374570967 69
166574375747923 62
166575376575036 62
166576377600793 49
166577378591457 58
166578379898106 99
166579380622365 119
166580381552864 135
166581382590900 129
166582383744717 134
166583384594261 108
166584385625805 144
166585386572147 124
166586387561911 153
166587388605023 101
166588389610078 151
166589390600695 156
166590392860810 144
166591393565948 150
166592394697394 171
166593395694118 167
166594396567512 183
166595397599799 165
166596398569182 182
166597400126187 197
166598400900934 200
166599402550094 182
166600403541766 179
166601404568283 201
166602405554356 203
166603406604017 187
166604407582591 182
166605408584238 191
166606409558262 189
166607410615624 190
166608411573675 232
166609412600769 190
166610414123197 218
166611414572930 155
166612415659678 219
166613416651740 166
166614417576893 226
166615418590373 155
166616419567923 178
166617420582901 185
166618421546312 196
166619422553997 201
166620423597212 175
166621424587549 184
166622425603654 188
166623426697596 178
166624427821151 208
166625428604934 188
166626429631809 173
166627430608852 196
166628431574639 183
166629432893729 174
166630433567109 181
166631434750740 188
166632435570386 190
166633436719223 191
166634437583803 218
166635438593035 215
166636440048978 169
166637440573597 192
166638442216061 199
166639442832074 210
166640443693942 215
166641445548944 210
166642446849149 171
166643447578252 209
166644448552933 213
166645449579578 182
166646450582486 208
166647451550057 176
166648452766918 214
166649453569278 184
166650454629284 196
166651455587068 208
166652456745830 193
166653457566139 199
166654458643284 195
166655459555918 200
166656460606438 178
166657461636021 204
166658462604764 217
166659463553540 176
166660464611466 201
166661465637702 157
166662466616365 183
166663467544041 188
166664469625933 184
166665470554743 222
166666471806905 206
166667472550944 188
166668473556128 174
166669474578860 186
166670475609462 209
166671476759470 188
166672477589305 212
166673478601846 174
166674480167260 211
166675481596828 179
166676482568880 194
166677483581364 158
166678484580485 167
166679485681024 189
166680486916910 180
166681487609272 192
166682488569755 211
166683489566493 158
166684490549781 201
166685491697917 168
166686492589394 187
166687493569894 177
166688494546633 163
166689495564634 168
166690496588296 171
166691497593555 195
166692498731847 163
166693499794064 215
166694500578001 179
166695501609786 214
166696502611975 180
166697503659286 214
166698504570017 178
166699505946689 229
166700506596387 164
166701507704421 241
166702508659009 177
166703510302347 200
166704510563088 194
166705511561079 222
166706512632436 187
166707513642515 213
166708521571500 202
166709522554292 205
166710523590100 173
166711524597350 180
166712525598304 209
166713526579277 199
166714527704011 201
166715528588634 196
166716529638648 212
166717530571970 217
166718531557299 213
166719532634952 188
166720534460972 206
166721535543372 193
166722536637904 187
166723537563072 217
166724538760013 203
166725539566250 215
166726540571906 184
166727541625195 234
166728542631247 189
166729543604282 179
166730544794702 181
166731545866419 180
166732547248018 213
166733547588809 186
166734548612726 213
166735549582264 165
166736550579314 181
166737551653774 185
166738552561181 200
166739553610592 177
166740555407145 216
166741556547253 183
166742557542708 211
166743558587620 178
166744559574992 214
166745560559610 200
166746561580669 179
166747562635750 183
166748563578741 199
166749564553550 177
166750565622383 210
166751566589238 170
166752567570314 163
166753568605972 212
166754569619466 176
166755570612609 223
166756571567861 180
166757572567468 184
166758573834348 197
166759574614146 214
166760575573548 202
166761576563247 222
166762577623879 177
166763578594156 225
166764579594604 175
166765580589902 205
166766581578760 204
166767582584372 192
166768583573957 204
166769584574403 197
166770585552821 176
166771587439504 182
166772588619884 181
166773589544697 203
166774590612210 195
166775591588485 185
166776592605618 179
166777593612715 192
166778594732452 188
166779595568694 181
166780596560219 191
166781597585058 207
166782598847107 208
166783599570064 214
166784600909529 187
166785601866407 216
166786602901353 178
166787603570587 194
166788604548404 197
166789605621860 223
166790606578346 208
166791607649547 190
166792608616723 207
166793609782295 205
166794610604879 209
166795611592575 185
166796612610251 190
166797613554098 187
166798614590316 197
166799615559942 195
166800616641546 210
166801617819301 206
166802618677643 196
166803619582875 205
166804620650241 176
166805621579457 173
166806622600790 196
166807624110727 186
166808624588366 186
166809625568134 189
166810626576383 201
166811627707947 195
166812628582975 203
166813629583486 190
166814630587167 202
166815631734771 202
166816632595419 179
166817633583772 215
166818634578730 183
166819635572834 172
166820636767028 186
166821637600949 201
166822638589563 195
166823639937306 220
166824640564837 184
166825641552749 195
166826642558100 196
166827643557653 206
166828644598243 177
166829645583091 168
166830646602035 204
166831647563719 219
166832648648054 210
166833649589054 198
166834650583256 188
166835651584259 205
166836652987438 188
166837653546676 204
166838654591989 248
166839655709289 160
166840656580274 224
166841657559803 191
166842658617679 210
166843659574778 171
166844660588833 198
166845661556435 193
166846662565218 217
166847663753921 162
166848664900296 214
166849665584983 174
166850666562702 213
166851667547770 183
166852668540620 227
166853669591051 179
166854670558136 216
166855671669466 173
166856672780254 176
166857673995359 205
166858674579329 176
166859675576343 210
166860676965849 179
166861677593387 186
166862678602837 176
166863679547742 190
166864680571662 191
166865681556379 147
