166877347033198 0
166878348248407 0
166879349367610 0
166880350502920 0
166881351703226 0
166882352835455 0
166883353973122 0
166884355107083 0
166885356315380 0
166886357481847 0
166887358088404 0
166888359292598 0
166889360199375 0
166890361337450 0
166891362530784 0
166892363637411 0
166893364798256 0
166894365946210 0
166895367090582 0
166896368298694 0
166897369435214 0
166898370559558 0
166899371715170 0
166900373264070 0
166901374409081 0
166902375783166 0
166903377006733 0
166904378239554 0
166905379489455 0
166906380601386 0
166907381714498 0
166908382835671 0
166909383962659 0
166910384200321 0
166911385345126 0
166912386250963 2
166913387466979 9
166914388204003 16
166915389274312 31
166916390433103 54
166917391301930 74
166918392212282 98
166919393193068 110
166920394203573 126
166921395178858 123
166922396283036 123
166923397202582 120
166924398191917 105
166925399184155 111
166926400234308 116
166927401199851 125
166928402176297 113
166929403205653 145
166930404208975 157
166931405200661 128
166932406192406 150
166933407443541 110
166934408199049 153
166935409231707 138
166936410367449 144
166937411199971 142
166938412206158 153
166939413359694 131
166940414259655 148
166941415198072 157
166942416191577 145
166943417264996 140
166944418217729 142
166945419194170 148
166946420209649 167
166947421280996 145
166948422203952 189
166949423324659 185
166950424214807 151
166951425201915 120
166952426195394 167
166953427215247 159
166954428210371 151
166955429187736 173
166956430206779 154
166957431197735 166
166958432192261 179
166959433360378 184
166960434197159 170
166961435188282 195
166962436197630 197
166963437271144 170
166964438192556 187
166965439210637 229
166966440234287 184
166967441196355 199
166968442255035 187
166969443229913 193
166970444218424 200
166971445204625 179
166972446206010 195
166973447194913 222
166974448218930 176
166975449193384 179
166976450218730 193
166977451207297 185
166978452180219 192
166979453214524 164
166980454241929 218
166981455197383 165
166982456217867 175
166983457315853 185
166984458203074 173
166985459223523 197
166986460272426 213
166987461189124 170
166988462194029 197
166989463372884 150
166990464174150 197
166991465230020 185
166992466224382 184
166993467347621 195
166994468224917 192
166995469230114 212
166996470197847 181
166997471195484 209
166998472210258 213
166999473399739 170
167000474297429 202
167001475188321 163
167002476229520 237
167003477189216 187
167004478202357 216
167005479186137 189
167006480330770 179
167007481335966 207
167008482350180 178
167009483204111 182
167010484211602 197
167011485194641 192
167012486202976 198
167013487186505 203
167014488182536 196
167015489202809 182
167016490232765 191
167017491211915 174
167018492236783 213
167019493212726 201
167020494212883 219
167021495301412 177
167022496198244 179
167023497221501 172
167024498220845 195
167025499189142 198
167026500201717 225
167027501224834 179
167028502194559 206
167029503250975 205
167030504215244 204
167031505199119 206
167032506186260 174
167033507195624 182
167034508183421 174
167035509187809 180
167036510337359 203
167037511244876 199
167038512199501 181
167039513192215 181
167040514193074 180
167041515223926 197
167042516283805 204
167043517232000 191
167044518275033 210
167045519213376 162
167046520210118 206
167047521324059 177
167048522207438 167
167049523219289 176
167050524328076 195
167051525271128 183
167052526191324 194
167053527198801 174
167054528363892 207
167055529203466 189
167056530196317 204
167057531404082 206
167058532220982 211
167059533195762 153
167060534210835 205
167061535204377 192
167062536209568 201
167063537217767 201
167064538215264 200
167065539255686 203
167066540189165 200
167067541252042 199
167068542295953 178
167069543183575 180
167070544192417 166
167071545189889 206
167072546990915 235
167073547272510 162
167074548191708 208
167075549308213 183
167076550179496 187
167077551203663 208
167078552186634 162
167079553272701 201
167080554201576 203
167081555270816 193
167082556175426 188
167083557330296 172
167084558218018 160
167085559229524 177
167086560299397 180
167087561215010 232
167088562299082 209
167089563280395 205
167090564205190 172
167091565244286 185
167092566190896 184
167093567202637 206
167094568429206 230
167095569595782 184
167096570220242 183
167097571255319 186
167098572190248 188
167099573317169 182
167100574226100 179
167101575208169 190
167102576383568 169
167103577172262 196
167104578299432 190
167105579245407 205
167106580194377 189
167107581330760 185
167108582229859 198
167109583210662 147
167110584418571 191
167111585256115 187
167112586661621 185
167113587791732 169
167114588599493 205
167115589199855 217
167116590308250 157
167117591320127 211
167118592227562 194
167119593278963 182
167120594221880 192
167121595359003 225
167122596172817 156
167123597278552 205
167124598188110 190
167125599234145 216
167126600185412 183
167127601223620 200
167128602336343 180
167129603226439 202
167130604338893 188
167131605189530 241
167132606285527 178
167133607177326 198
167134608190575 201
167135609183501 225
167136610186610 171
167137611247007 232
167138612214603 205
167139613260485 160
167140614180654 225
167141615312149 197
167142616228976 201
167143617212338 197
167144618347784 186
167145619219068 232
167146620200694 178
167147621179785 199
167148622185368 184
167149623323832 205
167150624434409 175
167151625237014 226
167152626226803 184
167153627192538 205
167154628190016 194
167155629217509 162
167156630183168 182
167157631266661 191
167158632188192 167
167159635222578 205
167160636242157 183
167161637315128 202
167162638216440 186
167163639210734 208
167164640268394 153
167165641260028 191
167166642184285 170
167167643192998 199
167168644306655 179
167169645202488 198
167170646318681 173
167171647183270 217
167172648309670 195
167173649202655 207
167174650236881 169
167175651246991 202
167176652412531 193
167177653543350 210
167178654211191 181
167179655179520 219
167180656187034 168
167181657256558 194
167182658328586 208
167183659223436 210
167184660278397 180
167185661429813 194
167186662191621 183
167187663246040 183
167188664183064 214
167189665382779 168
167190666352267 214
167191667244130 192
167192668321578 210
167193669232652 196
167194670230041 212
167195671283312 183
167196672198578 211
167197673204668 212
167198674271644 182
167199675430301 184
167200676241729 190
167201677402993 210
167202678272102 181
167203679188739 230
167204680255310 189
167205681208813 175
167206682247592 185
167207683232741 178
167208684308753 191
167209685243135 198
