167222080615455 0
167223081696807 0
167224082984786 0
167225084162777 0
167226084575032 0
167227085967554 0
167228087176499 0
167229088361877 0
167230089634406 0
167231090563797 0
167232091772875 0
167233092945800 0
167234094123891 0
167235095390001 0
167236096689723 0
167237097838781 0
167238099016833 0
167239100091843 0
167240101305755 0
167241102606996 0
167242103863183 0
167243105105785 0
167244105770748 0
167245107732091 0
167246108877355 0
167247109548487 0
167248110686508 0
167249111848236 0
167250112990932 0
167251114147467 0
167252115362626 0
167253116558702 0
167254117730667 0
167255118454662 0
167256119638671 0
167257120568973 1
167258121587737 9
167259122605559 14
167260123588944 37
167261124728449 41
167262125602109 60
167263126587977 62
167264127551673 60
167265128586944 74
167266129714036 66
167267130731811 52
167268131595045 72
167269132566197 89
167270133582455 101
167271134568131 116
167272135569012 136
167273136586053 121
167274137694932 140
167275138564911 108
167276139755724 155
167277140868133 140
167278141944918 125
167279142581314 129
167280143556055 107
167281144704880 134
167282145603021 144
167283146620015 170
167284147568399 136
167285148614508 153
167286149562469 133
167287150576792 170
167288151577434 151
167289152617974 173
167290153591690 145
167291154598126 181
167292155598485 180
167293156544764 200
167294157655909 193
167295158872311 189
167296159594342 186
167297160963306 209
167298161821739 198
167299163614207 205
167300164572799 207
167301165564856 200
167302166595551 206
167303167575419 177
167304168579189 177
167305169642048 153
167306171527055 181
167307172639220 186
167308173547488 216
167309174583542 176
167310175609426 210
167311177555234 166
167312178554921 223
167313179600122 211
167314180611100 192
167315181650190 197
167316182593054 200
167317183544723 234
167318184568862 174
167319185561614 176
167320187216712 171
167321187606001 192
167322188758983 219
167323189566802 186
167324190564785 181
167325191554028 224
167326192583872 164
167327195566675 222
167328196555606 195
167329197603580 169
167330198771681 228
167331200378138 219
167332202570035 214
167333203570772 213
167334204555032 191
167335205591655 205
167336206594363 190
167337207572263 167
167338208553981 189
167339209544115 203
167340210573964 184
167341211570430 189
167342212556130 187
167343213624610 182
167344214587701 173
167345215586726 198
167346217673273 177
167347218556882 191
167348219595184 162
167349220555030 182
167350221738017 184
167351222572316 181
167352223642637 201
167353224613965 179
167354225580849 199
167355226764184 188
167356227577560 178
167357228629076 208
167358229598817 187
167359230613154 198
167360231581459 185
167361233049416 177
167362233788745 187
167363234585488 197
167364235866586 187
167365236586071 213
167366237576621 207
167367238768170 198
167368239796211 215
167369240650340 166
167370241595492 206
167371242585660 184
167372243580028 202
167373244701637 192
167374245579846 219
167375246559529 209
167376247551343 174
167377248562639 182
167378249569571 229
167379250576480 173
167380251565437 197
167381253393896 161
167382253773191 224
167383254740646 171
167384255549904 214
167385256554329 193
167386257560623 181
167387258597944 195
167388259577811 187
167389260569488 210
167390261590437 199
167391262604127 191
167392263585372 213
167393265032448 204
167394266058823 235
167395266763318 187
167396268574752 169
167397269589480 153
167398271513995 196
167399272775423 178
167400273558587 164
167401275565683 199
167402276669403 171
167403277837800 188
167404278583737 166
167405279586897 199
167406280572572 163
167407281558705 186
167408283605568 182
167409284642749 154
167410285710079 175
167411286548277 208
167412287618333 185
167413288572678 190
167414290591851 212
167415292253754 196
167416292573884 175
167417293641102 222
167418294597969 195
167419295719031 198
167420296569247 190
167421297669992 187
167422298648568 182
167423299567180 207
167424300662896 211
167425302104739 196
167426302795579 230
167427303610596 166
167428304562478 198
167429305794065 191
167430308577773 208
167431311038813 207
167432311574962 195
167433312690069 200
167434313580612 203
167435314577659 201
167436315594677 206
167437316578684 165
167438317572727 223
167439318551450 188
167440319764301 201
167441320567447 180
167442321589132 219
167443322575220 179
167444323572605 211
167445324576777 178
167446325627860 244
167447326562528 174
167448327588855 227
167449328588049 185
167450329565968 221
167451330551683 218
167452331572969 209
167453332779880 191
167454333758432 191
167455334545108 200
167456335554749 171
167457336565766 203
167458337618146 193
167459338575074 166
167460339809372 174
167461340573725 203
167462341582578 178
167463342573146 195
167464343590801 195
167465344579098 143
167466346552477 225
167467347584633 189
167468348688416 214
167469349583723 161
167470350558353 172
167471351585123 177
167472352585722 232
167473353642293 160
167474354626041 203
167475355596789 183
167476356657841 167
167477357893530 192
167478358581437 213
167479359616756 187
167480360641609 207
167481361577432 184
167482362982801 206
167483364217582 165
167484365299037 219
167485367154563 182
167486367560486 194
167487368563384 194
167488369679174 202
167489370563857 201
167490371584445 195
167491373547254 181
167492374598572 201
167493375605514 196
167494376623251 198
167495377573129 186
167496378594845 210
167497379568298 162
167498380624449 196
167499381628975 159
167500382716731 182
167501383546139 199
167502384559647 180
167503385562135 228
167504386625166 184
167505387562418 197
167506388631848 200
167507389620609 199
167508390587723 194
167509391681241 195
167510392735793 218
167511393701634 206
167512394660771 229
167513395581560 196
167514396571174 178
167515399047461 220
167516400545310 184
167517401569235 182
167518403291447 205
167519405377508 180
167520405595041 236
167521406572082 210
167522407614028 197
167523408592119 175
167524409562633 173
167525410582113 184
167526412566525 189
167527413563672 208
167528414559254 157
167529415736910 174
167530416576441 224
167531417557178 164
167532418619736 230
167533419656159 189
167534420895190 191
167535422229701 152
167536423554125 232
167537424556879 179
167538425558658 213
167539427078185 197
167540428027462 212
167541428612559 211
167542429546373 202
167543430690033 186
167544431621141 208
167545432789521 203
167546434224535 200
167547434662530 187
167548436057943 204
167549437692472 199
167550438573110 205
167551439863275 243
167552441078892 214
167553441707617 197
167554442564553 239
167555443552399 193
