167913669148851 0
167914670402576 0
167915671764031 0
167916672917122 0
167917674142200 0
167918675384421 0
167919675560205 0
167920676557285 0
167921677577520 0
167922678748518 0
167923679913108 0
167924681232353 0
167925682485353 0
167926683683515 0
167927684876210 0
167928686221697 0
167929687388164 0
167930687603847 0
167931688781135 0
167932689940414 0
167933691120761 0
167934692248727 0
167935693406568 0
167936694582291 0
167937695741990 0
167938696914098 0
167939698061472 0
167940699258441 0
167941700402405 0
167942701558565 0
167943702715391 0
167944703874668 0
167945704589070 0
167946705576919 0
167947706777616 0
167948707740962 6
167949709560665 19
167950710577852 28
167951711601543 36
167952712943724 33
167953713575267 54
167954714563649 49
167955715569297 51
167956716579128 56
167957717595678 70
167958718573126 76
167959719573448 76
167960720588367 104
167961721586264 104
167962722565971 127
167963723772373 156
167964724818439 131
167965725572637 116
167966726601071 144
167967727570760 120
167968729056671 147
167969729589780 118
167970730575192 132
167971731587752 128
167972732620106 133
167973733565502 156
167974734594388 135
167975735566341 147
167976736571494 183
167977737582973 134
167978738576592 181
167979739580716 162
167980741647425 199
167981742662403 181
167982743772407 199
167983744586640 191
167984745666597 210
167985746570280 198
167986747988189 172
167987748585231 201
167988749552079 162
167989750587359 208
167990751569915 210
167991752841630 183
167992753682553 204
167993754792830 204
167994755589319 210
167995756555869 154
167996757705598 211
167997758609990 171
167998759629094 229
167999760560364 182
168000761564516 204
168001762637892 197
168002763567574 195
168003764556408 175
168004765595186 212
168005766547357 187
168006767565650 177
168007768563660 156
168008769729219 202
168009770561603 163
168010773907395 191
168011774946372 196
168012775577827 202
168013776927433 194
168014777562303 193
168015778550727 209
168016779574523 179
168017780581728 197
168018781576218 179
168019782958940 192
168020786157561 235
168021786555930 198
168022787556179 185
168023788551870 198
168024789571274 218
168025790560844 206
168026791592079 180
168027793192689 203
168028794586803 217
168029795806645 184
168030796585922 223
168031797576100 160
168032798552501 196
168033799559598 218
168034801348343 168
168035801623493 211
168036802744485 186
168037803581282 202
168038804571422 194
168039805637540 184
168040806580863 194
168041808011236 200
168042808594193 166
168043809588494 200
168044810542996 197
168045812586178 189
168046813540448 200
168047814737683 196
168048815604212 196
168049816539710 175
168050817579398 200
168051818607523 200
168052819571910 193
168053820555933 218
168054821558969 198
168055822588887 175
168056823555677 216
168057824574174 184
168058825562051 207
168059826553425 211
168060827618509 191
168061828593043 212
168062829588633 185
168063830591104 154
168064831573477 203
168065832547181 186
168066833581936 172
168067834832415 200
168068835608010 162
168069836603374 179
168070836872544 195
168071837558623 206
168072838571200 183
168073839815026 183
168074841052518 198
168075841597188 182
168076842552624 203
168077843602654 183
168078845379441 196
168079846583803 210
168080847770660 192
168081848602064 200
168082849750278 211
168083851062867 206
168084851832663 190
168085852624405 214
168086853581121 201
168087854752895 196
168088855752575 174
168089856676872 219
168090857619969 191
168091858548644 217
168092859599177 201
168093860915340 189
168094861663319 207
168095862584197 200
168096863583015 186
168097864620453 178
168098865633676 203
168099866771783 187
168100867616220 202
168101868645451 201
168102869819616 221
168103870568387 195
168104871549577 193
168105872580533 202
168106873569028 207
168107874585418 188
168108875954028 177
168109877877476 222
168110878560789 200
168111879580891 177
168112880606368 213
168113881542763 169
168114882579406 225
168115883560408 162
168116884589271 181
168117885614626 188
168118886827815 205
168119887667521 157
168120888557016 210
168121889712490 167
168122890862694 195
168123891551297 203
168124892568079 182
168125893590661 184
168126894619330 157
168127895575062 164
168128896569931 182
168129897578033 191
168130898559714 207
168131899637510 160
168132900577098 206
168133901625135 179
168134902847184 214
168135904324724 164
168136905563884 214
168137906567792 200
168138907569302 169
168139908811040 220
168140909550210 175
168141910555651 179
168142911569801 220
168143912582117 200
168144913569381 216
168145914568892 184
168146915696924 231
168147916577821 207
168148917541902 171
168149918554523 203
168150919565347 197
168151920868219 169
168152921582793 196
168153922558218 161
168154923675137 223
168155924570538 171
168156926129851 175
168157926576522 222
168158927625473 183
168159928693549 195
168160929580774 199
168161930554631 236
168162931561758 177
168163932700064 180
168164933601839 230
168165934674520 199
168166935606748 190
168167938234434 187
168168939579810 162
168169940661358 210
168170941774855 202
168171942873348 210
168172944575847 190
168173945587647 223
168174946552042 165
168175947634379 212
168176948584715 165
168177949629998 181
168178950572185 192
168179951562276 198
168180953119495 158
168181953557213 167
168182954801056 216
168183955645416 185
168184956559349 204
168185957614374 177
168186958591666 183
168187959579320 190
168188960642512 178
168189961565423 174
168190962603541 169
168191963687485 197
168192964651174 178
168193965984709 195
168194967145918 219
168195967968260 205
168196968568795 204
168197969699479 186
168198970563736 193
168199971601188 190
168200972679071 172
168201973558354 206
168202974548427 206
168203975544146 215
168204976580206 200
168205977855815 208
168206978786233 196
168207979811861 178
168208980555850 233
168209981581061 184
168210982587104 187
168211983636520 194
168212984575803 211
168213985590775 219
168214986577594 179
168215987577599 201
168216988703926 178
168217989578327 184
168218990615285 195
168219991585305 201
168220992653720 197
168221993664761 188
168222994612734 195
168223996941943 186
168224997591894 181
168225998555491 212
168226999587016 196
168228000564002 220
168229002562008 175
168230003576401 225
168231004806334 198
168232005703082 208
168233006751973 196
168234007554489 212
168235008552040 181
168236010055914 175
168237010602515 172
168238011715717 173
168239012682393 192
168240013566952 203
168241014566976 212
168242015543446 182
168243016575831 168
168244017575517 187
168245018616217 187
168246019554073 158
