169297277745532 0
169298279413529 0
169299280595418 0
169300281750076 0
169301282593764 0
169302283844738 0
169303285175832 0
169304285586532 0
169305286555088 0
169306287553270 0
169307287942109 0
169308289142425 0
169309290336973 0
169310291550116 0
169311292767518 0
169312293607141 0
169313294781720 0
169314295966543 0
169315296598830 0
169316297742239 0
169317298896284 0
169318300048262 0
169319301189923 0
169320301847112 0
169321302989499 0
169322304240350 0
169323305744559 0
169324307006106 0
169325308349575 0
169326308638359 0
169327309831581 0
169328311013603 0
169329311792983 0
169330312950194 0
169331314223787 0
169332315575991 0
169333316814891 0
169334318073155 16
169335319250974 21
169336319915367 45
169337320801998 46
169338321965702 56
169339322847420 56
169340324370376 58
169341324568303 66
169342325807009 54
169343327248543 83
169344327575981 98
169345328604518 128
169346329600250 128
169347330590103 141
169348331593633 153
169349332547579 128
169350333560465 161
169351334570174 112
169352335615216 127
169353336578030 136
169354337587859 130
169355338803018 91
169356339564212 141
169357340941977 135
169358341596428 146
169359342643294 144
169360343669967 183
169361344740297 177
169362345650088 164
169363346615111 199
169364347622611 170
169365348603617 214
169366349625202 207
169367350574019 187
169368351555781 224
169369352851459 190
169370353555023 168
169371356570872 208
169372357581139 185
169373358661012 215
169374359575132 195
169375360555730 198
169376361592637 186
169377362591970 179
169378363666387 191
169379364623429 167
169380365662446 180
169381366577767 197
169382367604482 180
169383368611064 158
169384370097038 196
169385370696881 178
169386371576248 216
169387373187316 178
169388374582533 164
169389375587420 160
169390376811271 163
169391377903409 191
169392378583622 158
169393379625008 229
169394380830183 186
169395381557506 217
169396383558393 197
169397384574390 187
169398385582623 215
169399386836772 186
169400387813576 189
169401389046119 195
169402389924781 207
169403390560890 193
169404391555107 192
169405392554976 200
169406393966681 218
169407394782121 201
169408395589467 200
169409396639053 203
169410398561678 217
169411399684914 182
169412400632497 202
169413401615293 215
169414402593598 171
169415403585817 211
169416404605958 177
169417405554742 233
169418406570337 198
169419407603189 182
169420408676801 177
169421410018684 204
169422411264305 165
169423411767136 192
169424412559146 202
169425413574689 218
169426414582349 177
169427415543933 206
169428416584537 192
169429417717703 202
169430418571682 222
169431419583834 183
169432420596673 220
169433421955294 213
169434422570570 215
169435423601305 174
169436424608135 222
169437426621313 200
169438427601117 185
169439428739246 174
169440429584389 191
169441430636312 228
169442431584889 218
169443432571794 177
169444433586522 170
169445434579006 199
169446435548719 172
169447436601451 166
169448437685000 213
169449438579796 166
169450439575064 177
169451440684166 208
169452441672551 189
169453442599497 172
169454443559112 208
169455445058660 198
169456445604242 190
169457446744231 214
169458447593063 219
169459448552301 169
169460449657871 199
169461450598569 199
169462451707266 185
169463452592573 182
169464453596476 170
169465454555387 219
169466455590321 199
169467456607676 188
169468457708165 185
169469459635541 175
169470460573078 198
169471461584519 204
169472462607978 185
169473463581671 189
169474464645448 228
169475465588922 182
169476466791820 222
169477467579207 166
169478468564402 206
169479469780832 180
169480470621295 194
169481471634772 200
169482472845612 214
169483473696684 192
169484474673266 166
169485475559465 201
169486476590649 184
169487477652943 202
169488479091698 171
169489480378468 208
169490480554805 189
169491481697597 192
169492482625377 187
169493483623838 191
169494484600357 191
169495485609826 155
169496486726112 191
169497487647530 179
169498488602771 175
169499489564885 191
169500490568127 231
169501491661475 196
169502492732154 204
169503493563341 211
169504494622938 206
169505495621128 189
169506497179503 145
169507497593427 210
169508498621753 174
169509500645092 175
169510501598678 168
169511502580765 159
169512503606170 198
169513504585772 164
169514505620666 182
169515506542679 206
169516507578931 184
169517508615242 176
169518509594775 200
169519511004621 224
169520513571700 223
169521514669547 192
169522515563900 207
169523516640999 180
169524517616140 209
169525518575327 165
169526519957049 199
169527520558584 189
169528521605720 187
169529522550378 177
169530523552096 216
169531524543675 184
169532525644734 166
169533526881229 206
169534527848477 180
169535528576196 216
169536529569388 200
169537530595113 192
169538531641101 217
169539532608894 186
169540533592668 202
169541534585298 207
169542535608581 220
169543536989886 211
169544537573946 183
169545538578394 195
169546540604771 211
169547541545096 197
169548542627000 197
169549543753509 200
169550544572491 181
169551546052402 197
169552546620040 243
169553547587621 182
169554548640324 192
169555549621955 217
169556550614200 176
169557552604967 201
169558553551284 184
169559554639210 194
169560555583753 198
169561556589847 166
169562557583353 198
169563558574012 163
169564559544607 217
169565560668186 155
169566561571955 198
169567562570808 166
169568563568142 189
169569564549749 150
169570565661130 164
169571566816334 183
169572567691180 174
169573568646327 190
169574569639388 168
169575570804585 157
169576571632936 192
169577572626681 191
169578574560248 203
169579575648189 218
169580576625536 155
169581577658525 193
169582578748072 200
169583580218315 214
169584580624279 168
169585581610918 171
169586582827316 202
169587584265192 218
169588584598581 195
169589585571665 197
169590586591076 190
169591587574115 168
169592588566869 216
169593589744748 182
169594590669201 174
169595591637163 224
169596592582293 158
169597593726443 200
169598594605750 175
169599597549713 174
169600598620512 180
169601599674831 179
169602600604029 194
169603601710971 184
169604602833251 170
169605604565727 179
169606606401049 183
169607606619191 180
169608607627071 216
169609608588947 164
169610609584995 197
169611610568281 196
169612611991969 186
169613612602444 217
169614613578161 191
169615614700475 192
169616615600134 176
169617616584146 191
169618617576443 168
169619618617770 171
169620619551708 201
169621620555919 185
169622621700661 196
169623623936730 157
169624624611646 208
169625625782341 161
169626626566722 186
169627627652449 194
169628628560694 188
169629629589312 174
169630630567738 176
