169641568286118 0
169642569474751 0
169643570617777 0
169644571788411 0
169645572940025 0
169646574064360 0
169647575216740 0
169648576348909 0
169649577475564 0
169650578619204 0
169651579742709 0
169652580880469 0
169653581006937 0
169654582188425 0
169655583319146 0
169656584422736 0
169657585539256 0
169658586660910 0
169659587320819 0
169660588459385 0
169661589613274 0
169662590840362 0
169663592063040 0
169664593184386 0
169665594321639 0
169666595457028 0
169667596638534 0
169668597442863 0
169669598202900 0
169670599540367 0
169671600816573 0
169672601960415 0
169673603080176 0
169674603632903 0
169675604798544 0
169676605967584 0
169677606360491 9
169678607188983 14
169679608381217 25
169680609291285 39
169681610226972 50
169682611194882 52
169683612387206 66
169684613523377 64
169685614259238 59
169686615478584 49
169687616213443 66
169688617199296 83
169689618440586 99
169690619198255 125
169691620368516 118
169692621200811 126
169693622322440 132
169694623198257 120
169695624186889 117
169696625195849 132
169697626334585 128
169698627205596 100
169699628230306 161
169700629234866 123
169701630201243 146
169702631211603 151
169703632201833 150
169704633215770 147
169705634216728 175
169706635247275 159
169707636341541 159
169708637204324 178
169709638250519 174
169710639195102 183
169711640228201 152
169712641207815 200
169713642252007 200
169714643316183 205
169715644191362 193
169716645212904 191
169717646190953 169
169718647204463 221
169719648184803 170
169720649190066 219
169721650220422 203
169722651222566 202
169723652214142 195
169724653252178 167
169725654213390 178
169726655195455 191
169727656209623 194
169728657246131 182
169729658176704 205
169730659447094 203
169731660194984 198
169732661403536 220
169733662250815 196
169734663201326 202
169735664306295 155
169736665177451 177
169737666218846 173
169738667205525 207
169739668211015 189
169740669195808 195
169741671095927 185
169742672216411 190
169743673222724 172
169744674217153 174
169745675225830 170
169746675385512 176
169747676206361 181
169748677286747 184
169749678191779 187
169750679220984 186
169751680320623 170
169752681625604 194
169753682192741 148
169754683405495 223
169755684365223 186
169756685183225 207
169757686198491 198
169758687200498 185
169759688283253 161
169760689215893 218
169761690205980 211
169762691201115 193
169763692234624 169
169764693317800 204
169765694213713 187
169766695214838 188
169767696220799 212
169768697289248 172
169769698218529 170
169770699191824 235
169771700213442 203
169772701224493 180
169773702276743 214
169774703190780 191
169775704259238 197
169776705341250 193
169777706239237 198
169778707204957 167
169779708222412 198
169780709217361 217
169781710312554 169
169782711435806 207
169783712606549 158
169784713231685 214
169785714300750 178
169786715203997 225
169787716483955 185
169788717541005 209
169789718275113 163
169790719219445 213
169791720270015 192
169792721205468 185
169793722208446 168
169794723218251 193
169795724230656 156
169796725219546 175
169797726281174 186
169798727200891 200
169799728194472 196
169800729219804 199
169801730188895 232
169802731192551 166
169803732287806 170
169804733192157 194
169805734308989 214
169806735207423 164
169807736331876 196
169808737200566 157
169809738318671 176
169810739191349 168
169811740196155 203
169812741278007 210
169813742271378 182
169814743222090 202
169815744576623 210
169816745197505 202
169817746209868 157
169818747212397 236
169819748331951 170
169820749217854 221
169821750242514 210
169822751198156 223
169823752227788 187
169824753220342 177
169825754253682 194
169826755205346 197
169827756184959 180
169828757194341 223
169829758201359 198
169830759355004 173
169831760302609 174
169832761243891 179
169833762223004 196
169834763215272 205
169835764173913 221
169836765547429 167
169837766278155 213
169838767212881 220
169839768195786 188
169840769209413 213
169841770333735 194
169842771217848 186
169843772300884 195
169844773197557 205
169845774220757 191
169846775206096 208
169847776219532 193
169848777207699 171
169849778218935 182
169850779186558 200
169851780302369 217
169852781294644 185
169853782258301 194
169854783713061 196
169855784431138 183
169856785263190 158
169857786186486 211
169858787236809 170
169859788188301 179
169860789331592 198
169861790183972 187
169862791185809 215
169863792206804 173
169864793433901 190
169865794469813 179
169866795213484 197
169867796196005 152
169868797225908 161
169869798349091 198
169870799285819 171
169871800217985 167
169872801185501 185
169873802201756 177
169874803181063 191
169875804205991 199
169876805209817 207
169877806205403 198
169878807189429 214
169879808215754 172
169880809449835 207
169881810219172 199
169882811201554 194
169883812202265 170
169884813200461 188
169885814355320 156
169886815518572 220
169887816213390 181
169888817194637 226
169889818225069 204
169890819614006 203
169891820270749 241
169892821587007 185
169893822191848 213
169894823211723 175
169895824209749 168
169896825411879 244
169897826190254 186
169898827213917 220
169899828201527 168
169900829207625 226
169901830180139 172
169902831307067 225
169903832191859 195
169904833190512 210
169905834199335 192
169906835200917 208
169907836218230 188
169908837193924 176
169909838200476 223
169910839193238 181
169911840200743 221
169912841204290 198
169913842194110 190
169914843279265 175
169915844336553 179
169916845285734 160
169917846180477 192
169918847274991 204
169919848213001 170
169920849249555 194
169921850194509 199
169922851189353 195
169923852238640 186
169924853450892 163
169925854315459 173
169926855215380 201
169927856306955 171
169928857230503 175
169929858195993 178
169930859191619 177
169931860186864 208
169932861321829 207
169933862375667 182
169934863200109 199
169935864209371 180
169936865233265 220
169937866197459 188
169938867191856 180
169939868324008 197
169940869204824 204
169941870220259 161
169942871185855 196
169943872332265 170
169944873286767 224
169945874184341 190
169946875239708 198
169947876223806 191
169948877205713 182
169949878299710 198
169950879327745 205
169951880205373 197
169952881193859 195
169953882193473 226
169954883359905 193
169955884192473 187
169956885210632 195
169957886291764 176
169958887396929 191
169959888217105 179
169960889217007 182
169961890303329 196
169962891216815 206
169963892225624 198
169964893289377 188
169965894189404 225
169966895220125 194
169967896200237 205
169968897189610 156
169969898194108 213
169970899253233 176
169971900194751 200
169972901206524 182
169973902192372 195
169974904921132 183
