169987408939020 0
169988409584396 0
169989410800713 0
169990412406574 0
169991413590390 0
169992415016663 0
169993416285476 0
169994416849499 0
169995417580788 0
169996418590683 0
169997419595309 0
169998420763103 0
169999421925853 0
170000423134378 0
170001424358564 0
170002424666573 0
170003425914723 0
170004427571040 0
170005428784507 0
170006429964292 0
170007431188693 0
170008432457814 0
170009433733529 0
170010434950012 0
170011436226735 0
170012437596618 0
170013438632659 0
170014439867769 0
170015441084318 0
170016442403842 0
170017443824552 0
170018445073121 0
170019446269930 0
170020446637823 0
170021447903859 0
170022449095679 0
170023450325349 0
170024451594911 6
170025452585683 17
170026453596177 33
170027454885614 45
170028455616664 50
170029456652319 57
170030457972345 53
170031459589354 62
170032460619332 47
170033461854849 60
170034462611345 71
170035463558564 112
170036464898924 134
170037466134877 143
170038466569008 115
170039467714950 147
170040468566081 125
170041470034828 135
170042470594973 136
170043471590079 147
170044472561561 114
170045473588654 140
170046474735253 124
170047475755639 139
170048476589380 128
170049477702305 129
170050478593198 145
170051479681531 155
170052480750684 142
170053481715988 175
170054482589144 166
170055483761837 183
170056484759703 171
170057485703707 191
170058486610370 167
170059487759919 164
170060489716533 189
170061490715694 199
170062491597717 179
170063492560092 208
170064493615175 192
170065494596729 201
170066495608163 162
170067498907504 190
170068499580710 204
170069500584681 185
170070501718516 203
170071502561334 185
170072503560089 200
170073504669148 160
170074505841414 232
170075506616842 170
170076507586732 190
170077508597252 197
170078509611018 184
170079510757134 192
170080512032377 196
170081512560388 196
170082513720564 190
170083514638734 199
170084515734964 202
170085516589616 203
170086517682500 186
170087518582684 150
170088519549670 206
170089520581932 197
170090521570390 216
170091522603363 207
170092524060176 178
170093525289344 180
170094525804183 196
170095526597336 192
170096528780923 164
170097530049754 190
170098530581117 175
170099531566899 179
170100532565306 212
170101533588666 177
170102534616180 179
170103535844166 198
170104536570178 174
170105537571358 176
170106538585870 174
170107539678558 172
170108540655383 186
170109541577397 161
170110542669717 226
170111544283260 152
170112545242409 225
170113546133062 161
170114546598431 175
170115547651822 185
170116548729339 200
170117549747238 197
170118550552822 186
170119551572903 190
170120552723790 203
170121554274915 176
170122555665464 220
170123556608091 151
170124557556572 233
170125558567438 184
170126559798176 234
170127560592571 188
170128561560396 199
170129562579571 220
170130563579299 197
170131564688439 213
170132565799312 231
170133566995707 173
170134567605022 218
170135568760638 199
170136569560851 177
170137570586564 193
170138571564330 187
170139572584276 154
170140573566645 206
170141574806468 191
170142575647392 183
170143576574353 187
170144577550304 172
170145578560853 210
170146579556119 177
170147580610399 191
170148582605167 210
170149583683802 172
170150584580892 203
170151585823676 210
170152586612054 186
170153587603432 196
170154588961703 218
170155589583986 191
170156590593943 178
170157591556881 185
170158592565305 188
170159593924193 186
170160594952800 174
170161595564284 221
170162596616357 181
170163597573565 170
170164598620313 168
170165599702804 189
170166600560323 192
170167601554596 173
170168602556564 155
170169603571141 193
170170604585326 173
170171605591682 157
170172606635533 153
170173607585361 221
170174608595706 189
170175609735266 206
170176610563552 201
170177612084675 178
170178612702157 226
170179613608753 166
170180617219627 208
170181618646166 187
170182619601418 175
170183620597254 211
170184621599383 182
170185622601411 220
170186623721521 208
170187624983506 169
170188625600095 235
170189626596051 173
170190627663221 208
170191628646060 198
170192629772854 204
170193630597396 211
170194631572311 195
170195632911720 228
170196633596328 178
170197634906505 211
170198635643781 191
170199636564584 190
170200637596284 184
170201638583726 218
170202639604686 190
170203640599901 233
170204641586858 202
170205643399647 182
170206644771045 185
170207645659678 181
170208646641508 194
170209647566277 198
170210648596532 158
170211649783990 181
170212650657452 173
170213651617675 197
170214653365840 181
170215654532431 194
170216655626703 169
170217656588362 204
170218657587169 196
170219658586540 184
170220659949001 177
170221660581245 192
170222661577800 175
170223662699517 187
170224663987003 188
170225665147033 173
170226665690493 176
170227666651558 176
170228667567943 207
170229668597966 131
170230669645023 186
170231670557305 196
170232671624279 176
170233672783810 223
170234673553965 212
170235674540931 182
170236675627515 213
170237676629521 170
170238677567949 208
170239678577355 222
170240679788218 188
170241681083834 194
170242682860396 152
170243683566495 205
170244684593205 173
170245685602227 190
170246686877598 227
170247687649486 187
170248688798030 212
170249689556750 187
170250690550484 190
170251691551472 207
170252692736885 181
170253693577816 190
170254694696526 185
170255695558265 215
170256696563606 183
170257697683756 202
170258698645315 182
170259699580552 207
170260700556018 196
170261701583919 201
170262702628647 172
170263703695760 194
170264704587508 205
170265705662509 155
170266706712211 196
170267707576669 230
170268708684760 203
170269709620499 184
170270711397987 207
170271711665826 210
170272712572437 158
170273713553156 198
170274714607238 204
170275715577501 211
170276716545036 166
170277717577920 193
170278718923876 191
170279719583060 170
170280720797744 193
170281722034120 216
170282722610637 153
170283723661182 191
170284724804832 183
170285725572078 184
170286726736609 201
170287728572315 159
170288729581868 191
170289730574941 147
170290731775812 214
170291733609999 205
170292734577874 238
170293735563404 169
170294736627087 184
170295737610266 166
170296738608548 228
170297739640667 164
170298740553079 185
170299743565413 193
170300744618113 197
170301746787052 207
170302747767076 239
170303748590855 163
170304749582662 210
170305750624386 184
170306751561925 204
170307752642130 177
170308753563475 193
170309754597928 162
170310755559562 181
170311756582252 183
170312757584850 193
170313758543252 206
170314759801454 177
170315760965256 210
170316761734262 189
170317762575735 203
170318763576843 187
170319764575195 186
170320765596465 192
170321766561715 180
