172425329789786 0
172426330970307 0
172427332100304 0
172428333265064 0
172429334399042 0
172430335526838 0
172431336645165 0
172432337770268 0
172433338904426 0
172434340044999 0
172435341341204 0
172436342610099 0
172437343729308 0
172438344847228 0
172439345977695 0
172440347104496 0
172441348347631 0
172442349529928 0
172443350651341 0
172444351853721 0
172445352976720 0
172446353991439 0
172447355156716 0
172448356312082 0
172449357452041 0
172450358606971 0
172451359773689 0
172452360911220 0
172453362055987 0
172454363227872 0
172455364473844 0
172456365115458 0
172457366364654 0
172458367525101 0
172459368654746 0
172460369791760 0
172461370921980 7
172462371556048 20
172463372693122 29
172464374023451 42
172465375249980 36
172466376365407 60
172467377451830 64
172468378184972 66
172469379207909 58
172470380304932 73
172471381199130 92
172472382413211 92
172473383533030 98
172474384210936 100
172475385279883 120
172476386227920 121
172477387216722 118
172478388224469 129
172479389360343 122
172480390201062 131
172481391179641 143
172482392189123 135
172483393302711 118
172484394286513 165
172485395181361 130
172486396202406 156
172487397410093 143
172488398200511 165
172489399215379 154
172490400199147 165
172491401212780 151
172492402200931 184
172493403324407 203
172494404190522 164
172495405238401 181
172496406193135 170
172497407287986 177
172498408222761 225
172499409206026 176
172500410234239 188
172501411182828 186
172502412357960 192
172503413191391 183
172504414214610 154
172505415210870 188
172506416218129 175
172507417301100 159
172508418374070 143
172509419572011 180
172510420389440 187
172511421182042 189
172512422190838 189
172513423225730 169
172514424204115 191
172515425201530 174
172516426192890 210
172517427305411 194
172518428358095 223
172519429201673 167
172520430194913 250
172521431208412 176
172522432474765 188
172523433175293 199
172524434219352 202
172525435188504 194
172526436200916 187
172527437191733 196
172528438221533 200
172529439342021 174
172530440204426 211
172531441262044 194
172532442303543 174
172533443229748 221
172534444176531 203
172535445206733 166
172536446261198 198
172537447199372 185
172538448192359 236
172539449256748 153
172540450199383 220
172541451180688 197
172542452313340 181
172543453182085 207
172544454284724 174
172545455248948 217
172546456196271 195
172547457205890 214
172548458182162 189
172549459217074 177
172550460187994 202
172551461202501 172
172552462198874 218
172553463210746 175
172554464284917 184
172555465294844 174
172556466193143 178
172557467331397 179
172558468200724 195
172559469408450 196
172560470190542 243
172561471199229 176
172562472290821 214
172563473192163 174
172564474338229 183
172565475212177 193
172566476267161 185
172567477297706 164
172568478193602 193
172569479185247 185
172570480207682 198
172571481213201 187
172572482208229 203
172573483196525 182
172574484194416 183
172575485214984 209
172576486192014 176
172577487266261 180
172578488207523 214
172579489202790 205
172580490229177 187
172581491193085 219
172582492226388 201
172583493201801 204
172584494211969 197
172585495228266 192
172586496213687 222
172587497199759 184
172588498207969 200
172589499286187 207
172590500089517 167
172591501217205 211
172592502213629 199
172593503353074 221
172594504581155 160
172595505203836 189
172596506538919 201
172597507216022 184
172598508207834 183
172599509215097 223
172600510336965 196
172601511507411 184
172602512524836 203
172603515184887 233
172604516266098 176
172605517330057 224
172606518193096 176
172607519197763 225
172608520202255 156
172609521207575 222
172610522189877 187
172611523221866 227
172612524209612 171
172613525197740 220
172614526212798 167
172615527222382 219
172616528214078 157
172617529324965 205
172618530191093 159
172619531356977 199
172620532508726 196
172621533365265 195
172622534224301 170
172623535196626 190
172624536174310 188
172625537177069 185
172626538211255 177
172627539188487 162
172628540211377 196
172629541195556 163
172630542210672 165
172631543341606 193
172632544197352 179
172633545621356 181
172634546202912 208
172635547283487 190
172636548267074 185
172637549384250 179
172638550219779 197
172639551193655 209
172640552415659 197
172641553555175 185
172642554188040 213
172643555303189 186
172644556507924 224
172645557442595 172
172646558196987 216
172647559329274 171
172648560197319 211
172649561227129 175
172650562313655 194
172651563301970 174
172652564204204 212
172653565186828 182
172654566198708 187
172655567234822 188
172656568200017 183
172657569195761 186
172658570227166 199
172659571199552 194
172660572239656 220
172661573205743 210
172662574293227 188
172663575194208 210
172664576201429 196
172665577192473 199
172666578215418 188
172667579184769 199
172668580194210 189
172669581279470 182
172670582242480 197
172671583216396 219
172672584185384 198
172673585289236 197
172674586195751 200
172675587196388 164
172676588216490 172
172677589310040 178
172678590229497 189
172679591196521 169
172680592217928 194
172681593299446 181
172682594194971 191
172683595402106 175
172684596516283 182
172685597232818 152
172686598255524 185
172687599184777 193
172688600197133 198
172689601280153 137
172690602237924 220
172691603207824 149
172692604209351 169
172693605207649 171
172694606368646 203
172695607219895 211
172696608202461 186
172697609213706 188
172698610214749 187
172699611342882 204
172700612210856 195
172701613223237 176
172702614203442 206
172703615266647 185
172704616181304 224
172705617239746 147
172706618185944 206
172707619210968 176
172708619457110 213
172709620204855 195
172710621199616 188
172711622192746 193
172712623296748 199
172713624326114 164
172714625196843 225
172715626259200 174
172716627190274 200
172717628205415 200
172718629223027 172
172719630191226 173
172720631234348 184
172721632215235 165
172722633204737 186
172723634197724 195
172724635193041 214
172725636261678 166
172726637202213 212
172727638221850 197
172728639211104 203
172729640179616 229
172730641223486 175
172731642219786 174
172732643246325 202
172733644204802 185
172734645541741 207
172735646525504 194
172736647239861 152
172737648227163 189
172738649420046 188
172739650320734 188
172740651185728 213
172741652199143 196
172742653205128 183
172743654243587 191
172744655377371 169
172745656202789 200
172746657317880 158
172747658192186 189
172748659192998 181
172749660208420 179
172750661189438 184
172751662264974 204
172752663226778 164
172753664196815 205
172754665190779 193
172755666200179 206
172756667280317 196
172757668215140 177
172758669193323 191
172759670365045 205
172760671210966 201
