136729969170849 0
136730969590297 0
136731970747191 0
136732972026632 0
136733973203882 0
136734974525286 0
136735975615614 0
136736976789261 0
136737978001078 0
136738979238733 0
136739979590164 0
136740980735631 0
136741981891315 0
136742983055031 0
136743984284261 0
136744985433366 0
136745986601417 0
136746987640785 0
136747988812893 0
136748989587560 0
136749990759593 0
136750991931673 0
136751993116265 0
136752994288412 0
136753995458153 0
136754996650391 0
136755997819719 0
136756999008634 0
136758000143182 0
136759001201061 0
136760002636914 0
136761003558378 0
136762004674585 0
136763005714836 0
136764006592542 0
136765007837747 0
136766009167025 0
136767010480225 0
136768011593847 2
136769012567577 13
136770013584556 37
136771014655391 70
136772015625497 96
136773016616623 99
136774017585530 110
136775018542408 110
136776019569775 99
136777020564925 116
136778021679396 107
136779022554137 122
136780023583253 115
136781024565088 97
136782025845223 118
136783026594300 104
136784027589171 111
136785028785468 109
136786031546827 101
136787032568970 113
136788033551237 107
136789034573171 108
136790035602776 115
136791037556652 113
136792038730931 106
136793039564681 106
136794040688946 116
136795041780161 112
136796043230506 103
136797044556289 109
136798045572148 117
136799046746823 104
136800047589963 107
136801048635709 105
136802049754718 106
136803050569474 104
136804051709170 115
136805052569099 109
136806053555734 108
136807054598169 100
136808055547481 104
136809056579827 104
136810057772778 106
136811058697860 105
136812059882017 105
136813060584085 108
136814061564061 118
136815062722789 113
136816064354503 117
136817065199820 116
136818065622609 116
136819066566388 111
136820069455652 109
136821070623211 104
136822071601316 106
136823072719120 106
136824073543091 99
136825074772062 111
136826075576749 122
136827076666906 102
136828077557802 99
136829078728578 117
136830079889499 111
136831080581950 112
136832081591716 110
136833082578052 108
136834084118290 121
136835085285774 110
136836088563844 112
136837089606216 114
136838090558703 104
136839091587750 105
136840092556644 113
136841093632279 96
136842094583392 112
136843095577940 106
136844096567483 102
136845097638131 102
136846099562962 108
136847100605691 119
136848101562330 110
136849102583879 111
136850103566486 110
136851105126204 111
136852105578856 103
136853106636006 107
136854107651868 110
136855108606604 103
136856109576812 96
136857110574934 102
136858111557092 112
136859112701911 112
136860113628592 126
136861114556716 118
136862115719008 109
136863116636294 106
136864117564892 104
136865118669449 109
136866119647865 109
136867120753487 121
136868121575675 113
136869122605439 104
136870123603492 107
136871124585855 98
136872125607435 111
136873126602136 113
136874127771468 107
136875128581098 109
136876129559402 105
136877130584924 116
136878131869114 99
136879132980121 110
136880133580631 114
136881135551143 109
136882136615677 115
136883137692210 107
136884138644935 109
136885139578174 114
136886140624662 107
136887141588739 122
136888142563151 91
136889143886090 106
136890145054028 113
136891145857635 113
136892146589694 111
136893147588804 110
136894148652724 101
136895149595703 99
136896150631316 114
136897151664737 119
136898152617599 99
136899153778341 104
136900154945873 114
136901155958849 116
136902157125601 110
136903158392554 110
136904159739928 97
136905160938908 108
136906162571876 109
136907163660744 109
136908164566334 104
136909165584164 101
136910166601938 114
136911167572334 111
136912168582448 109
136913169565949 112
136914170577421 108
136915171632151 117
136916173645425 116
136917174601979 113
136918175549428 102
136919176585163 95
136920177583915 118
136921178576139 104
136922179613842 106
136923180562356 115
136924181564233 111
136925182577675 99
136926183587011 105
136927184565067 108
136928185583375 116
136929186780886 107
136930187553523 111
136931188571554 108
136932190159968 112
136933190611776 99
136934191586490 106
136935192674229 94
136936193588506 102
136937194576400 115
136938195616944 102
136939196576022 96
136940197606809 108
136941199610708 106
136942200592755 110
136943201571641 94
136944204556528 110
136945207837089 94
136946208573024 103
136947209632458 106
136948210589416 112
136949211579769 105
136950212746674 123
136951213574971 117
136952214586861 115
136953215729386 109
136954216602498 109
136955217610508 121
136956219617330 117
136957220596679 102
136958221569968 113
136959222617898 100
136960223589403 104
136961224576932 100
136962225662334 118
136963226702950 114
136964227571837 111
136965228998921 112
136966229576353 115
136967230578562 105
136968231573530 106
136969232579083 101
136970233552271 109
136971234581468 99
136972235603431 107
136973236573290 117
136974237900604 114
136975238821239 111
136976239604589 102
136977240565359 104
136978241549433 101
136979242591891 101
136980243587999 114
136981244137546 95
136982244604773 105
136983245552565 109
136984246571765 102
136985247618720 98
136986247985139 118
136987249299548 111
136988250308628 107
136989251450289 119
136990252577381 108
136991253606906 110
136992254638925 101
136993255896224 97
136994256915498 99
136995258359076 108
136996258569307 114
136997259621909 109
136998260596132 116
136999261601680 92
137000262674407 105
137001263607098 115
137002264759749 112
137003265904823 110
137004266720078 113
137005267905539 96
137006268753970 107
137007269592802 104
137008270627534 119
137009271553626 94
137010272602384 107
137011274092877 107
137012274840875 118
137013275593267 107
137014276564303 101
137015277553362 122
137016278636772 109
137017279592435 127
137018280615716 114
137019282057824 112
137020282604263 106
137021283592092 110
137022284581192 100
137023285695187 104
137024286631374 111
137025287769136 108
137026288570974 98
137027289589987 96
137028291279192 90
137029291544351 101
137030292570466 114
137031293645099 99
137032294549404 118
137033295586383 115
137034296572047 100
137035297584424 103
137036298598671 105
137037299712491 101
137038300567230 113
137039301617533 97
137040302583830 104
137041303634626 94
137042304975520 100
137043305588579 115
137044307262561 109
137045307909426 111
137046308591142 105
137047309620511 108
137048310677004 105
137049311603792 113
137050312616497 96
137051313578498 110
137052314764070 107
137053315646340 105
137054316586515 109
137055317721225 108
137056318621297 110
137057319591090 104
137058320768861 110
137059321632406 106
137060322609556 96
137061323580797 108
137062324564744 110
137063325595582 108
137064326651158 111
137065327583607 103
