138113676712677 0
138114677899929 0
138115679053721 0
138116680279946 0
138117681447648 0
138118682630024 0
138119683593306 0
138120684744419 0
138121685582418 0
138122686584454 0
138123687702911 0
138124688599600 0
138125689752409 0
138126690902002 0
138127692052816 0
138128693215014 0
138129694365480 0
138130695552248 0
138131696735333 0
138132697923159 0
138133699179069 0
138134699583142 0
138135700626439 0
138136701757974 0
138137702978944 0
138138703615410 0
138139704795564 0
138140705993344 0
138141707188279 0
138142708364013 0
138143709552411 0
138144710736050 0
138145711906720 0
138146713278710 0
138147714452789 0
138148715763488 0
138149716951706 0
138150718136171 11
138151719312910 36
138152719605814 68
138153720581939 91
138154721565297 113
138155722553510 128
138156723581176 136
138157724829296 119
138158725639697 135
138159726784121 135
138160727578950 126
138161728564574 129
138162729562544 126
138163730614483 140
138164731765507 142
138165732577057 123
138166733670896 137
138167734598021 130
138168735590951 124
138169736739278 127
138170737598139 138
138171738573951 133
138172739607973 129
138173740901300 138
138174741556249 120
138175742614751 123
138176743575339 118
138177744600294 136
138178745575966 136
138179746573129 116
138180747609485 136
138181748570435 127
138182749749263 125
138183750669065 141
138184751637198 141
138185752906184 131
138186753578795 131
138187754646038 127
138188755844649 132
138189756624086 130
138190757839493 130
138191758623812 134
138192759656825 137
138193760618847 132
138194761604857 132
138195762564725 128
138196763596269 132
138197764570916 135
138198765573686 132
138199766698506 125
138200767610228 127
138201768689240 135
138202769815215 129
138203770703346 123
138204771562061 127
138205772550205 124
138206773617330 142
138207774637589 138
138208775802696 134
138209777171509 140
138210778115436 127
138211778586574 130
138212779625446 127
138213780610280 131
138214781578796 125
138215782616532 138
138216784634054 131
138217785622079 124
138218786570495 135
138219787609284 141
138220788634518 126
138221789595986 138
138222790968075 140
138223791781863 135
138224792560115 137
138225793623927 122
138226794546100 115
138227795726563 139
138228796568084 125
138229797981385 118
138230798598192 136
138231799764791 131
138232800586203 132
138233802216271 115
138234803340392 128
138235804565857 135
138236805567118 134
138237807565055 133
138238808558146 123
138239809564123 143
138240810637026 129
138241811558435 120
138242812574166 128
138243813599432 132
138244814679558 126
138245815583173 142
138246816591885 130
138247817563966 140
138248819129404 126
138249819644604 128
138250820592266 132
138251821657445 126
138252822872109 132
138253823593970 124
138254824563729 118
138255825594990 127
138256827269062 148
138257828568838 134
138258829586381 138
138259830582314 130
138260831588998 134
138261832560266 130
138262833687182 121
138263834805855 128
138264835872119 131
138265836553343 131
138266837570776 120
138267838733288 129
138268839812871 128
138269840725065 120
138270841586329 134
138271842561160 133
138272843587707 122
138273844794150 141
138274845561377 136
138275846588439 126
138276847571922 129
138277848565986 144
138278850093759 134
138279851270721 122
138280851566801 130
138281852545576 125
138282853567636 129
138283854595644 141
138284855579499 124
138285856633873 144
138286857819567 136
138287858872013 132
138288859808627 131
138289860958812 137
138290861594491 138
138291862545962 129
138292863628105 141
138293864736977 133
138294865566600 139
138295866566441 137
138296867686147 117
138297868664399 137
138298869991095 128
138299870887425 129
138300871802374 131
138301872835839 142
138302873560965 119
138303874573610 133
138304875541958 139
138305876820210 127
138306877912281 132
138307878573450 126
138308879599953 137
138309880723502 119
138310881680596 126
138311882586501 141
138312883589270 127
138313884656435 128
138314885564849 134
138315886648453 135
138316887580734 141
138317888586204 127
138318889598584 126
138319890574454 124
138320891560713 124
138321892604290 124
138322893568756 111
138323894642846 139
138324895696105 128
138325896614170 128
138326897840781 126
138327898629252 139
138328899687446 129
138329900586224 136
138330901631133 128
138331902591746 135
138332903581522 120
138333904561620 131
138334906148082 119
138335906582162 136
138336907567805 138
138337908605001 135
138338909539873 135
138339910581801 128
138340911580017 133
138341912567535 130
138342913612201 133
138343914559671 132
138344915595511 135
138345916891963 126
138346918578517 118
138347919622356 137
138348920566107 143
138349921586423 128
138350923040383 132
138351924105042 132
138352924591305 136
138353925622417 128
138354926577229 125
138355928861205 118
138356930141539 137
138357930608004 122
138358934459283 131
138359935795203 130
138360936604490 150
138361937772287 121
138362938648650 142
138363939669592 134
138364941065920 137
138365942068555 135
138366942570566 125
138367943566725 130
138368944680345 131
138369945818000 128
138370946552796 132
138371947578673 142
138372948633620 137
138373949813541 131
138374951045241 122
138375952338095 126
138376952995683 141
138377953642557 128
138378955275978 135
138379955790208 136
138380956935294 127
138381957572082 129
138382958770320 134
138383959609316 138
138384960566814 142
138385961588372 116
138386962571053 138
138387963560102 132
138388964566233 133
138389965842430 130
138390966610627 128
138391967566746 120
138392968855078 133
138393970007143 124
138394971116670 151
138395971599641 145
138396972593254 135
138397973572959 123
138398974626577 125
138399975586606 135
138400976627807 137
138401977598060 124
138402978702594 136
138403979853003 113
138404980574810 139
138405981568063 131
138406982705791 125
138407983685845 126
138408985591738 126
138409986565804 130
138410987558050 138
138411988698146 136
138412990566422 133
138413991618316 136
138414992559694 126
138415993608998 121
138416994661437 142
138417995610785 122
138418996563324 126
138419997576730 129
138420998568856 122
138421999539285 129
138423002570591 128
138424003567920 130
138425004671434 118
138426005676116 140
138427006569712 134
138428007565428 143
138429008606301 131
138430010567144 132
138431011629399 128
138432012795416 137
138433013616588 116
138434014568859 132
138435015722453 121
138436016560380 127
138437017566695 121
138438018561612 124
138439019570830 119
138440020601597 130
138441021613119 145
138442022674159 126
138443023590735 122
138444024585957 134
138445025744563 121
138446026625973 130
138447027622333 143
