131927956139101 0
131928957370494 0
131929958547215 0
131930959752206 0
131931961013776 0
131932962302893 0
131933963557641 0
131934964922185 0
131935965668220 0
131936966853143 0
131937967636994 0
131938968581279 0
131939969725481 0
131940970882715 0
131941971589623 0
131942972806661 0
131943973996708 0
131944975212988 0
131945976410070 0
131946977595620 0
131947978343079 0
131948979546439 0
131949980738159 0
131950981948459 0
131951983158934 0
131952983570737 0
131953984767670 0
131954985998902 0
131955987207580 0
131956988416155 0
131957989592699 0
131958990765608 0
131959991948919 0
131960993127852 0
131961994321796 0
131962995545593 8
131963996744395 22
131964997638512 23
131965998841288 21
131967000067505 22
131968000587809 20
131969001625806 18
131970002836326 23
131971003842873 23
131972004629946 22
131973006125700 23
131974006623637 23
131975007588205 25
131976009569170 23
131977010526319 16
131978011651810 22
131979011844940 23
131980013028924 24
131981013622472 20
131982015121986 24
131983015697926 20
131984016588245 20
131985017827513 22
131986020571252 20
131987021586889 24
131988022699626 23
131989023862612 19
131990025183817 25
131991025571042 22
131992026742161 23
131993027629058 20
131994028757680 26
131995029447525 19
131996030598890 20
131997031768916 25
131998032561328 19
131999033142327 21
132000034553548 23
132001035591042 19
132002036596880 21
132003038045034 20
132004039187060 21
132005039572311 19
132006040655054 21
132007041077720 22
132008041571354 23
132009042774872 22
132010043944748 20
132011044824270 21
132012046098938 22
132013047381286 18
132014048558656 25
132015049567972 24
132016050723580 21
132017051584840 23
132018052755736 19
132019054118531 23
132020055419283 21
132021056588921 21
132022057579396 24
132023058600392 22
132024059842119 22
132025060979715 24
132026062186266 23
132027063391778 23
132028063640609 23
132029064599111 22
132030065602338 21
132031066782991 22
132032067947731 26
132033069097979 24
132034069571397 22
132035070726232 22
132036071611312 24
132037072674386 21
132038073877458 24
132039074629296 23
132040075621456 17
132041076679571 25
132042077797734 19
132043078640529 21
132044079579837 20
132045080822363 24
132046082136499 23
132047083302841 21
132048083604101 21
132049084834099 25
132050086121880 23
132051087327553 21
132052087592875 24
132053088580318 24
132054089747512 24
132055090616020 20
132056092529734 23
132057093686396 21
132058094569912 19
132059095578085 26
132060096587288 19
132061097770976 21
132062098989919 21
132063100357272 24
132064102107672 23
132065102619743 17
132066103582142 18
132067104598251 23
132068105664434 23
132069106592746 25
132070107785013 22
132071108607838 23
132072109916660 21
132073110698505 24
132074111996290 22
132075113409163 24
132076114571493 21
132077115599841 23
132078116626782 22
132079117843205 21
132080118601317 26
132081119631239 19
132082120633156 19
132083121989242 24
132084122555002 24
132085123723899 24
132086124683732 20
132087126116005 23
132088127335669 23
132089128386135 20
132090129956166 18
132091131133741 21
132092131604041 22
132093132760417 20
132094134020321 24
132095135278876 26
132096136760013 25
132097137958264 22
132098138260667 22
132099139475238 23
132100140576541 22
132101141734004 22
132102142896122 26
132103144147814 24
132104145445028 22
132105146629237 21
132106147563185 23
132107148714315 21
132108150021978 26
132109150558474 21
132110151879656 21
132111153179099 22
132112154367973 22
132113155720090 23
132114156626303 25
132115157835733 22
132116159220152 19
132117160390897 21
132118161679585 21
132119162592918 19
132120163577589 22
132121164742249 23
132122165554709 20
132123166600556 24
132124167764138 25
132125168648100 21
132126169620203 24
132127170565547 20
132128171600206 21
132129172632024 24
132130173582851 25
132131174642453 22
132132175604591 21
132133176665672 19
132134177657738 22
132135178850078 22
132136179595563 26
132137180610963 22
132138181616568 21
132139182780712 23
132140183712487 20
132141184566513 19
132142185654786 23
132143186833609 24
132144187587490 23
132145188584835 20
132146189559635 23
132147190584567 21
132148191666533 21
132149192948015 21
132150194153843 24
132151195608650 21
132152196913500 19
132153198143806 21
132154199353252 24
132155200576161 23
132156201762291 23
132157202938987 25
132158203696498 25
132159204581746 24
132160205564072 24
132161205930695 21
132162207144472 21
132163208366016 25
132164209631921 20
132165210562426 21
132166211594590 22
132167212600927 22
132168213747935 22
132169214595311 21
132170215776308 20
132171216587238 23
132172217607254 21
132173218881278 23
132174219713959 22
132175220929667 21
132176222197747 20
132177223531086 21
132178224592388 22
132179225691347 23
132180226619421 23
132181227802203 21
132182228722856 20
132183229642686 21
132184230619894 24
132185231963173 21
132186232611445 22
132187233587086 24
132188234755708 19
132189236022239 25
132190237272301 22
132191237592759 20
132192238608045 23
132193239765820 21
132194241087263 24
132195241591494 22
132196242582774 23
132197243844196 21
132198244596241 22
132199245830901 20
132200247282257 22
132201248649098 22
132202249838449 21
132203250761272 25
132204251921270 22
132205252708023 20
132206253986085 20
132207254574932 20
132208255960343 20
132209257709394 24
132210259049960 20
132211259591940 20
132212260687662 21
132213261581179 22
132214262558974 22
132215263578563 18
132216264608550 20
132217265604248 22
132218266577731 20
132219267597607 22
132220268833793 24
132221269867911 22
132222271017261 22
132223272262024 19
132224273457398 21
132225274559073 21
132226275591412 24
132227276584881 21
132228277747967 24
132229279066282 22
132230280243418 21
132231280590028 22
132232281783575 24
132233283021715 22
132234283587722 24
132235284656278 23
132236285808387 24
132237286965378 22
132238287558431 20
132239287898059 22
132240288585668 24
132241289767217 17
132242291021027 21
132243291572519 22
132244293077720 21
132245294523719 25
132246295633938 24
132247296846002 18
132248297667089 24
132249298604518 21
132250299587272 22
132251300657303 21
132252301899334 21
132253303101259 22
132254303565255 24
132255304583564 23
132256306157502 23
132257307376925 23
132258307797341 22
132259309316768 20
132260310697100 23
