141919158730226 0
141920159941610 0
141921161059195 0
141922161289853 0
141923162454734 0
141924163615841 0
141925164740083 0
141926165922148 0
141927166247223 0
141928167387126 0
141929168537828 0
141930169701933 0
141931170851707 0
141932171997323 0
141933173169856 0
141934174324015 0
141935175678537 0
141936176797848 0
141937177194778 0
141938178388506 0
141939179528564 0
141940180690721 0
141941181816809 0
141942182975409 0
141943184117499 0
141944185345105 0
141945186483569 0
141946187615770 0
141947188733720 0
141948189879732 0
141949190990271 0
141950192087647 0
141951193262860 0
141952194277405 0
141953195431391 0
141954196581464 0
141955197809349 3
141956198228163 16
141957199517543 40
141958200193114 55
141959201289655 70
141960202355035 113
141961203190856 127
141962204200512 152
141963205198579 153
141964206214082 150
141965207198031 170
141966208240236 174
141967209227194 189
141968210213408 169
141969211189388 162
141970212287888 175
141971213202043 190
141972214323072 174
141973215185016 196
141974216185751 183
141975219182282 187
141976220246166 195
141977221963009 178
141978223076846 198
141979223189396 176
141980224180980 177
141981225277247 190
141982226207617 175
141983227215069 162
141984228190056 178
141985232041521 197
141986232211136 187
141987233210573 178
141988234182116 188
141989235249564 180
141990236191831 191
141991237286168 191
141992238193221 197
141993239197998 176
141994240497981 176
141995241200521 173
141996242317083 166
141997243231201 167
141998244447274 173
141999245205766 169
142000246217560 189
142001247217861 181
142002248207022 169
142003249378166 182
142004250217643 170
142005251366566 173
142006252203423 176
142007253233120 186
142008254324862 179
142009255201083 177
142010256197404 173
142011257333761 180
142012258186245 169
142013259287567 172
142014260203323 182
142015261318310 176
142016262199991 176
142017263313911 156
142018264232072 175
142019265266161 177
142020266199828 161
142021267209330 179
142022268395189 191
142023269229974 181
142024270190780 172
142025271278277 166
142026272242678 200
142027273210858 166
142028274210362 198
142029275188365 174
142030276211658 189
142031277183416 182
142032278248235 187
142033279204307 179
142034280185855 184
142035281309918 185
142036282264675 181
142037283230822 182
142038284260237 196
142039285393855 168
142040286309651 169
142041287180767 175
142042288291373 188
142043289228240 175
142044290355990 173
142045291458604 172
142046292352329 186
142047293211503 170
142048294182275 196
142049295201485 162
142050296476492 179
142051297388387 197
142052298351968 169
142053299204511 190
142054300194357 173
142055301192256 193
142056302219870 180
142057303235487 184
142058304219539 190
142059305191244 161
142060306191097 179
142061307191701 175
142062308222303 192
142063309228425 193
142064310279655 185
142065311206632 163
142066312212090 157
142067313182111 186
142068314221847 199
142069315213586 172
142070316186091 179
142071317464325 180
142072318191293 182
142073319207952 168
142074320186741 169
142075321195156 187
142076322196375 167
142077323352543 171
142078324206177 168
142079325322116 161
142080326302557 187
142081327218309 180
142082328208075 203
142083329413083 186
142084330177537 170
142085331193292 185
142086332201803 187
142087333219001 173
142088334263284 177
142089335415500 168
142090336185029 185
142091337449273 173
142092338615774 185
142093339287940 185
142094340204067 164
142095341205253 186
142096342209210 165
142097343225834 182
142098344216221 180
142099345197901 180
142100346301357 179
142101347196123 179
142102348197650 175
142103349210670 182
142104350373118 179
142105351447924 195
142106352224902 175
142107353190907 161
142108354673568 171
142109355209501 192
142110356190536 192
142111357336475 174
142112358209581 197
142113359235535 171
142114360197496 192
142115361261018 193
142116362211002 190
142117363213457 174
142118364226190 168
142119365218758 182
142120366529254 186
142121367542696 194
142122368217940 192
142123369300057 173
142124370223142 179
142125371228763 201
142126372196739 189
142127373204152 183
142128374521091 183
142129375401029 203
142130376425129 182
142131377194228 173
142132378204620 184
142133379201739 188
142134380210807 169
142135381236682 186
142136382205838 178
142137383283079 183
142138384208595 177
142139385323300 177
142140386401683 177
142141387390123 172
142142388220925 185
142143389284375 167
142144390227822 181
142145391193650 170
142146392207118 177
142147393205350 178
142148394241101 192
142149395199504 178
142150396206895 181
142151397558492 160
142152398192186 166
142153399238499 168
142154400188589 190
142155401189731 206
142156402205166 178
142157403182247 185
142158404199191 191
142159405416682 183
142160406195291 193
142161407198579 192
142162408220031 188
142163409205639 172
142164410209928 188
142165411228698 176
142166412208733 190
142167413200415 189
142168414319267 185
142169415190303 168
142170416188180 199
142171417193157 188
142172418203649 176
142173419224043 169
142174420205300 179
142175421257142 168
142176422213459 187
142177423241924 155
142178424218136 194
142179425226536 163
142180426193885 187
142181427204753 160
142182428276512 181
142183429193443 171
142184430187602 182
142185431202635 169
142186432217823 179
142187433212211 172
142188434356226 163
142189435175251 175
142190436195478 189
142191437186434 201
142192438221957 192
142193439343503 193
142194440211229 163
142195441218708 179
142196442196109 183
142197443254049 190
142198444177620 176
142199445195070 154
142200446395403 173
142201447530605 179
142202448211002 181
142203449443790 187
142204450188165 190
142205451214479 188
142206452480121 171
142207453199951 190
142208454281896 185
142209455218803 170
142210456509755 198
142211457327982 178
142212458494208 183
142213459209828 191
142214460201305 176
142215461193890 175
142216462304986 185
142217463234458 182
142218464189431 154
142219465186626 169
142220466878912 195
142221467210051 170
142222468221097 181
142223469356335 179
142224470389462 174
142225471218392 171
142226472401641 173
142227473205958 171
142228474178854 174
142229475198624 175
142230476333062 183
142231477192927 170
142232478337033 168
142233479179071 178
142234480249428 176
142235481312943 174
142236482258756 168
142237483241635 197
142238484177334 184
142239485197163 183
142240486200722 161
142241487310279 184
142242488378275 197
142243489501087 168
142244490193645 184
142245491187006 180
142246492192643 171
142247493204210 197
142248494361073 179
142249495211301 190
142250496217644 189
142251497352131 174
142252498473645 178
142253499204078 182
