143977470889988 0
143978472054202 0
143979472243638 0
143980473487450 0
143981474830217 0
143982475997514 0
143983477164769 0
143984478368081 0
143985479521042 0
143986480210805 0
143987481369729 0
143988482509912 0
143989483666278 0
143990484829115 0
143991485986139 0
143992487168329 0
143993488357629 0
143994489489495 0
143995490637200 0
143996491562219 0
143997492707430 0
143998493770431 0
143999494796709 0
144000495822285 0
144001496838003 0
144002497972701 0
144003498776575 0
144004499909449 0
144005501211930 0
144006502445465 0
144007503401697 0
144008504537263 0
144009505886651 0
144010507067639 0
144011508431812 0
144012509589309 4
144013510269102 15
144014511194815 35
144015512208792 57
144016513226288 77
144017514195834 100
144018515206484 119
144019516407225 122
144020517710168 136
144021518403497 192
144022519181824 175
144023520207629 206
144024521203911 195
144025522570423 177
144026523412883 222
144027524201079 195
144028525193896 211
144029526186376 175
144030527196264 203
144031528192688 184
144032529211047 186
144033530197320 188
144034531219527 207
144035532186862 225
144036533208846 204
144037534216767 189
144038535189845 203
144039536341958 186
144040537202871 212
144041538215079 196
144042539353136 197
144043540196270 197
144044541224453 180
144045542221350 180
144046543402509 209
144047544213574 206
144048545374940 210
144049546218402 182
144050547270514 186
144051548210127 195
144052549195292 205
144053550277192 194
144054551194535 203
144055552205472 159
144056553235814 204
144057554417637 174
144058555198298 177
144059556198004 191
144060557191838 194
144061558257218 182
144062559206199 173
144063560199789 199
144064561247510 176
144065562329904 189
144066563210074 200
144067564373659 182
144068565439805 200
144069566277492 179
144070567184930 186
144071568309505 187
144072569437268 177
144073570199029 220
144074571215302 198
144075572218865 204
144076573217722 203
144077574218704 190
144078575199708 191
144079576197943 175
144080577204660 198
144081578203068 198
144082579543944 215
144083580183156 196
144084581187146 167
144085582280894 186
144086583207839 191
144087584206641 217
144088585197142 189
144089586226048 187
144090587314177 175
144091588235683 195
144092589683307 174
144093590203692 200
144094591178662 182
144095592233308 202
144096593280100 214
144097594240889 199
144098595212238 213
144099596210017 185
144100597186170 214
144101598193955 186
144102599188339 211
144103600188292 208
144104601193006 197
144105602305249 207
144106603205359 223
144107604222074 208
144108605210428 198
144109606189443 204
144110607205920 192
144111608209802 205
144112609176807 179
144113610185651 186
144114611191582 198
144115612189901 194
144116613192958 195
144117614214739 205
144118615195853 177
144119616233500 168
144120617248903 184
144121618217684 190
144122619201172 174
144123620207275 181
144124621174657 194
144125622205328 197
144126623242411 203
144127624210369 198
144128625212673 179
144129626189519 177
144130627444590 211
144131628188974 201
144132629352168 187
144133630205754 196
144134631229287 218
144135632198750 176
144136633194803 196
144137634230941 184
144138635398415 201
144139636198636 219
144140637190828 184
144141638302290 199
144142639271084 191
144143640200485 186
144144641508779 200
144145642278981 232
144146643454659 189
144147644226040 171
144148645194317 188
144149646382975 191
144150647212236 216
144151648408186 210
144152649205753 201
144153650333198 190
144154651228714 213
144155652195528 174
144156653190456 201
144157654273863 199
144158655285785 205
144159656532261 199
144160657196329 220
144161658219681 181
144162659203985 208
144163660373111 220
144164660757571 185
144165661629078 195
144166662330411 189
144167663235454 196
144168664186934 201
144169665214355 173
144170666194768 202
144171667527829 189
144172668319384 226
144173669193407 183
144174670252928 228
144175671190682 202
144176672201133 186
144177673214249 189
144178674267239 183
144179675292778 172
144180676549012 171
144181677416178 216
144182678195157 193
144183679340144 186
144184680872842 219
144185681646469 195
144186682852798 208
144187683950434 182
144188684196728 182
144189685226875 195
144190686188773 196
144191687223263 187
144192688304619 211
144193689403437 209
144194690200355 194
144195691209625 212
144196692191389 166
144197694187040 185
144198695207080 191
144199696263410 206
144200697178919 185
144201698251124 187
144202699195374 193
144203700206758 200
144204701195934 191
144205702187780 192
144206703279515 171
144207704201701 214
144208705206477 181
144209706394616 174
144210707209051 188
144211708404612 196
144212709231555 197
144213710243005 196
144214711195092 184
144215712210971 197
144216713192973 215
144217714317655 200
144218715184873 204
144219716212423 199
144220717173598 200
144221718178114 205
144222719203384 197
144223720230213 183
144224721192088 211
144225722185915 224
144226723202974 199
144227724279315 216
144228725482022 205
144229726280590 165
144230727296024 200
144231728249051 175
144232729180176 219
144233730190277 191
144234731207599 206
144235732184616 193
144236733308054 179
144237734227845 220
144238735218611 188
144239736205409 183
144240737216170 194
144241738208925 187
144242739204192 180
144243740322787 184
144244741496999 181
144245742534270 198
144246743549459 163
144247744210605 197
144248745386236 215
144249746187198 168
144250747320347 204
144251748213283 199
144252749186210 184
144253750312848 193
144254751211745 207
144255752247091 201
144256753410240 201
144257754336446 193
144258755225893 185
144259756204454 193
144260757284509 184
144261758278343 211
144262759235179 211
144263760189040 194
144264761264601 220
144265762225952 211
144266763329530 212
144267764693453 203
144268765786061 196
144269766549758 199
144270767289239 210
144271768406496 176
144272769213930 194
144273770207783 180
144274771277383 209
144275772217402 193
144276773199543 213
144277774177354 216
144278775225707 194
144279776206058 206
144280777282779 199
144281778300170 208
144282779199310 215
144283780199763 218
144284781213112 199
144285782198780 189
144286783219994 197
144287784425873 203
144288785341129 197
144289786196746 190
144290787180777 182
144291788299364 200
144292789222163 211
144293790227425 197
144294791313464 218
144295792205256 198
144296793188076 180
144297794204335 194
144298795303017 204
144299796284882 218
144300798453223 194
144301799223294 186
144302800207864 186
144303801565704 195
144304802227011 203
144305803636294 196
144306804210704 179
144307805263043 182
144308806217592 185
144309807222437 201
