145362645715320 0
145363646878402 0
145364648003026 0
145365649126984 0
145366650283898 0
145367651198542 0
145368652351831 0
145369653513448 0
145370654762484 0
145371655936049 0
145372657076019 0
145373658321780 0
145374659472255 0
145375660600596 0
145376661734743 0
145377662872345 0
145378664006615 0
145379665152725 0
145380666375294 0
145381666577958 0
145382667727327 0
145383668865751 0
145384670022124 0
145385671177688 0
145386672187428 0
145387673325929 0
145388674261224 0
145389675617522 0
145390676783466 0
145391678017889 0
145392679184099 0
145393680341107 0
145394681205762 0
145395682196062 0
145396683334637 0
145397684189422 2
145398685362244 20
145399686186688 33
145400687206029 51
145401688193059 72
145402689208978 107
145403690223105 115
145404691199325 136
145405692187640 141
145406693190370 145
145407694325058 166
145408695556160 162
145409696220543 192
145410697188772 194
145411698193143 188
145412699171137 183
145413700496070 172
145414701199700 183
145415702171191 188
145416703276438 199
145417704212711 184
145418705365418 217
145419706315094 172
145420707197334 237
145421708172459 197
145422709203081 198
145423710267480 213
145424711203780 181
145425717483680 213
145426718232401 200
145427719209985 200
145428720173728 193
145429721223201 214
145430722220265 223
145431723238947 200
145432724194003 218
145433726285624 206
145434727216198 206
145435728207370 191
145436729220040 185
145437730212264 190
145438731252102 167
145439732229478 207
145440733202837 186
145441734205371 202
145442735188462 185
145443736201083 180
145444737214622 194
145445738287197 162
145446739202141 201
145447740202868 203
145448742192186 205
145449743198015 204
145450744200533 197
145451745224969 190
145452746203183 183
145453747187397 203
145454748252495 193
145455749395239 204
145456750264827 182
145457751219590 201
145458752202157 191
145459753253542 177
145460754207854 217
145461755299608 199
145462756214458 217
145463757319233 198
145464758280286 186
145465759191439 180
145466760189750 187
145467761212809 215
145468762313761 201
145469763205508 198
145470764217318 195
145471765183837 200
145472766187135 215
145473767207926 221
145474768203299 204
145475769392434 201
145476770176029 205
145477771205306 191
145478772224569 174
145479773189310 216
145480774188790 212
145481775205907 200
145482776183748 187
145483777211124 177
145484778433818 207
145485779196333 193
145486780484663 220
145487781212488 195
145488782306094 191
145489783316494 230
145490784233048 188
145491785187621 187
145492786220379 196
145493787228383 210
145494788196791 220
145495789213180 164
145496790184687 183
145497791237269 217
145498792225337 203
145499793320975 179
145500794202563 189
145501795580059 190
145502796244699 170
145503797335096 187
145504798190758 182
145505799271758 176
145506800282872 187
145507801210990 221
145508802223616 195
145509803188409 183
145510804314365 195
145511805282433 204
145512806498367 209
145513807206160 190
145514808181456 194
145515809198411 207
145516810212950 209
145517811221784 197
145518812190969 191
145519813203280 213
145520814271632 206
145521815206395 209
145522816187160 207
145523817461764 213
145524818216603 202
145525819216968 209
145526820470873 198
145527821195412 182
145528822230950 205
145529823437082 211
145530824212003 195
145531825188889 203
145532826616227 203
145533827867249 215
145534828215342 191
145535829218979 202
145536830198141 196
145537831189680 187
145538832179511 186
145539833192817 222
145540834214765 202
145541835183824 168
145542836306276 193
145543837285305 198
145544838203976 215
145545839217959 191
145546840188112 196
145547841316598 184
145548842317729 211
145549843478161 207
145550844193504 203
145551845371872 221
145552846544842 226
145553847222655 181
145554850208209 193
145555851198395 210
145556852196605 181
145557853218990 186
145558854213679 190
145559855212158 181
145560856186345 199
145561857208206 171
145562858205147 192
145563859214438 188
145564860410452 191
145565861208605 203
145566862221089 197
145567863202555 203
145568864216971 214
145569865285198 195
145570866193170 202
145571867187517 186
145572868190179 204
145573869328381 215
145574870285938 199
145575871282344 201
145576872225881 196
145577873237084 219
145578874340433 177
145579875309549 189
145580876231216 199
145581877218444 206
145582878207608 209
145583879221201 183
145584880221371 199
145585881207257 190
145586882368074 207
145587883208384 214
145588884277631 200
145589885238157 206
145590886208072 216
145591887303924 221
145592888192410 163
145593889187197 185
145594890260130 199
145595891208285 199
145596892229202 207
145597893207887 187
145598894238321 193
145599895282531 182
145600896205947 209
145601897222965 201
145602898199598 204
145603899196711 197
145604900233115 231
145605901207537 201
145606902310292 209
145607903200523 200
145608904191624 197
145609905209793 189
145610906204584 189
145611907219817 199
145612908195229 196
145613909217527 204
145614910204243 204
145615911218294 184
145616912211178 199
145617913307315 211
145618914192475 207
145619915197486 173
145620916219772 209
145621917352421 187
145622918198874 202
145623919357370 182
145624920254811 196
145625921265963 187
145626922205492 212
145627923198669 201
145628924198225 196
145629925184603 180
145630926287095 214
145631927198634 209
145632928229477 218
145633929220391 205
145634930220920 214
145635931195939 189
145636932211878 202
145637933196651 219
145638934244428 194
145639935201591 193
145640936547774 209
145641937194281 202
145642938277303 226
145643939219334 201
145644940182967 205
145645941289987 228
145646942189575 177
145647943286614 187
145648944299157 198
145649945342042 199
145650946199289 179
145651947182766 189
145652948194379 215
145653949399073 219
145654950517406 201
145655951189282 200
145656952185899 184
145657953303326 194
145658954207404 174
145659955327671 202
145660956192498 198
145661957203428 216
145662958196530 190
145663959213432 206
145664960184176 236
145665961213454 181
145666962219738 229
145667963189590 233
145668964337764 214
145669965209508 191
145670966207295 197
145671967194279 199
145672968210099 223
145673969197383 191
145674970241242 200
145675971210889 187
145676972272831 165
145677973387185 203
145678974290075 199
145679975200956 226
145680976193971 219
145681977196639 180
145682978232243 203
145683979233853 216
145684980194564 200
145685981225476 177
145686982198723 213
145687983189417 181
145688984225951 177
145689985209736 222
145690986255951 199
145691987225997 180
145692988208324 191
145693989223499 197
145694990202669 191
145695991189143 219
