145707256955479 0
145708258222254 0
145709259409300 0
145710260654562 0
145711261828305 0
145712263023995 0
145713264173746 0
145714265412908 0
145715266566088 0
145716267563173 0
145717268582487 0
145718269744270 0
145719271036312 0
145720272198624 0
145721273340417 0
145722274634295 0
145723275582943 0
145724276749106 0
145725277562544 0
145726278746619 0
145727279928929 0
145728281061671 0
145729281560747 0
145730282729636 0
145731283901498 0
145732285133778 0
145733285602315 0
145734286751934 0
145735287909337 0
145736289076636 0
145737290233729 0
145738291408395 0
145739291556284 0
145740292578086 0
145741293835795 0
145742295001342 0
145743296153337 0
145744297529148 0
145745298575046 5
145746299735975 8
145747300599132 14
145748301567453 33
145749302574590 62
145750303697451 94
145751304561117 101
145752305553461 117
145753306581959 127
145754307826584 134
145755308568288 153
145756309702870 183
145757310566742 209
145758311598436 202
145759313636528 181
145760314571923 195
145761315942954 208
145762316662606 197
145763318357642 206
145764318554858 213
145765319599587 178
145766321559827 194
145767322590063 193
145768323783623 192
145769324570581 195
145770325576345 218
145771327557157 204
145772328559561 195
145773329579207 190
145774330580467 191
145775331568356 206
145776332602296 204
145777333581882 222
145778334579285 180
145779335654941 227
145780336623986 212
145781338564989 187
145782339602884 220
145783340590104 215
145784341585611 212
145785342572532 220
145786343567561 175
145787344964799 209
145788345580409 191
145789346576642 208
145790347944005 193
145791349564807 200
145792350577614 214
145793351576532 183
145794352562761 179
145795354379287 214
145796355272693 179
145797355565298 191
145798356569439 212
145799357808193 208
145800358669334 203
145801359569440 220
145802360686337 192
145803361634368 163
145804362588063 176
145805363688784 214
145806364696417 180
145807365587335 205
145808366651191 220
145809367562961 194
145810368546464 189
145811369659794 186
145812370633208 194
145813372342365 215
145814373585014 194
145815374616830 202
145816375583503 213
145817377313352 189
145818377580218 210
145819378706497 177
145820379574347 204
145821380580526 192
145822381680582 211
145823382618165 183
145824383550576 195
145825384584774 190
145826385599616 209
145827387569552 174
145828388574831 202
145829389549188 224
145830390619936 191
145831391552684 197
145832392574496 202
145833393744877 194
145834394566322 186
145835395579024 192
145836396801794 198
145837397650008 186
145838398615251 194
145839399545932 206
145840400575298 195
145841401643258 215
145842402738692 213
145843403591010 216
145844404576512 195
145845405575308 211
145846408581989 196
145847409611401 196
145848410555900 196
145849411545199 198
145850412612524 229
145851413586009 190
145852415080953 209
145853415947208 176
145854416699172 219
145855417544556 184
145856418603340 185
145857419672103 199
145858420582714 193
145859421616380 187
145860422556475 147
145861423589872 213
145862424644673 195
145863425637545 186
145864426623628 201
145865427536866 191
145866429150033 221
145867430568848 214
145868431591831 178
145869432581577 203
145870434099706 218
145871435389924 215
145872435586720 202
145873436755455 187
145874437578413 202
145875438589580 197
145876439681356 198
145877440664098 213
145878442632563 208
145879443587683 190
145880444629903 215
145881445608650 199
145882446582233 202
145883447679403 197
145884449655290 196
145885450568187 219
145886451546364 198
145887452575747 229
145888453719531 220
145889454780201 164
145890455770366 198
145891456951357 179
145892457941154 215
145893458575464 192
145894459586724 205
145895460590935 231
145896461584323 177
145897462588499 196
145898463616269 190
145899464599197 202
145900465626441 197
145901466665126 220
145902467602760 193
145903468544377 212
145904469713508 188
145905470583909 214
145906471761130 217
145907472551127 208
145908473761041 190
145909475078644 222
145910475603892 195
145911476583984 220
145912477825417 215
145913478819707 189
145914480051085 171
145915480570530 193
145916481602310 193
145917482920047 197
145918483560187 195
145919484555167 163
145920485599015 178
145921486761345 204
145922487602052 205
145923488734692 225
145924489600061 193
145925490546922 196
145926491567382 193
145927492615648 198
145928493607817 206
145929494574779 218
145930495581868 195
145931496619659 188
145932497548275 208
145933498584761 187
145934499801269 190
145935500545226 197
145936501565257 234
145937502576816 215
145938503718311 185
145939504918553 174
145940506013574 219
145941507025766 199
145942507596136 218
145943508632865 203
145944509551248 214
145945510621303 205
145946511566031 177
145947513078904 198
145948513786862 211
145949514565852 198
145950515603754 224
145951516646264 192
145952517602989 199
145953518556648 231
145954519624190 202
145955520758307 210
145956521565531 225
145957522581233 198
145958523574001 217
145959524557354 180
145960525594901 197
145961526555419 203
145962527555712 165
145963528580611 209
145964529554091 193
145965532547919 221
145966533589700 199
145967534850331 198
145968535817089 235
145969536614151 196
145970537659568 214
145971538604361 193
145972539848404 199
145973540589351 218
145974541763209 208
145975542885953 173
145976544556567 182
145977545685550 177
145978546733024 196
145979547610989 198
145980548620503 172
145981550547540 196
145982551579690 192
145983552616233 190
145984553558826 168
145985554581819 195
145986555565119 191
145987556574752 201
145988557902399 198
145989558582571 202
145990559588453 225
145991560553391 213
145992561784125 221
145993562561003 198
145994563559991 214
145995564599909 195
145996565586709 205
145997566592333 206
145998567569281 225
145999568780597 189
146000569585332 218
146001570580475 178
146002572181146 203
146003572580449 223
146004575129060 191
146005575816460 220
146006576645567 192
146007577971234 204
146008578559265 189
146009579537333 211
146010580596194 216
146011581624929 191
146012582636526 181
146013583585783 193
146014584584074 192
146015585637892 194
146016586645917 191
146017587548628 214
146018588600338 220
146019589566998 173
146020590604866 201
146021591596360 205
146022592558502 190
146023593596414 214
146024594558704 203
146025595553418 195
146026596566458 198
146027597698112 202
146028598616210 207
146029599730239 194
146030600801852 188
146031601794705 201
146032602609444 219
146033603591953 169
146034605602134 207
146035607156692 183
146036608563296 191
146037609549424 194
146038610682378 221
146039611598990 194
146040613064021 194
146041613719574 180
146042614538748 200
