146400265127292 0
146401266361772 0
146402267820500 0
146403268997809 0
146404270169101 0
146405271346012 0
146406272610094 0
146407273852523 0
146408274569402 0
146409275712589 0
146410276691583 0
146411277622094 0
146412278833766 0
146413280006671 0
146414281347446 0
146415282569191 0
146416283750375 0
146417285042246 0
146418286210918 0
146419287228228 0
146420288268257 0
146421289546499 0
146422290742947 0
146423291381715 0
146424292822593 0
146425294114270 0
146426294610378 0
146427295803178 0
146428296965066 0
146429298324833 0
146430299659954 0
146431300764264 0
146432302012175 0
146433303289464 0
146434304796840 0
146435305846449 0
146436306063109 0
146437306682100 3
146438307625943 12
146439308562111 13
146440309540947 20
146441310588234 52
146442311568357 82
146443312565176 109
146444313661082 100
146445314566423 117
146446315574049 147
146447316747420 137
146448317567513 141
146449318653544 151
146450319649908 195
146451321030558 191
146452322445952 199
146453323644766 198
146454324819601 201
146455325981004 195
146456326659097 181
146457327701153 187
146458328932815 193
146459330334119 181
146460331578845 199
146461332560490 214
146462333592033 196
146463334648934 188
146464335541445 197
146465336694796 193
146466337950816 153
146467338726726 221
146468339588074 200
146469341061332 202
146470341633135 191
146471344585495 222
146472345652191 234
146473346582616 192
146474346946678 210
146475347886386 231
146476348981657 198
146477349559107 194
146478350994146 217
146479351972378 194
146480352567647 213
146481354589590 217
146482355578876 183
146483356592278 201
146484357561088 182
146485358593321 207
146486359573992 189
146487360582180 175
146488361586687 202
146489362585254 180
146490363574503 209
146491364596697 206
146492365578482 203
146493366569400 212
146494367634348 212
146495368572342 217
146496369579783 205
146497371071998 212
146498373201906 201
146499373629851 207
146500374635688 189
146501375603403 201
146502376543509 190
146503378568860 187
146504379567006 200
146505380571755 189
146506381568143 207
146507382571227 209
146508383592904 196
146509384571964 201
146510385616710 191
146511386590107 185
146512387589581 199
146513388569757 217
146514389618554 231
146515390573604 228
146516391606695 184
146517392562597 190
146518393576447 182
146519394546939 188
146520396555941 201
146521397594825 188
146522398624731 194
146523400059198 198
146524400824321 177
146525401768645 196
146526403226554 194
146527404587121 192
146528405571974 202
146529406691423 194
146530407626268 211
146531408599785 224
146532409593053 189
146533410597902 198
146534411571734 210
146535412565240 201
146536413612896 218
146537414593513 214
146538415607633 213
146539416553919 202
146540417577017 207
146541418755657 191
146542419555695 218
146543420572935 212
146544421660889 216
146545423298225 180
146546424078710 192
146547424659784 202
146548425561972 206
146549426554133 174
146550427573626 189
146551428566267 210
146552429691508 201
146553430638500 223
146554431580988 196
146555432569216 201
146556433614252 178
146557434593162 176
146558435567218 203
146559436605491 195
146560437569423 225
146561438636672 190
146562439624439 189
146563440598178 213
146564441610592 196
146565442574684 192
146566443557615 211
146567444574312 201
146568445647768 206
146569446567618 221
146570448571127 193
146571449611825 206
146572450570164 192
146573451630496 197
146574452705266 183
146575453559650 179
146576454610783 202
146577455770187 177
146578456580269 157
146579457659533 194
146580458579405 206
146581459914358 194
146582460568312 176
146583461722288 184
146584462586683 190
146585463631977 186
146586465464007 206
146587466807596 184
146588467824022 198
146589468669664 183
146590469661657 195
146591470577298 213
146592471626279 209
146593473580059 179
146594474568540 218
146595475568491 201
146596476560050 185
146597478056845 209
146598479600535 238
146599480616147 186
146600481568370 218
146601482857974 227
146602483548074 202
146603486319925 178
146604487271414 183
146605487612202 217
146606488593063 192
146607489586369 211
146608490637261 211
146609491629223 185
146610492577416 203
146611493588045 188
146612494595246 206
146613495826179 203
146614496590562 208
146615497587175 197
146616498799965 202
146617499576359 200
146618500554699 209
146619501591184 198
146620502557217 182
146621503562362 210
146622504547588 183
146623505634980 207
146624506629918 194
146625507566960 195
146626508619873 195
146627509562837 190
146628510715206 211
146629512559981 194
146630513591109 183
146631514591008 231
146632515556485 213
146633516545823 243
146634517576056 201
146635518562160 180
146636519639871 194
146637520562623 185
146638521593860 198
146639522573501 204
146640523683715 191
146641524573100 217
146642525589721 188
146643526679507 183
146644527572138 184
146645528624840 190
146646529626756 194
146647530574682 211
146648531657508 199
146649532637960 199
146650533622000 195
146651534664131 193
146652535605320 195
146653536581341 209
146654537596433 209
146655538602536 213
146656539556777 211
146657540780988 215
146658541591099 184
146659542696205 212
146660543649222 209
146661544589059 168
146662545640777 191
146663546565064 227
146664547611707 188
146665548596427 195
146666549609012 186
146667550776175 201
146668551893870 214
146669552952271 177
146670553591004 224
146671554899578 216
146672557926152 207
146673558867038 196
146674560436671 188
146675561665487 201
146676562593059 202
146677563555885 186
146678564610603 199
146679565642248 168
146680566738163 204
146681567727169 196
146682568582523 204
146683570860061 214
146684572001957 187
146685572793787 187
146686573603783 197
146687576635506 205
146688577651667 229
146689582183055 200
146690582644242 192
146691583782810 209
146692584630651 208
146693585600307 242
146694588157587 192
146695589630699 190
146696590603593 194
146697591708168 196
146698592628370 195
146699593589103 170
146700594569752 204
146701595597856 196
146702596606705 212
146703597595546 218
146704598741038 180
146705599613153 206
146706600637954 186
146707601665140 197
146708602912292 198
146709603593552 196
146710604613217 187
146711605692105 200
146712606559685 202
146713607567117 203
146714608635130 167
146715609622320 190
146716610693857 198
146717611745106 202
146718612595290 203
146719613552240 206
146720614581802 212
146721615883462 215
146722616730297 209
146723619564863 219
146724620585662 214
146725621565653 200
146726622548292 206
146727623953026 221
146728624673099 187
146729625695796 164
146730626644546 218
146731627589249 207
146732628649627 220
146733629640607 228
146734630545908 189
