147436509762645 0
147437510036876 0
147438511175037 0
147439512320067 0
147440513464962 0
147441514616611 0
147442515773805 0
147443516934670 0
147444518080376 0
147445518953102 0
147446520097134 0
147447521210812 0
147448522462605 0
147449523594786 0
147450524746557 0
147451525891793 0
147452527043018 0
147453527189435 0
147454528413996 0
147455529541930 0
147456530713222 0
147457531895153 0
147458532206245 0
147459533184307 0
147460534313583 0
147461535476757 0
147462536658746 0
147463537200344 0
147464538420622 0
147465539581625 0
147466540740649 0
147467541976104 0
147468543188780 0
147469544061750 0
147470545216712 0
147471546344257 0
147472547189090 0
147473548325634 0
147474549554622 5
147475550692337 16
147476551829949 29
147477552946757 47
147478554073052 57
147479554204325 70
147480555308664 95
147481556195349 133
147482557209064 134
147483558202545 113
147484559187001 129
147485560230668 143
147486561203625 148
147487562222044 170
147488563208018 165
147489564232148 151
147490565210768 203
147491566292896 219
147492567258483 187
147493568197670 199
147494569205567 199
147495570190018 200
147496571433736 207
147497572290043 204
147498573224755 199
147499574189304 181
147500575317381 195
147501576433918 187
147502577212189 230
147503578209907 205
147504579191287 195
147505580202795 208
147506581249132 209
147507582227289 201
147508583230209 224
147509585445342 179
147510586220499 196
147511587195546 207
147512588195750 213
147513589275731 207
147514590191111 206
147515591190490 184
147516592336717 212
147517593610437 214
147518594220383 208
147519595199591 188
147520596230828 193
147521597379142 197
147522598227068 214
147523599305161 190
147524600191177 184
147525601196183 199
147526602264839 215
147527603187366 208
147528604211793 203
147529605248909 212
147530606207669 194
147531607213134 231
147532608312829 180
147533609415860 223
147534610202908 194
147535611225074 180
147536612368564 200
147537613216240 211
147538614194868 166
147539615204025 182
147540616189882 201
147541617189050 205
147542618313256 190
147543619455165 197
147544620309283 186
147545621565151 199
147546622213526 182
147547623346839 194
147548624218024 191
147549625193942 190
147550626211345 195
147551627272863 192
147552628348108 189
147553629214915 225
147554630208272 184
147555631194517 204
147556632205632 199
147557633193540 201
147558634187042 181
147559635293869 197
147560636312912 189
147561637302496 180
147562638233913 187
147563639201316 213
147564640198952 203
147565641192525 194
147566642187185 221
147567643227639 205
147568644180864 220
147569645203585 202
147570646195102 222
147571647205309 197
147572648228852 198
147573649208527 206
147574650181427 207
147575651276706 185
147576652238034 198
147577653194364 202
147578654190464 208
147579655182898 184
147580656186106 206
147581657221034 177
147582658204133 197
147583659193361 210
147584660205427 180
147585661220096 198
147586662342611 224
147587663214428 174
147588664210663 253
147589665207186 209
147590666234110 208
147591667220307 187
147592668195980 186
147593669438040 201
147594670220731 186
147595671237469 187
147596672201155 204
147597673206342 200
147598674216421 196
147599675410293 198
147600676216468 170
147601677187698 184
147602678309643 184
147603679200062 171
147604680287684 172
147605681468681 212
147606682212594 177
147607683292772 184
147608684461505 184
147609685177742 190
147610686215442 229
147611687344874 186
147612688210375 213
147613689322563 171
147614690187818 213
147615691190644 223
147616692231609 204
147617693196981 205
147618694323080 205
147619695379419 195
147620696226726 188
147621697209554 178
147622698197404 228
147623699196847 189
147624700197963 203
147625701211350 207
147626702226763 177
147627703202216 206
147628704189872 202
147629705203075 199
147630706196241 194
147631707284475 175
147632708205032 211
147633709184138 177
147634710183335 209
147635711219838 199
147636712188352 202
147637713190036 220
147638714188070 181
147639715237871 218
147640716213435 201
147641717194882 191
147642718194150 223
147643719182220 198
147644720276201 225
147645721191222 221
147646722231663 211
147647723200769 202
147648724380191 186
147649725203616 196
147650726194109 211
147651727195928 189
147652728345786 229
147653729192450 232
147654730225828 197
147655731257366 208
147656732198044 179
147657733210742 189
147658734225734 205
147659735237785 194
147660736545890 210
147661737658340 187
147662738202167 204
147663739179738 164
147664740321167 197
147665741230155 211
147666742337093 190
147667743197990 201
147668744245731 176
147669745199399 201
147670746202551 232
147671747282001 215
147672748185786 204
147673749210708 199
147674750202513 194
147675751182321 195
147676752179161 180
147677753205974 208
147678754333131 210
147679755201299 203
147680756185715 209
147681757207363 198
147682758210678 197
147683759292512 194
147684760191205 200
147685761205562 185
147686762201442 197
147687763594125 205
147688764323694 205
147689765199456 202
147690766192244 212
147691767186586 213
147692768215424 198
147693769222955 214
147694770199437 212
147695771195596 194
147696772215457 203
147697774184322 176
147698775316513 191
147699776501764 201
147700777198516 195
147701778184846 201
147702779258456 199
147703780547033 168
147704781221961 202
147705782479702 180
147706783290388 191
147707784201979 207
147708785217695 197
147709786202166 184
147710787316735 209
147711788456010 182
147712789198629 193
147713790222596 184
147714791191829 224
147715792184658 180
147716793212827 171
147717794492526 186
147718795513262 192
147719796377741 193
147720797193349 203
147721798206730 204
147722799205878 195
147723800191714 201
147724801294636 201
147725802228142 179
147726803215597 189
147727804275328 197
147728805215515 176
147729806205428 204
147730807288920 204
147731808202601 204
147732809280978 202
147733810272574 164
147734811232395 194
147735812268882 189
147736813211455 201
147737814254658 216
147738815662800 184
147739816202382 210
147740817209133 213
147741818220854 197
147742819217348 250
147743820214617 181
147744821271629 219
147745822184734 207
147746823187636 174
147747824394330 190
147748825264828 206
147749826217713 198
147750827203407 192
147751828427115 204
147752829188329 211
147753830278799 193
147754831342925 206
147755832476202 207
147756833306923 194
147757834216157 213
147758835182703 181
147759836198626 197
147760837216813 208
147761838370140 184
147762839203279 218
147763840192461 193
147764841323764 187
147765842213170 206
147766843205807 199
147767844199239 198
147768845183803 206
147769846331149 213
147770847190676 218
147771848177588 207
147772849226505 199
