1619481045690521364 33384
1619481046690528116 33860
1619481047690506680 34040
1619481048690561154 34279
1619481049690523395 33706
1619481050690562826 33913
1619481051690516519 35053
1619481052690577260 34562
1619481053690531866 34609
1619481054690506589 34587
1619481055690515734 34624
1619481056690535355 33714
1619481057690529454 33915
1619481058690510369 34085
1619481059690513946 34377
1619481060690577850 34683
1619481061690518363 34882
1619481062690519519 34860
1619481063690535900 34880
1619481064690504705 34904
1619481065690501645 35704
1619481066690515721 35585
1619481067690520873 35398
1619481068690534283 35740
1619481069690503668 35172
1619481070690515839 34242
1619481071690510574 34783
1619481072690528450 34423
1619481073690531339 35178
1619481074690507230 34623
1619481075690541790 35411
1619481076690524070 35099
1619481077690505021 35138
1619481078690513809 35114
1619481079690598004 35151
1619481080690505356 35545
1619481081690525218 35225
1619481082690502507 34437
1619481083690518857 35038
1619481084690513918 34129
1619481085690502012 34916
1619481086690501198 35040
1619481087690512820 35038
1619481088690512836 34926
1619481089690516391 34433
1619481090690515409 34329
1619481091690546920 35089
1619481092690499753 35253
1619481093690523700 35156
1619481094690523269 35133
1619481095690512563 35254
1619481096690512194 35205
1619481097690522315 34367
1619481098690503836 34454
1619481099690511444 34152
1619481100690505440 35075
1619481101690543627 34448
1619481102690508035 34657
1619481103690518150 35008