1619480886187837018 34301
1619480887187849137 34287
1619480888187885090 34329
1619480889187885755 34450
1619480890187835827 34661
1619480891187849512 34668
1619480892187849989 35472
1619480893187863402 34868
1619480894187890357 35024
1619480895187951123 35583
1619480896187825634 35208
1619480897187836163 35163
1619480898187851195 34803
1619480899187826983 35057
1619480900187845185 35080
1619480901187850007 34948
1619480902187883008 34678
1619480903187836480 34449
1619480904187837986 34382
1619480905187826238 35036
1619480906187830132 34609
1619480907187844285 34644
1619480908187838582 34368
1619480909187872692 35335
1619480910187854954 34550
1619480911187830533 34886
1619480912187863975 34709
1619480913187878740 34887
1619480914187833798 34980
1619480915187833160 35106
1619480916187891423 35139
1619480917187836026 35041
1619480918187835747 35464
1619480919187852962 34831
1619480920187831701 36101
1619480921187847921 35892
1619480922187873284 34463
1619480923187844190 35562
1619480924187837134 34756
1619480925187827716 34705
1619480926187852533 35263
1619480927187839102 35442
1619480928187879078 35719
1619480929187842543 35147
1619480930187845263 35075
1619480931187830420 35014
1619480932187851351 34743
1619480933187827640 34421
1619480934187833490 34848
1619480935187842632 34446
1619480936187828064 34905
1619480937187862545 35184
1619480938187878292 34916
1619480939187855105 35902
1619480940187828087 35091
1619480941187857228 35440
1619480942187851193 34750
1619480943187845427 35323
1619480944187835701 34700