1619476702363345153 3269
1619476703363423863 3266
1619476704363345402 3254
1619476705363447141 3269
1619476706363440219 3280
1619476707363446852 3277
1619476708363409538 3272
1619476709363446713 3259
1619476710363412128 3264
1619476711363427752 3266
1619476712363407347 3264
1619476713363447549 3260
1619476714363416168 3258
1619476715363443288 3274
1619476716363456105 3270
1619476717363447944 3259
1619476718363330751 3266
1619476719363441508 3271
1619476720363437702 3263
1619476721363444635 3263
1619476722363420379 3272
1619476723363401038 3256
1619476724363447096 3251
1619476725363518477 3302
1619476726363488257 3255
1619476727363402063 3275
1619476728363349413 3276
1619476729363414046 3277
1619476730363334636 3278
1619476731363437100 3271
1619476732363422928 3253
1619476733363352675 3254
1619476734363369229 3251
1619476735363389821 3262
1619476736363454637 3256
1619476737363403406 3260
1619476738363438752 3266
1619476739363408552 3268
1619476740363446504 3268
1619476741363416694 3272
1619476742363400156 3276
1619476743363445049 3272
1619476744363383879 3263
1619476745363507664 3260
1619476746363408717 3272
1619476747363449465 3268
1619476748363451218 3260
1619476749363387596 3265
1619476750363425941 3267
1619476751363373742 3265
1619476752363364880 3265
1619476753363402791 3256
1619476754363454685 3264
1619476755363448692 3265
1619476756363434039 3274
1619476757363452111 3252
1619476758363410768 3259
1619476759363456588 3260
1619476760363436819 3272
