1654669525622687833 17
1654669526623861213 39
1654669527625003149 57
1654669528625537678 39
1654669529626679893 52
1654669530627915378 31
1654669531629076667 50
1654669532629513132 52
1654669533630640694 55
1654669534631812110 43
1654669535632995410 28
1654669536634173512 11
1654669537635362723 17
1654669538636507161 70
1654669539637642435 47
1654669540638780985 48
1654669541639920069 62
1654669542641086496 32
1654669543641575575 49
1654669544642715469 56
1654669545643843408 76
1654669546645031810 45
1654669547646209679 55
1654669548647384116 67
1654669549648557169 58
1654669550649740046 72
1654669551650916449 40
1654669552652078370 66
1654669553653246480 43
1654669554654410250 14
1654669555655589474 68
1654669556656761429 29
1654669557657568317 97
1654669558658692455 65
1654669559659881799 66
1654669560661061715 95
1654669561662225854 45
1654669562663426545 90
1654669563664594046 51
1654669564665679294 55
1654669565666858069 38
1654669566668036612 42
1654669567669212850 38
1654669568669508743 57
1654669569669598766 38
1654669570670777513 40
1654669571671955450 57
1654669572673123035 42
1654669573673509682 43
1654669574674633187 40
1654669575675817424 42
1654669576676991353 64
1654669577677532334 69
1654669578678711543 52
1654669579679841646 57
1654669580680968701 22
1654669581681542033 35
1654669582682761134 43
1654669583683938340 60
1654669584685125664 55
1654669585685696456 54
1654669586686813128 45
1654669587687990904 42
1654669588689178111 38
1654669589689559704 67
1654669590690693198 22
1654669591691883384 54
1654669592693053683 44
1654669593693564537 48
1654669594694685886 45
1654669595695836790 39
1654669596697013874 103
1654669597698183539 43
1654669598699356850 62
1654669599700548806 74
1654669600701703069 75
1654669601702870521 42
1654669602704050607 36
1654669603705230155 39
1654669604706418533 55
1654669605707603478 54
1654669606708777588 39
1654669607709946906 36
1654669608711080855 43
1654669609712268592 70
1654669610713429210 85
1654669611713627713 49
1654669612714745808 48
1654669613715909887 58
1654669614717078626 66
1654669615718244816 50
1654669616719395087 13
1654669617720246486 9
1654669618721485321 1
1654669619722742628 2
1654669620723998372 2
1654669621725236867 5
1654669623727708895 1
1654669624728938995 3
1654669625730172336 1
1654669627732662452 3
1654669629735149804 1
1654669637745064997 1
