1654669343604379446 11
1654669344605499912 51
1654669345606677981 29
1654669346607809646 16
1654669347608932402 37
1654669348610110618 48
1654669349611311263 32
1654669350612349388 55
1654669351613486217 68
1654669352614664223 36
1654669353615838682 32
1654669354617053531 53
1654669355618219384 85
1654669356619329534 72
1654669357620561977 45
1654669358621691105 42
1654669359622873308 10
1654669360624085615 60
1654669361625290493 70
1654669362626431440 59
1654669363627599902 38
1654669364628383767 57
1654669365629516351 42
1654669366630640054 49
1654669367631815919 67
1654669368632325848 68
1654669369633425049 39
1654669370634613285 77
1654669371635795122 60
1654669372636961512 73
1654669373638112522 73
1654669374639244090 55
1654669375640360900 50
1654669376641489285 58
1654669377642663600 80
1654669378643755465 63
1654669379644353929 51
1654669380645514660 60
1654669381646694517 77
1654669382647869118 57
1654669383649043050 57
1654669384650210568 54
1654669385651046652 37
1654669386652347695 47
1654669387653632101 48
1654669388654864635 53
1654669389656101481 45
1654669390656379794 40
1654669391657612987 9
1654669392658857690 33
1654669393660092789 54
1654669394661342460 47
1654669395662574656 76
1654669396663764919 34
1654669397664983017 68
1654669398666136617 44
1654669399667356083 45
1654669400668198600 56
1654669401669371033 76
1654669402670605996 68
1654669403671841952 27
1654669404672999813 14
1654669405674239334 24
1654669406675335955 49
1654669407676460604 57
1654669408677045426 58
1654669409678286956 38
1654669410679513488 41
1654669411680743967 70
1654669412681964908 46
1654669413683204653 22
1654669414684343904 13
1654669415685648214 49
1654669416686866241 62
1654669417688102296 74
1654669418689323862 52
1654669419690561364 70
1654669420691819260 34
1654669421693065226 29
1654669422694299642 66
1654669423695507356 58
1654669424696416860 58
1654669425697622646 44
1654669426698872662 26
1654669427700118173 42
1654669428701326321 85
1654669429702578606 32
1654669430703820587 55
1654669431704290851 50
1654669432705466694 60
1654669433706672940 66
1654669434707885872 25
1654669435709130612 24
1654669436710362947 13
1654669437711595892 12
1654669438712866135 9
1654669439714106438 14
1654669440715348721 6
1654669441716590362 5
1654669442717824753 5
1654669443719054839 6
1654669444720292438 6
1654669445721535686 3
1654669446722766287 5
1654669447723993148 1
1654669448725222569 1
1654669449726464302 3
1654669450727713265 5
1654669451728940286 1
1654669454732665274 4
1654669455733918082 2
1654669456735156475 2
1654669457736394241 5
1654669458737627027 5
1654669459738880891 6
1654669460740143001 2
1654669461741366795 2
1654669462742540617 1
1654669467748641629 1
