1656101251444306809 319543893
1656101251753818392 23373948
1656101251972104343 15476298
1656101253185268468 1005803503
1656101253389371300 3854719
1656101253595911873 3460820
1656101253800205335 3554560
1656101254005783737 5174819
1656101254213479399 4872249
1656101254424780761 7157210
1656101254631710583 6628400
1656101254841969375 4831470
1656101255058517446 12126948
1656101255264485609 5572090
1656101255471349030 6558769
1656101255676123223 4455880
1656101256900735337 1020558152
1656101257118415748 4927789
1656101257327925890 7431849
1656101257557223270 10550489
1656101257785856870 19600058
1656101257996810362 9703079
1656101258210214634 12467679
1656101258456801132 42006876
1656101258673676504 7156220
1656101258885258165 8880459
1656101259096843157 11033289
1656101259319774457 11080668
1656101259545250568 10482659
1656101259768904369 9258279
1656101259999741979 17777179
1656101260231359339 20498338
1656101260455551850 15697179
1656101260713228328 50560736
1656101260919970480 6258980
1656101261125924922 5551289
1656101261335131414 7248200
1656101261562792024 18419569
1656101261780542065 14275589
1656101261996073876 11288859
1656101262205974708 4013549
1656101262413725910 4056999
1656101262618850002 4431459
1656101262827537384 4385920
1656101263035448866 4328330
1656101263242110858 3651859
1656101263446005841 3612190
1656101263661226312 5126860
1656101263872154154 10172160
1656101264086512945 13998029
1656101264304213036 11409099
1656101264539084126 17221399
1656101264765190697 11492070
1656101264975561478 9765129
1656101265187800889 11620518
1656101265402117461 10283699
1656101265615866893 5845780
1656101265825752404 8058879
1656101266033398526 3997859
1656101266247668988 7683039
1656101266461158630 10656940
1656101266694039480 8664260
1656101266912765021 17380919
1656101267147687011 26756648
1656101267378474790 8595669
1656101267597847671 10717958
1656101267810937623 8389919
1656101268035937674 6049320
1656101268257984635 13684179
1656101268474090956 15733158
1656101268691858197 13644968
1656101268900764099 4551499
1656101269110850811 3952890
1656101269316655983 4783039
1656101269527851315 5129299
1656101269735676197 7393769
1656101269943715739 4220379
1656101270153631071 3727850
1656101270361142313 3878330
1656101270568208985 3468200
1656101270773948238 5286660
1656101270982933299 5140499
1656101271190984882 6597070
1656101271396044294 4639110
1656101271602024016 5289480
1656101271807132848 4219960
1656101272020394190 10380850
1656101272233129411 3906889
1656101272444611083 6537060
1656101272651935125 6530630
1656101272866795537 6622240
1656101273078061168 3934659
1656101273286068260 6335169
1656101273527934380 8352400
1656101273752959710 4026320
1656101273964074952 5028710
1656101274225958549 6196979
1656101274438782311 7390770
1656101274654515612 5514740
1656101274872065773 12364519
1656101275089408244 8646839
1656101275303626976 10016399
1656101275520230497 8692239
1656101275732389329 10982639
1656101275952194920 18759298
1656101276163010702 8215799
1656101276372646014 7238920
1656101276581813406 3854330
1656101276787420768 4026819
1656101276997811450 4073370
1656101277209757572 6561790
1656101277419561534 4666270
1656101277629888985 6017940
1656101277838054677 4469569
1656101278043413529 4688879
1656101278251571291 3709869
1656101278458663973 3546559
1656101278664908795 3364539
1656101278870209798 4879190
1656101279091726479 16735029
1656101279303972161 9592420
1656101279529259841 11142649
1656101279748224452 6075539
1656101279968585693 9774859
1656101280183926605 10762180
1656101280428068583 17689108
1656101280658174853 16418478
1656101280875071954 8245839
1656101281113298144 25317688
1656101281322310366 3676350
1656101281528254088 3864100
1656101281739004480 4292440
1656101281947254092 3685370
1656101282163957553 11267119
1656101282370189295 5498709
1656101282613599674 34534457
1656101282833062285 4308510
1656101283043871816 10496348
1656101283260460918 12869869
1656101283480426449 12380189
1656101283693707710 7974309
1656101283911347581 16328188
1656101284121700513 6323689
1656101284329004615 4714209
1656101284545081807 8915169
1656101284759098579 12790329
1656101284980481529 18354648
1656101285194436461 12136029
1656101285411934362 15449209
1656101285637678002 9559579
1656101285859914563 10119439
1656101286065890455 4468899
1656101286270515708 4084840
1656101286481051829 6318069
1656101286712346709 24901268
1656101286918902772 4468890
1656101287123012454 3635380
1656101287327375106 4025290
1656101287540672427 6664599
1656101287755613239 12220199
1656101287988273619 22597808
1656101288198065001 7673339
1656101288412889602 14480268
1656101288617928745 4111650
1656101288844280815 24662518
1656101289061947726 13413339
1656101289273847098 5657580
1656101289487578289 9197589
1656101289703442690 7066159
1656101289915026882 5214390
1656101290123064394 5570190
1656101290330092816 6150359
1656101290534866899 3918130
1656101290739050951 3640950
1656101290951984932 5849869
1656101291165279914 8434539
1656101291388253714 17443238
1656101291600122166 11713419
1656101291803931478 3540399
1656101292023537930 7831540
1656101292234220291 6761779
1656101292448033133 5913010
1656101292670345323 5869299
1656101292880176535 6790159
1656101293093013757 5497980
1656101293304052959 4195910
1656101293510191281 4805500
1656101293722295833 11904739
1656101293925905895 3288930
1656101294134583907 4670650
1656101294342730008 5348019
1656101294551750361 8696340
1656101294762949022 5578329
1656101294970213064 6825849
1656101295182097266 8186829
1656101295414785836 25947378
1656101295621902898 6515950
1656101295833334560 5558100
1656101296040792772 6005470
1656101296251193193 8031609
1656101296519470830 55447895
1656101296746738470 23336648
1656101296960404672 13351859
1656101297164053064 3282930
1656101297367982086 3482800
1656101297571858449 3458330
1656101297816354687 41798066
1656101298026585179 8920860
1656101298238596411 7624199
1656101298449204443 9077389
1656101298661207684 11368819
1656101298873160216 9126269
1656101299085115958 8775019
1656101299301979659 4159589
1656101299506479039 3830050
1656101299713446653 3990090
1656101299917822736 3929930
1656101300124219408 3222920
1656101300328294780 3632190
1656101300534878272 3325889
1656101300738842275 3457040
1656101300946518007 4334190
1656101301152910739 3529790
1656101301432312885 67100765
1656101301665174784 30678177
1656101301872688897 5686120
1656101302078400529 5122870
1656101302283174651 4011990
1656101302488053823 4521389
1656101302693053776 4243660
1656101302899372258 5878689
1656101303107482429 5058749
1656101303316310392 5210880
1656101303525516644 4087420
1656101303736608696 3890810
1656101303958500927 5348000
1656101304171564538 6355789
1656101304385929710 8193410
1656101304593150372 6775239
1656101304806521793 10119020
1656101305016811495 9876969
1656101305235101186 10040759
1656101305452132948 8299050
1656101305667643369 13219309
1656101305875378899 5137649
1656101306118427730 41036617
1656101306322864212 3464390
1656101306540552354 16466259
1656101306746023016 4336030
1656101306956010017 6619049
1656101307163447280 3243990
1656101307367751071 3834109
1656101307571440314 3360210
1656101307837113921 16402829
1656101308089079939 18816008
1656101308308911240 10786019
1656101308527522521 15988628
1656101308759164761 16392218
1656101308985715282 18633609
1656101309217792511 14591608
1656101309437918932 10521189
1656101309658089913 10910089
1656101309862128796 3734490
1656101310072882878 7308360
1656101310282372630 7899660
1656101310494264902 6188460
1656101310701907984 4503300
1656101310909513125 7162719
1656101311116035138 6057779
1656101311321090860 4582300
1656101311535003461 13626138
1656101311770554661 23686418
1656101311986173673 11788529
1656101312217029772 18541488
1656101312432142344 10741969
1656101312663203944 12121539
1656101312883026745 14625119
1656101313115079355 15565729
1656101313334077006 7342820
1656101313549108187 10032749
1656101313759780269 7900789
1656101313969216051 6675750
1656101314181231133 8037680
1656101314387919055 5152990
1656101314597513477 3962920
1656101314810147998 9788929
1656101315018605090 7584809
1656101315225499342 3703909
1656101315431813724 3432470
1656101315635996996 3829059
1656101315844977418 4286979
1656101316055877450 10482420
1656101316267464842 10072809
1656101316511242321 42506236
1656101316720383873 8989959
1656101316937993644 11236449
1656101317152136955 12935688
1656101317365128007 9748649
1656101317612231715 35032327
1656101317826173537 11649979
1656101318043981878 14458088
1656101318252105100 7654449
1656101318460124373 7308150
1656101318673452994 7960570
1656101318921606992 4217350
1656101319130923964 5409130
1656101319344400996 12987709
1656101319554718948 8934499
1656101319768092589 7727959
1656101319977959531 8646449
1656101320190964772 9799529
1656101320413118343 18423579
1656101320619785315 5396370
1656101320831507957 6809700
1656101321042688638 6172929
1656101321249064321 4994210
1656101321462850052 9153260
1656101321674037884 7747519
1656101321884911706 8754870
1656101322111122636 21352288
1656101322316978948 4748029
1656101322533125720 14729099
1656101322742854761 8464629
1656101322960863933 5753750
1656101323170165225 8777270
1656101323383080206 4652940
1656101323590090768 5303989
1656101323799217760 6821670
1656101324007757281 5036749
1656101324227138203 7029650
1656101324435167855 4029810
1656101324645074747 6222720
1656101324853836389 4620820
1656101325064756761 4990570
1656101325272422362 4895559
1656101325484767024 7259979
1656101325700521976 13121039
1656101325928158976 9962199
1656101326150688647 20710609
1656101326371241057 12534979
1656101326613189986 27368547
1656101326826927958 13137888
1656101327042178160 13744740
1656101327257004421 14348178
1656101327469439642 12042309
1656101327691190294 18812719
1656101327917254913 14411489
1656101328138091765 20700490
1656101329422615642 1067618606
1656101329633797005 4779889
1656101329842792187 7393599
1656101330064169268 17607458
1656101330285683499 11121229
1656101330510099239 20702598
1656101330715746351 5020169
1656101330924702074 5626470
1656101331133769525 4225479
1656101331360421466 6574840
1656101331575534287 6763309
1656101331788310469 12056129
1656101332010000070 4630350
1656101332226006341 13615139
1656101332450709031 18095628
1656101332677656972 22664318
1656101332888815633 10430779
1656101333104857555 10467249
1656101333330357775 12701299
1656101333542872487 9477109
1656101333754986399 6119480
1656101333959489080 4119089
1656101334171854362 9679429
1656101334386288744 10672500
1656101334595493855 8246588
1656101334800170308 4378620
1656101335010099520 6531179
1656101335215292752 4898069
1656101335421181814 4759150
1656101335631000816 4315830
1656101335839810368 4655390
1656101336045223830 3949120
1656101336265946371 10428799
1656101336482445742 13036668
1656101336755955459 52957776
1656101336968307660 11735999
1656101337183106582 10618629
1656101337393150694 8298540
1656101337596986136 3208840
1656101337802769018 3102310
1656101338006938770 3738889
1656101338221078242 8416259
1656101338427363664 5853140
1656101338637716756 4870520
1656101338846849827 4646149
1656101339053253100 4614680
1656101339267277641 10197119
1656101339485160512 9056819
1656101339693467894 3777639
1656101339914174095 4069159
1656101340121509477 4225849
1656101340331091059 4525549
1656101340536014952 4618170
1656101340767279971 22176728
1656101340992134082 19895668