1655950385891842912 401171
1655950386422772723 326330
1655950387013717506 328760
1655950387981916161 587964
1655950388680345581 376718
1655950389202473077 209822
1655950390091788518 313864
1655950391096181033 619109
1655950392485189549 1090263
1655950408581530836 15886067
1655950409003303451 207595
1655950416785894493 7483397
1655950417396507593 319446
1655950418289826734 602438
1655950419098857474 501126
1655950419679977086 301265
1655950420190851885 307208
1655950420793584786 395407
1655950421097188207 99428
1655950422491238325 1184928
1655950422989385615 209580
1655950423897588469 616417
1655950427480009660 3381984
1655950427980328803 286252
1655950428285601727 91511
1655950429981989127 1489845
1655950430579876657 298592
1655950431099450256 319145
1655950431582422086 201882
1655950432192473699 399101
1655950432429721655 32779
1655950432993487504 303220
1655950433896515941 698431
1655950434489844167 305226
1655950435484798071 697896
1655950435884328909 199096
1655950437702027310 1414466
1655950439494221254 1512356
1655950440292603412 590586
1655950442202873639 1611597
1655950442415273608 9704
1655950442791524231 110775
1655950444183872383 1191002
1655950444977407730 589373
1655950445588940538 407571
1655950445997616770 208110
1655950446802189410 325149
1655950450427582898 3422735
1655950450879490155 186769
1655950451221286660 139054
1655950452501251787 802892
1655950453297560507 318835
1655950453885230057 383191
1655950457192612325 3106929
1655950460533024642 3136514
1655950460785993017 43341
1655950461079943706 88021
1655950461886438386 600922
1655950462679806515 489473
1655950470323580006 7440635
1655950470708423685 184393
1655950471936549156 1025393
