1654405037949880526 172757130
1654405038629537344 135860693
1654405039281754155 113463029
1654405040081768369 123197315
1654405040954785488 99565689
1654405041629824388 74718256
1654405042356744704 158672196
1654405042556623264 199339555
1654405043284550357 115111502
1654405044077764070 208588237
1654405044750137667 154846914
1654405045568666159 119273977
1654405046356752504 162625675
1654405047249759766 183826508
1654405047324834422 74446700
1654405048105210928 136327719
1654405048755013941 180966982
1654405048854806897 98965279
1654405049556997702 107361551
1654405050353102046 160449550
1654405050450912042 97275238
1654405051249750924 170051591
1654405052661843844 152097735
1654405053549998047 188684709
1654405054364099783 186934172
1654405055280819740 185100151
1654405056049583876 272859691
1654405057749970405 174788062
1654405058649623222 276043987
1654405058756685902 106605050
1654405059552646811 175878698
1654405059709532320 156375908
1654405060252621053 172895459
1654405060968705030 191601400
1654405061800605147 225671490
1654405062593516441 139743734
1654405063460628364 176848389
1654405064276699932 195084678
1654405064963809083 176328023
1654405066654891095 177080677
1654405067457682466 173352199
1654405068080636832 100617740
1654405068876632319 107723926
1654405069760878101 175597727
1654405070556665522 167130232
1654405071341800186 144842905
1654405072188613813 139507430
1654405072358384370 98212314
1654405073055425365 101529795
1654405073897568395 241618149
1654405074749719165 198864555
1654405075470020409 186918974
1654405076352900613 150205196
1654405076890434484 126358987
1654405077644871087 46744933
1654405078276590146 202255481
1654405079155020017 179806023
1654405080652852177 197015272
1654405080849980616 177816986
1654405081468595103 113189522
1654405082232489479 144230943
1654405082988702282 188634922
1654405083722335419 165894862
1654405083880628415 157958178
1654405084652826507 171151098
1654405085502125635 125719761
1654405086095671381 135328515
1654405086866663803 192515740
1654405087467178222 117353559
1654405088145786627 80549046
1654405089016249422 129072297
1654405089780794970 128319625
1654405090672645950 170742987
1654405091368717607 116195228
1654405092160362564 92801890
1654405093700715500 137510588
1654405094522777230 129377474
1654405095160710771 196739896
1654405096756234137 161531028
1654405098749347219 287380148
1654405098956705764 200328186
1654405100509962418 144571924
1654405101256672215 195845268
1654405102156654249 188270709
1654405103057882978 143732724
1654405104749842238 161039037
1654405105492544370 102660278
1654405106287241481 206937425
1654405106974328301 114011130
1654405107860999533 188651178
1654405108706217596 104607005
1654405109468768442 157544409
1654405110260613398 184590873
1654405110456785187 184547705
1654405110651818274 194488030
1654405111449748141 182288691
1654405113245421736 168121948
1654405113957128453 160971688
1654405114653217212 187203147
1654405115456756335 193378358
1654405116249640438 168590388
1654405117080639210 213680629
1654405117949743817 246622507
1654405118652955222 181171094
1654405119384664155 198685743
1654405120050031808 97017202
1654405120896660179 121677080
1654405121668612142 257559617
1654405123180897342 174473558
1654405123849815564 146578764
1654405123980658687 130300685
1654405124160721850 171668850
1654405125054761812 270229911
1654405125952758826 260830091
1654405126751972167 274684836
1654405127552582329 249483416
1654405127689869749 129913777
1654405129400548322 237058433
1654405130134604901 133001568
1654405130585848345 97552423
1654405130668171400 81233573
1654405131529898454 157694092
1654405132260612163 176294037
1654405133060716755 111064301
1654405133872645094 218396784
1654405134556779608 183469554
1654405134776679702 196391563
1654405135456913720 169188164
1654405136059855094 104436463
1654405136169719034 109306324
1654405136299035256 122893880
1654405137654684300 182344492
1654405139349673037 242021471
1654405140137886474 179353001
1654405140921335859 145442227
1654405141642746845 178423381
1654405142414147743 114459657
1654405143126000680 76659589
1654405144009451685 128177236
1654405144664713211 204528043
1654405145368658821 172104430
1654405146054799760 100493487
1654405146872630608 203361905
1654405147600323259 90583020
1654405148288666778 200147713
1654405149071855921 202628548
1654405149888567856 193275734
1654405150764693796 204118648
1654405152945658594 159150725
1654405153680676951 203743496
1654405154512569125 159770533
1654405155603023472 113750206
1654405155743911044 140430767
1654405156370605474 161375392
1654405157176732039 194289597
1654405157981648342 179351841
1654405158795494987 200539390
1654405159656929325 192102252
1654405160364709511 173502318
1654405161064742225 286874653
1654405161956682278 174937906
1654405162757882580 176088190
1654405163556826027 203346038
1654405163726202198 168725004
1654405164191804615 114707688
1654405164949705162 194752865
1654405165744444716 160159238
1654405166664650846 185562356
1654405167456705563 185006751
1654405167656651551 199346340
1654405168254968799 181887319
1654405169072621841 182823988
1654405169756011256 141218536
1654405171461969849 175875067
1654405172255082107 263244263
1654405173049869739 147135454
1654405173868643042 186472312
1654405173968610756 99507935
1654405174811900473 143154379
1654405175500335288 186002120
1654405176269485810 181136768
1654405177237403287 184979331
1654405177954844306 247583539
1654405178056683749 101104353
1654405178872676081 201445301
1654405179700287725 107182112
1654405180480619363 90610589
1654405181349750761 141463728
1654405182196652592 137252664
1654405183199132630 195421786
1654405183384740273 185009926
1654405183854793854 171079533
1654405184624715907 142021886
1654405185209725491 210994282
1654405186071409179 209667547
1654405187745080223 249437157
1654405188560663092 174007288
