1654405034278363191 199513072
1654405034849766529 190827047
1654405035335584016 81455753
1654405036123115781 173771502
1654405036849589881 90939312
1654405037650153577 180028947
1654405038454696876 185047958
1654405038549919483 94514337
1654405039460646596 187826061
1654405040053915231 104630397
1654405040549667622 97559682
1654405041352643422 251272665
1654405042060714165 196671941
1654405042854814190 187750039
1654405043554728828 191473313
1654405044256706869 159895588
1654405045188693203 119632635
1654405045352654301 163460803
1654405046155103197 190320316
1654405046276632513 120800469
1654405047045601581 262587004
1654405047749793714 238646554
1654405048551134738 160749213
1654405048692682334 136452352
1654405049376647131 118110037
1654405050232435131 155262520
1654405050936832386 146207803
1654405051464690782 102174155
1654405051649913388 184755891
1654405052328913320 157534263
1654405053083473225 133755045
1654405053760682136 194973283
1654405054349643348 155498642
1654405055149704019 246904695
1654405055855147947 167734629
1654405056733830556 171008247
1654405058372656884 95321909
1654405059076984532 106721217
1654405059995003992 316466244
1654405060760686002 151592762
1654405061649878828 264880108
1654405061751487258 101044654
1654405062568585465 209095184
1654405063314182298 138059627
1654405063956614388 182491016
1654405064672690072 169388537
1654405065354947852 174486840
1654405066152689419 186518824
1654405066905776253 113974400
1654405067760646157 263863584
1654405068585039693 170709343
1654405068692681035 107051712
1654405069555530744 160447757
1654405070348388926 166097867
1654405071080809470 113275106
1654405071240321717 158855158
1654405072027713291 151092819
1654405072597736549 95860717
1654405073449889826 178948049
1654405074261761567 185494790
1654405075650039001 162060341
1654405076472678256 198548125
1654405077272635011 108289678
1654405078076690849 275006189
1654405078776664801 184166298
1654405079749920001 191831784
1654405080572689289 188415917
1654405081398293545 215754541
1654405082089308604 106467844
1654405082864766573 172455537
1654405083056688731 191238250
1654405083864690629 187824812
1654405084589809583 114668953
1654405086160738743 98797079
1654405086285712534 124254417
1654405086449867988 100763027
1654405086555043142 104663342
1654405087361955987 176594006
1654405087468687036 106270407
1654405088256625265 142417082
1654405089120435297 123373678
1654405089839875309 163387699
1654405090452025948 167686427
1654405091160959392 108166912
1654405091949356425 97511452
1654405092788753475 186594709
1654405094160707952 161651643
1654405094850073985 169432057
1654405096468654761 184247172
1654405096569125684 88880850
1654405096756963236 187245350
1654405097556647127 196327765
1654405097707929732 141580189
1654405097805713099 97464489
1654405098763734624 302149453
1654405098880049232 115842726
1654405099064741604 184129896
1654405099680438142 196901310
1654405100347993495 91328447
1654405100556741751 192972284
1654405101104590878 121123563
1654405101905637256 125697959
1654405102576660849 112355587
1654405103056722119 152613736
1654405103807211219 153932080
1654405105555079458 256826536
1654405106349601647 265937442
1654405107055180368 164065292
1654405107752522434 76106540
1654405107954649997 178427872
1654405108856665267 198117274
1654405109565083013 166746833
1654405110273673637 183380798
1654405110460682699 180556605
1654405110601273387 140057237
1654405111705686541 131551462
1654405112554968769 186825839
1654405113360682108 170733430
1654405114204282095 208077094
1654405114349717951 85523870
1654405115156761343 266841061
1654405116002728123 219313890
1654405116092621630 89429090
1654405116856568282 158648065
1654405117552742338 174199129
1654405118046736451 169637369
1654405119668620903 193269640
1654405121113420893 120298609
1654405121760765816 210466510
1654405122549675101 199621144
1654405123149766437 152168159
1654405123301463683 149393614
1654405124153716008 255958090
1654405124956887898 192415673
1654405125772616658 197311202
1654405126460666069 104253912
1654405127920865764 160232992
1654405128705225722 217068577
1654405129554714915 249493537
1654405130249589669 94572632
1654405131056811401 275078058
1654405131780684133 180624532
1654405132068680274 199664468
1654405132749889138 171675259
1654405133288553788 81812723
1654405134114642150 134430747
1654405134280701813 160647481
1654405134737018646 80950053
1654405135467902983 113811596
1654405136349131658 268543565
1654405137195028270 145595438
1654405137850661516 101232764
1654405138572649169 176796750
1654405139451676545 254984807
1654405139526856827 74414688
1654405140265324129 201861279
1654405142080624517 119388443
1654405142788624534 130988943
1654405143569826284 162648708
1654405143765790651 195476964
1654405144543908226 186485530
1654405145268700204 111268430
1654405145480828466 211569785
1654405146352699592 241633501
1654405146552644057 199289461
1654405147280684284 188633643
1654405148249837252 184442406
1654405149067213628 175279718
1654405149880701539 185177999
1654405149992514634 111216959
1654405150812243000 63269438
1654405151478859627 162884449
1654405152180674603 131906684
1654405152857921955 259431543
1654405154464655872 114108099
1654405155880834381 181624493
1654405156664631511 100067596
1654405157388585713 105824644
1654405157480675405 91532009
1654405157652915568 168854162
1654405157760672533 107199020
1654405158460819021 187078536
1654405159164667327 93120762
1654405159964483668 189303244
1654405160748532429 142284690
1654405160868607749 119523185
1654405161056802600 180695978
1654405161796792215 99156029
1654405162752645351 247238484
1654405163478251693 114421544
1654405164249851930 185479647
1654405164365956456 115591437
1654405165145923504 266915622
1654405165945383921 183480956
1654405166080796850 135004215
1654405166880609199 181587521
1654405167684655100 193850685
1654405167869729640 184548580
1654405168497853876 113891961
1654405169084641024 289297428
1654405169760806825 193541905
1654405170568478819 175026278
1654405171455060034 268776388
1654405172168669190 183594890
1654405172956800981 279230346
1654405173775640203 175287281
1654405174649915390 189928985
1654405175364678323 100607438
1654405176156876520 187441358
1654405176854741451 157696765
1654405177608441223 141352178
1654405178556751272 164472086
1654405180184116276 121263386
1654405181036093295 160500035
1654405181555059930 167665645
1654405182260696003 169791382
1654405182454704164 182321887
1654405183161699248 168403421
1654405183888679152 137923218
1654405184756800866 291078102
1654405186251823238 165155496
1654405187872730983 200441981
1654405188652674853 171782230
1654405188781730474 128471185
1654405189694626441 125758528
1654405189849808066 154581431
1654405190583710788 128712069
1654405192252698324 192599663
1654405193185762634 202003712
1654405194051845317 173852182
1654405194872752649 198121961
1654405195576582152 201217545
1654405196069910448 190582567
1654405196949683391 275316322
1654405198700439272 210052753
1654405198885739465 121522959
1654405199052872394 166517478
1654405200001750731 213181638
1654405201557640421 177360764
1654405201704046190 145889790
1654405202564667300 160364575
1654405203352793884 198267093
1654405203552761306 199481504
1654405204154914352 158710134
1654405204855025796 170310489
1654405205688751903 138185095
1654405206349899559 143089283
1654405207080703783 175237569
1654405207196664483 115382043
1654405207868625175 172708009
1654405208490340837 118045532
1654405209256862510 153553307
1654405209976647771 114289927
1654405210764715733 189314448
1654405211528130776 158348221
1654405212268656292 118872958
1654405213672835366 169606080
1654405214552697426 259416267
1654405215292727312 197841891
1654405215954812404 170935454
1654405216785691614 212577277
1654405217490909463 214092560
1654405218372782317 185441502
1654405219180656253 177182015
1654405219766968187 104539346
1654405220644073016 166776619
1654405221460528868 167498341
1654405221599328531 138265836
1654405222241235399 179483918
1654405222988724277 202191873
1654405223656878600 100699043
1654405223761653707 104265679
1654405223853303875 91128529
1654405223964695826 110662157
1654405224796772714 117485510
1654405225450174287 178396150
1654405226256653051 262217860
1654405227035004323 139602860
1654405227749883264 197671442
1654405228708279264 206463134
1654405231456656763 188162583
1654405232276798773 206281160
1654405232954738100 169368602
1654405233754804266 205513723
1654405234384632224 101426131
1654405234517056518 131955306
1654405235187716589 118936583
1654405235969697675 194214677
1654405236480666514 93333272
1654405237330851192 145433719
1654405238018865655 115132217
1654405238780551752 110451200
