1654405032056756798 207817707
1654405032721093737 62680238
1654405032754091695 32687357
1654405033498963746 120211628
1654405034049212123 41302079
1654405034112816593 63036841
1654405035837987974 71854659
1654405036575589002 199707136
1654405037251986878 96712763
1654405037932346788 69476478
1654405038652783077 102800729
1654405039276675397 197952648
1654405039455400118 178137612
1654405039555788645 95707030
1654405040160717300 69748396
1654405040913234014 143864206
1654405041300112954 124179169
1654405041924360289 171733445
1654405042022484047 97644885
1654405042654857669 196276779
1654405043438769224 251510286
1654405044050104942 149397883
1654405044649987495 98255951
1654405045372654704 115182046
1654405046215927229 218648928
1654405047002464802 143199845
1654405047554592378 155811333
1654405048449944535 177643710
1654405049149904537 184415239
1654405049972710524 192413472
1654405050056553201 76298557
1654405050452388550 67148820
1654405051284753770 116288289
1654405051406457049 121160105
1654405052164659075 157535934
1654405052922738417 150406104
1654405054249787702 200496452
1654405055100921845 140375515
1654405055856482251 185263709
1654405056714499279 238147797
1654405057484651440 201456397
1654405057584654239 96598706
1654405057760748874 175628266
1654405058577823998 182728819
1654405059360747778 157869574
1654405060049636754 177094346
1654405060747053502 92045789
1654405061637556749 234447018
1654405062399380839 110994240
1654405062949956063 173231040
1654405063568430589 67696803
1654405064156854914 175405139
1654405064772584892 120237371
1654405064949774966 176748584
1654405065684908779 218293850
1654405065855849203 170355484
1654405066656735941 208044269
1654405066768755691 111482680
1654405067637306984 170261467
1654405068472725447 111850232
1654405069156585482 75216140
1654405069210882786 53845876
1654405069980586238 99054789
1654405070734812742 128148581
1654405071460656139 192351997
1654405072249638514 256120154
1654405072856851236 156435238
1654405073731808151 247192976
1654405074361728221 278575595
1654405075154790110 176810869
1654405075859168673 105052287
1654405075954737203 94837953
1654405076564701349 111280836
1654405077268704319 93358497
1654405077464677889 195496563
1654405078909882078 104154278
1654405079784609895 185910610
1654405080661995810 209439159
1654405081360963836 197577562
1654405082056950763 163667086
1654405082884890964 211832597
1654405083842381537 181842544
1654405084149736053 134719379
1654405085056400815 264857121
1654405085872729003 223775153
1654405086568600683 166698334
1654405087237617510 85154174
1654405087403198805 159936896
1654405088180696911 129605187
1654405089060651318 159285303
1654405089631894495 142971950
1654405089760614661 128357343
1654405090556879546 152876995
1654405091264631352 101039688
1654405092088649961 124452554
1654405093480594411 202629531
1654405094250337295 159761811
1654405094388718788 122706380
1654405095091499954 220414053
1654405095660729846 97604404
1654405096468675668 166390306
1654405096584616975 92407775
1654405098266414627 201193158
1654405099060068264 199734794
1654405099649750618 188948124
1654405100554748313 199346270
1654405101372732155 293149614
1654405101992939050 124022090
1654405103854877214 279425998
1654405104649872398 142272855
1654405105455282650 202269545
1654405106364726487 291404140
1654405106435541228 70219083
1654405107255839534 196822344
1654405108021073417 151247446
1654405109556761241 179358080
1654405109849786248 184588862
1654405110011065686 150942086
1654405110242400935 230917099
1654405111110832312 130479750
1654405112370975050 264653240
1654405113087355800 207826621
1654405113964678285 157567226
1654405114149922098 165753886
1654405115092726198 240163314
1654405115680698705 130836193
1654405116349685126 163621491
1654405116534536472 169249224
1654405117160674435 92638159
1654405117850118512 195561109
1654405118600684811 105302945
1654405119351265786 175084238
1654405120063044451 98519414
1654405120251515433 183187878
1654405121053049182 179552643
1654405121232612154 169359543
1654405121864828218 179929005
1654405122597886215 141827712
1654405123276756137 197632208
1654405123361761234 84388832
1654405124176643503 116805317
1654405124368706923 191595487
1654405125063063168 198296995
1654405125867520721 281330656
1654405125984653788 116667408
1654405126781713020 116523656
1654405126954964995 166791961
1654405127694864010 139252729
1654405128537159327 168410436
1654405129450832688 270491554
1654405129563869354 112561973
1654405130256828430 168953879
1654405131092717295 192251497
1654405131200303656 106697962
1654405131964682804 215743073
1654405132155026600 189759793
1654405132946535594 160432868
1654405133748015297 95150041
1654405133956829601 208366519
1654405135401506326 238854697
1654405136128885484 78238071
1654405136960739673 108385391
1654405137684700755 104453164
1654405138514129776 119561829
1654405139400304816 130457452
1654405140280667984 215702568
1654405140402664664 121356458
1654405140971699759 212563219
1654405141956727878 286270925
1654405142763474867 208432740
1654405143572137926 184191300
1654405144254951720 259951371
1654405145056692968 107205796
1654405145696516735 203207496
1654405146448474736 175210248
1654405147242491877 246519636
1654405147362757024 119616025
1654405147556888818 193624303
1654405149176683449 176636115
1654405149958029423 164170652
1654405150560855961 94918854
1654405151418307674 167219408
1654405152254938494 176966088
1654405152964710025 115293530
1654405153700045821 131743308
1654405154521828340 139786125
1654405155155091789 103417190
1654405155954811583 159121851
1654405156039933966 84410267
1654405156168606037 128200138
1654405156876635158 92873370
1654405157049925600 172819395
1654405157166641725 116070982
1654405157988693315 208547173
1654405158655905478 161698145
1654405159574927542 190038537
1654405160293854063 181730689
1654405160996814395 184840997
1654405161763101192 162489314
1654405162561610548 158910882
1654405162856641207 182547424
1654405163484627376 104429888
1654405164332083062 131425764
1654405164409637483 77084114
1654405165052827788 167479203
1654405166020603334 234167615
1654405166572676067 192076407
1654405167641175112 185960802
1654405168431186463 144417572
1654405169053057234 181478039
1654405169900599146 147936805
1654405170764812692 104756395
1654405171548495782 143194173
1654405172260838286 208068371
1654405173060688747 170603024
1654405173880676936 187789792
1654405174684671042 203298426
1654405175460969732 166282217
1654405176292328624 111771595
1654405177051559545 169623435
1654405177856886609 177007734
1654405178652874799 161175592
1654405179352944750 184741757
1654405180154896081 190474882
1654405180887872409 193738649
1654405181650785251 248545599
1654405182369999555 86146377
1654405182564671258 188579020
1654405183267546825 165202772
1654405183460705253 192686221
1654405183650098181 188695555
1654405184564589888 181876111
1654405185256762187 105668371
1654405186068687826 212412898
1654405186854813870 180185577
1654405187468615301 104581859
1654405188276620672 127162170
1654405189101693110 141406102
1654405189252999185 150833429
1654405189964531490 160145581
1654405190560496822 60194780
1654405191463838107 203012937
1654405192301799811 228310041
1654405192452931465 150671163
1654405193265787626 169287732
1654405194053144111 193148438
1654405194221659203 136436643
1654405195064371931 186177188
1654405195968687328 259333175
1654405196849633472 248038560
1654405197575690331 201670379
1654405198456925803 185615894
1654405199188650214 108481019
1654405199815594004 119378965
1654405199911219593 95183003
1654405200772674088 267462431
1654405202072610911 122252297
1654405202796563695 200252257
1654405203572680641 172672178
1654405204284660701 85329436
1654405205160830775 192308998
1654405205897340479 137355588
1654405206798641846 140443783
1654405207465553939 182942770
1654405208348946955 139353179
1654405208472708416 122773473
1654405208568716910 92600668
1654405209261732807 98556012
1654405210105430795 112367475
1654405210950138321 160893202
1654405211764682292 160268270
1654405212668635257 171041466
1654405213468651222 191600350
1654405214093717671 112101683
1654405214915147457 108679133
1654405215749589593 140348423
1654405216656284729 202101230
1654405217476660455 217539065
1654405218460645765 187352865
1654405219233732872 146732958
1654405220003207247 143765371
1654405220776137462 210976498
1654405221364624706 200940001
1654405222154901475 257245976
1654405223654807998 174533261
1654405224468672268 196358672
1654405225864615070 187852265
1654405226052731692 187667846
1654405226868809999 202453044
1654405227396849868 110693488
1654405228273847895 208195011
1654405229052680852 161673591
1654405229249813118 196670458
1654405230152818223 358847914
1654405230408057748 247875604
1654405231009305272 223713236
1654405231556754666 257746721
1654405232449985430 293107468
1654405233259052243 176684036
1654405233880653903 130123969
