1654405040959882712 75552140
1654405042488317258 118007976
1654405043054827516 159148068
1654405043749718134 168950604
1654405044456626823 176508525
1654405046012331866 112501490
1654405046665855826 99594264
1654405047468659060 81342436
1654405048368754295 169225894
1654405049868697482 110199309
1654405050569795634 120615993
1654405051623682960 159407983
1654405052508057979 123925247
1654405053456656561 101406332
1654405054354623324 151395952
1654405054488661794 133507900
1654405055176693793 101526261
1654405055857520315 144424903
1654405056736977289 144655235
1654405057456703089 189286797
1654405058260671148 167970852
1654405058403937537 131999220
1654405058560739959 156351184
1654405059420830755 131414838
1654405060194658351 128378126
1654405060957321861 190635645
1654405061744615872 168809351
1654405063012056836 140671460
1654405063849776297 161954220
1654405064749785538 190036170
1654405064949795325 199365999
1654405067252758106 165663888
1654405068010096215 205091971
1654405068765746513 107506795
1654405069660720737 182129503
1654405070556734195 249151826
1654405071553658192 202343124
1654405072180642722 126296697
1654405073053944798 156269652
1654405075568651161 155008292
1654405076400695664 142600996
1654405077154308743 193143584
1654405077962871792 190780928
1654405078156759798 188713663
1654405078972241618 173010867
1654405079852597195 168341793
1654405080576717906 216713967
1654405080763305599 163156371
1654405081568636963 100626416
1654405082256045452 165908300
1654405083768705524 109867216
1654405083950934990 181748420
1654405084156781359 205024599
1654405084901700042 212006777
1654405085460202673 99205157
1654405086364694739 169686170
1654405088080649076 123212712
1654405088780617153 124187327
1654405089605113875 153351017
1654405090154906787 156737286
1654405091754964281 104191115
1654405092553784856 175573727
1654405093381720053 124202085
1654405094110393590 60137089
1654405094250069654 139345477
1654405094951421845 90056440
1654405095684562852 80227239
1654405096475997540 120038005
1654405097464864113 255665136
1654405098364711692 264059572
1654405098878655576 128733821
1654405099704855213 132689066
1654405100350000838 185891962
1654405101151836104 152758259
1654405101324429609 166017886
1654405101452667457 127733341
1654405101557913828 104794174
1654405102460694367 194285826
1654405104196761361 61665277
1654405105051580243 174163126
1654405105769991330 90450986
1654405106630581861 140159143
1654405107422344785 124434202
1654405107552634632 129776279
1654405108358040383 163894332
1654405109360715519 279889005
1654405110292560883 204192192
1654405110861442552 188135381
1654405111684642505 122682403
1654405112549736069 187369801
1654405112755115485 193781252
1654405112896655179 132606774
1654405113061712059 151535964
1654405113908260737 121151652
1654405115649823608 200416080
1654405116458146429 101816522
1654405116993199830 116763303
1654405117100598179 106915486
1654405117962179955 168811224
1654405118857703706 204337749
1654405119527934721 63989052
1654405120385025911 91660805
1654405121252537312 163670135
1654405121984626127 95468799
1654405122864616593 168267205
1654405123849798381 156156806
1654405124756869439 199331186
1654405125656920585 163098988
1654405125764675295 107169647
1654405127164718013 178569555
1654405127952851097 168551290
1654405128050111226 96726812
1654405128849638101 268667500
1654405129589539050 178677209
1654405130449651058 185695909
1654405131157416598 164351253
1654405132069111176 266090134
1654405132953504420 152620393
1654405133860019072 190365228
1654405134619469406 141290903
1654405135440716327 172335283
1654405136368710789 111805246
1654405137188633456 176815878
1654405137356887370 166399797
1654405138200846386 197965684
1654405139006029007 202947961
1654405139154655496 143015024
1654405139904688426 231292182
1654405140563457491 107152994
1654405141352133125 179944666
1654405141948389294 160257940
1654405142856491678 168318300
1654405143751196407 178222059
1654405144768795247 206656388
1654405145572760465 183132795
1654405146283175293 131689461
1654405146472593832 188717478
1654405147169824542 215240889
1654405148524508099 41929432
1654405148613959767 89002289
1654405149352761389 181666402
1654405149464615326 95992231
1654405150385664506 116380224
1654405151154761339 162844267
1654405151235767938 75740050
1654405151354970924 118713516
1654405151456831888 101045080
1654405152260431220 182606928
1654405153049737207 152262316
1654405153776651238 115011655
1654405153852817051 75512575
1654405154768664102 107105877
1654405155649880023 169572736
1654405156356671167 178817775
1654405157180690442 118045473
1654405157996566681 100564400
1654405158823125517 168015011
1654405159701060167 217078107
1654405160368749005 100101995
1654405160500672125 124523479
1654405161312028335 143017289
1654405162019902047 131552171
1654405162672581670 198707624
1654405163549692105 153378012
1654405164455777224 159404675
1654405165356880926 190446949
1654405165856842314 149541098
1654405167577679097 186136294
1654405167764640815 170448899
1654405168764815855 307856911
1654405169551190221 160761650
1654405169713722037 153658989
1654405170498900034 118009391
1654405170654839095 155406593
1654405171460875475 175939831
1654405171596586535 135001412
1654405172351113310 155127141
1654405172992607711 89780860
1654405173088720712 95655181
1654405173883568869 222336686
1654405173992592921 108566110
1654405174861275255 184887251
1654405174969961615 108043971
1654405175760647266 80876223
1654405176492671211 117469349
1654405177352641644 176024511
1654405178084120008 120662447
1654405178885424418 209574939
1654405179756741572 102201000
1654405179931405708 174171613
1654405180767277805 180292139
1654405181596671436 204386846
1654405182372685510 116814783
1654405183061539290 209269121
1654405183876161087 177036936
1654405184756766802 263378096
1654405186255124719 89880027
1654405186977540724 180795797
1654405187080672184 102689138
1654405188653992165 191200277
1654405189354753989 163628102
1654405190361104638 308977009
1654405191272655827 175945758
1654405191856864193 172136820
1654405192676643597 180652885
1654405193456873263 184583334
1654405194292657307 115855746
1654405194452222995 159007589
1654405194646638864 186410983
1654405195440705921 75229072
1654405196256928980 183594728
1654405197772648942 207077142
1654405198449979615 163393119
1654405198572910001 122388965
1654405199465678211 164251459
1654405199592371517 126009703
1654405200352890461 186301169
1654405201156800623 252589621
1654405201949749053 199777226
1654405202076665022 126445484
1654405203049053097 98253436
1654405203899259826 108455359
1654405204056861207 152058904
1654405204167404269 107278118
1654405204291216339 123191707
1654405205156249679 179627530
1654405205888086612 108393092
1654405206736508444 169165507
