1654405045088933768 183938185
1654405045849787797 174269860
1654405046654898538 190536731
1654405047368584067 82527936
1654405048152926757 187253523
1654405048949769724 161456981
1654405049772706283 92343724
1654405050453042639 80582008
1654405051272617778 175245732
1654405052160539902 110349519
1654405052972710164 172756011
1654405053696655440 100292538
1654405054461452480 102666224
1654405055218564493 113832685
1654405055954471937 101958130
1654405056756781696 170063151
1654405057549763463 156044803
1654405058464607199 213114626
1654405059993820074 131284088
1654405060156668972 162396563
1654405060876863779 214693198
1654405061856918259 188040161
1654405062488632364 213687359
1654405062676123581 126797081
1654405063895398010 98103384
1654405064723216939 156278520
1654405065038049946 179876472
1654405065662124009 162903956
1654405066366178890 203684274
1654405067172598079 197555715
1654405068064699472 158340871
1654405068852681208 266033112
1654405069753031269 186352796
1654405070557858588 173828134
1654405071444611991 178240278
1654405072264626716 96414626
1654405073080656011 131385092
1654405073870034110 273737449
1654405073981841306 111175309
1654405074756688612 197700709
1654405074949699484 192531243
1654405075654966186 154086637
1654405076560852287 279271679
1654405076745207178 183823498
1654405076953777596 208025263
1654405077947565380 171124172
1654405078788705936 116853644
1654405079664637610 166993099
1654405080756946831 256164917
1654405081588677856 79605642
1654405082339923549 237799128
1654405083054853251 251007510
1654405083869916824 189760041
1654405084651632553 193524092
1654405085458074803 157686155
1654405086164704046 152800884
1654405086949727874 178348527
1654405087052880987 97428933
1654405087823489631 127280275
1654405088538708438 148895972
1654405088628345580 89112646
1654405089149792630 189119849
1654405089364635993 196488636
1654405090134673541 81607073
1654405090199572700 64572692
1654405090380698435 165224135
1654405091160318244 122696511
1654405091892687884 115029459
1654405092568753697 73607107
1654405093449884159 182075847
1654405094161767451 100732653
1654405094951345993 89559108
1654405095711830868 98656811
1654405096480640762 112953901
1654405097256695022 65224081
1654405098160605440 257667466
1654405099656322731 176044820
1654405100552306096 192101187
1654405101960676006 188728056
1654405102654710452 179505570
1654405103363427320 167069699
1654405104185727073 196200041
1654405105052704164 172404122
1654405105768869075 112437283
1654405106664681588 184205502
1654405107398007142 121857902
1654405108305665910 129284271
1654405109038132610 172949496
1654405109146604024 108045583
1654405109276631501 129578988
1654405110068722609 179804354
1654405110776642682 104198228
1654405110983238317 194430450
1654405111764642688 210269974
1654405112484646728 218022123
1654405113181255802 175430821
1654405114068685429 284081332
1654405114768618886 195248092
1654405115454184834 158970448
1654405116131201655 40414254
1654405116264694006 112938945
1654405117060683931 169581929
1654405118456637068 257584124
1654405118553587392 96188468
1654405119084748289 118953973
1654405119792550592 123651972
1654405120564698808 268253623
1654405121053227054 170443234
1654405121855167702 105193172
1654405122604340055 141528966
1654405123221363640 160238373
1654405124122954768 104831271
1654405124255161720 106295857
1654405125060687836 211272051
1654405125183510018 122123162
1654405125264653652 80505156
1654405126120873631 141256970
1654405126749746319 181352093
1654405127543874921 180463057
1654405128252987962 146634615
1654405129101502321 221195424
1654405129576858954 121717423
1654405129689816687 112485604
1654405130340997140 140254232
1654405131052429631 251035444
1654405131783028375 168946551
1654405132493273128 188617213
1654405133251330443 163805407
1654405134054742862 162410153
1654405134854967959 157160966
1654405135568610501 183621526
1654405136472655119 185435256
1654405137264650771 170269107
1654405137956830312 98260510
1654405138754947039 185876249
1654405139469708559 182385728
1654405140351772225 258936510
1654405141169636293 178914484
1654405141988818078 132348151
1654405142764657724 188337360
1654405143556969119 250983619
1654405143776614384 219020447
1654405144560608384 111145606
1654405146229492061 169137616
1654405146376702291 146801777
1654405147237566758 273412280
1654405148012625154 162492837
1654405148099937059 86880679
1654405148286113477 170263449
1654405148868679133 87145779
1654405149066170642 197008553
1654405149644619593 85624795
1654405150412133435 208672744
1654405150964642899 181527069
1654405151656388458 254764755
1654405152292309448 84249336
1654405152476669807 172542118
1654405153254054905 157642961
1654405153988977025 136887757
1654405154872798693 182176873
1654405155757625460 170927912
1654405156456653196 207210606
1654405157088680598 93157664
1654405157856794737 189785751
1654405158549996240 165714374
1654405159873683522 124901320
1654405160767059857 207940643
1654405161468695331 101252447
1654405162168322919 112844129
1654405162914089353 126015076
1654405163789807680 211907370
1654405164659989949 144041185
1654405165529233259 241869315
1654405166180690138 128520523
1654405166959339597 195112364
1654405167752829227 271473478
1654405168539463091 174092392
1654405169016040379 130041029
1654405169721874161 230770315
1654405170299058857 124661668
1654405171244596747 192115482
1654405172029401183 135582286
1654405172760671285 173449027
1654405173572680824 216188792
1654405173688105775 114757463
1654405173809339337 115981067
1654405174656820363 182422904
1654405175452899158 165696585
1654405176268683378 183585939
1654405176456662065 187377697
1654405177861692964 174409402
1654405179457017697 149760108
1654405179560686664 102935753
1654405180260719283 102495205
1654405181153118667 200936447
1654405181850006800 261617094
1654405182552915518 149680783
1654405183284870246 178906400
1654405183464192247 159057519
1654405183564871889 96717477
1654405184350605137 173405855
1654405186084724568 199174160
1654405186827297750 252095846
1654405186982517865 154638393
1654405187789800116 112115151
1654405188664647287 104343927
1654405189475513403 200780633
1654405189600701945 120534686
1654405190372603034 199224932
1654405191098399427 190516638
1654405191858232162 174243056
1654405193460670701 274825113
1654405194093113169 110813675
1654405194864613251 257257522
1654405195040953796 175811733
1654405195757151516 257570645
1654405196549689773 190455493
1654405196636596272 86445840
1654405197372691600 161956546
1654405198168671924 197668979
1654405198284871289 115551525
1654405198463208001 177740919
1654405199267386369 187710429
1654405200049698217 156500154
1654405200208284528 158071840
1654405200752663905 157304715
1654405201464674995 211536218
1654405202349761113 273581753
1654405202456371461 96091816
1654405202663847490 203786465
1654405203520221275 162043781
1654405204154202309 91082806
1654405204880691894 165588604
1654405205668626332 194159058
1654405205784754338 115536498
1654405205956810599 167816110
1654405206760689075 186446741
1654405208188697201 124361138
1654405208284731217 95476262
1654405209050215446 185875498
1654405209793355546 123600612
1654405210656926483 159815165
1654405211394964397 142032672
1654405212260722329 203746205
1654405212972731419 120319675
1654405213664597402 76609778
1654405214396711909 118992784
1654405214988689748 113383400
1654405215752984134 200051235
1654405215847075353 93406144
1654405216586567237 207247295
1654405216744000926 156913869
1654405217563909786 158006863
1654405218155001302 143984453
1654405218854903697 143858509
1654405218956894627 101484413
1654405219656640827 179316940
1654405219785961417 128794822
1654405220666125500 178946933
1654405221277945558 91806447
1654405221460675688 182179012
1654405222156056696 187743124
1654405222959630948 284637481
1654405223556844117 142605932
1654405224254549748 154750837
1654405224360666238 105563828
1654405225040631341 155812451
1654405225949707964 190300031
1654405226670926409 110619026
1654405227334410308 129427436
1654405228040749947 160800207
1654405228272656842 231482036
1654405229164733603 187931157
1654405229876591754 185058156
1654405230664702270 195530529
1654405231460698126 197261449
1654405232301361714 289915255
1654405233060714742 165879759
1654405233864874917 201287969
1654405234568679313 167776486
1654405235455009100 105838521
1654405236260736114 173404825
1654405237849920240 173620116
1654405238652988387 181901311
1654405239456884705 187693450
1654405240150173632 136295198
1654405241052626470 259215427
1654405241656790192 177789086
1654405242376679727 100349172
1654405243218055229 122947917
1654405243768499096 170355204
1654405243949696644 149834745
1654405244643762303 43382928
1654405245488685212 173749037
1654405245660723253 159492921
1654405246468708648 188399699
1654405247225078701 165941243
1654405247977826709 128412636
