1654405039765782874 97166690
1654405040460601033 94296464
1654405041138430831 161389311
1654405041250336365 111440420
1654405042764685289 104347476
1654405043457759640 174760592
1654405043569474606 111240332
1654405044252645905 257341622
1654405045160712272 105591746
1654405045904259842 144153389
1654405046050284324 140389861
1654405046776692029 124340034
1654405046936656422 145237712
1654405047654014572 192115147
1654405048250818737 54796152
1654405048905844506 131196475
1654405049700689394 112688959
1654405050565764414 165779543
1654405051454588833 162651998
1654405051592589229 137411402
1654405052352802036 168722253
1654405053150388376 198234302
1654405053656813362 70987368
1654405054423871933 122360472
1654405055208526143 109038757
1654405055756680331 100296517
1654405057177902141 185481438
1654405057857119288 163876101
1654405058680681526 119261247
1654405059454967979 89340603
1654405060192915816 127899544
1654405061004520675 108044530
1654405062576615947 227231408
1654405063284684693 85289088
1654405063955469793 76677384
1654405064652940615 182756167
1654405064803120720 149607808
1654405064932857181 81069317
1654405065049882397 116594950
1654405065756930486 159054028
1654405066476650793 79733518
1654405066652859875 175665935
1654405067472641303 223687224
1654405068268643640 100715922
1654405068993712503 104417095
1654405069854729799 160635155
1654405069956844346 101503294
1654405070676707335 120686183
1654405070854987918 177811363
1654405071699765067 211544115
1654405072555339532 68474401
1654405074122146188 228900183
1654405074247675797 125016556
1654405074378151850 129991742
1654405074530951034 152278087
1654405075250018991 153046962
1654405076041041482 88949245
1654405076872760724 223349031
1654405077549814762 159299225
1654405078180904319 195241635
1654405078902085421 110438496
1654405079007126106 99315720
1654405079677817696 101306640
1654405080555500276 197724337
1654405081252691920 103045974
1654405082055235315 158998053
1654405083060681668 167893863
1654405083149896313 88680994
1654405083319980381 139896933
1654405083868762743 194327533
1654405084584727283 190743891
1654405085401617682 138302059
1654405086277282784 207536476
1654405087102459623 206296331
1654405087960569611 179636675
1654405088710653188 139140493
1654405088857023703 146010204
1654405090450020771 98995341
1654405091260660245 254268960
1654405091367690164 106486033
1654405092180626926 199252767
1654405093057156675 201831347
1654405094592738520 137849763
1654405095350125601 168533161
1654405096160663782 164328812
1654405097060688408 209515452
1654405097676632519 115147938
1654405098556724757 258142221
1654405099364549488 197147509
1654405100863768261 178763880
1654405101762139881 210122906
1654405102556648250 185724797
1654405102756681780 199526852
1654405104309893265 128531853
1654405105130548081 158263504
1654405105758406603 179474209
1654405105828787674 69826108
1654405106550343211 189981672
1654405107354973267 158934893
1654405107921186592 123916988
1654405108566986148 181374953
1654405109264694452 170694351
1654405110152921413 184521765
1654405110768608527 176230404
1654405110980659491 200560451
1654405111842249420 169940976
1654405112468775935 182713756
1654405113349780482 266883732
1654405113446575020 96325243
1654405113488625532 41531139
1654405114196670708 215666848
1654405115084679884 195528226
1654405115834171419 140765820
1654405115954801104 120158456
1654405116080679609 120523688
1654405116954898435 249520136
1654405117792605492 201866021
1654405118640586232 75853843
1654405118756528692 115473917
1654405119449869078 182238365
1654405120194826536 126248654
1654405120285672881 90380527
1654405121018063009 217748599
1654405121684699849 188607117
1654405122472617839 219256868
1654405123852745365 156512435
1654405124560879669 158376021
1654405125549772043 199146460
1654405125656893019 100803087
1654405126372705828 188797403
1654405126496628906 118928532
1654405127312419723 226849256
1654405127777710820 182503434
1654405128560640987 199180360
1654405129193344232 118222808
1654405129449728546 239739021
1654405129568649022 118397552
1654405130384676153 193267948
1654405131144279767 266666579
1654405131223192176 78383805
1654405131401764517 145565186
1654405132080630688 182078564
1654405132889507678 186428719
1654405133780685214 115456691
1654405134550000984 193570251
1654405134664774826 103427766
1654405134814124520 146036342
1654405135449904816 256275850
1654405136250136426 195239948
1654405136384569574 133586574
1654405137252626884 172099946
1654405138060989710 201162138
1654405138954950767 187085920
1654405139750325711 251911005
1654405140549819085 98717376
1654405141396753672 211363337
1654405142080470630 107968966
1654405142888674790 186800982
1654405144508861786 113872407
1654405145149649387 167898142
1654405145949694480 276628539
1654405146856688424 361591544
1654405147467679246 166284862
1654405148372683844 216920291
1654405149255090701 173311656
1654405150050349016 143422437
1654405150969369457 80446329
1654405151815900320 152810307
1654405152468684027 164341708
1654405153238262893 89062507
1654405153970614219 114485572
1654405154088544858 117462012
1654405154684693458 128890949
1654405155383024528 130967916
1654405156189817401 194565038
1654405157055139952 185984241
1654405158677615867 171392267
1654405159564672737 182931603
1654405160388724974 109600708
1654405161068696084 176186677
1654405161902568282 130276196
1654405162753820036 196354337
1654405163469399338 201582582
1654405164000498879 106541250
1654405164764660629 105227779
1654405165449742800 189597251
1654405165560674641 110473549
1654405166164785443 176448567
1654405166764688088 182826222
1654405167657728284 249197825
1654405168364186872 99169289
1654405169070287678 184667264
1654405169864687280 115230927
1654405171252648958 172145727
1654405172108595783 202859839
1654405172854835751 103685886
1654405173552709757 163042622
1654405173756994492 203610856
1654405174484618308 132813952
1654405174643357035 158008785
1654405175568841262 118134624
1654405176432764947 149355101
1654405177208827993 107359010
1654405177980565379 107338883
1654405178860741966 165582197
1654405179520282032 56902183
1654405180405647163 118613796
1654405180956661810 165415701
1654405181649690254 183919892
1654405181849897033 184132628
1654405182549869458 169492661
1654405183254776474 163775628
1654405184019045459 130287069
1654405184746945955 175895428
1654405185468674095 200576574
1654405186154738621 86875887
1654405186954748010 185340678
1654405187861958593 260026790
1654405188659391062 174787986
1654405189376872402 105126172
1654405190199338786 140173834
1654405191096228175 200743699
1654405191456876551 292718568
1654405192056791994 166676130
1654405192719409817 115131417
