1654405043352786606 247477062
1654405044189755331 213427356
1654405045049611355 195894034
1654405045160738372 110637959
1654405045972598089 110529861
1654405046672645626 200092142
1654405047349715931 156928379
1654405047449881558 91444091
1654405048364809869 178573056
1654405049080831678 217448575
1654405049955101157 192759457
1654405050724507446 149608330
1654405050788661299 63699061
1654405051617206543 142712037
1654405052372603447 104010927
1654405053201757741 199176037
1654405053361753678 154530777
1654405054054785868 93200726
1654405054721303567 63151186
1654405055682841710 127449508
1654405056740542006 183212239
1654405056980752864 123575618
1654405057060652869 79263605
1654405057765867939 166270958
1654405058360718165 96774513
1654405059150164596 159321938
1654405059989718530 191876264
1654405060805687787 132822852
1654405061658562257 200730516
1654405062549943230 190907193
1654405062730074353 179556597
1654405063439042466 240644345
1654405064176539096 124389577
1654405065149330958 193737576
1654405065296637327 136157522
1654405065468637473 171300430
1654405066252625919 88296894
1654405067076558102 201526499
1654405067202785830 125751113
1654405067832032035 252024033
1654405068006109032 173616723
1654405068705748090 111699747
1654405068864696895 143013931
1654405069556658971 164014714
1654405069684653035 107279821
1654405070572613058 296545710
1654405071449921545 192315738
1654405072252878073 242268426
1654405073081856790 132747889
1654405073952966784 267419221
1654405074649587816 165152653
1654405075464675900 191130633
1654405076284633014 206490044
1654405077862420393 165749952
1654405078472558006 196991893
1654405079160684129 157879060
1654405079860603651 105221010
1654405080056636267 180413934
1654405080775641585 124447646
1654405081554803633 152645233
1654405082452650131 142359157
1654405082590862959 137747210
1654405082653442582 62043515
1654405083449979354 174901510
1654405084258139431 264239607
1654405084318316981 59682667
1654405085049968742 148548702
1654405085831416100 228972284
1654405086656911924 178671865
1654405087133538961 125474928
1654405087856849585 69352463
1654405088664704000 101416415
1654405088849881637 184701255
1654405089658005594 194452034
1654405089847064946 165649048
1654405090455022615 166341225
1654405091256833818 198956835
1654405092163986225 190488764
1654405092900633085 203704994
1654405093111450952 143171278
1654405093792692469 131307516
1654405094596654678 220335853
1654405095392811258 134327732
1654405096106449256 156721482
1654405096180589997 73686639
1654405097056680765 163181881
1654405097152783635 95384711
1654405097949893920 73660673
1654405098772709012 282177523
1654405099564705865 179317579
1654405099760736168 195409768
1654405100564608068 174300575
1654405101161944892 74385356
1654405102005270662 220132241
1654405102731519752 175407950
1654405103542542528 151474624
1654405104252780035 176050555
1654405105056667514 177382001
1654405105752853291 197551950
1654405106492655010 123597374
1654405107264628594 81266816
1654405108080659360 196364045
1654405108788941496 185936143
1654405108904892262 115333498
1654405109684662662 121025525
1654405109854786486 158639202
1654405110653089507 256434784
1654405112178887230 125881203
1654405112949600393 165762457
1654405113685322075 99570299
1654405114447516535 161300322
1654405115151531674 176189815
1654405115864791364 71341103
1654405116646400684 246056699
1654405116792574467 145691594
1654405119349973271 179288569
1654405120193959196 213479685
1654405120951717858 147689606
1654405121749776022 198838333
1654405122597665056 196352185
1654405123456767423 194407845
1654405124360593341 275294217
1654405124473651869 112498722
1654405124564687078 90474418
1654405125555937159 169815648
1654405125664722207 108304467
1654405126373617379 101802257
1654405127081640648 302126923
1654405127176645584 92530356
1654405128752915499 197739935
1654405129530185583 268619337
1654405130156911408 164028847
1654405131055140146 254996159
1654405131158677985 102802911
1654405132072112919 184763258
1654405132761403230 101211660
1654405133560646485 191233305
1654405134456835205 245666912
1654405134526895477 69390239
1654405135410568570 191568627
1654405135561755261 150837111
1654405136364719861 186664307
1654405136480578058 115286937
1654405137288655447 136248575
1654405138060297106 94318253
1654405138959170336 187618359
1654405139092617806 132819313
1654405139998239652 83569390
1654405140868647950 166057355
1654405141856845362 262452391
1654405143670971639 189025278
1654405144437946600 155092036
1654405145260604051 184322470
1654405146081649289 129541843
1654405147011855034 126352484
1654405147168662732 156458172
1654405148056777884 205520626
1654405149045466483 283488222
1654405149810171393 204728559
1654405149900450513 89760868
1654405150672600685 110704581
1654405151487311174 101775373
1654405152070937450 118057000
1654405152868661961 168537368
1654405153649895775 259544262
1654405153777784600 125646054
1654405154560710163 153255888
1654405155296684300 198001308
1654405156160669552 195387304
1654405156856701187 166001148
1654405157750169898 184148135
1654405157869241091 118418600
1654405158750143130 181268664
1654405158880584159 124248658
1654405159770505709 190568778
1654405160638615594 160050723
1654405161420858924 148669571
1654405162233806006 167825531
1654405163000571160 139249414
1654405163117713768 116498962
1654405163724441533 150561433
1654405165286225295 120923556
1654405165433367516 146446470
1654405165531217266 97420820
1654405166164387180 195400504
1654405166248028095 82857957
1654405167027770279 55037235
1654405167096680044 68473893
1654405167810381467 156972354
1654405168628824480 236213595
1654405169260691080 181529568
1654405170888534046 186812734
1654405171788667550 128338841
1654405172568645758 92705491
1654405173250783593 186448799
1654405173988651610 132189307
1654405174652960956 198528655
1654405176375506107 123501937
1654405177249812106 198731523
1654405178149667151 197265834
1654405179048228986 256207166
1654405179156787681 107984738
1654405180092615238 140249162
1654405180992469109 197403395
1654405181650979074 175920972
1654405182670626478 190539210
1654405183372590606 119871360
1654405184100273822 149135165
1654405184849910295 170949836
1654405186472652288 110062008
1654405187256676386 95546122
1654405188191357108 237025939
1654405189149757700 192563649
1654405189996649269 130229725
1654405190256637712 259445923
1654405191084782353 212079207
1654405191894862133 198811535
1654405192556876891 167171332
1654405193449926423 157051511
1654405194200451985 134590965
1654405195080569068 187055486
1654405195876614457 169391995
1654405196641497755 166692761
1654405197480701124 107019620
1654405197650236864 168974542
1654405197785770999 124524433
1654405197960329994 174103646
1654405198806033245 122038177
1654405200436144515 183825371
1654405201893818556 203480537
1654405203564663094 205602812
1654405204268631789 119320027
1654405204961352142 179946829
1654405205776593561 187002979
1654405206792614495 222463650
1654405207468179644 164324141
1654405208180610950 88707578
1654405208979242957 124629874
1654405210484710691 187192754
1654405212060724681 160477043
1654405212851165655 175212650
1654405213072709300 200413176
1654405213188247080 114977585
1654405213964622135 194027291
1654405214784666156 198493998
1654405215352665727 201573349
1654405215997717352 105631583
1654405216861980313 198132840
1654405217664420662 181982831
1654405218372617348 117128128
1654405219160562251 144283552
1654405219764645568 204882738
1654405219951650103 186312884
1654405221664676874 180588173
1654405221772515216 106992837
1654405222559444583 91245344
1654405223560742205 195035193
1654405223663104453 101791488
1654405224357793872 99418110
1654405224469829468 105610766
1654405225257754809 263822931
