1655952849519421190 225339
1655952849896366894 99059
1655952850296116988 180573
1655952850519044018 22212
1655952850797178217 77690
1655952851017156615 19555
1655952851298505041 80575
1655952851511703030 10930
1655952851729008176 16780
1655952851938644383 9249
1655952852148268583 9225
1655952852358390457 9718
1655952852567977031 9158
1655952852778258417 9890
1655952853026605838 47933
1655952853248007264 19254
1655952853465007621 16582
1655952853724258622 55711
1655952853942142844 16864
1655952854161505153 18937
1655952854383181976 20448
1655952854605036360 20842
1655952854827632578 16047
1655952855100527876 71487
1655952855319049741 18107
1655952855535073073 14874
1655952855754828473 19312
1655952855972004696 16730
1655952856200018965 27374
1655952856420766392 20330
1655952856694402581 72754
1655952856905508645 10723
1655952857115354797 9398
1655952857327276687 11510
1655952857537402853 9784
1655952857747991152 10200
1655952857958203973 9829
1655952858168138764 9543
1655952858379438335 10911
1655952858591092240 11236
1655952858801198480 9689
1655952859011866383 10191
1655952859221984471 9731
1655952859432138686 9771
1655952859642501022 9981
1655952859852820516 9918
1655952860063353849 10140
1655952860273690512 9694
1655952860483987366 9821
1655952860704648729 11297
1655952860916379602 11261
1655952861130815264 13986
1655952861347778467 16537
1655952861571703211 23523
1655952861800286250 27400
1655952862104165933 103469
1655952862322417559 17467
1655952862533492899 10380
1655952862743954558 10055
1655952862954074796 9746
1655952863164374075 9899
1655952863375218190 10436
1655952863587697620 12147
1655952863803405860 10045
1655952864017396453 13076
1655952864227643637 9847
1655952864438530851 10509
1655952864648602465 9677
1655952864901694395 52581
1655952865112926736 10414
1655952865326150449 12635
1655952865536623108 9598
1655952865747019997 10005
1655952865956810770 9271
1655952866167074279 9777
1655952866377081210 9540
1655952866587148228 9680
1655952866797561107 10016
1655952867007229100 9278
1655952867218364283 10805
1655952867429874978 11123
1655952867641437024 11124
1655952867852647474 10816
1655952868062969214 9931
1655952868274873179 11510
1655952868487263081 12012
1655952868697516477 9970
1655952868907823033 9830
1655952869117530212 9224
1655952869328230947 10183
1655952869538650426 9998
1655952869796968836 55595
1655952870012859407 15494
1655952870231178279 16490
1655952870442274499 10717
1655952870723743004 80280
1655952870948785684 23877
1655952871194117936 42686
1655952871405418222 10903
1655952871620442179 14564
1655952871832082426 10632
1655952872097403226 64821
1655952872314051535 15563
1655952872531107503 15694
1655952872751593559 19215
1655952872977654213 24912
1655952873208099875 13987
1655952873420119602 11643
1655952873631831304 11311
1655952873842772558 10551
1655952874056130555 12952
1655952874267806131 11266
1655952874481210536 12231
1655952874691624519 9997
1655952874909075426 17040
1655952875129639645 19882
1655952875349070629 18145
1655952875576560138 26850
1655952875794488966 17493
1655952876112801926 117619
1655952876329043167 15802
1655952876600877030 71417
1655952876816258848 14933
1655952877032850598 15405
1655952878431132907 1137748
1655952878641172514 9613
1655952878896125949 54560
1655952879107708992 11174
1655952879318558954 10441
1655952879534245988 15269
1655952879745486563 10264
1655952879998523945 52420
1655952880219067925 20092
1655952880437933279 18402
1655952880657647041 18923
1655952880880717877 22634
1655952881096664935 15375
1655952881313383414 15469
1655952881536836979 22989
1655952881793900342 56638
1655952882011432843 17154
1655952882225032593 13190
1655952882438543593 12792
1655952882652061302 12687
1655952882862625090 10151
1655952883073195914 10183
1655952883283222419 9629
1655952883494034902 10396
1655952883704672020 10259
1655952883915296992 10243
1655952884125198343 9513
1655952884335802746 10211
1655952884546450577 10245
1655952884758340658 11493
1655952884969737084 10998
1655952885180900405 10770
1655952885392909206 11603
1655952885603316025 9993
1655952885813366748 9644
1655952886023827814 10027
1655952886233928479 9705
1655952886444796643 10461
1655952886655572395 10359
1655952886866183021 10219
1655952887076354379 9784
1655952887286514765 9763
1655952887497134081 10203
1655952887707204820 9668
1655952887917242601 9698
1655952888127348046 9726
1655952888404733465 11372
1655952888614916631 9806
1655952888906157907 90745
1655952889127505115 19445
1655952889351326399 19835
1655952889563128559 11589
1655952889811303057 17610
1655952890025220079 13678
1655952890299146420 73521
1655952890523383527 23851
1655952890741743361 17404
1655952890959927205 17758
1655952891175776334 14889
1655952891402982113 9308
1655952891695058509 91644
1655952891906852814 11366
1655952892126741821 19411
1655952892404042360 10259
1655952892616581938 12149
1655952892835208044 18188
1655952893044848223 9298
1655952893256102133 10827
1655952893469004607 12418
1655952893705293757 35661
1655952893918803325 13083
1655952894133669968 14368
1655952894347390735 13313
1655952894564182324 14663
1655952894780566843 15965
1655952894996110415 15129
1655952895214432116 17915
1655952895436651921 21808
1655952895655747569 18666
1655952895877138893 20704
1655952896097898141 20339
1655952896316458929 17326
1655952896538104822 20441
1655952896754734420 16312
1655952896970956394 15806
1655952897207666357 13651
1655952897420607480 11956
1655952897634363948 13088
1655952897848913464 14170
1655952898062450772 13141
1655952898276057494 13191
1655952898489427613 12863
1655952898707946145 14585
1655952898925220847 16324
1655952899143708220 17701
1655952899361417908 17303
1655952899594897624 30672
1655952899816584584 20988
1655952900095179232 77859
1655952900312542389 16969
1655952900527402299 13767
1655952900755660443 26874
1655952900999197209 42384
1655952901224457443 24428
1655952901453537166 28655
1655952901665919926 11966
1655952901878372016 12038
1655952902090703170 11847
1655952902303846589 12724
1655952902515783881 11520
1655952902727402398 11195
1655952902939269451 11423
1655952903151715711 12098
1655952903362844509 10689
1655952903574066846 10725
1655952903893879780 100456
1655952904103926566 9638
1655952904314279586 9967
1655952904525003562 10335
1655952904735400338 9998
1655952904947006310 11068
1655952905162366555 14339
1655952905374471481 11257
1655952905586235067 10685
1655952905797250226 10212
1655952906014100456 16105
1655952906295838064 81058
1655952906508007242 11307
1655952906719143786 10175
1655952906933009783 13403
1655952907148952904 15457
1655952907365529592 16149
1655952907581381150 15415
1655952907797234090 15423
1655952908008427570 10757
1655952908218260313 8926
1655952908429148985 10422
1655952908639605725 10048
1655952908852745126 12037
1655952909065932744 12772
1655952909277290639 10633
1655952909489085307 11350
1655952909700724549 10421
1655952909911879459 10290
1655952910123310756 10355
1655952910335238751 10791
1655952910547409733 11492
1655952910765467261 16323
1655952910976665364 9942
1655952911189039056 11956
1655952911399535996 10086
1655952911612313148 12366
1655952911823753178 11005
1655952912035126380 10507
1655952912245617777 9809
1655952912457530775 11149
1655952912668315806 10065
1655952912882437672 13338
1655952913093157862 10124
1655952913304863323 10918
1655952913516281785 10684
1655952913727977514 10956
1655952913938460084 9897
1655952914149076439 10222
1655952914359828321 10365
1655952914569822696 9591
1655952914779974569 9773
1655952915026127811 45770
1655952915250116516 22875
1655952915476132722 25579
1655952915703650442 23697
1655952915919255668 14880
1655952916138007788 18309
1655952916395098920 56654
1655952916608111995 12585
1655952916820636447 12127
1655952917032882285 11639
1655952917305256294 11221
1655952917516953723 10688
1655952917729577335 12025
1655952917942149633 11614
1655952918158554197 15719
1655952918370204274 11255
1655952918582253705 11659
1655952918794012456 11331
1655952919006216080 10994
1655952919219044301 11655
1655952919432234037 11981
1655952919644920066 11713
1655952919904682340 10629
1655952920116668529 10649
1655952920328032935 10220
1655952920539586727 10963
1655952920751031084 11037
1655952921010497533 9752
1655952921221013081 10131
1655952921432774270 11338
1655952921647310488 14129
1655952921860989789 13375
1655952922074078788 12682
1655952922287517787 12985
1655952922499495758 11608
1655952922712202040 12308
1655952922924991722 12393
1655952923137392471 11937
1655952923410919617 73064
1655952923630296719 18946
1655952923898538649 67649
1655952924117794054 18557
1655952924335992295 17732
1655952924553292811 16298
1655952924772307755 18350
1655952924987027074 14312
1655952925201341755 13257
1655952925418498385 16741
1655952925635864534 16804
1655952925852728060 16442
1655952926072238712 19087
1655952926292650975 15486
1655952926511224275 17569
1655952926723157508 11616
1655952926933779182 9554
1655952927146604523 12440
1655952927357300643 10306
1655952927567315024 9633
1655952927777336207 9800
1655952927987076040 9336
1655952928197468314 9939
1655952928407264342 9391
1655952928617767804 10211
1655952928828309559 10139
1655952929095268043 63631
1655952929306243824 9969
1655952929518186051 11003
1655952929728571924 9567
1655952929941039697 12086
1655952930151617031 9684
1655952930362509684 10299
1655952930572397052 9489
1655952930783530398 10749
1655952931001260320 17220
1655952931217963132 16288
1655952931437506482 18682
1655952931648084640 10185
1655952931858465387 9984
1655952932097517578 38663
1655952932310601683 12646
1655952932523178413 12143
1655952932735712855 12106
1655952932947415779 11020
1655952933158824988 10667
1655952933371002821 11722
1655952933582368120 10893
1655952933800495736 17643
1655952934011910132 10989
1655952934223997438 11660
1655952934435925852 11510
1655952934647170624 10838
1655952934858102839 10489
1655952935069518214 10964
1655952935280716222 10779
1655952935499100610 17820
1655952935709106518 9684
1655952935923905714 14392
1655952936135247234 10947
1655952936346488272 10946
1655952936563402765 16693
1655952936774311639 10309
