1655952732190931469 681508
1655952732586126981 194675
1655952733187797989 401197
1655952733584463742 194917
1655952734388122820 603217
1655952735289725088 695043
1655952735885618003 390951
1655952736392159942 290428
1655952736988879273 395798
1655952737492177193 302857
1655952738086496555 299701
1655952738508512890 217855
1655952738718329041 9420
1655952739099007244 121932
1655952739688055772 304681
1655952740100630069 211933
1655952740587407780 286347
1655952741197901554 297200
1655952741904266675 422317
1655952742401252382 224197
1655952743090631255 395990
1655952743589715042 294982
1655952744197565894 407408
1655952744790980070 392991
1655952745299267145 210228
1655952745781540392 278849
1655952746487546209 493655
1655952746989742755 299089
1655952747600798237 407132
1655952748193572001 302640
1655952748485847891 91571
1655952748987259788 298191
1655952749389827107 199149
1655952749880441188 290189
1655952750379824966 298244
1655952750796346624 215883
1655952751078289936 81219
1655952751582306035 299641
1655952752091523898 294717
1655952752486886528 194929
1655952753100016947 412342
1655952754684040864 1383203
1655952755186827045 292769
1655952755601284062 205348
1655952755811022790 9362
1655952757280962860 1202233
1655952757694452175 212806
1655952758006368106 111463
1655952758487866692 210580
1655952758802362819 113948
1655952759014843300 12166
1655952759579223216 300497
1655952760188101774 405463
1655952760782493394 185697
1655952761192016576 204761
1655952761693832567 299966
1655952762281150333 386891
1655952762685932941 204330
1655952763290131345 403549
1655952763785726134 291168
1655952764398484053 406455
1655952764977249212 378278
1655952765401130787 222731
1655952765623507187 20326
1655952766186999016 309689
1655952766797927478 407281
1655952767400943124 323481
1655952767990341518 313159
1655952768589610036 396842
1655952769101432318 311383
1655952769686180185 384333
1655952770183920618 293259
1655952770689206500 299650
1655952771189081488 299387
1655952771788421536 398662
1655952772495707485 214706
1655952773102128066 405978
1655952773591381377 205035
1655952773989024393 196508
1655952774501982696 312238
1655952775091745173 389359
1655952775681784458 381627
1655952776101930702 205773
1655952776788148335 411096
1655952777200863817 206221
1655952777692522384 214748
1655952778281613635 388635
1655952779780087032 1298038
1655952780379410008 398565
1655952780793389501 211634
1655952781280441205 181981
1655952781996834507 505547
1655952782588539929 294735
1655952783185427004 297783
1655952783497239472 110766
1655952783789246718 91244
1655952784087057977 81674
1655952784497983777 209907
1655952784995669362 218468
1655952785584994114 388246
1655952786102444537 312210
1655952786685523112 290862
1655952787084534432 198276
1655952787601830904 312196
1655952788186681444 295953
1655952788589464574 202358
1655952789081161068 275903
1655952789498067094 216446
1655952789985533167 282817
1655952790577639208 382144
1655952790979987841 201221
1655952791788068363 600036
1655952792283999934 295497
1655952792596069392 109315
1655952793085907144 287188
1655952793492011248 201358
1655952794000576743 305911
1655952794501224957 300217
1655952794877497601 100395
1655952795279740005 201812
1655952795682172441 201196
1655952796294750365 399979
1655952796793291673 296360
1655952797011966870 14774
1655952797497219100 215550
1655952798181339441 404165
1655952798683708602 301927
1655952799277902253 391202
1655952799789252253 310230
1655952800285724465 290854
1655952800780900108 294715
1655952801393835226 313694
1655952801886110551 287420
1655952802500018574 409177
1655952802989245514 211483
1655952803581101541 386494
1655952804103015699 318919
1655952805799522679 1422478
1655952806383963808 383386
1655952806884034058 299620
1655952808485627722 1390893
1655952808985236256 299138
1655952810696965429 1410328
1655952811181418295 204371
1655952811392636909 10798
1655952811791816470 198210
1655952812197095311 202459
1655952812798431558 321259
1655952813382572426 299253
1655952813892976370 306292
1655952814402367930 225305
1655952814903959445 301266
1655952815582180936 404987
1655952815991015177 200383
1655952816492937432 301497
1655952817002331269 308953
1655952817688119855 410108
1655952818782997937 688287
1655952819381032185 397595
