1655952968901991531 364403
1655952969285508874 179106
1655952969788701526 302449
1655952970189302024 198860
1655952970611327830 221597
1655952970905646335 90940
1655952972289245173 1183178
1655952972680129771 185496
1655952972980163873 99024
1655952974324737100 1136646
1655952974544339389 19203
1655952974755928578 11170
1655952974966995705 10635
1655952975195573518 28152
1655952975497434683 101438
1655952975791380915 81107
1655952976082331905 89482
1655952976393077270 104079
1655952976616409826 21618
1655952976917864981 99541
1655952977201192235 82547
1655952977495652617 89296
1655952977722177807 22821
1655952978102594507 125540
1655952979414292973 1110026
1655952979690027435 74883
1655952979915288908 16165
1655952980291890905 172422
1655952980621246393 126529
1655952980985933422 94834
1655952981228047060 38728
1655952981695987197 217261
1655952982085951929 181713
1655952982305137536 18762
1655952982618316286 112548
1655952982879513487 60854
1655952983103505670 23246
1655952983396754815 92046
1655952983725853521 116158
1655952983938076363 11789
1655952984294042890 115154
1655952984624834043 105629
1655952984915454260 90217
1655952985181808851 62340
1655952986422479706 1039807
1655952986783713825 104964
1655952987113785961 124298
1655952987329246881 12503
1655952987539159564 9518
1655952987785363751 45802
1655952988016263785 25747
1655952988233017594 14579
1655952988497166090 63184
1655952988803696703 106097
1655952989020488606 11635
1655952989316991191 96070
1655952989698961331 107006
1655952989989266654 85586
1655952990297067622 91558
1655952990608595073 109904
1655952990819668365 10627
1655952991118304445 97785
1655952991477702320 159014
1655952991697905850 19739
1655952991915849162 17180
1655952992126035619 9784
1655952992336597797 10119
1655952992588902036 50232
1655952992877699105 88273
1655952993104974888 26831
1655952993495607265 116861
1655952993707726635 10428
1655952994080675099 169946
1655952994388310874 82025
1655952994695588136 102455
1655952995012153624 113250
1655952995303167950 90178
1655952995594045159 88038
1655952995889552408 86886
1655952996201093044 108486
1655952996429616979 28107
1655952996787609474 108848
1655952997192945070 204796
1655952997420138863 21451
1655952997714308810 37254
1655952998221868847 305904
1655952998438632953 16361
1655952998686475562 46855
1655952999005345274 104269
1655952999317467574 34415
1655952999585390880 65027
1655952999824534356 38700
1655953000105549788 28489
1655953000511059865 199287
1655953000909461362 187583
1655953001289799719 175147
1655953001684371456 194140
1655953002078274886 183165
1655953002297425841 18719
1655953002515064521 16485
1655953002806240073 90603
1655953003043378952 36167
1655953003283454593 39607
1655953003611105585 124456
1655953003885345965 71288
1655953004125712110 39962
1655953004339782932 13614
1655953004610014858 69406
1655953004883931093 65569
1655953005095365508 11005
1655953005401495160 104986
1655953005641340024 30692
1655953005895760656 16488
1655953006197452551 98798
1655953006581220348 182460
1655953006879923638 88630
1655953007093433209 12661
1655953007323191068 29347
1655953007580042690 56350
1655953007820002749 33309
1655953008115800638 94415
1655953008334133121 11187
1655953009619556657 1041781
1655953009915060080 95060
1655953010129531434 14081
1655953010481594967 104561
1655953010701423217 19420
1655953011017581974 115479
1655953011412838080 194194
1655953011701018625 70313
1655953011977897765 73672
1655953012205419585 25368
1655953012433553908 27428
1655953012693152126 58884
1655953012986454326 84535
1655953013219879744 32975
1655953013505735964 85448
1655953013783140681 76974
1655953014014233721 30447
1655953014227048015 12391
1655953014597778448 168970
1655953014891123727 84500
1655953015111552668 18915
1655953015398320991 81210
1655953015621277972 21436
1655953015901399165 79486
1655953016218392345 116549
1655953016524484773 102515
1655953016796105854 65225
1655953017122181114 121792
1655953017413218245 25002
1655953017684461058 70815
1655953017913722651 27086
1655953018277110351 162976
1655953018497031813 19490
1655953018804467219 105779
1655953019088968175 82658
1655953019400715449 111309
1655953019713284740 109687
1655953019929099457 14431
1655953020195531487 65980
1655953020497805229 99141
1655953020725370130 27157
1655953020994326685 68552
1655953021307518042 112616
1655953021598785083 89192
1655953021905922569 106379
1655953022298732425 192379
1655953022521256317 19741
1655953022901304213 174503
1655953023304590874 201531
1655953023589567988 82950
1655953023825571989 34896
1655953024187615974 110554
1655953024532413963 133760
1655953024889452775 150818
1655953025108551380 18701
1655953025496117859 186851
1655953025722234614 14961
1655953025933181737 10205
1655953026185936451 47226
1655953026491052645 96975
1655953026800680975 106024
1655953027091474305 90225
1655953027389489849 94353
1655953027702321444 111683
1655953028088570518 182221
1655953028312468546 21969
1655953028684320968 79333
1655953028925210117 33850
1655953029195338208 69645
1655953029597370563 198720
1655953030008129572 209365
1655953030387130107 169115
1655953030797569739 210001
1655953031193265078 193721
1655953031578898196 179381
1655953031816786913 37465
1655953032028686145 11481
1655953032297525908 20459
1655953032532183028 33720
1655953032796069801 19010
1655953033094015967 91160
1655953033500563987 198725
1655953033719657968 18458
1655953034005478475 84638
1655953034309668755 102901
1655953034603039852 11065
1655953034896741072 93294
1655953035185772291 79353
1655953035507388045 113750
1655953035793249244 85446
1655953036130118072 135466
1655953036521645032 139332
1655953036777473901 55423
1655953037011384107 32710
1655953037424583175 206201
1655953037656717871 30007
1655953037881306404 19117
1655953038103554638 16785
1655953038325232197 18537
1655953038781654965 256013
1655953039192245252 206940
1655953039498351816 105574
1655953039716323245 15914
1655953039977833605 60571
1655953040201108133 12483
1655953040485108006 82705
1655953040777142264 88052
1655953041013035743 29533
1655953041233896283 15091
1655953041589283190 102578
1655953041890224848 99566
1655953042136007356 44059
1655953042349136004 10450
1655953043684606907 1105942
1655953043910295243 22807
1655953044196025011 72735
1655953044523149342 126682
1655953044801032615 75216
1655953045200120509 197302
1655953045591631782 188820
1655953046105987192 310139
1655953046321448128 14767
1655953046593745550 71485
1655953046879755314 85265
1655953047121210060 28761
1655953047424587252 46791
1655953047701520981 76510
1655953047922228004 20288
1655953048213192474 90521
1655953048613154566 130927
1655953048950097234 52171
1655953049192785838 14831
1655953049501354163 108036
1655953049801073194 86409
1655953050113225534 99573
1655953050385845516 72189
1655953050683013929 92007
1655953050985658380 94999
1655953051204801404 18729
1655953051496069297 90788
1655953051807940657 111183
1655953052105381970 94570
1655953052400890216 94301
1655953052709295479 105459
1655953053084387533 169671
1655953053387506393 102059
1655953053682182081 91855
1655953054003077063 117844
