1655953202183885532 669581
1655953202684914725 297981
1655953203180299889 284768
1655953203615784094 225133
1655953203979150542 162964
1655953204197462604 16888
1655953204501954496 102483
1655953204801716357 99349
1655953205185636970 183491
1655953205397912531 9977
1655953205690942187 92354
1655953206001218578 109284
1655953206293312060 91072
1655953206602382369 108657
1655953206819706464 16860
1655953207101019575 23964
1655953207497348663 120313
1655953207989871615 191126
1655953208215844316 25549
1655953208583842281 106787
1655953208891296767 106844
1655953210203666287 1111544
1655953210705341905 301078
1655953211081823520 102454
1655953211306289833 24064
1655953211532375728 25409
1655953211750020866 17052
1655953212088755787 111714
1655953212505827600 216659
1655953212810615083 104336
1655953213100462847 86340
1655953213389496774 85484
1655953214716471248 1126331
1655953215088644810 111604
1655953215385586043 96494
1655953215779743706 184573
1655953217289151489 1192493
1655953218621305802 1131363
1655953219003147808 176432
1655953219283465724 79906
1655953219600219245 116328
1655953219890241179 89589
1655953220182096873 91457
1655953221491449056 1106339
1655953221793006610 100217
1655953222105376386 108365
1655953222487155232 110117
1655953222801382568 113800
1655953223083817220 82033
1655953223480791051 196577
1655953223705715745 24460
1655953223920376997 10092
1655953224189479398 12434
1655953224481381497 90702
1655953224792018070 109719
1655953225004822160 11236
1655953225381611014 176336
1655953225609410156 25102
1655953225906158322 26592
1655953226284470683 177879
1655953226585453925 100548
1655953227981856705 1195954
1655953228196780523 14123
1655953229604606509 1206721
1655953229991600154 185844
1655953230382143721 190096
1655953230782082309 195200
1655953231282585918 198447
1655953231580043698 97245
1655953231793732472 10478
1655953233081470518 1087159
1655953233379767093 97876
1655953233786280773 185256
1655953234108193988 118519
1655953235579827183 1196818
1655953235995065480 212618
1655953236481322949 284924
1655953236695833651 12164
1655953236999525854 103264
1655953237279498331 78113
1655953237701770389 221532
1655953238081076571 104017
1655953238489073910 207079
1655953238784278623 94755
1655953239081714844 94084
1655953239480243256 198105
1655953239994847065 313140
1655953240380606002 182842
1655953240682175571 101157
1655953240978433329 87179
1655953241285703216 106681
1655953242697870330 1201654
1655953243100689832 202252
1655953243486395045 185291
1655953243785130225 95600
1655953244180572080 193305
1655953244592807484 198549
1655953244996873961 192379
1655953245299440061 16133
1655953245578201712 76703
1655953245799334012 20599
1655953249042279029 3041827
1655953249314804316 72013
1655953249605685067 90408
1655953249919573721 113503
1655953250180058041 57440
1655953250406356786 26009
1655953250901295820 218911
1655953251382235903 275554
1655953251696391822 108863
1655953251917220741 20390
1655953252402949221 225693
1655953252615054044 11707
1655953252996153832 119066
1655953253302057029 105470
1655953253515757585 13180
1655953253979978715 202939
1655953254285431954 105027
1655953254582670552 96788
1655953254798995287 13374
1655953255189239817 189763
1655953255480254970 87452
1655953255789214265 108311
1655953256101510541 111474
1655953256598103485 215398
1655953256977509025 178436
1655953257193206840 14711
1655953257421406600 27808
1655953257678813878 57058
1655953257897886370 16980
1655953258300203687 201282
1655953258689482385 188448
1655953258993458102 103410
1655953259380962994 186849
1655953259702068567 116314
1655953260278385770 286505
1655953260499304432 16680
1655953260883804067 106745
1655953261200517323 116294
1655953261421593910 20355
1655953261701644372 79674
1655953261997807842 95150
1655953262226410733 27457
1655953262797354737 316293
1655953264120926925 1118274
1655953264477144748 153914
1655953264806693706 129101
1655953265300824786 223769
1655953265795722368 213043
1655953266017730137 20500
1655953266382171416 98944
1655953266797945029 214227
1655953267198701057 197863
1655953267504834746 25043
1655953267797756158 10306
1655953268008147402 9963
1655953268218537841 9988
1655953268484512916 65510
1655953268701934505 16983
1655953269178942460 276598
1655953269483374639 104022
1655953269799464228 10881
1655953270091323095 91428
1655953270397593536 103805
1655953270882486819 283830
1655953271296273042 212907
1655953271593333250 96043
1655953271816905382 20596
1655953272085049774 67717
1655953272385565807 100078
1655953272795565676 209308
1655953273083508824 87498
1655953273391090572 103277
1655953273779696855 187695
1655953274098379357 118259
1655953274485535732 186846
1655953274705738972 19727
1655953274996572499 89517
1655953275401003780 203918
1655953275894474608 214589
1655953276202459552 107548
1655953276583655089 180129
1655953276810378674 26282
1655953277095803754 81161
1655953277479039325 182373
1655953277702059057 22580
1655953277988797342 86107
1655953278208113746 15950
1655953278496941878 19891
1655953278787502272 90107
1655953279085033700 96213
1655953279382462215 97011
1655953279684335718 98193
1655953280917220012 1031621
1655953281186050794 68410
1655953281404398654 17930
1655953281888270968 211112
1655953282383188096 199119
1655953282598513928 9301
1655953282897145148 97848
1655953284231496831 1133332
1655953284481887603 49984
1655953284786038704 94905
1655953285081349691 90577
1655953285307966918 25937
1655953285602384324 93695
1655953285899772186 97157
1655953286187824078 87637
1655953286484932373 94604
1655953286698111713 11837
1655953286909658998 11107
1655953287198692545 21632
1655953287680756332 278065
1655953287995989585 94835
1655953288297348267 100937
1655953288589912218 87222
1655953288884671531 94357
1655953289187380906 102292
