1656103127429601244 70189084
1656103127636151557 5766390
1656103127846084258 9397179
1656103128055832860 4396080
1656103128261221942 4384000
1656103128466993464 4594549
1656103128676099126 8052329
1656103128891436857 7233419
1656103129101129150 7734450
1656103129314028631 10506189
1656103129526694203 11176360
1656103129735064024 6514659
1656103129943695956 7849299
1656103130151441138 7133129
1656103130360811520 7909989
1656103130566122422 4974359
1656103130769983375 3496680
1656103130974060447 3460490
1656103131177990659 3592000
1656103131381762640 3464049
1656103131585982964 3824630
1656103131789941506 3569280
1656103131995274198 5027220
1656103132199410521 3685720
1656103132404035933 3912480
1656103132608829045 4447859
1656103132812942508 3693580
1656103133017312030 3941440
1656103133223523472 4394710
1656103133429899794 4165149
1656103133636666706 6370539
1656103133849775128 11081429
1656103134058836430 7719209
1656103134268463122 9269019
1656103134478818394 8784040
1656103134687062545 6653219
1656103134892067918 4688320
1656103135096654280 4229190
1656103135302477722 4893589
1656103135508521874 5131279
1656103135714786926 5403299
1656103135922931998 7540139
1656103136132941060 6570480
1656103136343527521 6509989
1656103136549770893 5780969
1656103136756602775 6224829
1656103136968132947 11196729
1656103137175300140 6886630
1656103137381737172 5538650
1656103137588920004 5714500
1656103137796846046 6250760
1656103138007435747 9012649
1656103138215682630 4688400
1656103138424110991 5708489
1656103138631514064 6624440
1656103138845981175 13924499
1656103139053071467 5153390
1656103139259765379 5369980
1656103139467871431 5456830
1656103139675757973 7379870
1656103139882710605 5304380
1656103140089990287 6833889
1656103140297943329 6949249
1656103140505609261 6203419
1656103140716226623 10212739
1656103140925586475 7208319
1656103141132782707 6379940
1656103141342085128 4933709
1656103141549035861 4653140
1656103141758398622 8639479
1656103141963570104 4161389
1656103142169002287 4259300
1656103142376996299 7811480
1656103142584305371 4250480
1656103142791033293 5996839
1656103143002859315 8227169
1656103143210255997 5997260
1656103143419773179 6002340
1656103143627718121 7210599
1656103143835689823 4518370
1656103144044244065 7203150
1656103144251557947 5191360
1656103144459214919 6987719
1656103144665542191 5058460
1656103144873609683 5400690
1656103145103173263 20006479
1656103145306882735 3498810
1656103145512499457 4780849
1656103145716865479 4031549
1656103145922095031 4861890
1656103146127090684 4677240
1656103146331656546 4259480
1656103146536551018 4589039
1656103146745179080 5541349
1656103146952038202 5939429
1656103147158484225 4947420
1656103147363962296 4554789
1656103147571885099 7138819
1656103147779033071 5636629
1656103147993966602 9210559
1656103148203918214 9499329
1656103148413239676 8095140
1656103148619908928 4514920
1656103148827889890 7203110
1656103149033240322 4386919
1656103149239815744 6109729
1656103149447628886 7397909
1656103149659332928 11510549
1656103149866484950 6628739
1656103150074533152 7730000
1656103150284412634 9057680
1656103150498300426 13503659
1656103150710934897 10294249
1656103150922147798 9322469
1656103151131732430 7344009
1656103151342413042 8894799
1656103151553007094 5721600
1656103151763686416 6746040
1656103151972587478 8193750
1656103152180133310 6882540
1656103152403563770 13850708
1656103152613514632 5894249
1656103152821785274 7378909
1656103153032369706 9559739
1656103153246619527 11229349
1656103153454126539 5729449
1656103153662867981 7655319
1656103153873946043 9554649
1656103154085105284 10716629
1656103154294092436 6694659
1656103154504094808 7571129
1656103154720151419 11752679
1656103154928037570 5866110
1656103155137354323 7961930
1656103155345473305 7291010
1656103155553270677 5868340
1656103155760763559 7125990
1656103155966607751 5497600
1656103156173023673 5029900
1656103156379518045 6150769
1656103156587087927 4702719
1656103156794180139 5765869
1656103157000224632 4791900
1656103157207906004 6187710
1656103157414790996 5732010
1656103157632124067 16646928
1656103157838514839 6126779
1656103158042697872 3872670
1656103158247476954 3570540
1656103158451879626 3585820
1656103158656293668 3579839
1656103158860531631 3391470
1656103159064430763 3484140
1656103159268392565 3555019
1656103159472033248 3224960
1656103159675770570 3397820
1656103159880841312 4437829
1656103160085121865 3973061
1656103160289832107 4439960
1656103161538853908 1048470269
1656103161745117661 4680210
1656103161951104213 4800769
1656103162157233035 4851530
1656103162363775047 5378319
1656103162568758959 4425869
1656103162777494101 7838469
1656103162983928543 4658569
1656103163189353015 4975259
1656103163395532148 4732850
1656103163602907550 5512650
1656103163814090161 10212279
1656103165056989934 1041608632
1656103165262043686 4733360
1656103165466717709 4261560
1656103165670928501 3793199
1656103165875459683 4194160
1656103166080042665 3984959
1656103166284075707 3560099
1656103166488559669 3990920
1656103166694884782 6023509
1656103166899959865 4767470
1656103167104480706 4215349
1656103167311586699 6718590
1656103167530070630 14610419
1656103167746075351 12907879
1656103167954133082 5058169
1656103168162205604 4931529
1656103168373580886 8186059
1656103168584119038 7725220
1656103168797314239 11057379
1656103169006809571 7423140
1656103169216847303 8469459
1656103169430060605 11675259
1656103169638139587 5752420
1656103169846724049 7517409
1656103170050563981 3531730
1656103170254679273 3283580
1656103170458453086 3383770
1656103170663848148 5094260
1656103170871628010 5205180
1656103171081678111 8729529
1656103171287354643 4971519
1656103171492994356 4513790
1656103171699898038 5498920
1656103171904305320 3909650
1656103172112084532 7173519
1656103172316989274 4565060
1656103172523552596 5703500
1656103172727842018 3938860
1656103172932059981 3911830
1656103173135766903 3375950
1656103173339747195 3541029
1656103173543850338 3611710
1656103173747371120 3182180
1656103173950972552 3167050
1656103174159012794 7739780
1656103174369085846 8648860
1656103174583867017 13409789
1656103174795937809 11339479
1656103175010237140 8677579
1656103175219881202 8690050
1656103175430753734 6094170
1656103175645560135 5736800
1656103175858110477 7319510
1656103176069998028 8618859
1656103176282163620 8685569
1656103176491350952 7854569
1656103176702235134 8843239
1656103176913123415 8729968
1656103177124239858 5745820
1656103177332037429 5262379
1656103177543532931 9151900
1656103177754789983 10400319
1656103177963103385 7708150
1656103178170644677 6749160
1656103178380373188 6995269
1656103178589312090 5929459
1656103178798080993 7197730
1656103179007170344 7964499
1656103179214569906 5919490
1656103179423594528 5208380
1656103179628549770 4374659
1656103179834505702 5019630
1656103180039616824 4145689
1656103180243850247 3755680
1656103180449036219 4539349
1656103180654551121 5148089
1656103180860842943 4192729
1656103181066150426 4551800
1656103181275829668 8265200
1656103181485397199 8532259
1656103181693192081 7440929
1656103181898146914 4079180
1656103182102860436 4403480
1656103182306984998 3799230
1656103182516249590 9053139
1656103182720972262 4352870
1656103182927398054 5990669
1656103183132531876 4744860
1656103183339032008 4047680
1656103183545011870 5555179
1656103183754458102 6951889
1656103183962138294 5733949
1656103184171199346 7809699
1656103184380284107 7886889
1656103184588168669 5769269
1656103184795751422 7225749
1656103185003530074 7161939
1656103185212029656 7777150
1656103185420666588 8244260
1656103185627681580 5743960
1656103185835494362 7090210
1656103186043895344 8070269
1656103186252023506 7637980
1656103186458570258 6180240
1656103186666540590 7417939
1656103186873233042 5850279
1656103187082731994 6325300
1656103187294203126 9795079
1656103187501126668 5732179
1656103187709028920 7525950
1656103187917114892 7698040
1656103188125282374 6884470
1656103188333294106 7546379
1656103188541186578 6795440
1656103188749527190 7140770
1656103188958956351 8556429
1656103189165853384 5448930
1656103189372267996 4865250
1656103189580036918 6483010
1656103189787699050 7224670
1656103189994814092 6391410
1656103190203236934 7703289
1656103190412039316 8151969
1656103190623889897 5485159
1656103190836447109 11915169
1656103191045005751 7614079
1656103191254706973 5621970
1656103191465266235 5128580
1656103191676313827 6480580
1656103191887607049 6227280
1656103192119266219 28717868
1656103192337998879 9013779
1656103192550896961 12504949
1656103192761430403 5849100
1656103192972369024 9013449
1656103193182846766 9341819
1656103193413759876 27902218
1656103193624086518 9992800
1656103193831102630 6692709
1656103194035092132 3676019
1656103194239736184 4312729
1656103194446464627 5082130
1656103194652004629 5202910
1656103194857920201 4520950
1656103195066697833 8143850
1656103195277579594 9360539
1656103195486236076 6855199
1656103195695120158 7677919
1656103195903543520 7614319
1656103196115440602 11483509
1656103196325150993 5947440
1656103196535155645 8763389
1656103196749039537 12423959
1656103196963891698 11484669
1656103197176782799 8133129
1656103197397481920 10043519
1656103197613374171 13989298
1656103197825529623 8139599
1656103198037467865 10785910
1656103198252043376 13235869
1656103198464743368 11366829
1656103198673095720 6284580
1656103198882054522 7930350
1656103199090979164 8207539
1656103199303719335 9992429
1656103199512683197 8272379
1656103199726242728 10308729
1656103199938905430 11962600
1656103200154144111 13088979
1656103200369431152 14038258
1656103200582765574 6056260
1656103200795123126 11327499
1656103201005117358 5947150
1656103201218496379 10114439
1656103201429713811 9125829
1656103201644178453 13793720
1656103201854193774 6365889
1656103202062453096 7389959
1656103202270767308 7892580
1656103202479038670 7873730
1656103202687748012 5357520
1656103202894822464 5427300
1656103203107711835 9331259
1656103203316262786 5728739
1656103203525955889 8378420
1656103203736839720 5895789
1656103203949246572 9737130
1656103204159028734 7750410
1656103204372210225 11811929
1656103204579058797 6676859
1656103204783428959 4029359
1656103204988696322 4953550
1656103205193666494 4266430
1656103205398209786 4191119
1656103205602939748 4303920
1656103205808118881 4381920
1656103206013506992 5066969
1656103206220026684 5007459
1656103206424720567 3922050
1656103206630912679 4904830
1656103206836079611 4402509
1656103207040373493 3979680
1656103207248390525 5712069
1656103207469539306 8563239
1656103207678175578 5690309
1656103207886378080 6274279
1656103208100345392 10033370
1656103208308214174 4580920
1656103208517006735 7514059
1656103208722144628 4039790
1656103208927049750 4650360
1656103209132446152 4907579
1656103209345496724 9991589
1656103209554859686 6759370
1656103209764907118 8270350
1656103209974204479 7969569
1656103210183743161 8336129
1656103210391464153 4947170
1656103210600122085 7224030
1656103210806836677 4369520
1656103211016474269 8239749
1656103211225989801 6436790
1656103211435805272 7807449
1656103211643062845 6953520
1656103211850797386 7407689
1656103212059039108 6652669
1656103212268453920 7575389
1656103212480655422 11224990
1656103212684589184 3629040
1656103212890867586 5473910
1656103213102428598 5926950
1656103213314934950 9909290
1656103213525183991 8675019
1656103213736531362 6726579
1656103213946166024 7774469
1656103214158613956 10761829
1656103214366759228 7366940
1656103214577122639 6690479
1656103214786264231 6869299
1656103214998226763 6826710
1656103215208516624 9660169
1656103215417292666 7355499
1656103215629091918 8552540
1656103215840790069 10603339
1656103216049981251 7602259
1656103216267836822 17532078
1656103216480576342 7081069
1656103216687938486 6503550
1656103216893509768 5044230
1656103217098563530 4716620
1656103217303881352 4891489
