1655534658566718310 57
1655534659567877377 100
1655534660569022742 100
1655534661570167169 94
1655534662570639464 100
1655534663571781581 90
1655534664572920872 96
1655534665574054847 100
1655534666574659305 97
1655534667575791601 97
1655534668576929694 94
1655534669578072389 94
1655534670578642353 98
1655534671579750336 97
1655534672580888779 100
1655534673581989192 95
1655534674583126951 90
1655534675584272801 100
1655534676584924579 97
1655534677586047465 98
1655534678586615547 100
1655534679587764510 85
1655534680588902113 100
1655534681590036976 100
1655534682591175112 95
1655534683592316953 99
1655534684593424548 86
1655534685594593159 100
1655534686595719029 100
1655534687596856939 95
1655534688597990116 100
1655534689598615665 89
1655534690599056961 96
1655534691600161396 100
1655534692601260624 95
1655534693602393813 99
1655534694602626312 92
1655534695603781669 94
1655534696604913806 100
1655534697606007007 95
1655534698607155326 100
1655534699608253964 97
1655534700609380841 88
1655534701610513925 100
1655534702611656354 95
1655534703612800554 100
1655534704613933375 100
1655534705615060393 85
1655534706615852858 100
1655534707616270003 100
1655534708617406732 95
1655534709618541986 100
1655534710619701859 87
1655534711620840229 98
1655534712621972440 100
1655534713623110026 95
1655534714624248414 100
1655534715625360942 92
1655534716626504261 93
1655534717627631473 100
1655534718628768025 95
1655534719628926649 100
1655534720630018102 99
1655534721631163292 86
1655534722632297327 100
1655534723633431770 98
1655534724634589093 97
1655534725635728802 100
1655534726636865922 85
1655534727637993273 100
1655534728638629642 100
1655534729639738479 95
1655534730640877738 100
1655534731641997684 90
1655534732643142499 95
1655534733644251860 100
1655534734645360316 95
1655534735646494406 100
1655534736646640621 92
1655534737647771390 93
1655534738648908253 100
1655534739650044438 95
1655534740650644709 100
1655534741651769047 99
1655534742652902770 86
1655534743654029389 100
1655534744655150164 95
1655534745656292354 100
1655534746657384609 98
1655534747658516694 83