1655535026650643831 36
1655535027651748832 106
1655535028652888406 111
1655535029654031287 120
1655535030655166840 113
1655535031656295732 116
1655535032657412536 120
1655535033658522720 110
1655535034659702918 117
1655535035660706848 120
1655535036661301400 113
1655535037662426064 116
1655535038663512864 117
1655535039664644265 110
1655535040665797679 120
1655535041666904916 115
1655535042668040752 115
1655535043669175755 119
1655535044670318633 114
1655535045670643568 113
1655535046671738414 120
1655535047672836831 112
1655535048673981625 118
1655535049675113840 117
1655535050676231176 111
1655535051677378920 118
1655535052678519873 117
1655535053679679036 115
1655535054680789017 117
1655535055681895753 113
1655535056683002676 115
1655535057684149433 119
1655535058685290302 113
1655535059686399382 118
1655535060686610435 117
1655535061687737045 110
1655535062688837234 118
1655535063689011305 117
1655535064690123805 116
1655535065690654150 118
1655535066691380134 112
1655535067692514130 115
1655535068693647791 118
1655535069694744236 114
1655535070695864218 119
1655535071696840181 112
1655535072697972984 115
1655535073698617041 118
1655535074699741578 116
1655535075700903979 116
1655535076702007572 113
1655535077702622486 116
1655535078703769029 115
1655535079704870353 120
1655535080705999743 112
1655535081706646752 118
1655535082707180449 113
1655535083708311280 114
1655535084709456125 116
1655535085710617184 117
1655535086711745820 115
1655535087712873011 116
1655535088714010787 113
1655535089715154647 118
1655535090716298063 116
1655535091717429679 116
1655535092718536573 115
1655535093719697069 115
1655535094720802648 116
1655535095721941356 118
1655535096723071824 116
1655535097724203266 116
1655535098725334302 112
1655535099726466598 116
1655535100727257358 118
1655535101728390389 117
1655535102729520179 114
1655535103730637105 117
1655535104731744940 112
1655535105732882390 116
1655535106734014477 119
1655535107734648666 117
1655535108735787096 115
1655535109736910009 113
1655535110738046718 115
1655535111739192921 117
1655535112740129841 117
1655535113741228818 116
1655535114742338743 114
1655535115743473252 110