1655535580860464408 38
1655535581861587581 117
1655535582862302033 149
1655535583863415999 141
1655535584864045552 144
1655535585865150364 149
1655535586866271858 137
1655535587867389372 149
1655535588867557917 144
1655535589868711943 140
1655535590869821303 148
1655535591870980455 141
1655535592872127980 146
1655535593873267789 146
1655535594874316009 139
1655535595875464098 150
1655535596876579272 141
1655535597877722188 144
1655535598878300459 148
1655535599879411382 137
1655535600880582170 149
1655535601881698879 144
1655535602882316773 143
1655535603883459943 148
1655535604884578150 138
1655535605885730975 148
1655535606886290932 145
1655535607887436832 142
1655535608888599214 147
1655535609889750783 138
1655535610890318940 148
1655535611891470986 143
1655535612891760589 144
1655535613892795410 147
1655535614893939191 138
1655535615894319540 149
1655535616895458983 136
1655535617896593343 149
1655535618897731761 149
1655535619898878144 137
1655535620900019679 148
1655535621901158841 141
1655535622902301287 146
1655535623903404241 148
1655535624904534056 137
1655535625905683803 150
1655535626906821414 141
1655535627907941474 143
1655535628909071035 149
1655535629910203693 137
1655535630911341393 147
1655535631912473474 143
1655535632913616400 144
1655535633914290216 147
1655535634915426912 142
1655535635916579203 144
1655535636917717691 141
1655535637918857901 136
1655535638919992371 146
1655535639920204247 139
1655535640921358530 148
1655535641922270794 148
1655535642922451067 138
1655535643923593106 149
1655535644924729518 138
1655535645925879633 147
1655535646926305272 148
1655535647927439773 140
1655535648928546828 148
1655535649929686381 137
1655535650930809235 148
1655535651931950289 147
1655535652933089812 140
1655535653934245050 150
1655535654935390413 135
1655535655936546118 150
1655535656937686949 145
1655535657938375158 140
1655535658939530479 150
1655535659940646338 139
1655535660941790360 145
1655535661942319104 146
1655535662943469941 140
1655535663944608850 149
1655535664945715585 137
1655535665946884435 149
1655535666948029621 149
1655535667949182583 136
1655535668950301960 150
1655535669951438779 126