1655700774773141036 491564338
1655700775170712852 99372529
1655700775468556880 81024062
1655700775880731108 195193362
1655700776185060706 96543832
1655700776483688350 12651342
1655700776703790785 17913132
1655700777168531537 193882972
1655700777389845030 14680853
1655700777694741259 18490356
1655700778083624426 111838362
1655700778294787984 8106678
1655700778668483072 92285677
1655700778978108693 99378598
1655700779288745366 107146488
1655700779678091428 99390412
1655700779968338817 81163374
1655700780273382750 93531067
1655700780669377539 191626791
1655700781071184196 194437866
1655700781376973544 100137281
1655700781594356081 12727371
1655700781975428275 98409267
1655700782374669743 191439457
1655700782672602414 89066811
1655700782968526394 90830706
1655700783378663801 190444341
1655700783669450035 80026937
1655700783887458310 11809995
1655700784291754251 19342213
1655700784669724007 91615325
1655700785068792213 193402893
1655700785293536831 18750159
1655700785671733064 102537826
1655700785981673183 103174793
1655700786279044867 94525271
1655700786681649082 196325987
1655700786900971816 15558459
1655700787190328326 12336156
1655700787582140122 102171892
1655700787797789419 12580099
1655700788183692234 98918697
1655700788403743630 16599814
1655700788768569456 90616027
1655700789099744147 14464642
1655700789485204224 104120908
1655700789785434464 97200857
1655700790178494329 97967781
1655700790392781034 9430077
1655700790787035741 101707630
1655700791168506792 95421811
1655700791568542314 191141683
1655700791884280421 15775775
1655700792188716393 15728189
1655700792570718261 92633084
1655700792787695669 14053103
1655700793175452526 102336829
1655700793580679398 112776428
1655700793890320422 17222449
1655700794191567703 16536818
1655700794573927560 95980377
1655700794982773630 195709941
1655700795197567730 11290851
1655700795570482264 89357374
1655700796171006973 289979972
1655700796574508630 199843829
1655700796796122878 15734213
1655700797168645412 95851896
1655700797473168728 100770389
1655700797769289069 89030467
1655700797992636991 17162691
1655700798379935450 101132547
1655700798678710643 92846677
1655700799074609560 188848100
1655700799485687793 206272787
1655700799869273857 90306789
1655700800274759257 197757492
1655700800487702884 9959792
1655700800789566969 19645107
1655700801077749459 86056999
1655700801290726797 10460021
1655700801591336117 14935847
1655700802073473224 197219895
1655700802381509100 103533553
1655700802672411512 83273119
1655700803069380285 177298642
1655700803370812084 89680686
1655700803680258637 96189421
1655700804080568315 192003549
1655700804387175429 98559676
1655700804681650339 11292212
1655700805085697028 106397840
1655700805488332156 195915232
1655700805769271206 67187635
1655700806169979087 98957645
1655700806476710898 97805607
1655700806773134168 91981874
1655700807089423167 107103572
1655700807483842476 102712095
1655700807968069082 280439535
1655700808276544695 98770813
1655700808768517505 288305632
1655700809168486355 187719660
1655700809472781997 100192821
1655700809696543592 16830184
1655700810070615653 90205168
1655700810475843145 93107857
1655700810870726065 95543360
1655700811273899558 190373999
1655700811568514430 90407326
1655700811784333244 9029565
1655700812175029692 96984429
1655700812468530778 86764246
1655700812704042974 25117376
1655700813077031337 102174706
1655700813388386572 105239285
1655700813778646080 103069232
1655700814172628908 190386833
1655700814475383682 98605576
1655700814768495171 82990555
1655700815074085997 94661537
1655700815290192985 11332264
1655700815582940683 11783914
1655700816071983309 189651615
1655700816473817700 186667017
1655700816768693237 89470072
1655700817094792239 115568103
1655700817385942590 87837327
1655700817675746213 87012817
1655700817972273412 84451823
1655700818381454426 199169735
1655700818681713801 94010366
1655700818994600331 16166475
1655700819286441878 15737682
1655700819600930381 16558952
1655700819967919739 85708559
1655700820193363194 18162246
1655700820493423902 19026135
1655700820781310115 9714021
1655700821170993181 94387099
1655700821478562840 96881336
1655700821694323692 8972437
1655700821985428692 11059261
1655700822291152146 18093078
1655700822582794047 14742409
1655700822970691289 92529725
1655700823370281068 184468705
1655700823589777659 13792929
1655700823968620514 85270110
1655700824199481964 19385811
1655700824568561632 85048174
1655700824968601009 100614527
1655700825190927504 15298299
1655700825494442239 14504552
1655700825870799811 98379961
1655700826175832113 94097743
1655700826480755559 100958723
1655700826701400735 18235981
1655700827080072171 108674298
1655700827301157123 14398694
1655700827680952061 102766161
1655700827984046501 13577108
1655700828368538532 95368997
1655700828682543394 105569069
1655700829068683270 177039114
1655700829287539862 15723139
1655700829585581983 95959863
1655700829977738933 107528898
1655700830195188288 11163270
1655700830570804038 85793524
1655700830895789164 107856242
1655700831270802255 81278755
1655700831673085288 95000274
1655700831970779649 86272786
1655700832196254543 11778211
1655700832671985152 189795161
1655700833074788092 99137515
1655700833375787090 92536033
1655700833592610074 10862122
1655700833896314354 17111459
1655700834282703933 102903416
1655700834570665207 85535390
1655700834972725313 93533629
1655700835370645410 188897969
1655700835593357202 17959748
1655700835895172473 21922969
1655700836293712466 14678336
1655700836505961742 10037157
1655700836787247151 10006660
1655700837076240748 83301377
1655700837388132251 104921276
1655700837791372056 112058433
1655700838271817695 97507494
1655700838583426345 15333832
1655700838871151792 83811762
1655700839179008755 102612311
1655700839479543492 97814402
1655700839788987702 17562970
1655700840185164234 102194553
1655700840490839229 16014362
1655700840878344880 105055532
1655700841276627841 192500240
1655700841491426936 12762364
1655700841894428882 117136543
1655700842268547813 98008351
1655700842573579309 88288702
1655700842793554410 15193038
1655700843169233713 89156080
1655700843479757588 102296745
1655700843783499082 97175283
1655700844173764041 187035058
1655700844468382655 85870385
1655700844770989505 91542725
1655700845169320926 183868973
1655700845480837741 103285365
1655700845780233333 85105229
1655700846083818443 95184960
1655700846368514684 77026215
1655700846686434598 111033756
1655700847079829864 107019190
1655700847371770406 79391122
1655700847688690316 13864630
1655700847994558075 102496570
1655700848284783477 10547841
1655700848670633741 91546122
1655700848974602831 89410603
1655700849278079737 99897425
1655700849669757484 184219288
1655700849978686402 104413685
1655700850192786527 10807777
1655700850571075829 92990097
1655700850881050841 12438111
1655700851183446478 99264011
1655700851668714064 194752912
1655700852083537636 114139816
1655700852387675001 101202469
1655700852599457726 7833861
1655700853186287573 304259144
1655700853669346275 91606084
1655700853976068827 93628581
1655700854267979232 83553747
1655700854488533022 14131210
1655700854793096813 13951611
1655700855178072813 100550741
1655700855475663266 93968272
1655700855776049163 95691226
1655700856077235200 98423381
1655700856468681850 185545002
1655700856685818204 11381948
1655700857071673489 93244117
1655700857295397513 18429918
1655700857668502440 88999883
1655700857990889331 13732204
1655700858370186535 94388080
1655700858586095779 12352337
1655700858973225610 102079436
1655700859376281502 191491172
1655700859680621821 95535610
1655700859987711590 19480011
1655700860284802049 15620939
1655700860668579720 98687936
1655700860973123928 97528162
1655700861270240727 91321333
1655700861602133867 117576889
1655700862077397379 103274198
1655700862483661719 106581080
1655700862705245474 17863704
1655700863070746172 90054784
1655700863388198968 19689816
1655700863782687855 97179850
1655700863995600282 10798241
1655700864294125414 24926528