1655688409891430606 9913603
1655688410103428663 9658239
1655688410315520271 9698185
1655688410527381026 9517430
1655688410741626067 11837441
1655688410955397770 11475954
1655688411170111970 12288464
1655688411390711311 17073666
1655688411607533204 14640615
1655688411821693195 11940976
1655688412038419202 14250084
1655688412252620031 11606058
1655688412467775047 13007912
1655688412688586600 16363206
1655688412906481106 15651546
1655688413125339054 16136344
1655688413342857936 14127656
1655688413562245635 13970480
1655688413776650168 11528723
1655688413995273482 15012344
1655688414208653861 11096217
1655688414422971248 10665689
1655688414634548313 8634304
1655688414851835869 13536948
1655688415077073673 16127993
1655688415292537133 11677551
1655688415508731959 13076879
1655688415721396169 9789454
1655688415935962755 11388052
1655688416151853445 12824786
1655688416363737619 9535477
1655688416586054631 16852423
1655688416804356392 13626767
1655688417022489841 11426787
1655688417242516581 13035642
1655688417453598816 8966719
1655688417663485466 7697029
1655688417879065955 11887929
1655688418093727212 11561677
1655688418315681885 17880657
1655688418536404491 17112906
1655688418761328894 21574849
1655688418993603573 26600362
1655688419215319838 13182513
1655688419438545691 16531440
1655688419661027694 16988708
1655688419883188851 14111349
1655688420102619966 16659951
1655688420324484541 14302016
1655688420542638248 12708031
1655688420761109342 12114164
1655688420982078075 17122360
1655688421205641260 19842209
1655688421426432186 17803323
1655688421649651297 20305799
1655688421874190481 20924128
1655688422090262616 12677974
1655688422307177819 12846247
1655688422522219205 12310416
1655688422747643689 23141941
1655688422962839452 12293914
1655688423179144050 12700262
1655688423396771967 15470670
1655688423611461763 12478261
1655688423826737287 13089775
1655688424045684504 16081083
1655688424262636498 14354031
1655688424478513349 13650665
1655688424693697420 13035062
1655688424908997575 12458854
1655688425137856642 22217640
1655688425362245231 20607917
1655688425579323782 12385471
1655688425796696988 13761129
1655688426013168723 13944625
1655688426230947081 14739449
1655688426451418983 14372167
1655688426676119855 15060100
1655688426898717621 13552254
1655688427125505981 21790146
1655688427350129081 21196657
1655688427562014006 9230960
1655688427776083427 11400002
1655688428000057800 15929339
1655688428217453609 12761071
1655688428436946575 12285799
1655688428650961531 10715662
1655688428865567457 10604886
1655688429086304302 17437723
1655688429303777321 12237678
1655688429519979064 12637831
1655688429734288273 9573648
1655688429947615951 9797719
1655688430165902142 12545357
1655688430384546344 13570398
1655688430602216641 11072891
1655688430816284492 10225583
1655688431037167509 13210821
1655688431258426708 14939047
1655688431480995356 17334099
1655688431709582406 10940100
1655688431920689383 8517354
1655688432134035094 10777294
1655688432354593482 14194147
1655688432571125971 11473760
1655688432789104414 14585196
1655688433007153782 14113985
1655688433228505932 15461908
1655688433446340008 13229987
1655688433662420065 12264923
1655688433882288957 15853346
1655688434100254605 14595879
1655688434318531093 15764121
1655688434538684162 15873776
1655688434756586873 13379481
1655688434977759359 16605049
1655688435201343582 14687047
1655688435421342491 13306170
1655688435633686750 8149821
1655688435847493765 11671590
1655688436057607750 7883011
1655688436275271189 14032231
1655688436490505153 12271267
1655688436705679395 12001686
1655688436921788279 13160951
1655688437136980187 11207962
1655688437350522786 9954496
1655688437564289726 9655887
1655688437782426998 14186527
1655688437999599700 13394159
1655688438212966295 11178365
1655688438429318906 14145217
1655688438645342873 12118896
1655688438861521613 12386060
1655688439076136862 12380644
1655688439293470845 14155112
1655688439508048449 12150097
1655688439722147948 11167041
1655688439937246025 12985315
1655688440151936987 12559925
1655688440371510550 17208119
1655688440593443198 15442198
1655688440807675408 11945449
1655688441021573486 11661553
1655688441237353561 12912032
1655688441452304424 12642364
1655688441667572490 12890272
1655688441899706857 24128305
1655688442118506076 14997316
1655688442336907052 14577571
1655688442556089169 16902491
1655688442786083139 23348935
1655688443004483461 16186584
1655688443220972454 12650267
1655688443438518715 13411488
1655688443653669914 12090927
1655688443867899396 12049251
1655688444083074327 12135418
1655688444297455633 11947700
1655688444512304732 12597435
1655688444726947496 12223207
1655688444942055761 11919550
1655688445156090441 11671593
1655688445372844225 14018340
1655688445590131756 14486019
1655688445806669046 12805974
1655688446021749580 12622306
1655688446237201256 12997190
1655688446454177440 13767219
1655688446671116708 13896373
1655688446884681853 10709219
1655688447101099726 14053979
1655688447317237076 12066364
1655688447533089841 13167085
1655688447748605041 12928245
1655688447964167427 13274386
1655688448179353673 12189455
1655688448395955677 13872761
1655688448614816532 16574196
1655688448834666587 14442223
1655688449058811362 20521836
1655688449277716630 16854611
1655688449496664057 15393683
1655688449718641522 14370373
1655688449941809629 13438137
1655688450155531535 10332629
1655688450380632798 19110956
1655688450602361470 16812755
1655688450817219631 11168934
1655688451034852695 12231827
1655688451249301072 10521038
1655688451466298989 12459987
1655688451681932204 11914469
1655688451901495187 17049291
1655688452119176772 15515414
1655688452335167549 13625393
1655688452549700519 11639420
1655688452765024060 12599252
1655688452981018307 13600536
1655688453205193481 16152244
1655688453420613181 13245998
1655688453633974191 9910461
1655688453848539198 12065449
1655688454063780376 13053545
1655688454284104697 18308317
1655688454498989873 11793706
1655688454714999454 13777894
1655688454932356014 15185748
1655688455151461508 16861076
1655688455366076332 11619439
1655688455589059796 15607620
1655688455803106976 11128669
1655688456022703051 15232938
1655688456237061439 10267386
1655688456453102939 12405178
1655688456667423915 11350927
1655688456879206500 8107589
1655688457093351000 10371798
1655688457309293943 12295573
1655688457523119228 10581344
1655688457738782637 12103191
1655688457954341938 12151597
1655688458170830523 12763120
1655688458385682577 11646754
1655688458601616182 11946963
1655688458817039106 11470415
1655688459032769238 11748682
1655688459251581822 15116675
1655688459466536059 11335148
1655688459682274060 12689899
1655688459900494537 14348436
1655688460114169930 10754322
1655688460327029308 9454991
1655688460541991116 11431641
1655688460758638532 12606289
1655688460973200277 11199898
1655688461187793470 11570005
1655688461405436491 13509209
1655688461620590300 11443736
1655688461834646688 10821969
1655688462050284978 11694645
1655688462263904022 10004285
1655688462480015786 12034902
1655688462694413871 9967411
1655688462921223777 17002759
1655688463135143203 9957211
1655688463348224069 9760445
1655688463564352964 12430587
1655688463784121090 16181687
1655688464004713886 14626398
1655688464218742849 10584902
1655688464434855846 12498039
1655688464652435417 12827330
1655688464870249030 13705358
1655688465084429746 11727329
1655688465295044493 8403250
1655688465510400958 10743005
1655688465724637830 10381235
1655688465937710137 10150760
1655688466159332998 15783320
1655688466381449867 16299812
1655688466600718482 12147684
1655688466815569553 11218661
1655688467038463732 15952369
1655688467254649131 8219366
1655688467473562402 14878790
1655688467696221837 18752127
1655688467915665889 15714581
1655688468136211136 16945622
1655688468358765754 14061247
1655688468574617561 10923577
1655688468805084307 20221928
1655688469018914441 10377945
1655688469235383399 12700824
1655688469450380486 10474120
1655688469663476844 8731874
1655688469877704774 8512326
1655688470093038773 11073456
1655688470309187556 12491040
1655688470528220748 12788516
1655688470746714820 13853463
1655688470980537794 10548558
1655688471191781421 8756629
1655688471404534415 10435992
1655688471621803446 13347461
1655688471845156413 18041606
1655688472059174166 11462664
1655688472275495841 13388982
1655688472490422681 12455516
1655688472704704330 11025413
1655688472922326586 14032093
1655688473137504720 11098303
1655688473351442645 11176959
1655688473568399982 14364467
1655688473788009920 12930890
1655688474003443796 11958730
1655688474222667075 15119264
1655688474437076723 9752228
1655688474653616103 11293500
1655688474875411631 14203328
1655688475095560469 14245186
1655688475319749126 20772546
1655688475542187712 15388157
1655688475760149314 14307098
1655688475980801560 16322718
1655688476204282323 17092357
1655688476419976696 12181367
1655688476642567209 18906612
1655688476868756163 20983014
1655688477085259466 12458093
1655688477313723937 25101022
1655688477539489842 18059446
1655688477758618439 16102921
1655688477972539607 11652826
1655688478186725186 11669716
1655688478403779084 13509755
1655688478626034290 17744106
1655688478844426189 15456874
1655688479065887957 18358369
1655688479282535727 12710030
1655688479503194440 16833823
1655688479721421185 15973695
1655688479946575576 19972429
1655688480171954544 16729518
1655688480396421117 20396746
1655688480614099101 15311854
1655688480834053759 16680217
1655688481053259057 13159643
1655688481270648336 13493491
1655688481493740919 16609551
1655688481711660697 14338579
1655688481931300303 17453400
1655688482146672012 11786861
1655688482362659778 12820416
1655688482584592496 19485120
1655688482809545274 20782562
1655688483030902662 15244746
1655688483253141985 16504792
1655688483470662036 10866678
1655688483684857892 10226990
1655688483904120564 13438373
1655688484124853404 11948279
1655688484341259330 10793103
1655688484556955664 12352777
1655688484778824000 17820338
1655688484993986402 11496806
1655688485210456171 12000202
1655688485431182526 13468146
1655688485650168024 12821571
1655688485870405756 14001066
1655688486087189191 12069192
1655688486303789496 13231485
1655688486518170210 11356175
1655688486731475495 10916735
1655688486947685216 13235102
1655688487163891308 12049275
1655688487384169611 14798351
1655688487600908870 13545476
1655688487821729777 15221804
1655688488036585716 10909676
1655688488256215974 14452392
1655688488480013951 18757597
1655688488707251363 20668854
1655688488924406098 13203104
1655688489141904342 14010167
1655688489360024843 15185853
1655688489580119980 16756961
1655688489799259847 15475291
1655688490017826326 16284605
1655688490235802061 14721764
1655688490454644546 13817841
1655688490679123718 22258921
1655688490903026960 21047138
1655688491129406616 22950384
1655688491342963211 10890791
1655688491560694657 13674738
1655688491776737501 11621233
1655688491989759075 10945070
1655688492200955385 9020280
1655688492418059309 14222629
1655688492636923479 12802021
1655688492854706492 14354504
1655688493075716951 15198277
1655688493302598293 18354449
1655688493523249037 15131850
1655688493745594617 15100486
1655688493963631160 12833421
1655688494186167777 19061641
1655688494400662825 11872299
1655688494617745031 12623412
1655688494842350169 21652449
1655688495061415658 15325066
1655688495294050048 17548432
1655688495511091432 14604657
1655688495727102069 13764758
1655688495944142203 14792748
1655688496161272640 14722203
1655688496385338160 20663798
1655688496604350620 15172514
1655688496825956508 14596580
1655688497042737746 12542787
1655688497258357165 12632781
1655688497479272042 17275357
1655688497704546338 20142869
1655688497931020017 23702697
1655688498154641226 15665719
1655688498372306693 13848240
1655688498588482002 12829080
1655688498829458963 27402137
1655688499040941331 9314285