1655688593391013847 20657913
1655688593609038505 14571180
1655688593889006136 13451498
1655688594106576517 13861642
1655688594316696234 7958364
1655688594533704655 13040845
1655688594747684851 11083448
1655688594968214211 18160147
1655688595187071324 16448557
1655688595407983024 16898895
1655688595624613434 13962649
1655688595842145554 15360713
1655688596069565053 22208215
1655688596292992927 16755973
1655688596512721083 15611181
1655688596725173069 10440999
1655688596944396740 15952866
1655688597162311574 14180024
1655688597390661848 16654139
1655688597605767105 11407895
1655688597823243717 14572035
1655688598045325610 19200908
1655688598272382072 23263663
1655688598499624483 24955883
1655688598724486701 20880585
1655688598939312985 12015167
1655688599158185229 15970341
1655688599368902513 8092372
1655688599584127140 12809269
1655688599796598889 10309912
1655688600010733650 11306581
1655688600226839761 12456990
1655688600441789220 11310303
1655688600657095039 11440601
1655688600878976895 9904629
1655688601089518128 8354587
1655688601305426075 12821238
1655688601518934743 10601906
1655688601780646224 11462314
1655688601995631347 11129222
1655688602212408228 12482545
1655688602429333241 14747582
1655688602644189704 10969192
1655688602861157200 12786007
1655688603076304482 13001051
1655688603288454897 9114535
1655688603503182569 11713459
1655688603718382451 12277245
1655688603932997263 11569682
1655688604168957995 32783482
1655688604392189424 17978964
1655688604612294867 14641250
1655688604828800591 13939816
1655688605047691283 16575799
1655688605269296661 17730612
1655688605482646182 9922330
1655688605696071178 11013856
1655688605912774818 13157713
1655688606129793806 13410128
1655688606345384854 10667445
1655688606560285982 10568997
1655688606778614926 13663301
1655688606996471967 13247572
1655688607211180024 10496411
1655688607424633399 9121161
1655688607639505103 10449862
1655688607851169201 9484153
1655688608069360058 14178898
1655688608287553234 14263153
1655688608498902242 8910095
1655688608722069131 16068448
1655688608939325852 10777267
1655688609160174256 17182209
1655688609381912171 17491839
1655688609598820065 13514268
1655688609815536686 11970768
1655688610031720898 11871335
1655688610247695990 11354714
1655688610461193127 10622336
1655688610679708404 14470666
1655688610894661656 9813130
1655688611111849065 12518585
1655688611327715431 10930956
1655688611548755172 13024445
1655688611766686260 14425328
1655688611986306863 15696960
1655688612208499860 19846963
1655688612421544951 9858655
1655688612642824741 16718436
1655688612864800632 19568024
1655688613087543092 20321022
1655688613304700393 14021749
1655688613519654279 12176238
1655688613739691283 17736179
1655688613963524323 17237731
1655688614189555740 18300760
1655688614412735324 18564217
1655688614633109905 16410240
1655688614853354468 16931639
1655688615073287705 16198031
1655688615292653523 16503826
1655688615513811126 17114260
1655688615730433291 12277145
1655688615951269632 18358458
1655688616169539458 16088248
1655688616388727369 17017874
1655688616609041703 17991428
1655688616829557713 17031949
1655688617047971058 14943643
1655688617270655343 18644489
1655688617495216382 20048249
1655688617719992715 18459438
1655688617936763791 13811031
1655688618163276716 17244587
1655688618382039835 14384252
1655688618597515942 12866244
1655688618824368338 22160975
1655688619039801705 13068643
1655688619251384415 9625894
1655688619466641214 12395603
1655688619685224971 15725596
1655688619907233555 19763418
1655688620123167963 11175387
1655688620337244188 11445255
1655688620549022339 9334892
1655688620759446018 8181340
1655688620976752619 15094228
1655688621194738723 15470992
1655688621409060853 12103309
1655688621626041205 14716991
1655688621852684947 24496047
1655688622070735633 15760733
1655688622290036464 12953500
1655688622507445135 13054159
1655688622728805864 16399087
1655688622945141770 13045920
1655688623160105818 9831542
1655688623378707999 16367245
1655688623594564295 13517545
1655688623807916101 11021152
1655688624023712097 12918194
1655688624238349254 11858895
1655688624454700450 12719031
1655688624668787936 11830470
1655688624885501052 14314125
1655688625102656308 14882770
1655688625320202337 12973998
1655688625538523566 12417152
1655688625755595539 12321589
1655688625973676737 15108568
1655688626188473859 12699293
1655688626407580345 16375871
1655688626621640936 11180708
1655688626840836503 13418770
1655688627063553360 17505395
1655688627290486980 17135784
1655688627515471372 14684172
1655688627735022544 16771370
1655688627951577075 14371964
1655688628174985471 15630560
1655688628404558987 18036054
1655688628625009559 16722229
1655688628849355656 12653873
1655688629065078609 11319197
1655688629288659088 19800361
1655688629512471998 17143269
1655688629738991840 12958256
1655688629958846995 14879201
1655688630174691505 10008457
1655688630391826940 13424638
1655688630606684198 11683544
1655688630821751224 11134722
1655688631036901549 11429339
1655688631247685037 8266503
1655688631463833921 11799229
1655688631679359253 11294772
1655688631901943500 18778903
1655688632117079640 11815290
1655688632339720664 16676181
1655688632555078804 12413788
1655688632770231191 11442828
1655688632988715521 13544734
1655688633213947962 17442951
1655688633427108547 10693261
1655688633642509803 13109830
1655688633858835948 13406233
1655688634076587636 15122024
1655688634291831851 13020695
1655688634505271754 11227590
1655688634720923594 12411625
1655688634934246735 11129421
1655688635148397060 12048532
1655688635363208953 12084375
1655688635584914720 17557248
1655688635799407287 10161608
1655688636026754435 19296712
1655688636241622367 12722913
1655688636457222560 12404011
1655688636673607895 14105621
1655688636888799546 12709374
1655688637104148994 13018922
1655688637317656977 11343067
1655688637530063447 10252215
1655688637742953170 10726439
1655688637959410937 14135838
1655688638174486680 12949994
1655688638390854752 13654736
1655688638606164122 10653489
1655688638820687186 12239779
1655688639035701119 12891507
1655688639252528436 12235957
1655688639468174386 10733318
1655688639684164362 12096117
1655688639903393171 14470068
1655688640116737196 9415913
1655688640331378319 12271360
1655688640551085387 15766476
1655688640768432384 14389559
1655688640980433086 8897252
1655688641196756307 13385167
1655688641411437843 11878620
1655688641631808969 14300206
1655688641859239146 23840707
1655688642078467807 15666511
1655688642297824035 15578204
1655688642516130426 14707875
1655688642734595406 14400668
1655688642949545297 11170255
1655688643168389548 15207091
1655688643389519803 17474910
1655688643613098723 19064441
1655688643830069369 13752331
1655688644047617429 13233003
1655688644265377056 14068344
1655688644481105248 13301252
1655688644701506902 16703880
1655688644919086413 13762595
1655688645132329722 11092150
1655688645347328874 10833375
1655688645563493537 12347461
1655688645779403312 12137544
1655688645995450037 11619086
1655688646213505712 14640722
1655688646428395247 9356018
1655688646642497016 9335079
1655688646863409228 15713579
1655688647080992624 14635622
1655688647300568532 16996073
1655688647521357124 14425627
1655688647736455871 10770414
1655688647947097149 8279247
1655688648163455296 13152388
1655688648381210902 15398443
1655688648597210370 13786980
1655688648825892969 21815084
1655688649035105986 7196122
1655688649248685996 10564861
1655688649466337422 14590970
1655688649692863685 21020463
1655688649912553740 17317363
1655688650135217424 20422835
1655688650353044140 12139461
1655688650568417960 12575966
1655688650782587124 11531612
1655688651002039470 15084145
1655688651217528878 12457079
1655688651431050351 10423202
1655688651645342437 12128446
1655688651861086559 13296972
1655688652077227367 14006350
1655688652292024884 12198942
1655688652506461080 12246603
1655688652723054167 13702225
1655688652939652524 13299419
1655688653155358516 13495775
1655688653374297960 13978007
1655688653590245847 12475426
1655688653806440012 12784005
1655688654019498678 9937188
1655688654235996718 12773510
1655688654456429360 16695846
1655688654672236152 13656231
1655688654885432867 11032937
1655688655103130139 14700681
1655688655329322687 23916179
1655688655549013704 15912948
1655688655768137634 15475074
1655688655984000134 12511641
1655688656200168220 12884650
1655688656413292014 10768802
1655688656627325891 11630349
1655688656843413950 12256469
1655688657056580765 10723647
1655688657272283788 9889051
1655688657497431272 22415530
1655688657712085683 10359424
1655688657927759897 10382166
1655688658141072480 9704491
1655688658355820380 11144548
1655688658576600377 8096571
1655688658786396514 7357305
1655688659002016859 11899665
1655688659218225181 12692014
1655688659434278134 12229776
1655688659686684823 16963103
1655688659904129396 13913130
1655688660121531594 13667169
1655688660336151516 12237229
1655688660553917611 15600644
1655688660773743312 16844249
1655688660997242278 13651359
1655688661216601259 15449523
1655688661468480849 48812840
1655688661697319428 19278618
1655688661914748525 13806222
1655688662138662512 21508356
1655688662359735869 18416701
1655688662577274288 12481172
1655688662801624621 20788068
1655688663019214426 11320019
1655688663251469291 24907858
1655688663488256168 34616935
1655688663714485513 15237686
1655688663934109813 15689549
1655688664155898018 13094023
1655688664380167822 10839682
1655688664598130707 13997529
1655688664813234922 10487549
1655688665025208782 8558079
1655688665240220812 11187359
1655688665455797517 13456763
1655688665670092389 11671676
1655688665886997370 13135000
1655688666105303144 13575560
1655688666321225911 10285583
1655688666538676051 10633955
1655688666755525892 11247082
1655688666973113484 13060234
1655688667188751691 12222575
1655688667403717398 11130494
1655688667618222595 10094167
1655688667836092395 10847118
1655688668052091147 11098884
1655688668273280276 16338453
1655688668493957983 11978012
1655688668713382759 12432994
1655688668935794232 13031150
1655688669153529245 13142626
1655688669370282978 12155471
1655688669590817179 15193254
1655688669805136552 10757947
1655688670017611593 9200604
1655688670232720666 11673866
1655688670452644508 14253569
1655688670673945680 15715894
1655688670895056182 17032153
1655688671122635603 24237825
1655688671338437663 13337499
1655688671558653147 17447548
1655688671788273718 18824211
1655688672012508730 15408832
1655688672232695029 16278968
1655688672461744920 23997764
1655688672679392791 14118883
1655688672894959947 11739323
1655688673113604207 14939398
1655688673337734109 19604537
1655688673554724557 13760579
1655688673768650293 9955874
1655688673984735947 12756744
1655688674200624773 12994017
1655688674422981686 15145877
1655688674669841633 37697310
1655688674895330301 18320824
1655688675116663041 13036736
1655688675339729554 16549141
1655688675553695600 9127064
1655688675765976911 8469232
1655688675980180884 8051200
1655688676199646074 14912471
1655688676415368161 13578453
1655688676625472294 7984850
1655688676845447980 15057781
1655688677065553309 17898039
1655688677294853157 23059160
1655688677512300735 15137724
1655688677733168563 11420336
1655688677950992139 12623345
1655688678165956281 9386350
1655688678386419935 11755322
1655688678603036634 11776232
1655688678834150514 23191709
1655688679060711086 23286938
1655688679277277993 13371694
1655688679499942056 19164166
1655688679718095424 11997090
1655688679938661722 10928592
1655688680151108336 10295280
1655688680372696822 18068662
1655688680591509542 11365439
1655688680817120560 18933880
1655688681051220028 25062253
1655688681277676896 17735112
1655688681493699600 13479083
1655688681705468297 7968834
1655688681930355326 19531090
1655688682143621955 10388561
1655688682360719059 11601929
1655688682575766715 10835733