1655690068697614923 318604746
1655690068993664889 13043227
1655690069370419934 92437473
1655690069670491219 93373984
1655690070099047781 217573908
1655690070369159143 65593031
1655690070794316842 112607718
1655690071269777351 87557215
1655690071570803658 91662061
1655690071789696686 15017873
1655690072106068914 37264487
1655690072578756924 86222489
1655690072891437269 95221403
1655690073225584983 21406280
1655690073508690269 17100460
1655690073874651819 104021499
1655690074291644371 109410438
1655690074670823832 101877545
1655690074994662994 114344095
1655690075214930502 8625067
1655690075517379783 16191553
1655690075990779451 212975989
1655690076284821626 86578606
1655690076599587842 107586881
1655690076989069587 171841025
1655690077208674238 13787369
1655690077778104025 282873515
1655690078172193564 190639418
1655690078492789318 114826933
1655690078869267512 98347034
1655690079192287772 102847837
1655690079484643471 15060249
1655690079799503104 30580550
1655690080068820974 64024398
1655690080485604773 116624649
1655690080792644530 97588490
1655690081193692438 115623433
1655690081495674669 88884744
1655690081712218966 12279249
1655690082077674151 85305424
1655690082570259415 184307096
1655690082986623308 203090895
1655690083374110461 102825711
1655690083613433433 25382502
1655690083981956430 93766432
1655690084269430008 78169040
1655690084510169256 19281618
1655690084884737266 92881523
1655690085168489700 66118629
1655690085475343263 93007057
1655690085885396470 199900930
1655690086178536663 88814001
1655690086487033492 93976901
1655690086876756650 88505924
1655690087270748866 102239931
1655690087568958352 82460394
1655690087873512375 96068450
1655690088275401724 178070209
1655690088504676975 12657444
1655690088799836624 91344460
1655690089086109701 76974590
1655690089306898982 18203920
1655690089688463529 100155286
1655690089908992597 14522566
1655690090272702146 71693696
1655690090591499717 111719786
1655690090888330833 84586723
1655690091268477225 164986284
1655690091687694775 192576155
1655690091921891172 15063840
1655690092284666749 88511110
1655690092602570000 114231283
1655690092972405394 97733727
1655690093370913523 80984895
1655690093770690058 182464583
1655690094094649453 103675492
1655690094312851965 12941359
1655690094793732760 97069043
1655690095197075356 119690429
1655690095588713721 102035099
1655690095868454234 76333416
1655690096293734477 102248507
1655690096768560763 175206837
1655690097086695813 99687531
1655690097400219823 22993749
1655690097775308518 102078304
1655690098179113522 195459532
1655690098480639690 96812550
1655690098712639365 17313437
1655690099088060033 108644434
1655690099470014601 158274137
1655690099698582843 19950764
1655690099991565449 15978540
1655690100385470865 185739382
1655690100613912105 15941298
1655690100989059344 105253752
1655690101306646544 24653067
1655690101592719103 21981627
1655690101968480604 165746322
1655690102192691490 20383519
1655690102498702222 94942312
1655690102909392584 102867855
1655690103278415870 58270103
1655690103505528078 18613690
1655690103894157480 93822274
1655690104114594084 12782003
1655690104413420487 26697905
1655690104887218929 193978663
1655690105294920925 117501684
1655690105901173056 300191490
1655690106172135878 62216480
1655690106472630836 87130580
1655690106972601914 269401720
1655690107469304273 196120854
1655690107877670078 189072131
1655690108287647413 201229295
1655690108699122024 203774884
1655690108915967476 14647827
1655690109369903492 191765638
1655690109792714657 116231591
1655690110096619205 21951268
1655690110410654909 15551180
1655690110788098430 98815166
1655690111184624279 190503497
1655690111408336037 13173050
1655690111800473177 29239918
1655690112192622325 110262041
1655690112418692719 12014624
1655690112768748080 79322530
1655690113274476441 194078983
1655690113674482907 186114208
1655690113983303449 101558652
1655690114198888727 13159789
1655690114584631112 98765521
1655690115074638893 282495797
1655690115493399659 115182012
1655690115885708108 173452553
1655690116182710581 85511149
1655690116493049551 14478015
1655690116800462792 103553195
1655690117106073698 33861357
1655690117384463675 13342926
1655690117779150738 108068136
1655690118188681760 186622418
1655690118407195425 16049413
1655690118806854628 109444689
1655690119168533375 158819160
1655690119592066395 189063849
1655690119888851434 87752694
1655690120119397213 25239173
1655690120482698443 102030002
1655690120710054875 21187476
1655690121178713636 105514671
1655690121498934640 26778863
1655690121716600418 13207463
1655690122100249354 16254734
1655690122492228269 94130490
1655690122984574586 115861451
1655690123403956987 120741706
1655690123784705801 103428737
1655690124015223182 20237966
1655690124395870602 107909674
1655690124880097821 184528639
1655690125369916548 200080301
1655690125680986422 98388086
1655690125977675467 83976112
1655690126291838211 100466791
1655690126508782053 13576466
1655690126914550659 37808262
1655690127482533732 213162295
1655690127780467673 82772398
1655690128085713035 12489953
1655690128593077467 106123646
1655690129069745743 187311528
1655690129310351536 34926149
1655690129520750847 8192337
1655690129973406699 196490618
1655690130296421800 107606975
1655690130523025160 12414472
1655690130870631034 80801282
1655690131187665883 108107079
1655690131415146745 14817776
1655690131786465351 93148405
1655690132096896794 98164140
1655690132471059926 89062180
1655690132801564817 99781167
1655690133213852830 118170442
1655690133589611547 94645410
1655690133898500244 100388891
1655690134275181928 100163464
1655690134582770225 96951581
1655690134809580657 12451190
1655690135091563150 15797116
1655690135384859204 86084745
1655690135781157941 181301571
1655690136021668865 25996627
1655690136384500454 88346160
1655690136787061322 187986825
1655690137194971973 119041021
1655690137409414736 12272955
1655690137784481365 104790634
1655690137999740852 10924787
1655690138290223190 18745829
1655690138619189913 116451803
1655690138968187730 89993328
1655690139282083316 84947881
1655690139672372893 174289200
1655690140075378737 97347562
1655690140300662032 13494271
1655690140670650256 91325880
1655690141073675486 179284383
1655690141473057652 161928144
1655690141887657869 182000856
1655690142112070760 11413882
1655690142484135409 91664424
1655690142876080618 84266946
1655690143286035836 116939929
1655690143499265260 10815416
1655690143894449271 102374617
1655690144198767224 23651830
1655690144484709377 11047696
1655690144788143217 19444159
1655690145113383200 32129959
1655690145388453110 12063023
1655690145697421605 19507661
1655690146174614769 179476010
1655690146471354897 84068770
1655690146768548204 93876935
1655690147096510175 96996944
1655690147369530804 64361978
1655690147672170541 88834432
1655690148082944914 194922522
1655690148512499765 223610277
1655690148985661051 93354290
1655690149203294237 11785715
1655690149581733032 104498065
1655690149995686767 110411424
1655690150214091451 14129903
1655690150576628603 85536991
1655690151009549128 205325867
1655690151394702179 102272369
1655690151783732000 87040786
1655690152074277017 83994361
1655690152373453737 84535038
1655690152686431640 97737641
1655690152914116225 14264259
1655690153390637602 186958137
1655690153820555517 123599326
1655690154180703555 86993578
1655690154415535210 22367206
1655690154780659905 99560234
1655690155273402171 278790666
1655690155592669778 113309860
1655690155887716663 91695008
1655690156281901333 97167884
1655690156691714759 105740749
1655690157092404024 98168043
1655690157372534828 70312831
1655690157876764623 200584090
1655690158273480119 95652041