1655687677169947309 381195396
1655687677381616478 9062307
1655687677595763864 11688394
1655687677808127501 10040945
1655687678028458131 16327005
1655687678244661108 12530847
1655687678476053786 26253602
1655687678701769203 19102034
1655687678915407313 10042734
1655687679132924978 12529355
1655687679347921105 11560148
1655687679559807606 9049519
1655687679780053064 16585682
1655687679994058581 11536685
1655687680208170329 11703022
1655687680422723456 12065492
1655687680641706448 10477448
1655687680857511696 11995235
1655687681075692055 13597391
1655687681295223660 15561328
1655687681514972510 12521735
1655687681734604218 14793876
1655687681949115122 10982287
1655687682164389030 11163626
1655687682385454797 16552260
1655687682599677022 11103361
1655687682817686548 14203278
1655687683033424148 11815234
1655687683248410043 11676957
1655687683463433093 11006225
1655687683678440083 11743634
1655687683893763843 11775280
1655687684108994337 10333082
1655687684324953034 11721298
1655687684539398739 10357916
1655687684754312610 11796136
1655687684969692929 11279886
1655687685185198165 11895453
1655687685400758726 12858260
1655687685615009494 10182689
1655687685828036782 8737552
1655687686042760197 11046281
1655687686257826738 12377324
1655687686471671090 9700201
1655687686687364494 11940227
1655687686903803798 12352632
1655687687121549513 15349553
1655687687339506841 15617390
1655687687552756700 10807648
1655687687766497292 11150054
1655687687979706974 10731139
1655687688194423760 12068700
1655687688409668075 12868110
1655687688626138939 14161979
1655687688847590911 17124258
1655687689075784390 25788132
1655687689290570302 12162261
1655687689505155207 12288133
1655687689715183482 7688090
1655687689931373792 12710244
1655687690141111832 7189026
1655687690354636584 10177504
1655687690570639224 11880544
1655687690787384063 13219461
1655687691003748528 12520647
1655687691218851632 11435950
1655687691432838671 10342041
1655687691648048454 12094640
1655687691863140220 11458978
1655687692075485540 8975099
1655687692289769949 10352910
1655687692506442767 12459407
1655687692723246460 13158404
1655687692936352264 10110237
1655687693153276019 12980751
1655687693370626456 13826154
1655687693586078141 10631937
1655687693798138345 9311692
1655687694014266603 12466525
1655687694227734114 10061774
1655687694441738486 10354190
1655687694678928919 9679414
1655687694890181267 9111092
1655687695101010580 8680526
1655687695319807307 16261440
1655687695529911254 7967443
1655687695740008147 7902598
1655687695981225668 9677668
1655687696192921830 9312369
1655687696404761150 9050364
1655687696615405648 8426004
1655687696825908126 8173929
1655687697036215790 7923676
1655687697282608506 12018353
1655687697497704965 11654399
1655687697717158430 15603671
1655687697934495868 13640598
1655687698149151149 11228485
1655687698368744188 16320128
1655687698580104578 8474205
1655687698797541119 13360572
1655687699010949063 10232024
1655687699227409564 12910425
1655687699448602595 17896942
1655687699661569496 10834728
1655687699875655452 10967701
1655687700092329672 13809976
1655687700305311411 10475293
1655687700520500114 11874822
1655687700734614685 11024032
1655687700950625701 12842164
1655687701166150266 12402459
1655687701382088369 13743886
1655687701598280415 13902211
1655687701812291973 11754040
1655687702025821725 11321406
1655687702239531313 11359409
1655687702454222588 11566713
1655687702672119346 15660657
1655687702887861408 13546419
1655687703102522825 12294083
1655687703318056604 13294140
1655687703532510227 12110296
1655687703747057566 12303031
1655687703961960797 12330782
1655687704178474004 14276004
1655687704393681309 13003466
1655687704611377151 15482659
1655687704826786297 13109291
1655687705041722363 12403194
1655687705258203069 14099521
1655687705476911852 14441780
1655687705693353129 13299362
1655687705908261002 12482988
1655687706123346537 12736413
1655687706339566167 13281485
1655687706557250429 15408797
1655687706773701608 13087296
1655687706991000577 13797499
1655687707204598413 11266358
1655687707424763152 17538549
1655687707641833072 12453834
1655687707856764780 11014463
1655687708079683178 18348464
1655687708296723931 13134841
1655687708512947399 9836298
1655687708725110929 9432579
1655687708940934211 13519285
1655687709155620668 9922592
1655687709370657404 10100931
1655687709594500499 15281377
1655687709808206661 11066227
1655687710022029101 10533978
1655687710235770744 9932244
1655687710451377663 11945336
1655687710667523866 12681745
1655687710882270705 12457807
1655687711105643949 20174046
1655687711321733520 11953086
1655687711535275622 10486369
1655687711753029871 13810623
1655687711983162261 27246772
1655687712202312226 14488670
1655687712417047480 9841690
1655687712634448822 13617656
1655687712855254074 17290284
1655687713085397356 26167343
1655687713302949707 13381194
1655687713521585441 15737967
1655687713739107687 13557969
1655687713951623609 9952970
1655687714166825888 11567400
1655687714383864167 13365395
1655687714604582828 16245492
1655687714825136779 11393688
1655687715043383357 11388592
1655687715258633244 9410239
1655687715474087173 11660423
1655687715690581780 12993939
1655687715903818970 9613586
1655687716118298253 9677817
1655687716333991065 11798489
1655687716545703916 8345667
1655687716762702692 13039877
1655687716980496875 12683122
1655687717198859730 11299719
1655687717416375701 11657392
1655687717635414085 12592392
1655687717856107057 15120523
1655687718072275812 11189972
1655687718290631975 13740289
1655687718505150380 11159598
1655687718719136040 9946363
1655687718934201950 11403622
1655687719146262306 9160711
1655687719364201052 14246867
1655687719586482821 14431879
1655687719805530526 12364694
1655687720020490406 10968417
1655687720237116274 11977799
1655687720450921117 10317465
1655687720665614557 11100621
1655687720891269156 20909094
1655687721107773808 12564385
1655687721321585945 11244781
1655687721537139166 12344144
1655687721753164419 13024731
1655687721970641358 13918706
1655687722188735692 13805500
1655687722404159042 13222243
1655687722621035313 13410709
1655687722836597183 12104573
1655687723052514531 13825834
1655687723268977118 13442639
1655687723489711961 14563517
1655687723705157450 12797375
1655687723920471200 12604768
1655687724136607185 13496167
1655687724353086988 13988349
1655687724572752592 17105925
1655687724789172231 13898656
1655687725006511441 13744386
1655687725222997607 13872600
1655687725438464840 12660861
1655687725653463135 12402966
1655687725872732351 16132827
1655687726090561016 15085151
1655687726304318271 11494859
1655687726517937888 11388039
1655687726731095711 10997381
1655687726947426956 14108211
1655687727162065696 11991792
1655687727377167322 12976051
1655687727593617666 13907654
1655687727808811622 12057489
1655687728023178261 11981229
1655687728235500557 10201761
1655687728450140254 12460853
1655687728667747825 14043440
1655687728885079923 13769060
1655687729101251470 12469992
1655687729318079461 14671910
1655687729532665791 10896841
1655687729743201383 8358824
1655687729954480544 7957778
1655687730172618805 14406409
1655687730385851892 10237481
1655687730601191716 11458094
1655687730816455193 10968228
1655687731031021427 10726530
1655687731246240746 11705152
1655687731463805988 14133232
1655687731680201899 12650687
1655687731896467566 12522464
1655687732114348960 14333999
1655687732329139993 12283025
1655687732545456669 12017154
1655687732763115523 13799735
1655687732980660907 13504482
1655687733201313832 15209413
1655687733417645677 13112939
1655687733633445809 13474169
1655687733848789727 12618208
1655687734063204010 11744266
1655687734278986552 13563741
1655687734495600891 14279531
1655687734710652333 12790672
1655687734924989837 12020292
1655687735138755342 11525723
1655687735353354792 11638887
1655687735571113503 14514475
1655687735788555221 13586478
1655687736005021044 13103063
1655687736222313609 12489399
1655687736436919740 12361443
1655687736650902435 11795231
1655687736866244739 13097060
1655687737088031412 12615054
1655687737304647581 14089671
1655687737520256169 11860389
1655687737735049056 11141436
1655687737949765466 10928303
1655687738162567857 8862210
1655687738379927858 13764857
1655687738596684822 14395267
1655687738813110144 12813476
1655687739028588489 12001146
1655687739240999863 9465916
1655687739454536344 9819315
1655687739669204852 11664792
1655687739886477179 13412538
1655687740103998527 13791667
1655687740316852246 9445205
1655687740530744247 9811611
1655687740744295425 9262167
1655687740959342313 10988380
1655687741175335414 12074893
1655687741391160419 11166434
1655687741605319307 10965703
1655687741820920345 11866752
1655687742035814788 11961321
1655687742248806158 9700228
1655687742463270405 10774690
1655687742682645598 15363058
1655687742897318949 12206710
1655687743112940718 11939780
1655687743330607631 14769204
1655687743544148073 10900928
1655687743761702965 13465019
1655687743977465586 11802727
1655687744191217362 11129035
1655687744405543361 11591458
1655687744621043152 11549934
1655687744837137490 12463189
1655687745051117883 11697949
1655687745265565432 10877694
1655687745482913620 13795817
1655687745697661214 11194172
1655687745911376910 10364293
1655687746126146929 11635385
1655687746342708270 13086867
1655687746561048549 8808162
1655687746775987584 11614944
1655687746993703310 13837266
1655687747209849415 11999740
1655687747425653063 13384254
1655687747638425243 10519899
1655687747856416590 15789001
1655687748073699461 12446794
1655687748290350452 12673425
1655687748505345896 12256044
1655687748720382106 12265578
1655687748934800081 11898573
1655687749149275065 12314317
1655687749363472651 11990312
1655687749577435871 11729581
1655687749796053679 16478660
1655687750012439817 10722167
1655687750233210431 18062174
1655687750449114040 13791924
1655687750660462917 9198413
1655687750878662169 15960402
1655687751096979845 15363552
1655687751311610554 12357717
1655687751526585867 12620800
1655687751743011243 14056484
1655687751958733211 13077896
1655687752173630068 12258908
1655687752387920714 11727058
1655687752606504844 10752840
1655687752821378137 11365148
1655687753037010114 12052281
1655687753250595407 10285102
1655687753465350181 11411446
1655687753681322149 11469671
1655687753896896185 12466186
1655687754113517787 12451188
1655687754328908518 11306794
1655687754542394163 9940268
1655687754756921661 10955709
1655687754970024392 9591623
1655687755186774154 12634118
1655687755402071139 12725327
1655687755620928454 14718823
1655687755833420759 9596473
1655687756048547941 11901592
1655687756262818930 11852903
1655687756476325655 11357651
1655687756695689013 17183043
1655687756910670867 12710646
1655687757127546965 14655599
1655687757342118407 12278607
1655687757558512208 13448961
1655687757776734140 15191945
1655687757998945596 16568302
1655687758222360285 13213803
1655687758439616752 13295868
1655687758657842880 13542058
1655687758886072996 16611389
1655687759098026997 9415417
1655687759313473279 11396517
1655687759525941807 8559414
1655687759741495368 11768294
1655687759958550390 13409479
1655687760173091171 11054582
1655687760387371147 11094712
1655687760606130143 14618482
1655687760821606173 11685126
1655687761037893430 12124705
1655687761250079986 9765023
1655687761465547689 10520049
1655687761683980849 12642667
1655687761904422992 16502986
1655687762120583001 12744139
1655687762333862591 11140666
1655687762548174440 12030694
1655687762762846059 12084160
1655687762979215441 12966249
1655687763207085528 13996002
1655687763422047645 11341218
1655687763634694568 8498374
1655687763857101940 16104600
1655687764073674865 12833089
1655687764290506318 12828319
1655687764507546144 10140134
1655687764723551259 12227408
1655687764941619422 13169483
1655687765160608668 15214429
1655687765379384258 14485099
1655687765596474979 11280061
1655687765814162711 11911016
1655687766028011162 9673334
1655687766245751779 12643341
1655687766466361330 16084901
1655687766682668008 12021455
