1655673290386530336 202910648
1655673290671826554 81677895
1655673290888658003 8546290
1655673291276615366 90156145
1655673291591660106 100139494
1655673291981887445 112735338
1655673292490542555 194369413
1655673292887603779 93478498
1655673293186770679 83569983
1655673293398035414 7524888
1655673293785133864 178881277
1655673294183996738 184252765
1655673294481777708 79388709
1655673294985835823 208662574
1655673295396345904 102223448
1655673295695742916 8108256
1655673299270434394 3273826865
1655673299768594621 293195824
1655673299980101875 9213136
1655673300272688209 79138845
1655673300573227039 91251638
1655673300892424041 104047651