1653174885683896923 0
1653174886684005224 0
1653174887684587049 0
1653174888684048754 0
1653174889683971980 0
1653174890684098584 0
1653174891684031677 0
1653174892683953212 0
1653174893683917986 0
1653174894683967107 0
1653174895683930390 0
1653174896683973163 0
1653174897683897334 0
1653174898683990809 0
1653174899683826267 0
1653174900683942130 0
1653174901683969748 0
1653174902684014730 0
1653174903683893920 0
1653174904683971448 0
1653174905684000470 0
1653174906683965850 0
1653174907683930195 0
1653174908683961145 0
1653174909684109485 0
1653174910684125669 0
1653174911683940789 10
1653174912683972902 23
1653174913683899305 8
1653174914683892456 22
1653174915683911924 27
1653174916683861622 26
1653174917683963752 27
1653174918683952228 12
1653174919683914484 20
1653174920683923463 22
1653174921683931598 15
1653174922684369677 14
1653174923683866374 20
1653174924684561484 30
1653174925684001784 28
1653174926684655484 14
1653174927683836112 28
1653174928684849823 29
1653174929683898260 30
1653174930683982809 19
1653174931684070621 22
1653174932683826517 24
1653174933684080221 24
1653174934683887420 19
1653174935684012497 20
1653174936683842207 18
1653174937683952664 19
1653174938777310080 18
1653174939683926760 11
1653174940684049768 24
1653174941684027860 13
1653174942684046329 20
1653174943683852885 19
1653174944683952419 15
1653174945683929584 19
1653174946683916021 15
1653174947683938140 2
1653174948684008320 0
1653174949683962737 18
1653174950683971244 22
1653174951684097706 18
1653174952683947865 24
1653174953683929882 22
1653174954683886831 21
1653174955683978752 19
1653174956683925489 25
1653174957683903545 34
1653174958706556867 32
1653174959684696098 23
1653174960683919745 19
1653174961684664551 20
1653174962684017717 25
1653174963684066600 15
1653174964684867045 15
1653174965684022121 18
1653174966685683897 17
1653174967683986205 21
1653174968683890760 21
1653174969683925855 15
1653174970683918635 16
1653174971683846472 17
1653174972683993200 19
1653174973683944032 16
1653174974683925984 3
