1656105300048199377 1
1656105301049414707 13
1656105302050664562 12
1656105303051818299 12
1656105304053018303 14
1656105305054138271 12
1656105306055271546 12
1656105307056314631 12
1656105308057729935 13
1656105309058979577 13
1656105310059822539 12
1656105311060831820 12
1656105312061813317 14
1656105313063397266 12
1656105314063822389 12
1656105315065108503 12
1656105316066327192 14
1656105317067101435 12
1656105318068451285 12
1656105319069650545 12
1656105320070806187 14
1656105321071816340 12
1656105322073016376 12
1656105323074125578 12
1656105324075525516 14
1656105325076813834 12
1656105326077933247 12
1656105327079144386 12
1656105328080559875 14
1656105329081619889 12
1656105330082852342 12
1656105331083864838 12
1656105332084825231 14
1656105333085820375 12
1656105334087033434 12
1656105335087815224 14
1656105336089209693 12
1656105337090407082 12
1656105338091624425 12
1656105339091816261 14
1656105340092950544 12
1656105341094315264 12
1656105342095565126 12
1656105343096339953 14
1656105344097089038 12
1656105345098203550 12
1656105346098626486 12
1656105347099962015 14
1656105348101063723 12
1656105349101810408 12
1656105350103073618 12
1656105351104190057 14
1656105352104822565 12
1656105353106044036 12
1656105354107124536 12
1656105355108159005 14
1656105356108809458 12
1656105357110005115 12
1656105358111214415 14
1656105359112475243 12
1656105360112816509 12