1655954207574061281 26
1655954208575306642 114
1655954209576609740 109
1655954210577843977 120
1655954211578323809 118
1655954212579299983 115
1655954213580307338 103
1655954214581316100 120
1655954215582313118 110
1655954216583325838 108
1655954217584335948 118
1655954218585321793 115
1655954219586321507 114
1655954220587430995 108
1655954221588742723 119
1655954222589404281 115
1655954223590312384 109
1655954224591312997 113
1655954225592553240 114
1655954226593308154 117
1655954227594302673 108
1655954228595310771 115
1655954229596310060 116
1655954230597306471 114
1655954231598528765 111
1655954232599783825 114
1655954233600303735 117
1655954234601336615 108
1655954235602303929 114
1655954236603425746 117
1655954237604325782 110
1655954238605608741 114
1655954239606314452 114
1655954240607343203 113
1655954241608338556 111
1655954242613996557 118
1655954243615091810 110
1655954244616247537 118
1655954245617300395 110
1655954246618315622 114
1655954247619678062 116
1655954248620315694 112
1655954249621894068 114
1655954250622998558 114
1655954251624306025 111
1655954252626298963 113
1655954253627297582 118
1655954254628293528 115
1655954255629315152 110
1655954256630582661 111
1655954257631731743 116
1655954258632297706 113
1655954259633307391 116
1655954260634332006 111
1655954261635327536 111
1655954262636333201 115
1655954263637461167 112
1655954264638298588 118
1655954265639313992 110
1655954266640305511 115
1655954267641830518 115
1655954268643393291 113
1655954269645044532 113
1655954270645305037 112
1655954271646308160 118
1655954272647310790 112
1655954273648313727 109
1655954274649512732 117
1655954275650309961 117
1655954276651304360 111
1655954277652301724 112
1655954278653318319 116
1655954279654301357 113
1655954280655341050 113
1655954281656316625 114
1655954282657308416 112
1655954283658410364 114
1655954284659307162 113
1655954285660303101 118
1655954286661330747 105
1655954287662302083 120
1655954288663299851 114
1655954289664307343 109
1655954290665305659 114
1655954291666301282 116
1655954292667313385 117
1655954293668320102 109
1655954294669306879 113
1655954295670305615 117
1655954296671418892 114
1655954297672319071 108
1655954298673331243 117
1655954299674313902 117
1655954300675328344 109
1655954301676336694 113
1655954302677328505 117
1655954303678301125 115
1655954304679490396 109
1655954305680529661 115