1655954364549443425 2
1655954365550298278 89
1655954366551505105 129
1655954367552372427 140
1655954368553328816 131
1655954369554313402 136
1655954370555357880 124
1655954371556320901 125
1655954372557424289 131
1655954373558304135 134
1655954374559489400 130
1655954375560623236 129
1655954376561757487 133
1655954377562317482 134
1655954378563311479 132
1655954379564313912 128
1655954380565319245 138
1655954381566477405 129
1655954382567628107 133
1655954383569266338 131
1655954384570321772 136
1655954385571341214 125
1655954386572403883 134
1655954387573529730 137
1655954388574319108 126
1655954389575306886 136
1655954390576302570 134
1655954391577325767 129
1655954392578318014 131
1655954393579299408 133
1655954394580292880 135
1655954395581587530 133
1655954396582582456 131
1655954397583300480 134
1655954398584316375 132
1655954399585306163 132
1655954400586410381 135
1655954401587477399 129
1655954402588305826 133
1655954403589317610 131
1655954404591078501 132
1655954405592417180 131
1655954406593310737 138
1655954407594302183 126
1655954408595332976 131
1655954409596321788 137
1655954410597307959 129
1655954411598348197 132
1655954412599338353 136
1655954413600295061 135
1655954414602311370 125
1655954415603435586 136
1655954416604313193 131
1655954417605321121 135
1655954418606803176 132
1655954419608041437 130
1655954420608769933 135
1655954421609318548 133
1655954422610411704 133
1655954423611549189 131
1655954424612339292 130
1655954425613324495 135
1655954426614323200 132
1655954427615307585 136
1655954428616312099 130
1655954429617313910 132
1655954430618580496 133
1655954431619325512 131
1655954432620311091 132
1655954433621346315 134
1655954434622550927 132
1655954435623791518 135
1655954436624313856 133
1655954437625392822 130
1655954438626531185 131
1655954439627317921 134
1655954440628327870 132
1655954441629406076 131
1655954442630353742 136
1655954443631451362 127
1655954444632308515 131
1655954445633311093 138
1655954446634674766 123
1655954447635759728 140
1655954448637319507 131
1655954449638326064 131
1655954450639314457 130
1655954451640338953 131
1655954452641322035 140
1655954453642477349 127
1655954454643317555 134
1655954455644328949 131
1655954456645455971 132
1655954457646766143 130
1655954458647317791 138
1655954459648518746 132
1655954460649293524 133
1655954461650293687 133
1655954462651299832 129