1655954535022309634 11
1655954536023309940 131
1655954537024307063 150
1655954538025317835 151
1655954539026324834 149
1655954540027298649 158
1655954541028329234 151
1655954542029320584 148
1655954543030524903 151
1655954544031314648 155
1655954545032413548 151
1655954546033528897 144
1655954547034629364 158
1655954548035865272 150
1655954549036296794 145
1655954550037810001 155
1655954551038324350 151
1655954552039384770 145
1655954553040314045 158
1655954554041312490 147
1655954555042369038 151
1655954556043871677 155
1655954557045298616 148
1655954558046320920 155
1655954559047298946 148
1655954560048328868 150
1655954561049300465 154
1655954562050325899 146
1655954563051472232 150
1655954564052617299 156
1655954565053470412 153
1655954566054320237 145
1655954567055343775 155
1655954568056305220 151
1655954569057302422 153
1655954570058297878 148
1655954571059319788 152
1655954572060319539 151
1655954573061315832 146
1655954574062306545 159
1655954575063311975 149
1655954576065058222 153
1655954577065493246 148
1655954578066324731 153
1655954579067485248 156
1655954580068298723 147
1655954581069317996 152
1655954582070304091 153
1655954583071414886 152
1655954584072311223 150
1655954585073307572 153
1655954586074304699 152
1655954587075401816 153
1655954588076324281 143
1655954589077304484 160
1655954590078296652 147
1655954591079481243 147
1655954592080764486 154
1655954593081474568 147
1655954594082584555 155
1655954595083350420 144
1655954596084315359 158
1655954597085300360 148
1655954598086324598 150
1655954599087902725 150
1655954600088569604 150
1655954601090304771 159
1655954602092312405 141
1655954603093521435 151
1655954604094312160 156
1655954605095311207 146
1655954606096448596 152
1655954607097372191 154
1655954608098674765 152
1655954609099754421 151
1655954610100937993 146
1655954611102341283 154
1655954612103457440 152
1655954613104298859 149
1655954614105877530 151
1655954615106310826 151
1655954616107309865 150
1655954617108296036 147
1655954618109310579 151
1655954619110307068 154
1655954620111307992 148
1655954621112307031 155
1655954622113589692 149
1655954623114309681 154
1655954624115307699 152
1655954625116303808 147
1655954626117323052 155
1655954627118309874 152
1655954628119304253 145
1655954629120344231 152
1655954630121321166 156
1655954631122305876 146
1655954632123308450 150
1655954633124298821 153