1656105666870652303 15
1656105667871960171 131
1656105668872378216 197
1656105669873400584 195
1656105670874421367 215
1656105671875368737 205
1656105672876400373 201
1656105673877406136 209
1656105674878520810 203
1656105675879366917 212
1656105676880382555 205
1656105677881387377 209
1656105678882406497 194
1656105679883476756 194
1656105680884600800 194
1656105681885476844 195
1656105682886392852 205
1656105683887595114 213
1656105684888551507 205
1656105685889379492 198
1656105686890393766 196
1656105687891376934 203
1656105688892386582 203
1656105689893384847 197
1656105690894829767 210
1656105691896041354 202
1656105692896389139 200
1656105693897620883 209
1656105694898374846 201
1656105695899368066 205
1656105696900386969 192
1656105697901629037 186
1656105698902932573 194
1656105699903387852 205
1656105700904504851 204
1656105701905555692 201
1656105702906986082 196
1656105703907403552 199
1656105704908821643 203
1656105705909394584 204
1656105706910378214 195
1656105707911599374 196
1656105708912583851 190
1656105709913766735 201
1656105710914553337 196
1656105711915840834 200
1656105712916523623 202
1656105713917519791 192
1656105714918455274 193
1656105715919636116 204
1656105716920380219 195
1656105717921374062 194
1656105718922388270 190
1656105719923382141 206
1656105720924383909 195
1656105721925392867 186
1656105722926509935 192
1656105723927479299 208
1656105724928759709 208
1656105725930376756 194
1656105726931567434 163
1656105727932383732 17