1655953231530496077 0
1655953232531665780 0
1655953233532828657 0
1655953234533962521 0
1655953235535300394 0
1655953236536440577 0
1655953237537591982 0
1655953238538322212 0
1655953239539375732 0
1655953240540523357 0
1655953241541698928 0
1655953242542951138 0
1655953243544197805 0
1655953244545472611 0
1655953245546682618 0
1655953246547828244 0
1655953247548954444 0
1655953248550181704 0
1655953249551457990 0
1655953250552589281 0
1655953251553879152 0
1655953252554602126 0
1655953253555803722 0
1655953254556315797 0
1655953255557310940 0
1655953256558464660 0
1655953257560134996 0
1655953258561522426 0
1655953259562697648 0
1655953260563334471 0
1655953261564473403 0
1655953262565636661 0
1655953263566793206 0
1655953264567970117 0
1655953265568316751 16
1655953266569303426 17
1655953267570437452 19
1655953268571592087 20
1655953269572896028 20
1655953270574154973 17
1655953271574359768 19
1655953272575578834 20
1655953273576313250 20
1655953274577894000 17
1655953275579335440 19
1655953276580460420 20
1655953277581843490 20
1655953278583343178 17
1655953279584477285 19
1655953280585750135 20
1655953281586288423 20
1655953282587460464 17
1655953283588319313 19
1655953284589340088 20
1655953285590511086 17
1655953286591618920 20
1655953287592750736 19
1655953288593883191 20
1655953289594940885 17
1655953290596154081 20
1655953291597296885 20
1655953292598306668 19
1655953293599318413 17
1655953294600331216 20
1655953295601449453 20
1655953296602664702 19
1655953297603895008 17
1655953298605204413 20
1655953299606361255 20
1655953300607296804 19
1655953301608320355 17
1655953302609612139 20
1655953303610314370 20
1655953304611304319 19
1655953305613275380 17
1655953306614367215 20
1655953307615558282 20
1655953308616299434 17
1655953309617560568 19
1655953310617966291 20
1655953311619096421 20
1655953312620225497 16
1655953313621318046 20
1655953314622319204 20
1655953315623772790 20
1655953316625013315 16
1655953317626145209 20
1655953318626404039 20
1655953319627327891 16
1655953320628596553 20
1655953321629836338 20
1655953322630380873 20
1655953323631461794 16
1655953324632329478 20
1655953325633563798 20
1655953326634313841 20
1655953327635459046 16
1655953328637168972 20
1655953329638320847 20
1655953330639328617 20
1655953331640464794 16
1655953332641600757 20
1655953333642868752 20
1655953334644014631 16
1655953335645276169 20
1655953336646430136 20
1655953337647319281 20
1655953338648466287 16
1655953339649648982 20
1655953340650800303 20
1655953341651929251 20
1655953342653084418 16
1655953343653325991 20
1655953344654303109 20
1655953345655633747 16
1655953346656788385 20
1655953347658040220 20
1655953348658494839 20
1655953349659623245 16
1655953350660777847 20
1655953351662034110 20
1655953352662320503 16
1655953353663476609 20
1655953354664372954 20
1655953355665342796 20
1655953356666492627 16
1655953357667732451 20
1655953358669031534 20
1655953359669903299 20
1655953360671059128 16
1655953361672192138 20
1655953362673332717 20
1655953363674615647 16
