88300932810151 704431740
88302300816283 189309354
88304003334637 280454671
88305616723693 101150520
88306100898054 175613120
88306400974347 83805451
88306800898000 92766097
88308718581213 292177792
88310426846804 219797222
88312207120574 84958322
88313227724549 301495875
88315229951243 415823699
88317409255499 186603266
88317905050735 96843198
88319513019091 96613580
88321211120156 93475568
88321718810327 217160595
88323401206144 89294046
88323701614760 84980391
88325610228138 293558770
88326906854508 199150344
88328407358268 190185877
88328709259794 91091470
88329211461571 205841852
88329827508113 111272895
88330200823482 97584568
88332413552288 390258180
88333018476074 118180009
88334801579209 86932544
88336301558645 284189890
88337723162912 18233091
88338105897412 99520490
88340224088848 212237087
88340515537357 89223929
88340809150050 90624670
88341418037365 17832678
88343001630478 96996657
88345600910372 581620430
88347522113342 697562006
88347913414075 13168766
88349515286115 92497375
88351125835307 15847241
88352930722566 103009644
88353500746408 100243711
88355017153487 102714486
88355406091508 87690733
88357013519021 289038241
88357300793253 74599428
88357716807615 102796358
88359521124000 497912011
88360017006398 16769726
88360601278879 101022818
88360914060506 102749507
88361410901193 100119653
88362010223947 198711546
88363427634095 216896029
88365519453549 212749323
88365815577174 15412739
88367800801492 477035823
88368024046869 13160951
88368515003812 14783042
88369023678749 197937650
88371122361898 110854330
88373600839734 289620974
88375100889241 200641344
88376800853813 80231583
88377116325723 115112877
88377513274194 188653322
88378022232780 97240398
88378508310852 92876049
88379125802609 220456986
88380909370349 196402833
88383115536219 210107870
88383606018189 205798512
88385220262673 120006220
88386717997527 96772292
88387100819696 100569152
88387606042462 300676718
88388203305236 392772944
88389417028819 316729097
88390600820776 87717184
