1654864815479168194 90424416
1654864816061223478 156639972
1654864816461900780 101239862
1654864820385796975 93977846
1654864821181318770 106565446
1654864821961309624 95240959
1654864822375165373 102531226
1654864823274187006 78546620
1654864823991091916 104669830
1654864824700067453 30494621
1654864826075557967 92924771
1654864828186277319 92615114
1654864828661483247 84858020
1654864829585228732 124508720
1654864830706781497 17296283
1654864830711202116 19302113
1654864832161262923 80064781
1654864833794112200 96489440
1654864834191075184 102423541
1654864834590259937 114631304
1654864835383117100 110103117
1654864837564200146 79588216
1654864839364226017 101452494
1654864840188880861 113285370
1654864840598885405 15859973
1654864841986414342 25564449
1654864842261701442 101006718
1654864842792245254 18694258
1654864842882211414 16575759
1654864843981200929 173329399
1654864844687233096 194622629
1654864845395252990 114073948
1654864846788246674 96485726
1654864847166231778 100490166
1654864847696879943 34903392
1654864847767671252 84815817
1654864847970264243 93631785
1654864848209076123 35380894
1654864848972848724 80793570
1654864849670290457 88627072
1654864850505956055 17780518
1654864850990459043 12937871
1654864851691037314 16583179
1654864853371695450 99377397
1654864855565211793 84489454
1654864855591232796 16784148
1654864856362583953 86915570
1654864856497235701 21597499
1654864856670416296 106782427
1654864857003499325 42559698
1654864858389290260 105245480
1654864859066060854 85442046
1654864859110016056 38337475
1654864861297455415 104839362
1654864861579160909 84836593
1654864861708647459 23751483
1654864862478304029 74039355
1654864864464254550 175266682
1654864864584196655 11577403
1654864865279917575 112512373
1654864865563581404 175048329
1654864865787227097 100170673
1654864866988196146 113293749
1654864867191426530 18631551
1654864868988568907 100500818
1654864869296104212 80307048
1654864870206148537 23203393
1654864870382182409 15575481
1654864870795208679 13713044
1654864872195665486 27091568
1654864872484742114 71370159
1654864872779274960 109236154
1654864873062039069 174394260
1654864873185242241 18121877
1654864873797075073 14964912
1654864874488197974 16599730
1654864876180473925 101889940
1654864878466883642 69045813
1654864879886247174 107143376
1654864880688377568 104165332
1654864881466429163 96719575
1654864881972303196 101512624
1654864882761454493 81699882
1654864883500223452 37255339
1654864884464910107 176680673
1654864884598057725 29586851
1654864885379260201 15644657
1654864888088726322 127074443
1654864888511255887 14742597
1654864889982324324 99450190
1654864890177255435 85477659
1654864891683578149 195380014
1654864893368412134 95519239
1654864894102198936 114279628
1654864894273525875 65047075
1654864894287153586 78988426
1654864897074274918 189226987
1654864898577195053 74043787
1654864898597231006 12704799
1654864899379201939 15502701
1654864901701226231 207626944
