1654863499981324585 292843290
1654863500282776533 193195884
1654863500584547054 23837629
1654863502061132147 173761852
1654863502084106254 195039216
1654863503271275592 110565354
1654863505161107890 98429226
1654863506161108378 100210381
1654863506668291922 99711930
1654863506681609551 16231670
1654863508961076657 177113853
1654863509576943823 100955806
1654863510189871924 112808872
1654863510374939842 9467003
1654863511692211430 117587672
1654863511899285809 18669347
1654863511973225592 76010686
1654863512077590066 92881085
1654863513578303956 103406396
1654863514666608165 205962645
1654863516095211331 29318719
1654863516872764830 93673029
1654863517561301098 91867926
1654863517861045513 184887219
1654863519486843144 120683455
1654863519871972710 279376785
1654863520580064379 306874068
1654863521285675675 124949650
1654863521977810457 209333789
1654863522771702451 184810279
1654863522882470718 10027587
1654863523477636961 12593337
1654863524061057868 100421279
1654863524461253469 284896730
1654863524592144956 15091166
1654863524967741234 266558717
1654863525461315662 175546723
1654863525481735140 113723862
1654863525881125590 215280047
1654863526089572325 102320598
1654863526271195595 10311376
1654863527173958813 180136495
1654863528084448721 106092091
1654863528871600825 200492153
1654863529463195943 389654288
1654863531369627769 290798893
1654863532661678684 85279762
1654863532872670263 104082533
1654863533661106346 264322095
1654863535177218829 11947449
1654863535887262396 19700873
1654863536272995669 281612136
1654863537367701356 176606216
1654863537487371964 103714869
1654863538276605363 294738068
1654863538972896309 301794057
1654863540272439983 190291457
1654863540461176342 65391307
1654863540485546351 90018890
1654863542376535776 113376907
1654863542565750693 88448743
1654863543096762866 15535456
1654863543361472627 159481623
1654863543785204909 18983279
1654863543792993289 14724764
1654863543903470277 17684584
1654863544497315727 36560854
1654863544961087809 183534988
1654863546874607913 94406359
1654863547575208541 85853831
1654863547767076051 97081521
1654863547783946549 100128029
1654863548284149771 113103929
1654863549473105895 186110737
1654863549661389323 84863468
1654863549674599001 12061669
1654863550382172282 19856965
1654863551091237303 13120477
1654863552261377896 295496239
1654863552982883134 15692224
1654863553267025483 183501862
1654863553807951382 24974444
1654863554175235812 85994183
1654863554177979469 16814784
1654863555161148391 176244837
1654863555574232308 97348462
1654863555878518591 183161189
1654863556361064527 100183438
1654863556986803283 10303301
1654863557176994379 80132256
1654863557269028079 179276266
1654863557566220577 97106397
1654863558674199611 92479771
1654863558684163338 97714983
1654863559261255865 87263205
1654863559467065352 106434710
1654863559561375715 193692795
1654863560282534606 92545199
1654863560461090243 77770083
1654863560572870913 180693799
1654863561685130483 19361704
1654863562277656995 104931028
1654863562576450553 110476871
1654863562774520674 113632117
1654863562788780916 27913515
1654863563361591567 274767176
1654863565172391489 105792549
1654863566587164838 211108319
1654863567082279857 301336013
1654863567490042290 28931671
1654863567761264856 195280165
1654863568477358531 88612942
1654863568673625109 95207910
1654863568790302456 15700802
1654863569561095603 86422793
1654863569782064245 115805871
1654863570071479793 93660476
1654863571166301290 188849340
1654863571890509963 17457514
1654863573205297827 18735986
1654863574076657367 203750112
1654863574773587120 285446817
1654863574973430743 98677452
1654863575785078441 17635023
1654863576607373153 19902019
1654863578191779597 13031114
1654863578561060422 268157004
1654863580361290701 175039186
1654863581161445527 83850949
1654863581861008797 200312547
1654863582461027446 100273217
1654863582763043100 177248077
1654863583383211040 209432999
1654863583781391698 105688567
1654863584081764285 10294098
1654863584273514953 88008565
1654863584361130013 100467566
1654863584474478885 94985323
1654863584567657566 96068532
1654863585976086277 94950532
1654863586778714525 101858874
1654863588161052147 90901254
1654863588881126370 9265065
1654863589166980539 106351115
