1655076154852382504 4
1655076155853734960 14
1655076156854818134 21
1655076157855376221 13
1655076158856546109 21
1655076159858035661 18
1655076160858960078 20
1655076161859587060 20
1655076162860737750 19
1655076163861889338 21
1655076164862394871 16
1655076165863477640 16
1655076166864407241 16
1655076167865178151 19
1655076168866434006 23
1655076169867595637 21
1655076170868354557 17
1655076171869510615 17
1655076172870687530 15
1655076173871368982 19
1655076174872377264 17
1655076175873410780 19
1655076176874560697 19
1655076177875409816 15
1655076178876555340 17
1655076179877545906 21
1655076180878367167 17
1655076181879510748 24
1655076182880351224 20
1655076183881529423 17
1655076184882401481 23
1655076185883395605 21
1655076186884653175 16
1655076187885388853 17
1655076188886439061 14
1655076189887608547 18
1655076190888740433 24
1655076191889494736 17
1655076192890393479 20
1655076193891594827 19
1655076194892371805 20
1655076195893661728 21
1655076196894581226 19
1655076197895483097 20
1655076198896457547 20
1655076199897624990 21
1655076200898783316 19
1655076201899397027 18
1655076202900390892 17
1655076203901396219 24
1655076204902399996 20
1655076205903427082 21
1655076206904392286 20
1655076207905595295 19
1655076208905930897 22
1655076209906400691 16
1655076210907545595 16
1655076211908603850 18
1655076212909852133 22
1655076213910433460 18
1655076214911856319 15
1655076215912993240 19
1655076216913369766 23
1655076217914368833 17
1655076218915538744 17
1655076219916798494 18
1655076220917397944 21
1655076221918493624 20
1655076222919383515 15
1655076223920624506 19
1655076224921925368 17
1655076225922376418 18
1655076226923707177 20
1655076227924879390 16
1655076228926073521 17
1655076229927634151 23
1655076230929092191 17
1655076231930261729 23
1655076232931383921 20
1655076233932442336 20
1655076234933365919 21
1655076235934504160 20
1655076236935649971 23
1655076237936810992 24
1655076238937964765 17
1655076239939284995 20
1655076240940475251 19
1655076241941625176 20
1655076242942795226 24
1655076243943966293 13
