1655349748852792004 696469467
1655349749341504537 197147731
1655349749744273432 201863200
1655349750240400636 295192790
1655349750550312258 105897069
1655349750934862237 181794038
1655349751306434310 171165915
1655349751623058058 111949729
1655349751997653262 174114519
1655349752415340465 217443334
1655349752741178363 125464310
1655349753140906259 199308840
1655349753396919080 54937205
1655349753722348678 122705697
1655349754020473606 97740262
1655349754352360413 113855958
1655349754783122711 141984438
1655349755129636954 146132980
1655349755423439892 91066952
1655349755759209303 135336574
1655349756046770437 87158514
1655349756386777843 139573498
1655349756662975811 75792445
1655349757036633779 173279791
1655349757370859427 131385075
1655349757684000667 112094098
1655349757986036779 101638551
1655349758297220888 110778958
1655349758606137960 105131738
1655349759203088056 394189905
1655349759543553621 139830086
1655349759941090534 192897024
1655349760284701399 139207395
1655349760620930847 132697699
1655349760903502311 79913911
1655349761311360655 205014875
1655349761780513015 260642975
1655349762147294938 101061498
1655349762441315609 93399679
1655349762722317169 76613537
1655349763040700959 117960616
1655349763354143324 112487155
1655349763658041604 100644350
1655349764084124923 225674069
1655349764443448356 156694014
1655349764750717664 102973335
1655349765081798493 130657215
1655349765440674397 158499265
1655349765741031703 99972128
1655349766141147497 195430326
1655349766550382059 198658133
1655349766932735284 178553063
1655349767266047372 132933195
1655349767554209712 87474869
1655349767832164629 71944005
1655349768160199577 117806669
1655349768582407818 217729672
1655349768862195017 79383689
1655349769209274821 146689882
1655349769648925648 236667692
1655349770122885132 269538932
1655349770425999674 102716741
1655349770674794283 45492342
1655349771052029232 113496181
1655349771405092614 149900604
1655349771821275073 215762180
1655349772135592974 113941102
1655349772468622665 129525286
1655349772786910371 117888374
1655349773134509936 143179569
1655349773413479171 76178894
1655349773745806911 131932893
1655349774115590464 169396947
1655349774547128247 203212358
1655349774902848475 155322133
1655349775248033201 141190286
1655349775573004544 120875218
1655349775940939867 167514295
1655349776211448657 67742844
1655349776613092462 170634792
1655349777020062432 206566030
1655349777446431906 223092267
1655349777838793119 189583734
1655349778209635819 170422938
1655349778514269835 101284241
1655349778802826467 88158684
1655349779117867125 113845643
1655349779446938385 124727948
1655349779941131684 289764803
1655349780240977539 99462442
1655349780541036727 97247439
1655349780814001026 69538726
1655349781147321730 104718447
1655349781545855062 189927497
1655349781855564268 109269683
1655349782157518970 101667676
1655349782492923463 134993681
1655349782929139784 233027787
1655349783335544430 205692712
1655349783650223767 111973506
1655349783952214434 99154400
1655349784357335731 202157966
1655349784748891767 187338932
1655349785135687053 186037087
1655349785508229734 169749348
1655349785923214221 214351178
1655349786241027206 117422414
1655349786541341704 97587404
1655349786809194984 67470738
1655349787291194931 248701673
1655349787640053818 144382401
1655349787909847120 66939154
1655349788214691201 100849242
1655349788549209780 131728734
1655349788914300942 160637310
1655349789213259029 96265177
1655349789557516419 139917030
1655349790105059119 347155080
1655349790443466894 135773647
1655349790840944503 193084153
1655349791146499676 102913694
1655349791422183089 72512682
1655349791698888080 76296227
1655349792010355832 108667790
1655349792361897101 148516000
1655349792655502728 93207432
1655349793018604315 160356358
1655349793404569377 165957667
1655349793754389849 145501492
1655349794140897354 186102141
1655349794543423191 202077501
1655349794891034497 144270303
1655349795252558503 161106263
1655349795583669901 130698524
1655349795911277550 124874765
1655349796236491710 122465611
1655349796548039080 109560087
1655349796941052409 190257585
1655349797337365715 186678660
1655349797655635557 112526313
1655349797928060342 72015807
1655349798341387745 199022789
1655349798653149406 108412340
1655349798955023249 101262633
1655349799260289410 102035164
1655349799558832456 96502768
1655349799865670583 104126901
1655349800237649302 170832193
1655349800587353313 149329415
1655349800913486539 125736240
1655349801240945714 127049606
1655349801546423692 102703786
1655349801840991898 93408504
1655349802324171779 277918622
1655349802622925379 96003421
1655349802929356384 106060736
1655349803234824264 102718343
1655349803562255726 127022329
1655349803957666282 194982758
1655349804350766630 192702780
1655349804761886060 210421968
1655349805046107182 83816348
1655349805585442350 243852040
1655349805987599263 201684759
1655349806341023946 150625488
1655349806770550005 214898861
1655349807148426817 177588470
1655349807540955965 187799576
1655349807815902458 70975560
1655349808166070963 147415387
1655349808452142521 85665538
1655349808772728187 120201361
1655349809150558338 173828793
1655349809556019639 205052410
1655349809864949078 106204917
1655349810159219925 93897432
1655349810530286887 168374222
1655349811035539528 289522126
1655349811406817050 170867657
1655349811739321724 132112766
1655349811993362005 51383707
1655349812395935618 157419955
1655349812751353348 154755576
1655349813095010734 143273384
1655349813455497330 160079880
1655349813757855574 101918937
1655349814062998307 104707383
1655349814337532216 74110599
1655349814642871831 104915941
1655349815038610881 191313066
1655349815462466015 219632506
1655349815822162996 83659401
1655349816132231841 107376475
1655349816534451229 197745645
1655349816934453571 199595254
1655349817344437973 209401518
1655349817709345614 162176936
1655349818166072944 223019541
1655349818542290500 173467181
1655349818978612979 235580647
1655349819340991500 161999139
1655349819646223006 104828243
1655349819900375169 53720376
1655349820210305311 109524709
1655349820548945735 110423475
1655349820980293456 226915201
1655349821343676311 159087841
1655349821749985029 111175953
1655349822140102505 185452528
1655349822454350311 113105591
1655349822772196437 114612267
1655349823111473566 136473440
1655349823404222778 89725487
1655349823739953864 131171763
1655349824135512665 192630986
1655349824440974092 105063242
1655349824776545523 132782379
1655349825203475861 226501566
1655349825540215299 136358283
1655349825798012637 55078101
1655349826092045788 91308414
1655349826410799013 118360700
1655349826709515535 95957553
1655349827035943973 126026308
1655349827313852765 77515797
1655349827637178941 122944065
1655349827887654009 50244902
1655349828210225749 122107493
1655349828595976687 151225617
1655349828983058820 186675632
1655349829252626306 69130736
1655349829561941240 108639252
1655349829864801397 99929346
1655349830247916174 180402639
1655349830641096140 188673991
1655349830943599626 101036656
1655349831241179433 93570148
1655349831723275210 277490358
1655349832129129832 205473503
1655349832440913742 109098495
1655349832724700142 83392447
1655349833149313955 206705327
1655349833541143720 187261874
1655349833983095367 235285050
1655349834280502930 96991158
1655349834584530707 103621068
1655349834910072410 122591943
1655349835267276750 152970543
1655349835626597353 158888558
1655349835979829219 152810899
1655349836342226029 162010542
1655349836641104312 98474187
1655349836946856657 105341665
1655349837327568067 179867841
1655349837653841824 114117883
1655349838049497054 191128742