1655421316206824795 0
1655421317208124873 0
1655421318209461591 0
1655421319210714827 0
1655421320211975389 0
1655421321213228988 0
1655421322214463192 0
1655421323215704789 0
1655421324216941300 0
1655421325218183038 26
1655421326219417521 40
1655421327220615679 40
1655421328221899350 38
1655421329223157002 39
1655421330224408317 40
1655421331225645463 40
1655421332226889088 35
1655421333228136574 40
1655421334229390290 40
1655421335230631181 39
1655421336231860785 38
1655421337233101315 40
1655421338234267265 40
1655421339235504600 35
1655421340236743877 40
1655421341237978035 40
1655421342239219540 40
1655421343240464066 37
1655421344241694317 40
1655421345242926600 40
1655421346244130449 36
1655421347245383762 39
1655421348246633674 40
1655421349247875292 40
1655421350249112107 38
1655421351250347323 39
1655421352251598011 40
1655421353252837857 38
1655421354254079557 37
1655421355255315248 40
1655421356256493017 40
1655421357257693854 40
1655421358258945642 37
1655421359260192427 40
1655421360260464131 40
1655421361261708563 35
1655421362262953597 40
1655421363264202301 40
1655421364265440766 40
1655421365266677338 37
1655421366267906212 40
1655421367269147454 40
1655421368270390357 36
1655421369271629306 39
1655421370272352921 40
1655421371273595219 40
1655421372274829124 38
1655421373276073743 39
1655421374277370320 40
1655421375278598318 38
1655421376279834473 37
1655421377281075911 40
1655421378282316500 40
1655421379283558036 38
1655421380284789623 39
1655421381286027227 40
1655421382287220661 38
1655421383288461413 37
1655421384289697897 40
1655421385290917218 40
1655421386292137215 38
1655421387292351763 39
1655421388293553655 40
1655421389294768411 38
1655421390295991632 37
1655421391297228022 40
1655421392298464243 40
1655421393299699594 38
1655421394300396471 40
1655421395301622884 39
1655421396302857298 38
1655421397304113132 38
1655421398305443864 39
1655421399306675170 40
1655421400307907675 38
1655421401309094770 40
1655421402310341108 39
1655421403311569597 38
1655421404312474572 40
1655421405313710337 37
1655421406314136908 40
1655421407315378810 39
1655421408316624941 39
1655421409317867082 39
1655421410319100326 40
1655421411320413473 38
1655421412321659738 37
1655421413322908008 40
1655421414324153771 40