1619652598013568532 7506
1619652599013423930 7259
1619652600014504513 7614
1619652601013423301 7534
1619652602013498922 7579
1619652603013883675 7574
1619652604013681596 7321
1619652605013616478 7819
1619652606013517390 7491
1619652607013466529 7877
1619652608013450150 7534
1619652609013636643 7589
1619652610013473132 7761
1619652611013455405 7211
1619652612013485045 7704
1619652613013436187 7504
1619652614013460850 7493
1619652615013757462 7313
1619652616013485597 7636
1619652617013806191 7583
1619652618015156461 7780
1619652619013460611 7512
1619652620013435020 7119
1619652621013429239 7659
1619652622013464190 8052
1619652623014366989 7400
1619652624013447967 7576
1619652625013494270 7501
1619652626013465034 7555
1619652627013487653 7335
1619652628013436392 7761
1619652629013476943 7480
1619652630013493418 7492
1619652631013520666 7499
1619652632013660050 7172
1619652633013450584 7686
1619652634014643874 7422
1619652635013539702 7037
1619652636013443526 7435
1619652637013481531 7074
1619652638013523623 7587
1619652639013450647 7298
1619652640013449490 7822
1619652641013461853 7244
1619652642013473401 7996
1619652643013439702 7219
1619652644014198140 7751
1619652645013424718 7176
1619652646013465087 7140
1619652647013485027 7602
1619652648013432038 7471
1619652649013613178 7356
1619652650013430272 7155
1619652651013447893 7608
1619652652015329640 7237
1619652653013442648 7211
1619652654013666246 7669
1619652655013498552 7039
1619652656013520126 7326
