1619544175389282803 3971
1619544176389339346 4016
1619544177389482635 4005
1619544178389494939 3970
1619544179389333284 3983
1619544180389291223 4000
1619544181389359315 3975
1619544182389570542 3945
1619544183389812136 3940
1619544184389332953 3984
1619544185389525991 3951
1619544186389431789 3928
1619544187389512554 3925
1619544188389299817 3930
1619544189389648572 3962
1619544190389339421 3914
1619544191389317745 3956
1619544192389351589 3996
1619544193389321773 3959
1619544194389509243 3895
1619544195389339063 3897
1619544196389293904 3950
1619544197389330909 3941
1619544198389287227 3949
1619544199389315979 3966
1619544200389344557 3955
1619544201389467192 3952
1619544202389508710 3988
1619544203389281006 3980
1619544204389305319 3959
1619544205389288462 3999
1619544206389542986 3955
1619544207389290630 3929
1619544208389278721 3994
1619544209389284598 3956
1619544210389335158 3907
1619544211389287535 3899
1619544212389300959 3924
1619544213389290253 3909
1619544214389296641 3936
1619544215389434383 3917
1619544216389480822 3875
1619544217389371331 3920
1619544218389435251 3859
1619544219389331621 3908
1619544220389394506 3929
1619544221389302396 3918
1619544222389289165 3881
1619544223389385821 3858
1619544224389313095 3809
1619544225389355257 3871
1619544226389608519 3923
1619544227389636324 3899
1619544228389348049 3868
1619544229389308477 3877
1619544230389380658 3928
1619544231389307654 3914
1619544232389566931 3918
1619544233389370665 3867
