1619542903434714234 7443
1619542904434379702 7585
1619542905426855652 7295
1619542906434629285 7283
1619542907434503664 7539
1619542908426883478 7034
1619542909426777405 7507
1619542910433140409 7525
1619542911426816306 7061
1619542912430297208 6900
1619542913429527807 7011
1619542914426781580 7107
1619542915434330602 7080
1619542916426919982 7252
1619542917434352520 6750
1619542918427894509 6807
1619542919427156025 6979
1619542920426806565 7092
1619542921426794411 6920
1619542922426850580 6877
1619542923431118133 6939
1619542924430278486 6975
1619542925427270905 7133
1619542926426782465 7173
1619542927426959297 6814
1619542928426799115 6756
1619542929427301930 6944
1619542930431255394 6850
1619542931426837160 6959
1619542932426784002 6839
1619542933431187827 6905
1619542934426813677 7188
1619542935426802007 7069
1619542936427068951 6982
1619542937434342725 7006
1619542938434341739 7055
1619542939431949323 7177
1619542940434360097 7073
1619542941428102047 6732
1619542942427230530 6809
1619542943434306897 6783
1619542944426861812 7065
1619542945426877451 6980
1619542946427138561 6969
1619542947434334533 6556
1619542948427535567 7056
1619542949427326680 6939
1619542950426786232 6888
1619542951426838884 6814
1619542952434372092 6843
1619542953434331609 6782
1619542954434349039 6630
1619542955427345873 6828
1619542956430451175 7324
1619542957426864607 7036
1619542958426963693 7198
1619542959426967878 6859
1619542960427087825 6808
1619542961429319011 6768
