1619652721203466568 7671
1619652722205797101 7452
1619652723203519422 7132
1619652724203511161 7756
1619652725203505927 7341
1619652726203490993 7798
1619652727203520902 7737
1619652728203483215 7116
1619652729203480788 7726
1619652730203526563 7465
1619652731203830735 7554
1619652732203469931 7501
1619652733203484416 7698
1619652734203472624 7385
1619652735203470345 7381
1619652736203462533 7507
1619652737203508379 7502
1619652738203477568 7424
1619652739203527713 7486
1619652740203509856 7510
1619652741203462457 7488
1619652742203463163 7540
1619652743203483862 7328
1619652744203554978 7783
1619652745203636317 7614
1619652746203476858 7412
1619652747203473322 7242
1619652748203499031 7670
1619652749203579045 7247
1619652750203470214 7555
1619652751203504398 7537
1619652752203460332 7048
1619652753203505964 7618
1619652754203480453 7186
1619652755203470724 7475
1619652756203507474 7297
1619652757205113062 7203
1619652758203511032 7726
1619652759203520575 7652
1619652760203600372 7074
1619652761203472751 7441
1619652762203484303 7295
1619652763203502211 7093
1619652764203575055 7449
1619652765203461300 7103
1619652766203532881 7550
1619652767203664970 7445
1619652768203483904 7572
1619652769203484552 7194
1619652770203514403 7389
1619652771203518267 7565
1619652772205165664 7183
1619652773203538177 7385
1619652774203650754 7612
1619652775203539591 7086
1619652776204083077 7525
1619652777203482242 7071
1619652778203488655 7365
1619652779203867121 7317
