1655863378785819624 792239404
1655863379169393133 180655625
1655863379541693693 169586288
1655863379923014744 178373854
1655863380304350593 178538121
1655863380562588061 55384653
1655863380839814714 74473378
1655863381238302922 156935638
1655863381523789162 82430050
1655863381826097343 99635126
1655863382218767437 133104674
1655863382514586569 91061210
1655863382899529091 115844260
1655863383353010742 250546273
1655863383703004385 139490618
1655863384038408341 130844520
1655863384402135286 160364051
1655863384861340507 254255228
1655863385262467035 196590114
1655863385605134187 131694963
1655863386059255303 251309833
1655863386553516741 291494014
1655863386882693190 126385837
1655863387183509327 97797672
1655863387473160871 86861944
1655863387827203737 151287676
1655863388267700179 231469319
1655863388622443043 146204246
1655863389107914239 222431329
1655863389527128454 214939044
1655863389902084166 172197225
1655863390276001239 171126459
1655863390642670194 163872023
1655863391088173991 241750439
1655863391384278500 93414103
1655863391671237290 83712453
1655863392018963651 143027438
1655863392329759434 106187922
1655863392646001257 111765538
1655863393053466148 203123978
1655863393498922431 217407346
1655863393879572346 177971374
1655863394171231026 88970217
1655863394461568393 87515356
1655863394785854695 121503470
1655863395144548027 154480566
1655863395578033332 228964522
1655863396001994361 219615889
1655863396338978615 132502867
1655863396650259413 108614272
1655863396941471399 88081687
1655863397255482762 111105844
1655863397610088938 124789761
1655863397941845042 127144755
1655863398348383467 193863382
1655863398709733615 121186635
1655863399171833339 188587283
1655863399548779578 172353635
1655863399962897540 209715246
1655863400405983176 238578158
1655863400807878487 199193130
1655863401183501328 172310464
1655863401605865996 219487129
1655863401887553783 79002795
1655863402157588177 66830884
1655863402474248240 113858399
1655863402834644262 149455102
1655863403274320467 187028243
1655863403801547295 313219155
1655863404154390300 150140615
1655863404470618659 113208469
1655863404838146823 152510457
1655863405218529528 176036036
1655863405588188193 166963506
1655863405952840144 161958343
1655863406402305048 245298006
1655863406926467693 321334065
1655863407372301689 186946025
1655863407708402563 131583568
1655863408107322511 194348956
1655863408421044076 111053202
1655863408879186604 255334397
1655863409272726031 190724074
1655863409698547703 221314867
1655863409994146173 91966794
1655863410273607060 76719582
1655863410632199172 155941726
1655863410978281628 141770915
1655863411373272028 189044217
1655863411693912924 116329517
1655863412025553691 128804289
1655863412385569797 102602911
1655863412745110897 154992195
1655863413122444960 132962920
1655863413512316466 124285540
1655863413904411307 189421084
1655863414345905229 238775524
1655863414723682610 141674929
1655863415177421249 191349698
1655863415565270153 182425549
1655863415895766591 126105920
1655863416394399879 290376312
1655863416754342299 154352228
1655863417099675861 142596898
1655863417491095086 188679094
1655863417841950522 148073482
1655863418220458225 174176839
1655863418619110955 195113204
1655863419016598179 193197414
1655863419465984515 241648094
1655863419940339825 255086841
1655863420307584639 154689958
1655863420717427487 205361318
1655863421055957926 134472238
1655863421407970850 144028691
1655863421727436676 114423793
1655863422182671615 252512090
1655863422553127704 167730172
1655863422913438355 157686040
1655863423276317967 160102350
1655863423711175067 230991605
1655863424223506074 304835356
1655863424539453716 112195013
1655863424882433832 140301278
1655863425288452536 202293507
1655863425659955916 168129627
1655863425978986274 114550783
1655863426364653781 180795015
1655863426766369117 197185061
1655863427108704022 137917489
1655863427510025740 197051012
1655863427847193091 132524588
1655863428248035968 196450013
1655863428601576149 148973897
1655863428894133586 89804586
1655863429218498955 121574346
1655863429565292420 143027726
1655863430021298682 253288188
1655863430315592390 90731065
1655863430639996979 121251021
1655863430905562435 62802711
1655863431217476533 109128004
1655863431557428279 137235006
1655863431928740065 168544288
1655863432273635809 141441549
1655863432645584415 168910305
1655863433046376539 197816228
1655863433425114123 142841173
1655863433790079114 162160240
1655863434108881850 115431871
1655863434480303081 168639022
1655863434799577465 116479000
1655863435120264188 118029899
1655863435461880902 138743251
1655863435851758623 187140664
1655863436271350787 216834035
1655863436637187190 163088011
1655863436926184751 86301677
1655863437179864994 50908622
1655863437505869926 123276678
1655863437883837434 99828625
1655863438241232175 153026468
1655863438705684287 212631273
1655863439037343577 127286642
1655863439358659103 118592708
1655863439826398206 264984923
1655863440182677946 151912097
1655863440490036684 104412921
1655863440819153797 126286900
1655863441117047663 95212828
1655863441554199521 233964121
1655863441926871510 137187049
1655863442425118646 293832215
1655863442871006305 185687164
1655863443239728821 166010082
1655863443706741411 221146099
1655863444081682757 169929678
1655863444428494580 142167554
1655863444770553042 137641883
1655863445090573152 106692732
1655863445422532529 127720744
1655863445843355974 158233191
1655863446315485188 267734379
1655863446804757403 286584039
1655863447168481038 160933551
1655863447519687639 148390144
1655863447818495793 96112738
1655863448087012801 65680417
1655863448413543624 123834119
1655863448721167767 103134005
1655863449164953825 179795007
1655863449510156949 126528178
1655863449931566374 216836030
1655863450332637526 198349092
1655863450776026807 186288618
1655863451122626779 137587852
1655863451449674796 122362814
1655863451809337140 126977154
1655863452184729680 170910291
1655863452532180684 143411613
1655863452888734160 153656813
1655863453341946915 248809285
1655863453722393059 173922482
1655863454188472060 203035860
1655863454550488462 157592157
1655863454949666801 194752723
1655863455381260793 195890255
1655863455736495161 150634019
1655863456184894686 195182832
1655863456615679272 225982881
1655863456916801395 96083803
1655863457408555662 218679438
1655863457848539229 232087862
1655863458150064765 98828217
1655863458462847266 109772800
1655863458852585546 166869300
1655863459154867455 99533006
1655863459446771977 88776172
1655863459788845204 137292948
1655863460155129242 161518618
1655863460532194313 174322133
1655863460883446206 147756113
1655863461249346867 161742021
1655863461592062337 139455352
1655863461938796721 143854104
1655863462221602856 79430113
1655863462529853968 105446048
1655863462898940275 166318655
1655863463253007874 151267855
1655863463579570863 123826280
1655863463918050376 134951883
1655863464278177833 157397630
1655863464627223074 144661474
1655863465060656144 229046454
1655863465406532394 143112220
1655863465745523700 136232149
1655863466126482925 178143708
1655863466378670387 49292244
1655863466684613333 99578217
1655863466984664900 97308781
1655863467327348459 136937636
1655863467770861092 238901843
1655863468130164740 154793873
1655863468495105372 160487575
1655863468832704564 133895403
1655863469206051433 170638561
1655863469498291192 89448813
1655863469799600523 98236416
1655863470160897994 158644884
1655863470707010324 342276365
1655863471050529311 140725777
1655863471362689826 109231645
1655863471800660394 235190076
1655863472097358310 94003860
1655863472361922954 61910409
1655863472656378849 91675081
1655863473034723596 149511825
1655863473439269211 200266070
1655863473788003796 144385345
1655863474101746816 109274819
1655863474505158980 199063756
1655863474936348667 228424361
1655863475331728306 190871913
1655863475809386177 273166481
1655863476211549156 197987172
1655863476560432795 144375755
1655863476862590686 99477968
1655863477184459783 119137980
1655863477516729486 127326250
1655863477868349202 147171483
