1619651654128653111 7547
1619651655128673893 7595
1619651656128650721 7376
1619651657128747207 7644
1619651658128745990 7980
1619651659128744386 8356
1619651660128748810 7470
1619651661128688905 8291
1619651662128652236 8188
1619651663128686124 8157
1619651664128760087 8377
1619651665128656435 7904
1619651666128837919 8436
1619651667128660155 8121
1619651668128846629 8029
1619651669128785753 8427
1619651670128820857 8627
1619651671128653400 8651
1619651672128759403 8869
1619651673128784965 8946
1619651674128749194 8155
1619651675128674132 8425
1619651676128651565 8527
1619651677128711676 8240
1619651678128658915 8646
1619651679128695089 8870
1619651680128647168 8692
1619651681128725626 8450
1619651682128685454 8974
1619651683128659654 8981
1619651684128666821 8886
1619651685128664371 8602
1619651686128659710 8706
1619651687128773999 8897
1619651688129282288 9057
1619651689128861552 8749
1619651690128704434 8725
1619651691128714947 9108
1619651692128665863 9234
1619651693128660091 8363
1619651694129511725 8827
1619651695128698399 8458
1619651696128675034 8876
1619651697128800720 8835
1619651698128794055 9591
1619651699128703195 8307
1619651700128696573 8800
1619651701128683608 8936
1619651702128684497 8883
1619651703128659842 9257
1619651704128648097 8574
1619651705128696736 9089
1619651706128698603 9104
1619651707128692727 8830
1619651708128654073 9087
1619651709128667527 9251
1619651710128669237 8300
1619651711128661200 9148
1619651712128690236 9225
