1619652019771954910 7427
1619652020764541632 7600
1619652021760192555 7834
1619652022771914266 8133
1619652023771847201 7961
1619652024760102073 8110
1619652025760400562 7639
1619652026762831656 8509
1619652027760059158 7838
1619652028760047162 8369
1619652029760077239 8332
1619652030760713944 8167
1619652031760155416 8665
1619652032760064898 8208
1619652033760045716 8710
1619652034760098614 7969
1619652035760423460 8816
1619652036771758960 8602
1619652037771959141 8727
1619652038760081092 9133
1619652039763356685 8666
1619652040760098869 9082
1619652041772053316 8802
1619652042760157921 8859
1619652043760097425 8752
1619652044760159987 9016
1619652045764409090 8808
1619652046771839046 9380
1619652047771929106 9269
1619652048762268062 9073
1619652049771956903 8344
1619652050761380673 9322
1619652051760060714 9034
1619652052760091362 9136
1619652053762346661 9078
1619652054760096455 8656
1619652055760072304 8773
1619652056772181954 8851
1619652057760170757 9367
1619652058763393718 8549
1619652059760130346 9366
1619652060761437873 9209
1619652061760119387 9409
1619652062760264652 9094
1619652063760058604 9498
1619652064760114234 9031
1619652065760119140 9014
1619652066771849994 8775
1619652067760054051 9129
1619652068760133757 9284
1619652069771875692 8976
1619652070771912380 9100
1619652071760208203 9809
1619652072760065835 8740
1619652073765877933 9238
1619652074760229025 9251
1619652075760071417 9232
1619652076760048094 9038
1619652077760061707 8490