1619534542185954530 1962
1619534543186025016 2019
1619534544185918239 2005
1619534545185948272 1978
1619534546185963779 1998
1619534547186019306 1995
1619534548186357219 1971
1619534549185957511 1960
1619534550185954596 1985
1619534551185956812 1961
1619534552185913565 1961
1619534553185916480 1935
1619534554185906431 1960
1619534555185984939 1964
1619534556185931640 1962
1619534557186103310 1960
1619534558186230336 1972
1619534559185968109 1982
1619534560186401158 1962
1619534561186109761 1927
1619534562185910499 1953
1619534563185942880 1984
1619534564186225317 1947
1619534565186001361 1977
1619534566186125938 1965
1619534567185945093 1985
1619534568186210854 1967
1619534569185903973 1940
1619534570185988758 1936
1619534571186004818 1972
1619534572185930990 1988
1619534573185910815 1971
1619534574186072665 1975
1619534575186137666 1994
1619534576185928475 1946
1619534577186050467 1955
1619534578186083708 1973
1619534579186167895 1992
1619534580186015148 1983
1619534581186349277 1980
1619534582186110830 1970
1619534583185980255 1964
1619534584186015606 1971
1619534585185917706 1970
1619534586186051924 1966
1619534587186057925 1980
1619534588186179535 1972
1619534589185936656 1963
1619534590186133126 2000
1619534591185990125 1982
1619534592185956726 1962
1619534593185927661 1982
1619534594186076435 1983
1619534595185968262 1992
1619534596185953239 1998
1619534597186221522 1969
1619534598186009047 1959
1619534599185961682 1983
1619534600185991971 1983
