1619652149951212658 7438
1619652150951192205 7643
1619652151951242630 7826
1619652152951211660 7971
1619652153951241357 8288
1619652154951200858 8371
1619652155951217315 7370
1619652156951434801 8378
1619652157951213025 8291
1619652158951200722 8272
1619652159951246538 8734
1619652160951196651 8456
1619652161951199602 8377
1619652162951212215 8517
1619652163951384872 7643
1619652164951192578 8732
1619652165951274658 8741
1619652166951245143 8962
1619652167951275254 8688
1619652168951195347 8829
1619652169951259894 8770
1619652170951204477 9142
1619652171951202020 8749
1619652172951229245 8369
1619652173951192130 8923
1619652174951227202 8725
1619652175951195810 9210
1619652176951235132 8943
1619652177951237025 8992
1619652178951221751 8781
1619652179951193083 8937
1619652180951218928 9227
1619652181951277187 8734
1619652182951313024 8906
1619652183951217306 9164
1619652184951210587 9242
1619652185951223756 9029
1619652186951282040 8846
1619652187951188049 9283
1619652188951234512 8647
1619652189951815296 9496
1619652190951242044 9101
1619652191951234256 9440
1619652192951252984 8324
1619652193951186373 9302
1619652194951189789 9341
1619652195951200107 8496
1619652196951222772 9403
1619652197951221804 9478
1619652198951197421 9393
1619652199951227861 9324
1619652200951234678 9127
1619652201951299374 8682
1619652202951201272 9068
1619652203951291386 9316
1619652204951224770 9256
1619652205951240756 8885
1619652206951221625 9291
1619652207951475420 9080
