1619545781727551014 377
1619545782727579479 382
1619545783727551059 376
1619545784727512925 388
1619545785727561217 382
1619545786727540952 383
1619545787727490841 387
1619545788727502480 384
1619545789727562792 386
1619545790727577198 380
1619545791727572343 382
1619545792727549801 386
1619545793727528275 387
1619545794727578034 390
1619545795727549390 386
1619545796727534518 376
1619545797727580867 382
1619545798727517762 382
1619545799727502780 382
1619545800727474706 384
1619545801727516787 379
1619545802727514101 377
1619545803727538050 374
1619545804727537821 379
1619545805727556251 384
1619545806727549281 374
1619545807727572045 376
1619545808727517280 372
1619545809727543494 382
1619545810727475160 384
1619545811727513909 378
1619545812727558323 380
1619545813727479828 381
1619545814727590582 377
1619545815727584389 378
1619545816727538427 378
1619545817727603365 375
1619545818727545953 375
1619545819727521412 376
1619545820727541912 375
1619545821727489789 377
1619545822727508104 375
1619545823727487356 378
1619545824727579192 378
1619545825727478760 376
1619545826727519153 376
1619545827727534934 374
1619545828727529991 382
1619545829727546720 372
1619545830727543029 382
1619545831727559374 380
1619545832727592671 380
1619545833727512836 380
1619545834727556288 378
1619545835728171788 382
1619545836727581709 380
1619545837727475906 376
1619545838727551266 375
1619545839727471473 382
