1619539796987859205 3072
1619539797987837319 3061
1619539798987841780 3043
1619539799987817406 3084
1619539800987793415 3047
1619539801987811962 3041
1619539802987796445 3035
1619539803987816588 3075
1619539804987784177 3064
1619539805988050975 3050
1619539806987985511 3058
1619539807987803667 2970
1619539808987868669 3049
1619539809988382032 3043
1619539810987834476 3013
1619539811987798098 3115
1619539812987821355 3030
1619539813987792360 3036
1619539814987896503 3077
1619539815987829938 3043
1619539816988069281 2993
1619539817987799298 3067
1619539818988269301 3068
1619539819987802611 3066
1619539820987811709 3074
1619539821988075804 3038
1619539822987817395 3051
1619539823987972533 3063
1619539824987871611 3038
1619539825987872527 3130
1619539826987861793 3026
1619539827987824535 3097
1619539828987790279 3082
1619539829988324324 3070
1619539830987916324 3079
1619539831987791392 3033
1619539832987832055 3060
1619539833987792467 3015
1619539834987839657 3119
1619539835987789489 3090
1619539836987804621 3016
1619539837988433658 3022
1619539838987803916 2945
1619539839988100521 3052
1619539840987842854 3067
1619539841987810017 3070
1619539842987824381 3003
1619539843987913861 3082
1619539844987897038 3020
1619539845987806531 3048
1619539846987891920 3052
1619539847988194380 3096
1619539848987807742 3081
1619539849987817222 3069
1619539850988120086 3115
1619539851987802871 3049
1619539852987823463 3103
1619539853987842876 3048
1619539854987829880 3075
