1619539914549952511 3546
1619539915550079400 3560
1619539916550436953 3550
1619539917549931152 3573
1619539918549988453 3487
1619539919549920127 3594
1619539920549945498 3609
1619539921550073921 3562
1619539922550379613 3562
1619539923550153053 3581
1619539924549992750 3429
1619539925549963808 3568
1619539926550219904 3531
1619539927550080532 3496
1619539928550056609 3494
1619539929549969118 3597
1619539930549979747 3500
1619539931550002526 3514
1619539932550060654 3502
1619539933550022195 3563
1619539934549988001 3567
1619539935549951257 3542
1619539936549994838 3564
1619539937550411527 3538
1619539938550001561 3553
1619539939549936848 3569
1619539940550046746 3577
1619539941550564408 3581
1619539942549937186 3561
1619539943550073788 3540
1619539944549962514 3566
1619539945550180166 3618
1619539946550084958 3495
1619539947549992969 3548
1619539948549954593 3579
1619539949550168050 3561
1619539950550012061 3506
1619539951550319672 3556
1619539952550113765 3569
1619539953549977786 3639
1619539954549963921 3569
1619539955550328804 3603
1619539956549932442 3541
1619539957550004454 3625
1619539958550175590 3634
1619539959550020228 3604
1619539960550122997 3583
1619539961550015501 3585
1619539962549943064 3604
1619539963550003301 3608
1619539964549973595 3530
1619539965549962591 3534
1619539966549993594 3614
1619539967550084648 3608
1619539968550392572 3534
1619539969549928863 3579
1619539970550008566 3607
1619539971550164065 3596
1619539972549968542 3594
