1619540366501688807 4448
1619540367501565590 4477
1619540368501585500 4453
1619540369501582760 4532
1619540370501675247 4549
1619540371501533675 4521
1619540372501533350 4521
1619540373501531970 4504
1619540374501590671 4208
1619540375501776473 4482
1619540376501541216 4423
1619540377501594960 4487
1619540378501553691 4508
1619540379501611232 4452
1619540380501881458 4469
1619540381501594450 4497
1619540382501548370 4591
1619540383501594292 4515
1619540384501550688 4542
1619540385501564568 4606
1619540386501548881 4589
1619540387501714420 4568
1619540388501572151 4430
1619540389501554865 4515
1619540390501681499 4554
1619540391501561421 4579
1619540392501562686 4565
1619540393501604172 4531
1619540394501560038 4650
1619540395501538495 4474
1619540396501587961 4595
1619540397501635852 4579
1619540398501536143 4524
1619540399501589463 4500
1619540400501653166 4619
1619540401501584603 4597
1619540402501627914 4581
1619540403501542334 4562
1619540404501564678 4593
1619540405501611469 4531
1619540406502094882 4495
1619540407501551402 4585
1619540408501553455 4579
1619540409501539704 4640
1619540410501556436 4510
1619540411501572011 4548
1619540412501575148 4513
1619540413501602716 4650
1619540414501551434 4640
1619540415501590574 4550
1619540416501574689 4577
1619540417501700963 4672
1619540418501551313 4592
1619540419501589861 4571
1619540420502524422 4541
1619540421501598188 4539
1619540422501776831 4517
1619540423501684865 4561
1619540424501679677 4656
