1619546026352638844 740
1619546027352733946 754
1619546028352658702 748
1619546029352694282 746
1619546030352637316 742
1619546031352645836 744
1619546032352686505 743
1619546033352733095 733
1619546034352659933 743
1619546035352640113 726
1619546036353337103 735
1619546037352723291 730
1619546038352635325 738
1619546039352621716 735
1619546040352650802 735
1619546041352696585 736
1619546042352704690 728
1619546043352730816 736
1619546044352661408 744
1619546045352719036 740
1619546046352788695 730
1619546047352649828 734
1619546048352704631 734
1619546049352700041 736
1619546050352658085 736
1619546051352649226 740
1619546052352632908 732
1619546053352663729 736
1619546054352672010 740
1619546055352709207 744
1619546056352630536 735
1619546057352761012 739
1619546058352695388 737
1619546059352615918 735
1619546060352700239 746
1619546061352623515 730
1619546062352783937 730
1619546063352653384 724
1619546064352696848 738
1619546065352644611 738
1619546066352705291 732
1619546067352689305 740
1619546068352693563 738
1619546069352737478 730
1619546070352680629 732
1619546071352649871 732
1619546072352795572 746
1619546073352690249 732
1619546074352658580 732
1619546075352638106 736
1619546076352659145 750
1619546077352699448 741
1619546078352684157 741
1619546079352627495 731
1619546080352643583 735
1619546081352638267 733
1619546082352712699 727
1619546083352625066 729
1619546084352671848 727
