1619540829856200609 5549
1619540830856167301 5508
1619540831856644198 5377
1619540832856373464 5561
1619540833856276501 5637
1619540834856157546 5565
1619540835856694409 5547
1619540836856304140 5398
1619540837856167671 5597
1619540838856226462 5656
1619540839856206798 5381
1619540840856211474 5589
1619540841856220237 5388
1619540842856170920 5583
1619540843856277188 5678
1619540844856167946 5542
1619540845856176835 5655
1619540846856246722 5652
1619540847856191534 5703
1619540848856204337 5680
1619540849856603889 5707
1619540850856215307 5490
1619540851856190223 5486
1619540852856219738 5717
1619540853856749502 5520
1619540854856185848 5697
1619540855856229957 5686
1619540856856229890 5568
1619540857856191125 5704
1619540858856571212 5631
1619540859856167057 5564
1619540860856167126 5683
1619540861856300746 5585
1619540862856166326 5719
1619540863856473729 5602
1619540864856230339 5762
1619540865856336341 5565
1619540866856274016 5541
1619540867856247404 5502
1619540868856159295 5690
1619540869856168224 5617
1619540870856225858 5687
1619540871856235782 5583
1619540872856180279 5734
1619540873856247548 5653
1619540874856212917 5536
1619540875856510578 5647
1619540876856262925 5671
1619540877856193905 5608
1619540878856738351 5595
1619540879856634762 5669
1619540880856217183 5631
1619540881856293634 5603
1619540882856210491 5614
1619540883856190078 5743
1619540884856236732 5540
1619540885856278380 5602
1619540886856236109 5542
1619540887856188283 5650
