1619650963552788406 7065
1619650964552739069 7219
1619650965552861171 7602
1619650966552736975 7444
1619650967552747707 7869
1619650968552743874 7932
1619650969552789574 6935
1619650970552737213 7310
1619650971552745562 7267
1619650972552799298 7739
1619650973552809872 7315
1619650974554791309 7446
1619650975552795950 7283
1619650976552776877 7826
1619650977552805736 7495
1619650978552924835 7474
1619650979552802344 7759
1619650980552792543 8033
1619650981553000709 8175
1619650982552741733 8342
1619650983552780120 7692
1619650984552844734 8123
1619650985553187489 7936
1619650986556174615 7609
1619650987552749577 7403
1619650988552862348 7677
1619650989552742943 7801
1619650990552741011 7678
1619650991552760112 7733
1619650992554880833 7971
1619650993552765382 7761
1619650994552764171 7770
1619650995552789931 7758
1619650996552739113 7801
1619650997552762146 7898
1619650998564998007 8117
1619650999552766152 7926
1619651000552775738 7748
1619651001552771631 7884
1619651002552882337 7716
1619651003552754676 7958
1619651004553211388 7897
1619651005552782423 7685
1619651006553161230 7891
1619651007552790904 7650
1619651008552757493 7948
1619651009561782782 7997
1619651010552788966 7744
1619651011552895558 8054
1619651012560953572 8198
1619651013552900304 7917
1619651014552732234 8385
1619651015552822121 7862
1619651016553191324 7858
1619651017552771193 8170
1619651018552730849 8249
1619651019552766852 8501
1619651020552752665 8272
1619651021552762197 8146
