1619534301906862583 1406
1619534302907110684 1401
1619534303906841562 1407
1619534304906922123 1394
1619534305906870717 1393
1619534306906834306 1387
1619534307906903484 1389
1619534308906883179 1416
1619534309906916162 1394
1619534310906873301 1392
1619534311906959756 1366
1619534312906864631 1391
1619534313906892780 1365
1619534314906891345 1378
1619534315906902850 1383
1619534316906909565 1382
1619534317906851279 1402
1619534318906917858 1396
1619534319906891034 1370
1619534320906923867 1379
1619534321906938097 1397
1619534322906860261 1378
1619534323906848327 1362
1619534324906844632 1370
1619534325906884619 1388
1619534326906925121 1388
1619534327906880281 1399
1619534328906874920 1378
1619534329906839821 1360
1619534330907347099 1393
1619534331906951388 1386
1619534332906861570 1394
1619534333906924563 1361
1619534334906838671 1375
1619534335906871561 1377
1619534336906889843 1377
1619534337906936470 1397
1619534338906881482 1368
1619534339907187633 1366
1619534340906883016 1365
1619534341906854630 1400
1619534342906888864 1402
1619534343906945550 1377
1619534344906938421 1378
1619534345906852489 1369
1619534346907249274 1363
1619534347906967297 1385
1619534348906944155 1388
1619534349906971360 1368
1619534350906921918 1390
1619534351906848416 1381
1619534352906841794 1391
1619534353906970282 1378
1619534354906954786 1410
1619534355907097065 1387
1619534356906924794 1379
1619534357906936672 1386
1619534358906904925 1395
1619534359906847835 1380
