1619035425894773490 5035
1619035425899101815 2174
1619035425922617593 1691
1619035426520316134 2168
1619035426597397924 3832
1619035426737779297 2715
1619035426841343614 1910
1619035426923012926 2072
1619035427062143932 1725
1619035427433401658 4330
1619035427569525304 1472
1619035427594528186 2424
1619035427672942689 2500
1619035427718291241 3166
1619035427922123768 1443
1619035427954519969 3531
1619035428126894600 2003
1619035428286849792 1345
1619035428700892083 2253
1619035428762775701 2211
1619035428776233072 2154
1619035428882667044 2243
1619035428900145459 1529
1619035428932822073 3238
1619035429090478768 2876
1619035429095669452 3151
1619035429214446872 4068
1619035429308161384 2393
1619035429794101865 2927
1619035429805699476 2499
1619035430003920747 3052
1619035430179884694 2371
1619035430577510679 3769
1619035430708835126 2450
1619035430902173544 1548
1619035431036271468 2931
1619035431111804506 2818
1619035431225377589 1420
1619035431232165345 4732
1619035431325620584 5765
1619035431517745968 2720
1619035431541192272 4400
1619035431555517380 1799
1619035431615784594 3232
1619035431773958799 2043
1619035431996415566 2051
1619035432237147304 3863
1619035432473414828 1974
1619035432493042746 1831
1619035432668679858 1561
1619035433116700807 246
1619035433143154094 1806
1619035433363044287 2414
1619035433406950677 2215
1619035433430107928 1543
1619035433475502766 3166
1619035433562820334 1799
1619035433579980028 940
1619035433645474202 1808
1619035433654887704 3020
1619035433696488898 1516
1619035433921187234 2421
1619035433964268888 2712
1619035434069706468 2237
1619035434093710757 3629
1619035434110070127 6865
1619035434130965151 2342
1619035434139876122 1605
1619035434182621868 1726
1619035434326954452 5408
1619035434557483508 1356
1619035434567184167 3129
1619035434626773933 2782
1619035434648096274 2876
1619035434692756545 1684
1619035434742673556 3180
1619035434814759597 2047
1619035434889578670 2012
1619035435007036733 3514
1619035435064523550 2162
1619035435163734240 2638
1619035435180571875 1539
1619035435233732866 2136
1619035435447987807 3477
1619035435513741148 2374
1619035435571859895 4466
1619035435616799087 1673
1619035435632928275 1510
1619035435764870865 3855
1619035435901501110 4470
1619035435929045410 2277
1619035435986346916 2312
1619035436052202982 1829
1619035436141765158 2609
1619035436150239522 1478
1619035436183008216 3050
1619035436230815574 894
1619035436238233121 2354
1619035436284440037 2926
1619035436292491632 2284
1619035436338306970 2035
1619035436418515975 2250
1619035436462205982 2842
1619035436542405879 2385
1619035436571503397 4130
1619035436665638088 2519
1619035436677366122 3610
1619035436680986907 1563
1619035436781706299 3715
1619035436851978755 2455
1619035436944562838 4101
1619035437113048672 7710
1619035437136274495 3141
1619035437235469369 1874
1619035437243972163 2996
1619035437301962995 3929
1619035437524735099 2816
1619035437545651228 2762
1619035437577255891 3257
1619035437582244826 2780
1619035437791626486 3199
1619035437812689678 2340
1619035437822108810 3328
1619035437834158368 3802
1619035437892740681 4078
1619035438144917047 2057
1619035438329648546 3274
1619035438374836009 1960
1619035438384401152 2579
1619035438500002390 2350
1619035438622140081 3353
1619035438671169988 726
1619035438686816762 4357
1619035438691973290 3056
1619035438917905297 2546
1619035439061134453 2577
1619035439150466590 1574
1619035439163133195 2621
1619035439174802182 1874
1619035439341720291 2830
1619035439475028172 2936
1619035439635751779 1704
1619035439781181906 1654
1619035439858995641 3083
1619035439923602955 1461
1619035439992504791 3118
1619035440059121482 2429
1619035440315483392 1522
1619035440398259669 1481
1619035440410485078 2279
1619035440448109005 3766
1619035440598971453 2364
1619035440687594676 960
1619035440719008501 2630
1619035440781432693 2751
1619035440798388532 2817
1619035440918346332 3522
1619035441012644669 3164
1619035441333557070 6131
1619035441408809037 1692
1619035441553692686 4435
1619035441596001004 3533
1619035441788485864 1839
1619035441822391247 2931
1619035441978433130 3690
1619035442016309285 4666
1619035442183687537 2818
1619035442240976705 3612
1619035442276798953 2080
1619035442296770310 2985
1619035442343146846 2964
1619035442364376417 5636
1619035442421021231 2670
1619035442434574945 2405
1619035442454724091 2115
1619035442469624556 1363
1619035442505170934 5347
1619035442593643933 1218
1619035442847006536 3399
1619035442879752056 2942
1619035443078668327 3915
1619035443101041022 1737
1619035443232350882 2003
1619035443391010691 3461
1619035443503738021 2888
1619035443509030320 3109
1619035443548551829 1646
1619035443664846518 3978
1619035443894595143 4968
1619035443919272306 3484
1619035443967083025 3430
1619035443998335955 3098
1619035444012789056 2258
1619035444214248154 1021
1619035444218408885 2080
1619035444222984961 2525
1619035444231811103 2200
1619035444279427628 2102
1619035444361109190 2295
1619035444537551730 1866
1619035444677373921 3124
1619035444761180037 1562
1619035444782539174 2265
1619035444888940672 2914
1619035444983116897 4914
1619035445045924699 3432
1619035445167294253 3896
1619035445260612904 2097
1619035445399682646 1964
1619035445408174140 2137
1619035445429702416 4047
1619035445435942272 4177
1619035445476358611 2736
1619035445596609029 1612
1619035445612805834 2435
1619035445657353999 6586
1619035445713520374 2120
1619035445814181669 1255
1619035445958080775 4755
1619035446051100088 5708
1619035446197922477 3610
1619035446339451392 2842
1619035446391623067 2749
1619035446395657216 1977
1619035446410909704 2068
1619035446796726900 6471
1619035446844573660 2758
1619035446989378896 1510
1619035447013654434 2399
1619035447135043972 2281
1619035447158864268 10509
1619035447301668059 3280
1619035447447912423 2925
1619035447514753543 1802
1619035447575839881 2497
1619035447630209177 2812
1619035447805511220 1770
1619035447813520313 763
1619035447993119348 3101
1619035448260974091 1464
1619035448279789284 1613
1619035448467082852 2079
1619035448483287409 1774
1619035448533932024 4785
1619035448575267999 2022
1619035448720708779 1944
1619035448776546024 1573
1619035448784120205 1888
1619035448861142376 1866
1619035449177129393 3023
1619035449339225454 3559
1619035449421865827 2290
1619035449647149813 3876
1619035449901306947 3681
1619035450405623848 3940
1619035450463418898 3194
1619035450479616268 2417
1619035450500087736 4302
1619035450529091128 2531
1619035450541481808 2358
1619035450586790781 879
1619035450689876780 1734
1619035450786052477 3363
1619035450858151891 2542
1619035450947478932 2135
1619035451004678668 2960
1619035451199519185 1973
1619035451238027841 1986
1619035451343106044 4190
1619035451505210035 3140
1619035451677193478 1771
1619035451776694139 2465
1619035451865556204 7359
1619035451991586644 3243
1619035452132001289 2488
1619035452168574117 2320
1619035452204737444 4129
1619035452383467105 3325
1619035452416631817 2305
1619035452437135983 3091
1619035452538732702 2831
1619035452666046975 6223
1619035452700480585 1569
1619035452884269762 2486
1619035452999113716 3208
1619035453066228202 1716
1619035453146261931 5808
1619035453166722034 1902
1619035453227128753 2445
1619035453427134002 6511
1619035453535402746 1970
1619035453642014579 1751
1619035453655468070 2662
1619035453664267455 1863
1619035453675375321 5377
1619035453692874383 2554
1619035453773914845 5862
1619035453831019537 2309
1619035453857915733 2999
1619035453889478283 2994
1619035453938024719 1881
1619035454021857392 5369
1619035454286058195 2032
1619035454341495572 1902
1619035454410258121 3281
1619035454523522528 2675
1619035454659693129 1702
1619035454782530515 911
1619035454791448077 3211
1619035454801122896 3117
1619035454840346869 3010
1619035454938436541 3711
1619035455063459584 2758
1619035455514928449 3042
1619035455561751398 1658
1619035455680122605 3635
1619035455788696382 2620
1619035455906492909 2417
1619035455940460071 2098
1619035456123380088 2387
1619035456194491250 5682
1619035456201832441 1373
1619035456209862615 2376
1619035456406340613 1564
1619035456438220693 2840
1619035456462905446 4077
1619035456501077930 6382
1619035456528963268 2336
1619035456575417804 1998
1619035456789266487 2644
1619035456908517364 4002
1619035456991362774 2747
1619035457081758096 3204
1619035457286504107 4116
1619035457310086512 3612
1619035457354945265 6920
1619035457430444911 1922
1619035457552550762 6184
1619035457625848962 1318
1619035457830170556 2764
1619035458049899613 5133
1619035458097486404 3622
1619035458115815458 2259
1619035458168975328 4915
1619035458252006239 2390
1619035458259076604 256
1619035458565811503 6232
1619035458697188281 3221
1619035459061765120 2499
1619035459412150467 4952
1619035459433526267 2838
1619035459445647258 2268
1619035459613113875 4910
1619035459632859219 2256
1619035459929018331 3904
1619035459967373092 1929
1619035459976461308 2786
1619035460022052093 2683
1619035460046683119 3578
1619035460138340422 4488
1619035460178738024 2260
1619035460247186466 2977
1619035460259732079 5409
1619035460375362708 2989
1619035460413752981 4694
1619035460627704496 3540
1619035460643686540 1624
1619035460761186689 4930
1619035460906832245 2945
1619035460936124982 3465
1619035461000587498 3664
1619035461026960132 4888
1619035461075586763 4910
1619035461084396144 2237
1619035461087669457 1182
1619035461202672802 3560
1619035461208198664 3472
1619035461486831946 5846
1619035461793111031 2232
1619035461872033861 1606
1619035462309147162 2147
1619035462318627420 2800
1619035462403027055 4699
1619035462810187363 6159
1619035462967737481 2623
1619035463516133760 2117
1619035463562975223 1697
1619035463864442669 1045
1619035464070188421 3032
1619035464077558218 5323
1619035464253442194 4820
1619035464980689037 4315
1619035465069406462 1719
1619035465198252857 3216
1619035465232869706 2882
1619035465263747810 3241
1619035465394312042 2403
1619035465496604141 2110
1619035465567245593 2102
1619035465594761184 1515
1619035465700455585 1347
1619035465882084078 2424
1619035465907549301 1526
1619035465920261742 2522
1619035465956690506 2719
1619035465963326516 4541
1619035466387978309 1420
1619035466396471624 2048
1619035466445087066 3478
1619035466491325459 1980
1619035466659440555 4372
1619035466791857301 1541
1619035466856367129 2856
1619035466992591652 3634
1619035467062849241 1646
1619035467264090397 3070
1619035467282732904 5538
1619035467311692923 5302
1619035467525213661 1381
1619035467586378839 8620
1619035467628707066 1952
1619035467754809870 3249
1619035467797091828 2121
1619035467910941224 4349
1619035467973839043 1989
1619035468229184764 2834
1619035468323653744 2438
1619035468384991542 4170
1619035468415718014 2286
1619035468590148721 1448
1619035468742007099 1543
1619035468802841419 2733
1619035468868409709 2076
1619035469069106567 3915
1619035469112339269 2307
1619035469129179080 1806
1619035469483774870 3996
1619035469844523225 1475
1619035470161021983 6233
1619035470170158235 2133
1619035470219391356 1645
1619035470372903157 2010
1619035470468237671 2741
1619035470488995744 2093
1619035470518350419 2361
1619035470556286901 10441
1619035471152334936 1704
1619035471181232869 3014
1619035471270822862 2388
1619035471464234700 3601
1619035471480899155 2292
1619035471484466058 1494
1619035471930012515 4078
1619035472112282328 1095
1619035472146992467 3562
1619035472194646189 1904
1619035472418878124 4929
1619035472918882950 3125
1619035472927983837 3200
1619035473261852726 2269
1619035473464226300 3737
1619035473690302579 2483
1619035473736760198 12686
1619035473866576240 2693
1619035474008252726 2530
1619035474185212368 906
1619035474209611295 2124
1619035474415305885 3693
1619035474428316962 1110
1619035474570377715 2134
1619035474584752132 3854
1619035474738031478 3138
1619035474763618508 3676
1619035474888715484 3201
1619035475123031805 2172
1619035475181605371 3899
1619035475221472259 1537
1619035475520549702 3464
1619035475556165530 2201
1619035475811087755 1952
1619035475879540761 3918
1619035475910458433 3438
1619035476001623809 2412
1619035476063822701 2346
1619035476640040381 2264
1619035476658970266 1841
1619035476922613767 1348
1619035476926569285 1891
1619035477033252305 2480
1619035477174892272 1527
1619035477306970964 2672
1619035477465674852 3719
1619035477475073143 2338
1619035477503324754 7156
1619035477586433177 3344
1619035477719100265 2737
1619035477740083282 3473
1619035477909934627 3256
1619035477926955477 3296
1619035478183944219 3040
1619035478189520926 3541
1619035478205636234 1543
1619035478232337227 1764
1619035478598451096 2478
1619035478662980646 2388
1619035478668923189 3864
1619035478709762945 1305
1619035478739997545 4416
1619035478843433061 1930
1619035478959741050 1573
1619035479035864820 2954
1619035479238761919 2557
1619035479468362481 3369
1619035479486843244 2974
1619035479788253815 2432
1619035479801997057 2323
1619035479806024278 1898
1619035479914449272 3839
1619035479992300264 1495
1619035480164339566 1851
1619035480178595357 2497
1619035480224470838 2240
1619035480641742501 2297
1619035480645409669 1611
1619035480678213841 2809
1619035480792687544 1833
1619035480826561785 1713
1619035480862380095 1928
1619035480988459512 4274
1619035481119653842 1508
1619035481430603206 2086
1619035481869363563 1836
1619035481922746213 1727
1619035482096898055 1841
1619035482104772072 5778
1619035482216908173 1398
1619035482278599652 2778
1619035482487847616 1894
1619035482513866531 1874
1619035482643263246 3684
1619035482677514893 3547
1619035482781786504 2350
1619035482830678312 2921
1619035482867249828 2866
1619035482875464852 2179
1619035482945594130 3147
1619035482962513920 3295
1619035483026266931 2297
1619035483065875344 1952
1619035483092522288 4406
1619035483388633115 2310
1619035483393165940 2492
1619035483424298831 2376
1619035483504240384 3703
1619035483526675685 2609
1619035483574042027 2198
1619035483911332378 3788
1619035483945412837 3675
1619035484008284253 2261
1619035484037392776 2554
1619035484165826345 5277
1619035484187903946 2679
1619035484201390321 2026
1619035484224553518 2415
1619035484239043883 3002
1619035484258287918 4678
1619035484305542154 4392
1619035484528058705 2666
1619035484594054489 2324
1619035484679234682 2281
1619035484830385524 1947
1619035485124535232 3575
1619035485148286155 3939
1619035485390495416 3354
1619035485416413698 2856
1619035485690899831 2926
