1619379498085475533 4960
1619379498164405815 3872
1619379498334734063 4056
1619379498358735371 4057
1619379498522443167 3898
1619379498560462802 3864
1619379498618218344 5083
1619379498955994194 4022
1619379499027375045 5894
1619379499046697896 5528
1619379499113355193 4254
1619379499139121996 4147
1619379499257871179 4595
1619379499547196965 5205
1619379499567616459 3947
1619379499655136039 3876
1619379499663138912 5823
1619379500027469419 4571
1619379500054851939 2223
1619379500134369984 3555
1619379500148191569 5520
1619379500240581646 5581
1619379500568867728 3982
1619379500681332713 6259
1619379500811047846 4739
1619379501107025627 3990
1619379501188793599 4626
1619379501716623451 5729
1619379501825837076 4791
1619379501864665229 21062
1619379502738087783 5418
1619379502779508273 6607
1619379503105256162 3834
1619379503511128385 3991
1619379503734260592 3774
1619379503774455018 4622
1619379503790398228 4643
1619379503829515801 5439
1619379503970672319 4051
1619379504092957649 3679
1619379504099192514 4191
1619379504146235427 4891
1619379504330280552 5157
1619379504422767945 3449
1619379504583432415 3858
1619379505578141696 3711
1619379505678161473 6682
1619379505935512433 5871
1619379506173373148 3739
1619379506486070497 4822
1619379506526329514 3904
1619379506606604207 5144
1619379506689390449 4792
1619379506865716922 6024
1619379506930620206 4172
1619379507108361698 6326
1619379507297256196 8427
1619379507590348138 2991
1619379507918005533 3894
1619379508168833446 4508
1619379508262053339 4456
1619379508302985431 4311
1619379508423561089 4620
1619379508437429515 5984
1619379508457328486 5625
1619379508746856355 4436
1619379508893887980 4731
1619379509112540953 4354
1619379509215390756 3450
1619379509612952011 7232
1619379509718518497 4006
1619379509793660052 4702
1619379509934007241 6074
1619379509997083443 6458
1619379510022158526 4650
1619379510081149410 3871
1619379510112816786 4943
1619379510319980557 6149
1619379510411981279 4940
1619379510629808465 2964
1619379510718835254 4491
1619379510870254303 3583
1619379511046796175 4759
1619379511129697902 4078
1619379511476599908 4045
1619379511555960205 5492
1619379511737372003 4412
1619379511849553798 5114
1619379511858033821 6377
1619379511988905529 5900
1619379512128931349 4398
1619379512258698078 3783
1619379512579299817 5686
1619379512748161496 5214
1619379512999594113 3952
1619379513032329184 4253
1619379513236222536 3768
1619379513319672842 6193
1619379513372788517 4352
1619379513418560997 4394
1619379513518598415 4036
1619379513646413394 3891
1619379513892733665 5026
1619379514361937654 4078
1619379514368503770 4494
1619379514467988041 3095
1619379514515466362 4728
1619379514521623156 4011
1619379514527529683 3765
1619379514544209812 5152
1619379514818255394 3966
1619379514852867660 5556
1619379515004016942 4704
1619379515117309346 4304
1619379515197832062 4273
1619379515239865568 4067
1619379515315404526 4061
1619379515581980820 5056
1619379515621717929 4073
1619379515742434737 5692
1619379515781993628 4627
1619379515891238549 3647
1619379515988927420 6768
1619379516324213516 3541
1619379516343555850 4420
1619379516357012695 4224
1619379516484885685 4426
1619379516535767888 3714
1619379516543180034 5370
1619379516690559199 4603
1619379516754438568 3241
1619379516952926104 4700
1619379516972684897 4649
1619379517213860976 5312
1619379517627301045 4005
1619379517715020656 5049
1619379517792162276 4427
1619379517812945882 5403
1619379517868600306 4081
1619379518152643367 4348
1619379518381389620 4328
1619379518405959535 5014
1619379518899294924 4625
1619379519008945920 3235
1619379519129685003 4538
1619379519143077601 4311
1619379519170246558 6765
1619379519274204977 3809
1619379519285964745 4686
1619379519315046387 3642
1619379519556988415 5605
1619379519564652334 5431
1619379519741614176 4063
1619379519982978735 3893
1619379520094889101 4549
1619379520177975178 4238
1619379520506122827 4406
1619379520569899785 3877
1619379521041927167 4687
1619379521084234618 4129
1619379521278966223 2958
1619379521568755139 2952
1619379521719199463 5109
1619379521811066639 7352
1619379522191139775 3489
1619379522202825651 4079
1619379522290955912 4121
1619379522469886236 3208
1619379522546271355 2878
1619379522562351771 6044
1619379522904025845 6605
1619379522941628267 4581
1619379522950205454 6438
1619379522986372246 4839
1619379523081826325 4458
1619379523098699316 5618
1619379523351873431 3927
1619379523534232365 6635
1619379523608095705 3977
1619379523728792296 4334
1619379523802889001 4036
1619379523885140036 3941
1619379524297436448 5632
1619379524461885461 6365
1619379524504726167 6874
1619379524626913408 4033
1619379524760546258 4139
1619379525159000178 6599
1619379525209477742 3560
1619379525357396271 3843
1619379525451676808 4585
1619379525652230980 6348
1619379525721019213 7726
1619379525741151490 4502
1619379525788029146 5234
1619379525835353460 4694
1619379525958886209 4668
1619379525967656766 6631
1619379526076571478 3360
1619379526202188910 4697
1619379526381935851 4198
1619379526481436501 5211
1619379526672719433 4062
1619379526746107595 6081
1619379526766117401 6292
1619379526837359339 4530
1619379526973831284 3841
1619379527094887116 3522
1619379527211874223 2801
1619379527389747193 3910
1619379527507914893 3318
1619379527671240209 4744
1619379527698226036 5360
1619379528034779014 3907
1619379528040578100 3727
1619379528273749207 3710
1619379528286042133 4367
1619379528434504328 4736
1619379528470752491 7749
1619379528508793915 3703
1619379528811981382 3669
1619379529008759867 6582
1619379529307977768 9310
1619379529337946549 4250
1619379529350140690 4080
1619379529391201974 4063
1619379529468455840 3980
1619379529528887660 4370
1619379529586742817 8431
1619379529882842809 3325
1619379529896830278 5860
1619379529910186401 4851
1619379529960564587 3654
1619379530184812191 3238
1619379530435980504 3730
1619379530521382380 3607
1619379530550345876 6034
1619379530660387335 6474
1619379530707197950 4114
1619379530869665042 3384
1619379531177157656 6940
1619379531718028011 3762
1619379531724288145 4212
1619379531837634201 3790
1619379531907733577 3896
1619379531926259761 3920
1619379531958704876 11416
1619379532023327821 3568
1619379532071077231 4471
1619379532129715433 4355
1619379532438311878 5063
1619379532624430864 2354
1619379533155609088 4056
1619379533268107872 4971
1619379533280760481 4386
1619379533344433890 5635
1619379533411869930 3611
1619379533430365286 4812
1619379533436819853 4363
1619379533634128661 4266
1619379533639695914 3510
1619379533668377256 6433
1619379533715468144 8038
1619379533728019954 4275
1619379533847109832 4049
1619379533985233666 3746
1619379534006710040 6483
1619379534046956722 3803
1619379534289750064 8061
1619379534430673627 3600
1619379534457486628 6880
1619379534595417904 4203
1619379534637903864 4782
1619379534741167914 4811
1619379535398905719 5624
1619379535458397203 4610
1619379535567865041 3682
1619379535616312772 2338
1619379535845183755 4732
1619379536059120876 3446
1619379536226666014 3337
1619379536309307819 3937
1619379536753008855 3695
1619379536765893044 4267
1619379536884462240 5077
1619379537044124002 4567
1619379537124419570 6984
1619379537149289834 4223
1619379537248306941 4034
1619379537280560538 3534
1619379537286345591 3691
1619379537446773152 4578
1619379537870207383 4199
1619379537883184482 5022
1619379537942612050 5186
1619379538563499155 4899
1619379538677266797 3906
1619379538909130325 4247
1619379539029437191 4689
1619379539305124714 4218
1619379539338803405 4229
1619379539662149120 5049
1619379539753734204 5387
1619379540065414579 4099
1619379540116550965 3311
1619379540449252887 3652
1619379540489429973 4609
1619379540639402397 4873
1619379540658872792 3549
1619379540663890979 2873
1619379540699666177 4382
1619379540895857846 4388
1619379540931793233 7666
1619379540977616282 4173
1619379541115770524 6146
1619379541134033632 3033
1619379541201717297 3955
1619379541230911833 5334
1619379541380424418 4258
1619379541462466439 3931
1619379541661645358 8375
1619379542034366844 3936
1619379542347835405 2920
1619379542368366387 3800
1619379542376610671 6118
1619379542453118331 3615
1619379542458603783 3369
1619379542605794812 4007
1619379542612670697 4775
1619379542680610010 4751
1619379542781828274 3642
1619379543114022856 2868
1619379543239387077 4625
1619379543423614490 4604
1619379543684442493 4281
1619379543692296131 5768
1619379543752810119 3728
1619379543790651399 4239
1619379543948506198 4631
1619379543983827600 3525
1619379544247330956 4502
1619379544267100252 4104
1619379544348871615 5183
1619379544383078802 5893
1619379544575646709 3629
1619379544656270154 3401
1619379544765831022 5040
1619379544863585489 3271
1619379545085392814 5811
1619379545091282328 3838
1619379545135733797 2821
1619379545233344072 3878
1619379545313574972 3491
1619379545431106750 7696
1619379545769011044 5416
1619379546326062435 4195
1619379546385047105 3438
1619379546719240555 6130
1619379546782548937 3262
1619379546865221721 5353
1619379547104646798 4084
1619379547201533329 3730
1619379547387209679 5116
1619379547480569253 3361
1619379547774479170 4798
1619379547849004639 4092
1619379548180557014 4956
1619379548268432695 3617
1619379548555032103 4467
1619379548579848873 9808
1619379548658618180 3794
1619379548752174347 4043
1619379548940043285 3370
1619379549013877170 4991
1619379549316041244 4047
1619379549659493709 5009
1619379549701736423 4204
1619379549947939543 3966
1619379550036721383 7040
1619379550122316909 4335
1619379550135958283 5407
1619379550299772382 4009
1619379550366674848 4107
1619379550402579068 5791
1619379550643505314 4414
1619379550852645209 4120
1619379551056877889 4612
1619379551167456499 3294
1619379551183634329 7595
1619379551195341430 3992
1619379551230221295 7400
1619379551694639097 5150
1619379551745815679 5836
1619379551891337239 4617
1619379552013953397 4573
1619379552115649014 5677
1619379552339854500 4066
1619379552375663054 4063
1619379552406958852 4531
1619379552443848590 3693
1619379552615625683 3502
1619379552633983734 4697
1619379552710568383 7892
1619379552874243919 5814
1619379553037206108 4647
1619379553071769585 4016
1619379553181980678 3083
1619379553553591216 5827
1619379553613546892 3989
1619379553879008803 5719
1619379553954126289 2179
1619379554010247557 5435
1619379554249809308 3293
1619379554341957197 4200
1619379554726706537 4088
1619379554904144857 4031
1619379555190814279 4494
1619379555292785571 4570
1619379555302127762 7295
1619379555643627206 3196
1619379555660533485 3555
1619379555684596460 8930
1619379555867795025 4423
1619379555979029213 6179
1619379556242254316 5500
1619379556320983166 4950
1619379556437841473 2887
1619379556540317738 5781
1619379556811270865 6793
1619379556976211697 3866
1619379557086438649 5271
1619379557090975709 2363
1619379557236547791 4680
1619379557290770744 5396
1619379557572908729 4642
1619379557641904635 4013
1619379557730703819 6883
1619379557856383010 4197
1619379558072318642 4369
