1619379767613122514 5068
1619379767728231573 6600
1619379767742705486 4417
1619379768200018615 9341
1619379768348892770 6959
1619379768414088422 5290
1619379768438889503 5877
1619379768495389470 6213
1619379768554161401 30424
1619379768755504243 23580
1619379769779624269 6085
1619379769955770778 51787
1619379769989424378 3584
1619379770088743917 6379
1619379770098709500 7862
1619379770107315218 6554
1619379770283284429 8059
1619379770472543453 6507
1619379770693677197 6022
1619379770956595088 41547
1619379771098852214 5093
1619379771281597109 7943
1619379771362152367 5626
1619379771681287436 4298
1619379772158528816 44820
1619379772190904755 4709
1619379772198802943 5795
1619379772655361846 26467
1619379772914736464 6107
1619379773098242218 8319
1619379773220832023 4855
1619379773910236049 5428
1619379773961274818 5290
1619379773977702967 4941
1619379774204724029 6650
1619379774656461008 27153
1619379774742152748 13760
1619379775422244990 7869
1619379775500957293 6632
1619379775516817178 5644
1619379775626439196 3230
1619379775999876582 6636
1619379776012134803 10223
1619379776255606329 5504
1619379776280414558 5772
1619379776756286466 21035
1619379776828389839 6279
1619379777079292837 5204
1619379777209250295 3967
1619379777530309589 6415
1619379777628105161 6895
1619379777688482568 5888
1619379777887715772 5638
1619379777926402662 4523
1619379778078408849 5305
1619379778137040317 7077
1619379778208073642 4655
1619379778462359704 4672
1619379778859802030 16116
1619379778899491891 5566
1619379778922002751 4750
1619379779006345811 7857
1619379779031667406 3658
1619379779384286866 4204
1619379779436866835 5843
1619379780067720815 4786
1619379780319795176 4408
1619379780326491410 4651
1619379780395945511 4660
1619379780627700975 5796
1619379781002300236 9256
1619379781409549481 5682
1619379781816378335 4532
1619379782061068732 3822
1619379782070533151 7341
1619379782394398250 3954
1619379782412137666 5108
1619379782534946627 5465
1619379782597277075 6023
1619379782739611975 4645
1619379782829491963 5866
1619379782899824412 4556
1619379784124878763 5200
1619379784285016004 9794
1619379784467489162 4613
1619379785073550258 4752
1619379785199763961 5352
1619379785323670116 4467
1619379785333022239 7322
1619379785392751784 4771
1619379785564321322 4784
1619379785624051552 3484
1619379785708501045 8658
1619379785762466550 5238
1619379785864164301 5258
1619379785896597712 5428
1619379785903552307 4823
1619379786127150184 4642
1619379786206825936 4352
1619379786496566849 4948
1619379786631491734 5834
1619379786784333249 5950
1619379786871738000 8152
1619379787082702163 7748
1619379787532088061 4029
1619379787634857436 4627
1619379787678233991 4561
1619379787867034447 5021
1619379788222283900 5919
1619379788361779849 4032
1619379788628343776 5144
1619379788851088698 6005
1619379788893980523 5851
1619379789310060490 5244
1619379789474438202 4046
1619379789538869353 6154
1619379789598492071 6278
1619379790252758449 8116
1619379790683119445 7718
1619379790708678041 4290
1619379790759630638 5179
1619379791200031167 7251
1619379791313605054 3994
1619379791455086212 27328
1619379791610784876 6821
1619379791703363652 10116
1619379791723469657 4879
1619379791803473157 4874
1619379791887016724 6164
1619379791964533276 5123
1619379791973261913 6573
1619379792166853537 4869
1619379792200633913 5827
1619379792503414293 7281
1619379792924649717 5893
1619379792977267540 4343
1619379793066198516 6308
1619379793076066455 7721
1619379793584103791 5399
1619379793764013370 5357
1619379793795860345 7839
1619379793871333225 5362
1619379793987487899 6813
1619379794125969319 7618
1619379794205871836 9676
1619379794292528777 6043
1619379794485888940 4266
1619379794505357068 5582
1619379794519552352 5778
1619379794710748036 6942
1619379794723735056 4310
1619379794730890539 5119
1619379795196733973 5174
1619379795285156586 4629
1619379795310558814 8367
1619379795373540220 4258
1619379795578910188 5498
1619379795964562556 7901
1619379796047868705 7895
1619379796699041729 4966
1619379796903133885 5424
1619379797150978433 9935
1619379797555641069 8507
1619379797772203701 5694
1619379797869836833 8861
1619379797981564696 9286
1619379798204730214 5879
1619379798501410158 7215
1619379798870886666 4089
1619379798909226916 3834
1619379799088106539 4342
1619379799209385592 6407
1619379799227973937 8606
1619379799522735827 5127
1619379799710679624 8686
1619379800065834245 4677
1619379800178219674 6837
1619379800281875532 5168
1619379801069101427 6375
1619379801192548672 10333
1619379801225132100 5256
1619379801285532680 5349
1619379801316364122 4336
1619379801333812125 4983
1619379801473234672 5357
1619379801925312739 5492
1619379801977610625 5321
1619379802100472669 5304
1619379802340406511 15391
1619379802446346789 6955
1619379802467532460 5633
1619379802922762976 15386
1619379802999271010 3272
1619379803007610354 6254
1619379803272205622 6600
1619379803528336569 6513
1619379803620518612 5407
1619379803703753275 6648
1619379803731321300 5060
1619379804069016078 7226
1619379804187571940 4479
1619379804194628353 4910
1619379804228526989 7344
1619379804324565314 3058
1619379804911421189 5334
1619379804957662397 8512
1619379805032532748 6207
1619379805154181404 16523
1619379805192280032 5295
1619379805258407587 7167
1619379805672883198 4412
1619379806162247068 4823
1619379806459844014 25510
1619379806565573879 4609
1619379806958824545 6454
1619379807055170845 5089
1619379807530884768 5793
1619379807555734221 14911
1619379807684296992 6207
1619379807949868127 2711
1619379807991354462 6138
1619379808038350448 7806
1619379808324000589 4825
1619379808729468836 5095
1619379808782979242 6023
1619379808890867936 3928
1619379809036946608 5677
1619379809303613844 6345
1619379809494906064 5390
1619379809631450119 4340
1619379809810427409 8537
1619379810325456948 4769
1619379810672973221 5805
1619379810789086393 4347
1619379810884390306 3894
1619379810917632932 7648
1619379811057942313 7168
1619379811168463133 6844
1619379811623059664 5587
1619379811632234472 7014
1619379812122255380 3578
1619379812231443295 6152
1619379812272686106 6494
1619379812281249569 6368
1619379812495696996 4327
1619379812621814677 6545
1619379812848431776 7319
1619379812867648250 4317
1619379813005837871 5128
1619379813012946077 4972
1619379814291644536 7938
1619379814306162783 4656
1619379814381427556 8148
1619379814499024185 6510
1619379814587395585 5227
1619379814594632842 5186
1619379814813592295 9711
1619379814888129989 4715
1619379815125170064 4846
1619379815143894159 7711
1619379815212251321 9816
1619379815365426599 5118
1619379815490247079 6727
1619379815845538929 5268
1619379816012182544 5352
1619379816216814490 6145
1619379816397428622 5081
1619379816843032913 5739
1619379816890399283 6961
1619379817034959208 7201
1619379817153359634 11641
1619379817390939289 4845
1619379817523402305 6344
1619379817781442493 11528
1619379817878032034 5769
1619379817901857091 5800
1619379817949308276 4441
1619379818231606714 7068
1619379818465203464 5388
1619379819104762014 4724
1619379819192986422 5667
1619379819379103387 5117
1619379819570002657 4276
1619379819633711800 6021
1619379819654139775 18346
1619379819735827617 5884
1619379819877126030 5496
1619379819992665042 5131
1619379820000151752 5371
1619379820641612615 5134
1619379821169078233 6747
1619379821213515959 11609
1619379821327463097 4869
1619379821992263620 6736
1619379822135363386 6809
1619379822205180134 7631
1619379822220597552 5925
1619379822377144281 4706
1619379822429678043 6194
1619379822501478861 6970
1619379822599056189 6398
1619379822881026769 9432
1619379823056755011 15165
1619379823267071162 4927
1619379823339690355 6407
1619379823537825190 4942
1619379823646582031 6863
1619379823691442371 5862
1619379823840311707 4991
1619379824243918756 6633
1619379824915617131 4627
1619379825410426521 3596
1619379825446968977 16448
1619379825575587609 5972
1619379825825995102 5121
1619379826270294680 6173
1619379826302842293 4452
1619379826357234401 11037
1619379826466728478 5452
1619379826676963893 4416
1619379826716442545 6157
1619379827163696412 6563
1619379827170089833 4305
1619379827239433421 5469
