1619036693627129833 5444
1619036694154567252 6962
1619036694210951698 5349
1619036694828265675 5514
1619036694956312283 25817
1619036695039609462 11055
1619036695156343998 28390
1619036695861820771 4462
1619036695886706378 5342
1619036695959503170 41395
1619036696021093339 5156
1619036696257898555 36772
1619036696395517377 5314
1619036696770701978 6869
1619036697210863943 5243
1619036697516009882 7491
1619036697523989865 5851
1619036697592842758 6203
1619036697707166145 6465
1619036697857750757 25677
1619036698065045835 3819
1619036698693657860 5006
1619036699046417154 10143
1619036699088616536 5167
1619036699202245450 7631
1619036699370312987 3687
1619036699443123574 9554
1619036699481327808 8283
1619036699501761528 7948
1619036699515783697 11937
1619036699622972350 10412
1619036699699548429 3436
1619036699736061214 4415
1619036699834779201 10273
1619036699930499601 5490
1619036699968808673 4385
1619036700237116739 7433
1619036700337057405 4719
1619036700408144697 8591
1619036700599963908 12383
1619036700938951040 3327
1619036700945922901 4943
1619036701110984544 7064
1619036701131529867 6039
1619036701799025057 7198
1619036701808137434 6987
1619036701828009969 8523
1619036702126470679 7254
1619036702173448798 5574
1619036702333355090 6607
1619036702364948449 4472
1619036702800495397 7308
1619036702881840658 5407
1619036703035785516 8583
1619036703146511919 6000
1619036703263950906 4705
1619036703337948571 9092
1619036703695413426 6948
1619036703856326400 7758
1619036704181328432 3755
1619036704208790225 7738
1619036704353292652 6174
1619036704490633829 8413
1619036704589511858 5754
1619036704645378517 6530
1619036704948955743 7022
1619036705103686932 9166
1619036705477877196 8960
1619036705653465333 8065
1619036705780315931 7864
1619036705866430535 6696
1619036705983796644 7732
1619036705994962796 8961
1619036706117170582 9257
1619036706673619677 3743
1619036706680401935 4750
1619036706781148532 4248
1619036706798854544 7990
1619036706891221537 5457
1619036707009603635 9810
1619036707495055500 9295
1619036707682975258 3855
1619036707919122691 6332
1619036707960341666 4826
1619036708225608324 10446
1619036708271613951 5156
1619036708341986924 3883
1619036709067552800 5159
1619036709189314681 5564
1619036709224308901 7727
1619036709260536506 9897
1619036709390772904 5620
1619036709639063270 7334
1619036709864109208 3559
1619036710121876891 7383
1619036710285390331 3135
1619036710365805867 6480
1619036710459598411 8500
1619036710558279892 14320
1619036710693649458 7298
1619036710749256226 8378
1619036710768592847 5304
1619036710978225626 6153
1619036711158309167 5104
1619036711411418493 7184
1619036711834768819 7196
1619036712125490509 6635
1619036712317412727 6258
1619036712764341211 3968
1619036713707946164 8622
1619036713857721538 15438
1619036714138421772 7640
1619036714670250811 5894
1619036715007278109 7816
1619036715019172587 9797
1619036715028480140 7261
1619036715500557791 8691
1619036715757932837 11829
1619036716004783059 10193
1619036716027209998 9355
1619036716079580188 6985
1619036716161821502 10308
1619036716215123439 9331
1619036716445767278 10193
1619036716582827932 5620
1619036716738567581 10534
1619036716884554441 8931
1619036717006863577 4522
1619036717092056255 9463
1619036717258498873 16438
1619036717265633476 5082
1619036717395041553 6285
1619036717482649556 7599
1619036717531953615 5375
1619036717819089499 7199
1619036717946455477 7373
1619036718358721239 19635
1619036718456466267 13680
1619036718728925332 6979
1619036719137046399 9498
1619036719170549106 12702
1619036719480936945 7505
1619036719511339639 7718
1619036719767699008 12147
1619036720005744796 10026
1619036720443174524 8588
1619036720535302614 7737
1619036720576900104 5828
1619036720720493350 6507
1619036720816543305 8462
1619036721231243130 7647
1619036721388776944 6453
1619036721476507915 5379
1619036721512329242 7045
1619036721610019470 7829
1619036721635327140 7565
1619036721837552909 5953
1619036721916752372 5103
1619036722030848221 7487
1619036722707450976 10283
1619036722764868273 5743
1619036723295312900 8345
1619036723329096733 11394
1619036723337255573 6051
1619036723467661859 4492
1619036723591188361 6281
1619036723730715797 6716
1619036723955400316 5719
1619036723990398651 7690
1619036724122109684 7257
1619036724511543847 7582
1619036724743817479 6911
1619036725028885464 5905
1619036725156361427 30578
1619036725375712949 5301
1619036725618927857 4597
1619036725645375053 8235
1619036725998392596 8452
1619036726037495195 6292
1619036726105904978 8735
1619036726628433718 5331
1619036726703735599 8236
1619036726957607906 20182
1619036727130503903 5666
1619036727308822184 6655
1619036727429942941 7996
1619036727520525244 8243
1619036727957464617 7015
1619036728212537146 9340
1619036728485407925 5854
1619036728566060666 5157
1619036728669431187 4834
1619036728707030008 10978
1619036729811817720 8872
1619036729929882245 9410
1619036730171351221 5032
1619036730177706984 4218
1619036730669352243 4176
1619036731026088683 5716
1619036731068228515 5372
1619036731539640910 7309
1619036731713342522 14907
1619036731774104613 7563
1619036732028259835 6390
1619036732271545034 3755
1619036732306780314 7458
1619036732764659377 5151
1619036732814703666 11876
1619036732835429260 9231
1619036733542210942 7982
1619036733771359029 5235
1619036733779024872 5614
1619036733856379937 13124
1619036733872899751 7775
1619036733978459405 10017
1619036734008063625 8787
1619036734422765084 7693
1619036734472249891 3702
1619036734718641530 10226
1619036734809155203 8043
1619036735073907017 5975
1619036735221212823 4340
1619036735229075453 5710
1619036735248596254 8627
1619036735701275235 4328
1619036735753499846 9031
1619036736194195539 3825
1619036736372096940 4571
1619036736792523984 7309
1619036737016999875 7966
1619036737309647398 8784
1619036737389007429 3223
1619036737470760927 9462
1619036738068278882 5903
1619036738135205037 6485
1619036738262912315 4618
1619036738423602510 8206
1619036738674614712 5437
1619036738996192652 5706
1619036739628604104 7708
1619036740180144944 5344
1619036740905998859 9567
1619036741100703371 8221
1619036741158089954 9802
1619036741168820111 8619
1619036741335704791 6754
1619036741391134080 6770
1619036741674962870 6738
1619036741718081047 5039
1619036741744388517 7322
1619036741816473580 9144
1619036742058523436 5348
1619036742065760287 5194
1619036742227269002 7887
1619036742568246221 5221
1619036742832207281 10570
1619036742841175694 6840
1619036742965241551 3184
1619036743175432704 9400
1619036743328957344 8099
1619036743597572703 5047
1619036743615921548 7668
1619036743713406871 8667
1619036743720097169 4586
1619036743779506724 6857
1619036743872915766 5572
1619036744304836113 8954
1619036744443579570 8696
1619036744885202916 5428
1619036744959232467 12074
1619036745362637670 35875
1619036745795613678 3844
1619036746599495506 5268
1619036746607735254 6120
1619036746666190446 5416
1619036746961876036 5299
1619036747021274592 6383
1619036747086552628 8549
1619036747112881664 5397
1619036747200947784 7265
1619036747418790283 8484
1619036747465254388 4457
1619036747808679417 11375
1619036748158420619 12335
1619036748460642612 17219
1619036748492686573 3671
1619036748576424065 5841
1619036748953550571 8463
1619036749052855859 9131
1619036749157785452 10239
1619036749740273552 7878
1619036750212458662 7149
1619036750297875173 7659
1619036751171376770 4730
1619036751695267103 6256
1619036751911912673 8888
1619036752177262300 5051
1619036752458237169 8137
1619036752680447348 5430
