1619036906038564247 5411
1619036906170455310 6703
1619036906264582536 6705
1619036906295110210 3155
1619036906303465737 6219
1619036906384639311 5362
1619036906418948752 5423
1619036906647342635 5860
1619036906810131419 6429
1619036907104380294 2858
1619036907164945426 4252
1619036907208968989 5132
1619036907974976259 6064
1619036908017470236 6079
1619036908101086068 5021
1619036908411401598 3221
1619036908419326065 5786
1619036908466554962 7025
1619036908922560790 6526
1619036908991914661 3958
1619036909080010804 4007
1619036909289478817 5056
1619036909488353411 7025
1619036909610367858 5536
1619036909714820955 4905
1619036909807975289 6072
1619036910002113611 4935
1619036910563328296 4004
1619036910687929470 5986
1619036910701906361 5240
1619036910886485806 4735
1619036911059517132 15416
1619036911304341329 3928
1619036911326029230 5660
1619036911552073179 4930
1619036911765654205 5185
1619036911873738301 3394
1619036912133549836 4614
1619036912285202363 9560
1619036912683328129 5530
1619036913370722464 3700
1619036913526723949 7185
1619036913612256453 5033
1619036913689195497 7644
1619036913700543290 9252
1619036914114500719 4703
1619036914131112116 6970
1619036914220031433 6356
1619036914380633080 6880
1619036914450051194 7671
1619036914657050091 3854
1619036914779330064 9183
1619036914791046850 9606
1619036914817813371 9136
1619036914889841035 9131
1619036915270522043 4153
1619036915311622729 4985
1619036915362905444 6879
1619036915404041021 6202
1619036915559041598 7377
1619036915664693235 3868
1619036915677212093 3972
1619036915806472114 4849
1619036916114201657 8099
1619036916385772150 4261
1619036916403628546 8220
1619036916456911299 8844
1619036916488492151 8795
1619036916775058015 9566
1619036916914675656 5567
1619036917165241063 3900
1619036917366422215 10993
1619036917571629666 4354
1619036917884787633 5965
1619036918179382499 6810
1619036918374421751 6708
1619036918707326315 5788
1619036918873648643 3943
1619036919133169128 3937
1619036919189522051 7455
1619036919234699928 11040
1619036919349947838 9166
1619036919512731756 8408
1619036919546174083 5362
1619036919564138017 7652
1619036919981846774 7745
1619036920063692520 9135
1619036920334482359 8582
1619036920344203198 7617
1619036920925792807 6165
1619036920944589762 7222
1619036921067335866 5598
1619036921301624505 8831
1619036921535438653 8969
1619036921597458517 4543
1619036921666557633 4689
1619036922467159830 4312
1619036922493767444 7735
1619036922569361260 3679
1619036922590159945 5427
1619036922672003298 5662
1619036922810057833 12208
1619036922893115701 3781
1619036923586685789 6675
1619036923819474874 3417
1619036924326806109 5379
1619036924574870119 5755
1619036924633419818 7465
1619036924763209074 3768
1619036924858842849 14937
1619036925055451188 11175
1619036925768148400 3683
1619036925992971137 5314
1619036926076404481 5953
1619036926115396762 4580
1619036926232768513 6864
1619036926392881796 3720
1619036926773748408 4860
1619036926821654296 5657
1619036927366140477 3906
1619036927693320477 10294
1619036927830104252 5086
1619036927985977103 6499
1619036928208284796 7971
1619036928460024274 26086
1619036928645989843 3714
1619036928744442214 4338
1619036929317933543 11294
1619036929358797433 15682
1619036929613611182 8412
1619036929647755045 6183
1619036930071137403 5167
1619036930147519388 8941
1619036930258891565 20321
1619036930594194114 7197
1619036930669878565 5616
1619036930682784870 4429
1619036931154966100 7854
1619036931164053152 6936
1619036931182045619 3674
1619036931593066354 8418
1619036931849778026 6191
1619036932227303733 10379
1619036932273413996 5859
1619036932329745260 7514
1619036932364531687 3918
1619036933267469034 3570
1619036933273290454 3710
1619036933286432975 4885
1619036933560169591 16498
1619036933751305606 7152
1619036933962638802 9731
1619036934356782301 7620
1619036934435737485 6385
1619036934501355437 5902
1619036934692438799 8869
1619036934787634382 4468
1619036934835082916 7255
1619036934914202457 3689
1619036935026318353 5881
1619036935459297360 8854
1619036935618513853 10476
1619036936191813982 6230
1619036936484234242 5011
1619036937020552827 7100
1619036937374860381 4981
1619036937399486936 5813
1619036937427670265 7319
1619036937704109102 6927
1619036937837307004 6936
1619036938038740107 4260
1619036938369899756 4907
1619036938392645855 5016
1619036938529865977 8782
1619036938611916930 11954
1619036939501997396 9636
1619036939682015403 2921
1619036939702450401 5956
1619036940303192843 6384
1619036940407545910 7895
1619036940481355777 5167
1619036940681285218 4611
1619036941010787689 10891
1619036941572669683 3957
1619036941775541767 4908
1619036941882469417 7575
1619036942402560715 7710
1619036942689797582 9705
1619036942738001721 3588
1619036942912069830 3765
1619036943121187276 5608
1619036943150041956 5535
1619036943196433368 6726
1619036943251637734 9495
1619036943620543797 3338
1619036944064882522 3752
1619036944076606035 3271
1619036944409676976 7735
1619036944489852760 5172
1619036944864371721 9047
1619036945076537885 6820
1619036945098895369 8823
1619036945220735465 7173
1619036945341924817 8635
1619036945381293769 4880
1619036945533195098 7678
1619036945904407639 3809
1619036946339184011 6190
1619036946631609428 6072
1619036946676875658 5605
1619036946710593236 7962
1619036947365082473 3920
1619036947678669627 6264
1619036947804040367 3944
1619036947919529750 5200
1619036947926753078 5087
1619036948098139369 5773
1619036948287838287 7247
1619036948294691397 4702
1619036948391118685 7974
1619036948879841663 8821
1619036948933000300 8707
1619036949354013783 5054
1619036949442613762 7797
1619036949467244052 10887
1619036949578359363 5817
1619036949691068818 3950
1619036949815216090 7916
1619036949916601045 6689
1619036949978731810 4212
1619036950027526301 5994
1619036950189445102 4305
1619036950211324183 11933
1619036950223854705 3072
1619036950264315382 3981
1619036950612766538 9360
1619036950644468814 7619
1619036951055314404 17233
1619036951365854783 5095
1619036951401438825 4196
1619036951514168129 7318
1619036951764413872 4448
1619036951821150593 5486
1619036951838427782 7264
1619036951942039218 5273
1619036952165534235 9826
1619036952286473158 4094
1619036952347927867 8300
1619036952427644436 8140
1619036952846266263 5939
1619036952866854358 3633
1619036952931677467 6833
1619036953081858544 6201
1619036953221775739 6530
1619036953291579070 5603
1619036953805235692 6214
1619036953903567741 6763
1619036954063367486 4914
1619036954467695059 3635
1619036954594912034 6981
1619036956394847638 8865
1619036956614814801 5032
1619036957078704463 4602
1619036957194174369 6578
1619036957857595685 12125
1619036957887771890 5205
1619036958174727032 3900
1619036958465816438 4170
1619036958977253685 4555
1619036959248264377 4339
1619036959450761846 7602
1619036959478708378 4636
1619036959581466457 7233
1619036960143276630 7589
1619036960244232477 9123
1619036960429337144 8559
1619036960757259169 14691
1619036961311530116 5461
1619036961354364246 10458
1619036962330291193 6832
1619036962341035139 8602
1619036962492176071 3992
1619036962596291543 11192
1619036962738240202 7638
1619036962828145014 10790
1619036962912324887 7174
1619036962921425217 6992
1619036963147749134 9222
1619036963644176968 12910
1619036963734232053 6668
1619036963798100573 5311
1619036963854518624 8614
1619036963876988954 6136
1619036963902892723 8349
1619036963956090364 12396
1619036963973276708 8464
1619036964462764080 10135
1619036964743829900 8251
1619036964767638308 4649
1619036964840765321 4255
1619036964858112280 8951
1619036965215757834 4670
1619036965612720324 7087
1619036965630230908 4232
1619036965688074614 9792
