1654835518951548310 0
1654835523954509867 0
1654835528959698464 0
1654835533964859162 0
1654835538970005608 0
1654835543975173890 0
1654835548979368331 17
1654835553984485197 236
1654835558989369759 231
1654835563994427841 238
1654835568999385956 206
1654835574004418128 203
1654835579009356347 217
1654835584014382975 211
1654835589019525588 214
1654835594022414393 204
1654835599027397109 212
1654835604032551143 196
1654835609037806997 226
1654835614042384206 218
1654835619047368408 222
1654835624052375268 213
1654835629057643786 221
1654835634062365616 208
