1655075612522642543 6
1655075613524054861 9
1655075614525241530 9
1655075615526402702 11
1655075616528068300 9
1655075617528386258 9
1655075618529623098 12
1655075619530397010 9
1655075620531554019 9
1655075621532695429 10
1655075622533866961 10
1655075623535089734 12
1655075624536198590 13
1655075625537371779 9
1655075626538523850 10
1655075627539719767 12
1655075628540892409 10
1655075629541367468 10
1655075630542713382 10
1655075631543395583 9
1655075632544367563 11
1655075633545543995 8
1655075634546805597 8
1655075635548274548 11
1655075636549651148 11
1655075637550831565 11
1655075638551400182 10
1655075639552596565 9
1655075640553781319 11
1655075641554934995 11
1655075642556144156 9
1655075643557364568 9
1655075644558704680 12
1655075645559892408 9
1655075646561066283 13
1655075647562233393 9
1655075648562373163 10
1655075649563588091 13
1655075650564394003 11
1655075651565575704 12
1655075652566626215 10
1655075653567769697 9
1655075654568400771 8
1655075655569588301 10
1655075656570903399 11
1655075657571396740 10
1655075658572546456 13
1655075659573710274 11
1655075660574860903 7
1655075661576035015 7
1655075662577271963 14
1655075663578402882 9
1655075664579408167 9
1655075665580696397 9
1655075666581853191 10
1655075667582394362 12
1655075668583551384 11
1655075669584534593 11
1655075670585700287 11
1655075671586850726 12
1655075672587380956 8
1655075673588441135 12
1655075674588890571 9
1655075675590154033 12
1655075676590399808 9
1655075677591559582 9
1655075678592383398 12
1655075679593534075 9
1655075680594697440 9
1655075681595870705 11
1655075682596966458 9
1655075683598276426 11
1655075684599394066 12
1655075685600394842 12
1655075686600792807 8
1655075687602190599 9
1655075688603530863 12
1655075689604687625 13
1655075690606123703 9
1655075691607385508 11
1655075692608537673 12
1655075693609693492 12
1655075694610389716 10
1655075695611387990 13
1655075696612635501 13
1655075697613871636 11
1655075698615113743 8
1655075699616490356 12
1655075700617639711 9
1655075701618424957 12
1655075702619410081 3
