1655951089190328484 685033
1655951089780272504 281234
1655951090280335512 197223
1655951090980260024 483283
1655951091780081151 484783
1655951092586469149 399638
1655951093686158448 791794
1655951094585298277 604035
1655951095298736281 508481
1655951096077737739 495619
1655951096686919690 399508
1655951097192657257 296545
1655951097693531452 296327
1655951098585292806 599124
1655951099203259435 405501
1655951100084722719 603589
1655951100980820113 581341
1655951101600652317 415496
1655951102300621737 419894
1655951102982106609 400648
1655951103785016060 590590
1655951105001328848 709669
1655951105988680273 703260
1655951106691481713 497053
1655951107284933363 379245
1655951107799100562 302086
1655951108489288414 393135
1655951109192176939 497997
1655951109989558399 402568
1655951110694709203 494916
1655951111199646893 216688
1655951111693324115 214228
1655951112080693778 183260
1655951112798045257 415099
1655951113388270079 384974
1655951114280942752 688241
1655951114604302371 118009
1655951115290274961 409571
1655951115994221647 394475
1655951116589529114 387272
1655951117301276383 507275
1655951117981084528 390936
1655951118495635617 201741
1655951119277234974 481830
1655951120189526903 702070
1655951120491545169 97329
1655951120901188223 205209
1655951121780996803 675373
1655951122289291033 303566
1655951123080525500 498803
1655951123700346259 415518
1655951124193065762 289004
1655951124896082310 487182
1655951125492479315 306059
1655951126877286134 1078820
1655951127585830194 402871
1655951128294302103 504072
1655951128794092084 295451
1655951129894627097 494454
1655951130793519696 691937
1655951131786934190 691910
1655951132695092701 703436
1655951133481562185 479521
1655951134198371921 512627
1655951135097849047 617961
1655951135687247608 209123
1655951136298391361 401075
1655951136981852104 480756
1655951137793219302 508931
1655951138481859169 483559
1655951139089804097 309361
1655951139900670192 509709
1655951140893289529 700101
1655951141796389801 609423
1655951142589043944 402820
1655951143789454704 801974
1655951144301234403 210666
1655951144990454360 405393
1655951145902452787 608976
1655951146593513682 401420
1655951147401555832 500507
1655951148185685902 487321
1655951148800918595 307083
1655951149889011943 486733
1655951150382395092 184869
1655951150794191842 112925
1655951151595472632 492220
1655951152398512181 516936
1655951154288938309 1488650
1655951154879856717 386606
1655951155492020829 403317
1655951156100627763 403528
1655951156896273351 512696
1655951157593679821 489068
1655951158598218861 602754
1655951159492677771 610267
1655951160381398841 502057
1655951162182961849 1590836
1655951162782075310 392081
1655951163578471285 501150
1655951164098576829 309026
1655951164797204659 414694
1655951165393606422 391652
1655951166280097593 402227
1655951166901898203 416296
1655951167489970306 309046
1655951168279307304 478523
1655951168888265453 299711
1655951169777141374 683794
1655951170784167443 802155
1655951171283779130 295165
1655951171986106709 498010
1655951172585269877 286208
1655951173297383301 415839
1655951174198132258 609361
1655951175398307441 906977
