1655951323185523780 369922
1655951323690941556 295696
1655951324103247847 206852
1655951324682055328 301131
1655951326280792213 1373330
1655951326786761009 296104
1655951327196621960 203596
1655951327489876191 10232
1655951327782960619 88738
1655951328089214415 103009
1655951328377132842 83865
1655951328688180561 106481
1655951328993854663 101331
1655951329386279677 178143
1655951329697716384 99527
1655951330182671943 189133
1655951330407990100 20740
1655951330784319341 103155
1655951330997448040 10190
1655951331384301525 182736
1655951331800055490 211178
1655951332102072351 97776
1655951332405368527 25945
1655951332802118059 120220
1655951333288708296 194961
1655951333580139652 81537
1655951333897168405 111625
1655951334282388220 180110
1655951334784821446 201188
1655951335189466698 200092
1655951335412065199 11200
1655951335882245768 201293
1655951336193692500 107225
1655951336488449040 84629
1655951336885199653 186830
1655951337399230367 302170
1655951337886836966 207806
1655951338281747923 189658
1655951338506672914 21923
1655951338982396369 193589
1655951339504222828 308446
1655951340079912087 294681
1655951340584565768 299201
1655951341087908147 285687
1655951341315261773 22696
1655951341593634460 14128
1655951341893244118 94796
1655951342400048301 302200
1655951342889207044 284499
1655951343482055375 299286
1655951343699724980 13002
1655951343999447870 95483
1655951344223547063 21274
1655951344492056641 64514
1655951344901480285 201725
1655951345489170353 379451
1655951345984040768 290243
1655951346381030438 192314
1655951346795639915 210003
1655951347077176835 73601
1655951347397272953 113802
1655951347879189833 193602
1655951348288037863 186450
1655951348589351482 95960
1655951348904673506 111218
1655951349385051063 197156
1655951349611770753 15736
1655951349999688201 118348
1655951350497157656 287143
1655951350985162451 282942
1655951351397004835 200133
1655951351621432808 19821
1655951352008669746 127894
1655951352484339990 194767
1655951352792203311 103876
1655951353185782088 105935
1655951353579811539 188433
1655951353794540354 10233
1655951354293786388 292342
1655951355709965032 1209344
1655951356103291118 111231
1655951356402018432 21189
1655951356905218426 220625
1655951357293764386 114158
1655951357518474079 20561
1655951357789907418 67242
1655951358197147879 201927
1655951358590266069 189839
1655951359003663726 208411
1655951359413972077 135280
1655951359700213847 83280
1655951359987750698 83764
1655951360286430899 94034
1655951360592206806 88703
1655951360984974143 188033
1655951361404512199 208711
1655951361884103907 204276
1655951362295175611 203852
1655951362796230425 292155
1655951363281066546 280959
1655951363591134964 107128
1655951363806074424 12025
1655951364094500818 85189
1655951364400257892 101196
1655951364699223888 94230
1655951364999720797 94690
1655951365298163478 92523
1655951365686713863 179696
1655951365982936950 91680
1655951366304132954 111889
1655951367635544309 1054270
1655951367908601052 30711
1655951368281918607 94826
1655951368686203812 197841
1655951369080052044 189033
1655951369305341200 20703
1655951369695332655 114328
1655951370207097572 304610
1655951370486851723 75180
1655951370880885355 189532
1655951371207779106 124082
1655951371481162844 69158
1655951371784591069 98492
1655951372089211467 99836
1655951372378862751 81424
1655951372879882911 288314
1655951373289453549 205273
1655951373693883683 201665
1655951374189455766 211885
1655951375608597563 1198905
1655951376092414976 279403
1655951376512169552 214444
1655951376901383985 120341
1655951377288150759 181803
1655951377689252053 196702
1655951377911643856 19691
1655951378206769283 26090
1655951378490303813 79023
1655951378794954383 99239
1655951379098173886 98501
1655951379502249490 199315
1655951379889762258 108773
1655951381300201080 1112357
1655951381789602836 208335
1655951382304424377 310342
1655951382690865329 181460
1655951383084035350 189294
1655951383485074546 196214
1655951383779203911 84239
1655951384205452116 222049
1655951385604738551 1195029
1655951385979904328 169574
1655951386290094763 107378
1655951386509900814 12101
1655951387826238788 1044916
1655951388182265337 101141
1655951388500726736 114072
1655951388896037739 115114
1655951389291928946 188953
1655951389585244602 88238
1655951389897358622 105814
1655951390304413571 200808
1655951391588447638 1080876
1655951391994201910 201230
1655951392299626405 101996
1655951392686255551 105100
1655951393091486976 200263
1655951393387611769 91980
1655951393778901384 179487
1655951394090031174 106041
1655951394484256997 189586
1655951394903371345 214592
1655951395202468219 90162
1655951395596679682 105377
1655951396078390314 273651
1655951396296012428 14870
1655951396693083955 109161
1655951397097038929 199482
1655951397581611176 275375
1655951397901485689 114607
1655951398198265823 16910
1655951398680119824 277793
1655951399233959792 345486
1655951399498682581 59920
1655951399785966970 84561
1655951400003342454 14487
1655951400223404519 16727
1655951400590071599 108698
1655951400985365272 184390
1655951401209366744 12135
1655951401504502150 21692
1655951401896336087 98843
1655951402182215873 79342
1655951402487773213 99660
1655951402800826019 101094
1655951403182597885 176534
1655951403579032676 175674
1655951403986264155 202382
1655951404488066705 297131
1655951405002802067 302868
1655951405498479551 218802
1655951405797760109 93974
1655951406180983881 99619
1655951406599498167 209299
1655951406999268897 120617
1655951407301965308 21456
1655951407699366196 118775
1655951408182056767 277574
1655951408492941321 105413
1655951408792570322 93544
1655951409100624855 103862
1655951410323616068 1019934
