1655951792484846919 361736
1655951792989379486 293654
1655951793600789308 400299
1655951793983929493 102655
1655951794693606378 505499
1655951795684129697 686216
1655951796180032202 290678
1655951796578851997 193995
1655951797034198459 249681
1655951797333852950 95176
1655951797586397956 47566
1655951797995997810 193233
1655951798586156884 288281
1655951799087946075 285657
1655951799684283958 384949
1655951800188966689 294903
1655951800785433661 306595
1655951802782509382 1786351
1655951803188218707 197014
1655951803584441257 192014
1655951804079399148 281128
1655951804601987775 219851
1655951805579941120 602166
1655951807188410286 1391276
1655951807689193009 285708
1655951808032061166 45334
1655951808391583108 92758
1655951809782945559 1182575
1655951810330283773 340902
1655951811922363115 1328515
1655951812289801265 107945
1655951812888216306 394147
1655951813384087762 285115
1655951813928313965 339343
1655951814479360178 298017
1655951815195904234 507353
1655951815890857784 487523
1655951816193052362 96581
1655951816480713420 83363
1655951816781446246 96372
1655951817010361216 24388
1655951817399360639 118342
1655951819088405436 1205676
1655951819690370264 313071
1655951820197454934 298209
1655951820501544013 16124
1655951820895940116 114714
1655951821337993504 237083
1655951824788716184 3207478
1655951825385426069 305009
1655951825929349946 323790
1655951826403726291 264353
1655951826904638822 223589
1655951827988603137 692581
1655951828693647999 495134
1655951830179813472 1281694
1655951830501568470 114695
1655951830990432883 209607
1655951832000821357 717825
1655951832532290853 252295
1655951832793925843 55963
1655951833087720916 91041
1655951833489020920 193236
1655951834787004235 1087701
1655951836882620484 1891039
1655951837602422117 514614
1655951838293862438 399985
1655951839985408697 1304323
1655951840586353930 308316
1655951842089779529 1298540
1655951843703411664 1326243
1655951845147351543 1227047
1655951845431153020 78472
1655951845704473632 23263
1655951846034495751 53769
1655951846701473103 407226
1655951847099614108 104166
1655951848500226048 1111548
1655951849292012685 580850
1655951849893531058 396125
1655951850301452477 194427
1655951850518796998 13112
1655951850791725575 68533
1655951851187846049 189854
1655951851580040625 186941
1655951855185881426 3398087
1655951855487772109 95605
1655951856090103921 397966
1655951857581832720 1287210
1655951859183696752 1295616
1655951859800467752 409792
1655951860393752285 304134
1655951861101393905 301619
1655951861784294550 382504
1655951862279818413 288527
1655951863786991636 1296358
1655951864101381248 111370
1655951864695043934 314042
1655951865380532637 481040
1655951865877303824 291749
1655951866296326457 209646
1655951866596495690 16558
1655951868083169885 1281133
1655951869716164474 1416910
1655951871003563490 1079533
1655951874604919351 3319820
1655951875080354299 199328
1655951875303623154 18165
1655951875521114610 9712
1655951875986274453 195566
1655951877283897671 1088489
1655951877686427810 198408
1655951878293470366 403088
1655951878879450740 276934
1655951879196010826 105009
