133295993460140 0
133296994717734 0
133297995913901 0
133298996618695 0
133299997797948 0
133300999046424 0
133302000258504 0
133303000609122 0
133304001589798 0
133305002574582 0
133306004570278 0
133307005708971 0
133308006855524 0
133309007997900 0
133310009141433 0
133311009700845 0
133312010895528 0
133313012088184 0
133314013337391 0
133315014524072 0
133316015684438 0
133317016824468 0
133318017576914 0
133319018789853 0
133320019446338 0
133321020952559 0
133322022131825 0
133323023320081 0
133324024658297 0
133325024963769 0
133326026142583 0
133327027378558 0
133328028557091 0
133329029714542 2
133330030900791 27
133331031603154 52
133332032886548 53
133333034072933 54
133334034604121 53
133335035763241 50
133336036846325 52
133337037859300 45
133338039014732 49
133339039602321 50
133340040971163 55
133341041771638 47
133342042931165 49
133343044140042 50
133344045464853 51
133345046715305 55
133346048191454 47
133347049489296 53
133348050701202 56
133349051923381 51
133350053099990 52
133351053579244 51
133352055070280 52
133353056342807 55
133354057740899 55
133355058960548 48
133356059859746 50
133357061062691 48
133358062231232 55
133359063557073 54
133360064559864 51
133361065611617 52
133362066577733 51
133363067552847 51
133364068607450 50
133365069576416 52
133366070665248 52
133367072038894 54
133368072606361 54
133369073613910 55
133370074598293 49
133371075571002 50
133372076587311 49
133373077601547 48
133374078663909 54
133375079583214 48
133376080586760 52
133377081625971 52
133378083555334 52
133379084590711 48
133380085560757 51
133381086535820 43
133382087542962 52
133383088553437 47
133384089577364 46
133385090598430 49
133386091748358 52
133387092573456 49
133388093681299 45
133389094865969 52
133390095726319 54
133391096638857 53
133392097840125 52
133393098637366 50
133394099849862 54
133395100627459 48
133396101577410 51
133397102624732 44
133398103778447 52
133399104757458 51
133400105638913 50
133401106667716 46
133402108716068 55
133403109596168 49
133404110586017 54
133405111690987 53
133406112893174 54
133407113572077 53
133408114753060 52
133409115917283 54
133410116595424 47
133411117762527 51
133412118574023 45
133413119715934 50
133414120956077 51
133415121739749 48
133416123027761 53
133417123767632 51
133418124924419 46
133419126069630 52
133420127296884 56
133421127594383 48
133422128558642 51
133423129926874 51
133424130667912 54
133425131848899 54
133426133025416 53
133427133581750 51
133428134882350 55
133429135609399 49
133430136757840 52
133431137572194 47
133432138654799 52
133433139579326 53
133434140791804 52
133435141681936 53
133436142588578 44
133437143743753 50
133438144598341 51
133439145593924 53
133440146611290 56
133441147808658 48
133442148656540 48
133443149597199 51
133444150626138 51
133445151990917 54
133446152634138 50
133447153746282 50
133448154751559 52
133449155998655 52
133450156574864 48
133451157637536 49
133452158932667 51
133453160322694 53
133454161523873 49
133455162592603 53
133456163770725 53
133457165235363 51
133458165566962 49
133459167028389 49
133460167566750 49
133461168595601 53
133462169692353 54
133463170589229 52
133464171590284 54
133465172600983 53
133466173620381 50
133467174584521 52
133468175602666 54
133469176588593 54
133470177761308 48
133471178885512 47
133472179846582 50
133473180589596 49
133474181549518 54
133475183008240 51
133476183613357 54
133477184633726 46
133478185582956 54
133479186581101 49
133480188070179 52
133481189670017 55
133482190614914 53
133483191650713 46
133484192630807 49
133485193572889 52
133486194720300 57
133487195596221 53
133488196612172 57
133489197571671 48
133490198557431 53
133491199585953 51
133492200610241 50
133493201977680 44
133494202589794 51
133495203582085 50
133496204579230 52
133497205599107 47
133498206606009 47
133499207615562 53
133500208579044 56
133501209606516 48
133502210317303 48
133503210555679 50
133504211608775 54
133505212582589 53
133506213590141 50
133507214559229 54
133508215627420 51
133509216631899 53
133510217604504 45
133511218588804 49
133512219743731 50
133513220591571 49
133514221564998 54
133515222745182 55
133516224029684 48
133517224560173 52
133518225862334 51
133519226896704 54
133520227941672 52
133521229136514 48
133522230324327 53
133523231613064 48
133524232744646 54
133525234190120 54
133526235359309 51
133527235628458 57
133528236596476 51
133529237844254 49
133530239022879 56
133531239838423 52
133532241047722 51
133533242316822 52
133534243564218 47
133535244869603 52
133536246104185 52
133537247290119 55
133538248561681 54
133539249775211 55
133540251164929 44
133541251797375 50
133542252586748 48
133543253887686 57
133544255204167 49
133545256445893 53
133546257607902 49
133547258597850 50
133548259757762 46
133549260913978 52
133550262120122 48
133551262568065 52
133552263596420 47
133553264574642 52
133554265634352 53
133555266634566 46
133556267587701 49
133557268625563 55
133558269584377 50
133559270599697 49
133560271746624 48
133561272580925 54
133562273583773 50
133563274735556 53
133564275588035 52
133565276589337 46
133566277897123 44
133567279156869 48
133568280584531 51
133569281556796 56
133570283141043 48
133571283585832 52
133572284818382 50
133573287171291 45
133574288302022 57
133575289218090 50
133576289551558 54
133577290598481 53
133578291616663 46
133579292750720 46
133580293576124 47
133581294812746 48
133582295641967 42
133583297663044 47
133584298620917 52
133585299590114 54
133586300106912 56
133587301660953 53
133588302574463 48
133589303648172 50
133590305040542 56
133591306262641 56
133592307656000 44
133593308829794 52
133594309588248 51
133595310586806 47
133596311563410 50
133597312633811 52
133598313728946 52
133599314725926 55
133600315673077 49
133601316856540 54
133602317589686 52
133603318713865 51
133604319582731 47
133605320577276 54
133606321743926 53
133607322901030 56
133608324166489 56
133609325376715 55
133610326557890 48
133611327637489 46
133612328617412 50
133613329947123 46
133614330599246 47
133615331568308 47
133616332760117 52
133617333058459 50
133618333582681 51
133619334572937 45
133620335801659 54
133621337072772 52
133622338346226 49
133623339619264 55
133624341181006 55
133625341632796 54
133626342712803 54
133627343879156 57
