157174296868470 0
157175298044209 0
157176299178144 0
157177300401853 0
157178301524230 0
157179301851532 0
157180302307068 0
157181303481500 0
157182304638147 0
157183305809000 0
157184306216273 0
157185307361019 0
157186308514580 0
157187308673427 0
157188309262689 0
157189310193588 0
157190311419881 0
157191312567010 0
157192313700141 0
157193314845864 0
157194315662395 0
157195316805504 0
157196317952944 0
157197319110764 0
157198320301247 0
157199321455719 0
157200322250850 0
157201323388229 0
157202324221171 0
157203325190974 0
157204326315664 0
157205327411793 0
157206328324390 0
157207329605827 0
157208330756066 0
157209331921679 0
157210333062425 4
157211334352833 10
157212335548114 32
157213336810201 40
157214337801069 47
157215338890639 52
157216340062236 56
157217340996681 50
157218341192301 60
157219342223072 74
157220343574527 108
157221344844664 121
157222345225152 129
157223346200758 111
157224347223629 138
157225348226545 145
157226349220031 134
157227350210862 135
157228351198353 164
157229352208783 123
157230353227957 162
157231354256637 116
157232355200727 155
157233356307572 187
157234357231391 160
157235358192848 217
157236359197484 181
157237360188428 217
157238361198880 191
157239362199081 200
157240363301113 166
157241364220243 218
157242365225336 195
157243366195441 207
157244367277818 193
157245368312569 195
157246369258769 161
157247370205249 195
157248371196718 198
157249372203580 197
157250373206592 188
157251374192614 216
157252375197593 170
157253376191696 206
157254377189742 203
157255378250870 183
157256379221328 204
157257380280907 156
157258381233234 195
157259382233030 196
157260383215212 197
157261384212476 185
157262385221094 197
157263386175434 171
157264387212236 194
157265388229911 196
157266389356053 189
157267390191253 170
157268391339193 194
157269392572501 173
157270393389102 193
157271394426998 214
157272395201838 185
157273396234193 220
157274397190319 186
157275398301173 190
157276399466196 202
157277400226562 181
157278401203197 212
157279402199989 170
157280403202898 201
157281404210987 205
157282405185004 169
157283406214116 236
157284407232029 182
157285408199674 229
157286409231299 161
157287410204255 211
157288411197229 210
157289412217086 181
157290413197176 210
157291414197387 190
157292415197509 209
157293416300156 189
157294417188475 192
157295418187110 205
157296419303791 186
157297420217408 172
157298421203006 209
157299422208372 159
157300423194985 219
157301424903239 167
157302425980202 213
157303426322372 190
157304427362010 181
157305428236559 209
157306429429783 188
157307430211248 184
157308431183332 181
157309432194193 214
157310433200584 174
157311434181862 234
157312435189047 167
157313436198869 212
157314437212935 181
157315438188962 190
157316439377372 151
157317440230683 164
157318441331484 208
157319442189376 190
157320443205829 227
157321444195088 196
157322445226179 168
157323446183940 188
157324447171511 172
157325448285434 211
157326449407147 178
157327450437484 184
157328451273151 187
157329452198042 188
157330453189532 195
157331454184034 175
157332455461481 205
157333456278268 185
157334457241321 189
157335458281961 204
157336459186699 185
157337460191197 179
157338461307343 205
157339462226730 177
157340463236673 208
157341464194667 230
157342465199498 169
157343466349497 197
157344467328555 180
157345468215063 214
157346469330422 214
157347470264299 177
157348471222571 194
157349472365695 189
157350473221943 181
157351474238084 193
157352475216772 198
157353476318188 170
157354477245428 202
157355478212793 168
157356479192539 177
157357480491485 196
157358481199775 202
157359482242318 168
157360483287447 220
157361484183289 179
157362485182295 194
157363486379755 184
157364487197788 201
157365488195203 185
157366489201171 183
157367490296571 187
157368491329120 227
157369492354209 191
157370493188433 186
157371494207642 200
157372495211324 233
157373496218080 201
157374497211792 226
157375498412421 172
157376499302917 171
157377500219443 191
157378501196532 195
157379502200112 177
157380503212505 205
157381504292623 176
157382505184235 188
157383506199987 178
157384507197886 218
157385508305348 210
157386509185339 180
157387510189673 171
157388511228299 152
157389512186120 174
157390513198700 203
157391514390091 194
157392515277051 215
157393516323259 163
157394517327108 191
157395518206589 185
157396519207583 202
157397520208793 208
157398521188160 205
157399522213550 189
157400523228889 187
157401524264926 206
157402525219557 234
157403526259058 179
157404527206911 206
157405528217637 195
157406529492735 182
157407530219091 205
157408531353846 212
157409532221100 184
157410533174633 233
157411534410781 174
157412535181373 194
157413536191686 202
157414537223539 217
157415538320240 197
157416539209562 207
157417540217083 238
157418541199285 166
157419542314599 189
157420543211516 174
157421544215383 183
157422545210422 192
157423546247763 223
157424547204436 189
157425548208733 192
157426549194570 175
157427550206678 236
157428551222413 186
157429552202503 175
157430553245472 207
157431554202379 172
157432555205542 225
157433556211806 190
157434557242896 211
157435558182623 176
157436559231490 198
157437560195688 210
157438561194975 189
157439562191702 200
157440563270643 191
157441564187698 192
157442565227033 186
157443566251420 161
157444567209254 194
157445568181071 181
157446569215516 148
157447570219383 186
157448571275255 164
157449572212587 176
157450573282660 177
157451574267076 196
157452575346661 173
157453576335997 234
157454577210530 179
157455578414124 188
157456579222760 214
157457580203410 168
157458581204585 185
157459582357831 181
157460583211725 172
157461584217308 195
157462585242021 206
157463586198859 189
157464587209903 224
157465588306968 176
157466589523782 197
157467590276014 177
157468591194562 189
157469592190541 176
157470593203324 163
157471594343970 192
157472595247853 198
157473596253588 208
157474597215794 196
157475598224305 187
157476599184746 174
157477600259266 201
157478601223078 194
157479602222470 202
157480603200595 213
157481604294209 210
157482605214609 224
157483606187569 176
157484607192670 220
157485608211705 173
157486609206246 209
157487610211852 218
157488611334770 181
157489612337077 188
157490613317913 206
157491614240029 178
157492615184438 231
157493617034266 175
157494617196714 197
157495618245616 186
157496619218914 135
157497620198412 207
157498621188625 208
157499622170915 172
157500623206565 188
157501624298671 215
157502625499390 144
157503626199076 181
157504627456146 199
157505628221734 135
157506629233977 195
157507630603726 161
157508631407225 202
157509632209121 170
