164803125226524 0
164804126412327 0
164805127541038 0
164806127692709 0
164807128185092 0
164808129307022 0
164809130445906 0
164810131588882 0
164811132736816 0
164812133903288 0
164813135040406 0
164814136380757 0
164815137520525 0
164816138209520 0
164817139255460 0
164818140398914 0
164819141713981 0
164820142866804 0
164821144010586 0
164822145188764 0
164823146331348 0
164824147488451 0
164825148620486 0
164826149743108 0
164827150761760 0
164828151891616 0
164829153042052 0
164830154180408 0
164831155306021 0
164832156446182 0
164833157593595 0
164834158738468 0
164835159896172 0
164836160296607 0
164837161223756 0
164838162365125 0
164839163529349 0
164840164668363 9
164841165810484 25
164842167029753 37
164843167712998 59
164844168635288 70
164845169230282 109
164846170350367 124
164847171260083 117
164848172193614 118
164849173285283 126
164850174441118 141
164851175189342 136
164852176264831 150
164853177358617 170
164854178188761 127
164855179240400 127
164856180353342 130
164857181231905 111
164858182202551 158
164859183198343 139
164860184187629 139
164861185213264 164
164862186347620 137
164863188211966 146
164864189218218 150
164865190430051 138
164866191623202 170
164867192200980 146
164868193199883 205
164869194197334 146
164870196193971 158
164871197206602 168
164872198215974 153
164873199355044 157
164874200649089 142
164875201187901 170
164876202185524 113
164877203226427 152
164878204215171 125
164879205178477 160
164880206194369 136
164881207191820 154
164882208324461 128
164883209276736 159
164884210190980 153
164885211199863 172
164886212203675 170
164887213285843 184
164888214183995 181
164889215201986 181
164890216195694 170
164891217183575 222
164892218230677 173
164893219249348 192
164894220209356 187
164895221303146 213
164896222295781 194
164897223202081 201
164898224207723 162
164899225253431 206
164900226183681 165
164901227182227 215
164902228255645 201
164903229604995 189
164904230277457 194
164905231276552 225
164906232219445 185
164907233211583 212
164908234327297 185
164909235630870 194
164910236291521 185
164911237421381 189
164912238201453 201
164913239198321 193
164914240187428 202
164915241301212 167
164916242196697 196
164917243196182 212
164918244264643 220
164919245439641 174
164920246258888 190
164921247229395 189
164922248206665 195
164923249194049 215
164924250201611 191
164925251271269 221
164926252538702 169
164927253183549 216
164928254245523 183
164929255215967 201
164930256192827 208
164931257252461 185
164932258242211 204
164933259244972 166
164934260374631 228
164935261193479 166
164936262255799 172
164937263247666 195
164938264358205 185
164939265401370 176
164940266249065 204
164941267231617 193
164942268195738 203
164943269186064 185
164944270350959 171
164945270810927 159
164946271265726 156
164947272276271 205
164948273272514 169
164949274202802 181
164950275176535 177
164951276225201 204
164952277194815 223
164953278273426 180
164954279203349 225
164955280296470 195
164956281236693 184
164957282217600 173
164958283201781 200
164959284324684 162
164960285210227 202
164961286216429 190
164962287250012 206
164963288256334 148
164964289250517 216
164965290465798 188
164966291291674 200
164967292205851 182
164968293278545 198
164969294190107 202
164970295187802 167
164971296259155 212
164972297294804 182
164973298213453 192
164974299282386 222
164975300435872 203
164976301196264 171
164977302321532 173
164978303212406 214
164979304233063 167
164980305251669 208
164981306217917 188
164982307198149 194
164983308213185 195
164984309262984 215
164985310230479 163
164986311175981 200
164987312310537 179
164988313199780 227
164989314245068 165
164990315203117 188
164991316194962 211
164992317315092 175
164993318245406 182
164994319233162 201
164995320196196 204
164996321312119 148
164997322505598 195
164998323183594 179
164999324275471 201
165000325225247 217
165001326378263 163
165002327484433 192
165003328179870 199
165004329290479 193
165005330219862 186
165006331358658 177
165007332438957 165
165008333205600 184
165009334301696 178
165010335396854 185
165011336207224 194
165012337199862 230
165013338228649 170
165014339194399 212
165015340201510 195
165016341198002 207
165017342200283 167
165018343355855 203
165019344247218 169
165020345211083 190
165021346208981 180
165022347353981 228
165023348215354 159
165024349193581 228
165025350179612 178
165026351195822 194
165027352202117 185
165028353245301 199
165029354207085 175
165030355206898 222
165031356205347 180
165032357231552 195
165033358248301 207
165034359190754 184
165035360225184 220
165036361273731 214
165037362281573 156
165038363296479 188
165039364369533 184
165040365180770 219
165041366209512 204
165042367231829 211
165043368200574 222
165044369305419 199
165045370232299 216
165046371236457 199
165047372272140 176
165048373233533 211
165049374198451 178
165050375205513 217
165051376197241 196
165052377252110 196
165053378222110 192
165054379196787 196
165055380208115 162
165056381204024 200
165057382197385 181
165058383188143 210
165059384196719 175
165060385221464 182
165061386188405 179
165062387183233 195
165063388196244 142
165064389285709 207
165065390256063 159
165066391200222 210
165067392194490 191
165068393226588 189
165069394227169 160
165070395236693 192
165071396196867 192
165072397200362 203
165073398252501 202
165074399262709 218
165075400210701 183
165076401334489 193
165077402206733 219
165078403309772 190
165079404265385 212
165080405207735 161
165081406278887 191
165082407187415 199
165083408210316 206
165084409222746 189
165085410210626 197
165086411288269 174
165087412230386 198
165088413197413 193
165089414221597 205
165090415234009 200
165091416201651 190
165092417277544 186
165093418204234 189
165094419225145 178
165095420213520 189
165096421195821 196
165097422194475 193
165098423209619 182
165099424344926 173
165100425344776 193
165101426244285 215
165102427414164 183
165103428220215 179
165104429202007 194
165105430196811 177
165106431206621 195
165107432354378 204
165108433200818 203
165109434230672 194
165110435276551 167
165111436217565 207
165112437193750 206
165113438216845 222
165114439335632 193
165115440191175 162
165116442184605 185
165117443184793 180
165118444279264 204
165119445266765 213
165120446214918 217
165121447299122 145
165122448231183 224
165123449365718 175
165124450203615 187
165125451380957 170
165126452229415 201
165127453209099 167
165128454340540 164
165129455458709 163
165130456301821 220
165131457201666 256
165132458204577 227
165133459217253 207
165134460187264 187
165135461306235 194
165136462555164 213
165137463847170 209
165138465056810 196
