135696457657422 0
135697458818114 0
135698459942160 0
135699461069860 0
135700462203227 0
135701463355954 0
135702464501969 0
135703465638180 0
135704466794713 0
135705467949731 0
135706469101941 0
135707470315612 0
135708471446955 0
135709472582993 0
135710473735105 0
135711474905181 0
135712476070752 0
135713477202898 0
135714478439700 0
135715479590100 0
135716480191965 0
135717481330374 0
135718482478132 0
135719483614063 0
135720484751627 0
135721485892222 0
135722487044356 0
135723487923098 0
135724489062113 0
135725490201243 0
135726491500011 0
135727492621818 0
135728493764288 0
135729494914145 0
135730496063103 0
135731497180328 2
135732498198601 24
135733499199516 52
135734500182929 83
135735501189061 90
135736502219981 83
135737503399736 95
135738504217135 94
135739505234228 94
135740506196505 88
135741507217228 99
135742508427772 78
135743509570353 84
135744510740105 89
135745511190991 96
135746512211353 92
135747513218182 96
135748514277121 89
135749515531435 90
135750516219068 93
135751517229687 88
135752518384739 90
135753519271727 94
135754520186100 102
135755521373357 93
135756521643662 82
135757522780566 93
135758523190914 97
135759524201034 97
135760525306939 101
135761526280190 97
135762527404013 85
135763528220303 96
135764529211927 88
135765530200348 89
135766531373696 87
135767532510822 91
135768533212116 102
135769534355801 93
135770535188259 90
135771536353677 92
135772537209033 98
135773538339033 84
135774539196707 94
135775540319969 83
135776541196431 95
135777542348272 90
135778543225185 87
135779544215304 92
135780545359812 86
135781546199849 100
135782547257415 89
135783548192470 89
135784549212573 100
135785550267454 75
135786551251045 106
135787552194133 90
135788553395642 85
135789554224395 98
135790555457831 91
135791556220623 96
135792557466023 102
135793558218268 90
135794559243418 92
135795560349125 88
135796561324558 93
135797562252561 83
135798563195781 94
135799564186480 92
135800565272210 94
135801566204201 103
135802567227954 92
135803568208576 89
135804569218238 94
135805570244618 93
135806571237482 86
135807572227213 88
135808573217325 97
135809574303210 92
135810575185921 90
135811576194505 97
135812577216969 86
135813578289451 87
135814579613803 87
135815580301265 90
135816581205675 101
135817582203762 100
135818583203198 96
135819584186492 86
135820585202456 101
135821586220699 87
135822587347549 94
135823588459823 92
135824589677204 93
135825590188455 104
135826591426634 101
135827592655847 78
135828593434874 84
135829594196668 86
135830595225288 93
135831596343409 95
135832597209344 99
135833598194054 90
135834599309130 97
135835600192078 92
135836601203436 101
135837602213342 85
135838603633515 90
135839604212624 94
135840605450592 92
135841606193074 92
135842607212630 97
135843608213900 89
135844609366810 96
135845610191364 92
135846611219592 86
135847612252664 92
135848613211713 94
135849614435415 97
135850615206435 88
135851615869853 91
135852616192758 97
135853617199434 91
135854618193334 93
135855619202917 87
135856620290928 98
135857621213311 93
135858622201843 100
135859623248852 103
135860624207487 101
135861625335472 94
135862626496080 90
135863627649946 99
135864629049987 104
135865630221428 91
135866631340029 91
135867632436587 99
135868633214467 88
135869634225061 85
135870635253941 88
135871636221305 89
135872637408865 85
135873638583714 101
135874639965681 91
135875641169478 101
135876642559216 95
135877643197366 86
135878644197422 102
135879645446761 92
135880646713180 87
135881647845404 81
135882648270476 91
135883649384401 92
135884650532070 94
135885651486835 100
135886652226972 91
135887653261792 92
135888654210192 92
135889655531480 93
135890656234082 94
135891657188531 89
135892658244970 87
135893659522065 88
135894660630197 89
135895661197366 89
135896662352905 92
135897663618709 91
135898664246427 79
135899665220426 94
135900666191730 94
135901667186040 93
135902668819212 89
135903670217914 89
135904671201574 90
135905672200603 96
135906673610859 83
135907674252539 101
135908675184632 103
135909676388530 91
135910677197651 100
135911678202195 93
135912679203439 87
135913680223021 90
135914681201837 95
135915682306193 90
135916683189538 91
135917684432147 88
135918685216376 88
135919686198795 87
135920687332062 92
135921688230280 88
135922689225178 93
135923690214018 98
135924691217388 80
135925692448190 84
135926693339496 92
135927694181146 93
135928695395964 93
135929696249521 94
135930697197850 99
135931698201598 89
135932699208651 87
135933700288831 91
135934701247605 91
135935702385770 87
135936703409277 99
135937704217188 101
135938705502518 106
135939706221870 89
135940707353038 88
135941708218788 96
135942709190184 84
135943710210972 87
135944711598825 97
135945712869242 88
135946713241987 94
135947714215063 99
135948715209300 100
135949716355591 86
135950717641809 91
135951718868551 97
135952720221235 101
135953721249224 93
135954722444436 94
135955723668799 87
135956724191622 100
135957725392598 106
135958726210613 101
135959727222858 80
135960728371348 86
135961729437468 86
135962730348593 95
135963730580095 89
135964731266040 96
135965732231694 91
135966733293580 90
135967734226436 86
135968735223110 92
135969736236660 95
135970737312062 96
135971738471560 94
135972739353612 88
135973740337051 107
135974741612570 92
135975742201820 93
135976743342389 86
135977744334452 84
135978745467467 97
135979746646204 92
135980747695141 88
135981748214449 99
135982749345315 90
135983750491184 92
135984751660725 94
135985752211191 99
135986753448895 79
135987754509865 87
135988755295373 102
135989756196395 95
135990757287671 90
135991758220105 93
135992759321256 88
135993760195543 90
135994761374801 90
135995762239008 91
135996763204682 105
135997764273567 97
135998765310642 96
135999766200269 105
136000767425487 89
136001768371176 101
136002769295198 90
136003770224922 94
136004771201120 92
136005772200772 84
136006773411351 94
136007774521263 89
136008775562294 85
136009776546928 97
136010777198445 85
136011778213658 100
136012779222104 97
136013780210544 99
136014781382679 101
136015782231610 83
136016783219506 86
136017784187451 93
136018785309041 103
136019786200820 98
136020787207941 91
136021788198032 90
136022789406287 97
136023790204633 94
136024791206955 90
136025792193364 91
136026793311659 96
136027794196508 94
136028795402288 101
136029796543206 94
