138459588818638 0
138460590164974 0
138461591360101 0
138462592484167 0
138463593692073 0
138464594815706 0
138465595948007 0
138466597069000 0
138467598216829 0
138468599283034 0
138469600502183 0
138470601705943 0
138471602291372 0
138472603215884 0
138473604354614 0
138474605489538 0
138475606311125 0
138476607467258 0
138477608623354 0
138478609781024 0
138479610916288 0
138480612051155 0
138481613293444 0
138482614448963 0
138483615577739 0
138484616706168 0
138485617818595 0
138486618953635 0
138487620114653 0
138488621209888 0
138489622366732 0
138490623521817 0
138491624683275 0
138492625845714 0
138493626543813 0
138494627698725 6
138495629023905 29
138496630204751 44
138497631503505 79
138498632597234 105
138499633202209 125
138500634206898 134
138501635348651 120
138502636304692 138
138503637286293 131
138504638425900 145
138505639439020 134
138506640269150 130
138507641283963 121
138508642277562 142
138509643249832 125
138510644193436 125
138511645287648 130
138512646223248 129
138513647442090 142
138514648412237 136
138515649207073 139
138516650215902 141
138517651222276 135
138518652199805 143
138519653189953 145
138520654198028 119
138521655276253 144
138522656218068 125
138523657231882 139
138524658430800 123
138525659435957 120
138526660260299 123
138527661212363 134
138528662248450 134
138529663340451 138
138530664223005 135
138531665211832 139
138532666366411 130
138533667201544 135
138534668208784 133
138535669187289 142
138536670220015 140
138537671206361 131
138538672250553 126
138539673379608 131
138540674228683 128
138541675231786 140
138542676225211 151
138543678020480 129
138544678200819 129
138545679681676 131
138546680189183 134
138547681193456 137
138548682200750 144
138549683193317 129
138550684197898 149
138551685192475 136
138552686207417 146
138553687208470 136
138554688202631 142
138555689361409 125
138556690271610 144
138557691280906 138
138558692260102 135
138559693198509 133
138560694187205 130
138561695232560 149
138562696355144 140
138563697415809 125
138564698284931 131
138565699345161 138
138566700204788 141
138567701534360 134
138568702295610 137
138569703205964 130
138570704453343 136
138571705223224 125
138572706271204 129
138573707261991 141
138574708269096 131
138575709203354 131
138576710233584 140
138577711224642 119
138578712220491 136
138579713206969 131
138580714208826 136
138581715198381 147
138582716305041 142
138583717192779 133
138584718227563 137
138585719210836 128
138586720350337 143
138587721204588 142
138588722204318 134
138589723192671 139
138590724200673 133
138591725198728 144
138592726202521 126
138593727240926 134
138594728317052 129
138595729271444 138
138596730293601 130
138597731199957 144
138598732208003 135
138599733231125 135
138600734454745 136
138601735217205 133
138602736463521 139
138603737218680 125
138604738226354 134
138605739192652 131
138606740219210 144
138607741359780 123
138608742188920 139
138609743217016 126
138610744218341 150
138611745300391 136
138612746328398 144
138613747308189 131
138614748196942 137
138615749241254 134
138616750201038 128
138617751233828 143
138618752218374 141
138619753196687 136
138620754333851 137
138621755198105 128
138622756203313 135
138623757303315 142
138624758223291 124
138625759197931 141
138626760268633 132
138627761500489 147
138628762201568 141
138629763206526 136
138630764589375 132
138631765288634 146
138632766376859 133
138633767194113 136
138634768202040 140
138635769221207 161
138636770208102 133
138637771363169 132
138638772219305 138
138639773322322 141
138640774224952 127
138641775270186 131
138642776225782 139
138643777184455 153
138644778189581 141
138645779190584 142
138646780212147 144
138647781187177 144
138648782186143 134
138649783552496 134
138650784586464 143
138651785371057 149
138652786266995 130
138653787297711 130
138654788247437 133
138655789195346 127
138656790200304 140
138657791344440 127
138658792451219 136
138659793217647 120
138660794264069 140
138661795349624 145
138662796196659 137
138663797209616 119
138664798336852 134
138665799199627 136
138666800184179 128
138667801174646 137
138668802213818 126
138669803191655 150
138670804278464 144
138671805293621 140
138672806229772 125
138673807178644 139
138674808205763 137
138675809514671 138
138676810217728 143
138677811364567 131
138678812193229 134
138679813210361 123
138680814286854 130
138681815329314 140
138682816204410 128
138683817198232 143
138684818203746 128
138685819219774 143
138686820363635 148
138687821511989 133
138688822190407 146
138689823448835 130
138690824230044 137
138691825473432 134
138692826217913 141
138693827206557 144
138694828196856 144
138695829350003 138
138696830245987 136
138697831211797 132
138698832206869 134
138699833212415 132
138700834203646 139
138701835198992 142
138702836346747 134
138703837471861 124
138704838728985 137
138705839955138 135
138706840202438 118
138707841344293 134
138708842566672 127
138709843198037 132
138710844208314 122
138711845494932 140
138712846550271 135
138713847213295 136
138714848479151 133
138715849210330 137
138716850470914 145
138717851279400 127
138718852221555 130
138719853208193 138
138720854317701 140
138721855194899 111
138722856210920 127
138723857188570 136
138724858225917 133
138725859192944 142
138726860229687 141
138727861358573 126
138728862207896 131
138729863190047 139
138730864307906 133
138731865222245 139
138732866210520 140
138733867216328 134
138734868312308 144
138735869211775 125
138736870195836 139
138737871307260 136
138738872214743 138
138739873187071 129
138740874218350 131
138741875214839 133
138742876195522 132
138743877199733 136
138744878239585 147
138745879353698 137
138746880335745 129
138747881192008 146
138748882220589 135
138749883352564 139
138750884207992 143
138751885216478 140
138752886200187 133
138753887467144 118
138754888251258 142
138755889357920 137
138756890210040 129
138757891288577 144
138758892184663 138
138759893387740 133
138760894207493 146
138761895728362 142
138762896704271 125
138763897202680 139
138764898229817 127
138765899197257 138
138766900270769 139
138767901211903 130
138768902256758 139
138769903196044 132
138770904198518 146
138771905191949 136
138772906193740 146
138773907211105 139
138774908295438 135
138775909200451 131
138776910208145 133
138777911210851 138
138778912211201 144
138779913198537 135
138780914322878 143
138781915193153 139
138782916221374 131
138783917209749 141
138784918342717 138
138785919212233 132
138786920799983 145
138787921194540 135
138788922217475 126
138789923358178 142
138790924411363 139
138791925392268 123
138792926731538 136
