138804136400268 0
138805137584091 0
138806138738943 0
138807139896081 0
138808140970891 0
138809142141372 0
138810143366979 0
138811144586834 0
138812145568623 0
138813146821092 0
138814147964234 0
138815149143327 0
138816150383845 0
138817151624567 0
138818152827076 0
138819154034161 0
138820155248353 0
138821156427634 0
138822157593384 0
138823158778029 0
138824159953789 0
138825161134742 0
138826162441346 0
138827163659203 0
138828164616658 0
138829165794254 0
138830166595279 0
138831167773648 0
138832168936367 0
138833170127266 0
138834171297169 0
138835172553050 0
138836173738667 0
138837174885902 0
138838175586181 0
138839176612707 0
138840177741685 0
138841178890865 0
138842180047539 5
138843180587248 16
138844181569130 40
138845182575836 74
138846183661686 96
138847184609531 124
138848185754449 138
138849186564240 143
138850187549157 141
138851188560594 146
138852189586156 140
138853190581598 142
138854191556026 149
138855192558770 136
138856193553959 135
138857194735096 148
138858195591359 149
138859196641327 142
138860197606170 146
138861198575810 149
138862199723742 148
138863200601661 144
138864201550070 143
138865202689682 130
138866206581136 126
138867207569600 145
138868208644450 161
138869209565557 144
138870210815433 141
138871211645091 140
138872212630650 138
138873213614673 130
138874215550863 141
138875216656249 151
138876217553241 130
138877218579747 144
138878219555456 126
138879220555497 135
138880221556131 145
138881222564970 126
138882223557968 131
138883224565509 141
138884225845820 144
138885226604796 132
138886227563587 139
138887228581247 141
138888229581791 142
138889230588265 131
138890231554246 150
138891233546716 146
138892234601963 144
138893236578010 135
138894237596587 140
138895238582672 139
138896240552427 144
138897241554006 142
138898242578831 135
138899243582591 144
138900244726637 133
138901245797895 137
138902246608879 144
138903247630372 143
138904248800097 131
138905249952367 142
138906251564945 137
138907252596395 136
138908253612183 131
138909254830189 139
138910255740653 132
138911256576649 140
138912257635167 141
138913258721224 131
138914259576154 149
138915260547762 139
138916261591918 145
138917262563045 142
138918263575695 156
138919264648742 148
138920265694157 142
138921266761148 141
138922267583610 137
138923268607320 136
138924269547369 120
138925270664853 158
138926271566517 146
138927272739282 134
138928273575242 132
138929274597491 135
138930275739512 148
138931276583838 134
138932278038163 148
138933278576080 139
138934279632530 132
138935281072749 133
138936281544718 133
138937282661175 128
138938283574647 140
138939284602426 129
138940285586646 135
138941286572956 146
138942287709885 133
138943289292359 155
138944289769910 141
138945290776376 126
138946292555525 132
138947293693289 150
138948294556952 140
138949295576477 141
138950296565580 135
138951297570370 143
138952298576692 144
138953299616567 148
138954301956400 146
138955302695716 148
138956303616086 145
138957304593685 148
138958305650567 145
138959306559478 136
138960307610258 135
138961308583551 137
138962309680838 147
138963310597528 152
138964311591721 156
138965312549629 139
138966313606121 127
138967314600014 138
138968315563399 135
138969316599915 142
138970317570211 142
138971318575967 151
138972319557281 145
138973320545164 140
138974321686319 130
138975322560669 142
138976323623339 141
138977324696364 141
138978325579825 148
138979327119605 151
138980327585295 142
138981328597712 147
138982329600434 141
138983330639852 132
138984331611843 127
138985332820904 137
138986334695656 142
138987336856010 138
138988337594455 134
138989338563195 153
138990339609880 118
138991340646905 142
138992341629448 153
138993342619886 142
138994343578755 141
138995344970095 135
138996345804314 145
138997346593415 137
138998347561966 158
138999349316046 148
139000349588007 136
139001350571902 148
139002351565344 139
139003352577814 134
139004353592318 146
139005354561537 134
139006355626263 157
139007356590567 139
139008357585004 136
139009358599075 134
139010359580939 142
139011360596766 149
139012361577126 142
139013362617300 150
139014363588972 131
139015364574501 146
139016365633880 150
139017366604921 159
139018367599280 140
139019370014870 131
139020370590249 135
139021371605911 123
139022372636641 145
139023373588917 138
139024374615692 141
139025375575923 140
139026376555863 147
139027377791804 133
139028378581938 138
139029379595385 140
139030380652232 144
139031381700765 146
139032382595628 143
139033383747966 143
139034384554123 149
139035385558467 136
139036386576016 154
139037388061191 141
139038389091127 135
139039389604468 145
139040390607694 143
139041391587943 122
139042392595089 144
139043393600557 142
139044394591403 136
139045395677797 133
139046396608249 145
139047397622612 145
139048398557950 144
139049399588460 133
139050400803420 140
139051401612474 144
139052402607395 138
139053403570161 124
139054404920373 140
139055405665514 144
139056406563719 130
139057407731875 144
139058408728591 138
139059409674122 146
139060410630987 127
139061411602994 140
139062412830595 154
139063413560110 134
139064414592173 128
139065415794753 150
139066416592429 128
139067417588935 138
139068418590001 148
139069419577019 151
139070420623587 141
139071421631456 137
139072422661183 134
139073423576484 131
139074424575560 150
139075430668854 129
139076431609313 144
139077432567158 138
139078433559085 121
139079434631790 144
139080435572708 134
139081436576665 133
139082437648562 141
139083438620640 141
139084439614374 145
139085440637762 132
139086441662529 133
139087442558714 135
139088443582983 138
139089444633803 130
139090445883697 132
139091446574355 147
139092447589705 146
139093448578076 134
139094449559580 130
139095450585840 144
139096451589806 128
139097452760377 138
139098453756488 149
139099454803259 140
139100455730335 136
139101456591961 133
139102457558726 138
139103458590779 128
139104459963473 128
139105461114480 144
139106462099866 147
139107463399136 130
139108464036532 138
139109464618342 140
139110465618844 147
139111466598763 139
139112467834924 129
139113468613461 145
139114469687783 138
139115470584842 141
139116471590267 142
139117472783905 146
139118474260267 151
139119474599347 157
139120475650109 145
139121476590040 141
139122477595162 132
139123478588936 130
139124479594270 135
139125480585787 144
139126481592616 129
139127482616336 132
139128483821156 154
139129484575720 145
139130485568177 132
139131486574988 128
139132487588232 136
139133488820638 134
139134489560397 144
139135490556008 139
139136491568708 137
139137492644936 134
139138493439182 134
