142265645876821 0
142266647150932 0
142267648308169 0
142268648614285 0
142269649585243 0
142270650754326 0
142271651669567 0
142272652978443 0
142273654151178 0
142274655382444 0
142275656570644 0
142276657847003 0
142277659108177 0
142278660257364 0
142279661434763 0
142280662758064 0
142281663934950 0
142282665280086 0
142283666583992 0
142284667838468 0
142285669256369 0
142286670440928 0
142287671678455 0
142288672864540 0
142289674057947 0
142290675239893 0
142291675650649 0
142292676828180 0
142293678142250 0
142294679316876 0
142295680601655 0
142296681889852 0
142297682597110 0
142298683835066 0
142299685058503 0
142300685999405 0
142301686582517 0
142302687612618 2
142303688761639 10
142304689563560 17
142305690592921 49
142306691735766 77
142307692576756 87
142308693598179 108
142309694584808 128
142310695591663 161
142311696632161 182
142312697678094 181
142313698772635 178
142314699583319 183
142315700583702 178
142316702249243 182
142317702585505 181
142318703575594 194
142319704576446 171
142320705989000 181
142321706582190 182
142322707617031 187
142323708561289 167
142324709576974 179
142325710594944 181
142326711915805 167
142327713554775 180
142328714606501 194
142329715579084 168
142330716592952 183
142331717565791 187
142332719277675 199
142333720120232 185
142334720545807 171
142335721582287 188
142336722639719 193
142337723583626 194
142338725010820 185
142339725606911 199
142340726586713 166
142341727594234 185
142342728576529 188
142343729587892 182
142344730567556 197
142345731564424 185
142346732584496 193
142347733674508 175
142348734582196 181
142349735542243 198
142350736559011 204
142351737548715 178
142352738990391 193
142353739540169 163
142354740719940 194
142355741619186 182
142356742562796 181
142357743939619 176
142358744586878 183
142359745572036 183
142360746622460 193
142361748631802 194
142362749777641 200
142363750546264 188
142364751593117 182
142365752591592 178
142366753595666 193
142367754572837 182
142368755561457 194
142369756675867 190
142370757603954 188
142371758637904 186
142372759843615 187
142373761636581 190
142374762733825 196
142375763594532 203
142376764734844 174
142377765594110 178
142378766584413 186
142379767581873 171
142380768842716 183
142381769691278 182
142382771360399 180
142383771948444 191
142384772679260 183
142385773631830 176
142386774672864 193
142387776104040 169
142388776581135 181
142389777621321 175
142390778555031 180
142391779700303 200
142392780583816 192
142393781978613 174
142394783631515 178
142395784596506 184
142396785696459 176
142397786905483 189
142398787985993 178
142399788587929 184
142400789707233 167
142401790649247 175
142402791607560 190
142403792608191 194
142404793562152 164
142405794695889 182
142406795557312 167
142407796630238 186
142408797564168 174
142409799204185 181
142410800163933 177
142411800618027 189
142412801582973 183
142413802567310 207
142414803569330 194
142415804990378 189
142416805557835 181
142417806562468 200
142418807841426 169
142419808600212 165
142420809946483 177
142421811677596 172
142422813250575 166
142423814386544 171
142424814996801 185
142425815644207 171
142426817013617 207
142427817565198 175
142428818568298 182
142429819543729 192
142430820639026 183
142431821657798 186
142432822675278 187
142433824582812 188
142434825561904 183
142435826590500 160
142436827593550 189
142437828600242 194
142438829567540 180
142439830578790 167
142440831640278 182
142441832582212 183
142442833581704 181
142443834580442 180
142444835719750 198
142445836634172 184
142446838032663 173
142447838566810 183
142448839554712 185
142449840568500 170
142450841594116 174
142451842569671 191
142452843567815 183
142453844661835 186
142454845657908 202
142455846605486 189
142456847602118 181
142457848599607 178
142458849575976 167
142459850703572 187
142460851620306 186
142461852582862 186
142462853615353 188
142463854550501 186
142464855687092 191
142465856757725 183
142466857618760 184
142467858594770 183
142468860628960 165
142469861568241 176
142470862585777 185
142471864055826 181
142472866087019 169
142473866578337 194
142474867607332 179
142475868602103 201
142476869682490 195
142477870617203 181
142478872266711 182
142479872609047 178
142480873613069 185
142481874558932 185
142482876130120 179
142483877823708 175
142484878677416 179
142485879761969 188
142486880570169 171
142487881616761 193
142488882717520 188
142489883579540 200
142490884571452 194
142491886454960 182
142492887613259 191
142493888610680 186
142494889593420 174
142495890603421 193
142496891596998 174
142497892607502 188
142498893947667 178
142499894598748 173
142500895579173 194
142501896617208 181
142502897559943 182
142503898917392 184
142504900158825 183
142505900562829 174
142506902272648 162
142507902801475 164
142508903644668 187
142509904586419 189
142510905554818 189
142511906636461 178
142512907583606 192
142513909352577 194
142514909612772 183
142515910617167 191
142516911592828 164
142517912550492 191
142518913990137 172
142519914628567 174
142520915559659 200
142521916598906 197
142522917599242 182
142523918568802 176
142524919563598 181
142525920626238 182
142526921637694 196
142527922602533 174
142528923574481 190
142529924558622 165
142530925584122 187
142531926625321 157
142532927583966 187
142533928578622 196
142534929615944 192
142535930932436 186
142536932067775 173
142537932805386 195
142538934154283 189
142539934794351 181
142540935562324 199
142541936601265 172
142542937584880 187
142543938556747 183
142544939592030 184
142545940580839 172
142546941571043 177
142547942676656 188
142548943613687 188
142549944557542 182
142550945588231 185
142551946606816 176
142552947616721 187
142553948554767 184
142554949731369 172
142555950560835 202
142556951567654 191
142557956561195 171
142558957567994 168
142559958585827 177
142560959576618 192
142561960757206 172
142562961608893 153
142563962600146 190
142564963619452 184
142565964581797 191
142566965603412 183
142567966828992 184
142568968089788 179
142569968641184 180
142570969584232 178
142571970633593 181
142572971543431 191
142573972623587 194
142574973566627 198
142575974769008 186
142576975635894 183
142577976584846 188
142578977561129 175
142579978624737 167
142580979640398 186
142581980596949 186
142582981739271 178
142583982601727 183
142584983955263 185
142585984536745 194
142586985588032 189
142587986668487 174
142588987582737 200
142589988596117 174
142590989607136 185
142591990765015 190
142592991732775 181
142593992583091 180
142594993552912 180
142595994611441 157
142596995568470 200
142597997724069 193
142598998867563 172
