144662922451132 0
144663923623722 0
144664924752353 0
144665925196119 0
144666926418224 0
144667927584118 0
144668928417316 0
144669929374974 0
144670930543528 0
144671931712082 0
144672932864428 0
144673934015672 0
144674935324838 0
144675936486995 0
144676937784491 0
144677938208711 0
144678939418831 0
144679940551368 0
144680941700213 0
144681942852491 0
144682944012942 0
144683945205344 0
144684946482663 0
144685947620761 0
144686948752253 0
144687949213321 0
144688950357813 0
144689951581717 0
144690952793769 0
144691954083248 0
144692955202720 0
144693956377905 0
144694957562130 0
144695958715770 0
144696959871434 0
144697961022459 0
144698962187868 0
144699963376922 8
144700964548091 21
144701965239075 36
144702966396691 62
144703967222594 80
144704968187078 102
144705969603900 130
144706970777623 137
144707971233230 155
144708972227908 167
144709974043093 147
144710974198487 173
144711975238074 167
144712976206933 210
144713977200636 203
144714978354642 196
144715979213302 182
144716980188262 181
144717981210979 205
144718982233087 192
144719983212358 169
144720984538965 201
144721985247266 194
144722986202035 177
144723987218767 179
144724988226507 195
144725989194545 198
144726990233328 195
144727991219003 202
144728992212567 176
144729993202564 181
144730994244979 223
144731995251587 189
144732996212563 234
144733997216316 200
144734998344073 187
144735999318048 193
144737000202691 188
144738001196288 199
144739002209795 221
144740003638545 201
144741004229964 203
144742005335062 192
144743006208013 186
144744007376981 188
144745008191900 194
144746009255381 195
144747010223001 214
144748011194189 199
144749012219456 202
144750014196419 182
144751015337330 217
144752016229135 214
144753017468773 202
144754018247756 195
144755019263194 170
144756020188451 221
144757021253698 208
144758022211714 226
144759023223206 175
144760024215773 184
144761025238646 201
144762026179167 193
144763027208432 186
144764028238317 209
144765029235273 179
144766030208937 177
144767031317259 187
144768032210752 207
144769033232274 219
144770034195261 204
144771035216707 175
144772036308520 211
144773037205423 189
144774038227926 199
144775039206280 194
144776040214403 197
144777041211133 165
144778042221358 182
144779043197177 183
144780045341541 207
144781046201887 170
144782047201421 184
144783048214725 205
144784049429222 194
144785050536956 198
144786051199133 167
144787052341162 194
144788053246239 194
144789054217567 172
144790055261835 205
144791056214986 181
144792057490382 197
144793058480863 208
144794059222252 206
144795060180659 218
144796061211192 184
144797062201697 187
144798063197639 181
144799064512790 188
144800065214742 194
144801066222120 188
144802067224403 191
144803068292770 178
144804069305377 198
144805070503943 190
144806071194337 198
144807072482435 189
144808073186646 232
144809074216124 191
144810075203751 201
144811076214864 174
144812077289687 194
144813078219430 208
144814079208651 201
144815080197619 203
144816081223771 205
144817082218045 193
144818083204116 196
144819084203819 159
144820085327938 196
144821086335022 198
144822087258598 184
144823088374027 206
144824089196546 203
144825090173810 178
144826091210747 190
144827092207300 173
144828093199045 200
144829094206353 201
144830095201743 198
144831096225943 197
144832097423246 192
144833098352861 202
144834099205662 205
144835100198259 194
144836101377131 198
144837102300215 176
144838103213309 200
144839104269025 170
144840105208830 218
144841106257005 189
144842107229892 176
144843108283722 176
144844109376472 177
144845110210624 212
144846111290172 191
144847112185898 196
144848113192771 182
144849114223607 195
144850115195542 209
144851116195973 225
144852117203177 189
144853118277226 217
144854119174568 185
144855120225245 192
144856121222311 187
144857122188123 199
144858123210699 214
144859124230028 196
144860125191586 191
144861126241854 183
144862127217575 196
144863128218744 183
144864129381508 177
144865130192745 198
144866131352307 207
144867132365076 216
144868133227464 189
144869134376942 178
144870136185195 206
144871137241106 203
144872138342636 188
144873139207339 193
144874140213422 176
144875141328080 205
144876142213588 224
144877143186128 205
144878144200680 213
144879145505626 194
144880146409066 210
144881147372696 177
144882148218438 197
144883149196305 213
144884150359519 225
144885151205089 204
144886152193225 184
144887153214045 207
144888154192357 202
144889155365163 190
144890156231052 191
144891157209839 211
144892158291974 197
144893159210917 193
144894160205829 202
144895161391599 202
144896162224993 188
144897165448182 183
144898166233011 193
144899167203110 197
144900168206716 164
144901169211702 206
144902170193811 193
144903171213107 197
144904172216861 205
144905173193381 182
144906174201414 184
144907175201312 193
144908176210640 215
144909177194555 171
144910178194133 181
144911179213848 201
144912180213280 194
144913181222926 191
144914182218142 204
144915183213334 211
144916184247630 193
144917185237474 199
144918186221823 221
144919187274741 194
144920188532447 195
144921189467914 200
144922190183351 201
144923191211688 206
144924192245705 216
144925193196230 214
144926194209751 191
144927195204833 181
144928196189074 206
144929198195648 197
144930199198513 181
144931200226120 201
144932201224186 179
144933202379382 206
144934203185599 179
144935204203973 204
144936205472199 183
144937206550076 196
144938207212082 218
144939208216850 189
144940209310461 177
144941210214356 199
144942211486197 181
144943212322820 209
144944213216819 214
144945214230652 180
144946215220968 184
144947216279016 206
144948217246513 190
144949218404350 182
144950219219866 185
144951220237266 172
144952221226992 200
144953222249571 203
144954223294047 221
144955224350635 177
144956225205243 190
144957226224877 205
144958227192682 196
144959228201002 177
144960229223510 193
144961230178534 199
144962231184496 202
144963232180532 195
144964233282665 185
144965234198492 166
144966235219012 189
144967236301343 212
144968237205052 193
144969238182709 205
144970239199430 193
144971240207341 191
144972241208617 199
144973242201466 200
144974243746638 188
144975244235263 193
144976245326644 193
144977246211944 205
144978247371235 210
144979248242137 212
144980249556606 191
144981251039706 230
144982252017983 200
144983252531589 197
144984253205644 202
144985254328071 202
144986255210652 193
144987256187885 210
144988257269844 192
144989258357058 200
144990259216087 228
144991260363788 208
144992261292371 214
144993262399193 172
144994263234040 191
144995264206489 206
144996265356108 191
144997266209987 193
144998267438782 207
