1655534841275946910 284081552
1655534841575356017 99020558
1655534841783301783 7647560
1655534841990277024 6653905
1655534842199363618 8759816
1655534842406054221 6365698
1655534842612703579 6314853
1655534842820101309 7238504
1655534843028413431 7989558
1655534843235513967 6776730
1655534843442934134 7096627
1655534843651214413 7957746
1655534843859075801 7539212
1655534844067876726 8474503
1655534844274670244 6461613
1655534844481483197 6486505
1655534844688338285 6532725
1655534844896026006 7364877
1655534845103701403 7353396
1655534845311305301 7279151
1655534845518608062 6979632
1655534845725659907 6727901
1655534845933643665 7661260
1655534846140733645 6758456
1655534846348065376 7205219
1655534846555294817 6904808
1655534846762927992 7335643
1655534846970685511 7433153
1655534847179608757 8600945
1655534847388919434 8989024
1655534847597326958 8085373
1655534847805317649 7664813
1655534848014836110 9196417
1655534848222312613 7153353
1655534848430142440 7505342
1655534848639658386 9193027
1655534848848999422 9019040
1655534849057145286 7823397
1655534849264067142 6598204
1655534849471613235 7223267
1655534849678687798 6745500
1655534849885672963 6641801
1655534850093507207 7506396
1655534850300377095 6556486
1655534850508110673 7407867
1655534850717325142 8891008
1655534850924539954 6892681
1655534851133566740 8703761
1655534851340159062 6268927
1655534851548459114 7975062
1655534851757779563 9024972
1655534851965909238 7805483
1655534852175148082 8917067
1655534852383962879 8491343
1655534852592456929 8171172
1655534852799671363 6873092
1655534853006828438 6833673
1655534853214798806 7641197
1655534853423103177 8008427
1655534853631198805 7757394
1655534853839937859 8412174
1655534854047424603 7153109
1655534854255383828 7627660
1655534854462780006 7065791
1655534854670656208 7545075
1655534854877643921 6657139
1655534855084568296 6601617
1655534855293079747 8188249
1655534855501405029 7999971
1655534855709375903 7646990
1655534855916953042 7255701
1655534856124382021 7134934
1655534856332502099 7794430
1655534856540237302 7423327
1655534856747202353 6630494
1655534856954239411 6704490
1655534857162266870 7705655
1655534857370184723 7595026
1655534857577376938 6869701
1655534857785102380 7401216
1655534857994695967 9271428
1655534858202414537 7393653
1655534858410405850 7646186
1655534858618147738 7420024
1655534858825125380 6645482
1655534859031861468 6441887
1655534859239123626 6957657
1655534859446917432 7470445
1655534859654393841 7151870
1655534859862107188 7389642
1655534860069438707 7007447
1655534860276806731 7044417
1655534860484378699 7246863
1655534860694127897 9439392
1655534860901994178 7543420
1655534861111034048 8717948
1655534861318313862 6957717
1655534861527854916 9217748
1655534861735535541 7348040
1655534861943290190 7432194
1655534862150407973 6792108
1655534862358689167 7955833
1655534862566925171 7902928
1655534862774335202 7081349
1655534862982172659 7508770
1655534863189597313 7090259
1655534863396908329 6987761
1655534863604892527 7661466
1655534863812482055 7250364
1655534864019460689 6642215
1655534864226501186 6717092
1655534864433510757 6684037
1655534864641202165 7368948
1655534864848135286 6587177
1655534865055156450 6698153
1655534865262311973 6824789
1655534865469400028 6762461
1655534865677125664 7403432
1655534865884326799 6877793
1655534866091213077 6551966
1655534866298271310 6726980
1655534866505342265 6738893
1655534866712798782 7125807
1655534866919603915 6515305
1655534867126433771 6504402
1655534867333271819 6507619
1655534867540225712 6623704
1655534867747891368 7336554
1655534867955030966 6806568
1655534868161973246 6617740
1655534868368837956 6528264
1655534868575661521 6511564
1655534868783057885 7065157
1655534868990145352 6755870
1655534869196963160 6486008
1655534869403695153 6418080
1655534869610467218 6447642
1655534869818687946 7896992
1655534870025747364 6728478
1655534870232559570 6479897
1655534870439695923 6829411
1655534870646518668 6497798
1655534870854298333 7454424
1655534871061757012 7134711
1655534871268938624 6858444
1655534871477029408 7784762
1655534871684265616 6917112
1655534871892336857 7748467
1655534872099702808 7042778
1655534872307027899 7000121
1655534872515924682 8574118
1655534872723321901 7073086
1655534872931144743 7496052
1655534873138725019 7257662
1655534873346153644 7103735
1655534873554255108 7779806
1655534873761743662 7164545
1655534873969451437 7385056
1655534874176836993 7061526
1655534874384192743 7032182
1655534874592175662 7660315
1655534874799677264 7178347
1655534875007428260 7427366
1655534875214844713 7093160
1655534875422326477 7155642
1655534875629982385 7333758
1655534875837427793 7123138
1655534876046314352 8561810
1655534876253889120 7253197
1655534876461299631 7085190
1655534876669396591 7774010
1655534876876899269 7178913
1655534877084842346 7618850
1655534877292588508 7423258
1655534877499574088 6662472
1655534877707479444 7579942
1655534877914433387 6628139
1655534878121879751 7122924
1655534878328826496 6622009
1655534878535677153 6524186
1655534878743089706 7088464
1655534878950553736 7138956
1655534879158803880 7928461
1655534879365709918 6583544
1655534879572522080 6490289
1655534879780425364 7572503
1655534879987705284 6958841
1655534880196351030 8318593
1655534880403605900 6930925
1655534880610954302 7026329
1655534880819163274 7885292
1655534881026561687 7076401
1655534881234570607 7686054
1655534881441740644 6845590
1655534881649617104 7553034
1655534881857722861 7781065
1655534882064894727 6849556
1655534882272818363 7607668
1655534882480083052 6942231
1655534882687463414 7055789
1655534882894872019 7086018
1655534883102375351 7179042
1655534883311243854 8545835
1655534883518714533 7146251
1655534883726185179 7145466
1655534883933844748 7336731
1655534884141201660 7033343
1655534884349276562 7749241
1655534884556210895 6609533
1655534884763360484 6823956
1655534884970814315 7128644
1655534885179285301 8143917
1655534885386888070 7278156
1655534885594068027 6845009
1655534885800950470 6549280
1655534886007804491 6520911
1655534886214620453 6491034
1655534886422138385 7194090
1655534886628990908 6525320
1655534886835859132 6546328
1655534887043034933 6850610
1655534887250264548 6905616
1655534887457961484 7370250
1655534887665374541 7089889
1655534887872507908 6813646
1655534888080321254 7483427
1655534888287942855 7300776
1655534888495887660 7621453
1655534888704508186 8299117
1655534888911943468 7112335
1655534889120541315 8273487
1655534889327900500 7035303
1655534889535689020 7464069
1655534889743135450 7123160
1655534889950273156 6814398
1655534890158314719 7716316
1655534890365816782 7179693
1655534890573817842 7677135
1655534890781094262 6952740
1655534890988239259 6823545
1655534891196491786 7929957
1655534891403790274 6970281
1655534891611730278 7618117
1655534891819178054 7125043
1655534892027818340 8317024
1655534892234655649 6514267
1655534892441605530 6625702
1655534892649146082 7214222
1655534892855976022 6506712
1655534893062764780 6462927
1655534893270163324 7074652
1655534893477460187 6971875
1655534893685015368 7234756
1655534893893354469 8017441
1655534894100278160 6599429
1655534894307644100 7042761
1655534894514949058 6980349
1655534894722521485 7249821
1655534894929615209 6770626
1655534895138089184 8151213
1655534895345802577 7389719
1655534895553248436 7123902
1655534895761013229 7441015
1655534895968199305 6860838
1655534896175174644 6649663
1655534896382935958 7427715
1655534896590131023 6861408
1655534896797127324 6661360
1655534897003951727 6491691
1655534897211030020 6741766
1655534897418970230 7607748
1655534897625935352 6631179
1655534897832865375 6596746
1655534898040927966 7746204
1655534898248263040 7022939
1655534898456394794 7809414
1655534898663399262 6671155
1655534898870299162 6574587
1655534899077384126 6752449
1655534899284860263 7141533
1655534899492825371 7621070
1655534899699662953 6546534
1655534899906934700 6939575
1655534900114150136 6884319
1655534900321038404 6545187
1655534900529136144 7753256
1655534900735582760 6140418
1655534900942636353 6730193
1655534901151226317 8258287
1655534901358429432 6864769
1655534901566224667 7451173
1655534901773290423 6731972
1655534901980416398 6793493
1655534902187523872 6777679
1655534902402557212 14692232
1655534902611641998 8521705
1655534902819125951 7158568
1655534903027281660 7793866
1655534903234783434 7155765
1655534903442259601 7143224
1655534903651140858 8541934
1655534903858585294 7103451
1655534904066614106 7692782
1655534904274140129 7185286
1655534904481230120 6759574
1655534904689163215 7596721
1655534904896230423 6731290
1655534905103286844 6723848
1655534905310381430 6763615
1655534905517461212 6745378
1655534905726585682 8791630
1655534905933605880 6689313
1655534906140424375 6484025
1655534906347872496 7114771
1655534906554897602 6690514
1655534906762588728 7364363
1655534906969520772 6598561
1655534907176549217 6696484
1655534907384328028 7462967
1655534907591532976 6869375
1655534907800202195 8331861
1655534908007242217 6707381
1655534908214231044 6652557
1655534908421262083 6697963
1655534908628359973 6763398
1655534908836373897 7680674
1655534909043392352 6686589
1655534909250348372 6630414
1655534909457482724 6801395
1655534909664603168 6787772
1655534909872227246 7383011
1655534910079417913 6854490
1655534910287278832 7526121
1655534910494358798 6752419
1655534910701283957 6595451
1655534910909399683 7778892
1655534911116673944 6942409
1655534911324103626 7237847
1655534911531503305 7065635
1655534911738921658 7084846
1655534911947042273 7789811
1655534912154535369 7159208
1655534912362438119 7572250
1655534912569812832 7043015
1655534912777142396 6995036
1655534912985040070 7567978
1655534913193415370 8040816
1655534913401244891 7499148
1655534913608418692 6846107
1655534913815765943 7014445
1655534914023736837 7639377
1655534914231209216 7141105
1655534914439007082 7460501
1655534914646374566 7035633
1655534914853887709 7178318
1655534915061932550 7710837
1655534915269293937 7028845
1655534915476641499 7010601
1655534915683563318 6586517
1655534915890727249 6833092
1655534916098801684 7739276
1655534916306043547 6909240
1655534916513061751 6683960
1655534916720116057 6723348
1655534916927238711 6790539
1655534917135094711 7520510
1655534917342610998 7181906
1655534917550636032 7694335
1655534917757931308 6958032
1655534917965243202 6980556
1655534918174373970 8798180
1655534918381501497 6795913
1655534918588526393 6689647
1655534918795665526 6809101
1655534919002710765 6712970
1655534919210465006 7421672
1655534919417654345 6858946
1655534919624747345 6762133
1655534919831989169 6933422
1655534920039416656 7096277
1655534920247283007 7533436
1655534920454489581 6866735
1655534920661573789 6751108
1655534920868916820 7011521
1655534921076082195 6852798
1655534921283853410 7440588
1655534921490799125 6620744
1655534921697900833 6759574
1655534921905072604 6842524
1655534922112075898 6674766
1655534922320132431 7722623
1655534922527157856 6701103
1655534922734253614 6764693
1655534922941047935 6463208
1655534923147965305 6588211
1655534923356047439 7753492
1655534923563109091 6728031
1655534923770030621 6581659
1655534923977093436 6726415
1655534924184019367 6605289
1655534924391387438 7044079
1655534924598444119 6728901
1655534924805319328 6552037
1655534925012339050 6697789
1655534925220287385 7616804
1655534925427987260 7377585
1655534925634904194 6591073
1655534925841611448 6383352
1655534926048128228 6188340
1655534926255701517 7244514
1655534926463128223 7107329
1655534926670925014 7475318
1655534926877647467 6399972
1655534927086936619 8964593
1655534927293808414 6551249
1655534927501163809 7035203
1655534927708613520 7143014
1655534927916363924 7509761
1655534928125521431 8844291
1655534928333262586 7430422
1655534928543633049 10056964
1655534928750500501 6556376
1655534928956597995 5777163
1655534929165447857 8580996
1655534929373205640 7434437
1655534929581697015 8167285
1655534929790479242 8458705
1655534929999612768 8809387
1655534930207950553 8015178
1655534930415356619 7083084
1655534930624035707 8356821
1655534930831516015 7155298