1655533737166164074 191939815
1655533737373883074 7292927
1655533737581025299 6806321
1655533737787923499 6560558
1655533737995567946 7417239
1655533738202462782 6558673
1655533738409322281 6521918
1655533738616274300 6619957
1655533738823125190 6506593
1655533739030788562 7322651
1655533739237749720 6620060
1655533739444803299 6714399
1655533739651670063 6530877
1655533739858684706 6673638
1655533740066471126 7451308
1655533740273377288 6605504
1655533740480175379 6463409
1655533740687067233 6579123
1655533740894193883 6795626
1655533741101993702 7459599
1655533741310150659 7805963
1655533741517159113 6672139
1655533741724269217 6764342
1655533741932899664 8313456
1655533742140569627 7328555
1655533742347733826 6829174
1655533742554859016 6772168
1655533742761948930 6749816
1655533742969014062 6726058
1655533743176892376 7539893
1655533743383912260 6680253
1655533743590950646 6795735
1655533743798040132 6750670
1655533744005089734 6711889
1655533744212491820 7051475
1655533744419521725 6693161
1655533744626398463 6532010
1655533744833360037 6626661
1655533745040524262 6825189
1655533745248556023 7691985
1655533745455583525 6693505
1655533745662816503 6890988
1655533745869777376 6632618
1655533746076732947 6616366
1655533746284586374 7517782
1655533746491540949 6623638
1655533746698499286 6623008
1655533746905416775 6576947
1655533747112337730 6581433
1655533747320780175 8093897
1655533747527727093 6607636
1655533747734797124 6713070
1655533747941812180 6677379
1655533748149020334 6871329
1655533748356819100 7458404
1655533748563763503 6607766
1655533748770814812 6702819
1655533748977972936 6819912
1655533749186298938 7983350
1655533749393774028 7138062
1655533749600824339 6709487
1655533749807864643 6701930
1655533750014665326 6521287
1655533750221677900 6675677
1655533750429059744 7048186
1655533750636226540 6828349
1655533750843213164 6667655
1655533751050694500 7141085
1655533751257687462 6656762
1655533751465657496 7629252
1655533751672660776 6667241
1655533751879716793 6713804
1655533752086756493 6686737
1655533752293885708 6791654
1655533752501792670 7564816
1655533752709266816 7134728
1655533752917270191 7666160
1655533753124250935 6646780
1655533753331987976 7418454
1655533753539780687 7631006
1655533753746718245 6582244
1655533753953745258 6688165
1655533754160875715 6802152
1655533754368067566 6850382
1655533754575689420 7323759
1655533754782874740 6852954
1655533754989896636 6662489
1655533755197371077 7128711
1655533755404480253 6767072
1655533755612339141 7520161
1655533755819425859 6744817
1655533756026771682 7004712
1655533756233796185 6667294
1655533756440859406 6718753
1655533756649331621 8132358
1655533756856476467 6799139
1655533757063473338 6657506
1655533757270444821 6628036
1655533757477477884 6688713
1655533757686113853 8295168
1655533757893237358 6781883
1655533758100430558 6853132
1655533758307630071 6835144
1655533758514635898 6662005
1655533758722419503 7445912
1655533758929551409 6788401
1655533759136621880 6724717
1655533759343940468 6975922
1655533759550862279 6700178
1655533759758734569 7519480
1655533759966638288 7563255
1655533760173738884 6746882
1655533760380895445 6811189
1655533760588191893 6948941
1655533760796007927 7489793
1655533761003283949 6949946
1655533761211278560 7651668
1655533761418571742 6947747
1655533761625666142 6749449
1655533761833624555 7615660
1655533762040749346 6781960
1655533762248306041 7214083
1655533762455807598 7142727
1655533762662790262 6626961
1655533762870692531 7559749
1655533763077803109 6758880
1655533763284933375 6792615
1655533763492094326 6823764
1655533763699149622 6755492
1655533763907724494 8233390
1655533764114849750 6769212
1655533764323207348 8015924
1655533764530325690 6781892
1655533764737495302 6832891
1655533764944900168 7066273
1655533765152411796 7165043
1655533765359652109 6906102
1655533765566724513 6736104
1655533765773707577 6645936
1655533765981534231 7483605
1655533766188802890 6930716
1655533766395923452 6785550
1655533766603017234 6864010
1655533766810404462 7051258
1655533767018646994 7906019
1655533767225802897 6818612
1655533767432899502 6758743
1655533767640112560 6874769
1655533767848386257 7948386
1655533768055904138 7170690
1655533768262953249 6804032
1655533768470091121 6809742
1655533768677101246 6670921
1655533768884280923 6841902
1655533769092173662 7553760
1655533769299272657 6782644
1655533769506439013 6829935
1655533769713506838 6734846
1655533769920833724 6988660
1655533770128944517 7766015
1655533770336084703 6801929
1655533770543046135 6664641
1655533770751369150 7983447
1655533770958491329 6785815
1655533771166271296 7442972
1655533771373416884 6813372
1655533771580954799 7193465
1655533771788254767 6963047
1655533771995406431 6816693
1655533772203233348 7487853
1655533772410163899 6588427
1655533772617338037 6839285
1655533772824483267 6807602
1655533773031597235 6774848
1655533773239736408 7800160
1655533773446836800 6745801
1655533773655255049 8087429
1655533773862309943 6718963
1655533774069635799 6981141
1655533774277577514 7598828
1655533774484725331 6812408
1655533774691968234 6908649
1655533774899382871 7236147
1655533775106533558 6819766
1655533775314396266 7526131
1655533775521531339 6806648
1655533775728903875 7029117
1655533775935977988 6737268
1655533776142931135 6793359
1655533776351748196 8472565
1655533776562845471 10748151
1655533776770174613 6993115
1655533776978506154 7996089
1655533777186050517 7207108
1655533777394008142 7616052
1655533777601234841 6891982
1655533777808356111 6785463
1655533778016386098 7702957
1655533778223562769 6840300
1655533778431679713 7777733
1655533778638875635 6846256
1655533778845969673 6757511
1655533779053155964 6855494
1655533779260475962 6982557
1655533779470546615 9733588
1655533779677771636 6888563
1655533779885036523 6937912
1655533780092431422 7054590
1655533780299764118 6992369
1655533780507757733 7653408
1655533780714930021 6836800
1655533780922211572 6940976
1655533781129380934 6832938
1655533781336556870 6846490
1655533781544306343 7422632
1655533781751623680 6981705
1655533781958876434 6916174
1655533782167489006 8276550
1655533782374730498 6901507
1655533782582401362 7334193
1655533782789591892 6857586
1655533782996895819 6962250
1655533783204038049 6813809
1655533783411249279 6890951
1655533783619273260 7685304
1655533783826529802 6916978
1655533784033755441 6927136
1655533784240905423 6810832
1655533784448147375 6900412
1655533784655717487 7249803
1655533784862722480 6645717
1655533785069843159 6782384
1655533785277205999 7015404
1655533785484299690 6762443
1655533785692242384 7612903
1655533785899344874 6789858
1655533786106529483 6862355
1655533786313961052 7094959
1655533786521126414 6821642
1655533786729035394 7575958
1655533786936309042 6933808
1655533787143562493 6915917
1655533787350670895 6768734
1655533787557865135 6873114
1655533787765995084 7796712
1655533787973261652 6937355
1655533788181381580 7789550
1655533788388488066 6777214
1655533788595656340 6838157
1655533788803576301 7612528
1655533789010710011 6780918
1655533789217880251 6843957
1655533789424923875 6720525
1655533789632286496 7040587
1655533789840314815 7707413
1655533790047565390 6929118
1655533790255162214 7273354
1655533790462912530 7415057
1655533790670234657 6998064
1655533790878577181 8019962
1655533791085806571 6828135
1655533791293039148 6911572
1655533791500317385 6947173
1655533791707506386 6865061
1655533791915439054 7600066
1655533792122390051 6622706
1655533792329502400 6818004
1655533792537193258 7356943
1655533792744716918 7197964
1655533792952768500 7729720
1655533793160407815 7315666
1655533793369265913 8535327
1655533793576767410 7178672
1655533793784353842 7262058
1655533793992178747 7502341
1655533794199179455 6678870
1655533794406881505 7378261
1655533794614413137 7204812
1655533794822485916 7750019
1655533795030478551 7668034
1655533795238064187 7254799
1655533795445529246 7135251
1655533795653041719 7182793
1655533795860687815 7316931
1655533796068561404 7543311
1655533796276110049 7218488
1655533796484022705 7581145
1655533796691427888 7053632
1655533796898729538 6969752
1655533797112635952 13575427
1655533797321233020 8090220
1655533797528315655 6741851
1655533797735874180 7228703
1655533797943111907 6899965
1655533798151419019 7973819
1655533798358616964 6870515
1655533798566531696 7603437
1655533798773862750 6995912
1655533798981402490 7196964
1655533799189418210 7676500
1655533799396912845 7154654
1655533799604897798 7651635
1655533799812428214 7202810
1655533800019873763 7113871
1655533800227677888 7472586
1655533800435398571 7384856
1655533800643608271 7874475
1655533800850958254 7016742
1655533801058530363 7233825
1655533801267041863 8154493
1655533801474529835 7148224
1655533801684074776 9206942
1655533801891582834 7173465
1655533802098898782 6972375
1655533802306554629 7318852
1655533802513897470 7005763
1655533802721730768 7493867
1655533802929089201 7022229
1655533803136602417 7171984
1655533803345620339 8677494
1655533803553164962 7207508
1655533803761291914 7787071
1655533803969378856 7177845
1655533804177990408 8275062
1655533804385274262 6947699
1655533804592611126 7008443
1655533804801251355 8313626
1655533805008656588 7070745
1655533805216371913 7380570
1655533805424509914 7802352
1655533805631943403 7086446
1655533805840162304 7891494
1655533806047840183 7318379
1655533806255410246 7242862
1655533806463324741 7585389
1655533806670887292 7226363
1655533806879486173 8260592
1655533807087140743 7316109
1655533807294799310 7323138
1655533807502671760 7528218
1655533807711542060 8531186
1655533807919968887 8087913
1655533808127245409 6975762
1655533808334804818 7220390
1655533808542753531 7606563
1655533808750083594 6992428
1655533808958437988 8018393
1655533809166069185 7301039
1655533809374778340 8372327
1655533809583243306 8137156
1655533809791158699 7577373
1655533809999429017 7935091
1655533810207185206 7415465
1655533810414765397 7242278
1655533810623798797 8694294
1655533810831736501 7598629
1655533811039857164 7762218
1655533811247460230 7265512
1655533811455206804 7386381
1655533811663378051 7835650
1655533811871097498 7382279
1655533812079476690 8044264
1655533812287125445 7320058
1655533812495089944 7625165
1655533812703349859 7925603
1655533812911590614 7905350
1655533813119930008 8003574
1655533813328978812 8747350
1655533813536803628 7489156
1655533813745158288 8012617
1655533813952808262 7318095
1655533814161274495 8128384
1655533814368902103 7276151
1655533814576533930 7296103
1655533814785297854 8428398
1655533814992990857 7352836
1655533815201235403 7912689
1655533815408843271 7272674
1655533815616308149 7131598
1655533815824532796 7879603
1655533816032334765 7456454
1655533816240692844 8017783
1655533816448458004 7427865
1655533816658116132 9321517
1655533816867560575 9104391
1655533817075257685 7337281
1655533817283392389 7794870
1655533817492286080 8557987
1655533817700096117 7472006
1655533817909135812 8704071
1655533818116851968 7377124
1655533818325123953 7933256
1655533818532640823 7162170
1655533818740446506 7453518
1655533818947963320 7179155
1655533819155282641 6981429
1655533819363514147 7891865
1655533819571268977 7412951
1655533819779945869 8344498
1655533819987359334 7069189
1655533820194694680 6994658
1655533820403716769 8677572
1655533820611865420 7796746
1655533820819710322 7567853
1655533821027242460 7172879
1655533821234790977 7206905
1655533821443167141 8037822
1655533821650827875 7329866
1655533821858637733 7474169
1655533822068200464 9228334
1655533822275810919 7273154
1655533822484433217 8284722
1655533822693677053 8906791
1655533822900961002 6945931
1655533823108814134 7517581
1655533823315990419 6835781
1655533823524572043 8240201
1655533823732502124 7595181
1655533823940277991 7445622
1655533824149358724 8737689
1655533824356706094 7005723
1655533824564705306 7664427
1655533824772499459 7445211
1655533824979964423 7126368
1655533825187908763 7605066
1655533825395563460 7312573
1655533825603837869 7937758
1655533825813458053 9283186
1655533826020870270 7070637
1655533826229854380 8645073
1655533826437176728 6984335
1655533826645219183 7700405
1655533826852671998 7111181
