1619459145305958362 6760
1619459145690587994 8011
1619459146003599053 6545
1619459146183052462 15575
1619459146307479803 7024
1619459146332200514 13382
1619459146450248321 7129
1619459146821338475 6158
1619459146979343328 281
1619459147412584299 6491
1619459147488240308 6206
1619459147629792547 7458
1619459147699408153 6386
1619459147940119559 250
1619459147949085215 6915
1619459148028454888 6866
1619459148801205100 7022
1619459148849407497 6275
1619459148945194103 6556
1619459149036791206 256
1619459149070133271 6532
1619459149076273298 4113
1619459149561249664 199
1619459149598213676 6795
1619459150006620683 211
1619459150024064860 6657
1619459150226539872 6835
1619459150252896602 6364
1619459150303499989 8346
1619459150439091965 6074
1619459150590435691 6702
1619459150642938810 5805
1619459151768771973 6968
1619459151903556162 6752
1619459152557368523 6271
1619459153065638133 5391
1619459153089343894 5829
1619459153333841437 11901
1619459153386165177 5002
1619459153669499603 6201
1619459153705399641 6567
1619459154019509497 6680
1619459154619261211 5693
1619459154698195654 7101
1619459154888259883 6809
1619459154921963080 5263
1619459155106081784 6484
1619459155234014985 6269
1619459155616798934 6585
1619459155764808030 5590
1619459155811863789 6026
1619459156048564259 6770
1619459156066687202 7378
1619459156098121374 7036
1619459156187018527 8145
1619459156204160388 5950
1619459156229337882 6629
1619459156330931536 6719
1619459156339115483 6152
1619459156488343654 6028
1619459156601677529 5746
1619459156675176801 6791
1619459156682752961 5506
1619459156717669309 6428
1619459156944395923 6211
1619459157469119429 6824
1619459157617034620 6743
1619459157964295583 6527
1619459158087734014 6541
1619459158090078946 242
1619459158100083647 7894
1619459158117250960 6998
1619459158362610736 7178
1619459158513845924 6412
1619459158707487344 5997
1619459158744322892 6194
1619459158841247699 7286
1619459158912428854 6998
1619459159020077814 6401
1619459159154585296 5897
1619459159325355710 202
1619459159341744474 5417
1619459159361444902 6605
1619459159580582822 7391
1619459159736262063 6289
1619459159770538273 6838
1619459159900636253 5730
1619459159908261192 5467
1619459160118823790 5526
1619459160262224705 6244
1619459160398411463 13822
1619459160415971063 6409
1619459160662231261 5323
1619459160851523361 6466
1619459160913300573 5682
1619459160953064829 3950
1619459161119942092 6848
1619459161243161518 6035
1619459161327959788 200
1619459161337982070 211
1619459161356019084 7394
1619459161398430562 6061
1619459161478581827 5737
1619459161578649448 6340
1619459161653890190 6717
1619459162310878333 5529
1619459162568537439 6420
1619459163169761593 6808
1619459163292462675 6691
1619459163302507091 8002
1619459163450781332 6758
1619459163659583945 6350
1619459163675204795 6085
1619459163887667345 6163
1619459163937889385 203
1619459164020809335 6557
1619459164028797090 5890
1619459164071711004 201
1619459164155818707 4456
1619459164332453674 5807
1619459164390310010 6407
1619459164434635446 6893
1619459164503880573 6671
1619459164696109941 6130
1619459164767230132 6652
1619459164889134815 5482
1619459164976264421 6864
1619459165260381261 6901
1619459165276598599 5899
1619459165403620078 6694
1619459165619151409 5104
1619459165654451193 7401
1619459165671734396 6356
1619459165704991765 6726
1619459165752372880 6932
1619459165761214451 6742
1619459165778004128 6538
1619459165932379190 13020
1619459165940442105 5944
1619459165991593951 6119
1619459166139614554 6324
1619459166173301187 6229
1619459166180538552 5158
1619459166248833931 6253
1619459166376111717 6328
1619459166402005863 6570
1619459166498926346 208
1619459166519183649 7632
1619459166593065673 5767
1619459166614391745 11806
1619459166622794603 6279
1619459167262131117 5995
1619459167382271270 5287
1619459167443091237 7568
1619459167481012486 6478
1619459167551237514 6671
1619459167560436118 7036
1619459167595804637 6711
1619459167744652592 6687
1619459167863218479 6737
1619459168068747770 6627
1619459168158419020 5982
1619459168242088420 5755
1619459168380232008 6789
1619459168453877297 12481
1619459168471812785 6862
1619459168673031670 7059
1619459169057833285 13320
1619459169127529119 5609
1619459169138125189 6241
1619459169145889424 5670
1619459169304568077 7724
1619459169331587440 7126
1619459169349881646 6761
1619459169503995468 7188
1619459169693374140 7220
1619459169728760080 7048
1619459169754648593 6990
1619459169808830275 7791
1619459169818174706 7262
1619459170314686796 6626
1619459170356038872 6149
1619459170718811673 5460
1619459170974239158 6114
1619459171003256542 5312
1619459171458559986 7065
1619459171554535208 6751
1619459171662785408 197
1619459172009851857 5537
1619459172252790513 6619
1619459172591832151 6288
1619459172662691347 6377
1619459173093388448 6782
1619459173142944160 6167
1619459173291658641 5746
1619459173511251847 6345
1619459173945298983 6725
1619459173970249824 6097
1619459174123750546 5842
1619459174451850002 13126
1619459174457269823 230
1619459174466226629 6922
1619459174511265990 5890
1619459174657265469 6759
1619459174765783372 6795
1619459174871460895 7103
1619459175265302329 5947
1619459175273084328 5721
1619459175624524382 6939
1619459176010628634 6980
1619459176046408809 7073
1619459176167061682 6999
1619459176400100093 6428
1619459176426484121 6149
1619459176658173963 7414
1619459176761791859 9014
1619459177042764700 291
1619459177051894065 7025
1619459177275573512 6815
1619459177567946101 6643
1619459177625090564 6149
1619459177739761506 6391
1619459177774484195 7007
1619459177958629163 6970
1619459178008601653 6671
1619459178136193813 8091
1619459178359375186 6437
1619459179057933198 7376
1619459179131523168 6267
1619459179149452245 6596
1619459179244523571 5277
1619459179723309846 1301
1619459179869569843 7286
1619459180100951849 6445
1619459180164002751 7022
1619459181017083201 7693
1619459181120195463 5760
1619459181129485835 7244
1619459181377511564 5603
1619459181507225133 6840
1619459181642912067 6790
1619459181942328042 6487
1619459181977899017 6844
1619459181995734453 6968
1619459182477368250 6039
1619459182739158120 6303
1619459182922343432 6866
1619459182974248792 7038
1619459183037530525 6691
1619459183450629041 5680
1619459183469067335 207
1619459183486018621 6559
1619459183589664191 5865
1619459183613881014 6660
1619459183724262365 7412
1619459184180349116 6569
1619459184205495312 6859
1619459184320490001 6094
1619459184490212600 6190
1619459185319836408 6153
1619459185344276591 6158
1619459185827566276 6042
1619459186119429818 6766
1619459186217718343 7212
1619459186317450546 6740
1619459186403472189 6673
1619459186480781873 4685
1619459186699978518 6260
1619459186816428129 221
1619459186843077888 6976
1619459186905033014 6946
1619459186921744114 5914
1619459187152554347 6609
1619459187543459898 233
1619459188054083170 7291
1619459188062457786 6268
1619459188153601047 7047
1619459188179443755 6472
1619459189059715998 5797
1619459189068697760 6909
1619459189138354373 5839
1619459189147304999 6827
1619459189211893507 7081
1619459189229690346 6986
1619459189603779408 6224
1619459189858790136 7663
1619459190056940720 7695
1619459190100889110 6578
1619459190591505642 6892
1619459190636791439 6622
1619459190748465501 6420
1619459190831251385 6716
1619459191312356058 7910
1619459191541317645 6629
1619459191549397573 6041
1619459191829439597 6496
1619459191831768277 233
1619459191913305445 6853
1619459191996795506 7369
1619459192005647505 6793
1619459192017663826 7701
1619459192198739015 6854
1619459192269375164 5713
1619459192465260493 6062
1619459192833677369 223
1619459193070939951 6807
1619459193373299681 5816
1619459193522673915 5736
1619459193609126516 6996
1619459193802146744 6117
1619459193953746090 5302
1619459194044672827 7269
1619459194112165746 5909
1619459194231800262 7471
1619459194304130293 6665
1619459194365963226 4912
1619459194818210299 6430
1619459194825604817 5208
1619459194956342480 7628
1619459195126320822 7027
1619459195142911635 5364
1619459195212252889 6646
1619459195487069572 6849
1619459195530903448 6707
1619459195750926900 6725
1619459195849534441 12217
1619459196225244905 7611
1619459196493888120 5470
1619459196889392110 6279
1619459197006273256 5536
1619459197041456953 6355
1619459197271693602 5917
1619459197376650840 6121
1619459197561281178 5987
1619459197613140158 5894
1619459197726409309 7643
1619459197833939633 6337
1619459197904929211 169
1619459198068695173 6531
1619459198296399810 6190
1619459198470401778 6427
1619459199084599923 6672
1619459199284711765 6703
1619459199465300263 5637
1619459199570245012 6170
1619459199715237156 5982
1619459199833844311 6252
1619459199889397780 5448
1619459200030750531 5188
1619459200167769796 6866
1619459200247153926 6505
1619459200847736148 6617
1619459201019320152 6231
1619459201091321757 6944
1619459201285100144 6440
1619459201452905845 6029
1619459201561293302 7410
1619459201689473769 7175
1619459201698101158 6590
1619459202100785668 6650
1619459202234994104 5426
1619459202494191685 6502
1619459202905954890 5876
1619459203067692344 7645
1619459203076644528 6818
1619459203085597557 6861
1619459203218885958 6727
1619459203902403809 6115
1619459203937696655 6695
1619459203946266811 6422
1619459203954645314 6335
1619459204097886707 6380
1619459204254417267 5912
