1619299893610513263 3673
1619299894610511061 3484
1619299895610516120 2513
1619299896610446496 2860
1619299897610472135 3282
1619299898610504969 3460
1619299899610517215 3601
1619299900610505408 3615
1619299901610567968 4136
1619299902610624374 4165
1619299903610510147 3996
1619299904610544948 4126
1619299905610573108 4232
1619299906610504187 4375
1619299907610577880 4051
1619299908610479257 4144
1619299909610568455 4111
1619299910610553408 4110
1619299911610550885 4258
1619299912610538642 4249
1619299913610525745 4104
1619299914610523656 4085
1619299915610499045 4182
1619299916610557361 4052
1619299917610568926 4006
1619299918610524122 4010
1619299919610517075 3974
1619299920610516328 3978
1619299921610467329 4136
1619299922610476138 4069
1619299923610503290 4001
1619299924610457924 3996
1619299925610533625 4058
1619299926610509555 3937
1619299927610487938 4037
1619299928610560657 4015
1619299929610481465 3884
1619299930610565176 3906
1619299931610528536 3905
1619299932610449427 4004
1619299933610538301 4144
1619299934610503250 4045
1619299935610522200 4021
1619299936610554570 4080
1619299937610571729 3999
1619299938610455802 3957
1619299939610496165 4105
1619299940610538946 3933
1619299941610518466 4063
1619299942610528427 4055
1619299943610523700 4078
1619299944610520202 3778
1619299945610480288 3981
1619299946610525268 3877
1619299947610477343 3821
1619299948610569794 3940
1619299949610506631 3917
1619299950610610134 3915
1619299951610454282 3759
1619299952610473059 3836
