1619561840558878923 4854
1619561840646109446 3782
1619561840842613320 3568
1619561840911408410 4409
1619561841027686890 3282
1619561841113199980 3497
1619561841133075092 3536
1619561841847140365 4248
1619561842123646056 3148
1619561842137044383 3656
1619561842150370006 4638
1619561842180603184 4113
1619561842225004749 3503
1619561842251688185 4944
1619561842302178173 4299
1619561842345386319 3803
1619561842452970143 3645
1619561842485338797 4721
1619561842795828737 4755
1619561842821031761 4084
1619561843030342859 2566
1619561843111016952 5128
1619561843441342242 3922
1619561843461737104 4193
1619561843478174510 4272
1619561843785150432 4677
1619561844049489202 2903
1619561844101078742 4069
1619561844473047538 3325
1619561844519297376 3541
1619561844580200878 4184
1619561844800284535 3674
1619561844832720770 4320
1619561844890496717 4637
1619561845031594201 4163
1619561845074744564 3905
1619561845320885674 4992
1619561845483821653 4122
1619561845707383903 3830
1619561845793136296 4724
1619561845887833173 2807
1619561846061151280 5951
1619561846133013181 4017
1619561846349429337 3656
1619561846387632754 4787
1619561846724882443 3744
1619561846777417739 4152
1619561846839269485 4117
1619561846951143983 4786
1619561847075521587 6010
1619561847220040054 3762
1619561847231960664 3744
1619561847418072710 3748
1619561847445750558 3964
1619561847642915275 4076
1619561847672168131 3894
1619561847773778348 5886
1619561847816042911 3055
1619561848002114900 4098
1619561848043964895 2818
1619561848107348608 4961
1619561848157997572 3539
1619561848290391399 4775
1619561848630364161 3474
1619561848710254005 3720
1619561848757705167 6032
1619561849145635370 4118
1619561849430903037 2613
1619561849456506420 5100
1619561849480468127 3833
1619561849500567801 5697
1619561849574975162 4951
1619561849664627625 4523
1619561849754553076 6619
1619561849781390924 4374
1619561849825602409 3683
1619561849906560566 3708
1619561850190272784 3691
1619561850216387080 6502
1619561850335126218 4305
1619561850341736817 4508
1619561850366915900 4839
1619561850392201806 4504
1619561850590053744 3079
1619561850628423874 3596
1619561850688396050 3722
1619561850811697992 4434
1619561850899750745 3924
1619561851051980859 5061
1619561851081651404 4404
1619561851088481751 4691
1619561851233612942 3855
1619561851327729862 3671
1619561851631007465 4445
1619561851736158606 3952
1619561851779401066 3719
1619561851894698736 4311
1619561851926044609 3634
1619561852050705775 3992
1619561852069918882 5257
1619561852084276080 6005
1619561852154918663 4318
1619561852169425376 4039
1619561852208461375 5767
1619561852250269188 7599
1619561852385501656 3968
1619561852611961278 3961
1619561852680486623 4413
1619561852721051398 4163
1619561852754859891 3804
1619561852840827072 4524
1619561852892799161 4403
1619561853230532774 5955
1619561853342895403 4567
1619561853387700490 4197
1619561853518849532 3237
1619561853523621339 2630
1619561853586566101 3777
1619561854291695537 3387
1619561854571581784 4768
1619561854641861469 3139
1619561854836576570 5924
1619561854861374810 4424
1619561854881983272 5958
1619561855053089618 6570
1619561855148170819 4793
1619561855376635940 6906
1619561855502053482 4062
1619561855587487828 3878
1619561855822814942 4118
1619561855969892260 3789
1619561856023729763 4337
1619561856074571687 3916
1619561856139221013 5083
1619561856286995623 3899
1619561856345607702 4275
1619561856388981430 3772
1619561856426302315 5104
1619561856600038534 3951
1619561856685479167 5299
1619561856699600642 3957
1619561856765560212 4038
1619561857255607569 3475
1619561857444932004 5388
1619561857991031491 4151
1619561858076943865 3791
1619561858122968837 4141
1619561858178070977 4042
1619561858247019291 4553
1619561858464579497 4113
1619561858633900422 2818
1619561858711798646 4007
1619561858751212041 3518
1619561858801358986 3827
1619561858888921669 5526
1619561858895716518 4662
1619561859154262121 2931
1619561859237500975 5208
1619561859274263459 3095
1619561859305891895 4748
1619561859455176826 4185
1619561859466905227 4159
1619561859479703091 4404
1619561859486108150 4265
1619561859520857653 5232
1619561859730840050 4017
1619561859869189941 3859
1619561859909487783 6072
1619561860280679015 3021
1619561860334022547 4930
1619561860426907369 4159
1619561860732399889 3914
1619561860779256665 5063
1619561860941184863 3976
1619561861290361850 4456
1619561861418743711 5685
1619561861670728218 4531
1619561861676673223 3863
1619561861700575985 3820
1619561861779229011 4100
1619561861831509997 4551
1619561861913293220 3231
1619561862239753120 4046
1619561862549976132 4360
1619561862789508224 3507
1619561862877487358 4355
1619561862939511797 5179
1619561863032548598 4323
1619561863276514323 3742
1619561863288800062 4951
1619561863322367184 3713
1619561863356240899 4051
1619561863512804286 4232
1619561863579461051 3367
1619561863695710029 4069
1619561863795030962 6836
1619561864382925051 4667
1619561864557155687 7471
1619561864590222845 4005
1619561864739265765 5818
1619561864996129386 4739
1619561865323516646 3105
1619561865460214076 3927
1619561865586399895 5076
1619561865646898669 7872
1619561865674834511 4018
1619561865734026804 3707
1619561865990128308 3928
1619561866004779198 4089
1619561866054650688 3474
1619561866214846376 4409
1619561866252100064 2941
1619561866277874307 4999
1619561866348026992 3164
1619561866616313098 4273
1619561866973378566 7583
1619561867162302792 4616
1619561867180846617 4502
1619561867246657267 4653
1619561867330502846 3547
1619561867467868480 5197
1619561867667465148 4047
1619561867686229415 3896
1619561868028313394 2542
1619561868138918066 3855
1619561868174783935 6358
1619561868230977044 3646
1619561868301024417 6067
1619561868443853719 4271
1619561868514783237 8023
1619561869029109925 2233
1619561869111934821 3418
1619561869156763719 3890
1619561869241942994 6293
1619561869405574519 4954
1619561869437512783 3694
1619561869469570261 4762
1619561869709210685 3592
1619561869722443167 5165
1619561869735547004 3959
1619561870035848917 3868
1619561870368548842 3969
1619561870484732882 4408
1619561870566677145 4973
1619561870607722314 4607
1619561870635023247 5493
1619561870924375320 4210
1619561870989524043 4509
1619561871023148244 4595
1619561871085513663 3241
1619561871265769928 4340
1619561871300166533 5031
1619561871484815453 4497
1619561871628432708 5090
1619561872040484950 4823
1619561872091704696 4092
1619561872130498022 3388
1619561872189563064 3705
1619561872209182244 4094
1619561872289784857 3686
1619561872298661760 6735
1619561872322580194 4755
1619561872705748701 4253
1619561872895901863 3783
1619561873089180483 7614
1619561873343772364 4387
1619561873355705333 3774
1619561873465721401 4524
1619561873515223442 3907
1619561873521533257 4131
1619561873697834889 4050
1619561874240108458 4293
1619561874415414046 3552
1619561874663849189 4034
1619561874880313607 5127
1619561875233650399 3821
1619561875366189978 3985
1619561876095141649 4118
1619561876259964554 4055
1619561876410502087 6295
1619561876489093495 4378
1619561876496344150 5205
1619561876611906199 3804
1619561876731144085 3435
1619561876755990464 2775
1619561876809869932 3181
1619561876914244156 4248
1619561876990737295 3925
1619561877043651745 5279
1619561877154725272 3569
1619561877573024002 3816
1619561877757321919 4569
1619561877795613319 3710
1619561878040632077 4671
1619561878114742277 2449
1619561878323872643 5059
1619561878787538072 6736
1619561878848111830 4167
1619561878866403069 4462
1619561879024738099 5818
1619561879129506829 5920
1619561879224974900 4201
1619561879335567161 4025
1619561879599917306 3896
1619561879606059211 3944
1619561879635054246 4982
1619561879764889483 3777
1619561880003441310 3919
1619561880174964334 4259
1619561880231380881 3922
1619561880237512564 4083
1619561880260919598 4306
1619561880390447028 3689
1619561880732312195 4098
1619561880841195533 3425
1619561880931121281 3528
1619561881045694348 4091
1619561881071701734 3894
1619561881426392323 3923
1619561881497621887 4461
1619561881502228356 2423
1619561881794744850 4341
1619561881821929545 3742
1619561881902846749 3805
1619561881909056946 4149
1619561881935965783 3938
1619561882026441913 4112
1619561882045315412 4689
1619561882100037469 3849
1619561882287128755 3784
1619561882429436022 6586
1619561882453921284 3992
1619561882895691318 5113
1619561882963134564 4611
1619561883188409969 4114
1619561883223386831 4845
1619561883262518374 6164
1619561883385160524 3154
1619561883683577811 5638
1619561883712944967 3582
1619561883840300249 4110
1619561883852309853 3424
1619561883960487178 7280
1619561883991321537 3424
1619561884173393148 4275
1619561884212526075 5376
1619561884345077738 4018
1619561884356611562 3581
1619561884569587982 3414
1619561884577432510 5693
1619561884614751860 4590
1619561884878870976 4178
1619561884982711183 3893
1619561885104042163 2991
1619561885186941639 4880
1619561885237388330 3820
1619561885416740550 5755
1619561885476174975 4106
1619561885490086571 4583
1619561885522391855 4904
1619561885605343979 4030
1619561885733085153 6095
1619561886152571351 5925
1619561886273579512 4158
1619561886335714836 8668
1619561886346932651 3452
1619561886457880429 4280
1619561886475764329 3647
1619561886600003614 5935
1619561886968233098 7290
1619561887117254534 3811
1619561887163192052 3534
1619561887294468552 5658
1619561887608887862 4279
1619561887755280670 4467
1619561887787618668 4406
1619561887913762599 4008
1619561887989086661 4646
1619561888092891431 4451
1619561888659188422 6678
1619561888786744877 4423
1619561889121419956 4486
1619561889170266890 3664
1619561889287184971 2606
1619561889351136819 2530
1619561890000069014 5516
1619561890105428316 6184
1619561890299069441 3981
1619561890561819979 3831
1619561890703313687 4428
1619561890798405316 4376
1619561890811340652 5168
1619561890826921876 3580
1619561890950616195 3371
1619561891099700800 4112
1619561891177295981 4264
1619561891701979414 3804
1619561892111818462 3974
1619561892144128976 4330
1619561892480207115 4884
1619561892813912597 3618
1619561892960820539 4333
1619561893311514647 4940
1619561893572186952 3871
1619561894096121350 4948
1619561894136675822 4869
1619561894415691264 2685
1619561894504989628 3795
1619561894605406623 3583
1619561894639005217 4091
1619561894898952880 6799
1619561895173681131 5944
1619561895611503097 4091
1619561895909492196 6740
1619561895994374047 4699
1619561896103459935 4317
1619561896244904349 3250
1619561896283449274 4376
1619561896301018080 8822
1619561896306950843 3858
1619561896323343721 3644
1619561896467719413 3293
1619561896554572173 8091
1619561896566373366 3170
1619561896818758135 4378
1619561896979026981 5662
1619561897038508324 4363
1619561897060634702 7530
1619561897239604160 3842
1619561897301531207 4515
1619561897536594286 7619
1619561897682694662 3365
1619561897799462810 2775
1619561897832317125 3553
1619561897959861970 5262
1619561898017442101 3863
1619561898129315654 4871
1619561898171221517 4514
1619561898302909809 4202
1619561898407345772 3388
1619561898502913574 5544
1619561898510877623 5923
1619561898620024996 4679
1619561898709179333 3787
1619561898918233191 4422
1619561899302991127 4281
1619561899427029196 3807
1619561899477048114 6128
1619561899648507510 3622
1619561899796444631 3740
1619561899840544941 4009
1619561899918632043 4566
1619561899954594036 3597
1619561900042659633 5283
