1619558806864264237 3680
1619558806949480651 4779
1619558807080772680 4704
1619558807107895289 4689
1619558807227737672 5889
1619558807239772602 3725
1619558807251827008 4383
1619558807299231979 4143
1619558807325624208 3791
1619558807339873363 5516
1619558807508676750 4110
1619558807748945368 3856
1619558807791596712 3247
1619558807817341857 3987
1619558808036266953 3210
1619558808264247620 4611
1619558808374709142 4742
1619558808399889812 3860
1619558808488088482 3891
1619558808513504272 3889
1619558808554241462 3796
1619558808573598409 4771
1619558808709386996 4970
1619558808714777048 3202
1619558808770966026 3717
1619558808841627962 3961
1619558809355839387 5871
1619558809369125685 5105
1619558809616352890 3636
1619558809761238792 5132
1619558809788329866 6673
1619558809991481282 6396
1619558809998330641 4760
1619558810012048371 4079
1619558810265833610 4085
1619558810315058681 4034
1619558810421894406 4550
1619558810487923074 4971
1619558810499957330 4431
1619558810525566604 3444
1619558810547242173 6984
1619558810737503463 3852
1619558810881411213 3938
1619558811024908190 3763
1619558811285917504 3485
1619558811291587324 3588
1619558811388414148 3987
1619558811441949480 4489
1619558811569855454 3658
1619558811590869911 4259
1619558811642547647 3637
1619558811647700988 3014
1619558811800716616 5306
1619558812241260804 7634
1619558812626199333 4131
1619558812713156580 4367
1619558813058094248 4068
1619558813079227996 6556
1619558813275910099 3418
1619558813490275372 4342
1619558813801646514 3541
1619558813848051902 4277
1619558814033658823 3532
1619558814052686689 4142
1619558814097781929 5140
1619558814396493362 4045
1619558815148333125 5276
1619558815161815868 4956
1619558815380747368 6220
1619558815398076798 4297
1619558815618441154 4969
1619558815696808453 12643
1619558815727429607 4577
1619558815785912918 4256
1619558815857793988 3904
1619558816056202394 5889
1619558816067580538 2946
1619558816238388480 4094
1619558816296849415 2744
1619558816748746565 4389
1619558816769571785 6182
1619558817037057351 4222
1619558817269768979 4851
1619558817301952964 2421
1619558817467835543 3232
1619558817480563224 4347
1619558817653300921 4195
1619558817686766633 3162
1619558817797215623 4343
1619558817991000336 8488
1619558818537237118 3745
1619558818660618043 6011
1619558818784261290 4570
1619558819332315892 4042
1619558819350919376 2776
1619558819372832774 4239
1619558819577877264 3414
1619558819596833572 3625
1619558819741394742 4577
1619558819799830232 3941
1619558819962669295 4289
1619558819977028760 6430
1619558820046602865 4559
1619558820058663064 3982
1619558820304421729 4479
1619558820470128670 3954
1619558820591047236 3865
1619558820617716433 3890
1619558820686431624 8095
1619558820779425361 7049
1619558821028882518 3330
1619558821035090578 4011
1619558821478715835 3220
1619558821701545047 4179
1619558821834526608 2660
1619558822100755346 4466
1619558822224105623 4114
1619558822304378267 4278
1619558822332182478 6563
1619558822471966808 4669
1619558822525106460 4309
1619558822555070487 4176
1619558822769133516 4097
1619558822884515105 3976
1619558823450171282 3668
1619558823536526175 3438
1619558823572871715 3669
1619558824121114079 3430
1619558824394018941 2758
1619558824609688715 2901
1619558824617865305 5973
1619558824664189464 8084
1619558824688381087 4160
1619558824968983412 4132
1619558825028420116 4991
1619558825041672332 5059
1619558825097027310 3785
1619558825462272135 4345
1619558825536384914 4991
1619558825542376633 3800
1619558825667553057 3139
1619558825908151588 4894
1619558825914660884 4415
1619558826040617602 4102
1619558826353152502 4389
1619558826399700243 4146
1619558826514627181 4602
1619558826571521798 4376
1619558826748952745 3705
1619558826754708524 3715
1619558826770065382 5163
1619558826832444499 6583
1619558826998590654 3027
1619558827173758007 3612
1619558827305256201 4098
1619558827356564624 4447
1619558827431583118 3910
1619558827459926136 4934
1619558827656015914 3627
1619558827813816228 3660
1619558827841196209 4438
1619558827875105886 4233
1619558828084970946 4696
1619558828195323506 5234
1619558828275793853 3896
1619558828400994918 3884
1619558828465087774 3783
1619558828504702391 3584
1619558828509540744 2699
1619558828667585598 4343
1619558828738875343 3706
1619558829109213885 3702
1619558829322045716 2725
1619558829344113030 6871
1619558829657145099 4123
1619558829662984484 3777
1619558829786286679 4678
1619558829813520573 5499
1619558829941136727 6137
1619558830058017674 3616
1619558830082136720 4443
1619558830185487848 3570
1619558830283881548 4192
1619558830354016950 5024
1619558830422904912 9273
1619558830601482722 4192
1619558830779497747 4882
1619558830859099304 4308
1619558830973590689 4709
1619558831184269425 3420
1619558831282124578 2927
1619558831510330223 4989
1619558831776703116 6159
1619558831959275709 4230
1619558832025876199 3935
1619558832266385095 4162
1619558832460996621 4311
1619558832543841991 4763
1619558832622574095 5301
1619558832723152020 3889
1619558832815517563 4206
1619558833246181280 3571
1619558833272852396 3600
1619558833408192378 3165
1619558833455640862 6520
1619558833757548144 4452
1619558833808041556 3854
1619558833886760085 4690
1619558833969076498 2622
1619558834028859482 3765
1619558834114321635 4174
1619558834290290166 4180
1619558834481622174 4276
1619558834728840765 3981
1619558834829497133 4037
1619558834851647826 6012
1619558835127239901 4672
1619558835245412994 3858
1619558835408376523 5030
1619558835535312958 5056
1619558835541355892 3993
1619558835644700715 4121
1619558835801116224 4245
1619558835956076292 3645
1619558836011133545 3457
1619558836129648449 3987
1619558836180180485 3599
1619558836245283468 4450
1619558836728288079 6770
1619558836857576550 4228
1619558836946537911 3809
1619558837227811629 4273
1619558837411247885 6938
1619558837491749841 6458
1619558837736050094 3223
1619558837837951272 4912
1619558838027487287 4033
1619558838209867415 4383
1619558838365891038 4708
1619558838498086278 4637
1619558838727364677 4621
1619558839016024166 4909
1619558839045290763 3493
1619558839203533658 4050
1619558839462344962 3627
1619558839841051749 4121
1619558840097717955 4848
1619558840189693294 2869
1619558840336473732 4298
1619558840342751154 4237
1619558840429992140 3902
1619558840442359571 3939
1619558840512724139 3357
1619558840533049393 4644
1619558840699682393 4261
1619558840708406964 6656
1619558840953967735 5496
1619558841095665028 5650
1619558841175644559 3715
1619558841201350271 3529
1619558841255139081 3877
1619558841442968666 3975
1619558841530328978 5677
1619558841555619434 4106
1619558841666476179 4702
1619558841905678704 3622
1619558841923955693 4275
1619558841988868405 4579
1619558841995814905 4807
1619558842093756984 4510
1619558842134663155 4877
1619558842178128030 2746
1619558842253602759 3628
1619558842284947366 3560
1619558842311848655 4207
1619558842566099969 3498
1619558842604369874 4022
1619558842831321585 5119
1619558842842674333 4482
1619558842896382567 7514
1619558843310327931 5661
1619558843432012429 3907
1619558843452380101 3731
1619558843470750040 4153
1619558843575579141 3931
1619558843640330541 3524
1619558843777663986 4674
1619558843844499412 3847
1619558844011305393 4331
1619558844057208759 3535
1619558844458604041 4278
1619558844567098060 4199
1619558844653232744 4364
1619558844675248058 6719
1619558845083124622 3806
1619558845158784718 4116
1619558845190764745 4309
1619558845587017398 4502
1619558845916952430 3302
1619558845963576753 4733
1619558846004943512 5824
1619558846333589063 4347
1619558846379356159 4076
1619558846451709204 4331
1619558846457824070 4069
1619558846559679316 3034
1619558846635942249 4389
1619558846688017014 4036
1619558847001331864 4350
1619558847146701434 4036
1619558847338622139 2789
1619558847416258701 2947
1619558847566919390 4009
1619558847594099679 4389
1619558847865984218 5013
1619558847949997646 4140
1619558848128145559 4504
1619558848208670862 4371
1619558848313510982 3961
1619558848325548939 3697
1619558848593319992 4301
1619558848817096579 3463
1619558848882430067 3793
1619558848979585251 4843
1619558849010718438 3523
1619558849055399637 4001
1619558849429254475 3913
1619558849469386832 6100
1619558849481367634 3666
1619558849500272245 4169
1619558849551841984 5376
1619558849638041482 4298
1619558849813581528 4129
1619558849881845558 7381
1619558850262860572 3871
1619558850271726773 6801
1619558850340943572 5960
1619558850347866018 4754
1619558850353669738 3658
1619558850366105797 3447
1619558850472965353 5977
1619558850536538119 4382
1619558850588367108 9584
1619558850726165264 4515
1619558851034833331 6097
1619558851134205123 4010
1619558851209598289 4848
1619558851262004740 3918
1619558851267972011 3911
1619558851348205346 3868
1619558851414267039 3665
1619558851468502377 3886
1619558851722430377 4123
1619558851857026543 4608
1619558851951942276 6006
1619558852009747674 4035
1619558852312109341 3564
1619558852509267383 2671
1619558852641804125 3777
1619558852713973029 4457
1619558852733104031 3883
1619558852780191140 3397
1619558852804352782 3824
1619558853001482913 4142
1619558853013389546 3937
1619558853273625930 4352
1619558853305358415 4518
1619558853594894806 3254
1619558853696517621 4612
1619558853708240894 4248
1619558853772449268 3711
1619558853968854194 6821
1619558854097851291 6001
1619558854110446220 3923
1619558854142445757 4571
1619558854258536752 4172
1619558854337626963 2927
1619558854356630231 3995
1619558854394124081 3456
1619558854512269331 4291
1619558854772296345 3702
1619558855023475190 5967
1619558855383724838 3869
1619558855818246644 3199
1619558855874225979 5325
1619558855891521319 3668
1619558855948084696 3899
1619558855962630895 6081
1619558856284267475 4125
1619558856376913223 4362
1619558856574826311 5703
1619558856746323240 3904
1619558856814306375 4196
1619558857163655788 4256
1619558857574209568 3820
1619558857939530591 4022
1619558858330728478 4086
1619558858467282685 5164
1619558858485298965 3138
1619558858821648869 2943
1619558858863542749 4254
1619558858916463647 5627
1619558858942299882 4633
1619558859151581383 3656
1619558859203729444 4420
1619558859281297361 4194
1619558859408327406 3948
1619558859486872122 3695
1619558859502893666 6647
1619558859721365245 4179
1619558859753353539 3308
1619558859785938962 3898
1619558859835763100 3910
1619558859936371295 6023
1619558860516705983 5980
1619558860596806539 5657
1619558860684879682 3970
1619558860762153761 6994
1619558860947867607 4309
1619558861348235324 3738
1619558861563843277 3463
1619558861590643884 4407
1619558861596076109 3291
1619558861720477464 6303
1619558861788234821 4551
1619558861902962066 4016
1619558861939762660 5919
1619558862082851011 4461
1619558862301574219 4085
1619558862310461661 6828
1619558862316612162 3925
1619558862354877155 3387
1619558862394475750 5586
1619558862577580289 3406
1619558862637362492 6243
1619558862660812532 4041
1619558862704557514 3391
1619558862725278762 4914
1619558862754621240 7973
1619558863064597763 4238
1619558863149262995 5323
1619558863197146181 4530
1619558863504519390 4406
1619558863587474438 4325
1619558863640375106 3434
1619558863646216482 3781
1619558863870449747 3826
1619558863922194176 4062
1619558863962137483 2658
1619558863980838215 3942
1619558864057012557 3158
1619558864249135307 4752
1619558864268732453 6157
1619558864482129886 4300
1619558864588615783 4345
1619558864681056696 4526
1619558864919314668 7154
1619558864950280507 3370
1619558865137490065 4135
1619558865143239680 3702
1619558865207041144 4079
1619558865212195062 2977
1619558865278675972 6014
1619558865380887296 2645
1619558865422122881 6238
1619558865436790149 6459
1619558865465754460 7000
1619558865503100880 3330
1619558865523913849 3946
1619558865818940240 3825
1619558865852564029 6166
1619558865945373275 3125
1619558865952908587 5395
1619558866018896024 4302
1619558866059661183 4037
1619558866096614686 4755
1619558866102954988 4203
1619558866242819430 4798
1619558866249322708 4371
1619558866318987945 7318
1619558866356023716 4814
