1619562819911979182 4295
1619562820123441086 6550
1619562820587819495 7389
1619562820842116986 5934
1619562820947425650 6024
1619562821289935986 7118
1619562821428218155 5625
1619562821639867196 6934
1619562821738451529 8797
1619562821764442869 8991
1619562822148309057 6308
1619562822369053582 7564
1619562822617988339 33241
1619562823179917174 6263
1619562824618579542 5324
1619562824864593780 6271
1619562824915550865 14819
1619562824947636939 4058
1619562825047543571 6102
1619562825146579701 7330
1619562826167101332 5461
1619562826470595532 8323
1619562826639879576 7064
1619562827041636167 5726
1619562827094292523 5151
1619562827435151880 9536
1619562827531136502 5471
1619562827659330309 4124
1619562827688985556 7378
1619562828261413697 5880
1619562828712964445 23130
1619562828758015042 5076
1619562828819261397 6755
1619562829121256273 5794
1619562829219157435 4614
1619562829239226773 9870
1619562829279839149 10274
1619562829692076942 6204
1619562829713260537 10980
1619562829838827152 9186
1619562830606862505 5133
1619562830657360143 8546
1619562830995062174 5438
1619562831063224353 4490
1619562831148575104 8456
1619562831242850193 5424
1619562831289381086 4437
1619562831362347970 12657
1619562831644501843 10703
1619562831732210737 8728
1619562831776380811 9610
1619562832169711152 5142
1619562832241688892 6816
1619562832283631009 6595
1619562832340501119 8184
1619562832546556261 5050
1619562832608436087 6348
1619562832762487508 5145
1619562832904218030 8375
1619562832948171956 9075
1619562832996727501 7319
1619562833088366685 5408
1619562833159622067 6482
1619562833250740276 5354
1619562833496090607 5291
1619562833763137915 7152
1619562833878495800 5795
1619562833909666004 7507
1619562834044027481 6659
1619562834202438650 8992
1619562834261874348 5594
1619562834318610959 5391
1619562835029801723 4776
1619562835087280752 4724
1619562835498236702 6620
1619562835679220976 5926
1619562836104692971 8749
1619562836151910709 7860
1619562836198402254 3823
1619562836269249715 7285
1619562836716781603 5971
1619562836751272781 7857
1619562837112239106 14324
1619562837474911690 7170
1619562837519571359 6102
1619562837543519831 11562
1619562837577430646 5526
1619562837630448988 7126
1619562837651873686 11060
1619562837680458329 7043
1619562837907105241 8764
1619562838565259227 8969
1619562838573183178 5775
1619562838729061196 8112
1619562838812152781 7014
1619562838896160825 5437
1619562838901824188 3586
1619562838908450304 4537
1619562838965068602 6724
1619562839236154173 7577
1619562839636841925 5718
1619562839670089391 5542
1619562839676876952 4708
1619562839793249977 9404
1619562840187338204 6625
1619562840241926755 6028
1619562840297691114 7920
1619562841054186230 5901
1619562841325044817 5615
1619562841513283491 8988
1619562841880980992 10283
1619562841937102965 6688
1619562841945457202 6157
1619562842150607880 6093
1619562842176987459 5376
1619562842540710701 7563
1619562842567693818 6814
1619562842936019477 6976
1619562842950996276 5299
1619562843071268075 5382
1619562843097059099 7117
1619562843691564720 8993
1619562844457863055 6161
1619562845230589288 7942
1619562845387818125 4931
1619562845439447123 5451
1619562845504431583 7069
1619562845647892028 6760
1619562845949616784 5939
1619562846026410138 4107
1619562846243164462 5570
1619562846269766926 7439
1619562846549957198 5078
1619562847218464166 9545
1619562848049429363 6439
1619562848117120031 19285
1619562848328301646 7707
1619562848335895803 5454
1619562848447985344 4764
1619562848607171838 6989
1619562848943349885 4643
1619562849141711087 6325
1619562849321640287 5139
1619562849352339027 10375
1619562849483009093 5803
1619562849543397394 6003
1619562849887155253 13442
1619562849930637382 2758
1619562850093705185 8119
1619562850170745159 3390
1619562850231225908 4901
1619562850538566563 7876
1619562850605611771 6857
1619562851200661770 6694
1619562851269018068 5769
1619562851518075061 5648
1619562851650842929 4748
1619562851683108969 5935
1619562851730052947 4522
1619562852072598276 7231
1619562852433335655 4009
1619562852492542671 6259
1619562852664196421 9806
1619562852713315983 7903
1619562852722474606 7101
1619562852774890012 5080
1619562852964214561 9066
1619562853041175830 5971
1619562853291884160 9651
1619562853412032417 5543
1619562853548114520 5187
1619562853622599808 7199
1619562854093463371 6379
1619562854234346191 6399
1619562854459456335 8769
1619562854726759636 6911
1619562854925414063 7179
1619562855037929650 5768
1619562855661019290 4472
1619562855825849338 5797
1619562856024176420 7971
1619562856243305083 5833
1619562856398582866 5561
1619562856448406351 8163
1619562856460651933 10142
1619562856674380595 6842
1619562856846251598 7819
1619562857027711981 10307
1619562857160803369 10646
1619562857382265887 7548
1619562857514243556 6408
1619562857529061990 4476
1619562857628343335 5504
1619562857672277201 5024
1619562858191412844 4194
1619562858328827365 7303
1619562858727273397 4564
1619562858941866360 6530
1619562859213667645 17730
1619562859223277715 7494
1619562859312216823 12604
1619562859417874037 7380
1619562859429066482 8995
1619562859556670706 9046
1619562859725617216 6308
1619562859744592483 7573
1619562859957810676 6147
1619562860005474329 6631
1619562860378260294 8506
1619562860441312828 7437
1619562860489670753 4801
1619562860665815922 5430
1619562860747756567 11113
1619562860898597167 5021
1619562860916796077 6510
1619562861018535496 11509
1619562861199062842 9027
1619562861497491076 4698
1619562862254893925 7640
1619562862457294034 9111
1619562862639619999 6171
1619562862696940906 3783
1619562863082540824 7658
1619562863150895834 7193
1619562863166880976 13906
1619562863227567382 4830
1619562863303565414 6450
1619562863344839965 5773
1619562863445187008 6217
1619562863557417584 7924
1619562863580477584 9332
1619562863976203454 5677
1619562864587905086 5582
1619562864698694764 6553
1619562864749978944 6997
1619562864757135168 5113
1619562865104335354 5918
1619562865258212111 5967
1619562865326789910 6439
1619562865424256931 4416
1619562865673263426 4707
1619562865697540351 3721
1619562865784937732 4829
1619562865924996631 5004
1619562866269734655 6354
1619562866374737428 7679
1619562866438188853 8504
1619562866520707464 11296
1619562866597449092 7477
1619562866733410283 6406
1619562866868927633 9567
1619562866905469789 4740
1619562866948142630 6436
1619562866990449471 6781
1619562867360943301 6488
1619562867373232727 10209
1619562867831790682 5360
1619562867857586929 6908
1619562868189542979 9230
1619562868415748732 10641
1619562868825239449 11589
1619562869602981409 4409
1619562869741852503 7072
1619562869759097229 5579
1619562870071931414 11573
1619562870143722407 5733
1619562870269016870 16164
1619562870316018407 3316
1619562870468106333 6494
1619562870509655809 9788
1619562870534725399 7625
1619562870671624116 5998
1619562870678492156 4644
1619562870689023276 8420
1619562870921586060 6918
1619562871053788923 7832
1619562871144362267 5078
1619562871630017541 8513
1619562872042960519 6484
1619562872214006339 7027
1619562872247928208 6678
1619562872367872874 9254
1619562872891698157 5320
1619562873385966721 6553
1619562873757524548 9448
1619562873789173604 8218
1619562873971008503 4681
1619562874021850402 8616
1619562874141468184 5620
1619562874185987916 6310
1619562874287250044 5447
1619562874410681178 20031
1619562874419319050 6553
1619562874479336439 5858
1619562874641642312 8636
1619562874777302499 8277
1619562875717593538 8105
1619562875793848628 5841
1619562875913474980 5419
1619562875987110403 5443
1619562876273597183 6347
1619562876512730206 6505
1619562876906975275 5287
1619562877011873576 13818
1619562877051742299 6879
1619562877087690994 6960
1619562877181079576 7720
1619562877252158646 5949
1619562877268751952 5153
1619562877907475629 13073
1619562877925765644 6788
1619562878214997381 4262
1619562878242905885 6158
1619562878284692854 10433
1619562878370566298 5445
1619562878571332032 6903
1619562878591598719 8211
1619562878656482951 5639
1619562878664334355 5814
1619562878713633622 7063
1619562878809413506 13267
1619562878934066841 4518
1619562879167756663 8277
1619562879227271372 6433
1619562879259069413 7967
1619562879291009666 4513
1619562879483211926 4281
1619562879513288590 11319
1619562879570623700 6219
1619562879702962012 6680
1619562879885050191 6134
