1619563129514355346 8264
1619563129531825200 8261
1619563129852298325 4916
1619563130026021634 10711
1619563130229219246 5274
1619563130356112468 6499
1619563130432317861 7422
1619563130692977344 9315
1619563130769838306 7059
1619563131062406336 9019
1619563131367740736 6968
1619563131562557940 8116
1619563131635907590 6307
1619563132068601582 8496
1619563132233974988 6509
1619563132527225795 6297
1619563132718425910 6014
1619563132849795664 4033
1619563133233006125 5421
1619563133334970882 5901
1619563133442503082 6497
1619563133857373861 7616
1619563133875017875 5951
1619563133935329792 9356
1619563133951129365 4717
1619563134168483302 4963
1619563135074714090 10766
1619563135329932850 6886
1619563135522745901 9257
1619563135558516118 6725
1619563135765344849 8319
1619563135814327317 17753
1619563136356608075 6271
1619563136373802527 6716
1619563136557465828 5619
1619563137258737779 4412
1619563137446631496 6111
1619563138016192118 10384
1619563138477393583 11519
1619563138640722782 7107
1619563138896121098 7525
1619563139107239053 6470
1619563139128736855 8509
1619563139693068990 8087
1619563139833568103 7856
1619563139863487570 8437
1619563140030317593 6176
1619563140353572580 9479
1619563140459520316 7909
1619563140466656234 5024
1619563140886070316 7656
1619563141111719420 28156
1619563141187814974 7328
1619563141211534610 8768
1619563141408671273 6071
1619563141696606092 11840
1619563141868962261 7303
1619563141970014305 8853
1619563142347559961 6902
1619563142893647841 6067
1619563143333110544 6923
1619563143560724160 8719
1619563143663132041 4659
1619563143914121466 11581
1619563143964263823 4892
1619563144046491960 8430
1619563144955577182 6289
1619563145090791557 11172
1619563145352316489 5289
1619563145383964491 4991
1619563145646918541 6448
1619563146083083433 5728
1619563146139668597 8217
1619563146278518082 5440
1619563146344418768 6700
1619563146433893437 7596
1619563146495699642 7314
1619563146591866629 6423
1619563146775940958 6367
1619563147020560073 6485
1619563147839189494 7256
1619563148097965595 11081
1619563148187961948 4885
1619563148419312084 6982
1619563148433699722 6134
1619563148831449577 7173
1619563148869948400 5954
1619563149451672473 5332
1619563149525501064 6978
1619563149872610445 5401
1619563149967190640 5391
1619563150177010784 6356
1619563150280699020 6064
1619563150298504897 6556
1619563150862554560 8780
1619563151109843022 8058
1619563151128391570 8311
1619563151243835910 5918
1619563151626287711 8000
1619563151649547433 5393
1619563152155774952 5407
1619563152338350106 5771
1619563152348807050 8311
1619563152658223329 7313
1619563153055380048 9120
1619563153188745864 4266
1619563153222394265 10311
1619563153338066794 8671
1619563153360916059 5688
1619563153412510380 19848
1619563153477300633 6116
1619563153672836395 5887
1619563153817594942 5244
1619563153825282782 5656
1619563154028856094 6592
1619563154107767413 7039
1619563154501235370 7026
1619563155053556037 7114
1619563155073620943 6216
1619563155297912841 6424
1619563155352815703 6761
1619563155791826944 10300
1619563156663306981 7691
1619563156974727361 8693
1619563157108641188 5989
1619563157174043096 3981
1619563157984266900 5660
1619563158113550713 14000
1619563158186845619 5643
1619563158217027670 10233
1619563158339769236 6953
1619563158396510228 7974
1619563158621741537 8201
1619563158647990899 5094
1619563158789818699 7058
1619563158806757445 6922
1619563159183171774 5100
1619563159291191870 6438
1619563159547310341 5512
1619563159698895864 5713
1619563159714654173 13699
1619563159739367898 6234
1619563159814964356 8945
1619563159866007980 7553
1619563159910315278 28483
1619563160014412390 14621
1619563160172409280 6499
1619563160729971703 5667
1619563160891530830 5591
1619563160987816153 8592
1619563161084812991 9876
1619563161603271680 5466
1619563162019905731 4943
1619563162067341452 5604
1619563162627745313 7214
1619563162725517918 6678
1619563162740010932 5409
1619563162913349444 14258
1619563162970576690 6150
1619563162978059835 5418
1619563163124538460 4875
1619563163181727312 5154
1619563163463919595 6156
1619563163718695657 10231
1619563163790460723 3419
1619563163808658815 8502
1619563163996646130 6365
1619563164050009336 7687
1619563164579558038 7866
1619563164816007059 19199
1619563165387242137 5601
1619563165477092393 6318
1619563165485515766 6330
1619563165573506160 5716
1619563165703350822 5100
1619563165817642047 8654
1619563165852417584 6457
1619563165903540873 8116
1619563166094093578 8002
1619563166109857013 5467
1619563166419599042 6163
1619563166458092809 5199
1619563166486673033 7395
1619563166730906559 5412
1619563167038747682 10400
1619563167520319750 8099
1619563167563390860 7661
1619563168020265244 7823
1619563168053405650 7991
1619563168061385515 5943
1619563168152695701 6149
1619563168230270914 10965
1619563168472513985 9094
1619563168662331153 10234
1619563169021610863 6173
1619563169566432414 7007
1619563169684948169 8106
1619563170698575514 7118
1619563170757223249 8105
1619563170813531448 12094
1619563171297552346 12621
1619563171344500702 12163
1619563171495106622 9292
1619563171611201438 11638
1619563172265224499 7303
1619563172488572508 8709
1619563172787689099 8628
1619563173314401703 19343
1619563173657097330 6972
1619563174123746172 5839
1619563174382546818 4710
1619563174582840842 7954
1619563174685629680 9691
1619563174890130162 5328
1619563175065574240 6128
1619563175119651342 5182
1619563175543970777 5602
1619563175634111215 6492
1619563175960279583 6757
1619563176327168889 5387
1619563176422546634 6058
1619563176449030763 6954
1619563176466625421 8823
1619563176540962745 5124
1619563176548809420 5758
1619563176694737364 8102
1619563177563389462 5637
1619563177943769384 6492
1619563178238702540 7133
1619563178375270527 7829
1619563178504040723 4567
1619563178633024472 5021
1619563178674597936 6020
1619563178855215882 6877
1619563179068413024 7506
1619563179097248185 8001
1619563179333937301 4381
1619563179939376378 9277
1619563179988333917 10700
1619563180298833978 5806
1619563180587977456 5630
1619563180782715724 5985
1619563180790916768 6026
1619563180993596199 9017
1619563181124256851 7454
1619563181443245009 7065
1619563181565315436 4509
1619563181647431625 8995
1619563181684649692 7494
1619563181778164482 7499
1619563181943339558 7323
1619563181956121534 5672
1619563182117626282 4975
1619563182142189709 5711
1619563182342604176 8717
1619563182771719547 3364
1619563182786930501 6139
1619563182812397814 9444
1619563182922786145 7563
1619563182954387249 7025
1619563183479533787 5558
1619563183545738495 8892
1619563183583541120 4760
1619563184081125927 5392
1619563184179925916 5910
1619563184595779917 7056
1619563184993824323 8031
1619563185009492980 13592
1619563185044390487 5614
1619563185136794059 9478
1619563185158766749 5852
1619563185259392641 8085
1619563185303331823 5654
1619563185312860818 7433
1619563185456782956 6306
1619563185702467505 9904
1619563185788778736 4274
1619563185861766978 5334
1619563185879983084 7135
1619563186007852859 10411
1619563186060814747 11276
1619563186076048306 6070
1619563186150869425 7036
1619563186291073270 5891
1619563186424781942 4876
1619563186678236890 6323
1619563186696228091 8473
1619563187237724840 9478
1619563187275066503 7580
1619563187473425054 6078
1619563187788850859 7232
1619563187892478375 6469
1619563188006983872 7828
1619563188073584962 8974
1619563188152395864 6032
1619563188161843796 7418
1619563188173394845 9470
1619563188180972986 5529
1619563188271826431 10427
1619563188365277675 7012
1619563188400782782 8429
1619563188436307915 7742
1619563188641757782 6061
1619563188931719831 3682
