1619563885210762018 5993
1619563885752895503 7636
1619563885843505475 5970
1619563886017354177 7287
1619563886342584229 8131
1619563886626912805 8607
1619563886690858212 7197
1619563887116843928 10019
1619563887660246691 47325
1619563887962011665 43236
1619563888490229223 8605
1619563888613609611 6471
1619563889160333191 45291
1619563889169007615 6530
1619563889583536423 7290
1619563889687070495 7509
1619563890180199531 8651
1619563890197106887 6263
1619563890255061099 36580
1619563890471270252 6053
1619563890580604510 11029
1619563890810356056 4955
1619563890860130527 18908
1619563891417797600 5774
1619563891813226078 5984
1619563892024042402 9683
1619563892517848441 11646
1619563892957657834 18986
1619563893069869173 6334
1619563893366063379 6641
1619563893521383081 8766
1619563893997694534 9628
1619563894191209901 10800
1619563894496488734 6789
1619563894741489752 11772
1619563895187918036 8647
1619563895437119101 7216
1619563895867588467 6948
1619563896034846256 9016
1619563896060898673 6114
1619563896244943873 10949
1619563896639539106 10355
1619563896921673576 8702
1619563897175911235 7657
1619563897333699631 8672
1619563897667548428 5386
1619563897784820432 10627
1619563898007243402 6883
1619563898156440139 10583
1619563898321847172 10054
1619563898366624662 7116
1619563898393431777 7594
1619563898465187752 9640
1619563898659297945 4679
1619563898668715858 7282
1619563898792729868 7552
1619563899235927959 5804
1619563899624708679 7258
1619563899887831288 7419
1619563900213849217 6454
1619563900380350595 9218
1619563900535758271 5313
1619563900642054313 6692
1619563901098138704 6893
1619563901326505175 10945
1619563901405691297 7713
1619563901599678358 7189
1619563902473311362 7041
1619563902624114621 7628
1619563902872388710 9115
1619563903015055528 7166
1619563903057774014 17072
1619563903245965360 7959
1619563903466147471 4824
1619563903682057302 9581
1619563903898371238 8429
1619563904062074275 10701
1619563904242841992 8247
1619563904403790760 10252
1619563904573905611 6329
1619563904595191540 6790
1619563904649462733 8314
1619563904992792919 10802
1619563905138203959 7259
1619563905433313948 7588
1619563905873886940 5927
1619563905921018245 6266
1619563906393635362 6251
1619563906441676150 6284
1619563906923283847 5196
1619563907072072042 6901
1619563907140919573 10203
1619563907150183960 7093
1619563907274568979 8020
1619563907452575130 9026
1619563907564406731 5806
1619563907599505488 7015
1619563907648084596 6443
1619563907876370891 7868
1619563908060684079 13464
1619563908254247981 7539
1619563908423996692 14077
1619563908862750725 10541
1619563908918016285 5653
1619563909664922052 5818
1619563909774685539 5858
1619563909834633877 8004
1619563910003259900 5743
1619563910352894233 9475
1619563910538808567 9306
1619563910893589399 5509
1619563910922304712 15652
1619563910930761173 6293
1619563911252757765 16781
1619563911977085661 13312
1619563912108828418 5965
1619563912460045813 6007
1619563912666854055 6711
1619563912730537609 8567
1619563912762312109 19720
1619563912926489462 8185
1619563913071313369 10578
1619563913088750472 6305
1619563913096834086 5915
1619563913256887832 21876
1619563913282898762 6095
1619563913620599029 5878
1619563913768012762 5919
1619563913933936995 9035
1619563914132891541 5740
1619563914303536579 9980
1619563914332501948 4562
1619563914574637404 6431
1619563914780236841 7598
1619563914800308658 7605
1619563914857732175 21029
1619563914921540065 10690
1619563915097624799 8368
1619563915228553566 8333
1619563915481596142 5249
1619563915605134694 7931
1619563915713774212 5469
1619563915731771144 7653
1619563915947665263 5536
1619563916189606179 10140
1619563916331385632 8299
1619563916357573059 24151
1619563916718831859 7517
1619563916889798436 7620
1619563917160521808 13781
1619563917234269863 4926
1619563917285012431 9969
1619563917417656247 4869
1619563917476496883 8321
1619563917845667309 4588
1619563918180014309 8870
1619563918241246399 5869
1619563918258064112 14683
1619563918369474564 6832
1619563918489409094 8770
1619563918706205984 9864
1619563918967349911 5214
1619563918983740391 5211
1619563919411230421 6051
1619563919800748783 3960
1619563920145592291 6040
1619563920197942215 4968
1619563920692187513 7042
1619563921010381118 5341
1619563921201475570 6374
1619563921264730606 6946
1619563921523885246 9496
1619563921600402305 7764
1619563921788837331 6930
1619563922119881586 5701
1619563922156101785 11453
1619563922324029589 7052
1619563922999696420 8561
1619563923059927005 11008
1619563923150596259 8316
1619563923177925596 8067
1619563923251495410 8295
1619563923656245801 11524
1619563924163652475 5155
1619563925101535912 7791
1619563925119851122 7925
1619563925171813626 8127
1619563925232258063 10095
1619563925958342058 33067
1619563926010962222 6656
1619563926237506707 5453
1619563926342110005 9029
1619563926437918574 8410
1619563926471993150 8856
1619563926823374956 10103
1619563927060390904 24949
1619563927237082843 5378
1619563927504938267 8273
1619563927710670296 7395
1619563928511178736 6778
1619563928653781867 14260
1619563929169148680 6948
1619563929244881324 6457
1619563929478438294 8642
1619563929998784211 11257
1619563930041714734 7156
1619563930372602775 8238
1619563930591862372 9386
1619563930628514367 7549
1619563930756068262 7252
1619563930931614919 8165
1619563931094537591 6409
1619563931293796693 7907
1619563931585984822 6251
1619563931616279839 10193
1619563931703829660 8850
1619563931828441880 9491
1619563931836793307 6308
1619563931994380235 6802
1619563932150191845 17999
1619563932621916486 4628
1619563932780603048 9529
1619563933299583967 9510
1619563933601459152 9061
1619563933674368879 3871
1619563933974465694 5405
1619563934238414760 13247
1619563934461869880 6533
1619563934527878022 9530
1619563934773490543 6956
1619563934781726819 6188
1619563934968045589 5069
1619563935107907791 7356
1619563935124498784 6061
1619563935424225008 7838
1619563935477802450 4418
1619563935506813969 10103
1619563935715290768 9851
1619563935840111696 9208
1619563936063103165 7875
1619563937230195885 8838
1619563937367455791 7387
1619563937506552428 8579
1619563937560062763 10048
1619563937950356438 8544
1619563938580031914 10908
1619563938960215698 9397
1619563939042884961 8987
1619563939139062216 7199
1619563939767038627 4984
1619563940031417432 6568
1619563940061330228 7936
1619563940135476308 12335
1619563940170320134 6489
1619563940196558258 8278
1619563940337195688 8417
1619563940931770985 7409
1619563941002453422 8757
1619563941175861812 8003
1619563941196055061 7684
1619563941265693565 13191
1619563941337275618 5633
1619563941467625702 5334
1619563941723559565 6283
1619563942144686844 7695
1619563942426646524 4974
1619563942623929266 7339
1619563943181848210 7440
1619563943410913859 10890
1619563943520430403 6364
1619563943706714803 6580
1619563943782622714 7278
1619563943813214251 8338
1619563944223153424 9078
1619563944391946570 6095
1619563944468002714 6858
1619563944539664804 7132
1619563944566368091 6772
1619563944974693260 10839
