1619558664835248420 4057
1619558664857486776 2245
1619558664925593763 4076
1619558665105163171 3640
1619558665182166222 4909
1619558665235241936 3681
1619558665269143632 2973
1619558665442388903 4572
1619558665454438405 4212
1619558665606149023 3806
1619558665976644381 3021
1619558666037691778 4181
1619558666048675800 3588
1619558666092288491 3716
1619558666120585205 3721
1619558666187049311 2804
1619558666216057676 3089
1619558666359064858 3734
1619558666371011946 3814
1619558666416315964 3059
1619558666548441552 3744
1619558666584313431 3943
1619558666846527052 3488
1619558666858314088 3010
1619558666882949906 3639
1619558666947212793 3235
1619558667086187892 4852
1619558667097720284 3992
1619558667208845303 4895
1619558667215092063 4121
1619558667415010419 2767
1619558667593360656 4501
1619558667782760497 2969
1619558667950394110 4336
1619558667957261578 4832
1619558668055920463 5216
1619558668182117497 2888
1619558668299477169 3648
1619558668549250095 3432
1619558668674572810 3837
1619558668744562544 4204
1619558668873679765 5058
1619558668998118793 3752
1619558669017332847 4945
1619558669033974656 3413
1619558669051612960 3010
1619558669067662162 3677
1619558669225497566 3704
1619558669263282898 5625
1619558669438030671 3692
1619558669543324391 4206
1619558670095531718 4478
1619558670186336502 4876
1619558670577092886 3629
1619558670645038000 3536
1619558670694956687 3833
1619558670836189009 3922
1619558671020551309 3727
1619558671093535739 4673
1619558671105042632 3677
1619558671134523980 3174
1619558671268852359 3869
1619558671360357024 4447
1619558671409120505 3555
1619558671432850187 4314
1619558671607062674 3240
1619558671742462257 3628
1619558671763294737 4212
1619558671985178070 3135
1619558672186044183 3854
1619558672390047196 5466
1619558672590626688 3448
1619558672608461052 4981
1619558672773874515 3409
1619558672829176650 3022
1619558673028424144 3265
1619558673065898273 4950
1619558673142407266 3739
1619558673214955349 4133
1619558673491091147 3649
1619558673836229852 3268
1619558673891293034 3942
1619558674071808678 3257
1619558674262515149 3082
1619558674304382114 4265
1619558674320685323 3079
1619558674412789380 5176
1619558674870432349 10086
1619558674953474678 4320
1619558675049837884 5500
1619558675082333313 3251
1619558675276606980 3972
1619558675313825810 5285
1619558675342621423 3625
1619558675418178634 3581
1619558675535333265 4850
1619558675676724058 3306
1619558675731468843 4691
1619558675766171414 2090
1619558675778329589 3611
1619558675833061562 4112
1619558676194426298 3090
1619558676249252671 3467
1619558676255462639 3954
1619558676323317071 4869
1619558676381301688 3835
1619558676528233158 3674
1619558676822691648 4360
1619558676892886833 3750
1619558676929829442 3757
1619558676950868980 5957
1619558676986805256 3551
1619558677217685343 3204
1619558677277122087 3646
1619558677282929677 3618
1619558677389285331 3838
1619558677584447396 3666
1619558677605407036 3965
1619558677766931451 5031
1619558677821165212 2940
1619558677831253580 2878
1619558677952071329 4145
1619558677988235865 3475
1619558677993093024 2787
1619558678109505976 3142
1619558678302482812 2618
1619558678418042308 3870
1619558678441721022 4511
1619558678463142638 5368
1619558678566782048 4539
1619558678837655947 5226
1619558679193394522 3638
1619558679229545863 3455
1619558679296229970 4020
1619558679396007573 3776
1619558679488185363 2213
1619558679536959418 3073
1619558679621504246 3681
1619558679764174075 3957
1619558679902759074 4871
1619558680183033513 4087
1619558680193450750 2615
1619558680503631648 5960
1619558680633830421 3797
1619558680874094345 3650
1619558680972200191 3968
1619558681016371424 5793
1619558681145380507 4196
1619558681316883285 5590
1619558681329266250 3698
1619558681409951610 6272
1619558681416079607 3869
1619558681427413817 3728
1619558681635887343 3538
1619558681871824970 3191
1619558682101015439 3954
1619558682489634668 3414
1619558682561006833 3677
1619558682989113479 5230
1619558683370800029 6448
1619558683375347054 2394
1619558683594664170 3920
1619558683678132931 2804
1619558683925604833 3153
1619558684004810855 4238
1619558684704248622 4609
1619558684912319757 3698
1619558684941780317 4321
1619558684998142593 3375
1619558685294445059 4211
1619558685312070208 2391
1619558685428087296 2486
1619558685439517514 2783
1619558685757966606 4792
1619558686026009880 3482
1619558686071328535 3084
1619558686090208699 4750
1619558686236000254 3194
1619558686469837719 2988
1619558686505457653 3517
1619558686531494036 4228
1619558686541300608 3255
1619558686595804515 4937
1619558686682907220 3581
1619558686701014465 3467
1619558686806446649 3927
1619558686882080665 3817
1619558686894801346 4184
1619558686937267564 4356
1619558687190744695 3300
1619558687225243407 3969
1619558687237129474 3805
1619558687290261176 3052
1619558687310173353 4509
1619558687442273905 3921
1619558687448808676 4432
1619558687481015538 3684
1619558687570261468 2870
1619558687744929459 4276
1619558687822093275 4392
1619558688100206254 3412
1619558688141243949 3601
1619558688165525952 4284
1619558688321783254 4826
1619558688399950893 3704
1619558688411920049 3598
1619558688545011313 3738
1619558688568837997 3521
1619558688829697964 4054
1619558689225991853 3386
1619558689281975265 3814
1619558689318624338 3956
1619558689526948555 3012
1619558689589673145 3142
1619558689615457627 4374
1619558689774448673 4381
1619558689816237157 3504
1619558689897939088 3391
1619558689916694052 5243
1619558689929225644 3956
1619558690034378442 4170
1619558690053291488 5686
1619558690120923563 3278
1619558690271010111 3620
1619558690541025872 2853
1619558690609226921 3972
1619558690681171719 3780
1619558690777825375 4221
1619558690887288127 5215
1619558690990952338 4262
1619558691014923616 4375
1619558691137798728 5336
1619558691174808881 3392
1619558691271765226 3706
1619558691455637590 3231
1619558691562258015 3857
1619558691686920882 4068
1619558691829960868 3584
1619558691939813974 3916
1619558692015057346 4736
1619558692036891442 3548
1619558692079355774 4017
1619558692172399300 4430
1619558692292981243 5665
1619558692380291809 4502
1619558692745741176 3935
1619558693143227776 3556
1619558693203668736 3358
1619558693264868939 4777
1619558693525466273 3397
1619558693681868702 4197
1619558693908991102 3740
1619558693938971540 3708
1619558693983289927 4228
1619558694010365416 5145
1619558694057666521 3003
1619558694245627260 3313
1619558694318693774 2779
1619558694323780960 2889
1619558694623897281 4228
1619558694715241827 5267
1619558695252091438 5270
1619558695257674282 3432
1619558695313626114 4218
1619558695399492755 4776
1619558695469291108 3650
1619558695481699365 3971
1619558695524008168 3480
1619558695569427756 3669
1619558695695750293 4567
1619558695784716883 4567
1619558696046657796 4582
1619558696080232341 5015
1619558696111445032 4500
1619558696223125972 4102
1619558696283317284 4265
1619558696314591482 3611
1619558696326467968 3667
1619558696470915964 3159
1619558696548352232 5871
1619558696554516905 3965
1619558696697302892 3694
1619558697178544217 3967
1619558698022712881 2649
1619558698137445420 4077
1619558698185790385 4399
1619558698478334571 3040
1619558698945901641 4670
1619558699106985917 4127
1619558699167501586 3732
1619558699338360631 4341
1619558699773594863 4385
1619558699816370031 4627
1619558699911788870 4866
1619558699980327061 4056
1619558700089422589 4923
1619558700499921801 3828
1619558700540113518 4152
1619558700583846596 4271
1619558700714190447 4910
1619558700785232022 3343
1619558700804534231 3835
1619558701015754052 5057
1619558701245139703 3846
1619558701330357097 4137
1619558701336236290 3725
1619558701836290773 4145
1619558701888489967 5109
1619558701921312321 4166
1619558702203048237 3962
1619558702278690220 4005
1619558702345933732 4020
1619558702394627979 3473
1619558702683443282 4214
1619558702708412766 3717
1619558702750839875 3435
1619558702756174649 3192
1619558702804763037 3986
1619558702810965197 4052
1619558702979510840 5437
1619558703111431071 4247
1619558703117201152 3737
1619558703280699696 3329
1619558703315677235 4084
1619558703551215241 3403
1619558703601638935 4148
1619558703850584966 3815
1619558704065840461 4669
1619558704077959928 4027
1619558704412994683 7048
1619558704480451476 4363
1619558704719661726 3813
1619558705146595725 3943
1619558705157794642 2562
1619558705298082273 3633
1619558705372884799 3522
1619558705581212924 3998
1619558705656497854 5368
1619558705874494081 5007
1619558705911459956 3711
1619558705947219965 6753
1619558705965950083 4024
1619558705972097243 3941
1619558706115452968 3969
1619558706216703258 4439
1619558706267116617 4148
1619558706506424830 4429
1619558706589829785 3981
1619558706785688699 4486
1619558706887979835 3778
1619558706994363624 2247
1619558707130130861 3481
1619558707205867226 4078
1619558707546370413 4422
1619558707652328761 4671
1619558707707830843 3643
1619558707840622801 3714
1619558708036253765 3868
1619558708266821888 3419
1619558708363131050 4078
1619558708562223921 3782
1619558708570253898 5952
1619558708628126438 3736
1619558708652402682 3678
1619558708797631026 5307
1619558709076429517 3436
1619558709110616539 7380
1619558709194169935 5122
1619558709199335411 2985
1619558709281567184 2737
1619558709293170197 3932
1619558709337043720 3603
1619558709356567758 3703
1619558709382198002 3831
1619558709447566223 3632
1619558709540691029 4257
1619558709756669562 3246
1619558709898400814 4323
1619558709912201483 3673
1619558709967154558 3717
1619558710058976920 3306
1619558710205013020 3709
1619558710252673817 3586
1619558710454141842 3880
1619558710477961555 3801
1619558710509157644 3626
1619558710718742146 3465
1619558710858933309 3845
1619558710876337860 4430
1619558711004359252 4919
1619558711109687775 4100
1619558711384617144 3319
1619558711632258202 3433
1619558711638288606 3918
1619558711885574189 4127
1619558711917724684 3818
1619558711923001197 3133
1619558712339575429 3456
1619558712541531704 4315
1619558712678340118 2987
1619558712876303956 5238
1619558712980418571 3550
1619558713160519106 3943
1619558713178781694 4409
1619558713351568462 3973
1619558713424467356 4465
1619558713559396399 4028
1619558713601536082 3274
1619558713791062216 3616
1619558713987067893 5987
1619558714104935718 3952
1619558714181618877 3611
1619558714528841207 3939
1619558714821669741 3733
1619558715042421871 3567
1619558715289251538 3055
1619558715478265002 3880
1619558715484352520 4043
1619558715556102664 4259
1619558715606902796 4006
1619558715713373566 3286
1619558715800123763 3439
1619558716080157574 4264
1619558716719052981 6104
1619558716804339725 4089
1619558716835614831 4354
1619558716966096378 4091
1619558717159864190 3043
1619558717238165660 4489
1619558717464529371 4066
1619558717608015193 2256
1619558717735809749 3732
1619558717741850088 3893
1619558717889492561 3942
1619558717914912692 4147
1619558718054305313 4657
1619558718116174242 3698
1619558718170388744 2821
1619558718341841148 3722
1619558718347550755 3663
1619558718515051034 2674
1619558718587056247 3775
1619558718686463816 4063
1619558718692563904 4005
1619558718799397526 3578
1619558718862087353 3449
1619558719068734920 3243
1619558719082226802 5417
1619558719099487246 4006
1619558719270688924 3535
1619558719303180191 3758
1619558719315661459 4254
1619558719321522988 3715
1619558719397253663 4273
1619558719409113103 3286
1619558719480357326 4464
1619558719552955917 4556
1619558719601085748 3520
1619558719954502423 2902
1619558720208761002 3908
1619558720386425337 5154
1619558720567571082 3860
1619558720703834068 2388
1619558720993452879 7043
1619558721046154323 3944
1619558721165630266 3375
1619558721357015640 4318
1619558721419073254 5616
1619558721513553155 3746
1619558721638794029 3513
1619558721809446680 3660
1619558721963452817 4052
1619558722098754577 4264
1619558722283650263 3495
1619558722387350407 6416
1619558722487638753 3984
1619558722492353658 2509
1619558722537447203 3970
1619558722556637890 4225
1619558722571419451 2660
1619558722647046162 4097
1619558722714556129 3667
1619558722742223880 2960
1619558722837838124 3726
1619558722979534049 4834
1619558723418314710 4048
1619558723544396588 3234
1619558723682208183 3887
1619558723751264980 3605
1619558723757271581 3862
1619558723899559312 3055
1619558723935857229 3592
1619558723951005140 5478
1619558723970416208 3675
1619558724093741940 2125
1619558724110922202 3629
1619558724296652308 3768
1619558724319854384 4127
1619558724452301857 3260
1619558724469073203 3437
1619558724474775622 3659
