1619548331685816647 4267
1619548331722154394 3548
1619548331829826569 3424
1619548331932663365 3580
1619548331997385620 4220
1619548332168575025 3604
1619548332380073978 3743
1619548332567557059 3402
1619548332647133998 3792
1619548332782078072 4154
1619548332846138402 2418
1619548333041235527 3489
1619548333333373492 5760
1619548333650694692 4005
1619548333827569918 3844
1619548333834285332 4570
1619548334099673386 3167
1619548334245271061 5199
1619548334291881830 3331
1619548334418834054 4201
1619548334425096218 4110
1619548334659269897 4447
1619548334725163722 3804
1619548334997220276 3581
1619548335019646978 3794
1619548335025898257 4197
1619548335067112203 2939
1619548335098002861 3894
1619548335604353134 4354
1619548335622674361 4058
1619548335720913480 3555
1619548335809574915 4084
1619548336123365895 2246
1619548336302127140 2190
1619548336307714624 3448
1619548336446235501 2999
1619548336491955770 3378
1619548336647832404 2520
1619548336662140177 6810
1619548336667494237 3240
1619548336864308511 3874
1619548336953377162 4288
1619548336970662174 3119
1619548336982579704 3732
1619548337023474245 3901
1619548337076647085 4115
1619548337211299942 3817
1619548337251149839 3598
1619548337352381288 3914
1619548337522310873 3922
1619548337544888031 3271
1619548337671856567 2187
1619548337799987388 2199
1619548337912147371 5847
1619548338156528396 5454
1619548338242487437 3431
1619548338464441653 2291
1619548338519282468 3637
1619548338657076810 3526
1619548338745971218 3641
1619548338826611462 3833
1619548338876960089 2556
1619548339061115723 3673
1619548339426376599 2839
1619548339651064131 4818
1619548339688233639 3392
1619548339693608276 3277
1619548340474177569 3754
1619548340551363260 3477
1619548340632504595 3357
1619548340770579742 4189
1619548340930905532 3568
1619548340942456325 3612
1619548340959012075 3698
1619548340975260886 3697
1619548340981697060 4301
1619548341194493112 2476
1619548341939988250 3999
1619548341987020582 2753
1619548342760368389 2549
1619548342766742574 4264
1619548342921858687 2638
1619548342986277781 3402
1619548343406177221 3473
1619548343541111444 4089
1619548343546934929 3658
1619548343685375084 2926
1619548343797218100 5380
1619548343809314271 3336
1619548343815141197 3710
1619548343853058675 4096
1619548343949070568 2914
1619548344082719958 3350
1619548344159632309 2476
1619548344325356881 4228
1619548344356647507 7273
1619548344374370441 2189
1619548344408820892 4471
1619548344549043927 2625
1619548344627205954 4363
1619548344632979325 3581
1619548344719765824 3863
1619548345089477308 3868
1619548345150258976 4752
1619548345164574238 4589
1619548345248995810 1983
1619548345292830820 3830
1619548345298683048 3812
1619548345905874371 3594
1619548346226075279 4248
1619548346296617054 3243
1619548346482860569 3750
1619548346522880757 4199
1619548346527943961 2832
1619548346627659626 3405
1619548346715770322 2443
1619548346830875371 5048
1619548346876457047 3319
1619548347010905493 4208
1619548347232033232 2214
1619548347263984038 6499
1619548347457352799 3781
1619548347717063910 3079
1619548347819450556 3556
1619548347829575371 2362
1619548347971690459 3278
1619548348040826240 3775
1619548348081470550 3149
1619548348087171314 3519
1619548348140434758 3625
1619548348249821626 5286
1619548348471544183 3917
1619548348522300594 3674
1619548348591636464 2292
1619548348718906683 3030
1619548348870157451 3964
1619548348965244464 2666
1619548349104702683 3387
1619548349458097612 3916
1619548349463396649 3256
1619548349491722383 3693
1619548349508214910 3686
1619548349643265490 4357
1619548349675403460 5028
1619548349804322322 3528
1619548349871538862 4078
1619548349942293102 3854
1619548350161696701 6509
1619548350299362225 3394
1619548350429113868 3082
1619548350483989624 3121
1619548350555075614 3659
1619548350566446487 3058
1619548350582293901 3691
1619548351168264114 3568
1619548351213292826 4081
1619548351358208343 3830
1619548351391387240 4271
1619548351408718849 3593
1619548351439585081 3329
1619548351457417768 3704
1619548351553895365 4343
1619548351571033819 4865
1619548351796267889 3801
1619548351858090581 2450
1619548351889366473 3368
1619548352005549163 3744
1619548352226756627 3815
1619548352449319397 4247
1619548352543614049 3991
1619548352562232373 4198
1619548352716709780 3819
1619548352791557418 4313
1619548352902280607 3094
1619548352991105722 3941
1619548353026733489 3969
1619548353032516241 3714
1619548353136480359 2379
1619548353418728242 4114
1619548353472391795 4064
1619548353494674152 2675
1619548353505742535 3519
1619548353526347303 1991
1619548353731237954 3644
1619548354222297629 4190
1619548354336133489 4390
1619548354347973820 4065
1619548354478363388 3822
1619548354512558603 3975
1619548354564222667 3643
1619548354575743009 3354
1619548354614570687 2159
1619548354625068586 2940
1619548354642265094 3642
1619548355107421355 2991
1619548355164421546 3616
1619548355208393998 3363
1619548355475335743 3123
1619548355516825288 3348
1619548355650818420 4012
1619548355853699654 3873
1619548355870839934 3803
1619548356020321789 2692
1619548356080549008 5157
1619548356220006390 2879
1619548356301075552 3770
1619548356404685968 2637
1619548356436825824 3409
1619548356796000120 2971
1619548356862234726 3432
1619548357124800328 3662
1619548357222886202 3661
1619548357234863898 3815
1619548357380314832 3484
1619548357391680617 3433
1619548357397852644 4135
1619548357402630390 2691
1619548357505375996 3528
1619548357611482619 3044
1619548357695895264 4331
1619548357920343850 3688
1619548358038743751 2410
1619548358112424288 3738
1619548358237349622 3680
1619548358316104829 3679
1619548358322026503 3840
1619548358328389724 4335
1619548358398793418 3960
1619548358539451278 4587
1619548358602888057 3007
1619548358685091066 3748
1619548358928920783 3752
1619548359100531038 4180
1619548359365699684 2712
1619548359558861245 3020
1619548360327964104 2121
1619548360352603219 3536
1619548360423521906 3734
1619548360473688074 5263
1619548360722699925 3789
1619548360767049215 4750
1619548360824207985 3623
1619548360869885567 3276
1619548360918934922 3465
1619548360973784701 4393
1619548361249341942 3082
1619548361377213633 2737
1619548361425226433 4511
1619548361518164029 3332
1619548361679703133 3535
1619548361867563241 3582
1619548362199567889 3262
1619548362608586915 3737
1619548362699479057 3572
1619548363190454085 3989
1619548363241973267 3320
1619548363351994992 3131
1619548363400727764 3804
1619548363457620952 3961
1619548363503477163 3391
1619548363643913409 5386
1619548363683024229 3181
1619548363766250280 4651
1619548363795773944 3569
1619548363849179658 4428
1619548363920316339 3550
1619548363937478494 4004
1619548363980604112 4246
1619548363989213897 2153
1619548364000944109 4030
1619548364100883230 3535
1619548364746837394 3679
1619548364780263615 2685
1619548364797777493 3872
1619548364820772303 3217
1619548364904589299 3360
1619548365029671816 3791
1619548365176889556 5018
1619548365243745130 2880
1619548365247849835 2018
1619548365259017729 3645
1619548365413179938 3681
1619548365454415190 5162
1619548365580042976 4255
1619548366116565061 3819
1619548366536442977 3061
1619548366654899984 3831
1619548366771778295 3323
1619548366949173431 3496
1619548367072371805 3820
1619548367139053223 3181
1619548367163134332 3643
1619548367194370062 3834
1619548367356686140 3880
1619548367362332449 3592
1619548367560194304 4715
1619548367565924025 3519
1619548367594178150 3807
1619548367629785343 3778
1619548367709447613 3606
1619548367726292271 3132
1619548367755823400 3264
1619548367816287902 3597
1619548367964324600 3210
1619548368116317096 3655
1619548368232898630 4023
1619548368244119138 3324
1619548368281831834 4072
1619548368670611359 3272
1619548368712788413 1889
1619548369186224695 2648
1619548369289322210 3244
1619548369314738669 2797
1619548369589299798 3731
1619548369623187811 4085
1619548369650257779 2948
1619548369803511487 3000
1619548369826846921 3076
1619548369845937219 5112
1619548369983902577 3626
1619548370000249227 2453
1619548370088633898 4201
1619548370190960032 3902
1619548370239232125 4378
1619548370353677237 3865
1619548370368931772 2353
1619548370461466383 2330
1619548370734728810 3332
1619548370830871500 5971
1619548370836792544 3733
1619548370923167281 3761
1619548371083676753 4204
1619548371130739730 2504
1619548371136989654 4115
1619548371393392216 3039
1619548371450956714 3898
1619548371678010640 4245
1619548371690881479 4310
1619548371701136897 3709
1619548371726530504 2233
1619548371864727784 2644
1619548371903962388 5163
1619548371916048635 3769
1619548371931720114 1795
1619548371937358781 3600
1619548372009922268 3704
1619548372027261619 4874
1619548372180713401 3423
1619548372454756026 4259
1619548372466952058 3816
1619548372682209469 3820
1619548372706646349 3918
1619548372815915468 4026
1619548372949789520 3244
1619548373061263676 4545
1619548373386292345 4193
1619548373474413344 2705
1619548373628862606 3541
1619548373699340628 5237
1619548373764089925 3782
1619548373809584445 3522
1619548373978176568 4351
1619548374321368245 3184
1619548374327419084 3982
1619548374344828449 3702
1619548374484358594 3959
1619548374490241060 3858
1619548374537876587 3746
1619548374734893307 3037
1619548374850208959 2569
1619548375211618062 3741
1619548375284791217 3794
1619548375465509165 4338
1619548375509950768 3676
1619548375554855311 3626
1619548375604658079 2705
1619548375651611982 4172
1619548375743315000 3928
1619548375830697689 3678
1619548375990486825 5614
1619548375996350677 3811
1619548376112229135 3639
1619548376135050449 4805
1619548376144407211 7241
1619548376167434595 4057
1619548376387795009 3841
1619548376556728623 2542
1619548376574082524 4405
1619548376825283404 4180
1619548376845684948 3134
1619548376998008618 3916
1619548377077105947 3807
1619548377165639769 4176
1619548377502500527 3685
1619548377820993778 3876
1619548377981201190 4471
1619548378243047208 3847
1619548378575657034 2982
1619548378946937924 3455
1619548379069836502 3544
1619548379127991944 3336
1619548379321024945 4345
1619548379888758652 6157
1619548379936195038 4430
1619548379969764616 4432
1619548380148324557 3763
1619548380186512372 3325
1619548380238483228 3322
1619548380244559723 3932
1619548380339442472 3762
1619548380607458510 3094
1619548380613109771 3500
1619548380747265455 3567
1619548380978540239 3687
1619548381049351093 3704
1619548381144863544 4098
1619548381162351596 3447
1619548381249788864 4280
1619548381317547380 6176
1619548381532508335 3326
1619548381544095356 3741
1619548381747939709 2012
1619548381919468204 4137
1619548381931056246 3753
1619548381982944147 4027
1619548382107897991 4064
1619548382132532845 4192
1619548382384903472 3280
1619548382479647423 2071
1619548382586264632 3405
1619548382598180263 3797
1619548382686854560 4879
1619548382984298992 4081
1619548383054862763 3753
1619548383211534619 3617
1619548383618788523 3979
1619548383677604606 3805
1619548383716609984 3752
1619548383792104714 3863
1619548383858615630 3869
1619548384091629086 3497
1619548384191577989 3548
1619548384292112697 3705
1619548384335567215 4032
1619548384555064770 4178
1619548384584147778 3677
1619548384714662480 2096
1619548384855004458 3402
1619548384918583761 3831
1619548384930095459 3966
1619548384942015425 3903
1619548384958751368 3474
1619548385187700189 4035
1619548385193148975 3269
1619548385338162048 3572
1619548385541512040 3084
1619548385811165271 3505
1619548385935059067 3650
1619548386070485534 6616
1619548386253843862 3407
1619548386354449769 3414
1619548386360464723 3846
1619548386373032501 4219
1619548386378545237 3478
1619548386496733082 3544
1619548386835021584 3700
1619548386923425417 8559
1619548386934926686 3822
1619548387281125755 3366
1619548387414522349 3655
1619548387488833342 3872
1619548387571199308 5708
1619548387582360401 3396
1619548387629165260 2718
1619548387755987075 3184
1619548387790734696 4047
1619548387838501230 3786
1619548387875110129 3955
1619548388094894378 3959
1619548388154620441 3584
1619548388176547544 2971
1619548388228383719 3372
1619548388413312421 2868
1619548388432404905 4235
1619548388479926081 4317
1619548388496507987 3384
1619548388592668495 4732
1619548388610172852 3524
1619548388800859153 3592
1619548388862765000 3529
1619548389190840405 3982
1619548389235515883 4120
1619548389446525292 3114
1619548389535329006 3366
1619548389767158910 2232
1619548389955380863 3184
1619548390059703089 3694
1619548390325883379 3869
1619548390425269226 2062
1619548390645373800 3618
1619548390739941068 3399
1619548390745937818 3840
1619548390773359496 4086
1619548390805993401 3119
1619548391025827776 4331
1619548391084157378 2932
1619548391359124492 3402
1619548391364800128 3549
1619548391490218414 3990
1619548391547666786 3445
