1656102871989523148 0
1656102872991084841 0
1656102873992526962 0
1656102874993653799 0
1656102875994788163 0
1656102876995936679 0
1656102877997065338 0
1656102878998222778 0
1656102879999335921 0
1656102881000469949 0
1656102882001570546 22
1656102883002915027 158
1656102884004022499 176
1656102885005589400 177
1656102886006804205 179
1656102887007802532 170
1656102888008807911 167
1656102889009289077 173
1656102890010518319 180
1656102891011846787 169
1656102892013062102 172
1656102893014444990 172
1656102894014812548 172
1656102895015917768 145
1656102896017132758 159
1656102897018499028 177
1656102898019806027 166
1656102899020915459 175
1656102900022093975 175
1656102901022814898 167
1656102902023811523 174
1656102903024983358 172
1656102904026181946 173
1656102905027411828 179
1656102906028593231 166
1656102907029808916 173
1656102908030910295 180
1656102909031803838 172
1656102910032816302 172
1656102911033800967 171
1656102912034915768 171
1656102913035806352 176
1656102914036828713 173
1656102915038117089 178
1656102916038808867 174
1656102917039804883 168
1656102918041054515 173
1656102919042250648 166
1656102920042805633 172
1656102921043816894 170
1656102922044900960 165
1656102923046076536 174
1656102924047315096 180
1656102925048509342 173
1656102926050041447 173
1656102927050804325 160
1656102928051809366 174
1656102929052810241 168
1656102930054009948 169
1656102931054810744 168
1656102932055937444 161
1656102933057199343 164
1656102934057820185 169
1656102935058927342 177
1656102936059848349 176
1656102937060797732 171
1656102938061968329 171
1656102939062805502 177
1656102940064080537 174
1656102941064827676 180
1656102942065806915 169
1656102943066917170 173
1656102944067806831 180
1656102945068991474 171
1656102946069824104 168
1656102947070824112 175
1656102948071813245 176
1656102949073004702 176
1656102950074101243 171
1656102951075364133 170
1656102952076483113 174
1656102953076826923 177
1656102954077816404 177
1656102955078202070 170
1656102956078531964 172
1656102957078880193 178
1656102958080505389 174
1656102959081619834 174
1656102960082711601 173
1656102961083972709 176
1656102962085372455 174
1656102963086811729 169
1656102964087827273 180
1656102965088934224 164
1656102966089821426 178
1656102967090825722 175
1656102968092579429 167
1656102969092809704 178
1656102970093945960 177
