1655953547218915095 0
1655953548220011421 0
1655953549221994410 0
1655953550223849194 0
1655953551224692096 0
1655953552226507549 0
1655953553227678318 0
1655953554228861127 0
1655953555230035209 0
1655953556231201278 0
1655953557232346527 4
1655953558233536241 57
1655953559236041425 68
1655953560236997095 63
1655953561238289590 82
1655953562239973959 83
1655953563241156396 80
1655953564242308763 76
1655953565243492299 77
1655953566244659583 84
1655953567245811766 88
1655953568246995266 84
1655953569248285375 81
1655953570249451232 62
1655953571250597557 84
1655953572251745935 84
1655953573252913799 79
1655953574254066829 76
1655953575255232086 64
1655953576256427346 76
1655953577257666938 78
1655953578258861854 78
1655953579260141522 82
1655953580260693913 82
1655953581261853990 87
1655953582263011929 76
1655953583264176068 75
1655953584265343302 86
1655953585266294096 46
1655953586267457104 65
1655953587268643418 55
1655953588269802223 80
1655953589270946095 70
1655953590272112656 74
1655953591272731792 79
1655953592273443471 45
1655953593274606406 86
1655953594275770886 82
1655953595276945718 83
1655953596278092702 83
1655953597279275584 59
1655953598280648662 83
1655953599282322703 73
1655953600283483507 82
1655953601284729312 83
1655953602285746856 79
1655953603286914173 76
1655953604288181553 84
1655953605289385614 81
1655953606290553949 74
1655953607291737396 79
1655953608292683495 71
1655953609293874308 72
1655953610295080450 88
1655953611296237889 78
1655953612297429424 74
1655953613298603986 74
1655953614299776033 90
1655953615300686100 81
1655953616301830547 73
1655953617302992501 77
1655953618304241102 74
1655953619305882804 73
1655953620307033715 67
1655953621308218268 57
1655953622309376977 85
1655953623310514359 78
1655953624311649957 87
1655953625312803187 66
1655953626313961582 85
1655953627315115618 79
1655953628316259392 89
1655953629316788332 78
1655953630317937360 82
1655953631319159356 77
1655953632320327564 78
1655953633321531322 76
1655953634322773795 74
1655953635323941907 72
1655953636325107431 78
1655953637326416251 65
1655953638327914942 92
1655953639328914830 79
1655953640330271499 72
