1619543632826902884 5549
1619543633826791159 5582
1619543634826993323 5558
1619543635826785623 5444
1619543636826785452 5540
1619543637826784811 5546
1619543638826833330 5518
1619543639827092398 5334
1619543640826830526 5462
1619543641826788806 5359
1619543642826906261 5508
1619543643826773416 5592
1619543644826898485 5505
1619543645826772957 5612
1619543646826779197 5499
1619543647826850921 5530
1619543648826801135 5663
1619543649826802227 5639
1619543650826913794 5540
1619543651827028403 5538
1619543652826785218 5658
1619543653826837670 5542
1619543654826792816 5528
1619543655826768918 5566
1619543656826784503 5414
1619543657826806974 5400
1619543658826797303 5582
1619543659826849069 5417
1619543660826772803 5511
1619543661826829239 5496
1619543662826816163 5466
1619543663826794015 5558
1619543664826802181 5443
1619543665826795980 5494
1619543666826923118 5405
1619543667826768317 5462
1619543668826778294 5529
1619543669826837896 5494
1619543670826770289 5585
1619543671826812116 5507
1619543672826776499 5447
1619543673826889213 5519
1619543674826913269 5471
1619543675827131752 5443
1619543676826892197 5489
1619543677826785964 5473
1619543678827411642 5429
1619543679826858307 5457
1619543680826794007 5516
1619543681827157948 5498
1619543682826785839 5397
1619543683826891999 5426
1619543684826768580 5435
1619543685826850139 5396
1619543686826781115 5427
1619543687826879992 5460
1619543688827013940 5495
1619543689827302064 5430
1619543690826997484 5457
