1619652893622931558 7583
1619652894622880344 7818
1619652895622866431 7491
1619652896622976709 7347
1619652897622891638 7492
1619652898622849493 7220
1619652899622874641 6766
1619652900622986306 7679
1619652901622858784 7426
1619652902623010294 7652
1619652903622877114 7296
1619652904622895495 7038
1619652905622867194 7366
1619652906623073474 6888
1619652907622935571 7122
1619652908622878093 7323
1619652909622906604 7026
1619652910622908523 7207
1619652911623080797 7182
1619652912623278239 7210
1619652913622853378 7225
1619652914623068321 7150
1619652915622908024 7093
1619652916622878174 7432
1619652917622874007 7041
1619652918622967126 7280
1619652919622885817 7128
1619652920622960804 7117
1619652921622922243 6950
1619652922622869584 6951
1619652923622871074 7214
1619652924622864964 7127
1619652925622882953 7108
1619652926622944483 7212
1619652927622854297 6705
1619652928622902498 6922
1619652929622937887 7285
1619652930622941702 7085
1619652931622875190 7201
1619652932622855151 7213
1619652933622902188 7171
1619652934623114759 7058
1619652935622865831 7450
1619652936622845903 7210
1619652937622867681 7129
1619652938622995581 7214
1619652939622934622 7289
1619652940623018669 7153
1619652941622978561 6603
1619652942623118602 6930
1619652943622898176 7320
1619652944622952809 6945
1619652945622854223 6953
1619652946622935849 6776
1619652947622856015 6941
1619652948622877490 7171
1619652949622912465 6933
1619652950622881369 6730
1619652951622876085 7305
