1619545004526841042 1582
1619545005526858844 1535
1619545006526855799 1559
1619545007526846161 1542
1619545008526891902 1545
1619545009526883814 1541
1619545010526828812 1552
1619545011526859576 1546
1619545012526954159 1538
1619545013526831443 1548
1619545014526866767 1543
1619545015527382420 1544
1619545016527339478 1534
1619545017526824671 1535
1619545018526849443 1535
1619545019526896335 1547
1619545020526838984 1536
1619545021526914263 1547
1619545022526853178 1543
1619545023526828313 1550
1619545024526893370 1544
1619545025526853687 1539
1619545026526845918 1535
1619545027526908167 1542
1619545028526977404 1539
1619545029526842681 1528
1619545030526833242 1544
1619545031526882213 1547
1619545032526832142 1534
1619545033527012403 1528
1619545034526905271 1539
1619545035526863576 1531
1619545036526861002 1532
1619545037526894888 1524
1619545038526996941 1544
1619545039526886664 1533
1619545040526858463 1537
1619545041526853851 1551
1619545042526875900 1539
1619545043526900008 1529
1619545044526905342 1544
1619545045526893382 1540
1619545046526881478 1528
1619545047526853450 1530
1619545048526849881 1522
1619545049526968806 1533
1619545050526916826 1549
1619545051526894678 1538
1619545052526969710 1538
1619545053526836091 1515
1619545054526845069 1537
1619545055526881159 1528
1619545056526839676 1531
1619545057526821490 1542
1619545058526860859 1529
1619545059526874310 1538
1619545060526897923 1538
1619545061526830321 1535
1619545062526890919 1532