1654663555328136258 3
1654663556329310889 24
1654663557330443290 11
1654663558331614200 28
1654663559332749883 13
1654663560333531294 12
1654663561334671292 16
1654663562335847109 34
1654663563336026635 8
1654663564337280157 27
1654663565338508483 18
1654663566338887218 14
1654663567340140562 20
1654663568341402181 8
1654663569342538493 28
1654663570343784089 15
1654663571345023708 16
1654663572345581072 16
1654663573346839430 25
1654663574348085586 8
1654663575349198498 21
1654663576349577463 9
1654663577350781273 21
1654663578352012683 17
1654663579353223246 10
1654663580353665536 18
1654663581354913103 9
1654663582356156047 22
1654663583357458773 22
1654663584358598545 15
1654663585359854330 18
1654663586360202349 21
1654663587361338241 25
1654663588361670533 20
1654663589361899582 22
1654663590363002982 8
1654663591364109924 21
1654663592365319650 11
1654663593366273999 29
1654663594367371834 9
1654663595368555793 16
1654663596369719492 13
1654663597370924772 20
1654663598372110903 14
1654663599373299692 16
1654663600373559911 25
1654663601374323222 15
1654663602375451099 17
1654663603376359555 14
1654663604377583917 13
1654663605377825927 18
1654663606378094390 13
1654663607379228398 22
1654663608380318130 16
1654663609381507646 19
1654663610382631569 18
1654663611383762762 12
1654663612384904694 21
1654663613385429938 20
1654663614386188316 24
1654663615387408500 18
1654663616388628133 20
1654663617389508356 23
1654663618390420672 9
1654663619391619137 31
1654663620392764857 24
1654663621393641611 19
1654663622394746991 22
1654663623395894293 25
1654663624396888513 11
1654663625398144295 31
1654663626398372851 12
1654663627399582537 19
1654663628400545731 18
1654663629401472080 11
1654663630402668362 18
1654663631403606648 21
1654663632404822968 16
1654663633405655498 17
1654663634406838299 20
1654663635407046800 18
1654663636408261095 16
1654663637409424841 22
1654663638409660892 23
1654663639410873352 9
1654663640412078037 21
1654663641413356140 20
1654663642414522236 10
1654663643415769096 22
