1619135691617191536 6393
1619135692617102153 6260
1619135693617133073 6356
1619135694617119319 6490
1619135695617292317 6705
1619135696617108199 6786
1619135697617132784 6288
1619135698617136655 6693
1619135699617276635 6419
1619135700617157064 6382
1619135701617166270 6403
1619135702617101968 6362
1619135703617351297 6070
1619135704617116811 6794
1619135705617204481 6269
1619135706617200105 5976
1619135707617131209 5947
1619135708617244913 6186
1619135709617147580 6280
1619135710617197302 6024
1619135711617238213 5971
1619135712617745790 6245
1619135713617124897 6408
1619135714617123876 6116
1619135715617112567 6210
1619135716617123333 5520
1619135717617310235 6438
1619135718617120755 6143
1619135719617098976 6318
1619135720617200613 6284
1619135721617130560 6018
1619135722617199224 6090
1619135723617109848 6134
1619135724617166200 6238
1619135725617392084 5846
1619135726617129494 6342
1619135727617151196 6015
1619135728617115452 5795
1619135729617386276 6279
1619135730617123063 6341
1619135731617279876 5956
1619135732617356600 6145
1619135733617122413 6100
1619135734617116438 6157
1619135735617107035 6195
1619135736617112545 6402
1619135737617149961 6236
1619135738617178799 5631
1619135739617108375 6432
1619135740617179221 6050
1619135741617272337 5923
1619135742617197461 6162
1619135743617378516 6302
1619135744617332097 5866
1619135745617130330 6189
1619135746617116114 6164
1619135747617101183 6228
1619135748617174230 6138
1619135749617147637 6336
