1619136227394664088 6740
1619136228394655634 5663
1619136229394947250 6596
1619136230394699191 6643
1619136231394814491 7045
1619136232394857739 7043
1619136233394659103 6569
1619136234394624266 6800
1619136235394710329 6687
1619136236394975189 6997
1619136237394722313 6901
1619136238394634288 7231
1619136239394934407 6889
1619136240394775574 6808
1619136241394686931 6717
1619136242394953125 7053
1619136243394657780 6723
1619136244394814168 6847
1619136245395131041 6773
1619136246394640018 6881
1619136247394793084 6733
1619136248394690706 6734
1619136249394633010 6874
1619136250394642205 6850
1619136251394672644 7081
1619136252394730810 6989
1619136253394715004 7098
1619136254394730665 6381
1619136255394786467 6833
1619136256395111776 6783
1619136257394883645 6600
1619136258394730341 6618
1619136259394692578 6563
1619136260394738709 6747
1619136261394729855 6939
1619136262394660246 7066
1619136263394663069 6972
1619136264394765504 6736
1619136265394654237 6961
1619136266394657996 6883
1619136267394654628 6186
1619136268394672848 6508
1619136269394680633 6497
1619136270394713460 6594
1619136271394695587 6550
1619136272394622890 6378
1619136273394921835 6528
1619136274394651555 6457
1619136275394709712 6801
1619136276394653061 6652
1619136277394640877 6394
1619136278394662999 6593
1619136279394630198 6859
1619136280394865835 6368
1619136281394662783 6890
1619136282394670404 6515
1619136283394651679 6630
1619136284394643340 6674
1619136285394645932 6276
1619136286394668456 6549
