1619540010198345161 5529
1619540010218719650 5443
1619540010420018853 8483
1619540010599751981 3571
1619540010935491536 4013
1619540011106989207 3717
1619540011152282783 4555
1619540011233970682 3788
1619540011396182375 3707
1619540011415649209 4809
1619540011755580848 4886
1619540011917879401 7243
1619540012286085965 3977
1619540012292295615 4149
1619540012562770496 4890
1619540012770681119 3857
1619540012959203879 4105
1619540012993423165 5056
1619540013171457477 7193
1619540013274378565 5791
1619540013643325050 4157
1619540013660318043 2515
1619540013691320464 4291
1619540013903128627 4368
1619540014039893792 4609
1619540014549653926 4601
1619540014684842523 4410
1619540014704409682 4967
1619540014793809617 4080
1619540014987315462 3706
1619540015010820608 4192
1619540015140290646 4790
1619540015194454583 4844
1619540015200973855 4257
1619540015305574296 5340
1619540015326192389 4949
1619540015366164582 6421
1619540015519545791 4250
1619540015760876753 9086
1619540015941730534 3889
1619540016055575741 3153
1619540016182321903 7552
1619540016299004339 3343
1619540016452615617 4398
1619540016706296638 4458
1619540017010277125 3220
1619540017240222359 4611
1619540017698594912 3715
1619540017737954384 4589
1619540017945128172 6042
1619540018003870947 3862
1619540018027973534 3695
1619540018092712106 5448
1619540018117516924 4402
1619540018142536380 4548
1619540018329237129 6240
1619540018488555838 4657
1619540018576900574 4123
1619540018798187383 5071
1619540019068177248 4762
1619540019100266164 4285
1619540019230089042 3441
1619540019270263458 6417
1619540019289041362 4218
1619540019536722979 7068
1619540019568546154 4108
1619540019799316498 4947
1619540019880124508 4494
1619540019887502217 5242
1619540020001352650 4753
1619540020050684922 3502
1619540020070967591 4489
1619540020106723645 4645
1619540020137342316 4210
1619540020253948829 3439
1619540020295647962 4694
1619540020355832322 4030
1619540020497291664 5600
1619540020662832032 5332
1619540020859565033 3927
1619540020950274063 4449
1619540021043328932 5192
1619540021106590382 3319
1619540021226517836 6372
1619540021232644091 4081
1619540021336987431 4786
1619540021398034962 5752
1619540021416946287 4132
1619540021783391053 4451
1619540021851107681 3870
1619540022049177029 4393
1619540022276544607 4343
1619540022282997939 4405
1619540022314254551 4029
1619540022418162843 4405
1619540022769679270 3899
1619540022947637731 6061
1619540022996383081 4353
1619540023108373239 4311
1619540023148253345 4890
1619540023174302103 4087
1619540023308351662 3805
1619540023353354027 4292
1619540023360528559 5092
1619540023377376725 3673
1619540023440944702 5188
1619540023602667354 4339
1619540023831112026 4402
1619540023989603834 4602
1619540024002830481 3904
1619540024196455100 4780
1619540024639433356 4046
1619540024803398664 3138
1619540024969738355 4810
1619540024982701267 4040
1619540025060050552 4352
1619540025197476113 3713
1619540025396978907 4183
1619540025428216610 4068
1619540025768145472 4954
1619540025801906386 4380
1619540025966945458 3596
1619540026075492476 4178
1619540026107038195 3872
1619540026303470126 4669
1619540026355963668 5788
1619540026386768604 4148
1619540026546238655 4095
1619540026618985883 4967
1619540026671114233 4582
1619540026775322405 4249
1619540026813311551 3788
1619540026819682178 4312
1619540026930957377 4915
1619540026962932692 3771
1619540027079581583 3792
1619540027123635360 4747
1619540027232089862 3909
1619540027443920234 2654
1619540027497511601 5140
1619540027503363802 3759
1619540027521593210 3458
1619540027598753788 4657
1619540027671755836 4731
1619540027678072564 4117
1619540027923410497 4508
1619540028040965058 4753
1619540028065380413 4216
1619540028085160601 4820
1619540028135564924 3705
1619540028214246705 4646
1619540028649325602 4738
1619540028709234244 4611
1619540028799004630 3795
1619540028922929000 4133
1619540029032498239 4773
1619540029110848961 4538
1619540029264378542 4294
1619540029475383018 4192
1619540029637349411 4414
1619540029769768211 4880
1619540030105684926 3572
1619540030126514400 6205
1619540030209608243 4185
1619540030412613184 6163
1619540030672331127 5157
1619540030738314640 4925
1619540030829492505 2307
1619540030848528227 4263
1619540030966307477 3466
1619540031021655896 3310
1619540031199349222 3898
1619540031343086718 5272
1619540031371052709 4986
1619540031448073268 4851
1619540031604267393 4083
1619540031681871783 4160
1619540031777185544 4162
1619540031890697706 3919
1619540031930701853 4289
1619540032329651265 4753
1619540032337094681 5326
1619540032438960281 6325
1619540032484062587 3877
1619540032610599458 4011
1619540032769516226 4302
1619540032993921073 5539
1619540033187294622 3291
1619540033488529428 2493
1619540033563892260 4166
1619540033651398748 4031
1619540033755033351 3138
1619540033803033714 5152
1619540033886690527 5198
1619540033994720582 4977
1619540034103369783 3881
1619540034219139205 4401
1619540034438904204 3991
1619540034504139197 4339
1619540034780846469 4522
1619540034926530750 4749
1619540035073689070 4324
1619540035435423444 2689
1619540035446761547 3542
1619540035613480196 4100
1619540035665255645 4064
1619540035686048089 2864
1619540035818741920 3800
1619540035845020409 4421
1619540035991785478 4044
1619540036175912526 4187
1619540036221492508 3931
1619540036308087281 3817
1619540036673094153 6422
1619540036715199272 3543
1619540036828699361 4548
1619540036835284946 4534
1619540036881488298 6233
1619540036959653115 4062
1619540037018232038 4461
1619540037050977886 5706
1619540037142229216 4230
1619540037442237058 4224
1619540037579947458 4200
1619540037652403967 4806
1619540037665693390 4356
1619540037698124815 4117
1619540037741366947 3635
1619540037821960386 6819
1619540037922687357 3896
1619540037935380499 4550
1619540037973960490 3108
1619540038264072349 4093
1619540038384858992 4503
1619540038533265614 6712
1619540038586620811 4179
1619540038806189891 4835
1619540038825263059 4400
1619540038871228990 3858
1619540039086584955 4982
1619540039093425517 4813
1619540039138367790 4051
1619540039354272414 4535
1619540039540295535 3653
1619540039614049609 4570
1619540039641112174 3586
1619540039765444458 4324
1619540039890384154 3999
1619540039977520475 4914
1619540040054103255 4478
1619540040144026381 4442
1619540040290448404 4653
1619540040312886802 8278
1619540040326032096 3518
1619540040409150827 5001
1619540040527660698 4822
1619540040552990865 3228
1619540040911284340 4095
1619540041045452686 6004
1619540041320745428 5661
1619540041480216710 9019
1619540041651631155 4866
1619540041720408088 3932
1619540042110841146 6868
1619540042136531740 4723
1619540042399051942 4248
1619540042593895242 4331
1619540042898857043 4036
1619540042913279781 5181
1619540043233555539 4479
1619540043245777036 4362
1619540043278684167 4449
1619540043382699489 4179
1619540043490083288 4655
1619540043928566364 4389
1619540044195218596 4753
1619540044475443300 4366
1619540044601561503 5598
1619540044728455786 4631
1619540044816489266 4601
1619540045356966334 4476
1619540045398051062 4795
1619540045477120708 3969
1619540045635460163 3799
1619540045942333661 4927
1619540046145687783 3735
1619540046610262276 4789
1619540046622417843 4361
1619540046913446353 3632
1619540047044886990 4835
1619540047114572896 5430
1619540047745966814 3531
1619540047790525063 6572
1619540048023209558 5285
1619540048042843748 4001
1619540048049823665 4916
1619540048148280232 4022
1619540048154655294 4204
1619540048268752515 4494
1619540048378097333 4205
1619540048433369193 4669
1619540048839832694 4189
1619540049225054291 4546
1619540049477390924 5147
1619540049557841037 5562
1619540049615953685 4171
1619540049764869442 3744
1619540049850318938 4743
1619540049875846327 4704
1619540050055125757 4528
1619540050301110331 3344
1619540050309359828 6109
1619540050469780560 4878
1619540050625312861 3857
1619540050664786441 2749
1619540050933887917 5119
1619540051103038414 4107
1619540051256847408 3986
1619540051590844378 8690
1619540051699902935 3782
1619540051754650521 4914
1619540051792861603 4259
1619540051805524610 4159
1619540052190442750 4316
1619540052402173668 3707
1619540052452822764 4230
1619540052822990421 6352
1619540053232138131 5351
1619540053251302882 4222
1619540053339826398 4153
1619540053445025282 5824
1619540053490595816 5899
1619540053789273973 4257
1619540053947375588 3651
1619540054359599581 5148
1619540054366847244 5160
1619540054515145718 4215
1619540054628428549 4799
1619540054634333792 3791
1619540054868291424 4081
1619540054914165052 3899
1619540055037816204 3876
1619540055131306205 5571
1619540055137743519 4373
1619540055302673509 4502
1619540055585296336 4345
1619540055924023532 4162
1619540056105278381 3851
1619540056160591255 3011
1619540056177177933 3621
1619540056631261415 5906
1619540056737442329 3813
1619540057022640493 4375
1619540057194387999 3735
1619540057641221633 4429
1619540057833325479 4493
1619540057998407365 4187
1619540058012670719 4741
1619540058246935170 3718
1619540058342032360 4269
1619540058431748333 4486
1619540058592205856 7704
1619540058732686304 3882
1619540058944453892 5430
1619540058956283803 3820
1619540059020085708 4434
1619540059094182100 5003
1619540059198361970 3743
1619540059211744828 4763
1619540059281400576 4090
1619540059502054158 4659
1619540059637771086 4486
1619540059657048962 4419
1619540059669604991 10377
1619540059676110607 4452
1619540059760496409 3841
1619540059773027403 4123
1619540059894496788 4031
1619540060179555976 4863
1619540060306108538 4741
1619540060360591952 4650
1619540060526183092 4132
1619540060803901946 3546
1619540060880848360 4993
1619540060946734625 4443
1619540060953734194 4877
1619540061023324514 7346
1619540061036179642 4852
1619540061342597615 3112
1619540061425862906 4617
1619540061456557471 4326
1619540061523953660 4070
1619540061556608710 5396
1619540061842851114 4241
1619540062043872175 6354
1619540062063185281 4493
1619540062070520688 5296
1619540062422425589 4863
1619540062539989240 4691
1619540062555514866 4425
1619540063124880903 3468
1619540063363886475 3705
1619540063520350899 3803
1619540063696421768 5308
1619540063740455531 5773
1619540063896039792 4668
1619540063901579362 3447
1619540064051304107 3935
1619540064112714116 3807
1619540064183788352 4303
1619540064505106441 4512
1619540064693841184 5381
1619540064750302118 3905
1619540064898087419 5186
1619540064916391273 3861
1619540064956410163 5163
1619540065090530088 5277
1619540065503962794 3785
1619540065649569206 4366
1619540065684704583 6740
1619540065778148872 4259
1619540065905938012 4697
1619540066025994055 5338
1619540066209287752 4679
1619540066393834488 6049
1619540066450982599 5295
1619540066525042777 4997
1619540066543842577 4788
1619540066581677485 4160
1619540066910472655 3485
1619540067264001889 4030
1619540067405390153 4119
1619540067462317726 4416
1619540067520613178 3658
1619540067538597981 4285
1619540067578325761 4459
1619540067779325388 4338
1619540067829266570 2864
1619540067841971701 4026
1619540068030112459 5361
1619540068069958616 3529
1619540068233573931 5652
1619540068254821357 3912
1619540068345503820 5221
1619540068513860057 4766
1619540069206034543 3969
1619540069246986577 4867
1619540069292981502 3652
1619540069312701014 3569
1619540069325285483 3395
1619540069343283620 4053
1619540069707351387 4033
1619540069897647116 4492
