1619650419631957775 4751
1619650420092881502 5911
1619650420277787986 8559
1619650420538735416 7186
1619650420723102426 5526
1619650421201049579 9730
1619650421420658454 6813
1619650421608256350 7641
1619650421626232604 4594
1619650421650428596 6183
1619650421694349407 6755
1619650421702548768 6169
1619650421926402556 9724
1619650421948185371 9000
1619650422086118420 8765
1619650422107305647 6113
1619650422339208714 9136
1619650422607014726 9440
1619650422737100833 7698
1619650422822526263 5649
1619650422977525076 6623
1619650423037840110 5769
1619650423627882745 6066
1619650423951832334 7698
1619650424676770769 7638
1619650424816426086 7044
1619650425025256280 5823
1619650425172336207 5938
1619650425303983759 4817
1619650425462518177 4664
1619650425535945303 5706
1619650425810216233 10790
1619650426339755114 5424
1619650426889987776 5374
1619650427439217077 5124
1619650427926533878 5123
1619650428097832072 5369
1619650428283545330 6571
1619650429391558754 38581
1619650429530178188 6125
1619650429591645057 5808
1619650429741823572 5321
1619650429921352587 6034
1619650430515774558 5745
1619650430679407937 5079
1619650430910307235 5097
1619650431018226257 7143
1619650431025482728 5198
1619650431044748388 8026
1619650431264959146 4896
1619650431306422444 5763
1619650431731821729 9773
1619650431915778172 5408
1619650432036730252 5339
1619650432311425411 5261
1619650432567845785 6611
1619650432737680884 7451
1619650433267554624 5501
1619650433529204338 7854
1619650433766077311 5239
1619650434130659081 8595
1619650434215700925 5150
1619650434557356570 5169
1619650434615813573 7769
1619650434655533258 6054
1619650434698345403 8313
1619650434733444324 6354
1619650434841918712 6625
1619650435112829168 5778
1619650435215573512 5810
1619650435258219515 5966
1619650435611027207 6235
1619650435701393964 5585
1619650435845637020 6269
1619650436023916681 5623
1619650436117897682 12196
1619650436275950455 6255
1619650437415755273 5795
1619650437485051043 5681
1619650437719323423 9929
1619650437736714800 7278
1619650437938091772 7441
1619650438028313142 5241
1619650438402484741 6546
1619650438586748339 25913
1619650438820498661 13058
1619650438837773679 5563
1619650439343246527 5455
1619650439410178386 6685
1619650439418851256 6560
1619650439592005135 17753
1619650439662644025 8152
1619650439919107324 5639
1619650440058722895 7147
1619650440067952035 7188
1619650440342452101 4775
1619650440789670694 11265
1619650440796287299 4313
1619650440842037275 6953
1619650440892953798 16943
1619650441293505276 6544
1619650441324557070 4642
1619650441717550551 6942
1619650442047017231 5794
1619650442285142302 4772
1619650442397820870 6347
1619650442509759817 6101
1619650442533308795 5886
1619650442602261719 7320
1619650442701106418 8997
1619650442710863556 7677
1619650442795620533 6085
1619650442969214052 5330
1619650443297374160 7090
1619650443429610329 9284
1619650443678402846 6416
1619650443983645435 5258
1619650444007416904 5822
1619650444211986888 5550
1619650444718355158 5369
1619650444828471115 5587
1619650445061538392 6795
1619650445089394194 5923
1619650445343512011 2065
1619650445795872074 5176
1619650446202605396 5884
1619650446236529152 7112
1619650446245252682 6638
1619650446260734704 5788
1619650446293269416 6028
1619650446380217776 9758
1619650446604761314 5125
1619650446855526329 5218
1619650446995033076 14705
1619650447319978259 5608
1619650447351352529 5484
1619650447490825934 7288
1619650447850189139 15626
1619650448044455359 4207
1619650448136600188 10343
1619650448254586350 7439
1619650448493059109 7616
1619650448571199277 5697
1619650448578592334 5276
1619650449089289244 32938
1619650449106602755 5483
1619650449116222128 7491
1619650449227012862 6032
1619650449574301870 5570
1619650449747791466 7123
1619650449762518370 6132
1619650449771850074 7240
1619650449820834118 6498
1619650450194981757 5583
1619650450591650892 32833
1619650450815451940 7622
1619650450905197209 7191
1619650450982439305 9715
1619650451091909260 5852
1619650451098345529 4393
1619650451117062898 6907
1619650451542791060 5629
1619650451549881779 5055
1619650451715177961 5275
1619650452544252084 6544
1619650452608695154 8177
1619650452701401720 6981
1619650453235700754 7354
1619650453305722000 5056
1619650453703983009 6566
1619650453773511822 5962
1619650453915909982 6844
1619650454351990226 5419
1619650454893131034 5156
1619650454933348028 6503
1619650455014034382 6984
1619650455296262468 7846
1619650455394697869 6760
1619650455524265991 5040
1619650455548141899 5481
1619650455846984832 4873
1619650455871342559 6071
1619650455908859395 7793
1619650455996278263 6605
1619650456005673373 7356
1619650456108296258 7298
1619650456196233500 4924
1619650456331592672 9239
1619650456504301878 6743
1619650457039348976 6715
1619650457461904632 6313
1619650457521411868 7085
1619650457629893375 8921
1619650457821355745 7821
1619650457939370305 6846
1619650458571754326 7893
1619650458846205393 6857
1619650458870786118 5936
1619650459136680689 4653
1619650459444931212 5418
1619650459577562807 11236
1619650459670846197 6913
1619650459947314092 8839
1619650460139117493 5037
1619650460335679138 4177
1619650460452330688 6639
1619650460714679966 7015
1619650460753189275 5919
1619650461007014443 6595
1619650461298048112 3867
1619650461670695983 11034
1619650461682057050 9332
1619650461973608288 5678
1619650462080504469 7514
1619650462165593076 8054
1619650462469722418 6962
1619650462505813889 6037
1619650462608813088 5955
1619650462845547203 7801
1619650462903876223 5160
1619650463144948799 7585
1619650463596639759 7523
1619650463895121261 7787
1619650464037258025 4986
1619650464163050384 6597
1619650464318771161 9359
1619650464334747158 5504
1619650464414752973 6473
1619650464580547032 6381
1619650464720142160 4866
1619650465094137103 9887
1619650465775326154 5927
1619650465784583680 7216
1619650465906860753 5423
1619650466160221287 7163
1619650466210031811 5358
1619650466808878409 5912
1619650466842003330 6824
1619650466858725035 6141
1619650467279409953 6149
1619650468034731875 5483
1619650468402897220 11273
1619650468413323798 8324
1619650468833499160 5959
1619650469566292495 3862
1619650469735492297 8043
1619650469750125530 5913
1619650469768031434 7369
1619650469788836677 9313
1619650469883525772 36668
1619650469908013525 5057
1619650470030853046 7210
1619650470166007960 5724
1619650470194663454 4795
1619650470332153709 7239
1619650470437048992 9677
1619650470534872943 6353
1619650470709368539 10064
1619650470885400686 33890
1619650471221828246 6119
1619650471545242534 5210
1619650471674013389 7022
1619650471739166429 5150
1619650471855512696 7159
1619650472004268385 6884
1619650472355961075 7246
1619650472489668415 8917
1619650472634498507 4526
1619650472952708893 5575
1619650473584802484 11728
1619650473861363370 5811
1619650474223245055 6216
1619650475433158955 6184
1619650475632430823 6294
1619650475641059795 6591
1619650475765721112 10197
1619650475796176284 5704
1619650475812339739 6719
1619650475987600467 6464
1619650476202901316 5918
1619650476323676241 8744
1619650476589553815 5968
1619650476696945256 4688
1619650476831453550 5917
1619650476954202107 5360
1619650476970241200 6321
1619650476978270870 5980
1619650476994385209 6220
1619650477026562499 5126
1619650477043400827 6419
1619650477144180282 7338
1619650477236277620 7382
1619650477896229073 4268
1619650478237850599 9449
1619650478269137479 5615
1619650478406147203 5902
