1619649964028945743 6577
1619649964212312120 14732
1619649964258734049 7441
1619649964462409810 9257
1619649964575557060 6880
1619649965040832894 5478
1619649965117475019 4591
1619649965187063393 5343
1619649965246950611 9691
1619649965560561547 5829
1619649966081885398 7285
1619649966116524403 5665
1619649966271647068 5615
1619649966644225076 5615
1619649966852186054 5922
1619649966885126609 8734
1619649967124849643 5108
1619649967277375233 4968
1619649967744466314 10430
1619649967764225783 5341
1619649967803570010 7947
1619649968394596677 7072
1619649968728693523 7486
1619649969115165710 5160
1619649969155257695 10689
1619649969208588028 8779
1619649969526362325 8180
1619649970027082815 4933
1619649970346823374 6038
1619649970473137530 5667
1619649970619418157 6511
1619649970865412184 8995
1619649971038384861 4634
1619649971219613977 73603
1619649971427227691 6304
1619649971733104171 6422
1619649971849575682 7221
1619649972042553668 7942
1619649972226377633 7284
1619649972617708843 7749
1619649972626729651 6974
1619649972728346488 6161
1619649973094563933 7141
1619649973112877279 8150
1619649973274892176 5506
1619649973349816576 6251
1619649973655663171 5792
1619649973851469247 6930
1619649974016164496 5044
1619649974384389357 10012
1619649974542159707 4781
1619649975653898710 5621
1619649975670130177 5897
1619649975677036065 4684
1619649975728483582 9076
1619649975793613584 6715
1619649976026008611 5070
1619649976357703816 6441
1619649976877603723 5864
1619649977758888860 7681
1619649977892268184 5409
1619649978074029675 6721
1619649978337391849 5991
1619649978727874598 7572
1619649978830479771 5074
1619649979290377711 4363
1619649979816703099 6374
1619649979877867289 6485
1619649980059374364 5557
1619649980147479719 7550
1619649980236744025 5504
1619649980650023170 4824
1619649980735387478 6701
1619649981265837489 7655
1619649981430784662 6778
1619649981666750994 6026
1619649981753451740 9465
1619649981793103528 5452
1619649982137016331 5656
1619649982153155438 6293
1619649982509228626 33369
1619649982558508705 6601
1619649982651555918 5534
1619649982746495110 5034
1619649982926880860 6580
1619649982952293704 5870
1619649983109470800 30774
1619649983158857195 5615
1619649983390883904 6471
1619649983737989760 5933
1619649984366227109 5629
1619649984739973489 14498
1619649984870725155 5633
1619649985006913609 6835
1619649985161393411 8032
1619649985190363970 5410
1619649985320663712 5719
1619649985351093958 12427
1619649985759761368 4864
1619649985863598520 5844
1619649986232578168 16083
1619649986427686386 6101
1619649986458229998 5450
1619649986573680322 5932
1619649986714610767 6936
1619649987150376553 4466
1619649987332171927 7020
1619649987496564321 7627
1619649987572099140 6431
1619649987580937882 6802
1619649987612933524 11816
1619649987782529446 5721
1619649987820012468 4740
1619649987899656159 5494
1619649988413134363 6313
1619649988431310885 5849
1619649988457814505 5931
1619649988487710301 5842
1619649988522335072 7952
1619649988711805330 6060
1619649988751906409 5826
1619649989028075490 4749
1619649989093587871 6096
1619649989219496606 6013
1619649989260851750 9288
1619649989490890341 6369
1619649989893421471 4748
1619649990068657693 4960
1619649990079576855 8889
1619649990124301922 7149
1619649990169255202 5570
1619649990522467451 4552
1619649990721156846 5892
1619649990826918786 9301
1619649991228995151 5903
1619649991364722347 4572
1619649991449865431 7242
1619649991457666617 5702
1619649991749118235 6814
1619649991833196803 5029
1619649991942943578 7180
1619649992032326478 7107
1619649992123655491 5728
1619649992446706311 4503
1619649992584876455 5869
1619649992621027689 7962
1619649992656676561 5679
1619649992906327392 6093
1619649993510696316 4745
1619649993546009141 4181
1619649993818558852 5949
1619649993869431306 7215
1619649994132455534 5838
1619649994272694268 5729
1619649994445815257 7887
1619649994461052628 5693
1619649994540434183 10788
1619649994749474282 4543
1619649994962130757 9553
1619649995210462595 5246
1619649995473992972 5687
1619649995540679196 6675
1619649995716278389 6761
1619649995969887381 16078
1619649996056060657 6065
1619649996183080482 5522
1619649996191823033 6693
1619649996516438636 6029
1619649996541086528 7126
1619649996876232359 5467
1619649996901473298 7725
1619649996926691867 7718
1619649997170776938 5490
1619649997178583040 5745
1619649997308487637 4356
1619649997514850974 6283
1619649997811887394 5550
1619649997851800636 5867
1619649997894224025 8737
1619649998015608490 8968
1619649998053143064 7430
1619649998203191545 5813
1619649998534732022 5202
1619649998595007301 5940
1619649998677606013 4997
1619649998808028122 8420
1619649998824858816 7850
1619649999150677533 5675
1619649999158311500 5484
1619649999246964421 7510
1619649999350441289 6247
1619649999844132089 7005
1619649999978186364 7807
1619650000039832375 9256
1619650000087902170 6972
1619650000515926959 53464
1619650000559931769 6497
1619650000591506252 11112
1619650000777535392 9954
1619650001108813752 7139
1619650001484616843 4352
1619650001499358586 5007
1619650001694449730 6156
1619650001917041651 34168
1619650002108094419 9342
1619650002246763279 4917
1619650002490408916 7340
1619650002697944674 7485
1619650002832402984 10212
1619650003027509488 7248
1619650003163870193 5980
1619650003298650638 11410
1619650003334683973 5947
1619650003406569697 4914
1619650003616533246 7049
1619650003907219229 5135
1619650004040866231 5477
1619650004108526710 5814
1619650004117625197 7063
1619650004226236638 4811
1619650004248958788 6151
1619650004359311084 10335
1619650004512719277 5853
1619650004570411453 5483
1619650004606950510 7070
1619650004738584123 8229
1619650004882306251 5813
1619650004948077323 5381
1619650005082795907 5640
1619650005198727039 5540
1619650005314692817 4768
1619650005503982223 5997
1619650005637205991 7532
1619650005707552104 34758
1619650005723652714 6877
1619650005788294331 5362
1619650005909102822 7318
1619650005958955311 4805
1619650006560722028 10788
1619650006706762584 8539
1619650006953987123 5949
1619650007009585406 5260
1619650007071609360 6519
1619650007331975088 5554
1619650007610685571 6359
1619650007810754368 25092
1619650007826231807 5862
1619650007978186088 7063
1619650008025283882 5723
1619650008208851286 44418
1619650008425582233 6198
1619650008618910880 6162
1619650009444046953 4542
1619650009560633093 5549
1619650009613697292 51027
1619650010077445425 7732
1619650010098914721 5595
1619650010117601207 6862
1619650010141977432 5544
1619650010285498035 6073
1619650010539271106 5757
1619650010586511882 5730
1619650010751730205 7296
1619650010791728842 5686
1619650010824257545 5897
1619650011215172062 5136
1619650011426627430 5702
1619650011522370551 8112
1619650011587016700 8499
1619650011967211952 6682
1619650011977023427 7678
1619650012148998733 6484
1619650012157029500 6001
1619650012471530976 8881
1619650012729612808 5035
1619650012761926300 5426
1619650012826565223 4367
1619650013015357056 4918
1619650013139082943 16222
1619650013426548014 5907
1619650013461256699 5734
1619650013652382968 6854
1619650013995010567 4381
1619650014322040183 5928
1619650014570061486 6961
1619650014769320399 4736
1619650015241907314 5972
1619650015257066308 4874
1619650015395531553 5674
1619650015781837536 6702
1619650015823571630 7999
1619650015892356631 5265
1619650016107766076 7256
1619650016446166940 5524
1619650016647846908 5608
1619650016731050140 7879
1619650016914265307 5520
1619650017015006745 5257
1619650017109466342 33938
1619650017149971389 8013
1619650017185983566 6590
1619650017278343523 9643
1619650017713128602 6140
1619650018035782131 7039
1619650018518428754 7182
1619650018544337533 5687
1619650018703748513 5655
1619650019084075473 6417
1619650019271766247 4774
1619650019297151251 5252
1619650019514114032 6509
1619650019732994673 6325
1619650019750059617 6564
1619650019988797129 4922
1619650020021780900 6132
1619650020212845989 5064
1619650020508416243 47860
1619650020601060687 5867
1619650020859149374 6143
1619650020998062905 6262
1619650021079014516 5730
1619650021156101761 5408
1619650021267817305 5628
1619650021419121494 6112
1619650021479016348 8573
1619650021623864374 4651
1619650021680008502 8026
1619650021862033391 15946
1619650022068205063 7416
1619650022099473971 7873
1619650022596213144 7452
1619650022757060623 6548
1619650022825556875 5812
1619650022980090325 8415
1619650023012365662 13441
1619650023217113434 5036
1619650023442211900 6255
