1619652338016194539 6392
1619652338048811769 9966
1619652338172212483 11034
1619652338868783278 10047
1619652339337576159 5963
1619652339533805346 8518
1619652339647797758 5291
1619652339719917527 6814
1619652339944682287 8121
1619652340015452701 44695
1619652340258556247 9525
1619652340714453431 46538
1619652340820221311 9178
1619652341077205651 9217
1619652341449527049 11412
1619652341920153616 6504
1619652342008523543 41449
1619652342025671742 7129
1619652342481318956 11972
1619652342841334029 10601
1619652343236079342 7923
1619652343962001853 9308
1619652344160332268 7497
1619652344707654038 45604
1619652345369138603 14032
1619652345719602728 6694
1619652346025242046 8352
1619652346074099310 10288
1619652346120169580 5828
1619652346327357603 7161
1619652346831375668 8263
1619652347041140317 10986
1619652347050310011 7114
1619652347216053005 53492
1619652347455080644 8909
1619652347677665528 17578
1619652347933878639 6217
1619652348252650971 5693
1619652348610325076 34273
1619652348819297262 8951
1619652348842868456 10234
1619652349338617912 7312
1619652349959551328 12328
1619652350026857196 7926
1619652350041196161 12312
1619652350342242349 5361
1619652350363424169 7621
1619652350557428332 9190
1619652350637072737 8652
1619652350658352887 8150
1619652351008169603 28031
1619652351510691251 22095
1619652352209845333 30863
1619652352260867733 9049
1619652352272447191 9539
1619652352324532712 9032
1619652352608749716 19821
1619652353398309578 8635
1619652353557866353 6621
1619652354055241757 9371
1619652354130663385 6608
1619652354317541913 44613
1619652354553463452 11039
1619652355139742067 9035
1619652355725268762 7851
1619652355749298017 11408
1619652355813953128 35382
1619652355845016279 8944
1619652356211900113 35882
1619652357210770649 39957
1619652357464994036 9824
1619652357473476798 6313
1619652357909745614 41201
1619652357919805448 7991
1619652358843665838 3812
1619652359020882294 13092
1619652359111364902 49314
1619652359828929785 6652
1619652360919182906 8435
1619652360930287319 8971
1619652360960811239 16084
1619652361164819708 8309
1619652361456708049 9319
1619652361741332448 6050
1619652362221016902 7989
1619652362413828559 28988
1619652362607716852 51631
1619652362752243986 6831
1619652362922321732 9677
1619652363408228251 48821
1619652363633999944 16184
1619652363835476231 7193
1619652364010226332 33633
1619652364270627193 8324
1619652364322092479 6773
1619652364408347679 49439
1619652364443985249 11308
1619652364926922633 7172
1619652365332544114 10690
1619652365717591994 6253
1619652365823725248 8442
1619652365943802135 13684
1619652367443213138 6332
1619652367932134625 6599
1619652367962579350 8855
1619652368110789439 50167
1619652368398881268 9063
1619652368666709865 13528
1619652369820396248 7192
1619652370259603536 10743
1619652370364791110 9384
1619652370509067595 47856
1619652370635800325 9984
1619652370763712202 8801
1619652371015218946 53736
1619652371109043245 24337
1619652371167695604 9463
1619652371215107109 5868
1619652371315162780 5320
1619652372288762575 9450
1619652373375771236 9880
1619652373440203970 9309
1619652373449276155 6964
1619652373523474086 7126
1619652374108992588 15076
1619652374421308577 6788
1619652374733147543 8198
1619652374778752810 9123
1619652374791650090 10796
1619652374846754967 7438
1619652374926950234 7229
1619652374937678093 8677
1619652375110651603 55259
1619652375191424358 12129
1619652375263499933 10844
1619652375569545035 11633
1619652375723244366 12864
1619652376033815257 6152
1619652376139505455 16318
1619652376209797771 61494
1619652376931712834 12379
1619652377320718666 8686
1619652377528574348 7779
1619652377968829972 8402
1619652378851145281 8202
1619652380974459327 8976
1619652381051252692 9317
1619652381238508249 6129
1619652381342790900 7701
1619652381355778177 10848
1619652381649340780 5827
1619652382424416216 7179
1619652382950287125 10938
1619652383324603768 6489
1619652383376419996 8615
1619652384147655621 9671
1619652384468623063 11142
1619652384824003527 7347
1619652385557516566 10794
1619652386361437618 9155
1619652386827559464 7708
1619652386919528051 6837
1619652387239228854 8590
1619652387636226158 6748
1619652387724977748 6474
1619652388034945848 6669
1619652388184186744 9513
1619652389238738437 11335
1619652389459966604 12837
1619652389510711043 48692
1619652389609052321 61892
1619652389813170663 36238
1619652389912759008 55888
1619652391469547533 6957
1619652391546252173 7324
1619652392019699834 7682
1619652392736263143 6667
1619652393044922310 7113
1619652393067325565 8214
1619652393737851296 6425
1619652393816447138 38028
1619652393926496709 12591
1619652394242333285 9746
1619652394344815458 8160
1619652394435419012 6833
1619652394974385676 8975
1619652395047093591 6832
1619652395522671434 6312
1619652395665021729 7779
1619652395682959888 7098
1619652395711931229 26889
1619652395958248622 9781
1619652396057211347 7572
1619652396812039626 20768
1619652396848633805 11665
1619652397172992041 10834
1619652397240377815 8619
1619652397318619193 30753
1619652397546122354 7050
