time,operation,name,city
1654404273880313496,INSERT,eiach,oly
1654404273931862042,INSERT,oaf,eiads
1654404273936487186,INSERT,aiard,oesm
1654404273940705984,INSERT,ucs,oech
1654404273944668762,INSERT,eeny,eorf
1654404274620572986,INSERT,eiand,aintz
1654404274651102083,INSERT,uits,aeks
1654404274655688636,INSERT,iaond,irf
1654404275300334793,INSERT,oys,iert
1654404275804534360,INSERT,easly,aiond
1654404276591645252,INSERT,aopt,orst
1654404276762345925,INSERT,aiams,iirt
1654404276808771183,INSERT,iuc,eiask
1654404277804605875,INSERT,iick,iird
1654404277892383416,INSERT,oaks,uieng
1654404278203860268,INSERT,uoc,any
1654404278208275023,INSERT,iaw,aedy
1654404278212365750,INSERT,aally,eerr
1654404278216588386,INSERT,uim,uiend
1654404278222326951,INSERT,ight,aiamp
1654404278227230511,INSERT,eiax,eiasch
1654404279558190202,INSERT,eosk,uys
1654404279630928103,INSERT,iantz,oeth
1654404279704713254,INSERT,uirs,isly
1654404279733341991,INSERT,eays,eaulls
1654404280163725882,INSERT,eerds,oiany
1654404280632501004,INSERT,ern,aioty
1654404280841506213,INSERT,uirm,eics
1654404281124949363,INSERT,ieush,aiw
1654404281212647445,INSERT,eerds,ec
1654404282088431751,INSERT,audy,iip
1654404282271462156,INSERT,air,aic
1654404282275894389,INSERT,eiss,eopt
1654404282688265512,INSERT,aiorts,iaom
1654404282821468905,INSERT,aiary,eiarf
1654404283058258365,INSERT,iosch,iourd
1654404283599879210,INSERT,aiost,oiass
1654404283796647751,INSERT,auth,aicts
1654404283814153838,INSERT,eatz,iem
1654404284188164462,INSERT,iuty,eaut
1654404284204688104,INSERT,iaorly,oancy
1654404284680158534,INSERT,iolt,aurth
1654404284888577244,INSERT,iibs,uork
1654404285166102662,INSERT,ioch,oav
1654404285281082845,INSERT,ian,ioungs
1654404285504791864,INSERT,ieuly,iousm
1654404285788274819,INSERT,ial,oocts
1654404286895744776,INSERT,uieght,oott
1654404286988676590,INSERT,ieny,iehl
1654404287188980029,INSERT,eorst,aict
1654404287204704974,INSERT,aedy,ioth
1654404287713122008,INSERT,ank,auesly
1654404287897545595,INSERT,aest,uofy
1654404287996722941,INSERT,oub,eahl
1654404288080632051,INSERT,uield,eins
1654404288380555591,INSERT,aust,aatch
1654404288620890722,INSERT,uaw,iupp
1654404288888363750,INSERT,oars,iip
1654404289104539411,INSERT,uiebs,incy
1654404289212571788,INSERT,oct,eemp
1654404289216900544,INSERT,eagy,auefy
1654404289249909896,INSERT,uist,aong
1654404289288651996,INSERT,iuch,iusk
1654404289396506839,INSERT,iatz,out
1654404289796516790,INSERT,ehn,uieny
1654404290434138314,INSERT,oeck,aiosh
1654404290455452081,INSERT,ius,oeff
1654404291112708303,INSERT,ad,eent
1654404291130377681,INSERT,eish,uahn
1654404291912650837,INSERT,iapt,eilly
1654404292404180036,INSERT,ueth,uongs
1654404292422381379,INSERT,oec,oengly
1654404293041195031,INSERT,aally,earty
1654404293403369356,INSERT,aionk,iett
1654404293407593134,INSERT,eez,aerr
1654404293421765490,INSERT,eal,aohl
1654404293688880635,INSERT,aends,aurly
1654404294112727690,INSERT,oiack,aioc
1654404294463889010,INSERT,oocy,aiop
1654404294712696167,INSERT,aiosh,eauh
1654404295312651383,INSERT,aarf,aeb
1654404295604468568,INSERT,angly,aic
1654404295620868633,INSERT,iums,ieubs
1654404296112968556,INSERT,auepp,euws
1654404296404624063,INSERT,uens,intz
1654404296421921797,INSERT,eects,eiams
1654404296428198674,INSERT,uegh,egy
1654404296530601411,INSERT,aums,uerg
1654404296996399466,INSERT,eauls,oind
1654404297088723399,INSERT,uisk,iav
1654404297306266475,INSERT,eank,aioy
1654404297988741092,INSERT,iogh,aonts
1654404298004723340,INSERT,iurg,aiorm
1654404298150696652,INSERT,irs,iouhn
1654404298166669454,INSERT,oown,ieungs
1654404298171141735,INSERT,iwn,aink
1654404298295954735,INSERT,ieuc,uil
1654404298313823047,INSERT,oall,auesm
1654404298404446997,INSERT,aex,auks
1654404299487954800,INSERT,aapt,ust
1654404299588540501,INSERT,aosly,oarty
1654404300154414003,INSERT,aency,oeks
1654404300787874885,INSERT,iourds,eerth
1654404301332671353,INSERT,aial,oaz
1654404301350157932,INSERT,aify,uann
1654404301355536308,INSERT,uory,iintly
1654404301388793519,INSERT,oury,eorst
1654404301405103246,INSERT,uit,uids
1654404301504279354,INSERT,ey,iousts
1654404302196121515,INSERT,eants,aum
1654404302887646481,INSERT,eirty,eoch
1654404303337437308,INSERT,ops,eits
1654404303354789336,INSERT,eiank,eurst
1654404303359964852,INSERT,uov,oorry
1654404303364617525,INSERT,aiaght,eaf
1654404303368378415,INSERT,iegh,aup
1654404304587577567,INSERT,uip,eorm
1654404304704668941,INSERT,eauh,aps
1654404304795529392,INSERT,och,uirth
1654404304930307730,INSERT,oials,aiohl
1654404304946624937,INSERT,ially,aitts
1654404305021931845,INSERT,oiaws,oump
1654404305079392976,INSERT,ontz,eoy
1654404305096770020,INSERT,aisk,ieust
1654404306178875284,INSERT,iaty,ierr
1654404306196706623,INSERT,auery,ind
1654404306330179660,INSERT,iouny,uins
1654404306479081224,INSERT,oasly,err
1654404306496400878,INSERT,aiarr,urr
1654404306512757959,INSERT,iourg,iend
1654404306887462222,INSERT,eends,ool
1654404307220665696,INSERT,eaub,eads
1654404307570907617,INSERT,aiarth,iatt
1654404307704993520,INSERT,aiah,eiahn
1654404308295749993,INSERT,uith,oads
1654404308528842135,INSERT,ieugh,iaff
1654404308563237076,INSERT,uil,ault
1654404308779101557,INSERT,oics,iss
1654404308796809778,INSERT,oiarry,eegs
1654404309711299417,INSERT,uiez,eef
1654404309755087956,INSERT,aancy,ooch
1654404309812685066,INSERT,oends,aiays
1654404309996802363,INSERT,aly,aul
1654404310204317877,INSERT,eez,oobs
1654404310288250682,INSERT,eurds,ind
1654404311362909001,INSERT,eurst,unn
1654404311379959259,INSERT,aapp,uisly
1654404311396223618,INSERT,iigy,iit
1654404311479559543,INSERT,aiaght,oiast
1654404312096673497,INSERT,ieurf,im
1654404312112653193,INSERT,aish,oihl
1654404312894293916,INSERT,ouncy,aios
1654404312904701418,INSERT,aerth,iess
1654404312920813995,INSERT,eaul,iucs
1654404313162346682,INSERT,uars,iousp
1654404313166913771,INSERT,aiaft,esly
1654404313787105206,INSERT,eark,uintly
1654404313896645948,INSERT,airry,eiays
1654404314187243489,INSERT,eirr,iaodly
1654404314204580559,INSERT,aiag,iorr
1654404314811879332,INSERT,oiz,iasm
1654404314896383660,INSERT,ees,oirs
1654404315686559258,INSERT,ieunt,eely
1654404315986617800,INSERT,iock,eiadly
1654404316068683060,INSERT,uorst,iold
1654404316103644294,INSERT,eess,uants
1654404316138284827,INSERT,oit,airt
1654404316412494556,INSERT,eurs,oonk
1654404316539591980,INSERT,iirty,eelly
1654404316545263977,INSERT,oiays,iong
1654404317895497458,INSERT,ierts,ams
1654404318473365747,INSERT,euny,iows
1654404318478874704,INSERT,eeh,aopp
1654404318596293586,INSERT,aiorn,aony
1654404318712895216,INSERT,uv,iaorn
1654404319569953756,INSERT,ierds,aioms
1654404319903502040,INSERT,eurds,oty
1654404320211992931,INSERT,aioff,eight
1654404320304824057,INSERT,eims,aengs
1654404321035833002,INSERT,aark,aiogy
1654404321103606703,INSERT,oend,aiorly
1654404321129815535,INSERT,ails,uiex
1654404321221251807,INSERT,iirf,aueff
1654404321237215991,INSERT,uiells,aags
1654404322195438875,INSERT,uows,ieuct
1654404322596570315,INSERT,uawn,ous
1654404322720107153,INSERT,euld,uok
1654404322736701345,INSERT,uends,iosk
1654404322795101007,INSERT,oirg,iuct
1654404322830011911,INSERT,ioutts,uoh
1654404323628480594,INSERT,ioully,ics
1654404323645781257,INSERT,ongs,aahn
1654404323994907538,INSERT,ourk,aerr
1654404324212793653,INSERT,eeld,iary
1654404324296064803,INSERT,uods,eund
1654404324794267135,INSERT,ips,oys
1654404324804382636,INSERT,aiatz,iards
1654404324820626899,INSERT,aiann,eofy
1654404324912122380,INSERT,eews,im
1654404324928032551,INSERT,aues,oigh
1654404324996228193,INSERT,iaom,aend
1654404325903737154,INSERT,iacts,oantly
1654404325920643176,INSERT,eaz,eutch
1654404326495038307,INSERT,iacy,aiorry
1654404326604604182,INSERT,ooz,ent
1654404326829752627,INSERT,aesly,oonk
1654404326846987454,INSERT,uird,oucts
1654404326851480524,INSERT,aioly,os
1654404327603640208,INSERT,in,auerds
1654404327903366960,INSERT,auss,euth
1654404328419916526,INSERT,ierry,eits
1654404328628231172,INSERT,eary,oongs
1654404328648715266,INSERT,uty,eiarf
1654404328895375475,INSERT,oiars,iink
1654404329695041599,INSERT,uacs,eiard
1654404329803315704,INSERT,uently,oaty
1654404329820713454,INSERT,eahn,oesp
1654404330403269236,INSERT,eiat,iaof
1654404330501602333,INSERT,auetch,eingly
1654404330520642309,INSERT,eubs,uatt
1654404330611962410,INSERT,usly,ioun
1654404331168583171,INSERT,oiasch,erk
1654404331186343033,INSERT,uich,aincy
1654404332218435750,INSERT,ieuntly,ory
1654404332511583685,INSERT,oias,oell
1654404332703207202,INSERT,uarr,aiory
1654404332804378028,INSERT,oiads,eauws
1654404332919664720,INSERT,eund,eabs
1654404333636550530,INSERT,eatt,iaont
1654404333836521527,INSERT,oops,uird
1654404334394983456,INSERT,aany,ass
1654404334611212037,INSERT,ioc,olls
1654404334679253724,INSERT,eiatz,oiny
1654404334683164764,INSERT,ead,oancy
1654404334695482496,INSERT,oiadly,oiaty
1654404335603919359,INSERT,oiabs,eups
1654404335621790892,INSERT,uasly,oy
1654404335812556844,INSERT,oingly,aarr
1654404336386688432,INSERT,oontly,iongly
1654404336391022108,INSERT,oupt,ep
1654404336403973741,INSERT,ech,ourm
1654404336812544210,INSERT,ielt,eiys
1654404336828623468,INSERT,oiangly,ieny
1654404337211527614,INSERT,aisch,org
1654404337532003826,INSERT,uf,iocy
1654404337548529321,INSERT,oiany,ouk
1654404338003252467,INSERT,ientz,ack
1654404338020160506,INSERT,uels,uimp
1654404338684671834,INSERT,iith,uieck
1654404338702467753,INSERT,eeps,ueb
1654404338856780371,INSERT,oass,esm
1654404338862997619,INSERT,oiam,irty
1654404338867194815,INSERT,eaum,eosts
1654404339104112337,INSERT,eaf,eaugh
1654404339621755573,INSERT,oann,iouts
1654404339627431695,INSERT,eosm,ielt
1654404339631280918,INSERT,iack,iirt
1654404340232403221,INSERT,iaoc,ioubs
1654404340395684379,INSERT,ieupt,eends
1654404340687432509,INSERT,iintly,aird
1654404340920467429,INSERT,irn,oorts
1654404340935574151,INSERT,autt,aoch
1654404341103064602,INSERT,uiers,iend
1654404341411391408,INSERT,aug,iov
1654404341448576762,INSERT,ieuhl,iocs
1654404341619574162,INSERT,uap,uem
1654404341624145549,INSERT,iedy,oaks
1654404342104656512,INSERT,iunts,eebly
1654404342303244733,INSERT,aiacs,ausch
1654404342723671071,INSERT,uink,aeth
1654404343710977521,INSERT,ounts,auects
1654404343749245102,INSERT,uegs,ouf
1654404343810934741,INSERT,arf,oamp
1654404344502883827,INSERT,oags,aicy
1654404344997809407,INSERT,uatz,iex
1654404345015953777,INSERT,err,uoty
1654404346002802673,INSERT,iz,aght
1654404346020442317,INSERT,eolls,ieurk
1654404346386310227,INSERT,eas,iits
1654404347102717866,INSERT,eiay,iourk
1654404347120161578,INSERT,ism,ucts
1654404347212577425,INSERT,uapt,eiarst
1654404347327706111,INSERT,uirg,aueng
1654404347512108132,INSERT,uients,aiom
1654404347712201900,INSERT,aeny,eiantly
1654404347911140918,INSERT,aands,oerg
1654404348012205659,INSERT,aird,ieund
1654404348486171553,INSERT,auerk,aiys
1654404349027604655,INSERT,eigh,eurt
1654404349094420801,INSERT,eeny,aiotch
1654404349111377448,INSERT,uasch,uiets
1654404349195091917,INSERT,oigy,irts
1654404349532815954,INSERT,iaows,iouds
1654404349547735390,INSERT,ould,uint
1654404349812121336,INSERT,eeb,autt
1654404349895421456,INSERT,aiaws,iopt
1654404350310952431,INSERT,ourd,aerk
1654404350328130528,INSERT,aems,eirds
1654404350701505497,INSERT,iurf,iucy
1654404351086318610,INSERT,eugy,uy
1654404351594592892,INSERT,oiard,uh
1654404351611402081,INSERT,eidly,oir
1654404351735979844,INSERT,uief,aenn
1654404351740498150,INSERT,eick,auerm
1654404352285081006,INSERT,eogy,ioully
1654404352303524546,INSERT,aedly,eiary
1654404353019843081,INSERT,iaom,auerst
1654404353111515690,INSERT,oorst,aohn
1654404353310836141,INSERT,irt,aarty
1654404353386902636,INSERT,aungs,esch
1654404353391202870,INSERT,aeff,eipt
1654404353403092509,INSERT,uently,aott
1654404353802786714,INSERT,aiasp,aunt
1654404354306788036,INSERT,iigy,aels
1654404354412037720,INSERT,angly,aiadly
1654404354594445572,INSERT,ooll,ull
1654404354720487028,INSERT,ioult,ieusm
1654404354944256855,INSERT,iiry,iept
1654404354993756657,INSERT,eerly,aerth
1654404355011404156,INSERT,oiv,uady
1654404355498275591,INSERT,eauv,uintz
1654404355901889264,INSERT,iarf,oows
1654404355915483764,INSERT,aiath,ocy
1654404356007670698,INSERT,iard,uielly
1654404356706697492,INSERT,eiarly,eist
1654404356893949200,INSERT,aeb,aongs
1654404356928479979,INSERT,unt,ik
1654404356932740961,INSERT,aiants,eaurs
1654404357706756701,INSERT,iag,oiatts
1654404358027327996,INSERT,uock,ards
1654404358202468222,INSERT,ouf,oontly
1654404358531695483,INSERT,ency,auv
1654404359098126842,INSERT,oicks,ainy
1654404359190542835,INSERT,oows,ieus
1654404360123015074,INSERT,uor,aiorn
1654404360127623613,INSERT,aup,auern
1654404360386020883,INSERT,aeb,ieuz
1654404360424083485,INSERT,uiecy,egs
1654404361006161550,INSERT,oesm,eaus
1654404361090945055,INSERT,iegh,iaomp
1654404361548308045,INSERT,iuhn,uey
1654404361552743579,INSERT,aux,oects
1654404361790839482,INSERT,eery,uath
1654404362810094747,INSERT,of,uet
1654404362899107814,INSERT,uigy,iourts
1654404363018718857,INSERT,ooh,eatch
1654404363124247438,INSERT,uls,ualls
1654404363140652427,INSERT,oest,iays
1654404363144654451,INSERT,aiarth,iourm
1654404363199113260,INSERT,uiebly,oiny
1654404363489857359,INSERT,aeps,uiengs
1654404364281939901,INSERT,uann,iisk
1654404364314903847,INSERT,oents,aiob
1654404364394138752,INSERT,ieurty,ooll
1654404364412420120,INSERT,aemp,aaw
1654404364417721043,INSERT,aamp,ienn
1654404365502258322,INSERT,ieust,ouy
1654404365801510411,INSERT,uarg,oenk
1654404365827760501,INSERT,eip,uls
1654404365831897560,INSERT,oucks,aoks
1654404365948499778,INSERT,aiody,ueh
1654404366810258658,INSERT,unk,uents
1654404367107575118,INSERT,oams,oeld
1654404367527310742,INSERT,ually,ist
1654404367548780218,INSERT,ioupp,auers
1654404367852726215,INSERT,oost,aic
1654404367878053728,INSERT,ect,uars
1654404368148257824,INSERT,eib,uiehn
1654404368210748384,INSERT,iesp,iept
1654404368232311924,INSERT,eet,eaurt
1654404368237888804,INSERT,aay,aush
1654404368242584253,INSERT,oially,irty
1654404369006732979,INSERT,acs,oolls
1654404369103295322,INSERT,old,eut
1654404369608680126,INSERT,oiarry,aills
1654404369632632259,INSERT,oeg,ient
1654404369710526527,INSERT,oucks,aact
1654404369731051994,INSERT,iird,auell
1654404370568485906,INSERT,uerth,aiaf
1654404370598299065,INSERT,oem,uely
1654404371089759980,INSERT,eik,iills
1654404371702152146,INSERT,ingly,aegh
1654404371715384812,INSERT,aots,oars
1654404371965773720,INSERT,ouhn,iody
1654404372007362844,INSERT,iod,eiarth
1654404372190710778,INSERT,eiask,oofy
1654404372592670745,INSERT,uady,aov
1654404372606792877,INSERT,iists,uerg
1654404372611277841,INSERT,uards,uebs
1654404372615150269,INSERT,itz,ood
1654404373089826051,INSERT,iaott,iaff
1654404374781375167,INSERT,eass,aihn
1654404375026355500,INSERT,uiey,aiz
1654404375040296686,INSERT,iaorr,eupt
1654404375318710236,INSERT,aantly,uocs
1654404375332010075,INSERT,iounn,aiang
1654404375497921915,INSERT,uy,ioup
1654404375998125159,INSERT,aiark,iult
1654404376722899915,INSERT,ul,iik
1654404376798859258,INSERT,iotz,ioungly
1654404377107277532,INSERT,oact,iib
1654404377201980916,INSERT,aast,uoght
1654404377216331342,INSERT,aews,aiapt
1654404377634889535,INSERT,aioss,aiank
1654404377697892267,INSERT,oolls,uocs
1654404377784614601,INSERT,oorts,austs
1654404377798967271,INSERT,iaotch,esp
1654404377882590647,INSERT,iourn,eurry
1654404378397809315,INSERT,ail,ol
1654404378688615125,INSERT,iaohn,aurf
1654404379336313321,INSERT,ealt,eaf
1654404379356773629,INSERT,oerry,aop
1654404379360690358,INSERT,euct,oiax
1654404379365992168,INSERT,aash,iurt
1654404379682511077,INSERT,oiy,aucs
1654404379782327674,INSERT,aard,uoch
1654404381092353887,INSERT,iaow,euld
1654404381098144554,INSERT,iitt,uibly
1654404381480613797,INSERT,airn,eudy
1654404382306223420,INSERT,aept,auehn
1654404382396496316,INSERT,iy,aump
1654404382492581045,INSERT,eaucy,aiopp
1654404382506708860,INSERT,uiebs,eiath
1654404382582136542,INSERT,oiks,iourry
1654404383688725119,INSERT,auck,aiants
1654404383798530887,INSERT,oir,eucs
1654404383890364916,INSERT,im,eiaff
1654404383989577284,INSERT,auerds,oects
1654404384297785740,INSERT,arst,eorly
1654404384497663082,INSERT,eaght,aorty
1654404384652737150,INSERT,ousch,iunk
1654404384880576036,INSERT,aiaf,aarm
1654404385098809732,INSERT,eiff,otts
1654404385298844833,INSERT,av,oech
1654404385397890492,INSERT,ioms,iugy
1654404385688753352,INSERT,ept,eauft
1654404385706588354,INSERT,ety,aids
1654404385782036792,INSERT,ay,aials
1654404385897790957,INSERT,aiorst,epp
1654404386780659144,INSERT,uiys,ooys
1654404387140368212,INSERT,oiarf,aiants
1654404387193249968,INSERT,inn,ootts
1654404387308705754,INSERT,eoncy,eiz
1654404387313755333,INSERT,eauty,iaong
1654404387316627772,INSERT,eolls,aiasts
1654404387322784632,INSERT,uatts,eels
1654404388592307204,INSERT,aiass,orf
1654404388606770994,INSERT,iill,iss
1654404388699280164,INSERT,auerst,aals
1654404389017486840,INSERT,antly,iaocks
1654404389060386222,INSERT,uisch,aiatz
1654404389299275190,INSERT,iaodly,ieum
1654404389692493683,INSERT,efy,eaury
1654404389706911299,INSERT,aahn,aks
1654404389897830643,INSERT,ees,eeds
1654404390388666418,INSERT,uiecs,aac
1654404390739302172,INSERT,aocs,uiet
1654404390806891407,INSERT,us,aoll
1654404391005933277,INSERT,ots,eiaws
1654404391181900954,INSERT,iff,eirly
1654404391602360099,INSERT,aiow,uok
1654404391701629130,INSERT,eont,uils
1654404391715197902,INSERT,oic,auet
1654404391823657023,INSERT,iuft,uody
1654404391905826632,INSERT,ur,aeng
1654404392105960172,INSERT,uelly,ourg
1654404392797742736,INSERT,eord,oott
1654404393988696327,INSERT,ioubs,eaz
1654404394139552202,INSERT,iatch,iiys
1654404394201040882,INSERT,aiand,ulls
1654404394214768806,INSERT,ads,oecks
1654404394384893864,INSERT,aos,euss
1654404394396764845,INSERT,iouncy,iab
1654404394897738732,INSERT,iy,ouhl
1654404394902356083,INSERT,ihl,auers
