101850335654081 0
101851336801431 0
101852337940846 0
101853339089405 0
101854340349928 0
101855341542888 0
101856342710966 0
101857343588959 0
101858344661067 0
101859345829361 0
101860346981062 0
101861348127855 0
101862348414630 0
101863349592685 0
101864350618418 0
101865351788666 0
101866352962695 0
101867354136149 0
101868355313590 0
101869356533109 0
101870357718924 0
101871358585285 0
101872359736784 0
101873360893349 0
101874361592507 0
101875362070732 0
101876363274915 0
101877364459411 0
101878365633358 0
101879366800799 0
101880368103023 0
101881369393456 0
101882370569431 0
101883371840911 0
101884373099806 8
101885374393402 22
101886375588729 47
101887376186697 54
101888376558809 83
101889377702874 94
101890378835679 133
101891379827798 141
101892380975081 153
101893381874180 136
101894382643325 157
101895383634617 142
101896384564987 179
101897385576700 209
101898386577021 208
101899387585690 202
101900388549814 226
101901389566317 203
101902390566025 236
101903391570145 223
101904393040908 219
101905393570405 243
101906394983029 212
101907395590297 196
101908396557505 211
101909397558698 205
101910398630991 195
101911399630400 217
101912400565427 222
101913402120003 215
101914402572709 231
101915403807275 247
101916405304788 232
101917405567551 185
101918406727253 231
101919407555379 215
101920408578867 205
101921409542013 221
101922410561090 211
101923411642569 217
101924412626902 197
101925413546925 238
101926414770217 208
101927415585021 204
101928416576352 213
101929417556001 207
101930418775184 225
101931419576746 194
101932420588116 209
101933421568970 212
101934422697766 226
101935423564856 213
101936424552502 198
101937425545249 188
101938426575758 212
101939427583829 189
101940428562555 201
101941430557553 230
101942431836689 198
101943432573392 221
101944433763274 204
101945434607159 193
101946435583478 200
101947436568218 242
101948437560465 236
101949438565479 214
101950439555738 210
101951440572043 240
101952441941674 214
101953442952718 229
101954443557137 199
101955445663376 194
101956446571875 213
101957447573439 201
101958448562081 207
101959449584388 237
101960450579422 224
101961451565676 242
101962452556257 224
101963453735071 217
101964454576252 205
101965455610770 201
101966456563207 228
101967457570953 202
101968458563262 237
101969459563287 189
101970460560593 220
101971461637444 201
