103037239415335 0
103038240570886 0
103039241718721 0
103040242852421 0
103041243986792 0
103042244292788 0
103043245417175 0
103044246545465 0
103045247256967 0
103046248493609 0
103047249724131 0
103048250871402 0
103049252116257 0
103050253447012 0
103051254189608 0
103052255266716 0
103053256414341 0
103054257550593 0
103055258700766 0
103056259898497 0
103057261029249 0
103058261825974 0
103059262969186 0
103060264244268 0
103061265403663 0
103062266517573 0
103063267665382 0
103064268794119 0
103065269918455 0
103066271056030 0
103067272194087 0
103068273399702 0
103069274812282 0
103070275949175 0
103071277092933 9
103072278254785 33
103073279203011 39
103074280228245 63
103075281190443 83
103076282360015 112
103077283425586 136
103078284208326 143
103079285262790 148
103080286193020 121
103081287180784 118
103082288268963 127
103083289192186 164
103084290186024 142
103085291343895 142
103086292481634 181
103087293189266 171
103088294186053 192
103089295202704 199
103090296232319 181
103091297196319 204
103092298359467 183
103093299216974 196
103094300197918 174
103095301234068 195
103096302184971 209
103097303196084 200
103098304238541 236
103099305184045 197
103100306446159 203
103101307223423 207
103102308294528 210
103103309208062 225
103104310293734 191
103105311289794 212
103106312287900 213
103107313190588 193
103108314318040 225
103109315198264 211
103110316310791 240
103111317242218 199
103112318293667 205
103113319200053 227
103114320285682 209
103115321333530 202
103116322182421 204
103117323187624 206
103118324347400 198
103119325216492 208
103120326198791 222
103121327188721 195
103122328301192 223
103123329313752 218
103124330319728 189
103125331198383 196
103126332217764 228
103127333193300 227
103128334202119 227
103129335201804 172
103130336313814 190
103131337247260 185
103132338245187 213
103133339429338 217
103134340253619 240
103135341222106 190
103136342358123 175
103137343221195 196
103138344274618 208
103139345183773 184
103140346241561 237
103141347243259 198
103142348197375 195
103143349234029 221
103144350286537 231
103145351276860 179
103146352286984 209
103147353206341 212
103148354308263 224
103149355205346 198
103150356204373 227
103151357200571 214
103152358226756 207
103153359391704 179
103154360298956 231
103155361205484 219
103156362224070 175
103157363214369 213
103158364195389 213
