105415511400058 0
105416512201847 0
105417513365646 0
105418514479741 0
105419515600523 0
105420516726119 0
105421517859180 0
105422518191141 0
105423519212580 0
105424520206194 0
105425521189681 0
105426522454507 0
105427523583366 0
105428524321196 0
105429525474434 0
105430526769159 0
105431527997670 0
105432528689813 0
105433529769252 0
105434530932232 0
105435532083510 0
105436533312225 0
105437534473778 0
105438535225412 0
105439536390520 0
105440537546005 0
105441538754924 0
105442539922387 0
105443540195510 0
105444541355303 0
105445542493011 0
105446543646833 0
105447544803586 0
105448545359026 0
105449546481098 5
105450547611435 24
105451548585984 38
105452549204336 49
105453550328706 66
105454551217867 115
105455552377408 120
105456553194730 131
105457554182994 135
105458555200302 140
105459556193210 132
105460557189730 144
105461558206826 147
105462559273200 146
105463560398993 139
105464561219803 139
105465562185275 154
105466563303524 145
105467564330248 166
105468565238796 155
105469566206081 147
105470567347401 147
105471568305897 177
105472569250905 154
105473570209907 187
105474571198841 151
105475572218827 165
105476573187493 164
105477574233601 135
105478575220398 169
105479576191732 137
105480577187890 139
105481578211716 161
105482579186544 173
105483580191617 183
105484581312674 207
105485582705123 214
105486583318044 217
105487584205516 216
105488585265233 201
105489586191451 189
105490587357938 209
105491588200081 211
105492589228736 235
105493590199242 228
105494591291784 211
105495592207285 198
105496593182226 213
105497594243261 209
105498595207910 176
105499596236866 205
105500597221341 195
105501598274895 233
105502599227675 205
105503600192684 207
105504601199560 181
105505602199401 221
105506603190788 195
105507604212307 219
105508605254727 217
105509606212891 210
105510607192158 208
105511608214014 214
105512609395734 214
105513610581041 203
105514611220148 204
105515612204164 183
105516613393681 220
105517614313809 209
105518615630304 226
105519616200440 207
105520617202069 237
105521618282883 180
105522619303845 208
105523620225622 189
105524621206058 200
105525621510120 236
105526622833573 211
105527623388571 167
105528624402356 190
105529625210321 229
105530626203443 213
105531627428000 242
105532628203795 184
105533629218709 205
105534630202708 222
105535631188504 173
105536632214601 209
105537633207071 183
