105945210917556 0
105946211942900 0
105947213100351 0
105948214261278 0
105949215411560 0
105950216536761 0
105951217681331 0
105952218821633 0
105953219961187 0
105954221102706 0
105955222282794 0
105956223224421 0
105957224419557 0
105958225578703 0
105959226798535 0
105960227949070 0
105961229112518 0
105962230355687 0
105963231508135 0
105964232725185 0
105965233882588 0
105966235022197 0
105967236294744 0
105968237438066 0
105969238601518 0
105970239736288 0
105971240854099 0
105972242017274 0
105973242819881 0
105974243974792 0
105975245160633 0
105976246296673 0
105977247436784 0
105978248588489 0
105979249729749 0
105980251053786 12
105981252282510 27
105982253393176 45
105983254181057 52
105984255224632 70
105985256302747 47
105986257529706 72
105987258194600 103
105988259236422 108
105989260217137 107
105990261196157 122
105991262287399 145
105992263219142 133
105993264184060 123
105994265216871 139
105995266234051 147
105996267187582 149
105997268188835 150
105998269327716 126
105999270176674 150
106000271455812 179
106001272324845 150
106002273563276 187
106003274192790 172
106004275270146 205
106005276227541 192
106006277188725 192
106007278303258 180
106008279218282 184
106009280209289 201
106010281185154 215
106011282180420 219
106012283173503 208
106013284220209 189
106014285233984 222
106015286311126 211
106016287309015 182
106017288204804 194
106018289525972 180
106019290233743 225
106020291284324 217
106021292425997 188
106022293206671 205
106023294210156 213
106024295196118 214
106025296202947 197
106026297212293 222
106027298219577 206
106028299267693 211
106029300197962 206
106030301652806 197
106031302310959 228
106032303330766 216
106033304205442 177
106034305458149 212
106035306199996 181
106036307186540 198
106037308224412 225
106038309204058 225
106039310241478 204
106040311274537 226
106041312180809 223
106042313181478 220
106043314448566 240
106044315312925 219
106045316201885 198
106046317245275 205
106047318193360 201
106048319180512 215
106049320455016 195
106050321328094 241
106051322201532 215
106052323185876 205
106053324205135 211
106054325256293 196
106055326276381 222
106056327178957 185
106057328199011 186
106058329249561 212
106059330216885 202
106060331205763 233
106061332190236 214
106062333199164 216
106063334260702 205
106064335298132 200
106065336225408 247
106066337228551 205
106067338206427 224
