106603012644748 0
106604013572948 0
106605014706809 0
106606015843754 0
106607017014287 0
106608017627075 0
106609018158326 0
106610019321654 0
106611019909067 0
106612021068045 0
106613022398235 0
106614023611967 0
106615024801461 0
106616025586620 0
106617026765175 0
106618027864044 0
106619029075132 0
106620030247347 0
106621031598068 0
106622032625007 0
106623033784772 0
106624034929808 0
106625036096619 0
106626037282069 0
106627038547662 0
106628039584575 0
106629040747231 0
106630041904676 0
106631042595980 0
106632043920505 0
106633044603968 0
106634045576989 0
106635046703977 0
106636047875768 0
106637049125952 2
106638050614843 20
106639051583297 39
106640052579754 49
106641053616703 54
106642054577784 65
106643055788657 73
106644056570876 69
106645057560343 68
106646058570399 74
106647059584873 88
106648060584724 117
106649061581164 130
106650062596050 150
106651063580325 164
106652064827011 147
106653065563051 145
106654066559645 148
106655067733043 154
106656068689090 145
106657069594703 113
106658070551079 152
106659071569493 137
106660073417624 150
106661074633433 174
106662075727401 170
106663076564635 213
106664077624045 177
106665078580531 210
106666079569873 185
106667080555203 204
106668081687887 204
106669082574396 198
106670083594885 196
106671084543688 201
106672085580915 247
106673086590324 193
106674087598531 198
106675088586980 202
106676089562554 193
106677090590893 203
106678091617209 184
106679092565198 216
106680093769444 170
106681094832334 207
106682095573184 178
106683096588784 199
106684097641000 192
106685098581157 216
106686099597284 206
106687101801408 222
106688102567303 223
106689103553939 161
106690104564112 204
106691105562825 233
106692107562136 219
106693109058101 226
106694109780074 215
106695110731962 229
106696111604704 191
106697112576142 192
106698113626166 198
106699114672685 205
106700115580499 211
106701116980135 195
106702117570289 242
106703118549508 195
106704119954175 191
106705120627081 195
106706122041764 218
106707122620238 217
106708123562851 225
106709124557632 218
106710125571986 178
106711126587084 221
106712127615784 219
106713128609504 233
106714129559722 210
106715130549856 253
106716133566106 183
106717134556195 229
106718135580772 220
106719136578845 198
106720137592198 233
106721138582704 199
106722139637227 208
106723140611768 187
106724141680501 210
