106997774955662 0
106998776129012 0
106999777322094 0
107000778462025 0
107001779611064 0
107002780763005 0
107003781921253 0
107004783088882 0
107005784345603 0
107006785481449 0
107007786357617 0
107008787492219 0
107009788664666 0
107010790022548 0
107011791385508 0
107012792524903 0
107013793667942 0
107014794824043 0
107015795207300 0
107016796338681 0
107017797491212 0
107018798630357 0
107019799780656 0
107020800085705 0
107021801305769 0
107022802453611 0
107023803616184 0
107024804781386 0
107025805936419 0
107026807101748 0
107027808285160 0
107028809445359 0
107029810225312 0
107030811463191 0
107031812708209 9
107032813326945 28
107033814218980 34
107034815394951 36
107035816207784 69
107036817201168 72
107037818336472 77
107038819202839 78
107039820226499 74
107040821230290 74
107041822247825 79
107042823243500 117
107043824186376 140
107044825235027 146
107045826235356 160
107046827186880 140
107047828310508 130
107048829203607 141
107049830212871 140
107050831273230 145
107051832281980 134
107052833207466 127
107053834324277 154
107054835279902 155
107055836419972 177
107056837226370 176
107057838309233 162
107058839286640 181
107059840359319 179
107060841244422 195
107061842282279 227
107062843199765 207
107063844270293 219
107064845200461 211
107065846190467 225
107066847186807 217
107067848227440 245
107068849204719 183
107069850195566 199
107070851194257 205
107071852181684 217
107072853229976 220
107073854199759 195
107074855180734 213
107075856290879 210
107076857192987 205
107077858180922 225
107078859185852 219
107079860204776 185
107080861322092 233
107081862201325 211
107082863200865 229
107083864182732 208
107084865193056 188
107085866220981 208
107086867342505 212
107087868189217 201
107088869320205 193
107089870341116 186
107090871516018 173
107091872305522 234
107092873196276 208
107093874205983 226
107094875207633 163
107095876278625 216
107096877182671 176
107097878296080 212
107098879196387 200
107099880270088 207
107100881237175 171
107101882175032 218
107102883214879 200
107103884225233 208
107104885656164 220
107105886192412 179
107106887208967 198
107107888216592 222
107108889183788 215
107109890174490 172
107110891203123 207
107111892195886 229
107112893214448 177
107113894232903 220
107114895207047 221
107115896215276 210
107116897244987 222
107117898356600 225
107118899211413 194
