107525516287744 0
107526517458023 0
107527518598920 0
107528519274756 0
107529520417924 0
107530521537058 0
107531522297260 0
107532523450229 0
107533524564204 0
107534525761669 0
107535526335112 0
107536527469721 0
107537528659720 0
107538529836090 0
107539531041304 0
107540532198237 0
107541533527325 0
107542534651157 0
107543536179039 0
107544537499043 0
107545538200730 0
107546539388466 0
107547540645929 0
107548541870221 0
107549543026265 0
107550543211612 0
107551544401907 0
107552545539600 0
107553546671375 0
107554547804970 0
107555548941525 0
107556550094155 0
107557551443272 0
107558552578513 0
107559553800846 13
107560554270493 24
107561555425102 40
107562556198935 56
107563557339040 63
107564558277396 64
107565559430972 71
107566560193222 79
107567561282214 65
107568562267212 91
107569563432629 98
107570564219547 105
107571565202295 137
107572566198391 128
107573567188396 123
107574568208623 146
107575569224087 141
107576570209375 129
107577571328975 136
107578572385127 150
107579573247326 127
107580574217821 150
107581575193780 142
107582576208231 148
107583577215329 165
107584578273657 166
107585579197027 149
107586580316691 173
107587581717218 163
107588582208180 191
107589583466292 179
107590584218574 217
107591585270711 204
107592586212886 201
107593587255891 223
107594588204443 223
107595589206274 219
107596590203080 244
107597591203822 197
107598592252055 241
107599593218137 181
107600594211514 235
107601595187724 190
107602596188744 254
107603597467668 190
107604598185104 229
107605599187486 227
107606600378576 210
107607601226642 204
107608602194925 203
107609603197610 197
107610604198114 205
107611605205130 213
107612606360804 204
107613607459509 212
107614608384717 243
107615609335969 180
107616610213544 248
107617611231185 177
107618612226128 226
107619613334006 199
107620614503590 214
107621615223973 226
107622616551207 184
107623617197154 201
107624618439568 233
107625619184720 209
107626620207262 216
107627621241176 197
107628622222430 198
107629623212504 230
107630624198920 232
107631625263079 217
107632626214634 199
107633627386317 203
107634628606944 233
107635629201600 190
107636630271485 196
107637631433451 210
107638632293008 202
107639633229848 210
107640634206739 205
107641635213833 212
107642636391860 203
107643637311298 214
107644638199794 207
107645639409768 212
107646640266307 186
107647641328086 222
