107789919945435 0
107790921111362 0
107791922290976 0
107792923468589 0
107793924721945 0
107794925928569 0
107795927040798 0
107796928202061 0
107797929358936 0
107798930192240 0
107799931401340 0
107800932634319 0
107801933756117 0
107802934236787 0
107803935279443 0
107804936505600 0
107805937696154 0
107806938917575 0
107807940039356 0
107808941199188 0
107809942336854 0
107810943495910 0
107811944664260 0
107812945821343 0
107813946967570 0
107814948203427 0
107815949361564 0
107816950585876 0
107817951723255 0
107818952859373 0
107819954010071 0
107820955261218 0
107821956414640 0
107822957544748 0
107823958206582 4
107824959180428 25
107825960216809 31
107826961410338 47
107827962537298 60
107828963209211 65
107829964202740 78
107830965341004 73
107831966184438 78
107832967184393 68
107833968317581 104
107834969331744 125
107835970182225 122
107836971317793 122
107837972260868 127
107838973177434 146
107839974209423 145
107840975184477 160
107841976202233 156
107842977251021 165
107843978406268 123
107844979208124 126
107845980198141 139
107846981196908 141
107847982206269 165
107848983256979 197
107849984184517 184
107850985329213 190
107851986243204 213
107852987464916 207
107853988397424 184
107854989294636 209
107855990331873 194
107856991331599 220
107857992562039 202
107858993220782 209
107859994407589 231
107860995222740 210
107861996204358 212
107862997209934 222
107863998188764 235
107864999267060 218
107866000208818 205
107867001430396 215
107868002362081 209
107869003205519 215
107870004219292 176
107871005217841 223
107872006191354 190
107873007206390 247
107874008182379 198
107875009277414 178
107876010204897 223
107877011218805 190
107878012206829 209
107879013189506 221
107880014182350 146
107881015284158 215
107882016193461 199
107883017202334 171
107884018203650 216
107885019204400 186
107886020199979 196
107887021209977 228
107888022213437 189
107889023208006 193
107890024218727 216
107891025200318 192
107892026259103 240
107893027237237 197
107894028284657 246
107895029229647 215
107896030484082 218
107897031684102 196
107898032197877 209
107899033204097 202
107900034240845 240
107901035193748 218
107902036218756 238
107903037201519 215
107904038191610 189
107905039173282 196
107906040195566 200
107907041184427 182
107908042209047 213
107909043189759 196
107910044206746 188
107911045535034 210
