96411416072802 0
96412417261356 0
96413418397026 0
96414419521952 0
96415420650702 0
96416421767677 0
96417422908431 0
96418424037723 0
96419425177387 0
96420426315237 0
96421427440403 0
96422428573198 0
96423429714203 0
96424430857176 0
96425432000673 0
96426433152578 0
96427434355647 0
96428435069416 0
96429435206841 0
96430436210071 0
96431437424291 0
96432438198029 0
96433439380731 0
96434440525498 0
96435441685244 0
96436442854955 0
96437444010491 0
96438445182215 0
96439446368421 0
96440447556299 0
96441448710571 0
96442449238492 0
96443450438870 0
96444451222655 2
96445452192143 8
96446453208957 44
96447454220044 71
96448455434817 72
96449456262825 68
96450457373352 67
96451458215464 71
96452458456874 69
96453459199888 73
96454460203452 74
96455461278090 74
96456462207163 71
96457463224991 71
96458464208889 82
96459465206671 70
96460466213219 69
96461467293585 70
96462468196929 74
96463469331655 74
96464470200301 71
96465471193485 74
96466472192990 79
96467473202041 68
96468474208644 69
96469475235075 70
96470476601977 79
96471477190355 72
96472478300690 74
96473479207541 71
96474480201748 75
96475481213352 69
96476482201935 74
96477483226104 69
96478484198779 75
96479485266505 72
96480486204453 74
96481487466824 60
96482488597427 72
96483489319704 68
96484490467844 74
96485491205925 69
96486492231189 74
96487493206398 68
96488494269307 65
96489495180440 60
96490496219327 69
96491497366799 67
96492498574747 70
96493499715562 73
96494500214954 69
96495501466349 65
96496502203503 77
96497503215394 69
96498504202875 71
96499505203257 77
96500506220823 74
96501507395647 70
96502508308287 73
96503509448334 72
96504510291813 73
96505511189864 72
96506512195539 74
96507513206809 75
96508514390020 73
96509515601167 76
96510516850712 68
96511517766996 62
96512518255036 73
96513519204486 73
96514520350885 68
96515521070263 76
96516522215969 72
96517523191756 68
96518524377285 79
96519525550943 70
96520526873710 74
96521527253558 67
96522528220685 77
96523529369145 66
96524530584684 71
96525531710676 68
96526532852986 76
96527533190839 76
96528534589396 76
96529535682976 73
96530536833402 69
96531537961925 68
96532539192487 70
