99065904128077 0
99066905411413 0
99067906528359 0
99068907660157 0
99069908807880 0
99070909933867 0
99071911080045 0
99072912220927 0
99073913354167 0
99074914494779 0
99075915647550 0
99076916872566 0
99077918002479 0
99078919129639 0
99079920302393 0
99080921457339 0
99081922591804 0
99082923736954 0
99083924876216 0
99084926039661 0
99085927172192 0
99086928777960 0
99087930083481 0
99088931282308 0
99089932431050 0
99090933574432 0
99091934726010 0
99092935883837 0
99093937005741 0
99094938234695 0
99095939358834 0
99096940573417 0
99097941952141 0
99098943091635 0
99099944230047 0
99100945354389 1
99101946530643 14
99102947514502 52
99103948205603 85
99104949321923 106
99105950216424 120
99106951196303 148
99107952176747 186
99108953185220 178
99109954190033 181
99110955184354 186
99111956190231 175
99112957205319 196
99113958241401 178
99114959204954 182
99115960222693 169
99116961241347 181
99117962422817 188
99118963196183 171
99119964577924 183
99120965782637 170
99121966431458 172
99122967272093 181
99123968205402 188
99124969216203 175
99125970189590 175
99126971188885 177
99127972171824 165
99128973521570 178
99129974224093 160
99130975332195 184
99131976285846 170
99132977228029 184
99133978180920 189
99134979281946 162
99135980188887 178
99136981171914 167
99137982292876 192
99138983341567 183
99139984202670 167
99140985235752 178
99141986208358 189
99142987202034 167
99143988256235 196
99144989194858 174
99145990225521 168
99146991208293 180
99147992465304 179
99148993186067 176
99149994191916 195
99150995212055 173
99151996197660 181
99152997289925 175
99153998355994 183
99154999224141 188
99156000201885 169
99157001221301 177
99158002288471 195
99159003316197 172
99160004187072 189
99161005213867 171
99162006212913 189
99163007203507 175
99164008192874 160
99165009188384 182
99166010202194 182
99167011375833 188
99168012326952 193
99169013760156 174
99170014195433 195
99171015201642 180
99172016304277 184
99173017284664 174
99174018187484 188
99175019309056 188
99176020264226 187
99177021240382 186
99178022198411 175
99179023208482 170
99180024210622 169
99181025178492 179
99182026198495 188
99183027284693 188
99184028193304 195
99185029189970 177
99186030199704 167
99187031189696 197
99188032184847 173
99189033254562 161
