1619302037580209638 5920
1619302037810668831 7708
1619302038111465859 3350
1619302038509111620 4476
1619302038923545378 31859
1619302039673680957 6819
1619302040258242567 4192
1619302040461563082 5647
1619302040749911696 6823
1619302040872767758 7107
1619302041065125076 7953
1619302041157561573 4995
1619302041358225418 6283
1619302041497345986 10697
1619302041691737127 7193
1619302041959651794 5931
1619302042183336871 7351
1619302042354592583 5123
1619302042477018138 9092
1619302042539543160 5014
1619302042741158109 6538
1619302043034594119 4344
1619302043047101311 10366
1619302043155709750 7152
1619302043181224910 4845
1619302043257262530 4756
1619302043384438721 4555
1619302043441008137 7162
1619302043879941651 8323
1619302044028606617 4870
1619302044257294441 8468
1619302044843178692 4681
1619302044886158238 7374
1619302045629632814 5206
1619302045654882113 5482
1619302045955200548 6811
1619302046109187795 5756
1619302046443768549 4367
1619302047225555196 13059
1619302047265176940 8176
1619302047301891611 4842
1619302047358759692 5517
1619302047655326300 6167
1619302047820641229 24554
1619302048130431000 5643
1619302048178188227 4523
1619302048343564724 6946
1619302048562128551 6972
1619302048776639680 7035
1619302048834223334 5192
1619302048842252171 5914
1619302048886863829 3713
1619302049351846200 5271
1619302049580970099 4480
1619302049654918944 4832
1619302049685397468 4240
1619302049811458928 5432
1619302049972571019 5209
1619302050026531579 9729
1619302050143232494 4418
1619302050166929543 5643
1619302050709687779 3562
1619302050796246796 16506
1619302050880516277 6091
1619302051014794614 6439
1619302051299063999 4376
1619302051322356857 6160
1619302051514677506 6467
1619302051578934536 9280
1619302051925802048 7278
1619302051948199468 4137
1619302051979459047 7597
1619302052795402200 6598
1619302052959583735 6505
1619302053079784308 3846
1619302053226056931 4713
1619302053551434208 4525
1619302053954947086 4425
1619302053962195544 5175
1619302053992071153 6040
1619302054242902390 5753
1619302055346448801 7064
1619302055359963107 4069
1619302055519314756 14011
1619302055639979803 11124
1619302055835022053 3569
1619302056030002756 7451
1619302056047519748 4982
1619302056137380281 6736
1619302056156042994 5923
1619302056280702014 5608
1619302056486640378 5074
1619302056533909674 5375
1619302056579670140 6625
1619302056687196471 6972
1619302056898773902 6043
1619302057563594125 4650
1619302057570558117 4854
1619302058297417514 4494
1619302058581331444 6113
1619302058639408315 4798
1619302058994695715 5777
1619302059033573169 4447
1619302059123870246 8944
1619302059238690430 8247
1619302059371699767 4950
1619302059475476470 8668
1619302059560929947 8149
1619302059653029177 5921
1619302059667562851 3482
1619302060028200971 17750
1619302060142759660 6625
1619302060818934219 21901
1619302060865409304 4916
1619302061165163195 5955
1619302061371952573 5497
1619302061518806691 5994
1619302061558956466 5980
1619302061696285181 6663
1619302061930415773 8558
1619302062192876400 6589
1619302062350813161 5144
1619302062392727735 8314
1619302062433434934 5268
1619302062750570127 5694
1619302062941392036 7901
1619302063090739262 4717
1619302063410219499 8301
1619302063549744911 6653
1619302063678086352 4306
1619302063733141484 5423
1619302063846923765 4754
1619302063869343084 5506
1619302064084113005 6857
1619302064168662126 5947
1619302064236781297 8159
1619302064274714199 6351
1619302064724655684 3992
1619302064954889735 5223
1619302065144889079 5200
1619302065335896806 5491
1619302065463736912 5657
1619302065855586008 6662
1619302065925072379 9751
1619302066088613677 5729
1619302066197581904 6395
1619302066449231537 5956
1619302066476621123 5207
1619302066692607144 5018
1619302066708016480 5018
1619302066726925111 4104
1619302066797335016 5066
1619302066951276469 5727
1619302067087399451 6092
1619302067225956713 5056
1619302067427356177 6854
1619302067596092340 3739
1619302067740762577 6055
1619302068092247664 6426
1619302068431531786 5472
1619302068687890223 5998
1619302068697659445 7620
1619302068830743935 5843
1619302069169082201 8277
1619302069775634810 8882
1619302069844445326 5721
1619302070095648033 4993
1619302070225836919 20597
1619302070249334147 5738
1619302070501978413 6866
1619302070622306939 27242
1619302070728760974 9252
1619302070887805268 4786
1619302071144130164 4935
1619302071633997363 4415
1619302071737891322 6392
1619302071751566664 4335
1619302072312852345 7694
1619302072427955620 5248
1619302072508635882 6508
1619302072639045406 6330
1619302072719979759 6246
1619302073044610024 4994
1619302073077414846 5351
1619302073232417872 5564
1619302073334816072 7171
1619302073356533540 3782
1619302073908645530 7997
1619302073919859685 9037
1619302074121817317 14767
1619302074322407295 8363
1619302074454646361 5360
1619302074502680041 4657
1619302074673360847 5498
1619302074856942925 7959
1619302074995513406 5648
1619302075046404458 5927
1619302075137420316 5198
1619302075145597096 6043
1619302075214611802 5528
1619302075477525052 6392
1619302075527291851 4842
1619302075780766949 4610
1619302076010926660 5003
1619302076027882093 6066
1619302076045788253 6584
1619302076132671153 5354
1619302076317735200 7758
1619302076521672958 5109
1619302076681932239 9507
1619302076747210830 4612
1619302076844456225 5194
1619302076904468482 7236
1619302077038441686 5280
1619302077189954638 4001
1619302077379973502 9225
1619302077573323503 6815
1619302077615874592 6558
1619302077858830966 6509
1619302077906147527 10318
1619302077922939565 14692
1619302077949241465 6246
1619302077965124775 6455
1619302078411208143 5201
1619302078744487652 4063
1619302078999855150 5737
1619302079186063900 9136
1619302079557136629 6498
1619302079721276982 6902
1619302079747442177 7595
1619302079791776735 4089
1619302079998477054 4225
1619302080306785728 6036
1619302080356757174 4824
1619302080362729974 3899
1619302080442115670 5154
1619302080571378939 5574
1619302080793247921 3961
1619302080913721539 5309
1619302080974105443 7021
1619302081397189465 4940
1619302081431876065 5172
1619302081771280702 5365
1619302081954526824 7561
1619302082106620505 7569
1619302082438586103 5357
1619302082684654721 6140
1619302082796285792 11588
1619302082838751560 6163
1619302082950156526 5168
1619302083095624699 5632
1619302083200260138 9055
1619302083467961722 5879
1619302083492208923 3228
1619302083582279314 5511
1619302083736544004 12315
1619302084434769543 5182
1619302084473903697 5761
1619302084506643453 7127
1619302084684075415 9239
1619302084744950383 12561
1619302084847432243 5224
1619302085054383677 6359
1619302085354375721 5197
1619302085871785306 3582
1619302086158703877 6953
1619302086676692734 5799
1619302087103136315 5247
1619302087395689893 4853
1619302087596602363 8723
1619302087811524936 5479
1619302088814562137 4125
1619302088957621362 4699
1619302089270831877 6169
1619302089566216109 9019
1619302089641623210 4358
1619302089773252140 5483
1619302089862403319 3821
1619302090179837473 5352
1619302090441657165 5598
1619302090450011083 6266
1619302090493367584 5063
1619302090510868568 7432
1619302090548982415 4341
1619302090588105043 8701
1619302090686623565 5065
1619302090936231733 4362
1619302091384701905 5769
1619302091553837953 4192
1619302091691267013 4801
1619302091881121723 4648
1619302092023059067 17729
1619302092029905287 4711
1619302092109315423 8645
1619302092194925183 6334
1619302092444024550 6093
1619302092549619371 6437
1619302092964956435 6498
1619302092973323806 6227
1619302093410120208 15169
1619302093465994447 6018
1619302093609402538 5264
1619302093675302870 4815
1619302093738865318 6161
1619302093844482555 3561
1619302093945434820 4876
1619302094252272542 5781
1619302094471404997 6109
1619302094886137442 7295
1619302095320709496 24614
1619302095521962444 18940
1619302095564047131 8215
1619302095724762194 3961
1619302095960675411 7021
1619302096287012750 5269
1619302096294003006 4855
1619302096834965998 5412
1619302097125452382 4848
1619302097244141140 4319
1619302097420453591 26994
