1655685063206549295 0
1655685064207740882 0
1655685065208905033 0
1655685066210069482 0
1655685067211219653 0
1655685068212409356 0
1655685069213596431 0
1655685070214324598 0
1655685071216077729 0
1655685072217206918 0
1655685073218408996 0
1655685074219591343 0
1655685075220852146 0
1655685076222022587 0
1655685077223163436 0
1655685078224421733 0
1655685079225725001 0
1655685080227082762 0
1655685081228276279 0
1655685082229562005 0
1655685083230801362 0
1655685084232259565 0
1655685085233957924 0
1655685086235327246 0
1655685087236586626 0
1655685088237961906 0
1655685089239284694 0
1655685090240614247 0
1655685091241757111 0
1655685092243024212 0
1655685093243318646 0
1655685094244789709 0
1655685095245379138 0
1655685096246332283 0
1655685097247139284 0
1655685098248413008 0
1655685099250030144 0
1655685100251609399 0
1655685101252762069 0
1655685102253335565 14
1655685103254314941 59
1655685104255331399 77
1655685105256537408 78
1655685106257302902 74
1655685107258309283 75
1655685108259475807 77
1655685109260482338 75
1655685110261351221 77
1655685111262693321 75
1655685112264054631 77
1655685113265271301 75
1655685114266363443 73
1655685115267628584 78
1655685116267849130 78
1655685117268679096 75
1655685118269763636 74
1655685119270906765 78
1655685120271333596 74
1655685121272383228 76
1655685122273791920 76
1655685123274335515 76
1655685124275363532 76
1655685125276402530 77
1655685126277563876 76
1655685127278811609 75
1655685128280561291 77
1655685129281302378 74
1655685130283102370 73
1655685131284391523 80
1655685132285302901 74
1655685133286557562 76
1655685134287721023 74
1655685135288419059 80
1655685136289360546 74
1655685137290322260 72
1655685138291307222 80
1655685139292358128 75
1655685140293297858 72
1655685141294586498 78
1655685142295714745 75
1655685143296797930 75
1655685144298406007 76
1655685145299657890 78
1655685146300810533 75
1655685147301315132 71
1655685148302539655 80
1655685149303528145 75
1655685150304674203 74
1655685151305336256 76
1655685152306335815 79
1655685153307322886 70
1655685154308306258 79
1655685155309326749 76
1655685156310576900 75
1655685157311294514 75
1655685158312318806 78
1655685159313434876 73
1655685160314441181 76
1655685161315474117 77
1655685162316652834 75
1655685163317297516 77
1655685164318310414 75
1655685165319308324 77
1655685166320456381 75
1655685167321288014 77
1655685168323323997 74
1655685169324306305 76
1655685170325317200 79
1655685171326623858 72
1655685172327910752 79
1655685173328889836 74
1655685174330497390 72
1655685175331594032 79
1655685176332396864 79
1655685177333669310 75
1655685178334963687 71
1655685179335780538 79
1655685180336912664 80
1655685181337313723 70
1655685182338353394 76
1655685183339518396 79
1655685184340512339 76
1655685185341316651 71
1655685186342308462 78
1655685187343314297 79
1655685188344466361 71
1655685189345375076 77
1655685190346308720 79
1655685191347318233 72
1655685192348704261 51
1655685193349378512 1
1655685194350377947 0
1655685195351835527 0
1655685196352226359 0
