1655686539012445185 0
1655686540013641564 0
1655686541014894754 0
1655686542016270450 0
1655686543017553906 0
1655686544018726698 0
1655686545019861242 0
1655686546021026754 0
1655686547021315134 0
1655686548024310422 0
1655686549025313576 0
1655686550026463275 0
1655686551027814288 0
1655686552029207056 0
1655686553030503628 0
1655686554031745718 0
1655686555033126539 0
1655686556034429536 0
1655686557035599083 0
1655686558036730602 0
1655686559037881455 0
1655686560038339788 0
1655686561039486650 0
1655686562040323493 0
1655686563041477879 0
1655686564042606734 0
1655686565043738298 0
1655686566044885837 0
1655686567045401375 0
1655686568046642033 0
1655686569047313684 0
1655686570048563935 0
1655686571049306373 0
1655686572050530324 1
1655686573051307502 42
1655686574052315053 127
1655686575053353965 144
1655686576054297061 140
1655686577055329419 137
1655686578056426390 143
1655686579057304847 138
1655686580058303740 146
1655686581059326037 136
1655686582060309357 145
1655686583061298695 137
1655686584062325864 138
1655686585063403734 145
1655686586064394151 140
1655686587065344506 140
1655686588066315747 138
1655686589067482534 142
1655686590068316377 145
1655686591069312226 140
1655686592070322896 135
1655686593071322141 145
1655686594072299876 143
1655686595073330600 136
1655686596074428708 141
1655686597075525683 145
1655686598076652893 140
1655686599077447922 135
1655686600078320399 145
1655686601079320158 140
1655686602080294590 136
1655686603082457273 144
1655686604083308318 140
1655686605084348028 140
1655686606085518835 145
1655686607086539552 140
1655686608087320919 135
1655686609088331873 145
1655686610089322599 145
1655686611090289856 134
1655686612091313822 141
1655686613092311797 149
1655686614093308243 131
1655686615094455378 141
1655686616095386439 149
1655686617097065726 133
1655686618098311245 142
1655686619099446438 145
1655686620100342461 135
1655686621101449790 140
1655686622102338298 145
1655686623103300002 141
1655686624104319705 134
1655686625105319126 145
1655686626106310224 143
1655686627107292652 137
1655686628108454038 140
1655686629109319160 141
1655686630110613052 140
1655686631111309634 139
1655686632112312435 147
1655686633113296341 138
1655686634114297649 140
1655686635115296260 145
1655686636116328713 135
1655686637117297758 140
1655686638118308769 145
1655686639119481702 137
1655686640120319435 143
1655686641121343827 140
1655686642122313265 140
1655686643123413884 140
1655686644124314286 140
1655686645125295570 145
1655686646126302815 135
1655686647127317925 140
1655686648128311998 145
1655686649129320089 135
1655686650130302591 142
1655686651131319583 146
1655686652132548296 135
1655686653133759601 142
1655686654134782204 145
1655686655135535665 135
1655686656136312816 140
1655686657137397282 138
1655686658138298307 141
1655686659139407537 141
1655686660140307706 145
1655686661141330754 136
1655686662142458643 135
1655686663143668667 57
1655686664144923065 0
1655686665145347949 0
1655686666146308833 0
1655686667147298325 0
1655686668148435559 0