1655687092625535502 0
1655687093626746226 0
1655687094628047716 0
1655687095629268180 0
1655687096630458089 0
1655687097631651511 0
1655687098632844616 0
1655687099633896140 0
1655687100635316528 0
1655687101636337751 0
1655687102637473687 0
1655687103638400243 0
1655687104639590111 0
1655687105640752606 0
1655687106641878972 0
1655687107642330486 0
1655687108643315124 0
1655687109644346288 0
1655687110645622471 0
1655687111646310827 0
1655687112647531905 0
1655687113648808369 0
1655687114650130277 0
1655687115651460958 0
1655687116652661118 0
1655687117653382100 0
1655687118654571583 0
1655687119655338989 0
1655687120656481372 0
1655687121657362061 0
1655687122658055105 0
1655687123659216616 0
1655687124660392547 0
1655687125661596785 0
1655687126662432885 12
1655687127663533600 51
1655687128664887744 66
1655687129665420828 72
1655687130666618551 81
1655687131667885672 87
1655687132668393882 86
1655687133669507458 95
1655687134670337228 89
1655687135671352932 87
1655687136672295869 89
1655687137673329125 94
1655687138674340764 95
1655687139676337212 94
1655687140677329199 98
1655687141678317901 95
1655687142679960752 101
1655687143680312227 90
1655687144681305632 102
1655687145682315726 103
1655687146683331063 100
1655687147684310515 101
1655687148686022364 106
1655687149687317717 89
1655687150695630582 102
1655687151698039844 106
1655687152699038834 109
1655687153700567098 114
1655687154701426806 104
1655687155702409180 107
1655687156704325321 106
1655687157705772522 106
1655687158707343528 110
1655687159709320396 102
1655687160710320835 113
1655687161711418449 105
1655687162712507294 76
1655687163713334605 111
1655687164716308997 110
1655687165717445264 109
1655687166718663487 104
1655687167719310570 105
1655687168720553625 111
1655687169721433359 104
1655687170722371394 103
1655687171723312965 110
1655687172724332889 101
1655687173725322675 110
1655687174726320123 101
1655687175727489711 110
1655687176728778829 105
1655687177729929198 107
1655687178731322212 110
1655687179732341166 104
1655687180733590353 108
1655687181734766342 109
1655687182735940411 109
1655687183736427213 103
1655687184737411086 104
1655687185738579591 90
1655687186739319438 126
1655687187740670525 104
1655687188741705558 107
1655687189743564929 104
1655687190744314963 108
1655687191745340597 112
1655687192746309983 104
1655687193747455629 104
1655687194748645761 108
1655687195749318334 106
1655687196750348502 106
1655687197751510626 114
1655687198752878240 104
1655687199753330730 109
1655687200754478552 103
1655687201755358524 111
1655687202756326224 107
1655687203757675773 107
1655687204758931827 106
1655687205759311000 104
1655687206760557010 111
1655687207761763503 102
1655687208763507287 104
1655687209764872462 101
1655687210766103486 107
1655687211767693934 109
1655687212769474010 108
1655687213770317341 109
1655687214771527044 100
1655687215772515803 114
1655687216773660611 103
1655687217774331022 89
1655687218775313794 103
1655687219776470151 102
1655687220777311325 114
1655687221778334260 111
1655687222778705735 101
1655687223779842637 95
1655687224780573703 82