1619562679172420527 5157
1619562679355957834 6297
1619562679411573310 5530
1619562679700790841 8066
1619562679945722269 9676
1619562680217078927 5702
1619562680245946054 6109
1619562680507554080 5225
1619562680539856639 5814
1619562680769358248 4738
1619562680776013338 4582
1619562680929042076 6244
1619562680975418082 5600
1619562681497957862 7181
1619562681566373268 8019
1619562681599196845 5386
1619562681666479852 7406
1619562681713327787 6797
1619562681870306934 5766
1619562681889609803 5744
1619562681914343882 4396
1619562682481838729 3975
1619562682555900326 25178
1619562683010803378 5461
1619562683130490377 5395
1619562683142542076 9858
1619562683418862442 4359
1619562683573603116 6195
1619562683656332529 19072
1619562683886877063 5144
1619562683901004165 3895
1619562684023720726 5108
1619562684100684416 5509
1619562684377890010 8599
1619562684467046193 5006
1619562684523693769 5559
1619562684539789144 4488
1619562684576269910 5523
1619562684727732142 4704
1619562684760345330 4712
1619562684988985475 3144
1619562685479489268 6655
1619562685640925368 4197
1619562685652022390 8995
1619562685818880139 9104
1619562685948683254 4010
1619562686169759197 9542
1619562686208464830 5897
1619562686346278973 7187
1619562686605496345 2715
1619562686694761483 4073
1619562686756640750 10001
1619562686772131585 5755
1619562687088354676 7349
1619562687220776480 8362
1619562687230392978 7521
1619562687236437304 3947
1619562687463950917 8673
1619562687586031633 9865
1619562687815325907 8888
1619562687974601360 6260
1619562688118671301 8793
1619562688268532719 11825
1619562688393676773 7806
1619562688471903110 5288
1619562688794442745 4402
1619562689055731349 4689
1619562689684800059 7171
1619562689714897189 4265
1619562689837968924 3630
1619562689954350039 4789
1619562689974155318 4244
1619562690167859784 5495
1619562690340482863 6431
1619562690568970476 5553
1619562690607546653 5110
1619562690687517770 4378
1619562690719027437 5086
1619562690902544358 6749
1619562691227083395 4144
1619562691323639689 7014
1619562691388846594 8835
1619562691580440164 3874
1619562691896257066 5886
1619562691910629453 5314
1619562692114854427 5711
1619562692270617143 5019
1619562692392209766 4375
1619562692499077354 6753
1619562692607485976 3344
1619562692706400921 4690
1619562692759998960 6819
1619562692844524422 6160
1619562692909960342 6529
1619562693198583015 5034
1619562693241750700 5042
1619562693552698770 5775
1619562693583754253 7590
1619562693738849680 6218
1619562693823443707 8124
1619562693900839448 9380
1619562694165879335 5451
1619562694179731800 4524
1619562694189524005 7604
1619562694226622075 7818
1619562694355082622 5100
1619562694550837362 6240
1619562695025560047 4579
1619562695223008409 4911
1619562695471380307 8509
1619562695570996202 9088
1619562695808708597 8778
1619562695980288262 4177
1619562696246034532 5400
1619562696315016508 6350
1619562697361976210 6113
1619562697376508403 5732
1619562697402559225 7681
1619562697535595657 4688
1619562697636407252 4984
1619562697938558348 5083
1619562698053222721 4564
1619562698296299716 4035
1619562698443979772 5057
1619562698516244258 9550
1619562698639275083 5298
1619562698717164284 6566
1619562698753412092 9143
1619562699161110081 4608
1619562699228218809 5971
1619562699336522758 5126
1619562699678847182 5143
1619562699726172800 5028
1619562700501286142 5979
1619562700640686690 4255
1619562700654417982 4183
1619562700730620001 5511
1619562700815884020 5133
1619562701091932480 9582
1619562701150544744 3815
1619562701354874809 4969
1619562701497169288 5428
1619562702073772020 5681
1619562702281303702 8311
1619562702408258408 6875
1619562702415368820 5061
1619562702681955844 6595
1619562703427338245 4248
1619562703504068443 4484
1619562703652931516 5364
1619562703972967845 5862
1619562703989304393 6331
1619562704466998561 4441
1619562705834052362 7889
1619562705847254663 4043
1619562705957251673 5556
1619562706025712795 4109
1619562706091973537 4865
1619562706138697175 5104
1619562706320363051 4936
1619562706351899014 7705
1619562706494023759 3540
1619562706540556792 4561
1619562706547480339 4863
1619562706725966286 5150
1619562706872875295 4929
1619562707245354689 4932
1619562707273710960 6402
1619562707286818984 4818
1619562707317871010 5154
1619562707502898572 8638
1619562707552507368 10402
1619562707819434208 5254
1619562708375950342 3837
1619562708476120810 6562
1619562708619155481 8954
1619562709016475913 6046
1619562709236795218 4794
1619562709292303631 4649
1619562709375887860 5329
1619562709426652037 5153
1619562709457579463 5138
1619562709700398819 6105
1619562709725769010 6622
1619562710225489446 5066
1619562710276202351 4112
1619562710395507271 5499
1619562710411847704 4799
1619562710537607511 4956
1619562710708417621 7560
1619562710834871394 5829
1619562710875537831 5656
1619562710961704314 6205
1619562711149809831 4349
1619562711297829434 6161
1619562711510190679 2633
1619562711641800356 4515
1619562711845017101 4533
1619562711935755832 4734
1619562711988766985 5275
1619562712248692999 7130
1619562712316034030 4699
1619562712462943670 3947
1619562712783186506 5664
1619562713051061917 6894
1619562713479190708 5371
1619562713537604525 4494
1619562713615090647 5216
1619562713682503681 4555
1619562713698701390 4921
1619562713840577353 4832
1619562714022106004 4062
1619562714096354490 7141
1619562714326561250 4700
1619562714359070446 5448
1619562714468176611 5749
1619562714543892503 4402
1619562714747819078 4837
1619562715005094607 4452
1619562715097446335 6338
1619562715168112585 5414
1619562715322928875 6316
1619562715394030521 4542
1619562715719533334 5867
1619562715802559306 6549
1619562715864542171 5493
1619562715894961084 4686
1619562716187863953 4026
1619562716224599588 4400
1619562716285815237 3149
1619562716308232296 4156
1619562716363904947 6027
1619562716446517902 5089
1619562716505398634 5238
1619562716539635798 5727
1619562716604481588 4939
1619562716921598344 5173
1619562717493671322 4279
1619562717567091733 7145
1619562717637293273 5598
1619562717672625406 8918
1619562718044571125 3093
1619562718112211162 7559
1619562718129571187 4332
1619562718627066655 4364
1619562718931185119 4359
1619562719345132316 9989
1619562719862488426 5321
1619562719944191656 9117
1619562720153857824 4110
1619562720192766153 7195
1619562720537996455 4273
1619562720580560942 5550
1619562721106019471 7419
1619562721241973338 4371
1619562721283668424 6500
1619562721340376122 6718
1619562721353855598 4060
1619562721376808972 4279
1619562721508844991 7862
1619562721597060386 5850
1619562721634846515 4210
1619562721642305526 5431
1619562721779547232 6645
1619562721840863073 6500
1619562721994877975 6454
1619562722159926476 8228
1619562722172321740 3671
1619562722442110644 3988
1619562722571954427 4678
1619562722605053288 4445
1619562722771544947 7629
1619562722944398250 3690
1619562723056099232 13370
1619562723098403170 6722
1619562723134237545 4026
1619562723264685770 5355
1619562723467369591 4374
1619562723694625795 5963
1619562723834485490 6503
1619562723840476675 3862
1619562723883468351 8624
1619562723928061794 6473
1619562724070755948 7168
1619562724198790155 2534
1619562724665083570 5459
1619562725153601883 7578
1619562725667240321 5389
1619562725738597086 4439
1619562725824520443 5434
1619562725869779469 4669
1619562726136348609 5288
1619562726204275762 6603
1619562726519815893 6230
1619562726585331682 6081
1619562726962177372 6062
1619562727011708892 4859
1619562727188058282 5769
1619562727299611192 4883
1619562727417703312 5751
1619562727522336555 4515
1619562727572413001 6041
1619562727786357584 4728
1619562728011179551 4640
1619562728035935782 4573
1619562728067199760 5537
1619562728207021458 8638
1619562728343041484 5907
1619562728674670136 4097
1619562728680840797 4028
1619562728896292985 8246
1619562728966158524 5037
1619562729328703749 6433
1619562729437537779 4432
1619562729451604825 4283
1619562729601613625 4904
1619562729983175581 4598
1619562730010404427 6195
1619562730339758655 7492
1619562730355847947 5564
1619562730566019695 5827
1619562730847521117 5098
1619562731188883147 5402
1619562731405190990 7232
1619562731498679421 7619
1619562731538549925 8247
1619562732146995412 4483
1619562732378431925 4101
1619562732665524410 7846
1619562733220813754 4895
1619562733314943583 5519
1619562733425107377 5616
1619562733576584724 5529
1619562733696340774 5299
1619562733867641006 5325
1619562733874820310 4978
1619562734133325926 4541
1619562734214207793 4692
1619562734307045558 4943
1619562734420564999 9885
1619562734653142063 6751
1619562734789378827 8171
1619562734903861539 5298
1619562735071718100 5402
1619562735220386315 5193
1619562735234647705 4531
1619562735854831639 4373
1619562735876432419 6082
1619562736231451350 7342
1619562736297802923 5652
1619562736312770349 5948
1619562736397429670 4292
1619562736456449455 16123
1619562736506281657 6678
1619562736547673099 5461
1619562736563000934 7101
1619562736636896500 8663
1619562736680957362 8389
1619562736937867925 4428
1619562737211970946 4516
1619562737235600742 4902
1619562737243520849 5776
1619562737482444939 4277
1619562737512034084 4540
1619562737557950206 7504
1619562737741120386 5598
1619562737794080998 4255
1619562737883531412 4641
1619562737992635875 4469
1619562738351095950 7081
1619562738367695123 4674
1619562738489539808 5682
1619562738568620191 4520
1619562738851448768 4717
1619562738939841676 5103
