1619563722409508559 6078
1619563722535837571 8638
1619563722600307416 7025
1619563722654161857 9286
1619563722769144505 4612
1619563723110976629 7619
1619563723418173619 7435
1619563724238789927 36387
1619563724465507019 8921
1619563725549814183 8027
1619563727059287551 10612
1619563727593757859 7657
1619563727872742277 9654
1619563728088314141 8902
1619563728137937814 20887
1619563728255525950 5462
1619563728862539929 10355
1619563729485433268 8316
1619563729756866534 8238
1619563729783728940 7120
1619563729860418727 5042
1619563730249971526 9450
1619563730619748579 5901
1619563730989987648 5372
1619563731298521455 6164
1619563731610548178 12779
1619563731644683137 4571
1619563731696848478 10764
1619563731858979819 6278
1619563731967568017 8058
1619563732311678220 7493
1619563732851825920 6638
1619563732861194727 7282
1619563733069433017 6652
1619563733306266086 7958
1619563733647305721 7377
1619563733815006599 5130
1619563734120573023 7210
1619563734187545390 6668
1619563734353641242 7040
1619563734374955659 8322
1619563734587560456 5207
1619563735237923580 7806
1619563735847799569 7297
1619563735883676293 8199
1619563735894498245 8613
1619563735941786478 15334
1619563735998940302 5946
1619563736073723452 9590
1619563736099499817 5795
1619563736182741763 6296
1619563736602864013 6559
1619563737548819196 9076
1619563737642847510 21333
1619563737907086619 5675
1619563738150060182 7959
1619563738264803137 5556
1619563738483803109 6953
1619563738746709576 6625
1619563739468297504 7406
1619563739606731693 7016
1619563739840056712 4604
1619563739959741102 9206
1619563739993493710 5731
1619563740419066195 5067
1619563740583384434 8856
1619563740780351567 7803
1619563740793395330 10984
1619563740853351013 7095
1619563741053193916 6655
1619563742008446988 7146
1619563742289601836 5903
1619563742372862247 11770
1619563742422763794 11570
1619563742472774181 11772
1619563742748020002 4939
1619563742799403203 7602
1619563743000991085 6900
1619563743097931998 10703
1619563743171666213 7558
1619563743584061530 5034
1619563744063896278 8686
1619563744074757198 8810
1619563744092537080 5522
1619563744118653955 6176
1619563744244165784 4438
1619563744360640511 8516
1619563744776766713 4019
1619563745647373648 5662
1619563745658782651 9250
1619563746047047256 6301
1619563746055183056 6098
1619563746082807029 6108
1619563746111373546 7430
1619563746143231393 5541
1619563746210889702 6678
1619563746555079091 7904
1619563746663705279 5059
1619563746745638301 4801
1619563746818981488 7692
1619563747175754856 8590
1619563747415359251 11438
1619563747493064602 8863
1619563747624719650 4989
1619563747676721209 6464
1619563747763363137 6717
1619563748470880475 6579
1619563748722270933 7034
1619563749091259765 5284
1619563749302249238 7247
1619563749352188115 6814
1619563749442952374 7673
1619563749510508986 10285
1619563750187439715 11705
1619563750835258166 6386
1619563750879780389 6076
1619563751027924987 7491
1619563751395230032 5877
1619563751818738404 4304
1619563751882725438 7509
1619563752044634465 6985
1619563752159038815 11508
1619563752239773043 12370
1619563752336064806 6448
1619563752548313590 4861
1619563752609884007 7830
1619563752701171974 7701
1619563752747381451 7330
1619563753240141913 18829
1619563753513139188 6352
1619563753692896787 6566
1619563753981004476 5590
1619563754008784791 5708
1619563754039252323 13112
1619563754160720823 5499
1619563754387532094 6499
1619563754437438641 6196
1619563754448826850 9255
1619563755427900853 5667
1619563755550834105 6449
1619563755559233540 6313
1619563755864477624 9308
1619563756649759497 4679
1619563756891654134 9756
1619563757104859385 8295
1619563757656736167 6283
1619563757950304207 7247
1619563758087061630 7677
1619563758741373439 15823
1619563758792285590 6470
1619563758892724726 8698
1619563758993202557 4803
1619563759017864332 5502
1619563759053150514 5493
1619563759097202110 5855
1619563759701124602 7615
1619563759758719552 7756
1619563759937883349 7513
1619563760218506712 9052
1619563760442543494 18089
1619563760460988541 4953
1619563760604610760 6671
1619563760766390047 6059
1619563760870880637 7315
1619563760931473759 7176
1619563761082770316 8682
1619563761343027388 4909
1619563761390024405 8244
1619563761614959169 7094
1619563761746736422 5809
1619563762123697176 4785
1619563762351845674 4879
1619563762805884430 7816
1619563763214722541 5373
1619563763591853891 11032
1619563763823876810 5062
1619563764048428188 6374
1619563764056243395 5717
1619563764893632035 12702
1619563765252021573 5876
1619563765854821499 5363
1619563765929906683 4691
1619563765942895157 10913
1619563766060899137 11069
1619563766161398305 6723
1619563766288687756 10192
1619563766327590835 9136
1619563766476477142 8436
1619563766687507312 5398
1619563766706598348 8347
1619563767100943054 9860
1619563767111234836 8245
1619563767210015314 12131
1619563767245432364 5718
1619563767625828708 6392
1619563767771365678 4919
1619563767887636186 9779
1619563767981275855 7176
1619563768101850016 7101
1619563768296049703 4248
1619563768795348390 6904
1619563769099243460 7463
1619563769210284104 8847
1619563769949543268 6584
1619563770054814056 4360
1619563770516565835 6765
1619563770562019306 7524
1619563770609149710 8119
1619563770859276843 9677
1619563771288559648 9539
1619563771482291175 8276
1619563771720618256 7914
1619563771950150762 5676
1619563772052278815 10162
1619563772139008658 24648
1619563772340507026 9816
1619563772365683218 6881
1619563772607130261 7534
1619563772813980051 11840
1619563772879140083 5674
1619563772943697218 6214
1619563772961960059 7925
1619563773094211252 6299
1619563773108865375 6673
1619563773196125254 10604
1619563773548994941 8275
1619563773771701984 6059
1619563774127084993 6498
1619563774457296292 5402
1619563774476614120 8095
1619563774907420455 8212
1619563774994694033 9718
1619563775086948058 7319
1619563775141734429 3503
1619563775323648357 9023
1619563775521277437 6941
1619563775554379658 6148
1619563775563229199 6800
1619563775659342400 7985
1619563776007901350 7669
1619563776134360045 9329
1619563776341868289 12556
1619563776448107074 10050
1619563776454347793 4144
1619563776491768027 6778
1619563776635783359 16526
1619563776784448655 6940
1619563777137546646 9463
1619563777169356191 5807
1619563777314244004 7096
1619563777422149901 10249
1619563777602497297 7211
1619563777796424547 9492
1619563777956887404 9002
1619563778205341488 8997
1619563778261416273 7445
1619563778272249545 8794
1619563778873398140 12483
1619563778894053846 5127
1619563779102053854 7906
1619563779397642587 6753
1619563779696022133 5171
1619563779976733715 6826
1619563780257358056 5796
1619563780753767688 5426
1619563780770995497 6258
1619563780780556639 7454
1619563780816897202 7080
1619563781005602318 8514
1619563781012830845 5146
1619563781151511795 7803
1619563781159359713 5787
1619563782093513804 4735
1619563782247870357 5805
1619563782389325825 9165
