1619557618673310560 3347
1619557618976667401 4021
1619557619191717148 3351
1619557619275404423 3312
1619557619353816669 3475
1619557619375189852 3232
1619557619570760841 2996
1619557619592461603 3311
1619557619614951185 3678
1619557619862944998 3877
1619557620149253917 3899
1619557620199619630 3347
1619557620288222343 3369
1619557620405704927 3192
1619557620669677070 3039
1619557620730683218 3336
1619557620769585571 3524
1619557620814392487 3871
1619557620854310784 3531
1619557620887847604 3368
1619557621002075522 3663
1619557621024425501 3735
1619557621030339527 3713
1619557621135443595 3148
1619557621179635641 3424
1619557621230051625 3108
1619557621270334543 4000
1619557621433849532 2976
1619557621453523973 2968
1619557621520093198 2799
1619557621636346218 3557
1619557621680731648 2980
1619557621769775925 3307
1619557622093882386 3372
1619557622248750211 2990
1619557622363017809 2625
1619557622373003924 3050
1619557622391456869 4313
1619557622457280079 3231
1619557623024639959 3529
1619557623042120359 3664
1619557623437522690 4643
1619557623664318132 3078
1619557623772328950 3634
1619557623900910885 3989
1619557624017361150 7128
1619557624029439092 3203
1619557624125710960 3263
1619557624271182507 3455
1619557624484623262 3407
1619557624634684350 2439
1619557624793778106 3542
1619557624909965567 2400
1619557624995416131 2336
1619557625023716595 4289
1619557625063165246 3341
1619557625142315191 3259
1619557625211567712 2996
1619557625350199940 3153
1619557625368217071 4125
1619557625408478197 3183
1619557625778412412 4990
1619557625976128112 3865
1619557626140361006 3506
1619557626163707217 2740
1619557626193382512 3657
1619557626482574677 4309
1619557626681123873 3374
1619557626913744726 3150
1619557626919799178 3913
1619557627039011238 3151
1619557627213192629 3503
1619557627313448422 3321
1619557627375873611 3217
1619557627425759399 3380
1619557627524555813 3281
1619557627586735172 3626
1619557627668398128 4443
1619557627713676559 3667
1619557627858090396 5020
1619557627952035626 3665
1619557627962832638 2821
1619557628054181268 3342
1619557628508053289 3487
1619557628633858814 3423
1619557628664022830 5615
1619557628691125380 3705
1619557628755430654 3233
1619557628897495374 2316
1619557629437215318 4626
1619557629495570681 3552
1619557629738841994 3880
1619557629894499054 3123
1619557629906148007 3692
1619557629928926183 3420
1619557630288407967 3373
1619557630529815774 3187
1619557630638762132 3707
1619557630971222436 2362
1619557631030567278 4374
1619557631058181336 4270
1619557631781699056 3134
1619557631868524285 3287
1619557631996171330 2937
1619557632060040564 3462
1619557632087812401 2842
1619557632192226962 3328
1619557632293552393 5100
1619557632409462211 3590
1619557632421081499 3698
1619557632732522786 3071
1619557632776400536 2779
1619557632781607916 3035
1619557632901801434 3738
1619557633126679709 3449
1619557633207178478 2763
1619557633213989317 4632
1619557633270190405 3149
1619557633329597436 3731
1619557633364500308 3733
1619557633735796023 3557
1619557633890785292 3602
1619557633935962953 3749
1619557633958377619 3898
1619557633976771138 3281
1619557634132343954 2934
1619557634156242244 3612
1619557634591786790 4779
1619557634722587935 4225
1619557634800615436 4196
1619557634830659553 3530
1619557634968624978 5420
1619557634979706032 2871
1619557634996617656 3813
1619557635085722881 2803
1619557635146918097 4649
1619557635174267725 4290
1619557635214435867 3701
1619557635369614455 4501
1619557635375828508 3947
1619557635751935585 3487
1619557636066924882 3690
1619557636176704076 3652
1619557636298430504 3793
1619557636375331107 3431
1619557636499688357 3506
1619557636527666705 2801
1619557636733820106 3189
1619557636802525234 3872
1619557636905485149 3515
1619557636991853386 3585
1619557637328527830 3816
1619557637535028537 3000
1619557637762689767 4901
1619557637829103389 3055
1619557637905295347 5089
1619557638012206890 3109
1619557638057786805 3164
1619557638185261556 3759
1619557638366209534 3429
1619557638807402752 3148
1619557638835948288 3549
1619557638921317572 2556
1619557639076820147 3064
1619557639224881963 4250
1619557639696796215 2907
1619557639792702344 3585
1619557639809250435 2943
1619557639982109681 3968
1619557640157535685 3777
1619557640365673987 3994
1619557640468286911 2992
1619557640559086593 3233
1619557640782331765 3903
1619557640899447672 4168
1619557640928181853 4031
1619557641029261660 3356
1619557641041298337 3307
1619557641142286249 3624
1619557641188472852 3592
1619557641269548464 5063
1619557641338665545 3525
1619557641438622095 3326
1619557641647630576 2819
1619557641697337631 3925
1619557641730242268 2928
1619557641814606501 3621
1619557641912583819 3658
1619557641917868368 3135
1619557641948238265 3907
1619557642000204693 2919
1619557642413205765 3202
1619557642459260382 5404
1619557642612942287 3193
1619557642682636749 3148
1619557642758403205 3600
1619557642894193595 2960
1619557643000397297 4398
1619557643249914707 3405
1619557643384135919 5042
1619557643470558328 4711
1619557643560069685 3353
1619557643590194435 3609
1619557643646390431 4519
1619557643681070234 3362
1619557643733111185 3277
1619557643835724981 3428
1619557643991521309 4301
1619557644090391995 4622
1619557644125197955 4553
1619557644388501257 3691
1619557644521496386 3860
1619557644566052253 3546
1619557644821378050 5333
1619557644873267740 3409
1619557644893196468 5671
1619557645001215903 2957
1619557645265507129 3548
1619557645394771542 3872
1619557645405754560 2572
1619557645480099054 4573
1619557645536596731 3467
1619557645622357454 3955
1619557645657450942 2958
1619557645822056644 3682
1619557645869626584 3856
1619557645900252106 5013
1619557645955754343 2635
1619557646063465379 4026
1619557646122153163 5033
1619557646285691095 3179
1619557646407098000 4008
1619557646647078880 3289
1619557646664413733 4268
1619557646766382897 3606
1619557646940524010 4423
1619557647225543794 2398
1619557647346326439 2713
1619557647392514243 3283
1619557647773082163 3119
1619557647870899453 3235
1619557648317187262 4343
1619557648396979035 3418
1619557648453847514 3502
1619557648553128436 3603
1619557648854199450 2572
1619557648929968584 3260
1619557649370722406 2816
1619557649479455746 2464
1619557649496390437 3474
1619557649553081707 3340
1619557649582214832 4289
1619557649632840202 3157
1619557649652032493 3958
1619557649839343145 3480
1619557650142049115 3647
1619557650199978703 3182
1619557650205681319 3524
1619557650406246135 3478
1619557650458922270 4476
1619557650487757110 4604
1619557650493067633 3267
1619557650566865213 3773
1619557650615422103 3562
1619557650661863634 3400
1619557650761784352 4044
1619557650802946269 5411
1619557650910614535 3174
1619557650917638937 4862
1619557651109613813 4111
1619557651166656937 3365
1619557651183537138 3285
1619557651225709074 3876
1619557651307603178 4223
1619557651329667662 3572
1619557651718321864 3428
1619557651980134913 3785
1619557652187994100 3241
1619557652279155015 3807
1619557652496263957 3147
1619557652593672975 2788
1619557652848669544 3358
1619557652919009046 3695
1619557652989997355 4661
1619557653117349206 3766
1619557653195611025 2901
1619557653311213133 3422
1619557653422640648 4584
1619557653502346682 3153
1619557653642522686 4731
1619557653664614453 3565
1619557653716008449 3381
1619557653727520815 3881
1619557653803251811 3375
1619557653944533719 3546
1619557654049628420 3531
1619557654251541582 3239
1619557654309549974 3575
1619557654343031050 3653
1619557654452543393 3036
1619557654612385920 4145
1619557654754959694 2989
1619557654860300773 3824
1619557655210840963 3620
1619557655311608436 3835
1619557655351886178 4210
1619557655856088815 3391
1619557655861900737 3618
1619557655902140362 3825
1619557656074059937 3753
1619557656097301872 3573
1619557656378060187 3421
1619557656435636210 3028
1619557656570252975 3228
1619557656704574595 3785
1619557656962184618 3184
1619557656979682583 3620
1619557657015235265 4731
1619557657497125172 3677
1619557657712936352 3018
1619557657734482695 3029
1619557657856975681 3982
1619557657885541267 4086
1619557657902122096 3519
1619557658073641157 3531
1619557658148544634 3254
1619557658241274989 3106
1619557658264235699 2843
1619557658280285658 3348
1619557658484948342 3523
1619557658598771731 3651
1619557658725251147 3871
1619557658742476103 4427
1619557659352682315 3433
1619557659357685997 2831
1619557659368881506 3421
1619557659560899051 3534
1619557659688708310 3403
1619557659843275161 2787
1619557659920146064 3812
1619557659936651028 3251
1619557659991121964 3753
1619557660040811476 3182
1619557660053247561 3054
1619557660164745006 3616
1619557660386164621 3406
1619557660663467762 2932
1619557660806022934 3086
1619557660835303767 4524
1619557660852350384 3580
1619557660858188676 3647
1619557660955321178 3679
1619557661132533455 3464
1619557661312296644 3691
1619557661530856014 3441
1619557661576429715 3833
1619557661621601666 4331
1619557661650268183 3848
1619557661697301356 4557
1619557661953088161 3520
1619557662016005462 3495
1619557662055808853 3614
1619557662096705560 3940
1619557662149862082 4281
1619557662154937964 2854
1619557662572548567 3682
1619557662693784771 4443
1619557662895244111 3066
1619557663034933591 3624
1619557663163571004 3654
1619557663223725240 5190
1619557663275665442 3607
1619557663455321257 3635
1619557663479368862 3264
1619557663543932074 2767
1619557664023674707 3666
1619557664204323957 3144
1619557664261223968 3569
1619557664284769834 4313
1619557664377842598 3138
1619557664551597585 4325
1619557664669115279 3967
1619557664674773350 3517
1619557664725737177 3235
1619557665093636149 3309
1619557665333057456 3371
1619557665561581935 3536
1619557665631806162 3029
1619557665709277457 4032
1619557665914117487 3075
1619557665919669759 3384
1619557666026268091 3850
1619557666104572368 4224
1619557666145443799 2794
1619557666152903624 5297
1619557666310870556 2777
1619557666372430365 3006
1619557666778618330 3780
1619557667111232325 4679
1619557667194781810 3658
1619557667615515909 3481
1619557667798686611 3394
1619557667868026556 3477
1619557668017322627 2937
1619557668052081272 4079
1619557668064202053 4452
1619557668097323885 3086
1619557668126626772 4401
1619557668263902507 3015
1619557668274087193 2832
1619557668349609111 3065
1619557668399944485 2923
1619557668447166855 3599
1619557668467041778 4013
1619557668552636772 3576
1619557668557827577 3001
1619557668604404677 5643
1619557668674128132 3809
1619557669001063750 3435
1619557669006303755 3074
1619557669253946382 3469
1619557669306955281 3369
1619557669394378263 3221
1619557669502061467 4151
1619557669507983963 3809
1619557669602109098 3139
1619557669619252323 3777
1619557669695175174 3874
1619557669910065751 4637
1619557669985684512 3982
1619557670093554487 3382
1619557670122216875 3683
1619557670198984685 4905
1619557670238657976 3500
1619557670334354769 3536
1619557670399288396 2601
1619557670433152187 3262
1619557670504489176 3020
1619557670582216337 3723
1619557670647367335 4947
1619557670814195673 4995
1619557670828651921 2532
1619557670877000608 3207
1619557670946328355 3388
1619557670975402148 3481
1619557671077645569 3467
1619557671262860772 4437
1619557671298449549 5089
1619557671549511503 3586
1619557671809710098 4542
1619557671947006397 5182
1619557672269630616 3805
1619557672321317975 3732
1619557672405333021 3502
1619557672480324856 3491
1619557672585364370 2891
1619557672699925693 4807
1619557672830159386 3447
1619557672852595083 4259
1619557672887691174 4685
1619557672899254431 3545
1619557673153425088 2999
1619557673171146328 3147
1619557673380946582 3319
1619557673392240632 2796
1619557673733933619 3540
1619557674158816459 3883
1619557674239573617 3425
1619557674283955839 2587
1619557674390946856 3667
1619557674504079162 3420
1619557674514279646 2845
1619557674554129587 3715
1619557674656203969 3686
1619557674708885410 4772
1619557674778708166 4273
1619557675036828341 3637
1619557675300500547 3446
1619557675612663858 3681
1619557675642235372 3874
1619557675764350056 3247
1619557675770372722 3796
1619557675776721131 4197
1619557675887444578 4097
1619557676094963545 3552
1619557676111301480 2949
1619557676259983976 3414
1619557676381907028 3489
1619557676470914063 3235
1619557676512888618 4994
1619557676582050558 4338
1619557677307713172 3139
1619557677378549822 3009
1619557677442570938 3727
1619557677610603204 3739
1619557677838823080 3719
1619557677844138312 3150
1619557677854508455 3030
1619557677935078753 3474
1619557677981382414 3433
1619557678024270347 4373
1619557678124448363 5832
1619557678186750263 3930
1619557678331984816 3222
