1619564154652243603 7344
1619564155047707327 8149
1619564155215446117 8092
1619564155376593854 9324
1619564155417269738 8301
1619564156295087733 14884
1619564158575700599 9575
1619564159064662998 7551
1619564159342147304 37375
1619564159484230033 9805
1619564159554233601 5301
1619564159566622409 10339
1619564159764539865 9187
1619564160337224143 42012
1619564160367775714 7033
1619564160444610357 27954
1619564161200221412 7653
1619564161446336959 24685
1619564161706984326 6338
1619564161874537818 10139
1619564162184685807 10163
1619564162416681501 6696
1619564162901493120 10191
1619564162991652770 6764
1619564163353980048 12310
1619564163563655928 10308
1619564163747257447 5915
1619564163788224974 7631
1619564163800754945 10485
1619564163902177506 10079
1619564163971702033 8989
1619564164043671014 15146
1619564164289198826 10291
1619564164344426426 16946
1619564164390836305 9634
1619564164891735721 13982
1619564165249469465 7553
1619564165541389786 22862
1619564165753639348 10637
1619564166283251111 12984
1619564166701381379 10400
1619564166712502356 9042
1619564166794750755 5142
1619564167398500779 6109
1619564167709504212 10586
1619564168329325856 18267
1619564168578778224 11443
1619564168815348310 8323
1619564168958584211 6763
1619564169423588425 11299
1619564169467324099 9588
1619564169496967808 5418
1619564169573218981 13459
1619564170390774139 9885
1619564170486464933 10205
1619564172090038527 9469
1619564172232190950 10764
1619564172348377051 9738
1619564173051187561 6085
1619564173138779072 32374
1619564173437633381 20734
1619564173529769253 8679
1619564174251879371 9272
1619564174510180791 5548
1619564174582340216 5820
1619564175109995519 12962
1619564175285269311 12216
1619564175452362078 10811
1619564175619323576 9472
1619564175712355893 8861
1619564175899652667 9553
1619564176204876516 8181
1619564176297973658 10818
1619564177253137744 10463
1619564177439772276 16835
1619564177474561035 11453
1619564177500045797 7677
1619564177671549521 13038
1619564177886639901 10857
1619564178700702622 8685
1619564179046904226 7097
1619564179095962681 7170
1619564179269667711 8364
1619564179301145965 7058
1619564179617808819 8582
1619564179700332125 8305
1619564179788189029 10921
1619564179866921521 10577
1619564179953584128 6932
1619564180248569903 7307
1619564180411375448 12049
1619564180760739712 6319
1619564180783232843 10280
1619564180877091801 9037
1619564180969946169 8505
1619564181800614515 7250
1619564182249322158 6681
1619564182643045519 33708
1619564182739771548 25045
1619564183346381587 5931
1619564184401161885 6676
1619564184868631289 6303
1619564185137561081 21639
1619564185508826018 17104
1619564185577512915 8738
1619564186118656817 10159
1619564186130935895 10058
1619564186864689786 7957
1619564186952899444 8681
1619564187374740231 7412
1619564187499333201 8795
1619564187647817056 6971
1619564187764658317 11010
1619564188361420833 7145
1619564188552607733 10056
1619564188589623356 11454
1619564189061920810 8334
1619564189178167207 7934
1619564189560690779 12465
1619564189650799440 7917
1619564189846092482 15586
1619564190101641808 9215
1619564190777608468 11293
1619564190794792290 15047
1619564191197050365 13528
1619564191233050225 10602
1619564192015477527 9809
1619564192173074146 8090
1619564193110454755 8522
1619564193244549803 27416
1619564193320026641 6449
1619564193372500367 8131
1619564193443615558 13935
1619564193567758595 8346
1619564193678478834 10912
1619564193737480722 21675
1619564193809361665 10058
1619564193974768525 7829
1619564194142443611 18694
1619564194161316250 8241
1619564194462946061 8444
1619564194738277087 10679
1619564195474812447 10467
1619564195485063423 8143
1619564195550366269 7145
1619564195801021182 8021
1619564195872855300 9464
1619564195937082123 39966
1619564195945388837 6250
1619564196698908990 5224
1619564197412982226 18961
1619564197884837092 10889
1619564197897793766 10892
1619564198295255074 13942
1619564198432124255 10752
1619564198523732661 7179
1619564198542934954 17136
1619564198628310852 10276
1619564198702598631 10960
1619564198888361026 9744
1619564198984853997 7927
1619564199490213220 7860
1619564199623480035 9177
1619564200185774817 9074
1619564200565323921 10505
1619564200648368316 12481
1619564200762229198 9891
1619564201186191289 13715
1619564201842584316 25446
1619564202659283218 12171
1619564202715730722 8981
1619564202774231205 12463
1619564202903587500 12172
1619564203811375975 15268
1619564203894551048 8483
1619564204150404225 8904
1619564204251240101 6604
1619564204995393110 9045
1619564206003990300 9071
1619564206082613082 9322
1619564206107213914 7671
1619564206266422282 10801
1619564206598755612 7702
1619564206652088003 7996
1619564206675605954 10261
1619564207323909892 7957
1619564207384498262 11034
1619564207456618658 7943
1619564208205850900 10828
1619564208746740881 6806
1619564209322953293 7810
1619564209669560803 7236
1619564209899098662 13293
1619564210384394670 10849
1619564210669642889 11057
1619564211100652519 7706
1619564212140037860 38663
1619564213896126314 12613
1619564213960201992 8270
1619564214037444656 26840
1619564214199091467 8918
