1619557755769611969 2780
1619557755829823765 4524
1619557755942185478 3753
1619557756029446540 4439
1619557756092124278 3477
1619557756140371741 3548
1619557756362194560 3862
1619557756446320444 3591
1619557756542325988 3215
1619557756617115723 4274
1619557756662716509 2812
1619557756874762481 3318
1619557756935811151 3884
1619557756962532330 2714
1619557757035821850 2800
1619557757184286547 3260
1619557757253663912 4117
1619557757264883830 3494
1619557757367033252 3836
1619557757425968538 4629
1619557757459980871 3188
1619557757496949488 3302
1619557757748252189 3470
1619557757929093377 3530
1619557757946614442 3669
1619557758048546903 4465
1619557758149790436 4197
1619557758307154040 4037
1619557758325479414 4796
1619557758476600135 3180
1619557758532156088 2923
1619557758603643960 3736
1619557758637313167 3587
1619557758747802511 4027
1619557759153468442 2700
1619557759227358521 3378
1619557759612287757 3025
1619557760047232711 3833
1619557760109366107 3651
1619557760369931281 4420
1619557760477813795 3213
1619557760595858674 5630
1619557760601985173 4021
1619557760637013733 4179
1619557760670430007 3792
1619557760839584612 3135
1619557760943924341 4211
1619557761105075005 4380
1619557761235483513 3439
1619557761325161909 3547
1619557761507120905 3883
1619557761524599570 3428
1619557761579663805 4878
1619557761691637280 4585
1619557761702738454 3635
1619557761738406079 4197
1619557761859164202 3502
1619557761929967974 3746
1619557762182038522 4240
1619557762417467998 4221
1619557762435804725 3891
1619557762452813985 3732
1619557762457789591 2926
1619557762648970133 3041
1619557762732240025 5204
1619557762865845078 3721
1619557762909345335 3756
1619557763173110612 4040
1619557763190473223 3327
1619557763265776265 3883
1619557763354680181 4436
1619557763389599421 3879
1619557763470247499 4660
1619557763522711188 3466
1619557763657774071 3414
1619557763929863265 3991
1619557763959607051 3789
1619557764273825452 2138
1619557764342535463 3156
1619557764389453750 4122
1619557764443850562 3434
1619557764448858312 2860
1619557764511560201 3384
1619557764810120979 3868
1619557764990080312 3310
1619557765007390853 3462
1619557765109101903 5030
1619557765132238122 3574
1619557765183243587 4176
1619557765459821307 3764
1619557765695629921 2856
1619557765740864722 3321
1619557766081884011 3483
1619557766099318638 4176
1619557766122494834 3309
1619557766538962996 2942
1619557766711268469 3530
1619557766935503055 4198
1619557766964416973 4037
1619557767282382067 3164
1619557767394654203 3823
1619557767401620712 4820
1619557767493963592 2829
1619557767517154749 3198
1619557767558359077 3587
1619557767762928762 3979
1619557767897332543 2966
1619557768005138738 3490
1619557768077791236 4551
1619557768122763977 2465
1619557768463399567 3906
1619557768552962893 3780
1619557768655715880 3308
1619557768673382035 4196
1619557768738612811 4894
1619557769209058581 3589
1619557769585933302 4262
1619557769624259334 4403
1619557769682192719 3514
1619557769882520795 2736
1619557769963339063 3459
1619557770049116634 3618
1619557770123724824 3063
1619557770295165640 3561
1619557770318354433 4249
1619557770362240449 4126
1619557770455197004 3344
1619557770497912406 4064
1619557770561961617 5578
1619557770658669375 3547
1619557770704694932 2892
1619557770717481616 5197
1619557771006493188 3595
1619557771030073991 3870
1619557771036146851 3936
1619557771085651933 3737
1619557771246666220 4035
1619557771267995409 2716
1619557771274634156 4487
1619557771434415649 3613
1619557771468963511 2724
1619557771493286060 3962
1619557771506743054 4514
1619557771596920481 2383
1619557771691483259 2916
1619557771787262364 3337
1619557771811766981 4106
1619557771870452398 4073
1619557771980813838 2815
1619557772054047280 3193
1619557772275170384 3623
1619557772398636018 3709
1619557772435266842 3385
1619557772475314217 3848
1619557772634575341 3313
1619557772783732335 3593
1619557772916970197 2912
1619557772976042311 3403
1619557773038632398 4220
1619557773146790793 5133
1619557773386061876 3900
1619557773428319675 4163
1619557773536831735 4315
1619557773572393214 3870
1619557773795289410 3759
1619557773878622965 3857
1619557774073163524 3104
1619557774148547242 4070
1619557774160906529 4769
1619557774406506197 3336
1619557774504643723 3344
1619557774515203718 3416
1619557774557209736 3666
1619557774606990650 4049
1619557774848486022 3956
1619557774911357173 3371
1619557774965921238 3383
1619557775086561387 2745
1619557775099253659 3954
1619557775281349084 4172
1619557775364014906 3305
1619557775616674802 5337
1619557775792518041 2353
1619557775809230008 2969
1619557775828618906 4323
1619557775986301926 4138
1619557776051652317 3536
1619557776097928032 4082
1619557776114243885 3884
1619557776185308024 3936
1619557776242345322 6061
1619557776317832353 2705
1619557776384644689 3224
1619557777025480176 3348
1619557777505315138 3890
1619557777636732622 3797
1619557777732974579 4054
1619557777738944216 3776
1619557777752255903 4774
1619557777891051540 4965
1619557778503717842 3960
1619557778528147769 2908
1619557778569243447 3481
1619557778622601402 4796
1619557778674464212 3775
1619557778724026681 3572
1619557778812323026 3097
1619557779067347178 3622
1619557779073169458 3585
1619557779576378014 3625
1619557779678770779 3762
1619557779843878200 4178
1619557779891094258 2981
1619557780142773560 3473
1619557780405167268 3939
1619557780539007484 3504
1619557780656846232 4281
1619557780717717793 2811
1619557780895767863 4040
1619557780973916381 3736
1619557781055520182 3538
1619557781191431114 3677
1619557781475679385 3725
1619557781487716040 4077
1619557781500073145 4190
1619557781685886024 4133
1619557781887138575 3258
1619557781997430135 4188
1619557782097460971 4262
1619557782194056463 3443
1619557782306098678 3518
1619557782567854505 3767
1619557782591597829 3900
1619557782730377099 2853
1619557782831261055 3459
1619557783058817367 3594
1619557783110533785 3648
1619557783129147355 3757
1619557783134248827 2954
1619557783256388160 3441
1619557783321655261 4207
1619557783346084063 4710
1619557783393545617 3890
1619557783410670885 4264
1619557783532121049 4271
1619557783582253944 3771
1619557783600062905 3869
1619557783841868812 2729
1619557784133041516 2633
1619557784200096054 3503
1619557784299201632 3946
1619557784642447518 4692
1619557784661272079 2752
1619557784684176051 4183
1619557784776226350 2998
1619557784810125544 4148
1619557784962672148 3734
1619557785104979540 3199
1619557785395278290 3417
1619557785417597380 4022
1619557785443947823 3195
1619557785508938157 3613
1619557785648565523 4356
1619557786112557962 3397
1619557786210085376 3520
1619557786499429589 3900
1619557786585643675 3895
1619557786592543890 4820
1619557786616752673 3753
1619557786652007812 5397
1619557786725523509 3350
1619557786737327819 3692
1619557786796008206 4079
1619557786934080813 2996
1619557786944979277 2763
1619557786989636522 4221
1619557787002538649 5633
1619557787183777460 4033
1619557787468613151 3964
1619557787474142230 3387
1619557787515660807 3909
1619557787658923579 3996
1619557787771513226 2390
1619557788116595590 3641
1619557788239223203 3352
1619557788287227791 4301
1619557788455017676 3691
1619557788501905284 3571
1619557788560511188 4532
1619557788565890934 3299
1619557788632130925 3242
1619557788672624589 4608
1619557788689378161 2733
1619557788938951428 3557
1619557788963435120 4375
1619557789067487668 4179
1619557789123738526 2630
1619557789453036988 4317
1619557789531355799 3538
1619557789822536155 3661
1619557789827980456 3247
1619557790048275516 3749
1619557790089820327 3997
1619557790102093966 3742
1619557790226420714 4506
1619557790403421507 3708
1619557790426575651 3335
1619557790612364366 3576
1619557790649586985 3171
1619557790654563168 2801
1619557790659017960 2284
1619557790948119391 3677
1619557790966249894 4044
1619557791099741688 3351
1619557791200200902 2816
1619557791253698767 3486
1619557791259620910 3784
1619557791381161835 4148
1619557791598406989 2908
1619557791645633865 3023
1619557791726507964 3891
1619557791763366722 3433
1619557791774170863 3462
1619557791861287615 3971
1619557791879274231 3156
1619557792249237791 3532
1619557792542449563 4061
1619557792632991404 5491
1619557792762814951 3930
1619557792849179648 3841
1619557793301050523 3644
1619557793369873907 3866
1619557793389812325 4003
1619557793449247546 4457
1619557793616092754 3272
1619557793657615562 4441
1619557793663508041 3751
1619557793786826305 3025
1619557793847569865 4266
1619557794027004018 2610
1619557794079345294 4383
1619557794331988567 3680
1619557794490858803 4477
1619557794670715468 4284
1619557795020562691 3628
1619557795117489253 3860
1619557795240851077 4628
1619557795334850017 2982
1619557795370298036 3664
1619557795542328182 3883
1619557795624065668 3070
1619557795697442174 5268
1619557796263342472 3364
1619557796559497764 3674
1619557796673395358 3718
1619557796858368905 3912
1619557796970996219 3427
1619557797000231273 3844
1619557797191492148 4700
1619557797418598138 3215
1619557797607141467 5988
1619557797801591662 4010
1619557798322566830 4961
1619557798328151740 3491
1619557798451010811 4100
1619557798635601055 3112
1619557798659537379 3977
1619557798708294669 4137
1619557798772933257 3656
1619557798791566350 3927
1619557798914041988 3789
1619557799087392221 4130
1619557799281724931 3697
1619557799959666503 4096
1619557800030875756 3571
1619557800153423190 2917
1619557800350505338 3052
1619557800665934423 4185
1619557800726478909 6007
1619557800849622465 4644
1619557800888995137 3745
1619557800931514740 3219
1619557800991688121 4821
1619557801003638953 4202
1619557801133977806 3729
1619557801146438867 4190
1619557801186012988 2488
1619557801301308480 4282
1619557801454353346 2834
1619557801525458783 3415
1619557801669696811 3548
1619557801683347162 3434
1619557801694748009 3810
1619557801791568374 3691
1619557801881749135 5457
1619557801886954796 3060
1619557801987900910 3037
1619557802199514020 3610
1619557802236944465 3475
1619557802353552653 3273
1619557802366330417 4931
1619557802404321600 4825
1619557802848566364 4134
1619557802908139752 2967
1619557803031145823 6366
1619557803235705814 2778
1619557803384939078 3114
1619557803526703516 3878
1619557803533296901 4427
1619557803557775404 3636
1619557803691072363 2681
1619557803762915755 3886
1619557803782013632 5035
1619557803799665291 3027
1619557803891320217 3459
1619557804022785741 3847
1619557804083341984 3459
1619557804140366389 3553
1619557804372304038 2244
1619557804406739148 3879
1619557804502773455 3182
1619557804811466796 3069
1619557804889244079 4264
1619557805113829487 3861
1619557805323247245 3540
1619557805404016630 2583
1619557805681971461 4199
1619557805963955927 3506
1619557805987207390 4305
1619557805992374985 3018
1619557806255323342 3617
1619557806293186817 3959
1619557806344636267 3672
1619557806367392895 3859
1619557806710888974 3984
1619557806795432601 3884
1619557806863721378 4025
1619557806989594600 3933
1619557807158464108 3176
1619557807201107083 5239
1619557807356632831 3819
1619557807390631279 3041
1619557807487120459 4325
1619557807640493577 3581
1619557808011282249 3674
1619557808028115123 4401
1619557808089457982 3704
1619557808266693803 3859
1619557808277751727 3203
1619557808295955617 3272
1619557808325573186 3795
1619557808564891680 3208
1619557808633069545 3727
1619557808655827903 3941
1619557808662174929 4248
1619557808781334137 2404
1619557808812224339 4091
1619557808818286347 3961
1619557808909468110 3438
1619557808987514590 3324
1619557809120078178 5977
1619557809271578260 3747
1619557809308644712 4253
1619557809411582408 3448
1619557809423023872 3206
1619557809516408369 3864
1619557809661511546 4013
1619557809790498053 4435
1619557809862021723 6050
1619557809956398443 3592
1619557810003636802 4444
1619557810057827487 4046
1619557810107868059 4250
1619557810601799297 3035
1619557810635837678 3131
1619557810666860610 4323
1619557810691071111 2856
1619557810837803656 3884
1619557810878634228 3339
1619557810941053230 3898
1619557810965472525 4088
1619557811315787152 4865
1619557811525175740 3864
1619557811530754333 3444
1619557811629040040 3803
1619557811884417373 5310
1619557812181259338 3653
1619557812315882855 3676
1619557812396305930 3249
1619557812517529385 3802
1619557812688079294 3485
1619557813207554693 3612
1619557813386187156 4323
1619557813411557580 5542
1619557813540187045 3403
1619557813759188067 4325
1619557813804889468 2990
1619557813810883264 3815
1619557813863437579 3764
1619557813973497945 4263
1619557813979547559 3973
1619557814135218721 3174
1619557814213545477 4023
1619557814419097147 3726
1619557814508997800 4414
1619557814569438547 3492
1619557814580840382 2666
1619557814743497259 4158
1619557814875911101 3506
1619557814937608325 3520
1619557815095643688 3503
1619557815124726219 3760
1619557815333694604 3164
1619557815346742797 5021
1619557815353067969 4281
1619557815358482866 3315
1619557815462065868 5701
1619557815572237486 5917
1619557815588808414 3332
