1619641364270765903 4725
1619641364355901837 5627
1619641364377335772 4581
1619641364444467604 6106
1619641364505562434 4561
1619641364520144210 5053
1619641364680058265 5439
1619641364769410332 5187
1619641364775828949 4355
1619641364816068112 3851
1619641364914597624 3921
1619641364947608105 4373
1619641365020778572 4760
1619641365146634661 4847
1619641365181760576 4055
1619641365445652197 4357
1619641365519810448 4822
1619641365577664659 8320
1619641365586053633 6254
1619641365619142215 5012
1619641365733264026 4934
1619641365756912438 4074
1619641365803577688 3882
1619641365845418685 5289
1619641366141273550 4803
1619641366161682361 4800
1619641366309930140 4679
1619641366557341180 4728
1619641366564976408 5607
1619641366600788392 6409
1619641366636340513 4514
1619641366726814059 4234
1619641366777659811 4219
1619641366979929659 4082
1619641367055809416 7091
1619641367126718261 5459
1619641367136410139 7626
1619641367249141430 3719
1619641367446763723 6504
1619641367548593245 4338
1619641367967725198 4991
1619641368185108280 4919
1619641368339494891 4790
1619641368542919796 4578
1619641368562198502 3663
1619641368646152051 4308
1619641368916321734 4042
1619641369094154802 3873
1619641369937958873 4296
1619641369998262353 6014
1619641370245954163 4933
1619641370321108746 5000
1619641370453695188 3756
1619641370565783500 4237
1619641370656111940 7661
1619641370811649953 5182
1619641370844506231 4541
1619641370985235160 4708
1619641371178388910 4828
1619641371416689931 4394
1619641371447844433 5355
1619641371682778660 4666
1619641371729974515 4745
1619641372161206340 4257
1619641372222000609 4443
1619641372281885502 3206
1619641372290156431 6130
1619641372549069710 6482
1619641372659232863 4860
1619641372862158356 6253
1619641372941564938 4748
1619641373223754148 4092
1619641373402367939 4599
1619641373444837314 4111
1619641373584590820 5107
1619641373745897415 4128
1619641374227832588 4594
1619641374380190251 4068
1619641374488909329 4879
1619641374494991931 4003
1619641374520993760 4558
1619641374739556171 6585
1619641375136904164 5355
1619641375187500836 4807
1619641375790169467 3465
1619641376065756786 4533
1619641376168027405 4694
1619641376196816360 5334
1619641376209517513 4180
1619641376263862171 4530
1619641376626801766 5604
1619641376699976024 4917
1619641377136607420 4305
1619641377231369793 5768
1619641377277862107 4362
1619641377313079600 3940
1619641377422518686 6434
1619641377527872084 6169
1619641377711397445 4724
1619641377956947701 5552
1619641378147528281 4535
1619641378340762477 4073
1619641378491537158 4427
1619641378567677508 4234
1619641378596961381 5095
1619641378629402325 3934
1619641378685281624 3971
1619641378781123597 4714
1619641378795772734 5732
1619641378840835960 3752
1619641378967787451 5041
1619641379057256703 10036
1619641379063654821 4359
1619641379128991114 5405
1619641379150450745 6105
1619641379271606895 4517
1619641379319798661 4719
1619641379410116679 5901
1619641379729285831 4638
1619641379849076793 5029
1619641379924844467 5165
1619641380053027911 4683
1619641380114287454 3936
1619641380134518677 4865
1619641380290742779 3234
1619641380297766916 4882
1619641380312278487 5937
1619641380392299485 4885
1619641380426043129 5248
1619641380809260035 5462
1619641380856304890 4773
1619641381001030612 6212
1619641381175609285 4775
1619641381422036719 5731
1619641381434882511 3967
1619641381585626300 3659
1619641381689999689 5575
1619641381750603292 4237
1619641381885276057 4192
1619641381992793171 4367
1619641382005645874 4590
1619641382030434099 7692
1619641382319501165 4444
1619641382464070651 4453
1619641382478128131 4045
1619641382571888644 6677
1619641382585115210 5196
1619641382776245275 4456
1619641382883291971 3764
1619641382957208055 6395
1619641383073860705 4783
1619641383112374309 5474
1619641383358315889 4424
1619641383542315996 4203
1619641383603844361 5069
1619641383650752512 3883
1619641384041629452 5039
1619641384049244130 5551
1619641384096510197 4745
1619641384529346549 5499
1619641384628638120 4624
1619641384643477826 5614
1619641384740713667 4559
1619641384755364006 5948
1619641384928614663 7170
1619641385143957849 4264
1619641385900063041 4812
1619641386123381667 4998
1619641386188070901 4314
1619641386206068321 3953
1619641386325066151 3938
1619641386379992298 3692
1619641386664505749 4162
1619641386881302696 5169
1619641386938403137 6888
1619641387196982136 4486
1619641387288002908 4459
1619641388111859656 5015
1619641388137863091 4112
1619641388253512725 4669
1619641388470540630 5842
1619641388531244311 4127
1619641388571828638 4316
1619641388895813801 3516
1619641389018312083 5023
1619641389480995240 4398
1619641389614033285 4393
1619641389707775129 4066
1619641389728913388 4378
1619641389735989057 4928
1619641389810771940 3552
1619641389932283569 5004
1619641390050827408 4927
1619641390158374663 4465
1619641390164967564 4476
1619641390272025397 4529
1619641390359769932 4138
1619641390439583679 5619
1619641390682396761 4519
1619641390946122384 7413
1619641391127192237 4241
1619641391166890236 4904
1619641391293864437 4934
1619641391422301783 4214
1619641391507433415 4591
1619641391570977259 4993
1619641391671976806 4601
1619641391768739815 4728
1619641391902203966 3956
1619641392029856403 4839
1619641392134669194 4055
1619641392190010701 5045
1619641392264777609 4785
1619641392675882296 7502
1619641392876118516 6242
1619641392987432727 6393
1619641393020741598 5015
1619641393202964737 4459
1619641393222366197 4757
1619641393296674876 4383
1619641393439840586 5750
1619641393898490740 4587
1619641394009892244 4902
1619641394164994461 5812
1619641394300235069 4724
1619641394333612629 4772
1619641394363696829 3630
1619641394866712000 8117
1619641395113317770 5704
1619641395316505345 5719
1619641395379793346 4669
1619641395499988058 5105
1619641395580309548 4798
1619641395662186345 4869
1619641396107615366 4514
1619641396546261295 5122
1619641397233425127 6609
1619641397322114928 4212
1619641397343394829 4859
1619641397364257818 5885
1619641397442527117 4923
1619641397674828874 6036
1619641398160185505 4573
1619641398249868883 4796
1619641398464538596 3739
1619641398805945906 4657
1619641398819646573 5008
1619641398930736379 5039
1619641399247543820 6467
1619641399588811960 6532
1619641399706170721 6744
1619641399888349463 4724
1619641399901848472 4191
1619641400185570097 3835
1619641400791936791 5152
1619641400834008663 4842
1619641400840042292 3978
1619641401068761563 4587
1619641401201267447 5060
1619641401234377206 4486
1619641401257199733 5013
1619641401545214505 5478
1619641401666476010 4161
1619641401727163510 4657
1619641401784930534 4412
1619641401819630276 5748
1619641402085319065 5354
1619641402117284749 3530
1619641402355878359 4142
1619641402971470214 4404
1619641403056154927 5188
1619641403256356702 5149
1619641403364126931 3531
1619641403771748380 4930
1619641403778835429 5059
1619641404135231947 4721
1619641404274386609 4245
1619641404337662846 6316
1619641404380424518 4246
1619641404386059608 3564
1619641404473532785 4630
1619641404779029335 5670
1619641404854365287 5823
1619641404871858701 6444
1619641405189476370 4538
1619641405394856287 5229
1619641405509698444 4747
1619641405788544619 4789
1619641405848096467 4737
1619641405990187670 4441
1619641406173810378 4375
1619641406202149086 5350
1619641406476352140 4614
1619641406495525544 4773
1619641406508718161 4787
1619641406637667179 4592
1619641406721774191 4364
1619641406972118267 4837
1619641407055750952 5156
1619641407460067214 4129
1619641407558817950 3936
1619641407681656207 4753
1619641407740156437 6648
1619641407746782836 4489
1619641407824321079 4273
1619641407890423560 3777
1619641408232317586 6742
1619641408244665823 4346
1619641408295519341 5782
1619641408444848439 3834
1619641408468346215 5428
1619641408476034135 5613
1619641408692015002 4079
1619641409032882409 4504
1619641409081918886 4392
1619641409236797831 6401
1619641409345791345 4585
1619641409521318489 4385
1619641409689088590 4777
1619641410093628837 4798
1619641410121557277 5834
1619641410150683596 5817
1619641410644381294 3964
1619641411020934368 4462
1619641411028163497 5185
1619641411082827136 4779
1619641411254955094 3810
1619641411339266028 5008
1619641411438028451 3868
1619641411504129697 6246
1619641411524555978 5976
1619641411778510289 3744
1619641411969023353 4518
1619641412087529204 3747
1619641412115859835 5261
1619641412223907256 5493
1619641412233361835 7421
1619641412268526488 5722
1619641412505070170 4225
1619641412643143928 3399
1619641412668531939 5190
1619641412738612978 4588
1619641412758182295 4692
1619641412777772205 4653
1619641412830285806 4202
1619641412962202217 5681
1619641413029327382 4575
1619641413077439958 4828
1619641413118916753 5091
1619641413130970184 3419
1619641413292675423 4907
1619641413385706570 4954
1619641413412278685 4757
1619641413461902324 5218
1619641413474735043 4982
1619641413562707989 4715
1619641413768876947 5818
1619641414107145051 6162
1619641414214536404 4921
1619641414281079485 4434
1619641414597102662 5580
1619641414637354524 5067
1619641414857116375 4996
1619641414874467760 3278
1619641415022948057 4251
1619641415082290164 4106
1619641415123591872 3273
1619641415258787736 5079
1619641415576100689 4758
1619641415637748128 4092
1619641415772310705 4305
1619641415977894694 4561
1619641416031780967 4262
1619641416124923123 3988
1619641416146479472 4864
1619641416177809150 4395
1619641416198203281 3933
1619641416484192162 3644
1619641416503415578 4447
1619641416822393971 4124
1619641416931747836 4794
1619641416939029195 5175
1619641417027042596 4598
1619641417066653457 4183
1619641417073668971 4988
1619641417285057672 4531
1619641417353727009 5365
1619641417360464079 4641
1619641417525593761 5410
1619641417616388941 3909
1619641417629343037 4471
1619641417636158778 4776
1619641417842985498 7007
1619641418269530069 5733
1619641418282274387 4510
1619641418342754165 5526
1619641418397085025 3797
1619641418436287601 4572
1619641418553924863 11205
1619641418608714724 2456
1619641418661569852 4220
1619641419112783595 4991
1619641419503634903 4102
1619641419523535539 4819
1619641419536802882 4916
1619641419550159167 4311
1619641419563932621 4606
1619641419660432899 4382
1619641420074211534 4514
1619641420147872055 3583
1619641420159453714 3938
1619641420521831969 3689
1619641420594182979 4416
1619641420722848077 4441
1619641420955621287 5960
1619641420996669530 5274
1619641421039855930 6705
1619641421171733956 4203
1619641421234613581 4827
1619641421486480585 4244
1619641421606237619 4383
1619641421625220922 4482
1619641421812835346 4957
1619641422256925856 5201
1619641422312785262 4832
1619641422365252231 4393
1619641422468798344 3697
1619641422722492280 4694
1619641422821806968 5055
1619641422868704017 5703
1619641423100579105 3937
1619641423262109693 3522
1619641423314998049 5439
1619641423452346593 4841
1619641423477826304 4612
1619641423753993796 4485
1619641423780407689 4745
1619641423922321866 4298
1619641424065718289 4336
1619641424153221774 6819
