1653267992593949571 0
1653267993593827644 0
1653267994593987278 0
1653267995593970620 0
1653267996593960619 0
1653267997593952755 0
1653267998593928501 0
1653267999593929312 0
1653268000593990307 0
1653268001593868801 0
1653268002593895567 0
1653268003593913139 0
1653268004593886193 0
1653268005593944514 0
1653268006593855572 0
1653268007593911440 0
1653268008593865568 0
1653268009593954264 0
1653268010593887849 0
1653268011593935824 0
1653268012593869483 0
1653268013593931847 0
1653268014593887737 0
1653268015593872580 0
1653268016593968374 0
1653268017593945837 0
1653268018593872515 0
1653268019593923497 0
1653268020593897343 0
1653268021594291222 0
1653268022593968099 0
1653268023593990350 0
1653268024593907923 0
1653268025593984214 0
1653268026593856775 0
1653268027593963204 13
1653268028593877171 30
1653268029593957971 37
1653268030593889510 34
1653268031594081966 42
1653268032593818780 37
1653268033593879280 34
1653268034593849485 33
1653268035593922158 25
1653268036593951818 33
1653268037593797665 26
1653268038593874014 25
1653268039593983349 36
1653268040593840151 33
1653268041593905247 42
1653268042593926591 32
1653268043593960965 56
1653268044593788735 52
1653268045594778374 29
1653268046593795117 50
1653268047593833304 36
1653268048593909039 37
1653268049593858675 34
1653268050593823283 36
1653268051593833127 60
1653268052593848308 87
1653268053593830500 86
1653268054593818105 81
1653268055593915033 56
1653268056593823348 67
1653268057594309921 62
1653268058593927987 36
1653268059593854412 49
1653268060593911341 14
1653268061593871004 36
1653268062593823288 32
1653268063593998377 29
1653268064593832363 22
1653268065593883255 31
1653268066594156551 25
1653268067593922436 26
1653268068593812216 30
1653268069593835168 30
1653268070595004245 26
1653268071593890029 31
1653268072593859459 28
1653268073593876903 24
1653268074593970953 17
1653268075593867728 24
1653268076593874889 29
1653268077593774989 23
1653268078593857520 32
1653268079593870781 24
1653268080593811462 25
1653268081594328347 26
1653268082593879264 25
