1619276931046164367 5814
1619276932046193437 5809
1619276933046251731 5887
1619276934046159765 5770
1619276935046186358 5688
1619276936046177961 5074
1619276937046409357 4834
1619276938046223061 5047
1619276939046295143 4736
1619276940046943099 5627
1619276941046224005 4511
1619276942046390188 5254
1619276943046198702 5067
1619276944046166123 5354
1619276945046245643 5092
1619276946046289262 5861
1619276947046173978 5738
1619276948046408347 5245
1619276949046216585 5563
1619276950046186524 5519
1619276951046275129 5145
1619276952046272006 5589
1619276953046170383 5850
1619276954046151022 6134
1619276955046170700 6101
1619276956046142087 5661
1619276957046139594 5970
1619276958046543817 5852
1619276959046166449 6120
1619276960046152658 5384
1619276961046163540 5685
1619276962046259317 5516
1619276963046172580 6260
1619276964046234505 5418
1619276965046196772 5471
1619276966046175452 5712
1619276967046166639 5928
1619276968046180158 6033
1619276969046142556 5332
1619276970046157235 5888
1619276971046237918 5512
1619276972046183806 5535
1619276973046141888 5880
1619276974046215255 5427
1619276975046149994 5348
1619276976046366372 5634
1619276977046158807 6175
1619276978046231635 6124
1619276979046151791 6206
1619276980046202578 5829
1619276981046159607 5799
1619276982046248874 5921
1619276983046268529 5631
1619276984046211415 6338
1619276985046240874 6099
1619276986046162242 6269
1619276987046172330 6111
1619276988046158971 5962
1619276989046168304 6197
