1619035427144299938 3494
1619035428144367816 3415
1619035429144379051 3425
1619035430144413721 3100
1619035431144354695 3162
1619035432144356916 3230
1619035433144352603 3173
1619035434144341650 3228
1619035435144385349 3300
1619035436144395437 3350
1619035437144363942 3197
1619035438144365240 3178
1619035439144464616 3244
1619035440144321139 3251
1619035441144336879 3228
1619035442144330113 3172
1619035443144352034 3280
1619035444144362858 3190
1619035445144317100 3197
1619035446144272948 3215
1619035447144311360 3209
1619035448144359056 3169
1619035449144309758 3065
1619035450144404112 3305
1619035451144368676 3140
1619035452144393383 3240
1619035453144383797 3072
1619035454144328958 3129
1619035455144350671 3281
1619035456144385336 3093
1619035457144393210 3158
1619035458144377687 3202
1619035459144390071 3196
1619035460144325273 3148
1619035461144431817 3077
1619035462144376307 3141
1619035463144327120 3048
1619035464144334301 2988
1619035465144329991 3181
1619035466144358608 3105
1619035467144392308 3228
1619035468144289991 3106
1619035469144399963 3111
1619035470144320085 3133
1619035471144460886 3128
1619035472144391839 3271
1619035473144302971 3139
1619035474144320922 3018
1619035475144307527 3235
1619035476144312007 3116
1619035477144379743 3073
1619035478144383691 3068
1619035479144364831 3127
1619035480144313094 3229
1619035481144356812 3198
1619035482144330323 3021
1619035483144379075 3174
1619035484144342417 3172
1619035485144356440 3063
