1619035526191022812 3463
1619035527191066124 3402
1619035528191068271 3131
1619035529191087231 3000
1619035530191089145 3216
1619035531191084321 3237
1619035532191001645 3143
1619035533191101426 3260
1619035534191047569 3312
1619035535191076178 3263
1619035536191107631 3348
1619035537191067112 3279
1619035538191093364 3198
1619035539191079785 3301
1619035540191100790 3270
1619035541191082095 3282
1619035542191064447 3234
1619035543191022963 3204
1619035544191053099 3267
1619035545191092597 3253
1619035546191129892 3172
1619035547191110714 3224
1619035548191109485 3191
1619035549191048804 3204
1619035550191030446 3116
1619035551191068017 3209
1619035552191063651 3207
1619035553191070249 3212
1619035554191041214 3241
1619035555190991137 3192
1619035556191098154 3100
1619035557191061227 3205
1619035558191122282 3141
1619035559191079603 3127
1619035560191063781 3209
1619035561191069782 3171
1619035562191126455 3089
1619035563191059666 3224
1619035564191036426 3192
1619035565191105683 3212
1619035566191027509 3167
1619035567191042363 3247
1619035568191094973 3259
1619035569191062344 3154
1619035570190998326 3277
1619035571191106031 3079
1619035572191030737 3184
1619035573191009412 3226
1619035574191106177 3153
1619035575191075054 3243
1619035576191054742 3087
1619035577191096384 3090
1619035578191072185 3282
1619035579191100679 3357
1619035580191114115 3294
1619035581191022225 3088
1619035582191051618 3214
1619035583191070639 3244
1619035584191045049 3096
