1619035631324812377 3797
1619035632324887050 3342
1619035633324762106 3012
1619035634324733694 3154
1619035635324802797 3401
1619035636324895981 3584
1619035637324757105 3503
1619035638324757697 3376
1619035639324759079 3476
1619035640324771223 3316
1619035641324741427 3394
1619035642324757695 3626
1619035643324807919 3430
1619035644324888847 3364
1619035645324827175 3507
1619035646324825579 3524
1619035647324790591 3567
1619035648324807418 3345
1619035649324788727 3450
1619035650324755314 3403
1619035651324829312 3477
1619035652324864880 3407
1619035653324827866 3481
1619035654324849784 3525
1619035655324849267 3325
1619035656324772651 3432
1619035657324717216 3426
1619035658324772657 3354
1619035659324794714 3356
1619035660324759605 3510
1619035661324718067 3396
1619035662324791943 3482
1619035663324811386 3328
1619035664324764942 3439
1619035665324799611 3553
1619035666324862833 3470
1619035667324893685 3386
1619035668324809796 3409
1619035669324832755 3402
1619035670324822952 3449
1619035671324764540 3595
1619035672324808279 3447
1619035673324744618 3477
1619035674324801657 3425
1619035675324861231 3513
1619035676324787871 3406
1619035677324836874 3345
1619035678324831031 3412
1619035679324857444 3407
1619035680324885956 3340
1619035681324782316 3354
1619035682324749494 3566
1619035683324817410 3280
1619035684324876390 3374
1619035685324831173 3454
1619035686324828542 3358
1619035687324826647 3374
1619035688324796888 3445
1619035689324720798 3380
