1619036474704546094 4138
1619036475704450950 3953
1619036476704517310 3268
1619036477704496164 3679
1619036478704583877 3929
1619036479704445120 4026
1619036480704560853 3766
1619036481704477901 3835
1619036482704550795 3965
1619036483704564640 3593
1619036484704552700 3780
1619036485704532211 3705
1619036486704535872 3753
1619036487704813908 3917
1619036488704583886 3788
1619036489704505418 3918
1619036490704512361 3739
1619036491704505953 3844
1619036492704618931 3724
1619036493704520940 3680
1619036494704546392 3620
1619036495704537068 3641
1619036496704510099 3813
1619036497704468088 3771
1619036498704531130 3823
1619036499704426382 3633
1619036500704573209 3597
1619036501704512557 4042
1619036502704529704 3552
1619036503704435323 3708
1619036504704519642 3668
1619036505704506341 3676
1619036506704549158 3587
1619036507704516912 3973
1619036508704566661 3855
1619036509704506586 3916
1619036510704517641 3780
1619036511704490598 3818
1619036512704623960 3659
1619036513704499046 3813
1619036514704533030 3630
1619036515704545416 3681
1619036516704562107 3539
1619036517704515065 3710
1619036518704437856 3959
1619036519704501559 3830
1619036520704537039 3775
1619036521704487505 3650
1619036522704469274 3808
1619036523704496570 3613
1619036524704515466 3696
1619036525704499658 3711
1619036526704512320 3769
1619036527704548871 3699
1619036528704507040 3788
1619036529704482836 3719
1619036530704528618 3781
1619036531704514965 3455
1619036532704533689 3685
