1619036579227395058 4163
1619036580227432557 4108
1619036581227425422 3392
1619036582227451940 3791
1619036583227450160 3725
1619036584227362355 3899
1619036585227491916 3682
1619036586227295903 3818
1619036587227359891 3643
1619036588227397389 3569
1619036589227394180 3693
1619036590227401547 3709
1619036591227459714 3785
1619036592227350235 3853
1619036593227284879 3654
1619036594227405083 3875
1619036595227384156 3903
1619036596227355844 3821
1619036597227423889 3604
1619036598227365519 3642
1619036599227448176 3593
1619036600227369660 3697
1619036601227450713 3746
1619036602227415623 3671
1619036603227407514 3705
1619036604227392435 3851
1619036605227433838 3794
1619036606227386564 3897
1619036607227351274 3859
1619036608227277115 3709
1619036609227332877 3609
1619036610227404209 3717
1619036611227466269 3864
1619036612227449042 3846
1619036613227370708 3902
1619036614227483947 3708
1619036615227469917 3738
1619036616227398326 3882
1619036617227419202 3741
1619036618227386012 3731
1619036619227311387 3722
1619036620227374661 3660
1619036621227485869 3771
1619036622227411203 3838
1619036623227406393 3960
1619036624227378088 3957
1619036625227388303 3860
1619036626227348093 3762
1619036627227284353 3849
1619036628227348634 3752
1619036629227594455 3542
1619036630227350613 3861
1619036631227417466 3768
1619036632227432093 3606
1619036633227372260 3393
1619036634227420238 3780
1619036635227422692 3697
1619036636227357123 3867
1619036637227373882 3772
