1619036801268243621 4232
1619036802268218423 3264
1619036803268160303 3147
1619036804268212361 3583
1619036805268226498 3636
1619036806268166826 3948
1619036807268212420 3828
1619036808268191339 3746
1619036809268237139 3841
1619036810268218435 4067
1619036811268247052 3984
1619036812268326965 3678
1619036813268178637 4119
1619036814268196564 3809
1619036815268216294 3830
1619036816268229087 3721
1619036817268240472 3934
1619036818268216912 3825
1619036819268151773 3800
1619036820268226282 3997
1619036821268196050 3904
1619036822268188238 3736
1619036823268242272 3707
1619036824268241704 3870
1619036825268159220 3938
1619036826268170409 3749
1619036827268209709 3897
1619036828268259291 3659
1619036829268221478 3753
1619036830268216619 3997
1619036831268205463 3955
1619036832268195538 3754
1619036833268152960 3733
1619036834268193533 3850
1619036835268188783 3954
1619036836268199221 3977
1619036837268190423 3825
1619036838268211096 3819
1619036839268175050 3827
1619036840268184427 3774
1619036841268164762 3767
1619036842268241431 3732
1619036843268160470 3987
1619036844268185322 3770
1619036845268254041 3698
1619036846268296320 3768
1619036847268244956 3826
1619036848268239313 3883
1619036849268198501 3674
1619036850268246102 3873
1619036851268152992 3883
1619036852268244491 3620
1619036853268137305 3819
1619036854268235922 3520
1619036855268256243 3594
1619036856268227061 3693
1619036857268184222 3781
1619036858268192737 3463
1619036859268261876 3899
