1619034972192007310 2268
1619034973192002359 2232
1619034974192061451 2173
1619034975192110869 2273
1619034976192056776 2288
1619034977192067117 2280
1619034978192116474 2266
1619034979192033827 2248
1619034980192117212 2276
1619034981192096559 2297
1619034982192035533 2223
1619034983192129429 2273
1619034984192035793 2283
1619034985192104404 2236
1619034986192119058 2263
1619034987192015777 2245
1619034988192121479 2292
1619034989192038087 2270
1619034990192120226 2205
1619034991192072300 2262
1619034992192141017 2251
1619034993192115575 2254
1619034994192032983 2249
1619034995192052324 2241
1619034996192016086 2267
1619034997192111160 2262
1619034998192120789 2243
1619034999192148290 2264
1619035000192079191 2244
1619035001192008145 2228
1619035002192107282 2219
1619035003192114248 2239
1619035004192138199 2212
1619035005192042424 2256
1619035006192105884 2206
1619035007192106592 2253
1619035008192102324 2241
1619035009192104016 2188
1619035010192081946 2169
1619035011192056371 2218
1619035012192062163 2207
1619035013192088020 2183
1619035014192131444 2188
1619035015192065422 2195
1619035016192095628 2218
1619035017192082479 2196
1619035018192120492 2184
1619035019192120810 2137
1619035020192128516 2138
1619035021192132356 2243
1619035022192123156 2144
1619035023192093576 2168
1619035024192146557 2151
1619035025192031964 2148
1619035026192100612 2165
1619035027192070748 2126
1619035028192119626 2185
1619035029192083149 2196
1619035030192105100 2208
