1619379136054729128 1469
1619379137054793308 1444
1619379138054771598 1435
1619379139054763991 1400
1619379140054753218 1406
1619379141054733815 1424
1619379142054754589 1425
1619379143054720143 1421
1619379144054736539 1434
1619379145054790622 1413
1619379146054690990 1436
1619379147054781982 1422
1619379148054773172 1444
1619379149054771423 1430
1619379150054781485 1429
1619379151054778452 1433
1619379152054781205 1435
1619379153054718468 1449
1619379154054755803 1430
1619379155054753991 1416
1619379156054724067 1430
1619379157054784169 1427
1619379158054802331 1440
1619379159054765495 1436
1619379160054763012 1426
1619379161054782729 1427
1619379162054758888 1423
1619379163054683622 1429
1619379164054794073 1445
1619379165054683900 1438
1619379166054708592 1423
1619379167054765477 1436
1619379168054655678 1435
1619379169054753832 1436
1619379170054724061 1434
1619379171054767534 1424
1619379172054805355 1404
1619379173054762697 1434
1619379174054731956 1433
1619379175054740605 1432
1619379176054737956 1414
1619379177054781650 1413
1619379178054792206 1446
1619379179054730619 1429
1619379180054769514 1436
1619379181054737988 1412
1619379182054744259 1419
1619379183054745124 1416
1619379184054756571 1427
1619379185054741491 1404
1619379186054874141 1426
1619379187054760773 1408
1619379188054758385 1423
1619379189054804826 1417
1619379190054756323 1409
1619379191054682460 1422
1619379192054749554 1423
1619379193054751981 1427
1619379194054800314 1408
