1654499469393508248 8165042000
1654499470133748677 739692352
1654499477715523491 7581233850
1654499480334475665 1314589283
1654499485198188936 3654561967
1654499488928278559 691757075
1654499489838865257 500499530
1654499494104265563 3665383023
1654499495709515926 1513139463
1654499496517138187 807335912
1654499497404705059 887307209
1654499500317351750 1800562274
1654499504116982027 3793407881
1654499507627987095 898332481
1654499510431827568 1104022192
1654499515627464955 3404518975
1654499580615091411 64722041358
1654499583635029568 1800035632
1654499586326039698 1596351091
1654499587820707491 792620350
1654499589518218062 214250393
1654499590837212175 1318477986
1654499592394540905 1556733270
1654499595827718288 1816510689
1654499630417080251 32414506552
1654499631192586948 556335436
1654499638620057716 7426840248
1654499640029779290 1409422141
1654499641595460715 1292419137
1654499646935341432 4298212428
1654499647838016811 300824913
1654499651523899126 1915745363
1654499651935232487 336575282
1654499652336042287 400518317
1654499662108565202 7800835533
1654499670331673556 7522654404
1654499673197858508 1667591213
1654499673793829318 393522326
1654499674092664485 298021645
1654499674332334908 129250683
1654499674916702224 209346774
1654499679393792952 488390674
1654499683026501153 1397881884
1654499686030604213 1812161840
1654499690037723123 3806805815
1654499690921402158 883306946
1654499692218780558 1297187945
1654499693438640083 925678427
1654499694694825472 1255917908
1654499698234541038 1807259362
1654499699416729395 579295142
1654499705534996965 4141863319
1654499708801629141 275025053
1654499710636621719 326184151
1654499715020073486 3194313534
1654499720216657975 4190379414
1654499723618926845 1493627185
1654499725717246096 2021953520
1654499725999612709 281778447
1654499733528103165 7527633174
1654499737115464973 1702434884
1654499738736363067 318681236
1654499740536586490 726020591
1654499741217374706 680362690
1654499743830967753 1407770897
1654499744227151999 395391648
1654499749602875056 3976766374
1654499751113440184 1509985818
1654499752023488613 694758119
