1619637146867798723 7351
1619637147352997626 5699
1619637147364636475 3838
1619637147401358731 3928
1619637147422435011 3698
1619637147507746321 5178
1619637147583870641 4989
1619637147820302072 3755
1619637148093233281 4430
1619637148132086379 5772
1619637148139302930 5099
1619637148226797489 4039
1619637148344947973 3972
1619637148435981530 3744
1619637148481503179 3704
1619637148603058808 3558
1619637148722054843 4821
1619637148728142362 3928
1619637148748045361 4407
1619637149031365617 3493
1619637149431030719 4445
1619637149500287642 4438
1619637149533124627 4585
1619637149901395012 5803
1619637149936436014 3173
1619637150242965634 3936
1619637150359998079 4192
1619637150611890793 4551
1619637150749176588 4441
1619637150755830225 4614
1619637151269433815 6024
1619637151306519614 4133
1619637151395404328 3834
1619637151586957097 4328
1619637151614066953 5577
1619637151669173638 6560
1619637151729580189 3917
1619637151761826198 4560
1619637152334153597 3187
1619637152340780503 4507
1619637152501617381 4358
1619637152641317000 4044
1619637153070459648 4240
1619637153176648483 5097
1619637153288415031 3675
1619637153412032140 4325
1619637153514547863 4091
1619637153521036827 4446
1619637153622946826 3791
1619637153773680791 4174
1619637153838384161 5006
1619637153844844756 4304
1619637153883641195 4220
1619637153944202584 5003
1619637154187062789 3645
1619637154204819107 3502
1619637154318828400 3807
1619637154342653060 4080
1619637154717428617 4233
1619637154894054872 3763
1619637155147121133 4458
1619637155263930927 5919
1619637155289084214 4490
1619637155402730311 4637
1619637155447742259 5665
1619637155654846930 4367
1619637155829398672 7352
1619637155878516733 4041
1619637155897571350 4464
1619637155928127202 3835
1619637156102950037 4510
1619637156211449206 3990
1619637156235550547 3788
1619637156495958829 3718
1619637156617298315 3610
1619637156623395771 4069
1619637156635723505 4375
1619637156801983570 3801
1619637157031192171 4683
1619637157049334204 4735
1619637157061567680 3982
1619637157081289380 4415
1619637157108880346 5573
1619637157216402911 4876
1619637157230376058 5330
1619637157405302205 3462
1619637157478913519 4501
1619637157485946692 4927
1619637157890783134 4195
1619637157897984286 5039
1619637157957636413 5385
1619637158078306239 4626
1619637158086605435 6225
1619637158232748815 4523
1619637158299819784 4265
1619637158333446002 4254
1619637158385921688 4171
1619637158577646081 4550
1619637158657541342 4437
1619637158693670744 4087
1619637158758060384 9604
1619637158807103251 3910
1619637158839555548 4272
1619637158962096833 3754
1619637159242233114 3900
1619637159265552750 3618
1619637159291091790 4382
1619637159431819461 3169
1619637159439301491 5436
1619637159548682903 4771
1619637159602228835 4343
1619637159699086358 4671
1619637159859203677 3461
1619637160085897415 4749
1619637160174674056 3872
1619637160205014936 4380
1619637160215991374 8914
1619637160275873285 4018
1619637160514847867 3633
1619637160660848711 4328
1619637160935210042 3286
1619637161066778215 4273
1619637161138854957 4363
1619637161534143090 4296
1619637161553871021 4310
1619637161589986110 3397
1619637161893420443 5323
1619637161962409720 4407
1619637161999501720 3589
1619637162011938863 4150
1619637162080208273 4685
1619637162093879914 5352
1619637162230970252 3856
1619637162364043220 3882
1619637162688597471 4352
1619637162795987348 4328
1619637162866647907 3979
1619637162939325591 3903
1619637162959183190 4386
1619637163198369628 4949
1619637163301643667 3880
1619637163307224525 3381
1619637163320074080 3852
1619637163327754968 5590
1619637163707780660 4235
1619637164195059284 4061
1619637164357251227 4474
1619637164497791396 4349
1619637164713599194 4185
1619637164739387829 4408
1619637165008004846 4589
1619637165093945474 5386
1619637165182757087 3976
1619637165327220834 4984
1619637165611841125 4680
1619637165630754050 4068
1619637165777806970 4325
1619637165784525196 4642
1619637166073183881 4140
1619637166079340090 4089
1619637166085913948 4526
1619637166823136225 3108
1619637166829348853 4048
1619637167057567224 4833
1619637167157450912 3795
1619637167323353321 4482
1619637167378150648 4886
1619637167461666793 4280
1619637167628058869 4493
1619637167828520231 3923
1619637167840925467 4682
1619637167886712325 10522
1619637167892759117 3996
1619637167984487803 4183
1619637168120502465 4746
1619637168149103888 6313
1619637168690191452 4534
1619637168794071438 4830
1619637168876317680 3855
1619637168990331263 4907
1619637169015192047 3376
1619637169021590921 4351
1619637169035843541 5137
1619637169308167028 5912
1619637169584246412 4969
1619637169642510609 5354
1619637169708418488 3552
1619637169963354395 7341
1619637169980752554 3238
1619637170119062475 3803
1619637170153178878 4172
1619637170173001494 4215
1619637170184489687 3633
1619637170260203736 4647
1619637170329902602 4160
1619637170395073532 4762
1619637170438571895 4064
1619637170649993611 6357
1619637170664219837 5026
1619637170729644480 4897
1619637170759339898 4256
1619637170812663743 3994
1619637171088525495 5449
1619637171107728782 3223
1619637171152296806 4336
1619637171203524961 4451
1619637171346532056 3369
1619637171408874299 4475
1619637171449139450 5650
1619637171594381864 4112
1619637171739426524 6596
1619637171746795261 5329
1619637171766525074 4316
1619637171841041145 3553
1619637172111371600 8274
1619637172161547934 3857
1619637172174343980 4456
1619637172255112782 5274
1619637172427229807 4521
1619637172454015539 4350
1619637172589144389 6227
1619637172655869950 3988
1619637172823648731 4622
1619637173269510190 5647
1619637173282720744 4237
1619637173335647805 3897
1619637173414231620 4709
1619637173593332609 5781
1619637173905614798 3377
1619637174051916914 3700
1619637174064560991 4191
1619637174092410254 4279
1619637174110459748 4249
1619637174163151740 3945
1619637174207008977 4319
1619637174328922307 3414
1619637174335514836 4457
1619637174368359845 5468
1619637174417484669 6999
1619637174497220082 4235
1619637174657970606 6659
1619637174728123409 3537
1619637174748121869 4459
1619637174918763686 4847
1619637175100473393 4773
1619637175264092633 6561
1619637175363078491 3937
1619637175388273357 4091
1619637175496920361 3597
1619637175503044471 4051
1619637175587846798 4242
1619637175893589123 4478
1619637176043356575 3939
1619637176168288752 4743
1619637176325590243 3661
1619637176414185289 3972
1619637176539686454 5300
1619637176592952283 4691
1619637176909237147 4281
1619637176921750407 4594
1619637176929993612 6092
1619637176974995216 4761
1619637176982072519 4983
1619637177153454901 4261
1619637177159709127 4132
1619637177408665259 4282
1619637177566696836 4428
1619637177633138226 3772
1619637177685623329 4373
1619637177924442320 3555
1619637178046754166 4102
1619637178213752842 4246
1619637178394256888 3816
1619637178434272180 3333
1619637178591403991 3971
1619637178950772282 4426
1619637179008304295 3670
1619637179124693766 4173
1619637179130607455 3830
1619637179248345232 4021
1619637179295650522 3753
1619637179378155881 3947
1619637179802981391 4400
1619637179815874729 4292
1619637179931073123 4646
1619637179988962790 3933
1619637180032363008 5244
1619637180076536311 3720
1619637180149709373 3554
1619637180218504156 4481
1619637180296786361 3918
1619637180302590986 3764
1619637180322442532 4631
1619637180337426045 4612
1619637180507337655 3797
1619637180709181739 5877
1619637180733366890 3845
1619637180790231617 4800
1619637180802766302 4330
1619637180879373053 5020
1619637180903075017 3577
1619637180927923827 3413
1619637181218086410 4540
1619637181224283884 4082
1619637181710978077 4590
1619637181800727004 4345
1619637181871115281 4521
1619637181996425625 3630
1619637182291929980 5066
1619637182540553263 4541
1619637182793337360 3710
1619637182885002747 3445
1619637182889801902 2662
1619637183001471953 4458
1619637183027003498 4380
1619637183226535889 4066
1619637183298278108 4553
1619637183384851072 5312
1619637183396011060 9084
1619637183762206292 4340
1619637183950361879 4204
1619637184197135370 4507
1619637184254042526 3993
1619637184383018645 4223
1619637184618460475 3893
1619637184813069053 3663
1619637184819066678 3923
1619637185061448331 4576
1619637185343613562 3757
1619637185428092387 3871
1619637185527133587 4359
1619637185538739833 2891
1619637185827358821 4829
1619637186151035997 4657
1619637186339005964 2339
1619637186490018456 5477
1619637186639765830 4492
1619637186931076365 4511
1619637187093447547 3962
1619637187326398401 3741
1619637187350823400 4021
1619637187417627349 4570
1619637187424049343 4376
1619637187453562701 3713
1619637187465413459 3854
1619637187499127807 3640
1619637188145988921 4004
1619637188165634909 4146
1619637188306952191 4030
1619637188388041859 4363
1619637188439238535 4061
1619637188531783843 3228
1619637188765242185 4137
1619637188906573775 3912
1619637189162598112 4089
1619637189377350245 6224
1619637189789382090 3566
1619637189837133878 3887
1619637190023768044 3864
1619637190094206765 4089
1619637190100040924 3798
1619637190338089939 3985
1619637190468005501 4788
1619637190809332303 4550
1619637190917303274 4705
1619637190979323247 4060
1619637191084208521 3762
1619637191145735547 3137
1619637191268532364 3358
1619637191334689303 5177
1619637191360146490 4729
1619637191411251060 4375
1619637191430059944 4055
1619637191627220788 4768
1619637191765221587 3847
1619637191828828909 5390
1619637191951186744 3716
1619637191970608579 3474
1619637192035866610 3792
1619637192081622491 3911
1619637192203563149 3893
1619637192310616974 3702
1619637192323368977 4245
1619637192419646343 4043
1619637192750120913 4055
1619637192795323645 4641
1619637193138279183 3913
1619637193389444719 3381
1619637193671485208 3323
1619637193675765215 2250
1619637193804174217 5318
1619637193978426974 2777
1619637194137063568 4614
1619637194241561592 4069
1619637194339739242 3851
1619637194403326649 4526
1619637194454784831 4273
1619637194467671852 4721
1619637194866274907 4614
1619637195049646832 3481
1619637195104898338 4045
1619637195200054441 3830
1619637195536447234 4295
1619637195629747637 4620
1619637195641940404 3778
1619637195661639566 4626
1619637195717439296 4000
1619637195807372730 3486
1619637195820618792 4388
1619637195923460255 3858
1619637195955820867 4973
1619637196002195790 4897
1619637196176114176 4364
1619637196415029901 4527
1619637196758257192 5167
1619637196822119991 5208
1619637197041334975 4124
1619637197067286832 4566
1619637197657533117 4041
1619637197785873251 4570
1619637197934292729 3729
1619637198014442706 3124
1619637198143997323 8927
1619637198631804800 5544
1619637198838194185 4589
1619637198883039181 4669
1619637199132813935 3837
1619637199177158422 3937
1619637199229382381 4642
1619637199334287208 4174
1619637199633002078 3505
1619637199828334339 4558
1619637200121042349 4006
1619637200606357896 3844
1619637200650100662 3124
1619637200695466855 4281
1619637200761005755 3286
1619637200953420107 4282
1619637201017873932 4911
1619637201036526891 4685
1619637201061775823 4251
1619637201148626257 4636
1619637201195071198 4013
1619637201284590726 4999
1619637201432083484 5980
1619637201500058004 4618
1619637201588616466 4847
1619637201598184113 7530
1619637201709384557 4811
1619637201905262032 4236
1619637202031896940 4725
1619637202197697638 4645
1619637202242218751 4605
1619637202474283407 4158
1619637202607911696 4078
1619637202703659307 3505
1619637202767357801 4179
1619637203079909741 5031
1619637203321427617 4257
1619637203354679526 2264
1619637203887538176 4094
1619637203894330921 4616
1619637203930868757 3408
1619637203957750123 4485
1619637204048066473 5607
1619637204103626156 5646
1619637204255303269 4277
1619637204311318113 5419
1619637204349964504 3999
1619637204357213485 5080
1619637204378705245 6214
1619637204451436414 4518
1619637204495126927 3974
1619637204643568909 4224
1619637204676828700 3287
1619637204753548470 4264
1619637204772051207 3453
1619637204881039110 4392
1619637204911671552 4251
1619637205213335542 4779
1619637205389952224 4392
1619637205920126925 4552
1619637205965147369 3715
1619637206003610277 3381
1619637206235861231 4452
1619637206296923143 4370
1619637206320994244 3909
1619637206451982500 4304
1619637206576492267 3826
1619637206663491529 4476
