1655075475089146851 115184
1655075475306065691 16392
1655075475516643139 10153
1655075475726815636 9759
1655075475974842856 9076
1655075476187307284 12014
1655075476404111586 16349
1655075476785155533 9156
1655075476994806275 9220
1655075477263613786 63324
1655075477478738982 9439
1655075477688048744 8868
1655075477896975579 8503
1655075478284013428 8878
1655075478581040406 8792
1655075478880952075 8742
1655075479089977821 8562
1655075479298908016 8492
1655075479508198266 8835
1655075479717634077 9039
1655075479991158403 12829
1655075480202019004 10563
1655075480411680772 9234
1655075480620879002 8778
1655075480984854391 8976
1655075481388690380 13022
1655075481675887970 9672
1655075481887176266 10857
1655075482095610734 8040
1655075482380119872 10615
1655075482681976433 7204
1655075482983584200 10677
1655075483277445672 7591
1655075483661268030 88828
1655075483982075727 17917
1655075484194090855 11548
1655075484482690830 7890
1655075484782812884 10306
1655075485072571093 7579
1655075485374561065 10394
1655075485676272350 8147
1655075485974814757 7484
1655075486183444020 8195
1655075486394463561 10598
1655075486602443036 7583
1655075486813450293 10582
1655075487183439591 8601
1655075487580733936 7154
1655075487788448048 7362
1655075488061184501 67115
1655075488376285118 7397
1655075488681327971 7758
1655075488972148609 7485
1655075489180557664 7982
1655075489388355867 7374
1655075489681315135 7580
1655075489890105857 7651
1655075490161144839 65482
1655075490479579791 11049
1655075490687766265 7746
1655075490961262281 67971
1655075491277456363 8689
1655075491497473915 14381
1655075491971671270 88947
1655075492361240135 79646
1655075492678686616 11601
1655075492976233459 8070
1655075493186816124 10340
1655075493476641497 8258
1655075493773749471 7735
1655075493982192433 8022
1655075494190170450 7593
1655075494473066158 8137
1655075494773667242 7680
1655075495078048046 8043
1655075495483379992 8191
1655075495775963913 8365
1655075495983568636 7191
1655075496197549767 13744
1655075496405021218 7076
1655075496788080629 11419
1655075497075809221 7999
1655075497388100400 10867
1655075497596449663 7913
1655075497807416966 10565
1655075498182516816 7602
1655075498587219686 10051
1655075498795958436 8296
1655075499076525280 75137
1655075499483833215 22028
1655075499873130395 84204
1655075500081979266 8399
1655075500461199138 82166
1655075500669195814 7729
1655075501061169655 84214
1655075501461068709 88303
1655075501669490906 8015
1655075502061120105 91095
1655075502376939068 10402
1655075502595508161 13125
1655075502803927032 7998
1655075503015538124 11026
1655075503225022724 9083
1655075503473542478 9299
1655075503685223335 11255
1655075503975958298 7502
1655075504184698347 8267
1655075504393070057 7867
1655075504604216652 10742
1655075504880448233 7904
1655075505173417863 7088
1655075505381794428 7961
1655075505673025973 7414
1655075505988016720 8778
1655075506196701898 8260
1655075506469540783 67342
1655075506678501556 8543
1655075507066437116 86320
1655075507376665926 7764
1655075507584893510 7520
1655075507880541443 13485
1655075508182793025 8368
1655075508476286277 10803
1655075508780503825 9179
1655075508991607922 10537
1655075509382481535 7893
1655075509686241901 10936
1655075509981834109 8886
1655075510277021725 10512
1655075510484775678 7328
1655075510695880785 10665
1655075510903836806 7669
1655075511112127429 7877
1655075511320624610 8172
1655075511684829210 7853
1655075511977754905 8243
1655075512185728165 7570
1655075512396473525 10327
1655075512614775427 12900
1655075512874950942 8159
1655075513178354602 11774
1655075513386809665 8016
1655075513681689325 10021
1655075513961181884 73919
1655075514169589955 7806
1655075514378047580 8064
1655075514672741237 7318
1655075514978510294 11385
1655075515186838328 7904
1655075515476615412 11418
1655075515772898612 7438
1655075515985898097 12592
1655075516194467918 8145
1655075516475890303 11427
1655075516683984289 7602
1655075516892804915 8390
1655075517101405132 8038
1655075517376185366 7277
1655075517587969895 11362
1655075517873018757 7488
1655075518173002323 7515
1655075518381518305 7994
1655075518672035945 7501
1655075519073055827 96595
1655075519292423833 7367
1655075519510227052 17269
1655075519718657326 7983
1655075519979102491 11816
1655075520277502087 7931
1655075520574411423 7410
1655075520782415962 7613
1655075520993410979 10655
1655075521382516677 7853
1655075521601029272 12971
1655075521871937684 11155
1655075522172955482 7672
1655075522383706022 10282
1655075522674122707 8222
1655075522886232817 11665
1655075523094243142 7604
1655075523302141090 7477
1655075523578459244 17947
1655075523976826407 89584
1655075524188778136 11315
1655075524396914340 7617
1655075524610240650 12883
1655075524873197666 7877
1655075525174764979 7867
1655075525382721053 7460
1655075525672484605 7972
1655075525971684748 7406
1655075526274702880 7771
1655075526482623332 7493
1655075526779803838 7635
1655075527079449656 7188
1655075527287577836 7745
1655075527578887645 7239
1655075527881477495 7683
1655075528171954502 7836
1655075528380076408 7661
1655075528680508511 7602
1655075528973057538 8602
1655075529181756027 8256
1655075529482688442 7945
1655075529690945181 7795
1655075530087054321 9144
1655075530384275253 7617
1655075530592717972 7941
1655075530867309512 69070
1655075531176496264 7724
1655075531482394823 8017
1655075531690644354 7836
1655075531901809953 10754
1655075532111586411 9111
1655075532319805114 7593
1655075532575586470 11399
1655075532788970658 12965
1655075533076518115 11900
1655075533375147821 7658
1655075533676806124 12080
1655075533885381628 8111
1655075534276475944 93801
1655075534484962277 8025
1655075534692887382 7408
1655075534978112432 8519
1655075535261183828 77569
1655075535483501132 13353
1655075535702408128 7882
1655075535975626265 11032
1655075536186834837 10595
1655075536395370525 8005
1655075536672788881 7871
1655075536972371455 7734
1655075537276442774 8907
1655075537575303423 7912
1655075537883499782 7609
1655075538092219998 8294
1655075538381428442 7987
1655075538589924603 8051
1655075538797664276 7299
1655075539008616542 10515
1655075539216814879 7786
1655075539586131531 10453
1655075539873013192 7600
1655075540261173527 89490
1655075540469732231 8116
1655075540773987511 8303
1655075540982896080 8444
1655075541272153966 7893
1655075541575045430 8082
1655075541796168484 15439
1655075542009448926 11992
1655075542276320969 9114
1655075542677736134 95485
1655075543081039737 14999
1655075543376791351 7840
1655075543585674408 8434
1655075543796873034 10795
1655075544004930154 7636
1655075544275499735 8665
1655075544483246242 7406
1655075544884267966 8867
1655075545289171818 14313
1655075545575228700 8361
1655075545885667171 10951
1655075546094037837 7866
1655075546376508507 10590
1655075546585188126 8230
1655075546793631557 8016
1655075547082649185 8204
1655075547290746583 7658
1655075547502047338 10868
1655075547710173633 7702
1655075547980069190 7664
1655075548188402920 7892
1655075548408124099 14175
1655075548672935500 7916
1655075548881096518 7674
1655075549181922785 8281
1655075549479899905 7577
1655075549772720267 7882
1655075550079904168 9589
1655075550486125240 10473
1655075550774181900 8124
1655075551076690362 11497
1655075551285149350 8007
1655075551582286444 10842
1655075551790945467 8194
1655075552080535771 11209
1655075552385578189 7373
1655075552680238660 11660
1655075552888306730 7617
1655075553100139756 11390
1655075553376139971 7150
1655075553672635743 7837
1655075553972911228 7695
1655075554181162820 7781
1655075554482066673 7806
1655075554779729360 7276
1655075554990956152 10847
1655075555199800772 8388
1655075555479132183 10975
1655075555783165818 8474
1655075556072138840 8190
1655075556281294030 8772
1655075556489630277 7829
1655075556698261630 8227
1655075556906292341 7610
1655075557167629872 55901
1655075557378724851 9183
1655075557771728619 85196
1655075557983163368 10969
1655075558191059617 7503
1655075558398924747 7483
1655075558673167655 7586
1655075558881043978 7447
1655075559089929603 8486
1655075559381673001 7296
1655075559592780065 10721
1655075559800900933 7759
1655075560079797756 9055
1655075560382120397 7517
1655075560590172114 7635
1655075560798326183 7735
1655075561064601366 60762
1655075561272981761 7973
1655075561481123911 7734
1655075561783072836 8075
1655075562074956722 7931
1655075562283315500 7923
1655075562495232710 11470
1655075562704097848 8436
1655075562916647737 12172
1655075563176499971 16069
1655075563592854362 7949
1655075563809623365 16335
1655075564017951578 7922
1655075564288168763 10771
1655075564496747375 8118
1655075564774618015 7730
