1655863344053679111 0
1655863345054093673 0
1655863346054607313 0
1655863347055776698 0
1655863348056946595 0
1655863349058009989 0
1655863350058345404 0
1655863351059827274 0
1655863352061032737 0
1655863353062721385 0
1655863354063982791 0
1655863355065343492 0
1655863356066533958 0
1655863357067723334 0
1655863358068485469 0
1655863359069657130 0
1655863360070830859 0
1655863361072008589 0
1655863362073177115 0
1655863363074357112 0
1655863364075780895 0
1655863365076974995 0
1655863366078144314 0
1655863367079312339 0
1655863368080480846 0
1655863369081650427 0
1655863370082817562 0
1655863371083702738 0
1655863372084882228 0
1655863373086050009 0
1655863374087219955 0
1655863375087803247 0
1655863376088974619 0
1655863377090159070 0
1655863378091327218 0
1655863379092512837 6
1655863380092832715 38
1655863381093585104 30
1655863382094758729 32
1655863383095938918 38
1655863384097367128 34
1655863385098539990 28
1655863386100143859 38
1655863387101350915 27
1655863388101563966 31
1655863389102722819 35
1655863390103898545 28
1655863391104985827 37
1655863392106263952 33
1655863393107760702 38
1655863394109110047 30
1655863395109304900 32
1655863396110721375 37
1655863397111706981 32
1655863398112887246 37
1655863399114307954 33
1655863400115494516 35
1655863401117374552 26
1655863402119238411 37
1655863403121750914 26
1655863404123326295 35
1655863405123721091 31
1655863406124908436 37
1655863407126092284 25
1655863408127259900 36
1655863409128437308 30
1655863410129800540 35
1655863411131291346 31
1655863412133345837 35
1655863413135273780 38
1655863414137281478 25
1655863415139240316 28
1655863416140151536 36
1655863417140500540 34
1655863418141411482 28
1655863419142960466 36
1655863420143719117 32
1655863421144886768 32
1655863422145137173 35
1655863423145476338 34
1655863424146049598 28
1655863425147162316 35
1655863426147694848 36
1655863427147906562 34
1655863428149079706 29
1655863429150253496 37
1655863430151000841 36
1655863431152221222 34
1655863432152450114 31
1655863433153898147 36
1655863434155068617 33
1655863435155740471 35
1655863436156942179 33
1655863437158238215 36
1655863438159417790 30
1655863439159719179 36
1655863440161694557 26
1655863441162202562 37
1655863442162713043 29
1655863443163728535 25
1655863444164880511 37
1655863445165228788 34
1655863446165820780 34
1655863447167700493 31
1655863448169321224 36
1655863449170299708 36
1655863450171703658 26
1655863451171980130 36
1655863452173151937 29
1655863453174775698 36
1655863454176061834 34
1655863455177236752 28
1655863456178430914 35
1655863457179625923 31
1655863458180193516 33
1655863459181675724 29
1655863460183359970 37
1655863461184047684 32
1655863462184449053 37
1655863463184884541 30
1655863464185743021 34
1655863465186522861 36
1655863466187747129 32
1655863467188908779 30
1655863468190278125 33
1655863469191698674 33
1655863470192509039 40
1655863471192727048 33
1655863472193902767 27
1655863473194103849 37
1655863474195287970 35
1655863475195699520 29
1655863476196148205 27
