1655948807511061447 174489
1655948807722430637 10765
1655948807936404817 12844
1655948808151056436 13572
1655948808364666766 13236
1655948808575766986 10688
1655948808785665266 9566
1655948808996288496 9634
1655948809207678336 10390
1655948809419542545 11432
1655948809633298955 12722
1655948809847800564 13497
1655948810059981282 11774
1655948810273140243 12720
1655948810484378434 10725
1655948810693124184 8290
1655948810905031314 10616
1655948811116169454 10820
1655948811328685894 12209
1655948811540291113 11199
1655948811751952533 10518
1655948811963090113 10726
1655948812174659833 10278
1655948812386166112 11202
1655948812596991021 10589
1655948812807568053 10258
1655948813023786832 15244
1655948813235173302 10436
1655948813447582169 12043
1655948813662725201 12581
1655948813872473331 9329
1655948814081976040 8459
1655948814292724932 9770
1655948814502338481 9298
1655948814714312692 10999
1655948814926999311 11404
1655948815139522241 9845
1655948815355907620 13694
1655948815566779710 10569
1655948815783293639 14692
1655948815994509720 11094
1655948816206886469 11635
1655948816420648359 12020
1655948816637003068 13482
1655948816850453928 11687
1655948817063926568 12541
1655948817277284327 12750
1655948817489739847 11612
1655948817701174637 9327
1655948817916884715 14267
1655948818128283356 10905
1655948818344850523 14024
1655948818556463496 11162
1655948818768961306 11127
1655948818981854785 11686
1655948819192758875 10414
1655948819402781555 8711
1655948819614139765 10170
1655948819826140035 10732
1655948820038277513 11274
1655948820253078404 14364
1655948820461152104 7748
1655948820670018564 8548
1655948820880831143 9809
1655948821092352034 10523
1655948821303901123 10358
1655948821518444802 11857
1655948821730798163 11895
1655948821943767433 11812
1655948822157815972 12017
1655948822375400581 16308
1655948822585867272 8817
1655948822796901521 9824
1655948823005719431 8431
1655948823217255691 11228
1655948823434300721 13868
1655948823643861331 9246
1655948823856412259 10944
1655948824070036650 13306
1655948824280967710 10586
1655948824494622079 12212
1655948824705823279 10578
1655948824917631338 11318
1655948825131614008 13802
1655948825342216378 9454
1655948825552419788 9342
1655948825762446358 8917
1655948825975295798 10564
1655948826188088108 11621
1655948826400249137 11871
1655948826613838277 12869
1655948826826593857 11752
1655948827040223696 12989
1655948827256138886 12660
1655948827469192625 10822
1655948827681116655 9745
1655948827893142434 9956
1655948828107660155 12407
1655948828318086925 8358
1655948828528046074 8704
1655948828738334745 9115
1655948828949248024 10547
1655948829161897313 12492
1655948829371362423 9033
1655948829583393024 9052
1655948829795782873 10996
1655948830010168702 12913
1655948830222146552 11779
1655948830434374793 11778
1655948830645929562 11136
1655948830858248932 11988
1655948831069960691 11592
1655948831281047342 10099
1655948831492878441 10892
1655948831705513631 12331
1655948831918661671 12170
1655948832129524041 9589
1655948832340680641 10020
1655948832552901691 11804
1655948832764156251 10289
1655948832974957471 9599
1655948833186795361 10794
1655948833398395530 10458
1655948833609975248 11167
1655948833821664979 10703
1655948834032477090 9940
1655948834244353399 10840
1655948834461150179 15760
1655948834673587719 12116
1655948834883984198 9350
1655948835096701168 11733
1655948835308413248 10669
1655948835519628756 10874
1655948835731528588 10915
1655948835944721047 12207
1655948836156964147 11192
1655948836371654367 13721
1655948836583841946 11897
1655948836800198066 15948
1655948837010555926 9915
1655948837219346626 7675
1655948837428366455 8028
1655948837637172406 8481
1655948837847493926 9061
1655948838061173926 12818
1655948838271086915 9555
1655948838480228375 8824
1655948838692030624 10755
1655948838903143375 10140
1655948839112441395 8914
1655948839323038346 9637
1655948839534735005 10511
1655948839745611535 9617
1655948839958866265 12921
1655948840170631615 11224
1655948840382870615 11084
1655948840591652905 8497
1655948840803071345 10412
1655948841013765465 10291
1655948841222692125 8594
1655948841432933635 9875
1655948841644015233 9883
1655948841854445955 8948
1655948842063796514 7773
1655948842273738074 9553
1655948842487972294 13017
1655948842701700104 13025
1655948842909910974 7911
1655948843122733063 12334
1655948843334299564 10987
1655948843542701213 8084
1655948843755743083 11472
1655948843968086673 11215
1655948844179575483 11149
1655948844391580482 11612
1655948844600936853 9063
1655948844811444142 9540
1655948845020859872 9064
1655948845231405422 10140
1655948845441681912 9242
1655948845651715582 9718
1655948845866071781 13353
1655948846079036321 12609
1655948846290963231 11552
1655948846503155701 11164
1655948846725033340 20763
1655948846935534050 10060
1655948847145608180 9728
1655948847356629670 10012
1655948847566459470 8696
1655948847776477030 9586
1655948847988471480 10681
1655948848198379120 9565
1655948848408738409 9951
1655948848622292697 12365
1655948848833665489 9561
1655948849044797848 10760
1655948849254994839 8911
1655948849464455219 9165
1655948849675146909 10291
1655948856265747431 6389372
1655948856475802291 8997
1655948856687579201 10751
1655948856899066821 10479
1655948857108596150 9092
1655948857318694190 9726
1655948857527861531 8800
1655948857738364751 9497
1655948857952047621 12667
1655948858164742741 12166
1655948858377457508 12300
1655948858587013066 9045
1655948858798247410 9835
1655948859008144590 8854
1655948859218010100 9520
1655948859428140430 9715
1655948859640812400 11671
1655948859855416289 13301
1655948860065718478 9141
1655948860275449219 9376
1655948860487272279 10686
1655948860699403349 11740
1655948860911548069 11707
1655948861124645859 12687
1655948861339380709 13511
1655948861549297638 9572
1655948861762972298 12451
1655948861976155517 12781
1655948862186811898 10105
1655948862398927507 10972
1655948862610367927 11058
1655948862821903376 11119
1655948863032159136 9888
1655948863242253037 9139
1655948863457048396 14648
1655948863668080116 9970
1655948863881927806 12885
1655948864095137856 12191
1655948864307297723 11796
1655948864518641042 10848
1655948864731024815 11971
1655948864941525415 10072
1655948865153954755 11947
1655948865366668815 11414
1655948865577997055 10954
1655948865791044135 11942
1655948866003506733 11435
1655948866215647434 11791
1655948866430456134 13563
1655948866645893383 14312
1655948866860125073 13204
1655948867074499153 13376
1655948867288095212 13245
1655948867502510372 13322
1655948867713031922 10176
1655948867925984481 12404
1655948868139793531 13152
1655948868351993780 11614
1655948868566229880 13747
1655948868779193930 12505
1655948868989259630 9537
1655948869199832419 9755
1655948869410271049 10094
1655948869619404130 8771
1655948869830427510 10013
1655948870042019200 10475
1655948870252844020 9724
1655948870463863340 9888
1655948870675903139 11524
1655948870886307889 10037
1655948871096062797 9387
1655948871306893189 9870
1655948871518144380 10153
1655948871728689779 9589
1655948871939034959 9995
1655948872150097537 10030
1655948872360755287 10072
1655948872572723616 10876
1655948872783671138 9469
1655948872994650449 9948
1655948873204481798 9488
1655948873416249848 11423
1655948873628124529 11716
1655948873841037428 11975
1655948874054023997 12423
1655948874268078368 12975
1655948874482425187 13339
1655948874695895717 13089
1655948874910135816 12983
1655948875125979446 14804
1655948875338935156 11909
1655948875552067026 12061
1655948875761873856 9446
1655948875977210095 14021
1655948876189532116 11925
1655948876400836205 10968
1655948876614904754 12934
1655948876827356725 12049
1655948877040076245 11604
1655948877251227535 10743
1655948877464980244 12581
1655948877675471634 10158
1655948877888796014 12297
1655948878102038002 12887
1655948878313058582 10570
1655948878526487601 12438
1655948878736794373 9886
1655948878948806742 10949
1655948879162861353 12876
1655948879375196821 11837
1655948879588819282 13155
1655948879801637271 11932
1655948880015631271 11270
1655948880226931181 9765
1655948880438766681 11339
1655948880648355931 8965
1655948880860782371 11344
1655948881073130141 12028
1655948881283525381 9898
1655948881494379721 9906
1655948881706529140 11819
1655948881918103730 11192
1655948882131422579 12956
1655948882341601049 9813
1655948882553729900 11629
1655948882763509430 9422
1655948882974909429 10373
1655948883185097979 9733
1655948883396449768 10368
1655948883610123489 13261
1655948883823563658 13095
1655948884036477758 12573
1655948884247752678 10929
1655948884458391038 9602
1655948884670133708 10481
1655948884880814097 9713
1655948885090969327 9827
1655948885301969197 10656
1655948885515734696 12669
1655948885729081967 12177
1655948885939190956 9784
1655948886151169506 10771
1655948886365841206 14205
1655948886578409856 11283
1655948886792567415 13015
1655948887003854515 10985
1655948887214659685 10468
1655948887429216795 12676
1655948887640782835 9793
1655948887849841505 8476
1655948888062858294 12014
1655948888275308594 11344
1655948888487494244 11686
1655948888697879604 10060
1655948888907721794 9528
1655948889117130642 8942
1655948889330633414 12715
1655948889541148743 10210
1655948889752417043 10944
1655948889962851063 9433
1655948890174530012 10256
1655948890387517962 11684
1655948890600927632 12341
1655948890814910192 12128
1655948891026857209 11450
1655948891238508172 11339
1655948891450174392 11351
1655948891661839541 11314
1655948891872111381 8975
1655948892081220772 8140
1655948892295347201 13770
1655948892506577632 10816
1655948892718144940 11154
1655948892932257498 13032
1655948893146845599 13609
1655948893359743270 12220
1655948893572204540 11317
1655948893783154410 9894
1655948893995738009 10712
1655948894206659399 10324
1655948894418930129 11533
1655948894630679217 11445
1655948894844927257 12979
1655948895057505168 11383
1655948895269831938 11148
1655948895483080807 12705
1655948895695961357 11717
1655948895907274387 10360
1655948896120225316 11932
1655948896331288856 10243
1655948896543490286 11363
1655948896755666946 11076
1655948896966894266 10766
1655948897176118376 8807
1655948897386077936 9568
1655948897601531525 14474
1655948897811108035 8538
1655948898022594105 10509
1655948898232933995 9904
1655948898441970515 8709
1655948898652492755 9557
1655948898861305044 8331
1655948899072389505 10102
1655948899282430995 8983
1655948899492425025 8602
1655948899704839734 10713
1655948899918411612 11271
1655948900135117514 14783
1655948900352648633 15298
1655948900566158992 12381
1655948900778897331 12229
1655948900992407182 12475
1655948901205282421 12436
1655948901419731521 13478
1655948901634601741 13865
1655948901847420620 11145
1655948902058583270 10638
1655948902271414650 11766
1655948902481512230 9708
1655948902692570710 10260
1655948902903985091 10806
1655948903115799779 10398
1655948903327263130 10467
1655948903537145660 9462
1655948903748521461 9767
1655948903959660621 10175
1655948904172883039 11529
1655948904393098699 19084
1655948904602733319 9271
1655948904815550170 11663
1655948905027411429 11463
1655948905239705799 11266
1655948905453036809 12925
1655948905664963149 10950
1655948905878983768 12963
1655948906092625397 12444
1655948906305964637 12141
1655948906516944847 9923
1655948906729336847 11098
1655948906940621946 10879
1655948907151784336 10696
1655948907361191786 8822
1655948907570023927 7650
1655948907778867077 8514
1655948907987445318 8045
1655948908198517197 10431
1655948908408086007 8601
1655948908617849027 8916
1655948908827797268 8705
