1655537064466503387 199731710
1655537064675014392 7171930
1655537064884222411 7917148
1655537065092380325 6822440
1655537065301273214 7555782
1655537065509754640 7163626
1655537065720175371 9055998
1655537065928497037 6991448
1655537066138490398 8658380
1655537066347094355 7277251
1655537066556223841 7775294
1655537066764241967 6668875
1655537066973616021 8022013
1655537067181680946 6750914
1655537067390057622 7057057
1655537067598488656 7102355
1655537067808676807 8864980
1655537068016952870 6939971
1655537068225637967 7348129
1655537068434033194 7044461
1655537068642676528 7326875
1655537068850816219 6791053
1655537069059715467 7543301
1655537069267947493 6894630
1655537069476734182 7467417
1655537069684951778 6890255
1655537069893897467 7616872
1655537070102093494 6867341
1655537070311189569 7792354
1655537070519533548 7007590
1655537070728251941 7373445
1655537070936825885 7239971
1655537071145932049 7777344
1655537071354029427 6787159
1655537071563579210 8216140
1655537071771704992 6784746
1655537071980534456 7470692
1655537072190566388 8697790
1655537072399338464 7428859
1655537072609384693 8721224
1655537072818645378 7968266
1655537073027683972 7707229
1655537073237060530 8039820
1655537073445764118 7395053
1655537073655816906 8728567
1655537073864197569 7051167
1655537074073013522 7412016
1655537074281338951 7030535
1655537074489983296 7328910
1655537074697827341 6542204
1655537074906487957 7295504
1655537075115262034 7405635
1655537075325078093 8531683
1655537075533090812 6638798
1655537075741963586 7560557
1655537075950700965 7396375
1655537076159283749 7285894
1655537076367620898 6974105
1655537076576339358 7403916
1655537076784888226 7234043
1655537076993858459 7638251
1655537077202442731 7252472
1655537077412341445 8614755
1655537077620717023 6963639
1655537077829687119 7723685
1655537078037940213 6931919
1655537078247613403 8377598
1655537078455723381 6803538
1655537078664853516 7782246
1655537078873204783 7028654
1655537079082228879 7734187
1655537079290604590 7019857
1655537079499702350 7781228
1655537079707837181 6794718
1655537079918357164 9139677
1655537080126670992 6992421
1655537080335799722 7773939
1655537080543853812 6706292
1655537080752934580 7756623
1655537080961043938 6812478
1655537081169384419 7008090
1655537081377482542 6736033
1655537081587120352 8325449
1655537081795180052 6698427
1655537082004075225 7559122
1655537082212041251 6625647
1655537082421093188 7698933
1655537082629207199 6760986
1655537082837667144 7117152
1655537083045710642 6688399
1655537083254924630 7907581
1655537083463174119 6923920
1655537083671782251 7261499
1655537083879721671 6622196
1655537084089109262 8014467
1655537084297239728 6767046
1655537084506878788 8331525
1655537084715131101 6935177
1655537084924075444 7609591
1655537085132357570 6927237
1655537085340977043 7260031
1655537085549327324 7042697
1655537085758044125 7410494
1655537085966323194 6989468
1655537086175133722 7459333
1655537086383532049 7032379
1655537086592291366 7414829
1655537086800818936 7086568
1655537087009653930 7491748
1655537087218697003 7749031
1655537087427481447 7463164
1655537087635957196 7200710
1655537087844911245 7645895
1655537088053485433 7246552
1655537088262412013 7619576
1655537088471711149 8012521
1655537088680638773 7566670
1655537088888898541 6950326
1655537089098023770 7786975
1655537089306525981 7147341
1655537089516416658 8594896
1655537089724534072 6748217
1655537089932908158 7077553
1655537090142117771 7881824
1655537090350935028 7460781
1655537090560171686 7883599
1655537090769021771 7494027
1655537090978350751 7992184
1655537091187248885 7633274
1655537091395593318 7039956
1655537091604244225 7382694
1655537091812339922 6730997
1655537092021081767 7413034
1655537092229295353 6873071
1655537092437862933 7236554
1655537092645818045 6579342
1655537092854452905 7323350
1655537093062372124 6564709
1655537093271848644 8111578
1655537093479922067 6724606
1655537093688643647 7375837
1655537093897636580 7664674
1655537094106292271 7323133
1655537094315944435 8315743
1655537094524848292 7569925
1655537094733367826 7192920
1655537094942375545 7666209
1655537095150667714 6988400
1655537095359752437 7768117
1655537095567845860 6774140
1655537095777456984 8241534
1655537095986763562 8026887
1655537096196434416 8330333
1655537096405504271 7702046
1655537096614332184 7526988
1655537096823799805 8122917
1655537097034307571 9163664
1655537097242654137 7050502
1655537097451369977 7369901
1655537097659889594 7205231
1655537097868952312 7744029
1655537098077328351 7066218
1655537098285952949 7270349
1655537098495261934 7997965
1655537098704087820 7580589
1655537098912462502 6990066
1655537099121998580 8215232
1655537099330523841 7200125
1655537099539430398 7596972
1655537099749821175 9011315
1655537099958543113 7365661
1655537100166949371 7084038
1655537100375981068 7711467
1655537100584237428 6904123
1655537100793307853 7741800
1655537101002123268 7435799
1655537101211427730 7966701
1655537101419848520 7082779
1655537101629821116 8639807
1655537101838159097 7036687
1655537102046936353 7487379
1655537102255321345 7015891
1655537102463949704 7340984
1655537102672259998 6939190
1655537102881681384 8071863
1655537103090395949 7397086
1655537103299379675 7668745
1655537103507904057 7209108
1655537103717180193 7847627
1655537103925472078 6933173
1655537104134597909 7811770
1655537104343014204 7024796
1655537104552204845 7831896
1655537104760840436 7275942
1655537104969616892 7487809
1655537105177766322 6824482
1655537105387061798 7976593
1655537105595232683 6843707
1655537105804155953 7551169
1655537106012363556 6873365
1655537106222073706 8364656
1655537106430374059 6952994
1655537106639340432 7662772
1655537106847534958 6886920
1655537107056386446 7530139
1655537107264717815 6967537
1655537107473590813 7591683
1655537107681975429 7027325
1655537107890854995 7518672
1655537108099260404 7104627
1655537108308060877 7471624
1655537108517405306 8003651
1655537108726398129 7684216
1655537108934831702 7057294
1655537109143446861 7287208
1655537109351695208 6943566
1655537109560740389 7706074
1655537109769043974 6959023
1655537109979199710 8867380
1655537110188120346 7603990
1655537110398033817 8536955
1655537110606078224 6732814
1655537110814623414 7251752
1655537111022930804 6988954
1655537111238912772 14682144
1655537111447808710 7258358
1655537111655915841 6696972
1655537111865970757 8667662
1655537112074963717 7652069
1655537112284150456 7896233
1655537112493114716 7643266
1655537112702171732 7723418
1655537112911072252 7597079
1655537113119546826 7113836
1655537113328711849 7802061
1655537113537245032 7238926
1655537113746003650 7392140
1655537113954239799 6873184
1655537114162706219 7154623
1655537114370821353 6787333
1655537114580453503 8261071
1655537114788946707 7146807
1655537114997790300 7516959
1655537115206282570 7182077
1655537115415022150 7411575
1655537115623578240 7255106
1655537115832514972 7570380
1655537116040668998 6856028
1655537116249548748 7542319
1655537116458372750 7473993
1655537116666866681 7173577
1655537116874990685 6838598
1655537117085221112 8928103
1655537117295390080 8803633
1655537117504289880 7631413
1655537117712702381 7075258
1655537117922646954 8620229
1655537118131177558 7197870
1655537118340414459 7862688
1655537118549261643 7514561
1655537118759566278 8951124
1655537118968964033 8060342
1655537119177130550 6832178
1655537119386069271 7608042
1655537119594380282 7021902
1655537119803399193 7661217
1655537120013400197 8685845
1655537120223764349 9006389
1655537120433581818 8466767
1655537120641862994 6977756
1655537120849647838 6428172
1655537121057908605 6914071
1655537121266041336 6782911
1655537121474818925 7502083
1655537121684336695 8183294
1655537121892986680 7262150
1655537122101835670 7555467
1655537122310139008 6968145
1655537122518515110 7080274
1655537122727063567 7202581
1655537122935823633 7446216
1655537123143990443 6848076
1655537123353227882 7866270
1655537123561462941 6931029
1655537123770684891 7877308
1655537123978815436 6804209
1655537124187857212 7703491
1655537124396411342 7186202
1655537124605631050 7887056
1655537124813561645 6612307
1655537125021539007 6612390
1655537125229637152 6809655
1655537125438849481 7895773
1655537125648457759 8216342
1655537125858196773 8361083
1655537126067588299 8042917
1655537126277085001 8180221
1655537126486950290 8582682
1655537126695743196 7459013
1655537126903831997 6754831
1655537127112579070 7381263
1655537127320858419 6939838
1655537127529332928 7156741
1655537127737395479 6702921
1655537127946504515 7818285
1655537128154792111 6977829
1655537128363584535 7447539
1655537128571826891 6890925
1655537128781372366 8163295
1655537128991739211 9002949
1655537129200660684 7568429
1655537129408777428 6846515
1655537129617377044 7257642
1655537129825911932 6714633
1655537130035115604 7890460
1655537130243063425 6607879
1655537130451271089 6857650
1655537130659478734 6876341
1655537130868250472 7381194
1655537131076428850 6865098
1655537131285480579 7685060
1655537131493769955 6985000
1655537131703402908 8337119
1655537131913206335 8401058
1655537132122104090 7577447
1655537132331344416 7892407
1655537132539412444 6769906
1655537132747943151 7124087
1655537132957646108 8362252
1655537133165616052 6644975
1655537133374163895 7233416
1655537133582446226 6984453
1655537133791728936 7959581
1655537134000378790 7330338
1655537134209040782 7297013
1655537134417209124 6815054
1655537134625901233 7337493
1655537134834058594 6854918
1655537135042680014 7303170
1655537135250771989 6777084
1655537135459741776 7592771
1655537135669396874 8280624
1655537135878170772 7465271
1655537136086581897 7097289
1655537136295449486 7595326
1655537136503451637 6705415
1655537136713514163 8767203
1655537136921706577 6882469
1655537137130832691 7772758
1655537137338916930 6778580
1655537137547683307 7477595
1655537137755871700 6863189
1655537137964600674 7369117
1655537138172695361 6765784
1655537138381335898 7353912
1655537138589469016 6817247
1655537138798163907 7291738
1655537139006327531 6845387
1655537139215092825 7428395
1655537139423275757 6815672
1655537139632552681 7972334
1655537139840715763 6861768
1655537140049492771 7450554
1655537140258008781 7126076
1655537140466890575 7564069
1655537140674972568 6767440
1655537140884152773 7850036
1655537141092229437 6745504
1655537141300880931 7297741
1655537141509614434 7413127
1655537141718230405 7300177
1655537141926488025 6918017
1655537142136536067 8668797
1655537142344729871 6899318
1655537142553884772 7837119
1655537142763370817 8161075
1655537142971861591 7218201
1655537143180097945 6904601
1655537143388886372 7392097
1655537143597177739 6971515
1655537143805896493 7382398
1655537144014057525 6796159
1655537144223491245 8116117
1655537144431528514 6722451
1655537144640625650 7759216
1655537144849820436 7841671
1655537145058337223 7192118
1655537145266460406 6820748
1655537145476379901 8574553
1655537145685858816 8155626
1655537145895306951 8086777
1655537146103848767 7230053
1655537146313390625 8190439
1655537146522011129 7271257
1655537146730179213 6822474
1655537146938333384 6834039
1655537147147198813 7503237
1655537147355346484 6759990
1655537147564066659 7394285
1655537147772210159 6786982
1655537147981298041 7705938
1655537148189515941 6906489
1655537148398372737 7551774
1655537148607145860 7583944
1655537148815963044 7475442
1655537149024518920 7203616
1655537149233157901 7340684
1655537149442047345 7601550
1655537149651287950 7963378
1655537149859195909 6574720
1655537150067311062 6793640
1655537150276983267 8325019
1655537150487704841 9386952
1655537150697095933 8128497
1655537150907232974 8784788
1655537151115272339 6712160
1655537151323834502 7213838
1655537151531970387 6768985
1655537151741296898 8003140
1655537151949613571 7000074
1655537152158392104 7463155
1655537152367939365 8261118
1655537152576249809 6959238
1655537152785511605 7937522
1655537152995897217 9056117
1655537153204337419 7057715
1655537153412909980 7212533
1655537153621956138 7665101
1655537153830623572 7370363
1655537154039218543 7249282
1655537154248091220 7514747