1655537432867240120 400523292
1655537433076325062 7694902
1655537433284947548 7334049
1655537433493934845 7705651
1655537433703298396 8077099
1655537433913182976 8580335
1655537434121727593 7307339
1655537434331051391 8063953
1655537434539875689 7568252
1655537434748823272 7635777
1655537434958369515 8287424
1655537435167181971 7477532
1655537435376301150 7856572
1655537435586568035 8977373
1655537435795705975 7833654
1655537436004702433 7686255
1655537436213435806 7441710
1655537436423753182 9064810
1655537436632446792 7420509
1655537436841577801 7825603
1655537437050296568 7448538
1655537437258636702 7060695
1655537437469080161 9188831
1655537437678012269 7668023
1655537437887029473 7763287
1655537438096001260 7668822
1655537438304854157 7555765
1655537438513630802 7545796
1655537438723003409 8081667
1655537438933037789 8790705
1655537439142467679 8109700
1655537439351520503 7752382
1655537439561410499 8629502
1655537439771299549 8650656
1655537439980298721 7711332
1655537440190017631 8381103
1655537440399074937 7785456
1655537440608259064 7926475
1655537440818557288 9002422
1655537441027727402 7815314
1655537441237201901 8189655
1655537441445976516 7481550
1655537441654868890 7623012
1655537441863382096 7233063
1655537442072196149 7579289
1655537442281438298 7935665
1655537442491011023 8308643
1655537442699577445 7304075
1655537442909729397 8842431
1655537443119508289 8543756
1655537443328276032 7500200
1655537443537563742 7998021
1655537443746166255 7314997
1655537443955818418 8373817
1655537444164499467 7410724
1655537444374336577 8586150
1655537444583512720 7896044
1655537444792257810 7391208
1655537445001421307 7874733
1655537445210572084 7884034
1655537445420047799 8165758
1655537445629230250 7895306
1655537445838218425 7727904
1655537446047167051 7655847
1655537446258391168 9964789
1655537446469030659 9366814
1655537446680068713 9771088
1655537446889055749 7644651
1655537447098659931 8335377
1655537447308348393 8423145
1655537447517871811 8297540
1655537447727129160 7953172
1655537447937178801 8781492
1655537448147637603 9211447
1655537448356889548 7918029
1655537448566650346 8512041
1655537448775950476 7971620
1655537448984864636 7563683
1655537449193824001 7696477
1655537449402957352 7837463
1655537449611721478 7501614
1655537449820893943 7878277
1655537450030617951 8451698
1655537450239662818 7714317
1655537450449108307 8153426
1655537450657976188 7623516
1655537450867468534 8223400
1655537451076267718 7531767
1655537451285971567 8418632
1655537451494950965 7767192
1655537451705878675 9655325
1655537451914755143 7639870
1655537452123904589 7903329
1655537452332860764 7645498
1655537452542478281 8327728
1655537452751463235 7735774
1655537452960715730 7989488
1655537453169955308 7937802
1655537453379508875 8253099
1655537453589730588 8897095
1655537453801281658 10276618
1655537454010861524 8299653
1655537454221793662 9639447
1655537454431441917 8379211
1655537454640649424 7873805
1655537454849806911 7850645
1655537455060205922 9114452
1655537455269837168 8285136
1655537455478440496 7321254
1655537455688763858 9047959
1655537455898152360 8102609
1655537456106918135 7515408
1655537456315805557 7597837
1655537456525458513 8303064
1655537456734335962 7598080
1655537456942812208 7191501
1655537457151732582 7637279
1655537457362787008 9739842
1655537457571625790 7606172
1655537457787172614 14263232
1655537457996562455 8171188
1655537458205952283 8114930
1655537458415095099 7816012
1655537458623963796 7584020
1655537458833091023 7856676
1655537459042522109 8140228
1655537459251684916 7934892
1655537459461498912 8479560
1655537459671024215 8253242
1655537459879972033 7737215
1655537460089956568 8700458
1655537460299670742 8423895
1655537460508913325 7947646
1655537460717901466 7762730
1655537460927165522 7946368
1655537461137520108 9051596
1655537461347891726 9077572
1655537461556972496 7771830
1655537461766311443 8063395
1655537461974635376 7075189
1655537462183346076 7432336
1655537462392410018 7806307
1655537462601623945 7956997
1655537462810543693 7619005
1655537463019807852 7997364
1655537463229353301 8258592
1655537463438744193 8135090
1655537463647403596 7384927
1655537463856837962 8193931
1655537464065876143 7767196
1655537464275248871 8124043
1655537464485570833 9048057
1655537464694862414 8015825
1655537464904314847 8182127
1655537465113385807 7761255
1655537465324063645 9407131
1655537465533347717 7985123
1655537465742158691 7520624
1655537465950746058 7303520
1655537466159851872 7839712
1655537466368772598 7615603
1655537466577527754 7510445
1655537466786640003 7844314
1655537466995134177 7179641
1655537467204009338 7607141
1655537467413769374 8453573
1655537467623688705 8637749
1655537467832820229 7848863
1655537468041256267 7172737
1655537468249700573 7152379
1655537468459443361 8548880
1655537468668056691 7348359
1655537468876534935 7185489
1655537469085194327 7366971
1655537469293804116 7352761
1655537469502384173 7271167
1655537469710835516 7167297
1655537469919516566 7400649
1655537470129072101 8233616
1655537470339411317 9069807
1655537470548227503 7538895
1655537470757180719 7641671
1655537470965955987 7486271
1655537471174819131 7588705
1655537471383948148 7819707
1655537471593312009 8055682
1655537471801924464 7334770
1655537472011021794 7826647
1655537472220330084 7967892
1655537472429378878 7750666
1655537472638864092 8255110
1655537472848075837 7896133
1655537473056689520 7282991
1655537473265242136 7257321
1655537473474812167 8304951
1655537473683486214 7392931
1655537473892723132 7963739
1655537474102262427 8253998
1655537474311246714 7684185
1655537474519888499 7395867
1655537474729786846 8587740
1655537474938957441 7861384
1655537475148007863 7816889
1655537475357208723 7892233
1655537475566070475 7705388
1655537475775676022 8364293
1655537475985068521 8105372
1655537476194271575 7969788
1655537476403193834 7688274
1655537476612014042 7577046
1655537476821067440 7803174
1655537477031308038 8948580
1655537477240297168 7765026
1655537477449585446 7988984
1655537477658774385 7942561
1655537477873420046 13428446
1655537478084642939 9724937
1655537478292838455 7403022
1655537478501103913 7014470
1655537478709854087 7504603
1655537478917837359 6725972
1655537479128215884 9108408
1655537479337729314 8262800
1655537479547226909 8183829
1655537479756706914 8216592
1655537479966453012 8633654
1655537480175553564 8042635
1655537480384845556 8065196
1655537480594703907 8607624
1655537480804605399 8656971
1655537481013381493 7520665
1655537481221887440 7249595
1655537481430728325 7634775
1655537481639856045 7842416
1655537481849085029 7960415
1655537482058972710 8649883
1655537482267795179 7576161
1655537482476425770 7340420
1655537482685768446 8089730
1655537482894838138 7730546
1655537483103262890 7163669
1655537483313736947 9234130
1655537483522195342 7291420
1655537483731269379 7798625
1655537483941527948 9023286
1655537484150739314 7932198
1655537484360726165 8740905
1655537484569309558 7431785
1655537484778780236 8185647
1655537484988210830 8206485
1655537485200116063 10620914
1655537485408895520 7486622
1655537485617495356 7314890
1655537485826697293 7933590
1655537486035270740 7306857
1655537486245464657 8905697
1655537486454488963 7762647
1655537486663335605 7607825
1655537486872225525 7622742
1655537487080755893 7221380
1655537487289443063 7400132
1655537487498121545 7480939
1655537487707255371 7838401
1655537487916243056 7724161
1655537488125319561 7810973
1655537488334300719 7751647
1655537488543975045 8413286
1655537488752844466 7599862
1655537488961913174 7792280
1655537489170114482 7052648
1655537489380100167 8691427
1655537489588812623 7446799
1655537489799162119 9059582
1655537490008102019 7708067
1655537490217064895 7836852
1655537490425512924 7135421
1655537490634105660 7337010
1655537490844411475 9059244
1655537491052941540 7350319
1655537491261789640 7575967
1655537491470845831 7802212
1655537491679444355 7337046
1655537491888102768 7370746
1655537492096705212 7291528
1655537492306167005 8245824
1655537492515887055 8449125
1655537492724449915 7431627
1655537492933796366 8016766
1655537493142798347 7747752
1655537493351199049 7133481
1655537493560828882 8331925
1655537493769894720 7755642
1655537493978477257 7296646
1655537494186793452 7054567
1655537494396484280 8441456
1655537494605615191 7856281
1655537494814618054 7749869
1655537495024857654 9020667
1655537495233393099 7286942
1655537495442318163 7651206
1655537495651913572 8342158
1655537495862446531 9227257
1655537496070157398 6697360
1655537496278962848 7538374
1655537496487873019 7754114
1655537496697058591 7884103
1655537496906102364 7812087
1655537497116362846 9016570
1655537497326588483 8031047
1655537497536664820 8795654
1655537497745242042 7315237
1655537497954373424 7840903
1655537498163334725 7684859
1655537498372345121 7752958
1655537498582317266 8775544
1655537498793654623 10064603
1655537499002923295 8031293
1655537499211654420 7436484
1655537499421701232 8571489
1655537499630220571 7236583
1655537499839362355 7842746
1655537500048877795 8326015
1655537500257803874 7630985
1655537500466353671 7293860
1655537500674871828 7235508
1655537500886308481 10214188
1655537501094916574 7469235
1655537501305233949 9042975
1655537501514501321 7978589
1655537501723588432 7794303
1655537501932550881 7634261
1655537502142849309 9032209
1655537502351477118 7372866
1655537502561706279 9028028
1655537502770802668 8029445
1655537502979557314 7489308
1655537503188149840 7311383
1655537503396423441 6962739
1655537503605790899 8084314
1655537503815986179 8869498
1655537504024056541 6795331
1655537504233066323 7734020
1655537504442346629 7999609
1655537504651355327 7742976
1655537504860776635 8163079
1655537505070211732 8165108
1655537505280516962 9037250
1655537505488701444 6899768
1655537505698269480 8454301
1655537505907155260 7595704
1655537506116301987 7842154
1655537506325996302 7499469
1655537506534699860 7423406
1655537506744285519 8290238
1655537506954385924 8800255
1655537507163177639 7626816
1655537507371769291 7337860
1655537507581674978 8596066
1655537507792130852 9145831
1655537508000310259 6903616
1655537508209459640 7896461
1655537508419845692 9149344
1655537508629536548 8384329
1655537508838405380 7618824
1655537509046802987 7124615
1655537509256316581 8401086
1655537509465010144 7427547
1655537509673483926 7144768
1655537509882978376 8256908
1655537510092504842 8277167
1655537510301984193 8239152
1655537510510251522 7003185
1655537510719521232 8018677
1655537510927753460 6936879
1655537511136470277 7485620
1655537511346517927 8653818
1655537511557227138 9429897
1655537511765735648 7278334
1655537511974413474 7438473
1655537512182862734 7185078
1655537512391394249 7252065
1655537512599947960 7312985
1655537512808646220 7416922
1655537513017633217 7714688
1655537513226946688 8076204
1655537513435831686 7620960
1655537513644762189 7615614
1655537513853385325 7397595
1655537514062171943 7507225
1655537514271182952 7742657
1655537514479915908 7460064
1655537514688857669 7642588
1655537514897530977 7413434
1655537515105655598 6884861
1655537515313717747 6754676
1655537515522054780 7077490
1655537515730532846 7166723
1655537515938952366 7112840
1655537516147529767 7307628
1655537516355778897 6933718
1655537516564057616 6990803
1655537516772965589 7632083
1655537516980864542 6616345
1655537517188715856 6600697
1655537517397128441 7139635
1655537517606286494 7912586
1655537517815862309 8321774
1655537518024906832 7768150
1655537518234627246 8434638
1655537518443426896 7508637
1655537518652313810 7596635
1655537518860912001 7344712
1655537519069745867 7580406
1655537519277646402 6641704
1655537519486627911 7774477
1655537519697678805 9736027
1655537519907749588 8766711
1655537520116366711 7310865
1655537520326239777 7773648
1655537520535384168 7852536
1655537520743945173 7309881
1655537520952436700 7180186
1655537521162557790 8865602
1655537521371440534 7637390
1655537521580821351 8081154
1655537521789385692 7287135
1655537521997643990 6979504
1655537522207397560 8471447
1655537522415399474 6816713
