1655537617321694748 7161324
1655537617530309027 7337850
1655537617738492220 6936928
1655537617947177024 7403510
1655537618155230152 6690475
1655537618363625467 7069778
1655537618571866442 6910131
1655537618781347988 8111003
1655537618989812968 7217665
1655537619198930646 7822130
1655537619407090497 6920603
1655537619615514923 7047740
1655537619824116131 7176081
1655537620033826061 8417907
1655537620241911306 6798930
1655537620450404705 7220993
1655537620659569693 7918350
1655537620868301228 7464800
1655537621077785414 8194119
1655537621286488460 7438756
1655537621495385798 7637736
1655537621703773590 7093953
1655537621912067797 6980676
1655537622120632589 7330926
1655537622328791640 6882469
1655537622537693974 7635588
1655537622745847476 6885692
1655537622955225913 8104982
1655537623163572770 7036193
1655537623372420451 7578703
1655537623580311010 6663033
1655537623789278426 7690004
1655537623997525094 6992212
1655537624207563785 8750196
1655537624415853229 7022975
1655537624624725170 7591951
1655537624832877121 6932893
1655537625041817708 7715957
1655537625250043389 6954096
1655537625459694835 8402135
1655537625667741550 6711699
1655537625876401336 7334941
1655537626085543132 7900817
1655537626294069032 7273536
1655537626502095820 6783325
1655537626711842678 8456141
1655537626919934188 6794020
1655537627129736735 8564166
1655537627337933209 6895691
1655537627546836518 7734575
1655537627755988828 7864873
1655537627964340771 7051497
1655537628172786403 7142879
1655537628381322304 7277045
1655537628589893574 7353192
1655537628799587136 8399556
1655537629009539291 8661974
1655537629218104780 7295646
1655537629426958098 7606918
1655537629636426505 8177950
1655537629844880506 7193479
1655537630053746296 7620771
1655537630262883122 7836617
1655537630470691932 6685786
1655537630679232673 7256133
1655537630888805180 8279793
1655537631097196493 7126848
1655537631306972619 8535219
1655537631515265064 6979515
1655537631727246078 10679513
1655537631936045595 7530518
1655537632145113789 7744016
1655537632354913802 8491391
1655537632563250407 7045837
1655537632772124520 7572225
1655537632981180811 7822911
1655537633189349651 6870433
1655537633397314792 6711963
1655537633605201662 6675183
1655537633812937638 6472483
1655537634020644046 6410899
1655537634229801729 7853078
1655537634437944928 6883143
1655537634646503476 7282430
1655537634855024160 7134329
1655537635063630064 7338182
1655537635271993422 7123778
1655537635480697239 7466634
1655537635689119288 7155355
1655537635898754444 8376311
1655537636106759741 6751828
1655537636315583874 7565314
1655537636523732862 6846311
1655537636733617698 8549593
1655537636941370690 6493493
1655537637149548559 6900780
1655537637357775329 6962652
1655537637566541191 7469600
1655537637774773299 6888934
1655537637983781305 7714979
1655537638191989238 6904340
1655537638400499237 7236584
1655537638608910696 7191248
1655537638817696554 7499360
1655537639025745441 6780254
1655537639234292577 7281743
1655537639442683953 7159346
1655537639651093084 7121157
1655537639862196047 9815890
1655537640070827108 7379249
1655537640279438788 7322193
1655537640487941541 7212407
1655537640696046282 6852584
1655537640904847980 7508909
1655537641113375100 7294231
1655537641321785390 7168342
1655537641529893445 6822856
1655537641738415484 7233139
1655537641947935209 8248351
1655537642155566346 6401534
1655537642363636097 6773770
1655537642572409250 7496742
1655537642780888137 7206416
1655537642989604683 7442151
1655537643197780450 6903366
1655537643406309882 7249359
1655537643614620938 7078986
1655537643824904980 8995075
1655537644033474004 7291320
1655537644241513855 6783825
1655537644449526290 6773094
1655537644658409118 7642074
1655537644866881104 7162422
1655537645075731025 7574140
1655537645283856438 6852302
1655537645492541232 7350618
1655537645700817004 6982488
1655537645909805877 7717586
1655537646118014698 7003539
1655537646326943452 7700719
1655537646536274844 8042373
1655537646744918841 7338305
1655537646953287473 7076489
1655537647161722642 7226585
1655537647369803445 6859715
1655537647578413927 7368093
1655537647786736466 7057160
1655537647995956794 7961681
1655537648204005919 6794901
1655537648412576569 7271004
1655537648621895816 8084428
1655537648830592731 7443774
1655537649038684062 6796572
1655537649247814760 7869788
1655537649456084291 7019006
1655537649664611165 7226695
1655537649873597897 7717235
1655537650081978020 7093846
1655537650291300396 8025113
1655537650500101157 7511084
1655537650709506446 8167331
1655537650917913901 7163774
1655537651127538755 8343885
1655537651336486453 7707156
1655537651546218172 8476507
1655537651755599039 8149750
1655537651963779226 6800657
1655537652172618690 7464507
1655537652381984749 8161333
1655537652590774872 7570767
1655537652798922113 6875300
1655537653008915984 8704687
1655537653218462626 8286298
1655537653426830928 7118818
1655537653634845737 6757035
1655537653843357303 7265805
1655537654052082311 7329582
1655537654260472538 7091713
1655537654470047442 8320742
1655537654678910325 7594600
1655537654886982172 6842436
1655537655096396152 8138778
1655537655304462418 6795758
1655537655513217318 7529537
1655537655721748649 7279387
1655537655931648919 8658936
1655537656140488965 6874249
1655537656349287874 7546702
1655537656557751750 7198848
1655537656766670017 7670425
1655537656975049859 7105073
1655537657183990561 7716681
1655537657392018147 6765955
1655537657601051784 7719348
1655537657809880747 7567121
1655537658018634925 7506089
1655537658227820446 7983669
1655537658436657246 7430815
1655537658644988597 7110332
1655537658853852968 7579667
1655537659062412989 7291231
1655537659271742116 7991048
1655537659480072823 7010931
1655537659690500053 9189704
1655537659897949124 6272860
1655537660106558502 7359456
1655537660314634119 6797697
1655537660524490188 8618005
1655537660732747318 6978953
1655537660941548600 7562237
1655537661149860209 7033146
1655537661358802527 7699028
1655537661566753672 6741132
1655537661775913367 7901849
1655537661984062161 6855969
1655537662193458617 8105104
1655537662401842378 7103251
1655537662610607714 7508377
1655537662819189132 7344820
1655537663027629866 7164721
1655537663235784092 6856852
1655537663444702696 7631934
1655537663653181222 7225883
1655537663865985761 11570070
1655537664074451204 7112372
1655537664282348226 6656258
1655537664490460873 6863317
1655537664698316794 6576372
1655537664906069950 6515629
1655537665114958125 7593396
1655537665322980519 6730447
1655537665531544343 7344469
1655537665739634923 6799724
1655537665948169169 7269669
1655537666156305426 6894583
1655537666365753882 8166587
1655537666574116778 7079019
1655537666782918288 7528277
1655537666991443651 7270297
1655537667200385438 7666597
1655537667408635311 7016197
1655537667617442940 7548333
1655537667825551509 6874460
1655537668034502858 7653149
1655537668242954331 7169363
1655537668451834690 7615677
1655537668659915331 6809656
1655537668869527397 8327699
1655537669077763451 6953470
1655537669287509984 8487231
1655537669497047896 8210207
1655537669705721634 7385979
1655537669913849906 6901835
1655537670122987130 7841244
1655537670331149383 6867138
1655537670540228636 7778342
1655537670748502073 7031688
1655537670957629183 7847942
1655537671165847056 6931138
1655537671375224046 8114794
1655537671583577781 7082290
1655537671792344079 7517825
1655537672000527287 6931405
1655537672209160369 7353386
1655537672417389107 6936438
1655537672626230265 7594119
1655537672834899128 7388453
1655537673044269848 8090912
1655537673252509822 6989065
1655537673461195106 7364312
1655537673669394189 6931880
1655537673878463586 7822297
1655537674087216842 7463922
1655537674296167108 7672497
1655537674504563261 7134407
1655537674714149262 8256851
1655537674922326289 6901543
1655537675131065162 7470741
1655537675339394246 7071827
1655537675548265286 7592908
1655537675756844926 7312731
1655537675966068010 7943950
1655537676174416982 7087652
1655537676383406259 7720982
1655537676591482064 6759934
1655537676800492530 7720970
1655537677008900177 7166924
1655537677217931607 7772800
1655537677426306503 7124227
1655537677634940992 7382529
1655537677843095046 6888336
1655537678051727726 7357664
1655537678259931278 6920760
1655537678468790023 7561536
1655537678677094842 7011341
1655537678886122646 7794911
1655537679094479971 7053002
1655537679303411575 7635524
1655537679512905471 8214124
1655537679721724573 7534650
1655537679929849437 6872167
1655537680138545573 7448678
1655537680347466697 7656338
1655537680557887356 9125660
1655537680767065302 8006372
1655537680976028046 7712619
1655537681183967393 6674256
1655537681393149126 7886457
1655537681601924445 7513233
1655537681811023571 7846515
1655537682019230466 6953761
1655537682228852408 8361802
1655537682436756752 6648379
1655537682645726527 7651001
1655537682853990359 6935314
1655537683062735704 7471155
1655537683271210115 7206430
1655537683480393318 7914395
1655537683688481230 6816873
1655537683898385899 8646064
1655537684106759044 7008271
1655537684315722761 7701724
1655537684523749231 6775703
1655537684732505553 7462114
1655537684940795193 7033386
1655537685149856297 7789940
1655537685358950553 7774060
1655537685567858511 7658747
1655537685778031318 8855648
1655537685987319488 7985839
1655537686195715807 7082596
1655537686404706080 7677674
1655537686612733259 6827470
1655537686821930489 7924758
1655537687030382553 7199408
1655537687239419448 7750560
1655537687448463574 7788133
1655537687656953500 7203970
1655537687865106167 6893352
1655537688074277448 7919542
1655537688282457841 6880870
1655537688491668063 7917219
1655537688699867718 6917372
1655537688908572508 7406139
1655537689116867183 6988624
1655537689325985539 7827266
1655537689534464998 7210393
1655537689743699366 7938484
1655537689951791234 6778049
1655537690160602644 7503145
1655537690369901677 8038233
1655537690578761148 7579950
1655537690786965229 6910314
1655537690996480565 8244323
1655537691204493100 6750367
1655537691414831959 9086585
1655537691623005904 6890499
1655537691831627237 7376022
1655537692039808890 6925122
1655537692250042128 8950765
1655537692458767660 7420039
1655537692667496528 7463207
1655537692875948352 7199339
1655537693084952460 7701390
1655537693293117201 6885203
1655537693501919804 7563514
1655537693710279738 7100163
1655537693919419290 7904415
1655537694127808712 7083507
1655537694336742997 7610740
1655537694545204356 7158804
1655537694754459674 7990536
1655537694962566893 6829609
1655537695172377134 8571731
1655537695380887587 7223486
1655537695589695578 7521667
1655537695797977367 6997541
1655537696006824020 7607305
1655537696215087197 7033573
1655537696423868769 7466883
1655537696632233965 7080485
1655537696841057566 7555739
1655537697049315323 6965161
1655537697258372076 7802417
1655537697466700903 7042370
1655537697675577178 7644725
1655537697883941833 7056600
1655537698093184220 7916472
1655537698301346337 6903814
1655537698510342571 7660113
1655537698718467160 6893592
1655537698927314562 7584052
1655537699135664079 7024243
1655537699344617127 7680132
1655537699553070537 7200529
1655537699761657105 7325019
1655537699969737578 6803482
1655537700179079008 8102961
1655537700387218034 6831274
1655537700596035598 7543112
1655537700804324518 6988542
1655537701013345798 7752437
1655537701222773491 8132478
1655537701431365147 7331350
1655537701639423683 6781015
1655537701848506132 7771666
1655537702057860920 8109344
1655537702266469715 7354874
1655537702475236233 7428061
1655537702684140311 7610139
1655537702892459252 7048754
1655537703101455295 7727483
1655537703309841238 7110406
1655537703519708474 8604939
1655537703728929653 7938613
1655537703937488188 7281710
1655537704145725521 6986793
1655537704354548034 7532826
1655537704562850770 7009359
1655537704772427703 8355330
1655537704980625130 6861024
1655537705190302397 8405519
1655537705398773480 7151159
1655537705607605685 7578011
1655537705817424704 8543397
1655537706026075021 7367508
1655537706234382764 6996584