1655660563368372144 258459405
1655660563583686724 14179582
1655660563872668812 85522782
1655660564171534705 94595184
1655660564392396151 10760556
1655660564604180069 10732113
1655660564816269625 10057053
1655660565028901344 11438663
1655660565242063540 11899731
1655660565453548955 10486115
1655660565667442087 12704314
1655660565881155273 12965338
1655660566095803976 13800125
1655660566307754977 11151433
1655660566518456270 9762308
1655660566729301878 9909303
1655660566942699191 12203827
1655660567168412922 24423483
1655660567379972499 10048981
1655660567590867183 9170093
1655660567804630865 12392496
1655660568016338812 10254114
1655660568229431795 10750068
1655660568444229198 12608151
1655660568683994053 38557004
1655660568918837291 21105977
1655660569131631785 12010006
1655660569345649387 11919856
1655660569559039745 11619653
1655660569771792419 11775688
1655660569989121739 15328601
1655660570206056787 15350373
1655660570420842869 13723497
1655660570644745456 19237139
1655660570858362164 11828498
1655660571070566261 11357229
1655660571291189114 16679642
1655660571509603562 17180659
1655660571724663868 13351599
1655660571938550755 11867019
1655660572151418089 10885554
1655660572363866644 10170977
1655660572578646068 12979698
1655660572794977060 14247657
1655660573009324267 11602464
1655660573226506094 13776165
1655660573438887245 10927033
1655660573651168556 10837888
1655660573864490234 11937865
1655660574078573799 12814092
1655660574294573413 14840911
1655660574512276081 15568968
1655660574726655093 12837068
1655660574941936180 14163968
1655660575154671547 11117211
1655660575367680957 11843451
1655660575579387348 10730098
1655660575793773384 13112466
1655660576008366064 9799412
1655660576219909787 10225756
1655660576433216170 11523008
1655660576644866915 10247384
1655660576859414633 12009952
1655660577075577012 14162403
1655660577295383259 17378644
1655660577508907729 11630539
1655660577721963244 11834712
1655660577937167531 13815834
1655660578149126965 10788363
1655660578364470782 13285473
1655660578577062194 11407036
1655660578798424888 20044913
1655660579013686231 13333377
1655660579232773318 16060444
1655660579446021941 12016596
1655660579667460486 19789348
1655660579889322992 20736977
1655660580102839391 12090722
1655660580318445269 12754524
1655660580532361136 12651138
1655660580749991201 16570117
1655660580967190240 15514598
1655660581180763689 12684781
1655660581391282830 9883235
1655660581601127896 8418181
1655660581813369114 10965800
1655660582029191523 13630879
1655660582246010828 14384512
1655660582466616465 18829889
1655660582696473369 29058455
1655660582911627844 14083439
1655660583121055796 8658325
1655660583342110000 19575477
1655660583553661261 10221307
1655660583766534443 11595341
1655660583982187820 14469066
1655660584196233029 13042839
1655660584409828748 12279911
1655660584623611089 12617973
1655660584836549927 11842217
1655660585047352947 9686549
1655660585259608793 11219540
1655660585475482682 14754033
1655660585695454442 18744725
1655660585906044029 9666643
1655660586120059789 11550048
1655660586333467317 12261428
1655660586547676620 12715591
1655660586755621520 7063635
1655660586969668369 13023681
1655660587186751474 15027228
1655660587401140336 12415315
1655660587616243935 11766334
1655660587829097412 11045246
1655660588043415821 13248114
1655660588255531897 11003091
1655660588470657474 13721065
1655660588683246589 11693683
1655660588895234464 10908958
1655660589109119921 12515596
1655660589328661518 16213014
1655660589539307580 9880631
1655660589753574927 13133804
1655660589968410439 13657006
1655660590182916722 13267354
1655660590397993831 13921281
1655660590612414699 12666797
1655660590826029017 12414897
1655660591038692362 11317159
1655660591251179393 11497716
1655660591463922649 11330678
1655660591680367258 14821185
1655660591898089085 16398598
1655660592108861838 9492518
1655660592323543332 13185134
1655660592535903805 10947587
1655660592747565762 10780177
1655660592960961093 12568719
1655660593172970709 10929743
1655660593390977483 17139934
1655660593605088034 12173617
1655660593819184424 12983760
1655660594035171994 14441924
1655660594250953752 10929951
1655660594465665754 13155377
1655660594676132298 9700411
1655660594891327475 13199102
1655660595108549313 14899488
1655660595325449725 15282467
1655660595544155765 14684838
1655660595758576490 12122011
1655660595972201415 12459176
1655660596186848137 13126857
1655660596401767612 12434800
1655660596616080711 12608170
1655660596828774716 11423435
1655660597042633906 12645582
1655660597259977675 15265495
1655660597468774090 7369856
1655660597679713460 10332079
1655660597895804767 14412307
1655660598110438273 13605079
1655660598323313270 11908765
1655660598536755868 12133238
1655660598747621737 9850791
1655660598964208447 15496940
1655660599180614521 15262911
1655660599390795632 9014346
1655660599609107450 17030854
1655660599829126849 17445675
1655660600041666934 11290659
1655660600258722112 14030579
1655660600471598044 10875494
1655660600682592407 8878972
1655660600896186486 12017242
1655660601111095353 12419260
1655660601325025062 11362226
1655660601535724094 8683686
1655660601747926644 8969825
1655660601958909932 8796416
1655660602174099406 12499345
1655660602386563856 10233920
1655660602599653398 10140015
1655660602812426998 10755416
1655660603026673606 12137840
1655660603241594838 13933072
1655660603458202993 15473541
1655660603672280028 12904410
1655660603888193996 14707358
1655660604104075596 14530725
1655660604322687379 17001598
1655660604537653488 13732298
1655660604752176082 12622460
1655660604965635907 12635864
1655660605179700349 13235943
1655660605395392873 14079304
1655660605610311419 13837053
1655660605825365911 13942035
1655660606038724752 12074411
1655660606249940898 10185235
1655660606464207160 13351809
1655660606676598567 11497761
1655660606888490680 11099998
1655660607101318193 11950071
1655660607314978908 12831830
1655660607528399349 12422886
1655660607741374010 11969161
1655660607955607528 12851720
1655660608166924494 10419413
1655660608378891233 10846700
1655660608592846110 12923490
1655660608806486808 12670620
1655660609026271037 18634894
1655660609268017615 40381732
1655660609478571221 9582614
1655660609687533101 8046591
1655660609895637615 7222636
1655660610104804215 8045496
1655660610313496108 7553178
1655660610523052256 8647903
1655660610732913220 8954538
1655660610949710165 15398874
1655660611165379480 13690894
1655660611377755620 11071237
1655660611593904327 15246576
1655660611807541855 12702006
1655660612020552705 12148343
1655660612234184442 12685901
1655660612443577091 8197409
1655660612691479180 46901410
1655660612908420625 16033103
1655660613118235564 8847146
1655660613333722826 14369174
1655660613547173975 12456124
1655660613760445035 12461771
1655660613974640252 13394511
1655660614188394853 12960652
1655660614405071308 15719198
1655660614616734023 10875698
1655660614829671038 12125664
1655660615043030806 12613921
1655660615255408541 11430554
1655660615475820371 19601913
1655660615688144435 11489170
1655660615900938610 11780407
1655660616113784087 11932639
1655660616326291668 11161859
1655660616537174714 10038687
1655660616747196108 9212264
1655660616959119004 11148864
1655660617184542049 23730911
1655660617400789185 14105067
1655660617614506160 12560774
1655660617826628162 11333740
1655660618041272954 13555640
1655660618254223375 12109211
1655660618467220514 11405401
1655660618679411045 10656774
1655660618895226115 14400042
1655660619108798331 12748289
1655660619321685761 11903235
1655660619536715052 13355370
1655660619769445740 30914325
1655660619984014931 12220535
1655660620199671709 13821989
1655660620411962127 11318550
1655660620622429294 9148721
1655660620836498175 13124249
1655660621080009356 11238154
1655660621291107496 10296558
1655660621500431438 7957781
1655660621709583858 8235002
1655660621928737007 18046052
1655660622145620224 14124890
1655660622361922165 13235486
1655660622582533498 17961238
1655660622802009893 18636368
1655660623013282982 10465242
1655660623241498534 25063952
1655660623469172755 26064322
1655660623686455253 14135495
1655660623905146347 17778016
1655660624117365767 10621441
1655660624332461102 14110096
1655660624550942586 17228146
1655660624789614444 37709484
1655660625005677436 15273854
1655660625217653187 11188719
1655660625430603916 10275769
1655660625643341246 11252864
1655660625852697142 7860629
1655660626083625674 13878744
1655660626297141352 10815466
1655660626511192048 12898623
1655660626732091093 19623991
1655660626947775392 11517466
1655660627158775879 9783102
1655660627388401639 19938395
1655660627599345267 9807822
1655660627809822391 9590722
1655660628023802941 12453805
1655660628234612838 9845689
1655660628443573278 8115463
1655660628655025534 9915181
1655660628885501789 17039581
1655660629105549391 18901199
1655660629323782580 14927818
1655660629548938035 23525103
1655660629764660452 14265039
1655660629974582854 9174311
1655660630187142923 11285660
1655660630402520754 13667356
1655660630616693417 12346486
1655660630831069118 13623577
1655660631042741408 10758996
1655660631261362945 17546216
1655660631479184951 15671614
1655660631692356779 12279450
1655660631910660918 16752914
1655660632124817140 13096310
1655660632335677448 9931094
1655660632545440772 8985376
1655660632754264193 8017218
1655660632962804679 7601190
1655660633176599474 12736177
1655660633394392936 17008462
1655660633614548762 19183730
1655660633829374087 13554505
1655660634042699029 11880868
1655660634260435376 16712745
1655660634474470978 12829681
1655660634688487976 13007689
1655660634907008433 16584118
1655660635127001404 19108094
1655660635347097264 17633520
1655660635565377970 17382180
1655660635778300853 11940761
1655660635989116261 9357938
1655660636211028723 20381708
1655660636422627902 10779622
1655660636634620923 10920643
1655660636844201487 8188191
1655660637054076352 9079084
1655660637266072572 10891591
1655660637478290075 10277518
1655660637692291863 12589264
1655660637906269464 12761309
1655660638119801118 12104673
1655660638333036911 12074699
1655660638547383091 13317892
1655660638759474630 11162468
1655660638971888694 11167458
1655660639187008772 14115932
1655660639407092973 18893929
1655660639617714169 9409144
1655660639833427899 14411789
1655660640045062037 10489191
1655660640258364257 10937123
1655660640472545036 11956997
1655660640686420090 10695010
1655660640898960239 11527231
1655660641111248034 11160636
1655660641323130207 10615832
1655660641539523901 14267244
1655660641752246082 10814468
1655660641965406112 11954769
1655660642179638888 11151693
1655660642392496613 11864722
1655660642604763520 10992256
1655660642817548088 11820549
1655660643033948061 15001363
1655660643254375341 16338477
1655660643468679961 11379318
1655660643697054260 21691649
1655660643914376603 15776450
1655660644129308460 13680421
1655660644349080975 16052144
1655660644562411259 11763857
1655660644778042475 13637335
1655660644990569095 10364704
1655660645210200549 16547739
1655660645427600905 14562286
1655660645646495746 17442092
1655660645860433031 12718134
1655660646073653968 11457040
1655660646283674726 8145219
1655660646493785647 9001313
1655660646712262072 17584413
1655660646932692034 10279551
1655660647151910529 17473784
1655660647365155308 11069601
1655660647578673895 11915287
1655660647792919490 13001515
1655660648004374587 10027414
1655660648214575038 9191010
1655660648432109999 16635994
1655660648644303973 10729282
1655660648866910859 21247906
1655660649083622452 13647756
1655660649305920274 20627009
1655660649527863572 20084481
1655660649742259587 13180389
1655660649958046319 13311378
1655660650173757204 13122133
1655660650387273951 12150517
1655660650605086106 16353150
1655660650833078554 24851848
1655660651049032194 14536024
1655660651259662031 9026825
1655660651468591591 8193012
1655660651678658043 9025008
1655660651901691943 22295300
1655660652112199685 9700316
1655660652323837471 10909074
1655660652535860622 10260007
1655660652748116717 10026053
1655660652962347350 12575068