88035324983270 93361315
88036749218845 33475112
88038118867961 111529407
88038617508390 92174199
88039903109355 180347820
88041012730341 291954396
88041500748517 200574697
88041804912565 94448988
88043207899484 86703581
88043717854604 290677529
88045128718144 13737190
88045419953389 19759870
88047109836151 109559660
88047709720900 292801068
88048111293716 108276417
88048611934016 102068713
88050119906656 192617256
88050809711046 485888090
88051200853029 94108298
88051511461166 104282132
88053112020938 187172142
88054600855123 100524172
88055801784589 201508794
88056501063784 80628581
88056916371584 199266929
88058614449533 105732338
88058920744925 103879342
88059315682992 15479868
88060503909760 194656061
88060924612996 122857516
88062326683169 108800753
88063011157117 291693884
88064021044339 102962824
88064304289246 77316577
88066300980462 96379863
88067821294442 99494848
88068300959625 185995364
88068814538912 112064418
88069927597323 198991639
88070224882240 24481298
88071206840389 94853376
88071424125102 14853876
88071721177624 15757080
88072113012999 92157143
88073819692066 107171703
88074123846143 16896884
88074620642641 17359083
88075010289853 182967928
88076308623819 291514001
88077418429975 213803444
88077814261523 193612596
88078120711704 10248064
88078402525394 80227153
88079501026088 177866853
88079815901393 14742049
88081027144702 221855027
88082525495054 118657442
88082812314142 12134424
88083300890416 285256000
88085006247887 206036030
88085500775346 92712387
88085829887927 102695388
88087314955322 214660674
88088601149192 99040480
88090001294570 288178538
88091014920205 94004710
88091321766227 104472766
88092605883344 83028121
88094007691710 88066003
88095407729594 107406879
88095905871077 198992502
88098112408217 386734955
88099616025816 198344081
88099917022722 95181361
88101402006079 189189800
88102600764205 294140551
88104326060071 217706244
88105510886738 94743079
88105901964242 175918372
88106127041224 18804807
88107500942015 94546979
88109122990138 214533327
88109726960206 14501549
88110024153086 19884552
88112008856572 108568243
88112416799029 115949825
88114001216984 194962878
88114606543394 184282795
88116600864918 578985778
88117220393712 215445450
88117613713253 108409045
88118005863760 92322794
88119007184362 306827074
88119408017160 88837671
88120014388433 195607275
88121114410500 87537165
88121423876427 22209624
88123108445677 96184862
88124702824438 175120801
88125018348329 90542726
