88564708328502 1687742608
88565507781773 491469604
88566724481713 218351351
88567419871033 418186335
88568924924972 208630507
88569613315289 13078480
88570007815179 192007648
88571419812370 503467555
88575621614987 1019624818
88576311574635 395852751
88581214996024 1309112240
88581900898703 290335333
88585213327858 508675087
88590317417896 117198141
88593717416824 2817239951
88596708812090 2608620235
88598326287349 101304846
88600600838155 184223287
88601037774327 221735930
88606006232916 506013675
88607306043005 105691245
88611023806512 1012082870
88615906167282 184818050
88619303041022 994472200
88623718493346 12280821
88628112711510 399175600
88633401272346 1080457421
88634601422018 194120771
88639205806650 304743154
88639705964894 294662302
88644619130614 615139879
88649010235398 197817586
88649606859182 200379082
88653516773663 104562857
