1619643988048004524 3075
1619643988071093838 4037
1619643988077646484 4466
1619643988191665301 2647
1619643988208947240 3954
1619643988241893825 3147
1619643988342964696 3683
1619643988354961416 4170
1619643988403607503 2910
1619643988409330624 3662
1619643988594429837 3471
1619643988640399684 3723
1619643988752883245 3226
1619643988845658415 2585
1619643988867359035 2555
1619643989016342018 3332
1619643989118637948 4052
1619643989355230032 3933
1619643990206145091 2856
1619643990231453455 4553
1619643990308256538 3483
1619643990440506601 3323
1619643990460713227 3581
1619643990677120747 3133
1619643990714777643 3725
1619643991027322563 3436
1619643991171510405 4130
1619643991237292329 3328
1619643991296100095 3611
1619643991816917399 3611
1619643991838201139 3190
1619643991953702100 3873
1619643991993505716 2410
1619643992057324702 3975
1619643992177097816 4315
1619643992227645664 3669
1619643992252151150 3490
1619643992382087317 4442
1619643992409671279 3307
1619643992500872272 3696
1619643992611327466 3255
1619643992681294156 3762
1619643992820888608 3765
1619643992967798089 2742
1619643993096497451 3444
1619643993324016534 2624
1619643993387952655 4924
1619643993393801287 3775
1619643993416856065 3953
1619643993531904622 4244
1619643993550169600 4506
1619643993577293536 3916
1619643993844600179 3332
1619643993920526599 3460
1619643993941279094 4397
1619643994023829930 3008
1619643994169556724 4106
1619643994211074411 3224
1619643994319035508 2915
1619643994414485053 3213
1619643994588383717 4033
1619643994687740000 3679
1619643994769453899 4029
1619643994823711404 3104
1619643994836262740 3655
1619643994885353496 2600
1619643995101908463 6187
1619643995396020895 5146
1619643995679229381 2166
1619643995731754374 3151
1619643995812465974 3644
1619643995863062646 4024
1619643996022249706 2338
1619643996199117035 3415
1619643996231529447 4307
1619643996325794193 3504
1619643996429200569 3148
1619643996634781054 3110
1619643996668983476 3675
1619643996776598088 3489
1619643997025498096 3361
1619643997148499189 5732
1619643997339172358 3349
1619643997473582914 3978
1619643997567642948 3611
1619643997649858598 4018
1619643997669333233 3719
1619643997742008747 4321
1619643997961472833 3869
1619643998214230536 3911
1619643998225793696 3508
1619643998308119048 5174
1619643998395884296 3988
1619643998431665177 3897
1619643998455628541 3551
1619643998552909726 2584
1619643998620138194 3404
1619643998847288042 5959
1619643998858102165 3384
1619643998881404888 3831
1619643998939117278 3422
1619643999006645261 3409
1619643999024467102 3362
1619643999119337316 3776
1619643999183004872 4618
1619643999259731457 3733
1619643999386249559 3356
1619643999696801193 7561
1619643999724179195 3666
1619643999735604012 4178
1619643999836292600 3382
1619644000125654322 3664
1619644000277105072 3369
1619644000892858136 3706
1619644001226048528 3581
1619644001252799387 3876
1619644001264806385 3654
1619644001303957075 4242
1619644001384290540 4525
1619644001550605260 4036
1619644001752387699 3550
1619644001786383586 3482
1619644001791913527 3443
1619644001813814455 3257
1619644001962526566 3331
1619644002063018017 2120
1619644002246938649 3592
1619644002330747010 3785
1619644002585567227 2991
1619644003001263190 3450
1619644003024330435 7612
1619644003323330820 4014
1619644003362519206 4115
1619644003485076819 3837
1619644003494721411 7575
1619644003650662839 3706
1619644003761721976 3845
1619644003767309717 3525
1619644003811021769 2186
1619644004193095389 3444
1619644004322507322 4102
1619644004328940100 4363
1619644004604704546 3353
1619644004681034998 3428
1619644004907079289 4283
1619644004956416219 3527
1619644005643426730 3680
1619644005728754128 3439
1619644005757332150 4106
1619644005775199640 3295
1619644005909681355 2926
1619644006240335448 3936
1619644006485811642 3276
1619644006725339415 3923
1619644006851049300 3731
1619644006856204636 3083
1619644007204342965 3723
1619644007476220919 3709
1619644007523923870 3197
1619644007550687480 2734
1619644007807683287 3797
1619644007924738670 3735
1619644007970038065 3573
1619644008216344922 4403
1619644008250854467 2945
1619644008390485949 3351
1619644008421678857 3266
1619644008590127622 5034
1619644008636006884 3033
1619644008904762888 3757
1619644009101992545 4156
1619644009131821518 3759
1619644009348265457 1810
1619644009371044003 3471
1619644009490798258 4285
1619644009501496178 2948
1619644009539638920 3901
1619644009590177491 4248
1619644009713144221 2616
1619644009761137673 2967
1619644009840137421 3658
1619644009885195971 2576
1619644009920722699 3804
1619644010127589453 3871
1619644010672491482 3517
1619644011082110600 3301
1619644011318310933 3892
1619644011374976407 2492
1619644011649573611 2536
1619644011688413082 3582
1619644012002717201 3225
1619644012149988635 4861
1619644012162146977 4107
1619644012234911858 5751
1619644012438923272 4556
1619644012537597556 3786
1619644012550442623 3554
1619644012677228483 3533
1619644012737839987 3067
1619644012821822219 4542
1619644013018149617 3649
1619644013029369959 3963
1619644013087355507 3748
1619644013188664086 3667
1619644013402566066 2734
1619644013541527542 2609
1619644013572497800 7535
1619644013706461564 3922
1619644013724387359 3384
1619644013769807159 3615
1619644013889102189 3589
1619644013958747508 4284
1619644013981462167 3475
1619644014088342075 3661
1619644014327436806 3511
1619644014595927838 3704
1619644014759032653 3190
1619644015150945360 3529
1619644015474426946 4314
1619644015480059439 3594
1619644015491720926 3716
1619644015557384734 3552
1619644015695351965 3850
1619644015794450978 2971
1619644016458975184 3965
1619644016503090561 3666
1619644016609331326 3108
1619644016992436965 3347
1619644017150180399 3914
1619644017440768648 3382
1619644017498945003 3414
1619644017545489519 3143
1619644017666059505 3311
1619644017685563090 2369
1619644018128652907 3738
1619644018235422037 3486
1619644018303184364 3641
1619644018449395076 2125
1619644018561101359 3521
1619644018805611173 4117
1619644018816833410 3264
1619644018988844427 2617
1619644019138895654 7618
1619644019247268479 4246
1619644019367396058 5233
1619644019385731632 3362
1619644019396985789 3182
1619644019420657978 3628
1619644019488104393 3872
1619644019758442651 3563
1619644019770542405 4549
1619644020030974321 3599
1619644020077463931 3878
1619644020154953232 3817
1619644020266957551 3008
1619644020279637925 3812
1619644020372782844 3808
1619644020592995292 4036
1619644020617599955 4468
1619644020622480449 2778
1619644020724181901 4031
1619644020872538852 5322
1619644020888912141 2133
1619644020971143553 4858
1619644021127140738 4420
1619644021269469981 3200
1619644021281177981 3602
1619644021636382813 4111
1619644021819935591 3443
1619644021974821857 3877
1619644022063900471 3455
1619644022090775667 2938
1619644022102208233 4312
1619644022361928536 3566
1619644022478064572 3172
1619644022535960154 3653
1619644022674930067 3801
1619644022885817220 3990
1619644022908855669 3234
1619644023060224988 5817
1619644023101212995 3627
1619644023106817884 3549
1619644023198101765 4315
1619644023214118466 3562
1619644023341361164 4296
1619644023364520638 3681
1619644023379445829 2295
1619644023409543207 3199
1619644023480663847 4037
1619644023819765564 3256
1619644023918812220 5455
1619644024129171289 3562
1619644024273648433 4159
1619644024439352740 3379
1619644024445629512 4107
1619644024618515297 3385
1619644024657655485 2783
1619644024727481819 2893
1619644025106516909 3940
1619644025261553113 3814
1619644025333482278 3246
1619644025449977645 3806
1619644025599692235 4283
1619644025931694151 3577
1619644026082740683 3237
1619644026190628779 3880
1619644026552395955 3597
1619644026600266282 8241
1619644026634682043 2695
1619644026650502074 4129
1619644026775472130 3939
1619644026862371617 3806
1619644026962823652 4672
1619644027115765307 3737
1619644027159669017 3607
1619644027558726129 4869
1619644027712278861 4517
1619644027764110649 3966
1619644027799235847 3108
1619644028191629084 3876
1619644028198531978 4846
1619644028554319167 3497
1619644028627845515 4015
1619644028733688659 3140
1619644028940510078 2253
1619644029241068789 9467
1619644029246602381 3360
1619644029274585201 3320
1619644029280458581 3825
1619644029319622156 3496
1619644029375196022 3637
1619644029792869948 3526
1619644030218896975 4286
1619644030489687711 7672
1619644030977195830 3415
1619644031243558621 3716
1619644031314180662 4008
1619644031418255379 3868
1619644031490201332 3790
1619644031575583451 3979
1619644032215969002 3929
1619644032524437900 2013
1619644032558971230 3166
1619644032782552376 3390
1619644032873866273 4401
1619644032925726030 4547
1619644033022975545 3828
1619644033495347525 4447
1619644033506409150 3487
1619644033512654046 4163
1619644033523637578 3135
1619644033623731467 3211
1619644033880480727 4322
1619644034105741726 4056
1619644034317156301 4593
1619644034456900366 4141
1619644034635388479 6316
1619644034657403465 2967
1619644034956915320 3297
1619644035000414994 3333
1619644035123042844 3803
1619644035175661318 2379
1619644035379918386 5729
1619644035453661023 3424
1619644035547379440 3701
1619644035640099807 3919
1619644035665213657 3527
1619644035756354301 6251
1619644035997805728 4044
1619644036020961061 3276
1619644036045015934 3314
1619644036057049102 3960
1619644036128892571 3015
1619644036134864395 3871
1619644036145470075 2813
1619644036170015897 3815
1619644036437246334 3256
1619644036449497136 3634
1619644036553573855 2686
1619644036608927734 4022
1619644036655889494 2885
1619644036683153711 3765
1619644036707149236 4253
1619644036885107108 4454
1619644036892152119 4931
1619644036908465219 2448
1619644036989309078 3312
1619644036995066849 3689
1619644037006588985 4150
1619644037117078222 3439
1619644037191032737 3704
1619644037241555376 3435
1619644037576961462 2873
1619644037625836353 3834
1619644037861041570 4060
1619644037877340069 2688
1619644037992468268 4567
1619644038333475455 3527
1619644038633709348 4123
1619644038727323866 3878
1619644038844740919 2998
1619644039322840992 3975
1619644039364826649 3957
1619644039543732410 2385
1619644039690190951 3445
1619644039859653058 3578
1619644039884042283 4006
1619644039949829557 3014
1619644039993415414 4454
1619644040014688689 4047
1619644040047016237 3083
1619644040052671583 3592
1619644040057998244 3279
1619644040180533948 3779
1619644040331093658 2528
1619644040468238522 3358
1619644040533562973 5102
1619644040541234348 5566
1619644040596262062 3313
1619644040734967210 3934
1619644040913744780 3102
1619644040981791398 4587
1619644041045751176 2329
1619644041167819906 3553
1619644041377469614 3386
1619644041418472821 3216
1619644041439183271 3520
1619644041501868651 4319
1619644041610524296 2118
1619644041627965058 3592
1619644041703190574 2172
1619644041866242535 4546
1619644041886630900 3737
1619644041954627036 3585
1619644042080243660 3940
1619644042085015935 2670
1619644042144502226 4840
1619644042422449751 3771
1619644042463925050 4069
1619644042602817400 4312
1619644042816741533 4817
1619644042854747584 3642
1619644042930143383 4082
1619644042984709652 4267
1619644043196136848 4318
1619644043371859164 2425
1619644043503819617 4617
1619644043509451009 3493
1619644043554076347 3449
1619644043577607630 3432
1619644043613389996 4881
1619644043885129642 4043
1619644044445486563 2364
1619644044526812434 3945
1619644044550278556 5187
1619644044784975457 4634
1619644044942712220 3825
1619644045002985334 3890
1619644045056013848 3389
1619644045124570577 7527
1619644045168818797 2714
1619644045298438249 3328
1619644045320853573 3934
1619644045374468796 4671
1619644045385889208 3751
1619644045676292211 2655
1619644045822001917 6077
1619644045909336678 3164
1619644046006793202 3298
1619644046125459011 4507
1619644046189561017 3262
1619644046464831464 4336
1619644046470626295 3760
1619644046605337350 3784
1619644046908536224 3836
1619644047145709458 3445
1619644047183787622 3174
1619644047218369105 4922
1619644047268642430 2313
1619644047384750735 3598
1619644047614567050 3827
1619644047660454078 3432
1619644047699995395 3275
1619644047760987113 3525
