1619645883621596083 4283
1619645883905611224 3479
1619645884314919343 4305
1619645884488874016 4454
1619645884508562632 3243
1619645884533276979 4759
1619645884606158232 3997
1619645884740988570 4549
1619645884755694641 3643
1619645884779839512 3962
1619645884937449314 3910
1619645884959778860 4024
1619645884965857350 4040
1619645885181884112 3691
1619645885220521042 3497
1619645885234302572 4666
1619645885266876044 3598
1619645885486093550 4647
1619645885505724373 6433
1619645886026799045 4168
1619645886050855090 3788
1619645886090035919 4148
1619645886096296556 4210
1619645886378592707 4212
1619645886928784586 3127
1619645886961616333 3748
1619645887042465934 4118
1619645887048300427 3691
1619645887098767287 3879
1619645887115080667 2611
1619645887304651820 4799
1619645887357363824 2959
1619645887389500610 3548
1619645887485047189 4570
1619645887505046987 12333
1619645887623438257 3434
1619645887679586253 4607
1619645887780610758 3888
1619645887810281346 5208
1619645887816107295 3702
1619645888165275062 3921
1619645888222313872 4183
1619645888252707029 4213
1619645888388157894 4028
1619645888446802094 3951
1619645888524728851 3521
1619645888792418869 3334
1619645888910025907 4540
1619645888915861495 3618
1619645888999950880 3988
1619645889271734694 3824
1619645889439343921 4467
1619645889733798018 3374
1619645889804820780 3989
1619645890129297253 3965
1619645890142108464 4339
1619645890736721821 4067
1619645890847205479 4058
1619645890852472875 2981
1619645890944317225 5611
1619645891139212926 4794
1619645891333114048 5588
1619645891345772637 4124
1619645891360092016 3382
1619645891447032837 4182
1619645891776705797 4309
1619645892047442432 4091
1619645892196035944 5049
1619645892422264859 3727
1619645892496244385 3851
1619645892523979142 2834
1619645892567998934 4538
1619645892585484748 4029
1619645892687769392 2783
1619645892963734254 3883
1619645893346218303 3653
1619645893390488970 5389
1619645893408811859 4809
1619645893435147992 2982
1619645893449852472 3313
1619645893588114540 4054
1619645893687905423 3479
1619645893726140299 5425
1619645893774287997 4632
1619645893869361489 3435
1619645893981170947 3403
1619645894012274903 4294
1619645894168716629 3808
1619645894286670738 3606
1619645894513881967 3217
1619645894560246944 4488
1619645894584291036 4503
1619645894736348306 4382
1619645895057904274 3635
1619645895314603181 3260
1619645895470598016 6050
1619645895718148137 4730
1619645895736413083 3699
1619645896084438213 4499
1619645896156730912 5559
1619645896177295100 5734
1619645896191624735 2902
1619645896295200763 4887
1619645896481654470 4049
1619645896618052821 3522
1619645896641948070 3651
1619645896721432720 4298
1619645897083523824 4025
1619645897127708886 3550
1619645897236064592 4251
1619645897596332315 4091
1619645897793323093 3236
1619645898170638877 3763
1619645898270574561 4603
1619645898306685086 4107
1619645898355114762 5075
1619645898520096688 3740
1619645898603549342 6244
1619645898608868108 3215
1619645898670115740 3820
1619645898783873550 3689
1619645898888327193 6047
1619645898910538102 3776
1619645898984457746 4414
1619645899104287649 4300
1619645899117615703 3912
1619645899353687459 4808
1619645899523102984 5769
1619645899731143067 3490
1619645899846357826 4308
1619645899874577555 3545
1619645900140068923 4302
1619645900393989408 4983
1619645900471190370 3296
1619645900612096405 4197
1619645900629731074 2978
1619645900647026199 4387
1619645900674403748 4421
1619645900693485101 3890
1619645900865292198 4510
1619645901042550981 3975
1619645901106008626 4230
1619645901420051460 4057
1619645901572879002 4663
1619645901756514602 4997
1619645901787934275 3101
1619645901969436003 3773
1619645901987920825 4077
1619645902248595092 4161
1619645902334965529 4144
1619645902639142816 4129
1619645902825159566 4125
1619645902859095792 5763
1619645902894978671 3551
1619645903070049462 4298
1619645903197300076 4261
1619645903382384726 6530
1619645903523956498 3994
1619645903688170977 4786
1619645903763163547 4017
1619645903944779262 3962
1619645903961161439 3586
1619645904007397294 5040
1619645904183464353 3627
1619645904300539129 5064
1619645904356731399 2873
1619645904584017148 4725
1619645904637215759 4327
1619645904789252050 4229
1619645904897806845 4210
1619645905003801496 3446
1619645905016797664 4039
1619645905227616256 4040
1619645905310896422 4742
1619645905462183228 3876
1619645905534507729 7454
1619645905616569648 3218
1619645905646762215 4935
1619645905776838184 4118
1619645905818211437 3923
1619645905843179325 4236
1619645905998603275 1992
1619645906050478712 5603
1619645906056506898 3930
1619645906100202399 4033
1619645906384252495 2888
1619645906445938492 3211
1619645906562503974 3990
1619645906949488755 4709
1619645907070592249 2467
1619645907100392890 4101
1619645907144898245 4515
1619645907180985383 3374
1619645907193672148 4535
1619645907318519216 4285
1619645907429101850 3456
1619645907762761081 3950
1619645907781853904 5949
1619645907917990583 4103
1619645908055207458 4703
1619645908113474085 4621
1619645908195178806 5252
1619645908315630773 4300
1619645908394931557 3677
1619645908657414245 3669
1619645908758044752 4419
1619645908859501184 4265
1619645908929617622 5076
1619645909049417210 4722
1619645909054816478 3262
1619645909464899257 3965
1619645909539386388 6349
1619645909680322874 3794
1619645909844398733 5026
1619645909879576994 4370
1619645909971358059 4714
1619645910019712946 3783
1619645910189898869 3967
1619645910254869788 4662
1619645910280757774 3725
1619645910340271258 6193
1619645910531328520 4448
1619645910626961513 4604
1619645911003873131 4810
1619645911063317728 4552
1619645911098318177 3420
1619645911397489336 2399
1619645911603075932 5856
1619645911673542723 4505
1619645911793112523 4132
1619645911805655830 3156
1619645911812199630 3810
1619645911954913057 7065
1619645912046806771 3630
1619645912108301654 4491
1619645912266692510 4165
1619645912319870080 5113
1619645912872889721 2915
1619645913015076168 3300
1619645913111471576 2587
1619645913123498768 3884
1619645913321207457 4011
1619645913583698408 3645
1619645913633013668 4016
1619645913653951039 3796
1619645914031528839 3069
1619645914119942242 4413
1619645914371872191 3333
1619645914437608482 3837
1619645914444807350 5107
1619645914600239083 4032
1619645914746080652 3591
1619645914765294751 4542
1619645914889067611 3393
1619645914973733173 4286
1619645915114538038 3127
1619645915161372310 4812
1619645915258126244 3699
1619645915308501665 3547
1619645915387007557 3596
1619645915513812995 3465
1619645915556135374 3861
1619645915615237177 5055
1619645916041071653 4676
1619645916123301786 3834
1619645916234957207 5171
1619645916323736466 5811
1619645916329681793 3874
1619645916342096291 3793
1619645916426261861 2803
1619645916482445081 3598
1619645916540541325 3864
1619645916639698749 4041
1619645916806731698 3666
1619645916900360712 4612
1619645916919664442 4165
1619645917029935551 4842
1619645917197444863 3933
1619645917214681747 3671
1619645917259786803 3960
1619645917479603075 9141
1619645917561247717 3710
1619645917672385445 4055
1619645917818477525 3918
1619645918014879466 4280
1619645918332528472 4214
1619645918507442670 3090
1619645918633218988 5699
1619645918753639866 3756
1619645918778795318 3764
1619645918815164969 4261
1619645918827812835 3991
1619645919085927857 6245
1619645919229342570 3273
1619645919378441335 10738
1619645919439827217 4524
1619645919457363269 4268
1619645919568485890 4432
1619645920333191139 3528
1619645920410413708 3717
1619645920553355903 7368
1619645920572214205 10594
1619645920643845162 3963
1619645920715086723 4443
1619645920944060521 5989
1619645921259061844 4418
1619645921325260270 3764
1619645921715418846 2327
1619645921740557388 3881
1619645921769482013 4137
1619645921804441082 4367
1619645921921565354 4317
1619645922086766667 3778
1619645922314356883 3393
1619645922444584868 3084
1619645922930212020 3822
1619645923046182230 4069
1619645923094296793 4285
1619645923125771263 4009
1619645923282703231 3712
1619645923534032811 3920
1619645923746146611 6137
1619645923924774709 5155
1619645923948686678 3580
1619645923991456623 4590
1619645924003831622 4232
1619645924233512143 4910
1619645924299637650 8465
1619645924335525682 4156
1619645924590868426 4253
1619645924661713707 3411
1619645924667655060 3903
1619645924751456884 5363
1619645924861635764 6675
1619645925095995537 4390
1619645925120666841 3790
1619645925182346198 3598
1619645925285604917 4045
1619645925331334322 3278
1619645925461312539 3762
1619645925486998192 4026
1619645925505316920 3991
1619645925953390741 3546
1619645926262669323 4545
1619645926310376774 4024
1619645926395133351 4240
1619645926570901790 3935
1619645926595745946 3758
1619645926702665384 3668
1619645926721015605 3623
1619645926823464107 3086
1619645926893090791 4102
1619645927003031890 6566
1619645927065665807 4548
1619645927108848007 4476
1619645927347690682 6225
1619645927372438368 3700
1619645927402589900 5471
1619645927672750421 4111
1619645927696244796 2409
1619645927837851882 4259
1619645927906465759 4562
1619645928049339024 4159
1619645928101820306 3957
1619645928214972922 3852
1619645928266556062 4820
1619645928430575833 4360
1619645929076722994 3918
1619645929123535978 3999
1619645929223281656 4529
1619645929400200193 9303
1619645929481007567 4321
1619645929585882108 4481
1619645929711350098 4111
1619645929728371234 3489
1619645929754919778 3921
1619645929816971387 4298
1619645930041484792 4133
1619645930090193172 6264
1619645930219087617 3814
1619645930373916925 3897
1619645930602510779 4250
1619645930648772941 3665
1619645930676659119 3834
1619645930727727506 4280
1619645930917987850 4163
1619645931410185399 3669
1619645931510890270 5312
1619645931529517446 4728
1619645931586126647 4001
1619645931592270643 3915
1619645931740114869 6296
1619645931988360080 4062
1619645932069511363 3972
1619645932075588068 4019
1619645932305934924 4214
1619645932414881758 4700
1619645932754479659 4174
1619645932812886004 3790
1619645932933903092 4094
1619645933046161418 4212
1619645933106495404 4468
1619645933189637831 3372
1619645933231437786 4130
1619645933517566847 4171
1619645933583836506 4589
1619645933600806476 3776
1619645933607230571 4349
1619645933667228334 5599
1619645933691323955 4227
1619645933755100888 3920
1619645933766115480 3416
1619645933807076691 4844
1619645933892587880 4246
1619645934373059109 3926
1619645934385212516 3138
1619645934404217264 3734
1619645934423307077 4161
1619645934440628041 8559
1619645934608065998 3700
1619645934620729753 4168
1619645934686102569 4043
1619645935055663821 4079
1619645935457490361 3876
1619645935540435885 3373
1619645935562243089 5537
1619645935791077082 4156
1619645936333791400 4410
1619645936565691920 5152
1619645936689819840 5127
1619645936695099407 3138
1619645936775429777 4211
1619645937038915288 3719
1619645937202162058 3620
1619645937279476804 3780
1619645937380170505 3427
1619645937662409130 5210
1619645937686639967 2995
1619645937825921030 4546
1619645937916295350 3137
1619645938130051584 4341
1619645938141397373 3267
1619645938210014003 3546
1619645938278410470 9618
1619645938400758385 3426
1619645938492011250 3176
1619645938548561127 4977
1619645938588374191 4458
1619645938594491700 4022
1619645938678669634 5431
1619645939042150564 3685
1619645939092326169 4039
1619645939111263729 4110
1619645939506536138 4389
1619645939574674797 3739
1619645939587714989 3816
1619645939628508760 2951
1619645939634414032 3865
1619645940281692907 3823
1619645940300594446 3768
1619645940629480975 5234
1619645940642077819 4058
1619645940648180585 3827
1619645940654297203 4063
1619645940674149781 4701
1619645940716880951 3608
1619645940877543958 4010
1619645940889429990 3910
1619645941178605032 5313
1619645941236294534 4041
1619645941242650454 4232
1619645941262184669 4077
1619645941615233919 3410
1619645941737849276 4248
1619645941760299968 5689
1619645942048164740 3391
1619645942202801329 8498
1619645942346060039 4112
1619645942382122826 3560
1619645942632989810 4875
1619645942773711533 4859
1619645942997394961 4613
1619645943042912622 4402
1619645943155100954 4503
1619645943253833782 3999
1619645943519646555 4059
