1619275205681561609 47
1619275205773799916 1525
1619275205926226495 1987
1619275206056338866 1658
1619275206119513829 2314
1619275206133542630 113
1619275206171647436 984
1619275206212649249 2964
1619275206233559926 2015
1619275206317363358 1517
1619275206368316583 1915
1619275206420170877 3017
1619275206578812256 2342
1619275206627114908 2456
1619275206872597964 2046
1619275207043659240 1663
1619275207127956536 3692
1619275207138934578 3681
1619275207142618408 1644
1619275207171961364 1182
1619275207304618908 1312
1619275207342755437 894
1619275207361405642 1740
1619275207408796203 1668
1619275207437945176 2138
1619275207458858857 5759
1619275207484280753 861
1619275207565517718 2085
1619275207573120101 1705
1619275207659233078 2270
1619275207715354922 2882
1619275207784440725 1500
1619275207929372379 2888
1619275208018859356 1869
1619275208098615128 2989
1619275208102550370 1817
1619275208152887295 2011
1619275208170951123 3307
1619275208290690834 2767
1619275208396400943 1615
1619275208463475540 1671
1619275208497955524 2878
1619275208546595517 1143
1619275208572688502 1759
1619275208618230187 986
1619275208657718766 2412
1619275208713675927 5209
1619275208774916953 3719
1619275208790658961 2488
1619275208953953477 2983
1619275209048355486 2132
1619275209116327310 2521
1619275209153769358 1782
1619275209179401146 1446
1619275209265254906 565
1619275209307465940 128
1619275209376699159 2335
1619275209404159140 4802
1619275209625273934 2671
1619275209729986377 1661
1619275209803791219 2997
1619275209856016142 1347
1619275209880128408 1690
1619275209983808520 1862
1619275210091279128 2931
1619275210141779083 1279
1619275210205320634 1562
1619275210325759699 2314
1619275210437183593 993
1619275210455187175 1797
1619275210642288618 1887
1619275210989397606 59
1619275211003292717 3252
1619275211114043248 2714
1619275211168896299 3967
1619275211326481957 2059
1619275211414398940 3026
1619275211609958548 4143
1619275211768177323 1831
1619275212103329920 1960
1619275212167430723 123
1619275212316092075 1710
1619275212515434677 1606
1619275212619619409 2801
1619275212661180424 4055
1619275212753004620 3712
1619275212923576967 1868
1619275212935719109 1881
1619275212939741401 1887
1619275212946795971 1573
1619275213029531481 4544
1619275213040816576 1598
1619275213097338697 2516
1619275213273135763 2043
1619275213320462840 1358
1619275213343331058 1940
1619275213736537786 889
1619275213951193178 2057
1619275214020934841 2333
1619275214267111712 2292
1619275214419214859 89
1619275214422538185 1225
1619275214644741371 2069
1619275214689795410 2567
1619275214789821481 3248
1619275215538610408 1793
1619275215595485418 2570
1619275215613052098 2313
1619275215756605739 2356
1619275215850584633 2712
1619275215855310613 2638
1619275216100172100 3514
1619275216195630005 2184
1619275216228749935 1360
1619275216435713290 3384
1619275216489332768 889
1619275216493512781 2140
1619275216546215063 1542
1619275216588119152 900
1619275216681026105 2036
1619275216727010310 3424
1619275216746646170 1807
1619275216959006371 2225
1619275216993489072 1121
1619275217088065513 1303
1619275217110410130 2143
1619275217241572894 1981
1619275217423335181 969
1619275217463204658 3264
1619275217465349331 54
1619275217620045914 93
1619275217689349708 3460
1619275217818767322 2187
1619275217946504529 4728
1619275218189652309 1571
1619275218198085252 2328
1619275218215708014 2966
1619275218363841628 1462
1619275218455290848 1057
1619275218585310075 2210
1619275218600829883 2500
1619275218658642062 827
1619275218781788078 3291
1619275218815645588 1180
1619275218842955186 2400
1619275218861661292 2685
1619275218865487582 1790
1619275218903528072 4137
1619275218916818753 2334
1619275218928609952 498
1619275219030451572 2032
1619275219156265164 1321
1619275219165113607 3261
1619275219336342221 1591
1619275219348221047 2000
1619275219382977192 2139
1619275219536750389 1998
1619275219650401709 41
1619275219685531447 56
1619275219733194253 1171
1619275219871185918 2261
1619275219981791558 2083
1619275220182435528 1129
1619275220261991258 1816
1619275220337148467 1136
1619275220435349243 2356
1619275220497107277 804
1619275220575189585 897
1619275220633938003 2031
1619275220670348995 2342
1619275220750592295 2535
1619275220937731431 45
1619275221047610517 2613
1619275221068320954 1509
1619275221218660866 354
1619275221227174522 6393
1619275221266579328 101
1619275221496837543 1271
1619275221636092176 3275
1619275221646610023 2412
1619275221732701061 1882
1619275222018060787 1690
1619275222059591822 1882
1619275222170631651 1280
1619275222237318498 50
1619275222388248457 3073
1619275222416988108 1113
1619275222509258384 2203
1619275222595019423 2726
1619275222623847792 8306
1619275222636453950 3174
1619275222676448575 1317
1619275222680951412 2410
1619275222859261427 1570
1619275222877937856 879
1619275222915514450 2179
1619275222967096153 91
1619275223044883403 2647
1619275223049647099 2701
1619275223135767130 3353
1619275223260786598 2784
1619275223298149344 2242
1619275223438625483 2026
1619275223537579685 1636
1619275223561465676 1424
1619275223596858125 3949
1619275223703339837 3447
1619275223726272560 2330
1619275223916330655 3756
1619275223973668224 1308
1619275224060344844 3198
1619275224073102617 4256
1619275224114332109 3567
1619275224200912032 2973
1619275224369440166 1345
1619275224421866946 1011
1619275224461392231 2528
1619275224482592021 2800
1619275224514766492 1498
1619275224561975340 56
1619275224628306769 1235
1619275224657232119 2361
1619275224672564582 1957
1619275224712021512 2279
1619275224744986554 1257
1619275224850001019 2979
1619275224886123086 2117
1619275225137003636 3159
1619275225394752589 3107
1619275225568463778 906
1619275225611684718 3347
1619275225654196489 42
1619275225779997945 3099
1619275226045889442 2089
1619275226069285703 65
1619275226152403702 2910
1619275226191868734 2490
1619275226302748614 1664
1619275226319304451 1416
1619275226343145944 67
1619275226461509947 2456
1619275226538324017 2139
1619275226672945104 4381
1619275226734432745 1641
1619275226830241946 2361
1619275226862363343 1341
1619275227226229942 1343
1619275227400529411 1748
1619275227524496628 2211
1619275227553121200 1595
1619275227807248532 3562
1619275227901884533 2508
1619275227906022758 1997
1619275228090314691 2534
1619275228117343808 2828
1619275228145401405 3210
1619275228243009412 1989
1619275228268232875 2141
1619275228271336656 1045
1619275228286078083 2743
1619275228295665095 2866
1619275228315904679 3195
1619275228318048537 105
1619275228323594085 1291
1619275228520856609 232
1619275228543341664 3919
1619275228642688795 1404
1619275228663378375 5407
1619275228736545728 2425
1619275228820645791 1738
1619275228852439615 1831
1619275228900885180 1957
1619275228908224775 2357
1619275228970047551 1978
1619275229045078713 2231
1619275229069743138 2055
1619275229080879142 1926
1619275229236867739 2495
1619275229251923884 1462
1619275229517781243 1432
1619275229558046482 466
1619275229581042925 1181
1619275229607057280 2030
1619275229652288451 1112
1619275229784460837 1532
1619275229817271159 1678
1619275229883136747 1089
1619275229982527107 1680
1619275230039118079 103
1619275230143609958 1030
1619275230292866712 1257
1619275230393851970 3976
1619275230522332858 1823
1619275230610485124 2526
1619275230694778996 1115
1619275230702889777 44
1619275230713646818 1361
1619275230844004905 1739
1619275230907916640 1085
1619275230932636939 2071
1619275230944188160 1194
1619275231145736882 1218
1619275231152579526 781
1619275231231165154 2011
1619275231249531771 2605
1619275231259200156 1897
1619275231290997144 3935
1619275231491169391 1577
1619275231501621582 1417
1619275231589273441 1541
1619275231599919195 930
1619275231666981795 1786
1619275231849528088 5911
1619275231864078896 5604
1619275231990780197 2343
1619275232002953900 1788
1619275232042602701 1328
1619275232077095544 724
1619275232210576361 2263
1619275232220229966 2668
1619275232224459879 2187
1619275232294651862 2001
1619275232336513408 2028
1619275232400593423 2987
1619275232472463673 3302
1619275232984541200 2009
1619275233133562808 1116
1619275233137384122 1635
1619275233170969448 1424
1619275233195552621 1546
1619275233249210504 1511
1619275233258207521 1391
1619275233310106489 1258
1619275233422608252 2114
1619275233517071192 2900
1619275233562773588 56
1619275233580578493 368
1619275233597522656 2618
1619275233637615377 2010
1619275233727992962 1863
1619275233986696576 2789
1619275234049172109 1415
1619275234219469104 2857
1619275234460469033 4752
1619275234624058373 1714
1619275235052896816 781
1619275235096406764 1786
1619275235103272388 1480
1619275235560747853 1894
1619275235598786798 2429
1619275235756140065 3336
1619275235766956999 3395
1619275235869699963 1016
1619275235903452050 2305
1619275235981714204 758
1619275236012959943 3328
1619275236155913330 1902
1619275236224804107 3232
1619275236258211351 3696
1619275236277980442 48
1619275236317697211 1150
1619275236560462992 3386
1619275236573602820 2499
1619275236658846841 2757
1619275236729237403 1752
1619275236743180787 1267
1619275236767751345 1814
1619275236818873391 1711
1619275236901919454 2566
1619275237002759354 2047
1619275237013405275 3121
1619275237219120248 1061
1619275237322084721 402
1619275237338336703 88
1619275237368594604 2071
1619275237482339336 2146
1619275237493577487 2013
1619275237583663412 228
1619275237626008703 1661
1619275237680103416 1355
1619275237707598221 1606
1619275237778229846 2450
1619275237799900080 529
1619275237815611464 897
1619275237844660167 1645
1619275237846916992 64
1619275237861771309 43
1619275237913491652 1505
1619275237971212071 2151
1619275238062939284 3270
1619275238179557183 1058
1619275238183466488 1822
1619275238479313599 1198
1619275238509713991 2616
1619275238685554159 2095
1619275238846683656 1596
1619275238948801764 3209
1619275239054312377 866
1619275239100682083 2484
1619275239133601561 2622
1619275239668898066 2190
1619275239717411611 88
1619275239725871188 551
1619275239808312017 1690
1619275239880494694 2864
1619275239946639067 88
1619275239983860711 4906
1619275239994057153 2483
1619275240295703108 1955
1619275240305856757 1313
1619275240622648169 2218
1619275240766868150 2537
1619275240791119727 2415
1619275240830622348 1660
1619275240833608343 848
1619275240867862177 2060
1619275240897762741 2810
1619275241057717887 3448
1619275241085124154 1458
1619275241127143271 1292
1619275241143386857 1930
1619275241183696971 2014
1619275241197614463 769
1619275241338597349 3217
1619275241456974884 57
1619275241557007404 2397
1619275241588778077 3082
1619275241600219825 1115
1619275241639417379 2059
1619275241677467014 1683
1619275241682674374 983
1619275241848708126 744
1619275241931982943 88
1619275241993365846 4660
1619275242107459125 1766
1619275242166934127 1757
1619275242275834010 445
1619275242402242828 415
1619275242517703931 3885
1619275242526416753 1171
1619275242532379076 117
1619275242650608849 1562
1619275242652740990 70
1619275242762087422 430
1619275242784343639 1512
1619275242875324466 2389
1619275242887311570 82
1619275242915375726 2208
1619275242990340691 1228
1619275243042130151 4525
1619275243083647642 2379
1619275243097081508 88
1619275243133314301 1792
1619275243219400994 1691
1619275243231883831 1333
1619275243287496611 3509
1619275243306797905 2110
1619275243328845349 367
1619275243468742182 667
1619275243716995247 1602
1619275243958524922 2160
1619275244000120500 3443
1619275244017122243 3158
1619275244030352468 457
1619275244049673348 1681
1619275244103171880 4619
1619275244155294122 2074
1619275244158790263 1388
1619275244210683803 1293
1619275244218212541 91
1619275244443626811 2833
1619275244485447954 4176
1619275244519440762 2223
1619275244738332158 1921
1619275244772764240 1855
1619275244777780413 2882
1619275244807253941 145
1619275244811921244 2647
1619275244924242846 1712
1619275244955196363 574
1619275245028581792 2335
1619275245103305751 1512
1619275245113299149 2824
1619275245262862914 1366
1619275245303893533 1514
1619275245433601073 76
1619275245550732342 1776
1619275245560414513 396
1619275245585938115 2432
1619275245639642283 2564
1619275245665960428 1760
1619275245677574554 60
1619275245749153242 1384
1619275245771983048 2197
1619275245783911628 1876
1619275245832129550 3138
1619275245836291606 2036
1619275245953750258 2624
1619275245983316729 1268
1619275246023626577 521
1619275246195956030 1857
1619275246203512584 912
1619275246253923651 1474
1619275246595542474 2691
1619275246898814819 1061
1619275246903911154 88
1619275246944223679 2263
1619275247023244352 893
1619275247157668088 88
1619275247193046256 2179
1619275247220499778 1641
1619275247298464676 3021
1619275247665116734 1851
1619275247737718824 950
1619275247788788127 1448
1619275247816007897 1293
1619275247856356720 2867
1619275247913029250 3010
1619275247957595519 1481
1619275248001090498 2061
1619275248193211459 3959
1619275248250374096 2269
1619275248262829181 2009
1619275248447475906 1269
1619275248462447839 3372
1619275248504234722 3684
1619275248603291807 3295
1619275248723744951 96
1619275248729691467 3807
1619275248843395464 256
1619275248851797782 2363
1619275248965696402 825
1619275249046296013 1958
1619275249077481643 3919
1619275249108430709 3018
1619275249441763051 2604
1619275249536142815 3488
1619275249576614546 2263
1619275249718171754 877
1619275249769544916 1355
1619275249827267086 2622
1619275249919230345 2026
1619275249943945052 3009
1619275249957142860 1932
1619275250026851851 106
1619275250037138934 1618
1619275250055109373 2182
1619275250080818251 1511
1619275250300595077 58
1619275250471419807 1050
1619275250488962511 1905
1619275250550611871 54
1619275250779929272 45
1619275250791090298 893
1619275250881970677 819
1619275250966887351 2136
1619275250970337293 1386
1619275251063811698 736
1619275251088925846 1823
1619275251110917980 1134
1619275251127854869 1816
1619275251195486038 3084
1619275251209856857 4765
1619275251237154149 3185
1619275251370120232 2094
1619275251404036265 2103
1619275251532756804 1866
1619275251540891388 1788
1619275251633307991 87
1619275251694214054 71
1619275251797448105 4138
1619275251813116601 2742
1619275251870094270 4030
1619275251906561152 1308
1619275252087474934 1667
1619275252170143133 3287
1619275252354889297 88
1619275252574663620 1525
1619275252578751254 1965
1619275252684230024 4107
1619275253040788219 1569
1619275253124535937 470
1619275253284549391 2683
1619275253410469507 4514
1619275253418592598 6049
1619275253619723957 522
1619275253738903353 2229
1619275253743545654 2606
1619275253845967457 88
1619275253997610481 45
1619275254200394745 1853
1619275254208717576 134
1619275254231120939 1453
1619275254298810137 1515
1619275254315072048 1924
1619275254332537417 693
1619275254405791403 3498
1619275254411691208 3855
1619275254498384650 2189
1619275254730952632 78
1619275254743137517 5290
1619275254790392124 42
1619275254899995337 1307
1619275255058657809 4763
1619275255177899076 5978
1619275255270815471 3813
1619275255288210552 2030
1619275255330545231 2400
1619275255388901518 2780
1619275255420738657 1584
1619275255660874464 1396
1619275255673352762 62
1619275255972830573 1048
1619275255991119835 2370
1619275256032530017 2139
1619275256157239413 2154
1619275256279274443 2459
1619275256317062215 2322
1619275256407729827 2594
1619275256443710835 1024
1619275256469839713 2223
1619275256504571233 1235
1619275256518494825 1155
1619275256550621256 1840
1619275256556813067 1147
1619275256600298982 809
1619275256727691344 711
1619275256776053139 2155
1619275256899076790 285
1619275256920403085 2978
1619275256971477469 1141
1619275257006670285 1730
1619275257140080643 772
1619275257172345497 45
1619275257276546974 2319
1619275257490436642 52
1619275257493397456 838
1619275257744282410 1165
1619275257885424324 2638
1619275257926982629 2007
1619275258071303643 3593
1619275258107356714 1592
1619275258124023483 1327
1619275258129933270 453
1619275258233792848 1749
1619275258368442096 4593
1619275258558520318 1829
1619275258826835161 1551
1619275258846810769 2754
1619275258928789100 1859
1619275258940187420 85
1619275258976046194 1582
1619275259041164187 89
1619275259066492563 3604
1619275259276036725 2077
1619275259307257473 372
1619275259322420172 924
1619275259472646194 1173
1619275259523547148 2519
1619275259527811058 2097
1619275259579188079 1701
1619275259607361622 1655
1619275259946123098 2009
1619275259965274203 2337
1619275259994803362 525
1619275260051059272 2063
1619275260133656241 1743
1619275260155856861 2319
1619275260231135406 1136
1619275260240399965 2074
1619275260260012426 3542
1619275260319596712 1117
1619275260570792975 1395
1619275260725147892 741
1619275260739449839 87
1619275260928199449 46
1619275261013596694 1584
1619275261141200101 6042
1619275261152725129 3732
1619275261177098388 1805
1619275261339503256 65
1619275261448298613 1616
1619275261492228199 1177
1619275261669801962 49
1619275261721866600 4712
1619275261848464933 4257
1619275261863829110 113
1619275261897744035 2008
1619275261909422116 1397
1619275261974278770 1544
1619275262036319393 959
1619275262104545599 1926
1619275262139566745 2316
1619275262152329765 1374
1619275262191466991 58
1619275262309144798 2005
1619275262323923909 1964
1619275262520739112 1238
1619275262696720367 2730
1619275262767793800 944
1619275262836131111 2279
1619275262956612808 2640
1619275263044145408 2488
1619275263180911004 1701
1619275263346053590 1066
1619275263443448325 4257
1619275263512959791 647
1619275263557743658 1766
1619275263577877899 89
1619275263678475092 1692
1619275263699074576 2074
1619275263739115233 2150
1619275263822992359 1392
1619275264207434555 1743
1619275264253275560 4162
1619275264417998771 373
1619275264471019296 2255
1619275264474842734 1636
1619275264493545534 3412
1619275264496905526 1260
1619275264620234025 3502
1619275264641711305 2893
1619275264719313372 1973
1619275264772274302 1771
1619275264827712217 2977
1619275264840838404 1138
1619275265112519683 2210
1619275265153487705 955
1619275265234256855 3258
1619275265296534768 1698
1619275265377803899 90
1619275265385895888 2521
