1619275820020277255 46
1619275820054108554 4622
1619275820079771516 4426
1619275820242135539 3176
1619275820388552220 2008
1619275820563850301 1776
1619275820587819580 1463
1619275820605334056 1594
1619275820630513132 939
1619275820661672263 1733
1619275820702396211 1982
1619275820715496910 2629
1619275820728302216 1146
1619275820957982845 2623
1619275821072119527 3033
1619275821079375953 1748
1619275821139288203 1692
1619275821200013751 1543
1619275821225980086 2485
1619275821313372776 2212
1619275821335515703 3800
1619275821394211935 592
1619275821459345537 2886
1619275821498017222 1491
1619275821579315368 2606
1619275821682196882 1140
1619275821706372335 4172
1619275822009393259 2940
1619275822038016806 2165
1619275822225011382 1241
1619275822256362218 3047
1619275822317298800 4967
1619275822479048455 3006
1619275822533911375 1527
1619275822715043372 1258
1619275822764889156 1823
1619275822885782419 1678
1619275822902079616 1674
1619275822917512002 3325
1619275822930560585 67
1619275822970898350 3033
1619275823000341746 1941
1619275823013350560 3030
1619275823040566721 2714
1619275823110885757 2978
1619275823185918780 2503
1619275823199505491 2419
1619275823226722012 1959
1619275823237165261 4363
1619275823377465295 1693
1619275823394893485 3400
1619275823457322057 1711
1619275823592517118 3700
1619275823602830449 2730
1619275823617750062 2261
1619275823728966590 2396
1619275823864837317 1915
1619275823889287468 1836
1619275823997344945 3528
1619275824086091187 1545
1619275824094416614 1787
1619275824277822958 2607
1619275824316681491 2980
1619275824391316778 3076
1619275824432996973 3783
1619275824438034216 3001
1619275824471772214 1886
1619275824493278910 1566
1619275824688214846 52
1619275824745592162 1483
1619275824758680558 2712
1619275824825462036 1616
1619275825044707287 1432
1619275825184252104 3518
1619275825190780956 4487
1619275825360889966 2699
1619275825500021321 1970
1619275825545366905 2370
1619275825634635248 1874
1619275825811576827 2328
1619275826020956654 2071
1619275826073345257 2888
1619275826080050509 4650
1619275826180638488 2693
1619275826603503983 1433
1619275826610022606 1087
1619275826645395559 82
1619275826732698735 2092
1619275826826317875 591
1619275826876071348 1944
1619275826940580680 2827
1619275826947212223 4437
1619275827005640193 2030
1619275827041679088 4242
1619275827085226957 4011
1619275827117378002 1666
1619275827150944953 2177
1619275827170260783 2394
1619275827190671373 2764
1619275827443645959 1378
1619275827460602718 984
1619275827659162796 1843
1619275827691358203 1682
1619275827892296900 3791
1619275827916699123 2146
1619275827999653371 2018
1619275828027371389 2307
1619275828031076370 1658
1619275828035296306 2175
1619275828129222533 4832
1619275828148355414 2294
1619275828173867758 1617
1619275828196505887 4735
1619275828331336450 4100
1619275828335543018 2142
1619275828462664527 773
1619275828495353137 3007
1619275828521487789 3657
1619275828639940812 1884
1619275828713053551 1705
1619275828752796229 1335
1619275828815512764 718
1619275829098044532 1804
1619275829142922739 1245
1619275829171465977 3250
1619275829366634559 4220
1619275829401551248 5885
1619275829446501863 4872
1619275829457209093 1636
1619275829530040549 2707
1619275829560352305 1812
1619275829620339893 2026
1619275829683473692 4529
1619275829748249522 864
1619275829923522751 3958
1619275830418328639 1872
1619275830495439437 4099
1619275830508812081 3845
1619275830671322544 1509
1619275830778066982 2162
1619275830887725925 2672
1619275831025279509 3370
1619275831141118835 2976
1619275831173252517 3500
1619275831178428801 3115
1619275831192484470 2347
1619275831261238349 1609
1619275831296345999 47
1619275831485355263 1904
1619275831640262911 2986
1619275831694328447 4101
1619275831725971340 1400
1619275831770237482 1265
1619275831935252547 4963
1619275832065522385 2658
1619275832105558048 2315
1619275832181551239 3218
1619275832206662871 2073
1619275832281356018 2757
1619275832515019771 2393
1619275832573999995 3752
1619275832598063213 2766
1619275832621335908 52
1619275832664443678 3487
1619275832703931646 3959
1619275832780138861 4969
1619275832954095354 6655
1619275833036624382 1933
1619275833385589581 4093
1619275833396107458 3028
1619275833404289539 2117
1619275833491280415 93
1619275833618938007 2773
1619275833738312104 1903
1619275833804176563 1249
1619275833895902197 4504
1619275833940948108 1388
1619275833957645541 6567
1619275833972601250 2409
1619275834106421338 101
1619275834170188011 1060
1619275834175666984 87
1619275834229817107 2523
1619275834531111053 3590
1619275834549604620 58
1619275834841965621 3770
1619275834899415618 59
1619275834976692625 794
1619275835014395031 2724
1619275835087591523 1901
1619275835206040956 3020
1619275835236879897 2882
1619275835281386750 1618
1619275835287480189 57
1619275835334380008 2319
1619275835340041936 3599
1619275835362808727 2823
1619275835515207465 4210
1619275835539142815 2485
1619275835843340517 1444
1619275836006754288 1925
1619275836118000807 2216
1619275836169670988 1407
1619275836314205883 2683
1619275836486576986 7349
1619275836501774114 2894
1619275836623244261 1454
1619275836660687711 4417
1619275836998106979 86
1619275837184247080 4400
1619275837381748413 2066
1619275837512158534 2952
1619275837528361522 2765
1619275837617998891 1925
1619275837621783898 1704
1619275837674984005 1500
1619275837752847766 2261
1619275837767916268 2006
1619275837837276127 1936
1619275837922175135 1580
1619275837963044978 2274
1619275838027653831 1660
1619275838096348953 41
1619275838123114811 3017
1619275838188317971 4734
1619275838324496845 3225
1619275838329780292 3115
1619275838348109743 2725
1619275838751198075 1464
1619275838820027728 1437
1619275839213166436 4946
1619275839229942162 125
1619275839238125584 1655
1619275839249734091 2367
1619275839266532658 2711
1619275839283774456 2120
1619275839321081349 4597
1619275839359647252 5775
1619275839366338955 4528
1619275839377851558 3666
1619275839499923874 2820
1619275839541057195 1561
1619275839574553742 2566
1619275839694121399 1966
1619275839707423255 3143
1619275839730501241 1138
1619275840115346907 1715
1619275840236448385 2475
1619275840280555053 2210
1619275840295936486 1496
1619275840616560208 1185
1619275840663086543 3983
1619275840743180192 2650
1619275840783192198 2626
1619275840791946516 1906
1619275840932277545 2404
1619275840977236540 5260
1619275841037646192 1568
1619275841176021442 1003
1619275841371409192 2348
1619275841511340082 1557
1619275841610792554 3775
1619275841639062693 3622
1619275841740771183 2809
1619275841753219799 3652
1619275841808237355 4811
1619275841871081231 1556
1619275841875552357 2449
1619275841923401335 1391
1619275841926861077 1403
1619275842003080743 2552
1619275842078601065 2950
1619275842158482056 1988
1619275842200677683 3549
1619275842286113148 3899
1619275842412977377 2225
1619275842646092842 4971
1619275842729299232 1208
1619275842796789259 2170
1619275842804061349 1525
1619275842918804009 2245
1619275842977660791 689
1619275843100036949 3003
1619275843164118881 779
1619275843267168353 2079
1619275843351306131 3410
1619275843421188147 3116
1619275843465682522 1699
1619275843469893614 2185
1619275843494495788 3106
1619275843620821245 2203
1619275843643672647 798
1619275843678862309 7076
1619275843747512628 2491
1619275843837392224 1579
1619275843870809356 86
1619275843876394291 1426
1619275844009108355 2239
1619275844109630125 3101
1619275844111703703 41
1619275844114105900 271
1619275844142746516 3662
1619275844278912092 1540
1619275844326795370 3061
1619275844658641668 2898
1619275844719072160 2863
1619275844764116684 1829
1619275844880173805 2929
1619275845239746437 3383
1619275845297805321 2967
1619275845334646349 5588
1619275845459510072 87
1619275845482407013 1385
1619275845753617014 1783
1619275845777983806 2892
1619275845803163933 1915
1619275845826356956 2531
1619275845848711671 1460
1619275846164452110 4580
1619275846228707308 2416
1619275846343488893 1906
1619275846346931969 1407
1619275846356602915 2985
1619275846380604842 2063
1619275846806324477 3310
1619275846811588348 3150
1619275846952313897 1912
1619275846975275599 658
1619275847021957961 3248
1619275847094089183 5285
1619275847114241589 3594
1619275847168042974 2004
1619275847225168330 1862
1619275847341770110 1679
1619275847362320429 3796
1619275847576573568 2710
1619275847636280719 1697
1619275847640028006 1689
1619275847643945309 1725
1619275847659479188 2385
1619275847664465462 2948
1619275847687107769 3912
1619275847732333669 5345
1619275847792926212 2987
1619275847808274270 3397
1619275847817895820 43
1619275847956456925 2664
1619275847976740272 757
1619275848061088531 2178
1619275848092896768 1322
1619275848132155685 2163
1619275848220995003 3970
1619275848242975176 1948
1619275848411569666 2513
1619275848447954795 2510
1619275848622565515 2399
1619275848637473051 1691
1619275848648477894 1070
1619275848660681642 2346
1619275848712371516 1886
1619275848810853367 5728
1619275848837759958 5973
1619275848865765865 4635
1619275849148497240 87
1619275849206077878 3409
1619275849213796307 3137
1619275849228221894 4654
1619275849329119094 5523
1619275849398406684 3405
1619275849440027571 2713
1619275849486890150 1275
1619275849516628968 43
1619275849619002914 3254
1619275849835517442 1926
1619275849965496728 3643
1619275850139284141 3256
1619275850179887140 3210
1619275850211342994 1816
1619275850224863159 3173
1619275850327703332 3185
1619275850394140364 2759
1619275850755991771 2003
1619275850843057381 3630
1619275850892499222 1609
1619275850912798838 3417
1619275851008856153 1680
1619275851079064936 1299
1619275851198301619 3339
1619275851234986527 1943
1619275851279203509 2541
1619275851417470983 61
1619275851541236475 982
1619275851553672244 5785
1619275851574790201 2811
1619275851614035786 2706
1619275851659679141 2714
1619275851723587349 1888
1619275851730113481 45
1619275851853448980 62
1619275851910067331 1817
1619275852389891823 2670
1619275852514552422 2812
1619275852649907496 3520
1619275852655810625 3837
1619275852676937743 1918
1619275852743281877 1835
1619275852954899808 6075
1619275852976203880 6591
1619275853023491908 352
1619275853027490992 1939
1619275853067364268 2081
1619275853106481028 1621
1619275853213779176 93
1619275853238870344 2535
1619275853260223683 85
1619275853456161065 47
1619275853678038185 1337
1619275853683913189 1685
1619275853816802085 50
1619275853938193580 3040
1619275853955019962 1913
1619275853982424885 4373
1619275854181754260 3675
1619275854303720362 82
1619275854429732972 3484
1619275854734155723 2572
1619275854809000096 1932
1619275854812314910 1131
1619275854891367671 2082
1619275854906004589 2148
1619275855030211757 956
1619275855180110959 2562
1619275855335192663 2467
1619275855360433257 1334
1619275855537056418 2557
1619275855613206532 2520
1619275855646518803 56
1619275855731265936 1360
1619275855773618208 4000
1619275855887428733 1570
1619275855937680142 3765
1619275856198759160 41
1619275856206738640 2189
1619275856230920615 1241
1619275856359981219 2018
1619275856443298511 2068
1619275856482554151 4698
1619275856508976352 4259
1619275856515585023 4491
1619275856715844299 1275
1619275856996120447 1906
1619275857055456339 2000
1619275857111165113 918
1619275857147566821 2292
1619275857354372115 3673
1619275857483187065 2900
1619275857517402228 4690
1619275857584665430 1722
1619275857620526247 1313
1619275857645034322 1922
1619275857653144536 1966
1619275857664369717 4759
1619275857761980080 2238
1619275857809093790 2911
1619275857839958665 3952
1619275857855111397 2770
1619275858008439405 2277
1619275858291607158 2840
1619275858354432769 1812
1619275858562330245 537
1619275858788023512 4891
1619275858942550343 2050
1619275858959890375 2236
1619275858971686415 2191
1619275859185773284 1668
1619275859294704685 2592
1619275859349595538 1998
1619275859468716028 2051
1619275859606928472 2676
1619275859617170427 3011
1619275859671450309 2262
1619275859911017358 52
1619275859953096966 4157
1619275860207584130 1832
1619275860357458516 2289
1619275860417827831 1603
1619275860659571471 1814
1619275860943528296 2721
1619275860963047160 1791
1619275861094420811 88
1619275861211132816 58
1619275861297059471 1735
1619275861329668557 1896
1619275861335005329 3225
1619275861387579070 2442
1619275861396444106 4712
1619275861550739424 2926
1619275861574618599 4442
1619275861834069441 1635
1619275861883055500 2673
1619275861958111060 63
1619275862094284633 1249
1619275862201659801 3103
1619275862238314364 1287
1619275862240458259 102
1619275862267932002 1694
1619275862368616254 2953
1619275862389589932 3057
1619275862469935289 2719
1619275863076093168 2009
1619275863116866781 2579
1619275863161056077 683
1619275863400243686 2668
1619275863449813505 1598
1619275863608108715 4013
1619275863728240963 3492
1619275864011195824 3803
1619275864057237930 1337
1619275864084129424 2733
1619275864145183410 2246
1619275864276821994 40
1619275864377994336 3075
1619275864411582409 1519
1619275864524068648 1866
1619275864643647357 2864
1619275864663840500 2443
1619275864750637360 2170
1619275864872375539 1735
1619275864889758173 2733
1619275864893996740 62
1619275864908771170 2751
1619275864957811438 1645
1619275865041550411 3256
1619275865064879611 2122
1619275865075014390 1600
1619275865175527194 3602
1619275865180579645 2978
1619275865250301843 3508
1619275865292288987 2221
1619275865306437484 4196
1619275865331013023 3144
1619275865367425107 69
1619275865482201871 1736
1619275865519055754 1774
1619275865533184064 1435
1619275865777183803 1688
1619275865875468538 1988
1619275866148373622 2539
1619275866308906696 2480
1619275866462185087 945
1619275866485192162 2999
1619275866494223723 2082
1619275866505270222 1552
1619275866528294150 3082
1619275866575753496 1468
1619275866603685004 1868
1619275866605897068 112
1619275866624116702 1575
1619275866775767299 3167
1619275866834780065 2785
1619275867043398551 62
1619275867144256667 2284
1619275867163657629 3127
1619275867240080724 1711
1619275867255030687 1595
1619275867342962524 1088
1619275867635541592 1670
1619275867710001808 4877
1619275867793771013 1617
1619275867804772986 48
1619275867858799969 4262
1619275867864856592 1880
1619275867933420369 282
1619275867958132964 1916
1619275867991896446 43
1619275868105295606 2732
1619275868258879610 2718
1619275868287422100 2361
1619275868330965594 1037
1619275868389839914 1711
1619275868398797467 1948
1619275868407193778 2269
1619275868645753439 3171
1619275868674238870 2260
1619275868877228167 2368
1619275868879349452 57
1619275869024183629 1879
1619275869054630405 2091
1619275869076857843 3967
1619275869108896851 2271
1619275869170011828 2903
1619275869210730010 4687
1619275869345139343 3220
1619275869383239696 1215
1619275869394577694 1751
1619275869605812715 4865
1619275869683975840 3317
1619275869701917496 4343
1619275869863229960 2104
1619275869944416900 1988
1619275869956774425 2738
1619275870019217375 2021
1619275870131792638 3412
1619275870281706710 4874
1619275870531700791 1679
1619275870629414600 1666
1619275870701818182 3729
1619275871030537530 3193
1619275871058672663 1923
1619275871090977271 3618
1619275871134548280 1485
1619275871171708537 2874
1619275871247523247 3712
1619275871263103117 4331
1619275871273137427 1849
1619275871296051621 1367
1619275871360798825 2005
1619275871502675581 2849
1619275871507543796 2810
1619275871573938512 2542
1619275871658032045 3618
1619275871744505175 1614
1619275871759568224 1760
1619275871813460391 66
1619275871848369229 3591
1619275871921028372 1542
1619275871923186371 92
1619275871960665139 2488
1619275872059325221 1798
1619275872116010273 47
1619275872123708388 2638
1619275872127730933 1974
1619275872187072796 46
1619275872225065588 2056
1619275872236222670 1545
1619275872311712352 52
1619275872336012724 1854
1619275872345777699 2571
1619275872397219407 1423
1619275872400637016 1344
1619275872701528950 1174
1619275872889356220 66
1619275873085188222 6031
1619275873135227100 3317
1619275873242859789 2010
1619275873253304172 1815
1619275873277605639 2222
1619275873350976106 85
1619275873380514440 2928
1619275873465704962 1848
1619275873543192674 86
1619275873615385789 1203
1619275873746153007 2845
1619275873809505064 8199
1619275873864941468 2645
1619275873912613840 1247
1619275873941740080 2439
1619275874052407720 74
1619275874093956515 1641
1619275874244450208 1280
1619275874248845189 2270
1619275874251010623 81
1619275874270420394 3180
1619275874370880325 2829
1619275874407892264 43
1619275874409977999 48
1619275874420579613 1553
1619275874479949893 2889
1619275874546813631 2203
1619275874672234583 1850
1619275874814701310 2328
1619275874939910360 4467
1619275875066532186 1839
1619275875121673652 3616
1619275875190243310 1587
1619275875512714678 1292
1619275875540319842 3638
1619275875842275001 147
1619275875934058423 3450
1619275875999437690 2974
1619275876223880926 368
1619275876500291036 1451
1619275876504092976 1733
1619275876532101876 1577
1619275876539910263 1963
1619275876584383054 5787
1619275876753993826 61
1619275876938204561 3417
1619275876999406979 1772
1619275877095029510 3390
1619275877203566156 2024
1619275877238435288 4670
1619275877314412657 777
1619275877339748631 2223
1619275877400506299 4889
1619275877440347235 2234
1619275877463218270 3051
1619275877487812495 2589
1619275877493239601 3334
1619275877539609459 2433
1619275877573617003 4354
1619275877838758568 1016
1619275877992259409 1673
1619275878042245897 3908
1619275878159465593 124
1619275878210544388 1517
1619275878293957696 832
1619275878313074415 1880
1619275878352364412 2041
1619275878423233946 2675
1619275878457901578 3690
1619275878676799999 1554
1619275878826660417 46
1619275878848257714 2426
1619275878897770885 1961
1619275878954952257 1824
1619275879032758050 1510
1619275879048974124 1973
1619275879080887183 1728
1619275879082976195 46
1619275879092942212 2296
1619275879150680694 3518
1619275879161042775 1359
1619275879201722019 43
1619275879234381677 1609
1619275879248572416 893
1619275879261694457 2582
1619275879282208387 2492
1619275879354791850 1611
1619275879474013430 3437
1619275879480733797 4677
1619275879568969642 2134
1619275879644934420 2644
1619275879772044465 2020
1619275879791056396 1420
1619275879803212380 2189
