1619275585347003773 2772
1619275585448422283 1173
1619275585487846078 1945
1619275585557824452 3499
1619275585575340449 2758
1619275585587048194 2674
1619275585618669391 1216
1619275585654125317 2241
1619275585770765794 2308
1619275585815228499 1946
1619275585895194612 3131
1619275585991704293 3177
1619275585995620995 1862
1619275586236268133 4134
1619275586239778220 1370
1619275586339692192 2698
1619275586398778635 2941
1619275586656965985 2497
1619275586822646563 1227
1619275586996843863 2804
1619275587021630903 1601
1619275587108930194 1094
1619275587461443834 3327
1619275587662462086 2468
1619275587697729582 1798
1619275587747755916 2485
1619275587897334944 1457
1619275587901375017 1896
1619275587982510367 1553
1619275588021252790 1900
1619275588041905302 2658
1619275588087829622 2960
1619275588100307716 1422
1619275588140216206 2024
1619275588185268891 2049
1619275588202241714 1269
1619275588215398081 2140
1619275588329961377 2613
1619275588514132876 3620
1619275588815510832 2241
1619275588827622739 2085
1619275588919041451 737
1619275588975643523 2058
1619275589055098291 2380
1619275589083574808 3958
1619275589450718133 1671
1619275589543764574 2354
1619275589588216963 2359
1619275589894636362 87
1619275589960875627 3290
1619275590056360594 2723
1619275590095726257 1612
1619275590123357611 1928
1619275590172153852 2142
1619275590214959665 2769
1619275590297662385 1970
1619275590430302386 1388
1619275590477653349 4224
1619275590848127121 1918
1619275590881639164 436
1619275590920289344 5939
1619275591023778117 1723
1619275591041177181 2138
1619275591429729303 2672
1619275591488174755 1548
1619275591521548278 4115
1619275591709832124 2663
1619275591720806694 4355
1619275591774709632 7553
1619275591947282831 1987
1619275592087755912 6870
1619275592234410304 4623
1619275592345173129 1788
1619275592386036164 2614
1619275592496608592 3161
1619275592794840118 5509
1619275592889584956 2462
1619275592971420795 2997
1619275593064843314 2038
1619275593140308765 4308
1619275593361271625 4395
1619275593480630317 3165
1619275593501811214 1381
1619275593586501427 3302
1619275593681705995 1609
1619275593739874943 2335
1619275593777221696 1925
1619275593803100867 3317
1619275593837809541 1295
1619275594146425361 3640
1619275594161409843 3505
1619275594196712298 4010
1619275594276713252 1971
1619275594346257458 2311
1619275594433250835 2235
1619275594457349676 5178
1619275594515266475 2867
1619275594673288971 1860
1619275594791889689 565
1619275594796492299 2542
1619275594872398391 8425
1619275594916525927 1456
1619275595040687443 2414
1619275595297056264 2906
1619275595406463103 3266
1619275595553904734 2431
1619275595617841798 2487
1619275595713685789 1971
1619275595900335239 4652
1619275596092683913 2202
1619275596187578182 2740
1619275596192992973 3291
1619275596276713356 2153
1619275596305860012 2503
1619275596468234100 3584
1619275596497423475 4824
1619275596595129216 2181
1619275597028436129 2885
1619275597083537720 1392
1619275597383292430 4170
1619275597563479992 3451
1619275597642641734 1558
1619275597766585989 2736
1619275597850519051 3518
1619275597991847083 2391
1619275598068411263 945
1619275598103495501 1706
1619275598151158710 2532
1619275598174787668 3003
1619275598282040080 1355
1619275598344264474 1796
1619275598357283595 2693
1619275598366270624 1944
1619275598667058324 384
1619275598784434324 2912
1619275598951111777 907
1619275599014325392 2682
1619275599031344907 1856
1619275599148430101 2526
1619275599220051737 2355
1619275599234735290 3356
1619275599238429339 1598
1619275599258729852 1716
1619275599323988041 3175
1619275599391687900 6393
1619275599472108396 2749
1619275599553744522 2409
1619275599617422211 2301
1619275599714671083 3131
1619275599912379623 3045
1619275599977966573 2371
1619275600038945677 2635
1619275600063668316 2386
1619275600092390268 1672
1619275600161242315 2873
1619275600218162220 1878
1619275600241607708 4865
1619275600272021328 4080
1619275600500406368 64
1619275600510211187 1551
1619275600763731323 4916
1619275601112215386 1826
1619275601145543893 3665
1619275601244704573 4755
1619275601268324879 6508
1619275601411561496 3932
1619275601470311642 1586
1619275601544998395 1938
1619275601559356468 3406
1619275601596947515 2224
1619275601628209427 2232
1619275601643291752 42
1619275601985972109 3364
1619275602202542222 87
1619275602214238830 1749
1619275602338551600 2284
1619275602529711791 1104
1619275602538788830 3082
1619275602569734566 3524
1619275602573990571 2138
1619275602598513748 2197
1619275602631920565 2629
1619275602639433921 5486
1619275602700465430 1351
1619275602778313741 3682
1619275602792778510 2848
1619275602882825329 3078
1619275602901230227 1847
1619275603011845877 2949
1619275603069683572 3084
1619275603079008867 1679
1619275603156470949 2561
1619275603234675026 2867
1619275603251474222 3005
1619275603282939578 1767
1619275603293470075 3873
1619275603309790710 4092
1619275603320658382 2015
1619275603449634453 2767
1619275603543584986 3073
1619275603584362686 1069
1619275603645555958 3954
1619275603761371519 7135
1619275604198258320 1670
1619275604813133166 6132
1619275604835451485 5594
1619275604847230170 7557
1619275605140393331 4158
1619275605198262473 2328
1619275605210587402 5112
1619275605329429033 2475
1619275605349468711 2855
1619275605404597977 1738
1619275605568436525 4810
1619275605600978923 2931
1619275605689019894 2240
1619275605895333147 2696
1619275606146451202 5262
1619275606204090010 2760
1619275606324978405 1423
1619275606333095251 2546
1619275606450460048 4831
1619275606480664083 3026
1619275606673814803 2687
1619275606677435255 1546
1619275606689183916 1748
1619275606730654205 2887
1619275606824675192 2028
1619275606863062665 2858
1619275607105726338 446
1619275607219127744 3703
1619275607343828979 2224
1619275607415251187 7431
1619275607481502902 4353
1619275607722969689 2065
1619275607945499948 5681
1619275607978292053 4230
1619275608156827545 3503
1619275608237203415 2240
1619275608274604085 3012
1619275608290063544 3502
1619275608411265164 2296
1619275608547298655 1379
1619275608661439536 2278
1619275608684344434 2193
1619275608762035113 3915
1619275608843170807 4423
1619275608885258033 8512
1619275608957126588 903
1619275609181870748 1890
1619275609384978928 3343
1619275609419060573 2842
1619275609536768892 1692
1619275609622895525 1815
1619275609973032557 3858
1619275610000034161 6202
1619275610033588770 2298
1619275610382746494 725
1619275610389888544 1722
1619275610417704814 2512
1619275610438262637 1934
1619275610495755232 7229
1619275610499275889 1478
1619275610518455135 3147
1619275610545001185 2911
1619275610637721642 1612
1619275610640526850 584
1619275610785071766 2395
1619275610809069827 1374
1619275610966067514 2078
1619275611060656263 1899
1619275611291838990 3000
1619275611384428802 2476
1619275611467006791 1623
1619275611728087361 2758
1619275611774533515 2816
1619275611829321489 2009
1619275611919943488 3242
1619275611946601860 1663
1619275611966631313 4358
1619275612262407256 2219
1619275612280305633 3100
1619275612501836547 3050
1619275612758419333 6412
1619275612790503562 3989
1619275612913107427 4673
1619275612961903263 3105
1619275613010890048 1674
1619275613020542009 709
1619275613091649956 2638
1619275613120528734 3204
1619275613150281221 3805
1619275613343599594 1915
1619275613347237122 1616
1619275613386924845 2627
1619275613403300835 3802
1619275613437927644 6546
1619275613450272818 3984
1619275613456033717 3570
1619275613558502318 917
1619275613589741093 3429
1619275613710353376 1595
1619275613715027549 2626
1619275613732767420 3096
1619275613801532127 1713
1619275613808988230 1201
1619275613930812143 2379
1619275613947578459 671
1619275613991849747 4793
1619275614105312570 1534
1619275614153492935 1139
1619275614157446533 1780
1619275614392938572 1555
1619275614398218378 3226
1619275614541665086 1383
1619275614638799046 2307
1619275614692072012 2769
1619275615119282755 2802
1619275615129950250 2873
1619275615262133656 2314
1619275615421274999 1547
1619275615465435134 2992
1619275615491002123 87
1619275615575138813 1702
1619275615636464143 2239
1619275615728635719 1918
1619275615792534349 2353
1619275615809209063 151
1619275616391553014 3597
1619275616711309394 2973
1619275616807107709 1558
1619275616876271806 6833
1619275616900971305 3621
1619275616953436116 966
1619275617223544925 2665
1619275617290096726 2910
1619275617490357722 4113
1619275617601336562 2259
1619275618232342096 1936
1619275618259036748 1493
1619275618343362708 2306
1619275618437489761 3304
1619275618463925809 1257
1619275618544260684 3619
1619275618567919247 2481
1619275618782761932 5127
1619275618861580955 3979
1619275618879115071 3613
1619275618893797178 1506
1619275618930266416 1992
1619275618988400445 1809
1619275619003070922 1245
1619275619023491592 1951
1619275619027823245 2214
1619275619111028243 2949
1619275619219760085 3477
1619275619284354684 2105
1619275619286577393 86
1619275619335319275 1696
1619275619422381718 1616
1619275619475418888 3532
1619275619699817951 1119
1619275619963670772 2908
1619275620174032333 2125
1619275620238794515 3928
1619275620257274865 3220
1619275620466651418 2357
1619275620869926997 3542
1619275621024684997 3002
1619275621118598263 1640
1619275621198076168 1457
1619275621213758926 2294
1619275621284931684 4054
1619275621290632821 3543
1619275621324386362 4391
1619275621391727082 3668
1619275621503246326 1129
1619275621605481958 2034
1619275621684548627 87
1619275621798557480 2173
1619275621815836229 1012
1619275621923635297 1967
1619275622001968570 2650
1619275622023202392 3512
1619275622090734232 3896
1619275622159885227 2610
1619275622248482863 3551
1619275622420748531 88
1619275622561814788 719
1619275622878243353 2755
1619275622915468885 1865
1619275623004617814 2130
1619275623015246199 3806
1619275623061819703 3070
1619275623198725876 7408
1619275623313922876 9194
1619275623326211112 4430
1619275623381656014 2641
1619275623395489941 1670
1619275623532572910 1976
1619275623586514361 1406
1619275623634307664 2054
1619275623672825896 3311
1619275623737223000 1780
1619275623782139433 1880
1619275623803936142 87
1619275623927628131 1356
1619275623943784026 86
1619275624037555667 4517
1619275624270587255 1007
1619275624336755141 1753
1619275624478594108 2374
1619275624526247228 1622
1619275624555280379 2201
1619275624601188002 2862
1619275624744722622 6725
1619275624843600994 2526
1619275625025088529 1539
1619275625125634813 2821
1619275625190696017 3447
1619275625284558043 4118
1619275625436307811 4633
1619275625612961077 1248
1619275625928925284 1236
1619275626085598469 2128
1619275626109431183 2011
1619275626113603987 2129
1619275626165799979 1916
1619275626173055123 1336
1619275626270988610 3344
1619275626298246618 4546
1619275626309969461 3912
1619275626416709151 2212
1619275626424348777 1357
1619275626435819430 1362
1619275626474011430 3838
1619275626556220305 3516
1619275626747915590 3024
1619275626827623502 44
1619275627041458749 1662
1619275627233994962 2753
1619275627239706678 3579
1619275627309097434 5851
1619275627353288708 1227
1619275627386254358 1163
1619275627587883898 1376
1619275627737626968 1499
1619275627741523321 1802
1619275627762677328 1717
1619275627788734573 1647
1619275627813720512 2161
1619275627838193539 2211
1619275627862735559 1860
1619275627982880183 2622
1619275628150149379 3075
1619275628221031199 1452
1619275628230243910 1886
1619275628336269965 4276
1619275628461435652 2348
1619275628573799255 768
1619275628580988864 1246
1619275628601404606 2663
1619275628606655483 3173
1619275628686344031 790
1619275629267453638 2085
1619275629272185802 2708
1619275629297717599 1928
1619275629338736320 1759
1619275629414957706 2055
1619275629546394333 2534
1619275629556025108 2670
1619275629591832558 82
1619275629769253168 2320
1619275629775876886 4413
1619275629851205849 2171
1619275629969465471 3038
1619275630029656726 2738
1619275630039563158 2723
1619275630047871499 2435
1619275630086347711 1411
1619275630153641698 1846
1619275630161769679 1537
1619275630348605399 2363
1619275630579758423 1471
1619275630585300831 161
1619275630660623722 2505
1619275630920101862 1810
1619275631057283281 2387
1619275631120409707 1908
1619275631163179489 2907
1619275631236863379 2233
1619275631356511502 2799
1619275631587349576 2505
1619275631624150876 4370
1619275631629862452 3464
1619275631721592551 2373
1619275631740235199 3491
1619275632073633219 89
1619275632138879133 1683
1619275632151100592 299
1619275632211277141 4682
1619275632280146447 3048
1619275632373877637 1787
1619275632825527255 3935
1619275632871623347 3724
1619275632995778209 2348
1619275633041492345 2288
1619275633104985187 1605
1619275633153185890 1478
1619275633377416748 2674
1619275633411904124 3218
1619275633419002027 1640
1619275633863869418 1612
1619275634005642822 3294
1619275634239868588 4307
1619275634515324797 1684
1619275634596380587 3890
1619275634984091468 2283
1619275635068322112 1995
1619275635140831584 1585
1619275635338652814 3647
1619275635408403410 1352
1619275635425946175 3525
1619275635492715851 2181
1619275635502123660 2407
1619275635741025294 2568
1619275635758759391 90
1619275635906819257 2643
1619275636051423525 1994
1619275636122712838 1603
1619275636217157367 1280
1619275636408422381 1210
1619275636418783036 3993
1619275636490280438 1569
1619275636513370239 3972
1619275636532161342 1786
1619275636577959272 2287
1619275636736947347 5098
1619275636744982921 87
1619275636747461481 329
1619275636871893331 87
1619275636874270805 279
1619275636899574761 4015
1619275636958900711 2017
1619275636976830400 2373
1619275637039261800 1126
1619275637073878533 2939
1619275637078813550 2819
1619275637156567529 1634
1619275637282049644 4304
1619275637303677221 2569
1619275637374866093 5107
1619275637526930956 2278
1619275637605258888 1967
1619275637702009115 4587
1619275637705758656 1544
1619275637796010242 3960
1619275637850202974 2013
1619275637895625200 2365
1619275637933014243 2788
1619275637941255508 2347
1619275638026717181 3032
1619275638114585602 1549
1619275638163277480 3711
1619275638384892609 1863
1619275638546205711 3652
1619275638602732467 3699
1619275638654085945 1906
1619275638658061355 1927
1619275638678640354 2406
1619275638731935942 1865
1619275638762670378 3382
1619275638865657641 2232
1619275638889552208 5001
1619275638908687142 2269
1619275639038948841 1826
1619275639216421442 1359
1619275639241358020 934
1619275639246032651 2554
1619275639455516658 3013
1619275639536171763 6073
1619275639584424227 1139
1619275639592586584 1587
1619275639779392852 2170
1619275639803934720 2185
1619275639907897627 3636
1619275639962083833 86
1619275640039497592 3665
1619275640324012279 2060
1619275640339180925 1632
1619275640379009848 5130
1619275640400885928 1987
1619275640435443013 3070
1619275640439018440 1475
1619275640446913227 1863
1619275640478795237 1789
1619275640969539955 87
1619275640979972525 990
1619275641043826099 2452
1619275641079858484 2522
1619275641085442307 3499
1619275641148503603 2388
1619275641214141501 3863
1619275641357865725 822
1619275641541056690 676
1619275641866786763 3808
1619275641939658011 2419
1619275642086519049 1325
1619275642094295336 1871
1619275642191013507 1483
1619275642286095970 3152
1619275642306300232 2300
1619275642390942252 2056
1619275642431295932 1644
1619275642600157354 1201
1619275642669487063 1479
1619275642678443691 2113
1619275642736435118 1515
1619275642754909832 2894
1619275642779734582 1497
1619275643160114758 1958
1619275643250743982 2272
1619275643341481508 4912
1619275643598253173 5310
1619275643901690991 840
1619275643924483689 2046
1619275643972291249 2003
1619275643986647958 3484
1619275643992047055 3349
1619275644139123497 1582
1619275644195447545 2037
1619275644345824711 4071
1619275644351120727 3198
1619275644392367961 6576
1619275644459665432 3242
1619275644589194399 2914
1619275644653470897 3455
1619275644914666553 2586
1619275645146475527 2614
