1619276221517808799 3967
1619276221857894632 2300
1619276221878269567 4007
1619276221894616291 3844
1619276221932750702 3119
1619276221956245686 3345
1619276221966084666 3241
1619276222229595217 3019
1619276222311906331 6893
1619276222359535896 3365
1619276222647045005 2255
1619276222680455018 1975
1619276222897021112 3298
1619276223152791369 1574
1619276223376357540 2658
1619276223577534773 4047
1619276223620816917 22215
1619276223870178444 1678
1619276223882310435 3457
1619276223941933140 2808
1619276224075733415 1507
1619276224148646589 2291
1619276224266455192 2406
1619276224360379723 3623
1619276224428112629 2583
1619276224747660311 3633
1619276224903195695 3125
1619276224933288488 883
1619276225025809137 1645
1619276225075986176 2292
1619276225145623460 2880
1619276225228590092 1736
1619276225282086954 1265
1619276225608901867 6283
1619276225658986786 4235
1619276225767286488 5490
1619276225822575098 10275
1619276225828555827 3902
1619276225864575513 3067
1619276226087362984 3312
1619276226621886322 5291
1619276226635790670 2384
1619276226682981264 1944
1619276226730919160 3270
1619276226777671335 4915
1619276226867457811 3124
1619276227061584540 2994
1619276227121144402 3765
1619276227159343371 1579
1619276227184758533 2230
1619276227286006909 3690
1619276227508937076 1144
1619276227552038001 3164
1619276227564522703 4475
1619276227704696333 6040
1619276227845306534 3521
1619276227859801271 6072
1619276227962939386 4898
1619276228017243854 2022
1619276228088416138 8400
1619276228518089948 2542
1619276228540945951 4502
1619276228614206590 5365
1619276228947347141 3300
1619276229090438720 4585
1619276229250114569 6990
1619276229334417497 3744
1619276229432019420 2467
1619276229495625071 2762
1619276229568137555 4820
1619276229826904586 2232
1619276229903061759 3598
1619276230013630247 4632
1619276230142626065 3930
1619276230329029234 2063
1619276230389083767 5883
1619276230580981250 3262
1619276230604286081 14609
1619276230968392941 4174
1619276231045991438 4753
1619276231326317305 6404
1619276231699287148 3757
1619276231844378086 6198
1619276231889775473 3442
1619276231960113053 5581
1619276232057010723 4506
1619276232484606635 4568
1619276232711890910 4418
1619276232879759004 5806
1619276232904958156 7962
1619276233391644626 3721
1619276233424344081 2353
1619276233429272769 2830
1619276233480677666 2286
1619276233530007997 2290
1619276233655163928 6911
1619276233833529069 1255
1619276234057188596 4822
1619276234064131759 4804
1619276234101729083 3269
1619276234278083479 3262
1619276234500582165 7768
1619276234589309052 3711
1619276234621510409 4158
1619276234952597753 5933
1619276235027637129 3657
1619276235608804596 4428
1619276235675815912 4576
1619276236012071027 2598
1619276236159129908 39
1619276236352464644 1639
1619276236357265184 2673
1619276236463201113 5148
1619276236484737006 2087
1619276236858192667 3588
1619276236903881050 2412
1619276236971544700 2982
1619276237036205689 1686
1619276237164682115 2526
1619276237231463475 606
1619276237305952496 3054
1619276237351768279 4375
1619276237732205241 2930
1619276237762010909 4898
1619276238094425784 4254
1619276238224715056 1741
1619276238281244773 4775
1619276238434562321 4452
1619276238731909105 2020
1619276238881832551 3650
1619276238893344924 3764
1619276238898723077 3336
1619276239015045269 3230
1619276239232711005 2366
1619276239334868856 5519
1619276239352492027 6640
1619276239370402126 7476
1619276239892153932 5766
1619276240078170391 6492
1619276240111507160 1979
1619276240291811140 5196
1619276240313750786 4525
1619276240441171212 2226
1619276240472274208 4301
1619276240483825272 3143
1619276240555387626 2709
1619276240619690689 3047
1619276240630640622 3151
1619276240694086068 6259
1619276240748595696 3251
1619276240836124950 3608
1619276240974670679 2258
1619276240994974015 3203
1619276241271186234 3316
1619276241276524244 3198
1619276241698852068 3909
1619276241764360199 4165
1619276241840200714 4354
1619276241995356961 1857
1619276242075712916 6100
1619276242163487416 1763
1619276242279929560 2626
1619276242348418787 1987
1619276242492429716 3604
1619276242627788094 1003
1619276242650688709 5819
1619276242658486626 5593
1619276242727191992 954
1619276243116908593 1691
1619276243137785178 2354
1619276243196730074 2619
1619276243422148312 17566
1619276243639753476 4842
1619276243716093900 5644
1619276243728710728 4019
1619276243784384344 4289
1619276243867842800 4755
1619276244104249813 2981
1619276244113455035 3076
1619276244137117573 44
1619276244343343157 5687
1619276244429779235 5715
1619276244460907674 6246
1619276244468685888 5738
1619276244668579572 3284
1619276244918180478 2461
1619276244934850469 3535
1619276245027401678 4794
1619276245085854283 4195
1619276245136063739 2899
1619276245360351935 2681
1619276245620812431 4714
1619276245977423114 3981
1619276245996238479 5000
1619276246171191469 4112
1619276246641999615 4262
1619276246764311273 2951
1619276246820250969 3721
1619276246836693284 3698
1619276246934992867 2127
1619276246941196086 4071
1619276246952372634 3568
1619276247034447801 2849
1619276247274933470 4526
1619276247364340018 4775
1619276247393464689 5839
1619276247517502160 5481
1619276247803726758 2359
1619276247864907879 4812
1619276247882970295 636
1619276247980181201 4561
1619276248240363572 1212
1619276248263346349 2818
1619276248482942978 4493
1619276248599518360 3096
1619276248604554638 3011
1619276248763452754 3104
1619276248783860517 3352
1619276248827639686 4510
1619276248860500642 3021
1619276248866674233 4135
1619276249021069523 3107
1619276249056591611 4117
1619276249201270836 1520
1619276249206550118 3198
1619276249556237572 4823
1619276249595430302 2501
1619276249889063847 3116
1619276249946439802 5611
1619276250052728156 4490
1619276250373720581 4642
1619276250397464253 4343
1619276250474815375 6230
1619276250610561115 4020
1619276251040120631 1382
1619276251232887590 3137
1619276251285189369 2667
1619276251353196145 3565
1619276251717641413 86
1619276251777441106 2889
1619276251829966544 3033
1619276251902129812 5992
1619276252186508175 4214
1619276252198456751 4028
1619276252225242596 3164
1619276252236198536 69
1619276252637405633 3118
1619276252706983029 3824
1619276252786646311 3763
1619276252931640937 1676
1619276253131913949 3200
1619276253324716238 1514
1619276253340134361 2734
1619276253535374785 2161
1619276253702593452 2217
1619276253706574115 1905
1619276253718729657 2315
1619276253740770132 9786
1619276253761548046 4597
1619276253885327699 2045
1619276253925569854 3328
1619276254052915379 3099
1619276254104375260 3638
1619276254123401775 2293
1619276254270557780 1764
1619276254275182913 2588
1619276254341565201 5210
1619276254488120088 4019
1619276254534826410 2222
1619276254564284854 3915
1619276254602346277 2241
1619276255101208431 2385
1619276255131087727 4308
1619276255236236696 4573
1619276255262093254 4498
1619276255507590968 54
1619276255546893485 4266
1619276255974149750 5104
1619276256162333613 5666
1619276256209568689 3249
1619276256234100271 2849
1619276256442184689 8567
1619276256593279419 3448
1619276256677468974 6092
1619276256890626293 3223
1619276256986420557 5559
1619276257065523742 3288
1619276257326263578 2326
1619276257335650480 2005
1619276257468518284 3502
1619276257474182648 3475
1619276257513672271 4120
1619276257558132579 3103
1619276257588972588 4398
1619276257626840315 2217
1619276257741347046 3179
1619276257818645163 2570
1619276257997959773 1784
1619276258170905723 4367
1619276258428008230 4502
1619276258551140282 62
1619276258711771216 3198
1619276258994074801 3104
1619276259031426074 2308
1619276259055937977 6424
1619276259062598227 4552
1619276259107256314 2715
1619276259293396602 87
1619276259344005871 3464
1619276259352889084 1815
1619276259458804832 3576
1619276259590952301 2343
1619276259626911824 7277
1619276259704373371 2084
1619276259736802462 7919
1619276260032034050 3392
1619276260069767352 2322
1619276260108040857 3348
1619276260283394150 4474
1619276260380613934 4059
1619276260433994025 3777
1619276260439140487 2998
1619276260482155694 5249
1619276260486863947 2589
1619276260491721493 2700
1619276260891031508 1511
1619276260926428262 2967
1619276260957007126 2846
1619276261271962358 3981
1619276261277754803 3670
1619276261289317981 2665
1619276261373950485 2557
1619276261554136871 1599
1619276261575722575 4412
1619276261793511392 5131
1619276262069749918 4847
1619276262086111113 3553
1619276262103025039 3231
1619276262214422739 2202
1619276262223410754 3001
1619276262264325198 2408
1619276262454259818 2085
1619276262458961393 2668
1619276262611553555 4125
1619276262627640823 3631
1619276262670089009 3865
1619276262892144400 2333
1619276262942953559 6972
1619276262953088821 3073
1619276263025779313 2807
1619276263124280960 4496
1619276263190482949 2767
1619276263290742446 1492
1619276263327784907 4092
1619276263417107776 1803
1619276263515657776 2011
1619276263580855015 436
1619276263660666078 2378
1619276264083007690 3925
1619276264097670323 2434
1619276264175963304 2093
1619276264560609205 2621
1619276264612885959 7234
1619276264632261551 1665
1619276264785225529 2934
1619276264790123761 2794
1619276264887267898 3981
1619276264894370829 5020
1619276265028244038 4991
1619276265211665340 2487
1619276265383860603 3151
1619276265961602851 6945
1619276265999306115 3613
1619276266023122815 2930
1619276266044763735 4461
1619276266121789466 3195
1619276266283129629 2755
1619276266302491041 7488
1619276266726591752 4598
1619276266740006851 4012
1619276266754872249 3133
1619276267141244443 1137
1619276267146633592 3223
1619276267157649632 3444
1619276267198541267 4010
1619276267411442212 4522
1619276267469877143 4432
1619276267658170134 5177
1619276267773484404 3812
1619276267832668026 6109
1619276267926619393 4927
1619276268032280303 4029
1619276268145918579 2419
1619276268150634897 2609
1619276268281345134 2156
1619276268320458753 4109
1619276268453855849 5215
1619276268464766907 87
1619276268476791094 3048
1619276268637279727 5441
1619276268642421551 3079
1619276268696282198 6564
1619276268776063894 2917
1619276268786121560 3152
1619276268907782355 5109
1619276269373733385 3268
1619276269452414026 3056
1619276269701928352 2974
1619276269813949019 3432
1619276269932180555 7620
1619276269944089078 3650
1619276270036101763 4121
1619276270170073039 3453
1619276270238342736 837
1619276270257415681 2567
1619276270261626414 2175
1619276270304653781 4269
1619276270321892149 3752
1619276270344600459 3168
1619276270351632051 4932
1619276270382369569 4742
1619276270404730170 3204
1619276270444074075 4808
1619276270628349287 3419
1619276270776292522 6409
1619276270788838275 4296
1619276270860299520 1952
1619276270982224861 2861
1619276270999136778 2141
1619276271022755375 5905
1619276271174128771 5216
1619276271272334927 2494
1619276271333881632 6077
1619276271356801196 2702
1619276271393525549 4568
1619276271583628570 2676
1619276271595527062 5286
1619276271650102764 4301
1619276271706924143 3278
1619276271750835852 2149
1619276271793561428 3153
1619276271817398695 3033
1619276271924079126 3311
1619276272098042875 1971
1619276272135398108 3826
1619276272265659943 5353
1619276272377920635 3313
1619276272395099367 2578
1619276272514866034 3116
1619276272619940438 2046
1619276272628689029 2497
1619276272676599169 2453
1619276272939729377 4470
1619276273308916707 5235
1619276273413497407 3481
1619276273432685589 4086
1619276273540081046 1891
1619276273591125140 1779
1619276273916039407 2656
1619276274188571141 2902
1619276274281212352 181
1619276274746266628 55
1619276275007280436 4530
1619276275038210323 6163
1619276275157393387 5161
1619276275239982695 1815
1619276275255518520 3943
1619276275394687641 2927
1619276275451489150 2752
1619276275478083271 3162
1619276275495923649 4766
1619276275538894409 3268
1619276275642766827 3630
1619276275743919923 2451
1619276275814950799 2077
1619276275872309378 76
1619276275983715255 9905
1619276276073782368 2131
1619276276092560102 2123
1619276276189980636 3959
1619276276209436386 3450
1619276276236618218 4148
1619276276341843403 5540
1619276276456337537 5445
1619276276562754160 2142
1619276276647207450 2082
1619276276857283644 1429
1619276277024431227 2693
1619276277240572924 2288
1619276277304084841 2937
1619276277558268253 3845
1619276277707378436 1393
1619276277793378736 3257
1619276277810431426 4101
1619276277978712908 1401
1619276277988945763 2452
1619276278185257661 2665
1619276278216279203 2682
1619276278372661933 3776
1619276278377474603 2770
1619276278388627117 3170
1619276278459867368 6404
1619276278506473431 1396
1619276278581644213 2572
1619276278610244583 3340
1619276278856291491 2454
1619276278862664486 4273
1619276278942143633 3333
1619276279003498843 2574
1619276279008249552 2662
1619276279063488530 3017
1619276279096921790 82
1619276279204396095 3275
1619276279257937257 3052
1619276279279822847 3290
1619276279384178501 2744
1619276279471737704 2979
1619276279898576796 7860
1619276279981752227 1966
1619276280387693266 3718
1619276280429340971 3766
1619276280434613883 3218
1619276280553982074 3109
1619276280565275224 1529
1619276280644938737 3133
1619276280677181136 3830
1619276280739786546 3538
1619276280781296833 1804
1619276281012958184 119
1619276281046604116 2228
1619276281151282593 6315
1619276281158478778 5036
1619276281196900302 2679
1619276281214215278 8391
1619276281324515065 5182
1619276281349131706 1805
