1619276693964363519 3137
1619276694061189271 3522
1619276694163631619 2101
1619276694270770272 3421
1619276694274311587 1490
1619276694571593517 3965
1619276694642135008 3751
1619276694960268628 5030
1619276695052103232 1783
1619276695235206212 4332
1619276695320222865 4860
1619276695396916568 2404
1619276695486800786 2754
1619276695688874769 2356
1619276695848251671 3277
1619276695923679272 4645
1619276696038538544 5474
1619276696092560171 3305
1619276696172892721 4203
1619276696255864370 1888
1619276696338195637 5531
1619276696385144483 3141
1619276696517967576 4125
1619276696589879595 5356
1619276696751439583 5159
1619276696755567258 2058
1619276696786394737 3537
1619276696832124062 3511
1619276696874245692 5537
1619276697036452174 2564
1619276697524644592 3859
1619276697833250842 3742
1619276697851494045 5784
1619276697942485318 3887
1619276698387762163 4428
1619276698462087852 4494
1619276698599142293 2611
1619276698618426968 5140
1619276698640102028 3348
1619276698877134453 2062
1619276698909742989 4722
1619276698964148679 7998
1619276699048555342 6176
1619276699380845079 5319
1619276699529197312 6515
1619276699633101011 6001
1619276699660040179 3682
1619276699711084482 5468
1619276700014328824 5763
1619276700067268672 5479
1619276700117509689 6337
1619276700245353097 946
1619276700284373767 6189
1619276700362655250 2466
1619276700709526186 5216
1619276700883562120 799
1619276701080924715 3442
1619276701137566227 4426
1619276701286030696 4702
1619276701442865765 3137
1619276701621560677 3919
1619276701643600363 4223
1619276701690085333 9158
1619276701794849630 5480
1619276701800948413 3933
1619276701822414363 4385
1619276701873507984 4394
1619276701886611406 4626
1619276701920748814 9065
1619276701926273047 3422
1619276701963339145 7150
1619276701979936294 7554
1619276702333709622 5021
1619276702650211605 6666
1619276702798059152 46
1619276702819444065 5712
1619276703001107368 6415
1619276703095453671 6493
1619276703283910940 1565
1619276703340872589 6260
1619276703363954347 10400
1619276703416695769 3491
1619276703529977963 2869
1619276703674413141 4342
1619276703763651251 4104
1619276703821998268 5577
1619276703855784176 8720
1619276703907378148 2396
1619276704168792877 2684
1619276704234004512 3330
1619276704239742426 3706
1619276704246339955 4571
1619276704301975879 5374
1619276704337869334 4199
1619276704343446282 3505
1619276704564110676 5123
1619276704605131690 3538
1619276704719584664 3470
1619276704843826252 6124
1619276705084840308 3221
1619276705090521035 3644
1619276705219852085 4732
1619276705265520773 5460
1619276705428731172 5316
1619276705892080983 3842
1619276706083116608 2044
1619276706122271464 4863
1619276706164543095 3843
1619276706190855779 10280
1619276706208122375 2291
1619276706504707514 3698
1619276706530159552 84
1619276706571882102 2389
1619276706619281425 7263
1619276706781088177 4648
1619276706787643000 4444
1619276706889109066 1479
1619276706894185089 3006
1619276706978459166 3971
1619276707028860611 2238
1619276707092660997 4482
1619276707104238546 3001
1619276707117082252 3573
1619276707520466064 6696
1619276708217038664 6732
1619276708413880824 3990
1619276708640232522 4540
1619276708814549101 5949
1619276708849677900 5694
1619276709047720308 3151
1619276709089986669 3877
1619276709131589591 2313
1619276709187611378 7758
1619276709203392258 5619
1619276709426426497 5049
1619276709531753787 3785
1619276709542304129 3389
1619276709597727509 3917
1619276709679556059 4819
1619276709757788462 46
1619276709912329998 2889
1619276709942613316 5442
1619276709984943047 5194
1619276710063306207 4208
1619276710113364484 7153
1619276710179955668 4099
1619276710272226877 3705
1619276710290961874 4565
1619276710492921558 4186
1619276710524135290 2706
1619276710646615535 3449
1619276710782894919 4910
1619276710978688993 3055
1619276711109280681 3703
1619276711455062170 4921
1619276711475770772 1915
1619276711491712207 1034
1619276711554850990 6343
1619276711647535897 7710
1619276711688987487 6198
1619276712173981823 2779
1619276712445371980 6425
1619276712468677436 3842
1619276712484313343 6606
1619276712757055363 3354
1619276712871489196 7253
1619276712881033407 2801
1619276713005448833 6914
1619276713041934007 3770
1619276713215604866 1492
1619276713232469394 4816
1619276713525525314 5775
1619276713581203862 3193
1619276713634838413 4130
1619276713923067975 4293
1619276714181445354 5376
1619276714340979977 4029
1619276714356912877 4096
1619276714804495633 7533
1619276714883613465 1382
1619276714914350617 3995
1619276714988618461 3091
1619276715013169332 3417
1619276715186041161 5436
1619276715211590629 2415
1619276715287290728 1869
1619276715400425142 4666
1619276715409572011 2674
1619276715523300373 5406
1619276715538729491 2839
1619276715544049305 3176
1619276715577465177 3843
1619276715731122269 3209
1619276715824157924 5480
1619276716041036718 4503
1619276716124397945 3331
1619276716404224057 5132
1619276716565623050 6211
1619276716572243689 4462
1619276716684225452 7765
1619276716746763698 7629
1619276716843746864 6161
1619276716852286622 6485
1619276717345018028 1850
1619276717416189915 3080
1619276717665863683 9821
1619276717942844645 2854
1619276717961844021 2786
1619276717987848270 2995
1619276718222190023 4696
1619276718378192016 3837
1619276718518126754 3113
1619276718820828301 5383
1619276718924557113 3625
1619276719034692028 3100
1619276719246504331 5302
1619276719275233041 4169
1619276719391454902 3872
1619276719436543038 3609
1619276719647184743 3951
1619276719652696141 3476
1619276719661942576 2959
1619276719862798944 4481
1619276719885247535 4046
1619276719977587150 2469
1619276720163589425 8025
1619276720169894200 4243
1619276720176122603 4075
1619276720362840310 4353
1619276721068149255 8583
1619276721384989063 4944
1619276721502184172 3288
1619276721527389438 6241
1619276721587684869 4765
1619276721640307769 3517
1619276721787985890 2689
1619276721870818591 4180
1619276721930332426 3167
1619276721991912730 3581
1619276722070909933 3166
1619276722120382868 4031
1619276722135075999 5601
1619276722281293153 5705
1619276722326631508 4206
1619276722742735736 3474
1619276722861123151 4248
1619276722888558088 7306
1619276723055462684 3314
1619276723262013443 6421
1619276723429505177 6463
1619276723644221623 3072
1619276723881782130 1851
1619276724178205240 2664
1619276724389528205 5947
1619276724438034614 5708
1619276724637059696 6615
1619276724856626528 4408
1619276724938904145 6751
1619276725009066686 7318
1619276725728508552 5325
1619276725817483380 5966
1619276726058307979 4932
1619276726126340725 5626
1619276726392857637 3933
1619276726535472119 3983
1619276726601989172 2457
1619276726686306851 5672
1619276726710253495 5775
1619276726737181864 7662
1619276726841038148 1723
1619276726921599851 4670
1619276726925685644 2033
1619276726944269434 4578
1619276727937479383 1314
1619276727960426029 1918
1619276727976513804 4663
1619276728106383454 3727
1619276728121705338 3087
1619276728139854159 4189
1619276728300092620 6218
1619276728487665086 1495
1619276728746803196 2674
1619276728884049845 5206
1619276729117170785 129
1619276729226250012 5526
1619276729297386431 5467
1619276729369214352 4302
1619276729498330376 4994
1619276729506109283 5583
1619276729546679557 4945
1619276729632357743 4756
1619276729665285675 1962
1619276729976681728 3326
1619276730191538938 5004
1619276730238621723 4341
1619276730378129033 3506
1619276730391600557 6313
1619276730464116159 5870
1619276730509078430 6517
1619276730530895662 51
1619276730549350950 5812
1619276730650221204 4485
1619276730786968965 4293
1619276731063942595 2189
1619276731155655324 2665
1619276731546212060 8114
1619276731634849119 4742
1619276731640650873 3750
1619276731802367771 3796
1619276732137365848 4012
1619276732385873357 2039
1619276732406478701 6599
1619276732452339776 5844
1619276732470156130 7072
1619276733105717282 5194
1619276733304940134 1705
1619276733323256414 3687
1619276733584165884 3575
1619276733611725512 3656
1619276733930134579 2212
1619276733979396730 5940
1619276734364040435 8380
1619276734412837403 6444
1619276734608609662 5575
1619276735043537241 4116
1619276735059967802 3921
1619276735150511365 43
1619276735209707090 4516
1619276735471697271 2572
1619276735581656051 3507
1619276735632374430 6614
1619276735739921776 4842
1619276735776939569 3748
1619276735803868122 86
1619276735814008625 4112
1619276736015183804 4288
1619276736049993345 5440
1619276736107342455 3412
1619276736268347456 4296
1619276736281016384 3812
1619276736569911151 3906
1619276736641603682 3826
1619276736713287341 2492
1619276736845942107 4521
1619276736932125944 6930
1619276736996152202 11544
1619276737386306203 3700
1619276737491721658 1998
1619276737594645536 4798
1619276737743188197 3276
1619276737765322936 1759
1619276737811059825 5961
1619276737848005592 1617
1619276737890599145 3028
1619276737939576047 2934
1619276738049726779 5131
1619276738523611107 5044
1619276738623798871 6345
1619276738734038138 2722
1619276738990813322 5813
1619276739357743250 4414
1619276739378918809 2792
1619276739533771698 87
1619276739583179831 83
1619276739624676081 2934
1619276739631277902 4406
1619276739734938909 3274
1619276739804667176 3040
1619276740046541266 4329
1619276740184882541 3860
1619276740246226046 3187
1619276740253906429 90
1619276740306478572 7151
1619276740385888997 2529
1619276740691528004 2292
1619276740795430309 5842
1619276740864389996 4925
1619276740896626196 2006
1619276741230478066 5293
1619276741300531452 3304
1619276741312544517 4327
1619276741643751180 42
1619276741839004955 4599
1619276741899839472 3719
1619276741930132739 6419
1619276742100255246 4187
1619276742199194872 3556
1619276742259183667 3230
1619276742373410721 4262
1619276742391120068 3804
1619276742451278392 3647
1619276742866501717 4205
1619276742898487775 4388
1619276743107321227 4164
1619276743177458030 4440
1619276743572544623 9091
1619276743595353737 7940
1619276743648838941 4947
1619276743899927065 9069
1619276743966180755 2267
1619276744014922630 3448
1619276744102448590 5922
1619276744149027044 5520
1619276744186564447 2237
1619276744641006621 3040
1619276744656940425 7210
1619276745069373153 3320
1619276745145874717 2783
1619276745360918769 3335
1619276745376088664 4015
1619276745403828998 3039
1619276745422667869 3367
1619276745749461592 5810
1619276745818873028 46
1619276746166972196 1709
1619276746279928997 4600
1619276746542996324 2946
1619276746617212687 14923
1619276746760867666 3317
1619276746869646685 4691
1619276747046340715 4604
1619276747234833376 53
1619276747475885699 49
1619276747506962564 3980
1619276747763346422 3331
1619276747962688962 86
1619276747979148206 4935
1619276748022620477 655
1619276748072162005 86
1619276748215608678 5000
1619276748360672778 94
1619276748400632794 3601
1619276748471338909 3938
1619276748751994273 4540
1619276748776009890 3915
1619276748901629630 5469
1619276749059321348 91
1619276749345954446 1686
1619276749350389253 2390
1619276749514439073 2839
1619276749585594239 47
1619276749781079512 2544
1619276749820587494 7626
1619276749876953684 2677
1619276749894112706 1343
1619276750306905868 4868
1619276750343142103 6073
1619276750456626711 4731
1619276750736182777 5909
1619276750788262518 1644
1619276750900067708 3407
1619276750966388736 3015
1619276750975624898 2361
1619276751204835888 3272
1619276751217931660 4996
1619276751353867763 8202
1619276751422566660 3276
1619276751457615187 94
1619276751512333478 3267
1619276751921835885 5382
1619276751985730796 1628
1619276752059680261 6315
1619276752084123122 45
1619276752220440725 6659
1619276752330842257 3108
1619276752422749059 40
1619276752707766610 5716
1619276752858778874 2237
1619276753056363334 7348
1619276753068592889 3873
1619276753304137715 573
1619276753452273849 8066
1619276753454364479 43
1619276753658478417 2747
1619276753670226079 2022
1619276753754611729 7160
1619276753857206045 4491
