1655354832120952085 688262053
1655354832619011068 196070777
1655354832980768245 160587281
1655354833362734233 180659207
1655354833756405062 193275883
1655354834179248117 222450116
1655354834553813184 174181033
1655354834965337320 211143281
1655354835295082516 129359810
1655354835631014768 135524737
1655354835963082125 131684591
1655354836312961730 149485038
1655354836632941630 119604425
1655354836978256991 144903443
1655354837362136001 182895206
1655354837712797484 150242861
1655354838016772500 103566109
1655354838390154169 172990828
1655354838749667097 158601431
1655354839013102068 63024551
1655354839270385411 56883958
1655354839609297420 138533102
1655354839970629270 153456668
1655354840323582312 152553126
1655354840682690426 158703778
1655354841046943812 130580429
1655354841624209212 376822057
1655354842015971522 191346516
1655354842393611117 176996284
1655354842708003670 113419740
1655354843029912353 121435013
1655354843375683626 145342990
1655354843692885031 116801681
1655354844090515901 196740618
1655354844374498049 83593346
1655354844650407764 75535667
1655354845042430658 191637453
1655354845505535026 262724647
1655354845890641071 184712669
1655354846240740833 149708634
1655354846583638507 142489827
1655354846942607436 158577690
1655354847294656433 151654594
1655354847642710602 147673090
1655354848031050637 187956197
1655354848420703698 189243867
1655354848899277426 278121138
1655354849206568218 106892801
1655354849473572838 66609641
1655354849737358606 63381868
1655354850104949815 167164886
1655354850470377198 165019574
1655354850801548874 130784563
1655354851236109459 234177488
1655354851597931470 161387477
1655354851941367224 143007939
1655354852287774740 146003158
1655354852659339857 171182333
1655354853054420311 194699818
1655354853440231490 185427506
1655354853801536404 160923495
1655354854158225574 156292208
1655354854534513205 175907520
1655354854952546110 217639676
1655354855266879319 113939775
1655354855609300430 142041140
1655354855894430999 84712932
1655354856195824877 100999931
1655354856591099444 194839976
1655354857008110556 191733323
1655354857367793018 159288807
1655354857738983270 170793667
1655354858113450976 174113788
1655354858437814277 123977267
1655354858851124877 213061117
1655354859219934959 168387444
1655354859561694907 141340712
1655354860096872145 334753631
1655354860476683782 179374661
1655354860862412514 185331557
1655354861208779321 145955671
1655354861579810552 170613964
1655354861982891431 202664866
1655354862343633791 160361189
1655354862623742637 79676660
1655354862969816833 145027602
1655354863280392804 110167039
1655354863714658408 233882783
1655354863994213604 78393744
1655354864333599477 138993386
1655354864692236962 158146024
1655354865091186060 198520576
1655354865472799048 181201630
1655354865812541665 139338474
1655354866162007964 148571046
1655354866570228895 207815513
1655354866950093078 179463375
1655354867281492604 130998517
1655354867612585846 130692432
1655354867932948672 119946471
1655354868203811207 70475505
1655354868576363267 172136611
1655354868957160309 180385107
1655354869289109975 131542904
1655354869620353581 130842851
1655354869968524390 147783945
1655354870359100548 190142099
1655354870704357721 144778218
1655354871060012269 155252856
1655354871411035591 150602328
1655354871735300990 123885179
1655354872113833338 178053592
1655354872534257794 219545747
1655354872880508256 145846383
1655354873208908228 128014072
1655354873565515263 156212243
1655354873896696980 130772144
1655354874221541917 124423020
1655354874530655973 108419490
1655354874887350341 156305575
1655354875240494618 152743881
1655354875607800107 166906678
1655354876021458480 213222411
1655354876420821271 198933128
1655354876788134971 166890262
1655354877168083057 179512633
1655354877481658654 113156637
1655354877855090405 173013533
1655354878253070018 197545612
1655354878613484297 159978530
1655354878941006563 127082650
1655354879311234843 169786635
1655354879659540487 147913404
1655354880022696600 162746064
1655354880399546547 176443043
1655354880714876283 114918738
1655354881056971608 141651894
1655354881509037341 251691707
1655354881831588036 122054491
1655354882140549021 108559668
1655354882453835584 112858963
1655354882773342152 119120405
1655354883116156487 142430378
1655354883482495657 166108697
1655354883885994144 203113056
1655354884259835089 173450949
1655354884661739921 201509106
1655354885049546095 187398160
1655354885419566316 169587782
1655354885772889015 152902925
1655354886138457980 165158094
1655354886527135789 188294611
1655354886908793995 181275024
1655354887227615714 118440066
1655354887531251847 103248398
1655354887885816036 154180882
1655354888298073783 211869549
1655354888637088104 138622142
1655354889068883799 231474884
1655354889519450756 250188802
1655354889884700100 164860203
1655354890363897755 278820587
1655354890702834779 138533187
1655354891062582168 159370569
1655354891422871551 159899743
1655354891775229625 151970919
1655354892042159332 66547173
1655354892293277111 46549520
1655354892629995416 132878131
1655354892976708934 146333654
1655354893349140036 172026315
1655354893692185090 142672402
1655354894093232609 200651914
1655354894451423652 157811297
1655354894807086355 155251010
1655354895170788855 163309950
1655354895541098201 169916192
1655354896009300943 267818697
1655354896388817688 179115144
1655354896794962049 205739458
1655354897160133796 164767328
1655354897497872882 137361537
1655354897954689227 256090503
1655354898264514694 109436325
1655354898640331497 174965028
1655354898957502859 116767124
1655354899255265804 96939650
1655354899605746806 150097304
1655354899960416743 154266941
1655354900325227258 164435413
1655354900708710139 183069093
1655354901051964313 142841804
1655354901518437520 266080996
1655354901910528673 191711183
1655354902229438675 118500683
1655354902626268931 196442298
1655354902962558503 135914198
1655354903293112019 130172826
1655354903573677102 80144876
1655354903829243087 55181694
1655354904185137124 155511947
1655354904564555121 178994585
1655354904960316817 195362219
1655354905298160005 137442499
1655354905686116518 187258705
1655354906094573246 208077606
1655354906436968448 142025025
1655354906816129772 178771692
1655354907202906573 186392048
1655354907532339923 129038236
1655354907892867932 160137230
1655354908233497177 140230776
1655354908645846659 211933216
1655354909015458265 169219650
1655354909382938049 167089848
1655354909765699980 182372820
1655354910162110017 196016417
1655354910552875008 190384421
1655354910848546288 95269644
1655354911121453582 72515218
1655354911433996564 112148768
1655354911731974733 97558464
1655354912090980428 158617968
1655354912478623162 186595085
1655354912947914336 268890450
1655354913326852996 178521884
1655354913723866133 196638663
1655354914038664685 113932937
1655354914346252868 107206344
1655354914670708015 123492139
1655354915040094782 168991940
1655354915396983314 156504689
1655354915760849744 163488078
1655354916131802027 170521163
1655354916490437085 158208439
1655354916842965704 152150531
1655354917246858587 203507163
1655354917652303845 205065834
1655354917933862575 81145067
1655354918197652206 63354325
1655354918473400619 75340164
1655354918859307016 185527688
1655354919236483364 176774027
1655354919579595931 142709401
1655354919905254996 125264168
1655354920264296214 158651039
1655354920641140210 176427779
1655354921014136445 172606594
1655354921396588159 182041926