1655354522824742216 581693786
1655354523172089826 146807136
1655354523527313078 154831618
1655354523803351632 75644921
1655354524116508821 112793552
1655354524397704188 80820514
1655354524646419475 48302972
1655354524993524787 146704494
1655354525327402034 133489516
1655354525619507428 91704498
1655354525875531846 55613069
1655354526182596904 106691014
1655354526479348532 96353736
1655354526831892814 152132875
1655354527162803061 130495389
1655354527540796055 177553737
1655354527845261842 104048422
1655354528180074549 134411347
1655354528504220204 123772357
1655354528840574160 135976640
1655354529183591951 142627694
1655354529517919896 133934890
1655354529856647349 138329701
1655354530208783670 151753500
1655354530570098968 160925414
1655354530887128764 116629109
1655354531209084883 121548518
1655354531537787336 128288844
1655354531815826418 77617630
1655354532143257778 127048437
1655354532496686229 153026175
1655354532765939153 68860475
1655354533112211597 145867594
1655354533425264637 112646542
1655354533704710479 79063069
1655354533975926689 70839281
1655354534269955624 93651535
1655354534590812106 120476271
1655354534889784442 98578120
1655354535213571650 123399252
1655354535564008224 150034684
1655354535905400558 141008397
1655354536201205087 95397663
1655354536498393920 96777118
1655354536856267143 157433328
1655354537170568509 113887797
1655354537485558060 114603521
1655354537780979063 95194219
1655354538053918552 72533427
1655354538302713252 48388833
1655354538563014516 59923510
1655354538843644987 79604360
1655354539174904722 130872951
1655354539496889516 121600483
1655354539840622637 143341470
1655354540144019576 102993563
1655354540449518265 105122461
1655354540752152990 102247905
1655354541077040867 124521932
1655354541413087289 135665240
1655354541739610062 126132762
1655354541996483771 56491780
1655354542266101888 69251443
1655354542529088554 62585787
1655354542815178060 85682289
1655354543089379676 73827038
1655354543425202804 135386320
1655354543740172064 114581420
1655354544107534557 166963668
1655354544468639214 160664965
1655354544774593192 105536469
1655354545090185349 115183135
1655354545420005870 128734639
1655354545742834626 122408457
1655354546068056697 124303368
1655354546376217852 107732408
1655354546680995108 104367744
1655354546990260675 108768937
1655354547288391987 97712613
1655354547652250815 163417622
1655354548000512357 147860935
1655354548325603061 124672126
1655354548634748214 108618946
1655354548932347595 97213301
1655354549306421085 173682099
1655354549626669662 119821805
1655354549916394781 89323028
1655354550215549281 98772643
1655354550505368638 89424426
1655354550775193078 69444926
1655354551033388828 57814992
1655354551330528492 96739047
1655354551669064545 138144382
1655354551968202025 98728012
1655354552289089004 120457798
1655354552641624567 152114212
1655354552951699131 109571362
1655354553289079722 136927138
1655354553606267510 116770440
1655354553939289424 132600248
1655354554253060848 113363952
1655354554587074625 133567905
1655354554875406696 87943024
1655354555125000771 49196949
1655354555450650834 125060682
1655354555706038340 54325189
1655354556008324829 101883275
1655354556319214610 110506049
1655354556633629887 114045902
1655354556964513848 129868291
1655354557289764081 124847904
1655354557678573830 188385831
1655354557989235165 110243288
1655354558288974843 99313090
1655354558614166010 124759293
1655354559026545787 211986056
1655354559340633083 113691261
1655354559682265588 141233841
1655354560029002359 146343684
1655354560354682215 125279036
1655354560675618982 120503977
1655354561023659764 147620018
1655354561318919825 94865451
1655354561630065376 110759033
1655354561949838103 119380404
1655354562274312651 124083623
1655354562526921723 52224380
1655354562819470143 92179821
1655354563088710100 68864717
1655354563393190693 103651973
1655354563686184310 92598308
1655354564017845790 131274396
1655354564348268843 129963280
1655354564667722919 119042387
1655354565026348570 158078707
1655354565360278182 133512559
1655354565685514050 124840473
1655354566023081553 137169505
1655354566326505846 102992490
1655354566657235454 130296042
1655354566994608321 136942544
1655354567306563588 111563890
1655354567619163024 112201741
1655354567945782160 126185475
1655354568267843192 121654811
1655354568606954457 138703530
1655354568934197668 126857506
1655354569267394931 132768661
1655354569572030043 104185721
1655354569906331719 133881034
1655354570251037302 144278729
1655354570586909349 135470708
1655354570938918720 151616445
1655354571280546352 141237485
1655354571589015875 108072013
1655354571897556957 108262908
1655354572247087813 149132944
1655354572557531871 110061592
1655354572864282643 106361181
1655354573151144777 86487649
1655354573465836671 114295198
1655354573808549631 142332296
1655354574199726002 190795881
1655354574551360797 151177386
1655354574887007060 135254617
1655354575201319117 113898730
1655354575531563710 129873029
1655354575902487458 170538880
1655354576218298903 115411031
1655354576525250085 106508250
1655354576872719275 147182141
1655354577177337282 104175717
1655354577464632472 86889338
1655354577812780054 147497470
1655354578140088821 126896839
1655354578429078544 88610749
1655354578700487426 71029306
1655354578958392654 57529257
1655354579273352382 114552476
1655354579581783673 108033601
1655354579924345310 142110151
1655354580255747964 130943608
1655354580568980165 112790356
1655354580907439750 138008728
1655354581251977935 144103788
1655354581592321025 139939034
1655354581904214275 111449399
1655354582175698081 71105799
1655354582483139318 106977839
1655354582744834372 61287291
1655354583005607732 60376600
1655354583333794598 127776531
1655354583658903442 124695474
1655354584017966491 158596247
1655354584358433306 140058225
1655354584692301408 133443424
1655354585034881760 142170978
1655354585386377831 151087770
1655354585697155268 110384593
1655354586051335467 153776214
1655354586395480601 143764992
1655354586704147873 108270969
1655354587030006187 125470479
1655354587351855976 121459952
1655354587691300553 139046608
1655354588022630226 130901019
1655354588311279075 88243629
1655354588560604626 48943671
1655354588808729525 47686997
1655354589095230233 86118438
1655354589415645980 120015859
1655354589823605092 207542523
1655354590180114703 156181747
1655354590496876233 116374378
1655354590821244357 123963973
1655354591179926756 158262414
1655354591486233618 105896308
1655354591816926647 130279855
1655354592153166275 135751535
1655354592479013047 125423152
1655354592828794007 149378260
1655354593139215080 110025156
1655354593470501160 130900226
1655354593777313331 106409271
1655354594081596489 103852535
1655354594407887169 125911499
1655354594743039521 134737084
1655354595099618251 156166735
1655354595396867649 96856923
1655354595701886101 104603548
1655354596022347335 120081641
1655354596314320139 91601419
1655354596565319244 50615316
1655354596814741424 49047682
1655354597092917763 77751083
1655354597386003437 92667385
1655354597719665920 133233457
1655354598065493650 145392152
1655354598453917403 188028155
1655354598745977982 91638503
1655354599052176759 105771522
1655354599418596729 166033164
1655354599717473495 98481621
1655354600101520108 183651742
1655354600438717092 136759164
1655354600774455440 134485341
1655354601102130588 127262833
1655354601448977101 146469090
1655354601802059505 152661497
1655354602120350038 117903690
1655354602443120739 122398349
1655354602758143320 114630451
1655354603160501544 201961824
1655354603505125978 144236626
1655354603830160333 124647045
1655354604161916765 131359901
1655354604499570097 137269777
1655354604788277618 88326275
1655354605051102354 62447657
1655354605325224156 73720079
1655354605587678680 62078276
1655354605947419051 159318794
1655354606271689829 123841454
1655354606597024659 124880002
1655354606927959983 130526883
1655354607238323166 109165968
1655354607563711827 124997143
1655354607888697506 123846204
1655354608220840474 131733139
1655354608529860970 108597971
1655354608830225175 99922851
1655354609138342244 107691734
1655354609449971292 111235650
1655354609792450446 142031292
1655354610116019170 123141328
1655354610433210970 116774441
1655354610795200159 161579872
1655354611090028410 94432037
1655354611361930260 71505086
1655354611609805899 47489697
1655354611874946154 64754041
1655354612163020174 87693380
