1654405046053121850 244114309
1654405046696808037 141450696
1654405046856864339 154486218
1654405047655208984 194436010
1654405048456534037 175554565
1654405049084890881 117853819
1654405049714395118 101411908
1654405050488689168 90066201
1654405051255864365 152493925
1654405052088647147 119596838
1654405052913579472 212679723
1654405053264668994 100358799
1654405054044388563 137099752
1654405054205832282 145341965
1654405054986998619 175627026
1654405055772604934 116172732
1654405055913200529 140131171
1654405056022301253 108724823
1654405056552971457 158749004
1654405057364598305 110268982
1654405058180532617 101848039
1654405059041934289 165203022
1654405059754994026 186210058
1654405061252905917 167505426
1654405061380754403 120691981
1654405062164671576 188411879
1654405062892675834 209583503
1654405063584793771 92726017
1654405063802647114 146493897
1654405064549989249 199556885
1654405065252832331 198531281
1654405066068662575 184345498
1654405066769904191 112172892
1654405067423136767 133473503
1654405068139130598 77749444
1654405068764731446 181489678
1654405069452941339 159348639
1654405070250193479 100595488
1654405071154959764 161925808
1654405071966212603 170308738
1654405072721488090 110636870
1654405073532070840 130852769
1654405074360634417 198950020
1654405076103186070 146620287
1654405076249749936 135752809
1654405077094379448 231632887
1654405077250380228 155511744
1654405078048022372 151683635
1654405078762751038 172813994
1654405079641195419 249983740
1654405080456860130 251612700
1654405080584712457 127320021
1654405081402733696 193654519
1654405082054068675 155607810
1654405082868735028 190440995
1654405083718833091 228509422
1654405084564702739 263564481
1654405085256823544 103619702
1654405086055895701 175715970
1654405086661711781 172246405
1654405087401814709 149075161
1654405088255647224 157864058
1654405088384589590 108440980
1654405089168604494 173449716
1654405089857740307 202794464
1654405090725606848 164692817
1654405091602012669 187334587
1654405092331989525 156508938
1654405092988717147 207016951
1654405093814888078 165224519
1654405094552839406 184559641
1654405094655013744 101627743
1654405095549062942 156787606
1654405096348524329 155257274
1654405097780641222 190148487
1654405098476667708 196945773
1654405098682869759 205725623
1654405099486027324 185491766
1654405099666050841 179557085
1654405100494565789 209781317
1654405101157598481 158779523
1654405101329420715 171309152
1654405101996653773 117115460
1654405102124318926 127141787
1654405103480637271 124603937
1654405104305855756 135375312
1654405104755197633 160836727
1654405105439420773 77453403
1654405106348097971 171339615
1654405107160583927 148012972
1654405108160707749 190786390
1654405108871615347 208632207
1654405109652201140 160064091
1654405110464692163 174923088
1654405111251533677 198552572
1654405111973821492 171557526
1654405112700730037 211054826
1654405113452595364 153888249
1654405114256839240 197130815
1654405115091543211 294194357
1654405115756828356 166136868
1654405117401364313 149303309
1654405118049543089 255301924
1654405118856833357 264691591
1654405119454896542 94855308
1654405120184312261 135109853
1654405121260675774 201907711
1654405121952928561 188422595
1654405122760687055 206332441
1654405123305810686 114898000
1654405123921525780 154458513
1654405124723214606 125381832
1654405125506885583 108649812
1654405126249403173 94264297
1654405126378251538 128428939
1654405127151801985 154467111
1654405127951111602 95707621
1654405128055272670 103431642
1654405128935290298 150757429
1654405129665816849 193749354
1654405130471741047 190328519
1654405131321460668 161220554
1654405132045950327 186543278
1654405132749811253 158248874
1654405133547300946 166669627
1654405134342072564 75746257
1654405135156688193 73615210
1654405135942042776 152919474
1654405136656665945 145513146
1654405137360720798 167004752
1654405137472694455 111502483
1654405138260328363 185054651
1654405139051955504 195626817
1654405139900561188 240618067
1654405140788697372 136567467
1654405141544669539 142281243
1654405141976665812 112483215
1654405142860629314 175741341
1654405143688675341 214874628
1654405144656851078 265113310
1654405145488665557 204689312
1654405146221197624 148688932
1654405147027042902 160785226
1654405147163154386 135762116
1654405148058039549 191559176
1654405149064700371 211799966
1654405149876689174 186326903
1654405149972694757 92576139
1654405150744210868 150796692
1654405151484637535 133706158
1654405152261589230 157917001
1654405153053163712 275746126
1654405153674948482 210840364
1654405154554817598 180764626
1654405155305639618 138372870
1654405155472661645 166570823
1654405156152350102 166291661
1654405156852806645 178036091
1654405157702043354 149275055
1654405158619980281 248989260
1654405159337311406 72959906
1654405159396560975 58798844
1654405160049782856 150617551
1654405160851727912 161974710
1654405161652893229 181604256
1654405162555378945 185944057
1654405163176793438 86179348
1654405163892914616 122902752
1654405164653397912 140618346
1654405164868608451 214653544
1654405165554646438 196696782
1654405165654995273 99778471
1654405166354925779 182627935
1654405167192583364 233228667
1654405168029961244 119096239
1654405168792618114 129826215
1654405169608036782 128228000
1654405170392684543 109256033
1654405171155482448 105982136
1654405171856854382 182270013
1654405172656887886 177656734
1654405174057136167 147969020
1654405174168692838 111041006
1654405174954880433 190560605
1654405175648305763 96461108
1654405176480645544 105518513
1654405177400692277 108626663
1654405178243036165 86647156
1654405179946779477 195805394
1654405182267849427 202490442
1654405182856828892 187561832
1654405183052667170 195311918
1654405183754723864 156705709
1654405184708511504 249096741
1654405186056783874 162428208
1654405186130866711 73370748
1654405187649620057 157276847
1654405188345758812 71438539
1654405189254862170 158122547
1654405190373031669 172425395
1654405191254998814 202849574
1654405192063044984 112407485
1654405192181083142 108963547
1654405192852919655 183194753
1654405193652935715 187426841
1654405193780707870 127205877
1654405194644853176 275179016
1654405195390589483 126396449
1654405196160660423 177480446
1654405197056867653 262287081
1654405197957979315 201608433
1654405198180650814 219710638
1654405198975312861 125840468
1654405199849831646 200446479
1654405199956834905 106394000
1654405200707341923 220063925
1654405201488574033 202470701
1654405202079871230 217559053
1654405202976027937 220004522
1654405203752855956 257557756
1654405204676668820 125843919
1654405204756426366 79146924
1654405205576618532 122312312
1654405205660999457 80992225
1654405206401831703 98145002
1654405208049897920 100823113
1654405208796634470 108263193
1654405209561643363 109639756
1654405211368663902 216420812
1654405212064782594 95423357
1654405212760658310 168449805
1654405212884616172 123383357
1654405213649876187 190619454
1654405213852719779 202311566
1654405214650128359 191187256
1654405215350699196 151439230
1654405215972601794 192126258
