1654405036953693983 101955025
1654405037754778056 188401002
1654405038449701655 178719936
1654405038549805710 99630308
1654405039276719995 127655198
1654405040150346975 158365833
1654405041554718720 205685562
1654405042446452222 166077033
1654405043253183111 170104632
1654405044000410559 104193715
1654405044687667848 101163409
1654405045368678580 174449393
1654405045455005737 66835569
1654405046280730017 124793002
1654405047112072429 122582304
1654405047868618527 118083046
1654405048742642402 155111962
1654405049533423302 165653876
1654405050339553713 137268166
1654405051224953998 154088695
1654405051956864443 98338604
1654405052772659949 112980105
1654405053584595191 131085925
1654405054572692927 177523748
1654405055352931970 168353531
1654405056067916458 118651766
1654405057652944269 187078947
1654405058555170737 193419525
1654405058654868536 98324123
1654405059356839350 161769319
1654405060005850509 136677339
1654405060957990036 197854636
1654405061756872230 255513674
1654405062649607535 268256130
1654405062733371768 78295152
1654405062880598938 146790325
1654405063061735149 180592955
1654405063146652751 84387598
1654405064013103166 114847508
1654405064260588670 226307212
1654405065042257918 186217310
1654405065241264141 198620970
1654405066047750188 164701060
1654405066827056906 147906341
1654405067461670187 158284948
1654405068268632354 169591849
1654405068411485456 142247842
1654405069060700511 166746938
1654405069849771844 188142044
1654405070662495015 171598979
1654405071264646481 106191474
1654405071365740816 93682662
1654405073032528969 165113011
1654405073868670955 207284387
1654405075650036322 200857416
1654405076300655701 129778680
1654405077140480466 129082732
1654405077961676905 189635716
1654405078644060499 53468137
1654405079356875793 147249202
1654405081060681385 169090557
1654405081864665453 189800311
1654405082456641180 148705053
1654405082561907245 104804462
1654405083351921636 183589219
1654405084181210796 129199209
1654405085011059313 162126240
1654405085765042600 150337305
1654405085856842001 91334373
1654405085954904535 97560040
1654405086741408137 137541751
1654405086949740146 181810400
1654405087755128228 168456803
1654405088552835170 185622804
1654405089367874590 186639966
1654405089981113089 118186148
1654405090781257156 119628558
1654405091606874192 203971303
1654405092968606997 196642009
1654405093653045524 186073942
1654405095376617912 196195297
1654405096255076918 189038659
1654405096855099067 167457180
1654405097649901493 200473405
1654405098440924048 235525151
1654405098684689611 238151863
1654405099356922284 185338942
1654405100060859918 151491012
1654405100854884117 105736788
1654405101049725647 194198706
1654405101919112404 216179399
1654405102736199373 182340186
1654405103352658916 166097086
1654405104842963090 62826950
1654405105664672814 158072166
1654405106391356317 119632063
1654405107167725817 100299087
1654405107949596436 159562382
1654405108755995308 149144023
1654405109469985113 62345288
1654405110361734209 189590293
1654405111192636101 132012622
1654405111964756068 112607268
1654405112068714494 103499532
1654405112253014255 178395059
1654405113160668785 179428586
1654405113314844437 153491777
1654405114552997410 155076305
1654405115356826655 161893296
1654405116022145963 73248394
1654405116812490671 153288441
1654405117452767266 163400935
1654405118860830712 274474003
1654405119767379070 217866079
1654405120553724250 188367019
1654405121364659812 187759743
1654405121466659001 101408331
1654405122201023650 130538693
1654405123113812858 149476640
1654405123256928318 142786577
1654405124101617219 231705962
1654405124760770707 95825096
1654405125549771286 195469560
1654405126238891950 141345097
1654405127128392640 262824500
1654405127261769396 127785882
1654405128156871576 264068137
1654405128255259423 95964940
1654405128325693826 65695440
1654405129034045069 150161191
1654405129176660314 142201574
1654405129756601304 184342537
1654405131050325323 253444947
1654405131860689479 181410375
1654405132560605869 145663301
1654405133250093929 100042523
1654405134155879187 204378652
1654405135768690811 106349455
1654405136560735923 192611098
1654405137360809326 190628087
1654405138172664894 184809188
1654405138452680469 126229664
1654405139229935646 127779312
1654405139327374285 96986957
1654405140096708231 129579975
1654405141676180750 202567308
1654405142322221819 48871857
1654405143892717534 194140413
1654405144460538822 80967003
1654405145272656827 119509565
1654405146017059191 136021478
1654405147272682174 215710264
1654405148060642750 185437869
1654405148849908882 163753328
1654405148973411668 122652750
1654405149756801309 98133227
1654405150456922010 102854226
1654405151254940815 161566251
1654405151955073885 156544104
1654405152854781761 191439166
1654405153064723240 209395998
1654405153600186433 109201834
1654405153987837870 94704057
1654405154796641023 128563991
1654405156321024959 153774617
1654405157056330814 90259881
1654405157980605409 120830987
1654405158712364391 140283323
1654405159452649593 159553060
1654405160156739085 152403114
1654405161065869847 213321440
1654405161756687136 175259542
1654405162572623564 207610506
1654405162749572311 176415435
1654405163541561681 182422497
1654405164369282061 118170566
1654405165965028642 177268181
1654405166672578831 187529947
1654405167572686505 206891490
1654405168304264991 206416292
1654405168535284699 106639113
1654405168754838645 216151606
1654405169454769561 142437574
1654405170165817993 75914162
1654405171076824505 87714441
1654405171850241966 160081131
1654405172572643709 102848224
1654405172749873863 176759073
1654405174454943486 263878892
1654405175201817998 123601670
1654405175956964045 158440807
1654405176750691350 186857637
1654405176856705182 105441371
1654405177549805394 192304329
1654405178152970773 93564846
1654405179054921457 200519987
1654405179920462654 230140430
1654405180456767073 258610820
1654405181055675364 99091369
1654405182664604428 154759445
1654405183460655887 202926209
1654405184877747298 110511640
1654405185776599645 191166996
1654405185968671987 171671683
1654405186755786204 187574489
1654405187554866430 188264384
1654405188197688793 102185818
1654405188907839457 143860707
1654405188988676123 80512530
1654405189792662675 133054247
1654405190580567893 77426739
1654405191756733997 187619985
1654405192454357363 159789053
1654405193220791152 107922319
1654405193933499314 152958787
1654405194760682232 180417284
1654405195642284656 179252955
1654405196436523569 183790336
1654405196572580201 82773632
1654405197329456701 169063642
1654405198076768754 189776294
1654405198184684579 107116287
1654405198997722909 119932907
1654405199855746280 106185217
1654405200089071974 232643718
1654405200849740767 267688315
1654405201555020390 190732563
1654405202254872128 193024096
1654405202964860301 199069644
1654405203850015304 169907300
1654405204576654744 189459658
1654405205259941430 72337084
1654405205850242801 158337051
1654405206544212695 86418280
1654405207307797001 102488325
1654405208104638656 110688614
1654405209159205963 209139310
1654405209629793231 128310073
1654405210384708331 119826512
1654405211136113357 139135600
1654405211350000160 213533561
1654405211599660651 249048579
1654405212176630330 217640403
1654405212949908476 178458751
1654405213064773117 114285416
1654405213137425389 72068618
1654405213242975089 105223028
1654405213370455224 127024415
1654405214169701028 164850977
1654405214856877851 174141153
1654405215580627988 102985420
1654405216461653757 191371401
1654405217260716640 180666328
1654405217998228776 112637916
1654405218251875948 232402137
1654405218364553269 112134158
1654405218467542839 94177935
1654405219368751502 163169832
1654405220168732258 94535391
1654405220284551024 115289628
1654405221056839664 276674616
1654405221249964608 192480255
1654405222050796607 174499414
1654405222872252591 278270752
1654405223081774009 209020829
1654405223264766471 164444189
1654405224156930895 194187912
1654405224949915811 269432224
1654405225749789599 168521558
1654405225892648090 142182635
1654405226049712362 153672414
1654405226876765345 209562392
1654405227661677097 176255396
1654405228472634349 223919108
1654405229376130039 219798580
1654405230049698004 250665408
1654405230352124971 301921942
1654405231868775122 210605734
1654405232650137645 178908147
1654405232764644576 113971944
1654405233640680296 232324113
1654405234520437841 214592930
1654405235363154131 187520474
1654405236249626917 177504243
1654405236960593388 89911167
1654405237760505257 179060941
1654405238560615434 174016107
1654405239339033436 184640344
1654405240153919329 174741100
1654405240867464497 180295210
1654405241560725293 193329715
1654405242664687447 195651913
1654405242780639856 115511081
1654405243593691758 123081588
1654405244349795340 156916195
1654405245849595464 168294081
1654405247164878962 170098668
1654405247871083858 114785400
1654405248655051762 170670097
1654405249311838890 148481135
1654405250082018806 106612879
1654405251060664121 195506188
1654405251749768297 155308484
1654405252550442228 188319265
