1654405038239164875 65391112
1654405039754737557 269750153
1654405040460644744 184079232
1654405042054806967 99444269
1654405042849730721 186094377
1654405043448296484 149891774
1654405043540761454 91899842
1654405044252564563 94531708
1654405045252942132 158805843
1654405046007543315 129421394
1654405046757251642 150821441
1654405047464689374 161708291
1654405047552628238 87386715
1654405047720873720 167651266
1654405048750120323 276162678
1654405049555651729 168102304
1654405050360705327 110597246
1654405051175742497 176367165
1654405052056937154 174099686
1654405052949779215 249454636
1654405054449878156 178792721
1654405055089677778 98584339
1654405055835878329 178035031
1654405056355125114 95917868
1654405057139987063 136483709
1654405057860682961 110092199
1654405058553061218 144930447
1654405059460675256 196358749
1654405060149760164 162453471
1654405060271941051 121714303
1654405061052776990 151388870
1654405062584613361 135460221
1654405063156763649 158153603
1654405063876745112 182315207
1654405064645748288 156772813
1654405065162441169 163675096
1654405065997665911 135628131
1654405066157740424 147285614
1654405066796308036 105194706
1654405066900321923 103515977
1654405067649637622 172200231
1654405068580692096 195179427
1654405069383877735 207142689
1654405069556774261 172290713
1654405070255641511 148248104
1654405071556734367 103914115
1654405071752670957 195367618
1654405072468710267 195764972
1654405072554801120 85524062
1654405073447655913 168445706
1654405074152950132 184105993
1654405074401156732 100935536
1654405074588654420 136380226
1654405075196714563 95350883
1654405075955933189 159974259
1654405076880669403 219207442
1654405077484651998 197566759
1654405078277633160 288068174
1654405078449725224 161525950
1654405078512002085 60008468
1654405078656917663 144577169
1654405079456989486 167455081
1654405080449838722 277669015
1654405080956814430 104396265
1654405081668601800 83588672
1654405081872603851 203530637
1654405082650052086 162975024
1654405082754978965 104075044
1654405083562151711 109629220
1654405084202333789 115666501
1654405084788747505 135929964
1654405085553003783 165833465
1654405085639983305 67753520
1654405086484567216 195953576
1654405087356813077 196163581
1654405088257816733 162043066
1654405088969492050 91567771
1654405089656812863 253558253
1654405089858785992 201357611
1654405090756674545 165752430
1654405090850789805 93467904
1654405091649757974 162225298
1654405092553935425 201550755
1654405092795146104 240743605
1654405093514582063 239940895
1654405094250187556 155133792
1654405095078093854 180758731
1654405095888689473 113579796
1654405096749816936 163589636
1654405098380071341 281398352
1654405099149785921 69835453
1654405099854756843 196281129
1654405100749950636 181838946
1654405101501745162 99593145
1654405102161448235 160396744
1654405102954759021 162503029
1654405103644285116 78910775
1654405103849833305 189879798
1654405105354662996 251337458
1654405106099345863 133488423
1654405106862585866 103256187
1654405107550787552 98708066
1654405109098543534 145704373
1654405109861691379 84900159
1654405110665873926 114713251
1654405111388591075 88492290
1654405112276624353 99461571
1654405113104237753 147506723
1654405113956817922 254953636
1654405114688686173 121307620
1654405116456816380 164395059
1654405117374927345 191895608
1654405117540212982 90933382
1654405118376579263 117650351
1654405119168727851 185647137
1654405119860373621 110958631
1654405119993912358 133061208
1654405120649772543 200323189
1654405122255168669 185400630
1654405123068679104 194037674
1654405123256893305 186023257
1654405124009043729 160037414
1654405124860676503 197539587
1654405125040222312 179079490
1654405125845335118 239934525
1654405125972648800 126830350
1654405127568650261 171879790
1654405128551309907 250895884
1654405129406574870 241167366
1654405129563769336 156873421
1654405130476585669 127322454
1654405131297677032 122550839
1654405132081031850 126003524
1654405132266729667 185244774
1654405133780850822 120445877
1654405133964710381 159505365
1654405134566917433 182690278
1654405135451244876 279049859
1654405136260456115 168089463
1654405137054947991 157472459
1654405137864741391 198428599
1654405138656780545 168080663
1654405139453814324 166294829
1654405139556925756 102632478
1654405139756889395 192675037
1654405140410923161 103943584
1654405141144247000 176209076
1654405141932553636 232198761
1654405142752669717 187462106
1654405143576703603 177556466
1654405143960657206 108819006
1654405144072094739 110811154
1654405144776627468 127607773
1654405145580694800 120607518
1654405146864607033 177142151
1654405147146482740 281341748
1654405147749953031 96034215
1654405148556841394 168479121
1654405149355873901 156096851
1654405149474720602 118246607
1654405150356673225 197962636
1654405151146365218 76485025
1654405151884651657 112679958
1654405152656958929 195126602
1654405153588819845 195328387
1654405154088646396 122282813
1654405154984115459 226630840
1654405155856667981 196267698
1654405156568722117 94433765
1654405157364638091 269590872
1654405158968873024 200677665
1654405159752849813 260582578
1654405160455046136 186387083
1654405161154991512 147962935
1654405161949711986 164130664
1654405162780713731 180450463
1654405163703399611 244090294
1654405164256752797 95810470
1654405164981019326 126110945
1654405165768647603 202519775
1654405166563100242 198642972
1654405167556928275 290902419
1654405168255057710 158750170
1654405169054930268 265791888
1654405169942263913 153901660
1654405170005561850 62837588
1654405170156636717 150660378
1654405170772616218 83398285
1654405171607689200 121252524
1654405171872632412 211359892
1654405172576614125 181542600
1654405173449849445 196397157
1654405174476695181 107646908
1654405175300273117 108660001
1654405175374251232 73484412
1654405176105299383 117403158
1654405176876685390 110501001
1654405176985728710 108475492
1654405177656845434 91321240
1654405178537118853 140229950
1654405179400705211 109451258
1654405180080607632 117502205
1654405180856987251 175954810
1654405183300610883 124922318
1654405184154695918 196856440
1654405184836710870 163238307
1654405185625282284 165188912
1654405186250119500 136007021
1654405186380636914 128438113
1654405186491703109 110632375
1654405186692677439 200298126
1654405186856714351 163543660
1654405187076723719 219572170
1654405187962299886 169740623
1654405188756640276 157965941
1654405189549767334 187466131
1654405189652823512 102475140
1654405190447724723 187408890
1654405191303358059 137499873
1654405191545739117 241888137
1654405191749817608 203671399
1654405191876674351 119382027
1654405192756944140 187579244
1654405193564654328 197143256
1654405194268194439 193119386
1654405195092702448 198105702
1654405196052701337 181776872
1654405196964762664 211002874
1654405197680754282 74533253
1654405199397121723 203692260
1654405200254002703 281280542
1654405201060595741 175185574
1654405201856705263 201533727
1654405202687316164 237986901
1654405203534437287 158457247
1654405204413594487 212054895
1654405205168681634 114313343
1654405206076620035 172946095
1654405208391985989 110005835
1654405209784732991 195063484
1654405211604145117 220356988
1654405212548199937 191777760
1654405213454940079 271233112
1654405214884723770 93287908
1654405215788753860 204972450
1654405216576617807 177969906
1654405217395809125 129940060
1654405218172602941 96101389
1654405219088616086 198091106
1654405219868067279 194663474
1654405220684740298 134773017
1654405220891332295 205985858
1654405221084649665 192727372
1654405221884677627 89821558
1654405222849801004 251442118
1654405223068677117 212497356
1654405223952845958 173705137
1654405224605851722 131133052
1654405224856746785 196554359
1654405225552925166 177672017
1654405226255189120 103397264
1654405227160671639 279081822
1654405227949689037 157569882
1654405228652786665 171192216
1654405229447954541 157913164
