1655951909729383541 466218
1655951910122675222 188656
1655951910454504759 112347
1655951911022829280 297283
1655951911833148875 513544
1655951912430895615 386935
1655951913039288568 404149
1655951913724372167 480370
1655951914053947006 111910
1655951914438347839 179927
1655951915225319776 582432
1655951915624798186 190443
1655951917145766677 1311406
1655951917647950387 211287
1655951918424612867 500515
1655951918945532341 309492
1655951919719730082 496136
1655951920122190693 192871
1655951920731972985 401454
1655951922272946319 1336354
1655951922534315558 56832
1655951923924572520 1186019
1655951925244583540 1109359
1655951925847882774 399791
1655951926723069448 595883
1655951927535488951 504616
1655951928130310873 387689
1655951928722982984 383209
1655951929243693219 305328
1655951929922959457 382423
1655951930443031066 311495
1655951931135140067 411626
1655951932645280796 1276177
1655951932942329684 91248
1655951933426108883 278310
1655951934223722170 586998
1655951934456157490 14349
1655951934850512973 123063
1655951935329828615 275177
1655951936203210579 667992
1655951937439477732 1031806
1655951938023598421 298065
1655951938335687443 97887
1655951938739799208 198165
1655951940323517907 1379218
1655951940926530297 301729
1655951941322327076 173351
1655951941939770001 404637
1655951942522264328 378142
1655951942935932803 209325
1655951943431927727 280713
1655951944731359452 1094132
1655951945033855108 93289
1655951945249451053 12753
1655951945464075200 10305
1655951946232336627 507838
1655951947033414320 511658
1655951947722995367 473035
1655951949246478457 1318335
1655951949827288513 300636
1655951950150714205 118864
1655951950523160329 99202
1655951951223963527 493841
1655951952046683479 606752
1655951952722602910 393381
1655951960432501973 7505184
1655951961022665114 384941
1655951961621635421 387993
1655951962038485007 197875
1655951962740710115 397188
1655951963422190042 386823
1655951964038818769 408212
1655951964428016491 184785
1655951964842470685 200721
1655951965645243094 514946
1655951966429337033 505754
1655951967028604126 299479
1655951967731478289 388265
1655951969354045536 1333319
1655951970021224183 394302
1655951970443602777 217391
1655951972123013653 1302640
1655951972538329164 203118
1655951973137473508 393743
1655951973925811811 498090
1655951975525996793 1391436
1655951976153289448 411600
1655951978025267110 1597604
1655951978535461569 305970
1655951979134243635 393891
1655951979356957893 17128
1655951979637826117 18038
1655951980141217495 298962
1655951980610060554 265364
1655951980945461266 132453
1655951981622367903 375525
1655951982122602055 288727
1655951983630340531 1210447
1655951984438486622 603142
1655951984931693639 288967
1655951985325427343 180336
1655951985725470370 194803
1655951987126524774 1195189
1655951988736466205 1396628
1655951989231899787 210973
1655951990727692533 1282602
