1656102477154595080 126243159
1656102477448129485 20772968
1656102478723364235 1061792188
1656102478945065956 13964449
1656102479154023897 5204869
1656102479624820226 3802909
1656102479930784110 15855408
1656102480260689422 100945642
1656102480542567797 62275825
1656102480960241810 199294452
1656102481192799040 22007248
1656102481408501062 6439200
1656102481640042652 14750269
1656102481857472683 9838009
1656102483075470117 1006507502
1656102483347490874 31802788
1656102483554817616 3835340
1656102484032182165 196229853
1656102484423559881 171596396
1656102484721278815 78755073
1656102485026764978 16005669
1656102485322484882 68116264
1656102485744851986 191651893
1656102486028272879 67513992
1656102486315474173 60989101
1656102486539592247 7790299
1656102486763512597 12583429
1656102487114208157 86554073
1656102487416838311 72339874
1656102487745425473 77658084
1656102488020838639 59657195
1656102488333376642 91637373
1656102488620167235 67628933
1656102488930011180 69504334
1656102489217203625 73550424
1656102490613832604 1171052559
1656102491045245727 196538163
1656102491411113394 138681938
1656102491728785497 107107802
1656102492019209171 72100803
1656102492311383936 79040123