1655950737507211907 278716
1655950737917276015 205457
1655950738301132540 93580
1655950738524179025 18574
1655950738741126083 14196
1655950739039102485 42444
1655950739393982685 94768
1655950739613753565 13664
1655950739901010676 82134
1655950740201742240 96442
1655950740430047737 23955
1655950740643613332 10822
1655950740909020591 11846
1655950741129178293 12727
1655950741345961160 12572
1655950741561053334 11143
1655950741775341589 10058
1655950741989623961 10337
1655950742204062166 10203
1655950742417606869 9749
1655950742630942703 10172
1655950742844447941 10321
1655950743057520728 10192
1655950743271548122 10374
1655950743496112693 20340
1655950743718709777 19594
1655950743942994883 20590
1655950744162384789 16616
1655950744376706016 10801
1655950744589883403 10449
1655950744802922405 10368
1655950745016679063 11038
1655950745229748922 10263
1655950745442484927 9964
1655950745655054002 9705
1655950745867391504 9577
1655950746080770064 10522
1655950746296486500 11150
1655950746513503195 12912
1655950746729931659 12130
1655950746945918750 11587
1655950747162262923 12265
1655950747377472042 11353
1655950747624730206 27733
1655950747898774304 69842
1655950748205945250 103946
1655950748426887365 17305
1655950748701938332 70606
1655950749003367238 97270
1655950749303350672 95297
1655950749609259322 96515
1655950749826898236 9994
1655950750040040644 9733
1655950750253397304 10271
1655950750466304174 9590
1655950750700618528 31511
1655950750996419906 91449
1655950751213021947 10742
1655950751427018782 10897
1655950751707211899 76017
1655950751993521450 82250
1655950752208386569 12061
1655950752424441449 12417
1655950752639703978 11770
1655950752856060245 12730
1655950753069158503 9661
1655950753281419953 9491
1655950753505984985 10230
1655950753719888924 10295
1655950753933996510 10383
1655950754148747857 10661
1655950754362716359 10389
1655950754575568965 9692
1655950754788199782 9553
1655950755002100170 10120
1655950755218740026 13742
1655950755432495616 10000
1655950755647252452 11257
1655950755861347828 10869
1655950756075084741 10265
1655950756291947968 12428
1655950756506507059 10658
1655950756722173791 11174
1655950756936413089 10172
1655950757150533653 10483
1655950757364333617 10300
1655950757577339126 10106
1655950757789995313 9719
1655950758003216725 10387
1655950758216300179 10308
1655950758429064332 10020
1655950758644961581 12168
1655950758858221570 10307
1655950759070918049 9796
1655950759283393755 9625
1655950759496910073 9589
1655950759711196017 10094
1655950759924740862 9600
1655950760139195944 10165
1655950760352864762 10112
1655950760566297368 9867
1655950760780571781 10042
1655950760994433195 9652
1655950761209759481 11753
1655950761422515401 9585
1655950761636931601 11649
1655950761849509417 9773
1655950762062767195 10515
1655950762274678929 9202
1655950762495126914 17656
1655950762713397159 13851
1655950762933017740 10287
1655950763146422506 9400
1655950763361424253 11331
1655950763576507710 11194
1655950763789170523 9477
1655950764003877744 9466
1655950764216723560 10177
1655950764429646250 10227
1655950764644049980 10552
1655950764857362415 10092
1655950765071293225 10246
1655950765293928163 18863
1655950765509250865 12319
1655950765723203264 11193
1655950765937354814 11404
1655950766151181919 10704
1655950766365855429 11353
1655950766580670071 11649
1655950766793175338 9854
1655950767005448373 9438
1655950767218599671 10535
1655950767432719512 11196
1655950767644806735 9426
1655950767857595814 9972
1655950768070731395 10318
1655950768283082552 9609
1655950768495603328 9767
1655950768707737727 9393
1655950768920051211 9496
1655950769133624899 10808
1655950769347107454 10070
1655950769559416945 9506
1655950769772335609 10226
1655950769984918112 9529
1655950770197332533 9541
1655950770410059095 9931
1655950770622305654 9549
1655950770834903145 9802
1655950771047358895 9677
1655950771260169293 9983
1655950771479369298 15635
1655950771692640958 10436
1655950771905784189 10348
1655950772118625884 9999
1655950772331581975 10163
1655950772544169880 9902
1655950772757132227 10074
1655950772969744166 9933
1655950773182412287 9919
1655950773394953632 9772
1655950773608802723 11052
1655950773821371766 9775
1655950774034077531 9957
1655950774246873565 10056
1655950774459034406 9447
1655950774672339367 10496
1655950774894985455 18781
1655950775107637292 9915
1655950775320169370 9867
1655950775533101749 10235
1655950775745945854 10178
1655950775958491455 9699
1655950776171422722 10147
1655950776383636434 9301
1655950776596410389 9979
1655950776809188552 10125
1655950777021323306 9406
1655950777234409910 10269
1655950777447785961 10512
1655950777660464319 9998
1655950777873397207 10163
1655950778085660438 9450
1655950778302087982 13587
1655950778519728604 13734
1655950778732832516 10338
1655950778945767215 10260
1655950779158261004 9638
1655950779371084341 9930
1655950779583296064 9444
1655950779795650938 9767
1655950780008280939 9845
1655950780221395750 10417
1655950780434298653 10024
1655950780649097900 10602
1655950780864783812 11435
1655950781080057807 11111
1655950781294522137 10371
1655950781510150265 11358
1655950781725170657 11492
1655950781938693388 10468
1655950782151985161 10509
1655950782366595242 11032
1655950782580932332 11016
1655950782794730715 10941
1655950783009347758 11169
1655950783224634380 11662
1655950783438674813 10576
1655950783652954943 10829
1655950783868888005 12797
1655950784084080870 11749
1655950784297873192 10937
1655950784511302194 10610
1655950784725819133 11302
1655950784939421093 10736
1655950785154016837 11781
1655950785371004311 13553
1655950785587210376 13313
1655950785802476593 12062
1655950786017324585 11846
1655950786232322127 11764
1655950786447977563 12415
1655950786665234890 13244
1655950786877728266 9658
1655950787090102084 9632
1655950787302624070 9674
1655950787515769685 10448
1655950787730229286 11682
1655950787942880937 9889
1655950788156327803 10390
1655950788368966301 10122
1655950788581148944 9365
1655950788793734245 9772
1655950789010813684 12954
1655950789245986935 30051
1655950789463385168 13291
1655950789680203222 11374
1655950789896916255 12351
1655950790198388925 97282
1655950790422828461 21682
1655950790698476941 71514
1655950790920577311 19371
1655950791198855628 75501
1655950791420491484 18866
1655950791645154592 20843
1655950791902292560 54070
1655950792114824861 9677
1655950792329072685 10493
1655950792544120950 11474
1655950792759645810 11430
1655950792975025024 11463
1655950793189753173 10933
1655950793405551569 11884
1655950793620985907 11553
1655950793836337457 11479
1655950794051898066 11667
1655950794267642317 11755
1655950794483276766 11754
1655950794699563740 11857
1655950794915123905 11885
1655950795130181669 11398
1655950795345540276 11763
1655950795561185590 11781
1655950795776094206 11181
1655950795991389995 11554
1655950796206691980 11543
1655950796421326420 11243
1655950796636973254 12070
1655950796851352269 11065
1655950797070152597 13621
1655950797286782624 13240
1655950797501262727 10546
1655950797715929236 10366
1655950797930163403 10600
1655950798147188919 13563
1655950798361357507 10712
1655950798575068477 10440
1655950798788433993 10085
1655950799001438619 10336
1655950799214249497 10045
1655950799426888673 9889
1655950799639885152 10165
1655950799852903872 10256
1655950800065009946 9415
1655950800278451842 10634
1655950800491594201 10402
1655950800704462898 10150
1655950800917213513 10116
1655950801129424843 9515
1655950801341719912 9563
1655950801554029439 9519
1655950801766807915 9955
1655950801979577162 10041
1655950802192558498 10222
1655950802405864554 10241
1655950802619948227 11065
1655950802900611170 76307
1655950803117313072 12545
1655950803333590038 12578
1655950803548749331 11253
1655950803763352342 11136
1655950803977762304 10949
1655950804200910490 19438
1655950804415644866 12021
1655950804631610572 12586
1655950804846932182 11754
1655950805062717045 12310
1655950805284095227 18243
1655950805504899323 16610
1655950805722270761 13070
1655950805941762730 14765
1655950806159835098 14523
1655950806375898721 12544
1655950806590469866 11160
1655950806806076882 12150
1655950807020978137 11516
1655950807236607503 12218
1655950807452415248 12348
1655950807667776648 12015
1655950807882512360 11440
1655950808098594282 12763
1655950808313863440 11920
1655950808527179362 9810
1655950808739793721 9896
1655950808952551991 10048
1655950809165464580 10224
1655950809378513008 10251
1655950809591700212 9760
1655950809804831166 10397
1655950810016985295 9394
1655950810229680209 9901
1655950810442783913 10409
1655950810655885190 10426
1655950810868148303 9574
1655950811080292804 9429
1655950811304356422 21353
1655950811518501258 10765
1655950811732311732 11033
1655950811946242050 10448
1655950812159882776 10294
1655950812372908852 10266
1655950812585415962 9667
1655950812797739088 9510
1655950813009952574 9566
1655950813223215768 10522
1655950813435849147 9861
1655950813648729683 10154
1655950813860997069 9615
1655950814073406232 9612
1655950814286680525 10567
1655950814503542235 14092
1655950814716689251 10098
1655950814929152371 9666
1655950815142589830 10643
1655950815355206586 9937
1655950815569625375 11583
1655950815782789843 9569
1655950815995216335 9618
1655950816208118560 10140
1655950816421331989 10522
1655950816636778254 11929
1655950816850656175 11098
1655950817064068188 10673
1655950817278498898 11712
1655950817493287952 12002
1655950817706954338 10987
1655950817921027995 10724
1655950818135367233 11577
1655950818349071635 10883
1655950818563930296 11800
1655950818784012441 16892
1655950818997783055 10804
1655950819210219031 9642
1655950819423058194 10080
1655950819637581771 11670
1655950819850296274 9970
1655950820063298005 10209
1655950820276280397 10201
1655950820488387751 9365
1655950820701261224 10012
1655950820913784480 9855
1655950821126231586 9752
1655950821339009428 10006
1655950821602834206 61061
1655950821815905946 10210
1655950822029199271 10165
1655950822302677928 69699
1655950822514786190 9420
1655950822728532641 11084
1655950822941353563 10120
1655950823153587423 9540
1655950823366292055 9970
1655950823609782903 14011
1655950823822778881 9847
1655950824036193895 10668
1655950824249095212 10187
1655950824462456022 10011
