1655689326170260093 391202978
1655689326593296167 211950573
1655689326995499105 97410538
1655689327479606267 97297994
1655689327870765596 178823260
1655689328191389788 112180792
1655689328707500714 133264095
1655689329069127120 78944377
1655689329297779241 10625553
1655689329571509982 70993081
1655689329919363119 126741307
1655689330308645985 127076244
1655689330672756278 84465351
1655689330890784877 15021570
1655689331176148244 83036098
1655689331581426903 97950768
1655689331874784413 87640749
1655689332098126510 18505345
1655689332382354982 13925905
1655689332599826649 14823400
1655689332883609914 14196541
1655689333303651992 200106545
1655689333709475801 202299478
1655689333998441825 26850391
1655689334211280577 9257706
1655689334570800031 77858649
1655689334875504674 97252942
1655689335172617239 90463610
1655689335484455442 101862316
1655689335769385275 80891550
1655689335999735827 19010919
1655689336283656120 79963187
1655689336498686193 12936804
1655689336806022716 31028820
1655689337017208781 8406296
1655689337294148743 22240488
1655689337508002901 11554399
1655689337721671386 11522700
1655689337984692130 59617773
1655689338204633658 14438880
1655689338479501087 8823995
1655689338788182796 101873712
1655689339011063745 16950619
1655689339286711007 13086656
1655689339571747255 78334583
1655689339869977563 79527696
1655689340271437613 175462777
1655689340576051853 96059737
1655689340876474113 93532728
1655689341298648405 98856833
1655689341770306004 168462890
1655689342205790793 135182010
1655689342572163852 100713000
1655689342870849055 82900462
1655689343098517753 17488441
1655689343386518550 80530659
1655689343697797300 28749209
1655689344084075496 106619832
1655689344310246746 22066187
1655689344599495793 20337902
1655689344890423796 13165792
1655689345313560225 111310905
1655689345533071977 16684574
1655689345874633490 86524701
1655689346192760780 13517126
1655689346472689658 74153209
1655689346709740459 21963761
1655689346970779651 58674582
1655689347207804290 24794903
1655689347498115872 14438609
1655689347810500767 32577031
1655689348095087030 18605239
1655689348382573850 13749797
1655689348672847277 85061817
1655689348968482000 89370103
1655689349375144770 191055473
1655689349780628200 200876126
1655689350176654628 192142028
1655689350486949525 93454048
1655689350797490898 13536628
1655689351082125567 77910733
1655689351378355303 92636607
1655689351769359572 166412443
1655689352085674140 106519295
1655689352307650542 10910644
1655689352582652861 71604280
1655689352887283183 100085843
1655689353181846308 86849600
1655689353397085379 13219753
1655689353779109101 89610012
1655689354169999437 177045284
1655689354394441922 20785414
1655689354676931090 79326871
1655689355076665911 108109400
1655689355297481752 17323631
1655689355579982387 80238589
1655689355887503598 100279997
1655689356135467531 44441259
1655689356470419938 77656182
1655689356719244098 25140733
1655689356997456661 23783771
1655689357220051337 19393135
1655689357504692146 13612624
1655689357788563999 10743477
1655689358187502407 173960895
1655689358402633728 9880528
1655689358698678050 22537517
1655689358968614284 67318649
1655689359293606504 98626644
1655689359577673528 80617398
1655689359796685043 13049813
1655689360088368863 88683868
1655689360393793168 22381231
1655689360683450946 86207344
1655689360975730702 82387594
1655689361272946057 87140377
1655689361494614595 14688511
1655689361788168018 86468225
1655689362071482622 76179658
1655689362372019957 89962613
1655689362595997163 14253263
1655689362899207730 21092180
1655689363295673471 100266965
1655689363536681878 38182322
1655689363746576340 7357169
1655689364002629354 18285071
1655689364290669561 15586929
1655689364608672558 115108312
1655689364870185665 56326150
1655689365102712288 19652747
1655689365318546523 13373942
1655689365596638688 23348085
1655689365897221131 25394508
1655689366181566670 81453218
1655689366394942709 8004230
1655689366702492700 103554559
1655689366921240110 15866684
1655689367199591178 23366043
1655689367572990957 169635521
1655689367900443771 115683146
1655689368275181594 86631192
1655689368571075930 82387703
1655689368872630666 79188505
1655689369170111483 82211284
1655689369469405552 86097076
1655689369718686126 23245770
1655689370000169290 20809106
1655689370298674843 15151387
1655689370599060009 22056390
1655689370878495730 75754881
1655689371194648014 17858171
1655689371573975170 88554630
1655689371976627591 187179941
1655689372292535148 22898569
1655689372668503565 96902218
1655689372908208485 29780873
1655689373171706751 59775085
1655689373400474414 16848083
1655689373694437381 86016965
1655689374006419339 26950447
1655689374225392069 16375564
1655689374569564437 93830764
1655689374816743235 27928728
1655689375100653310 16428667
1655689375332631012 29855680
1655689375678438954 85615383
1655689376092578264 200416310
1655689376314694479 14829149
1655689376597035862 13736520
1655689376891589926 85067006
1655689377292289291 83426607
1655689377511322072 11005865
1655689377873166084 93725675
1655689378176733004 94657841
1655689378479779480 99614939
1655689378703975316 14654573
1655689379005097522 22781194
1655689379383241778 98174746
1655689379682068942 81724723
1655689379971123375 86545837
1655689380272718056 90225726
1655689380497693872 15034538
1655689380767727685 67276868
1655689381069514794 82004174
1655689381391719791 98450058
1655689381681777989 13246791
1655689381912175009 24678025
1655689382126996668 10421974
1655689382403286713 24030748
1655689382685768923 76065647
1655689382999156113 102791929
1655689383306503847 103086148
1655689383593569604 18024845
1655689383898750456 25732311
1655689384281424205 106294064
1655689384576811417 81885947
1655689384824544027 24408887
1655689385089752920 14775253
1655689385476670641 100610945
1655689385700078209 20122272
1655689385916471550 10737593
1655689386283739037 105625487
1655689386503623145 13418729
1655689386793701611 13279641
1655689387189335480 95114558
1655689387583641379 189640898
1655689387899671463 105185895
1655689388115552384 12125571
1655689388408479843 22706300
1655689388809728913 116138847
1655689389200134672 94385934
1655689389484678553 73603549
1655689389710599031 13624745
1655689389991610337 10608951
1655689390298671907 100171599
1655689390604150816 17930846
1655689390892631566 16504459
1655689391272454889 170673714
1655689391509234419 27215044
1655689391775554169 64110230
1655689392007540640 18918263
1655689392288157282 13658751
1655689392586694984 92729061
1655689392811550923 17866960
1655689393093431226 14896952
1655689393400431753 29792624
1655689393781679240 100107705
1655689394094511641 104284703
1655689394373702504 72095113
1655689394778491319 194889500
1655689395204416457 119680748
1655689395585651654 17695555
1655689396001075315 117806352
1655689396392743124 115701020
1655689396777355860 170945405
1655689397184250860 99666184
1655689397413045135 14597520
1655689397707314673 30859110
1655689397995277515 19006603
1655689398273709878 73521648
1655689398578686281 91012712
1655689398983836505 170506925
1655689399413311039 132243320
1655689399795210777 92438185
1655689400184049114 180629190
1655689400399487958 10900801
1655689400681428299 10168718
1655689401072430041 177602287
1655689401413284027 39227333
1655689401629294699 11348856
1655689401916185838 22883681
1655689402220650529 38027612
1655689402494701389 16931638
1655689402803384808 18851325
1655689403184088488 108967772
1655689403400662253 14410320
1655689403783539239 93609489
1655689404007720535 16516595
1655689404277557822 66241080
1655689404570900832 87587197
1655689404969437089 93287144
1655689405299738638 24990282
1655689405680347551 80660012
1655689405908295253 17375419
1655689406210723495 25444614
1655689406582410495 98684710
1655689406880630154 81248291
1655689407100319373 14531602
1655689407494564920 108979505
1655689407787216433 78545796
1655689408080178333 85835546
1655689408371985626 87257659
1655689408679490005 96798242
1655689408968802804 71235546
1655689409190621866 13626310
1655689409509674394 14937108
1655689409878910689 97976306
1655689410108450484 21731115
1655689410395724830 15759872
1655689410704325866 24240292
1655689411091507924 16997668
1655689411481672907 99452650
1655689411709269604 23952166
1655689411998272774 86533262
1655689412277934949 9409398
1655689412585070317 97379852
1655689412982639508 108631300
1655689413405381834 124991727
1655689413790363413 102324892
1655689414196739547 112025768
1655689414578736141 98966312
1655689414897723066 105331028
1655689415198543827 13914354
1655689415493285568 18385664