102417870961794 13904677
102418092236311 16106725
102418736932351 24338013
102419146235680 22345699
102419722022414 30036580
102419971124483 25822059
102420496199284 28843729
102421001148950 20529691
102421577046479 76394780
102422277030874 48587588
102422495355522 18036675
102422706983088 9394036
102423691536651 37024943
102424743128949 14432048
102425943032034 24055132
102426550042061 25419027
102427366991581 26037648
102428299795412 42041643
102429251132377 27678374
102430203946525 33034850
102431011212848 61586863
102431225006291 11693235
102432220793227 75365547
102433290530523 26003132
102433514051306 21613943
102434417040317 17460381
102435318989200 30380062
102436324928979 67043724
102436548187209 21549800
102437338637871 71028593
102437569868819 24224147
102438415057276 36309022
102439198042370 33662755
102440034053155 29468241
102440833014299 14910020
102441087052981 46420937
102441325982482 33670494
102441578019283 28651720
102442357072011 48866582
102443151045227 35590273
102443393016107 33677357
102444319781662 17340687
102445265058440 55360410
102445900040163 29134433
102446115999556 14677732
102446340997677 22686925
102446559195286 11875017
102447561000149 24446066
102448508363284 93913159
102449343060596 50889162
102450326039450 54647122
102450856020551 29886696
102451836019872 17141279
102452514032307 29746684
102452792018582 54968799
102453012989574 16651687
102453909569105 27813059
102454851472048 27882918
102455841029381 27350567
102456912350237 24471487
102457674061174 79223485
102457936706395 26373621
102458927035996 69973346
102459149901431 22580869
102459369992938 14912329
102460077012060 20659042
102460341113035 53790207
102461285186360 85338165
102462078061084 59974581
102462301051240 13740139
102462550034268 28452611
102462778886307 16586442
102463007203313 14883804
102464164989739 35292193
102464753120065 27339997
102465399172261 50091400
102466110007530 13530869
102467038082463 35752775
102467291982663 13668180
102468252039390 21300755
102468513995248 35883851
102468737560361 17150487
102469315993642 34829028
102469943968835 28844451
102470752008729 40741550
102470988015500 33697146
102471850988284 18030216
102472556983951 22329820
102472788118183 21503467
102473004979466 14655629
102473224168054 13829750
102474019169391 34500088
102474845977069 24882258
102475548977327 80905986
102476338003783 38531014
102476563620303 22469982
102477785029681 39628345
102478605847414 41184731
102478842962019 34637369
102479071171910 20732179
102479342992567 52653231
102479607029461 54186964
102480516049136 85318235
102480741073140 20685695
102480966974867 17658400
102481638015847 77469852
102482391996376 42070581
102482618019729 17728026
102483658222069 45648406
102483882008440 16696461
102484552046737 16593827
102485631020945 16846405
102485888723529 24392931
102486132438839 30176385
102486377987083 15662987
102486613125461 23803307
102486847139293 24731228
102487102003595 12698336
102487333992903 19680065
102488211057528 67504026
102488436406772 21846278
102488659979120 22572100
102489283085485 15341915
102489965993333 23416998
102490796035357 23239193
102491621017810 47457230
102492561649225 38106100
102493250021069 26016803
102494123034701 14404878
102495111991118 25073278
102495344017301 15636739
102495561346183 15028149
102495781022213 17667323
102496051035221 32695011
102496326962378 41519561
102497361032403 52266847
102498215999130 101402608
102498896186334 29032271
102499117517170 20416658
102499669407313 33816355
102499923019914 41504002
102500458961634 10759518
102501361641175 31711431
102501594050271 13975782
102502620040171 40821317
