103864307543211 21216722
103865022106911 24760285
103865444480755 22907908
103866086976826 24015285
103866574113262 13661460
103867119701264 23376476
103867352964865 24636293
103868095691295 23410486
103868337621559 34883451
103868551943247 11629212
103869385688922 22882592
103869598995852 10656136
103870180018294 11582491
103870408973479 18618539
103870630004300 14681142
103871516222028 24514857
103872393998390 29939070
103873601034095 28050665
103874934023920 8565276
103876226674494 34866662
103877287036606 60759500
103878088017468 27360121
103878302000651 13677109
103878520381744 16067158
103878820043583 81708521
103879539993837 31936314
103880160972268 21703891
103880414016009 32678554
103881384196232 42847221
103882288305143 29819509
103882515970103 24648668
103883591001845 14928924
103883905011707 90692923
103884146003609 39970444
103885124040262 34570933
103885341042030 14735846
103885978302373 29136588
103886655813572 20911996
103887395993905 24236808
103887730041882 51701365
103888522144918 19758057
103888763064913 22695128
103888996138298 32804069
103890218774233 52246163
103890432982557 12669635
103891018037085 14399227
103892178009706 34796302
103893280023101 43109558
103893553041129 37708098
103894401191242 56984936
103894652043636 33708490
103895464019158 42007934
103896406015370 65464351
103896674979444 50944936
103896889996745 14673325
103897852005492 20644734
103898612067043 75845159
103899572891805 138465894
103900448984448 14594047
103901325002699 40265009
103901952988432 22036890
103902229000415 51679119
103903231019466 103145113
103903488349736 26013515
103904514025650 56888993
103904733013507 17697359
103905855990422 15690087
103906995981122 36590339
103907207998781 10678327
103907441484606 31742200
103907689000741 21675465
103907960002690 24661014
103908927101481 89109884
103909143075759 15756775
103909799997494 20298682
103910020021127 16517998
103910298996143 33662296
103911268015650 84904637
103911849015389 21529323
103912873017119 33656154
103913880054610 103073943
103914107014290 16684892
103915206012535 45512231
103916281037789 92885708
103916995997720 34599524
103918130632585 18393628
103919094011085 32265823
103919452020257 117659651
103920275058528 36947579
103921369926193 23412526
103921582802501 12489048
103921835019674 40693546
103922701566132 28489564
103922920979529 18660700
103923977997922 16229853
103925094997252 26497107
103925360031832 57952472
103925609211381 16715795
103926641052389 42616901
103926858030557 14712695
103927108468008 24120460
103927362036449 38015411
103927575920707 11604638
103927798994970 14666014
103928974037313 36450547
103929192988691 18667948
103930226039724 57499419
103930437998095 11669917
103931309124627 22970584
103931583009589 41654894
103931831173418 35078611
103932058009072 17191335
103932274047673 14706860
103932501860658 20543044
103932765012340 36667246
103933901560264 106492888
103934179014117 13547172
103935083047909 46584993
103935948070819 61358567
103936168034486 12955156
103936389978211 12662072
103937379976902 33308473
103938615999201 17542425
103938834990075 16676800
103939050009580 14691796
103939312037442 33687675
103939583942596 42610113
103939811023762 15706451
103940030974665 13663665
103940258017489 17705499
103941038001731 34494290
103942005008052 78832338
103942810026931 37448563
103943570028106 34319470
103943791004525 20258943
103944372019485 9739612
103945584910662 45590611
103945802952971 17702303
103946609023536 55978765
103946823005797 12706917
103948197985465 24452410
103949147010751 74124708
103949364862567 13542021
103950350053579 58423798
