105320533129779 73410851
105320746895373 12583478
105321382444162 61681493
105321604008011 13240838
105321817915543 13742195
105322034933075 16773942
105322277907828 22754998
105322489909090 11749283
105322711969574 20776262
105322953947224 33771440
105323170982443 14825919
105323421923904 28725816
105323638872326 16542919
105324476982613 26258048
105325384969175 67960323
105326429611676 32367914
105327280895390 33146015
105327742145814 22314537
105328443764945 26025368
105329350953618 18723814
105330378948793 26016621
105330615944879 22757593
105331341887047 20911937
105331944665771 61729020
105332894375772 50783256
105334083490589 78432040
105335563709784 118902393
105335809924253 32740337
105337247022283 192306655
105337520921994 47178395
105337772905867 36663683
105339058918559 64138574
105339362474431 64266709
105340835090716 123752692
105341065861886 22202039
105341290896926 20757992
105342968944055 16426599
105343197973181 28798469
105344662892194 19016903
105344885048933 11888767
105345105090417 18999123
105345360840680 22672634
105346666923920 41588831
105346994958918 74109078
105348176887238 106716137
105349738944112 76016456
105351204997317 65764568
105352545023412 77111332
105354209924056 93567900
105354506922052 31741838
105354832340318 64255461
105355097913231 27742225
105356651904662 67611526
105356893908339 37132275
105358377959527 165184893
105359812949406 131885583
105360044352064 30195486
105361428889104 57950557
105362971914176 35246442
105364401928120 89790829
105364628901273 17754831
105364858880725 15728017
105365078118459 13971967
105366330268153 87836219
105367391931536 18596787
105367686963608 62767431
105369056580830 62997503
105370440532356 40088389
105371706972106 66340553
105371931916061 23355089
105372858835262 26320589
105374365891392 40906535
105375843905778 41168726
105376131920160 16772555
105377388929078 30012449
105378576910351 55246533
105378932962188 48226579
105379192467946 47291303
105379432938795 33770211
105379720918913 50755297
105381151953186 72054961
105382078967828 27954605
105383661965533 83998911
105384884952140 71005257
105385229969054 39785110
105385531925904 52743074
105385759889231 26737287
105387196917178 40858548
105388162962771 59072995
105388396022776 31029631
105388662931821 47277241
105388919919019 41751804
105389152018487 29866746
105389439568061 53375214
105389725935937 52754812
105391033960227 70515246
105391272325888 26954183
105392354931058 22609109
105393707900633 47891480
105395064906543 47654013
105395333045091 37455300
105396743976155 68080038
105397070856551 88660609
105398552760227 79418217
105398777859233 19893123
105399729896743 21864140
105400031952708 56779775
105400371960129 47781803
105401514917486 30783212
105401943571276 46394930
105403411941002 164373702
105403732956193 43777861
105404888909279 35584944
105405854923953 43925714
105406075612540 14456018
105407419870803 42133348
