101231613185925 87962632
101231828909685 14750644
101232273975206 24917278
101232505981968 23827995
101232716955101 9805515
101233180974847 18673606
101233461579810 58380119
101233676924147 12750934
101234406882164 40878121
101234977880586 9426736
101235194936818 16778871
101235413958985 13812767
101235667898246 42723495
101236252868345 36364954
101237157873098 31700014
101238028868859 22051790
101238286029388 33859985
101238504901812 13760708
101238745910516 23721610
101239407811821 15583329
101239652872086 25707965
101240204711232 21680072
101240435868158 30465319
101241286307815 10332189
101241510889350 16957388
101241765899208 38939998
101242413928587 24501434
101242632866710 16717257
101243414907678 21338393
101243657281932 34130412
101243874928223 15780363
101244682879955 15393051
101245386899632 49367355
101246065911141 35412271
101246587923109 23481331
101246800881350 10737603
101247016880648 15530404
101247556635356 15868708
101248292930581 18498814
101249188976279 22991355
101249452951501 29781616
101249954725455 26370122
101250828707562 17818693
101251068888060 33747226
101251666893452 26212895
101251914931902 24753013
101252130897968 12533795
101252821915328 58957147
101253541888432 58327869
101253763907248 18763355
101254429893242 21507654
101254649945764 14793424
101255095850365 12539606
101255999876645 91300374
101256216302260 14153283
101256963196751 10956779
101257553847116 20365278
101257778866081 17712250
101257992883782 11729635
101258211830244 11525744
101258470946337 45680949
101258691894734 18737772
101259215884582 27985411
101259432884309 15740362
101259701966438 63472309
101259920903971 15701551
101260176917384 41763571
101260429886900 18489892
101261195914113 29472411
101261967298452 29191604
101262197132491 29079665
101262994309501 57065722
101263868259893 22423471
101264088006784 16806523
101264738899955 40599304
101265267874050 18316856
101265782937908 28193409
101266037878536 39718773
101266791954567 47444900
101267009057560 10908483
101267231900738 14747843
101267468961178 22568192
101267697094161 21935148
101268509385727 20899702
101268768782224 27429399
101269504946109 34573331
101269756888032 38727136
101270018933936 38791772
101270276906803 37730112
101270978200893 51060997
101271217894664 21991791
101272005721122 39098645
101272952904101 59206383
101273532457273 18163030
101273751863394 16707630
101273982904103 17645654
101274239893595 31667304
101274746950887 17174986
101274990927255 25744738
101275505127912 26583365
101275761956837 30643681
101275977759679 14907967
101276201836835 20031515
101276447901855 27745632
101277141892967 49519402
101277356690673 13540503
101277572973788 14771063
101277805031818 29882979
101278086614530 73430364
101278750967363 22313308
101278984799474 31636692
101279643128922 79867715
101279900965314 30356458
101280853928241 44138801
101281074892032 14746440
101281728863974 86229528
101281982900721 38086081
101282203895703 17745048
101282821238301 20931442
101283580911176 44021963
101284084905808 8752321
101284821832838 26654814
101285313781231 22219193
101285526902890 12756969
101285962826836 25769814
101286613625549 25341718
101287054847519 19710404
101287270265708 14122827
101288014856261 19977638
101288629833267 35475060
101289094898965 23898097
101289815871560 19759675
101290086892650 60746695
101290633848323 13105468
101290854881095 12645373
101291416841748 11611205
101292227887029 21384078
101292696840561 22944045
101292914087780 15943119
101293656899973 39540245
101294525112699 48391560
101295084957989 16557653
101295902876753 18864278
101296629300607 27238139
101296904936017 27914058
101297372890407 12676467
101297619976288 22114028
101298103856808 13521560
101298317046137 11867658
101298574893634 50426262
101299110892195 34414533
101299908934357 26001828
101300447969388 16169542
101300990870627 21086352
101301227695254 27530627
101301442879101 14740463
101301658888324 11868623
101302214933618 16460084
101302684970927 18345681
101302912888044 17210014
101303126874353 13726629
101303883531618 16504164
101304459883033 25690600
101304994913039 24425754
101305244927475 34059863
101305461443230 10455890
101305713999433 30824145
101305933868972 16703815
101306174860719 33505645
101306717952482 30305779
101306957893598 19708419
101307545311901 23915717
101307762885624 14696763
101308034901354 47733827
101308251055212 10891123
101308770891494 10879918
101309020880508 25744909
101309527262224 24424802
101309809024441 71997444
101310352268094 25750436
101310569899630 13743446
101310809022166 24731730
101311038943078 24795651
101311264882299 15738288
101311487860449 20712971
101311739913440 26614759
101312306888734 29686787
