101628236680986 28476913
101628467991427 29665912
101628865524810 26981888
101629087064788 14731572
101629369154426 31958754
101629901036784 12871423
101630115865243 14549531
101630338008247 12666365
101630671037446 115432366
101631577997590 38094000
101631802987627 16618722
101632548074016 33027803
101633414122177 50394431
101633898676952 9451263
101634510812118 23662246
101634728686612 15362699
101634942001447 12691953
101635936985266 40519325
101636836971848 14677783
101637333980082 24335726
101637554074351 18721618
101638415266204 24939806
101638648044758 31162630
101639352352464 42928709
101639576150430 22547850
101640391878261 20193347
101641341003662 42173484
101642195021667 31810400
101642409983940 12668256
101643186104796 29324332
101644016675353 57353055
101644230039396 11721244
101644930287608 36809717
101645149013823 18267180
101645927002468 22816980
101646165017433 28231423
101646415254728 34921467
101647024028717 29540940
101647260014331 19688056
101647483007768 16694118
101648255843124 13448967
101648468981640 10668122
101649234494790 60655793
101649821993466 17536099
101650766075327 27795725
101651612083132 46968265
101651852011674 39360112
101652097021328 34690194
101652619987548 45835867
101653162031472 15406625
101653977998346 19212291
101654499966756 26190753
101654733055196 21740717
101654971054041 22648195
101655187996326 15678202
101655411008300 15687510
101656189501532 49857233
101656792983581 16917342
101657537990749 46557737
101657802090226 22531026
101658029929744 23341760
101658245014275 13698459
101659145472446 51296468
101659595647725 30591161
101659815996855 14684877
101660032970562 16619562
101661030015720 29946895
101661283220472 28126599
101661533491180 17177192
101661774994890 26804142
101662449832473 30624689
101662704394008 23200668
101662923964346 17651227
101663625117095 13814121
101663842500658 11171879
101664096015196 34694796
101664319007653 17695282
101664547692211 24387287
101665417364497 26159256
101665656030447 36718718
101665925028699 29676069
101666142982660 13670034
101666847640718 22467911
101667580990454 33198034
101668193017330 25257263
101668446002427 36662389
101669461972746 43448942
101669682995464 9726916
101669892988147 9663367
101670139015109 32678985
101670377014505 15806434
101670984032296 37887486
101671491993194 48237551
101671748022291 36689932
101672419031997 27431835
101672634034250 14713024
101673534014994 16786658
101674042906804 19275887
101674978037955 46851406
101675499996544 21096942
101675757125716 42187020
101676552561569 32082360
101677129998588 39083860
101677375010326 23674875
101677654970829 49644936
101678412044692 43812684
101678628030183 14717729
101678888067953 37728770
101679127859958 34313399
101679741993117 28517421
101680535034394 42553775
101680753989182 18609084
101680972006030 11688146
101681234007031 34688997
101681992356118 69407137
101682261279519 20941359
101682482016766 15702808
101683045042658 98556616
101683747035067 91622039
101684546950047 66316361
101684763996680 11674229
101685361990553 28088563
101685578023867 14706025
101685869104965 52373081
101686103358299 24020579
101686347771052 37454716
101686586488099 30292444
101687445989562 52809017
101687660000966 11688937
101687975270009 93361935
101688215054154 13732473
101689038987012 37021872
101689280986755 15676907
101689524021474 28694557
101690142006937 63826202
101690611006288 38720520
101691436976303 48303133
101691957972428 38468906
101692657985891 24138633
101693313979239 18235373
101694072981334 35104526
101694296943436 14642497
101695026026160 34877495
101695511182695 23028831
101696435693475 38322856
101697084012234 17535740
101697318210493 26855778
101697581030423 44693467
101697795226470 7904481
101698056023085 42680210
101698341004992 55665560
101698570006209 22962403
101698836016980 45698255
101699369600744 31572969
101699881036512 15395401
101700475958049 20159077
101700993156426 42583761
101701210647341 11334423
101701526026768 96682887
101701757154061 13801255
101701980011745 15704786
101702202005402 19674915
101702905994778 71891211
101703606010346 92914478
101703827988048 14703779
101704322001727 15200673
101704920015232 21898268
101705726008733 28260579
101705948093447 15785004
101706246886897 33559066
101706919014458 53395107
101707156418443 28913989
101708081648762 16933510
101708984356798 14332243
101709747210903 25294030
101710443008572 40404744
101711057006523 14652288
101711633977084 18890689
