1655358673692977423 0
1655358674694207801 0
1655358675695358743 0
1655358676696502703 0
1655358677697652440 0
1655358678698809652 0
1655358679699974724 0
1655358680701140956 0
1655358681702638430 0
1655358682703794556 0
1655358683704993979 0
1655358684706170802 0
1655358685707367478 0
1655358686712000004 0
1655358687713726774 0
1655358688714000423 0
1655358689715968179 0
1655358690717163908 0
1655358691718333937 0
1655358692719275437 0
1655358693720464510 0
1655358694720780955 0
1655358695721950578 0
1655358696723123795 0
1655358697724302485 0
1655358698725471147 0
1655358699726636647 0
1655358700727573154 0
1655358701729089667 0
1655358702729893160 0
1655358703730415879 0
1655358704731589416 0
1655358705731770223 0
1655358706733331170 0
1655358707734502622 0
1655358708735682615 0
1655358709736002764 26
1655358710736530963 33
1655358711737711769 35
1655358712738761714 36
1655358713739290526 42
1655358714739828321 38
1655358715740038657 43
1655358716741557385 35
1655358717741849087 39
1655358718743034684 32
1655358719744047278 46
1655358720744956198 39
1655358721746283923 44
1655358722747460299 34
1655358723747855632 41
1655358724748121585 39
1655358725748658515 39
1655358726749874876 42
1655358727751048899 41
1655358728752376605 37
1655358729753536574 37
1655358730753876552 37
1655358731754166405 42
1655358732754624268 36
1655358733754921539 45
1655358734757956743 35
1655358735759344498 45
1655358736759520527 44
1655358737759962324 40
1655358738760995404 46
1655358739761914192 41
1655358740763835705 39
1655358741764585011 40
1655358742766017627 43
1655358743767225997 35
1655358744768400214 33
1655358745769874423 46
1655358746770867921 41
1655358747772063461 39
1655358748772547411 40
1655358749773708507 38
1655358750774142918 40
1655358751775322778 43
1655358752775501146 36
1655358753777060405 42
1655358754777964418 38
1655358755779137288 41
1655358756780895837 41
1655358757781845738 37
1655358758782343554 42
1655358759783128106 45
1655358760784706103 39
1655358761785868082 41
1655358762787027074 37
1655358763787902166 36
1655358764788256570 42
1655358765788730080 37
1655358766789958286 41
1655358767791336377 37
1655358768792033246 49
1655358769792680512 34
1655358770793864761 42
1655358771795091370 45
1655358772796934825 41
1655358773797938997 38
1655358774798663122 36
1655358775799389521 37
1655358776799571651 34
1655358777800052686 39
1655358778801251555 45
1655358779802256814 40
1655358780802571842 36
1655358781803738324 42
1655358782804947230 40
1655358783805877533 46
1655358784807354847 38
1655358785808555370 39
1655358786808984839 39
1655358787809875765 40
1655358788811091352 44
1655358789811379592 41
1655358790812069142 44
1655358791813509604 36
1655358792814229562 36
1655358793816848998 44
1655358794818323896 39
1655358795818571078 45
1655358796818980489 41
1655358797820558112 42
1655358798821728041 30
1655358799822915552 0
1655358800824081846 0
1655358801825248662 0
1655358802826434081 0
1655358803827614820 0
