1655358059794680116 0
1655358060815099245 0
1655358061815737120 0
1655358062816900674 0
1655358063817858402 0
1655358064819025702 0
1655358065829169673 0
1655358066830362054 0
1655358067831667685 0
1655358068831871437 0
1655358069832680248 0
1655358070833848543 0
1655358071835016528 0
1655358072835959476 0
1655358073836223596 0
1655358074837473545 0
1655358075838646738 0
1655358076839824547 0
1655358077840993833 0
1655358078842022427 0
1655358079843185978 0
1655358080844052729 0
1655358081845216921 0
1655358082846392481 0
1655358083847558536 0
1655358084848731476 0
1655358085849876877 0
1655358086851041385 0
1655358087852217555 0
1655358088853395623 0
1655358089854563595 0
1655358090855733409 0
1655358091856030380 0
1655358092857912750 0
1655358093859094808 0
1655358094860269030 4
1655358095861101309 14
1655358096862268247 12
1655358097863438865 16
1655358098865322440 13
1655358099865877972 15
1655358100866515561 12
1655358101867952277 16
1655358102869367386 12
1655358103870535825 12
1655358104871712627 12
1655358105872940177 12
1655358106873720983 13
1655358107874922466 16
1655358108876117277 13
1655358109877323538 15
1655358110878598524 14
1655358111879805886 13
1655358112881006955 16
1655358113881896148 12
1655358114883394792 12
1655358115884575252 12
1655358116885907774 12
1655358117887089051 12
1655358118887297867 16
1655358119888283116 14
1655358120888717997 15
1655358121889848836 15
1655358122891211154 13
1655358123892390928 16
1655358124893545805 15
1655358125894710647 13
1655358126895868913 16
1655358127897021303 15
1655358128898191091 12
1655358129899354009 13
1655358130900711135 15
1655358131901131996 12
1655358132901869140 16
1655358133903036015 15
1655358134904216276 14
1655358135905414484 15
1655358136908166533 15
1655358137909355630 13
1655358138909892689 15
1655358139910379168 14
1655358140911541124 15
1655358141912732596 12
1655358142913929405 14
1655358143915486621 14
1655358144915867276 16
1655358145916370487 14
1655358146917571865 16
1655358147919073677 14
1655358148920243158 14
1655358149921578386 16
1655358150922019753 14
1655358151923192768 16
1655358152924339533 13
1655358153925514004 16
1655358154926683356 15
1655358155926929597 14
1655358156928094045 16
1655358157929259274 14
1655358158930036671 15
1655358159931231372 14
1655358160931687210 15
1655358161932871239 16
1655358162933491763 12
1655358163934933369 12
1655358164935668404 13
1655358165936843011 15
1655358166937890957 10
1655358167939047310 14
1655358168940196377 12
1655358169941076667 12
1655358170942273338 12
1655358171942453344 12
1655358172943635752 14
1655358173944073415 14
1655358174944305141 12
1655358175945961473 12
1655358176947028989 15
1655358177948268899 14
1655358178949430880 15
1655358179950606120 13
1655358180951417645 16
1655358181951906106 16
1655358182952127850 15
1655358183953957709 14
1655358184955132730 4
1655358185956310139 0
1655358186956946133 0
1655358187958134686 0
1655358188959196879 0
1655358189960366998 0
