1655684912582785150 207275341
1655684912794977105 11804154
1655684913004008576 8732310
1655684913215147485 10847871
1655684913425236847 9780754
1655684913638210475 12546620
1655684913853417180 14215613
1655684914062296335 8358098
1655684914290586546 27662981
1655684914499623560 8381978
1655684914711763560 11067790
1655684914928965105 16159000
1655684915141863411 12500082
1655684915352531627 10161203
1655684915563301361 10110710
1655684915773179567 9254734
1655684915990624293 17045261
1655684916206733862 15580366
1655684916418714788 11480040
1655684916627496357 8259655
1655684916836973601 8515856
1655684917049496365 12203137
1655684917261649083 11443434
1655684917469860704 7908528
1655684917679448196 8607337
1655684917891834298 11972268
1655684918102953368 10658092
1655684918315330743 10538653
1655684918522757152 6766004
1655684918733093685 9814942
1655684918949543153 8618852
1655684919161550324 11708131
1655684919377190036 14796432
1655684919593070995 15142166
1655684919803737298 10356612
1655684920019450305 14711134
1655684920230640657 10678326
1655684920441178298 10222156
1655684920651446974 9481301
1655684920864001409 12218540
1655684921078074339 13706872
1655684921295358473 16983613
1655684921507234148 11566481
1655684921720773396 13226853
1655684921930555955 9462610
1655684922139221725 8336123
1655684922350483263 10934989
1655684922559680059 8880094
1655684922769073037 9141640
1655684922978283504 9040425
1655684923190924698 12340469
1655684923402167151 10917497
1655684923612242965 9744461
1655684923820157117 7589596
1655684924031595631 11108232
1655684924242827009 10763771
1655684924450901768 7649827
1655684924658542291 7178749
1655684924865853044 6881794
1655684925077514334 11188002
1655684925291668555 13692392
1655684925500464560 8357789
1655684925709097664 8307477
1655684925919950903 10381621
1655684926132484995 12089174
1655684926355923630 21988331
1655684926564179513 7808957
1655684926774066060 9083770
1655684926984158357 9435007
1655684927197683502 13074227
1655684927410748984 12749235
1655684927621084350 9840842
1655684927830609875 9046136
1655684928039822079 8399337
1655684928248110938 7704998
1655684928457340728 8356264
1655684928667837245 10002385
1655684928879604766 11354938
1655684929092123707 11631989
1655684929304130679 10976087
1655684929514401758 9776995
1655684929725664388 10514940
1655684929936610428 10626145
1655684930148394872 10936817
1655684930359380955 10209488
1655684930571134231 11643987
1655684930784339568 12314184
1655684930995296291 10515659
1655684931205456019 9484199
1655684931417517278 11529476
1655684931632493113 13479917
1655684931850673115 17728429
1655684932059212103 8207592
1655684932267115819 7571778
1655684932477541527 10099586
1655684932685116069 7348337
1655684932896930294 11482808
1655684933105200006 7953896
1655684933313091887 7567454
1655684933521413207 8006749
1655684933730400905 8678915
1655684933941551678 10803348
1655684934150524778 8378330
1655684934359052412 8216547
1655684934571400504 11996351
1655684934782974317 11149330
1655684934991200602 7864769
1655684935201656088 10130654
1655684935409775537 7780905
1655684935617840804 7903251
1655684935828694874 10351679
1655684936038076583 9022511
1655684936247355502 8949222
1655684936456220483 8425989
1655684936667151236 10586266
1655684936877667857 10172770
1655684937086606693 8630887
1655684937297589399 10598754
1655684937508935476 10942045
1655684937721246869 11864031
1655684937933619041 12079978
1655684938145548844 11289986
1655684938357105087 11097934
1655684938571548729 14133459
1655684938783202316 11244800
1655684938996182268 12216596
1655684939208173582 11574066
1655684939418856272 10168996
1655684939630451118 10625677
1655684939842134281 11248215
1655684940052760060 10197595
1655684940261156387 7946806
1655684940471179295 9554370
1655684940682383974 10964687
1655684940895251976 12584068
1655684941107184823 11521836
1655684941321269570 13550565
1655684941529256963 7550185
1655684941740787349 11040042
1655684941949557244 8435980
1655684942161843794 11931695
1655684942378163491 15444437
1655684942588008723 8983249
1655684942797232499 8314024
1655684943005643068 7580980
1655684943218419675 12492508
1655684943434114770 15029174
1655684943643254629 8630813
1655684943852920600 9077325
1655684944062617655 9235190
1655684944276413926 13306947
1655684944487547936 10641511
1655684944699240632 11129932
1655684944908442052 8672152
1655684945117346487 8367662
1655684945327940240 10199981
1655684945536114281 7833355
1655684945745787285 9309439
1655684945953763966 7647350
1655684946162277997 8021848
1655684946376427994 13664623
1655684946588677329 11735627
1655684946798076225 8962652
1655684947009341507 10646710
1655684947218116756 8359299
1655684947430211851 11579736
1655684947639457626 8760957
1655684947849302578 9385661
1655684948057784233 7995941
1655684948267318751 9040499
1655684948480637251 12925812
1655684948699686114 18710799
1655684948909264382 9205109
1655684949121455652 11817860
1655684949329719552 7899399
1655684949540391424 10325282
1655684949749083898 8364850
1655684949958195458 8779940
1655684950167188780 8639511
1655684950378448664 10943422
1655684950588775891 9979328
1655684950797642611 8515770
1655684951010302336 12075242
1655684951222763451 11508930
1655684951431185208 8106979
1655684951641594753 9913174
1655684951856136546 14210917
1655684952065608802 8634522
1655684952276487999 10540874
1655684952487421494 10526967
1655684952702104874 13878021
1655684952912594196 10006373
1655684953121218032 8301832
1655684953331621833 10070900
1655684953542064121 10121174
1655684953758838572 16108044
1655684953971461676 12187422
1655684954181249823 9350620
1655684954390413182 8708884
1655684954599835816 9191830
1655684954813524430 13345801
1655684955024029445 10124820
1655684955232051577 7677685
1655684955443344432 10947452
1655684955653183483 9484789
1655684955864256620 10718540
1655684956073198241 8555632
1655684956284447292 10897679
1655684956493384858 8604389
1655684956707367888 13658180
1655684956919044052 11339667
1655684957133640324 14235933
1655684957341116333 7159806
1655684957550739127 9279970
1655684957760823047 9747040
1655684957974229355 13064482
1655684958187910854 12984878
1655684958397080772 8836707
1655684958608210941 10796405
1655684958817014418 8613191
1655684959030546506 13203471
1655684959242686054 11320880
1655684959452619121 9406894
1655684959661826390 8682148
1655684959870591424 8392372
1655684960079013502 8077814
1655684960292590553 13307124
1655684960502589706 9673778
1655684960711033424 8106958
1655684960921305888 9960515
1655684961130821720 9166934
1655684961342409306 11261779
1655684961559099798 16358507
1655684961766972093 7544365
1655684961975093559 7793317
1655684962186955380 11429059
1655684962397701941 10254645
1655684962608679001 10445833
1655684962819410082 10411332
1655684963031483366 10983200
1655684963249464305 15640796
1655684963461009347 11091345
1655684963671209916 9508866
1655684963884018246 12070730
1655684964095086280 10564746
1655684964307066764 11655368
1655684964517282653 9820578
1655684964731890341 14191547
1655684964943346159 11047023
1655684965156602826 12849879
1655684965369546407 12080721
1655684965582174282 12233787
1655684965794763410 12196454
1655684966010355388 15147418
1655684966224561943 13737198
1655684966436223478 11289131
1655684966649030627 12496476
1655684966857656094 8305219
1655684967071518468 13581014
1655684967284365852 12548597
1655684967500338603 15652378
1655684967712365213 11752282
1655684967924496571 11808935
1655684968136338114 11534451
1655684968348149090 11681092
1655684968564449479 16004905
1655684968778525309 13590321
1655684968991572584 12488478
1655684969203476870 11227955
1655684969426251538 22342204
1655684969639381758 12267974
1655684969853084902 13168509
1655684970062687525 9216136
1655684970272447364 9496212
1655684970484436573 11479447
1655684970700141415 15350923
1655684970909817705 9201685
1655684971119389530 9447957
1655684971332789982 13078585
1655684971542767540 9626071
1655684971754891201 11590947
1655684971976646327 20026517
1655684972188628016 11677453
1655684972398529671 9594834
1655684972610248657 10719554
1655684972823385321 12691774
1655684973035488080 11630988
1655684973246159417 10231476
1655684973456834521 10240307
1655684973667085569 9735861
1655684973890540805 22915852
1655684974102458638 11378278
1655684974318393580 15592316
1655684974532664263 13949500
1655684974747385787 14152284
1655684974958791803 10818761
1655684975174278937 14787613
1655684975385714862 10995313
1655684975598118921 11864272
1655684975808904658 9964798
1655684976024735159 14750214
1655684976234853719 9742166
1655684976444313892 9083406
1655684976653082735 8388909
1655684976861557276 8120038
1655684977071431028 9482630
1655684977283799423 12003123
1655684977493258340 9125545
1655684977704530033 10530796
1655684977913524073 8466612
1655684978121643113 7667978
1655684978332198659 9930680
1655684978541097400 8505980
1655684978750352039 8871304
1655684978960567949 9735175
1655684979170109625 9147772
1655684979381206558 10552628
1655684979591539309 9830600
1655684979801030181 9007937
1655684980010768617 9156098
1655684980220120887 8839333
1655684980433151953 12439117
1655684980641527896 7838121
1655684980852853183 10890839
1655684981062302269 9055623
1655684981272651393 9869533
1655684981486187930 13223445
1655684981695992089 9327617
1655684981906093415 9664425
1655684982115330567 8745880
1655684982324125931 8153506
1655684982534195076 9546387
1655684982744613441 9476684
1655684982954793317 9603475
1655684983162719577 7563430
1655684983371043210 8003099
1655684983585714148 14322517
1655684983793803259 7761918
1655684984013288130 19329641
1655684984222349722 8715774
1655684984434617603 11850657
1655684984644998486 10070394
1655684984856387507 11074719
1655684985065289462 8592982
1655684985280289360 14688575
1655684985495842376 15220405
1655684985708124116 11289508
1655684985917440800 8980605
1655684986127572776 9791170
1655684986340539435 12054958
1655684986553863299 13012985
1655684986765963398 11603326
1655684986976211605 9401208
1655684987186793345 9862792
1655684987400430161 13253702
1655684987610158809 9251601
1655684987822580787 11939297
1655684988033315197 10167232
1655684988244742122 10889515
1655684988458463303 13280978
1655684988670621100 11638362
1655684988884843801 12897990
1655684989098467320 13184774
1655684989310249673 11153885
1655684989522498187 11669875
1655684989733527838 10676405
1655684989945819338 11885318
1655684990156433111 10225945
1655684990367195322 10427459
1655684990579470758 11949877
1655684990790268937 10372952
1655684991002746777 12213896
1655684991211628907 8509566
1655684991420673480 8653093
1655684991634257809 13140664
1655684991852421261 17666274
1655684992065645619 12917979
1655684992278092849 12100933
1655684992488401507 9855668
1655684992701355498 12409663
1655684992911155724 9162931
1655684993121474401 9741625
1655684993330834638 8912688
1655684993539657263 8346440
1655684993751072063 10949036
1655684993959995425 8453979
1655684994169126260 8683499
1655684994378510860 8959380
1655684994587084985 8078686
1655684994799026836 11481883
1655684995007904779 8189069
1655684995218137598 9370454
1655684995428150495 9636748
1655684995638371574 9703189
1655684995852501056 13695134
1655684996061806485 8944901
1655684996271012192 8867483
1655684996480233627 8897485
1655684996689242148 8684958
1655684996903191678 13569236
1655684997113327224 9681865
1655684997324264544 10012814
1655684997537497356 12894257
1655684997747099816 9161402
1655684997963718132 15988460
1655684998179565309 15308834
1655684998392448438 12495165
1655684998606218676 13372344
1655684998818097280 11472257
1655684999029079355 10554849
1655684999239665452 10194988
1655684999452004852 11771824
1655684999666153215 12659898
1655684999882053373 15204728
1655685000096628124 14216276
1655685000307803294 10678908
1655685000519668206 11388537
1655685000733995037 13857706
1655685000951425775 16996297
1655685001161083593 8559636
1655685001379672243 18157653
1655685001597630068 15449833
1655685001810187536 12233658
1655685002020796708 10143134
1655685002232304076 11028717