1655686757683715815 211975792
1655686757976336365 8637511
1655686758268535264 91895344
1655686758568554558 99702988
1655686758878800831 109917904
1655686759281784878 198856151
1655686759771430324 194497405
1655686760084433709 97120324
1655686760579779254 197809816
1655686760972826970 100922066
1655686761268524675 90596473
1655686761482647671 12712017
1655686761770750468 84334559
1655686762076683960 98553914
1655686762293827041 16898856
1655686762578460157 84443973
1655686762880041323 99113474
1655686763173541892 92248855
1655686763494529692 108562650
1655686763783785686 13831304
1655686764075745952 90992282
1655686764376399580 97926523
1655686764674375359 97368349
1655686764968674762 89843467
1655686765270753599 96858573
1655686765569257843 95810844
1655686765789696678 14717255
1655686766073915634 83962414
1655686766370090344 90939335
1655686766592627709 17914717
1655686766888417397 18614432
1655686767199386303 28415242
1655686767486443110 17858366
1655686767768514760 81601888
1655686767980146512 10133862
1655686768273460975 92520244
1655686768572207914 96033962
1655686768870186296 93470058
1655686769097201871 19753982
1655686769384698166 15094112
1655686769674213257 89039725
1655686769977755302 100619409
1655686770275067968 92220856
1655686770576613996 97863563
1655686770878733817 97536849
1655686771170671518 90586690
1655686771483667712 105992732
1655686771771013022 87013529
1655686772083184169 106805428
1655686772388112107 103518542
1655686772685495970 17810655
1655686772976531672 90607788
1655686773286583595 14569665
1655686773579644596 90618374
1655686773880417551 100479961
1655686774272960888 94186767
1655686774577547055 98994366
1655686774888610676 16674173
1655686775185578739 15644443
1655686775473135016 85773626
1655686775769324339 92507205
1655686776074454079 100523006
1655686776378299506 95360298
1655686776595070576 14427699
1655686776974370069 94433679
1655686777196335201 18407176
1655686777576983447 103489645
1655686777880485085 101539359
1655686778171959794 85559674
1655686778470284710 92699572
1655686778775142547 88624764
1655686779075353212 99425322
1655686779373867507 96732294
1655686779593440951 16636901
1655686779896593618 26610489
1655686780183930011 14038720
1655686780491698336 19933934
1655686780770118317 78187463
1655686780989590244 17492774
1655686781287273765 97299223
1655686781496135790 8489942
1655686781779924668 12221289
1655686782092049854 23107970
1655686782383116652 14521403
1655686782675749625 91979877
1655686783075837003 195665731
1655686783289777183 11576714
1655686783579470571 11754892
1655686783869763511 89981954
1655686784170117888 98415856
1655686784468475087 95361128
1655686784691376293 21140553
1655686784984392133 92024094
1655686785269629762 84696309
1655686785577809873 105013237
1655686785794941113 15123373
1655686786176056445 101117159
1655686786394693370 16201823
1655686786684838708 14899621
1655686786990294854 104623739
1655686787370097106 92557254
1655686787674909089 100456529
1655686787975886668 99819117
1655686788272034014 93472174
1655686788574386639 99020311
1655686788978946852 196590852
1655686789274475240 92760225
1655686789573962267 97323438
1655686789876400469 97423011
1655686790190785140 103005382
1655686790470035266 78521327
1655686790772200195 94410581
1655686791074061352 92001239
1655686791297853866 15904031
1655686791668483538 90056510
1655686791976896038 95392632
1655686792284569438 106642022
1655686792584119076 99233654
1655686792880063791 92748644
1655686793285603746 194782330
1655686793580132012 94094555
1655686793886674574 105764013
1655686794204358270 29184528
1655686794473294544 68336444
1655686794778832100 103417241
1655686795073740516 94573602
1655686795374079996 100149106
1655686795676051282 101645814
1655686795974389694 95552447
1655686796193152215 13627439
1655686796492004156 20057682
1655686796792664027 100147418
1655686797091542074 19765358
1655686797475906401 101736711
1655686797775755178 98777299
1655686798072524427 96213267
1655686798371583806 94392504
1655686798679367779 96872600
1655686798901687894 22005399
1655686799186593352 15028481
1655686799477496571 90364932
1655686799775140831 96582500
1655686800077210030 99820434
1655686800371447975 91474884
1655686800589706947 16449875
1655686800876748558 86721659
1655686801172029517 92581671
1655686801471801715 96600198
1655686801693732705 18200766
1655686801991402229 18107014
1655686802294650658 19869379
1655686802594286354 14444590
1655686802892139194 19773763
1655686803372022887 192084125
1655686803676753669 103811527
1655686803973461677 95310366
1655686804272418738 93093343
1655686804572751511 91805072
1655686805079217316 211223990
1655686805379662400 92180696
1655686805678826227 96410958
1655686805972226269 90143004
1655686806269294551 90570185
1655686806568525257 93785161
1655686806870030883 94969194
1655686807185012395 106287394
1655686807403640066 17627951
1655686807781008121 104306113
1655686808075664137 92757242
1655686808369319166 88385525
1655686808593506846 16577190
1655686808971687031 91742920
1655686809268488311 93769254
1655686809570357893 97832025
1655686809871845068 93834847
1655686810174603589 101312429
1655686810400120983 24201590
1655686810670355579 69429283
1655686810893983576 18251652
1655686811271136032 97578454
1655686811574123164 101481272
1655686811876785268 101233695
1655686812177745065 99097403
1655686812479648858 98156105
1655686812773611162 91131608
1655686813080630103 103811328
1655686813375456352 91490745
1655686813672265303 95524288
1655686814081305311 200215575
1655686814378697460 97088049
1655686814675168990 95476359
1655686814976428505 100402827
1655686815277897198 100280235
1655686815570772702 92562778
1655686815869350023 93680291
1655686816098390261 20746282
1655686816415125932 44367157
1655686816690263286 74825572
1655686816980853686 13160222
1655686817270223324 88608579
1655686817577482779 101784541
1655686817875836993 96435533
1655686818173034569 95799236
1655686818468493879 93685924
1655686818704454141 32917461
1655686818995730688 13306405
1655686819291341916 15943966
1655686819684057958 101869191
1655686819988416706 101155275
1655686820274362771 85444612
1655686820570587423 92335274
1655686820794462048 15243418
1655686821095170896 100227417
1655686821392856901 18925914
1655686821695471880 20542623
1655686821996118092 15419661
1655686822288899341 13827882
1655686822583524564 11578184
1655686822874066986 89392304
1655686823272705289 103395144
1655686823507186677 24977346
1655686823781267244 11331487
1655686823996394458 13761812
1655686824289464116 16082228
1655686824669285168 179493179
1655686824971775614 101005297
1655686825270577177 96837415
1655686825484058815 12836958
1655686825791639730 107277760
1655686826170569485 98403755
1655686826472192910 97694965
1655686826700268247 25243483
1655686827069580620 95914624
1655686827288257877 17165517
1655686827573311181 83817906
1655686827869422326 94643615
1655686828090422719 19436934
1655686828384090929 12058961
1655686828672104134 87107243
1655686828970022569 95235303
1655686829191412419 17597606
1655686829484243126 16554627
1655686829768502019 83221055
1655686829985346946 14837252
1655686830276176265 90397246
1655686830571553775 94404318
1655686830870052709 96066582
1655686831096123159 20560119
1655686831383996450 14653280
1655686831675982614 91670734
1655686831971009866 93580308
1655686832271804825 96436791
1655686832568532331 95719941
1655686832781506203 12571655
1655686833068627988 86697969
1655686833368520721 96115908
1655686833586438346 17481009
1655686833873672955 86806636
1655686834180162341 102593743
1655686834486983467 105220094
1655686834886652932 112629134
1655686835174656646 87695812
1655686835486334823 105406626
1655686835868649793 85697269
1655686836170091436 93138293
1655686836387462211 14615741
1655686836775030330 104274408
1655686837272117537 291447375
1655686837586911333 106055694
1655686837891728101 17460280
1655686838185447971 93235529
1655686838488234808 102306855
1655686838775398066 85063870
1655686838999092879 20642404
1655686839293700824 17405740
1655686839597542129 26075540
1655686839892406247 94463398
1655686840188662544 13917035
1655686840475908382 86481491
1655686840776586334 96517251
1655686841072489984 94028328
1655686841368139456 90167926
1655686841587885880 14939873
1655686841885673878 17987433
1655686842174330877 88147093
1655686842477987208 98006908
1655686842771611911 90793663
1655686843087496157 113256934
1655686843301062356 11735754
1655686843672195600 99264315
1655686843977739420 100834191
1655686844277178551 98151815
1655686844590240820 108709165
1655686844975962616 101795322
1655686845276497848 99584529
1655686845575111757 95184524
1655686845874124581 93394217
1655686846172923975 96006900
1655686846470717970 95802562
1655686846770777777 93870719
1655686847080266375 102921128
1655686847368614482 85763967