1654660569868813720 6474264
1654660573398605834 3009713
1654660573914997671 2201007
1654660577593367202 2006194
1654660580598412102 2033045
1654660581193268894 2813705
1654660585393309491 4981183
1654660588410980325 4043681
1654660588799383972 1062973
1654660591393277055 2909284
1654660593493549074 3005798
1654660593997310911 1847550
1654660596593234394 3842884
1654660599393343786 4919190
1654660599898389530 1991261
1654660600693291488 3900700
1654660601798497183 8058479
1654660602713756603 4210516
1654660606214667424 5184902
1654660606813873717 2155754
1654660609893134418 3850783
1654660610414574953 3113238
1654660613402153157 5024553
1654660617414181684 8213472
1654660619194260420 1790330
1654660620010501924 4122420
1654660620519138941 2264084
1654660621405822230 6024836
1654660623695260183 3770523
1654660627598528473 2972023
1654660631017149647 3224548
1654660634593279534 2851634
1654660635319447901 5150657
1654660636393233824 3005860
1654660638906785869 5134707
1654660640298321958 1000459
1654660642612865681 2201974
1654660645408280911 5988629
1654660647213012920 4061017
1654660648303686273 6056032
1654660650114571740 2123946
1654660650808570822 3000570
1654660653793258221 8997412
1654660654993293621 2902931
1654660655801526765 3956271
1654660656818160735 7191816
1654660659190516022 1721287
